aaa
aad
aaf
aat
aaB
aaK
aaU
aa+
abX
abZ
ab.
ab^
acL
acY
ac!
ac&
adg
adJ
ad9
ad[
aeI
aeQ
afk
afC
afD
afI
af#
af+
af\
agK
agN
ag/
ag?
ah,
ah/
ail
aiO
aiR
ai1
ai.
ai@
ajy
ajG
aj|
ak.
ak<
ak>
alT
al$
ama
am2
am!
am{
anO
aoc
aoN
ap^
aqs
aq$
aq^
ara
arc
ar^
asM
asR
atn
atz
atB
at&
at^
aub
auq
auT
au8
awI
axq
axE
axF
ax[
ay7
ay!
azH
azR
az&
az>
az]
aAC
aAH
aAJ
aB&
aCn
aCx
aDK
aDT
aDV
aD5
aD'
aEz
aE>
aFf
aGs
aGJ
aG8
aIN
aI3
aI>
aJJ
aJZ
aJ6
aJ<
aKu
aKv
aKx
aK.
aK`
aLd
aLv
aL0
aL2
aL(
aMd
aMu
aM#
aNP
aN0
aN|
aOe
aOf
aOs
aOu
aOL
aO"
aO%
aPf
aRx
aR3
aR[
aTM
aUx
aVF
aVG
aVM
aVX
aWg
aXd
aXy
aXV
aX(
aYy
aYR
aZP
a0j
a0l
a0:
a1C
a1V
a1+
a2o
a2r
a3W
a4w
a5w
a5z
a6v
a6K
a6}
a7t
a7A
a8b
a8h
a8x
a8$
a9f
a9k
a9D
a90
a9<
a!P
a!#
a"f
a":
a#F
a#V
a#1
a#3
a#,
a$k
a$S
a$&
a%I
a%'
a%(
a%.
a&e
a&*
a(v
a(|
a*h
a*r
a*8
a*/
a+m
a+V
a+1
a,D
a,X
a-H
a-P
a.P
a.`
a/G
a/H
a:e
a:G
a:I
a:P
a:W
a:8
a:&
a<d
a<8
a<>
a=k
a=H
a=9
a>m
a>[
a@u
a[e
a[,
a\L
a\)
a]L
a]N
a]U
a]Z
a][
a^v
a_`
a`m
a`C
a`S
a`V
a`!
a`'
a{x
a{y
a{X
a{Y
a{8
a{$
a|p
a|w
a|Q
a|Y
a}t
a~B
a~C
a~K
a~+
bad
baI
ba5
ba%
ba&
ba)
bb3
bc(
bds
bdQ
bd\
beN
bfF
bf.
bf[
bg%
bg'
bg/
bhW
bh=
bi%
bju
bjF
bj-
bkj
bk9
bk!
blj
bl*
bl@
bl_
bmj
bmP
bm5
bm_
bnd
bne
bnH
bn?
bn@
bo(
bo.
bpS
bp7
bp-
bqS
bq9
bq%
bq*
brL
br9
bsb
bs9
bs^
bts
btN
buj
buo
bvc
bvV
bv`
bv}
bwa
bwM
bw2
bw6
bw<
bxB
bx#
bx/
byq
byT
by8
by#
by,
by^
bz?
bz^
bAC
bA9
bA&
bA_
bA`
bBn
bBu
bBC
bBP
bCi
bC9
bC$
bC\
bDZ
bD,
bD\
bD}
bEL
bEW
bE.
bE_
bFA
bFI
bF'
bGv
bGG
bG_
bG~
bHh
bHF
bHI
bH6
bH!
bH(
bIt
bJ%
bKH
bKR
bK^
bLs
bLY
bL7
bM}
bNM
bN%
bO]
bPU
bPX
bQI
bQ8
bRd
bRi
bRn
bRt
bRS
bRZ
bSw
bSS
bTc
bTl
bTn
bTB
bUm
bUt
bUH
bUI
bU[
bVG
bVN
bWY
bW%
bXc
bXv
bX?
bYe
bZ^
b0A
b1F
b2"
b3o
b3C
b3K
b38
b3+
b4V
b5e
b5o
b5s
b7f
b7t
b7T
b75
b7#
b7?
b8H
b8#
b9)
b9{
b!A
b!Z
b!^
b"u
b"A
b"P
b"7
b"!
b"%
b#e
b#L
b#W
b#/
b$P
b$\
b%I
b%W
b%Z
b%#
b%^
b&m
b&t
b&A
b&F
b&R
b&9
b&$
b&+
b'M
b(]
b)~
b*a
b*M
b*T
b*{
b+U
b+"
b+/
b,z
b,$
b-f
b-j
b-L
b.r
b.W
b/j
b/3
b/6
b//
b/<
b:E
b:_
b<]
b=b
b?k
b?D
b?\
b@h
b@l
b@1
b[i
b[v
b[E
b[K
b[&
b]d
b]l
b]E
b]~
b^y
b^9
b^%
b^/
b_K
b_!
b_|
b`J
b`R
b{a
b{h
b{j
b{A
b{L
b{2
b{"
b{[
b|w
b|R
b|&
b|@
b}g
b}+
b}^
b}_
b~5
b~&
caW
cbz
ccv
ccD
ccZ
cc5
cdd
cdD
cd(
ceS
ce=
cfh
cfl
cfo
cfr
cfz
cfW
cf\
cgh
cg9
cg*
cg/
chh
chy
chJ
chW
ciD
ciO
ci7
ci}
cjq
cju
cj8
cj!
cj\
ckO
ckQ
ckZ
ck)
ck<
cl|
cm5
cm<
cnn
cnT
cn+
coO
co2
co7
cp1
cq}
crn
cr.
ctn
ctZ
cun
cu6
cu@
cvi
cvo
cv~
cwF
cw@
cxu
cxF
cxG
cxR
cyh
cyt
cyv
cyw
cyC
cyO
cy/
czt
czK
czP
cAc
cAd
cAf
cAB
cAK
cA+
cBE
cBO
cB3
cB6
cCn
cCS
cC+
cDd
cDN
cD&
cEe
cEp
cE!
cE$
cE@
cFy
cGR
cHu
cH4
cIa
cIv
cID
cIR
cI_
cKm
cKy
cKL
cKS
cK~
cLg
cLy
cLV
cL\
cMq
cMY
cNz
cNB
cNK
cN#
cO$
cO}
cPi
cPl
cPE
cPG
cPM
cP@
cQV
cQ1
cRA
cRM
cSI
cS^
cT7
cT(
cVq
cVU
cW0
cW[
cXu
cXz
cX7
cX"
cX+
cYt
cY5
cY*
cZh
cZ~
c1c
c1h
c1O
c2U
c21
c2^
c3o
c4w
c4&
c4*
c5r
c5J
c50
c5&
c5*
c5<
c6s
c6D
c6+
c7f
c7n
c73
c8o
c8%
c9a
c9F
c9W
c9/
c!r
c"x
c"y
c"I
c">
c#J
c$j
c$q
c$M
c$T
c%I
c%P
c%Q
c%U
c&!
c'h
c'O
c'"
c("
c(/
c)A
c)W
c)#
c*!
c*"
c*}
c+n
c+s
c+(
c,M
c-p
c-"
c.Y
c/j
c/x
c/H
c/1
c/|
c/}
c:y
c:I
c:0
c:"
c:<
c=i
c=r
c=x
c=W
c>r
c>G
c>R
c>X
c>$
c>|
c?)
c?}
c@k
c@*
c[c
c[e
c[u
c[L
c[P
c[2
c[(
c[=
c\r
c\-
c\_
c]X
c^n
c_s
c`k
c`)
c{H
c|7
c}p
c}Q
c~e
c~P
c~0
c~2
c~'
daC
daH
daI
da#
dbh
dbt
dbx
dbC
db1
db/
dcn
dcX
dc9
dc+
dc.
ddo
ddH
dd)
deY
de{
df2
dgg
dgS
dh1
dh'
dib
diu
diw
djn
dkc
dkC
dk9
dk#
dlk
dlq
dlN
dl!
dm6
dm$
dns
dnK
dnN
dnV
dn8
do-
dpp
dpt
dpx
dp/
dp?
drB
dsv
ds7
ds8
dta
dtg
dtB
dt3
dt8
duI
du.
dvD
dwK
dw=
dxZ
dyd
dyg
dyT
dy3
dzI
dz`
dAh
dAj
dAr
dAy
dAL
dAO
dA*
dA`
dCb
dCJ
dCT
dDj
dDt
dDz
dD1
dD7
dD9
dD#
dEO
dFb
dFD
dGi
dGW
dGX
dG9
dH(
dH/
dH@
dIg
dIW
dI7
dI=
dJr
dJZ
dJ'
dJ.
dJ?
dKE
dKL
dK=
dK]
dLp
dLt
dLD
dL6
dMa
dMj
dMx
dME
dM?
dNg
dNL
dN#
dN~
dOb
dOi
dO)
dPB
dP+
dRC
dRS
dR"
dSh
dSM
dSX
dS9
dS>
dTc
dTn
dTr
dT2
dT.
dT}
dUD
dU(
dVh
dVL
dV:
dW_
dXv
dZh
dZk
dZl
dZm
dZ=
dZ@
d02
d04
d1d
d1G
d1%
d2O
d3g
d3i
d3j
d3&
d4e
d4P
d4S
d4'
d4}
d5i
d5m
d5P
d5}
d6*
d6:
d7c
d7#
d7:
d7`
d8r
d8A
d8G
d8?
d9}
d!#
d"\
d#w
d#M
d#N
d#]
d$/
d$:
d%"
d&m
d&w
d'>
d']
d(+
d)l
d)K
d)!
d*g
d+H
d+V
d+`
d,c
d,r
d,=
d-I
d-U
d-3
d.q
d.P
d.V
d.#
d.]
d/A
d/+
d/@
d/|
d/}
d:)
d<A
d<H
d<S
d<3
d=o
d=N
d=Q
d=V
d=@
d?s
d?R
d@a
d@M
d@V
d@W
d@:
d[K
d['
d[)
d\D
d\+
d]b
d]d
d]h
d]i
d]B
d]P
d]S
d^2
d^>
d^@
d_s
d_K
d_M
d_X
d__
d`g
d`%
d`&
d|u
d|1
d}j
d}B
d}7
d}+
d}`
d~J
d~"
d~/
eam
eaK
ea1
ea~
ebL
eb3
eb9
ecX
ecZ
ec2
ec7
ec!
ec#
ec=
ec[
edk
edq
edw
eeq
ef8
egi
egs
egD
eg2
eg6
eg!
eg(
ehp
ehS
eik
eiu
eiz
eiM
ei0
ei[
ejd
ej0
ej1
ekf
ekg
eku
ekZ
ek&
ek@
ek`
ele
elu
elC
elO
emg
emo
en/
eoi
eov
eo:
eo^
epO
ep3
ep{
ep|
ep~
eqx
eqF
eqV
eq&
erk
er_
er}
esw
esQ
etk
etx
et<
et?
euy
euS
euW
eu<
evn
evI
ev)
ewh
ewM
ewT
ex}
eyh
eyw
ey\
ezI
ezQ
ez8
ez%
eBY
eB'
eCl
eCx
eC}
eD6
eE0
eFp
eF9
eGg
eGi
eG1
eG$
eG&
eG`
eHo
eHW
eIK
eI>
eJ1
eKd
eK1
eK"
eK{
eLl
eL"
eL+
eL]
eMq
eMN
eM"
eNy
eNA
eN=
eN{
eOe
eOw
eO^
ePf
eP4
eP\
eQY
eQ"
eQ.
eRP
eRQ
eRT
eR$
eSy
eSO
eS2
eS"
eTQ
eUa
eUt
eUv
eUX
eU{
eVO
eV7
eV<
eW8
eW(
eX0
eX(
eX/
eZe
eZq
e0v
e0Y
e0\
e0]
e1e
e2a
e2D
e2Y
e2\
e3b
e3<
e3>
e4B
e4-
e5m
e5`
e6a
e6d
e6u
e6D
e7l
e7V
e71
e9B
e9T
e9=
e!K
e!/
e"b
e"J
e#f
e#z
e#G
e#/
e#[
e$a
e$j
e$l
e$X
e$\
e$]
e$^
e%A
e%\
e&c
e&k
e&L
e&P
e&6
e&(
e&`
e(o
e)x
e))
e)*
e*i
e*s
e*,
e*?
e*}
e*~
e+i
e+l
e+p
e+)
e+.
e-i
e-n
e-D
e-E
e-!
e-%
e-@
e.M
e.X
e..
e.@
e/o
e//
e/\
e:p
e<t
e=V
e>r
e>T
e>2
e?b
e?k
e?A
e?I
e@m
e@u
e[s
e[P
e[1
e[8
e[_
e[|
e\j
e\y
e\3
e\7
e\{
e]v
e]/
e^l
e^O
e^+
e^_
e^}
e_p
e_\
e_{
e_|
e`n
e{J
e|a
e|I
e|W
e|*
e}I
e}T
e}|
e~5
faI
fb'
fcg
fcE
fcJ
fc9
fdK
fd^
fer
feH
fe5
ffe
fff
ffj
ffZ
ff1
ff6
fgC
fg&
fg?
fhh
fhZ
fh$
fh.
fi0
fi[
fi}
fjn
fjD
fjG
fj0
fj~
fkf
fkP
fk3
flt
flV
fl4
fn$
fn_
fol
foR
fo1
fo_
fpw
fpB
fpR
fp>
fqh
fq?
frv
frM
fso
fsX
fs2
fs_
fty
ftz
fvH
fv7
fwb
fw7
fw%
fw<
fxA
fxQ
fx>
fyH
fy&
fy|
fze
fzR
fz(
fz@
fAM
fA6
fDD
fD0
fD6
fD$
fD%
fEq
fEy
fE'
fE{
fE~
fFm
fFs
fFH
fFT
fF$
fF{
fGr
fGx
fG!
fG\
fHd
fHH
fHR
fHY
fH7
fIi
fIS
fIX
fI8
fI+
fJe
fJr
fJv
fJ~
fKb
fKS
fKZ
fLP
fLZ
fMg
fMn
fMT
fM-
fM:
fM`
fNr
fNw
fOs
fPo
fPp
fPx
fPy
fP-
fQQ
fQ6
fQ]
fRj
fRs
fRB
fR>
fSs
fS4
fTn
fTR
fTU
fT>
fUm
fUH
fVh
fVz
fVY
fV!
fV#
fWd
fWf
fWI
fW0
fW%
fW.
fXI
fX0
fYe
fYj
fZ<
fZ{
f0B
f0F
f0N
f04
f0:
f0]
f0^
f1h
f1G
f1#
f30
f3|
f4i
f4X
f5i
f5I
f57
f5[
f5^
f6y
f69
f6^
f7t
f7U
f70
f7&
f8m
f8G
f8L
f8=
f9y
f9I
f9/
f!d
f!(
f!+
f"{
f#C
f#P
f%s
f%u
f%7
f%^
f%~
f&V
f'f
f'E
f(Y
f(Z
f)m
f)>
f*j
f*!
f*.
f+:
f,C
f,K
f,|
f-D
f-V
f.A
f.L
f.,
f/g
f/{
f:t
f:G
f:S
f:>
f<K
f<7
f<`
f=F
f=<
f>e
f>i
f?g
f?s
f?G
f?M
f?'
f?_
f@z
f@B
f@Q
f@X
f@^
f[g
f[q
f[t
f[/
f\`
f]b
f]&
f]?
f^f
f^z
f^M
f^~
f`w
f`D
f{l
f{G
f|X
f}c
f}u
f~+
f~_
gaL
gaX
gbg
gcr
gcB
gcP
gds
gdx
gd%
gd@
gd`
gex
geB
geL
ge.
gfo
gfC
ggP
gg.
ghn
ghH
gh&
gh?
gh~
gih
git
gi1
gi>
gjb
gjq
gkb
gke
gkm
gk]
gl9
gmt
gmT
gm5
gnk
gnM
gn5
gn>
gn^
go`
gpi
gpF
gpX
gp)
gre
gr<
gse
gsZ
gs8
gs~
gt{
gu1
gvy
gwN
gw<
gw`
gxx
gxJ
gxT
gx)
gy$
gy*
gzO
gAW
gAX
gBt
gBY
gB:
gCb
gCE
gCQ
gC2
gC6
gC*
gD7
gEi
gFu
gFF
gFR
gF4
gF(
gGx
gG=
gG{
gHc
gHg
gHh
gHC
gH.
gIz
gIK
gJb
gJS
gJV
gJ*
gKp
gKC
gK.
gLO
gL8
gMe
gMq
gM9
gM=
gN*
gOa
gOd
gOR
gO1
gO,
gO[
gPH
gP}
gQf
gQR
gQ4
gQ(
gQ)
gRa
gRU
gR2
gSv
gSP
gSZ
gS6
gS=
gTo
gTR
gUf
gUv
gUT
gU8
gU{
gVe
gVh
gVQ
gV~
gWb
gWS
gW)
gW,
gW.
gW~
gYy
gYJ
gY(
gY-
gY@
gZ/
g0*
g1K
g1M
g1U
g19
g2B
g2H
g2_
g2}
g3N
g3Y
g33
g5G
g5'
g6k
g6O
g6X
g64
g6:
g6@
g7s
g7R
g8s
g89
g9"
g9:
g!e
g!k
g!r
g!E
g!{
g"%
g#A
g#C
g#)
g#<
g$E
g$Q
g$7
g$'
g$?
g&x
g&X
g'a
g'1
g'7
g(7
g)&
g*1
g*=
g+y
g,n
g,I
g,<
g-t
g-U
g-_
g.n
g.=
g/3
g/!
g/-
g/\
g:v
g:w
g:x
g:y
g:0
g:2
g:,
g<4
g=r
g=-
g=:
g=[
g>e
g>D
g>G
g>O
g>S
g?$
g?+
g@E
g@F
g@H
g@9
g[o
g[8
g[>
g\B
g\N
g]9
g]'
g]=
g^r
g^Z
g{R
g{3
g|o
g~d
g~R
g~,
ha`
hbP
hbS
hbY
hb,
hcu
hc.
hc=
hd\
hd_
hef
heR
heX
he1
he>
he[
hfo
hfI
hf#
hf$
hf?
hgP
hg#
hg@
hhU
hh[
hib
hiz
hi-
hjm
hjC
hkE
hkI
hk!
hk.
hk~
hlm
hlQ
hl>
hmY
hm3
hnp
hot
hoS
ho=
hpk
hpW
hp@
hp|
hqq
hqL
hre
hrx
htu
hty
htB
hud
hv"
hv<
hwc
hw'
hxS
hye
hyK
hy:
hzC
hzR
hz6
hz~
hAe
hBd
hBv
hBC
hB:
hCe
hCh
hC]
hD(
hEp
hET
hFg
hGk
hG1
hI#
hJc
hJ,
hK.
hLn
hLS
hL8
hL"
hL'
hM-
hM@
hNf
hNm
hN>
hOv
hP9
hP_
hP}
hSA
hSM
hS(
hTn
hTC
hTD
hTT
hUw
hUK
hUU
hU(
hVt
hV|
hWJ
hXA
hXG
hXI
hYb
hYP
h0b
h0d
h0A
h0C
h01
h0<
h0`
h1o
h1Y
h19
h1[
h1~
h2v
h2F
h2Z
h2!
h3l
h3P
h3X
h3^
h4I
h4[
h5i
h5X
h6n
h6w
h7l
h7p
h7:
h8a
h8M
h8&
h8-
h8/
h9K
h9L
h9P
h9S
h95
h98
h!&
h"b
h#u
h$h
h$@
h%i
h%%
h&j
h'c
h',
h(g
h(k
h(!
h)g
h)D
h)E
h*F
h*O
h*Q
h*`
h+k
h+u
h,r
h,B
h,J
h,#
h,)
h,,
h,/
h,<
h-b
h-e
h-"
h-~
h.a
h.h
h.n
h.,
h/F
h/O
h/W
h/Y
h:r
h:?
h<o
h=1
h=)
h=^
h>t
h>*
h><
h?e
h?M
h?P
h@K
h@&
h@?
h@]
h@{
h@}
h[&
h\2
h]k
h]B
h]T
h](
h]]
h^G
h^,
h_x
h_I
h_3
h_+
h_[
h`!
h`@
h{s
h{H
h{"
h{:
h|l
h|$
h|?
h|_
h}Q
h}Z
h}(
h~g
h~s
h~I
h~L
h~6
h~}
iaC
ia4
ia8
ib&
ib<
icY
ic"
idU
id8
id,
id]
iel
ieJ
ie#
ifE
ifK
if8
if&
igr
igU
ig_
ihq
ihE
ihU
iib
iid
ii'
ii=
ij(
ikr
ikN
ik,
ik.
ilM
il%
imr
imu
imF
im4
inG
in1
in-
in=
ios
ioE
ioL
io[
ipc
ipL
iqm
ir9
ir&
ir(
ir@
isB
is9
is!
is%
is\
itm
ius
iuD
iu2
iu#
iu)
ivd
iv!
iv:
iv|
iw+
iw|
ixt
iyh
iyl
izn
izG
iz1
iAA
iAI
iA.
iA:
iA\
iBu
iBL
iC{
iDE
iDN
iFC
iFR
iF#
iF)
iIN
iIZ
iI"
iJj
iJl
iJ$
iJ+
iKq
iK@
iLc
iLf
iLq
iLR
iMs
iM5
iM_
iNb
iN)
iOr
iO~
iPe
iP!
iP#
iQP
iQ2
iQ)
iRg
iRQ
iT+
iUk
iUp
iUG
iUM
iVG
iV\
iV^
iW\
iXl
iXr
iYm
iYt
iY5
iY*
iZi
iZv
i0+
i1W
i2D
i2(
i3A
i3<
i4|
i5)
i6#
i6)
i6?
i6@
i7A
i7*
i8?
i9l
i98
i9*
i!0
i!)
i!?
i"q
i"F
i"H
i"R
i#a
i#l
i#I
i#J
i#K
i#P
i#U
i#.
i$y
i$&
i$_
i%_
i%}
i&s
i&P
i&!
i&,
i'l
i'T
i'X
i'0
i'2
i'-
i)T
i)%
i)`
i*T
i*4
i*#
i+f
i+$
i+,
i-c
i-}
i.a
i.i
i.w
i/d
i/l
i/R
i/9
i/<
i/@
i/}
i:t
i:u
i:{
i<A
i<B
i<W
i<7
i=b
i=Y
i="
i>c
i>M
i>*
i?+
i@b
i@c
i[u
i[B
i[Y
i[]
i\y
i\Y
i\0
i](
i^v
i_J
i_9
i_>
i`o
i`q
i`5
i`]
i`^
i{i
i|b
i}j
i}T
i}X
i},
i}@
i}}
jah
jaK
ja3
ja7
jb$
jb(
jdn
jdG
jd@
jeM
je=
je?
jf3
jf*
jf=
jf^
jhF
jh1
jh*
jia
jil
jiA
jjo
jjG
jjY
jj=
jj~
jkk
jkX
jk9
jls
jlP
jme
jm0
jm6
jnL
jnY
jon
joS
jp:
jp_
jp{
jqD
jqI
jr\
jsN
js!
js%
js.
jt9
juB
ju.
ju~
jvz
jvJ
jvV
jv0
jv}
jwT
jyc
jyK
jyM
jyO
jyY
jy&
jy~
jAc
jAf
jAT
jA.
jBq
jBM
jCz
jCK
jCY
jC#
jDe
jDr
jD{
jEO
jE4
jE:
jE[
jFU
jGU
jG?
jG_
jHy
jH9
jIo
jI,
jI-
jI@
jI[
jKh
jK1
jK/
jK]
jLl
jLm
jLC
jL4
jL*
jL>
jMi
jNo
jNw
jND
jNY
jN&
jN<
jOQ
jO]
jPc
jPe
jPS
jQl
jQm
jRA
jRT
jR?
jSv
jSB
jSV
jS,
jS>
jU1
jVj
jVn
jVG
jV(
jV=
jWu
jX"
jX@
jX{
jYM
jY!
jY[
jZ8
j1h
j1B
j1D
j1~
j27
j2<
j3l
j3q
j3w
j4j
j4R
j5K
j5N
j5)
j6!
j6-
j7I
j7U
j78
j8g
j8!
j9I
j!a
j!Y
j!6
j!&
j"y
j"Q
j")
j"/
j#a
j#r
j#M
j#O
j#-
j#~
j$r
j$K
j$'
j$)
j%K
j%1
j%/
j&N
j&8
j&:
j&]
j&~
j'J
j'Z
j(F
j(`
j)Z
j)-
j)|
j*j
j*E
j*%
j+U
j+Z
j+7
j,y
j,)
j-M
j.o
j.E
j.U
j.V
j.'
j.{
j/.
j:$
j:.
j:?
j:[
j<n
j<3
j<#
j<_
j=g
j=U
j=`
j>,
j?#
j?:
j@Q
j@\
j[7
j[8
j[<
j]s
j]z
j^x
j^0
j_w
j_-
j`o
j`t
j`4
j`{
j{h
j{r
j{w
j{z
j{H
j{6
j{9
j|h
j|l
j|w
j|C
j|<
j||
j}t
j}A
j}_
j~d
j~%
j~]
kbX
kb"
kcB
kcG
kc'
kdy
kdY
kd>
ket
kfN
kf*
kge
kh,
kh>
kid
ki#
ki]
kjo
kjq
kjr
kj8
kj9
kj^
kkt
klu
kly
kl9
kmX
km5
kn,
kob
koG
ko?
ko\
kpi
kpo
kpE
kpY
kp4
kp'
kp)
kqB
kq5
kq\
krB
kr|
kta
kup
kuN
ku6
ku=
kvd
kvk
kvz
kvK
kv7
kwa
kwH
kwQ
kxd
kxk
kxJ
kxL
kxZ
kx|
kyC
kyU
ky`
ky{
kzd
kze
kzi
kz2
kA7
kA]
kB.
kCh
kCx
kCT
kC8
kC"
kC#
kC(
kDA
kDE
kDZ
kD5
kET
kE'
kE`
kFM
kF9
kF[
kGh
kGw
kGC
kGP
kHu
kHH
kI#
kI%
kJu
kJy
kJJ
kJ5
kJ!
kJ:
kKC
kKM
kK4
kLk
kL!
kL}
kMV
kM1
kM)
kM]
kN&
kN<
kO6
kPi
kPx
kP7
kP!
kRo
kRy
kRE
kRL
kRT
kR4
kSl
kSR
kT.
kUc
kUK
kUY
kU9
kVJ
kV-
kV=
kXE
kYk
kYS
kZm
kZ'
k0M
k0P
k3b
k3k
k3r
k3B
k3L
k3>
k4w
k46
k4}
k5z
k5I
k5L
k66
k6|
k6}
k8h
k8s
k8y
k8U
k9g
k9_
k!y
k!:
k#&
k#(
k$m
k$9
k$#
k$\
k%j
k%(
k&"
k&[
k'K
k'3
k'5
k'?
k(I
k(!
k)d
k)L
k*r
k*x
k*2
k*_
k+W
k+.
k+^
k,"
k,\
k-P
k-"
k.9
k/e
k/J
k/#
k:b
k:h
k:x
k:6
k<R
k<T
k=V
k=!
k><
k?M
k@L
k@V
k@&
k@(
k@=
k@]
k[b
k[p
k[G
k[6
k\g
k\3
k]s
k]0
k](
k],
k]?
k]{
k^3
k_1
k_?
k_\
k`s
k{o
k{B
k{9
k{#
k|b
k|p
k|C
k|K
k|6
k}0
k~L
k~P
k~V
k~W
laW
la4
la8
lbK
lc&
lc+
lc.
lc=
ld$
ld}
lec
leE
leQ
lg.
liy
li4
li.
ljh
ljU
lj:
lkr
lkH
lkI
lk&
lk)
llI
ll*
lms
lm4
lm!
lm{
lnE
ln7
ln*
loE
lpb
lpj
lp6
lqd
lqq
lq6
lrt
lr8
lr#
lsT
ltK
lt(
lui
lu<
lu}
lv2
lv3
lwD
lwO
lw[
lw`
lxy
lyj
lyL
lyW
ly&
ly(
ly,
ly<
lz[
lAK
lB9
lB!
lCT
lC>
lDc
lD$
lD:
lEU
lF0
lF5
lF!
lGf
lGJ
lG$
lG^
lG`
lHj
lIz
lIC
lIE
lIF
lIR
lI8
lI|
lJS
lJZ
lJ<
lJ?
lKd
lK6
lK[
lL0
lL8
lN9
lN&
lN?
lOv
lPh
lPp
lPG
lQA
lQ[
lR,
lR~
lSC
lSJ
lS&
lTK
lUk
lUI
lVq
lVw
lVW
lWm
lWz
lWL
lWV
lW_
lXi
lXZ
lX7
lYL
lY1
lY>
lZh
lZr
lZJ
lZU
l02
l1E
l1F
l1U
l23
l3F
l3#
l3*
l3`
l3{
l4F
l4P
l5d
l5M
l5(
l6u
l8t
l8x
l8M
l8Q
l8$
l9e
l9S
l9Z
l90
l!k
l!Q
l!/
l!>
l"A
l"S
l"V
l"-
l#K
l#5
l#^
l#|
l$d
l$x
l$I
l$5
l%T
l%'
l%@
l%]
l&p
l&u
l&$
l'Y
l(V
l(8
l(#
l(]
l)O
l*h
l*X
l*|
l+P
l+3
l+$
l,C
l.+
l.^
l/R
l:d
l:*
l<u
l<J
l<`
l=i
l=J
l=M
l=P
l=Q
l=#
l=`
l>r
l?V
l??
l@r
l\z
l\'
l]b
l]c
l]t
l^A
l^D
l^}
l_V
l_Y
l_0
l_4
l`p
l`B
l`R
l`+
l{r
l{v
l{B
l{'
l|e
l|M
l|6
l|=
l}x
l}Q
l}S
l}$
l~D
l~#
l~*
l~_
man
maF
maX
mbs
mbV
mcZ
mdj
mdr
me%
mgv
mgx
mgL
mh0
mh~
mih
miq
miM
mi&
mja
mjS
mlu
mlB
ml/
ml:
mmi
mmx
mm+
mm<
mnb
moH
moV
mpW
mp6
mqu
mqD
mrL
mr-
msh
msl
msz
mt+
mt@
mt|
mvj
mvL
mvV
mv<
mw#
mw$
mxb
mxN
mx7
mx.
mx:
myj
myp
myz
myI
myP
my5
my[
my\
mz6
mz`
mAK
mAR
mA&
mBJ
mCn
mCW
mC.
mD_
mEv
mEH
mG_
mHL
mH/
mIb
mJu
mJ#
mJ_
mLa
mMn
mM%
mM/
mOp
mO~
mPo
mP\
mP|
mQM
mQ2
mQ$
mQ[
mRd
mRD
mR^
mSc
mSO
mSV
mTx
mTN
mT8
mT\
mUo
mUL
mU"
mU,
mVl
mVv
mV4
mV%
mV&
mV/
mV^
mWI
mWS
mW~
mYY
mY0
mZo
mZs
mZZ
mZ9
mZ'
m0{
m1t
m2>
m3B
m3%
m3`
m4v
m4:
m5e
m60
m68
m74
m7(
m7{
m8i
m8s
m8-
m9B
m9K
m9S
m!a
m!f
m!F
m!@
m!_
m"S
m"9
m$e
m$s
m$C
m$V
m$Y
m$&
m%h
m%q
m%*
m&L
m'w
m'S
m'9
m'~
m(a
m(>
m)"
m)[
m*k
m*)
m+6
m+#
m+`
m,Y
m,6
m-y
m-Y
m.W
m.'
m.[
m.]
m/B
m/1
m/4
m:L
m:"
m<n
m<x
m<B
m<5
m<,
m=1
m=%
m>G
m>*
m>^
m?R
m?W
m?.
m?>
m@r
m@K
m@0
m@-
m[1
m[7
m\p
m\q
m\E
m]S
m^F
m^`
m_u
m_9
m_<
m_\
m`y
m{H
m|4
m}L
m}[
nag
nai
naY
nbN
nb%
ncm
ncG
ncY
nc8
ndJ
ndZ
neV
ngz
ngG
ngR
nhS
nhY
nh)
nh~
ni0
njs
njU
nj.
nj/
nkh
nk%
nl1
nml
nmv
nm5
nm8
nnl
nnO
noM
no3
no9
npA
npZ
np'
nq{
nrl
nrq
nrU
nrW
nr6
nr$
nr?
nsV
ns8
ns]
ntU
nt8
nt%
nt&
nt*
nuG
nuT
nu}
nvg
nvF
nwX
nw:
nw<
nxd
nxA
nxP
nxR
nxU
nx1
nx#
nx(
nyB
nyW
ny)
nz3
nz(
nAa
nAn
nAC
nBy
nBH
nBJ
