noisy_view
plain_conveniences
bumpy_resources
tame_ventilations
odd_packs
salty_day
isolated_line
outside_match
quick_arrays
old_fashioned_shore
helpful_jug
tired_tank
weak_oil
isolated_props
light_batch
harsh_projects
significant_boils
encouraging_sport
important_prisoners
existing_personnel
nervous_batch
limited_hints
bright_straps
victorious_army
round_protection
net_block
changing_amplifiers
israeli_transmissions
fair_nonavailabilities
turkish_subtasks
economic_sip
dear_sabotage
dirty_dive
applicable_years
early_deficiencies
lonely_fare
upset_servants
helpful_cleat
friendly_centerlines
formal_approaches
alive_aluminums
abstract_material
plain_staple
weekly_glasses
dry_stake
artificial_shafts
brave_midwatch
endless_lubricant
aesthetic_dye
moderate_abuses
balanced_dollars
plain_mustard
short_mule
handsome_injector
historic_firers
resonant_bread
encouraging_compass
innocent_carburetor
motionless_machine
late_possession
probable_claws
slippery_brakes
noble_alternates
living_springs
sensitive_meets
super_representative
intelligent_priority
thoughtless_tracks
accused_lubrication
crude_clerks
assistant_standardizations
olympic_troubleshooters
selfish_rescuers
fluttering_deputies
unusual_cruisers
passing_vehicles
curved_misfit
brief_bilge
popular_cockpits
significant_volt
gentle_chit
mean_opinions
monetary_dynamometers
brave_sort
cognitive_troubleshooter
rival_misses
plastic_careers
middle_class_legends
natural_wind
hot_market
depressed_stump
principal_hardware
hissing_screams
rainy_shapes
crooked_transformer
clinical_art
elegant_transmission
okay_troubleshooter
moderate_passes
spotless_antennas
quaint_outlets
dying_bonds
lively_rescuer
upset_armories
substantial_assembly
glad_refrigerators
envious_duplicates
frequent_flags
intermediate_giants
turkish_worm
canadian_bushings
long_abrasives
hungry_fight
rural_berries
tropical_round
marvellous_dividers
exceptional_courts
rough_clothing
short_specialists
apparent_panel
fond_bonds
empirical_tissues
private_oxygens
petite_dispatchers
late_shelter
quiet_originators
married_tapers
short_petroleum
encouraging_horizons
unacceptable_revisions
irrelevant_laughs
clever_flakes
reluctant_roof
central_knob
pink_sidewalks
soft_curls
permanent_tabs
sharp_knee
chinese_shelter
sole_arches
impressive_blindfolds
traditional_grove
well_known_fastener
handicapped_donor
cautious_bunch
hon_organ
clever_latch
tall_heat
gigantic_definition
explicit_debits
internal_bureau
absolute_rims
symbolic_scabs
fuzzy_system
spicy_bars
primary_damages
rubber_hair
independent_signalmen
magnetic_wound
slow_jack
rational_wreck
ugly_gloves
greek_drug
running_radars
unhappy_beam
fatal_butters
funny_hour
prime_bundle
blue_july
mighty_replenishments
soft_carriages
repulsive_execution
entire_lubricant
modern_grants
human_hoofs
reliable_heading
graceful_stomachs
tasteless_sequences
bad_folds
wide_compromise
internal_father
enchanting_protest
careful_shirts
tart_win
medieval_squeaks
rainy_rainbow
handsome_chairwoman
suitable_takeoff
competitive_suits
magnificent_buildings
handsome_outing
handicapped_district
hurt_fashion
young_shower
patient_crime
prominent_dollars
hilarious_steeple
blank_pencil
impressive_tackle
verbal_preference
eastern_fault
prior_bullets
scottish_envelope
green_pail
nosy_sectors
probable_machines
hollow_nods
wooden_truth
australian_stator
filthy_throats
thorough_hug
disabled_azimuths
homeless_splicers
wide_chairs
regulatory_education
powerful_magnets
double_metals
ill_tenth
hungry_interpreter
firm_recess
comparable_schoolhouses
hilarious_conductor
silent_openings
american_seal
blank_hub
fine_blades
splendid_percent
spectacular_humps
great_tap
adverse_route
organisational_station
sad_much
wide_eyed_minority
awful_parks
innovative_tactic
ugliest_approvals
relaxed_eliminator
labour_miles
interior_technician
many_payroll
voiceless_composites
excellent_byte
light_conference
extra_admiralty
dangerous_schoolhouses
comparative_pole
delightful_lever
driving_grease
helpful_dimensions
dreadful_lifts
anxious_workbooks
supporting_bar
damp_attachment
fast_cave
dreadful_limit
supporting_commander
comfortable_regulator
strange_quarterdeck
nutty_blast
academic_calories
living_molecule
architectural_shell
confused_drunks
metropolitan_glands
given_friction
depressed_misfit
glad_odds
intermediate_felt
hungry_aims
hilarious_techniques
scattered_removals
partial_overcurrent
numerous_marble
retired_ceramics
casual_carts
naked_kicks
sharp_propellers
systematic_pleads
electronic_slopes
specific_saps
religious_fashion
damp_link
boiling_shipping
troubled_rails
oral_mile
soft_daughters
brown_pilot
increased_apparatus
hollow_adjustments
regional_touch
lovely_apostrophes
forthcoming_longitude
safe_subtasks
ill_laces
deep_technology
monthly_groan
secure_intake
tense_inspections
quick_prices
motionless_poisons
unwilling_hug
chemical_definitions
managing_adhesive
contemporary_boosts
french_overcoat
pale_misfits
immediate_meet
valuable_laps
charming_means
obnoxious_chairpersons
dusty_contempt
defensive_struts
big_helmsman
immediate_rain
sporting_halts
nutty_floods
tender_semaphores
selective_conjunction
fat_knees
big_checkouts
homeless_swimmer
united_mitt
suitable_stretchers
good_dabs
sheer_continuity
roman_latitudes
ambitious_change
bitter_misconduct
immense_filter
small_brake
fuzzy_mouth
liberal_responsibilities
diverse_end
ridiculous_administrations
imperial_equation
skilled_serial
other_canisters
fucking_pencil
rolling_porter
diverse_problems
favourable_ribbons
mighty_bay
ltd_vectors
tall_folds
planned_wonder
visual_echoes
scared_transportation
fantastic_conflict
level_surveys
nuclear_wages
relative_fleets
european_gasoline
lengthy_boards
testy_attraction
likely_shift
global_swabs
ratty_form
odd_troubleshooter
chemical_pyramid
dry_saying
crooked_visibilities
inappropriate_destinations
artificial_plastics
careful_play
combative_fear
mushy_harm
dear_alkalinity
dangerous_west
elated_valve
identical_rumble
autonomous_spills
competitive_choke
present_withdrawal
territorial_privileges
key_weeds
bloody_cramps
limited_stump
appropriate_firearms
socialist_war
convinced_holds
civic_rejections
dirty_perforation
rubber_hub
influential_music
tricky_discrimination
bold_gleam
forward_jail
blank_character
primary_cosal
misty_specialties
muddy_shots
medieval_tin
substantial_applications
defensive_units
steep_boiler
dynamic_tricks
motionless_morning
robust_fence
christian_spools
uninterested_substance
mighty_gums
monetary_fantail
overwhelming_projectiles
violent_rays
neutral_pennant
joyous_evacuation
overseas_password
mysterious_store
great_message
old_fashioned_clips
embarrassed_bend
distinct_tensions
bizarre_dynamics
satisfactory_stoppering
solid_combatants
voiceless_nurses
assistant_smoke
underlying_weeks
accessible_seamen
hurt_adjectives
complex_attack
specified_processors
visual_compartments
tender_lender
embarrassed_currents
strong_limit
perfect_group
gigantic_nods
witty_show
old_desertion
mute_delight
surviving_object
doubtful_navy
welcome_interface
random_line
bored_comparisons
defensive_medium
elegant_duplicates
future_typist
successive_value
pleased_binder
polish_reservist
helpless_poison
gleaming_posts
wet_peacetime
specified_dependencies
soft_speakers
excess_citizen
deep_salvage
strange_warranties
remote_preliminaries
semantic_beliefs
toxic_rules
quaint_ores
senior_member
optimistic_tabulation
monetary_replenishments
jealous_apparatus
weak_boat
simple_helmets
angry_cases
convinced_stone
parallel_data
soft_ditches
flat_minuses
passive_entry
applicable_forces
rough_quart
still_shower
sound_offers
deaf_eighties
defeated_entries
medical_punch
boring_refrigerator
conservative_bulb
qualified_electrode
prospective_labors
tame_pistons
marine_latch
armed_winches
comfortable_references
toxic_plays
intimate_columns
amateur_thanks
alive_chases
catholic_bytes
fair_rails
guilty_attitude
huge_doubt
definite_ignition
light_discontinuation
involved_cut
tender_abusers
concrete_truths
motionless_hammer
agricultural_storage
bright_subtotal
victorian_pier
grateful_proof
superior_armies
distant_qualifications
ltd_nozzle
resonant_attempt
aggregate_accelerations
alive_delight
fun_illustrations
informal_prisms
allied_depth
vital_tilling
grateful_bushing
willing_boresights
practical_halls
socialist_recapitulations
theoretical_slate
neat_installation
fellow_crops
frail_classification
helpful_ear
judicial_highways
green_cuffs
interesting_guards
long_bullets
glorious_intervals
gorgeous_adaptions
eventual_memory
wonderful_plate
electoral_shapes
cooing_schedulers
southern_board
early_garages
different_irons
joyous_aim
japanese_mode
prominent_breeze
initial_positions
average_inferences
sensitive_human
uninterested_interests
detailed_babies
metropolitan_authorities
stormy_chases
funny_uniforms
clear_interchanges
round_poles
vulnerable_measure
ordinary_armories
lonely_meat
organic_coating
curious_schedules
managing_float
ancient_depositions
quaint_sprays
tight_bracing
prior_passes
delightful_self
vivid_lanes
tight_banks
stable_lapses
splendid_women
liquid_television
vast_bars
palestinian_sheds
distinct_firings
adverse_correlations
artistic_necks
continental_letters
traditional_photos
noisy_mechanisms
used_workman
testy_overalls
happy_levers
isolated_offering
swift_crown
desirable_recess
afraid_ton
distinctive_stuffing
japanese_store
mighty_customs
homeless_checkout
deafening_gyro
alright_pack
informal_searchlights
dirty_verification
awful_stages
geographical_canyon
excess_junctions
positive_writer
premier_workbook
dark_precedence
required_deployments
fierce_torque
slippery_lifeboats
surviving_completions
lazy_fours
running_fashions
equivalent_horn
mild_major
marginal_pints
incredible_poke
naval_equator
key_hitch
usual_tooth
conservative_junctions
weekly_chases
victorious_skins
complicated_projectiles
enthusiastic_dynamometer
established_wake
purring_beginners
blue_composition
fluffy_destination
spare_twin
fascinating_ordnance
smart_bar
faint_hitch
active_gaps
partial_permit
tall_techniques
worried_loudspeaker
extraordinary_afternoon
expensive_mounts
fat_saturdays
historical_liberties
male_stub
causal_indexes
fatal_board
beautiful_pipe
drab_instrumentation
wooden_riddle
atomic_body
pregnant_intensities
compulsory_pull
blonde_haul
exuberant_prefix
upset_firer
reduced_ounces
separate_watts
civic_ices
petite_fruits
husky_average
influential_stoppering
wet_guy
australian_flames
enthusiastic_summer
creative_ignition
efficient_abuse
curly_measurement
elderly_stair
different_factories
imperial_assistant
determined_parameters
great_kit
upset_dispatchers
private_equator
fancy_chattel
spare_qualifications
impossible_intercoms
beneficial_seats
colonial_misalinement
exclusive_blot
sensible_majority
ordinary_brothers
healthy_debts
selective_dose
muddy_integers
poised_spindle
legislative_pulls
coherent_originals
horrible_area
short_missions
accepted_buffer
charming_indexes
tough_additive
remote_restraints
victorian_tanks
damp_handle
isolated_labor
overwhelming_canyon
real_loan
intimate_leather
thirsty_payment
dull_deployment
precious_mentions
uptight_isolation
allied_disabilities
likely_calculators
steep_counselor
physical_ribbon
empty_stoppering
guilty_vision
tall_shipment
dusty_tailor
integrated_trials
characteristic_disk
official_listings
broad_binder
glorious_discrimination
consistent_courts
sad_dopes
compact_sides
wide_degree
innocent_leaks
damaged_assignment
permanent_traps
wet_byte
successive_focuses
wicked_representatives
tender_withdrawal
internal_marches
defensive_coil
yellow_volt
spotty_detail
many_walk
unaware_regret
wild_saddle
witty_scab
sheer_rugs
administrative_braces
stupid_handful
dry_overflow
magnificent_locomotives
outstanding_taxi
wicked_folder
ancient_shadows
evolutionary_pushdowns
retail_slates
thundering_greenwich
vital_shotlines
following_radio
good_teachings
ripe_sailors
clinical_honks
moaning_request
prickly_sewers
pretty_forces
cool_fire
wasteful_initials
long_unit
african_curve
dry_flames
scottish_descriptions
filthy_collars
bumpy_being
safe_property
constitutional_hooks
arrogant_services
awkward_cycles
odd_radiator
expensive_credit
glad_calorie
emotional_dash
immense_coupling
big_qualifications
violent_proposes
injured_reel
quiet_certificate
unusual_autos
vertical_mornings
marine_intensity
capable_door
special_sleep
musical_environment
required_duty
fun_escape
chemical_woman
constant_fruits
maximum_specialties
legislative_discrepancy
spotty_basics
labour_screws
innovative_settlement
outrageous_alert
dull_units
dual_representatives
thirsty_muscles
retail_senses
spotless_commissions
chief_outing
automatic_extent
proud_mints
vulnerable_expansion
deliberate_latches
famous_molecules
shared_post
dusty_ensigns
mutual_drum
crucial_checker
confidential_mothers
selected_cliff
bloody_washing
brilliant_employees
comparative_spots
thorough_expansion
adorable_degree
marvellous_cottons
nice_additives
disgusted_instance
empirical_cements
elderly_sewer
just_atmosphere
iraqi_control
democratic_trick
redundant_overcurrents
southern_wound
continuing_shocks
uneven_amperage
homely_number
shared_doorstep
respective_cockpit
brilliant_slap
deafening_canisters
tasty_threads
shiny_depletions
raw_ditch
established_needle
average_interface
thirsty_sites
crowded_levers
respectable_defeat
big_transmitters
intellectual_lamp
scrawny_drums
cultural_year
lively_blueprint
scrawny_tags
insufficient_jails
homeless_dare
puny_zeros
wonderful_hooks
excess_straps
biological_driver
rapid_expiration
swiss_moon
chinese_rushes
so_called_berry
quickest_adaptions
forward_works
atomic_theories
shallow_gallows
wide_evacuations
supposed_instance
capable_chock
bright_braid
sexual_bubbles
eerie_cleats
charming_giants
bold_reenlistments
short_seesaw
unlikely_tensions
hard_polish
principal_pool
secret_woods
religious_alphabet
holy_conductors
inquisitive_silence
dry_swab
innovative_messes
lazy_accordance
frequent_hall
full_time_bottle
blind_angle
upset_mule
historical_credit
broken_pail
critical_cosals
linear_tourniquet
awful_line
flat_members
sick_parcel
increased_picks
subtle_metals
emotional_argument
wicked_sonar
tired_binders
tired_discontinuance
agreeable_approval
ministerial_compression
excessive_shop
shiny_terminator
constant_sunrise
weak_barrel
british_forehead
ugly_ornaments
determined_posts
well_known_blocks
intelligent_signals
respectable_jail
silly_communication
weak_injectors
secondary_diameters
assistant_relations
private_siren
thoughtless_secret
tricky_finger
huge_farads
secondary_forehead
long_hooks
intact_motion
faithful_capacity
grieving_sack
lively_forecast
wrong_meter
plastic_worms
breakable_swabs
strong_lifts
fresh_kits
misty_alibi
ratty_price
many_yield
adverse_huts
aware_pupil
awful_missile
interim_seats
intellectual_present
upset_splice
inc_ease
sticky_swivel
plain_wash
lucky_amounts
jolly_massed
actual_saddles
friendly_buckets
innocent_cruise
damp_tracker
prior_interaction
smooth_strips
wet_disaster
anonymous_deposit
improved_efficiency
shy_curvature
fortunate_warranty
dangerous_curtains
rapid_seasoning
catholic_surface
experienced_electron
dry_july
faint_programmers
psychiatric_shears
graceful_splashes
chosen_propulsions
lengthy_hilltop
splendid_wounds
simple_diamonds
historical_pressure
socialist_rower
influential_comments
dry_neck
continuing_diameters
intense_insurance
homeless_alloys
mean_decimals
short_rings
practical_choke
palestinian_labels
polish_negligence
wonderful_alley
junior_site
ugliest_layer
tight_kinds
dying_meets
ashamed_form
sunny_fumes
super_limb
unfair_deviations
joyous_deployments
numerous_april
nuclear_music
controlled_dependence
mean_rotation
good_feathers
leading_matter
superb_claims
screeching_daughter
continuous_fireplugs
rotten_disadvantages
detailed_fellow
particular_diagnoses
conservative_hit
agricultural_collectors
conservative_possibility
worldwide_forts
musical_failures
native_scabs
asleep_additions
visible_tenth
glorious_searchlights
encouraging_couplings
wrong_lights
russian_analogs
exact_panels
scottish_bowls
chosen_proportion
royal_doorknobs
precious_properties
monthly_smokes
black_lee
quick_qualifiers
fluffy_acceptor
original_view
philosophical_equipment
frozen_arrivals
sensitive_restaurants
spectacular_sale
pure_religions
anxious_budgets
hurt_dials
many_rainbow
relaxed_honk
great_tie
dull_destruction
so_called_howl
awful_arrangements
involved_pay
southern_machines
molecular_shares
living_rule
premier_ordnance
determined_restrictions
protestant_jack
soft_reports
old_helmsmen
inland_alcoholic
green_interests
key_tool
white_segments
inland_lock
burning_facepieces
kind_trains
panicky_bridge
ashamed_candle
provincial_sidewalks
rare_reverse
shallow_uniform
supporting_inspections
strong_flashlight
mean_employees
comfortable_platter
ruling_milliliters
invisible_preliminaries
eldest_percents
protestant_home
common_practice
northern_saddles
integrated_bus
confused_humor
absolute_bearing
average_throats
disgusted_appellate
middle_class_parenthesis
thorough_wine
ambitious_discharges
worried_cabinets
wicked_soup
zealous_helicopters
accepted_echoes
full_time_friction
scottish_exhibits
famous_fireplugs
naughty_messenger
wise_interpreter
vocational_average
horrible_shots
fancy_nights
illegal_laboratories
frightened_rose
rolling_shoulder
nasty_concepts
binding_interior
faithful_gage
civic_atom
dying_doorknobs
intense_pitches
sticky_adherences
foreign_september
unwilling_pans
associated_departments
liberal_armaments
pregnant_possession
nice_efficiency
stable_cent
satisfied_warehouses
tough_warfare
rising_torpedo
loose_dams
late_sterilizers
exclusive_cries
shiny_plastic
lonely_statement
striped_magnesium
splendid_stairs
changing_boys
clean_missiles
liquid_surge
so_called_energy
gentle_guard
stiff_wardrooms
hot_copies
biological_burn
nervous_objective
musical_litres
motionless_basements
outdoor_whip
abstract_kits
liquid_lees
british_character
front_loaf
loose_ignitions
so_called_boresight
foolish_tastes
dangerous_breast
overall_democracies
nervous_images
disturbing_sevens
invisible_nerve
rare_lane
middle_seaman
straight_thousand
faint_kick
fast_compensations
central_difference
corporate_weeds
elegant_technology
formal_symptom
active_encounter
advanced_linkage
thick_augmentations
poor_marbles
long_printouts
superb_awards
rich_crack
probable_wish
innovative_inventions
eager_sticks
salty_bundle
unknown_biases
bright_rumble
defeated_props
precise_meaning
exceptional_usages
stingy_pilots
fit_trailers
muddy_endeavor
disappointed_axes
smiling_friction
glad_daughter
ugly_bins
conceptual_credits
foolish_cockpit
iraqi_characteristic
tall_oscillations
exclusive_protection
plain_positions
shivering_fittings
interim_days
puzzled_drag
tragic_inductance
well_known_mix
meaningful_manner
long_plead
fat_complexes
steady_fares
light_transfers
grotesque_illustrations
joint_fixture
unpleasant_sabotage
dull_appeals
cute_brooks
favourite_women
alert_ends
broken_comparison
real_demonstrations
political_amperage
nearby_segments
medical_cause
vital_january
anxious_days
main_technique
gross_affiants
isolated_agreements
helpless_delegate
scary_polisher
neat_silks
black_installations
obedient_technology
musical_principle
homeless_confessions
appropriate_airplane
impossible_region
bottom_airfields
little_tests
available_puddles
palestinian_problem
brave_rumbles
minimal_fakes
immediate_revision
desperate_launch
famous_categories
satisfied_legs
naughty_lakes
long_overlays
vocational_writers
selected_commas
human_option
special_hazards
partial_reservist
entire_eddy
rich_profit
soft_uniform
big_quartermasters
dying_bail
shocked_hooks
scary_hitch
casual_observations
similar_kills
wealthy_contrasts
outer_glove
rigid_clap
rare_keys
insufficient_september
likely_varieties
cooperative_hats
causal_respirations
marine_implantations
harsh_location
interested_distributions
red_acquittal
constant_aid
shivering_realignments
uncomfortable_surprises
quaint_being
average_majorities
evil_purge
sweet_commission
clean_mints
modest_jurisdictions
notable_burglaries
japanese_ramp
loose_curl
spatial_halyard
hidden_reserve
encouraging_conductors
occasional_rumble
minimal_rose
ideal_chaplains
junior_shipmates
witty_update
rich_stock
daily_pit
shallow_floors
mathematical_suspect
evident_engineering
outdoor_capabilities
post_war_water
male_manifest
federal_nonavailabilities
armed_messengers
encouraging_son
shrill_engineer
still_box
prior_lashes
french_peace
unfortunate_berries
experienced_bunches
excellent_enlistments
tame_towel
worrying_yells
wrong_deputies
meaningful_stages
sure_screen
profitable_cycles
comprehensive_introductions
drab_week
ridiculous_trial
presidential_notation
clear_fruits
opposite_head
nervous_delight
typical_heading
loud_diesels
direct_misses
blonde_supplies
swiss_sizes
numerous_copper
outstanding_heaters
big_sabotage
magnificent_attachments
okay_marbles
sweet_map
successful_comparison
swift_yards
chinese_thermometer
fast_flights
automatic_serials
weekly_season
oral_warships
visible_models
gigantic_variation
payable_hold
associated_updates
narrow_initiator
spiritual_discounts
okay_shoes
successful_ally
good_majors
definite_preservation
evil_bath
helpful_receptacle
visiting_twist
uninterested_possibility
new_reactions
cold_hose
polite_conjunction
considerable_returns
final_response
grieving_shoes
plastic_boat
clean_doorknob
young_freedom
urgent_crops
disastrous_energies
optimistic_signal
damp_rudder
light_opportunities
global_combustion
linguistic_proposes
embarrassed_hunk
fashionable_lenses
registered_visibilities
nutritious_exhibit
profound_heart
indian_outlines
social_jam
funny_port
front_splicers
allied_overload
accepted_gates
thoughtful_analogs
secure_pat
old_fashioned_wingnut
psychological_terms
dutch_root
pale_alphabets
dirty_surprises
brief_tire
poor_latitude
rival_direction
impossible_abrasions
motionless_insertions
supreme_requirement
bored_entry
agreed_measurement
tight_workbooks
bloody_pistons
shallow_programs
severe_restrictions
large_yard
electronic_buoy
determined_washer
vocational_paragraph
tender_hickory
little_slate
coming_batches
hon_entrapment
prepared_tubs
disturbing_uniform
hidden_lapses
splendid_bang
linear_lane
managing_hyphen
quickest_delimiter
clear_computations
casual_aim
awful_cabs
young_registers
classic_glands
bloody_angles
assistant_beaches
previous_hatch
promising_resources
early_spark
old_snows
cognitive_encounter
lovely_circles
modern_coats
rapid_views
excellent_depletion
key_injector
concerned_proficiencies
thorough_joint
sick_vent
hostile_executive
particular_notation
cloudy_labors
light_maples
melted_verses
nasty_alibis
civic_destruction
comfortable_thousand
atomic_choke
alright_cements
diplomatic_advance
productive_latches
tall_computers
conventional_thing
working_class_swims
mighty_bases
black_capacitor
worrying_atom
informal_exhibit
fundamental_judge
inevitable_buds
ugly_railway
single_stapler
clever_cycle
ugly_requisition
controversial_secretaries
ugliest_responses
creepy_misfit
increasing_crawl
little_zone
nutty_catchers
fine_cures
industrial_fellows
organisational_orifices
tense_nonavailabilities
attractive_thousands
polite_feed
moral_withdrawals
slippery_clearance
federal_weldings
hidden_barrels
obnoxious_webs
stale_audit
teenage_footing
tall_cosal
intact_acceptors
low_dial
delightful_bank
primitive_wound
appalling_hand
eerie_encounters
obliged_coating
old_fashioned_casualty
long_tables
pregnant_discontinuation
nasty_waterline
gothic_outfit
lost_moon
outdoor_addressee
military_stub
curved_fillers
ideological_voltages
relieved_type
random_polices
colorful_chits
known_knob
coherent_trims
quiet_consequences
outstanding_jug
brown_bushings
gay_rejection
passing_fractures
nosy_transmissions
protective_checkouts
great_laundries
soviet_housings
empirical_hunts
direct_claps
then_revolutions
long_term_runout
dirty_hulls
video_taped_computer
long_view
proud_airspeeds
just_routine
silent_cleanliness
american_contamination
final_islands
deaf_cracks
alive_paragraph
glorious_dam
crucial_sponge
quickest_lieutenant
grieving_fights
gentle_drags
strange_defection
long_buoy
black_day
foolish_standards
peculiar_speakers
handsome_pear
inevitable_weapon
wide_fractions
flaky_states
doubtful_statement
roasted_pronouns
mad_application
cold_arm
positive_grades
asleep_rumbles
high_reaches
straight_leak
wonderful_definitions
poised_superstructure
domestic_condensation
revolutionary_hems
indian_doorknob
tight_acquisition
silent_figures
asian_refuse
parallel_flashlights
mass_servant
yellow_government
explicit_angle
basic_entrances
melodic_misleads
marvellous_aliases
silly_slot
original_coil
excessive_harmony
comparable_counselors
relieved_display
full_time_hoop
spatial_tests
adequate_strains
correct_blankets
curious_spill
successful_discharges
dying_harmony
known_grinders
dizzy_results
brave_stowage
wicked_decision
shy_explosions
marked_surges
genuine_velocity
magnificent_butter
lively_compositions
notable_attesting
modest_fuses
notable_compressions
crazy_controls
proud_confidence
rival_rudders
patient_waters
live_construction
homely_medals
cruel_extension
inner_mistakes
sufficient_duplicate
mathematical_blows
raspy_interviews
monthly_sash
chilly_effects
arbitrary_captures
square_spray
embarrassed_housefalls
tart_sports
steep_flake
involved_gases
oral_tag
novel_schedules
prickly_sleeves
helpful_tip
chinese_buckle
troubled_countermeasure
dependent_signatures
orange_origin
sweet_bridges
gorgeous_plants
stuck_leapers
sure_inch
united_accounting
keen_howls
sole_boil
cognitive_documents
philosophical_accountabilities
aesthetic_valley
prepared_gangway
resident_press
developed_muscle
quick_wine
adjacent_oscillator
latin_paragraphs
distinct_fuel
cold_kilogram
fancy_knee
uniform_elections
rural_nineties
round_interrelation
cautious_petition
weary_targets
straight_brook
friendly_speeches
rare_capstans
responsible_augmentation
wee_catcher
dead_brooks
fair_attackers
bad_implementations
formal_lights
premier_escape
present_limitation
preliminary_processes
busy_arraignments
young_similarities
empty_courtesies
rolling_shelves
sleepy_resources
inner_drives
conscious_sexes
inevitable_sales
welsh_basin
rough_relations
capable_screw
confidential_flashes
productive_candidate
straight_cycles
interim_waxes
awkward_yields
full_cannons
silly_americans
naughty_giants
yellow_displacements
inc_computation
informal_accruement
invisible_trade
satisfied_stuffing
resident_duplicates
supreme_message
healthy_trust
poised_attesting
steep_nickels
lesser_engineer
concrete_equivalent
upset_mill
extensive_chock
mathematical_thyristors
clear_programs
boiling_sweeps
legislative_pit
minimal_base
furious_sterilizers
outdoor_detachments
helpful_dangers
wild_armfuls
quiet_kit
prospective_cloudiness
annual_steeple
tricky_confinements
responsible_poison
brief_felt
invisible_basket
male_caliber
realistic_armories
special_conjunction
rigid_molecule
smoggy_days
binding_prints
rational_pick
available_implantation
vital_quiets
net_axes
distinct_shovel
asian_jackets
explicit_splashes
hard_claw
jolly_indications
sporting_copper
healthy_fold
lively_anchors
genuine_capes
strong_weaves
respective_balls
combined_allowance
abstract_figures
random_schedules
external_return
surviving_deduction
flat_hatchet
bumpy_staff
hon_shirts
secret_taxis
sour_verbs
racial_villages
slow_answer
sunny_dresses
unnecessary_durability
uncomfortable_troop
amused_facts
western_leap
favourable_depths
huge_tumbles
clumsy_comforts
distinct_disasters
invisible_crosses
forward_automobile
awkward_ways
peculiar_pressures
steep_list
deafening_fare
tender_buckles
fashionable_shots
civil_substitute
outdoor_skies
anxious_tendencies
boring_washing
everyday_basins
remarkable_scale
passive_villages
shy_cranks
tiny_drawings
harsh_abbreviations
burning_type
right_view
wooden_loops
academic_codes
redundant_azimuths
wrong_maximum
homeless_selection
eerie_negligence
ruling_leakage
genuine_oscillators
brief_ticks
red_quotas
sad_features
individual_fluid
dead_face
pretty_yells
weekly_subsystem
following_core
sunny_hugs
naked_chock
harsh_stones
professional_journey
friendly_variety
white_hoist
intermediate_specialization
accurate_pencil
institutional_land
middle_procurement
scary_dives
ruling_machinery
visiting_spares
neutral_batch
violent_swivels
multiple_manners
asleep_dish
unnecessary_bits
urgent_impulse
patient_success
dark_retrieval
careful_discussions
flaky_compressions
thorough_joints
environmental_overalls
royal_orange
forward_differences
remote_cases
fierce_malfunction
back_smoke
okay_itineraries
different_deal
burning_hate
smiling_cars
young_lint
weekly_prompts
evil_straighteners
mechanical_telephone
shy_stretch
stable_cost
violent_attractions
human_temperature
odd_tree
huge_thursdays
novel_stitch
architectural_figure
frantic_facts
roasted_cheat
developing_sleeves
canadian_amperage
whole_files
eerie_discussion
acceptable_drags
noble_highline
abundant_rebounds
geographical_retirement
boring_touch
quickest_births
established_oscillations
alleged_patrols
marvellous_losses
magnificent_acceptor
superb_dots
alright_shed
angry_voids
anxious_case
Sound_neutron
comparable_launcher
hard_elements
unlikely_scales
multiple_significance
creepy_policies
comfortable_cabs
exciting_shower
wet_averages
sweet_candles
underground_blow
envious_salts
mixed_letters
relevant_sixes
furious_disabilities
palestinian_removal
damp_apparatuses
late_admiralty
bright_layers
strange_oscillations
responsible_delegates
then_corks
intact_round
interior_itinerary
colorful_bud
naughty_class
added_blocks
latin_kills
junior_hiss
costly_stones
subsequent_civilians
judicial_swimmers
identical_ride
silent_embosses
funny_leakages
dependent_tickets
large_disciplines
quiet_oven
ashamed_percent
confused_moonlight
experienced_walls
abundant_utilizations
thoughtful_amperes
complete_remains
favourite_formats
valuable_set
late_tank
cruel_possibility
proposed_generals
clever_overcurrents
ruling_sixes
necessary_passbooks
so_called_principals
envious_conflicts
wet_cells
successful_alkalinity
minimal_modules
territorial_octobers
fundamental_nines
amused_scratchpads
grotesque_limbs
mighty_battle
musical_layer
distinguished_meters
physical_interior
alright_amplifier
assistant_tours
registered_fabrication
calm_copper
tory_education
living_toolbox
good_stowage
implicit_acceptances
orthodox_surfaces
criminal_fashions
nervous_exteriors
artistic_savings
tasty_lens
dear_needle
broad_progress
western_parachutes
geographical_butt
other_attitude
scattered_mixtures
christian_electrons
friendly_absences
ready_blazes
motionless_wounds
dull_fatigues
happy_eddies
governing_thicknesses
unknown_cranks
crazy_classifications
fantastic_binder
adverse_nylons
philosophical_deliveries
nursing_fasteners
concerned_digestion
tight_compromise
turkish_body
dangerous_builders
cuddly_plots
unusual_notes
uncomfortable_loaves
vague_amplifiers
developed_heaters
alone_grants
impressed_oven
retail_cover
unable_tracker
wide_subtotals
straight_industries
toxic_prepositions
convinced_countries
puny_interchanges
correct_plot
unpleasant_particles
soft_cab
filthy_discussion
miniature_deed
serious_services
mushy_network
running_submarining
allied_lamp
typical_sticks
full_police
voiceless_ribbon
nervous_interpreters
main_wheels
casual_steamer
registered_adherence
tender_subprograms
foolish_variation
ripe_cause
arrogant_sales
plain_twins
tropical_junk
future_oscillators
flying_decrease
wooden_relay
controversial_billet
slim_gunfire
helpful_oxide
wise_parcels
systematic_misfit
ultimate_primitives
causal_greases
magnificent_implementations
respectable_guards
fixed_abbreviations
mental_blow
bold_frequency
liable_durability
dependent_observations
wicked_gaskets
ltd_weaves
afraid_proportion
marginal_manifests
chronic_integer
principal_motel
perfect_worth
rising_misses
faint_briefings
whole_shave
spectacular_sod
american_geography
stupid_trackers
fine_hugs
colossal_apples
perfect_whistle
similar_executives
mental_connection
shocked_discontinuations
disgusted_grades
metropolitan_armfuls
still_tractors
remaining_trees
beautiful_storms
limited_throttles
dangerous_hunks
mature_presumptions
elated_dolly
identical_whisper
continuous_conferences
vulnerable_attempt
romantic_leaves
crazy_males
domestic_superlatives
thin_talks
quaint_grains
supporting_awards
rich_nickels
proud_dolly
evident_fold
tasteless_sling
asian_issues
upset_exchanges
endless_schooling
magenta_skip
used_sexes
unusual_cramps
slow_strings
embarrassing_software
occupational_torque
new_deletion
nutty_bus
plastic_ear
rapid_chambers
misty_ideals
straightforward_hate
aggressive_acceptance
convincing_kilogram
secret_tugs
select_ends
helpful_pass
welcome_addressee
vocational_deals
grey_pass
clear_rivers
previous_blazes
vast_arrow
surviving_eggs
elegant_rakes
big_anchors
whole_judge
tough_strain
delicious_similarity
numerous_responsibilities
shiny_pistol
printed_details
presidential_gap
specific_breakdowns
working_class_alphabets
able_pond
wooden_president
married_accidents
gigantic_alternation
warm_lessons
integrated_jeopardy
moderate_instances
corporate_deposit
doubtful_sponsor
ambitious_laugh
abundant_binder
favourable_threat
beneficial_publications
psychological_swaps
intensive_damping
hidden_cleanser
gastric_liquors
changing_caves
ethnic_marble
united_bulk
panicky_possession
giant_barometers
physical_amplifier
preferred_blankets
tense_bands
normal_widths
hungry_gangs
multiple_refund
underground_sticks
precious_circumferences
loud_powders
chronic_seasons
minor_aircraft
handsome_hoofs
religious_blazes
sticky_interfaces
eager_presidents
creepy_sponsor
worrying_couples
conceptual_rifles
strict_dollar
hostile_checker
convenient_mind
sparkling_lungs
elderly_offers
alternative_difficulties
flat_discoveries
healthy_health
ethical_performance
vital_railroads
tough_documentations
living_space
comprehensive_bay
plastic_pile
intelligent_airships
reluctant_receptacle
multiple_angle
civilian_threaders
fit_details
sad_expert
large_scale_illustrations
electoral_bubble
interesting_officer
wet_chills
mere_station
novel_side
closed_idea
korean_cleat
emotional_priorities
chilly_rowers
light_fantails
greek_bushels
continuing_rings
grotesque_heat
continued_armor
silent_crown
logical_curl
public_briefings
proud_amplitudes
average_frigates
horrible_ground
fundamental_fireplugs
long_meridian
monetary_manual
sleepy_decontamination
established_excuses
democratic_region
prickly_shops
middle_class_conversion
thick_flashes
high_remains
fantastic_publications
pretty_wear
silent_managements
open_precaution
eligible_interiors
elegant_sort
spatial_extensions
rural_transits
rising_compounds
varied_porters
expected_minority
high_pitched_decoder
principal_hums
dynamic_representative
warm_threads
warm_outlet
cuddly_leaps
natural_canister
outstanding_dopes
stiff_tolerances
juicy_pilots
necessary_girl
encouraging_screws
repulsive_programmers
hungry_eve
shivering_endeavor
mental_experiences
armed_fifteen
delicate_frames
insufficient_listing
curious_tie
double_smashes
lonely_recommendations
royal_pen
cooperative_collectors
possible_ventilation
dusty_trail
individual_slide
ill_cleanser
shared_father
uniform_swells
late_liquors
palestinian_painters
alert_capability
distinctive_thin
premier_cathodes
hostile_parachute
korean_nines
near_human
specific_runouts
indian_lap
comfortable_confessions
tiny_plexiglass
fantastic_custodian
handsome_designators
academic_boot
elated_rigging
white_place
selected_bushels
chilly_women
circular_turnaround
actual_fives
poor_cliff
hilarious_parity
careful_purchaser
wonderful_cameras
spontaneous_preposition
combined_hubs
hungry_attesting
full_time_privilege
medical_vectors
black_ball
lonely_use
hostile_technician
resident_parties
wasteful_picture
turkish_boiler
numerous_deployments
cooperative_railways
decisive_chairwomen
rapid_sweeper
lost_glove
initial_grooves
gastric_peck
strange_twos
tender_prisoners
rear_oranges
coloured_watches
powerful_workings
imperial_threats
awkward_master
partial_deputy
digital_gangways
imaginative_snap
natural_vapors
back_town
technological_highline
productive_prefix
inland_speaker
respective_tables
exact_subsystem
divine_contracts
faithful_menu
powerful_bytes
managing_creek
hot_exhausts
blank_figure
moaning_lesson
fat_flake
visible_printout
consistent_diseases
voiceless_beings
relevant_plane
english_bristle
specified_decorations
disturbed_variety
voluntary_apple
rapid_station
gleaming_mixtures
significant_practice
stupid_stationery
socialist_winters
hon_crank
marvellous_irons
swift_slices
manual_top
fluttering_replacement
spare_hardness
pretty_welders
smooth_property
orange_cape
upset_boxes
confident_waste
unlikely_wholesale
flat_chalk
breezy_yield
great_window
russian_sixths
criminal_persons
furious_extensions
ugly_sun
superb_grids
variable_soils
sacred_police
quickest_frigates
underground_parallels
inappropriate_sea
delightful_depot
straight_basin
nasty_submarining
large_scale_lumber
low_agent
proper_bundle
horrible_artillery
oral_appropriations
good_rumbles
superb_commendations
drab_bones
specified_cashier
bright_pages
eastern_accountability
conventional_breaches
musical_wholesales
occasional_expenses
intellectual_door
emotional_researcher
mammoth_signalers
worthwhile_oscillations
bright_electron
severe_slots
short_term_restrictions
direct_passivations
permanent_coal
cute_wave
cheap_flashes
estimated_attesting
exceptional_thermometer
loud_dip
final_launch
fortunate_reserves
unique_blackboards
disciplinary_dabs
hard_attorney
following_specialization
wandering_piece
lucky_illustration
doubtful_score
structural_world
residential_chest
various_linkage
purring_attesting
tense_glands
oral_fraction
frightened_adherence
asleep_rejection
ratty_dealers
jewish_types
impossible_gap
scornful_electrodes
robust_rail
arab_formations
wooden_opinion
glorious_timers
opposite_artilleries
frightened_crop
neat_tilling
classical_travel
irrelevant_miles
ugly_guard
above_president
noble_aggravation
famous_bins
patient_acquittals
everyday_freights
clear_fleets
calm_stage
loud_citizen
many_glazes
senior_sundays
remote_tour
combative_address
qualified_societies
thoughtless_destroyer
future_jumpers
grubby_character
considerable_shipmates
filthy_cures
interested_drift
purring_guidance
squealing_cannons
comprehensive_biases
legal_basics
dear_carriages
mathematical_cement
old_sponsors
wonderful_batteries
blue_change
helpless_quarterdecks
accepted_gunpowder
fantastic_jeopardies
faithful_checkers
many_feather
injured_breeze
digital_forearm
ok_remains
motionless_loads
mobile_overvoltages
joyous_drip
full_time_weights
free_operator
average_brains
energetic_public
melted_minute
wicked_schoolhouses
protestant_arches
dusty_platforms
local_peace
moderate_briefings
roasted_sod
beautiful_offenders
christian_guard
doubtful_feeders
glorious_distortion
burning_necks
uncertain_delivery
encouraging_sharpener
quick_intent
absent_recesses
living_plastic
aware_lashes
solid_wools
sufficient_art
determined_church
little_pan
outstanding_solders
ethical_arraignment
short_wines
broad_midwatches
casual_tension
green_catches
free_lock
uncertain_annexs
uninterested_armor
chinese_percentage
sexual_abrasions
loud_manufacturer
equivalent_purpose
particular_yarns
asian_velocity
noble_knife
elegant_dictionaries
qualified_cheaters
thick_relations
accepted_fats
precious_bank
latin_circles
perfect_tan
exceptional_content
remarkable_flashlight
toxic_student
colorful_advances
pleased_television
substantial_existence
extreme_distributors
wooden_application
cautious_crystal
high_pitched_pond
tight_neutron
grand_auditors
fine_dominions
tasty_warfare
embarrassing_causes
commercial_windlasses
french_residue
dead_terminations
influential_hisses
superb_drains
kind_trick
better_fake
annoyed_submission
presidential_highlines
northern_survey
joyous_groups
fine_tax
alone_oscillators
perfect_harpoon
convincing_warfare
magic_shipment
prickly_loudspeaker
new_backup
different_mercury
principal_honor
presidential_diseases
silent_plan
purring_mercury
little_gland
ancient_fan
existing_hems
irrelevant_pea
fond_lapse
greek_batches
stiff_shaft
genuine_vector
remote_cockpits
adorable_acquisition
nearby_chain
redundant_editors
silly_adviser
salty_candles
beautiful_applicants
unwilling_housefall
sad_solids
wide_combination
frail_stitch
experienced_events
liable_bridges
used_meter
radical_tendencies
confident_analyzers
helpful_religions
financial_partner
loose_noun
jolly_sales
slow_automobile
public_salutes
puzzled_marble
intensive_contract
outrageous_block
fierce_propeller
possible_touch
coming_complaints
aware_defense
young_points
plain_displays
striking_cut
closed_deposits
average_generators
eligible_deed
full_qualifiers
handsome_butts
broken_extensions
filthy_aggravation
gigantic_rubbish
yellow_colons
female_submarines
colorful_destroyer
shiny_flap
tasty_services
red_tasks
narrow_stripe
scared_cement
doubtful_possession
big_wafers
square_runs
solar_lever
glad_jewel
testy_call
relieved_webs
used_weeds
economic_hoods
violent_churns
constant_weights
slight_component
rich_turnarounds
general_hoof
doubtful_lesson
eastern_baud
rational_wayside
okay_selves
prickly_core
round_wagons
financial_value
red_splint
primary_weld
prominent_signaler
plastic_gland
open_vine
lengthy_submarining
cheerful_bends
new_magnets
willing_credit
wet_increment
curious_purges
small_wrists
post_war_performances
Sound_locomotives
satisfied_fashion
intact_scales
perfect_journals
huge_sabotage
crucial_soles
coastal_employee
explicit_chits
alternative_seam
chief_rating
fresh_plane
wonderful_list
surviving_editors
capable_radians
juicy_links
biological_orifice
appropriate_breaches
comparative_navigations
flat_rank
left_liver
sparkling_fees
insufficient_plead
surprised_motor
objective_superstructures
grey_universe
tremendous_needles
evolutionary_receiver
dramatic_accordance
kind_setting
artistic_fan
subtle_outline
warm_carpet
outrageous_initials
gigantic_fact
international_gum
panicky_detail
orthodox_cuffs
obedient_boil
attractive_response
prickly_surplus
super_opportunity
western_provisions
interesting_images
handsome_works
strategic_mattress
happy_yield
pale_spins
normal_tenth
aware_purchasers
damaged_rescuer
natural_turnarounds
linear_dress
preferred_rides
rich_rose
quick_allocations
gradual_alignments
easy_salts
thundering_hospital
technical_raincoats
enchanting_arches
various_displays
minimal_hammers
royal_directives
unusual_justice
inc_storage
linear_diaries
romantic_circles
psychological_chill
quiet_prison
uncertain_vice
immense_velocity
salty_observations
stuck_stapler
cuddly_rinses
rich_processes
flaky_dirt
general_capacitances
capable_towers
lexical_coordinates
uncomfortable_students
excited_commission
short_illustrations
modern_dents
blue_voltages
grand_brackets
constant_towers
delighted_drifts
loyal_milligram
sparkling_lender
swift_carriers
repulsive_runaways
elaborate_evenings
subjective_yaws
disturbed_humans
awful_positions
comfortable_notation
innovative_fashions
overall_tire
deep_insanities
shiny_grasps
accurate_hope
reliable_trips
subsequent_fishes
upset_listings
many_boats
broad_college
better_work
varying_radiuses
missing_thyristors
cautious_confession
disappointed_connections
cautious_silver
solar_thermometer
helpful_demonstration
white_diesels
delicate_pipes
outdoor_swallow
rolling_device
unsightly_opportunities
opposite_crawl
naked_signal
good_liquors
qualified_structure
german_repairs
only_lees
conceptual_performance
rare_army
lengthy_bridge
courageous_dip
funny_bags
uncomfortable_mists
fatal_belt
thoughtless_debts
purple_thyristor
diplomatic_transmittal
welcome_flashlights
frail_guard
cautious_proofs
slow_jugs
doubtful_revision
jolly_solution
complex_sip
theoretical_option
marine_henry
flat_kisses
toxic_keel
close_tick
essential_timer
boiling_activity
glorious_consolidation
instant_sector
busy_options
satisfied_length
full_time_forests
handsome_bells
international_abbreviations
chief_effect
uninterested_receipts
acceptable_cramp
conservation_customs
chubby_liters
continued_module
marked_impulse
tasteless_steamer
tiny_sterilizer
mathematical_submissions
israeli_tunnels
burning_nature
furious_behavior
modern_situation
fresh_spacer
valuable_submarined
impossible_connections
chronic_harnesses
dangerous_overtime
revolutionary_milligrams
crooked_allegations
interim_glance
crazy_broom
evil_nights
registered_skirt
damp_boot
rough_grasps
russian_pencils
preferred_hillside
unwilling_loudspeaker
korean_solution
certain_composition
annoyed_distresses
empirical_integers
exact_forces
proud_chests
extraordinary_glues
abstract_flange
promising_kiloliters
fresh_waxes
severe_centimeters
personal_circuits
abundant_observer
political_prefixes
modern_oak
convinced_sport
surprised_commission
fat_sneeze
greek_precautions
tasty_injector
mobile_wardrooms
happy_generations
whispering_bristle
skinny_aptitudes
respectable_berry
orthodox_capability
nursing_railways
mighty_debit
everyday_rod
colossal_mailboxes
lonely_varieties
miserable_tones
slow_terms
long_term_nail
developing_rheostats
colorful_retailers
loyal_auditors
eligible_software
modern_hisses
social_housefall
powerful_characteristics
lesser_researchers
unlikely_president
burning_auxiliaries
right_emergencies
old_fashioned_leader
remaining_resistor
parental_address
grumpy_parachute
opposite_pilot
real_casualty
alive_challenge
managerial_sharpeners
commercial_twirl
gothic_release
immense_commitment
tired_detail
awake_header
hollow_spirals
handicapped_weldings
coloured_clip
fantastic_acts
communist_course
arrogant_listings
grand_tubing
spiritual_records
deep_combs
secondary_circumstances
tropical_loop
clean_road
black_berries
tiny_compressors
magic_arrows
communist_fifteen
chinese_fits
expected_fan
wet_memories
strange_pier
distinct_hips
wet_crafts
feminist_accordance
characteristic_warning
unaware_surrenders
tart_shipmate
wonderful_grease
open_ovens
super_halt
big_issues
asleep_glides
bewildered_laws
direct_forces
evident_swivels
increased_mat
puzzled_circulations
late_governors
wide_lanterns
shy_attempts
fat_legs
agricultural_door
nervous_surpluses
maximum_months
quick_time
elaborate_convention
worrying_algorithm
static_navy
useless_lumber
circular_commanders
alternative_analyst
fat_statements
neighbouring_insertion
violent_legend
linear_drugs
tart_paragraph
naughty_strands
young_admiral
notable_harness
identical_drunk
only_radians
tasteless_volume
related_generations
functional_vines
inadequate_tablespoon
military_missions
controlled_tumbles
faint_harbor
slippery_jail
sunny_belt
supposed_hints
lexical_malfunction
rare_designation
scattered_marble
mighty_tug
average_electrolytes
brief_plates
icy_telecommunications
diverse_programmers
fatal_chemical
passing_beacons
large_keels
itchy_dresses
disciplinary_tool
considerable_son
silent_allocations
dead_circle
inquisitive_payment
separate_credit
qualified_spar
blind_stool
unemployed_flight
continental_trim
colonial_projectile
historical_installation
worried_farm
Sound_boats
full_discontinuations
live_hoist
fantastic_rumbles
unexpected_splitter
precious_merchandise
shocked_coordination
canadian_public
urgent_evaluation
raspy_crop
different_thoughts
wandering_egg
happy_religions
long_pushes
reluctant_ages
urgent_compensations
magenta_sample
easy_pound
kind_hut
shivering_suppressions
careful_vehicles
soviet_dispatcher
considerable_rotor
horizontal_development
exceptional_sleeves
continued_wines
technological_sweeper
disgusted_chance
realistic_painting
unemployed_destroyer
coherent_seventies
steady_operator
confused_pronoun
concerned_attribute
western_firearm
vivacious_helm
wild_leaper
cautious_squeaks
tasty_rooms
quickest_escapes
crude_bins
giant_tourniquets
original_mind
liberal_oxygen
raspy_bits
gleaming_nines
silent_continuity
fat_detonation
standard_grip
flaky_pyramid
critical_intakes
public_splitters
sacred_automobile
minimal_ordnance
inclined_navigations
united_lightning
slimy_universe
small_tumbles
stiff_rights
olympic_honks
payable_load
obvious_fixture
psychiatric_priority
large_rags
rich_thread
pleasant_supply
new_coordination
required_shelves
numerous_buzzers
evil_equivalents
thundering_jam
bitter_arms
simple_tunes
gross_advances
kind_firefighting
deaf_operator
recent_trims
varied_column
impossible_admiralties
wealthy_educators
harsh_dock
labour_nameplate
flexible_aptitudes
unemployed_partitions
continuous_balance
artificial_whistles
silent_hugs
japanese_flame
precious_lip
back_adjectives
attractive_fives
dull_messenger
capable_carpets
difficult_elevation
nervous_interruption
massive_bushels
long_laws
repulsive_preference
level_policy
israeli_thunder
profitable_chief
gothic_manuals
confused_bunch
classical_hotel
orange_interiors
fundamental_station
standard_loads
black_finish
essential_compensations
operational_henrys
royal_bushel
yellow_batches
ok_longitudes
careful_bristle
compulsory_cliffs
bewildered_disabilities
liberal_ounces
colourful_box
primitive_distributors
quiet_starts
artificial_dimensions
comfortable_stop
ripe_emitters
easy_report
scary_helms
gleaming_contacts
independent_diaphragms
strange_event
elderly_meeting
miserable_wafers
nineteenth_century_hilltop
ashamed_size
terrible_coxswain
tasteless_commanders
philosophical_april
correct_swims
quaint_waves
glamorous_groceries
military_hashmark
loud_segment
beautiful_attack
varied_exercise
grubby_prime
cognitive_listing
statutory_catalog
applicable_breath
careful_friend
expected_volts
official_lamps
scornful_mountain
magnificent_proof
promising_alcohols
super_limbs
marine_watts
vague_missions
mild_surges
wonderful_thermals
noble_backups
minimal_friends
upset_songs
valuable_presents
faint_capitals
naval_warnings
unfair_appearance
alive_examination
african_wafers
invisible_chattels
distinct_tilling
coming_blade
governing_mittens
afraid_prefix
impossible_coders
noble_formulas
concerned_wrench
helpful_respect
western_blots
forthcoming_transfers
bloody_ocean
sharp_briefing
overwhelming_bather
long_factories
varied_recipient
indian_baths
swiss_club
appropriate_merchandise
high_architecture
loud_brushes
fast_telephones
frantic_attempts
injured_cellar
fortunate_shame
encouraging_harness
fond_subfunction
valuable_fractions
marvellous_branches
compact_savings
super_sunshine
important_reliabilities
natural_arrivals
worthwhile_whips
post_war_traps
junior_latches
deafening_woman
bored_interview
random_pistols
angry_galleys
greek_attributes
successful_locations
beneficial_subjects
worldwide_curvatures
regulatory_stone
unique_wastes
brave_ice
pure_standing
nasty_polices
striped_allotments
sticky_alignments
colorful_benefits
notable_navigations
poor_doorknob
long_thread
useful_seconds
temporary_nod
wise_puncture
musical_cure
academic_knocks
severe_hundreds
northern_cases
original_reports
rival_catches
japanese_capstans
mushy_chains
innocent_rescuers
diverse_initial
fierce_glossaries
rich_forty
fair_stencils
broken_helmsmen
generous_spades
different_thins
curved_journeys
religious_antennas
terrible_education
strategic_wing
relieved_credit
convenient_cathodes
loud_bypass
cheap_condition
unexpected_algebra
modest_pin
unhappy_harmony
integral_insanities
short_accessory
due_schedule
uneven_nights
new_reproductions
mammoth_civilian
bare_city
modern_escape
wide_crew
cold_bottoms
shaky_skies
orange_sums
ethnic_compiler
burning_circuits
integrated_platter
joint_hatch
gleaming_inventory
square_temperatures
steep_summaries
raspy_features
loose_pins
nasty_nozzles
environmental_funds
geographical_legend
repulsive_journeys
well_airships
specific_bell
lively_machinery
smiling_kilograms
coming_goal
beneficial_price
elated_spoon
elated_reservists
nineteenth_century_stuffing
magenta_moss
genuine_liquor
bright_error
low_start
continental_humidity
explicit_braid
armed_button
stingy_hilltop
happy_lightning
positive_subdivision
lovely_math
short_alerts
dry_selectors
clear_calendars
crooked_complexes
toxic_subprograms
conceptual_tenth
unpleasant_misalinement
added_collections
icy_qualifier
social_occurrence
central_tills
geographical_admiral
forthcoming_limes
victorian_inclinations
compact_affiant
normal_rollouts
useless_tons
eventual_radius
international_rumbles
imperial_davits
marxist_fractures
civilian_quiet
disappointed_breath
defiant_version
driving_machines
notable_claws
gorgeous_events
happy_refrigerator
narrow_charge
latin_durability
serious_hierarchies
valid_slot
puny_catches
olympic_crusts
happy_waxes
rubber_catalog
dramatic_drunkeness
outstanding_side
brief_clap
architectural_dial
depressed_orifice
misty_opportunities
sad_concentrations
atomic_ceremony
dark_exhausts
loyal_tickets
salty_formation
ok_zips
tasteless_tour
smooth_initiator
known_exchanges
right_compliance
moaning_pistons
resident_pennants
written_resolution
frail_articles
male_struts
aesthetic_article
renewed_tricks
round_threaders
light_minimums
subtle_tolerances
male_morning
silky_memorandum
smooth_hood
essential_examples
icy_puff
radical_abettors
bloody_wax
excessive_airfield
active_propose
abundant_union
melodic_bulb
big_centimeters
important_tens
mushy_trunk
marxist_beliefs
legislative_calibrations
artistic_gasket
uniform_gaskets
nasty_bushes
eager_wages
historical_wagon
tiny_magnetos
adorable_briefing
vivacious_collision
electric_swivels
uncomfortable_tackle
efficient_associates
colorful_preposition
formidable_witnesses
dirty_medicine
subtle_hours
tired_watches
required_admirals
main_minds
weak_coating
occupational_cause
honest_discussions
colourful_towels
wrong_hillside
excessive_operability
developed_bailing
far_lamps
middle_class_latches
acute_comma
delightful_brake
joint_arrow
sleepy_fog
super_sheet
individual_friends
fit_forecast
hot_increments
deaf_maps
innocent_sashes
strange_wells
ugly_advancements
cool_limps
grand_twirl
sudden_communication
awkward_veterans
fast_consequences
mutual_bulk
imperial_paper
remarkable_bite
rough_lenders
