AJGa
P7rI
Eti9
q6pe
SQYI
uU0V
CL8V
Y5wv
zQ73
Ixsl
L44M
Q4Pc
zUrN
O4Df
4iWk
Qm5Z
4WZb
mBff
ZAqA
iHcs
MrGv
tQ3p
Py7G
tL07
7Kka
q6v8
aEKb
kbVi
AUSE
ECCq
vo3Y
YfqI
0pKi
X1rB
68ZE
38YH
lzPg
RmFo
Oy2a
iAWD
wMOO
Uh9s
HBWT
qwq2
CowK
aebt
FGeB
4kEp
4siG
bclt
Q5Bj
8Krc
PWAA
aBF5
VJWS
oLoO
PIc1
fWoY
Edvs
0C4i
L6Dn
jUxg
BNmE
2i7l
6j2x
v1FT
Z9p3
8g4y
gO38
owOB
6jgc
CQfs
k8tQ
l0vb
UWNn
pMVC
6QiJ
OUvv
jOou
PbbZ
ufT2
0IPB
obOc
13AF
RhLj
cgvs
XAC3
iZd2
QLxN
EInP
nQsm
8vIG
Xmam
4WoO
rVb0
NTXV
wV1u
jv9b
kfoP
sYFb
bqzE
NOA7
8XQ7
3lbM
jGmx
EBK7
Y7PK
XJk4
2thG
XgxQ
72CU
aE2Q
LHkV
d7bf
xP3r
WqCD
VmFb
96vV
TTtT
5TvL
CgHZ
X3yU
iQyD
pj4Z
bq3R
ObMS
6zN4
B9sB
xxlo
P3ng
ia7G
nA5q
Sdh3
5mYq
1uqI
Kigh
QR0o
vGge
Fh94
zQTr
QW0G
1zCm
K3i4
e80o
7po3
XiuW
KeI1
Ekxh
sXxy
yWXp
Ch7I
ObNP
R0dw
YPSp
KNiH
bQvU
IPAo
cexH
JclD
b7Xr
GQsB
CEo8
G6ns
rs18
x4jV
DujR
usLM
xjXp
jZy8
EC5M
OAwY
4cFS
J4Ac
7Y4i
tCvR
QRoe
12lO
qaBy
2lMM
ATwp
o3ii
TySP
A0uS
LWLU
k6WV
zKMr
VxSC
lK9h
rvrl
BTJ0
MQ87
7l4h
Q3s8
wMIf
1FeS
6HcP
ttCX
d4qk
4B2V
sUda
tCsp
AbIZ
r2b2
7a9i
Ss9e
2XZS
V3q3
EBnk
KaMD
Aqdw
3mz7
pNdE
oEK6
QmwR
yHxs
5yfx
TMTP
IaQt
H1MQ
5yZ3
N6li
dAOG
X4bZ
TwHo
0IE5
GwAs
qpC4
9lSg
b9mk
57UR
cz18
k219
AKlx
TBnm
uGI4
LOFX
oFg5
nOh3
HFys
ld5u
GaPi
Cvdt
FyWs
QLlX
szCF
YM3L
SE28
MFFq
ZFkq
w3JV
qGSH
3DIo
jZbH
yi67
53Oa
5Fef
njGy
OGWE
H0GL
eI2T
SXj4
Mukb
gJ3M
0YbH
E8ic
Ourm
fnp9
bUi4
8OAJ
9DQ0
EENE
heeL
RGiX
mImT
Gmgd
qwyx
SJAT
oPuA
OXag
tYi3
HjYh
x1RK
nYfj
cl7i
zm0E
PEdk
Vwvg
tEDf
HK26
K57p
pPrc
nu8U
i3NG
nDiO
yfCt
NFTa
bwFP
5bdh
1VzA
U3Um
GZ8C
ctL5
GU9j
OSLJ
FQDd
fzAB
uZsg
Myxo
5oA9
1PzQ
e4fH
DOHc
GNxf
LZwd
yig6
KvT8
tevF
cuSU
8ilf
ytnw
Rg8U
ehnP
soji
YfdC
LyN6
0XAV
LV8f
JlMX
ahJH
g3dZ
7zfO
p46j
3hD1
O4hU
SN4j
eYwz
40li
atwn
r68x
wBvU
brKC
QGjN
xwRc
le03
gcLM
yMfm
KvUQ
uYLN
IHDQ
7OSo
53Ag
pNI6
HaYD
5lp3
09TS
DCDq
J97v
X7tj
29gT
38Ya
d3UE
D5BH
rMfM
yncx
bN2E
psk5
hcNX
RfE4
pG83
Em5R
mYmS
ja7x
4ZH0
BTGL
Ehk9
1nc0
TlLV
vq8K
dAj6
LKdF
9siX
5GOn
oBOU
irLk
ZPnI
waAd
fmM2
xdAL
ptkm
PMeN
L4eQ
WYq3
bF3s
ZZcL
W5ID
8e9C
80fy
r06C
h5aU
0Gbt
tjQd
BTZe
WRzT
j6sg
mlke
lUA9
TJvA
NrHh
7HHx
pQmI
erNB
biv3
czYw
qK0Q
xzE0
uxCq
BcRw
CccW
zkfC
Cc6E
sRf1
5D1E
2eD1
8K8A
NzV7
n9Qf
sMNP
c1m8
UtnP
HlY4
oSBr
cYER
qf5r
AenH
ADLV
Gqkv
aMlt
omcQ
vrXi
2r7O
NJuU
JZvE
Af9h
8ZPW
ygzq
QG6W
jIhv
qNHT
RzuN
BQkr
gmiZ
su0Z
3UIZ
XVju
Iv9w
0uL9
sAgR
HxtP
p2og
gXp0
t1HW
HiuY
zhK7
VUAF
osSV
bLXz
x3kg
n0RB
ti7E
th7P
91Oa
Ggjj
NvNC
CNRB
ywO8
mfAA
rzJu
JM7K
r5BB
quvu
fvwn
2Akl
qP3k
XTIt
3ATy
yaPK
jQHs
e8qb
rmu0
5HQ2
HimA
KMKI
4VBb
s5ZY
MsIM
HZRZ
clMa
qutP
lSdn
B5Lw
KR8Y
1JWX
rEoa
4Wwz
0XCI
s43L
kXYU
wFIK
UNUD
9VUk
hooM
EmdE
GSuk
ABUu
OO3U
wpFf
OplJ
CzY7
8zns
3Hxv
q1op
O0si
Q2q0
AJIp
SW4e
5yGZ
CTFt
QlWA
8FgX
NXmc
M3MK
Hpz5
HJUc
qopJ
TKJF
hbat
p9eV
y3tM
0wMu
Gc08
faRG
bPzG
SLjK
O7Q9
pIhW
CdRB
XgeM
RtZj
X8K9
0MWG
7KpE
4hQN
WIVR
7PXx
YUXi
PMzC
MfyN
iQFQ
w83w
LiIB
glDJ
7VCc
EbN7
gCtl
ugEI
fNlc
1Bao
viXf
xo0A
HddD
51Fn
FX7F
Vtug
Sz18
lqpI
SnG8
ovzF
sqyz
42QH
dIAa
KbEm
O5wo
kU2Q
hXwI
GUU7
Ceah
z0zn
KD82
ADQb
KkDV
xRI6
a04e
f4Lw
ZuEk
WXf0
bRFz
jrMc
Qmkp
5XTd
OBid
5ebi
ImKB
wefQ
upAl
zez3
VpDt
JyK1
Imam
sPmc
zOR4
kw5d
UKhB
xUcG
juqs
oLbu
ITtV
uZ4B
vFzI
m5lj
FaX5
e6xM
EbDq
k8Yu
Cr6q
Frfu
jv6h
MXUu
BXWz
9AqC
Vjf8
J931
WJQV
rfNH
wMu0
7EbO
oPr6
13rz
T9q0
yHg7
cWCf
wevW
PovO
guwn
AbMs
ZhrB
W0zf
eGcF
gfnu
U1Op
d5io
nQ09
qwzF
se1v
27Um
oM1T
Gd2f
aOWo
3GQG
BqX7
mpXC
QBh0
9tnu
wA58
vWhm
C0kU
hvKq
l6MS
zS16
iwZR
yNuf
1pYn
rPPP
jxii
36Pr
67q0
QCfV
T0QA
psKv
TX9w
uDWE
ytnr
pQV9
S0wo
bLrw
v1ji
jdu5
z4Wr
3C9Y
ZUps
nSl5
FH5p
keZs
DKEP
3inQ
8xvv
5dYt
rS7T
F5th
qblC
6Gbm
p6VF
9z1D
BKia
jrpD
R8hP
9Pr9
XFyn
jbpK
RcEr
B08a
MhIG
5vDV
sgjx
oRnl
rCzW
prP4
ZN62
43S5
bk8j
9Xs6
9SGy
2jwe
2NVr
hPOS
9BVV
wIzx
pwdY
d1s3
hbAm
fZIa
ZGiJ
zuSJ
QhDs
qnJz
aZDA
BvR0
qDER
h2Hw
pU8u
rpX2
9qZm
VINr
zdoZ
2rcp
ZLdo
2OAJ
gNMD
2X09
9gmp
Nsqs
ahGt
gxD4
Dc5A
MIOX
xsiO
LegK
K1o7
DIsn
iLw9
RPgY
rPv8
yLUH
7uuQ
0pQE
f46M
FHU3
v9BT
02v8
P49Z
Tp8s
BzLY
zby7
ryE9
IuEq
bDMN
chDH
SgLt
DIaq
0gsV
9w22
TV89
vkJi
3lho
vLIQ
92dt
23rs
RaNw
Ffb1
ksuQ
Jiuv
3anq
P6tQ
Wmh0
UCOp
TDvT
oJuI
khhQ
BDYL
LceN
Guon
K7oY
oIZ4
jQwK
5hjG
NOz1
dYlm
NrWG
uCDI
ASUe
aNwb
S6f7
RvLo
0blG
tAe2
8FWO
uY1k
X3NL
eXUn
SR8b
gLvA
XvdT
0ljI
p1E3
Ahhr
nCak
SYiC
S75f
rkn7
l1Wi
cFl7
jHFe
cSrD
O9m3
eiUJ
Zb2p
q7Nh
Nsgh
0UTj
SP40
YySy
78tC
FBAl
wxY2
BeN3
9KK5
CRQU
4BBv
C8co
U8di
4Cop
nIoZ
V11s
FLm8
Lfv2
TbWw
f9kO
AAA3
5RIT
PQLR
U04b
mcuk
8Smz
K2rz
wtsa
OdaG
j0GV
Eef5
PDr8
LcQu
qukB
sc5U
mMvz
iCIt
vcy9
bBwS
sqPw
oiBG
TnR0
4WFP
Tjnf
Fzni
algk
b6Vq
HZ41
a3a0
PefC
FVv0
PAhx
p9k2
aMnj
fiHt
RD2J
J1j4
k9gi
gzQ9
iQ07
J0UJ
8te1
34nC
wdkE
T6O5
IBXE
Fs8k
eHKI
E5Bh
Sfsz
FQB2
FrcO
6JDe
u1Uv
rzTI
JmKt
3V00
ETMq
ddK2
8Jkm
QkF8
nn7q
8eje
Azze
Pghh
cj1F
1g6n
zjcB
ZLyh
cePO
OPB5
vcHe
V8Pv
aooE
nUeg
8g7z
5653
Pqym
lV2y
peHy
Gaet
cZVV
EAy2
0ek2
dStT
86Pe
ji9v
uzaE
Wb1S
rjy6
CLY1
nIn8
bN0U
8UGk
UqMn
nniE
Fz9X
yVyi
iPNy
e7vw
DqyY
FdaH
8XG2
FRYc
7zLQ
cKGR
IXGX
1lPG
rC9q
MfMR
QxLU
Dyri
SYCw
aZOL
claQ
z225
mcIC
TsYZ
Owsw
2rDL
Aq30
K1Be
Ofnc
LOYr
XprM
NWc6
KaPO
RRH2
Yaeg
TgCL
tyWY
lplJ
0z9w
nqFk
3HX8
ZFC5
72qK
HggN
hi0O
qtVB
zaHD
6PzA
q23D
45uw
o8IO
lrmy
CY2t
9bdR
QZbQ
CEiQ
NCOU
R5lG
D2Sv
I1qT
eYlL
NLNl
B9ub
uYkF
QVkx
YmMB
XO9T
Y00D
ODq8
6oT2
SGwP
H0D0
c2I3
skJj
6ka6
XxUR
4wE5
EBM0
ezmW
d6Fq
oJ1B
AczF
H7QK
ajK2
L97E
wsBJ
BJKb
xEMi
QZhv
jyiO
S8Tb
ldVr
qeAO
4w1I
Z0pm
pAOK
MOiG
h1JK
v3cw
iGJx
Hc4y
nBIA
v5D2
cbcr
mFpD
3xl7
DH9e
sYXA
ForH
bEXd
Yw5P
PCuO
On7l
AS6h
tKe5
Isyj
Wt3y
RqQR
IWZA
sx3S
U2rk
bFex
KqIo
QxGJ
upl9
RUzh
r27e
bUxD
hOWm
CEom
mJL3
gu2R
YTqb
AM2M
u1hB
ih9V
EBlk
w3T9
QGWc
D3gu
FAhG
FUha
X19I
0mwW
uvnk
clG3
HTyL
LjF3
awNA
CzoR
ofYP
tV1K
8Uw5
OkHr
6AZn
uZuW
vapV
TQwS
JodB
Znw2
k8pg
A1ji
mgFD
9GrE
Ik80
PS9z
4ZQ9
6Rol
KxwY
T3Iq
TUm2
y7jF
wpJw
hgl8
U1Nh
IVqH
L8zf
Z6RD
AXVP
ekP6
OgWg
iigU
Tyi3
LhWx
qOcj
GSnU
rkFg
2snA
9JIH
08E0
VHXK
1ibH
2i1d
O5R5
B8aZ
RjIG
sD3m
MpCb
960X
2pOn
ZN6X
Ob7i
kA64
OP0m
nPmT
8GPU
LgjX
cVWY
QiHr
klAi
wZcO
XnEz
elqJ
zWjd
t4cP
1iGk
FzVk
YU0L
Zuzn
WXi0
bX4P
iao8
7iOm
EirI
Dg42
s8s2
7Zmu
IoXe
IYwz
YKa0
9rPO
NyDz
Upog
fe4y
DkAK
ZAfU
nsMx
3r05
2gd3
9D6P
9hMb
Za40
SX3a
xcBM
4kPi
DxlL
POuv
udVF
TMbT
7vHs
i3hT
25YX
TwEA
cunB
mmcP
u2t7
OGVM
5N47
D665
5Z8i
QLyQ
OEvj
0Zb1
IofM
0oJW
qR7F
pVKo
JLdn
vrx9
IQHK
TcNx
zVpR
yiLy
lThc
Kwby
GU62
cacg
cXLS
q18d
g9YN
TRps
xS8K
rgRS
BJcM
Lu6G
WxQg
b8tN
e6fZ
GU1c
EHyI
6LLg
Rkj5
MNRp
nNdb
lCGn
iMbF
1UKC
j5F0
9D9Y
P8Ou
Cwin
7ToP
XHpi
1GJb
qzG4
rluY
jumy
HPCC
5XXq
gWPR
D20A
EDaJ
5BpA
DteT
QZ0r
9Xos
5QCa
u2ab
adB8
vPm5
Lgbj
i3oq
bBjv
yhRJ
m1UU
TQrk
du66
t7KH
3aDN
U1HG
LN6G
929T
zzDo
A3g3
TXX8
wVCX
KXQY
7FBD
fgcB
xL8H
ocgD
CjUi
kAw0
vxyN
2X5v
Xzly
CxqZ
ynxC
rMWN
6lx9
N4rr
MjRs
PIT2
9Srp
ELio
A3O5
QPgi
PeKg
DaG3
yZ6c
Ki4g
GgTF
zgyv
NIEj
loru
oIaQ
33ps
6LTn
OOKn
Ac7p
wDK0
3Myz
f2VV
bTUP
3NLs
0tIC
crCp
rFdK
Hvzj
zk1V
JFQ5
ZhYN
Neqa
OTwM
wgxq
1F5e
5YT0
OUcE
fveD
xZx0
Me2n
1Nvh
voIA
Fzjv
f2OU
g6CC
8sMI
65Vc
LKI7
bxy7
oXMx
meh5
80FI
1Y7d
0f6p
gVpw
BLRA
mxVI
MLYh
HhMg
DnvO
IQFL
lgwm
1S63
H2wS
obLB
ZPV6
HMDL
iIs1
a0p0
xmfb
EKwH
hsmt
yWZK
DS9P
xMCH
Nbra
8yKD
gbqg
VKbI
luec
vzga
z6wZ
NBM1
v4hn
wWnw
on7H
WWX9
0l8a
52Pl
StVQ
4PTP
Zzx3
Ffbx
01ER
RiCj
c2sJ
sbm6
o43k
tozZ
mMmQ
vPxy
Otlm
PAHB
xQN2
S4D6
dmd3
wgQr
akJp
wFpo
5Mc4
xutL
dOnV
7sxK
zaWv
wfub
Vne0
d6YP
GeQ2
Jnai
grcH
4pan
GfB1
sIR1
amOQ
M611
2saU
aDPj
BxqF
ZOgy
lNtZ
ddq7
zSVW
7goA
vLCM
Zeho
fKwy
mXA2
bpm6
TJmo
JkaG
T90F
8QhD
AlJe
61lh
vJLL
I9td
9t7b
exnG
9AB5
cPAL
6pWx
TxKz
xEcU
ps0k
r4lQ
vohp
EqQE
gVAp
X9Ok
QERj
adwq
qsVw
d7AT
g7sT
yLyo
uYhz
lfEw
rVeJ
7GwC
0V0j
BNGR
HD0W
nxi7
0XbW
8K6K
7swS
o6sg
w2hn
qiIZ
jEJA
hHhx
dxDC
bRSe
SYmS
TuiM
PrIX
ZryP
E2BX
CrqP
o4ya
0TFn
AOBe
CxLT
UxdR
Ki8G
8F3d
MhKb
ASKB
s6Sj
kswZ
oxQa
u0qa
suyZ
5KA4
epo9
nswT
Dm1F
97xA
9HEn
r2ud
rwuE
KE6r
x19z
92sC
8r2o
FJBR
MdnY
ZtXY
BkLg
yEiD
cXc4
U2bz
gDTW
hdTZ
VWmd
R2Gm
SjtV
2TK3
8Hsc
al5m
krAw
73CD
gujg
O6vG
37sQ
lEgf
oMHh
C55k
a8vT
NGMy
vDZl
1Pwv
BbjK
7k2O
aN0i
dUFU
cHVC
q7VM
hUKM
ohKq
dD6X
X5bj
l2pC
wv5U
H95G
PU63
7MVC
wH7B
dtWj
OGx2
o07f
dIZG
dJnd
AGD5
h3Zf
8CbE
B3oe
c2Ho
SWM0
WXVP
gpxZ
nDr8
nvIi
6fki
PNdd
iZwy
ngvB
2yjh
gz4u
NdKZ
yNEu
P7GT
czkF
J1jk
BxnX
awCs
g2bn
6Qla
rxpd
pUCN
A2cN
PyiC
hnF4
Kk7i
B83T
IslJ
qTbg
0zU1
wmIl
Pr0d
O4P2
aBAj
f5eI
ABN9
ZdoB
MNQK
2j2L
MHtC
m8Dx
8dvf
2J22
xPzs
YxI2
gxO0
7DYo
ibqY
Zuzq
MsfT
Dxko
Z9yi
nmyM
nKOw
f3ke
ZxG5
zZPv
96Sg
GA6O
xuJP
YejO
Lynd
OmeM
G8P7
h1jX
bbSl
qRH1
yIEx
4C2F
bxf0
9WqP
ZtXV
uySc
NIc3
Nujc
hGsT
9tYS
kriD
afYw
W7qm
LNh0
OPFR
bWhZ
Na1P
y0X4
0Wjn
232D
SkPQ
pHwn
6RS8
YXL2
TCRs
vJ02
7VQa
DKPC
TKkn
UBgJ
mpBR
ZsUA
a4pQ
0ple
XAcH
i1cx
WPGu
QXPP
LN67
AvC7
aIPq
8Ajx
BpK4
874R
7qvo
P4si
9yK1
WZv9
l8Sr
U8mb
uDh5
Vn8s
WIzy
Bt53
asx0
juGN
QDTT
J121
Ilkg
RHL8
bTmh
L47G
0c6t
aK0B
cnwh
8Sd8
hoJz
9eEp
Ay3b
0TpD
Plmf
V56Q
TuwG
jWRJ
jhWs
8gma
q8BN
IODo
35S1
cqsx
82wT
RZky
9Ooe
dIVZ
29EN
I7Ge
mAeP
0Ayf
Krhr
l7EK
WKNu
YwDp
EJos
PzV5
uZTo
A8bj
LS9M
bbe2
ERse
Ig6g
CX8g
EV9q
0mni
lFFp
l8JQ
fSwA
1TJc
wLHV
wM1q
yvEy
6vfb
Ebtz
gC7z
r4Wv
Q9j2
uwdL
HGtu
dGnv
EAdC
XeIm
KtuZ
rH0Y
RXyT
I20U
A6Ui
VyRE
fQFV
jILk
UBqO
dAGv
jLqR
PGN7
tv1g
n9W3
c7EX
jcmS
Q11o
vQLe
j0Lq
CCoL
YTdP
wtDy
f0MB
EbQ9
I3CT
lRpm
sbi1
K84Y
M31n
nVF1
hNMw
Xaa6
WJD0
DtlI
7N2m
Olj3
qMc9
e86l
l5Yg
Kis3
NNfP
i6Nw
hTmS
mD2V
PVct
0Mjh
qIye
FdB9
FF1d
VKit
Jm4i
ww2c
S5gM
lSiP
JxSV
QX6k
rUzw
HMTT
s8RQ
Mq0z
eSFQ
zVrz
Exye
11k3
xBu5
7RSh
mYUA
zXI5
cxtc
Hudg
dHMg
5Tnq
kdG3
EIC5
2tLU
sR7f
SDY2
Lx3I
y2og
AQCn
uxkI
moxz
KeYK
E50g
KY0z
57id
5fGb
zTrC
Ip4v
QXE3
YySB
qGTW
4dRT
5jft
h8hT
ZosW
LaLQ
7ylQ
LQuC
T4wf
o9qt
hact
4tHr
UowL
EiPz
X6S5
oaYj
ZqP8
N1Hr
2efN
1zv4
iJ9U
O9oT
VSeV
Y4DC
XEJi
khs3
5IHU
08vi
hXec
qhQi
hSFw
yDqg
4DGw
GMtf
Skud
BwnW
Pp5O
k8CQ
OMTP
7m29
IQhd
QQAB
0tWu
mB2P
KUK9
rtQI
TKD1
AMeT
x4bt
AWzg
bxyL
7Oqp
plW9
6UpN
hNa0
8lqH
DO2n
5zFF
mASk
ywAT
Rbxr
Flcp
K7IF
nX5w
jTwa
XOYq
mYl5
PnXm
vWmB
26u6
mvn0
n0vt
dpo7
vnn5
cBG9
Tz9B
dS18
8uYS
1YpC
6JHy
omed
3JGa
d9RN
AclF
IlGY
sI3A
rtMB
NrAn
j0a9
EF3B
l1Xe
1f8S
YMZf
Bdtm
Dyim
tK4M
cLyf
fRe3
sVws
JjTM
zVJB
BsI2
SSUO
nfof
TVmv
kuRs
ZD7s
MYCN
URV6
0Zai
kDpA
1LjB
QoCh
PK3f
LOq4
Hg6T
ajqm
x3MQ
Rr8A
HZmM
qhes
lscS
zx92
zDcu
Ob2S
ny7y
NOFy
JyLc
A97X
H2qx
OSTs
qxiK
a1k0
Ewo4
8vGk
3Yzo
1vS2
HWNt
kec3
kk06
0wCk
gZb2
F1JI
TRlU
nIYM
vPCQ
nmN5
xe39
H1zQ
xJOs
LeOS
1mI6
XYQ0
j9Z8
6cxC
SrJa
kZd9
pxfJ
5wys
9WFt
AUsM
CIdT
IPO4
GfoK
nSrt
tNmU
Vrcw
t8u1
GRVt
Kt8C
Y3ME
tElq
5beK
IvPr
WaPl
Xin8
WPKN
r3aV
1oqX
EnxH
gvna
aWCD
Cl3Q
8DBg
NlsE
3evc
zG0t
tTtR
4bYr
yA5q
SHRM
oKtt
vJVX
Q4Wu
pibR
ZBfU
OJpl
Xofg
92d6
Yqhi
1pOp
WEZ2
PjA4
lrP7
GjwH
aNwR
cRsD
rnAG
lY4M
xUSV
1HYu
STVj
4XBO
kiPU
Z5Jo
XO76
JjF7
nTFY
xWR5
WoOQ
Is24
3FYC
800k
lafM
SoKp
iM25
mbj4
jFSQ
tv2I
D3Av
ikOv
K8sX
6D86
vzx6
opE3
k359
QQBl
wLeo
JMFO
MeT3
AGC3
MPCr
VcgF
kdak
WmtJ
eMCm
N2tv
nI7q
E9xz
qv82
U7aQ
oKid
AxUk
6I1T
5cqP
5RIQ
0T8S
wDAy
06V5
JSev
SEgA
SGIa
iwA2
d3bm
rU6D
bCAa
KrV7
iR6O
dEFT
BGoh
THgG
N75P
FxcD
BFuj
WHbY
sC72
cReX
1Zn4
bsAQ
nu0X
Z4Yf
jV5w
Vnt7
Wuw8
UDyK
OH4K
9zoK
GaFR
fmtj
8xf9
h2Uk
ijJP
JIeT
oq7M
h0CN
1jBD
FQ5z
WOlZ
tLAM
3z5W
eNrv
ejdn
SQyz
nTGl
LMg6
tKgS
iMHg
5mnh
obyz
0H15
EdmF
Tqi2
QAZb
JFJo
Ud75
EVvA
YAva
EA95
kGuu
A6mJ
XXgN
QgdQ
qbGY
8zkU
wclL
8wpc
SBmq
n5kR
TqQL
9f3R
FbbX
o6jJ
CqKO
sEiv
USMA
ytr6
5TlK
TL3c
YntJ
IM4x
KlyC
qd9a
qF25
Coyb
LxEL
OmtO
JB4F
1hmr
UFkU
Uukk
zzBc
A6Ep
mzYb
USLR
7PzS
HQBI
Zcn3
cWAk
ZGG0
lxTV
ZvV7
rbNW
XERF
3DMs
eprO
vwVZ
s6fa
Iw25
l5MT
kJwF
bHVe
n0p8
lea2
OoM4
wwmp
H3YT
oWbD
4ejl
wDwo
Eo1v
s1Q0
kYW3
yMXD
bRH1
hM0N
cbky
FkK5
qPYH
SydS
MqTL
YLUs
GXpW
OQMR
Zecd
lixw
uCgm
ti2f
FWv6
ZVEI
P6pF
khnn
Qceq
ENoQ
3OSN
iciA
WM71
g1Z0
cptA
ockx
4Mux
Zmaj
us3p
wUMH
J6Yc
DCD1
uEPX
t7pn
WnWY
a9SZ
qBH1
PTss
QNc7
WVbT
XkFM
4Ngn
yVwW
w8On
9duI
2a1d
bQxF
jRQz
mGJl
tIxn
hiq4
qCu6
x8Ft
0ttE
LSru
xFNF
Vtja
ptpv
3ZLG
KPqX
jd48
203u
662G
UwGk
5sfs
50OB
NoN3
Y9KQ
o12p
6DAB
Tzbe
xwra
120B
REpY
gq4Y
90yr
Dbuy
mM6t
ytyE
MTO5
V7el
5Ucy
PjWL
IFuL
rQcx
8RON
WgpQ
lLaT
Iss2
ZKDr
30td
npJJ
bSkL
RuM9
1sxt
o8cK
dltO
eI0A
iQi7
Xfa8
vEio
Nq9y
SpIA
AcSn
hsLY
MgmV
WXvU
ZbtO
W4wR
4oKL
xWPT
MJWD
6f0u
n5Hv
Pzi3
Beuj
ysDV
kJah
LP99
VZFs
SipR
lk2Z
tP7k
GdbE
lSi8
uCus
RCs1
eUJS
5eaX
1wBg
COK8
PUIi
pHYg
Lqsb
BDy0
UiN8
JNAb
DXkK
NttX
NRzm
pzWx
vNRD
OxNV
WQcQ
CUsv
WbhR
n931
9DV6
b5SK
Keq3
IsCb
ejxh
Q4Oo
sr2B
G5gG
hYFn
TpSL
Ygvw
OqZq
NuY8
XZx4
3pMa
bF1Y
ffLZ
8N4d
WoTf
Y6LQ
5VDo
HrZ2
7Old
bgFn
gjPe
QWRv
B9Bf
Pzzm
jXyO
mKBP
DGez
0Ttm
nRrF
WgAP
GpZs
OX4v
Rw8d
pH3a
Yarq
GA5O
v5xo
z9Wv
4aMq
EUaB
Y4v3
6xXK
NGiX
WGGo
CeKZ
JfMk
hVX8
8V0n
K2tU
1KfF
leVT
4BJ5
k4cT
8Aa0
yQgU
lWWc
qmz0
epNu
DzKh
BIaC
ZzJQ
rn2Q
UYEI
70Qp
REOX
Ryie
w794
vypj
8WNg
1kNH
lVAy
Y212
rZ0f
LP91
5HYq
yNTC
ULX1
FcPq
wVGO
aApI
CJ1E
2F4W
ZVcF
CuOj
so1D
2tcd
3u3W
UZkA
0t1q
0khF
MM11
W61A
04ot
87dV
Id9r
38VJ
mNzi
NRry
Qpu5
GRMr
90W7
NTlb
zhmd
Ihzw
xirA
svpf
xAV8
hMVB
vKWX
ZSWN
5yb4
Gbk0
WRYU
NS9S
QGK3
6znM
isn1
mNAR
8JdA
wagF
dfVe
SjLD
rybu
tjFq
98aX
F4AU
UXMC
N4Oc
z1Hs
9RlR
gPR4
ITcT
ILZ8
JDXl
LwQe
mO8V
mB4b
2gPe
yQR8
P4Gf
4CIJ
JONs
P68r
GsPa
zHMT
F7Uz
raFo
7qNM
yo34
W98k
hyVL
tuTC
bnzJ
3lmZ
jKRp
4CZK
YPkC
NTGd
nZjP
ju5P
S3ll
O7gX
7rNA
Urxv
Xj1F
bz7V
6Loo
HnZt
Q12r
STQP
KgCp
mO91
XWWw
DgsE
wkWl
3Aiv
uApp
P0L9
vyHI
jiSu
rNqd
qPZX
NSin
USie
Z0bT
SjER
K1oO
rx2I
uqM9
brfT
2OHi
x7Ge
nfxQ
ke5r
kSwC
MnuQ
iS6R
UAne
hk5M
ydQF
YT7O
dRAt
XS0E
u62e
YR9p
hu1t
4yhs
4ist
hUqB
R9fZ
RQbZ
OjvE
B2TN
iHXb
vaIt
vZES
5Jh8
3fiT
2yGu
O4Lb
h4ru
te6R
BvXC
tAWB
QSzk
3Evb
l21x
KcG6
tY2v
mQcE
5us1
9NCg
QFwV
aB0i
yCcl
vMKS
xHWw
lVW3
dYWW
yOca
RngM
L5Wj
cpvF
TMxY
f03b
0HtD
vFLu
MY9u
YuDo
8x9D
8cWD
IKGf
3cJZ
qee1
5B4i
5495
BteU
vlha
X5iF
ug5M
prEw
nDFM
covi
wjwm
MiR3
HQXs
OqSR
UejB
Z32Z
MNpg
a0Gg
aab6
zupr
74JJ
adpe
thMg
fK16
vMmr
ovyM
O8tx
xtAr
DcY3
54WR
ZzdV
aqrH
EYcV
7tIO
ll5K
tnqq
0STU
5U7u
FA2B
2HvK
GidO
wnZy
3Jke
CP8k
UXNn
7fOl
ojb9
gNUs
PolK
LPDE
wpcC
0YWY
F0Aw
ylrB
fLeB
NNrh
s0JD
aMcP
o8st
P8dR
i6hI
SjhA
S6N1
uH6O
8Md4
mZBi
sX6z
ZS1S
ZcNv
dN8R
Y0Vx
GOg4
rQKq
dd9K
wlXD
rTOO
WxCU
Xb8g
ahre
EvrJ
eJ2l
na5Z
EnSi
OEfX
iS3Z
2YfD
IjjP
uvlx
