s
o
M
X
K
A
r
6
I
J
R
_
f
2
Y
W
Z
w
n
u
p
O
4
1
E
F
v
i
H
U1
l
0
3
V
8
hw
7
xT
lN
S
t
T4
5
56
uM
JQ
Q
G
9
CU
cn
B
kN
I_
ou
y
hE
B2
r1
XY
q0
XZ
qG
vS
gt
d8
u6
TV
L
EL
U9
lH
hI
B0
v_
HT
MV
q2
CY
gV
O8
48
h4
zQ
fT
kM
FV
A4
M3
N3
aX
DY
eQ
nM
nw
nF
ES
q4
sx
cM
y_
rU
GS
eY
fM
vR
y9
OT
gM
pv
gH
fL
s9
mP
MZ
jq
R9
aF
jZ
gF
j5
wH
ST
fA
IL
C_
QS
ER
oO
dS
Y6
bI
pZ
dF
JU
fw
PZ
W8
IQ
dP
nU
DW
G0
V0
n2
wz
LT
vH
Z8
by
dN
GX
oZ
FQ
pB
gi
mo
k_
pW
OZ
DR
xy
fm
K1
LM
pz
zM
mK
t4
hm
jB
ET
kX
KZ
r5
U3
sE
S0
T3
C0
L0
yD
eZ
E9
sY
yB
iz
ap
pw
pr
z3
cK
WX
g0
CS
ky
v2
tu
ix
au
sW
ew
X7
RV
SY
14
j1
OX
sR
A3
40
mE
RZ
X4
DX
kS
f_
vQ
FJ
K2
wE
EM
wO
ae
g4
bB
wR
bw
q3
KY
rA
cE
w0
bG
cp
xz
x3
G9
KW
sK
NX
il
uV
t5
rJ
gu
78
fs
V3
17
ty
ip
CE
23
oJ
iA
g7
ls
gU
hU
jE
oQ
c4
iL
j_
kI
GP
b8
fY
rQ
eC
qW
fF
lX
bC
gY
cu
ag
sw
n5
iP
iV
FY
xU
B7
IS
y3
kv
DL
z0
jl
X_
R8
h6
jY
dl
P0
uY
g8
kl
sU
vO
r7
su
MO
j2
zS
nC
av
tw
PV
AB
x5
do
m8
I7
cG
k8
sB
AL
iS
k1
NR
tK
JL
dK
zB
l3
dr
m3
wL
zV
ru
T_
BP
nE
bA
e0
KO
iR
pF_
KP
py
y8
yV
km
dS9
BM
coS
ad_
stP
uS8
kwK
qz
mHZ
c3
bgD
gAK
JW
DZ
fY7
B20
aCQ
fjm
w2
cv9
gn6
wLZ
K9
Z7
jJV
QY1
uN7
iv6
zR5
aY0
qCV
lA0
lMR
JT0
moD
dU1
cNX
rvQ
dj5
fP9
bfG
vQU
cfQ
guS
C3_
cl6
hj7
jsV
rL0
hoS
JNU
pA6
nU5
ADY
dkv
nvK
bk6
qtL
wGQ
KN4
eu3
dZ7
nwM
crW
PUY
EY4
bgy
nK5
vxD
iI3
mGV
uCY
GX3
nLO
nGT
iwK
nK0
ixY
lX7
ACY
b6_
auN
iB6
uI5
fMZ
I9_
kpN
nzO
aR6
MU7
hW2
FM6
tR6
oSY
EKS
qKM
adz
mxP
AW7
aAY
hIM
o89
uC_
dDI
eiv
cZ0
ftO
E50
beg
dmO
hl2
fHX
xBT
BNU
dfk
cjD
ps8
flz
bsE
wHX
IJK
cMP
dAU
oAS
hl8
wU6
x23
vPR
uQY
mD9
CP5
oV0
s34
jC6
hI7
eT7
gjP
cmS
cpQ
DMW
A18
r16
CDT
cKW
gK9
bqL
frK
cCU
awS
sJM
nD0
fwV
qsE
sw9
os8
qT1
diE
lAL
cB_
xBS
aF3
bkz
hrI
HK7
mIZ
hop
jHV
jmY
lv6
qy1
IW9
LM2
iqL
hGQ
tzD
fQ4
xE0
tIK
pKM
zQY
AK2
hls
Q40
byK
BKT
UZ3
QZ7
ePX
qJO
duQ
evw
H28
mO4
cA8
cD7
DGS
U27
ijt
HO2
KN9
bqE
jU6
pxI
dk7
jsC
gI_
sCY
itv
yDQ
wJ8
cik
pIR
vS_
uDP
aQR
fF1
bBP
gtT
mNX
yU5
iN2
MOQ
CLP
cdu
ciV
qET
wEQ
gm5
FH1
egG
opv
mt4
brW
hmF
ABJ
rO5
bMX
ijk
jF_
fxM
zBO
aP7
loD
fyD
nF3
S9_
cm7
jNR
qNU
aS9
xY_
nxG
U23
ov3
bvE
QY0
iRT
mX2
fT3
fm0
fw5
B28
JOP
GW2
AM6
jH1
nrE
koZ
lv5
dSY
159
FVX
yKL
kO0
BGZ
wBH
tZ3
f36
mE7
JR_
wG4
n17
cM1
ir0
gOR
jFH
hnt
lxX
mtI
swB
iOQ
GV_
ho2
fQ5
oq4
otX
hDF
AI0
fpS
cJ6
hS_
BEQ
v35
cgw
eJ2
BFR
rSY
bnH
joW
zM6
vCQ
gkW
OR3
efE
cl_
aI_
vJ8
EJ9
BKQ
cL8
fvx
qrX
dPR
kp9
IT4
cV6
iRX
EY_
mEY
S20
ptT
coC
xFU
gyF
kV3
btE
byB
hmn
oE1
tN8
xIY
wBO
gp8
rDE
yE3
bnB
H3_
FQR
cHV
ISW
YZ9
eHR
vz8
uLQ
yI2
hx3
sX3
aez
jsW
EF1
AO_
ci6
JL5
vZ0
jLW
hlB
RZ8
hoC
zNP
loC
jG9
sL2
AOT
zOZ
GJZ
O12
rDI
AR7
lA3
esJ
jsO
GP5
eK6
mKY
bNR
yN9
gpE
pw1
FGW
rDO
iyF
CGK
gq1
xY4
ry5
ER9
qt6
GL6
atN
pO0
oyM
nPZ
kn9
buC
kzY
o24
GK_
mps
DM0
yHR
C5_
ijp
tV0
itO
vDL
ru9
E90
jH3
qIQ
bm4
yzB
LX2
abf
GJP
OU8
luI
bKW
rw9
ajY
ikq
rvV
wLT
qxE
qNW
uvK
iB2
JT4
aE4
K3_
kqB
uCI
cFX
eI0
DGV
cM9
jAK
uH3
ceY
mtV
B79
ku_
IR6
uBL
juY
hzH
rF0
xO1
iCM
no8
GHX
GQU
jms
qxG
acW
cgm
nA8
nL0
BTX
asW
sJQ
dV4
ay2
jyQ
W89
tJO
acB
pV0
bzO
btL
aOR
tuV
bgA
DN6
fhK
LP2
LZ5
bzM
fEZ
env
ceN
dfH
bKO
bu8
hjs
cZ9
ST3
QUV
mDS
oW2
eV5
rC9
zIX
jG1
kpt
aB4
dtS
oEI
fFX
otC
iT1
gzP
sN1
dmx
aDT
sBF
nV5
dP0
lY8
xK7
FR4
fuI
gzU
crX
cgq
dxO
i68
IR1
rBL
DFX
AF9
JO5
dL_
mFZ
eFY
IN5
MOY
dDQ
bly
glT
uW0
yAM
A14
alT
pAI
hJ6
xKU
amC
bpR
TZ5
DSY
dpQ
inz
IV6
zL8
EHZ
oB_
xV1
KRS
AKX
zRU
sO4
imK
kwO
imq
uyX
lUX
HT_
wxJ
bTV
irs
aj2
grP
hw0
vJT
cO9
gnx
nT7
dr8
fjl
g60
fi1
iU_
R6_
qSX
CF2
myX
elx
fg8
aC7
cpN
LZ3
cAU
tvR
yPU
MZ7
RSX
suT
mGM
wH5
rE9
ew6
jC7
euH
puI
enE
hB1
DKL
abd
xAM
rtK
hlp
hK6
qtN
bu_
iy6
fvC
aNW
fs4
sGL
TX1
qOQ
diB
kKN
iHN
sxH
zOT
abo
m17
iv7
lU7
IX_
GMO
b7_
vwS
CT8
sw6
yOY
qCM
dhP
lou
kI4
v1_
GO5
otZ
zA2
g47
BEU
CL5
mx_
iJ6
CJM
jow
RXY
Z28
aB3
yEW
GIT
aeE
cuX
eD3
oN2
q48
HIY
mM1
hEH
tzV
qy6
pP2
uBM
gIR
lpS
aes
jmp
cLO
aGQ
mTZ
zV9
hZ9
rt1
ouB
yV8
oT2
rJV
lqB
ABM
KX1
rzI
fPY
bcJ
klz
fx4
bL3
xI4
DY0
gxA
fD5
nGH
vBV
ij2
aOQ
ay5
jzC
fD4
adu
sC4
ps0
eA5
wR7
yMS
JNR
kE4
or5
qGP
U12
kzA
dPW
kZ7
czG
pO3
kqX
iKR
AX4
JOZ
boI
AJ8
hiZ
COV
koV
lA7
dtX
ajV
iu0
oY6
AMY
pLP
cOW
pY9
ipt
CU_
iwy
lr1
vMS
FR7
jzY
rtZ
lp1
RY_
bDZ
bDE
uK7
EX3
yEO
fh2
vV7
a29
dGM
JNO
hsv
ayL
hLM
ntv
mXZ
wL1
asu
CIP
bjV
ovE
bF1
MUV
lEF
mzW
lrX
qKN
zX4
mY9
evF
sRZ
jEY
bwA
eLQ
nvO
ijH
pV5
CG1
uRX
zBK
cGM
DOW
kwI
aXY
aqR
hV0
rOT
GW6
gJR
hDL
NY2
cC_
afo
rT5
sw8
DOP
xDE
bLW
iF5
m18
qyQ
cfM
NT7
tM2
tyZ
hQ5
V29
HMW
gq8
d4_
az5
pst
780
UZ4
eoK
xQ5
DF2
FGY
sMT
ep0
fGK
BDQ
yFY
yTX
CX0
hrx
bm5
ehW
xLX
JR8
for
uW8
jU_
NR1
hJ1
qBG
kV2
tY5
klr
EM7
AY9
ruX
ms2
swT
iGP
iNV
cnB
hxA
az4
vG_
pvC
hn8
lJV
rE5
iCN
sZ5
BN5
u0_
cIO
ANU
fsu
fzA
qrR
ES9
eZ5
mB9
KR5
uU1
IRV
aKL
BI0
eB2
glX
hPS
DO3
xyO
rtP
dwP
jqU
XZ_
s1_
wKM
o30
KZ0
nsK
Y47
eJ0
jEQ
fqB
bMO
lrN
n45
fuE
sIV
joL
sAP
gxW
dH1
fwR
izF
mz2
f18
tP9
bkv
BZ8
AZ8
jZ_
bxD
qKL
DUV
gm4
fW5
249
yXY
nG2
yD7
jwM
sQ4
jC8
gkZ
glW
yDH
cP7
lvJ
zY8
hn1
dek
rv5
HRY
hz7
hC3
zW1
jn3
nIW
cqK
wx4
d67
kIN
xEO
oy0
gB5
dC1
bhL
g90
DL9
hAT
IJR
ftu
uDI
imW
mqL
j4_
fvZ
opu
qCI
pyU
swS
bzQ
ozH
el2
cV_
M45
iIL
su0
tuA
mN2
kU9
dir
duZ
GV4
mqY
DPU
bJ7
O30
svB
kY4
qzQ
lDI
eOQ
HWY
uxG
azV
bcH
jJQ
y70
ehH
EMZ
i35
pq2
a26
sIO
ouD
tY0
z48
hp7
pu2
rCL
bHU
fW0
gBC
xWX
hmQ
tNR
eL8
eKU
FHV
rsV
erT
lF8
jnu
SW8
cGT
bBJ
fiR
bT7
fgR
hnA
eUZ
qQ7
eKO
lZ3
yK8
qF7
tyE
HI8
hQ4
wJW
J2_
dS1
lpO
W28
xQ1
bq_
yOT
ixU
gzC
MS3
koy
uF3
cHM
mx6
irS
wy4
cM3
qA6
bY0
hQS
fi7
wzK
567
fiS
hGL
fvA
cW4
irU
sPZ
zPY
aqJ
lEN
ej3
mnI
xAC
mX0
r27
agK
rwY
buR
mS8
kQ0
QYZ
RW5
GRZ
hwE
pA1
ltZ
vA8
ejB
rEP
kLU
syI
kIX
vwR
AC1
nsN
lmw
oKR
xP7
alu
gJM
GKO
rNW
q30
dV_
bgX
fwN
fgl
ewz
mU4
jo5
x3_
yGP
bIR
yP6
IKY
mwx
rEQ
xW8
pwY
FR9
tZ1
FN7
JW8
R79
dW5
rI6
vBU
ixy
jo_
kD1
gzW
DZ4
n38
qV7
lT0
hGR
kAT
nG7
qT6
cjY
vD3
zKT
wB0
Q7_
fmp
rE6
hkq
pQ3
alz
HW3
hrF
iG1
dmT
ajz
cdZ
jv3
aU5
AD4
jU7
yER
cmG
jW1
wT_
ekO
B49
qAJ
hxL
X80
lEL
378
cuJ
rtM
IR8
eyB
BCN
kPV
sWX
aBO
I28
DG1
krQ
wzI
gCZ
qMW
hL4
hpP
R8_
bF9
iIN
fiK
mR4
qN4
cv4
lTU
bU7
nX5
ky1
mtu
ADL
imI
OZ3
oxV
oN5
rtD
jS0
tDX
aMS
AF6
ILP
gJ_
lqO
jFI
I79
deO
sMZ
cfk
EZ9
orZ
mqK
ceZ
AFW
DL5
L4_
iC0
hlG
xSW
dGL
hM0
sRU
puK
jpr
AER
FK2
pE8
nzK
ovJ
uGV
p25
oM3
nEK
g5_
x8_
lqu
BQ_
xFT
ev5
lr6
JKY
xOP
bU3
kM0
nzX
ipE
cY9
aoG
atQ
a49
S19
ko6
nsW
aru
aD8
uDO
LT4
fB3
kXY
rz8
qw7
GOR
csD
brI
iEV
CY5
lwC
uMO
HSU
asz
dU2
D28
cHW
xT0
wJ7
itR
qG6
stA
JOX
h8_
lsy
AHY
sC9
JO0
fYZ
nH_
jpu
beQ
jV7
iGH
bL4
qR7
PZ9
quB
aiT
ksA
mrM
HM_
hyU
tIX
fwA
460
B70
a20
kxG
CIR
osX
qMS
INO
oX9
jU9
jzV
kN2
mE8
OW1
bKN
HJK
pHY
jl9
bdy
hI_
RVW
GTV
Y23
Z5_
aW6
fhm
esy
vE_
fQV
txO
ftA
clw
K56
bjs
BY6
jHT
G5_
dtG
mnM
bgY
aW8
cz3
CY9
gDN
iOU
aq5
LMV
GSX
CRS
qt2
dBF
jOT
F89
osP
dm6
kpF
g40
dj6
pFR
dg4
uvR
tIM
bfh
PQX
fU9
uOS
b34
ATZ
bnO
pN_
sv2
mw7
fyA
kpv
rw8
k69
lqD
dj3
PSU
lmr
APR
uHJ
yL_
hS9
AEY
irt
hvC
ceO
gMO
uA8
KMQ
rY2
mq9
hR4
hj_
nC1
AU9
dh3
QTV
qyO
uF1
eM8
fxB
mqR
lHP
JL6
BGS
hqM
CDY
hiH
al7
pKN
psv
BMY
uxA
oZ1
nvS
bhV
dqw
OP0
nA1
uA3
Z50
r68
qGQ
dqJ
HP0
hip
dk4
gmG
jV2
ex3
c60
Y24
cfK
ops
mG1
pvD
tOR
BP9
b67
eZ2
xYZ
JT5
gK7
oQY
IZ9
vQ8
pJT
lvN
mFJ
oO6
aFP
EHI
aF0
uLT
rx5
fOT
suz
jK6
lrJ
Z10
dBU
eu8
HQU
xyX
fJR
HTU
rCZ
dC0
rvA
dhi
IK9
cJU
lsz
NT4
fjq
sJ6
eHK
mx0
A60
tS6
hLY
N37
mIJ
oY8
vG4
iwG
xDF
bvX
aoA
CK2
A1_
egL
tyD
BD1
hk8
Q13
cdo
jwI
EPU
HO_
fgK
txG
jpU
ER2
br2
v14
vAC
AG3
eyT
dyz
rHV
ajW
qE0
wCU
eFZ
st_
kmG
WX5
tDK
V90
av3
dB4
sK0
iRW
xP5
gFJ
cfU
zEK
qJ2
GZ1
wV_
hqJ
rN_
gzN
jsI
qL5
knr
hwV
QT1
qrs
dkM
blv
dhG
wx8
NY3
kVW
EN5
czH
dxX
bW0
swE
uST
dP5
dAW
jK8
lR3
vQ1
vJ5
kzD
xUZ
yA2
akC
ezC
M40
pSV
jRX
gk0
iB7
KM_
J16
ftM
yHU
tDV
qH6
hEX
cx1
dNY
dpK
rHM
oAK
jAT
yEI
dy5
cl0
fn5
iOT
bO2
ah4
rF7
kpH
swH
zX9
PSY
ct4
doK
dfK
dr3
kAM
JW4
gJK
xJK
DL_
aCD
rR8
oH3
AOX
b40
dzJ
efT
oF3
yW4
GI4
iDP
sGK
BIS
nQ_
FJ8
hjn
w12
cd9
sG7
iuO
nzA
hH5
GPR
pL1
tCW
vD9
DFM
nI4
rBQ
lAZ
NSW
BJK
frR
wAM
LT7
dmp
aM_
eqx
sH0
ER1
hX7
ekq
fZ9
jz9
mv8
EJ7
CGV
lps
eV2
rzU
hFK
z80
fkD
myO
nz3
rSX
rHX
tvx
rEL
iqR
kvH
hpZ
wCM
luJ
dX7
bCJ
cA0
cHN
gh5
bOS
hkC
iDJ
uwz
yX0
APS
wU3
ijT
OS1
eY4
fkm
bEY
ptH
efY
hq_
vLV
c36
EXY
fvG
uvL
zB1
fER
bd8
mBC
sDJ
byz
kqN
BRU
mHS
gN5
HL9
vCU
qvZ
frM
hqI
W12
kzO
yJX
z70
gjw
iE6
oAP
pDF
yJ9
iKX
nF_
iD7
tU0
PQZ
kGV
CMS
C18
nT_
avB
be2
mDF
awJ
wPS
cdf
wDE
ltF
d49
kLP
fV5
svx
UZ7
gNQ
mDV
dUW
gPQ
dwJ
m47
vKM
aM5
vD_
u67
BJ_
NYZ
M35
BNW
eN1
EHR
kHM
i80
hB8
lyG
sCW
wNV
frC
pPR
H2_
IN_
KPZ
dry
dqt
eq4
doy
gkL
hHW
CDO
e23
ctH
rwB
OS2
hjZ
FQ9
etW
cnE
fmQ
kl_
wU8
qW7
GPZ
os2
jwQ
sv8
bT1
S7_
aS0
uZ3
eQ6
qEP
pvB
afp
zKL
auA
q13
zUY
tx4
ers
cfh
hR_
zG3
rV5
EFJ
efh
jsv
dkK
BCI
kF_
hLQ
cfs
qW2
wyA
nE0
biF
ipY
kCV
IK5
grA
hjR
bpx
iS7
cEW
GTZ
uwK
E59
jnF
UY_
FUW
biU
pEG
im0
lHJ
bq3
aor
F57
sBK
IJ8
hvQ
enX
zF8
kzH
CEJ
gEP
lsV
hnG
ckw
iB_
nIM
EV9
iku
pvJ
npY
itH
eO5
nD2
rI0
X19
u7_
rzE
wJP
sv7
HR8
fD8
SU_
zNZ
U16
tU6
pt9
fY8
jkE
xIZ
fB1
BK9
R23
kow
gHU
inX
itM
juE
vL8
lsw
fWX
QUW
v9_
UW4
DG8
lAO
kHR
gF0
nqQ
gu5
pH0
arx
nF5
z35
bvD
pzF
CNO
X16
rL1
qB2
tH1
nT5
kMP
xM6
wyM
tPZ
rVX
ABW
uDS
ayA
hQR
cIY
iyM
koM
diJ
fs5
LW6
xFK
g9_
zQ3
eR2
EP1
hlH
deA
ry4
RW_
vTU
sBL
kp2
fX5
qs_
grD
ftF
mx3
pvO
zG1
hVX
WZ_
IOW
oFO
JUV
PZ0
qsP
oZ2
ny8
wBZ
ayY
FH5
eC5
h47
IW6
dfv
IM4
pT8
lGH
ALQ
hsP
oP4
uEG
B45
noM
CW8
hz9
mE4
qvM
tLN
rv3
pVW
giL
jGH
lTY
x56
iyB
XY4
pSZ
pxR
fKR
dlp
kGS
kU3
tKO
uL2
uLZ
bJ5
iow
eAS
eH4
bdN
zEQ
lFH
A69
duv
be5
aPQ
QUY
ehR
bQ5
AF1
x90
iqT
kL6
qx2
xM7
dG5
fU1
qzU
xM_
iL8
ew5
bij
hFG
imZ
txF
kvF
eKQ
sxW
QS_
fqQ
npu
SX8
nq6
ad0
bM3
bwS
UW2
qNQ
nP_
mx7
dR8
eOX
JU0
HW4
bD5
tG5
bC3
dl7
nR7
ij5
fr4
eI7
mH1
qCT
N68
DVZ
boq
wIL
FLV
ijU
tIW
osZ
dux
bE6
ip2
wyH
suR
f7_
y80
lK4
S90
HN2
dv4
oEX
np4
fuY
xHS
mCT
dvJ
hv5
de9
dHT
ruA
dAH
oOT
xAV
gjT
v25
uJ5
OUX
dCS
zZ2
iy2
yCY
xD1
gB_
auK
iyL
owE
gIW
fnE
xEY
uRZ
pY5
cQ9
lV7
iMS
sBP
pK3
asG
bUZ
U47
sD8
mKR
ES_
qD9
RX3
CDS
iAS
dDG
nsT
u17
rJX
u24
gy6
hj4
btJ
BN9
EMY
AVZ
hkm
ryH
dGI
qT3
GMP
wy8
TVX
iEI
bO_
cdx
syS
DV7
LQV
wxW
NPW
CDQ
kOR
fx3
qPW
EJZ
oLQ
zJ9
HO0
gkD
OZ9
cET
KS5
knE
rAT
KOU
szV
xR1
hsx
oQ5
cPY
hGV
tuw
jEI
dmS
L50
btX
nW9
oFN
oM1
iTW
mRV
yFZ
kB3
oyG
oGM
gu8
iPQ
aIL
iQS
jyR
yC8
AJ9
xRV
jq3
cA_
fI0
UZ6
jS9
ei0
ioN
pN1
lEW
sUV
evx
axP
APV
dhA
jV_
s8_
dqX
jln
bi_
j69
bgV
npy
cHX
xD9
ehI
anI
JV4
pH9
oSZ
tLY
ny4
fkn
FJ5
qI_
kOX
cwX
HT0
P10
d59
aIP
afS
qCL
cCL
HP9
bY8
mwK
ntR
hU0
xA0
emp
u16
KMO
qRT
bOR
bzR
hr2
AT6
x48
HMQ
vBT
ow5
lO7
mBD
eG6
fj2
gqF
tIT
mrC
mL9
aeo
mAE
hmC
HI3
es5
CJL
IY5
EX5
KP6
iE3
eH2
oBY
BJY
tFY
BM4
fJ5
mxO
lK1
klw
IK6
jD8
iC1
q56
pwG
tE1
ae7
cgA
acd
sS3
LN2
rt9
oTZ
KW6
aj3
dzT
AL8
emu
IU9
jlY
ai5
zLV
bk0
egR
del
rAQ
DJQ
cPW
CI7
D10
oW4
vEK
aMT
b17
xH5
CIX
jC5
inG
f80
jrR
bPW
zN7
OQT
pqE
nzC
ntA
iS3
DOS
gEL
fEK
uN6
gio
tBJ
mrX
fuS
eoD
vA6
zA9
lCM
12_
hsK
ovO
sU5
fgN
iEQ
GI9
dnT
oFW
sH8
rvF
pyF
oEO
bO0
ip8
lqv
RT0
hyE
fX0
uI7
pAT
aC9
agP
cpE
jkr
t24
fO6
auU
KPW
tU7
j18
fgG
n69
BQV
ivw
det
ipP
fsH
GMN
oT6
fiJ
FNO
F29
wGY
aN7
mnp
ptB
mAH
epr
fDY
sKS
QZ_
gXY
AMT
a17
xIM
pNZ
iDY
aJO
deK
chs
np2
lEQ
cmE
IJ0
ksT
uy7
lux
zV0
zBC
gY2
luH
ef8
ioS
BH_
nr9
sNZ
ELY
LNY
suU
ntY
mAO
lzP
coG
oIP
kQT
lC9
uwZ
knq
hrV
mGN
yK_
hoL
NZ_
IOY
zDG
hpw
hiz
V67
qAE
uw2
zIK
lKT
eBD
uDG
bls
pKO
pWY
ko8
eP6
NQY
mty
IZ2
nD_
ktw
ilF
RS9
jt4
bcE
eEM
aTW
yN2
jpJ
lL2
yKX
uz8
EPQ
JZ7
fO0
zXY
vDK
LP7
hzC
qz_
pPV
jZ1
abI
bJ6
qJZ
yQ9
sR7
CD7
bfy
eg6
axD
qvE
COP
xIL
esU
CLW
jw0
cCM
IW5
dT1
V56
BKV
eW4
pY0
v12
cg_
ptO
hK1
kC8
apL
hk4
beG
LR6
vX9
x15
AL1
cu6
bny
inB
DFJ
mtX
gV1
lnr
lwO
lUY
JMP
qwJ
zM1
vEU
qU2
jux
rN8
s9_
rO6
in7
orW
lmo
mN4
ixN
xIQ
HS7
wF9
cKR
JNQ
jz2
jL2
huy
pEZ
oH5
cx_
IX3
cKS
mR9
efS
lrt
orP
CS4
aeK
bU5
rU2
oMO
uD_
gG2
wB8
kuK
jBI
rOW
gM1
hr8
uMU
DI6
uN8
jxJ
lX3
rM0
fJX
sC1
aAT
K69
fj1
cTU
myW
vAU
z89
oDJ
d14
ETV
aAG
b18
kz7
DN4
ER8
eyY
bdv
etx
bgW
emA
i56
vW8
rz9
hrA
uwS
rsv
bnQ
vwU
drQ
D19
vP4
xyD
GX7
uxK
pT9
lY_
bfA
nT6
bsX
pxC
ah8
mIP
kCN
gl9
isP
DNT
sQ1
fkW
jMW
gR4
ckK
vQS
135
luY
sP4
nAV
hnN
HZ3
hiS
aqY
grW
ABN
B10
cj_
egW
LS1
vA4
wG_
sHR
deu
fxD
LS7
ksC
hrR
U6_
nE3
TY1
hOX
dzR
iyI
fWY
wBV
aU6
cuF
lm9
B68
iqv
yFG
tA3
z23
fJ3
yG7
ijR
TUY
fo3
msY
wP3
qLQ
muF
biH
iJX
iX2
zWZ
kW8
alJ
moH
jH9
nN7
gy5
dgC
lDL
hwW
fP8
qu1
fq2
ao1
ty4
kyU
r40
vxH
lL5
xy7
rDQ
fAY
iFJ
dPS
APY
yR5
pX2
stT
V38
D89
EI2
qFZ
gJL
F90
SY2
zBU
svT
bE7
mDH
qxO
eV8
DEO
CX9
gPV
hRU
tI5
ps3
qST
exD
eHN
dEP
gTV
cGH
dkl
lJ4
hu4
uyB
kv_
W18
EGW
oW5
bio
pBD
oEL
lqE
cgO
jyO
jD1
BC1
k25
MSW
oI5
kuz
W5_
MZ9
iR5
GR7
mHR
clK
bZ5
P30
oqN
dwZ
yzG
kBW
iRS
juy
bI1
iI8
tJ5
vEF
owU
bp5
quW
qRY
pKQ
MUY
rGT
c19
gH4
go4
nqD
y49
qQ9
isC
kBT
xT1
JO4
gpV
in_
EMQ
jA0
ajH
tyA
ei8
oA6
goK
ix8
CGO
zD2
ak4
sGH
kST
BM6
gVX
dF4
eEF
y67
e9_
lFM
uT3
x58
DEX
ovQ
erw
czN
oKM
bH2
JQS
IMU
blt
KX8
az3
tIP
hOU
tyN
kZ6
wY7
jVZ
w16
h7_
dq0
wH9
gsW
r6_
kDQ
dAK
ANW
iDN
wO0
aiz
zY_
hsN
bBD
KY2
mwI
bAS
itA
tE7
egp
elP
lQ4
oFX
g78
dBV
QY8
yDM
cr8
K14
vK6
fvS
vOX
dN6
jZ9
BM1
CV2
kq0
efO
JL9
eix
APX
wCR
uJU
bjG
gJ0
gCD
lH4
alH
zY7
vz6
doW
lGO
AW2
AE_
aV6
EV4
S5_
I34
glF
mGP
eoQ
jAU
HJV
ny_
MYZ
q68
F9_
lwE
fQX
gCN
467
hs2
ktC
cu1
isF
br7
mxF
uGY
oxG
nxR
xF9
jJ4
mSU
dqA
kCY
nFT
FNT
nzQ
coz
noH
loO
nAB
emG
jwL
tE2
zJ2
ALT
kuV
giu
eis
VX6
dl2
qL0
mIQ
goY
I3_
lU9
KZ3
bst
nCP
tI6
vMW
uW5
hqO
jFR
JOR
boZ
CMV
EQZ
V27
awP
BCW
myR
iR4
afB
hP9
cl7
uE5
bkS
vJ4
jvx
jI6
wQ1
U56
euN
itG
xLT
GU8
mAL
eL0
wO5
gBO
RX6
V78
dS3
jCZ
aFH
OP4
ERW
OR1
nAK
anz
rIJ
gI1
eAW
pqV
wE0
aJN
bU2
eV_
pFS
HS4
GUW
lLU
lA_
vCO
aey
yI5
efi
oM8
nMZ
MT2
otN
o57
AHZ
uO7
coH
iF4
R67
exZ
bv0
yM1
vHV
akH
kWZ
tKL
kS1
in0
qFJ
yM3
MW8
kDO
uS7
yP3
JM7
cv2
cuT
gCJ
hxS
gvZ
dEI
DEZ
B34
kqO
yX7
nq7
hnH
dh2
eE8
DT6
zC_
lmN
tF_
wEH
LU7
IT9
zE9
CKM
ipM
mn0
PY0
CTU
uEU
stI
GN4
xN4
mnD
gor
ajp
TZ7
nCE
ABP
sS6
glm
emN
cv6
xOR
gGI
sw3
AZ6
oz0
jxA
xM3
n59
hZ4
hBZ
efX
jmB
cZ2
mn6
doA
bDY
ci_
jly
hBF
kBY
bqU
FKO
CD3
uVY
EX1
yE9
L8_
dxG
ci8
cpZ
fT_
ls4
pR_
ou7
KNR
ruE
aq1
lEK
FL9
fko
p68
fpx
eB9
H40
CE8
TU3
R20
iLZ
awX
py_
din
W2_
fvL
vzT
fAT
pNR
sGX
hpy
aCK
p60
gyE
ck0
mCI
oDY
uKL
R57
enO
oCJ
iBU
iw_
kX9
qJ6
gkm
cqD
i23
nS9
zG6
wyW
msF
itz
iT2
ai2
zDS
dh9
BX3
DIM
qCK
LM3
X60
lS3
lDU
C48
M7_
hiT
f37
sLY
oIR
sE4
R80
N40
bG_
vwI
EGZ
KR7
K34
sV4
ex7
auC
jrS
rS6
fhn
kH9
gw9
oqs
UY3
s90
lwW
vZ5
kX4
nIY
jS6
cZ_
dgY
gs9
dE5
QW5
LOW
vL7
x9_
x20
qry
jt8
bxY
rv7
lV0
msz
AE3
zOR
AK3
sFY
dBY
yNS
bLU
ilU
lst
IP_
pAN
yP4
k23
qv0
iCZ
zU4
HKM
u58
acq
vz4
uA0
k14
ghn
BH4
kn7
hmW
u27
E80
AQ9
uTZ
tvB
xHX
mAG
wFH
LV6
bxI
AR3
r67
qU4
zEI
aUV
lqT
lvO
klO
iKY
jJP
hz4
lpX
oGZ
gBS
ehk
mW5
D39
hwH
oAV
biC
fJU
FU8
cuE
hSX
jUY
mzS
eMN
EJO
huN
tW4
inu
jH4
jI4
qz7
vAN
dLP
cgU
amM
sS9
qQ2
iZ1
zPW
gT_
lHM
KZ7
fyH
CP3
e3_
LOQ
dnq
pry
xIR
giC
oAJ
xyB
quP
rYZ
anL
G45
hrL
gkS
JW2
NS7
ilR
cW6
mMY
jsY
ru7
vLY
tzA
pqw
fjU
oLV
dX6
ozU
ahL
ix6
eUW
uTW
w49
fR5
nY_
nEW
xz3
dlK
tU1
cs_
cjR
eqW
qS1
qwX
pP5
gsT
qJQ
jFP
dK3
lrM
fyC
guF
sxX
sIK
tJ8
zMP
kr5
FX1
kK_
orF
bCW
ghk
vO_
hX2
dxL
EUZ
cei
yN5
kpP
GZ9
oKQ
vxQ
sMR
eBU
r20
gy0
fuJ
rT7
GJ1
EY5
xEH
EHV
cqN
s16
jC2
i2_
wGP
lp_
rX5
RUX
gF7
Z4_
LU5
cmF
lpM
DGL
mr8
NP_
ly9
xI8
cfx
hvH
mvU
jq4
iH4
tBD
dm_
bsF
bqx
ltM
jq6
UY7
x27
yzR
c12
gmq
nEX
TV2
ef6
br_
kn4
U25
IWY
qsG
wIQ
CZ0
dm2
lIM
ET6
FH3
AOV
qM2
uJ7
hmE
dmU
LR0
pv7
eE9
Y70
xY7
HS3
HU2
vwZ
noA
mVZ
TV1
dt6
beu
xIV
uP5
coJ
U80
euO
zDL
LX6
IV4
MP_
R15
mCO
vAJ
cf5
duM
ciZ
xW5
u34
fwD
aiV
nOQ
eX9
hoO
ivG
HP3
oMN
fu4
nV8
adS
nBI
uv0
ntX
B0_
gtM
buS
iFL
IRX
l13
CKV
PX3
lL8
bO3
R60
dsY
yF7
jtL
BQY
mv3
zF_
vFX
cQ_
fj5
lGM
ewB
T89
aNX
ev4
fzT
f89
dD7
moG
bR6
HUW
klN
VZ8
iUX
eoN
vzZ
lHV
aqK
IR3
d16
ADH
fV0
vCJ
RV6
pvL
HI_
kvP
FT0
