AlK
LPn
sT
JLp
JXc
KOZ
Dsv
KOI
IJG
EKc
JXr
Fjf
DuQ
GMb
KCo
ACM
IMR
GsC
EAf
JXF
HRH
HDP
EJx
pU
Cw_
EuF
Kqc
EFw
HJX
Fx
DqK
GGG
FEf
JUq
Gxu
Crh
JQG
ADT
ETD
rY
Jje
KQN
EFJ
JzK
EjJ
EY_
HsC
CvR
HED
CfX
ENq
Fjo
E_q
CVF
Cmy
Ahx
Kfc
AUt
Cta
FPr
Fsr
BzX
FWy
Ao
Khy
EfP
BKx
Ibl
DmO
EhO
KyJ
HCf
AyF
GCx
Jb
JIR
ItI
BQn
IWx
CPk
LVn
GuS
Ctr
GAY
EKp
LDN
Ivw
DNb
VN
QI
EvO
B_e
IEk
Blh
Eig
E_f
IVE
GgE
ENQ
AAg
DGB
BwO
IA
OJ
BRy
GNc
DDf
mw
GFn
CrI
BdP
ICW
CtZ
HQj
EoB
FaN
JQz
BXB
DhX
EmS
BRu
JeM
HWs
ISp
BEN
CoS
HPt
Gtc
InR
Fjq
EDO
EXu
Djf
Avf
CeW
AkF
IRM
IMt
JCh
FLp
IHU
BWG
CMC
ChD
EQD
Xm
ICp
Hha
EHz
HUR
KhB
DzD
Hlj
CeS
Ape
KwV
HFY
IFv
Xa
DCN
GJH
Din
DMd
BMF
wb
Yq
IDe
KoB
Gpa
Hjz
G__
Ke
AOl
Dfi
Bhu
LHW
IZI
IeK
ECk
EAu
GdJ
MV
Emq
Cfk
KJU
Hnp
CYw
HdP
DsD
Bhz
BWh
AIL
GHN
IXs
Jev
KRK
Dxd
JWN
Daz
GDE
GnB
EGU
lD
Beb
JDM
ADP
GTn
Ewh
JGB
ACS
ItK
FBh
Ifa
JIl
IAr
F_F
AGy
IRi
EmY
T_
Kjx
IkE
AIu
EFn
Akv
Ixl
Efw
Azp
Hkv
Htr
fG
ISu
Faw
ITq
JVq
LQb
Iaj
HeA
KrM
AMB
DdT
JOv
DMy
BWB
CII
FIo
Kjs
HCJ
GMe
Hok
DYt
AmE
Hgx
Nu
Hud
KTV
KEu
Eww
UP
GeP
JNe
HZM
FoG
Gfi
JPt
EVo
Dmu
FzC
IsF
Gu_
INd
Ani
DBw
HzD
Idk
Cui
BX_
CEc
KrT
HvY
Bzr
EIa
aG
AFw
Frk
DSG
FTK
GVZ
AGT
GEn
IWq
IFu
KcA
IDC
B
BKj
Zx
FIR
AVJ
CgJ
JsA
LOF
LUb
EZA
Kku
LMf
FOi
Biu
IvB
EWp
CEl
hm
C_m
GFj
HpF
IZG
EUS
KvP
IPS
Ibo
JXl
FgB
LUz
BmC
BqN
EZR
IDv
GKk
AUA
Bek
FcG
FwO
gH
Bac
KeA
Kkm
F_S
BOq
Gpo
LBe
IcM
LXJ
Fol
Vt
BFI
Kdr
JQr
EeC
BsG
IOU
Jkv
FPM
Jau
KDk
HUH
EuE
ASL
Kc_
GSF
Erv
CLn
AdH
Eba
DlM
IIf
KaE
Ghq
Kcu
ALs
QP
FlC
EXP
Cxs
HVo
Kev
FYD
KMB
Hmp
KiT
FuD
Dqu
ISi
Aer
AVl
GeM
DSH
D_N
EYg
Blb
Eg_
Gon
DO
KdM
DzL
JdQ
Aur
GMJ
Ebw
BRw
DEl
TK
GKN
KRs
BuX
Ui
KWR
KLB
AZa
mV
IAO
AnE
InF
pT
BrN
KXj
Cop
Joh
FVp
Dlt
EYV
AAm
CGF
BOc
BVN
Ezx
FVi
Gxb
Gis
BCp
HuH
WR
FCR
Jhh
BvP
FQh
Gor
ABk
Cma
HJc
AWE
Ejo
FNe
JyT
GAV
KmW
KyC
JsM
HQY
BqX
HXO
HcI
lo
IOb
GcB
Bae
Cuv
Cha
Eic
Cy_
Kxg
Ave
Cpg
Ezl
FdH
GAz
Aij
Wl
KkH
Dsd
Bit
BBp
nL
IhW
ESw
JXI
CCg
CWl
CMa
LN
DlQ
EFZ
jj
KwG
AFl
IRG
GSM
EDw
Ehq
Bx_
CbC
KXR
lQ
NQ
JSp
GaL
FZx
HOI
JJq
Etk
JiF
ATv
ARg
GHE
KHU
Jyp
DNI
Dcj
FDi
GvY
KDD
Am_
GRJ
JzI
BGX
IQN
AyV
GtZ
D_b
Fh_
ASP
IiI
Eqa
Jsc
Dfd
IaV
FvQ
Ear
JC_
KxF
HC_
Gln
HPO
EiJ
Fyh
KHz
FUR
LOc
GhR
Dqr
JdK
HKF
EvE
IVk
JUf
MU
DQF
AXe
Iby
EqC
IbD
IUv
BSv
FWm
Jxz
Frf
GDr
GWA
CYL
LEa
GGe
Jqg
DkG
BIL
AgK
EmH
FeB
AYj
AwQ
Flf
G_D
KUH
HPr
GPr
IfJ
EYC
AlB
FmS
Ye
AwX
Aoq
CGB
Ext
Cqa
HxP
LQH
GQF
EqZ
GHp
CzV
BxK
LQu
HvS
ICR
HSI
Ia
BoB
B_i
KKU
FYw
KRL
KlY
JNs
FDf
JKi
K_q
BxP
CTz
JPE
KlR
JSg
ia
AYr
LRd
Ihu
BFn
AVy
Azk
DL
Ixh
CXI
GcZ
AXs
IJW
DYo
JWx
BpL
Ckh
BDb
eV
Djc
CgY
DXu
Hyl
Kbj
KSN
AXT
Awj
BXE
IHk
CRw
FIt
DNq
DQo
Frl
Dro
Gxi
DWy
IFj
LTB
CRp
Kww
LVh
HQR
KwN
Efa
AWV
KZp
INn
DYn
BCD
Hka
Kch
Kuf
DBK
A_J
E_u
AOh
LKc
InK
Cep
EqP
Kzo
Gfd
ALa
KSI
Dge
AUX
Ktf
GLT
Jo_
Kiu
HIG
KDH
Awv
HlV
DFO
Ixo
Vm
GKy
JrU
DCy
DCW
ITA
GRz
Idh
Giy
KIs
JWP
KS
JwX
JQt
Bss
Gji
JBm
DVI
JfJ
GwA
IAT
EeV
Dku
Ym
KnO
AfB
FUA
HGS
LOX
Cvb
Kqv
GQP
BEj
BHQ
JPz
A_R
IQc
Dkr
CyG
GXa
IAk
JTK
KlL
Cyg
Brb
GEO
HNj
Aqz
Hot
AeT
KUN
Dgi
JKw
IMg
Emm
BdK
JRA
H_u
KKS
Dno
gu
HiP
JDd
Bdw
GPH
LQ_
HwF
JpF
GJt
F_m
JVN
GsN
UD
DFe
Gfv
AS
GKK
GaT
IqQ
Kho
EVT
sr
KIF
FBF
FpN
Bex
CqP
GTt
JuM
ER_
IIP
Ebz
Ehk
Dyz
IIs
KKe
JlY
Kgm
Sc
HUs
Hpa
GDt
HTs
HVI
DQg
ss
Cks
JBI
AZy
Ghk
Ebo
BEa
ESz
Ecb
BzB
BUU
FRo
HFL
HIJ
FHu
yI
Aib
JaL
HcD
Cec
Chy
DIa
Eft
JhT
Ghm
Byp
JyQ
Eo
GQb
InU
INJ
GUw
xJ
AgH
DRv
Auo
FIE
Amt
GLj
GL_
EKO
DQM
AEK
Jbd
JGd
HEx
Hw_
FZa
KHd
AtQ
HVe
Jif
KVB
AVc
EyW
CZw
JbW
Hrc
HV
EaH
DHe
KRM
EmP
LA_
BKn
BgD
GdZ
IzK
KQp
_r
BBN
JuK
Fjp
ARD
HZR
GVK
FUu
BYx
EkI
Kbn
CfU
FLE
JrA
LOz
Khk
BQl
Hfz
HxJ
FJp
JFo
JKd
DyT
ACP
DzK
EYs
Fvx
AaA
Iwi
Jzo
CUq
JBT
Fsh
EWq
Gmz
FsP
BPu
BDP
EVn
JzA
Fax
GfZ
JCR
Kzy
Guh
GhW
GkY
KUU
LJJ
FXV
CyV
Goi
Erq
AC
COK
ALV
Bwo
DMW
KEf
ECg
Esm
BFO
EXJ
Ho
HrW
IAi
Jew
IKk
KYC
CsI
KFv
FsM
DdL
EOW
GnF
FSY
Eom
FmH
Hkg
uU
LDZ
Djw
JTB
Jmy
dN
CUb
HZQ
HJU
HAI
D_P
Dhl
Hrg
DXD
JPJ
Iqj
EAr
ELC
FyP
DmU
GGA
CXO
DHN
Qa
BuU
CIR
JkE
Gqo
BIp
ESP
DGp
Kcr
HaS
HWN
Bmq
AyO
Fgv
Kaw
BY_
IIo
DiW
DHc
DHv
Ggo
IJv
FkN
FOu
AVL
CJf
Jct
GBf
Aid
BZE
DoG
FHA
LFH
KLG
KjI
NH
AVY
EJa
KxN
FSu
Cdd
KlG
KCx
BjW
Avv
GBj
FpB
vE
JST
JZf
DVz
BOf
Glq
ILN
Ro
AJa
BWq
EJz
IsV
EXk
Jfy
LHk
GUf
GtY
BoC
EAj
Fxs
GBc
Kve
Dzc
FHw
LDA
IHo
EjG
FhQ
I_z
K_a
EVp
ExX
Fsd
Avb
EBq
Drv
DQm
EcB
KPl
XW
Lh
Kgf
GQg
EhP
FpO
Iq_
KZN
COU
AOr
bq
Vg
ISV
IaQ
Fit
DEg
Bbf
ImS
AuE
LBW
GNO
hD
EAI
Gtv
DpQ
DQt
GRs
Gyb
Dgy
HnJ
Ivf
IVe
IYJ
Cbo
LSD
Dll
HNF
DJ
LWG
GTI
DVl
AoI
HjV
Diw
H_c
BxB
JoR
KgC
FRT
KGV
ISo
KIQ
LDC
JhK
Dyg
HSX
ARO
EtX
CY
LPv
JJO
Ahq
IEc
GyY
CEr
GWr
Jbg
Gck
Ade
Ai
CIc
HBr
IWj
EYS
GsI
FGK
Fwu
FDN
FAv
DJk
KxS
IAA
Azg
G_C
PJ
ABV
GJX
JOX
A_e
JWC
Cgi
IgB
ANt
Glb
JhD
ImH
IpO
zs
FBz
DOb
Kea
JNg
FJw
JML
BVo
AAf
Jn
BXh
DcV
HGf
sR
BfJ
FyI
Dky
CTs
Tm
HX_
HHk
HMP
BCz
IjL
Knh
CGn
FMV
Akj
ISf
Fyu
jM
FXk
DHD
Dhv
AVs
Sp
HHv
FID
FPs
BqA
HEZ
IH
FUB
AGu
Khs
DsH
KNp
BZM
BLC
KFi
Ehh
FKz
BPl
BBA
LNg
GCA
IkF
zu
e
B_M
KWD
LHF
KkG
Hxs
GxY
HgK
FxL
BkM
He_
Egh
FGh
FSb
Jja
KIr
HUC
GoW
JhQ
OM
KDj
Ggi
Kcm
LCK
Eru
Jrz
FbS
BLY
KSk
Kri
EDf
EEL
CYo
FSs
ml
Dma
LCr
GDl
Boa
GkA
Kxh
GaA
ys
EMd
KFW
CuI
XA
Adw
AyB
KDJ
CSn
Hs_
IEP
IqX
Jgl
COG
IOh
COj
HeH
IcR
CZN
BEs
KJZ
KLL
Coj
JMe
AYl
Aql
DJb
Ksm
KhG
FSA
Fqe
CEW
DmF
Eve
LBd
BvC
FHN
F_J
FPl
kS
yi
BCa
dn
Hcj
JwJ
EBp
Igt
DDW
Hoo
Hta
FJ_
CUB
Hxl
EsB
Isi
GBE
DXI
JZd
BYi
GAi
Dgo
Adj
KtA
E_t
Ju_
JOK
BZn
JwR
FfC
Bsv
ASe
uy
GcH
IZC
GN
CZA
GAk
Dwu
FTL
EPv
CBJ
JKM
GUg
Jj
KYY
jb
EQq
EkL
Fwh
DcZ
Epf
Dik
GC
Amd
FjX
EFA
FIg
CHw
Blq
LVx
KiN
END
CUA
GPK
A_P
IYf
KAD
JeK
EBI
FaP
Kas
Jt
HVi
HBv
BKL
CLI
GKb
Gta
Joa
LBD
IpM
LSG
CoQ
Chk
Ayu
LVI
CHF
Jqs
GHa
Fdq
Kzh
BcW
Bkw
DZX
LFZ
J_m
GPd
Hq_
JpQ
LKi
FPZ
AAR
GAH
ITI
ByB
CvU
BuK
CrH
CwO
Emu
DpA
CbR
Kvp
ze
mK
FQf
ARM
JWo
FyL
JFc
JTo
KmJ
AZr
EXD
CEo
Ebv
HBZ
BDH
YB
AfI
Jkw
DaV
KNl
GuC
Cap
BqS
JOZ
EJR
KQT
ALS
Kgn
CjG
BGF
FWi
Wh
Edv
KAq
BWk
KwD
AiF
Kow
DsI
wc
KyM
EWM
FIX
JCL
KzR
JPb
BTq
FtP
ESy
K_m
FtY
KUk
KLs
Cyl
Jtg
IPp
BuL
Gyx
JWb
A_a
vi
Ddq
Fir
Flr
DZh
Btp
JW_
GND
Yo
COW
CzB
EUg
KaB
Eol
CoM
LAF
AZi
Hah
Bt_
IDm
GU_
LFP
Jqk
Cxv
Abt
ErZ
JsZ
J_k
Koq
Hhb
EL_
LAt
CXH
EJJ
BgL
Keu
GvD
IqF
Iqb
BAy
IfB
Cwn
Gq
IHT
BHI
LEO
KPI
FSy
GkT
BXU
FRp
Bja
IC
Fjm
Se
BLl
HLK
KnJ
AKs
Kzd
DpC
KQV
JBp
KKw
EbS
BIX
QB
Fyq
JMR
KRo
Jbj
B_B
FMF
Jgv
IcD
JXe
BFY
Kpi
FUO
Iti
JDT
Hhk
Ftd
GlG
Aqk
HRA
CqB
GTs
KDO
ESv
JaC
EsR
HhI
EHq
JkS
KYh
HdZ
Ehc
Jxu
HQo
xI
AlG
DsY
CCI
AwJ
JLG
ALe
HDw
Eog
HKZ
EfQ
Fmw
EqL
sd
JKl
JKD
KCF
IR
Eyr
EZz
CAJ
CXZ
EAa
EzW
FiH
Dtn
ExS
DHp
AOf
sH
ExH
Dyi
DVB
ICh
Goq
iH
HYs
lS
FAx
Ab
Ff
GVl
EHo
DMb
HEJ
HCB
JCp
Fke
BOy
CcV
Kdo
JIK
FlR
KxM
Fsf
BwX
WU
AXL
AxO
Hem
ATQ
XH
FwT
CHu
Gti
DbU
CWh
CqW
DXk
FaW
HtZ
DPh
IsW
DAG
FJa
EzU
DUG
Fba
AMi
JlK
CQD
GDg
A_c
CSH
oM
LUH
ExV
Ivb
All
LGC
FfF
FPg
EPe
KZr
If
CTc
CQA
JeS
Jir
LUw
Gyy
JDL
DWN
JyR
Ijr
CGR
D_G
B_C
LRV
LHt
HnV
FkF
yz
AFU
HEj
Hj_
Aig
Ftz
HLx
FBf
KmR
Fsx
ESK
Mu
IPe
FIF
EzR
ASz
HgR
Kr
Cat
Czf
GRD
CWN
Irb
Asn
ADz
JBd
Clx
LRs
Dkw
EtY
C_u
JWK
EaD
DuX
LFG
GrN
LFX
IyF
ELX
BNk
BlB
KLa
Xo
BAc
ETM
il
ENC
ALd
FMR
EcP
KbD
Aea
LGB
Jgc
FxA
HKl
IcW
AQw
Ra
GQZ
Fcq
Gkc
ETk
IKN
DJD
Bnu
GzB
AeV
IHG
xQ
ja
JWH
FFx
GIO
KGz
IqW
CPU
Hyj
KgL
EHF
AuQ
GVa
FKU
KRe
Krj
CEe
DJE
GUn
LOV
BfM
IaN
BUf
DHX
CzA
JaG
Gwa
Aiy
FQn
AHA
KEP
Fym
LIt
GcK
Fwy
ARa
Hpf
BJa
Jjq
BFK
BGS
HBk
GnE
FRV
KiY
Hsq
EpW
HxI
ETZ
Axy
GPF
GwZ
GLo
A_z
IFN
nJ
HGL
Coz
DIF
IS
FnN
EDu
Hhx
IWb
KYf
KKg
GjI
ELo
HBE
HkS
EDA
LCB
HJP
HCr
JGh
JSv
JCW
FTP
HIB
Iwc
DrS
FDs
GXf
FcK
iE
GQL
EGz
LGO
ABC
EpI
ADX
Aat
ANE
AhZ
Jjj
JX
Ikq
IWP
JkJ
DUt
HTa
JNj
AGX
JrC
Cht
Gil
FQc
KOK
IeU
Ejw
Cxb
Btc
JXq
IvN
HIc
BLf
Bmz
CnZ
JKK
LGK
HMH
IpP
KBr
JSN
JXO
Gye
Hfu
KUF
lY
KrI
LPf
GbD
BPx
YH
LFO
Jta
z_
Huf
GYm
I_A
AFg
GCH
DMD
CGp
Ei
FTZ
GAN
Jiv
AEf
EBS
dM
Fbb
JmW
kt
KuU
ArW
IOz
INr
FKi
Iu_
CW
IjX
Aaa
Kec
ECm
ETT
Dke
Jfi
LKf
HJk
JZb
EzY
LIk
GMS
LMX
GTl
EvN
CI
KJR
LAg
IuG
EJn
BUp
Uu
Egl
BDs
JeT
BHa
D_O
GfO
Bhy
KM
GhK
KhN
Jrd
KzD
Ija
AmS
AY
KeG
Kvb
HOL
_k
BEK
JGw
GOD
DeR
KgG
ru
GmI
Kph
HxE
GAa
AAl
sS
EmL
BD
IoE
IvM
HWT
GYE
LCs
HZt
EgQ
KDz
DnP
BJO
HUy
LAN
Hbs
IXX
FVN
Dja
Dkq
Abg
EfK
KaX
APH
FRF
ae
Abq
Gzr
Kbc
Hxz
AmF
Dsu
GDq
bJ
ARY
KQE
KHq
JKn
ElU
DNW
GYj
ISd
lj
Bad
Fxk
Kwz
Jnk
mP
KmM
HyA
Fpt
FBd
KvC
IPJ
ILV
AOK
FTe
cZ
JVZ
AXm
Czw
Gvq
Jlk
Kxj
BiD
tM
LLi
LK
DNs
Gms
GCt
ISG
HKh
AgT
BtH
GBV
IOX
Ibr
Gjz
Jdf
FhE
BNn
BgR
HsH
ElS
KWm
ZC
KSm
LHS
Jsr
LJV
IpY
FsF
AXo
KLD
KlB
rV
CmV
Krw
DIo
DbW
IOZ
FIf
AIh
AmG
KBD
HKC
JMU
IEl
Hmj
EEH
CWT
Gun
AqA
GNY
IcF
DsB
HVh
Hrt
JFQ
BYl
DQ_
Bdt
aS
AWX
CNs
AuZ
HDO
ClV
HHz
ANL
Krg
Dw
FoF
AGg
FHy
ESF
DNa
BQF
JmE
oL
HLm
IQF
Kpo
BFG
CLu
AbV
Boj
EAV
BaC
FY
DJK
DJo
Kon
ILH
Fie
AUL
EYW
EKS
LIB
DzB
HlU
zD
FhH
BNf
Jll
gq
tN
BDc
Bxd
DCg
DnQ
Gje
JN_
FNY
Hhu
DL_
C_D
HGK
ti
BQ
Kig
Cyw
Exy
JtU
LSi
FEs
FTn
KXN
CTr
DLr
Cxq
Dcs
IWU
HDv
Jmk
HXE
LIL
AtF
AED
Agk
Hho
KW_
KBV
HFv
IUL
Hjl
CMG
ELY
Hrd
HGY
D
H_P
FRC
FKn
FMP
KWy
JN
xD
HBc
KfS
CND
JgR
va
yJ
EPz
AHU
AtH
GJ_
Bdn
ACH
Jok
Hwf
DbM
AAu
Hlv
CmD
HaW
vn
KDw
kA
GlE
Kdx
Bxe
JxL
KEi
A_i
ACt
Iog
AOF
EAY
FRA
Gpg
JdV
LKB
KYl
Bct
GDd
CbP
KoJ
JTS
IaW
KHs
KOq
KyW
BFh
Fsn
JjI
Fze
KTd
FuC
Bj_
JDk
FSx
Jmz
fj
EqV
Kqx
HPI
DFu
IbQ
FHl
CDn
IzG
FgH
Ajx
HSy
ERB
IGa
Dhr
DFM
Ghx
FbR
BSW
cM
BUW
FHr
BBK
AEH
Ejh
Kjo
AYi
KDZ
LU
Jjk
KXL
EFP
HlQ
Kde
GSU
CLd
LTA
Fxi
KGw
DVk
DsE
Pn
IIO
CTX
Idr
FGB
Ezp
DqL
HwY
Dnv
Yx
lg
CBj
Buq
BVf
FRG
KKI
Dse
oA
Azn
KAE
Fhz
EgG
LBQ
Hwr
Cgd
EwL
LSf
kD
KcL
Ixx
IgN
Ewr
FHz
Isn
Faf
EIL
HdO
IAm
Eze
xd
Kuu
rh
IVH
EQE
ElH
LNm
FGb
iI
BwP
Bmf
AZJ
DTV
LHn
IMi
iy
GpQ
DyB
AIg
ABK
GJM
DRI
Csm
Bfc
BDF
KbT
IKm
Jtt
JrJ
DCF
GEd
Ggg
CIP
KmV
gL
Ahs
IGT
Ila
EqX
LCp
FCg
EZQ
AgC
IGk
KYm
HVj
GGO
LAO
KYp
G_Y
KQg
Kqd
CAH
Hio
HiR
KWn
AQW
Adk
EH
Gus
KGX
Fvw
Jpx
Jhw
Dov
AWF
KWM
KSl
zW
IHB
BbJ
Bic
KhQ
LFA
DpB
LQV
LMi
Haa
BYE
JYj
AJb
JSG
FhP
Ciy
BqZ
up
LBn
CbI
DZm
Fku
JYi
FmM
DDV
AmI
sy
CnL
ATI
HDI
ASB
CBD
ok
Na
LEe
xl
IIe
BCj
cV
J_l
Ezc
CBt
HTz
BIC
sh
ox
AZ
JCc
AgY
HaN
KMa
Ggd
Kwj
GOM
Jda
Ktt
BnW
Hra
ACE
Hab
SU
CzF
EBQ
FyR
LNy
BlU
Iiv
FeD
Hxr
CGq
Fr
Jas
FpU
GVv
Imw
JMp
GpO
BnV
FpZ
Bp_
CIT
BGj
GAt
cq
Goe
AHl
BKI
Exx
DyU
FwV
AYt
Fzg
Juw
vs
LGg
Hih
LEM
hI
AJZ
EIh
Wt
qM
KsB
Arq
Ejx
Aku
Hzv
Kub
ATC
GUp
IiN
AFT
Ark
Hlu
CTB
Aad
Jjm
GRm
xz
Gam
JIJ
GO
KC
ACZ
sB
FVa
Kgy
KQs
DTk
FfH
KZZ
JuW
EkH
EmE
DLo
KNk
HMc
RT
DcF
Com
Iot
Jao
FpE
BuA
Fi_
JoZ
Cxy
HkV
Kwx
IRS
HOP
JHR
DWI
CCV
Dih
Tv
Kuc
Hqi
AF
JDj
BtV
LWf
Hgg
GG_
DpV
DUS
AMN
JRO
CB_
FVU
HgF
Bll
FWR
KJm
BIf
FTu
B_
CQK
Eke
KLK
ChE
EKv
APK
JnJ
KkQ
AbH
IsB
DVj
HMC
CqE
EKR
BSX
DU
sP
Gvb
Hy
IeM
KwJ
Esp
FFf
CWn
DqA
FyN
LGV
IJT
ECu
KWJ
HkJ
GdQ
A_H
DVf
xE
Gpl
ITT
GxU
FMy
KZV
DXP
EsN
FmB
Gjq
JJ
JKc
KSn
Acm
CnC
IKY
FIH
DSE
CMh
EV_
IzW
JQW
BPe
ATq
IRO
AQb
BmN
DQW
FWX
JlD
Dod
Hun
AiB
AcV
ChQ
JFC
Ffa
IYx
ARV
KMg
Dtq
HAD
CVt
HUv
ENj
KgF
IOu
JjX
FkZ
Hgq
EG_
Jbl
nO
HyB
AQP
AKI
Jup
AJy
JxH
KnF
IzE
DgA
DCh
EYh
AFH
Vq
KiR
Job
Juc
FjW
Jun
DIg
F_q
GoI
gC
Gpt
LVN
HsQ
HCY
AKm
ERS
HHT
KAK
GhD
HNb
BfS
KSX
JIa
LWI
Bum
ij
Dnp
Jkb
AWs
FMD
EIY
LRa
Biq
AWc
ac
UB
Jfo
FCq
EpJ
Fml
AIR
JMI
B_p
EaT
CuT
Jwg
GZz
IrT
LBU
KoK
Agl
BBF
KEs
FYN
Dvh
FvD
CIN
yO
JLT
FwM
kF
Eus
HQI
BdC
ANB
Gv
DP_
KiF
Fqc
EgA
ECx
CZE
Apl
EPY
BQH
_l
Aag
KXQ
JHH
FFK
CqD
Hav
GRl
Brm
Egr
BRG
UH
Sm
JRG
LDv
Cvi
D_i
EIJ
Ny
FZ
FiE
Hlo
E_b
Ejr
IvG
Ftc
FdK
ABz
ANH
Fla
JiD
JMB
GjF
HeI
DHo
DKi
GZL
Eur
GPl
GCI
HLV
Ixv
Fpd
Hst
AxD
ADK
IDs
ICL
HJo
Jre
Iyp
PO
EYo
IuT
IxM
IMz
KCM
IOO
EiZ
AAG
Cgj
DSV
UE
Hly
EJY
Gsj
LNl
CnI
Dvg
zL
Gia
KKQ
Kby
TD
CAg
JOi
IoG
HzQ
KQw
wv
DWq
IUD
IQm
EdW
AvG
Gtu
Brq
DMe
LGq
ZO
JJX
LGo
AoG
YP
pX
FUE
Hsu
yL
LEs
EFk
JpP
KAc
Emz
Caf
CVi
AOD
KHo
HTU
GTB
p
FFA
LWK
IGY
Hlp
DtI
yq
KdQ
LXG
Eel
Ka_
FDk
Vs
Fjh
WS
AMn
GTZ
KBg
CrR
ce
AMA
bZ
IMF
HeB
Os
Jvw
HCv
DSc
Gii
DrA
ki
JIv
GpS
Zq
Eaj
JyM
Jpm
Crg
DYh
lR
GD
KAV
Jot
XT
JHd
EgC
tY
Gal
IHq
DWr
AxK
KSK
Hdr
Jiy
IIT
B_I
JcJ
KLx
UT
BYo
FWD
AlL
LQn
LQJ
HGu
KHR
FGy
Bmi
Jfw
AfX
Dyt
Apz
Dqs
BLT
CVp
LOx
KgK
LKC
Hkx
KVS
Ll
Epp
Axb
HRN
IJt
Fa
Kvd
QG
Kug
KcP
AVg
Cwu
CGk
di
vZ
AJt
LGu
A__
GwN
EHn
Kji
AcD
ANT
DBv
EiP
Cnf
eo
Hpy
Gk
Fes
ISe
Kbf
ItH
DUb
EGS
Fab
BE
FpI
AOL
BFP
Ln
ElY
KVU
KkM
LJe
Bea
Eiu
Ahb
zk
GPY
DPe
IZa
GGf
Aab
ADt
Ox
I_h
CtT
EdB
DbZ
ACW
uX
ASY
AfZ
IhB
IW_
D_u
ta
Csn
ym
Ikh
EYe
IBI
He
IiX
KpV
Bqv
KFj
CGe
BLc
KHS
GwV
DGO
LQm
ILl
ZB
CiU
HUu
GvB
JXK
CfE
BDR
GPk
KiB
FMh
DHP
Acg
ND
LAQ
Fzr
CZp
Jh_
Gid
H_l
LDu
Lg
JsP
ASa
Koy
LHv
FrE
Kfx
BHq
CUa
HYx
JFw
ADU
DE
Afx
Gfx
Ive
uc
Aec
LEn
KdZ
CGU
xw
Kep
IAc
Ags
Kpw
LKs
DqH
CaT
LJc
JzR
GgR
Cqo
xk
IDP
qz
Jsp
wQ
Cj
AWM
Xx
KoV
SB
HOd
HIT
LJy
AL_
FdW
Oa
DHR
KvT
gR
KrN
ANu
FSj
KpZ
BTG
Gxt
BW_
Akx
DiP
IDF
IIV
LSH
CzE
FXK
qo
GFd
FEl
DlY
NV
ICe
Ekc
KdW
BzJ
BXw
BFi
ADM
EVi
ClF
AQc
IdD
Iam
Kek
KnB
KlO
HHx
JTG
Klv
vg
EBi
Fks
CkC
AiE
Ewc
on
Dpi
GH_
JSt
FWd
LDJ
Ddu
FJO
GQk
LGh
Gnl
Kiw
GCY
BbN
KNP
Bwu
XV
FXF
FjI
Jhd
HtO
DcX
xp
JmG
LEL
AMR
Kfe
DCk
Hya
AAq
Dpn
Cvk
Di
JHG
CHp
JOo
ST
GqX
Dkm
CvS
HhX
hJ
Jcq
Ifc
zd
HS
KmO
YQ
CdB
Jeg
AYu
Ayq
EXf
Wg
KBo
LPZ
DgT
Kmy
KDR
BSr
bI
BnF
KmZ
AQa
DmX
KVi
J_y
GMo
LMF
sx
CV_
AJk
rC
AqS
JyN
Iiw
KhK
KJn
BoP
AM_
A_w
HyD
Icz
DBy
GnI
aO
JjH
BPN
KtY
BZc
JGk
EPJ
Eqb
Hb
Dgu
ASS
CUl
GGa
hK
JjU
Jpf
RB
AVq
KIz
GEB
Iud
Dtz
BfA
Alv
DQB
JLb
JkG
Bqe
of
KqW
zR
KNO
CgO
Eys
F_
Cgv
CIV
FF_
Aon
BYe
EqM
FAP
EZG
LLv
DRf
Hkz
AQf
Hjx
KOz
Bk_
IKc
KTO
Coi
KAW
IjD
Ic
EZx
LRu
AXR
GSy
KkE
GbI
IJC
HzP
DBp
Kwv
CyE
IWK
Fy_
AsX
JIb
ge
LGT
LAc
EIn
Hri
JkO
BXk
Bxf
AKw
Afl
Ak
ALy
Kam
LSl
EoX
JuP
sw
HAl
KqA
AUH
DAt
ASc
E_L
KBe
JtE
BgH
KuX
Fch
FOb
Gke
K_D
KDG
Kei
KGY
GYr
d
Gbr
JcG
Hjy
Epy
Hys
DPi
LNJ
Kjh
JSc
Joc
Jsl
Ja
JJo
LCS
Bwa
LIc
KEv
BZp
ByV
AYQ
Kzc
AG
KEB
ANv
GtX
CB
JwF
EUi
Jrh
Itm
EyE
EsK
DkI
Hdw
KV_
gT
Fou
FVQ
KCb
AKr
tk
DLF
Dvf
iw
DMq
BCP
KFU
eG
EJA
ENN
Cwc
Ckw
JFj
Koi
BxJ
pp
LBc
nh
Bmm
LB_
CmR
jT
Fsp
DEI
KBW
xA
GtG
Die
LPO
Afd
FBu
AHa
RI
HCh
BcF
EQv
FTE
GW_
KVT
ANx
GYe
IOT
Jzc
EXM
Jui
sa
FHp
Hth
Iyn
DTx
Gqb
GUm
FXr
Cts
DDa
Yb
EeB
AV
KDV
ik
SS
LNu
K_O
JKa
rq
DGx
Xu
LQE
BXO
FPi
HVg
KOX
LPD
E_A
JPL
Cic
HXJ
Dfq
CJw
Ilg
IlS
Kty
Aev
Bu
GfY
KEo
ts
KGD
Huy
Gfs
Jnq
JjG
ECn
Gml
aQ
PP
EgU
HuN
PR
AYU
Hfv
AMc
LCx
FNM
Dox
Py
DC
IjG
Fjb
BcA
Kjn
IId
KFT
Acd
DnD
KjT
BH
HMw
Ecj
KHJ
KyB
GZm
Apv
Hvm
AFo
IqP
ApW
HfZ
BLJ
Ksd
KUv
AVK
EgX
AWz
LEi
GhV
CLB
ARe
ANM
vt
GPi
GGc
DRd
Kxt
KGJ
Are
Iwq
CUZ
Kim
KYz
HpV
CAE
KHg
sl
LJA
Hoh
Kjw
UF
bz
RU
AGf
rk
J_g
Iy
EZm
EnX
nP
HMI
LY
KvD
DNl
ADw
Fvi
Eky
COA
Chd
AEM
BLd
Dtm
LWU
KuF
AcT
DOI
IY_
FX
Kew
DPr
BpO
KAu
Jsd
Aft
BnN
GbU
HBO
Kaj
mB
AVZ
tp
APA
uv
JxO
AhT
CXx
AeC
Jmi
DCM
AVM
DrK
Hq
Byq
KTc
LI
FLd
KVl
GJm
CiJ
IUz
As_
Emw
Baj
_P
CYF
LWH
Bxg
BNF
IjM
FmE
KvA
bv
EXw
Chu
qZ
Kif
AOe
Ksa
cQ
az
Kib
ATn
Juj
Jrc
UX
NP
Ix
FX_
JAC
LJk
JwS
JZP
CJU
vu
Ich
_S
CEj
HRe
LPz
KGq
KxH
KwO
Jqq
iL
KbR
GsS
Jqd
IxJ
Fi
ABF
KSy
ARr
ASU
BVj
JFB
LMo
Hkl
GRu
Gle
RC
Gd
IzQ
Gds
LLX
LEN
JqU
FLj
GZQ
tJ
LKd
dj
Uz
ii
LWv
HNZ
Jl_
GYc
GwS
JrE
GYV
Edo
EHI
Hkm
BAt
Rs
AYD
LJL
KIE
Dg
Qc
Ded
HFI
Aex
JeH
CUS
CLO
GgF
BSx
EqI
LFu
Dx
hc
FP
CYB
AIG
D_Y
_X
AfM
AMb
Ib
Cnw
Doj
iG
Ksc
CUL
Bt
ATy
Eyk
HDC
Vd
Kfd
ADH
Ity
Gbv
AAv
t
Kto
LVD
ANh
uK
EEu
Joz
eX
Ivd
BYT
HIE
AOz
LPa
GYQ
LHl
FZf
DRr
KoW
F__
KhL
LOt
JpE
BFM
JjE
Ksv
Kck
IeX
LPK
Jze
KMO
JEj
ALD
JgE
Ega
CTx
LRz
COC
w
Cea
IMy
qB
JsL
Chm
KzY
BVQ
Kqn
Jp
HLH
LJT
yE
F_o
CsK
Dmz
LBg
Kgr
La
AHb
Cet
HOK
CBi
iV
EIe
LBR
DQx
JUH
BXK
FHb
Apf
JmN
AXI
Asm
JvX
Kxn
FlX
PK
GeH
AeD
KcO
ex
KGC
UM
oj
JZE
FzW
FEN
JrT
JmQ
KID
AsN
AIE
KMX
AgF
LMV
KZ
Jdm
KMS
EOg
EIP
JxA
AjS
C_C
Qm
KQJ
Kze
KHD
AXf
CiO
BC
HNK
Bc_
LTz
KtK
GuD
GuZ
KFn
LAX
Jj_
HcC
tf
Ux
ED_
LUx
LAi
APU
Jgs
BF_
GMZ
KbJ
JVd
CUJ
AXM
AEz
KYN
LE_
KVF
JMs
JLd
DGW
zP
LJR
EyI
pn
eI
Ne
LSd
Ch_
JCo
qj
Alf
JqX
BKl
EbV
GNs
DfO
IFM
EOF
Jww
IUG
GHr
CfT
KUC
KlJ
JtO
JEi
BM
Hmg
ABs
Bev
AwZ
KSG
kL
Ezu
JPZ
ACJ
XB
ASb
GoH
FsI
AUs
Kvk
KrG
BZJ
Aiz
ABE
BMK
KlU
JyL
IxZ
Hi
Lu
JGy
HJW
KTA
GcR
KJt
AQB
AHv
BFX
GQH
IZr
Kcc
PL
yw
Dji
LEu
Kbz
mk
K_l
LLs
JXz
CKL
BIP
KBU
EjI
Jjd
GoC
KZW
AGm
Cfo
CYX
FZL
LVM
LWb
FZY
LBN
AYz
Jce
KYO
YS
pL
Cze
Gtk
FYp
CUP
AIK
JzD
DLt
AHt
DpE
Jxc
KGo
CZW
KTl
IbK
AXA
A_T
Ads
IQw
Hwe
JDl
DPn
GrK
OF
Ftr
kz
Kbu
KgS
LUl
AFu
gn
FYW
oW
Ac
JK
ZD
JvW
Jps
LLJ
CxZ
LFe
Jsv
AIe
Eds
EZt
KbU
LCE
LTU
AFI
Kbt
AKW
KSc
CPC
qk
Ag_
Kmv
GZd
bB
AWN
IhN
I_F
GgX
Aaq
Jwc
HCX
ILk
GYy
ARL
CBq
LOE
mH
LKv
BGl
GSe
Ebi
CrM
KVq
BaJ
FPc
AOQ
Dym
CdG
LJb
AIz
AKd
KnM
KDF
JbI
ASl
GCj
JkF
Evu
Fz_
ABO
CfY
GIu
Gna
IJX
KbV
Dzm
LJg
HMW
KkX
GBm
KGc
bE
InO
FKY
AxV
KqC
GWf
Dab
LQM
JmL
Ktu
AE
BJU
Ird
BQt
GsG
BuZ
Khu
Ak_
JLP
GIx
Dth
EiX
Kla
HYK
LOe
HAJ
EIA
Grx
Bgf
uO
GJE
KSJ
KMs
Ci
od
wa
Ah
BXu
ASO
GML
Gvo
hq
LGN
AzM
ATp
mY
Dyq
AnH
KWX
KRF
um
HqU
DKn
Zp
Uh
HLc
HNS
AQm
IaB
au
GED
IDk
Jig
LHw
