4
5
14
17
18
21
23
26
27
33
34
35
36
45
46
47
48
66
67
68
73
77
83
89
92
101
102
108
112
113
114
124
127
130
132
137
143
151
152
155
156
158
161
162
178
187
199
201
204
210
212
213
217
224
228
230
244
245
252
261
270
280
282
285
295
296
298
307
308
311
318
321
323
328
331
343
352
371
373
376
389
401
403
404
413
414
420
423
426
427
431
433
439
441
448
462
474
481
486
494
495
497
504
517
518
539
541
542
544
550
551
552
553
554
558
559
560
561
565
575
576
582
600
604
613
614
618
621
640
641
643
645
650
657
658
659
661
665
666
668
676
681
689
692
693
697
700
703
708
712
713
714
717
723
730
740
746
759
762
765
766
771
774
793
799
800
802
809
817
818
826
834
843
846
851
852
853
862
863
867
869
876
881
889
906
915
918
934
935
938
943
961
963
966
968
969
972
973
983
997
1002
1004
1012
1031
1034
1042
1044
1056
1069
1072
1074
1078
1083
1106
1118
1120
1125
1129
1132
1133
1136
1137
1140
1143
1145
1148
1150
1152
1157
1164
1168
1172
1178
1179
1184
1191
1198
1202
1215
1218
1224
1230
1231
1238
1245
1257
1265
1276
1278
1279
1286
1294
1297
1304
1307
1310
1312
1313
1322
1324
1325
1326
1328
1340
1352
1353
1354
1359
1360
1368
1370
1381
1388
1394
1395
1410
1411
1416
1423
1424
1435
1441
1442
1447
1451
1462
1479
1480
1481
1486
1488
1495
1501
1503
1504
1507
1512
1514
1527
1530
1533
1535
1549
1554
1559
1572
1579
1582
1587
1590
1593
1596
1597
1601
1621
1623
1628
1641
1642
1646
1647
1650
1651
1657
1660
1670
1683
1688
1695
1711
1712
1716
1733
1761
1769
1794
1796
1805
1807
1833
1834
1837
1839
1849
1855
1861
1863
1867
1872
1880
1883
1890
1895
1900
1910
1912
1914
1924
1927
1933
1934
1936
1939
1943
1945
1948
1949
1952
1954
1963
1964
1972
1974
1991
2005
2011
2023
2026
2029
2034
2045
2056
2065
2078
2079
2081
2082
2083
2086
2087
2093
2097
2103
2104
2108
2111
2119
2123
2129
2138
2146
2154
2164
2166
2168
2171
2175
2176
2179
2181
2187
2189
2190
2194
2199
2201
2206
2208
2215
2217
2222
2225
2227
2228
2229
2247
2250
2253
2256
2258
2260
2274
2276
2277
2288
2291
2300
2311
2312
2316
2337
2339
2341
2357
2363
2365
2366
2367
2380
2395
2400
2406
2410
2414
2417
2420
2451
2452
2471
2474
2482
2501
2502
2503
2509
2510
2520
2525
2526
2529
2532
2538
2540
2556
2560
2562
2572
2573
2574
2580
2586
2587
2598
2614
2616
2619
2625
2635
2639
2640
2642
2645
2653
2654
2660
2674
2684
2690
2697
2705
2710
2735
2743
2751
2756
2760
2761
2767
2774
2792
2794
2795
2815
2821
2831
2835
2839
2849
2854
2858
2860
2871
2873
2878
2887
2892
2893
2898
2911
2912
2928
2951
2964
2981
2997
2999
3001
3002
3004
3010
3015
3019
3023
3026
3033
3037
3038
3041
3057
3060
3066
3070
3074
3085
3089
3102
3103
3129
3138
3140
3146
3151
3152
3156
3175
3176
3177
3178
3180
3181
3182
3191
3206
3207
3214
3224
3235
3249
3255
3262
3274
3276
3290
3293
3306
3308
3317
3333
3345
3349
3350
3353
3362
3365
3369
3385
3390
3396
3404
3405
3412
3423
3430
3435
3445
3479
3486
3487
3490
3517
3519
3520
3540
3551
3554
3555
3560
3564
3574
3579
3582
3599
3618
3627
3641
3654
3656
3662
3670
3671
3675
3684
3685
3698
3719
3723
3725
3736
3744
3745
3751
3767
3769
3770
3783
3790
3800
3801
3829
3841
3856
3873
3877
3892
3900
3916
3939
3953
3979
3992
4003
4015
4025
4028
4035
4044
4050
4058
4066
4070
4075
4087
4093
4095
4135
4145
4152
4153
4157
4166
4183
4191
4192
4202
4213
4221
4224
4242
4243
4244
4257
4263
4276
4281
4290
4291
4309
4317
4325
4329
4349
4355
4363
4364
4389
4390
4393
4394
4400
4404
4413
4414
4424
4452
4454
4455
4467
4471
4475
4493
4495
4496
4499
4506
4518
4521
4524
4532
4534
4539
4546
4574
4583
4588
4609
4635
4640
4641
4660
4675
4676
4691
4694
4698
4700
4702
4726
4735
4742
4744
4759
4761
4766
4780
4782
4787
4800
4839
4846
4863
4867
4885
4887
4891
4892
4911
4917
4923
4926
4942
4945
4950
4962
4969
5034
5040
5046
5074
5084
5086
5087
5095
5109
5123
5139
5158
5163
5165
5169
5170
5193
5200
5215
5217
5218
5220
5282
5286
5289
5308
5313
5321
5328
5332
5333
5335
5336
5342
5347
5353
5354
5362
5370
5373
5403
5404
5405
5406
5415
5440
5445
5451
5452
5459
5460
5476
5480
5483
5485
5494
5504
5508
5513
5521
5528
5529
5542
5558
5568
5571
5585
5595
5597
5606
5608
5612
5613
5646
5650
5653
5661
5666
5670
5673
5674
5680
5687
5695
5701
5713
5729
5733
5737
5742
5769
5773
5781
5784
5802
5803
5813
5821
5831
5837
5839
5841
5874
5883
5884
5890
5892
5899
5900
5904
5913
5914
5917
5925
5939
5950
5964
5970
5974
5983
6004
6005
6008
6010
6018
6020
6031
6059
6062
6072
6087
6090
6092
6093
6102
6108
6109
6115
6124
6129
6134
6140
6171
6175
6176
6178
6179
6189
6191
6193
6195
6201
6208
6210
6223
6233
6235
6250
6264
6268
6270
6272
6275
6280
6281
6289
6294
6300
6302
6326
6331
6336
6352
6379
6381
6388
6393
6399
6424
6438
6442
6458
6484
6496
6515
6520
6527
6547
6554
6575
6582
6592
6593
6594
6601
6620
6634
6641
6646
6659
6664
6667
6673
6674
6709
6715
6724
6744
6749
6752
6755
6776
6784
6792
6807
6814
6822
6823
6845
6846
6880
6888
6890
6899
6900
6907
6912
6914
6921
6928
6940
6962
6967
6972
6975
6987
6994
7016
7022
7027
7037
7046
7056
7058
7062
7069
7121
7137
7138
7144
7155
7160
7166
7174
7179
7190
7195
7201
7205
7218
7234
7243
7246
7264
7275
7284
7304
7307
7326
7340
7342
7356
7385
7387
7399
7406
7407
7446
7447
7450
7453
7460
7466
7475
7483
7510
7512
7518
7524
7530
7533
7540
7557
7571
7574
7577
7579
7599
7614
7620
7621
7626
7639
7649
7652
7657
7658
7664
7680
7713
7721
7733
7735
7742
7767
7784
7786
7789
7791
7796
7810
7825
7851
7863
7865
7887
7889
7891
7894
7904
7905
7915
7916
7921
7932
7955
7968
7980
7983
7993
7995
8012
8018
8028
8035
8037
8043
8051
8052
8060
8063
8085
8088
8089
8110
8112
8135
8155
8175
8191
8192
8198
8207
8212
8214
8225
8227
8232
8237
8248
8250
8256
8263
8280
8310
8312
8317
8318
8329
8333
8335
8360
8362
8366
8378
8389
8406
8421
8434
8435
8458
8464
8473
8474
8505
8508
8527
8569
8577
8598
8617
8636
8647
8655
8657
8680
8681
8689
8692
8695
8706
8707
8713
8717
8718
8728
8730
8741
8750
8751
8756
8759
8773
8776
8779
8785
8798
8801
8815
8824
8825
8826
8837
8846
8852
8853
8868
8883
8890
8892
8896
8921
8937
8951
8960
8963
8967
8978
8988
9005
9006
9040
9045
9058
9061
9083
9092
9094
9112
9117
9145
9146
9149
9156
9188
9193
9245
9265
9309
9315
9316
9319
9329
9336
9343
9347
9355
9361
9363
9374
9384
9389
9399
9402
9429
9431
9433
9439
9445
9446
9486
9498
9508
9529
9553
9563
9564
9573
9582
9584
9588
9596
9598
9607
9618
9619
9622
9623
9626
9630
9643
9646
9650
9669
9676
9682
9698
9699
9720
9725
9731
9736
9738
9751
9761
9763
9775
9777
9786
9788
9797
9821
9834
9835
9837
9847
9864
9869
9870
9872
9879
9884
9887
9906
9924
9932
9936
9944
9946
9968
9972
9999
10001
10003
10006
10012
10055
10066
10067
10074
10092
10109
10114
10118
10123
10127
10134
10140
10162
10194
10200
10201
10216
10226
10231
10234
10235
10241
10244
10252
10255
10265
10267
10272
10280
10281
10288
10296
10310
10319
10326
10344
10349
10355
10357
10385
10394
10398
10408
10421
10435
10436
10442
10456
10467
10469
10484
10496
10499
10500
10511
10518
10541
10549
10552
10558
10563
10572
10579
10596
10598
10623
10631
10633
10648
10659
10665
10667
10674
10683
10697
10706
10715
10717
10721
10727
10731
10738
10747
10749
10780
10790
10793
10798
10799
10819
10826
10836
10837
10838
10839
10847
10849
10851
10857
10864
10888
10901
10908
10911
10924
10931
10942
10952
10973
10974
10990
11005
11007
11017
11019
11022
11025
11033
11036
11043
11048
11056
11072
11077
11081
11107
11123
11127
11142
11143
11147
11149
11150
11194
11196
11201
11216
11224
11227
11230
11239
11244
11257
11264
11274
11280
11281
11292
11299
11300
11305
11307
11320
11333
11335
11342
11359
11369
11370
11371
11386
11396
11397
11402
11437
11447
11467
11471
11482
11490
11492
11514
11530
11543
11561
11563
11605
11612
11625
11631
11635
11639
11643
11666
11772
11777
11792
11812
11815
11820
11827
11829
11843
11846
11854
11861
11871
11873
11875
11886
11887
11906
11910
11920
11925
11928
11929
11943
11951
11962
11966
11982
11987
12025
12061
12082
12099
12133
12146
12149
12152
12215
12232
12237
12248
12253
12264
12286
12292
12301
12310
12317
12322
12323
12325
12334
12338
12374
12378
12386
12390
12397
12398
12400
12414
12416
12446
12448
12453
12461
12462
12467
12472
12497
12500
12506
12522
12523
12526
12549
12550
12553
12560
12569
12573
12581
12584
12586
12590
12617
12629
12639
12641
12677
12684
12696
12698
12729
12731
12732
12765
12768
12776
12777
12785
12792
12813
12820
12830
12852
12853
12855
12871
12874
12887
12899
12916
12923
12929
12942
12944
12950
12953
12956
12960
12978
12988
12992
13006
13019
13025
13046
13053
13075
13104
13109
13110
13177
13212
13215
13220
13230
13246
13249
13264
13306
13308
13313
13314
13319
13325
13328
13331
13332
13333
13339
13348
13372
13378
13382
13388
13389
13392
13405
13415
13418
13424
13428
13430
13431
13449
13451
13465
13467
13476
13494
13510
13522
13529
13542
13549
13554
13566
13568
13570
13593
13598
13620
13624
13632
13636
13651
13661
13666
13668
13670
13675
13683
13684
13688
13704
13711
13712
13718
13730
13753
13762
13769
13771
13777
13782
13783
13788
13801
13807
13823
13833
13844
13857
13859
13865
13884
13885
13887
13888
13890
13910
13936
13965
13969
13975
13978
13989
13990
13991
13992
13996
14008
14020
14040
14041
14060
14066
14071
14076
14088
14120
14133
14150
14156
14175
14191
14216
14220
14222
14227
14231
14234
14248
14257
14277
14278
14286
14287
14289
14292
14299
14307
14313
14318
14329
14336
14337
14338
14340
14346
14360
14383
14384
14394
14423
14451
14455
14463
14483
14513
14517
14529
14534
14544
14547
14553
14574
14579
14584
14587
14598
14603
14609
14625
14641
14647
14658
14669
14671
14672
14689
14709
14714
14719
14744
14746
14780
14787
14794
14795
14803
14816
14825
14826
14831
14866
14876
14880
14881
14885
14888
14891
14895
14899
14908
14917
14930
14942
14943
14944
14953
14954
14962
14971
14990
14996
15017
15034
15039
15049
15056
15057
15067
15072
15087
15098
15103
15106
15114
15134
15136
15140
15158
15163
15165
15171
15204
15213
15225
15252
15266
15269
15270
15272
15276
15277
15280
15295
15302
15321
15329
15347
15357
15388
15408
15409
15419
15429
15436
15437
15440
15453
15466
15471
15475
15509
15512
15525
15530
15531
15538
15549
15564
15567
15568
15573
15583
15606
15614
15624
15641
15644
15647
15670
15676
15688
15705
15721
15733
15735
15738
15755
15761
15771
15790
15796
15816
15830
15832
15835
15859
15866
15868
15876
15877
15911
15914
15918
15920
15947
15956
15963
15964
16005
16012
16017
16029
16031
16035
16036
16054
16079
16092
16105
16117
16119
16123
16127
16136
16138
16149
16159
16168
16176
16182
16193
16210
16221
16245
16256
16258
16263
16264
16267
16276
16282
16298
16312
16314
16327
16343
16349
16353
16355
16362
16375
16377
16383
16386
16398
16399
16401
16403
16405
16425
16430
16436
16440
16444
16445
16450
16464
16471
16499
16512
16516
16519
16540
16542
16546
16555
16566
16568
16572
16586
16601
16612
16619
16643
16655
16656
16662
16665
16688
16694
16695
16696
16697
16701
16710
16714
16717
16723
16737
16744
16750
16773
16778
16784
16785
16790
16798
16809
16820
16828
16830
16835
16837
16849
16869
16872
16883
16885
16908
16920
16932
16959
16969
16971
16986
17000
17007
17010
17030
17033
17038
17059
17082
17090
17105
17125
17146
17149
17166
17178
17189
17210
17214
17216
17219
17220
17224
17226
17227
17231
17234
17246
17256
17259
17278
17283
17320
17337
17341
17342
17344
17350
17354
17371
17374
17376
17378
17405
17434
17452
17462
17483
17489
17492
17506
17507
17509
17511
17514
17519
17528
17542
17554
17561
17564
17581
17606
17624
17649
17652
17658
17675
17678
17685
17689
17691
17693
17707
17710
17724
17732
17735
17744
17757
17758
17768
17783
17787
17797
17798
17833
17853
17891
17894
17895
17909
17916
17923
17925
17939
17946
17951
17961
17979
17981
17989
18000
18014
18031
18044
18058
18067
18084
18097
18098
18099
18112
18123
18132
18142
18162
18165
18194
18195
18199
18207
18232
18233
18235
18245
18252
18256
18291
18301
18308
18313
18329
18339
18340
18358
18365
18370
18383
18395
18410
18438
18456
18457
18465
18500
18513
18525
18532
18545
18549
18556
18558
18577
18587
18592
18604
18620
18621
18623
18649
18664
18665
18676
18706
18709
18726
18737
18760
18769
18770
18772
18776
18777
18807
18812
18825
18826
18845
18855
18859
18872
18877
18890
18917
18937
18946
18984
18985
18995
19001
19034
19036
19048
19053
19057
19058
19069
19070
19083
19084
19093
19110
19114
19119
19132
19142
19150
19162
19178
19189
19195
19203
19204
19206
19222
19229
19251
19265
19270
19316
19318
19324
19343
19371
19373
19398
19403
19432
19438
19444
19449
19468
19469
19478
19489
19507
19528
19531
19580
19591
19596
19621
19644
19655
19714
19717
19743
19751
19764
19766
19767
19770
19773
19775
19776
19783
19800
19818
19827
19828
19852
19866
19869
19873
19891
19904
19907
19923
19930
19935
19973
19975
19986
20001
20004
20031
20035
20038
20066
20072
20074
20077
20079
20084
20096
20149
20152
20162
20194
20195
20200
20201
20204
20213
20232
20241
20243
20262
20301
20308
20318
20322
20325
20326
20348
20362
20367
20381
20382
20392
20405
20408
20416
20420
20421
20430
20432
20435
20449
20474
20479
20489
20493
20494
20502
20503
20514
20542
20555
20558
20562
20579
20587
20607
20619
20624
20632
20646
20649
20651
20656
20672
20675
20676
20687
20709
20717
20718
20719
20732
20733
20745
20756
20768
20780
20783
20790
20803
20817
20835
20869
20875
20880
20898
20906
20932
20938
20941
20956
21022
21027
21034
21043
21044
21046
21063
21067
21070
21080
21084
21096
21097
21100
21101
21103
21108
21113
21119
21121
21126
21128
21141
21149
21150
21152
21154
21165
21179
21187
21202
21223
21241
21260
21262
21282
21295
21301
21304
21314
21339
21347
21351
21355
21359
21367
21387
21390
21398
21412
21431
21435
21437
21438
21450
21467
21473
21474
21475
21478
21502
21509
21513
21525
21531
21533
21555
21577
21586
21598
21600
21608
21627
21651
21652
21661
21669
21673
21682
21692
21701
21709
21710
21717
21728
21732
21761
21767
21786
21798
21802
21804
21820
21831
21838
21839
21844
21846
21859
21872
21875
21894
21900
21926
21937
21945
21946
21950
21963
21988
22001
22009
22015
22016
22019
22024
22025
22028
22030
22037
22053
22056
22057
22059
22064
22072
22075
22092
22093
22102
22109
22116
22150
22155
22161
22178
22189
22207
22214
22217
22246
22252
22264
22270
22275
22299
22301
22306
22320
22335
22350
22371
22375
22396
22404
22412
22419
22427
22432
22455
22468
22488
22494
22503
22509
22531
22538
22539
22540
22556
22570
22579
22585
22587
22608
22611
22617
22620
22631
22641
22642
22651
22658
22664
22678
22688
22689
22705
22708
22723
22726
22734
22737
22738
22748
22750
22752
22757
22761
22771
22791
22796
22801
22806
22814
22844
22854
22880
22882
22893
22896
22899
22900
22902
22908
22910
22911
22919
22922
22923
22935
22953
22991
23003
23008
23020
23022
23024
23026
23029
23054
23058
23063
23077
23091
23092
23104
23123
23133
23168
23171
23177
23200
23208
23215
23224
23229
23238
23244
23253
23255
23260
23261
23275
23277
23278
23286
23287
23305
23309
23313
23317
23319
23323
23324
23326
23333
23337
23339
23347
23349
23373
23379
23385
23389
23407
23408
23446
23450
23476
23479
23482
23488
23492
23505
23511
23513
23534
23561
23576
23589
23602
23609
23622
23627
23668
23678
23682
23686
23696
23702
23710
23731
23744
23746
23764
23791
23808
23812
23815
23825
23828
23830
23839
23841
23846
23867
23913
23927
23928
23954
23973
23994
24018
24022
24026
24033
24044
24060
24065
24074
24083
24103
24116
24140
24154
24157
24165
24167
24170
24181
24182
24205
24221
24227
24236
24240
24250
24251
24257
24259
24260
24264
24267
24281
24318
24359
24364
24365
24370
24372
24376
24395
24400
24404
24414
24445
24477
24490
24497
24503
24509
24520
24528
24531
24536
24537
24555
24574
24575
24578
24590
24601
24607
24612
24619
24627
24641
24647
24668
24669
24681
24683
24698
24706
24757
24767
24769
24773
24788
24803
24813
24814
24818
24821
24830
24838
24887
24893
24895
24912
24926
24928
24939
24975
24982
24984
24989
24991
25020
25044
25051
25052
25075
25092
25115
25118
25157
25158
25169
25175
25184
25186
25218
25219
25222
25224
25234
25241
25245
25252
25259
25261
25275
25295
25317
25319
25346
25349
25367
25421
25424
25427
25430
25440
25457
25459
25477
25485
25494
25514
25518
25522
25530
25536
25537
25568
25574
25588
25597
25603
25606
25614
25620
25624
25626
25636
25640
25653
25654
25663
25664
25676
25677
25691
25707
25712
25721
25788
25791
25794
25795
25797
25799
25808
25848
25852
25869
25870
25888
25897
25907
25908
25911
25925
25930
25940
25943
25981
25992
26008
26015
26017
26033
26044
26045
26046
26078
26089
26094
26098
26101
26104
26116
26151
26154
26155
26176
26178
26193
26212
26215
26219
26236
26240
26248
26260
26268
26275
26283
26286
26296
26303
26313
26321
26324
26326
26328
26330
26344
26383
26392
26408
26413
26428
26441
26464
26469
26475
26500
26512
26514
26519
26536
26551
26560
26571
26584
26625
26628
26644
26657
26662
26668
26696
26707
26709
26712
26716
26740
26745
26749
26772
26778
26779
26783
26787
26804
26816
26817
26820
26836
26839
26849
26857
26866
26886
26893
26912
26921
26923
26939
26948
26951
26960
26968
26975
26977
26978
26979
27015
27025
27038
27042
27049
27051
27056
27067
27071
27076
27087
27105
27112
27117
27123
27127
27140
27142
27151
27157
27160
27172
27175
27183
27197
27202
27211
27212
27277
27288
27332
27336
27343
27354
27396
27407
27432
27437
27450
27452
27454
27462
27466
27468
27506
27517
27523
27549
27560
27566
27581
27594
27601
27604
27610
27618
27625
27663
27716
27721
27733
27780
27793
27806
27827
27840
27842
27852
27856
27863
27868
27885
27897
27904
27914
27930
27938
27949
27965
27974
27985
27991
27992
28007
28014
28023
28038
28041
28053
28065
28071
28074
28095
28107
28116
28128
28135
28137
28148
28151
28170
28172
28196
28202
28209
28229
28238
28240
28255
28271
28282
28286
28296
28300
28325
28328
28360
28382
28388
28396
28403
28428
28441
28448
28452
28458
28486
28513
28525
28537
28561
28628
28639
28654
28674
28686
28688
28689
28690
28691
28697
28698
28705
28728
28749
28754
28756
28770
28799
28813
28832
28838
28844
28851
28876
28883
28891
28892
28893
28926
28931
28977
28990
28992
29000
29002
29006
29013
29014
29018
29031
29041
29054
29055
29058
29085
29095
29106
29109
29110
29111
29123
29149
29156
29159
29164
29165
29172
29176
29179
29204
29205
29215
29222
29236
29246
29258
29265
29285
29293
29298
29301
29325
29340
29344
29355
29358
29375
29381
29389
29401
29445
29468
29469
29471
29472
29493
29542
29543
29553
29575
29581
29583
29593
29617
29653
29659
29662
29672
29681
29711
29712
29714
29715
29717
29730
29733
29739
29766
29788
29792
29813
29814
29836
29838
29840
29851
29864
29875
29887
29898
29904
29913
29917
29935
29937
29953
29964
29973
29977
30015
30017
30033
30039
30046
30055
30063
30084
30095
30104
30131
30144
30146
30148
30156
30161
30171
30178
30184
30190
30194
30196
30199
30200
30202
30203
30211
30220
30229
30242
30243
30250
30276
30281
30282
30297
30298
30302
30309
30314
30324
30331
30339
30342
30344
30365
30366
30385
30389
30399
30458
30463
30474
30479
30483
30485
30489
30494
30504
30509
30529
30550
30558
30624
30661
30684
30686
30690
30691
30693
30702
30725
30746
30752
30753
30754
30764
30767
30783
30789
30804
30811
30818
30824
30825
30839
30846
30850
30856
30863
30871
30879
30899
30901
30908
30925
30936
30951
30952
30988
30997
31006
31032
31052
31059
31066
31090
31094
31096
31100
31107
31110
31111
31117
31118
31128
31140
31206
31208
31215
31218
31226
31228
31234
31241
31246
31247
31252
31276
31284
31310
31317
31330
31332
31333
31336
31343
31344
31352
31353
31367
31380
31412
31431
31436
31447
31453
31475
31483
31490
31492
31493
31510
31516
31519
31528
31538
31544
31577
31578
31582
31606
31636
31638
31645
31657
31659
31675
31682
31690
31698
31700
31705
31710
31724
31731
31751
31756
31761
31781
31787
31789
31803
31805
31809
31827
31840
31847
31851
31870
31876
31894
31896
31901
31910
31931
31934
31935
31945
31954
31958
31961
31973
31974
31985
31992
32001
32033
32036
32038
32040
32050
32056
32063
32066
32073
32077
32082
32086
32088
32138
32145
32149
32155
32171
32181
32186
32229
32234
32248
32251
32259
32265
32268
32279
32281
32282
32285
32296
32297
32311
32317
32337
32363
32373
32377
32380
32392
32396
32400
32407
32409
32442
32457
32459
32478
32497
32502
32526
32545
32589
32607
32611
32612
32624
32633
32640
32645
32648
32664
32678
32688
32737
32749
32750
32754
32763
32792
32811
32824
32836
32859
32868
32880
32884
32887
32902
32916
32917
32921
32922
32946
32958
32963
32993
33002
33011
33020
33021
33030
33032
33034
33047
33055
33070
33101
33107
33109
33115
33124
33127
33139
33151
33158
33169
33180
33187
33217
33231
33236
33256
33261
33270
33273
33285
33343
33348
33349
33353
33356
33366
33373
33374
33403
33409
33414
33468
33480
33490
33518
33519
33525
33533
33560
33563
33575
33579
33580
33610
33612
33646
33648
33667
33671
33674
33691
33699
33704
33712
33725
33727
33730
33731
33732
33736
33768
33790
33799
33802
33805
33814
33819
33828
33841
33843
33852
33856
33870
33886
33890
33891
33896
33912
33923
33926
33927
33932
33936
33944
33950
33968
33983
33984
34002
34024
34031
34045
34058
34065
34070
34074
34075
34084
34103
34108
34113
34132
34135
34153
34164
34174
34180
34196
34203
34205
34211
34219
34246
34274
34286
34316
34324
34348
34353
34377
34382
34385
34395
34411
34412
34415
34443
34476
34480
34534
34567
34568
34593
34601
34609
34638
34639
34645
34647
34650
34653
34661
34663
34667
34669
34705
34713
34719
34733
34749
34755
34764
34773
34780
34782
34786
34791
34792
34825
34831
34844
34862
34868
34870
34887
34891
34922
34935
34940
34943
34961
34973
34974
34983
35014
35015
35025
35028
35032
35040
35041
35042
35050
35059
35061
35066
35083
35111
35114
35142
35162
35169
35178
35191
35197
35207
35230
35258
35267
35271
35277
35287
35303
35309
35323
35334
35335
35341
35352
35354
35360
35363
35366
35388
35400
35406
35422
35428
35435
35450
35455
35480
35498
35501
35512
35518
35527
35531
35541
35542
35545
35575
35602
35615
35618
35619
35648
35659
35662
35666
35672
35674
35677
35713
35718
35723
35726
35735
35736
35740
35744
35745
35749
35804
35808
35814
35826
35828
35849
35881
35891
35892
35904
35914
35938
35978
36000
36060
36080
36098
36101
36107
36142
36143
36198
36206
36214
36216
36226
36231
36244
36259
36273
36283
36317
36323
36324
36332
36336
36341
36347
36353
36381
36398
36400
36418
36425
36433
36441
36445
36448
36469
36470
36481
36504
36517
36553
36567
36571
36579
36602
36604
36615
36631
36647
36652
36655
36661
36673
36683
36710
36728
36735
36740
36754
36755
36756
36780
36783
36784
36789
36799
36815
36835
36836
36861
36863
36886
36916
36932
36943
36945
36958
36961
36986
37011
37020
37029
37031
37037
37042
37044
37048
37052
37058
37062
37064
37072
37075
37092
37093
37098
37110
37120
37125
37130
37147
37150
37155
37165
37168
37169
37174
37180
37184
37185
37194
37202
37204
37206
37213
37224
37226
37243
37244
37254
37257
37266
37280
37295
37299
37313
37331
37345
37363
37375
37379
37392
37398
37404
37407
37410
37414
37424
37430
37433
37447
37448
37464
37475
37495
37499
37515
37516
37521
37522
37524
37535
37551
37553
37555
37558
37567
37572
37588
37596
37597
37599
37624
37628
37638
37643
37645
37647
37648
37651
37663
37681
37686
37706
37708
37737
37740
37741
37743
37744
37750
37760
37763
37771
37783
37805
37806
37817
37823
37835
37839
37846
37860
37864
37869
37877
37884
37891
37895
37897
37905
37907
37933
37934
37947
37960
37962
37980
37981
37987
37994
37999
38003
38004
38015
38017
38020
38021
38022
38026
38049
38055
38083
38084
38086
38093
38097
38141
38147
38157
38172
38180
38183
38188
38197
38206
38234
38242
38247
38252
38258
38263
38278
38281
38289
38294
38304
38308
38314
38346
38351
38354
38366
38376
38379
38389
38393
38412
38417
38440
38443
38457
38464
38496
38500
38508
38534
38553
38562
38579
38593
38616
38630
38632
38653
38689
38694
38719
38738
38771
38774
38796
38801
38810
38812
38835
38844
38855
38862
38877
38898
38900
38902
38904
38915
38916
38918
38921
38928
38930
38937
38939
38940
38966
38970
38978
38984
39000
39037
39038
39066
39089
39100
39105
39138
39142
39146
39147
39151
39154
39159
39188
39190
39204
39209
39233
39261
39264
39274
39275
39281
39284
39299
39325
39337
39345
39365
39378
39380
39381
39398
39413
39444
39447
39458
39463
39473
39477
39483
39484
39487
39490
39493
39499
39508
39525
39529
39533
39549
39555
39572
39583
39585
39605
39613
39626
39656
39670
39677
39698
39705
39714
39717
39718
39719
39734
39742
39774
39775
39806
39809
39821
39836
39843
39852
39857
39865
39878
39880
39912
39918
39996
