AAAH
AAAI
AAEM
AAHN
AAKB
AALU
AAMJ
AAOV
AAQQ
AAWU
AAYC
ABAH
ABBI
ABGR
ABOD
ABOU
ABTT
ABUT
ABXJ
ACGB
ACHE
ACHJ
ACHM
ACLF
ACQI
ACSQ
ACUM
ACVI
ACXR
ADEU
ADJB
ADKA
ADKG
ADKH
ADKI
ADQM
ADRH
ADSG
ADTH
ADXX
ADYO
AEHK
AEMQ
AEPE
AEPN
AEQL
AESM
AEUL
AFBA
AFTM
AFVL
AFWP
AFXG
AFXV
AFXW
AFZE
AFZR
AGAG
AGDC
AGEU
AGGU
AGHT
AGIX
AGNE
AGQN
AGRH
AGRW
AGSC
AGSM
AGUO
AGVP
AGYV
AHBG
AHCQ
AHJJ
AHOQ
AHPB
AHRE
AHSB
AHSF
AIDQ
AIGS
AIHG
AIKU
AIQO
AIQY
AITG
AIVN
AIXH
AIYS
AJBO
AJIH
AJSX
AKES
AKFE
AKIH
AKLG
AKQO
AKSE
AKTE
AKWI
AKXP
ALBS
ALEP
ALGC
ALGP
ALKK
ALKW
ALNQ
ALRB
ALTB
ALUS
ALWC
ALXI
AMAD
AMAI
AMDN
AMKG
AMLQ
AMRB
AMWG
AMWN
AMXI
AMXM
AMYO
ANFX
ANJN
ANKJ
ANMK
ANMQ
ANPS
ANRQ
ANWJ
AOBU
AODD
AOMJ
AOST
AOZP
APGX
APIK
APKF
APLE
APMH
AQAU
AQDF
AQIO
AQKH
AQLV
AQLY
AQZU
AQZW
ARAE
ARAZ
ARCC
AREJ
ARKM
ARMQ
ARNC
ARVQ
ARWD
ARYU
ASDM
ASEK
ASFD
ASFY
ASGU
ASHG
ASHY
ASIO
ASOR
ASOX
ASRZ
ASZW
ATCX
ATEK
ATLX
ATRG
ATXC
ATYK
AUBO
AUDG
AUDJ
AUHO
AURI
AUTQ
AUUT
AUZV
AVNG
AVRG
AVSK
AVVK
AVWA
AVXZ
AWAR
AWHA
AWHU
AWII
AWKF
AWKH
AWKU
AWVO
AWXS
AWZP
AXBO
AXCK
AXFJ
AXHN
AXOK
AXRB
AXUV
AYAP
AYDI
AYHX
AYIY
AYKR
AYOY
AYSL
AYTG
AYXO
AZGY
AZIK
AZKD
AZMC
AZRE
BABM
BACP
BAFD
BAGF
BAIQ
BAJS
BAKZ
BALW
BAMF
BAMQ
BAQN
BATA
BAUT
BAXG
BAYU
BAZI
BBDV
BBDY
BBFS
BBOK
BBQN
BBQO
BBUI
BBVV
BCEW
BCGF
BCPQ
BCQJ
BCWI
BDAU
BDHR
BDLK
BDMW
BDNB
BDPM
BDQV
BDQX
BDRL
BDVK
BDYI
BDYM
BEAB
BEBD
BEBV
BEBW
BECB
BEDB
BEER
BEMF
BENL
BEOV
BEUF
BEYQ
BEZS
BEZU
BFEY
BFFS
BFHO
BFJY
BFKD
BFOS
BFPS
BFSE
BFUS
BGGB
BGJX
BGKP
BGKV
BGLV
BGNB
BGOF
BGQH
BGRC
BHAJ
BHDJ
BHEX
BHNC
BHPO
BHSJ
BHTZ
BHWO
BIBD
BICI
BICP
BIDP
BIFV
BIOS
BIPC
BISI
BISW
BIYJ
BIYS
BJBM
BJGH
BJHE
BJLI
BJMO
BJNA
BJQK
BJUI
BJWL
BKBR
BKEW
BKHP
BKIP
BKLR
BKNY
BKOH
BKQX
BKQY
BLBP
BLCW
BLHE
BLHH
BLID
BLJN
BLNS
BLWM
BMDB
BMDG
BMEF
BMLP
BMMM
BMNG
BMQS
BMTF
BMXO
BMZE
BMZG
BMZR
BNIN
BNJR
BNKG
BNPI
BNRM
BNTE
BNUU
BNVA
BOCK
BOJR
BOLM
BOLY
BOWC
BPAH
BPFF
BPLX
BPNJ
BPQN
BPRU
BPSR
BPTE
BPTR
BPWK
BQEO
BQET
BQEV
BQTG
BQVJ
BQVM
BQVW
BQXS
BQYN
BRCI
BRGV
BRPH
BRQT
BRSX
BRXR
BRYD
BRZD
BSEP
BSGO
BSJO
BSOM
BSOU
BSQA
BSWW
BSYE
BTIT
BTJA
BTNG
BTNX
BTOU
BTRM
BTUA
BTUN
BTVH
BTZH
BTZJ
BUEB
BUEC
BUEI
BUFC
BUHQ
BUIY
BUKZ
BUOE
BUOU
BUQE
BVDK
BVEJ
BVGZ
BVIR
BVNC
BVPL
BVPY
BVRH
BVUH
BVZK
BWEM
BWJZ
BWLP
BWLY
BWOG
BWRC
BWSQ
BWSU
BWVP
BXAI
BXHH
BXHJ
BXIG
BXJK
BXQS
BXRW
BXUJ
BXWT
BYFR
BYNS
BYRU
BYSL
BYZO
BZBD
BZBJ
BZBL
BZEP
BZHF
BZKR
BZKV
BZMN
BZNV
BZRW
BZTO
BZYL
CAFJ
CAHI
CAHV
CAHW
CAIA
CAIV
CAKX
CANE
CANJ
CANP
CANX
CAVG
CBAN
CBAV
CBCY
CBDV
CBGL
CBHA
CBOC
CBPP
CBPU
CBSB
CBUD
CBWY
CBXF
CBYC
CCFK
CCHG
CCQZ
CCRC
CDAH
CDFJ
CDIL
CDIV
CDJM
CDJX
CDLT
CDNP
CDSA
CDTR
CDWA
CECP
CEFK
CEFP
CEGF
CEIO
CEMH
CENS
CETG
CEUW
CEVA
CEVP
CEZN
CFBY
CFCD
CFHD
CFJD
CFRI
CFRN
CFRP
CFUY
CFVM
CFXX
CGBA
CGKN
CGNG
CGSC
CGVK
CHCX
CHEV
CHFM
CHIU
CHKJ
CHSL
CHTQ
CHVZ
CHYD
CICU
CIHM
CIKR
CIKZ
CIMS
CINF
CINJ
CIQE
CISE
CIVK
CIVU
CIYS
CIYT
CJBO
CJBS
CJCH
CJDH
CJGI
CJGM
CJHD
CJHV
CJJV
CJOO
CJUQ
CKBC
CKGF
CKGJ
CKIJ
CKPD
CKPR
CKSC
CKSQ
CKWT
CKXT
CKYX
CLAV
CLCA
CLCH
CLGX
CLIP
CLOE
CLTW
CLYS
CMCB
CMGO
CMGU
CMGZ
CMND
CMNH
CMRB
CMYD
CNIF
CNJO
CNLZ
CNNW
CNOE
CNQX
CNSX
CNXH
CNXU
COAC
COAR
COET
COGG
CORX
COSJ
COUL
COWX
CPAA
CPCD
CPEW
CPGQ
CPLE
CPLQ
CPNX
CPPB
CPQO
CPTC
CPVD
CPYD
CQBR
CQLF
CQLU
CQWK
CQYQ
CQZN
CRBO
CRGS
CRIX
CRJG
CRTN
CRVC
CRXO
CSCS
CSIM
CSKR
CSLM
CSNV
CSSC
CSSG
CSUJ
CSWF
CTAN
CTEA
CTIN
CTJC
CTMS
CTPK
CTPV
CTQZ
CTRD
CTSA
CTUB
CTWS
CTXV
CTYI
CUCK
CUCR
CUDT
CUFD
CUIB
CUKD
CULR
CUUE
CUUI
CUUL
CUUN
CVAE
CVBW
CVCS
CVDD
CVDM
CVGR
CVLU
CVON
CVSV
CVTL
CVXM
CWBG
CWFQ
CWFW
CWJD
CWUG
CWUV
CWXA
CWXQ
CXAR
CXBJ
CXEL
CXGC
CXHK
CXIG
CXJM
CXRK
CXSP
CXTH
CXWL
CXWW
CXYV
CYDI
CYKD
CYQZ
CYSM
CYXH
CYXS
CYYI
CYYN
CYZM
CZII
CZJC
CZKD
CZLI
CZOA
CZWR
CZYJ
CZYT
DABB
DAFL
DAKC
DAOD
DAOH
DATG
DATL
DAUB
DAWM
DAXR
DBAW
DBAZ
DBDG
DBIR
DBKC
DBPY
DBTL
DBUR
DBZO
DCEA
DCFU
DCGB
DCJK
DCLD
DCMD
DCPH
DCPP
DCSN
DCTK
DCTR
DCUZ
DCVJ
DCWF
DDBL
DDCC
DDIT
DDIU
DDJE
DDPC
DDPI
DDPU
DDTQ
DDUJ
DEAC
DEAU
DEGL
DEHH
DEJO
DEMP
DESM
DEXW
DEYY
DEZF
DEZM
DFEP
DFGD
DFHH
DFJC
DFLP
DFLW
DFMC
DFQR
DFTD
DFVH
DFXI
DFXK
DGCG
DGCT
DGIR
DGIX
DGPI
DGQW
DGTK
DGVM
DHEC
DHFV
DHGD
DHJC
DHJG
DHNJ
DHOB
DHTJ
DHUH
DHVW
DHWC
DHXS
DHYK
DIDR
DIFK
DILB
DIMR
DISF
DIUC
DIXW
DIZG
DJBK
DJDC
DJDV
DJEN
DJGQ
DJMO
DJNQ
DJNY
DJRJ
DJVD
DKAM
DKAO
DKCQ
DKGK
DKHD
DKIE
DKKY
DKQD
DKSD
