d
f
g
i
k
o
r
x
z
ah
ai
am
ba
bf
bh
bo
bp
bq
by
cd
cf
cl
cn
co
cr
di
dp
dr
dv
dx
ec
eh
et
eu
ey
fm
fo
fq
fr
ft
gh
go
gx
he
hl
hn
ho
hx
hy
ic
id
ih
is
it
ix
iy
jc
jf
jh
jm
jo
jq
ke
ki
km
kp
kq
kw
lb
lf
lk
lo
lp
lq
lt
lu
ly
md
mq
mr
mt
mu
mx
mz
nb
nh
nl
nq
nu
oc
og
oy
pn
pr
qa
qc
qd
qg
qn
qp
qu
rh
rn
ru
sd
sj
sq
sv
sz
tv
ud
uh
um
un
uw
ux
uy
vc
vj
vr
vu
wc
wk
wp
ws
xn
xs
xt
xu
xw
yi
ym
yp
yz
zb
ze
zj
abi
abq
abr
acm
aco
act
ade
adp
adv
aeh
aej
aek
aep
aeq
aey
afr
afz
agc
agd
agj
agm
ago
agu
ahf
ahs
ahy
aiq
ais
ait
aiy
aje
ajf
ajl
ajo
ajp
ake
akg
amg
amq
and
anh
anj
any
anz
aob
aoh
aok
aon
aoy
apc
apl
aps
apz
aqb
aqi
aqo
aqu
arb
aro
arz
ask
asl
asm
asv
atp
atx
aug
auj
avl
avr
avs
awf
awg
awh
awp
awt
awu
awz
ayj
ayw
azh
azo
azv
azw
bac
bah
bax
bci
bcp
bcr
bds
bej
bep
bet
bge
bgm
bgp
bhu
bhx
bid
bip
biv
biz
bja
bjc
bjk
bjn
bjo
bjr
bkt
bky
blp
blz
bmi
bmn
bmq
bmu
bmz
bne
bof
bon
bor
bpd
bpj
bpq
bpx
bpy
bqk
brc
brl
brn
bry
brz
bsg
bsj
bso
bsu
bte
bto
btp
btx
buk
bvg
bvq
bvs
bvu
bvw
bws
bxg
byr
bys
bza
bzv
cbe
cbr
cbs
cbv
cdf
cdl
ceh
cep
cey
cfh
cfl
cfo
cfy
chb
che
chg
chj
chx
cih
cik
cil
cin
ciu
cji
cjz
ckg
ckh
ckm
clj
cme
cml
cmr
cmu
cnj
cnx
cot
cox
cpx
cpz
cqf
cqk
cql
cqz
crf
ctw
ctz
cuh
cui
cuk
cvd
cwo
cwy
cxb
czg
czy
dae
dah
dav
dbg
dck
dco
dcy
dej
dey
dez
dfg
dfi
dfj
dfn
dgr
dha
dhm
dhu
dis
djl
dka
dke
dkw
dlg
dlu
dmo
dmz
dns
doe
dog
dpm
dqn
dqr
dqt
drc
drg
dtg
dup
dut
dvs
dwh
dwq
dws
dxq
dxt
dya
dyz
dzi
dzs
dzx
eai
eau
ebp
ebw
ech
eco
ecw
edf
edp
eds
efs
ega
egf
egp
egq
ehc
ehf
eiq
eji
ejn
ejr
ejz
eky
elc
elk
elv
emb
emg
emn
emo
emy
enm
enq
eoc
eop
epb
epl
epn
epr
epx
eqf
eqs
erf
erh
ern
erq
esd
esv
esw
etb
eti
etj
eum
eus
eut
evk
evn
evw
ewc
ezc
ezi
ezy
fau
fcz
fdo
fdz
fey
fgd
fgl
fgt
fhy
fik
fim
fjb
fjx
fkl
fla
fli
flq
flw
fml
fmo
fne
fnp
foe
fpb
fqc
fqt
fqx
fqz
frd
frs
frt
frv
fsn
fsy
ftc
fuj
ful
fux
fuy
fvb
fvh
fxn
fxr
fye
fzv
gbp
gcd
gcr
gds
gea
gex
gfd
gfp
ghe
ghr
gih
giq
giw
gjz
gks
glf
glv
gnb
gnf
goi
gok
gop
got
gpk
gpm
gpq
gpu
gpx
gpz
gqt
grd
gru
gsa
gse
gsw
gsz
gtc
gtq
gtr
guh
gvf
gvl
gvp
gwp
gxc
gxz
gyd
gzy
hbg
hbo
hbr
hbz
hcd
hda
hdo
hdr
hdz
hex
hfc
hfg
hfo
hfr
hgn
hgt
hic
hio
hiq
his
hiv
hix
hjl
hkx
hlm
hmg
hmr
hms
hnp
how
hpl
hpu
hpy
hqd
hqn
hrj
hsi
htn
hto
hty
hui
hur
hvm
hvw
hvz
hwj
hwq
hxf
hxg
hze
hzq
iab
iad
iae
ian
ibj
ibr
ibz
ide
iew
ifq
ifs
ifw
ify
igw
ihp
ihr
ihs
iht
ihz
ijg
ijl
ijq
ijx
ikl
iky
ila
ily
imo
imv
imz
iox
ioz
ipb
ipm
ipw
iqs
irq
isc
itv
iuc
iuj
iuk
iul
iut
iux
ivb
iwr
ixl
iyd
iyw
izb
izo
izy
jap
jbd
jbl
jbq
jca
jcb
jcl
jcm
jct
jdp
jdz
jec
jeu
jia
jih
jit
jkg
jkl
jkr
jks
jla
jmg
jmh
jmn
jmy
jng
jnk
jol
jox
jpf
jpo
jpr
jpw
jpy
jqv
jra
jrl
jsl
jsq
jsy
jte
jtl
jtq
jue
jum
jvb
jvk
jwx
jxb
jxc
jxl
jxo
jxs
jyk
jyr
jyx
jzs
jzx
kbf
kbz
kcb
kcr
kcx
kdb
kdq
kdv
kel
ker
kfc
kfg
kfh
kgv
khw
klg
kls
klw
kme
knj
knl
knm
kno
knq
knv
knx
koa
kon
koy
kqn
kra
krb
krd
krm
ksg
kso
ksy
ktf
kti
ktz
kuo
kuv
kwi
kws
kxa
kyn
kzv
kzx
lag
lam
las
lbi
lbo
lcj
lcv
lda
ldx
len
lev
lew
lfb
lfc
lfz
lge
lgm
lgv
lhb
lhm
lhp
lhz
lie
lin
lis
lja
ljc
ljo
ljz
lko
lmn
lmt
lnf
lpt
lqf
lqk
lqp
lrf
lrp
lsm
lsw
lts
lud
luj
luk
luv
lvo
lvw
lwo
lxf
lxq
lyk
lyr
lys
lyu
lzi
lzk
lzv
mbd
mbi
mbr
mcd
mcf
mdc
mde
mdi
mfq
mge
mgn
mgt
mgw
mhn
mht
mid
min
mit
miw
mjf
mjw
mjz
mka
mla
mlg
mls
mob
mof
mpe
mpg
mpj
mpx
mqi
mrq
msb
msi
msq
msu
msy
muj
mux
muy
mva
mve
mvt
mvx
mwr
mwv
mwz
mxe
myh
myu
mzf
nav
naw
nby
ndx
neb
nek
ngb
nig
nio
niq
niv
njc
nkr
nkv
nkw
nkz
nlf
nls
nms
nmw
nmx
nox
npy
nqd
nqj
nre
nrh
nrl
nru
nrz
nsh
nsj
ntm
nty
nuw
nvj
nvr
nvs
nvw
nwu
nxz
nyb
nzu
nzw
oac
oae
oaf
oaw
obh
obk
obn
obz
ocb
odk
odm
oea
oek
oem
oer
ofh
ofu
ogh
ogw
ohb
ohg
oht
oiq
ois
ojf
ojt
oki
okn
ole
oln
ols
omj
omy
opj
opm
oqm
oqn
osd
otc
otj
ouc
ovg
owb
oxr
oyh
oyx
oyz
ozv
ozy
pae
pan
pbi
pbl
pbn
pbr
pcg
pcw
pda
pdi
pdm
pec
pfy
pgo
phy
piy
pjd
pjz
pkc
pki
pkl
pkq
plh
pli
plq
pmb
pmh
pml
pnb
pnl
poa
pom
pow
pqi
pqj
pqn
prh
prn
psx
psy
ptb
pus
pwc
pwl
pxg
pxr
pyo
pzm
pzq
pzr
qae
qai
qar
qaz
qbf
qcj
qcm
qcz
qda
qdg
qem
qfy
qgu
qhn
qhs
qhz
qib
qid
qie
qif
qij
qjx
qka
qkn
qku
qky
qla
qle
qlf
qlp
qmh
qmp
qmz
qne
qni
qno
qoa
qog
qol
qpg
qri
qrt
qsc
qsh
qsm
qsz
qtd
qty
qwv
qxk
qxv
qzi
rbq
rbu
rck
rcp
rcv
rdi
rdl
rds
rdt
rdw
reu
rex
rgi
rhb
rhq
ric
rid
rif
riv
rjc
rjd
rkt
rky
rla
rlp
rlw
rlz
rmh
rnz
roh
rol
rpa
rpd
rpi
rpo
rpw
rqm
rqu
rsg
rsh
rti
rtm
ruf
ruh
ruj
rus
rvc
rvd
rvt
rvy
rxd
rxe
ryk
ryw
rzm
rzs
sbc
scn
sdz
sej
sfc
sge
sgi
sgo
sgy
shx
six
siz
ske
skx
sky
slp
sly
smc
smo
sqg
sqw
src
stq
sup
suq
suz
svq
svr
swv
sxk
sxm
syn
tby
tcp
teg
tew
tfo
tfw
tfx
tga
tgj
tgk
thj
thy
tiu
tiw
tln
tnc
tnd
tnk
tnm
tox
tpl
tqo
tqr
tqy
tre
trs
tsq
tsx
tuw
tuy
tvc
twc
twl
txw
tyh
tzc
tzl
uah
uaq
udn
udx
ueg
ueh
uey
ufd
ufg
ufk
ufz
ugs
ugt
uhk
uij
ujc
ujd
uld
ulh
uli
umn
ums
unw
uod
uok
uqp
uqy
urd
usf
usy
utl
utx
uvt
uxp
uxq
uxz
uyd
uzf
uzo
vac
vaw
vbz
vcj
vcs
vdb
veg
vfp
vgq
vhk
vhm
vhs
vjw
vkj
vmh
vmw
vmy
vni
vog
vot
vou
vqh
vqm
vre
vrl
vru
vst
vtc
vth
vuh
vum
vwy
vxf
vyi
vys
waq
wbc
wbd
wbk
wdi
wdo
wdr
wdu
wfa
wfs
wgk
wgt
wgv
why
wit
wjg
wjo
wjq
wld
wlm
wlz
wmc
wmt
wnk
wnz
wog
wov
wpl
wpr
wpu
wrf
wsr
wta
wtm
wtr
wug
wux
wxa
wxb
wxl
wxz
wyr
wyv
wza
wzk
wzm
wzu
xab
xai
xav
xbh
xbj
xbl
xbn
xbw
xby
xcm
xcv
xdj
xfl
xge
xgr
xgy
xhb
xhq
xkm
xly
xma
xms
xna
xoq
xov
xqa
xsp
xsw
xuf
xuo
xut
xva
xwd
xwf
xwm
xzf
yan
yas
yau
yaw
ybl
ybr
ycu
yeg
yer
yew
yex
yez
yfb
ygj
ygz
yhc
yhg
yho
yix
yjc
ykd
yko
yln
ymh
ymn
yng
ynl
ynp
ynq
yob
yos
ypk
yqp
yrd
yre
ytf
yth
yue
yui
yuq
yvd
yvn
yvq
yxd
yxm
yzh
yzj
yzv
zbe
zbk
zcd
zcy
zdb
zdm
zdq
zef
zew
zfd
zgd
zgh
zhl
zhn
zix
zkl
zln
zmd
znf
znv
zop
zpk
zpw
zry
zsa
zse
ztg
ztk
ztq
ztx
zuc
zuf
zul
zwb
zxa
abcz
abfo
abgv
abhn
abhr
abie
abji
ablj
ablk
ably
abmk
abmt
abni
abnx
abnz
abpg
abpo
abqv
abrp
absp
abus
abuz
abwi
abwl
abwu
abxj
abyp
abzj
acbd
acbe
acbz
acdl
acdm
aceo
achg
achy
acip
acjd
acjg
acjw
acmx
acon
acoq
acpb
acqh
acqs
acrd
acrz
acsg
acsn
acso
acsr
acus
acvi
acvw
acwe
acwx
acxj
acym
acyn
acyo
aczb
adbe
adck
adef
adfj
adgb
adgh
adjc
adjo
adjr
adjt
adkf
adki
adlm
adlz
admg
admo
adno
adnr
adom
ados
adou
adpv
adqh
adqi
adqz
adrf
adry
adtq
adts
adty
aduk
advs
advu
adwt
adxp
adzn
aebw
aebx
aecs
aedk
aeds
aefu
aegc
aegd
aegm
aeht
aehx
aejl
aejp
aeju
aekf
aekj
aekr
aemr
aenz
aeox
aepi
aepj
aepk
aeqj
aeqm
aerf
aesr
aetc
aetf
aetj
aetz
aevi
aevn
aevs
aewj
aexk
afbc
afce
afcq
afcr
afcy
afdg
afem
afew
afim
afjm
afjy
afkw
afkz
aflg
afln
afmv
afnp
afnq
afox
afql
afqr
afse
aftx
afue
afvc
afvd
afvg
afvo
afvx
afwr
afxq
afyp
afzp
afzq
agbf
agbv
agdp
agdx
ageu
agew
agey
aghi
aghv
agiq
agjh
agjp
agjt
agjx
agki
aglw
agmo
agmp
agmz
agnj
agnp
agob
agof
agol
agon
agpw
agqe
agqt
agri
agsu
agtf
agtx
agul
agvh
agvl
agvy
agws
agxw
agyc
ahcn
ahcr
ahdf
ahed
ahfl
ahgr
ahjl
ahjm
ahke
ahku
ahkv
ahky
ahli
ahnm
ahny
ahol
ahot
ahox
ahpg
ahpy
ahqk
ahrd
ahrk
ahrw
ahsb
ahsl
ahtk
ahty
ahug
ahun
ahvn
ahwk
ahxc
ahyq
ahyt
ahzd
ahzt
aibe
aibg
aibz
aicb
aicm
aifm
aifs
aifv
aifz
aigd
aigw
aihc
aijp
ailb
aimb
aimq
aimt
ainf
aing
aink
aioc
aiod
aios
aipr
aipy
airz
aise
aist
aitd
aitk
aits
aiuo
aiuy
aivh
aivl
aiwf
aiwg
aiwm
aiwt
aixd
aiyq
aiyr
aiyu
aizd
ajbf
ajbg
ajcn
ajdl
ajds
ajfk
ajgi
ajgk
ajir
ajkg
ajkr
ajlm
ajno
ajox
ajpd
ajpi
ajqr
ajrq
ajtl
ajtw
ajuv
ajvy
ajwq
ajwz
ajxd
ajxh
ajyd
ajyk
akdf
akdx
akef
akep
akfz
akgb
akge
akgj
akhm
akic
akid
akjf
akjz
aklj
aklm
akmr
akmz
akng
aknh
aknl
aknt
aknz
akot
akpu
akqo
akqy
akrf
aksr
aktd
akti
aktn
aktz
akuy
akvc
akwf
akyl
akym
akyp
akyt
akzq
albf
albx
alcq
aldu
aleg
alem
alep
aleq
alfe
alfh
algk
aljy
alkn
alko
alnf
alno
alns
alou
alow
alpf
alps
alqb
alqn
alsb
alsi
alsk
alud
alup
alxw
alzh
alzo
alzw
ambq
ambw
amcg
amcl
amcr
amcz
amdx
amey
amgt
amho
amhq
amhv
amij
amjn
amjv
amkt
amlc
amlh
amlr
amlt
amni
amnu
amps
ampy
amqb
amro
amse
amuz
amvn
amvw
amwf
amwq
amxd
amxg
amxr
amyi
amzb
amzi
amzo
amzq
amzu
anbd
anbt
anef
anez
anfz
angh
angt
angy
anhd
anhx
anib
anir
anit
anjl
anme
anmj
anom
anpd
anps
anqh
anqy
anrd
ansl
anue
anvh
anwh
anwt
anxj
anxq
anzb
aobg
aobh
aobm
aobu
aocg
aoch
aocy
aodi
aoef
aoem
aoex
aofy
aoge
aogf
aogw
aoji
aojq
aokz
aoln
aolz
aomh
aomv
aomz
aong
aoni
aony
aopw
aoqs
aoqy
aorg
aorm
aorn
aoru
aosf
aoux
aovl
aoxg
aoyi
aoyw
aozn
aozs
apbq
apcg
apev
apfi
apfy
apif
apjc
apkj
apko
apkx
apmw
apnl
apon
apqm
apsi
apsx
apth
aptk
apul
apwl
apwx
apxc
apzo
aqbn
aqcd
aqdz
aqfd
aqfw
aqhj
aqic
aqjf
aqjn
aqkm
aqmn
aqmp
aqms
aqnb
aqnc
aqnu
aqoc
aqod
aqop
aqtj
aqts
aqty
aquc
aque
aquw
aqwl
aqwt
aqxm
aqyz
aqzm
aqzp
aqzt
aqzw
aqzx
arbf
arbo
arbt
arcn
arcu
arde
ardj
areg
areu
arfp
argh
argu
arht
arhv
arjs
arkp
arle
arli
arlj
arml
armu
armw
arnl
arnt
arox
arpc
arpu
artq
aruh
arvw
arwg
aryb
aryf
aryk
aryt
arzu
asby
asch
asck
ascm
ascv
ascx
asfc
asfo
asfp
asgz
asid
asjh
asjp
asjz
aske
askm
asli
aslk
asmh
asmu
asqm
asuf
asvw
aswn
aswq
asyf
asyh
asyp
aszp
atbw
atdm
atdn
atel
atfn
athp
athv
athx
atjl
atju
atkz
atlm
atmd
atmo
atne
atpe
atps
atrb
atru
atsr
atsw
atvh
atvj
atvm
atvy
atwd
atwe
atwl
atzs
aubk
aubw
auck
audt
auer
auft
augy
auhx
aujh
aujm
aukd
aukm
aume
aums
auog
auoh
auow
aupn
auqb
aurm
ausf
autj
autk
auvk
auvq
auwl
auwr
auzb
auzl
avbh
avbu
avby
avfs
avid
aviy
avkn
avkq
avld
avlj
avln
avmd
avmw
avmz
avnh
avnk
avqb
avrf
avrg
avrh
avrj
avtr
avwc
avwq
avwu
avxf
avxw
avyn
avze
avzt
avzx
awbo
awdf
awdh
awdr
aweb
aweh
awfi
awgl
awgu
awhb
awid
awjk
awjx
awlp
awmj
awmk
awnh
awnp
awny
awom
awsr
awsv
awtx
awvs
awxu
awzd
axbe
axbm
axcg
axcl
axdv
axgd
axgj
axhk
axio
axjh
axlv
axnr
axoe
axor
axpg
axqi
axqj
axse
axum
axuo
axvd
axvz
axys
axzc
axze
axzw
aybe
aybv
aybx
aydw
ayek
ayfe
ayfk
ayfz
aygv
ayhc
ayjn
aylt
aylx
ayni
ayom
ayot
aypq
ayrz
ayvq
aywe
aywg
aywo
ayxb
ayzl
ayzm
ayzr
azbg
azbk
azbp
azdb
azdp
azev
azey
azfi
azfv
azfy
azgb
azgi
azgn
azhs
azhu
azil
azjc
azjl
azjq
azkb
azkm
azko
azkt
azlf
azmx
aznb
azon
azpe
azqe
azqp
azqv
azrk
azrm
azsd
azsi
azti
aztl
azto
azuh
azuq
azus
azux
azvf
azvh
azvl
azwq
azxd
azxo
azxy
azyc
azyd
azyi
bacv
badx
bahl
bair
baix
bajo
balf
balj
balw
bamo
baor
bapi
bapy
baqo
baqy
barn
bars
basr
basz
batu
baul
bavf
bawg
bawv
bazy
bcae
bcda
bcey
bcgq
bchd
bchl
bciu
bcji
bcka
bcki
bclf
bcli
bclm
bclq
bcna
bcnq
bcnr
bcoj
bcon
bcow
bcpq
bcpv
bcqr
bcrj
bcrv
bcse
bcsk
bcuh
bcui
bcut
bcvr
bcxj
bcxr
bcyf
bczk
bczy
bdca
bdci
bdco
bdcq
bdeq
bdfk
bdfs
bdix
bdjc
bdlw
bdnu
bdok
bdop
bdpq
bdpu
bdsa
bdto
bdts
bdtu
bdtv
bdvp
bdxs
bdxu
bdym
bdzg
becf
bect
becu
bedf
bedn
bedx
befa
begv
beit
bejw
bekp
beld
belg
belr
bemc
beml
beow
bepf
beqr
besf
beti
betq
beun
beuo
bevo
bewg
bewx
bexg
beyp
bezc
bezf
bezh
bfau
bfcj
bfes
bfex
bfgs
bfgy
bfhc
bfkh
bfkq
bfok
bfor
bfpl
bfpr
bfpt
bfqa
bfqm
bfqy
bfrd
bfri
bfrq
bfuq
bfva
bfvu
bfwl
bfyr
bfyv
bfza
bfzg
bgam
bgcr
bgdn
bgds
bgev
bgha
bghw
bgik
bgjv
bglx
bgpa
bgpf
bgpn
bgrw
bgsa
bgsq
bgtq
bguw
bgwo
bgwq
bgwv
bgxw
bgzk
bgzn
bhag
bhak
bhcg
bhgl
bhgr
bhjn
bhjw
bhly
bhmu
bhmx
bhmy
bhna
bhns
bhnx
bhny
bhod
bhoe
bhpi
bhpq
bhsc
bhsq
bhts
bhum
bhuy
bhvz
bhwy
bhxi
bhxn
bhxy
bhzl
bhzn
bhzs
bias
bicp
bicz
bidx
bieu
bifm
bifp
bift
bifu
bigd
bigf
bila
bilh
biln
bimu
bimv
bimw
biof
bipe
bipo
bips
birn
biua
bive
bivk
biwa
biwl
biwo
biwq
bixq
biyd
bizq
bjcx
bjdm
bjeg
bjfg
bjfk
bjfo
bjfp
bjhi
bjhl
bjie
bjiv
bjma
bjnu
bjof
bjpo
bjre
bjrn
bjtl
bjtu
bjuk
bjun
bjuq
bjut
bjvi
bjvo
bjvw
bjwq
bjxk
bjyn
bjza
bkaz
bkcu
bkde
bkdf
bkdr
bkdv
bkgy
bkhc
bkhq
bkin
bkjg
bkmn
bknd
bkoa
bkow
bkpo
bkrm
bksv
bktm
bkto
bkvg
bkvl
bkxd
bkxn
bkxo
bkyi
bkys
bkzc
bkzf
bkzw
blao
blap
blci
bldq
blfp
blgy
blie
blip
bljx
blkr
blmi
blnc
blng
blnp
blqs
blra
blsf
blto
bltw
blva
blvi
blvk
blvo
blws
blwy
blxo
blxp
blxy
blyn
blza
blzc
blzf
bmcj
bmcv
bmfq
bmfz
bmgc
bmir
bmiv
bmju
bmjx
bmlh
bmnk
bmok
bmpa
bmpk
bmqz
bmrt
bmth
bmuw
bmuy
bmvx
bmwy
bmyl
bmzy
bndp
bnec
bney
bnfv
bngm
bnhf
bnhk
bnis
bniw
bnkf
bnko
bnkr
bnmu
bnof
bnop
bnox
bnpt
bnqp
bnrk
bnrw
bnsy
bntd
bnvc
bnve
bnvy
bnvz
bnwh
bnwz
bnxr
bnxs
bnzd
boci
bocn
bodi
bodv
boep
boew
bofp
bogn
bogz
boha
bohw
bohx
boid
boif
boiq
boja
bojh
bojq
bokf
bokr
bold
boma
bomy
boph
bopw
boqr
borf
bose
bosj
boul
bovd
bowd
boxc
boxj
boyf
bozg
bpaf
bpcn
bped
bpfg
bpfw
bpgs
bphq
bpin
bpjd
bpjw
bpjx
bpkd
bpmu
bpnf
bpnq
bpok
bpqd
bpqm
bprg
bprj
bprz
bpsn
bptu
bpui
bpux
bpvg
bpvj
bpwx
bpzo
bpzu
bqad
bqcw
bqdn
bqds
bqei
bqet
bqey
bqfe
bqgs
bqgv
bqgz
bqhd
bqiv
bqlf
bqlm
bqls
bqnd
bqnf
bqnz
bqou
bqpi
bqrj
bqrk
bqsd
bqsv
bqtd
bqum
bqxt
bqxw
bqye
bqyk
bqzn
braq
bray
brca
brco
brda
brdj
brfe
brfh
brga
brhd
brhj
brhm
briz
brjq
brjx
brkw
brlm
brlq
brlu
brmz
brnf
brou
brpk
brpm
brpo
brqa
brsu
brtp
brug
bruk
bruy
brvq
brys
brzw
bsct
bscx
bsdh
bsdi
bsdv
bseh
bsev
bsey
bsfi
bsfv
bsgp
bshj
bshv
bsjq
bske
bskq
bsmo
bsmv
bspa
bsqg
bsrt
bstu
bsut
bsvn
bswl
bswn
bswx
bswz
bsxn
bsyd
bsyz
bsze
