aadb
aafr
aahg
abwr
acij
acrm
acwc
adhw
aefn
aelr
aeqs
aewf
aexs
affo
afih
afoz
afpa
afqr
agef
agqu
agrs
ahrx
ahwc
aihd
airn
aizx
ajpc
ajzc
akgp
akua
akut
akwd
akwj
alfr
alkk
alpn
alwt
amwm
anby
aniz
anvb
anwo
aoal
aobs
aoby
aohs
aoqp
aoyf
apas
aqki
aqmo
aqum
aqwm
aqzf
aqzp
aqzv
area
arhk
arhs
armi
arso
asje
aspq
ateq
atha
atit
aull
auxd
avcn
avjf
avos
avwc
awwl
axnq
axvi
axxi
axyk
aybt
ayhj
ayon
azgb
azwp
bacx
badg
banx
bapi
bbbb
bbgc
bbmx
bbup
bbxc
bbxh
bcme
bcnn
bcqv
bcwb
bddt
bees
bete
bewr
bfew
bfgv
bfjx
bfkp
bfof
bfqg
bfyw
bgfe
bggx
bgjg
bgmt
bhgd
bhgs
bhro
bibo
bkcb
bkoy
bktz
bkxb
bkxy
blis
blji
bljr
blul
bmxh
bmzh
bnad
bnfq
bnhl
bnkh
bnnp
bnph
bonj
bpgc
bpkz
bprn
bptv
bqhw
brcq
bree
bret
brix
brrg
bsfd
bskm
bsqn
bstj
bsup
btav
btda
btmm
buha
buno
butr
bvah
bwpr
bwub
bxek
bycp
bycr
byjb
byls
bysr
bzde
bzdo
bzdy
bzfc
bzmr
bztl
cafp
cajj
cbcn
cbjv
cbmz
cbnw
cbqk
cbru
cbud
ccry
cdgn
cdwn
cdyd
cedp
cewj
cext
cfgp
cfra
cgpc
cgsq
cgvs
chcs
chdq
chdu
chnx
chog
chqk
chrz
chzr
cilw
cisg
cjls
cjlu
cjxw
ckcv
cken
ckvx
clor
clpr
clra
clru
clwp
cmhh
cmii
cmjr
cmqq
cndr
cnff
cnib
codp
cohc
colv
coon
copn
coro
cotq
coyi
cpqb
cpqd
cqjj
cqmx
cqoi
crlc
crox
crtz
csju
cssj
csvo
cswo
cszm
ctdm
ctil
ctkv
ctug
ctvh
ctxd
cuuj
cuvc
cvcd
cvjx
cvrl
