7R1PUR8U
FG2GSFDU
OXJGMCUO
75U0MR57
IMRGC2K4
7DEI25RV
HOWH9UXH
4WLHOXC2
SM4LUJRI
AJRWZT0C
ICDNRG7K
DNU00VK3
JXRQUT4G
AS785YGV
DIVB2LV0
NAPIY9SW
GQN3U3E3
L43I93XR
FFEAWH1W
6SDU4MKE
825SX6KL
15HVUBPJ
WUDA60WN
XSPYE3AC
Y8WTGK5E
9ZMFQYAJ
HP9ROTMV
D63Z5ASJ
48AJUFMZ
C6KIXKC9
UPYEHOOH
7GM0TEU4
QUC35W6U
HAS5NW89
5GWTD0F9
2QBCEAO7
YJJDPWA6
3YPDXHDK
AQWWXAPH
Y332X3AT
13F3SIID
UCN809CH
H62IQU32
0SVJ8V42
EP8XHMJ4
W74MO88W
2SBIUZQG
F3RQLAEG
HF4XBVFM
7SB5H0H8
WCJYZ9WN
T8F59JP6
CD1PKCWV
C101MBU3
I8C5O4W5
RCWDR9WB
494AYZT3
ZEPA7GH1
VDYNZJGU
I2DTGE4Z
SHE
NE16IFQE
2GPDPT4B
0XF4FMAP
FT08GLZL
FM3A0TYC
AGASUF3T
UI6USMEJ
305VXL33
0FRSVJ0F
GXRH0X4L
XVNXY24B
0UYRBVRI
RTBFN4PV
NVKNKRAS
Y1CJ7QIC
TV09JRUT
HLGA6SL4
QZD9O736
V6WUV12L
2157CQQ4
YSIV6P8U
GYZ4BKOK
0IKXMWHD
T3SNVDJY
QXQALUT8
A2KLON33
8CILZSQV
O9HFZO3M
CP8MVU54
OGXYWIW4
EWQ7W5JU
ZFZYSXAM
Y07DCPVZ
U2355CQZ
97CUFOXR
IOFHV2YI
8FSP048G
ODHDCYRI
GW8Z3KVH
