39459
48553
59572
4756
66700
70245
62706
31203
5412
13636
29134
30033
70714
67135
11036
4761
18241
30453
32101
37417
53079
12782
48963
23539
29789
33604
20353
2820
25642
421
27902
30750
31741
45333
11120
51045
71236
9774
66547
49157
17591
76153
69499
14099
54959
56247
30297
34192
17294
65123
40502
5302
33512
78140
69132
55380
74268
75684
35903
71450
65152
16755
7040
28474
65077
11602
28698
16831
31163
12394
28632
34494
60620
4280
60479
51919
39036
7107
24235
6798
19773
27136
47446
23690
49540
43383
72418
44347
16994
42
63875
64672
56322
36781
29143
13183
26798
54940
44650
77826
36214
4082
31698
39464
26654
74184
44780
33086
45224
62055
6024
24736
72535
15729
78747
72486
2387
53820
36581
66669
78612
34615
69266
20915
3114
29325
51632
7155
50206
19057
66280
71332
25237
43688
9318
52887
16235
40126
70729
11085
27527
36157
44731
25354
72040
8372
41471
53761
51008
39293
4902
23855
51189
68565
71629
41913
66906
28319
39966
76376
60397
54769
19942
23166
60731
62157
6397
14476
68789
25284
42341
35291
23899
61278
11883
49311
30838
23545
9560
50708
38720
44977
55959
53981
6998
40599
37442
23864
5206
20519
13755
40178
24499
46445
44527
5157
52893
26363
60800
18252
79089
65306
10793
70501
33820
46190
8723
17015
28508
38765
6761
68879
40867
25783
8332
16549
25220
43909
36004
51676
58869
44699
9688
65562
47479
70143
31515
8671
15365
39930
62153
49708
67969
75205
53684
8073
28417
14096
39134
74616
35270
62645
16002
34806
57422
69281
5178
3628
71910
8277
3041
17318
31375
58004
50182
151
11765
74186
14582
34515
58147
3190
56457
27533
26642
77463
31918
44927
70979
7350
48595
17262
62752
9178
36730
3234
70321
28927
71869
12481
27440
34219
12573
20823
22102
41293
29699
73457
36474
68192
16632
10711
77087
18660
57649
53176
33623
40995
7623
79895
40137
56646
33538
16885
62066
54735
2285
14683
1658
66177
50674
77078
68538
875
6661
64917
54681
10980
30184
31031
6123
33758
11296
12821
59430
6156
41741
51689
45262
46525
18397
43294
56462
27609
19608
18303
7167
34101
19730
76903
47626
64146
2262
50077
54034
60471
78708
39648
13825
63665
34656
59632
26726
23255
39206
32050
75221
62388
49197
62867
71265
27294
71299
75234
17597
6644
21742
24096
32127
52877
3495
32550
45650
11743
29921
66599
46233
8483
7552
37139
57643
65540
51274
56730
60810
1519
79944
11931
570
9433
40589
62316
43927
26823
75481
43143
35436
48581
66542
38124
68324
9626
13687
69749
9534
9129
68737
7119
31272
28764
68910
71644
47136
4537
63706
18783
33203
47898
64687
1600
37411
63311
37813
10304
68208
51430
46495
13427
43507
34617
44743
36417
59775
56291
37174
76480
73733
14746
19106
62550
60040
63643
50405
52343
37437
59886
76971
71859
62902
20727
7928
63301
36177
76548
69840
874
63332
43537
36285
59502
13189
19274
23995
78239
2148
44379
78585
57395
41695
70533
35065
15412
129
62151
6617
72968
4544
2230
11375
69095
15528
19270
48589
37512
21980
48657
31027
57336
40297
73279
48525
24170
63613
68935
14556
33689
5823
1667
12160
57262
60743
28631
23165
20105
27122
1417
31442
29513
78494
77103
61442
76495
73832
2287
16830
41408
57277
7270
4634
21491
67358
4358
63911
79580
59955
44984
23281
59791
47344
48133
11881
24856
13677
58024
50908
38887
36958
4288
78968
3945
16538
28058
63826
48328
60828
6502
74349
31782
29205
43112
36259
10346
1264
55725
4872
70552
73336
74886
11813
32487
10579
10575
45412
30534
53732
78730
12976
3148
22237
67974
4072
43830
30185
45054
10071
8015
73277
18400
47655
10128
71214
53132
70031
54324
78664
14467
70666
54229
7796
22991
54869
73225
64879
66435
42041
52442
62353
24100
55426
64978
48714
64891
78426
51583
3177
15589
26863
9066
61176
69466
6758
30674
20391
7733
78216
19823
54911
25203
47058
60496
39747
29691
35872
45760
32255
36888
28189
70707
7035
53095
45363
53921
1154
66061
1666
28557
38112
27587
3970
44574
13585
24383
22593
55008
59935
19693
35611
68008
10121
58750
68913
34150
60696
35976
28369
56720
28577
4290
34720
34505
72606
73177
78259
59691
18654
68201
26618
39164
72522
2153
6314
48688
66971
41178
29435
41057
3948
48483
59058
57338
68306
47235
78387
66682
33952
29335
18683
66633
65631
73757
26623
14882
65823
21756
59236
29496
24820
77441
32670
48044
59945
53348
68514
5860
78161
12270
27786
25964
39437
13344
23750
60601
40885
30874
73610
73094
16092
60377
34708
18825
65007
58692
42205
23957
35209
32677
22924
48872
3476
4720
662
49710
27211
46715
5844
34353
35107
44394
56423
63200
50347
74037
25104
59612
61275
31113
70880
36287
60522
75121
8937
2781
59286
1204
54882
47483
25076
75881
46431
33040
75536
37765
79373
7520
29490
78231
39863
11084
30186
9883
16625
63601
78863
15673
64787
21507
70239
18576
54698
60564
47096
54556
2010
22471
10334
48442
76338
39076
60145
35790
79220
771
37513
12878
16304
36611
55665
7347
55032
37981
2550
76841
44328
56795
23491
35003
63204
75655
75570
14851
48803
51220
28152
68881
61689
49571
76441
58552
60616
47917
12688
70304
27141
41025
71195
51801
16550
8813
65872
65333
59175
22559
71732
29766
47904
68218
36591
44483
63548
71215
57034
35882
43888
24892
60483
35480
24423
47427
8936
21535
53439
42782
14927
74608
13494
74883
28667
29923
22451
66150
21408
31809
5460
65548
18780
69689
11963
28579
58437
28520
40229
65887
27536
34730
78463
9571
28068
47845
8349
64026
35636
972
28031
3127
15499
39730
64720
15624
78487
8874
26417
39814
22901
46803
66134
66728
56495
29402
49514
43619
73828
51570
13792
57435
78240
15279
56907
68222
61397
38699
18997
9001
42385
70592
57760
48582
30106
37457
52620
16438
26865
40125
54032
12166
61798
68632
78656
22644
35014
15902
50961
44788
72236
49469
20282
79891
65960
41820
76583
66612
46869
17810
13985
15633
72178
60013
78191
35310
41170
5038
63994
41276
30953
40534
30630
50434
71136
45734
40366
55696
35122
22945
1118
945
79431
57347
62973
35433
42602
72875
3240
8136
16726
24440
25521
74410
29547
19028
44973
12444
17278
14071
41830
19740
19924
6535
8963
37781
10676
29383
21530
35237
56958
51228
61323
74994
21825
4884
49530
42283
10889
28904
34257
25828
79085
59415
46323
67150
13912
13484
4711
62111
25246
29968
64969
75492
11850
24875
78924
55985
33015
22098
24349
43874
37016
78862
3143
65308
63491
50544
68553
75521
60411
74871
23251
43972
40306
25095
25633
60667
6879
9052
65254
66965
63522
20672
74823
27310
45801
70535
20722
60753
63498
29475
16507
5631
50932
58773
42740
63477
56755
66386
67322
46750
7553
60615
58839
24858
21338
74669
66208
24002
3266
58618
25114
4638
69503
18038
66273
45714
58454
39594
35445
72244
2900
41727
57463
6580
12269
70916
25582
16614
74844
43567
22328
79448
71028
16075
40960
36642
34902
63651
71770
48217
42767
30612
63759
78299
24815
8410
23848
3950
39208
70254
15671
17569
77769
51867
16963
11970
52756
64798
2790
61932
79940
51298
28364
73837
50196
35706
43496
68216
53839
40659
29954
76607
17923
69544
78385
26565
43929
40895
8321
52772
7172
14871
38668
57080
13098
39048
21513
44793
47375
6880
10010
22835
73183
61436
37296
20839
69298
32633
67606
61575
53222
54701
10868
67707
61046
722
17067
17763
25153
64334
15124
43561
18289
63652
40979
75047
52073
56911
15718
46405
23174
30133
64276
15107
57794
69546
17969
79226
25113
18221
67817
56539
62601
10765
16340
46326
55999
56849
53940
53061
66255
61709
67551
22378
67423
61858
61477
9050
26245
51784
51965
12098
26070
59333
61283
50941
45461
47577
32420
48746
55257
250
5248
57931
38966
17675
25143
38654
11423
36018
46334
77505
2264
69754
20847
42347
72067
45229
45186
75519
55705
59824
60705
30426
62024
28924
39022
35938
45553
76199
43140
19513
44629
24152
40710
76517
48254
74810
45065
13622
33716
8527
6025
54822
52098
14777
29371
43068
51126
66111
54107
39686
47518
47227
24535
67262
69786
34528
43689
56199
9683
15396
60718
29630
5292
40938
1094
33602
68198
10467
60693
74997
42757
35890
78283
13956
37848
22283
13595
53911
57737
51815
29442
72237
4296
49786
10333
57495
76940
23277
60595
37516
211
67601
3494
31609
29676
65918
16181
24607
4540
15380
11075
50416
16469
37461
75423
76356
25240
68972
37320
65554
76478
28910
30096
14480
23301
40891
43693
28856
14544
75403
72574
38708
50911
56753
22620
72439
38520
27058
20956
33355
65241
77861
29167
31762
65374
23925
66125
53032
14012
73725
44785
65545
5981
56496
11595
10087
30257
21146
23490
46235
56687
21049
7679
3477
47123
34606
64941
43343
6506
78734
62090
26248
74709
54432
46464
46154
53185
78756
44200
23048
45957
19352
26100
70344
43991
62135
1319
17475
41901
48929
58568
61624
69935
7790
50226
46171
53000
31987
43613
70467
74224
27874
42999
1794
7062
72196
66716
41213
63515
62210
76679
77857
781
22992
76373
13718
46101
30000
78224
63887
66185
56892
9778
28454
12754
48242
65616
27940
50506
24610
42720
56023
51585
40542
57272
46619
8662
25829
61941
3775
38465
10677
21092
5652
2611
74607
5824
50178
33656
38069
26075
22132
41860
32726
8190
2696
66218
36431
36398
1031
63597
5695
50710
5318
61902
18115
73453
77176
367
37406
50382
12329
21663
52424
54848
69074
61528
77202
79305
73013
36910
21508
62171
42207
41713
30080
78108
4971
71803
45176
50014
12996
20737
53715
17086
7424
74263
45486
12826
33862
13948
65971
21190
69160
12151
50538
44683
70201
66453
57420
15155
14818
10195
9807
69669
5643
36853
55618
32779
47153
8264
41609
58888
46021
36231
15709
57339
35838
19013
24676
33754
57238
73332
44159
29050
17747
55272
50034
37164
19192
67068
59095
57212
44089
44039
35306
13200
54018
72222
17465
47812
6886
55229
71301
57175
21056
58821
26660
14320
56677
34692
9990
55329
21485
25568
59754
78823
23650
39858
78609
16638
47062
46210
37816
13647
24915
56888
43093
59897
15439
60967
63045
65536
44586
65426
40016
44061
66868
63298
29671
15295
39940
54225
62114
59833
25999
39672
11950
10397
1496
2776
52625
33617
36110
67458
64204
36754
34816
3332
39218
72533
12526
23772
10110
32860
489
24306
70094
45802
78461
13984
5142
28359
3307
11729
15328
61161
73810
60168
5480
2088
9337
44174
52318
15294
38735
19861
40928
64937
56865
56320
21972
63078
66845
77575
9706
5443
40975
7550
20483
61919
78036
41396
43373
25667
61047
66283
6850
1978
2160
12557
22738
44072
55454
49373
30313
60460
33374
21780
78859
46543
38862
56741
34715
10399
33792
675
55982
42644
13519
65780
40471
630
23739
28785
54370
44765
3285
10317
7031
65751
56909
31108
29049
64786
26410
43783
73317
73335
72215
78811
43331
62121
40434
45915
45653
45963
25209
53608
42300
2018
73826
33398
10032
30097
55157
14975
52842
40611
77469
54554
50391
50545
52915
78796
70036
70970
30909
58143
57261
34082
61237
49456
13446
68836
68259
32015
64227
52045
76456
11319
58938
30782
67792
34293
54412
52826
73568
36328
64972
60256
75656
3873
74623
2316
8478
23347
9800
41886
29230
8246
48319
50453
39611
10910
5338
13515
63402
38032
11539
26208
59681
72034
4116
14428
59627
72011
65416
40156
3450
6829
52358
32970
47247
47509
43963
55813
12750
24919
32411
13774
41773
46416
40776
6766
62245
5827
24662
51738
75729
70299
63323
5972
59629
7663
12168
19765
56511
78220
74208
6195
7753
40646
639
7748
47366
27571
78130
3433
79758
24746
34422
38314
64723
12358
73406
60741
302
14271
9408
20555
5674
61874
75004
28918
62712
32479
32372
17691
75807
67443
512
42701
30559
52961
44627
37216
24957
78628
34549
61898
8284
6813
2956
7499
77579
28669
23921
31742
58783
4448
55839
2539
16958
64618
60148
14195
47305
12983
27026
64659
48455
10395
65775
72807
7825
27551
63535
39281
21148
66686
67378
75602
50132
50516
67548
30531
65472
11353
63884
11665
65043
48503
56282
36224
21782
47436
62255
34967
70490
76719
74256
24536
9420
76198
8622
36134
36012
59793
65990
39066
60098
75981
76997
11691
45756
54965
78325
35619
36662
36341
15562
185
21765
22845
736
40843
79370
79865
48213
20195
10979
29945
32310
14009
13610
73320
56829
19766
47932
5231
39519
61713
73399
62062
41436
3189
37308
79009
11836
30856
14436
26183
27207
10669
56189
73737
21636
74196
5699
36920
26706
56335
55197
33017
13304
51340
79259
76379
39131
75045
10481
52128
7850
52399
19053
32614
53696
29922
4931
6390
75612
6687
38433
27455
36992
68028
17443
8879
60305
39477
27339
34815
73461
74949
76196
40162
2961
19974
67649
41563
23318
3067
19094
36904
922
36672
14965
60622
75922
21140
32751
58643
39127
52263
75038
45929
4319
19688
22617
25540
73836
43603
38033
48586
70416
24843
59380
28307
47818
65370
11670
64537
62118
10919
67324
68826
51047
59505
55793
76352
24304
56118
79211
79933
47497
68078
64991
13667
49098
41532
74214
64238
45398
77598
61829
68312
42102
47960
64918
67300
4201
7567
51916
8232
6531
606
31655
9210
8236
23782
18044
50372
29179
49278
20997
52648
67081
10589
78009
54604
70788
16974
76331
13730
79269
69989
79900
36913
48548
57460
77741
30301
38638
29026
23009
70278
8415
59751
60649
53219
10804
42545
68217
65163
79843
28326
41559
78517
41192
38351
19070
3943
58999
21426
37130
74353
46172
5676
18972
70955
9089
40419
77578
49917
21286
32528
55376
16121
51336
27684
11559
12317
74735
18742
36270
41344
50064
37141
4768
59991
60495
64157
8754
5164
48533
47750
36577
14858
9112
61034
39255
15296
52722
72636
11031
53960
58063
79857
19956
6943
4026
26636
1210
35182
38122
20257
40637
48103
20606
73450
66142
48752
63565
78549
45566
51171
18719
45785
12142
59916
8960
15728
8392
67172
29516
51351
40541
21804
70705
32289
26240
44288
24143
78445
5118
27916
8245
9675
9687
38600
49199
12100
79361
48314
54519
51977
60121
22372
4133
55852
46226
49453
927
45671
31679
65731
9100
7970
79225
65596
28964
76621
7099
16765
13309
39004
26864
19928
67196
24802
3881
44547
36174
53107
14219
66782
57521
67755
19954
58051
20069
27389
13314
4894
67503
72696
38537
18403
52870
31643
70442
8219
77454
57789
32811
27370
62393
27584
55585
20948
14134
58275
67762
22846
33777
77976
11772
23324
24808
48648
22912
58727
46433
76136
16061
48559
75863
7904
35165
10828
33437
30882
77162
9650
31558
4817
8135
48166
48770
26144
23887
49215
41273
50785
28879
54962
891
29445
18903
37732
66708
18226
44764
18071
60715
51483
22656
39971
27666
39948
44233
24019
71920
38911
68461
16448
30620
68025
20247
69119
20763
57785
2644
31714
28432
77515
29985
15175
75957
18802
5482
35749
3244
3813
52325
76702
33009
45949
16607
76754
20753
79303
42810
63778
40650
74350
892
47474
24044
10729
53501
44205
61505
78894
59171
44959
71543
8687
65831
41433
51305
52580
50408
20178
74778
16244
74276
2811
66779
96
35168
47656
50849
71646
12706
42802
34085
8047
31566
24274
53426
38608
42665
5873
43155
7693
45797
4655
18487
32766
74812
17518
64738
9044
9979
45051
23657
24502
30635
78180
11939
6606
21367
66310
33850
53804
79271
1354
22758
68963
43458
78553
11596
23873
19359
7504
62246
27806
41405
3864
67348
22308
1215
52852
47846
10421
64719
12042
76282
4418
30705
18424
65145
71798
30077
60752
1826
56144
11535
52771
29129
67517
63509
21671
31376
26740
62251
39860
60083
56740
13851
61332
15887
13840
51339
41264
66415
70367
42431
48773
11969
12195
49613
33230
22572
68191
54058
47597
51291
54509
41304
52204
49200
51414
44843
6269
11293
61867
44702
43058
59638
32039
27447
31112
71045
30225
23049
34776
32611
2321
53676
61082
66167
52077
40689
63701
53480
43269
8143
1804
37798
50943
75011
44572
8780
55317
50329
19603
62091
10584
1277
71931
51349
25990
21805
62564
15734
55495
25650
24613
68759
74998
77113
7956
60229
7210
493
25606
17049
23481
40944
74356
34745
72600
24579
42170
29098
735
5576
55350
44298
14024
31332
47231
13785
55438
51002
53531
11255
60463
1849
75622
43241
70097
25192
33054
52356
8118
2752
67558
52695
25734
36837
13993
47622
43935
37116
17463
25438
1662
31341
73887
9427
37212
31487
19107
58379
17658
35817
43484
70107
76964
25526
11056
41603
72776
33324
11613
21962
71235
25266
16100
10742
36812
69573
24217
59956
38013
33238
50135
62749
7794
13990
16295
36433
43606
57974
50214
16809
54295
44364
46929
22012
39775
15983
8802
3532
996
14641
43429
47493
25951
76794
37700
26588
73611
3331
22454
24601
29381
63582
42872
78683
45764
44856
67621
44646
57326
78133
9191
79349
12364
57147
598
59657
57975
60671
30733
20276
9952
66533
50593
37009
15357
11749
32142
28257
56090
71736
17674
64554
58642
35880
25692
44399
10627
57707
10226
17063
7295
25507
72829
20386
21179
49115
2181
12214
11088
14567
67861
71352
61182
48824
2534
5561
77545
21882
29064
58510
68131
30814
35991
56974
73980
67663
55629
19032
68686
69819
43907
20954
42386
32525
47662
8217
43394
73047
23886
56713
18810
71402
19189
76554
66356
32800
11114
1641
32246
23244
61566
17078
41364
45093
21035
62390
9536
56192
66905
43329
4460
43330
49901
78300
5275
27495
27263
57859
30368
23903
79081
39417
32113
9808
34153
12244
26961
71404
47085
65239
72987
44637
57654
69378
33763
41796
14639
46513
75833
59927
34241
20728
67011
70737
18501
37468
37161
47230
57621
73169
47536
54054
22618
50595
3758
52697
42459
33139
58573
64696
45267
70192
59979
19237
2555
21149
3021
76504
474
69674
59700
24678
663
4368
58739
75293
61289
37650
42052
43422
72972
7529
46147
26258
36590
15248
58714
68475
36149
65895
59150
34468
4517
70444
54049
1375
44081
9065
54874
65368
58696
9851
31090
16053
11988
28179
15134
48392
67840
19522
23760
39476
41036
31814
52616
50713
11911
1506
6866
49455
3439
52919
79616
1846
65474
64121
21784
59646
62863
2639
29007
3642
53154
45996
16001
5351
34749
75664
79792
40206
68081
29008
16710
13079
33189
13589
79775
3414
73992
56688
8601
31138
26918
920
60432
38916
23287
20781
33852
51914
43242
42589
77532
64304
63596
34289
20783
77384
50342
50887
62074
11447
59031
5127
27501
3492
57430
42681
58060
41088
66494
41159
22499
22597
25018
72973
62933
57317
70182
42458
47295
47418
13906
59695
78349
38436
70747
36698
19929
5578
16338
34066
20573
73222
24028
77175
10783
75917
71505
36442
44443
25522
69356
25245
65009
5651
57812
71957
30929
63128
72428
59828
3299
34868
12191
43847
13482
15286
35041
28398
33878
8413
66758
30934
45061
5426
33765
65063
47433
77481
15824
44002
27226
33731
31270
2532
57202
33788
20926
32946
37882
36661
29100
42241
50650
59557
23996
24925
5365
22092
541
1024
56611
72520
44953
73043
9527
65888
15871
46788
73640
46244
16532
63935
72373
77965
1743
27939
58884
64170
42515
1339
72799
79057
63151
15290
42745
67906
13039
36401
12406
40580
72282
63600
23403
56165
9028
15321
78095
48330
33303
28262
63333
56027
46985
6855
29517
58026
23526
51317
3765
67990
27050
10792
55323
12092
10991
73798
5059
55573
19955
45091
32961
22928
54221
44556
15845
60824
49300
35587
44207
31598
20667
9491
27488
7051
60789
16481
78301
67317
61243
70888
26377
9395
968
26179
35217
66162
35132
52643
49569
54242
67544
35868
47745
60239
45751
63035
4976
5107
67681
40032
59531
13872
15058
72459
11445
37195
737
65305
61445
64993
53485
58897
67739
45589
61437
27995
17387
49672
61688
53198
18111
23863
46988
17642
62394
51364
1754
32038
49902
47248
47661
58740
37738
66115
74138
21107
59764
43758
68772
76716
14193
62355
78844
59529
68178
677
37654
537
30738
78563
37080
11985
8366
64307
68132
72042
15912
75657
61038
37985
45531
66892
45268
59179
62704
38004
52026
73304
36467
49588
31597
10431
41186
27244
22460
70520
79747
33994
8942
18698
64280
35244
52784
64433
17226
44634
54753
42778
59496
75271
36971
14356
19447
19108
5029
36377
49521
20068
27554
55895
66154
28431
11837
36479
70717
53472
8230
46364
57988
25534
38438
55663
48743
75763
56768
50266
41990
26902
23968
54481
40879
8799
76801
39638
61637
42059
38476
15889
74287
41440
36664
17532
41308
77762
37876
65806
61123
78985
37521
24733
40781
59579
73058
56498
35575
66740
32284
47876
65268
34571
13253
21384
22014
16153
6194
67089
4344
78694
49077
47194
71749
77416
72200
44909
43937
45018
24813
57700
49754
74901
6460
61641
70443
50463
76831
64018
37785
71287
44775
34743
32690
16156
47073
37462
39794
40044
39100
35523
38828
19914
69687
27498
42002
6402
72041
72895
340
63634
55061
31747
35856
78468
46620
52803
55220
26780
53539
59384
4190
51102
41198
7517
35350
31926
21127
64600
13873
49217
8594
57990
61814
15914
8491
59678
30546
24301
75717
23390
53919
21769
36178
55945
28844
63272
50515
26595
73281
14053
74691
70745
21007
69864
31393
26041
19912
62949
18231
56057
78373
50020
45122
33050
29243
17750
69948
31570
1657
21425
54805
23479
55163
36574
18562
33025
59012
46075
1399
70915
5632
54660
34757
13433
72360
24921
16397
60577
57403
49229
9651
7414
64466
13564
64383
50709
55155
6130
9419
78003
25116
63408
59943
38772
66314
34325
43562
53768
60388
42244
71029
8503
18297
60499
78590
5058
64811
47121
28950
39812
23058
49561
6396
46877
33523
67380
12817
35714
49638
4601
54849
58276
74857
22140
14690
68202
63400
31547
77430
53239
53466
9155
16643
9266
22458
74723
42084
12094
73690
58704
79624
27633
64187
26646
31817
67939
2229
44461
61109
77217
78755
25907
59645
63394
41454
57991
12728
9108
46422
9409
57703
8258
69070
77694
39693
23100
34020
35083
79264
48505
20820
54876
53316
7604
44606
54598
38901
32430
49365
64339
59114
18835
32758
58472
40031
68060
34423
16281
64873
27895
55794
3467
64193
13308
79745
20614
75665
15955
51444
49116
42906
25187
31107
60599
27
72310
16716
23441
60742
70850
23203
51694
38700
25710
8169
25302
44549
36016
33598
13109
18696
61483
38364
54677
34682
51391
54986
16044
72699
4787
52173
72084
65138
42839
57499
5053
69284
79012
54887
40056
5352
45364
53149
77239
24444
19027
52793
45939
68600
79806
15240
20176
19099
2843
27613
70179
13980
12078
52110
25170
5521
64066
76024
8353
13418
39526
19931
23757
59755
65020
45741
34914
5792
2758
47657
71967
35344
46568
43700
34084
7454
57135
4800
9473
18488
51970
4548
43088
57726
56211
71409
62668
44537
31054
4600
14437
68413
5524
19038
621
21862
63576
45220
44809
22702
54646
71373
53200
59419
66701
29655
27685
42378
79866
48767
74948
34864
32781
6890
57714
61868
73645
9405
72519
61339
14222
50398
48504
14886
41774
24998
10712
36512
54394
28838
70258
6471
4666
63152
9928
25142
50907
60823
530
16379
29767
65107
70949
74080
61064
53361
64645
73652
43569
79532
16946
64718
6185
31557
73359
64639
14580
54631
8688
45545
47752
74146
72779
73097
26126
8817
14413
37183
20417
32156
7757
5085
73606
74321
22189
65639
21679
65049
42553
61921
69287
68483
14392
35039
72967
45662
44860
77966
12724
68898
44945
69130
61545
49093
76168
15996
42388
73273
23879
73701
3506
68779
561
70058
42805
11355
76091
25451
12124
65346
21715
19091
41518
64809
23615
34178
22948
34122
32979
75023
62257
53288
24781
1590
36366
27066
41124
9739
64305
60162
12833
12112
17263
30261
13627
43902
76141
38311
6272
69714
51765
56228
34583
64381
61686
78077
8221
17481
38442
65181
5892
69603
47961
2340
45619
46917
64660
48636
60452
39184
73318
78672
53212
69508
31101
53738
12514
9580
32418
45538
75266
10437
17965
38529
24122
22123
69589
76879
1992
66935
12110
11456
48493
48405
79157
66613
79019
30756
25239
34282
32329
34661
2948
20836
72565
11448
3533
48212
48783
50554
46548
44931
48820
6044
68884
52970
17529
53445
53651
38746
55249
47616
41014
7677
56487
50373
52484
52645
32654
65124
79856
19342
19101
73099
65508
42027
47351
68811
57704
11807
41649
7834
35884
56222
71498
33484
23926
32317
51348
20837
64497
50317
17514
33879
41729
4547
35389
2887
38669
53895
5283
10377
9109
34841
14449
332
8744
12662
3749
15598
31905
5121
51793
61121
15853
49266
10489
34443
66666
62213
61790
10864
76720
57031
13593
27753
48547
36006
3214
27075
32481
58898
1091
6097
34686
16960
43576
47122
76854
19051
36749
1244
37541
141
8436
68662
19115
8043
38350
43532
43986
19222
70918
3504
56203
44488
19856
14209
78703
51687
55433
49461
4387
3589
36960
46497
42078
57948
30320
74225
50084
14273
58860
48825
56067
44000
19275
63464
45968
41888
56195
54722
53011
78163
70797
49821
6413
61265
56586
30807
13642
71945
4119
56725
53927
20325
59968
36062
39105
46076
52615
63689
643
24029
42724
35996
18758
4626
53265
30155
34636
68177
9568
7149
73910
71977
49192
12308
58560
68892
39934
59667
4388
50151
36572
4543
52646
24762
75031
35319
16741
30788
54630
197
55570
59447
8312
11261
79162
50375
19393
5585
79342
64045
57769
49800
28354
16684
4848
21240
62506
42412
51335
63666
25107
31082
74102
44423
51083
6901
9634
78874
4442
54783
49163
33057
32687
39096
70732
60194
45346
9084
33451
27237
22065
46109
16909
76417
15960
48479
38809
69766
26560
27232
3111
63696
46146
78589
59356
4585
45775
31312
26762
75346
62222
61444
75375
59481
55207
2694
2631
4804
38370
30714
11421
64410
31556
67238
52386
78992
21660
60815
41682
26200
46060
35092
31501
72624
75417
17016
45318
71289
45976
10698
15621
64812
1670
57259
56524
50181
49908
67009
10023
69613
23735
73569
38390
43770
23134
57271
745
32570
72316
8211
67576
11679
15425
55253
14769
14254
65584
78659
39698
21621
38763
55515
17778
3087
70089
58334
30491
69383
79522
64141
67470
69626
49396
48491
11385
3187
75283
24231
22652
49973
65048
42148
75558
55379
12916
58640
20121
73280
46145
38912
77229
51697
24515
14214
45930
71715
37908
78274
42457
28599
43367
23971
77022
23817
32184
43121
48451
27795
14333
48347
28738
7759
1213
15154
599
9331
38078
57897
59915
63902
46041
11185
73502
42422
8552
28038
9128
33698
79931
75314
11089
47268
71850
60031
15923
16600
58582
5472
69561
54921
29861
57068
44225
52610
35086
42530
40991
10255
70178
73647
41627
50721
21258
2513
50324
6336
18995
67117
17409
73110
38072
39177
21963
70253
38073
60092
69115
16352
25652
3053
9658
44003
7506
12921
44768
4375
61901
74089
7050
55545
43412
15241
18304
34067
1638
72020
15414
5503
77956
5627
73401
42956
55704
26225
10975
64374
74816
39416
56525
12915
75514
2255
27738
13252
13372
27403
22483
1879
28142
32803
34995
11661
53984
31370
54791
53739
74220
597
48485
46810
17905
46836
19724
61920
37847
65172
79041
62100
55724
64803
35216
43135
37490
28580
6361
58528
25555
65497
38240
4363
78063
40283
16803
54794
59530
4506
58607
23990
53725
21795
73069
6624
22124
9920
31030
66116
14010
45135
56630
77496
44401
36339
40972
38718
53736
76536
9048
22273
8719
11694
64467
40235
56455
12351
48144
25965
31068
16423
39950
22030
42652
22843
63828
43870
17689
32957
11814
45853
41736
45415
11575
27917
19419
28221
73338
49133
23260
75643
7541
23745
2976
77098
51392
13637
13299
7952
23310
4364
22371
55603
731
54801
64630
20912
55833
2273
43315
26172
596
23208
44628
22919
76140
74742
64416
78513
26249
44948
508
74852
75613
28282
56874
4240
70856
76496
35338
38249
28273
42340
748
19011
55297
17673
66354
7452
35295
7180
34526
67055
72768
60688
76902
77544
38413
8935
33167
8614
28055
77837
42895
24659
36584
15188
4176
26930
59867
41788
6058
26562
27727
6633
61381
43990
39275
10432
28620
61990
140
49409
1886
77228
72224
65811
70180
59357
70897
59725
29518
63346
43235
17390
45520
57998
595
73601
4963
76351
7039
28185
40647
36849
45753
26916
482
68537
25842
46135
44880
17256
51683
67442
72321
25682
56102
63803
21688
18571
56389
15650
46193
36167
70748
32342
26764
1976
49827
60537
27156
36036
51105
14792
54280
21415
42653
78784
47915
10668
55936
16369
22087
52147
42822
34789
26213
79427
73954
48109
67056
4782
18284
16870
27155
11302
34560
51063
23561
19609
37755
44199
12504
53841
76521
69942
15079
1544
38304
76751
76629
28962
31988
59820
14296
40102
55718
76921
7555
74870
31445
8059
30360
34820
51167
59449
6957
21943
47038
8766
4165
72698
4785
53661
22312
13877
12216
36097
1367
64612
77242
44232
48519
43276
31117
70312
53703
56513
62750
49309
2643
63401
75412
46936
13644
75523
43776
74818
8314
6574
10246
47801
45551
57543
62777
61468
53197
68340
18861
2586
38658
7384
39449
29860
59395
76687
29306
30565
45682
58529
19725
42954
31810
49058
14218
22523
61734
65350
34109
41303
95
18773
12342
77422
30832
6125
60365
74041
39089
39364
24353
8421
13292
10667
52923
73329
65494
49196
16082
66381
10903
53081
46442
73861
31786
8194
36663
64857
77321
46401
73852
1923
3677
63390
39478
33160
31028
27799
39197
26550
8711
38977
62602
22494
27357
4469
29604
53136
33668
46122
39130
41139
79890
31310
2622
35936
22187
60489
4394
57308
29218
19834
43707
62500
63122
70638
8733
41926
49351
73801
9998
53465
47473
41850
8185
41943
58889
17239
64825
28060
69329
37074
17934
53052
67441
43032
25977
8665
1156
71398
46983
66948
30030
79480
11414
73217
48170
1695
7033
59096
60915
26701
58492
40869
10444
77884
30317
67958
38991
4759
29176
65291
22100
20848
79479
26587
60219
779
32298
28989
75874
49158
73853
63120
65491
62778
20149
25341
33144
4809
20432
15872
418
31793
11071
23907
68703
48073
41861
29849
64380
70053
9927
40017
43704
36483
13820
26988
76811
49790
28187
31192
10025
67091
42186
54686
38159
4674
51449
68345
53371
63170
74917
30771
78850
34562
42944
4409
78005
71719
70015
53626
56325
79515
35584
68033
65701
15692
45390
70469
17420
32011
53076
14745
50919
76768
32688
2329
40307
44858
40786
20981
52377
63777
55942
19437
64856
295
44092
79791
90
41056
18294
52109
16608
49928
23159
64529
74858
74714
56908
15181
12378
47266
78828
51795
4880
34718
12614
13463
6579
14097
42217
39655
43820
31382
69061
18445
77088
7747
65403
13346
19307
22788
33119
59992
25230
25446
18476
62714
41452
71254
6035
63570
69803
1814
57204
31976
46932
21496
70227
827
65633
57260
238
47711
77616
76511
28994
53872
22375
22639
1467
3260
7065
16641
63679
37131
4937
54371
48227
31825
37728
71846
29139
51981
1777
48145
44366
7615
44971
70129
39176
5180
10827
13121
78865
39883
18116
52603
25597
10685
22044
49187
57231
22377
4670
70392
923
68013
41800
122
45508
79631
34953
69898
72521
23688
18721
42731
66058
57896
57289
37693
74708
16602
7609
61384
62689
69144
36025
14916
35814
3274
51475
46267
29380
72898
34804
28717
76015
48148
41677
49223
24470
38470
72827
1471
35365
3722
15743
1504
24215
24289
46773
28255
6180
452
62389
9323
35715
48501
56863
17717
31634
60444
44963
1488
60843
75262
65475
54319
59211
77537
40956
51708
1036
76969
36415
2921
24345
5112
20732
43509
39094
22662
724
34464
53724
56303
22340
2557
58260
5384
4861
12702
64848
71956
153
2157
8986
26367
14259
62417
142
37309
72183
22768
1993
16525
20315
1281
52776
69545
5081
73182
36105
78085
17197
53362
49188
1299
22069
13073
35146
55593
66192
50351
64169
75126
16514
32859
67884
49452
10504
47166
10647
27444
42572
15501
17366
8922
21826
40304
46325
26494
28203
59692
30989
39475
65592
52226
8426
54830
25626
12322
66518
20490
32638
43851
11253
49758
44253
72630
67804
8216
56235
50288
24296
32229
17841
79228
58114
26576
57408
1161
13247
71982
29393
27742
15081
41042
14412
57757
58003
65147
2421
12125
50397
28468
27117
55735
73764
38153
11869
9276
57104
7113
19913
75012
10414
50612
23901
23541
40732
71500
47850
55002
28704
9676
54439
21883
51731
42927
13991
72563
35876
28783
25764
9689
13455
56828
76191
33196
44018
27412
7169
69810
749
58259
74463
46322
18864
49411
21511
55819
6796
67645
72994
22492
71063
62743
68411
26215
39463
6534
7112
57858
37165
70083
51375
52709
68425
67993
34044
39279
24695
47994
55365
45408
26346
1444
19310
47537
75724
31790
12512
25897
17462
30468
57016
62836
69688
24498
50525
4879
49095
59819
41272
35223
16991
45070
15280
9570
46383
3325
23317
25400
43313
51557
12202
68781
23382
11016
8523
8373
8260
1624
33805
16191
77603
20431
28763
5701
20828
52959
9036
20756
36379
33751
28507
9428
36918
47897
72225
33492
34937
7503
26099
66797
11440
8408
62466
14819
39241
49166
17011
29140
53022
21762
51180
64124
36480
24775
76160
72662
53668
14077
29068
37121
20461
15738
33663
72649
76799
4488
31973
73448
76228
55252
12592
51043
13392
52779
13469
11109
20995
54800
78509
11500
50905
45885
57303
41981
39885
26671
3282
50751
50409
65828
16096
15235
38660
18901
74759
7539
10818
29967
69972
8365
37645
59467
64162
54999
75582
77614
30339
77701
18333
66487
44391
46236
32780
31433
40004
71351
72910
59032
22180
32451
28859
31155
48797
65367
52746
64532
16723
40179
36639
55974
60286
44019
53659
5185
54076
26664
67543
7146
64396
44260
61576
10785
45177
25780
51925
65832
68598
14088
55400
38018
634
49755
68165
31873
43024
10735
30200
14857
45757
28600
46652
46943
53849
24718
17860
37420
3293
41238
6174
3910
14802
56316
27819
45719
35603
50780
77456
6532
9209
67592
66714
62789
58756
44538
23658
78496
27853
45645
46783
45649
1581
13699
14612
30594
37696
72199
25097
27213
13628
16377
28604
37726
76956
63015
2417
46827
68063
41643
7102
21207
55989
24275
54767
59887
15957
40531
66787
59218
37551
5964
4886
46835
16528
4725
7439
75835
12448
59842
60122
10167
34876
35171
79583
74164
47288
29857
37739
25285
35466
65709
38443
19018
3447
16449
1489
22278
6477
74190
77300
53886
73452
34609
68424
38049
61466
40089
62211
64868
46604
43168
54005
16539
46261
62782
70948
74955
68189
62047
51183
20127
22718
75937
56277
10498
57357
59259
1946
14191
1413
18036
47399
10078
77145
35119
47472
73295
8938
29436
77071
43116
71283
28025
56726
26477
7061
62658
2156
53506
55436
43586
64550
38099
1495
63813
6412
67223
51412
69171
13078
77795
5057
48335
16681
31783
445
79119
78853
490
20177
74459
61683
60396
58661
6678
11400
73427
10136
17619
61169
29157
77785
38842
56733
34037
38867
1643
78037
54346
56528
20288
21581
43090
74298
38071
37874
5567
71933
44545
61166
35425
38602
73081
11338
6048
9043
34466
35206
37583
52420
17187
48643
47743
65951
31344
74711
74423
37353
18549
46417
77548
10445
15705
71075
32523
14302
73487
19511
36381
61284
72625
743
21778
56342
652
60389
30702
35641
30853
17477
22282
6539
56678
1478
43998
71792
24959
24951
18156
63755
24161
11426
2447
27272
15351
3644
28535
24776
77247
75936
24835
73932
45975
28542
60674
55820
71796
31338
29743
18941
9115
40615
1289
41578
50791
22786
20969
52785
35257
51799
14065
58905
60651
31302
53119
14426
59326
4932
58405
30897
61270
47259
21582
74310
27116
31269
5255
8700
39194
48987
70282
71266
78768
60617
33853
75409
6072
48469
23121
17836
61113
4459
4979
1542
79432
27387
57784
20891
71394
10047
29038
32154
12522
3390
11230
78580
53666
65591
6581
9228
12265
8695
57835
56197
64692
18178
52781
79144
58835
52246
45507
15384
1075
55368
479
30964
68736
78538
14122
4877
74344
66909
71303
2443
30408
71592
15067
73699
1477
57656
37652
1830
65619
17676
28306
61174
32200
52851
16155
63680
29444
38877
25313
13675
37223
27762
64250
30131
6273
10986
58214
77142
46458
59742
12720
58493
21512
45784
23458
54286
53813
37979
32663
25054
27330
41305
73174
61073
39865
67512
6601
46278
25337
68089
66038
67841
11364
69617
56044
66436
5974
28731
27415
30978
74206
13040
67394
28183
31032
1520
76225
26291
52007
24960
70543
55906
41575
21424
79516
9506
27897
11420
15427
4152
49210
11022
70910
22171
59000
11216
78864
30855
37369
60576
51662
39277
17357
66166
67289
77049
24144
23599
7316
27245
13646
8620
79161
25715
5837
37524
40741
56283
30300
69444
24427
77964
36980
21091
5068
64565
65700
52619
68062
48202
19605
51818
41435
58489
11000
40051
61712
20769
73719
9600
31056
56965
51622
40006
59831
9956
77200
76139
37686
74121
14757
17189
17599
2256
46150
25714
31514
54741
46849
56285
41157
20592
74498
42846
10753
55268
54927
30571
55532
63862
57657
48336
37719
42618
65733
61609
7524
75644
30395
58212
46709
2530
30089
63750
57683
28849
54739
49662
54377
51887
18789
46268
74587
15335
26878
61050
49659
10349
30003
60516
9404
39316
2610
9745
6750
51984
16351
34608
59628
5694
23547
48656
30081
46630
52376
54047
67015
65303
27809
5908
36136
44387
69504
4936
61214
42913
47799
39213
16231
24600
46331
22209
64896
65871
14569
1716
10577
56288
47095
21112
30040
66095
73790
37445
15751
3991
72080
59376
18213
12654
2952
57021
39744
73396
30335
1786
73818
55691
32129
56004
59655
2745
4367
31796
39319
17311
13405
26944
14018
51293
2836
30409
75432
72855
8674
9452
15925
28146
27572
1752
30878
47640
70968
27696
76958
63463
34987
15500
64762
46553
79882
4983
77335
67411
59291
69309
65903
47827
1925
74601
23695
29343
67703
39001
29156
11023
42091
7989
17791
43669
15454
43933
61435
73931
8505
42069
8120
72295
22916
69733
32632
73829
33795
77112
78504
38550
40460
8507
48531
3745
41777
79974
69004
44024
45130
75338
74720
50176
26888
51682
73316
40332
64371
71200
22232
39193
13943
57242
15823
2147
2837
76442
63792
51733
79627
58495
68697
79550
53007
47902
11824
21170
12973
59976
10503
34997
18194
62478
20376
33647
22459
10256
5891
72756
49971
4476
1702
71741
39764
54458
25377
22150
47236
29944
5000
33615
23499
32986
27290
18703
23209
2057
8363
60180
9207
39566
8220
75945
31349
69140
2477
27749
76942
50714
22711
28192
46300
69751
57241
4584
39842
38771
33094
64744
1230
20074
58678
76134
26622
47724
21776
43162
55703
25469
78000
28375
39219
48744
28123
79784
28911
58726
15936
72531
46857
7845
53683
6036
65415
42006
25164
61138
77768
13763
53514
66137
68728
47167
23150
3341
44413
31740
9709
53113
24628
18494
70126
32194
38648
10779
22105
75687
58059
59181
17977
9097
55467
45715
65046
16492
57735
23325
51599
10318
71989
3802
1737
26241
77698
28412
52035
64464
7199
52071
60297
61896
74855
69632
75528
63014
48851
74819
4946
44371
9712
25705
9423
58937
69877
21707
71130
10181
69525
7979
49075
48050
68382
59551
46931
47884
74923
23661
19714
38827
21527
44943
72403
59649
18586
60510
48785
73755
26015
58158
78581
71371
65321
13477
57945
15244
65431
71774
78827
69937
27699
22347
42573
8749
7543
8442
16132
20480
22877
48839
5725
39273
43487
56723
46953
21001
11153
25468
30817
75617
56134
69571
1926
44669
1437
56172
244
67885
39510
73387
69667
1977
52823
61506
20941
71017
53334
14382
52249
3448
64245
50404
2774
50945
79406
65342
44191
15403
15554
38610
45799
19686
46681
66452
41098
79622
66110
28083
75347
52169
63010
76582
49811
59246
46259
63805
42039
25864
48275
32940
26156
64858
27482
37205
6847
18211
23043
10599
19674
69324
64974
77215
68357
29337
78374
57044
33090
35910
24958
19081
5334
12071
75415
19960
30404
20010
46628
27935
79993
13571
4792
9686
51985
52115
20308
37185
75149
19907
68855
8628
56287
71264
29515
34610
8579
68378
4391
2542
41954
54787
49733
72443
58470
22360
21045
45723
28170
18596
77298
15805
73388
15385
50682
20295
65337
78064
5061
28868
14736
49972
36521
18093
67005
2627
74319
45134
669
67134
57944
5861
49927
21738
7411
19670
4496
63470
52075
61749
23699
68087
52050
6671
59669
21755
43065
71613
3022
72150
68849
58265
77890
35939
55480
35593
17064
49876
43829
12398
20858
64801
54444
43976
44965
55949
74929
76126
50156
34877
46346
5920
5702
36464
64855
15039
44502
30821
43213
12971
55343
44915
24292
16685
35090
41534
55578
29203
66707
41366
59270
64115
8155
21462
29421
66831
11259
45533
14710
77310
68447
68027
44910
52853
8090
58292
30308
32542
1194
9479
40103
67988
54593
59104
13485
72570
54182
61807
65898
54561
53677
63484
1573
75774
47785
69928
64333
32664
74588
61000
32812
65777
77184
16290
73216
49611
73933
4477
9875
17924
68745
45796
69081
35042
26157
9275
70662
71247
5980
42569
53682
10825
34478
41494
70841
72732
3709
67509
37101
73116
35743
14221
22430
55023
34719
65448
14393
5466
40569
42080
15861
32293
27221
63456
17944
51418
65411
43618
28660
55611
53716
6080
67709
71756
22033
38144
19859
51990
94
36066
57305
75788
62616
53502
41248
46735
12561
5476
604
33426
44217
72602
34935
49714
50458
51358
14956
57725
2977
27507
16396
2890
63660
74565
35646
20587
38932
47982
60963
41128
19516
20963
26101
28861
51236
59199
70551
32826
17765
13248
72928
71194
17720
60277
68039
68744
47429
26392
47639
32574
40328
56261
71731
66690
56305
10118
79711
55909
4163
31348
68000
50140
56689
74083
47617
6271
75721
50133
20696
44976
79141
75456
45057
57693
52076
62746
69643
67846
49640
76130
67275
51842
209
69985
79621
18022
20719
24242
52053
56276
2341
14869
1060
46625
19330
35639
49264
6793
54175
18656
76984
9529
64726
376
8485
8157
54615
40383
26096
48587
72279
20491
12962
63991
56424
29777
4578
72217
41553
4827
36765
68766
49875
77969
43446
77412
27296
31466
79066
38285
41980
10416
33202
11983
78511
6541
55331
36774
29144
9114
36961
39567
76224
24564
75826
4306
60596
62464
72906
15891
75277
63349
70080
18547
33431
37978
38338
21689
64116
2198
30907
10528
45121
79585
28056
61593
22036
57544
14599
37355
9841
36414
27174
56904
33733
64924
26112
14230
9674
710
41398
673
26887
18958
15387
71407
71645
51235
60529
54428
25152
9088
45644
39952
41656
8526
79559
67518
62376
9278
75099
55156
50301
22172
1491
73331
26836
22915
78225
11276
32607
74012
26452
16527
64827
25827
13983
2966
40878
71026
49340
34558
31582
6881
51598
15292
35320
9213
28298
48685
66774
38247
73184
9648
68459
64745
14593
17430
40296
22550
34366
63395
33140
14492
26368
57168
64068
8897
2830
43812
39515
52860
14893
3314
29059
24534
3789
76429
53090
36289
79582
33908
27768
55000
58867
20312
31977
56675
40579
3144
61783
803
71084
17006
44197
74158
77177
10768
63291
76627
10791
22838
42243
10473
63612
65722
74753
66904
24118
40327
61196
54591
25813
44363
35877
79414
25768
1268
63836
33519
52850
34572
52703
38710
10179
50244
321
62575
13952
23204
58497
53174
65453
72361
20546
5259
29709
56321
36318
4330
14380
2382
53645
27139
2949
55816
9231
76195
26391
38113
55930
15337
59752
48210
35763
9561
56532
24418
47129
7345
30777
58473
45637
47303
37279
54504
29158
48649
26309
52308
17520
4177
61125
29778
19691
74963
2365
30958
32809
4419
54557
18296
13026
7849
68965
63775
16104
36007
7556
44040
10976
61263
50068
59894
24955
44194
78062
851
13678
11603
56366
36349
3405
72761
12848
68442
50552
34168
7771
5867
3338
11799
78015
53680
15844
43120
74811
76920
70361
21682
915
26700
23930
71969
7136
13467
31180
42222
15829
71027
26564
75792
32495
58797
70205
6411
71282
78593
9153
23180
75254
60287
35415
1722
51751
64308
26071
69611
41488
61108
42801
40127
29280
77678
35935
39063
15935
32609
65375
79679
76712
22791
75310
29878
22942
26429
52206
2453
10815
54662
15606
11159
60293
69300
77120
785
10651
53097
75553
68523
76688
21687
40416
11715
46707
29138
22450
25288
58976
78643
75483
37889
57126
27954
25627
74924
54077
61145
328
76571
74415
20967
7593
65154
56224
36612
77476
26186
77400
33035
49624
30295
51707
58647
9173
13657
21590
15781
21615
6159
40432
20095
63372
20357
2538
6140
13690
3382
26997
71065
10400
3110
8186
19617
24991
69871
18953
36133
19607
55486
68750
21850
43244
52804
65477
52422
29579
24363
56788
20894
3468
3161
34952
74977
56323
7453
659
17718
33778
79139
76133
52617
30115
70578
1615
8490
8918
55973
30270
48250
29657
32107
66549
73152
24942
62461
61806
2924
49568
79795
69653
8838
14748
69776
24439
74277
29079
70618
64001
30212
77051
35185
6615
16881
51695
36083
48732
40714
62652
222
64742
44459
49673
8664
61356
44512
69161
41044
62435
18962
21531
1924
46520
27173
12695
55566
1735
20220
6233
37051
43757
74180
45759
78759
64067
46690
29764
77646
18345
37815
48793
70023
10200
47252
12408
11148
28694
36899
34392
4641
52622
53165
7425
47495
2958
38709
76540
45577
78372
29693
65501
42147
8615
9304
4303
24876
32075
62290
18974
68066
64833
28857
31749
9599
60660
13569
63795
53369
5739
12895
8570
55911
4883
43308
46593
79262
18405
25
68437
44402
11872
29241
69876
49556
65417
44417
13575
3440
50036
24859
18826
9325
20221
8420
47346
39242
28039
75809
38003
43221
16385
12819
13911
34641
74345
37787
12605
76291
67480
57276
6201
62937
20826
60324
41277
69902
29577
52193
15903
25485
13456
54524
45015
18316
25146
51642
71177
54189
64900
77883
17839
35997
75689
10148
11372
21537
34208
54473
67193
51169
21375
62887
61030
54004
6760
1807
72599
60181
24490
67746
46992
55844
76624
45119
11989
24709
15986
19889
66891
50870
35878
13315
20610
22228
35364
59266
12780
28219
41945
71272
79972
74817
23815
9113
64535
57685
19763
5006
35430
57647
51078
59336
48343
30538
59994
70027
68019
66479
68809
41551
79863
43448
40757
10387
49538
28637
43497
69301
63833
3640
50577
7013
14838
37467
77878
49817
11685
34448
55617
79397
19174
30713
59679
47739
61610
79435
50965
53871
35904
27162
14471
36868
73215
71506
48134
79165
28054
2681
44050
2755
54564
29580
25435
47728
61260
76533
34281
2569
15835
14410
13107
16283
66874
65427
49328
48447
75660
49595
56777
26835
18894
24873
22219
76454
15264
78411
11265
24298
34892
52133
9625
16631
18556
50749
34324
33429
51586
6358
19786
35411
38515
65815
13437
12045
5119
49367
7516
54245
41607
70882
70947
73626
29792
52824
15459
38016
64661
70358
22040
53516
11524
37804
73997
24893
19257
3128
5571
27307
9649
12577
71900
33049
6235
66216
6857
61078
43374
76206
20940
919
41451
57240
6707
25399
79829
76619
67430
2078
14970
48707
69560
26
72441
42022
13951
27528
47595
79879
33305
77187
13050
47071
36312
16955
4755
15060
65593
30678
14891
67492
49475
78714
15676
48127
18832
14826
40780
43209
31423
34760
73542
23182
38125
20463
42516
78716
11667
30343
50510
74189
37415
45439
42679
11873
41195
59339
11566
70109
15270
28084
78978
25375
40945
51232
43018
16807
37938
24782
66842
65708
45740
25913
62682
7509
29859
30673
58271
15497
40820
3550
71973
5233
66300
35419
72971
46455
73321
35439
4966
79665
66718
18860
22752
30309
26917
42103
43512
5641
21222
76293
18079
1220
53310
79429
59172
51639
57402
43064
42938
53033
47712
15708
24251
23553
43747
2363
66694
76896
11857
48901
52398
3308
24596
6166
25567
47104
29229
38382
784
56231
64774
33233
41275
69715
78873
68893
75651
74835
36659
13565
68088
23369
10143
71986
78709
29830
34498
50962
37421
24252
46153
42285
31656
51749
41080
46329
5060
38373
21522
53906
72616
53525
62385
63088
16491
65244
59873
39270
35362
68234
8567
55181
46587
18762
19235
21859
47118
35618
39209
52164
39474
48928
57315
58438
70859
72073
7761
53528
36148
62233
62861
70242
67079
62166
68040
25379
57407
9511
35620
70842
4985
6783
2464
3432
3201
37890
29172
73360
8581
18031
41664
12516
4849
53078
5611
22169
22985
61008
14904
59049
69537
75876
73155
38126
53340
46232
57062
64411
7111
67486
23802
40139
60208
59391
44671
4859
37224
24745
34363
76402
40533
74996
15994
43111
36074
23810
36447
35576
59131
5415
68984
38464
32868
69218
23160
11277
51930
34341
39779
4434
69900
71843
2620
55541
30526
8085
70886
60565
79210
78440
79318
64089
64215
21062
75434
503
13041
29901
38453
43328
25052
3215
27358
44209
11597
39552
2009
73125
46260
32275
63958
38713
12658
69995
64217
68851
1062
49243
17554
74673
48680
57105
28845
32012
73851
5102
76513
26684
752
28423
17596
67043
7946
10303
77349
33513
7772
77383
22329
70656
17224
65222
53237
79930
46606
56337
53142
17634
18085
63563
2995
49314
75471
76222
35327
20650
49214
34882
2911
73157
18054
23847
32269
21113
32765
9898
28728
66556
8800
4633
43595
44554
48231
20072
14477
19764
54495
14595
42814
48510
7302
36867
25978
42167
38657
72479
6231
70544
55937
34912
43919
17964
29800
52813
17320
35084
7034
30338
35964
11223
19033
43347
58156
59277
34634
54396
41560
59170
7624
60342
59059
19056
78671
35867
41569
75744
42031
4334
69910
2893
16365
38472
54233
59957
65237
48417
59363
30900
76165
20743
64172
32349
69805
21948
29605
27424
38021
70585
54235
40787
73451
39832
57142
42808
37829
66508
27345
79027
26022
8320
73346
35911
3200
17028
64791
7451
64635
18671
45219
42754
18407
39942
40795
16106
56835
32412
46245
2420
28122
18633
71720
51837
2087
14058
20793
3529
67686
58559
51573
34058
50655
51650
74590
25234
35048
26122
45467
57356
51084
45349
65332
28601
32285
13188
41775
30312
20479
32288
24155
60872
42068
39919
30333
33315
46680
79217
12643
10024
2931
7277
73150
12099
48058
25027
6784
2014
32328
55332
1806
45506
57804
14744
76973
48841
79379
66680
67790
69096
78343
28843
38719
33463
50230
57216
15146
51344
29169
13499
55971
15189
16363
5190
59053
4815
4557
69722
34659
9884
78443
29468
23362
76095
1311
63145
25779
26000
17501
13517
23794
21406
13091
17968
55993
70528
60016
32590
46701
59379
64870
34345
32749
24045
51158
65438
35581
75912
42897
52658
55587
38857
22449
78673
12229
42520
53139
45955
74667
55690
77778
45277
2328
9101
8927
9425
32228
71627
65994
9801
34787
39649
47297
63050
69922
33226
62401
12479
20192
73373
1067
62813
49121
71175
46136
53818
47310
68518
23540
24221
23934
34129
38617
6203
7437
48655
17131
1234
59426
76789
77929
60310
55907
58306
46059
22438
6703
54321
5165
24930
38494
24361
17219
61484
6087
76152
32978
6018
63175
25773
66226
52072
62046
63716
4511
54983
78592
48818
304
28733
38751
68936
42591
39046
17162
73145
12618
40285
68053
75946
57437
31919
51478
72173
74916
34930
11810
2678
31666
39405
70151
31331
45550
16490
3670
36593
7818
10680
26008
38012
23832
4058
34770
56164
20193
35762
23404
15065
47540
3886
69519
41502
48197
76439
54323
41017
18386
46418
68133
10539
52957
359
55415
61071
2707
54272
58157
51584
28367
41079
43184
62411
43521
21902
41379
31710
78165
69676
53826
9026
42929
619
40454
58166
39047
71076
55260
75032
67191
21619
54445
79314
24943
72777
70052
39633
49308
28184
79007
25349
42239
48674
32938
25824
57321
18224
52559
25721
24163
4844
64419
45739
28755
73776
50411
26625
74470
71671
21470
10936
44025
73662
4115
67704
1093
74223
20128
54664
5540
67070
32955
52891
7691
25088
74754
66024
49244
74768
20833
57496
62501
46185
47349
22339
7894
58321
33870
67828
68783
2780
58106
77278
66509
7994
26935
54299
55479
34180
22309
14469
2319
6963
16375
23737
46243
64889
49194
25067
7216
33898
63789
36182
9554
70534
72046
52936
57580
70839
24295
10137
59132
47705
28540
62737
7181
7423
5134
79924
17685
38616
70545
24537
11569
59648
48006
34863
63110
51955
52680
58451
78422
27024
59213
25573
64205
53969
78583
62787
23659
28720
58955
31831
2205
21152
57808
1025
26161
40011
5504
20932
50243
35764
55853
5963
61543
7605
23371
66828
16322
61021
24852
27553
21296
9947
44844
59243
72532
77782
58957
47078
53958
5911
10763
77858
18996
14704
48537
1030
33835
73156
79107
76986
24519
17442
36670
45594
6369
68710
11582
77072
69874
68645
6800
46672
22031
21706
70966
62312
1490
4045
56709
58611
7603
43756
47891
35717
62243
55897
22944
54844
35761
29791
49250
54768
77417
43202
77295
73223
66117
11439
72318
42317
59212
52910
55025
41023
17265
8248
42875
4279
45206
18737
50131
55173
8731
69616
11680
56570
64876
52621
44272
10388
1628
18410
33114
75690
49323
50765
41193
9886
66507
76633
43993
59988
50455
38992
35109
30840
61255
60642
46144
24357
76515
13269
59694
61887
61139
17339
57128
35224
66393
40523
21017
9453
6785
52812
35011
72470
56746
21835
3287
29739
5151
19973
45202
16077
56783
53674
68973
33614
60376
68906
16120
57013
79443
45862
43687
50722
3818
35660
34712
16150
65108
18720
76832
74693
40260
30469
50175
78940
24489
66270
43760
77875
79614
48735
76957
76299
61285
10563
45927
39597
48457
54079
28798
20759
70881
79003
2551
18746
35893
65699
11491
75493
31938
65826
7147
3088
26171
30691
36294
79153
50658
77624
79222
77625
12548
73447
67013
51566
39341
60222
24305
69060
29246
29160
25335
72193
41115
76054
15123
73881
69974
17786
57335
13338
41055
75954
20041
23874
29188
25792
4226
51159
58064
48739
41221
5854
74504
33732
75188
26891
62455
64575
70124
44745
11371
20009
44972
3272
2613
44318
38753
10469
75971
31746
36233
77605
54507
79128
9840
24877
46368
26428
551
31409
43977
61802
59035
3137
74787
54799
76929
6743
555
69633
76063
32112
54351
32244
32179
23769
58327
55335
11808
38277
39613
73291
739
372
45717
46264
40943
39240
75150
66175
39413
25653
68921
72466
2390
2040
66293
71441
59043
79875
8855
664
43520
15672
32744
58046
78652
33832
478
49844
55612
70887
47769
46262
64589
14554
531
64673
44486
69182
74245
49842
53446
28376
22861
66256
32048
53112
74746
26198
29987
45204
30543
70301
14740
30206
51671
30226
57230
28002
75049
79623
14004
51898
51957
9053
74264
49164
43454
47549
38943
67379
1733
14809
28554
23543
61636
56491
44814
69120
74147
25741
33204
64583
21166
20585
42699
48453
69967
76985
4710
53596
66927
34870
58319
50471
56592
40439
4860
44090
60630
62705
43753
20300
61704
39010
19971
58812
17109
79380
38045
10866
53358
26810
15555
33672
30126
21270
69576
65583
72496
70359
24417
7435
70068
409
13009
42383
26031
17588
21333
41085
60190
29431
55144
4075
47995
23247
15943
42877
57348
65113
24146
68017
40532
45694
50164
22745
866
54608
7243
14011
29373
71658
46641
59187
77615
2587
14820
18922
35869
64527
60119
3116
39091
58558
5251
67860
53438
42693
44392
45809
34035
76965
72904
3351
61753
39580
52875
27651
20395
36883
1051
76857
71508
3909
15061
57415
39268
51027
61893
16634
30930
40333
38412
52280
31216
14733
55969
30736
67826
48303
37133
71643
9652
76735
6032
66380
59154
5071
38207
30622
57095
22533
11716
43011
39990
34894
17792
1776
51365
5927
6976
1320
23660
37210
6794
35218
58128
73098
21151
69202
49059
31083
28925
72617
41274
68920
43982
79129
34099
4796
54891
70398
16312
6812
4719
33177
3284
62979
65224
39465
60955
39787
59729
7797
4999
5838
61279
59459
54083
11576
37830
68524
34459
30142
78284
26435
79227
50963
27140
52614
2297
42328
15991
78766
13701
22667
67991
76185
63230
68729
53010
2925
42603
38067
2892
22629
5396
56045
64776
16907
4270
67670
67934
21129
53848
41300
46770
48492
41363
9180
49720
61761
78825
41782
69691
40701
65976
5817
44186
52324
41127
20841
42094
46858
49997
45893
43553
55145
75974
15686
20365
12264
33214
60891
48757
35091
64954
48792
11696
35167
55983
37925
44690
60387
31660
33102
31785
19722
42215
48721
35275
71992
29606
16135
27700
30334
73624
64701
74843
34175
61150
30785
25212
1521
51754
53950
45548
64865
56232
64971
48520
4100
71421
6725
34563
46971
20949
63478
22089
9877
69539
4520
76753
28947
25478
1265
64849
20415
59190
3123
20355
79278
5032
51316
44160
67658
79462
54982
23785
74337
71366
20317
27208
33889
14418
35393
5889
27833
31128
37501
60323
21864
47514
50819
45788
22229
50520
17025
20649
20164
10014
67201
7957
613
2913
77623
55129
72086
8188
13244
53248
435
42912
62907
58606
13175
18477
30405
71263
8549
40461
43334
48077
35905
45780
65076
77783
32475
16239
46711
71327
17764
26093
30908
15541
66284
39939
2170
62430
5505
11238
57193
25121
53247
49030
62209
77967
76158
42744
2236
61958
28222
25790
18136
47116
40014
39706
63764
14190
4054
57067
16453
40508
69820
13981
67665
72511
8235
46299
75290
56773
16318
5835
42959
36092
71333
43115
48072
38172
38088
15341
75746
13686
42389
42844
65681
69692
26957
59553
57679
67069
27718
39379
9751
9836
69777
61438
79683
40417
32798
21057
73324
67758
77942
67192
65109
76814
63396
56732
276
2006
33004
65287
41495
67246
9179
74487
54793
62256
28688
19361
21320
3186
58789
6095
59184
27539
27109
30177
35661
48042
66262
73700
20392
31129
59340
58089
43705
11365
72427
13928
77710
22318
44136
20390
70603
19055
50325
69473
78223
62598
6599
61344
36257
6240
29359
57003
5031
744
22358
57681
20323
35816
44916
59778
78614
46514
15752
5359
22978
34068
74078
33289
12786
75551
49666
78141
78507
51508
23188
31039
10178
49881
70532
46984
14986
29702
20532
19806
30899
11107
38555
52279
20118
68502
72334
62447
52037
29161
37132
46449
18770
59425
19626
53158
41756
10305
51161
35604
25100
27028
62049
2766
17524
33953
60091
38525
23065
73859
79241
37192
44922
30926
69682
59381
12065
7547
56483
36891
33316
45758
20219
61751
46766
33937
79120
30845
79229
47438
60659
64697
44583
51710
29551
45938
31141
7968
35913
23681
15680
5560
15775
43703
76690
77796
26281
29290
67853
3787
53580
41676
480
62600
75076
62775
2162
56339
41171
50224
36146
75175
30550
4040
10628
54521
46876
51028
34033
72887
42180
71258
77558
65537
44677
67323
36657
38904
1400
19224
8732
39120
75203
42518
4567
31116
70977
53463
64992
69923
67863
61380
51049
64209
19537
79920
7540
21837
40740
23439
37275
78208
33785
29355
26160
45353
21810
20751
56336
17321
27915
37705
31571
11511
59237
19658
63129
48415
60571
79223
2416
5083
38585
77717
41776
54543
37225
24551
68739
6461
34693
78404
46650
30563
40059
65972
62374
54678
79243
38275
11469
50065
59036
58840
2733
1076
63044
43468
66401
26051
68573
59392
68979
57708
32858
62773
23904
38545
66391
63793
10042
23493
40573
59147
43875
64417
79091
56163
69188
28610
62232
17564
71432
45822
51057
78547
16493
55338
74668
77309
17048
63556
73459
46736
18113
58027
72819
42123
742
32743
35883
14695
16523
70251
60984
58751
68375
48071
53702
42576
75473
1301
67097
79628
61331
3997
35585
35570
3763
58418
18285
13483
15473
54309
13012
25704
24953
40052
23736
56542
78079
59724
268
44753
51668
18784
57645
45795
3878
10511
6090
52707
29242
36927
35183
59944
59696
74940
57359
79919
74615
37751
33909
34071
8699
66171
44137
77465
61124
57413
50353
33008
17859
65090
59133
1950
70604
77183
74767
64769
27417
18024
9137
18993
58111
68838
29177
5260
30116
42683
5243
69606
62357
11626
5525
2553
60289
20678
70452
52292
356
53869
30816
30749
52979
37852
79827
46463
63142
67794
11879
36847
36786
2552
34891
50576
40756
7823
71737
8811
78611
70926
11990
25037
65044
3333
14272
43543
11068
79749
61839
18091
48560
44190
1533
7955
65904
48837
63240
3750
73334
60904
55533
40612
29484
28377
33954
58956
58452
59643
79219
65628
33687
34216
74202
70352
26279
1505
29426
8525
30118
45987
36271
36132
11514
51009
64936
40617
75537
33784
5649
13852
43488
40852
78195
51196
42600
47469
60022
8049
18533
62935
46424
40295
53867
42110
75153
7106
553
65336
7383
72857
30740
67288
36013
14186
39657
68985
27981
57955
44469
6948
11894
27487
58723
79055
17585
19538
51427
69377
40733
55333
25691
24447
33382
17355
78314
58572
68862
33178
28299
2327
68529
73293
66870
8472
57730
51874
521
59361
17798
24402
42843
13348
55599
18573
46570
23965
75670
5494
26678
16787
3849
37703
35236
46602
77104
30627
25769
11383
51314
23187
55991
60169
18555
51456
15317
22591
24512
62805
71757
7681
35583
35747
76906
25099
55228
74933
76033
60100
54441
25084
42456
35822
71419
9394
43333
71446
6827
2556
61963
43023
65961
48149
26339
40151
54546
43219
58612
60905
38565
14417
26478
14140
71596
62834
71902
329
24124
34612
57117
67355
33296
11912
24057
27356
259
32287
7225
8606
15850
14295
66920
75750
16925
67731
19191
69231
76917
46832
49995
52183
31998
73400
61964
39280
10794
78645
42648
50451
4657
33801
10145
4408
29681
59463
11073
67138
69865
30353
32104
9272
15843
58665
4950
52421
61976
33818
35894
6610
49352
21617
46927
62400
27094
26665
9835
11678
55543
11683
2119
36607
46644
74067
73005
77482
41016
3350
25556
61122
32747
20038
20307
13360
40444
9234
74939
17713
69912
31797
11591
68751
55602
68543
35891
52547
21927
60983
22097
38571
25767
6214
27794
47910
1401
18092
50146
49201
77415
30190
59555
3124
43310
74521
26282
48292
78423
70999
71755
16102
77061
36937
24799
11424
73730
73468
6212
61177
50869
35791
60375
20493
43063
77856
12768
32181
6293
32191
49488
35596
42104
20669
64332
63987
73046
38931
5459
8319
69484
71930
6268
58417
12600
14095
12411
73564
40628
6287
12312
44767
48452
13992
46665
59341
16894
46582
79798
12210
28682
18932
13848
43172
23044
53705
40718
263
57228
21910
74106
71284
56750
61877
28011
36113
77089
33129
5293
4991
43275
9903
77480
62748
2180
59495
31974
26942
44881
45407
29458
16043
70795
63348
56425
45510
2155
57161
4554
33392
18288
39087
41780
61195
10580
24518
70593
23669
39383
6643
59153
61504
68482
52764
7198
49528
21629
18072
25394
37550
79929
75743
56789
62784
23142
14597
36011
36034
50144
23253
44393
76311
42684
60692
12775
28556
7070
49541
33721
47480
9620
22881
43552
25086
22013
62628
5726
24365
10113
29313
46149
58213
40626
47983
48988
62999
33787
53305
25781
71870
77975
49596
42093
14555
56529
64800
40572
32764
9421
29677
79146
35103
71440
21764
75671
55950
16473
31407
5343
55713
36947
47691
43444
3059
64377
77491
32370
56020
29918
53377
16951
32308
27980
6955
73413
23314
1326
15632
18485
1747
16609
303
43535
47905
33935
67560
46531
28286
39545
6100
10276
60431
18433
36993
11502
77823
7880
25303
57860
14232
29029
20053
61398
31050
14714
24425
45965
8045
25210
66609
1812
51894
46545
55152
29437
51703
1280
63645
33896
42483
17531
74664
69176
12680
14021
68643
11455
47411
37390
73592
78723
74918
27382
10695
24016
11370
26292
35588
5105
815
38444
2955
2114
24394
39132
30117
77111
44789
35293
32796
39813
52371
15703
64053
39311
71001
77047
1331
28205
24250
22658
42495
2960
42758
66676
10555
39147
56728
44079
1338
74325
11256
15326
43534
1532
29036
63959
49393
34989
2718
49765
10287
79965
5572
8812
66237
24225
44610
28847
67547
73390
39490
2511
60352
59792
14260
74464
77517
7117
26341
20039
25463
44325
23808
7002
56582
55248
12744
57086
53636
17221
5973
57709
52944
4513
8329
68485
57377
26956
44708
14659
39471
40588
27076
66598
36571
77129
49185
70919
27108
74272
73442
7641
17126
50157
15836
76584
1599
44818
38583
49764
8202
79022
63193
25311
56154
44114
79092
58813
6568
43005
51868
7981
40169
43611
79579
69983
56770
44265
23471
37720
943
26994
17220
55399
19855
45565
44513
21953
56593
56126
77301
79472
28823
42376
53515
16795
24599
7836
264
47841
64032
18847
14545
18043
54625
56606
43784
64691
73823
7348
2860
14472
32227
62120
42327
46944
11307
60786
74956
60340
152
58244
9493
76516
37206
20191
71932
73327
38385
7847
49225
67865
64925
23485
27259
28487
46532
2946
30806
64123
19911
67591
46588
77346
56841
21493
44463
38431
79374
26663
24145
77287
33477
48332
1267
42605
11974
12752
30351
36941
43849
9333
65717
1813
22391
40677
492
19887
35689
19186
3916
16764
40585
16062
13947
15679
51659
21735
78410
25231
16818
14453
79943
54520
16642
74890
18519
8170
10501
52956
67385
61865
27039
888
35765
4200
73593
3135
8692
46263
64897
29298
53707
4515
66759
19801
371
6232
17742
75485
11951
75017
51100
26739
12985
648
34148
54855
3764
12562
28719
11812
43001
41212
28545
66738
17710
73272
28555
30254
14365
64367
51481
79639
45504
5084
27158
14874
47343
62934
75864
51231
12320
13600
18689
66217
17840
3455
52734
48123
30877
10824
50113
12192
59037
11151
79926
51655
42028
74085
40250
13789
47084
1880
38742
22093
34988
44063
2339
32797
24824
58842
61508
3914
10618
21823
78722
45967
56315
47593
24291
47844
46723
37058
66445
51764
13430
10640
15036
67126
67479
67064
12697
61261
12917
22525
32004
72989
72317
56985
70710
41620
77945
52426
60880
31205
51208
24500
74620
37768
68925
34473
78508
48873
49893
17926
66857
59045
40926
66430
25049
45213
53630
6822
32002
49493
47353
5113
49636
53244
32208
74149
37766
17671
50744
49900
40130
75942
31093
57745
30070
66840
9027
48430
55948
17925
58953
51292
78241
8987
70650
44863
26923
73669
8580
30857
46592
64699
74424
36887
37853
31033
16303
78680
64923
39110
31099
64212
64192
63913
17464
16254
71362
16913
70408
28756
22651
65455
75999
47542
56751
34181
15997
6970
6196
21104
62504
42338
33430
62167
46873
64435
77105
41740
62831
18779
66890
73571
54789
54273
8275
30493
40374
77859
22061
69404
73732
35757
45643
5013
46286
78540
51179
56193
43973
75641
64423
1650
12794
13119
70417
38738
76539
28605
11978
55778
30922
37753
19923
66287
28867
63165
41299
69133
46969
27413
16702
30739
75980
2320
5155
55812
16072
43175
24165
28543
42082
77977
29420
25484
56358
48169
7755
27025
1457
78219
48635
54315
31916
59289
51947
18578
67344
49489
12129
28429
57020
918
43774
45468
43793
423
77632
31038
14855
9457
23119
67793
79302
12743
73455
26340
10088
43577
4468
46972
25211
18343
30861
27349
52888
30833
50479
16879
12072
52355
48233
37008
46741
49966
51090
60353
53853
25539
59656
7137
68740
47828
1674
9856
63891
63604
37577
265
37769
56676
43316
8669
55028
59149
45460
77144
10937
35081
42577
29576
32190
73623
46130
68046
42029
9176
75291
45542
49702
43384
35545
17195
34469
58065
62667
78337
69020
79449
39806
42552
15249
44216
76151
32906
68847
26411
74941
57309
47431
40980
76600
47434
68082
61700
35399
64279
51727
71288
43049
41140
13478
60845
39003
33833
56092
10074
71005
12213
18225
71581
6826
66248
73257
60653
24708
33783
339
76788
39090
19653
49242
61007
11689
78096
10694
18155
29970
64693
22734
16797
36360
52036
76167
29900
35806
27728
64563
18787
34755
62534
46384
30238
60770
11064
11734
31447
42105
3115
2629
57717
2445
29666
13567
68564
29680
38661
72245
40735
35193
38268
50431
63894
49257
14592
11510
42461
6239
52174
23713
18940
10985
67116
36156
49661
3528
20289
56642
61346
56311
44660
64623
48265
1706
45777
51082
28346
66172
63766
4569
12745
10368
50472
13475
26415
77775
64528
29394
17431
41832
6672
62894
69481
23079
74335
14312
50848
50252
66480
70642
43928
38544
18228
10769
57447
46871
21777
41655
59503
64436
35377
23500
16364
76274
35759
53441
38250
47146
45131
75860
10292
39652
38509
12063
62448
40085
76828
36848
62399
8916
38646
53814
12725
54706
69381
56702
67941
36382
60501
3989
22462
69041
34677
26138
57170
2469
25975
23186
34548
1278
17248
19227
34391
41292
23081
17058
78371
35659
47704
17567
32216
47345
29511
57895
48867
8737
11035
9393
45357
53001
77227
54946
30815
57969
75438
60609
71501
24343
31551
64695
31904
64948
32215
43087
42403
72884
33727
27800
77489
28737
18910
36135
50759
54700
4521
52044
60472
30852
3987
47251
7751
47984
39866
63769
24236
3883
425
60515
57421
53504
26116
28842
58267
76639
54322
54784
8992
917
15908
24458
58987
31396
61281
20750
3594
29761
3009
13542
60740
15346
9957
15236
55534
77667
51393
31193
20051
76631
34460
7250
65267
63236
75520
67272
35189
71397
11660
56714
77075
36576
7967
76297
50465
39691
48107
79304
15859
46787
22447
44400
77869
64031
71818
50999
18569
23334
47072
7782
78966
16789
48391
38829
20496
29867
65745
49812
20442
20205
53296
48709
72648
43327
26698
12113
47045
6335
63662
79790
9752
78785
6079
67864
4546
52561
45667
40859
31920
50395
49222
22368
14475
79039
17480
70250
15404
73048
13457
42433
4586
16341
28840
39666
39682
23663
65744
70586
32192
19185
5532
40443
58086
6844
65019
69577
3283
36641
59217
12897
30789
46601
17557
47767
27657
15702
64840
38955
57574
68163
67045
45532
13655
60710
46366
62460
59194
35729
69385
64252
53718
18373
41431
31114
40925
51709
24219
74771
11184
22673
535
75024
42690
14522
34525
47636
74815
62715
56757
62437
58365
1055
56712
58460
33490
59468
55278
34163
11457
35441
20947
65385
58798
76541
69410
57464
26730
40789
41309
57258
66444
44543
43544
74702
28736
17476
38672
11693
24049
10537
19590
27506
47244
77468
49339
50067
79881
44058
53541
62972
7343
69338
77241
41467
14543
55007
57472
66437
53644
70647
42033
6157
72221
61035
54544
45299
21528
24276
32082
69471
61629
26894
60453
70896
67805
18393
30684
31283
70152
50349
13596
6706
13461
79976
78160
66235
76333
78920
78322
24817
41083
21103
39921
31377
69927
498
21659
4069
43082
71148
49980
65776
1905
76750
1979
77999
74378
8161
3590
76955
2679
52954
37540
58023
73599
63623
11246
22269
56623
20147
78226
11392
26952
79511
8656
71439
62851
35277
44798
21681
5291
4797
26185
40993
21098
31555
44485
42315
51992
35245
20460
56727
73391
61892
51020
72297
75659
55469
53163
18336
1881
70895
16880
23696
6423
33433
76440
59013
43974
77307
36952
54898
10649
63760
18404
43999
18327
8743
30859
50251
63312
56145
27875
67620
25795
52323
52163
43791
50298
64322
65243
37472
51450
48588
15791
39188
39752
75848
50048
51366
61785
438
78631
47539
68629
43060
62642
48143
32945
13283
6395
32268
77862
64298
26759
55620
61467
76723
60689
79531
18607
29267
55466
12441
14897
68786
24511
78187
43674
2364
70208
75561
29741
22647
62310
20849
51814
65707
12651
61988
8562
17001
56284
18313
2861
10478
70959
20521
58747
55405
18859
61961
47950
9463
18372
46052
65413
5640
77493
25757
44224
18334
24886
14378
33799
71776
7938
12898
2379
26436
58523
31939
73372
11913
68544
805
2132
47398
33962
79382
16819
11717
66361
50828
46457
13374
59111
33596
44779
39298
52714
72988
46540
43785
39175
27157
46313
72461
8071
33550
62614
16756
18987
17820
3038
37752
79615
23316
3273
36623
22313
67940
9146
34705
25108
35173
63575
60744
27078
20950
39000
38102
29404
2933
51750
5825
67444
51948
20270
69323
63827
34386
955
74927
43447
64069
38478
15158
78568
33618
17962
1625
20516
22485
47763
43841
11745
28633
49364
55810
3423
72037
61256
77365
46180
49716
30985
74047
72769
23095
77546
64613
5276
65674
11664
74288
761
48900
36305
64092
34896
16305
1906
10066
71456
67258
13704
73136
51429
79641
33068
28190
65292
27967
34202
25628
14454
15623
55437
23533
21048
37724
49858
68135
75861
61940
62057
70369
16140
17846
65622
31288
22173
16394
8703
35431
467
40777
47931
36426
18981
76192
13936
65034
48416
12678
78973
19932
14934
77874
30860
71739
8663
13876
63047
70728
45046
35577
11897
35329
45438
30561
22777
22900
46935
39148
73469
57837
8655
65617
45669
71256
12250
68753
43428
52717
76094
3911
25716
52981
66441
5647
19400
4129
21090
14430
11065
9212
2253
58974
7754
54376
38889
77386
53987
35388
48000
44911
1059
14311
62776
30515
30901
16719
66958
15784
66531
43819
3675
63239
57956
30039
32671
26734
3627
28124
17741
58671
45368
3618
60302
73297
66670
47576
53077
65640
22949
34255
28463
49011
9980
18483
76681
60346
52006
52787
78969
62356
24415
40638
8340
64122
2547
75793
45883
15293
42733
40614
33298
9711
35450
22569
69177
15704
73429
35687
70956
78515
74120
773
6845
10601
47985
49118
41506
47729
7413
61194
33047
44580
10737
24922
60461
38689
45294
31540
38051
601
5417
68377
11987
26929
74416
7665
32390
12802
55719
9086
36951
17563
76489
43554
16038
56705
23640
134
60487
53051
50456
3340
54497
77503
19001
39325
74718
33036
21626
63324
30400
30262
35843
19908
55031
5360
74165
45081
12723
7916
44412
57743
24520
68912
39385
43013
70990
4990
24812
6145
26936
52882
39673
70199
12674
57058
24779
43000
15546
31242
48098
7186
76347
67733
20266
39163
8691
9646
71614
57699
32667
49476
7263
57841
52302
58977
14631
20557
25464
63486
20378
12532
48092
31284
67638
17432
13383
78623
60943
33928
20201
69159
39121
16884
4762
69509
71861
44917
65510
402
61698
73262
22413
64799
18538
13847
52825
54907
64042
79970
1479
74564
24159
14208
38303
64531
64864
5464
38284
57487
65302
42610
9559
44595
5628
75391
74713
56664
34128
934
39168
36363
40330
2754
1246
53983
62651
29459
43047
5444
39714
27080
48622
41205
62023
26257
44983
11170
42124
33657
38556
62910
12365
68193
32799
21295
18954
68268
24691
76479
41512
65492
38999
37334
79450
61168
75791
13370
70307
16095
45417
60704
61805
60263
55601
35040
59633
5139
28098
42306
3488
24758
22960
1487
65814
73763
75307
48782
18395
37579
6848
55345
958
41794
55143
20122
34231
32980
11478
41982
23744
12352
44334
26653
60255
34220
40700
42542
2592
43344
73070
27627
37643
38933
11811
63936
27653
27297
7527
626
28012
28848
71797
44769
60691
33796
71353
18548
97
19183
79620
19109
53822
5458
59668
52177
69899
52401
1229
24112
70591
8130
77563
26007
27298
41887
59297
24386
71012
70315
22464
27220
42543
10072
66348
63919
56201
59699
38810
46058
49929
71114
10682
51983
40154
52647
21445
48349
3020
72495
72982
67741
56827
73003
66343
56025
41659
2732
70010
22793
32960
10402
10764
13702
60787
18831
35613
17192
1696
61383
13938
48130
28481
38043
8151
15232
10796
9707
20939
17444
45056
78677
51597
30564
3493
10858
60221
61143
9277
34191
23394
70744
20842
62318
2805
13130
72201
30111
66059
31279
10458
36949
59500
5633
54248
26097
38270
58859
41210
65597
8833
63139
79086
45587
47997
23243
54909
39263
8417
55840
25519
69645
30076
66675
30132
72445
14915
52285
43185
2374
54610
78617
21971
2227
69987
25340
69325
942
9160
74183
65959
26661
49585
44021
5141
41345
22387
40805
45275
44573
48132
66097
66699
71357
16498
59001
52503
34895
42089
18399
674
63438
15055
77019
56051
44833
42732
33842
74511
4518
79248
54920
49794
33483
444
41155
34699
8681
24696
10211
49539
39192
6199
20588
51055
34897
43223
18025
27632
10713
55421
4907
5677
18080
12313
25571
31432
23431
11297
67683
65456
13592
48333
55841
51000
887
48264
7055
68097
25976
57705
41842
39312
23838
36008
45469
12447
63517
18939
6142
41035
53060
42961
16999
26741
47267
78548
6282
66898
17974
14200
72195
30755
20720
41864
11309
38870
31275
31412
58695
21111
51221
65326
27231
7814
67883
29101
13839
55264
61722
46053
15041
23821
20824
31659
49583
44615
44616
52238
33220
9047
46939
45367
33821
78189
62432
71123
78335
5253
24269
4588
69717
71778
72868
41054
41739
56200
34913
76312
42662
53202
48694
7321
79088
78767
56797
62352
39221
71874
79433
6359
65471
71975
46453
16139
41552
69960
9572
15037
60610
55898
77455
59772
25809
19703
64168
49729
75867
22751
39448
63141
71455
8999
58272
47735
33141
70017
11061
2708
10681
79844
72319
61804
24690
8163
13703
31194
59602
11976
22571
6144
54038
6790
37851
61379
35127
3175
51902
38852
48965
62971
78383
76839
53961
41831
25452
22412
558
45575
2019
22088
24224
56929
48637
68625
55221
3947
15792
37159
18423
40804
44151
58795
14737
18444
65462
55850
50427
18084
48445
10603
3106
47315
600
78353
60964
48327
14995
23578
65910
22091
25289
65535
76800
67419
46148
46181
64014
6297
8914
29323
35085
75574
24727
51495
12645
33169
44666
7795
22587
59936
5140
49567
9602
5919
79728
16358
16357
42189
56962
38807
30157
7148
18514
55712
33081
58949
14768
70649
36979
41561
42691
58613
50221
74672
20648
41836
2821
3112
73474
6846
2120
64358
62967
61065
7521
68830
12641
26522
27896
26913
29175
49126
54387
36272
1522
21095
43952
66395
38020
18167
14831
67505
74978
21209
10206
22067
45725
64946
29485
73348
5012
4382
11055
33831
58950
10410
35093
57115
19957
33629
48679
58127
45742
24099
61994
38083
31552
56169
29028
76915
11915
25163
28973
41203
44776
14352
7668
61681
39862
59296
49813
515
40015
60851
63603
33338
70273
51536
47376
42723
63089
35871
5690
76963
75233
4870
16516
16410
42567
35875
58782
73785
77533
73505
74884
520
42869
25941
63904
19601
20015
59504
4691
6483
18371
1403
77128
55540
45995
11747
1772
8871
65331
2021
5298
62683
14037
20844
59571
22783
63465
54751
15540
2588
16192
71538
1340
33297
68983
9512
51800
21097
21538
78028
68031
15180
28040
34639
22816
34657
14703
48902
8747
46623
15336
12090
60151
70657
74143
1300
67381
67106
54812
49819
23335
51480
4829
30952
38031
14924
25572
27138
26049
1545
75916
51826
6360
60873
57682
14156
63876
25631
71078
79555
10984
76201
61197
10882
12727
46280
57805
29239
7317
21793
30672
43853
24356
38460
3587
6442
32869
9204
70889
78488
79877
14033
50519
1037
29063
38519
27701
25243
29936
26773
13688
70484
19184
67642
2389
48594
37073
55170
66222
50371
70445
35440
49060
6484
75377
67513
60341
234
69080
31339
76855
67630
11219
57148
32064
66359
53135
19315
47959
58404
29204
50377
49815
18990
70259
52800
2756
42404
38131
6745
43236
25194
73115
62112
46664
25119
61782
78332
43876
1416
72490
69513
75431
10678
38853
20515
30786
34821
78776
71271
22207
12574
46279
70260
59564
34430
21014
4973
73240
30751
63849
64015
21775
52009
68784
62416
75789
12245
11257
63892
55571
20140
14076
2055
61848
60530
17837
17207
56024
63069
30065
59293
64947
29603
69079
67757
64085
77297
47737
4343
31431
79143
27344
52029
61527
3719
73478
554
52579
13351
37983
52108
45338
48772
47233
32177
32297
16584
79901
43992
43348
64944
43782
64676
63631
17593
59693
60011
25101
1921
36468
62908
63037
38647
15527
41301
24104
44484
76280
5868
70584
24508
31449
28976
65527
52623
67467
58771
39802
20568
56605
14560
29984
51185
13548
25013
64940
57254
64372
10487
42181
5346
28446
31127
77679
42035
44751
60228
127
32502
52578
42951
969
62852
20746
71972
26828
60676
53642
44906
23881
23440
37255
76097
70718
35750
15256
35188
13708
25191
15888
49779
14163
29894
31351
694
69437
28441
59451
70339
77836
12101
47654
42982
26080
69918
48498
28603
54788
63812
73718
29108
51685
53762
57768
59737
64101
51980
66990
11217
41144
55987
19110
26406
77634
63767
9975
57874
54429
77610
50753
67065
36606
40153
5815
5975
36618
35600
14379
46778
38899
32669
14747
53170
35004
7915
1751
2444
11017
39568
44787
30629
7824
54785
25111
64091
63811
28460
43433
2235
70670
70041
6081
63495
9953
22128
69675
68678
64546
61808
37888
62273
51476
44790
14461
60853
41944
51355
3324
68154
47783
30354
69500
44193
22063
62826
60074
77320
20706
61158
22713
16771
11391
32119
46496
43272
15178
25087
30988
69644
23386
58757
11260
72148
65987
17565
79047
54265
62262
46805
4795
54804
17274
43396
54427
31140
2381
6117
44322
23825
341
6022
75686
9569
32065
58724
62372
74230
48001
3008
72331
33311
68438
27293
60143
6071
34364
54146
30057
14101
4786
39276
37215
38557
6236
68981
16133
6482
41499
58415
66349
15804
14785
42174
51315
75773
3699
79973
25865
35963
25785
66582
12127
16583
12997
41263
16859
36615
47892
69121
7881
51667
46048
4799
49087
31158
65227
66355
1732
41696
71304
35525
44732
10472
25655
44264
50393
21377
66936
32658
60703
6788
4204
20700
26039
14971
49555
38928
62315
79004
51592
36905
52387
10502
34921
53317
70527
64599
47863
13221
6491
37691
2803
47169
43559
53522
1656
51056
38770
76163
41211
20816
3817
15315
67908
55370
53546
65534
71499
3880
27797
33242
25723
39753
27612
22775
6778
11001
63534
36017
78433
35243
70583
43899
66752
21779
26880
22568
30321
52696
72499
14888
54908
35597
50262
9528
41645
65496
13488
64939
73313
62420
52869
36108
36869
24780
34655
58904
56037
56078
23555
46708
29718
36653
49414
36912
71322
61128
28129
10111
38215
17388
78431
26244
46179
52185
10180
57715
28464
36015
52271
74290
74333
24891
27655
57063
64636
79471
7156
22619
15524
22961
44861
53342
48740
59517
42209
68813
71178
23601
53106
31413
26405
59964
69233
8395
65830
69179
34502
33346
73736
20405
32730
34613
24249
74026
25089
62634
74909
63051
73349
40140
6183
41540
9107
32753
52935
70084
16355
79975
37779
11087
8165
39780
40742
48871
10583
79040
51219
22888
72429
78198
66023
28182
4318
56246
38956
38656
59180
32155
45570
33535
32121
60655
78757
69806
13077
67493
889
27529
66189
2076
18045
48683
65384
70332
39381
8048
35539
61485
24061
13092
15851
78660
69911
40257
5437
20825
4453
27826
55416
71586
42651
50142
26613
57302
20593
25241
20137
69403
54308
66301
78653
49216
45292
20946
40759
43268
70108
61495
37029
69152
23127
25347
65905
42149
71248
38091
60482
38366
39461
72172
23552
66362
43222
57448
17790
8714
195
35612
12196
79783
46062
12309
54889
42864
18863
956
2598
24322
53690
40613
57396
9232
15956
62609
13881
34091
804
59122
42764
40648
712
54203
58380
71813
31301
10119
40955
36416
23064
49616
75723
5890
40261
8328
37295
29252
34843
13547
8375
63310
27656
23337
40284
58062
69670
43489
22453
11681
55792
49879
35589
44733
28427
9193
65654
35978
44662
67137
14066
46703
24730
11663
40276
3654
61623
36118
77399
22938
2628
26081
16071
39631
44596
78115
11622
67321
46643
36647
7769
73612
71300
9151
68631
78676
62438
60354
32122
43513
4847
28703
55992
58403
30512
18849
3995
75479
33464
34538
71844
23679
65098
63934
21716
17310
53012
51969
12353
30741
73213
1481
50584
36465
76116
6295
37438
77549
60978
36495
38653
41
49920
16091
65518
66987
29654
41043
53967
24992
23634
13349
24299
40660
31315
57064
77841
9492
73926
37784
68788
35479
23967
46739
4891
43508
66919
50533
39678
78812
68359
42911
32379
19723
18900
31941
16141
64677
64496
27261
65463
62474
15179
33358
27451
59768
36511
49527
61272
9921
61512
29378
65307
27209
20199
9816
59765
12480
61396
10784
5906
63989
5551
63890
74168
72867
990
77758
2560
2566
21973
41900
37491
12228
706
75433
49741
17120
43932
53195
3701
78245
22592
21028
15992
14231
35728
15619
35881
64616
13432
63261
22640
70351
74914
68527
28270
15453
3071
22393
14374
24916
36747
3776
21027
23752
37007
57500
66973
12687
20951
653
37644
23532
28544
54679
43495
31311
4191
45544
18676
39394
65791
34854
73235
29799
37017
34565
79164
46519
48467
55811
69116
78254
17133
75827
3012
18969
51677
56719
56492
1797
29763
36919
78971
24382
3159
59981
7531
62014
67491
25390
75114
74625
36944
33897
51402
14448
62048
2561
25339
68634
56787
3326
39811
4632
20420
74896
77509
79371
46968
28234
57411
75787
12560
58144
72869
23880
55227
24993
1928
66266
48446
24074
6061
20697
75414
26066
15397
58703
48758
65075
12267
1841
10106
22561
79490
76117
50615
22138
58540
27443
56964
9815
18475
26255
56531
27538
64213
54264
57286
76943
14452
9037
57813
49397
69901
15349
78412
36145
39932
49845
14675
5858
60232
39612
19692
34805
13601
29424
55432
30269
68484
35845
30803
73168
60445
56775
8364
46376
66631
33887
26875
32207
34126
15233
3289
63293
2632
53309
40997
2975
51109
53884
40329
67345
9152
47967
41197
76481
56010
30532
45440
37988
16441
12128
11078
48409
70763
13034
41153
73665
10810
59189
58887
13201
350
4818
26111
7917
48125
50180
21945
176
36985
30987
51908
53735
74267
5882
59722
77932
65379
37307
31690
41129
60257
38014
26733
14743
25535
17315
76609
31824
58245
3250
76856
46717
49763
2812
57861
19981
44985
44548
47165
32102
78826
58819
43583
75560
77191
35912
22876
66397
18999
3364
42928
49119
17478
9464
29899
66471
25189
3845
39395
8311
47471
59872
12169
45071
27486
17403
40815
39049
55604
45651
30998
77497
49510
69702
2568
50037
27065
41859
10012
61548
14429
70393
31425
51640
38975
34911
18980
42485
39143
69353
23741
72436
24580
19463
73135
3040
54737
29155
30974
30452
12087
71124
22210
41781
17367
2419
43811
55098
35621
12918
58682
52773
15907
75407
10073
21901
14568
47519
68323
74789
22947
66135
35164
28413
38233
49009
20731
52027
56146
77697
76197
33947
63017
17943
66034
57029
79632
42265
23207
59201
7725
11612
74488
73734
73371
48034
44685
38484
22501
54393
54807
72149
28521
42081
17601
19283
43309
30748
31100
15080
16119
69360
18572
51672
52205
56484
13293
7312
23446
4536
53653
9095
21633
11220
64888
7639
27573
64083
8192
29802
5245
60412
66607
42634
290
32477
38173
78164
21321
47568
7980
47304
51378
70350
16208
20893
78344
23975
34002
17316
36449
75955
70343
26912
2923
62716
46896
78331
31940
59515
75672
15126
78918
7168
64488
51688
34164
16524
52273
30467
25219
5584
31300
36710
2391
75101
36794
77776
34516
6897
9485
42936
18310
76829
40976
14503
50639
10746
48195
39145
30056
21632
47693
59825
32496
12163
40087
22983
76446
58293
8928
49554
37714
57412
77488
26212
10363
11885
43839
20517
63916
11968
6892
60015
65269
68771
38959
22081
8279
69436
31823
37519
12426
26109
64369
46051
74179
15690
21824
33157
43292
53802
36981
50076
35760
8243
39460
64808
73067
7651
3917
49728
49614
1146
22815
63962
9770
20136
29686
61541
48708
47262
64041
42343
73202
1279
17200
58129
21030
33353
65967
55737
30928
38917
42364
557
60860
62172
60490
13668
10471
8009
60829
27456
51145
74872
71486
19225
60296
64700
17830
60264
62576
24021
4535
61096
32380
49228
76945
79566
17360
25165
71943
48403
44389
52630
43026
8209
37270
11880
40760
52168
16648
64422
49330
25244
18032
10947
28461
36858
7767
71481
49491
18687
25389
66869
50613
74210
79561
15652
62155
50473
42357
79132
36093
40413
212
14536
56043
24113
16408
35937
68016
8748
37140
53214
63344
44020
45686
2002
23924
38241
20052
19362
3639
75698
13464
63273
75877
79054
41904
70300
15905
48514
51704
7494
39149
35850
31179
51825
46846
3243
24300
31459
15243
4467
1748
37280
73770
52165
63075
17389
38305
35423
53376
28394
27445
79664
4706
44929
39212
14355
74357
74822
40057
64084
37197
33600
7344
38432
23918
23784
56796
36813
54373
60209
4484
42785
68095
10295
45940
30573
17644
4376
18685
49872
44949
17967
72220
44203
21322
75956
34351
77137
50069
59044
53014
32183
22596
8208
327
29776
9481
31838
1593
14963
12721
18331
11278
59351
66090
27695
660
18499
69402
56204
21558
40766
14165
14816
47317
70700
34762
24095
52028
77927
64767
55009
36885
1228
15109
57591
17068
1510
52268
16826
24768
72790
9905
77638
55476
17555
40796
31448
79011
60686
58183
59220
45300
9581
38475
18383
27941
77121
12506
355
15789
57620
72536
70758
23549
26612
14760
11536
50793
72894
29443
21417
37015
1198
56607
10222
41835
16763
14731
24807
25508
50481
37163
25700
529
18432
3291
40587
24686
70482
36763
36399
42834
47468
32199
32950
34524
30315
8347
12307
18137
70976
30686
40538
57004
30465
60339
18811
34986
24136
60528
55179
1077
51212
74351
60480
51343
53951
68572
8857
267
27537
984
72883
46729
28321
70483
59975
11526
22615
43311
16273
47239
34291
76068
11060
51963
36846
20911
6965
65380
66709
28539
29966
2207
22785
45092
608
35131
39748
26683
59442
45416
1263
41634
40981
46174
33666
5486
51486
49193
21529
35412
75935
70261
13563
1592
51917
19193
13871
39265
7513
47615
16692
36939
29253
20543
79899
52116
19969
11384
53750
1999
43312
971
28722
68654
13594
19214
71457
50550
10221
48
54232
61841
39581
31541
62141
66644
31523
373
26960
71004
36945
816
26825
63221
36150
50392
66548
32381
19048
43701
24237
78749
11487
25456
64959
30876
20762
9718
49773
61362
71545
79212
67420
36586
72767
38232
17231
31942
58748
53613
59917
34915
53821
7130
5856
22096
34584
64420
33145
28715
69207
18520
62313
71328
26659
61276
38418
61063
23323
2953
71202
45989
71135
48408
7306
25812
14791
7200
4757
78872
51173
22560
38903
46143
16990
74751
78116
69019
3766
44584
36766
32453
38101
64218
61119
11224
23257
47916
43225
47042
21574
4589
76025
70193
65404
32807
30580
46218
16740
48775
52093
32395
73176
27588
11770
15745
39443
30146
21949
29793
20640
37731
51328
25213
26763
64863
51065
18973
24001
9567
75832
37653
49891
44487
57664
32217
64107
8396
47488
11465
2263
37202
22623
79810
7188
17758
37591
64134
40
43717
40635
42871
66532
46872
72504
14955
50025
2442
6237
3954
76632
68497
49630
13185
6667
60751
53805
6089
54307
950
57233
54890
30201
29869
24448
47428
7608
46653
46558
45701
64379
13013
22423
29124
59757
20011
73428
59288
58184
41188
14611
73889
56608
38445
13408
55209
9904
15803
25952
28309
40451
61127
18220
296
18158
30153
73325
30787
23189
62804
13824
34506
22670
51188
375
45755
27243
13428
72147
14705
4784
78354
36855
74512
41343
4199
67273
79896
73060
36835
6900
15429
61148
5569
69357
31001
40005
72969
76159
15304
47164
29701
44425
2315
53394
1465
69604
65752
62457
7370
40062
15776
5612
11763
79273
62044
32745
31343
22963
39861
65578
51728
22792
51991
27265
58672
8207
49142
74788
13549
37767
51629
60260
60101
9929
17232
67918
28114
8872
20533
41177
13361
12572
1469
22653
32668
42497
44434
23999
11568
61340
39765
39412
62419
29818
30298
58363
68300
25110
54617
68011
442
69289
6975
8509
78684
78261
37211
67989
4622
40571
41647
1480
72997
22917
10536
58600
78715
41077
360
25236
59910
59477
75404
61258
9450
13656
18890
17479
76497
10048
33018
23740
34761
8247
34225
68730
63373
183
39363
369
65451
38363
24961
43684
67754
16016
48835
64100
77185
77944
4854
69131
64624
55066
20416
69384
48454
37870
33678
20980
16624
9948
79963
37887
70952
67516
29768
49183
28256
9601
75900
26672
43538
48609
3178
7988
72021
75119
46933
23452
18812
63070
55377
44384
20459
42305
15245
76737
30703
46423
49863
32132
6170
55348
42743
33836
51535
4958
68780
16738
43621
29226
31661
23168
39751
76769
33231
78795
32576
26412
11630
54243
79855
35043
55961
3988
75772
13707
45102
41322
52167
50894
26181
44362
77216
10250
71944
51766
32419
983
24419
25352
45314
46460
63398
11860
67508
33597
58291
24715
63796
5916
43144
21181
6476
17793
11843
5108
62785
54187
72247
43113
53031
1411
3953
57032
71585
29728
15460
17404
14504
50223
28636
31317
7602
68032
75033
37980
57176
10648
49312
54985
13650
60149
37725
24103
78719
14917
53883
58436
26076
54552
73664
35114
71735
35276
2888
69285
61699
16544
77046
17161
69056
78725
61269
55610
49316
38563
17317
1332
56069
21803
51732
31461
8991
43069
9882
21631
41152
24759
68924
61869
47541
67795
10564
19701
54607
69652
24137
26108
52890
79109
75745
15771
52757
30927
13301
25454
55767
37592
74133
2813
26159
50543
37071
25036
23484
1098
51107
64592
58602
24553
68339
70029
7074
79751
19436
10401
41897
16274
8348
50063
65466
77073
34147
333
77886
47432
14155
68633
35126
66839
58641
62811
78733
44617
40410
17975
74962
5797
36365
24945
55664
5252
68311
43031
35540
31444
30572
24729
30345
9264
27260
40929
78352
56824
51678
12896
49633
30307
28246
76535
1155
56028
74417
60033
42208
34910
29708
38913
57917
4984
2744
18550
64051
27918
28408
79071
56816
24027
31644
25537
4461
16296
60970
40305
45749
41380
13624
50640
11727
57716
19255
59484
5001
58541
55605
34561
1443
7057
45059
56341
644
7201
16059
46645
10704
54311
7927
34709
67600
62413
32077
63888
39671
61966
48407
74899
61975
10904
59950
53307
63048
28621
9029
39651
28880
14903
13680
66345
24484
24151
43658
47229
71921
49637
63397
79744
30783
52508
64000
27901
45894
1778
48263
64368
66054
38146
4760
46993
76813
15893
59480
29855
46512
77739
55029
76131
73825
14600
56171
56187
52755
65194
47582
33304
69520
59034
61849
14783
2540
42923
10568
71310
17684
57579
29350
55694
41447
38052
44091
50155
12825
8351
12044
42926
37622
42900
47105
6791
54237
28661
57811
69511
55256
47296
54928
44859
49795
24506
69452
15999
54426
30712
40568
56196
31029
74898
72800
79723
4975
43119
57933
58741
46704
12531
1769
58263
51473
10558
77127
62577
38614
23849
5344
9161
23969
39986
14821
75930
54738
45700
15769
48864
41708
57355
44444
42880
47903
19366
41382
77209
26217
18597
47723
40181
23831
46533
48823
488
43314
19398
22860
49460
21938
5762
71562
64817
5866
46834
53359
47249
36144
45964
68752
6059
8556
37479
37872
556
79726
68029
46940
28414
42356
9988
41156
65449
51172
1629
51889
58080
36660
43317
27328
44618
62840
48853
43792
43091
37789
1404
79525
1974
33176
76431
20299
568
5976
76881
12945
32162
61333
11916
79876
74352
13572
34759
6389
7014
9145
77193
43207
58261
45787
42188
5033
2612
51746
24809
11266
7245
69139
58599
6096
1014
20370
4345
15693
8892
71794
55165
13251
12555
74931
44742
23919
61748
11249
18913
2398
138
74925
65447
23807
62503
72296
21029
51627
23824
11567
34100
50712
45826
28024
14073
30087
66302
75366
21368
25233
12576
49092
8959
61608
59464
52176
52991
69559
73068
34701
9971
74244
16285
50783
2757
1168
14629
34616
22284
47413
45906
29480
75480
8156
2786
41911
10201
39329
52267
43048
7838
11572
40957
65737
56157
13955
77189
42770
65779
39947
63791
54503
42955
44960
57320
42264
77784
62392
67128
7961
63052
78813
36096
71493
20495
58652
37455
75016
46828
37963
29244
19695
65298
35184
8142
62868
54279
17157
62282
11687
5028
32295
68115
45503
19031
11419
22883
21964
73237
13072
75806
28067
27292
3147
54740
54389
47764
40845
56624
16804
19615
55913
52605
50019
62684
32618
19521
42092
55224
64968
69003
2409
67080
61591
21965
32063
79029
49635
62499
31835
7224
78858
21915
20745
76308
12442
24917
66249
49369
57376
20964
11984
69830
4845
29281
50847
15327
61650
28860
20952
32016
4730
22307
9495
68065
40098
19285
49873
18967
13788
78061
49076
62145
69587
29027
17739
79084
12152
78197
71597
45779
27405
24
24612
21628
40763
54278
10761
65021
44951
67095
36273
12556
2932
74932
76326
64376
48305
19515
37777
6382
18026
70701
23045
72117
66679
39576
73648
15068
7610
67200
42774
25312
38976
42067
14416
76765
76983
62169
44934
63555
49108
74081
78993
63180
649
23655
70648
24059
57762
50792
8339
19080
75828
64841
34224
7953
58149
51448
46541
42687
60500
50957
18982
1243
28923
41089
71682
23164
22327
22376
35356
52930
30694
691
65977
42437
30804
2654
45603
56056
37775
3145
9063
32752
12197
60019
63457
79785
25502
31975
58664
77631
35212
54888
10389
62983
20832
67436
9973
57889
68007
62745
56229
52889
75392
60026
34611
18240
61542
49430
78242
46137
25520
42411
62685
50888
7141
67987
50396
40472
62375
13957
40970
45055
4724
31397
74209
5471
67599
15441
10127
36454
1559
1725
23550
68800
79267
75683
4876
27135
11940
45761
8074
31277
41087
15767
62627
4151
22006
73294
70306
6367
13447
64847
49801
29856
30367
36203
13268
20245
43852
18833
73211
69842
33701
58687
41602
42245
64074
56512
72856
45482
54847
72398
78608
7351
21728
62054
48532
22531
25739
55924
64782
65357
58752
78405
28156
56390
48456
38856
65397
10212
78939
40237
6787
21331
62629
54186
67093
49
44327
40420
78017
44932
37119
43936
57229
11638
49909
6047
57349
59578
43117
40817
70079
29
79753
76377
44824
69924
42168
73100
62736
75645
73922
44287
49865
33949
72480
27453
62615
44784
75189
75837
38552
48741
30745
34217
35640
44952
14775
64725
59241
15389
22628
24286
35971
44001
33926
4545
79512
2746
26837
74763
75309
34169
56984
41066
21157
50707
78196
62456
59038
74181
21444
55518
35635
18631
49363
34279
17903
54241
66645
3848
60799
41905
69327
60020
9839
43449
53096
7208
8482
18133
46728
1848
23494
31394
11119
36580
58886
7053
37046
29877
18112
28193
15741
32959
35273
74273
75661
60788
50702
15343
10261
34660
6143
53920
31214
2835
7100
39920
22671
31489
66236
64644
58924
55223
35169
5378
64824
64048
75054
53870
66396
74624
33558
10330
27832
42686
24164
63121
20786
3292
79213
27271
30224
3061
40406
6086
23613
51337
45524
7568
26757
14334
78016
68393
60733
4414
66600
24838
7501
67644
22426
77693
47574
49799
55316
3149
47753
26173
35435
57722
12593
24860
5461
8145
5822
1090
50837
72116
26216
76866
76031
34486
38961
37727
13373
73653
4128
25908
75285
76944
77970
42413
17835
45530
67803
6290
21916
52010
60233
29895
8377
10114
74605
7315
35296
18824
79160
36986
65827
15438
31391
77347
12288
63549
52388
45225
62
37584
51457
30843
19238
71016
73642
23923
55269
39101
41751
47740
64792
21016
13305
45325
65792
57099
57103
48046
53532
70962
63485
74609
6337
21533
65940
40823
21620
50940
30581
40910
9431
72410
11275
64139
56534
32446
77790
38100
68857
13783
64414
22491
26256
63222
73460
58435
74621
21672
4018
39165
53846
33863
51168
34092
23456
1221
1975
36364
63305
62144
22005
15539
11823
19967
14808
55186
30639
27457
5520
41487
50959
75484
40440
7700
73328
21872
36760
67992
78347
15320
74048
517
33858
64688
70860
43920
56289
22226
41143
7959
73882
62433
50664
42725
29168
45358
70305
16515
54806
1970
51195
3700
42021
55039
50784
38186
57916
54525
21860
3526
57187
62101
57189
56098
12400
54545
71383
76532
63920
48277
41730
50532
2697
77816
4153
43413
75122
12401
20484
50134
76895
71166
65499
10098
68021
27064
64862
10665
67421
16725
28433
44388
68510
68623
5829
1767
75406
19288
57137
79617
40539
49482
37430
34704
11975
22773
76724
45331
13468
58628
64880
63347
65047
22490
8657
72896
20641
2709
48286
8033
67325
43979
79533
58758
39088
53339
14398
4134
15694
26953
53491
40433
62045
11225
66060
53080
69535
63551
69873
20621
41034
50129
7190
61933
65833
61875
74736
13733
59928
59148
49371
34240
70640
59423
53473
54671
18335
72584
19462
35121
14784
2633
6420
36775
75765
2121
33649
79014
69039
48499
49597
65398
40540
20403
70340
68551
17589
45246
11152
57792
74856
17402
77135
19093
23986
11149
13180
20916
20129
29278
5156
43892
7115
24680
50197
8183
516
25208
60803
37701
38574
1227
4392
48868
4769
50323
43752
17057
62449
23368
42734
69707
8244
41265
48551
46989
42881
44192
18232
63599
66727
16099
22231
71192
40688
56338
36696
1990
67756
28300
3708
14019
45509
65369
55251
37930
17638
79684
12316
34193
17029
45513
35358
45830
78131
61154
17946
75529
22984
71509
64675
59963
44348
52370
77364
66824
7929
1580
35857
60600
2454
28716
60126
10935
12212
60878
70252
4304
66856
67224
61539
63426
277
42941
46014
25011
40971
56784
40978
72481
76318
11077
7969
50743
46138
78441
58610
22068
57361
27817
21861
48308
78464
64686
73319
54963
34194
28754
50665
43824
30397
78179
20249
4452
60291
21807
68116
40583
58868
24223
25717
55128
75416
21783
69605
24153
53972
12982
49584
47401
37553
6891
75148
47895
56721
57471
35064
24563
15057
55695
23120
32608
35892
4192
2203
9557
38437
6099
51539
12026
61640
53493
71273
53166
10588
2804
70303
38048
26996
71083
31069
72072
35074
16682
17688
20135
32131
78591
16720
16209
4871
32631
31525
29357
50649
62932
59977
48899
2920
8611
41546
59453
62869
43536
2209
22190
8670
15937
54657
4933
10338
67218
9407
54271
12443
71672
50889
64281
78624
41389
68695
51498
54135
4117
37134
75044
6986
65356
32076
22902
29234
67136
14761
38092
52298
70521
53249
10505
39185
39238
31866
42845
61469
8612
63727
42953
24790
79914
29125
79939
50412
70703
21093
12118
43131
68919
68496
55265
54654
62889
43137
29679
35940
50024
37435
29251
29428
47005
34793
21708
39972
58155
60032
65969
41821
55344
70316
11444
63407
54033
16451
73395
78083
79845
25193
47482
70475
56243
11796
55214
47922
57027
69173
44940
15176
45892
71237
20845
2959
3062
76260
60999
40180
21737
16367
26224
1023
35370
32185
8327
5912
79609
5296
72437
39064
68112
36723
79454
20892
22208
50920
46183
27425
75448
35718
72726
32890
13591
6953
71740
17672
34951
42593
30775
14977
12905
47287
54297
79145
77715
41939
38461
56167
70782
43738
28987
69479
50764
28917
61144
76065
9135
30396
57684
47996
1646
49864
12984
68137
74707
60575
2448
14319
37986
39470
77618
73004
26033
46784
42019
21332
34250
51967
8672
79523
29361
22095
38993
34239
20141
27411
6060
13380
23349
539
78207
36857
73991
49299
57188
26987
71331
67007
13436
58982
61594
51748
44579
36938
26879
59465
56614
39256
69521
71532
66902
68477
3647
23761
59518
77495
61727
31268
53263
69443
50287
30752
46328
45347
41116
48607
41565
73510
79977
42924
50442
24123
60652
36009
53299
22929
12796
16368
1645
67767
1647
34798
50845
76184
65981
24836
65667
65493
50340
44208
72435
52346
73990
53547
72701
69485
9422
42522
18128
40959
37422
36348
6657
51641
22064
62830
41453
34920
36485
9538
29403
60363
9546
5740
15495
76169
67453
10780
28773
69505
29060
29384
32096
67115
57950
68808
76161
57628
41427
31499
57519
22141
75370
7440
1601
14832
61111
41037
53635
11932
31646
64022
64465
31424
60046
10867
17196
20297
17307
74976
30113
78681
54390
24055
60517
24000
63839
62415
71628
8693
72889
50407
70838
27235
21736
23063
75057
76166
49437
46107
18153
1068
30170
5277
16808
61959
30463
64211
15347
14660
50844
4044
58785
59222
26001
52925
17595
68563
46856
16284
20567
61900
70537
39838
64385
75147
35352
51656
14742
62854
53458
12363
21483
41681
71507
57227
22060
5285
64973
22003
46377
15727
62783
44462
53579
20008
74799
46915
5722
45752
45064
21015
69376
62113
40586
74830
7238
16585
39544
8989
8708
10288
25720
14438
5442
71176
19540
63238
77318
59499
41214
60303
58883
1334
29497
21665
9127
46365
49721
67818
26589
49050
35993
49341
64735
16272
4211
55529
12227
68852
419
61245
43211
42218
53102
36003
29238
30734
53989
59735
72012
18198
15490
73591
74597
50429
16199
32327
62954
37502
61120
70773
1214
8701
26709
72575
23662
33197
76023
30464
38609
51888
79049
51443
15040
15753
76307
66257
71390
49550
34845
44460
18253
57360
54592
24595
25120
33595
19890
51485
357
77478
14666
12517
22221
42763
5519
49519
51785
37038
13501
70240
60443
51345
30032
14331
2889
40459
2272
5733
6147
44700
8603
30296
53018
14686
52833
34328
10684
9853
21008
2476
17580
39444
23809
70069
4698
45132
78861
18736
37965
30619
53578
6292
36085
60179
4539
69622
46049
53594
26712
23129
39169
46192
52008
61037
4977
52775
35434
8709
27308
66525
27419
13648
49002
78996
72576
41903
26797
40411
16961
6689
4555
32241
13649
61895
63259
39834
29245
63840
17692
38524
72079
7319
1991
35858
24352
27077
67550
59527
48345
64468
54553
37459
14552
8193
77531
46281
5406
5806
13926
1929
64570
35941
52054
20933
44195
7241
70898
46837
22589
38702
26375
57888
692
59383
29663
36283
53710
45328
74853
66742
29549
2463
73846
16957
63191
26084
77767
69739
74132
34819
26556
41789
16298
76650
24142
61888
29848
18771
43485
34969
6896
3952
4843
21492
29303
50179
9332
41094
53177
2408
62688
78181
11698
35437
75230
49780
54109
62391
63903
57736
61107
38171
42719
3810
29842
74824
18409
63409
27751
20840
54479
35194
25971
27801
36673
17322
540
53315
14990
31147
26201
55375
11728
62442
48443
23743
51104
26107
54960
67427
46952
39575
77700
15911
34777
36534
40157
47875
48297
72623
19771
44661
78109
71634
40412
25035
79560
15258
68362
8017
70536
61001
65240
69059
21536
16060
42032
31215
27767
40844
49474
41196
19016
56830
68188
75843
6255
13393
79685
23820
37352
29925
67301
56913
35105
10697
13371
76092
69709
40825
61230
4505
71234
10920
27202
68807
46151
10683
71747
30810
56887
9755
46552
24562
24293
50970
75585
8629
44555
852
68837
21863
51133
53838
38521
15458
16529
21752
69738
67044
67034
23275
43885
6688
8249
26243
58318
12711
