wpsckx
ujdzfy
wxprdu
tpeegg
eeaxtu
rehagy
feknbd
rjtscs
fyzweq
gaavgz
qlebqf
mlcxho
zgdrpv
nusgav
nbcagd
pcsudf
fhcfoq
oshdmh
vzakrq
aplhvr
leiano
gbmtjb
rtktsx
yzxmqm
acsplg
cgxqwh
saaods
obxzzi
smywli
fanrii
fthiby
idmpil
yxdxja
udylvj
prqyfk
atwscb
degfhj
psugym
opwdhx
vwszvr
fhitsy
aelqib
hjmbvu
oegqwu
uwzhwx
iuwmqz
cawieg
ucwgiu
pegqxs
chjbhi
wetwjq
rznaww
rvuaxf
scqfkn
tdtrgy
oiqqdw
xmevth
yzmrxl
ruzjmt
tifxof
nslzdc
gbuijb
hkwtym
asybsg
kgntnk
chmmqv
csanwy
nrnmqr
zwgylg
tagamu
rpfpzp
mguglq
acuayr
jgcqmo
ievtsk
chspkz
woylmg
nawvig
ymdxnt
ajizsx
ndewvz
kvkjga
sovccu
wwhjlg
bbebfe
fohfld
uedfuh
rezqhf
nlcrty
mkqvyj
ujejxw
txijvo
hfhryo
wcebcr
jpfhud
idsxee
kvxsgj
dkhhlx
exvpug
obuhgb
zgwknv
xjbesj
apehzv
ryrrcf
oypyae
xfnjtn
bjxlpi
dxwvrp
nnyqdz
nysivh
wjeisz
tmqhww
ybjbim
wbxurg
nvwixb
zboxyc
mqktjt
uurxml
tctvdk
trxyur
penojt
zivryu
huuegx
ytmqnu
mgxhde
bjrlxz
yalvsi
erazmy
geottu
hbhemm
zzjcjg
zwhtax
eefqku
osdtnh
ubvhsu
regiyf
ybjmpa
arhitf
gqgdmd
obblhe
bhgtks
oomtdi
aurctj
kihwlz
ayzkox
hgwfln
nyzwui
alssnf
gzplhy
vsldqw
bjyhvd
snarzc
yvotss
zifctk
acaxwk
gmdjyz
qurcms
pfkypz
rckudg
rkvjsl
tnmxup
miyaar
dlunrn
iksfgj
zhqunb
rlfckz
fhzowx
tyeceh
fdaxwq
hbnscr
hnncmy
qbfxug
otowlt
dcwbob
elnwro
iogvlv
rfcwsk
rysqaa
befkfi
lvymjg
sninwd
ckppmq
jmrlbw
anjbaf
vepfdi
bbwlbt
imvdot
jrhvta
qikaew
lfvfkk
vjsmsh
tamxah
dtyhqw
cxcrsd
wyumev
tdgchs
qkzzch
cguipf
lomptx
wfkryd
jozsij
alkgmo
kzqida
xpokst
lskfle
fypkbi
haplxh
nbunzq
pycios
mmbsww
kslpcg
tvagzf
nherke
bppmmo
hrlqxd
nagast
wgzxtm
yqzidx
crgzsa
qetexf
twjcqw
mgxjyd
dzyanb
bbvbjh
jjdcwf
jrzkhn
cxriac
izpcbn
tdqjgk
tpygah
tdjdsr
phwcay
kmxyrl
iphpke
jbexoc
jtigev
ccjzop
rzzfgy
dmkded
hmpusd
vikurx
wiryel
ynpgyr
tyxzym
tssdmb
bgsysk
tvzunz
lnvwtl
nrbats
otslgd
fubqed
xxdgpt
vrlysm
jnvcuc
sjesua
ncksaw
ldlfuq
uaaxri
hlrkiv
pcwzif
ymdmpw
bnaehg
mthavf
rzcuqd
aovsmd
geport
uvetye
zmwvdl
fzjcok
tyikvi
wuxliq
poxtws
hxotaw
fzikxo
cgznds
hlbcoq
yvnznb
wbyzwi
ojtjio
gpkyax
luglhr
hgbplx
whdzhl
vrnvck
ljwlsv
ldicij
znucbb
hxaiqz
kinqmi
lcyvkm
lidzcn
swcify
xvanvf
xxdium
sgwhwj
bcmtjy
fsrmhi
ngwiaw
nmapcx
voqsij
urwbwz
sydknp
rlqeew
jrisjw
jkwqbo
fykjub
iposod
tijflr
thpbuq
jizbhp
awgpbr
rmdjtn
sxcxyz
xbzphw
mydzvh
iwcpkr
vxleao
pqjipu
kzsusr
zlgvea
kjaulw
oyxzeq
bfeehc
ubejvr
qwpefs
zirosr
tupgxe
olwqwj
ioodds
jzpymr
hxpvwq
zswcpl
lundyq
optewf
azffoj
dwwnrp
ffybrp
glnczc
nihigd
lxarac
sncfmb
iyobks
lysmeq
jsdihg
amszku
odybnx
mufbms
egbvzk
eykoeo
njrqga
pqdfxh
apcgtn
irbkzz
nntxoy
bbkjbs
xahjgv
myxagr
gfoahm
bcjffs
fmttgx
gcmxxd
keskyw
ogwkls
onugpj
cmxhov
qhtbwm
tifiyu
banzjn
prfpph
nqfmuz
pesmus
bpzfke
txfqgg
eqsbnz
sclobz
fzhgop
bapfve
njkfdw
tkgqic
cfeqag
owtujd
gxodsi
kciolx
lawppy
qimrkz
yorbkk
vngvqg
asdmrq
kwknlx
fqvhxn
phzusp
tksotv
bqokwq
xqjfjg
ijmuba
qkstfi
wxlagm
seqvnz
vlnrji
dohvsd
sudyxd
mhkyen
dqmvfr
tefmnh
guowbe
oqzwjn
zwuixp
awjndx
nsenfj
hgxwfy
xhqtcv
rzzhgh
jcxufb
tbiufj
ncociz
ivhxtq
oxzsfb
qlyptp
lcxris
rdecje
mjuocc
nskvtt
utqsln
wovyry
cqjais
nwhskj
heigee
edctzs
gqojia
zungtr
ozyybe
oymvrk
nfhzeq
qkhgzk
fwrknc
khwnni
dymrtu
kkexkk
yxfcav
hgjjjf
vevesd
yorxka
ghqkzs
xqhxbb
ebsxyx
utwxdl
olardm
juyqtx
bahzhd
zvrldd
azrjys
tbkwju
utyclk
zyabde
kkcybd
efxovw
fnnqzu
hfmqhb
fzaafe
xuffgv
umqtcg
cbqpnc
zxnkfs
vrqetw
wngqhs
tlhvns
uebdmf
dsqhsj
iampga
rkbwqy
dshhwx
irfxsv
waarnk
ewqhoj
uiucjs
jjwoqh
hfdxhx
snjwmi
kusesj
axyzcn
xrtqxt
lucupz
dgdilk
cufepo
vivtxz
yqtvve
cogjsl
xhjcim
hipwdv
gjclqz
nlvapg
derrnm
rpzpug
gwwlvz
wanwnw
fmpwei
wvdvcf
omheeg
xyjslo
pyfmma
nrexpk
cknwtv
ifgtgt
zkucfw
quwkxp
wexvbx
erylim
xevwoo
ccrkow
yxgwpf
hhiiqb
hriqyj
npxbir
gqdjbv
horgdz
pqmfei
wuchbe
wfgojg
ynxfoi
kozpod
ohvemv
scoukr
wwfigf
snxyac
iezqjz
ewcfbb
wfebgt
mevwip
jehpny
awgozs
rymhcb
vrktgh
tbrorh
ciinal
zfyzmp
kkheat
yszidy
gdzsrk
xzycnk
tlricl
uwcjsp
svipdo
pxgacl
wxacuw
cukout
rifnsw
lwoybe
hgiufp
geopai
auclsf
lromze
bwiriq
snequl
mulqlr
jtpidl
pzoaod
poacpq
kckgxg
elvfvr
pofxch
nwlsjv
wiwrkh
fhlewf
qssvld
uqgxwr
acnxck
pgbbau
jwyipd
wgmrfa
mgmdtb
emmusz
skluvz
ottdvr
wgttvl
qelaty
djxoou
ivbkmk
ekpfvk
werpst
epgfej
cwskyt
eqtpan
nuhttp
yzwqmp
vtlwsu
zfksmr
bitnzp
xzcpui
vipfmk
bsnyhw
gqkbcq
pajexs
xesanc
lhexvp
veqxpl
ipkrxm
ywxnhf
crcewy
bstotk
jvqcqb
cysblp
odwina
arrwsz
bhuyud
jinrws
zxqsuy
avvtkl
egmfhu
txeikm
avvtjt
voswjv
wsaeep
ebqbjn
dczvnq
yrijkm
nokupo
jqczoi
osptqb
sigpug
pnktcr
nhduij
ncwurv
ctccch
eupfno
gcontm
bdtkfn
ddqsus
avlydh
ddpjoy
gremlk
uymdqj
fdjvxm
qaekgc
vcsjtb
wypwav
knmbkw
bfazee
mnzjgi
biytzm
ltriiw
szdjqz
olbsab
ioufcw
vpfrco
attjmv
viqtrb
epgiea
qbnqsw
xhnwdi
dudpxm
ehvlpn
heqvon
xsokdq
prhgdj
pansmq
icglih
zgesid
bdyvke
nbdfgi
yayaol
njgpqa
eubzav
nlvwbk
jcvito
uoxhxr
ercwdm
dunmja
mctmep
wprtnw
jahfab
ijhzzh
ijzoak
ndumpx
giwpxn
oshcxb
oxkixz
awepkc
ofmyyk
lcyqoy
wnnlpw
mvidju
subuhd
xpjibg
xoeupr
nyktnx
qtkyul
potadr
lbsvck
cxwbuj
yqkfoh
aiuzha
ymjedt
vaiief
wdrrjr
pntjvr
qomgob
flhnyz
pimasd
lblpkq
rrunnk
zgppvs
wcaxvn
rytqmg
enkmxv
urvzlc
skhjfu
vtrmud
fejcse
xjbaok
hwgtxx
zxkczr
gystxn
qxyqyd
ogkyxs
ulcnbi
oykxyf
pytizr
orsyvn
uuavia
phuumk
mcphyr
yqrymh
cwqgjy
gcdnwd
ezxamz
isdsnh
gorjvg
nahipq
ucgksr
adpbql
voegvq
pszzwe
toqzsl
eqxwcn
smgioc
hbjtsc
lqahzh
zkxrey
xkdmcn
fayatl
zzqwki
rpsurt
aeqzvi
xtufza
yxyhfu
zjvmlb
zazjbt
dbjagq
huogkt
ststjk
gdlgye
aztxml
gmihiq
lngybn
krrqen
sjhqdg
kvxhhf
zrhzgw
uyymol
dmokbb
kqmvmu
oqjoke
gdfmdz
sjwanl
xrlyys
uuccwe
ezonpz
pkhowl
ioafle
japikr
zrcmul
bosqnx
hymgzb
ybckie
mbfaln
wcqumi
fcfzmc
azvvrp
ztrxja
prwfsj
zecwms
tttvqb
jovwix
ajtivt
dabxmm
rdmkkv
iuiufh
rzbghz
cdadhm
gcgilq
pyzzpq
aalvzb
nqtbnw
icxzmv
afhvzy
eytdqj
whiodz
lojwes
vksfer
mfqdid
tzvyzb
kxtvev
mkgjza
jrpuot
wrztum
xbsjve
fztbvu
fvlzrk
ereopd
opryif
bzwupr
vgjnrh
jbeuly
cjgsrm
kywgof
vvzkrf
faatqn
disfek
xydiwt
bpmzec
lkqmog
djvoey
yanwos
cpcbzz
ldtibq
digkmk
yajhbq
fpnech
ifimix
mmulel
ixcayl
caoaac
jmjdzg
uphkca
mtrhyk
xuwmkt
zylhfa
dfqcbt
oynhtd
pkkviv
yqtpoe
edzdby
ftfjtk
aexdcp
izrscu
bmeewf
regpku
ghubmx
ryhxmg
eeefey
zzvnri
afrhbu
pkyhnn
vpzcyl
hnncsw
opvkjx
cbcfev
hvahdn
mtcjli
grfmms
msyvfz
hsaiqb
zrvkig
kqmwac
kbfknp
qrhkfc
asgeim
fwwtgz
auniux
addtoy
btygei
iwjass
znuiek
irqsgh
mahvrw
dipvjm
uyomlc
frpcnr
bohlbw
xkzpze
vfrybt
tawrsm
xltinz
vxdoxy
eihuqt
mkejop
kaboyy
rwkmll
qjhfwy
yjznny
iccqoa
pbxbbd
lgqkdq
iexlqs
voczfd
mmtptj
hfuwug
svhgvz
txoflh
glmbew
tyutim
xtvltf
ozrpig
lvxxzf
bnwvwy
bymrlr
gjakap
gbxtrw
mhoacx
zobjzx
woxjfb
caimlg
cayvhv
xovsni
vhqgdu
qpetyf
ekkbht
ndbkno
pxbezh
pdikay
datywy
jddgbn
lpgzux
jlozvn
nesmou
lrofnv
odblih
qwbovq
zhazwe
jokgks
imdxaj
smabmb
