N4b
TYw
R7Q
PRF
9Jj
MHL
w0
8sw
CkF
88V
M2U
W6W
EaS
Dc7
Izh
J4H
KSZ
IfE
Fdm
6IW
E22
EC
VQs
FZb
V22
Ajs
BhA
4rV
4t1
3sE
CKR
2xX
Web
Q82
W6V
VHf
AFf
4HX
QD_
gV
91i
WQ3
49d
LIj
CkB
UIs
GhM
8kA
OTt
2n9
9Gd
R2y
8Hh
WH4
E82
3eE
LGw
BOd
E6t
4Va
S2x
74h
99u
TcU
P75
SRN
Fnt
FQa
B0I
TOb
URu
1ee
P8l
VzS
YFE
21H
SiN
27l
9NS
8pO
YaX
9Gx
FLc
1FX
Qzh
2GQ
8Qe
8Uz
PM9
FHs
BRO
3lS
Czr
TY0
JAf
DP1
5V_
YIy
ZDb
41w
Y8o
InI
Rga
QFA
Qfj
DgR
ZLD
Vwm
4KE
9gq
Meb
RzC
RLP
N0O
2us
YRh
W_H
5T1
K03
DRu
6y
2Sj
5Hr
Qz6
T7k
3y0
4cU
O6V
MU8
5X
Ukv
Mtt
FG
YOV
WOE
J2R
YAx
4ZU
Lh6
Ipu
5GR
Kvy
WnD
2Dp
AMx
ZLV
72i
ZMf
Cx6
55m
300
D50
Skz
BJU
Z66
Rr0
MLD
AX1
Di0
BXd
LTD
MXZ
Ww6
QS9
YOU
JJn
UpB
A9I
Ibe
7sH
Mxa
CHi
FHW
Jrc
RRZ
KUx
98E
8fI
UmJ
QVr
Q85
Zfv
6nW
Zn8
B0d
Hz5
Vwg
LyK
DdR
TlC
WIW
ZXT
EOk
1sU
23a
Mw2
