53748
64727
54832
10544
7541
4004
43056
63014
34785
35272
50109
26098
9999
39944
7483
57766
45950
51906
14435
62395
4328
41223
11530
26371
35018
60938
64659
18884
18583
69036
54077
11641
18887
44435
56228
44914
147
6153
1137
32462
10817
31689
57925
12888
60334
46811
56900
1866
67207
23644
48922
51290
15642
62560
53815
51970
48938
61420
65808
53295
22136
32799
9219
33897
32935
50799
55205
54385
38735
35649
62589
3659
9122
42017
24306
2482
9076
28444
42978
20338
26462
24349
7404
30711
13352
28529
39206
9345
1311
50563
