28
36
42
54
115
90
7
95
184
27
151
123
8
213
165
247
58
233
201
207
192
279
273
345
231
386
336
52
327
405
163
417
333
473
459
287
482
416
415
257
438
435
478
506
541
504
523
580
583
215
526
595
447
550
521
546
618
767
768
510
744
661
603
627
784
829
485
836
628
796
773
854
800
738
928
878
900
929
834
700
782
960
961
860
788
997
1053
1001
963
1060
984
1061
946
1087
1046
1076
1139
1026
1170
1124
1211
1203
1151
1196
1297
1343
1226
1216
1299
874
987
1363
1419
1263
1353
1425
1384
1108
1405
1416
1504
1423
1480
1526
1520
1472
1126
1449
1265
1495
1629
1538
1626
1674
1536
1564
1592
1476
1787
1707
1648
1493
1616
1801
1833
1849
1776
1875
1950
1906
1991
1996
1587
1712
1998
1706
1969
2022
2005
1961
2044
2011
1725
2009
2079
2054
2085
1999
2158
2028
2096
2008
2073
2148
2099
1850
2225
2199
2217
2252
2238
2253
2266
2262
2269
2275
2284
2227
2171
2181
2286
2164
2289
2332
1922
2338
2157
2288
2292
2323
2381
2376
2366
2416
2360
2478
2333
2244
2327
2438
2554
2246
2573
2599
2606
2545
2364
2440
2625
2675
2713
2704
2616
2590
2746
2726
2622
2540
2660
2748
2824
2763
2455
2761
2892
2908
2498
2911
2851
2922
2331
2947
2934
2853
3080
3072
3064
2743
3098
2765
3129
3032
2729
3070
3145
3148
2941
3125
3144
3088
3133
3185
3201
3117
3234
3179
3236
3184
3111
3204
3267
3270
2770
3301
3323
3192
3216
3324
3164
3347
3344
3240
3285
3252
3386
3401
3458
3388
3286
3418
3294
3496
3350
3382
3529
3531
3468
3428
3528
3172
3485
3579
3601
3546
3491
3552
3500
3675
3549
3682
3649
3645
3679
3560
3494
3577
3379
3660
3744
3931
3868
3861
3680
3934
3974
3875
4001
3702
4037
3752
4053
4033
3876
4066
3972
4069
4115
3728
4140
4084
4149
4153
4190
4125
4173
4192
4114
4205
4014
4059
4141
4235
4300
4280
4263
4207
4347
4364
4371
4304
4249
4193
4106
4378
4420
4408
4412
4398
4461
4519
4110
4350
4583
4593
4424
4481
4601
4285
4511
4527
4620
4652
4463
4433
4744
4598
4726
4649
4665
4817
4683
4787
4756
4837
4707
4642
4354
4875
4880
4894
4768
4813
4914
4859
4936
4852
4945
4840
4952
4900
4912
4850
4986
5041
4893
5033
5044
5074
5034
5015
4977
4996
5076
5113
4913
4854
5071
5079
5100
5124
5135
5186
5152
5122
4932
5086
5167
5248
5226
5089
5229
5269
5329
5166
5313
5331
5259
5117
5336
5279
5363
5396
5214
5196
5341
5056
5451
5236
5469
5487
5464
5499
5465
5507
5369
5561
5578
5375
5582
5468
5627
5573
5419
5569
5635
5339
5735
5668
5356
5640
5672
5726
5785
5607
5850
5822
5814
5870
5811
5828
5740
5812
5932
5862
5938
5946
5944
5952
5471
5992
6000
5895
5556
5953
5917
5763
72
124
110
129
5967
144
76
174
156
158
149
64
5907
232
190
5965
224
323
335
177
358
116
343
399
372
401
70
432
450
109
222
499
384
497
467
434
577
241
508
515
630
660
475
609
657
690
612
443
682
584
726
673
727
695
716
759
734
762
769
797
811
487
801
731
760
812
831
826
813
875
742
446
676
841
904
906
952
957
862
735
1016
1029
1032
988
942
918
940
1055
868
974
781
1155
822
1157
1085
996
1192
1164
1219
1213
1144
1084
1217
1193
1246
1328
1236
1350
1119
1396
1166
1109
1370
1400
1159
1375
1415
1461
1326
1329
1466
1464
1537
1418
1544
1541
1338
1498
1563
1535
1620
1551
1516
1681
1483
1683
1594
1571
1502
1713
1653
1591
1721
1735
1687
1774
1771
1295
1717
1843
1741
1790
1804
1861
1742
1911
1876
1862
1948
1810
1910
2030
1973
1891
1918
1573
2036
1984
2045
2080
1765
2059
2119
1894
2155
2185
2118
2162
2168
2198
2029
2040
2121
2258
2256
2312
2236
2272
2197
2330
2264
2362
2319
2387
2203
2263
2359
2374
2399
2325
2449
2471
2444
2529
2486
2070
1697
2477
2481
2210
2547
2578
2592
2463
2589
2542
2567
2558
2598
2610
2367
2620
2487
2617
2734
2723
2574
2708
2633
2611
2686
2780
2669
2794
2751
2805
2901
2854
2915
2802
2898
2880
2912
2825
2937
3023
2860
3014
3046
3094
3003
3055
3104
3109
2996
3130
2624
3163
3076
3208
3089
2850
3199
3245
3224
3227
3279
3228
3266
3200
2951
2656
3101
3264
3222
3330
3364
3282
3317
3300
3438
3445
3280
3283
3389
3501
3132
3336
3518
3296
3504
3536
3595
3391
3594
3308
3570
3703
3441
3629
3723
3742
3726
3733
3573
3753
3765
3695
3778
3596
3762
3842
3676
3827
3575
3865
3653
3711
3837
3904
3786
3878
3761
3960
3835
3850
3862
3965
3982
3967
3984
3977
3925
4081
4010
3936
4144
4089
3906
4091
4038
4150
4201
4209
4166
3990
4146
4179
4254
4251
3991
3907
4313
4244
4036
3994
4210
4270
4162
4383
4324
4423
4425
4220
4441
4431
4444
4432
4355
4459
4361
4497
4407
4546
4514
4342
4608
4484
4636
4479
4581
4618
4493
4709
4680
4628
4684
4609
4591
4468
4736
4858
4795
4728
4757
4876
4891
4440
4819
4826
4885
4863
4791
4666
4896
4998
4990
4637
4957
4961
5014
4922
5046
5048
5011
5082
4992
4928
5088
5091
5129
5094
4905
4999
5218
5159
5227
5001
5197
5250
5252
5249
5274
5045
5291
5216
5066
5163
5333
5311
5282
5349
5299
5318
5368
5357
5335
5283
5273
5360
5416
5281
5210
5501
5490
5141
5508
5418
5409
5528
5520
5600
5541
5525
5410
5633
5521
5628
5400
5603
5625
5707
5645
5646
5651
5485
5761
5473
5756
5722
5637
5749
5747
5462
5681
5809
5798
5767
5853
5782
5973
6
5793
5827
20
34
5776
5791
5823
31
128
111
43
171
191
5616
131
251
5878
206
114
5981
298
139
308
289
353
230
301
406
94
55
385
329
312
419
411
433
477
414
483
437
468
534
445
494
481
568
570
579
601
341
567
410
638
644
507
650
574
586
647
697
571
640
5848
652
732
737
692
751
843
832
902
675
687
850
926
498
923
715
907
968
743
977
975
711
1014
1028
856
883
1040
905
970
982
1045
945
1057
1051
1047
1096
1030
1189
1107
1153
1195
981
1214
1252
1278
936
1300
1334
1281
1314
1356
1438
1288
1386
1364
1135
1446
1463
1367
1471
1540
1238
1421
1469
1501
1379
1569
1382
1499
1550
1602
1556
1478
1688
1675
1704
1727
1613
1734
1561
1762
1622
1647
1719
1791
1775
1612
1818
1873
1838
1825
1889
1893
1731
1907
1793
1494
1881
1916
1926
1970
1981
1954
1943
1887
1934
1983
1745
2010
2050
1716
2067
2048
2053
2133
2023
2065
2103
2068
1927
2160
1733
2245
2230
1817
2237
2204
2172
2303
2274
2291
2182
2372
2154
2383
2124
2377
2304
2308
2431
2380
2354
2344
2473
2004
2494
2419
2552
2500
2414
2395
2546
2623
2560
2536
2446
2551
2772
2538
2595
2582
2752
2835
2842
2586
2690
2804
2870
2596
2861
2736
2961
2819
2954
2973
2790
3103
3123
2759
2984
2959
3047
3078
3210
3113
3247
2796
3174
3177
3215
3304
3143
3298
3299
3316
3196
2855
3405
3469
3349
3492
3314
3217
3540
3533
3599
3581
3522
3407
3627
3545
3439
3346
3613
3354
3689
3775
3717
3648
3792
3696
3791
3759
3619
3776
3822
3828
3732
3843
3809
3738
3813
3849
3826
3853
3832
3908
3951
3831
3900
3886
3963
4032
4039
3981
3893
3896
4079
3275
4061
3251
4047
4158
4159
3804
4163
4161
4164
4108
4167
4065
4199
4200
4248
4286
3976
4225
3993
4168
4299
4341
4292
4226
4126
4365
4375
4176
4450
4303
4331
3863
4316
4340
4483
4504
4456
4466
4542
4502
4503
4385
4568
4561
4512
4678
4644
4486
4702
4538
4690
4631
4564
4763
4697
4836
4839
4760
4807
4902
4574
4415
4908
4771
4948
4855
4982
4500
5007
5006
5110
5004
5153
4773
5154
5077
5178
5084
5008
5188
5189
5165
5190
5043
5181
5143
5231
5191
5286
5183
5242
5162
5310
5258
5376
5194
4758
5374
5237
5417
5436
5300
5382
5439
5288
4518
5531
5545
5534
5157
5456
5433
5565
5566
5496
5609
5612
5384
5601
5587
5656
5513
5546
5320
5624
5665
5377
5770
5708
5792
5615
5805
5838
5816
5567
5692
5694
5869
5618
4
5900
5854
5948
5987
53
5675
5787
18
122
99
5775
133
214
80
5942
40
125
216
208
5991
137
237
218
291
300
290
187
295
239
219
367
347
320
248
378
371
331
383
428
223
330
512
83
400
321
538
540
255
617
474
596
619
556
658
453
500
646
590
664
707
729
662
770
398
685
623
793
819
849
858
581
789
895
882
745
709
899
910
934
944
496
877
964
950
971
912
915
990
1033
966
817
805
1037
1056
1048
698
1005
1027
1067
1042
1099
1130
1075
1146
1106
1052
772
1162
1177
1143
1204
967
1100
1234
1094
1191
1247
1292
1284
1306
1279
1349
1357
1402
1351
1249
1414
1406
1200
1489
1220
973
1324
1175
1581
1667
1539
1427
1682
1167
1730
1340
1481
1458
1798
1646
1772
1720
1670
1694
1631
1886
1883
1968
1795
1987
2007
1896
1912
2051
1512
2069
2074
2062
1869
2091
1951
1925
2055
2034
2097
1872
2129
2170
1868
2146
2098
2088
2207
2224
2183
2243
2149
2297
2039
2232
2285
2219
2287
2271
2189
2298
2335
2390
2316
2443
2313
2324
2468
2480
2484
2150
2457
2507
2404
2527
2490
2179
2603
2549
2631
2489
2579
2413
2697
2407
2725
2698
2658
2747
2767
2756
2346
2745
2800
2491
2696
2673
2859
2828
2684
2863
2779
2883
2789
2889
2906
2679
2943
2867
2877
2970
2787
2900
2871
3017
2823
2979
2923
2955
3067
3045
3131
3071
2806
3013
2865
3160
2948
3183
3162
3124
3193
3249
3181
3135
3322
3012
3053
3313
3302
3356
3377
3187
3404
3366
3239
3371
3361
3221
3307
3457
3502
3495
3487
3406
3506
3397
3541
3278
3535
3532
3384
3606
3561
3514
3553
3542
3626
3614
3567
3505
3693
3634
3722
3721
3789
3720
3498
3847
3885
3772
3654
3739
3646
3615
3409
3937
3966
3916
3929
3889
3940
4074
3427
3947
3987
3891
4085
4006
4152
3978
4171
3983
4112
4116
4189
4219
4216
4206
3799
4135
4256
4283
4228
4202
4320
4237
4253
4298
4387
4142
4267
4333
4382
4413
4421
4352
4399
4180
4430
4449
4429
4473
4448
4482
4388
4478
4464
4357
4436
4462
4584
4485
4245
4610
4616
4615
4632
4654
4549
4647
4681
4597
3819
4753
4565
4704
4426
4688
4611
4532
4799
4783
4808
4794
4762
4871
4774
4738
4674
4918
4954
4797
4980
4931
4882
4827
5018
4843
5009
4967
5068
5075
4970
5119
5016
5069
5126
5055
5173
5172
5223
4923
5205
5204
5253
4535
5171
5232
5290
5297
5319
5323
5371
5284
5412
5343
4765
5193
5547
5261
5385
5051
5555
5562
5549
5599
5137
5552
5389
5657
5659
5670
5596
5685
5710
5452
5537
5435
5632
5725
5714
5654
5790
5794
5372
5644
5868
5718
5892
5861
5876
5585
5795
5786
5752
5949
5894
5903
5918
5781
5951
5966
25
5896
5984
5934
48
39
32
23
5797
84
101
81
113
173
105
77
180
183
152
175
106
49
227
98
92
277
203
196
225
5911
266
292
379
382
185
407
412
307
286
264
376
313
427
425
181
429
334
426
436
588
283
569
424
545
671
404
519
684
704
608
607
696
639
572
476
708
516
791
633
804
777
718
754
722
803
806
823
863
901
916
880
914
746
710
933
920
741
949
959
986
1008
954
935
932
978
1058
1077
824
1105
1023
1072
1110
1112
1034
723
814
1071
1142
1082
1111
1079
1172
1160
1149
1131
1212
1018
1128
1127
1251
1169
1245
1289
1267
1336
1372
1197
1318
1233
1325
1180
1393
1248
1442
1308
1487
1445
1422
1491
1482
1510
1529
1479
1505
1443
1440
1521
1524
1531
1228
1596
1588
1606
1623
1627
1567
1605
1545
1632
1617
1649
1547
1661
1666
1701
1407
1650
1565
1303
1695
1813
1842
1809
1654
1844
1847
1815
1878
1897
1867
1751
1580
1938
1899
1764
1953
1635
1977
1979
1808
1978
1933
1992
1837
1852
2056
1958
2072
2017
1986
1967
1946
2107
2128
2061
2047
2111
2201
2013
2165
2259
2265
1960
2223
2301
2318
2100
2196
2370
2315
2378
2418
2397
2122
2328
2425
2424
2352
2451
2141
2436
2452
2467
2458
2273
2437
2450
2493
2488
2221
2634
2585
2357
2521
2608
2257
2476
2577
2420
2639
2689
2707
2635
2699
2663
2711
2703
2784
2659
2830
2510
2661
2843
2678
2739
2896
2881
2812
2737
2919
2985
3020
2650
3036
3021
2764
3016
3056
2998
3039
2844
2904
3090
3167
3121
2862
3180
3066
3207
3261
2944
3038
3171
3380
3375
3402
3360
3425
3060
3116
3127
3334
2809
3432
3390
3353
3466
3476
3455
3550
3556
3355
3513
3519
3584
3588
3578
3543
3431
3568
3607
3622
3656
3667
3686
3479
3515
3524
3586
3706
3737
3621
3684
3659
3700
3780
3751
3671
3697
3781
3763
3694
3839
3725
3734
3794
3898
3824
3881
3912
3814
3810
3894
3919
3918
3938
3757
3758
4008
3964
3913
3914
3897
4041
4031
4021
4000
4002
3997
4027
3903
4068
4130
4145
4064
4172
4118
4103
4197
4050
4096
4170
4185
4247
4224
4307
4344
4212
4406
4233
4419
4093
4351
4327
4281
4295
4272
4489
4476
4453
4508
4533
4492
4458
4522
4531
4178
4537
4566
4551
4377
4580
4467
4658
4469
4669
4589
4523
4694
4653
4656
4641
4638
4779
4701
4689
4712
4660
4785
4803
4588
4721
4851
4866
4892
4888
4816
4832
4877
4805
4938
4706
4984
4973
4981
4540
4834
5023
4987
4897
4983
4989
5049
5070
4780
5013
5065
5130
5080
5102
5140
5127
5155
4979
5180
4985
5195
5220
5179
5260
5090
5266
5200
5309
5057
5292
5334
5207
5367
5403
5449
5312
5289
5454
5317
5450
5247
4925
5271
5504
5577
5383
5563
5437
5602
5345
5476
5568
5576
5634
5631
5589
5512
5629
5688
5720
5682
5626
5736
5697
5669
5753
5689
5488
5844
5959
5927
5757
5621
5774
5733
5961
5974
35
14
74
79
5715
68
89
5954
5802
117
71
243
306
127
51
5983
421
159
282
5605
442
316
457
495
344
303
493
531
449
509
553
472
439
549
635
369
674
558
643
689
702
582
808
548
794
840
852
876
816
763
897
884
542
838
678
5971
979
713
951
953
102
1059
1021
1117
1123
1074
1015
1132
1103
1171
1118
1207
1209
600
1202
1165
1237
1095
1258
1275
1221
909
1316
1230
995
1290
1339
1259
1403
1362
1310
1371
1355
1241
1437
1434
1335
1264
1468
1433
1522
1486
1003
1518
1575
1599
1408
1607
1528
1611
1555
1394
1566
1411
1705
1553
1409
1618
1744
1748
1700
1686
1710
1608
1786
1728
1805
1664
1853
1826
1866
1871
1890
1788
1858
1796
1455
1908
1928
1885
1892
1937
1957
1932
1949
1997
1823
1709
2037
2024
2038
1923
1921
2112
2063
1898
2144
1829
2159
2180
2151
2200
2205
2206
1982
2106
2234
2231
1990
2226
2108
2249
2322
2341
2102
2326
2358
2240
2429
2417
2408
2432
2442
2134
2248
2460
1689
2465
2474
2475
2479
2505
2482
2525
2563
2506
2447
2539
2530
2629
2283
2509
2653
2594
2619
2657
2655
2647
2670
2117
2649
2744
2299
2774
2769
2668
2738
2665
2773
2829
2833
2821
2827
2891
2817
2914
2916
2565
2971
2569
2818
2694
2837
2430
2930
3010
2910
2977
3043
3057
3073
2987
3029
2994
3035
3063
3062
3040
3082
2965
3165
3091
3105
3173
3112
3186
3226
3106
3242
3141
3213
2993
3223
3332
3315
3352
3376
3077
3244
3329
3434
3442
3414
3312
3443
3436
3243
3451
3341
3422
3398
3342
3392
3450
3456
3467
3508
3525
3527
3483
3447
3534
3582
3665
3572
3643
3673
3583
3554
3677
3705
3473
3636
3777
3796
3715
3490
3816
3829
3716
3858
3480
3877
3864
3745
3902
3882
3866
3928
3955
3958
3798
3922
3830
3961
3770
3998
3985
3463
3970
3754
4042
4024
4035
4063
3750
4100
4073
4122
3954
4101
4048
4211
4227
4156
4230
4107
4105
4018
4187
4259
3933
4306
4314
4282
4348
4288
4191
4343
4372
4321
4136
4311
4276
4509
4154
4443
4452
4338
4460
4555
4472
4427
4455
4614
4576
4539
4545
4621
4613
4710
4716
4381
4585
4675
4645
4557
4685
4741
4824
4801
4596
4587
4798
4853
4848
4846
4788
4752
4911
4904
4955
4814
4872
4947
4994
4959
5020
4946
5010
5029
4755
4997
5039
4874
4841
4831
5128
5035
5185
5139
5038
5158
5187
5224
5233
5176
5170
5209
5240
4823
5235
5295
5328
5330
5083
5096
5342
5401
5405
5380
5303
5440
5446
5430
5402
5264
4971
5398
5529
5533
5478
5422
5301
5557
5522
5535
5211
5268
5474
5559
5690
5614
5717
5738
5459
5686
5617
5758
5807
5584
5837
5810
5839
5760
5661
5699
5744
5517
5915
5766
5873
29
5945
62
5818
118
45
5746
153
85
5950
5843
132
155
161
170
5960
78
234
167
157
16
169
200
246
57
236
238
205
299
261
337
342
228
272
256
390
274
391
346
278
395
322
431
393
462
420
355
361
471
479
502
202
488
440
490
529
514
314
592
489
611
554
552
648
535
455
683
649
677
561
656
564
747
637
758
636
693
783
672
807
774
719
892
699
846
837
947
844
917
766
922
958
948
1098
1141
1125
458
1173
1187
1081
1090
749
1232
1185
1019
1272
1225
1069
1257
1218
1240
1341
1304
1277
765
1365
1198
1368
1352
1366
1261
1068
1450
1346
1457
1474
1374
1517
1503
1376
1475
1583
1576
1586
1330
1532
1633
1312
1508
1638
1509
1562
1656
1507
1601
1641
1794
1749
1773
1722
1806
1812
1839
1659
1863
1848
1643
1870
1920
1888
1778
1959
1964
1832
1777
1985
2001
1966
1625
2018
1895
1972
2019
2084
1963
2113
2130
2176
2188
2104
2173
1597
2254
2293
1831
1841
2282
2294
2255
2342
2311
2337
2089
2241
2347
2132
2235
2363
2456
2405
2379
2513
2470
2514
2409
2410
2515
2556
2086
2570
2368
2571
2604
2602
2469
2643
2648
2637
2654
2644
2411
2695
2329
2706
2733
2568
2687
2555
2754
2683
2680
2766
2777
2808
2758
2349
2762
2872
2886
2630
2795
2925
2848
2890
2615
2939
2834
2866
2988
2926
3000
2721
2749
2874
2942
2967
3026
3048
3028
3092
3115
2995
3142
3058
3152
3001
3033
3159
3206
3108
2966
3158
3110
3024
3265
2999
3257
3288
3225
3272
3147
3368
3340
3420
3328
3357
3387
3444
3448
3424
3530
3539
3544
3548
3564
3268
3253
3565
3547
3430
3446
3597
3256
3612
3146
3602
3593
3598
3708
3707
3590
3574
3730
3691
3678
3743
3195
3821
3768
3747
3787
3870
3603
3841
3709
3808
3915
3327
3945
3942
3888
3846
4019
3895
4070
4077
4083
3996
4071
3969
4088
4104
4139
4175
4087
3838
3797
4208
4188
3647
4095
4072
4238
3956
4182
4213
4271
3932
4097
4336
4214
4301
4386
4393
4400
4374
4195
4294
4349
4501
4510
4499
4241
4442
4438
4396
4221
4529
4520
4391
4560
4579
4571
4543
4517
4575
4454
4530
4603
4646
4699
4622
4648
4619
4711
4626
4737
4717
4769
4781
4761
4599
4516
4750
4844
4789
4811
4869
4315
4604
4802
4766
4883
4881
4890
4782
4895
4937
4942
4919
4915
4920
4806
4790
4944
5025
4847
5000
4868
5123
4976
5151
4917
5131
5198
5019
5147
5192
5201
5058
5245
5344
5208
5275
4927
5314
5394
5438
5219
4993
5116
5199
5475
5347
5472
5482
5426
5386
5492
5461
5455
5619
5622
5526
5676
5683
5393
5664
5502
5700
5704
5572
5524
5518
5742
5432
5748
5727
5834
5831
5880
5662
5874
5732
5897
5921
5852
5939
5923
10
5641
5777
5696
5955
37
5910
17
60
67
50
5698
5835
5988
199
5968
119
178
229
262
168
265
226
259
294
288
135
245
325
209
377
305
351
24
338
448
402
309
413
501
297
452
275
532
555
368
585
466
360
528
470
594
380
573
606
641
560
418
598
725
778
714
625
527
792
681
828
842
798
724
864
893
663
616
827
787
866
593
998
991
888
1009
930
1020
1036
679
1044
911
1038
994
1017
847
1050
1086
1041
1121
1097
938
1064
908
1206
1062
1138
1182
1208
1222
1183
1242
1298
1065
1337
1049
1373
1273
1426
1255
1215
1093
1113
1383
1465
1519
1533
1557
1315
1404
1572
1582
1546
1595
1473
1496
1401
1452
1322
1462
1657
1559
1614
1600
1714
1630
1676
1642
1732
1708
1729
1756
1803
1767
1743
1846
1619
1877
1579
1902
1763
1857
1913
1882
1935
1955
1770
1807
1711
2006
1836
1715
2137
2026
2166
1929
2169
2209
1783
2152
2215
2251
2193
2229
2211
2016
2290
1942
2120
2343
2350
2310
2334
2031
2361
2268
2353
2369
2260
2351
2371
2400
2392
2340
2401
2466
2355
2524
2375
1988
2472
2626
2519
2642
2523
2605
2453
2674
2427
2646
2607
2688
2664
2693
2712
2561
2557
2600
2717
2662
2785
2716
2753
2755
2778
2730
2814
2879
2811
2876
2732
2728
2882
2929
2846
2897
2969
2928
2816
2957
2962
2992
2905
2997
2841
2989
3049
2972
3069
3084
3005
2832
3099
3100
3030
2932
2963
3114
3168
3188
3051
3086
3231
3202
3156
3263
3096
3219
3269
3238
3326
3176
3318
3004
3290
3411
3037
3034
3426
3363
3374
3440
3260
3289
3520
3331
3462
3433
3566
3511
3521
3571
3608
3421
3551
3600
3652
3562
3644
3655
3683
3640
3714
3672
3727
3688
3639
3741
3620
3749
3784
3755
3795
3785
3367
3790
3802
3510
3840
3805
3851
3435
3834
3871
3774
3869
3119
3718
3836
3926
3924
3820
3905
3923
3873
3959
3879
3968
3986
4015
3890
3949
4012
4123
4020
4017
4055
4203
4137
4026
4092
4196
3662
4060
4274
4231
4129
4260
4278
4277
4293
4332
4273
4380
4305
4257
4403
4025
4323
4422
4409
4395
4218
4181
4359
4513
4474
4465
4457
4384
4524
4550
4475
4553
4569
4572
4368
4528
4627
4558
4547
4659
4515
4640
4672
4525
4582
4310
4664
4691
4713
4722
4629
4746
4748
4719
4767
4708
4651
4541
4749
4870
4887
4842
4862
4878
4929
4909
4910
4693
4405
5036
4965
4940
4958
5078
4700
5064
5012
5106
4953
4661
5234
4815
5111
5133
5182
5217
5184
5325
5120
5332
5326
5305
5340
5294
5366
5392
4735
5358
5408
5262
5278
5427
5353
5327
5466
5411
5285
5406
5370
5458
5491
5481
5420
5467
5495
5489
5505
5486
5608
5443
5560
5643
5244
5548
5650
5680
5712
5470
5702
5751
5648
5765
5395
5815
5741
5606
5813
5673
5846
5836
5687
5859
5863
5703
5882
5864
5804
5723
5886
5905
5510
5891
5855
5877
5913
5829
5824
5937
5916
5941
5958
5994
5912
5
12
5998
96
38
112
61
5922
59
162
145
172
141
188
19
108
5926
176
154
249
195
41
242
302
389
444
121
505
547
254
357
9
589
354
613
220
620
349
517
642
566
575
670
631
753
691
559
669
665
720
757
802
845
624
835
815
913
701
870
894
339
927
941
881
423
980
1004
919
839
1000
999
818
972
1043
1073
1063
1102
1101
1134
1147
1088
1115
1148
931
865
1186
1227
1152
1181
1184
1229
1274
962
1223
1301
1133
1293
1194
1317
1262
1347
1140
1412
1413
1424
1269
1327
1354
1078
1319
1287
1410
1381
1470
1451
1506
1454
1534
1590
1585
1603
1651
1435
1624
1598
1549
1663
1610
1497
1693
1740
1417
1754
1750
1718
1759
1593
1797
1680
1830
1724
1874
1758
1548
1884
1655
1782
1904
1824
1864
1945
1980
1880
1845
2012
1947
2015
2058
2027
1919
1989
2071
1784
2090
2094
2095
2076
2081
1658
2078
2035
2142
2174
2145
1917
2184
2178
2131
2147
2212
2163
2191
2208
1939
2239
2314
2336
2388
2394
1900
2250
2403
2228
2186
2423
2195
2511
2321
2422
2544
2281
2581
2083
2591
2305
2613
2564
2597
2638
2652
2504
2593
2671
2666
2676
2741
2587
2636
2781
2742
2776
2798
2562
2434
2810
2710
2786
2677
2715
2836
2888
2869
2935
2938
2793
2820
2702
2884
2714
2952
2960
2958
2953
2875
2986
2909
2956
2949
2990
2976
3059
3008
3079
3019
3095
2964
3138
2803
3139
2933
3009
3151
2950
3118
3061
3153
2981
3232
3212
3345
3044
3309
3274
3233
3136
3370
3399
3198
3412
3359
3190
3287
3235
3358
3378
3538
3497
3585
3587
3591
3509
3604
3631
3477
3657
3537
3681
3664
3471
3452
3633
3736
3381
3651
3699
3618
3698
3764
3773
3909
3393
3724
3887
3927
3950
3920
3812
3663
3833
3979
4013
4007
4028
4045
4046
3944
4004
3980
4023
4120
3899
4121
4132
4054
4157
4057
4009
4080
4229
4062
4160
4165
4252
4198
4290
4243
4308
3939
4119
4236
4335
4373
3766
4329
4131
4434
4337
4404
4330
4446
4356
4491
4507
4392
4563
4322
4495
4592
4606
4617
4634
4562
4607
4521
4345
4470
4401
4696
4698
4506
4679
4720
4718
4747
4692
4778
4319
4742
4663
4849
4926
4586
4703
4964
4941
4879
4933
4740
4828
5050
5002
4898
4978
5032
4796
5095
5072
5138
5115
5149
4995
5101
4820
5105
5228
5213
5251
5161
5174
5306
4723
5104
5092
5359
5321
5270
5351
5346
5413
5373
5423
5060
5280
5177
5355
5441
5145
5414
5583
5613
5514
5399
5527
5655
5516
5711
5570
5705
5691
5493
5762
5647
5778
5663
5721
5590
5803
5724
5737
5875
5571
5865
5783
5889
5840
5734
5928
5929
5883
5550
5888
5879
5906
13
5856
5847
33
5860
26
5996
104
5997
5957
148
138
63
107
5931
21
252
319
270
240
359
126
75
340
281
370
396
47
381
469
524
326
451
537
268
5920
551
422
518
587
536
565
604
363
614
651
653
503
591
544
706
717
204
721
599
739
733
602
659
562
776
764
779
740
680
871
855
795
621
761
924
921
886
853
605
955
1024
939
965
1031
925
1035
1083
1178
1161
1122
989
1013
1231
1188
1260
1114
1190
1163
1313
1276
1345
993
1380
1447
1342
1377
1137
1244
1511
1484
1270
1589
1256
1530
1568
1385
1644
1333
859
1628
1609
1739
1698
1757
1761
1752
1456
1766
1768
1736
1459
1665
1855
1854
1905
1914
1944
1851
1671
1993
2003
1488
1827
1691
2042
1994
2033
2046
2041
1789
2060
2020
2066
1931
1753
2116
2123
2093
2105
2075
2114
2140
2187
2014
2214
2213
2136
2296
2242
2190
2135
2247
1779
2317
2278
2389
2302
2077
2508
2385
2522
2483
2454
2049
2348
2535
2534
2459
2421
2295
2667
2700
2575
2740
2543
2517
2757
2750
2727
2801
2797
2760
2612
2628
2826
2864
2415
2895
2894
2588
2528
2531
2878
2907
2852
2927
3002
2840
2931
2788
3042
3007
2968
2924
3050
3018
2899
3081
2936
2847
2991
3134
3189
3214
3258
3025
3102
3137
3281
3054
3295
3303
3097
3292
3337
3395
3191
3246
3372
3413
3415
3478
3087
3423
3396
3383
3194
3488
3474
3481
3362
3516
3503
3486
3580
3605
3609
3559
3624
3482
3499
3291
3668
3666
3661
3526
3713
3704
3305
3771
3642
3748
3712
3740
3769
3611
3860
3800
3867
3921
3788
3825
3589
3957
4016
3783
3930
3555
3880
4067
3901
4111
3692
4133
4147
4029
4155
4169
3806
4194
4232
4234
4143
4222
4109
4258
4186
4246
4005
4250
4291
4275
4134
4223
4242
4358
4255
4362
4266
4397
4360
4328
4439
4480
4318
4297
3995
4334
4296
4451
4536
4488
4554
4487
4505
4379
4265
4410
4668
4630
4556
4498
4577
4734
4715
4602
4743
4643
4705
4800
4770
4867
4776
4906
4496
4907
4903
4775
4687
4559
4934
5022
4695
4960
4916
5052
5005
5047
4830
5073
5042
5125
5030
5107
4975
4600
5265
4845
5246
5272
5144
5040
5114
5322
5146
5379
5254
5387
5350
5307
5348
5142
5354
5434
5425
5352
5457
5448
5494
5316
5136
5484
5532
5445
5428
5538
5581
5388
5519
5498
5554
5649
5424
5558
5611
5523
5652
5638
5764
5429
5678
5509
5754
5808
5671
5660
5845
5755
5887
5956
5872
5826
5986
5995
5728
5993
5925
2
46
5849
5978
22
65
73
5881
86
87
88
91
5821
97
30
11
82
56
120
140
69
210
143
5801
5817
221
267
146
235
164
193
310
296
217
324
318
328
280
284
197
271
130
366
374
403
315
460
409
352
263
533
454
408
557
492
465
520
350
461
615
578
686
634
667
317
463
728
597
632
848
851
857
629
869
750
705
576
785
688
830
937
872
879
903
1007
1012
887
976
1002
730
992
896
943
1080
1179
1054
694
1158
1210
1156
1235
1066
1199
1286
1250
1294
1253
1268
1154
885
1344
1348
1320
1271
1358
1332
1387
1283
1360
1397
1285
1389
1254
1448
1391
1361
1477
1431
1399
1523
1302
1515
1490
1439
1296
1527
1467
1309
1525
1637
1668
1645
1560
1640
1558
1703
1678
1737
1492
1746
1769
1726
1684
1554
1792
1636
1702
1747
1802
1799
1865
1430
1785
1856
1677
1956
1903
1879
1924
1976
1819
1971
1860
1975
1940
1995
2082
1760
2021
2052
2092
1781
2057
2109
2138
1965
2139
2216
2192
2270
2279
2222
2025
2194
2320
2064
2356
2261
2428
2373
2161
2276
2398
2384
2393
2220
2501
2512
2218
2300
2502
2516
2496
2537
2461
2495
2583
2548
2533
2584
2609
2445
2632
2566
2709
2692
2645
2541
2497
2731
2771
2719
2499
2618
2627
2775
2815
2718
2839
2856
2845
2945
2559
2782
3006
2822
2792
2902
2885
2873
3041
2946
3140
3031
3170
2982
3175
3083
3169
3155
3093
3154
3237
3197
3277
3182
2903
3150
3297
3319
3339
3343
3325
3394
3205
3410
3310
3320
3417
3400
3351
3385
3259
3465
3470
3453
3507
3489
3209
3321
3592
3669
3557
3638
3756
3493
3464
3690
3460
3670
3817
3779
3811
3855
3735
3859
2518
3854
3911
3883
3941
3823
3971
3807
3856
4011
3989
3988
3658
4075
4022
3943
4086
4082
4076
4128
3844
3910
3818
4138
4124
4239
4268
4269
3962
4183
4217
4363
4289
4339
4174
4390
4090
3437
4317
4117
4346
4370
4471
4544
4416
4428
4552
4534
4240
4639
4567
4548
4671
4578
4624
4414
4369
4650
4667
4751
4526
4739
4677
4804
4595
4727
4856
4730
4676
4729
4818
4754
4490
4835
4899
4873
4950
4939
4930
4972
4969
4956
4809
4865
4784
4861
4864
5028
5021
5003
5067
5061
5063
5027
5024
4949
5026
5132
5087
5238
5062
5243
5215
5293
5156
5164
5081
5298
5362
5241
5202
5361
5365
5390
5431
5407
5296
5054
5160
5480
5483
5543
5551
5442
4884
5460
5444
5574
5397
5597
5610
5592
5276
5564
5580
5594
5677
5701
5636
5620
5595
5719
5730
5338
5693
5750
5779
5630
5743
5381
5780
5579
5789
5830
5772
5799
5768
5866
5841
5713
5924
5729
5943
5820
5771
5890
5975
5857
5985
5871
5935
5788
5885
5806
5964
5972
