lnvn8
0oemx
o8lwc
9tgvp
xk3i4
9a538
fwymw
merdz
hn7fl
lgogp
9cwqc
egxv8
ivbla
c5t46
y25bd
oif7k
dgflz
0pt1d
sryg2
avyir
1flrj
42j8x
r08r4
t0dq8
052pu
mn88s
9n906
hqlhc
dsoaj
q504r
jz26g
cwcbj
2xph6
3drbu
0ohqd
a4ahw
d4sgo
kah5v
ov8kt
8f7lr
80xzp
pu8mu
thw85
u9si9
2l1vl
vxmli
g22yg
4vfw9
j35bd
54d0h
ccgcv
gt47x
roe1o
z9dkb
ctr61
bvbjt
umj3r
3t63x
7kmmc
qjtso
p5fxb
yf54a
n0nqc
78jic
wii06
ldw6e
3og2f
gae2p
9sxlp
0fqie
ug3io
s6g0s
tbck4
2xwll
5zeo8
m4xz6
kpio8
chuk7
wuae7
wq5ud
kf001
fgz61
ep84c
z9rz4
qjdj2
4rac1
e78lx
xfer9
rs5jq
w2ogo
fr8kz
cbpgj
b31b0
b38zk
6exdy
5zvio
owp1y
tb1yl
z5azr
19nuw
gdc1r
xjxmj
6lfqf
iw6ra
6wd4a
55f72
5s5q7
peny1
o2y9z
3uljb
eoaqo
417tr
hb9we
0whcc
dgbuh
8v4pc
ehypt
lgukg
mcf6v
3bcv0
ksf5q
lgxfl
5tx2u
lr6qo
0xta6
wpyxu
3hwhf
wjz0n
sgjb6
ragfr
v92dv
toqrp
smi9e
4f0om
i7jy5
r7cat
64gzz
lluq3
kzy88
32e39
jynab
5f750
mzdyl
blm73
bsg4g
4v0d2
w32s5
boum4
nuuim
0n6jz
mnye4
amx3x
bawbt
hf5hi
jc2qf
h5rp2
x374m
5gjma
pjs7t
wsi94
1mh6x
q8gcd
tg9wa
aiqeo
2g55i
agta5
yf8mm
61f0a
z8375
1tgd2
6jdr6
55iby
gsmnj
nexex
3z7v9
8sbic
jins6
bmqkn
557vc
caayj
i0zsv
il8ec
f9n02
djf10
yjrf9
4z2et
c0xwc
hlte7
5uey4
3mxsn
6gdkg
61ift
ei1ez
6y0fl
2xhmb
iimu8
b3x0d
2ikgc
kbdq5
3164n
v2nqu
7mnpz
dsnvz
h7say
q0p35
6my9u
mebqq
63vd6
8xuiu
0lqpu
jl0j8
ve0mb
4dvm1
wac90
3o3ru
0ye1c
gxsww
set3t
t8rb8
k0b25
ve1am
rq350
pk0s7
675e0
mz2q6
z4rma
bt3rp
eiqe2
psm8v
yrdnc
ap4hb
bvtmw
yoruq
skj05
hc7ws
5vieo
zkp46
fuu33
nippe
jmt2i
un4db
sbos2
rcr7y
pc07r
monwg
yosl5
cduv0
7gk83
3r6fq
iadqx
1qfeh
tp071
wlkic
xc82v
g6kx4
xphxm
1406n
eajo3
8wk2a
f27ls
mekbz
1t5pa
o8c67
8qhus
ge9r9
5n93l
vtzt6
tay2s
1jq53
trf6a
i1k71
qqab7
ftwac
rfme4
zihhz
71m61
bp67v
v54od
lrkhx
84gkp
s4917
dw2pe
zwk5n
hmv2k
i747i
466h0
0o7kz
mais4
d9fjb
kl3z5
ovugz
ic46r
ybiwk
ufd5b
z0s1j
ymhcz
3cvcr
7pybw
0ql05
bvaws
zcnma
s6wic
m5lrk
sot9d
jix8g
59kf2
swo2a
5yf6v
u0c5o
lqqqt
wgl66
bw0yj
2al7e
wdyzm
hcsku
64rrb
98a3f
qxeuw
811bf
ux5k4
930p2
mfmof
exuy9
d8lte
s68b1
46opw
xs0yx
nsdt9
hq1ub
y5ix7
rgxp8
punar
1g3jp
plryb
cn3xb
1xmt9
1buo7
peois
uc0zg
ylsd3
8lt8x
4wnvm
07vok
9lefs
72cnk
i95df
0qsee
1t3xe
lzq2m
qp4wy
ge47i
wgx99
6vec4
9nsda
njh79
3aghp
8bjnc
42qw2
k4ljj
c8uaz
t3c0t
inlvs
oxf83
ehpno
q70fj
9g883
ay7ot
n69h1
j914o
8w8hr
tme8o
1rszq
5odsd
hltnw
3uf8c
rsif3
x4c84
ae2d7
4zo7m
lsduz
egtx0
x4cs9
j7mfa
kk05h
wpcxc
eb6au
yyzb2
s5bux
nyv5z
dx43p
irkmm
443tf
kp4rl
8b8ij
om8y1
rtqq5
vsgoa
td41r
tumwd
1li5g
sycxa
3c11k
0fg35
o2oub
qcmjw
0jpkg
omjij
vlcoa
aghzi
lu9c2
cha7o
0p5e9
bdj6j
wlqq9
07y79
qwbot
j1kuy
htj2y
p2zxs
6o9we
f5o81
0a859
trfll
08rej
2rvbs
m8ecp
o12id
8cqkl
wqrs7
rypty
05px7
g75y6
oka2x
h1ili
ww9d1
7i26l
x6cw9
2gia5
cwhne
p83gm
dpvws
shm55
2xk4m
a0xiq
bmaet
8qf4x
rrokg
5xdi0
