54928
15794
38036
29167
73149
57567
70930
41510
6833
41436
68842
82340
52299
63889
50894
58921
37219
46476
6801
14602
41671
80463
28036
78836
13004
27124
73189
35447
74485
43112
86273
82170
85720
25656
63527
14215
63117
81778
87986
11228
68074
30074
31723
76230
39322
56118
30447
183
73249
29416
59350
78136
88472
74548
50270
64903
54344
39730
74140
18738
62081
34569
73503
81693
40493
42809
37687
9505
28466
3024
40160
40676
14168
80839
18415
76487
8555
1639
49490
23433
86086
22611
60235
69250
36423
