s
I
C
O
q
T
1
J
r
Y
F
6
2
A
p
w
i
Z
W
X
_
v
E
U1
0
M
n
o
G
t
4
V
3
f
T4
R
N
hw
S
B
8
lN
I_
EO
d8
cn
L
JQ
ou
l
CU
7
hE
r1
kN
I5
v_
9
XY
vS
q4
gt
qG
uM
TV
56
u6
lH
FV
k9
EL
HT
eQ
B2
hI
pC
IQ
fT
O8
MV
q0
48
q2
CY
kM
eY
rU
y
A4
aX
M3
OT
zQ
HJ
h4
nM
nF
ES
nK
DY
vR
u3
GS
nw
cM
fM
oB
y9
y_
gM
s9
wH
sx
fL
j5
aF
gH
C_
MZ
jq
gF
kx
gV
eR
GV
mP
ST
pZ
G0
fA
ER
W8
LT
dS
PZ
pW
JU
bI
pv
dF
IL
DW
qP
dP
vH
V0
mo
dN
fw
U3
A9
UY
jZ
QS
bc
eq
t0
n2
DK
wz
GX
C0
CD
gi
k_
e_
xy
I9
DR
FQ
LM
sW
kX
hm
K1
mK
yD
CS
r5
sY
oZ
L0
T3
ET
fm
BH
c7
S4
OZ
cF
eZ
OX
yB
W3
pw
ap
p5
GW
z3
sE
iz
VW
WX
hz
ew
SY
RV
19
14
sR
X4
40
tu
KZ
g0
X7
RZ
wE
ky
g4
J9
KY
ix
f_
K2
x3
mZ
wO
wR
j1
bB
ae
il
mE
J6
rA
w0
eC
jP
kS
gU
G9
K3
sK
fl
WY
78
NX
47
fs
o2
hU
oJ
vQ
ip
gu
c4
jE
b8
lX
fY
17
ls
g8
xL
kD
r8
bC
gY
S5
rQ
iP
y5
23
nI
j_
ag
B7
z0
iA
oL
jY
sw
P0
iS
vO
IS
o7
dl
jl
uY
bJ
iV
r7
qu
dZ
j2
PV
nC
kl
hi
AB
mQ
k8
cL
c6
do
jL
mY
BR
KX
R8
X_
mA
cG
JL
x5
KO
du
C6
bq
ei
oC
M6
h_
BO
kn
c3
zV
BP
J_
ru
muv
bA
av
lx
km
kq
qz
I7
py
e0
bgk
kwK
N_
bgD
aqX
dhm
vzI
aCQ
pA6
iR
cNX
79
fjm
JT0
b1
iv6
dj5
bK
cv9
kwH
T7
qU_
mIV
RS4
pZ1
lEU
B20
eyS
qCV
gn6
qru
iwT
bEG
NS9
pAP
fO_
PUY
rvQ
blS
juN
JNU
zR5
fP9
C3_
hm8
vQU
jJV
svA
EY4
lnQ
agJ
bgy
OT9
dM3
xzR
dkv
rL0
nU5
qtL
nvK
bk6
zAT
nLO
nwM
crL
agD
fMZ
qxT
hj7
KN4
q7_
dZ7
aS1
nK5
mot
yGU
I9_
mGV
dn5
nGT
eiz
crW
dp9
iox
lX7
pBM
nzO
hM4
pS8
lPU
eiv
uI5
OVY
u25
ixY
bpM
jp2
KV4
o89
uxY
zEU
ouw
rQZ
brG
iu4
as0
adz
jnB
dmO
hIM
goy
uBT
xzI
fHX
hl2
sFN
cMP
b6_
cwP
FY0
uC_
tR6
ps8
uDW
TWX
wQX
E50
dAU
mtx
jC6
inS
vO5
mo_
DMW
eA8
dfP
bCH
dLM
gjP
NV2
ftS
dDI
uQY
wBP
HV_
gj5
KM5
rW6
hUY
xBS
J1_
cKW
WZ1
rKV
qsE
nCS
foA
GOY
awS
LM2
AE5
aJ9
elm
oru
jDL
wzZ
xRS
hop
yJ7
DIJ
cCU
aF3
hrI
ikX
HK7
sJM
DGK
abX
ehA
IW9
F60
klq
QZ7
T68
cd8
OR0
gCT
CL4
rwD
qJO
hM3
bTW
xzX
INQ
hls
lyM
arA
i14
zQY
byK
gB3
HL_
fQ4
cD7
jU6
r24
hnV
UV_
cB_
DGS
DKY
aBC
ouO
hNR
gI_
hm7
wAV
cA8
gtT
nF3
gm5
CQ1
jK3
cOZ
nyX
ijk
yO7
uD4
fF1
mrL
ftW
FH1
nPW
ds4
ag9
bB1
CNV
jP6
xY_
aq2
cmu
eyF
x18
DJO
CIU
GI2
pUZ
GI_
nUV
eX8
x49
tBY
kO0
fxM
aS9
T69
uxB
gz5
kD4
tGR
iJK
I24
HOZ
tJX
amG
wCH
lv8
iOQ
agt
JW7
pt4
mN5
GH8
lpL
nxG
LV4
bgJ
xX5
bLZ
eE6
qA0
koD
rH9
bA8
cJ6
ioB
emS
q28
qwC
zD6
xL8
eG0
jKO
aNT
kt_
FVX
GU1
dqz
egr
imC
n17
eGQ
BEQ
mtW
fQ5
bvC
BDL
bnH
efE
cM1
b80
imu
Q80
E39
az7
wF4
gP2
vBP
K7_
iE9
nDT
fOV
bJM
eiL
vCQ
bN5
dxy
BZ3
hTY
wFJ
joW
jlL
g23
dR6
rAX
E27
gjE
bkr
ktI
mpB
M28
kDF
dPR
g30
vZ9
lIN
iAG
gwx
jDO
aI_
dN5
fmr
R34
opA
uv2
oNW
vMY
hkJ
kx5
hx3
lCQ
eHR
eK6
yI2
kqU
wBO
jG9
uLQ
pw1
AO_
btE
ci6
YZ9
psU
zOZ
oE1
jLW
hF5
RZ8
BCG
loC
zNP
jsW
sL2
AR7
hoC
hv3
vz8
elq
ER9
hlB
O12
rDI
eqJ
esJ
mKY
pO0
jsO
bNR
lA3
EF1
buC
rDO
yN9
gq1
jH3
iyF
GL6
ry5
gpE
AOT
GJZ
o24
luI
kn9
C5_
mps
DM0
dkn
OU8
ijp
yzB
qt6
yHR
nPZ
bKW
wLT
LX2
itO
tV0
eI0
kqB
ajY
qIQ
uvK
GJP
atN
rw9
ru9
vDL
aSV
iB2
B79
ikq
cFX
ars
C27
JT4
jAK
qxE
hzH
cM9
ku_
uCI
rvV
qNW
uH3
aE4
rF0
acW
bm4
no8
GHX
juY
xO1
IR6
BTX
uBL
jms
iCM
tJO
asW
dV4
qxG
GQU
W89
sN1
btL
sJQ
pV0
nL0
ceY
acB
mtV
ay2
oEI
fEZ
bzO
DN6
HQR
jyQ
IR1
K3_
bzM
cZ9
aOR
fhK
dfH
bgA
env
i68
tuV
zIX
FR4
bKO
LZ5
jG1
eV5
oW2
mDS
hjs
sBF
fFX
QUV
iT1
A14
kpt
aB4
lY8
ST3
LP2
cgq
ceN
rC9
nV5
dxO
dL_
otC
crX
gzP
gzU
dmx
hJ6
JO5
bly
dtS
AKX
xK7
DSY
yAM
fuI
mFZ
dDQ
xKU
glT
rBL
alT
MOY
sHL
dpQ
IN5
TZ5
DFX
eFY
sO4
bu8
kwO
dP0
amC
AF9
uW0
zL8
bpR
inz
xV1
HT_
imq
oB_
KRS
zRU
cpN
pAI
IV6
bTV
hB1
imK
iR6
lUX
cO9
euH
uyX
irR
myX
aj2
R6_
nT7
g60
dr8
vJT
EHZ
aC7
MZ7
hw0
fjl
fi1
gnx
elx
qSX
LZ3
grP
Y46
cAU
fg8
tvR
bu_
RSX
abd
irs
rtK
rE9
iU_
mGM
wxJ
LNV
xAM
jC7
DKL
enE
ew6
suT
fvC
iy6
IX_
sGL
qtN
abo
hK6
qCM
hlp
qOQ
iHN
CF2
diB
otZ
yPU
iv7
kKN
zA2
TX1
m17
sw6
GMO
aNW
fs4
zOT
b7_
kI4
GO5
yOY
iJ6
vwS
rP0
qy6
sxH
v1_
CL5
lou
Z28
yEW
BEU
GIT
aB3
eD3
g47
wH5
jow
cuX
CJM
mTZ
aes
lpS
mx_
HIY
hEH
oT2
aeE
fPY
q48
rJV
lqB
rt1
lU7
gIR
jmp
tzV
DQ5
zV9
uBM
cLO
bL3
RXY
oN2
KX1
czG
pP2
rzI
aGQ
nGH
aOQ
bcJ
xI4
klz
mM1
fx4
gxA
ABM
eA5
jzC
DY0
ij2
kE4
ay5
wR7
fD4
hZ9
yV8
adu
iKR
kzA
ouB
AJ8
CT8
yMS
dPW
kZ7
pO3
U12
kqX
JNR
or5
boI
hiZ
vBV
JOZ
qGP
ps0
jzY
COV
pY9
dtX
AMY
AX4
iu0
fh2
cOW
oY6
koV
EX3
sC4
iwy
ipt
lA7
zX4
vMS
lr1
CU_
lEF
ayL
bDZ
RY_
lp1
bF1
ijH
FR7
rtZ
bDE
hsv
dGM
ajV
hLM
qKN
lrX
bjV
vV7
G79
wL1
asu
ntv
MUV
CIP
a29
JNO
sRZ
mXZ
evF
ovE
uRX
yQ2
DOW
eLQ
jEY
mY9
uK7
pV5
bwA
mzW
rOT
aXY
CG1
cC_
nvO
hDL
gq8
cGM
aqR
afo
iF5
xDE
zBK
kwI
bLW
NY2
rT5
sw8
ehW
eoK
sMT
hQ5
ep0
cfM
tyZ
qyQ
rFQ
NT7
yTX
d4_
GW6
780
V29
tY5
pst
gJR
FGY
DOP
DF2
bm5
UZ4
xQ5
m18
for
dwz
hJ1
tG9
fGK
uW8
xLX
klr
hrx
CX0
BDQ
fsu
hV0
yFY
cnB
jU_
JR8
ms2
NR1
iGP
pvC
ruX
kV2
vG_
EM7
az5
AY9
lJV
hPS
u0_
hxA
o30
hn8
swT
mB9
iNV
az4
ANU
fzA
Y47
s1_
sZ5
BN5
eZ5
qBG
qrR
uU1
rE5
aKL
BI0
jqU
KR5
DO3
dwP
dH1
wKM
ES9
IRV
XZ_
iCN
fuE
xyO
fqB
sIV
lrN
f18
tP9
BZ8
glX
eJ0
bMO
n45
nG2
sAP
yD7
nsK
jEQ
fwR
cIO
mz2
rtP
izF
jwM
cP7
bxD
KZ0
gxW
joL
AZ8
gm4
gkZ
yXY
249
bkv
j4_
eB2
dek
sQ4
qKL
lvJ
hn1
hz7
fW5
cqs
glW
jn3
zW1
cqK
DUV
g90
jZ_
gB5
HRY
hC3
DL9
rv5
kIN
zY8
m37
xEO
opu
kY4
d67
bhL
dC1
dir
IJR
hAT
jC8
ftu
swS
wx4
mqL
yDH
ozH
pyU
mN2
ouD
qCI
el2
cV_
mqY
fvZ
jJQ
lDI
su0
tuA
imW
i35
bJ7
duZ
bzQ
eOQ
M45
iIL
DPU
GV4
svB
bcH
HWY
eL8
qQ7
bHU
a26
y70
uDI
qzQ
ehH
uxG
sIO
O30
pq2
z48
EMZ
gBC
azV
tNR
hp7
hmQ
fiR
fW0
rCL
xWX
pu2
yOT
tY0
rsV
kU9
jnu
gzC
SW8
dS1
FHV
bT7
hnA
yK8
bBJ
eUZ
wy4
qF7
eKO
HI8
lZ3
erT
W28
qA6
tyE
bY0
yP6
J2_
lF8
xQ1
bq_
mx6
MS3
567
cM3
cGT
irS
ixU
lpO
hQ4
hQS
fgR
zPY
uF3
wJW
hGL
koy
hwE
lEN
fvA
wzK
cHM
vA8
sPZ
fiS
mS8
ejB
kQ0
xAC
irU
GRZ
agK
aqJ
mX0
r27
rEP
nsN
QYZ
ltZ
rwY
buR
syI
vwR
q30
mnI
GKO
bIR
jo5
cW4
lmw
xP7
zKT
pA1
kIX
ej3
rNW
dV_
nG7
gJM
kLU
fgl
alu
fwN
mU4
x3_
ewz
JW8
oKR
tZ1
IKY
pwY
yGP
rEQ
FN7
kD1
ajz
mwx
FR9
gzW
AC1
DZ4
bgX
qV7
xW8
wB0
vBU
jo_
aU5
R79
lT0
rE6
ixy
n38
rI6
cjY
Q7_
IR8
yER
pQ3
fmp
vD3
dW5
sWX
hGR
dmT
HW3
qT6
iG1
kAT
rx_
hrF
alz
cmG
ekO
hxL
aBO
jW1
qMW
hkq
B49
gCZ
qN4
qAJ
rtM
wT_
eyB
lEL
hpP
jv3
AD4
jU7
krQ
X80
cdZ
DG1
cuJ
wzI
ky1
BCN
R8_
I28
kPV
nX5
I79
bF9
ADL
mR4
cv4
OZ3
tDX
378
oxV
oN5
mtu
jS0
iIN
lTU
rtD
deO
AF6
xSW
fiK
bU7
orZ
gJ_
aMS
lqO
hL4
ILP
ceZ
AER
EZ9
imI
jFI
DL5
cfk
mqK
iC0
ovJ
xOP
hlG
L4_
puK
FK2
hM0
sRU
sMZ
pE8
jpr
lqu
dGL
nzK
xFT
p25
a49
AFW
BQ_
ev5
uGV
lr6
nzX
kXY
kM0
bU3
JKY
ko6
oM3
nEK
aD8
ipE
D28
x8_
g5_
atQ
JOX
cY9
rz8
S19
stA
aoG
qw7
csD
brI
GOR
uDO
HSU
lxK
dU2
qG6
CY5
fB3
asz
iGH
LT4
uMO
AHY
h8_
itR
beQ
iEV
nsW
lsy
jpu
jV7
wJ7
fYZ
nH_
bL4
hyU
mrM
JO0
aiT
ksA
aru
sC9
cHW
INO
HM_
xT0
a20
fwA
460
bKN
jU9
B70
quB
qMS
kxG
jzV
osX
CIR
OW1
PZ9
kN2
bdy
fQV
mE8
txO
hI_
HJK
tIX
lwC
RVW
cz3
dtG
GTV
BY6
Y23
vE_
ftA
oX9
pHY
aW8
esy
K56
bjs
jl9
G5_
GSX
LMV
jHT
aq5
CRS
dg4
Z5_
uOS
aW6
mnM
CY9
gDN
fhm
PQX
qt2
dBF
rY2
bgY
iOU
jOT
qR7
g40
tIM
dj6
bfh
b34
lqD
kpF
F89
uvR
nC1
fU9
fyA
k69
ATZ
pFR
hS9
kpv
pN_
sv2
rw8
lmr
bnO
APR
PSU
clw
yL_
hR4
dm6
dh3
mq9
psv
AU9
al7
dj3
AEY
gMO
uA8
hj_
KMQ
mw7
bhV
hvC
irt
ceO
qyO
uxA
JL6
QTV
fxB
dqJ
uHJ
nA1
BGS
eM8
uF1
Y24
hiH
BMY
qGQ
mqR
uA3
Z50
oQY
HP0
CDY
JT5
hqM
r68
dk4
OP0
IZ9
BP9
gmG
oZ1
hip
jV2
lrJ
pvD
ex3
pKN
pJT
ops
dqw
aFP
mFJ
vQ8
tOR
lvN
mG1
gK7
enp
mx0
c60
eu8
nvS
dC0
fjq
fOT
xYZ
eZ2
suz
oO6
jK6
rx5
fJR
uLT
EHI
dBU
dhi
xyX
fx8
HTU
lsz
Z10
rvA
eHK
HQU
b67
aF0
sJ6
vG4
N37
A60
hLY
rCZ
oY8
cJU
cdo
bvX
xDF
jwI
cfK
wCU
tS6
hk8
mIJ
aoA
NT4
tyD
v14
BD1
ER2
fgK
eFZ
egL
jpU
CK2
txG
iwG
Q13
AG3
br2
tDK
HO_
sK0
st_
qE0
rHV
WX5
rN_
gzN
ajW
dB4
V90
cfU
eyT
kmG
EN5
av3
A1_
GZ1
qJ2
QT1
vQ1
gFJ
dyz
xP5
vAC
zEK
wV_
iRW
qrs
qL5
dhG
hwV
dkM
knr
bW0
dxX
hqJ
uST
jsI
kVW
EPU
jK8
dP5
NY3
M40
dAW
blv
lR3
wx8
yHU
czH
swE
mH9
kzD
yA2
qH6
ezC
KM_
vJ5
J16
jRX
gk0
ftM
akC
xUZ
iB7
iOT
rHM
tCW
dy5
dpK
hEX
fn5
PSY
dNY
yEI
cl0
jAT
oH3
ct4
dfK
kpH
doK
zX9
swH
rF7
tDV
bO2
b40
JW4
xJK
dzJ
efT
rR8
oAK
cx1
aCD
wAM
AOX
dr3
FJ8
gJK
iDP
DL_
GI4
sGK
sG7
hH5
w12
cd9
BIS
tvx
GPR
ER1
BJK
kAM
vD9
iuO
nzA
DFM
NSW
dmp
ah4
aM_
frR
pL1
hkC
oF3
rBQ
lAZ
sH0
eV2
nI4
rSX
fZ9
wCM
hX7
hjn
hFK
jz9
lps
rEL
EJ7
nz3
eqx
fkD
mv8
gN5
gh5
luJ
CGV
kvH
hpZ
rzU
cHN
iqR
iDJ
wU3
cA0
EXY
LT7
myO
APS
ptH
OS1
z80
bOS
c36
ijT
kqN
fkm
dX7
eY4
vLV
fvG
uwz
uvL
fER
qvZ
byz
rHX
yX0
bEY
hq_
oAP
HL9
BRU
yJ9
pDF
vCU
sDJ
yJX
zB1
mBC
hqI
iD7
gjw
frM
W12
tU0
z70
mHS
efY
PQZ
iE6
ltF
avB
vEP
nF_
kGV
wPS
iKX
bd8
nT_
bCJ
kzO
CMS
kLP
mDF
be2
NYZ
dUW
u67
wDE
gNQ
vKM
svx
mDV
m47
gkL
BJ_
UZ7
cdf
C18
doy
BNW
dwJ
gPQ
EHR
H2_
dry
frC
sCW
vD_
dqt
hB8
FQ9
M35
awJ
lyG
kHM
eQ6
e23
KPZ
IN_
wNV
aM5
fV5
i80
hHW
pPR
eN1
OS2
rwB
etW
biF
eq4
CDO
qEP
kl_
wU8
os2
S7_
uZ3
GPZ
fmQ
jwQ
sv8
zUY
efh
ctH
cnE
auA
hjZ
EFJ
q13
dkK
bT1
zKL
ers
pvB
aS0
qW7
cgS
cfh
cfs
kF_
hR_
jsv
afp
hLQ
kCV
cEW
E59
pEG
bpx
nE0
IK5
qW2
wyA
UY_
rV5
tx4
jnF
biU
zG3
uwK
enX
grA
im0
FUW
aor
CEJ
hjR
BCI
F57
bq3
X19
pvJ
ipY
iS7
IJ8
ckw
kzH
pH0
hnG
zF8
hvQ
gEP
sBK
iB_
itH
pt9
lsV
nIM
fD8
nD2
GTZ
npY
EV9
SU_
rI0
R23
fY8
u7_
iku
rzE
zNZ
eO5
QUW
HR8
jkE
sv7
kMP
lHJ
xIZ
D3_
lsw
inX
gHU
fB1
kHR
wyM
xM6
BK9
juE
UW4
itM
nqQ
tU6
kow
vL8
DG8
arx
U16
wJP
fWX
z35
lAO
tH1
v9_
pzF
gF0
rL1
CNO
bvD
X16
qB2
fs5
rVX
hQR
cIY
hlH
nT5
ayA
uDS
deA
tPZ
eR2
LW6
qs_
iyM
xFK
ABW
ftF
g9_
sBL
diJ
kp2
koM
dfv
zQ3
oFO
nF5
qsP
ry4
fX5
rv3
vTU
RW_
pvO
JUV
mx3
IOW
oZ2
ALQ
PZ0
zG1
WZ_
ny8
FH5
EP1
eC5
h47
wBZ
IM4
pT8
B45
oP4
hVX
hz9
IW6
grD
uEG
pSZ
jGH
iow
noM
hsP
ayY
XY4
mE4
lGH
qvM
A69
iyB
pVW
pxR
giL
lTY
x56
QUY
eH4
uL2
tLN
CW8
kU3
uLZ
fKR
kGS
qzU
ehR
zEQ
bJ5
bdN
be5
duv
eAS
lFH
tKO
kL6
AF1
iqT
iL8
dlp
dG5
x90
bQ5
ew5
fU1
xM7
ad0
fqQ
qx2
imZ
aPQ
xM_
txF
npu
SX8
bij
bM3
hFG
kvF
N68
nq6
sxW
bD5
mx7
nR7
gwD
eOX
bwS
qNQ
y80
eKQ
nP_
UW2
JU0
FLV
dR8
fr4
QS_
eI7
mH1
wIL
ijU
qCT
tG5
osZ
ij5
HW4
f7_
wyH
lK4
tIW
ip2
dux
bE6
suR
hv5
bC3
dl7
HN2
xHS
dv4
oEX
uJ5
ruA
boq
np4
mCT
S90
iy2
dvJ
gjT
iMS
de9
fuY
pY5
OUX
iyL
zZ2
DVZ
dAH
auK
oOT
gIW
xD1
fnE
yCY
dCS
xAV
pK3
gB_
hj4
owE
lV7
cQ9
v25
asG
dHT
bUZ
xEY
U47
sD8
mKR
sBP
uRZ
RX3
qD9
hkm
ryH
nsT
dDG
iAS
rJX
ES_
iEI
EMY
BN9
CDS
u24
wy8
CDQ
HO0
u17
dGI
qPW
bO_
knE
oFN
GMP
gy6
syS
DV7
LQV
btJ
fx3
OZ9
zJ9
nW9
NPW
kOR
cdx
wxW
oLQ
qT3
gkD
cET
iTW
KS5
cPY
KOU
yFZ
btX
EJZ
AVZ
xR1
TVX
dmS
kB3
hsx
rAT
gu8
lEW
tuw
jEI
yC8
jyR
hGV
oyG
AJ9
mRV
jq3
cA_
oQ5
oGM
aIL
UZ6
hU0
iQS
iPQ
L50
fI0
ioN
APV
qI_
npy
oM1
pN1
j69
sUV
evx
s8_
dhA
anI
cHX
jS9
ny4
ehI
xRV
axP
atE
jV_
dqX
pH9
JV4
afS
oSZ
jln
xD9
bi_
cwX
FJ5
tLY
cCL
qCL
fkn
ei0
kOX
x48
AT6
u16
bY8
aIP
d59
bzR
HT0
qRT
hr2
mwK
emp
tIT
bOR
vBT
ntR
HMQ
bgV
IY5
KMO
mrC
oBY
xA0
P10
es5
eG6
lO7
mBD
HP9
gqF
mAE
mL9
aeo
ow5
KP6
hmC
fJ5
HI3
jD8
BJY
fO8
CJL
ae7
iC1
jC5
fj2
mxO
EX5
BM4
dzT
klw
tFY
eH2
aj3
iE3
pwG
IK6
lK1
eoD
acd
tE1
rt9
q56
sS3
cgA
LN2
oTZ
ai5
DJQ
IU9
KW6
AL8
zLV
bPW
CI7
oW4
emu
rAQ
vEK
nzC
fuS
CIX
bk0
del
D10
aMT
egR
inG
ntA
fgN
uN6
cPW
xH5
zN7
vA6
DOS
b17
gEL
iEQ
pqE
hyE
tBJ
iS3
OQT
f80
lCM
jrR
jlY
12_
gio
GI9
rvF
fsH
dnT
lqv
hsK
oEO
mrX
ovO
bO0
jkr
fEK
ip8
uI7
gXY
RT0
sU5
sH8
oFW
pyF
zA9
fX0
fgG
t24
n69
fO6
aN7
auU
KPW
pAT
ipP
ivw
aC9
FNO
BQV
epr
tU7
lKT
oT6
F29
aJO
wGY
cpE
agP
zV0
a17
fiJ
QZ_
sKS
det
j18
mnp
fDY
xIM
deK
pNZ
cmE
iDY
np2
uy7
mAH
lux
ksT
ptB
AMT
zDG
chs
kQT
luH
ef8
mAO
gY2
IJ0
lEQ
pKO
zBC
sNZ
BH_
hrV
lC9
ntY
coG
ELY
oIP
hpw
suU
ioS
uwZ
mGN
lzP
RS9
LNY
pWY
hoL
eP6
yK_
knq
zIK
IOY
qAE
NZ_
EPQ
eBD
hiz
mty
uw2
ktw
V67
nr9
uDG
ko8
nD_
IZ2
ilF
bls
lL2
pPV
JZ7
eEM
NQY
aTW
zXY
bcE
yQ9
uz8
inB
vDK
jpJ
yKX
yN2
dT1
bJ6
CD7
jZ1
abI
BKV
sR7
axD
LP7
esU
COP
eg6
xIL
qz_
cCM
bfy
hk4
orW
v12
CLW
fO0
IW5
vX9
apL
LR6
eW4
jt4
kC8
x15
hzC
jw0
qJZ
beG
pY0
ptO
DFJ
cg_
hK1
V56
lmo
qvE
vEU
aeK
lUY
mtX
lwO
JMP
jux
cx_
qU2
gV1
AL1
zM1
s9_
HS7
in7
qwJ
cKS
huy
bny
mN4
oH5
xIQ
hr8
cKR
pEZ
jz2
rN8
cu6
oMO
wF9
JNQ
orP
ixN
rO6
lnr
IX3
uD_
lX3
jL2
efS
sC1
CS4
gM1
oDJ
kz7
mR9
kuK
rOW
rU2
b18
bU5
jBI
wB8
uMU
gG2
rM0
jxJ
cTU
DI6
z89
K69
d14
myW
uN8
aAT
lrt
fJX
emA
bdv
eyY
aAG
DN4
iqv
ETV
fj1
bnQ
etx
i56
hrA
ER8
uwS
ckK
vW8
lY_
rsv
vAU
D19
uxK
gR4
drQ
GX7
vwU
rz9
bsX
bgW
135
kCN
fkW
jMW
pxC
nT6
ah8
isP
gl9
nAV
sQ1
HZ3
vQS
aqY
pT9
qTZ
luY
xyD
sHR
grW
ABN
TY1
bfA
hnN
LS1
DNT
fWY
cj_
hOX
vP4
hrR
ksC
U6_
wG_
hiS
LS7
deu
wBV
vA4
B68
aU6
tA3
nE3
dzR
sP4
iyI
B10
ijR
fxD
egW
iX2
qLQ
yG7
fJ3
iFJ
msY
yFG
jH9
TUY
zWZ
biH
hwW
fo3
cuF
fP8
iJX
kW8
lm9
z23
moH
muF
APY
dgC
nN7
fAY
wP3
ty4
r40
alJ
gy5
qu1
exD
dPS
gJL
vxH
lL5
F90
rDQ
qFZ
kyU
ps3
EI2
lDL
V38
ao1
stT
eHN
D89
uyB
mDH
pX2
xy7
bE7
qxO
W18
DEO
gPV
zBU
tI5
qST
fq2
svT
eV8
hRU
jyO
CX9
cGH
yR5
kv_
hu4
owU
BC1
dkl
oW5
lJ4
qRY
SY2
pBD
k25
cgO
gTV
lqE
oEL
oI5
MSW
bio
iRS
W5_
mHR
dEP
jD1
clK
P30
EGW
oqN
iR5
yzG
kBW
GR7
ei8
juy
tJ5
iI8
rGT
bp5
MZ9
kuz
bI1
e9_
nqD
isC
vEF
MUY
qQ9
quW
go4
y49
dwZ
gH4
ajH
pKQ
EMQ
oA6
y67
gpV
bZ5
ix8
in_
xT1
jA0
x58
JO4
gVX
ak4
goK
kBT
dF4
eEF
DEX
KX8
CGO
kST
bAS
tyA
az3
zD2
oKM
BM6
JQS
erw
elP
lFM
ovQ
tIP
uT3
jVZ
sGH
blt
czN
bH2
w16
itA
hOU
wY7
h7_
IMU
ANW
dq0
tyN
gsW
kZ6
egp
wH9
r6_
dAK
hsN
zY_
K14
aiz
KY2
dN6
dBV
kq0
eix
bBD
lQ4
tE7
fvS
mwI
yDM
iDN
g78
kDQ
lH4
vOX
alH
oFX
wCR
cr8
cu1
BM1
APX
efO
vK6
uJU
wO0
QY8
lGO
br7
doW
CV2
JL9
AE_
gCD
bjG
vz6
jAU
AW2
ny_
jZ9
HJV
glF
zY7
eoQ
S5_
I34
MYZ
gCN
mGP
kCY
jwL
F9_
aV6
q68
dl2
hs2
isF
EV4
xF9
uGY
nxR
coz
noH
hqO
gJ0
mSU
nAB
nFT
oxG
ktC
dqA
nzQ
jJ4
zJ2
nCP
467
ALT
giu
FNT
KZ3
qL0
tE2
mxF
lU9
kuV
fQX
goY
loO
boZ
emG
awP
eis
mIQ
VX6
I3_
JOR
uE5
jFR
U56
V78
tI6
EQZ
CMV
BCW
iR4
GU8
bst
hP9
wO5
vMW
V27
czL
jvx
OR1
bkS
eL0
jCZ
afB
nAK
jI6
wQ1
vJ4
cl7
gBO
RX6
mAL
GUW
anz
myR
pqV
OP4
lA_
euN
dS3
aJN
wE0
vCO
itG
xLT
uW5
ERW
oM8
HS4
eV_
eAW
rIJ
pFS
gI1
bU2
aey
exZ
lLU
akH
JM7
aFH
MT2
nq7
coH
o57
AHZ
efi
R67
yM1
yI5
bv0
vHV
cuT
nMZ
otN
kDO
dEI
in0
uO7
qFJ
lmN
kWZ
gvZ
kS1
iF4
MW8
ruE
gCJ
CTU
cv2
tKL
yP3
uS7
yX7
ipM
kqO
yM3
glm
wEH
zC_
DEZ
tF_
B34
uEU
mn0
hxS
dh2
CKM
DT6
IT9
gor
mnD
xN4
stI
hnH
AZ6
PY0
hZ4
zE9
nCE
TZ7
ajp
ABP
GN4
eE8
emN
sS6
cv6
gGI
xOR
sw3
xM3
n59
LU7
fko
uVY
bDY
doA
aq1
jmB
cZ2
fT_
jxA
mn6
ci_
hBZ
CD3
efX
KNR
L8_
dxG
EX1
cpZ
kBY
jly
hBF
ou7
din
FKO
fpx
pR_
p68
iLZ
FL9
ci8
bqU
TU3
vzT
ls4
CE8
awX
oz0
eB9
uKL
R20
lEK
W2_
py_
pNR
oCJ
aCK
fvL
H40
p60
gkm
AX1
hpy
sGX
iBU
R57
gyE
DIM
enO
ck0
mCI
oDY
vwI
fAT
itz
nS9
ai2
BX3
qJ6
i23
wyW
zDS
M7_
iT2
kX9
C48
iw_
cqD
X60
qCK
f37
KR7
sLY
R80
msF
lDU
sE4
sV4
gw9
bG_
s90
EGZ
oIR
IP_
N40
jrS
rS6
ex7
K34
oqs
LM3
auC
x9_
vZ5
zG6
hiT
lwW
gs9
fhn
cZ_
UY3
bxY
vL7
bLU
qry
jS6
LOW
AE3
dgY
lV0
k23
nIY
x20
rv7
jt8
iCZ
QW5
qv0
pAN
sFY
yP4
AK3
yNS
msz
u58
dBY
zU4
uA0
dE5
lS3
lvO
kH9
zOR
kn7
BH4
ilU
xHX
acq
lst
qU4
uTZ
u27
ghn
AQ9
tvB
lqT
aUV
hmW
zEI
LV6
E80
vz4
AR3
mAG
oGZ
biC
HKM
FU8
r67
wFH
bxI
lpX
jJP
klO
hz4
D39
dLP
iKY
hwH
hSX
pry
mW5
huN
cuE
oAV
gBS
jUY
inu
k14
tW4
mzS
ehk
amM
EJO
iZ1
fJU
vAN
JW2
jI4
qQ2
lHM
LOQ
qz7
gT_
sS9
eMN
cgU
zPW
xIR
G45
jH4
oAJ
fyH
mMY
giC
KZ7
dnq
quP
NS7
kr5
cW6
CP3
anL
xyB
gkS
jsY
rYZ
ilR
tzA
ix6
vLY
nY_
pqw
tU1
ru7
e3_
fjU
dX6
uTW
xz3
w49
dlK
fR5
hrL
cjR
eqW
eUW
qwX
oLV
gsT
nEW
sxX
fyC
qJQ
qS1
guF
kK_
jFP
cs_
ozU
tJ8
pP5
zMP
lrM
dK3
orF
EUZ
bCW
sMR
hX2
FX1
kpP
JNS
i2_
cei
eBU
dxL
fuJ
vxQ
GZ9
xEH
oKQ
r20
sIK
ghk
wGP
rT7
RUX
EY5
rX5
EHV
vO_
GJ1
s16
Z4_
iH4
jC2
cmF
DGL
yN5
ly9
LU5
gF7
ahL
NP_
mr8
xI8
mvU
cqN
dm_
tBD
hvH
lp_
cfx
jq6
ltM
lpM
jq4
gy0
bqx
bsF
TV2
x27
qsG
UY7
AOV
gmq
kn4
nEX
c12
U25
hmE
dm2
lIM
br_
CZ0
wIQ
ef6
uJ7
euO
ET6
FH3
mVZ
dmU
LR0
yzR
Y70
HS3
qM2
HU2
zDL
IWY
pv7
IV4
xY7
uP5
noA
TV1
beu
vwZ
dt6
LX6
IRX
R15
cf5
xIV
aiV
MP_
mCO
U80
vAJ
HP3
duM
fwD
u34
nV8
nOQ
oMN
PX3
hoO
eX9
adS
eE9
IR3
iFL
B0_
nBI
ivG
xW5
fu4
T89
CKV
ciZ
lL8
ntX
jtL
l13
coJ
R60
BQY
f89
gtM
dsY
cQ_
lHV
mv3
dD7
lGM
zF_
fj5
klN
vFX
aNX
buS
ewB
eoN
VZ8
fiY
aqK
ADH
bO3
fzT
bR6
moG
fV0
vzZ
HUW
iUX
ev4
kvP
vCJ
