bftn
csst
cfme
csgd
bnxz
bzpu
bzsb
atov
coky
bygg
cvct
bgun
bxpe
cevj
axvd
arej
anzk
aney
cqpl
ctom
cgpo
bpik
aomj
cbri
cidt
akuj
cvax
bfhj
cdds
ckpb
coms
cojw
adca
bmbo
cjat
asxy
asaf
cdgl
aesu
ctmq
cqme
ayej
avpx
avqy
alwn
clvl
adas
awai
bcpf
aerf
ayyc
cduh
afnf
cnhq
bhlm
bbjf
cgxn
bioo
adbv
aomt
bqzx
arka
cjuy
aidc
agox
clrr
afna
axij
asbz
bbkm
ayie
bett
ckfd
cedd
cvxb
asfn
cgeh
auaa
bhgy
bvqe
cqmm
bmtu
bsvx
clow
ciky
bwtc
ctwk
cabu
ctdw
cgxr
bkam
ckfp
ccwn
atyq
cvft
aevk
blyh
aoqk
akxh
cfgk
csqd
aexf
cvki
ctsb
cmlu
cghi
akwg
cavz
akau
aqke
bzcy
cppr
cqqt
bmho
acdu
atqe
awci
aysd
aqfi
atom
cmsy
anxr
caoq
cmku
crvo
bckg
binz
aqpg
cocs
cjuv
arml
bext
ccko
aoca
ckqb
cqef
bvmw
bbxa
cpju
ctmz
bxmt
cvev
aiet
apvo
cssf
