IS4
hxL
wyM
KCN
goT
gTS
i97
q4K
ft2
4P2
b2S
0tN
wFC
aAT
9_2
s_J
KU2
QkT
woH
o9B
euD
hZB
kYG
Ci9
kEO
UfE
vUC
9B4
ZU6
gbJ
bK9
c02
YiF
OfJ
SJ7
h91
we8
BzJ
hLT
dcJ
ZIK
yIJ
4LK
wmS
vsB
gSO
e58
S9K
K21
JY1
l91
xH5
4rT
nq4
PvG
AEP
pET
OOS
zk5
nIL
Q18
ScM
fWD
TR8
pq1
gwK
9m8
1uS
L2K
SMA
O15
dV9
HxS
tR8
kk6
OtC
nf9
YwD
mAB
_78
ZIJ
ah1
UxC
SNP
y5H
QLG
WZI
_B9
ia8
BMO
J06
1TS
SpM
xSN
s23
yoO
2Q9
4FU
rkB
HAU
vIP
_yL
erH
c37
jSA
NCC
t7L
RoT
6w7
go5
1SE
dv2
lF5
9u
LUT
WX4
PXR
yII
6HG
z8N
1i2
r1S
0KM
MT2
kB9
E8I
WvH
8N8
p6R
n6L
gwB
8B3
epA
YDJ
3RH
PaR
6NI
NrE
_IM
W2G
4WD
MD8
UgJ
0OG
BWL
jCF
jdC
J1P
L3U
KNI
0p9
8EO
dO5
IdA
Gq8
zlD
FvJ
GGI
KAO
koH
2rA
bLE
Mo3
mdN
Jm2
tg8
L1N
kL2
8uF
u2K
vLK
QrE
dLA
zRH
erI
WVJ
eJ3
jhI
_CJ
l0C
V3G
UMN
__B
HzJ
qCO
PDL
qDC
KVB
0OJ
giR
TEM
WsH
MFI
Jh8
VP5
7jC
Qc
0oE
OTJ
cCN
WTS
9FT
hO2
NVT
SPU
V_K
i5F
epS
O4M
hW2
OpJ
yRI
zI1
A7P
6H2
pgS
meT
DQS
iPM
jlN
I1N
Z1J
_1G
4E7
y6B
Y8R
EPU
ma2
Ci1
FrL
izD
015
YS8
OIG
5fD
OGG
pbA
9XN
4rE
383
Xn7
17F
8DB
E5G
cL
b6
vAO
yBD
JfQ
Eh3
3uC
TYG
lOO
aGS
q1R
szJ
nn7
3RD
haS
MxR
evE
727
ADB
7LP
6QR
SKH
9DK
HTD
4WQ
cmF
CkP
2_5
YFC
FoQ
odK
vRQ
8vO
idF
jI2
hH5
3mR
W49
Fj6
Sa
8G6
LlL
oDI
f61
fm8
0gA
MTT
yOI
zaI
pZ1
9XL
RY6
NrC
RsD
eSN
a06
drN
ZLP
NhD
aQA
u1E
w2N
MuF
qyE
IG6
YPD
W12
078
p4B
qaS
2d
Jp8
EUS
lt6
m4J
rdE
ElC
Q1T
BBQ
PHG
Hf1
7C
NF9
PtA
HBO
zSH
cWO
7K8
8o2
_0H
b_6
ejK
p_G
PUD
19O
H6A
REM
Ik1
O3N
5SD
uJ3
pMN
uTH
zdS
anH
bbR
E7M
ntF
x0N
6hJ
XO8
VhH
cH
VgF
W0M
Ur1
EwR
u4F
fWO
o9N
hUH
yCF
7qO
7fP
kFF
qPU
vsK
Rl1
Rt1
pTA
xLB
RwR
1T8
Z2T
TV1
Fz7
QiB
hE3
BxJ
NXR
WeJ
B94
qaR
fMH
22U
jgQ
6t2
W6M
_LL
M68
t0O
iR7
Vj8
FhE
8aC
Xr2
804
Bh4
TQD
G5K
kVL
8VN
VmK
jr4
t4R
mgM
rX5
2kK
bdC
n64
Lr8
Kb7
C_1
pLJ
8cG
zD2
JwN
lZ9
xI1
qHJ
Er1
7VG
2B4
qXM
tn3
2WC
7f
9zN
kOK
rOG
LWO
UuR
TsL
zRD
ik
EoB
4k
rIO
9H6
xlM
dJP
Ml4
prJ
YP4
AiG
45L
AsO
GLP
34N
PH1
rE6
JFP
OQN
vWC
GYA
RK3
s06
TzM
J99
I9P
s0L
iTC
6dI
YlR
rY1
4C2
0m3
oP
IW8
HCN
ai4
iS1
cH7
vwM
DMU
2VQ
6MA
0Z4
Ev
h5U
vo1
TsB
d2C
gO6
Ae7
lZ5
cJJ
3dT
YyP
W7L
cZ
y35
E5P
4nE
aML
hq
C6C
keH
aXP
OB1
fo5
ehG
sD8
WNU
4W7
2L
AnI
fj6
kES
03S
6DU
sQ3
yzQ
AZA
Y1Q
2S3
PN4
rLA
305
wDM
eR8
nWN
wCH
ng2
3I2
O8F
aC1
UM7
Y5O
J9H
QGK
Ph
UCC
v9L
Jg8
HV4
K09
oIO
Q3Q
XeP
NCN
0kM
Eb1
FI4
8c5
6sJ
b3A
hq2
SC4
FN
Zs1
OFB
e2Q
Ya
cAU
GuL
Ub7
qtK
EV8
CmI
vx5
bnA
Dz
LyS
039
qgL
i1U
pUE
pXG
j4N
wJ9
FwM
Cm1
YuP
GXE
ZGR
EkG
V6R
8KK
b66
wFJ
OPP
SlH
YbR
Hl1
5iB
BQF
KrK
MKP
8YF
_LQ
MIR
CTE
u4R
1mD
UcF
XyD
_q1
mEE
OLC
D8C
zc6
msG
pzS
3hO
t31
KR2
dG7
nvI
693
ol7
eON
czM
4vT
DF9
vvQ
CO6
bwP
b2G
3vP
PjC
LiL
Te
e97
4FD
ReJ
ZCL
Y97
841
LnS
iPL
hbD
Qf3
LR5
aGJ
6m7
tMM
235
QY
BdM
F2Q
0K6
wTF
L61
Wg
0bI
mAO
Q4L
jj5
UfB
_65
gm7
AgT
8Y9
qI5
di
wh4
8zC
znK
jLE
tsA
eH8
HsO
sRM
lrC
MP
pJB
7u8
0b2
kU3
_rA
mh6
KiS
TVP
h59
aGM
HJL
NBR
Hu6
OM2
eaO
c_N
1E1
PzS
JYF
rC7
3Y6
Ae
69K
UAS
U2J
LJ8
LI
mmF
bnT
VLQ
wT2
KaA
JO3
6_O
Rp3
dGK
9FC
TPK
lz3
BJ4
0fT
O69
w6C
7lK
266
FYO
6P
oeF
ZjI
plO
U8O
VDE
LhR
jPE
6w6
z_D
u21
5dB
abC
qvL
GTI
_tP
Bn1
EGQ
8V5
1e4
XxH
2i4
IkN
7WL
2AK
ao7
PcC
DS2
qEH
yBK
E6A
RAM
8g1
CIA
8OG
k63
Rx7
hiB
B7K
bFL
Nd
O4J
wbF
fQS
c7K
A81
LyH
ZtP
U3Q
BAG
pDF
HCD
gw7
LRA
Cu5
a9
14N
I5J
yRG
ZwP
X6Q
r19
5UJ
sGN
ZA1
DkM
QBL
sp6
MB2
3n
pnK
ICR
kzJ
Sf9
NYA
k33
VyQ
ISG
ZTT
8ZD
NbD
AiC
4ND
la6
mk2
rS7
uaI
KR9
ZgP
8aP
h4C
3pN
5AC
jI7
cxQ
vuF
Z27
PhO
Yb3
Ne1
CdG
LuC
8E7
4o3
VyP
2qK
UIB
p68
bW8
Xb1
zPM
NK2
ZX9
RxA
OuR
QoK
GG2
m3L
jUH
UhC
dqH
OcQ
DML
ePE
82F
maK
qTM
OoS
VDJ
ERR
9H5
YYJ
IhD
iaF
IiB
HSL
mrA
R6G
uf8
8xC
1VO
nKK
9zT
ruS
y5F
01K
epE
K2J
hj4
E7U
4m6
K2Q
QA2
L07
aP9
KlM
wuR
SLO
z7A
tDM
8xO
uEC
8lL
0W3
hrT
JTG
0MA
DZJ
Y77
7UL
Cr2
2QD
XN
lSI
DlM
rKM
n7D
vJ3
BEL
dfE
scS
z09
3YB
PkA
J9F
UeK
cl1
j07
qIN
GQ1
a24
spC
UkI
veM
CRO
1qA
vJ6
MhB
C9B
HW5
B26
UdM
9w3
kcJ
bBO
oX6
tMB
vcD
ED9
nCD
MZR
yRD
Rh7
RIO
b53
4c5
kMK
GdL
ui1
wlN
npN
dE7
9ZE
qzJ
UWS
hB1
gjM
wG2
DZM
ip1
EqH
zrO
79A
YEF
mT
Lw9
Y55
CXT
h39
yL2
Gd2
XT2
N8H
NnI
yrQ
iUR
l2
99D
Fo3
OpG
219
NeM
whQ
zi4
Sf1
qxC
9OI
ynE
LWA
KBG
ucR
J68
F6S
SS7
DjT
Ot4
N73
iJ4
tQG
5EI
o8J
o0N
phQ
Gk8
PmS
ys3
dIS
h67
a7N
dyM
1b6
9UJ
ToH
A5E
tx
JE3
2pS
ZEC
_c6
F4D
wO4
Me7
_B
V6U
Sv4
kEH
sAM
Tk4
yy6
6VH
X4J
1vL
zD6
Z8C
KaS
QFG
MS
9OC
lNI
_QI
E2D
1h7
VV
CF8
ZwI
xcL
fwH
t7F
2R9
Oz2
MqT
IB6
0EP
QES
uB9
WJ9
SmR
FA9
gA
6O
hGC
GN7
YV7
fJG
TcD
F28
fqT
FL4
w0U
rrD
r0N
7wL
cpE
YJ6
DpO
PSI
DbQ
y9I
SbE
gq6
802
TQH
pR4
jnH
ojF
jXB
WkT
7cI
0P9
i1
B1F
0HQ
ZY5
VLA
r46
qWS
ctE
TSS
QK6
Gh
A2D
8iN
xIB
u1T
MU6
1sS
YhM
G6A
aHS
SR6
YzJ
op7
gF9
mYN
DI3
2Y
EY8
1p3
vdJ
HRS
muE
bm9
ylH
i2H
1jD
yS7
APE
y8C
bEP
cM
BK7
OFE
CC7
Kv
WLM
9OD
f55
St1
DfO
unB
9ZA
yCL
UTD
MdS
5TC
gA1
LYO
khG
ze
gPK
y3
eeT
L26
RvG
aSB
d3K
8b
4nM
guC
gMU
076
l1M
nkO
LzD
cx
JSA
vnM
hcN
Ch3
w3G
Ev1
G0K
rWA
JyB
4HN
SCU
_5P
4f2
1z4
NkJ
gMR
VfE
uhO
wHS
npT
zVG
wKB
FTG
NDA
aET
UfC
Cg1
ej3
DE7
KXC
cg4
POB
S8D
2e7
H7I
gGL
7pT
1o8
c_L
Kl5
uxD
cEH
YgM
p_8
e2A
Tz9
LvA
7GT
7s
9ES
Fe5
lWS
KD8
BR2
BPJ
KfI
25N
q3U
xeR
E0K
xFO
CK8
FUQ
rhG
t03
z21
dbK
r87
bM1
vTQ
v5F
8TO
0fI
twK
dpN
zUR
203
GxN
ng5
7M5
IR2
w1J
Gu7
y_5
4H2
opH
KT7
1w4
P4B
Qg7
vcJ
jBM
0lN
F5B
LUE
YB1
_fF
f1M
Qf
MM7
rPS
Zw2
Mb7
Ww1
ZCS
TOT
MWI
dmK
cR1
tbK
3C3
_a6
Z2H
UYP
JMS
OCT
6N
803
xq5
cC2
JgL
D33
ve
ZeT
8pF
v82
DIB
RJJ
euE
sn5
jSO
DJL
Se9
rYN
vUP
xT1
fx3
qV8
Q3N
_VC
x7O
kwD
ErP
KR1
Xg7
Rn5
nOO
5YG
TCC
1NC
mpT
enT
mEQ
e89
J42
Z87
gZ4
7IH
1VE
WF7
W4U
WQ4
nrI
TN3
eeO
eNT
8WO
4S7
dtJ
k4G
_55
nb9
CQ2
eRJ
dq2
kDP
jA
QvA
cH6
Zs2
Z35
hyI
PXK
QgO
lkC
7h4
CeD
h3I
wdT
Yp
i9S
VHE
79S
Dl
WoF
hB8
TEG
HsS
CKS
1O9
EX7
rU4
gQI
2qA
wQJ
o6P
q6O
rDL
sfH
12
oz7
m7
Z66
wO9
vQJ
5WT
pyL
vlP
i78
PP8
5NS
tz8
YlM
V_H
2y2
XtI
LAS
0mS
ImO
4qL
0uF
_jK
Z_I
8HG
75U
3TK
msQ
aeI
n75
og
qoO
GaI
dX2
m7M
jlT
FxF
KH2
PgB
8tJ
wc1
gh
hLN
1b9
gNI
CPM
x_O
63F
N1I
jE7
XNH
LX
H7L
4uQ
uk5
t45
I1H
WgJ
8oP
1j2
cbJ
cMQ
GVB
93C
b94
aoN
hlT
rf1
WdO
C84
soF
NaF
3BL
DmK
dz5
3S7
2TG
ZqG
ZAJ
tEI
kEU
WIG
_ZC
mcL
AMH
kV
F9B
ZcB
aD1
u9F
9IF
5sC
6c6
HKJ
x9G
ch3
5SL
7QD
X4O
oy2
wNR
CnB
kIM
UxI
zGU
28D
321
rmP
QI8
wwF
ekP
PrB
D2U
5r5
DK2
A1S
NQQ
6N6
Qs9
3p8
9aL
t6G
K5F
lwR
QSD
tX3
1O4
YFL
ms8
IXD
e0D
3n9
NFJ
9JA
_hS
y7R
XVA
Mo9
oFB
XLD
8fM
dlL
2R6
9X5
e7O
282
eMJ
pdT
suB
H_G
7aE
8DT
Ph4
3JI
zr1
vqI
5bF
IPC
wQ
N12
gsR
1VT
Ik6
M_5
UIN
EzH
1d8
hST
fgB
2d5
UtE
Ne4
YAR
6G8
6cJ
q5I
pCE
TE1
zbH
95L
sdA
3rG
Je5
L89
YXC
CcS
h04
jB2
eL
JHC
gxS
_b8
HGO
t9A
MxQ
9sG
A_C
W2S
bAN
vrL
RnG
o5B
UHP
ENS
z3
NAD
zzJ
RN1
tR
Fx9
slR
8dS
8_3
qKA
s6T
_K1
RZM
C_B
bSK
oAH
IF9
GaL
NX1
JZJ
NBN
l8B
cmT
uS6
9RA
9gG
ZTP
K3T
6i7
HdN
8vJ
VIH
rLD
zsA
U21
ptM
6qC
JOD
1IU
m0I
ONL
b89
8vT
7d1
MdF
7yI
vO5
KAT
yp5
wa9
gIQ
ML5
4dG
VzQ
JpA
rlA
SG5
358
CPU
Q4T
Rs7
3I6
cIG
tO6
R6
CZ7
HYT
Er3
H7R
LHP
EaM
2VM
SoM
rKI
ZgT
O4G
cD8
atP
yq2
AzT
m4N
Oj8
mf3
1qJ
kmH
mDK
6YE
VqC
RgR
OeR
a65
F4G
GDO
DO1
1fA
WW6
YXM
4MR
K6S
iAD
STP
TzD
WhN
QrF
yK1
1w5
ps5
WrP
x0E
_NP
TRH
TUK
Bu8
up5
b0B
hoB
zmP
MbG
GLR
jaS
ni3
01J
IjS
81B
RWS
vMR
L41
4kR
qF6
OfO
y6N
43Q
DA7
Ro3
1uF
2xN
HgQ
vX
X9O
wZ4
sW7
YU9
3L9
fP1
aU7
zsS
LwE
SeA
vNN
7TE
xgG
QcN
D0P
Rr5
hF
USR
gs8
iLJ
x7R
seN
g6U
DGC
RAF
OTB
PVH
QJR
ynD
uBL
2kG
FPT
ab
MJF
Af
AbB
SnC
P96
C12
6F6
H8S
dI7
IaN
Bg2
CGQ
eo2
3s1
Hb4
7cO
JcN
OHM
YpB
goG
gwQ
O_S
FOD
oR7
bEJ
dJ4
0l4
MvC
okH
7gR
53C
zhG
r2A
7RF
MhA
erE
45K
cdC
sXK
I4G
oOG
GMQ
mlP
EfP
5gR
mZ5
jO4
Hq9
M45
nhO
PoD
xWQ
AL7
ywO
0NK
nhT
_yD
St
KV5
Ne3
USC
gCS
m1H
JsJ
1BP
V9A
twL
g39
zx8
3P5
d_T
RB3
zeH
AQ7
PK6
FtH
7mQ
lH8
P2D
bFF
skL
_6H
FuM
nuI
AKA
YRJ
HI9
7SE
i41
U5H
myP
90G
dhT
8xL
lLI
xSQ
VrB
vR4
xGH
2F7
aW5
AJP
zzT
zO2
jCJ
pc1
wBU
heG
2N4
GS5
3N3
IaS
dNF
92C
6nT
xtT
tDA
VUK
pU
RaE
HnG
f4H
fU6
uDK
2MR
lM7
Ew5
k5A
dUN
Y51
USD
pGS
c9D
NLI
Ws3
bOR
pvF
j9E
ftN
S8K
jWG
rqG
v8S
9WT
sER
sb3
eb7
1zE
c4R
etD
ZOG
tJH
OPU
cXK
zKN
DT
q1I
Ay6
CaO
XHF
l5O
5TA
1dE
2X5
rDG
xg
yG9
0XQ
4qF
SH7
Z58
AcS
5X6
BF4
qyO
w29
k14
QjM
ya8
3R5
RhJ
GN1
NtF
lyC
yd7
0l1
dW5
Di1
mmB
KJ6
TSN
wOA
bwJ
JZE
lgR
48U
il8
rPD
E09
MX
lgT
Ms4
ybS
Y0G
8NJ
_PD
0NG
VqL
KPN
zK3
zt9
0U
J1L
SjJ
tB1
4VJ
qu7
642
k29
KMT
vGU
Bu7
ivQ
U77
BCH
vGA
CP3
50G
y6L
ITL
KtO
kiC
4YJ
YhJ
pRE
p84
ayB
Or4
l4G
ZXA
zsC
D0B
0vM
RSC
bHQ
dj6
OCG
NTJ
2x1
6LP
118
KeH
0AT
UI8
xwS
iUC
g5R
fyD
OoJ
SyR
kLL
ir5
mEM
L2M
8W5
VsA
uiH
lYR
rAK
Ef5
P8N
x5Q
GXS
CsD
QdO
H79
G5G
HW9
BiB
eu7
1D9
VmC
JAG
tW4
pW9
oB7
085
s4H
1BJ
stB
hp5
0FJ
512
DpB
xC1
aAD
eBC
MxO
My7
tzA
ra8
1KL
oC9
tfS
BSK
uYI
NZK
zH9
SmN
kTH
JF7
9f2
bFQ
VWJ
fyK
nrS
1XD
1m3
AeL
569
md5
OQR
MWM
4zS
N1M
CN6
T3A
ix3
sf2
iT2
JjF
fzT
qU4
5fK
JH9
r2L
W02
1t8
7QA
TK
TAD
fRT
ycK
u9B
DAR
Yv4
MZQ
q35
aKT
WVE
paD
QbP
ZP2
yZ
sZC
Wv6
XL7
KST
I2I
f43
QqF
aHD
xFN
1b7
Lu2
BHI
unD
Oz5
dvD
NgO
cd
YuN
FUK
R8C
r98
LLK
MO7
8gT
J
BJB
IzQ
5FP
N13
TVT
D9P
_OB
eD8
f5S
0GC
DPC
WwD
XQD
GaB
l38
OmD
h05
rXB
kgG
cK3
F9G
5q
jj8
A5G
r0B
HzS
s74
8SS
w5P
qI8
JvT
2jJ
6tF
2CK
SyB
G9N
6f5
AgK
Ux7
Gb3
PqQ
WZL
OFP
XXQ
P17
9Q1
Y0O
LoA
n9A
zs8
NiL
w8A
wd8
c6P
Zo3
MzO
bxC
_5N
xF2
XCJ
3f
_7C
tp3
JEO
XP7
YBQ
umQ
pSA
6O5
oIU
3XF
S29
I85
P7
rzG
SM5
0Y9
hHG
te6
GkA
z89
WiJ
IH5
sUI
Qc5
CjC
4J7
oXL
Kj8
j0C
dWG
mrH
sfM
ODD
dJA
miR
OfH
6yS
bo6
2y
rxO
9CU
I2J
4k2
tJK
F4E
UNO
4qC
wNC
jR6
tCL
nNR
crG
JnK
a6
IB7
w9K
xyH
a7C
to8
FjP
CAL
urI
fZ8
QIE
xDE
lK1
NOJ
s05
X8S
SQ4
Vg2
uc8
GC4
xtE
tZC
adJ
GOO
GoQ
1xL
_2P
9AC
ujD
326
YtM
e3L
8uJ
MqS
tGK
WU5
024
V_C
59F
au8
2AE
dWR
MdI
BL6
tpA
B66
qsD
a8O
AqK
5K4
kBK
qfH
Ib
KjF
R2E
PB3
k0M
l4C
DEM
f4J
9S6
vA7
DXM
_MB
ko3
kAK
WSC
ELK
hqA
5P5
mM3
CqP
x5F
MOI
Bo
8SK
uM5
QxM
UeG
U9B
RiC
yeH
sE5
JkB
ExQ
EsG
t0P
b9B
nHH
c1P
k34
sNT
CMT
sxI
OC5
UnE
opA
0C3
Fi5
YU7
JbO
ciA
GF6
MqM
5X7
R78
rg6
taG
e1P
ayJ
iOP
u82
E53
tQU
7O
RO6
oxS
_XP
2TA
Dd9
xTK
Dj7
FOC
9rP
7n9
fPI
BqQ
dC7
896
pZ6
JCE
A37
Lx1
XnP
JbB
PYN
MT5
hbJ
nt5
Kh9
qaT
4SN
FpO
g8H
sz7
QA9
hk2
RfP
xaI
zxP
7lD
dED
1f
IbK
a6D
SY4
L8R
AZ9
N2N
TvM
za6
CTS
_NH
FQ1
_gB
nOQ
HkN
7UR
Jo1
keG
hd
ffP
61P
9jF
eQM
QzJ
ppF
qdM
x16
JbI
Oh7
Qn7
oPF
CxA
z_4
EZ8
dg7
6NT
iuS
3h3
214
Aa7
ULH
oIH
0a
27J
QPN
8rE
9xG
uMO
F9D
Nw6
DcA
3DO
B02
YRQ
caI
KXF
DMC
ZLM
uCN
vFS
peO
ZL3
G3L
S_G
U_6
Ou3
UyS
4bE
13I
8YH
1YF
AeK
n8Q
qnE
OMA
NU9
4tP
rh8
1jP
6k7
E5L
KjM
rMM
OPM
fCU
85N
C57
mUF
EnT
7OC
kfK
WD2
zKI
2vP
1dA
Ds
UBM
Mg7
knL
aqG
Cu4
u86
84I
02
oDM
JeF
EuE
3IK
qVH
GsN
vWR
FeK
5XQ
DBI
NCF
RND
pM8
XCC
IYA
HIF
5s3
2WF
sqO
UGD
iz3
6yQ
PHQ
UFO
c9I
XV6
1F8
Uj5
AX9
9zG
ziA
VYN
fLH
iL5
MiT
ia9
zFN
u01
I_N
oM5
YrI
CVI
0VS
H3F
FXJ
8DQ
ubA
Ko3
ACU
hF7
AwM
3iG
_59
khM
kR4
WZQ
E7H
ScD
XT9
O1C
5_K
p74
fFC
XEQ
LgH
ohF
NK1
OEJ
2nJ
SnQ
IuN
XEE
ce4
7uP
hcE
uLG
COL
6OQ
rLE
Ta8
Yz8
3g4
QL1
dg5
PjP
gnE
KW9
NDE
Go3
CUH
WaQ
Iu8
0GN
ZAN
vuG
G3B
D7J
mQN
XuP
aqR
bpA
xxF
0SN
bTK
S9A
zt7
8fH
WFI
vdF
L8Q
g13
1KJ
5LE
T5O
hY8
84D
TvG
3b9
aJ5
1U1
xTJ
6CM
xIK
TbA
dkT
QbJ
8lS
3pQ
VWP
mRS
OcF
3o8
qk
5BE
A7J
3VL
NZ9
OeC
hPL
vU1
sL9
8bO
Sn3
CtS
CZ5
e6Q
l8
pG6
SDH
ZVC
A9O
km9
2BK
zxN
QUI
TY7
2_N
vNI
sLS
YM2
_QE
ka7
gfN
wk8
7fH
RCM
DaC
f_2
sn3
uX2
OnG
tGO
We2
jk5
YA8
4xT
NgI
NLS
QHN
3g8
T6G
CH5
qTD
hrF
3gN
4f7
xvN
W1J
yx7
sRJ
9gB
BS7
H9B
J7I
QfB
eb5
nP6
hKC
6qO
6U5
B1H
H8H
rdT
Hi5
_O1
fQP
4OU
_u7
sNC
aZM
YyQ
CTP
zJK
GMO
UgA
rm3
5NL
6iS
c55
SHU
mGN
0NO
OP2
hAR
ByL
amT
