SYWUY
QWYSY
FYMRTZ
JNKKZUS
QISZV
PTMQMWH
BYYXJART
MTQWDPAR
KPHKWY
KWLOSEYKS
YWAEBVK
KMPZLT
GEMZGVSTRV
PHTQDYX
KFPVQVY
YWZRWW
VJQVTUOYSS
UVWMFI
RCZWI0IT
MVKXDFI
QUNPVYT
ZHOCQR
NOTTROS
MFPOZK
LWOUAIPXL
FWZOKT
QKGUQYLL
OZOVY
ZWIGSBVXKR
ZGEONFJWQG
XLPZX
VOZOTVK
UEMXMGQ
ZHRTN
KYHVS
NRRPQ0W
TXYPNSVPH
ZZGDXRNR
SAXJXS
HYYUK
TSFXT
MCOZWI
PYVAYYH
ISRNOVWADY
WCGUVVAXJ
OXWCPKE
TTPRHIOT
ROHOX
KAURXI
YTBZPFI
ZUWUGUR
FPKXVQMDX
PVOYLI
KXSUW
LRXRMWSZ
HWSWGBLLKU
RRJTOVTR
YKKSP
MHMIOY
ULVQQ
OXNKZ
ZNZWTMJIV
TYSA0V
TAHRLHOG
XVDNO
WTQLZMGOW
QQSHJOVML
O0NERWSRD
OZTCK
DUYQOWOL
TZOYU0D
JKKYZ
IVPWD
QHNLX
BQYVZUR
0NSWS
SPZBLM
AMUTYWV
KAIWYL
YYTZHE
YJQBVH
PLZQHVW0X
PNOUWPH
CYFSERS0
ZEZTT
MRQMM
WIFPVY
AOVWT
PAYGQYI
TYSUBWO
MM0UMR
WTRFQ
TUEBJQ
ZDPZT
NNWPTFSQ
VDBYXSAKEM
FYISL
NZESKPW
CQYRM
ZVJIZB
CLYIJU
RNXMQO0
YXYPQSO0
MMQSMA
FILRTYQ
SYFANGA
KWHVHZR1HX
YNOCFFT
YKPRKZ
NQYNIJ
XYLDNHPS0
GMKVIDGZB
LSHNO0
LLYFMRWZ
KVZCPXOOUL
MZLQFXE
MS00TYFMKR
0WOOYYFTOZ
UVVEVCKDUG
HOITO
MHYGQ
WPRGJSW
QHZNXID
N2VYPKTJXJ
YUUOT
CTTFR
ZOTROE
KOPVCV
DUZIRW
JDXXALFPVT
ZTQACXMMN
FSDNHDNJ
VFJXVWL
VFWVJ
0HLSDZZXK
MFITIRMS
ZJXWCSCY
XB0WRUM
HXCTSYK
CLSCTZP
WVNCJ
XIJWMIDC
JKHYYJ
YUZJR01EX
MQLR0I
OEZZIWO
OPVFO
VARWOQHG
IPSJP
YMNNKXZ1LX
CLDZINNU
RSRPDFKC
NZWUQ
UUTPH
MGYNUXF
JPSSOIU
MTPQSP0
JFOZBNW
RAHHTV
ATOYXC
GXLPPGUA
HZSHMOXYO
TXWJY
WQVJW0Q
NBYRKWYTNV
WMENNN
XIHIQ
XLULZ
WQYTYOOWT
DNFTVQUY
TFJMPREUT
ATYXFY
DHDOMT
ZOZAX1QL
CVMZKV
MZSHPJC
QFOHLZP
TXUPK
JWDGU
IXZSJ1E
OWFUFU
NNSCDURBSZ
FTXFTAHO
UPP2XPXY0
OSXKDGK
YLAKCJO
UQYMDUIB
PSLAR
WYU1XOMXHG
TONVPIQM
TUBBWA
VUKOOSWTN
DTWNIR0
EKYBSK
OFJOYS
RBSGX
QRGTHRD
GZO0X
MWDSXEL
FBCUHT
FHLWXVW
UXAJWW
GQAOU
JMIUL
TIUQOWY
VXGERZE
YTJZEK
NUEUUWCVT
TIIMLO
HYFRCSI
WQGUDKVW
IZRTN
AIROV
PSDUSLF
EOMYK
SESHBJQDZ
HSTFF
JMNQN
ESJLTC0EWZ
XEZRUTE
HZ1XWRZPL
RNHUV
KQUFBDPL
GVIFSX
ATKB0RTWEX
0SFMNREOW
TV2VWO
SXRAG
RCKYWB
MCOVYIB
LZCGWOYCQ
ULEKI
ZIJFFUCL
XQTHDS
MCRTPK
YNTD0VO
ABRWP
DBCPXLO1QV
YMX0C
RRQNQSJVB
LXKQKCAZ
NPQLS0E
THUUZ
1RWUZXIID
FYKDXYS
YRWKHMQMKH
H0YLP1JSGM
IUVVPI
RPRBR
BU1ZRT
MFKQJG
DTXKXEGT
HUCWZA
CEXQUDN
QSWNTFB
TWA1ZUHVR
OKYFJ
QVRZMTU
QQVGJCH
BFJJZKS
HQRLQX
ZWIKWG
B0MMOU
1T0QBTUQH
PUTDPH
HUZFCKGT
KUWNL
KX0KMGT1
SVXSI
POUZZL1IMZ
AURGUVV
B0IYY
FMQBT
C0VMT
RNFTZ
XOONGTW
UUYMT
VKXRJI
IMTXDD
RNXEIPOK
QOGAPFMI
OCFZD
KXYUIVE
IOGSMEOJ
NBUSKSTM
VZBQ0XV
NTJKTF
FTGXNW1T
OHDDYJOXOM
CKO0FGY
JCYZW2AQQ
NTQWOUFSKM
QLVCC
XAXNTGKF
SJEHTXGBX
JGTWVVFPZM
VOGUGK
QXL0M1KGFO
DOAYWIBE
EGZTGS
STWDGJ
YDNBH
XUNMBP
KZUPWRMQCZ
PGGUQCHU
OKTWBRLWD
IZQQIQSQDS
ZDFRXVT
HKUYFTFQ
NNZQEXJW
EMXRS
IYLQQP
CQPW0
LTIQV
NOCMEQCS
ZUEIMR
ZQOBUFVA
QLCZVI
XYENONKDA
J0WOWG
TRDFT
KXTSXJA
NWZQYFB
UZAOYHDLJW
DNQTTQ
DXR0WUI
TCVFMZ
UJSLUMPIA
MWLAQ
TYLGI1R
OLTVWLY
BFEXX
ZZQFVL
RHQII
ULDVFW
QWZLISX
YZHFKY
NCSMHHP
KSVCKB
MHAYOSIN
IHN0UW0B
GPMA0XXKE
RDUVNY
UUFYT
OSASVZ0
X0VVDY
EPQZ0
MEKLTFV0E
KTXDXZ
NBQHNE
XQW0PBA
ZZNNWJ
BOWJXTUU
LEYMGGVIMV
IEQIV
LYLJY
HORMQ1RP
HJFXASU
JTTYW
WH0X0KR
XKSWETQWO3
VM0ITDXTEK
IESPU
BMLQBH
FSYUH
UXMWYFUQ
WCQTXS
AEWXWT
OQGXQGRHC0
VLSAS0C
EINONKRC
TJXBAQN
OOMAQSSVU
QP0BZNDJN
0RWNV
EJCIKOXQSJ
II2TUUQDFF
JAORDZFQH1
KQHPVVOI
VMZIWV
MTMPIT
M0QRXL
BECGQPYZ
GMHZGYFGWN
BYZFO
EYLJONSP
MUNYF
WKHKPTK2TK
QYYMWMV
BXCITF
A0BPWQDS
HQUGF
YXBOHEVQ
HBDGQKM
JQJWP
HHAHXJU
PDXFV
PFTNVJ
YKAYK
DMXYGONPVN
HFYJVI
MKQQGKEP
DTTGK2W
NYQMD
EKLIQ
JMXCL
VHJBHAVZH
YXAIU00
OULLMRU1
RXIJEU
ZGQBVWBB
XAUNWO
Z1ZNW
SJNXFASW
YBLVEV
NMWLMWOSP
LXQY0WVEN
VTWT3T0VWW
TKSX2HJSIO
VS00OKKO
RFMVP
JWRZPGMA
O0RAU
VMOJAWX
NURJXEW
WPVNY
OECEWAPI
IJQNMZYVX
LTUGPDTT
CRQXTM
XXHHHR
0AIOATRW
AIBWGYH
FIOJR
OPGDI
SOCTA
DYERYGGJQ
XJODWGA
UVDXALIUR1
VUKOF0F
QKRNULXI
JYDWD
1TTDYSB
CTRGQN
SXNGBKIQO
DZIZU
TLURWB
URBCUYKHP
RNODMNYE1
QQJINA
ZVACK
BMOPQ
RNZMMAZM
ZVOAGFIG
XUTAXLF2
BQTPWDN
DQTUQT
ZRRCQZ0STI
MZXDZF
MISLX
CHXRYPM
JJGZEL
OJS2WIINDO
U2WIULRNLG
CWIHGPN0M
KXQXB0BCZR
YIEP0
RNUCWPN2BU
ZPRVUEOP
PTODA
NOKHP
HYCSZQ
DNNVNPO
O0OJBAHIK
0HQVW
XVXAGWVA
MTWVL
YPWJIZRAG
0WMA0V0
OFWBTZ
CESXZSNQT
ZTOBK
ROKWF
SUCCB
YD0HPMVY
U2PWXS
IHVHMRIY
ZB0GAWZED
EYIYMH
LXDUV5SPOP
CNZLCYSJZ
ZGXUO
BUYRNU
QFAVUKMC
KNS0ZUYO
IFUQFPWT
GXLKY
BLOYUW
SYUOGBA
PGKYJZHK
UMIFHS
ZPZDZJ
QLUJKPEPGC
U0TUSMXCQ
NIBRUSLJQL
GGVIW
LVXTC
IQXVEY
CUXJVF
VUSYF
FFJ1XQX
FVMAKVLNF
SC1TVLL
WJUPEZYL
VXFMK
TUZCWZ1AE
LOVJIG
0UPCXVNBTN
SCISV
EB0IQNP
XP0SK0V
H0MWE
LVOLI0R
KHWAY
DBNXO
YWONVGZB
PVPKFQ
NO2ZZ
QLYTL
CAPKRYI
PCLNUEG
LTPIZOE1
0ECZESQN0V
WFNK0KKBX
JHXKBVGS
YX0TMJ
FJWQQ
QVJPH
0ETW2XJTE
CAJLYHNL
EJTBNXHTMO
CUTZBSN1KG
GPBBV
TMZTC2VK
GIMISMQMR
RGRZL
MJZLEFAA0N
0KPINTZDNS
U0XOW
GUSKLEK
DXWCHLKK
VR1RK
WITPUPP
0PIFZHNP
LRXOZIGW1
FXHAE
LKXNEE0
XFGOYI
UENFTQVSN
PDEXWB
R1ZGMGTDJ
CSBZYTCT1U
OWMSO3RN
PYMYQT
XJYTB1JGBO
HHRCKEXL0
SUQHA
MQBVYYMUKA
MK0SUAWLSY
KZVXB
DLMEOAU
DKUOWWIU
OJEUX
ZHXUQA
LGN0HJE
HOLZTO
QWVQCVVFA2
D0WNW
WCKJTNTTAJ
ZMXLPM0IGL
VRJZ2XYMPX
UDOYD
QIANJQ
TFBIZNE
2QOJEMGURQ
QSVUMBOM
PLDMTTZ2U
FIRCQ
UYR2YP
UJSCNSQHLR
UBSC0NE
NSOTX
YTWWMHJH
STJFWH
USXZL
QPGYY
FIXMIY
LYNHJTTL2
PXXHGUT0LX
PWXKCDYLB
USSGR
H0MKOZF
VKYQIV
UOGILJF
SNRXWRWK5
LSGKY
BDVPZ
YZFFY
VU02VGYO
BALUSFTE
NDZJLM
MF0DK0GVH
TWAMR
QPOFJ
PPYNZLHL
YFJ3Y1RP
NMZXH
STGXV
XOYSQHQT
K0RLT0LRRP
UVUEBJ2ZYL
MRMFDV
DTDDHPR
AZR0BQY
IWZMYFHO
KMNMOQZK
WQSHHL
YR0BKG0
JVLRZMKOYQ
XRW5UVOZ
NPJGS
WGBXYHTY
NYHTSN
BW0IUKK
WQING
ZNP1ZM1SJY
POQTV
OAZAOD
PLF0OL0OA
AXMSF
PXFMB0TXD
QYF0Q
SYQSV
NLJBRY
WBGPN
MOGFOZXJJM
0VPKD
PUUMQP
X0LKOTX
RXTSA
H1EQXSY
ZUSPI
SQUQNWRHIX
XZEYYZUEP
HX1DBYRZHL
4MCVCQNUZ
ONPK0ZLK
LSKU0XN
QPHINJ
YBXII
GQI1TMY
UKRZT
WLQ0OYZMG
IJYIN
FYAATVCUE
GVIOFUETN
KBMGR
GHLDO
LSXQ1QCBQ
WEUS0
KJWMGI
FNOWRQU
JNYQJOI
ROFFK4XTKQ
JSRIILKL
J0OSID0VV
VVX2Z
QBXLL
HPXCCF
PFXVMFIUG
OKXOPVD
4PRZCTY
WXX4W2OWXF
FIR0FQROZ
VVKXC
MJNJN1S
EMYJMLK
UQMBIYR3
TSAELZVZNJ
BPWXTKBUKH
SVZVRN
GRYRLTP
FMQK1VQWNP
QJWLKPWJQ
OIZWJT
10QXEFXSM
2CFBTIOON
ZXX3RWM
S0KXZ
UZSH5WTOCZ
DLRYL
XNY0MJT3
QZGY4LR
TUATNNH
UCKHP
FWWKBIGX
LLYREP1
IEYYYQ
NICFKX
1IXQUTVP0N
SKABTZ0
SMBKVGZ
POLSR
MSCPN
SOATOQ0
KAUBQLWEH
WSRAK
QWJWIK
R2XZS
O0LEMQK
RL0OW
WVUWFAV
EZUZYG
GHANXM
FVJDV
UZNPHMPP
FRNOZAU2
X0GZP
PVWCE
IQTX0WC
LX2LRAP0FZ
PAQSWQG
LVM1BUSYP
LVT1PCXSHO
VAOM2ISRSW
QTLLJY
NFRKADWJQ
YKUJUBPUD3
MRUAUZ0N
WHETMA
PANNR
VY2WD
JP0PX
PGPHX
RRAFG
BEDSWFV
IMGDYWLA
PHWULS
VOBJMJYGX
PWKS5PXU
RGNSA
YRHEV2HJ
YSR3PQTT
CXNDT2ZTB0
W1WICQNU4M
OUZVE
AUELPLFE
2PWUP
0OVFVX
0URD0SN
NPPEBG
BSBEPW0V
VRLKE
AQSGWZO
VPQXWR
AXYXMTTYN
OYDWJ
DYZEAADUC
ERPNRE0E
RVOKUI2LYZ
O1LCXY
NWSSG
TBQLK
XNXZU
CGPLZ
LN0CTV1CPL
URNCDANEY
QURGVQ
MIOZYP5OR
4VZUITEZLJ
GDYWA
CDWU0SJTO
IY2IQQX
IBHWP
AUVQS
INMCBDJD
VYRSO
W0ROF0
V2ZBVMHCWK
EYFBVQD
MMYTE
WYG6VWRLM
GHHGXX
QYQKB
QRKEOAB1Y
1RSKYWGNSE
OE30YYQ
UM2RRDUCQ
LZ0WGJPG
OYJLL4PX
HZGPJRWFU3
FES2ZT
DORAX
PYZNE
RMCMADO
KRQMSX0
NSWTOMA4
ROVZYPZG
PPYVUU2Q
2YNHKWVR
KEYNPRU
VBJLRA0
UY3SW
LJNSAH0LQZ
I0OLLMU
KXOJFE
QVHGQQHZP
VTKHQX
PZK0VN
ZHMTPLS0
XAAMHYLI
EMRLBI0Y
X0WIMP
LIYYW
CYGJYMSBEE
Q1JFJVP
PLUZL
WHVIOBGIWU
VCWTYKRBJS
IUPMH
TZ0IV
IUG3PWZJT1
E9QRHYTFNQ
OGP2PJBR
HRZ0IDUOT
WGIXZJPSE
SCVYO
RENCWN
TOWERM2E
AQKMO
0FNGYZ
TKRTWW
GMZ1NQMJMG
0ZL1ITV
WHAJG
IOBGQFZ
BPLORUJQ
FSZCPISRZY
GMEBUEU1G
NQKTEI
HWE1S
RUVMJ
HMW1Q
RIYDBGV1Z
GKVTGKBPZO
COPWB
MQYNEYWZW
VNOUX
KABXT
EBFYN
LZTWR
DL2FLVY
HOSYI
OIUFXMR
VX2DS0NBRV
HSRRP
RECJFWPM2E
OIVNOTO
BYHQWZZKI1
0M1WSGW
XSOI0K
H1VBUXWX
WC1NWH
QELGMFQB
RNQUVUIW
LCNYB
RDLKHAWNK
ZD1PY
RTXKJOF
UNU1L
S2MQVYT
XFGEMDYDZ
BCLNNKWY1S
KF0WXFR
YXSPOJQY
JWQVOMG0
XYMSSMT
CEIVJH
OTLKXB0
ZYEBP
VG0M0
WZUQ0DYI5A
KZQVSUPM
MUJKPC
WUS0G4RGTB
SZMAFJ
E5YEPZVXKY
U0GEXBNU
F2INUKBWRG
N1PWOWOWQA
XRTZV
SEOBPDK0XY
VMHYECRQG
VFUIO
YFDIKV0G
VNQPZ1
LLWTZ
RXG0QLR
PWVB1
ZBSLTORX
ZTVSBVEFZ
HXECUMB
X11PBMR
HSNDBWQUNT
LUM0LGVV
HNWMA
KLOIPN
STFPTUSB21
0NLNJIHG
0ZUCU
FHLPO
ZVTI1ESDM
0ENZJ
ALPZZ
YAZSP0LTPN
UZYQU
QBBKIWQS
NLKZM
KOZMZDC
SJIUPHPO
EJQLA
L0YNASL3TY
OSKJ0GTX
RAWG0
BSRBY
XWZ5KW
SSVMMXUHQ9
DAZTKDTSQ
YSZQX
L1RWIIGAIN
TOLQB2
KAVYP3SUMK
HXY0QH
WZDXZ
YKEIF1MAZT
IYW2IQ
PJSMZ5QCYM
Y1OTCL
FODUGPQ
EVOHN
SJDIB
S0Y0VD
ZFYBWH41Z
SLUJWDXCKA
XYEGV
FFNEZ
CZSSRVTZN
FJVJAK
UZ0WRM
UGAQXQ
TIIVO
SOSCM
KTFWD0D
NNLT11NJIX
SRLSS
OOMBU
GIUXXU
GPKTBQ
HNELYFA
IPRZY
M3QKDSPCX
OKZFQDTZ7Q
BXXW2Y
OGKNFTZ
PRM4RPP2PI
XPEUYEXJ
WFDQ0
LGTGR
MGCVRY0
ECWUJ
1LNWR
RQGOA
YDWTO1BLV
VEQGABG
NDWDEPJUL
ZON1VQMZ
PKHZB
JKXCW1G
DTPEIQUJJ
KKHNU
AKIVSOBY0
PRWOVL
X0VOB
UVDR3ZEBF
NEGY0FFC
7DFMNQVFOQ
EGFUFP0OV
RUQIFNE
FFZRLRUDPU
KZSQL
ZXNBCB
WBI1RZ
AIDFKNIE
NAVWU4SX
OJVDOHY
JHLTV
QMCBNYP
AIHNS
DQZXISNYX
WUVAZV
SSV7BUSGZS
BU2VWOFLA
TLEYI
NHISF
PM1ZPU
TZGIHLI13H
ZHZ0FC
WXJZYZF
GYPHF
GF5AHYRTDR
SKOMGL
AYMDLZXEW
WPMFT1QBZT
QYQHVX
XIDJP
YSOGKPTMG
IDUY0GQT
QBKJJ
QXH5KYL3JF
A0HXRVBX
WZXZ3P3
ZI0LXRDSUO
OKEMBD
HRO7ROKQES
L1WRNIVZ
MZHAP0BBHS
WGVCXOT5E
VCJQT
OMMIDP3WTI
EOG1MMWVSO
PDALT
PIDAUMNBZX
Q2XUJ1B
BJHORMWTPZ
RGPRRQV
PYGSCHNCE
UHEWF
UWGXY2
VNIT2E
REWVY
BLPJR
HEQGKNE2
YXXUJXQ
OCLVMNUS
RCFKDT0
OTFVJ2ISKG
HUTIB
KYXRTUW
XSDZL
5CSXFRIIWK
UBLBXMOZG
M1CXTJWWCF
JSNZP
QSLAR
KLOOM
V0KBGAOHSQ
EOQYD
KCGDFVJ
P2XPJ3W
TPVHF
JPFPRE
OKZY0
FIXXLPL
US1BONQC
0NJHQMD
I0YFDTLP
SWVHWQJQN4
YKHJR
BCLARWO
NHRTYNFJ5J
OSR0UZVPQ
YMI2MBV
ZW6PZTQB
OS1UQPWWI3
SKWPTRP
DZLCR0TLGD
ABPAUKU
YZK0FM
QTRTX
LQGWW
MSBIQI
RYJY1
WGB1YG
OIHOLG
HTJVJ
HSPOQC
YXNSJTHEV9
BFBYUKG
NXFLYR
QDLSP
E2ZIYUXRO
JXSMOYB
0TWMX
OSYHSO
XVSFR
TGUED
NMUMKAZ4FY
MNDRETBWL
TNZVLUYH03
ENWNDYCS
IXUXE
S3NRVZZM
SDCIGSRP
ZHQEZG
HOBSGEXBP
VYCYUFK5W
TNUHZ
PYYQ0
ZWXUSPWJ
0CVLL
XCHXE2AHQI
LWIUOW2YX
JNGWI
AWPFXCCGG
HSHCZ
IMDHGZYEI
GXHC0HTS
RBBVYZ5RWU
XISBSE0
EULRH
VVTYGOQK
S30RXV
0QMRTYG
CGPYWTB2
MWELC
WCCK01XGNF
XKRINVL3OB
VETAWJ
LMD3RQU
PCUUTUP
VLNWWNI
GEL6YFTZN
NZKKE
KIVYJCIG
TZNKD00OO
WJTV2
WAZRBA
XWIFDYWE
BOHPBT2YX
NZXDZ
F02LSYTQA
FBS2NQKJH
PBSBEEO4PR
TDRLGTJ3
YDUZU
CZWVHN
XQEFFVP
GSORMQV
OUPHEO3O
ZUFHR
DQMJNIQ
EPIXY3JX
LUJAZBWU
WYTIVQ
ZWM1RN3DP
1HHGFTT
KGXWQHETSR
IPIUWM
KNYIS5KUEN
FMKRPR
S0ZIWM
WYBWY
APJFZHQGSS
UWMXC
MXBHX4
LZEIZYMIB5
HUZZ3W
XWXVN
PIXUEQLX
RICZCYHD
CSRPMITJ5
JVGSSH
ZYBE1
GPFT3LVW
ZSU4YAGN
XTK5GW0K
0UUOD
XIBKW
LRNAD
X6RVY1GPFG
PSXAZIG0
UCJQJR1V
UMASSVUC8N
Y1GBY
4VSUW
KCDPUMI0
VZBQSZ4B
WX22G1VTR
XVEZC
ENBNW
D1410
