DZR
HFZ
BMW
LIT
AXC
HUC
DOL
CLX
MFN
BQS
MEC
FIX
LAK
DCG
HLD
GYG
IFK
KFV
HXB
CIZ
DWF
DYV
OR
KWY
KXV
BGK
GVW
KZT
BDK
BDZ
EZH
DLS
NGH
CPE
HSV
GOT
GMG
FKZ
GDI
HUO
KCT
LAA
JNV
JVR
LXC
IJM
LBO
BU
FYE
HMH
NMO
JTZ
DJA
MGE
CAO
DOE
FIQ
FUI
IEE
BEK
MSP
NIQ
FDL
CSI
GJF
EDI
HDN
NCC
CGX
BQY
HDG
KYI
LQB
IGL
MVA
H
WY
EWH
JQD
IMH
ZZ
ARJ
DNV
FPP
MHD
DGQ
LQT
AHE
JKL
LGI
ALB
NMW
JHE
DLO
DNR
BCP
KQA
BMK
NCU
FFF
HBK
FUU
LDF
NDQ
ACB
BBJ
HYF
HBN
GBH
GWO
DZB
DOZ
GCB
IXV
HCF
JTQ
FZI
KHK
CYY
HXT
NFY
LCH
SB
JAE
EVM
KAN
AN
GN
RB
IIL
HJ
BWH
AYT
KZU
NNI
QC
LCD
FUE
ECJ
DRM
INS
KJF
ELS
FXF
LPM
WH
CYU
KZY
JBY
JZX
JKV
NFI
IEN
NKI
NQW
BRX
LVH
LXX
CTE
FNQ
JZW
HHQ
BLT
MCW
MSG
AFC
LOU
CQB
BA
ATY
LSH
DDV
BEM
MLZ
MVX
BYY
ETW
FHG
GPM
HMV
KEQ
LJS
JVZ
KTV
AMT
IRI
FXU
LFA
MHV
HOQ
AOJ
MSK
DR
AYF
AJB
MQO
IDR
AOW
CWK
LAX
RV
LQE
GPH
IZH
KRB
BPB
BDV
GJD
JHC
IJX
IMR
OD
BNO
IUS
NOO
NSB
BKU
DFK
BNM
CUC
KHU
MJU
AA
KQS
IDZ
BNL
KTT
BPZ
CQN
KAF
IFD
JHU
FTJ
AKN
FCA
CTK
JVX
FCR
HAH
NR
FBF
CB
LJL
KZD
HTY
AYN
GQH
LIB
CFC
AMM
DPW
ILM
GAX
KHJ
CMI
EWY
KFM
DSE
HID
GEH
NKX
MYI
ZX
FSQ
GTZ
GIJ
HGF
NDV
BJO
EWW
DRY
GDY
KWM
KUH
LTW
FCV
FKQ
CHJ
JJP
LTG
DZW
KYY
NFL
GMO
GWY
CXR
DDD
CF
IAO
GXO
GKG
DHZ
GYI
LGZ
JKT
JDG
NNQ
MDR
JDN
JAT
EGO
CXJ
LOA
AJF
AIZ
LSV
GUF
LKL
LDW
JEV
JIF
GMW
IRD
NPX
FUA
EJO
JJY
EDU
MGS
MSE
FDX
HXE
CRL
LLU
MEM
ANX
HBJ
KRZ
A
MNL
HRZ
GLR
AE
FNS
FCG
GJA
CPY
BBW
GKM
HVA
NP
KZW
GLZ
ASQ
JKJ
FHS
IUT
BRP
LWB
IVH
KXP
DYG
GUO
JWT
DEL
CAT
LDX
CNY
KQX
IOP
EVV
JPJ
DZH
PY
FN
HME
CR
PO
ANB
CIN
DSD
JVY
AUM
BXR
NBV
CKK
CCE
WM
HGJ
MMO
FDB
INU
HWW
FBW
LIY
EHE
BPT
NSD
NJS
LIF
DHV
LQC
AAI
PQ
IWT
CPH
DNS
KCL
KTQ
CCM
LLT
MEY
NAM
GKO
FBE
FSF
LNY
CLV
HVI
BIT
NSR
LRF
AFN
IRG
HNI
AAR
GHC
NJH
KXU
ITW
AL
KPR
CQA
TB
NJU
LEG
MLU
HKE
CTP
KQT
GJM
JK
DFM
DFW
BYR
CTO
GGK
DAJ
EIF
EHZ
HMA
NNU
CLJ
EKE
BSG
MRC
MTF
GRK
IZU
AUE
SR
MSS
IAA
HRP
BIQ
BPA
AZY
KKA
AQX
NJL
JNX
HZO
OC
KDN
