12107
28275
50695
21997
35955
74632
38152
43668
68493
77290
67895
55092
45259
4395
77641
28540
29103
41249
81397
19218
17510
54226
55417
22298
64823
25200
72847
13110
84973
4076
33137
57505
71651
70748
31291
68838
59245
17884
58039
24231
17895
82094
79753
16264
9508
20044
43182
77303
44126
79248
50858
35996
9786
2995
79109
22501
7907
2331
3856
13920
63692
75466
5495
78392
53804
17283
62308
18166
52829
69938
14823
20636
19840
32700
26653
27881
64322
7515
12963
63848
75463
66943
188
20294
3734
76517
32914
42082
36931
16341
69710
