15973
91624
91425
25705
91793
57093
93391
83203
94625
47375
15632
88139
4083
86404
45632
61571
94138
78101
62892
96779
35399
22994
7113
44133
91615
89161
6583
22902
3583
46942
229
38557
32543
18569
17251
93217
26776
97237
15048
60265
6480
6141
51606
45975
95218
3581
89246
25062
68417
49665
34782
17171
79364
62763
47009
37158
677
15415
46616
16101
98365
67137
73246
80625
87055
24460
24120
26157
15653
52142
48837
59483
91449
26907
62798
6313
88443
55021
38132
43402
24641
84165
14800
79264
14598
98669
63061
36955
98830
29508
35512
75004
67334
22493
92969
86857
7286
97907
28696
39051
62175
77371
34163
75259
88570
42624
85272
71570
76914
92061
34442
43975
33047
99685
47381
58308
50431
50630
92590
40517
51308
61928
75661
41406
47573
87929
99910
57246
82883
28097
78994
15883
93746
84595
70544
55406
55415
10808
90832
11944
40640
8876
61262
83065
89649
69367
18309
72228
48407
77132
40582
28996
98053
33223
42604
12606
20866
95315
11243
31534
79006
22988
87179
1321
19636
26317
93059
5720
54208
40315
831
54368
86243
29214
11558
46261
8378
42777
90818
35293
57000
31689
74097
63660
8402
7736
13285
97124
41568
83070
86649
17240
68986
4197
75655
14738
31247
12420
61918
52134
46545
64401
42765
61101
23856
10281
5704
90461
36056
12601
7988
45039
52602
98310
48278
96182
40676
16438
87078
35297
91326
37850
35839
34761
62312
66396
16675
46761
96221
6998
7050
29773
54908
63140
76890
27513
15651
19477
88653
40649
28041
50846
72853
81224
3284
89687
11340
21698
60447
5746
2650
30082
91082
47968
3288
1702
60940
45110
80298
14905
94282
37795
75597
71322
65022
91151
70197
28358
11400
91381
22394
21165
80156
2064
93618
95813
41194
63818
33323
85715
74568
29425
32664
49062
18909
59689
73606
71310
76692
28416
15072
40137
65376
51462
64529
58115
20462
2963
30167
54965
22362
19116
35158
16258
14374
74106
73587
59812
1687
35243
31560
92746
49738
95980
55791
47946
88651
61802
98321
66250
55230
16752
6889
57309
66976
24987
37037
28402
5009
3490
97468
16563
42873
95131
40556
16808
25523
97716
23748
81049
44973
76160
5158
55768
62705
80038
34223
80144
94709
3787
10835
59879
13271
60744
90401
21157
9164
57355
28970
1747
92684
29744
25816
79375
98572
24373
45004
69949
80208
90582
54424
15605
72845
6206
41039
32445
81523
14123
76988
36887
56182
78003
18696
6446
2034
30594
54591
47779
69672
46009
68914
89901
25200
50388
88894
54338
52747
41601
75638
33574
51459
90181
81525
25460
18999
87835
698
76225
76129
56587
50589
53877
27573
6244
85435
89622
46101
73625
26789
2168
35123
95556
96584
47889
91257
61773
57964
85586
5855
30524
35394
34816
32059
1815
38870
6028
68866
3179
22226
2439
98244
58109
68519
27114
25754
43591
44740
13174
39408
60026
5344
60222
83947
18132
76754
41020
92862
47515
80306
27886
70487
7209
58882
76729
20220
20908
46621
50948
10883
74842
74212
67142
47435
29977
15306
75110
79533
47627
73513
75746
21284
27349
43890
27206
88716
22341
93398
51928
49489
24705
21977
82387
95049
81012
97215
2438
34586
59548
88080
73344
33276
13553
60567
25233
87854
48613
41346
69229
65992
46997
90628
72699
77530
90743
84487
84326
9212
51821
68736
57448
39948
77286
31237
23790
58230
43578
70615
51397
43376
12231
2911
36830
80906
92370
45170
41116
350
24052
11210
71668
21285
68812
44300
69064
85748
22103
49323
91517
8977
70994
58853
88493
79118
4917
68673
3637
60295
92559
9998
16951
87060
89432
44349
73154
24488
36100
48115
33295
84590
42057
83883
99559
61584
30489
57890
36896
33774
58041
23762
23761
45387
61847
64643
8432
30808
72717
4921
99183
26316
10267
70322
35912
75733
59955
39434
36555
58591
82656
26360
91442
73132
58554
205
5551
39149
31927
38849
83486
81659
45288
10433
27593
65806
21342
60356
3851
82139
84976
6616
16909
56678
99390
28578
88628
133
33266
83669
22772
56222
84100
55937
34901
30910
70135
47530
89480
38010
488
39245
73671
29638
20483
95074
96934
88588
89113
16935
37596
72504
38109
64126
28403
31301
60806
768
54188
40981
76018
10972
13141
90187
35139
95877
69275
95336
80497
13022
94295
80757
40394
7047
34198
9507
67006
96242
62107
55850
89036
27562
55544
25707
89135
58714
31744
42611
48464
88101
8736
76853
45930
11492
9667
46458
86476
23299
77191
30089
41307
8383
24766
64351
59760
6996
8143
37133
82963
29054
6232
91018
35728
70868
51775
25035
82435
7651
47473
83009
51168
95989
44745
46742
74232
57982
4784
25331
54022
83429
24780
37488
18218
81859
284
68083
63454
16745
58466
74305
5886
94920
13345
48122
48101
95935
86832
39866
27374
88418
43879
57631
47029
91241
68415
73206
5085
53638
87197
53254
45164
79048
64026
22549
33402
90833
21059
34794
28275
94243
988
72661
17708
3458
21171
2653
8856
91264
43307
20997
31676
54025
56320
45015
95215
47780
79779
33655
52049
35145
76702
11160
18479
27255
85631
6821
67278
44305
87308
86437
36958
25316
29411
29294
15193
24359
53007
13521
51115
73994
84114
53357
58587
50476
32875
78432
49821
93686
23124
30109
95565
66982
45489
64544
12523
82252
25552
93135
99476
96594
72043
65432
25969
99942
64184
99914
49083
7834
60961
77664
68228
85015
21978
53279
31951
44681
86627
47390
16422
9720
60086
66362
20637
14534
52601
74661
33154
29205
59253
7778
65796
67565
20110
65221
71479
32334
2514
92411
73562
47516
12502
82117
6970
35236
11833
3880
42496
63583
84072
4956
62742
49754
4959
70177
44885
23271
11056
17802
82060
17400
22454
48501
49744
48698
30231
61249
96916
98678
84174
61646
26544
27219
54760
52317
32955
43791
22848
94032
77830
18568
11050
70797
47293
53716
90611
64151
78623
89626
44994
64334
11431
13175
51427
99784
57530
19240
94258
24023
18535
50250
43407
22652
50752
82523
98599
29374
40753
21320
13083
22282
69387
79050
46463
714
75220
42728
79529
62606
85147
32045
45510
63631
90716
20290
85177
47423
82755
54549
28640
7974
31346
71379
8781
62777
88333
91572
30583
86613
47349
37509
62760
17817
21037
39455
18958
15728
2901
57371
50383
86011
93022
88997
95775
74869
72171
88672
16704
98052
18147
16034
68298
12747
67801
82409
94731
17718
17354
7080
42581
42574
33975
18980
50967
57848
35203
99526
89449
57202
5799
99481
47086
26100
40912
41710
34021
43893
29978
54521
82953
71084
24768
51731
88748
18298
17021
19770
3933
78966
13918
57509
48534
51127
14961
93655
64206
28070
16327
42532
86104
59577
95330
62253
70222
15357
18424
6407
70703
22534
46822
93060
9572
45011
4392
91165
1734
26758
36351
9407
4994
48937
92310
18043
81408
1416
49390
86486
75731
78940
82811
9355
95350
63425
2690
16149
59357
18472
16844
81052
51364
75291
26872
89612
78826
64456
30584
42030
19222
70737
63736
89730
95223
80420
32528
56637
70589
64136
54414
97516
52922
41821
79915
68390
38572
24646
80323
91352
8052
10598
20476
57842
93557
55488
65576
60481
85101
27215
63644
94614
78092
56613
53727
59136
84120
55795
49774
52070
22036
64288
92172
17160
15876
4951
44548
64593
17328
60365
61387
93542
21065
52786
25605
969
68171
33776
98963
50283
3746
12536
82482
80684
40792
70919
44308
20243
94602
84624
60068
45347
43205
78025
32592
63997
89046
70516
12726
28537
13473
46188
46648
37377
8412
45367
3769
93692
46473
42070
36981
71608
73315
41830
96375
6985
67518
82199
30604
46993
42399
30646
87758
20533
34074
10176
4321
77243
50892
45235
73261
56720
11921
39279
59840
55331
93419
8654
79334
16762
6694
51639
43304
25411
95635
11416
1945
49407
37642
6454
67558
13181
83275
51031
5137
18834
1830
6017
63375
88165
80053
79332
81452
43450
57306
76489
39370
68948
64457
26216
56281
71504
7394
82524
18523
25120
86703
69759
86954
56943
97778
31321
99072
41264
89922
59443
5414
44919
96306
72354
77180
6136
36675
74001
69832
43268
87005
37146
74426
65676
63783
89614
40969
81121
54269
12579
2617
42475
28301
40429
91913
39031
86597
93602
49306
93498
96280
46481
83349
35983
97981
78302
78780
6119
74690
69991
75288
30645
8037
9694
54159
14485
55881
88848
12568
42170
55027
50397
39118
57061
71057
71428
36806
6282
59487
38291
86728
91141
88758
12453
50387
86733
70180
17886
91317
30434
53437
59693
31948
69481
5761
56656
58219
7900
55521
81488
6075
30607
85844
73092
14583
29609
83395
50395
84710
98531
45790
34152
33837
85427
91542
48198
8668
46324
83732
76166
54276
5706
22187
86785
24582
22348
63351
55717
82774
30653
60486
90484
22197
18281
57027
76119
27903
30652
45777
58954
93139
97315
58317
78683
85379
97479
55440
64553
46193
35382
2082
51506
47292
18193
15642
69620
363
26650
29907
19272
38231
24643
87616
48360
24617
17485
62595
215
88993
77228
38554
57918
56516
48398
71864
44139
35925
36822
67030
33984
80049
90767
44780
45136
85555
69234
93584
57564
83686
24327
92830
83818
53009
64443
84850
13750
63991
40367
45336
22766
41061
65517
62930
50369
32970
53846
34907
87156
39955
48268
32377
29841
50525
37105
61156
30065
87662
97150
8910
10230
60398
71938
51460
86601
17229
36479
69360
40310
6189
67213
28667
69597
37683
56124
66034
74242
1539
87468
51012
3757
2271
38723
94457
47650
29089
49321
30376
35362
74559
46827
75466
73881
59786
75015
46995
98582
75495
23422
68922
33031
54061
64932
94157
62939
98050
64473
33252
90326
92772
94626
55045
80045
45944
53084
9620
47316
21303
96892
27809
64841
65445
47447
36712
77674
12955
83856
4200
44344
89580
62909
10760
52477
83943
38498
1509
93262
71923
60916
67890
28415
31817
88293
85833
46835
74253
50449
22614
49779
16637
55258
90842
31578
32660
65720
25956
42173
33101
91106
4866
14164
2886
29971
19865
89281
89738
51903
53726
64256
92118
71629
44231
90514
22232
17257
47675
69422
1471
53502
2526
96910
91136
594
56050
8579
93451
69113
87100
73175
65
15234
30472
88338
56828
22720
47613
68552
93690
73084
34213
99518
86805
64879
59321
52244
7101
24614
98814
5857
75603
20507
22423
89623
18366
87111
50213
73172
5138
22318
26895
35415
90587
31355
77367
85549
3287
90241
23544
25578
78225
14217
94569
68663
3774
75675
98880
70065
62919
21700
67281
20968
57962
41929
70445
80163
20363
56412
6169
87888
23450
90403
46166
68793
38296
60541
98595
37699
90684
30600
94951
79522
76450
27731
54202
86760
88362
26425
7300
60984
4754
18192
32649
83258
88143
86140
71148
12889
35746
8663
88616
6685
35819
83157
24654
55426
67942
33194
85470
90468
56829
16638
81540
71024
3265
33285
70209
71728
11956
8757
80168
21679
22882
88414
46255
6041
68318
49793
52246
93857
40725
65815
54784
59292
47251
41089
87034
73456
18258
27034
12392
27878
23016
86610
70651
62786
57016
69115
70033
61459
33251
30480
91466
54081
44517
13824
64428
28147
9825
94271
37947
78528
27438
76456
81630
98693
73707
788
70313
52993
41289
89192
63251
90307
6053
64773
46497
1605
97873
66867
33317
94965
47480
2519
60005
49485
5974
34478
17204
49636
22497
89324
12535
68971
79656
82203
34272
95835
95070
26371
61379
39154
91878
77030
89651
33854
40112
15138
95283
4478
53327
32129
42483
96037
2691
6779
37359
47288
41454
22844
50539
56003
96237
83566
40918
86416
73896
85520
50035
95824
5062
33893
38663
81598
72835
9726
51377
63821
93919
57876
98088
53776
8844
46326
2592
35843
50310
30414
24169
94454
31305
48580
30915
2231
73397
57408
34608
3754
73638
1211
2344
39366
40140
79178
20840
72324
44143
77628
87559
88576
32901
87026
48172
51332
37851
56014
63372
6659
1886
88743
93624
52098
63968
18570
64594
57187
5245
14185
82328
8900
24561
69493
93697
76417
64799
57685
62223
26447
11302
94121
32828
40785
90271
41164
86819
98652
50759
14751
44757
95466
19603
99828
55742
92954
10275
6022
7027
12269
53255
30293
27582
16150
16318
70390
63291
96502
94321
58801
58626
86999
62642
43234
59176
66898
74398
26128
58291
86228
89709
88620
3200
73557
92558
54741
18387
93001
23294
92681
74871
92834
62903
60506
81715
56157
54471
56727
13442
79191
15489
83062
67823
67683
60745
9094
53333
62498
42382
1817
75758
16321
61653
39566
18185
27803
1672
38386
13166
34203
96808
39743
90888
44475
19876
57405
78415
58463
62178
22983
94861
33048
49033
95392
89754
94179
43102
82595
64516
47051
67615
46694
58572
1392
13039
58740
7082
16006
78243
53491
83794
74801
47088
89999
32200
98499
90859
16337
4116
7263
38610
27460
36655
37516
62873
59092
44028
37299
12241
59447
33746
4570
93585
36339
73999
77459
96041
32332
20810
24060
61122
65780
94693
22643
69151
6517
20132
71674
24094
24092
42419
2689
35864
26238
81464
77899
94147
65562
4751
40052
36481
61381
59295
52483
94045
23163
73220
26554
74149
66305
28061
45212
64731
46887
49468
92081
50623
68379
60498
37285
82227
4657
19225
39797
29384
13260
5754
36200
80863
50908
95032
18085
7924
85051
4172
95905
79704
24031
88815
22357
17980
15
8235
66331
53630
89357
28590
95060
47
2448
58662
40165
46589
23004
42913
15386
55376
72385
1881
94910
66601
18924
74625
95767
39675
31254
48364
3088
48811
71946
47167
68528
93050
29004
69972
69557
93678
35163
34639
95984
1134
99489
82093
44629
65521
2880
41368
85808
39627
49921
26
90309
66099
51045
27730
49881
1703
44277
94462
55678
72782
65110
65989
37351
40388
26406
47097
33522
60399
81617
36371
62271
96052
73976
24377
54173
21160
61713
72048
