3VG
0Ip
6oX
tV
81t
3Fa
9ND
3wX
3JJ
3BD
15p
65V
bn5
67R
8Sx
5cR
9H6
1Ts
8A
0WA
4zA
8Po
7pQ
3kX
6e8
2NJ
11u
3Gs
3K4
b33
1Lv
5Qy
5ya
St
8Yi
46q
GB
5Z5
4z_
7yb
0ZL
b8e
9xm
4qK
hw
16b
2aO
14k
8J7
8rO
aL3
8OG
ans
2kN
1zo
27Y
8oT
752
aQI
4UY
7J_
6bb
aKt
Tz
2Tw
8Sa
0X8
7eP
74Y
5hs
281
aFA
O9
6P6
b0_
2lh
62I
adY
6OM
8w6
63D
7my
aU_
6IQ
1Xh
8hy
00A
3Dv
2rw
2RL
4e_
9MY
6_A
5bx
6CJ
3mM
2Ad
61C
2J3
1RK
032
3Hl
460
28_
12q
335
7DB
0Tq
1tY
21F
7j1
0r4
9tE
9gv
0t
55r
1P8
2pV
271
3Vm
2Ps
a2R
2A
aHF
6GA
52m
4_g
2c7
82W
bhn
2rh
7UD
9M7
6I5
7Cq
2de
92d
3qf
4w1
biv
26B
5gY
3jU
01l
9pj
9tx
5wh
3cY
8mw
7CM
143
2fu
5Dq
85x
bu1
2CG
aUz
9ne
8Lf
I2
5zl
7ei
8KZ
5Mg
7LZ
2st
27r
b2W
5UH
2Qu
afj
JM
8GF
3ZL
0rE
3dt
30d
aZW
aFO
5b2
3KA
3Rc
9lp
7H3
4ru
7T
8Z6
7D_
0nO
0wJ
3k3
33H
4K6
9h2
0ez
adm
84t
bem
9nt
bv3
1_O
6A6
7Yc
8f1
9xs
39E
aek
9LV
4Mi
6Tu
bil
7VN
1eU
1Bw
5_g
9_H
8pG
bkO
3k8
7QI
6by
3Fh
5r6
aUi
558
9sV
9rB
8k7
8Vf
4dT
0UG
8a8
9ul
bi8
bK
0LX
74q
6t0
5ba
18_
016
3Ss
8VC
4tM
9Ot
7xD
72Q
4gy
5Sl
1BR
3Ap
0p6
3EN
8zm
8C6
9yv
bqX
4so
_w
3d5
2Jf
450
8Kd
9C4
4NQ
4eb
3_R
6a2
7Ik
07P
4LO
bzX
ZK
9a8
0TJ
aaQ
3Px
7Eh
6gH
9xv
2co
1n_
7Pb
1ak
7Nd
9Kd
8Fa
o6
53I
5vd
4Zj
3BQ
b4N
aLa
6xY
4fz
3z4
6D7
4hP
5rb
2oD
8_c
7NX
1Y3
2bz
9aN
1pI
99V
2Ge
22O
6Bn
1Y1
aoF
0Y6
3kB
10g
891
2lv
brL
8Y9
7ou
6EZ
9LA
3QJ
8R0
4Mk
8Pk
70I
7hY
9ok
26g
0P8
2XC
6Y
3i2
5M2
5sP
6K4
1dp
0Ae
a88
36s
8eQ
azj
0zq
4ja
4Bj
1W2
36L
3V_
1jG
1zS
0l5
bxC
8_y
0NF
1Gb
1Je
adx
04S
3B3
8UY
2FQ
9EX
9sZ
9kY
7FQ
aPb
36f
0RD
1G
4XJ
6HH
6zw
58s
7pX
5QF
1Jr
4S9
0NK
0Dy
3QG
0hf
1lC
6uw
9ms
5hD
7AP
fc
1oT
g3
Ga
5OU
8A1
77A
3bd
6jS
3iT
51r
3yR
4Y7
5Eq
1yk
1vb
0Ct
1vA
9ua
8_f
9DX
8g
0du
7YQ
2cu
5b_
bzB
5FY
ajV
6qX
3T2
5xt
5Cq
6xg
7Ss
677
4ps
794
7L1
8Ta
32W
2sF
20a
5iy
7nO
8k3
6NX
67v
6S0
4ry
8Cq
0TN
2Vp
1oE
43L
aXq
0gR
2h
8m4
9K2
1E7
3qA
3Qg
a_j
4Fp
0F2
2XQ
6Mf
brv
8_B
bxJ
4CM
4Yo
avb
6s_
9WY
HW
34w
6dl
5LO
1rf
0U_
7x6
5tn
7k4
6AA
2GA
he
C1
2HO
fB
95A
2GC
5TS
aCY
2MW
lG
avr
0jI
6cP
1S8
9_L
6lV
5LB
38d
bhX
7_J
9Gb
Lj
5WE
8xC
6ho
9AW
4Q7
a2j
1EM
LB
4h2
