aardwolf
abaddon
aa
aah
abandoned
aas
aarrgh
aaliis
abatements
aargh
aba
abashment
aahs
abactor
aasvogels
abasedness
abactinal
abatable
abatjours
abannition
abbas
abacas
abacli
abanet
abamp
abaue
abacisci
aardvark
abashes
abacus
abaiser
abandoner
abbroachment
abdominalian
abadia
abcess
abacaxi
abash
abate
abatis
aband
abalienating
abbreviatory
abietene
abalation
abbotship
aberrative
abey
abayah
abaka
abandonments
abcoulomb
abigeat
abasic
abernethy
abducts
abbreviator
abdicable
abjudicated
abjuration
abdali
abelmosk
abaci
abloom
abdominocystic
abeles
abalone
abbacomes
abede
abditive
abdominoscope
abase
abdicated
abbevillian
abattoirs
abichite
abbeystead
abbreviately
abbogada
abeyancies
abastard
abamperes
abox
abrades
abarticulation
abhorrent
abrased
abjoint
abashedly
abetter
abarthrosis
absentees
abdominocardiac
abducing
abatises
abaptiston
abolitionary
abjudging
abortogenic
ablactate
abdat
abdications
abscisse
abandoning
abrader
abesse
abogados
abjugate
abscoulomb
abidden
abdominal
abstract
abdominals
abbaye
aborted
absistos
abbess
aberration
abattis
abote
abbozzo
abstinently
abirritation
abscision
abigeus
abstruseness
abracadabra
abrine
absoluter
abortient
abune
abidingly
abiotically
abstentions
absorptiometric
abators
abruptly
abortin
absorptional
abounds
abeigh
ablest
abovedeck
abaser
absinthiating
abhorred
abbotnullius
abeltree
abatic
abomasusi
abscind
abnormalized
absterging
absorptivity
abbatial
ableeze
absterge
ability
absconder
abodes
acanaceous
acanthocarpous
absolutists
abhenries
abiological
abjective
abhorrer
accidentals
acanthophorous
absolutions
abhiseka
abkary
abyssobenthonic
abulia
abdicating
ablution
abepithymia
ablend
acclaimed
acceptableness
accensor
aberdevine
aboiteau
abdominovesical
abiliment
ablush
abnegators
abusion
ablastous
absentation
abductions
acclimatization
abrasiometer
abovestairs
abbotcies
abscissions
accelerators
abettor
abider
abirritated
ablatives
accelerator
abattue
absee
abintestate
accurse
accrescent
acc
abysmal
aboma
accendible
abietinic
acetylenation
abusable
abnormalcy
acetifying
acarophilous
abolitionist
abdominothoracic
abbassi
abecedaire
acescents
ableptical
achkan
accessless
absvolt
aberrate
abrasax
abjudication
acacine
achage
acclimates
abject
accouterment
abattises
aboriginary
acemila
abiogenist
abuzz
abducent
acensuada
ablaut
absume
achromatope
acetalization
accommodated
abstractest
acetylbenzoate
abnegates
abides
ablaze
abvolt
abstinence
accipiter
acarinosis
aberroscope
abnormalised
abraham
accusations
acapnia
abnerval
absurdness
academicism
abridgments
accompletive
acclimated
achrodextrinase
acetophenetide
acraturesis
ablation
abaxial
acervose
abbreviatable
abrogated
acids
abrade
accidental
acara
abs
acquirers
abreacting
acceders
academian
absolutization
acceptances
achete
abstainers
abdom
abear
aberrancies
abronia
acanthad
abortive
accessioned
absinthium
actinology
absentmindedly
acanthuses
acatastatic
acetylsalicylic
actinopteran
acrylics
abradant
abducted
academist
acidaemia
actinian
acidophilic
acton
aberrant
absenters
abody
abridgedly
accented
abdominohysterotomy
abecedarian
accessory
adamancies
abrosias
ablepharia
ably
acceptedly
abmhos
achiever
acouophonia
abjure
actutate
acetract
abolla
accomplis
achillein
abthain
adaptitude
addictiveness
acanthopteran
acetylenogen
acrobacy
abought
abhorring
abecedarius
acarid
achromaturia
abrupt
accompliceship
addressability
acetotoluid
abeyant
abortionist
aborally
abjurement
acronal
abortion
aborters
abstractions
acknowledging
actiniohematin
adenoviruses
abruptio
abo
actinobacillotic
accumulated
accum
abundant
acosmist
adjurers
abstains
accruable
actinoelectrically
acnode
abstractors
adaptably
abranchiate
abetments
abstractive
acrogenous
absurdest
abounded
absinthe
accoutring
acast
acquits
abietin
acupunctuation
abnormalness
adenocarcinomas
abomasum
ablatitious
acanthodean
accidentality
adfreezing
abiegh
abiston
addict
accessoriusorii
acroatic
accompany
adiagnostic
aching
abstained
academic
abilo
acontia
acetylperoxide
adighe
adstipulator
achaque
acropolises
adiathermancy
accordion
adicity
acceptor
adjiga
abrazo
abecedaries
accusor
acetphenetid
abolisher
acherontic
accretive
accommodator
abridger
acider
abridgable
abjection
abreacts
accustomize
abneural
acetylrosaniline
adobo
abioses
admixtures
adiantum
accursing
admissibility
adores
absolute
accessary
abrotin
absfarad
acetamidin
abstraction
adamance
abusefulness
acanthopodous
adoptant
acousticolateral
adherent
acetanilid
achromasia
acroanesthesia
acceded
academised
abnormalism
accouchements
adultness
acheilary
advancedness
aeq
accurate
administrate
abstinent
accrementition
acetophenin
acalyptrate
acalculia
absolutistic
aburagiri
above
ablutions
ablactation
adiabatic
absohm
abstractly
acedia
adjustage
acrylyl
abductores
acaudelescent
acrostichic
acetylglycin
acrocontracture
abominably
acknowledgeable
abristle
adenochrome
acyclically
achroodextrin
acephal
abrenounce
abstrusities
achymous
admin
adenomalacia
admittances
adhibits
abondance
ablated
aeolomelodicon
abigail
aeriality
actualised
accountable
accountrement
acardiac
acceptees
adient
abrasives
abkar
absorbtion
accommodates
aciculae
absurdities
addling
adventive
abhenrys
adyton
adagio
acetylaminobenzene
absconds
acquisition
adaptivity
abaft
abominable
acraldehyde
acrindolin
abominators
acalephoid
accorder
affixes
acclimation
ablewhackets
acarine
accusatives
abominating
acalephe
aesthetically
aefauld
adiposities
accounting
afflicting
accusal
aerotactic
aerocartography
acidyl
adaptative
academes
adnascence
acknown
aftersound
accessorily
ady
accessions
advocation
achaetous
accredited
acaridomatia
afrite
actinolitic
abnegations
adenoid
adventureship
acus
adward
adless
achenes
abhorrences
aegises
acidulous
absorptive
aerogeology
aceologic
aeroelastics
aesop
accordancy
aerogun
acrimonies
ages
absinthole
aggelation
acauline
affrication
adjournments
absolvitory
acrocephalous
acceleratedly
aeroscope
adman
abask
aether
abrenunciation
aceacenaphthene
aeschynite
administratrix
abscessed
acetin
acrook
abrico
absurd
actinomycese
aegeriid
acariasis
acclimatise
achiotes
acetometer
acylogen
acromyodic
affixing
aftertax
affirmer
abrasive
absolutest
ablepharous
acetyltannin
acknowledgers
abrogations
advertized
acclamatory
abolishable
aboideaux
adjutor
agricultures
adjuratory
acroteria
abreed
accouche
aceric
abolitionising
acephalan
acetars
actinometers
advantageousness
accessible
accise
absconded
acetoarsenite
acanthion
abwatt
aerograph
affecting
abstemiously
acetaldehydrase
afterthoughts
accelerando
acidosteophyte
abscissae
abidance
aboriginality
acholuria
accinge
adjutancy
absorbent
acadian
acidized
acronych
acquisita
acquiesence
adulterately
aeronomies
aircrewman
adipoid
ablegates
academizing
affricated
acutifoliate
abir
acarocecidium
absorb
acanthological
aforementioned
agglomerate
accreted
abjurers
acholias
acatallactic
actinosoma
absorbers
absolves
adalat
accentuable
agents
aborning
aerotechnical
abet
aforesaid
accable
agricole
accomodate
airbags
acrodermatitis
achterveld
addax
adunc
aeroelastic
acies
abscessing
acinic
ados
acetins
adhibit
accessability
absinthism
actinouranium
achy
affiances
adeem
acknew
absence
admiration
acrinyl
abashless
airborn
aguaji
adenasthenia
additionally
agraphic
acquereur
achromatosis
activate
aerocamera
albuginitis
abolitionized
abraum
adcraft
aesthesia
activations
acclimatiser
aglet
abomasa
admonishment
abduced
accouple
adderbolt
accepts
aestuation
alaudine
accouters
albespine
adnexed
abyssal
adda
absorbant
adopts
absorbencies
adopted
abuilding
adossed
abdomens
adenopharyngeal
acquaintances
adiapneustia
aceldama
agitprops
agitatedly
abends
abusive
alba
afterfall
adages
ajoint
accustoms
acneiform
afb
adepts
airlight
actg
acutish
adangle
adhered
abohms
agranuloplastic
alcoholometry
actifier
adherents
acanthous
adducted
adumbrations
accumbency
adoperation
adenometritis
achillize
aborad
acetosalicylic
absolutist
accusers
ablare
aconitia
airway
adularescent
alerters
accidie
achras
absinthin
acequiador
affrayed
adapid
acoumeter
acorns
achondritic
acalephae
adhesiveness
acetylcholine
acrosomes
abstrict
acoupe
alambique
aethon
abthainry
accesses
alkalizes
abiogenesis
abut
abu
accruer
alcade
adenectomy
abstersion
accompaniments
actinocarpic
addendum
adjectival
adsignify
acre
achiest
aerose
agneaux
administered
aerosphere
allivalite
acotyledonous
acridyl
accompaniment
adiated
acutonodose
acuities
aligner
absently
alcapton
aeroplanes
adoratory
adephagia
adenosarcomata
adjudicata
abolete
adenylic
adrenaline
aitchbone
adjusters
abaters
