endarterectomy
endomictic_antiscion
ninepennies
downweight_forgoers
jaghiredar_waspier
could
eyepit_cabrito_premating
friendlier
intimaters
cellularity_papistly
kerchief_reticulately
boxy
sophomores
quaffs_legalities_bunemost
altiscope_rimmed
skullduggery_sestinas
nonblamefully_sympatrically
hitler
overpronouncing_poliovirus
scooped
verify_lyra
retip_ishmael
burratine_flechettes_niggly
partisanism_consideringly
uncustomary
shenanigan
egyptians
ethoxide_prefactor_gomashta
splotchier_ponderously
enfetters
brachyglossal
nonceremonious
dredge
viatores_moroncy_penship
autocross_michael_fuddlement
reconjunction_pteropegous
relicenses_spinnery
viscountcy
heliogravure_coypou
uncorrelativeness
lapidose
ungesticulative
decontaminates_talak
ultraorganized_plumier
transistor
sicarious_cystonephrosis
summonses_brocked_precepts
unbloodiness
hellboxes_cun_entrept
tmh_subsonically_temporalist
hydrogenous
unrepenting_almswoman_rampart
pulsing_homeplace_overrank
parasynaptic_promulgated
expectancy
speechified_interproglottidal
scurvies
carval_fondlings_nonpolemically
vodun_paralgesic_ramifying
abortive_cosmopolitics_framing
nonassimilative_swaggie
fahlore
rawest_herein_embarrassedly
transgressors_caricographer
catalyse_coexerted
isogyre_ratline_ensnarers
lateroposition
toxodon
decrepitated
lickerishly
unyokes_urde
grouser
slits_coss_tetrous
burins_reverters
skatole_magazining_tambours
micrographs_southpaws_dustpoint
podagra
fae_dispenser
chalcus
guanase_bushet
trashify_sabertooth
abet_denshare_unsurprisedness
eglomise
ultranational_imperative
domesday
decuss_smeeth
parasites_shucks_royster
betterly_charbroiled
foredone_arabesquely
mushroomed_pneumatograph
dominie
unamortized
strandline_embattlement
tranquilized
forestland
hexose_presentient_linotyped
strategoi_prestrengthen
amanita_remaintain_eutaxitic
monoploid
monomolybdate
toilsome_preoccipital_opifice
newspaperwoman_passerines
mailplane_tempete
limitational_popularized
interiority
strobilate
noebcd_hightail_plenishment
eably_inadaptation
chromophilous_pyrotritartric
basifixed_atmosteon
lovevines_guazzo
heterophobia_auncel
sanga_dimorph_bestiarian
gambier_fictionise_stitcher
gastropancreatic_constance
aciculated_cider_untilt
fanakalo
martyria_pseudozealously_unpens
inoxidability
cheekily
sublittoral
palaeoentomology_czarist
revisitation
placably
cochleariform_earflower
linguoversion_predeterminism
aurigerous_maxis_idioblastic
cerulignone_unpayable
midwestern_maconite
dinnerless
ellachick_overconservative
venereologist_fusht_navalese
diplographic_parrotlet
torturingly_onenesses
hexadecane_commy
fleetness_trichechodont
whiny_hawknut_demesgnes
dinkum_unnecessary_pyrometer
quaternionic_depriver
hutzpa_spermatovum_vacant
churchgoer_authentical
archetypes_dehorts_indictive
laxation
tallyhoed_livest
jaup_undermanned
preaortic_uraline
sponspeck_monseignevr
extraforaneous
straightening_rantock_agueproof
simoleon_floralize
realizations
unnotable
gossy_fourling
nongrey_senselessly_silverbelly
pallwise
enrockment_swatheable
rewriter
polytype_alypine_flinches
tenting_interoscillate
frogskins
nongrained_jongleur
prepossess
contracter_sarges
nonimputable
agitator
contrafagotto
erotogenesis_acception
paparchy
underfacing
chromatist_biophilous
ide_lodestuff
tremolist_oversocialize
spirituals
vignettists
mythopoetise_partway
spinelessness_throttlingly
menaccanitic_synapsis
appreciating_actuating
unvented_monochromic
fughetta
collators_loxotic
sirees_masturbated
modifiably_hoju_spiered
unnecessity_craftsman
arthritis_metastatical_oscular
violon_adminiculation
pozzy
josephine
inclining_nonlucratively
postfact
ploughgang_preinterceding
impressions_physicomental_meany
ascicidia_arrowlike
unvaporosity_shale_unqueen
turfski_nozzle
nonprevalent_shewn
stumpwise_anaerobiont
caroche_ascidiia
scourway_prie
superglorious_nonconsumptive
tribasic
nazir
unparalleledly
dora
fishlike_intracloacal
scatteringly_chippered
pois
printer
cubiculo_kilah
borage_boldface
lourd
myometritis_tiro
grassed_dagobas
shad
wites_relitigating
shelduck_variated
grapple
wabbly_humped
sordidity
plie
interlobular_junk
reverberator
chloraemia_infanthood_genomes
vitaminologist
virilely_tzetse_kanjis
stenton_aerodyne_doorweed
ominousness_frenzic
divulgator_inventress
chivied_gum
cothish_construe
gyromancy
anthroropolith_mutarotate
wasts_amitie_rheboks
macrocladous
lampern
apocryphally
phocacean
vulnific
succory
carwash_euphotic
paraflocculus_grandmaternal
biopsic_unvoluptuously
hexads
skate_nyctinastic
hulverhead
kiki_feuille_subcellar
tellurometer_developes
infinitize_obtests
ageneses
habilimental_tyranny
poisonmaker_chuckingly
flatworks
tiddley_manumissive_foamlike
preinitializes_unsanitariness
frenetic_doctrinalist
iconostases
reserate_smuggish
busulfan
hypocleidium
pectic_oldwives_hepar
recoronation_arachic
omissive
snobbery_gaudiest_veraciousness
beblooded_hardenite_outwhirled
taxibus_backbonelessness
bestrut
semicadence_obscurantists
glycosine_bloodsucker
storks
snee_gorbellies_vindicatress
ecclesiasticalness
revend
unidentical_gnateater
tridiagonal_cystophotography
deformism_pismirism
predecrement
unexclusive_folder_impressable
tributable
reaginically
wrothly_liberalising
landaus_robusticity_stylopid
fuguing_striplight
circadian_nematocyst
smashment
cachetic_unconvolutely
choush_archaises
javeline_carbin_stadic
boches_accommodations
cytophagic
untooth_sinoper
disobligation
coraggio_heptasemic
otalgies
alizarine
acetification_repacker
expectorative
bilsteds_fleetly
draff_displaying_epilogues
myelocythemia
brinston
asexualizing
accomplement
stiltbird_tachistes
precontributive
eardrops
multiplicability_mocked
retranslate
cladophora
selenograph_terebral
ungreasy_adulterants
nesquehonite_mum_headwaiters
unatrophied
mohwa_oversaliva_misadapting
outcooks_nanowatts
murrains
pageantic_unfeminine
shrublet_acholic_revamping
kontakia_phyllopodiform_ajari
chorepiscopus_sangah
achylia_noncholeric_tubuliporid
falangist
hyperbrachycephal_ophic_wop
chemotaxonomist
formity_meliceric
fishing
earn_ergometric
fondness_besoin
outluster
stroking_assafoetida
unmulish_oceanfront_pulicidal
hastes
kinfolks_methenyl
welling
remitted_avicular
nonextinguished_exhumate
herbist
minicam
paco
noncatholicity_indefensible
slavikite
kemp_unfoughten
pithecanthrope
expediency
mainlining_recompare
unschooledly
traveled
gamba_cardiologic_becrusted
sluttish
commercium_brev_vorage
acephalocyst
perrons_tropeic_brutes
cellifugal_ecumenicality
centuple_sansi_outsings
heliofugal_churring_supervisual
jangle
unplug_inarguable_rearrests
diana_outpensioner
sagaciously
metascope
ghastfully_overshadower
sluts_coreopsis
nonjurorism_meltdowns
flits_damozel
trictracs
upreaching
paperknives
sculls
sheepheaded_hydriodate
lisper_digressiveness
mushroomer
entoil_saveloy_scrutinous
partisan
utopianist
dicyclist_tribalism
hardbound_coengage
crotonate_headring
caddices_extirpative
parotic
winnard
scopuliped
metis_meteorography
crewing_synallagmatic
demesman_overachieved
recriminatory_acrosarc
infraradular_artillerists
fretworked_lecithin
nonsync_drosophila_atomatic
manifestation
strongly_unherd
invites_pathobiologist
slaughters_anthography
uncaptained_mouthlike
krakowiak_whinchats_immuniser
uncandled_outvier_clechy
drawdowns
gable_noumenalize_sahuaro
namable
hippalectryon
puckery
preimportant
carnivorism
imperfectibility_aphanesite
prologuising
kos
deflexible
spence
immoveableness_floweret
pisk_zeolitization_prebills
unlegalized_indictional
hamber_erinnic_brushoff
carbolxylol
mastigote
sudanese_farandman_forbit
reformist_datelining_benumbs
seclude
deloul_fifteen
subtotaled_karmouth_languisher
antependia
malleiferous_protopteridophyte
fiador
devily_volatilizer_redsear
pyrosis_java
aogiri_iatraliptics
judicium_overthoughtful
eustele_volutoid_unidactyle
responde_shrank
shanghaied
pentapodies_distancing
abonnement_diactinal
spineless
verdant_cricetids
guillevat_inquinate
bioethics_bespeak
anopias_sakulya_genson
producibleness
acculturize
boychicks_aroon
herringlike_rostrated
yusdrum
noninterventional_preshowing
festination_tessaraphthong
cumins_vamooses_delawn
lawsuit_anastrophy_antiliberals
pallia_psychoneurosis
electrosurgeries
copresent
microphakia
mortarlike
diselder
tabulatory_incommutable_alanyls
outspread
streen_unmotored
carneol
mixy_preliberally_tonguefence
micrifying_glans
uncourtlike_impressionable
halochromy_eerily_rastik
phoronid_formolite_nonflowering
unnumbed
scrawls_ametropic_physicosocial
noctidial
blowse_worthlessly_characteries
gushet_oversurviving
wormy
nonerodent_singeress_solenodon
bridalty_descendents_fungous
retinites_angioid
avulsion
bathool_scraggiest
salicylal_uncontentiously
overinfluential_goodies
deepsome_drumbler
incarcerations_schizopodous
quinova
peagoose
epicondyle_thrillingly
thickeners
amire_infulae_naprapathy
tenoners
leg
nidology
bisiliac_reflectorized
ors
embryologist_insides_bucranium
unfibered
infrangibleness_optatively
electroluminescence_knowable
triobol
endosteally
induplicate_protractor
busybodies_khubber_apotheosis
skoaled_detrained
toluidino_xanthogenate
cracovienne_idlest_tongrian
gunnen
emirship
amassment_teste_hesitate
grating
vitalic
protophytic_townward
siffilate_gambier_multilocation
duodecimomos_endogamies_goatees
skerry
flannelette
brutalised_perineurium
noncongruousness_prothalamiumia
ploughfoot_rolley_paralysing
stethogoniometer
streke_mistitled
cantharidized
spiraea
insurgescence
cyriological_beshade
microgranular_aquake_semiopaque
analysis_revocably_staphylion
peppercornish
scolecospore_airohydrogen
thankworthiness_bandcutter
ureteroproctostomy_starwort
servileness
febricitant_buzzwig_backwards
agglutinates_fortilage
dinglebird_volvoxes
aroeira
pneumatotherapy_exfoliatory
turnscrew_pythonoid_cosentient
wapping_ventriculoscopy
topmost_hygrostatics
teleport
ceramidium_wordsmith
cachunde_folkboat
ptosis_traducian
trafficableness
coappear
reexercised_sulfostannide
usage_spatulation
frontierless_kenoticist
assertorical
urent_gremial_presidencia
cyanophycean
caconym
seedpods_vernile_ornithosaur
unfanciable_predemocratic
nonlegitimacy
overtrustfulness_scoutings
dissolutional
hexamethylenamine_retinize
humet_toddled
nonprevalence_arzun
lighting
probate
megalocephaly
crestfish_librarian
lapidate
bouffe
hieroglyphist_cepe
relieving_pions
nondepressed_nonemotiveness
recchosen_quinones
insanable_unrotated
firmless_thob_turbomachine
cirrigerous_papier
midwestward_pedialgia_jigmen
nataloin_jackboot
keeshonds
nonchivalric_temporizer_peaches
scrimped
wished_typehead_yeply
necklet
revelrout
gelation_handstaff_reprehensory
dishelming_sideling
equisetic_uncommensurability
nontraining
foresightless_pareja
prerailway
stuporous
retranslation
andropetalar_lustered
sinistrogyrate
acarocecidia_petrologist_nudnik
peremptory_intracarpal
spareribs_replunge
syrmaea_whiskied_manipulations
barometry_unalteration_octyl
empicture
dissceptre
biaxal
arkite
proboscidial_theodrama
traumatology
sift_endoscopes
pauperage
monoketone_invert
unseceding
rugby
coassisting
pretelegraph
uncurbs_adoptant
highlight_champacol_orphandom
clarkeite_binocular
paronomasian_posthumously
emerita_tessituras_afterdamp
drumliest
perissodactyl
cyclonically
keypuncher_circumoral
demoralizingly_reune_myomorph
grecizes_bluehearted
reapportions_apexes
melanosarcomatosis_superbia
nonbeverage_mispronunciations
appall
allogeneity_dirgelike
agonium
consultee
empaled
sew
muchacho
hot_clodpated_illimitably
yarmelke_proserpina_rhombic
hypernatremia
nonpossessive
slapshot
pullback_clone_widdled
semideponent_spelt
fleetingly
platonism
dumpier
texturally_bargeman_chevrotain
sidecar_jargonium
siderate_monosaccharide
enantiomorphously
griffade
outbullied
organify_wingding_gemology
expellee_manhattan
nonhazardous_hoggishness_tupped
mosquitocidal_synalgic
buckeroo
harmed
exaggerators_philotechnical
glyptographic
thermotaxis_lemonado
equiponderating_illess
fluffy_septoic
care
pampre_versicule
gurgoyle_yealing
autosoterism_duets
unausterely_cornutos
lactucon_drearier
outloves
ais
stench
sulfine_crypticness
spiels_capitaling
cognoscitive
pythonissa
lamprophony_obfuscating_unlawed
souterly_pycnonotine_continual
browache
towmonds_neocracy_reorchestrate
unoutgrown_enzymically
hematogenous_muckerish
underread
agammaglobulinemia
option_metrified
heedily_mortice
waterbury_pato
yawpers_teleprocessing
palaeocrystic_vaccinating
alloplasty
misagents
xanthochroia_ghawazi
designingly
synergism_mistake
geocentric_penetrameter
acronymize_enframement_waggonry
goodness
plushed_miscegine
besort_ajonjoli_unmuted
taxingly_acetifying_undershapen
fittit_sulphurated
coherent_mistetch
ballo_apyrexy_syphilography
overcount
auxometer_connection_jay
peloria_doctored
jackroll
aberuncate_faveoluli
multifidous_courtnoll
silicatization
tractarian
industrochemical_assurd
picklelike_nonrecent_rampancy
eric_libidos
resigned
depicting
laciniation
impredicable
etymologised
paleontologically_amphithuron
endangeitis_oxydation
serosities
ethylamime_subvitalised
hartstongue_semimanufactured
readied
trichite_decil
spancelled
breastweed_dysphrenia
thinghood_myokinesis
tabouring_dithionate
nosohemia
anemophile_disembay
murmurs
chapatis
sansculot_escaladed
vapography
reantagonizing
exiting_unwroken
undervaluinglike_stoma_betrays
hors_colluvies
tritangent_alternated_sweeper
attend
preengagement_yeller
moteless
unenvenomed
mew
sheetwise_suasively
millirems
kliphaas_janitrix
copsy
elegiambus
languisher_inducteous_fatefully
naw_yeasayer
polyurethan_countertechnicality
megasporangium
comessation
subphylum_multiplan
exacting
coupon_transplanting_pericentre
counterflashing_hypodermoclysis
machinable_overserenely
transverberation_homogamies
alezan_northbound
restiffen
festinating
debout_heterogenous
perforators_misship
counterdefender_obedience
sustinent
punchayet
otocephalic_ukiyoye_rufulous
initialism
halvahs
anticrepuscular
triticality
tequila
glanders_sarigue_buccan
stalinists_varnashrama_prodrome
largeheartedness_hypothesized
dean_eyehook
cracks_courses
punctated_grille
preassigns
tenectomy_yammadji_unbold
regrabbing
netherlander_messet_conclusory
vinedresser_lectionaries
predelle_torridly
headfishes_unschematically
obligability
hogwort
balanid_suddenness
shootman
rankles_promercy
biforking
semimonastic_uninformatively
sordidness
uncommensurate_dipody
prefearful
marmorize_superfat_subcellar
atebrin_aurichlorohydric
glossingly_boarishly
chuddah_unbobbed
crosswalk
quebradilla_pamphlet_sharki
solatium_cascrome
lathee_gazers
minbar
pedicured_unsparable
autocratrix_burgwere
postluetic_hcf
rials
oceanology_rewash_havana
vertebrofemoral_pantellerite
therewith
colob_cocciferous_rumbling
ritualistically
moskeneer_betel
deftly
epirhizous
herpes_gluers_compartment
jambiya_unclement
swiftlike_piggybacks_bluebuck
professorships_debouch
parleys_animalcules
tackboard_semioxygenated
neutrophile_foresay_bilo
oinked
homotypy_decadarch
collencyte
wasteness_nontonic
villan
runkly
witnessed_broiden
monerula
openchain
ruthenate_ureas
overreckoning
nanosomia
hyomandibula
knub
cockneybred
redoubt_epigrammatizer
giros_debutante_sarip
generically_punchlike_coquicken
stradld_clankless_reservee
solidate
suppedaneum
pipi_corer_underbubble
pinacoline
carbone
suboppositely
regenerance
tee_occipitoatlantal
salamo
incendiary_pintle_creephole
akin
comet
spearcast
indigents_irradiator
propulsory_deviltries
artificialities
blockheaded_prerejoiced
crossbows_campanulous
cambial_overplaced
brazenfacedness_rewish
prefinanced_incumbrances_carrat
medallionist_superinstitute
autoportrait_synaptic_bioplasm
reacetylation_hippic
delineator_gte
noncoherence
tacit_curvirostral
becaps_unifoliar_birdies
motorings_assam
pistillody
biogenetically
unpoise_papaw
reoccupations
mature_hyacinthian
plumist_annualist
stephanic
unrelaxable_persicaria_looters
cryptoclimatology
tensed
premortally_cumberland
supervigilant_phytographist
cyclane_grayishness
choochoo_rudistid_prelimit
fibrosities_briards
damnosa
adient_woundingly_countrify
unsiccative
replying
podiatries
halakhist_guenon
overstuffed_backscratching
holometer
bronchophonic_daleth_kippered
pleasurable_complaintful
knopite_frameae
ombrellino_tyronic_careers
lbs_crescographic
scraggiest
hypogastric_bonitas
dimethylanthranilate_mesoscale
echoing_stuffage_queachy
regild
homeothermic_anisado
arsenicating_brants_emeritus
kabbalas
sixfolds_placable_arteriectopia
hypermetrical_dunt
centrodesmus
chorioidoiritis_registers
anastomoses_griege
uncrudeness
shellackers_paced
shivaree
translunar
bonspell_unencumbering
truantship_sideshow
divinator_pox
awayness_womanpower
moldableness_trembled
macroclimate_actiniae
pausal
secus
tresis
rhaphe
cymblings
stealing_witchwork
ahimsa_kentucky_heaviest
voorlooper_granum
aghanee_evaluator_skylounge
poorweed_parliamenteering
pickout
soapbubbly_tank
antidisciplinarian
penmanship_uncombinative
craneway_wrecked
flimflammed_orthoplastic
arteriocapillary_cystorrhaphy
murchy
impliability_neotenous_earreach
enfief_enatic
seedlessness
phenotypic_overuses
heterandrous
reisner_aria_melodramatical
archimandrite
unregardedly_emodins_demiracle
hygeia_paralysation
fanbearer_uniniquitous
bootleger
yarth
fict
anguis_psychotherapies
disadvantages
ambeer
amidol_cedars_syud
aerobic_shiversome_unvisited
spermatozoio
cacoepist
stereotomical_acclimatized
colymbiform
nouveaux_saltines
tracheotomized
processive_disintricate
soleplate_cytologic
dissertationist_unlodge
mantuan_nymphitis_homeotherm
daughterhood_bitterhearted
citole_tribase
superrace
avogram_forays_corms
rapido
knouting
fating
misapplication
pinkany_songish_hedgebe
insphered
trailblazing_prancingly
fluxed
vorant
engagingness_cornada
mediumistic_undecidable
ciscoes_mormorando_overknow
reverbrate_relaxants
bankruptship
precisionistic_delegatory
aftercoming
protorebel_torulaform
surgery_agreges_battlefronts
macchinetta_rontgenize_boric
fearfullest
kokumin
leapable_anes_quirting
irritants_council
predicts_rondeau_nonnattily
nondisagreement
infuse
ethologist_dustoori_unharked
leucocholy
laquear_habitally
rarifies
gargoyley_bogeys
uneducatedly
blimey
prudish_adiposeness_mangaby
nonaspirating
aposelene_nonresponsibilities
zabeta
siegecraft_femur
wheedled
undiscountable
screenwriter_usherettes
pigsticker_piquet
unforeknown_canari_enamorate
earlock
unresonating_propagand_olograph
hysterotomies_froust
reinfuse_trimetallic_oospores
bumbershoot
beseechment
riddance_escapades_witnessed
virilizing
cullibility
overaffected_redissolvable
multimarble
frigiferous_pseudostereoscope
exhort_proceeded
specialties
emerit
flav_bestrid_menaquinone
nonoscine_twelvemo_annelids
eustomatous_mesosoma
overidealizing_glutter
futhorks
micropipette
remital_goosing_anglice
rehearser
oxdiacetic_undecayedness
monologue_macrodactyly
saprin
queeve_regroove_promotion
splitters_intercomplexity
ingeniary
praam
cordate
pseudoamatory
rescrubbing_imblazes_claus
overtold
monotrichate_volupte_buckstone
quippishness_lumbayao
chiropodical
anura_unrivaling
dissepiment_eposes
pondweed
suturally_boucle_justinian
tabulatory_resupinated_teioid
hagiophobia
drawing
troilus
betongue_promulgated_stanched
desmotomy_boltheading_galways
wheem_trues
ecttypal_tedder
syphilises
diazoic_sweltry_conditioning
ascocarp_nonliteracy_intonacos
tapiser
hyperemotional
muscovado_sangrias
sistrums_subingression
deadpans_arithmetize_matra
brooked_scalenon
nearliest_goodish
masochism
settleability
ribbidge_garnitures_surnay
adenin_currishness_unulcerated
aralie
practicalized_bacach_agleaf
cottons
proband
disbosoms_serohepatitis
prostrike_boyars
decempennate
curiescopy_straught_readmit
admeasure
emplacements
interferric
precambrian_atrip_knapweeds
diencephalic_harpooner
strudels
meatballs_unbearable
dollarfish_nonperforating
hankies
techniphone_escribientes
attroupement_amylum
tailorage_unjeered
tonality_hearthstone_antidora
untrepanned_gala_mercurified
repudative_erato_biliously
pilomotor_dumka_solacious
sufflue_impresting_sasan
unmesmerized
nonreservable_bushtit
tritangent_unmeasurable
hexicological_blimp_terrenely
personalization_spumier
bdellovibrio_morocain
antisyndicalism
toxicant_inconcurrent_funny
atrichic
sourbush_wainman_malefice
tunicary
discretion
vestrical_fertilise
elopers_prominences_pyrometric
embodiments_undistilled
oversubtleties
catholicate_drizzly
krna_volumometrical
chipchap_fervorlessness
audiencer_trophectoderm
rekeying_reinjuring
changeable_swithering
farewelling
products_wiredrawn
desilverization
interdash_malleli
subcontractors_snubnesses
calced_sprinklers_kleeneboc
pepinella
biontic_rigoristic
askesis_diazotization_hosecock
sprigs_stad
scratchpads_inviolacy_sarlak
septimes
campane
reassumptions
unwitnessed_smirking
workmistress
smilaceous_pennatifid
pantomimes
unkindly
chromeplated
bejewels
transpicuousness_velarium
exsanguinated
poetiised_bardes
tetrabromofluorescein
twait_imparadised
deflowerer_schizochroal_everse
birotatory
dosserets
viviparities
flabby_leucocholic
beside_mezair_submeeting
spoilage_chorusmaster_marimbas
ruralists_baffs
ungenerosity
supertreason
passionwise
ophthalmorrhea_hunk
toxiphoric
woodcocks_unliquescent
corroder_chaukidari
shrewly_regrettingly
weevilled
mumphead
unboy
overruffs_pharmacodynamical
barbera
unsystematizedly
hypsibrachycephalic_whished
redesert_bene
percussions
chilaria_finalis_carbineers
censes
weightily
memorializes_damning_protoxide
retroinfection_billiard_asimen
merkhet
chlorogenine_beylik
leucocytoplania_spleenier
rhinegrave_melanomas
overcautiously
poonga
recumbently_uniseriate
unmeandering
bached
sulphoxid_hamburg
curvatures
nonapologetically_solo
unitentacular_parenchyme
maul_agnatically
adjurations
euthanasic
glycolipide
chronologize_chiave
sundress
antelope_antiturnpikeism
hemoglobinic_unvalorousness
supracentenarian
elongation
quebradilla_nonarrogance
amatory_chirality
numskullery_megotalc
viperidae
junipers
subcircular_dolichocephalism
polyglycerol
inermous
photosensitized
cymarose
formagenic_preclosed_scuppaug
foreadmonish
aporphin_spencerian
grottoed_thalassometer
deathrates
pereira_premonopolies_washup
incineration_hoars
terra_snoozles
katalyzed
wranglesome_underruler
routings_indelibility
superinclusiveness_hamous
tormenta
perjink
vixenly_flange
salticid_assimilative
gelable_devitalisation
rigation_misadapted
crustless_pontificating
herbariums_trophic_cotes
goolde_frenum_arsenate
abjectly
virement
spiritoso_sheenier
parapsidan_uncharacterised
rechasten_backsplicing
thaumatropical_chauffeuse
batterable
serfism_coonskin_ultraistic
inactivations_incredibleness
multiples_sortileger
unprotect_colcothar
eusporangiate_radiopacity
additionist
interfluous_sarcoglia_isoclinal
noctuiform
copulas_anestrous
saussuritic
aboideaux
flings_inlying
logomacher_ctenoidean
reearns
woodlands_aufklarung
antecedently
fosslfying_baresma_armpiece
redeemeress
nonexpanded
menopausal
educe
entopterygoid
trachelorrhaphy_tablehopped
vias
tautophonical
twier_cruxes_gladiator
coccin
pined
pilular_anisilic
biotoxins
ultramicrochemist
ploying_epimerite
aspidospermine_compendency
carlin_unmercifully_semielision
superintense
octochord_autoplast
skupshtina
ricketish_monorhinous
proscolices_alkaptone
scuzzy_tenorister
monobromacetone
undistinctly
stilliest
esthesiogeny_herbal_hircocerf
coring
encarnalize
salvable
lithologist
pericycloid
biarcuate
gabble
handlebars_polypharmacist_teer
stonily_untumbled
korsakoff_weakeners
grumblers_lintier
exponentiated
benward
theologizer
leasemonger_displeasured
pawed_whimsies_misdispose
broadening
nondiaphanous_giglet_boltage
infradentary
matross
gummier
contained_xylose
rewithdrawal_byzantian_baymen
leatherboard_abeyancies
picosecond
grecque_assert
ameloblast_laryngitic_foresound
bedabbles_indiction
laceiest_decury
gasping_babyhood
cockering_coronetty
phrases_confiscate_mackinboy
silkolene_temptsome
resigned_coarse
ruminators
disbalance_outplayed_cosen
radiopathology_runout
depthways
postcondition_othaematoma_admi
nudnick_fugio
nitres
frame
interinvolving
crumbcloth_pecunious_affidavit
arrha
sertularioid_topcap
ardency_protervity
canker
virid_prespur
mekometer_imbroccata_flimsiest
salix
precuring_vocate
tetradactylous_semicompact
encountered
archives_irreformability_donnot
jinnestan
nonvariably
ecad_jelled
chrematist
newsrooms_perisarc
lampshade_redredge
contentedly_condescend_soign
refuse
partans
unevading_riveted_hekhsher
taig
scacchic_similarize
centrex
wost_stertoriousness_zel
peacod_forejudge_momenta
amulet
wronghearted
uneasily
koolah
demissionary_suffix
wooliness_vasomotor_disregard
organal
democratic
griffinism_beryls
nidulus_spangliest_underfootage
juggleries_miscoloring
kilp
foresights
epitympanic
pauropod_observances
unassumingly
heartroot_juglone
guarantied_strainerman
feloniously_nonimitating_winzes
hatboxes
hagmane
intermatted_redealing
pilosin_subdepressed_scavenged
nosig_iridosclerotomy_organised
unregardant
imputatively
retroversion
sufflated_frizzlers
counterstep_postpositive_paiock
luge
unsaint_navety
reportion
commendador_gliss_diapnoe
photesthesis
sorbile
tachygenic
slammer_hollowfoot
gospodipoda_impresas_versicle
boches_superunity
embrocated
prosos_bootlicked
tarraba_thinkful_secularizers
wildcats_crosiered_putchuk
bellyfull_mahar
paralalia_ruddish
ditas_tributer_islandlike
photechy_greeneries
retina
affronter
tabooing
exigent
regally
decreers_logoes
tallow
ultrasmart
mounseer_extradited
outscorning_commissary
tootses
probonus_hamates
takeing_outrating
leatherine_dreadnaught_fishweir
fauchards_hoelike_unpropitiable
antisocialist_syphon_consortial
anchors
paranucleinic
dentinal_preindebted
thereagainst
ostearthritis_flog
skewbalds_gambe
subfusk_chubascos
unruinous
unituberculate
bibliognostic
britain_gaveled
tennist_reharm_negators
manasseh_equiaxed
habitacule_catbirds
tucuman_sodalithite
pinacle
uniquantic_flyways
quadricostate_distenant
pardoned_execratory
planetary_epingle
vat_microcyte
theopathy
yoghurt_lovelornness
semitextural
piratery_penfieldite
precompensated
disorchard
teardown_exact_sillyism
conclusum_avocets
champagning_overfurnishes
anatifa_pericarditis
gillaroo
intertrinitarian_beknighting
ungenialness_embossable
doll_sternmost_alliant
seasider_carbolising_vialful
chuckling
costraight_spag_dalan
sandculture
demonetise_adenoneural
fleshier
vendeuse_atmometric
phorometry_unpouting_seary
insition_job
neural_omnigraph_steamproof
camister_semidivine
perimeningitis
coloring_thermotelephone
serines_legginess
aglee_accomplishing_whigship
demonstrator_gausterer_capric
abirritated_loopholing
sextipartition
watchstrap
oxyopia_pigeonite
nonutilization_pollinodial
interproximal_zesty
syllabifications
hydroceramic_nonolfactories
subsulfide
samothere_redupl
roundworm_literality
deride_unexpanding
daggerboard_pricktimber
morphetic_gthite
nondivinities_verticil
amb_naegait
borophenol_testbed
limulus_chromoisomer
megalospheric
tenpin_nonexaggerating_podolite
ingratiated
antedate
wayzgoose_semiorb
tensionless_strickenness
arctically_pretreating
megathermal
lifted_varmannie
zuisin_clubster
serin_postprocessor
prenzie
googol_azofy
pentagrid_dysmeromorph
remunerating_coolamon_sulfate
refurnish
chivalresque
apyrases
outcropping
hemiterata_cinnolin_sclerized
socking_antiemperor
videodisk_pigeonman
irreproducibility
postconquest_hyperrealized
septum_ahwal
presignificant
sodomy_piteousness
undercurl
chromicizing
zabra_disarray_unedibly
shelties_systemist_unmelodized
overcape_pennines_cerium
rhabdocoelidan_mowburnt
mild_gigliato_hematozymosis
vulgarise
coof_unattentiveness
groining_chromatology_figeter
malts_boloism_barbarious
radiostrontium
softhorn
bassist_parametrical
wied_dustiest
pluralise_kinking_stepchild
refinage
mournings_promiscuity
phytoserology
embrectomy_urodelan
ultimobranchial
ectoplasmic_ingravidate
reseed_plumate
gabies_robustest
repeatal_multifaced
gong
slape
unsusceptibility_lomastome
tushing_gamestress
rubbernecked_baldaquin
nondelusive_pardoned_ovules
unworldliness_cullets_mammey
schistose
mamoncillo
widgeons_nilghai
diaschistic_pegasoid
aphodal_overblown_agilely
triune_copulation
emmenic_hyponitric
scourers
fitchew
offsider_subpastor
reductibility_leverage
horace_discus
hypoendocrinia
rookie_symptomize_bastille
eryngo_vegetomineral_cliffier
plumate
carbondale
permittable
tights_pomegranate_kambal
defuzes_unacquaintedly
holostomate
peculiarize_maskinonges
adrostral_swingers
gastrohysteropexy_dunnish
shellful_interrelates_burdock
noncriticalness_lunes
cowper
excecation_zipless_achlamydate
drones_autotelegraph
apophysitis_arpeggios
vitrophyre
precautions_ovulations
impotency_mistreatment
issachar_astronomically
waukrife_mineraiogic_rubelet
velociman_alfakis
cardel_papua_alternators
schizothyme_chalkosideric
overjoyfully_resistibly
phalacrosis_pulpwoods
gypseian
unglued_cutlasses
tracheolingual
windingness
circumjacence
paycheck_rashlike
anticreationist_inoculates
tweaks
membranoid_nonorientable
eidolons_viscounty
cretonne_bullshots
briefing
implorers_abducting
kilns
noblewomen
nonmetamorphoses
stupe_cecal_bathrobe
encarnalized
gispin_shotter
paisleys_convolve_oca
eleventhly
prajna
lectures
predescription
cyanites
brustled
weiner_veinage
ghostlet
merenchyma_suprarenin_allantois
quenchers_unsensitise
volcanize
warehouseman_categorizes
nonoptic
saddler_unfervent_unspeaks
resifted
selensulphur
tautosyllabic_antiresonance
understeer_dripping_unglaring
infusorium
haycock_bodock_flabella
plagiostome
bacterial
rebates_fuliginosity
untransitoriness_preprophetic
nonpolitical_hydrokinetic
uncivilness
temporalist_grists_algolagny
unsacredly
barre_impartite_intransmutable
dragoon_nullificator
irreconciliably
nonmathematician
utai
unbumptious_strops_legato
bandog
octandrian
petronels
protopappas_choanosome
groins
revaccinate_flyer_burden
monadelphia_titillation
cryptoheresy
oftly_thermetrograph_couponed
refunding_fluotantalate
tigresslike_unwoeful_roubles
diamminonitrate
nonsaline_metallish_sectarial
hogwashes_merorganization
unindividuated_simious
transliterator_unhoarded
neurotransmitter
keying
explees
unexcessiveness_cookies
rewardable_quarrystone_pinson
sporangioid_designators
myriads_eviction_ballyhoos
abo_upsends_edgebone
gerent
rubace_seleniate_circularly
torbanite
amusively
unseeded
proudling_client
sides_subroutines_reborn
unconditionedly
deanathematize_outmeasured
ignobleness_warl_moderantism
webbed
limitary_devilward_oversleeps
fourth
uppard_devilries
overpopularly
atechny_pharmacogenetic
tipsier
scion
treadplate
noncollusion
frailties
transcriptitious
astrogator
disputers_nobly_sirkeer
disinteresting_prolative
exsibilation_preopen
grooved
imprejudice
cavy_prologist
hebdomadaries
unlosableness_underborne
paradigm_lengthful_thyreotropic
outbakes_promoted
testons
concretively
hepaticology_lithos
corruptibly
hollooed_angareb
nonzoological_dilates
beebees
jiffies_unprompt
debridement_tectrix
unignominiously_affatuate
chirres
weirangle
mountainously
alreadiness
polyphonously_ashberry
refr
electrobath
deisms_entomologising_nails
burlesqued_components
unfissile
declarators_enatic
sulphovinic_convictional
deerdrive_quietsome
caucasian_mollitude
lamprophony_fussily
violinmaker
reichstaler_asclepias_subaqual
orangeness_cubicovariant
sociophagous_cakemaking
deductibles
reprehensively_puffs
unmuzzled
discreated_subbeau
guildite_timescale
linge
trifid
misdone
dustiness
hesternal_shippons
phoenicean_patterns
turbidimetry_hydromedusae
fenks_hairbell_lyra
chlorambucil_privier
overbearance
boatshop_misrepute_misway
semitubular
bromoprotein
elemicin
unexhausted_cavillingly
stokvis
vestuary
rededication_bacteriophagic
belittling
felicitators
subgraph_uran_unbrimming
surplus
microsplenia_udders
kagu_demarcator
evangelize_odograph
sebundy_incorporation_livre
fleuron
fleabag
intendantship_interknotted
gelsemiums_aerotow
whimsey
imbursement_coteaux
sphingids
oncological
zoanthacean_thermalgesia
mouses
nebulated
schtoff_lauderdale_carnivaler
unedibly_bocci
cannoneering
unspecialised_unpropagable
isocrotonic
bookishness_laton_esoterically
cleistogenous
credenza_regulationist
taxman
unctions_oceanography
overmitigated_soneri
reseals
twiggy_moder
overgeneralizes
extemporisation
patinas
irregularness
omnisufficient_haggadah
capfuls_moolas_londoners
bibliothecas_overdiscipline_cum
unhat_multiverse_kanara
comparatively_nonefficiently
pendulosity_legated
jipper
hatchwayman
runless_shouts_tryptamine
sylviine_foxy
quirksome_garten
rehemming
saugh_douser
conduces
jabiru_nondepressed
whiptail_sootier_canajong
dirigibility_nonblasphemously
lymphogranulomatosis
bicycler_punka
cryptodouble
kicktail_chotts
beglerbeg_intransitiveness
disaccomodate_anthdia_boblet
doodads_interregional
pretaught
unjesuitical_inlacing_defoliate
cheefullest
bonbon_workways_vrille
fleecers
uneroding_pedestalled
capillarily
upgather_ponycart
owergang
dermamyiasis_nuchae_pluvious
ophiuroidean
unemblazoned_resistiveness
urbinate_jocosities_palfry
unthrottled_backbiter
uppercase
borborygmi
aphasics
creator
consultatively_indign
cheesier_antelopine
souush
zoosporange
nubilities_coffered
propertyless
iroko_callousness_primiparous
schynbald
whipsawyer_taratah
zoroastrianism_buzzword
myliobatid
obtect_widorror
choragic
phenylcarbinol_parasitological
pennines_unpurposed_uncatenated
solitudinized_accedes_apex
goal
underclothe_orthometry
fisherman_stalkers_judgements
arenosity_perilousness
zymograms
parvifoliate_cicero_prest
creels_lherzite
adspiration
plenishes_hutre
unadvertisement
encorbelment
borecole
perichylous
transection_thecasporous
inchase_somewheres_unbigamously
unsupine_whisterpoop_petioles
indamines_vomitory
unitemized
cocoas_slaked_bedfordshire
supplial_crisply
reexperiment
hantle_slicked_dramatising
gorblin_fagoters
unrotary
websterian
postboy_sclerodermous_sternness
nurls
cartonnage
yobbo_curtays
steenkirk
slickered
biforous_antepaschal
repel
renouncement_proctatresy
penthemimer_importunely
lucerne_pragmatic
antinihilistic
disheartens
constructive_rampager
domed
becquerelite_selenologist
acrasias_benzocoumaran
symphonetic_typhotoxine
hypacusis
prefreshman_mumpishly
coifing_reducibility
janglers
epitheliomata_dispowder
ruling
aith
transversary
selenology_settled
peage_unwatchable
nesslerised
complaintful
maddest
humorers_dorsoventrally
conditorium
fattable_sanatoririums
matipo
inchmeal
choliamb_ecbolic
amine_miniatureness
jericho
proflogger
wiredraws_noncarnivorousness
clithral
rosorial
dictions
baaskap
homebound_attingence
unextendedness_friableness
disperato
smirchy_defeasanced
hodoscope_sn_hyperspace
scourging_redemptory
stumping_stalagmitically
rachiglossate_rins_nontactility
backhooker_cubalaya
tumblehome_obstipate
barmaids
esophagi_antimicrobial_repelled
fougasse
hypnosis_phosphore
pelvic_curvaceous
cambio_tarsotarsal_ffa
spizzerinctum
toffyman
tonemes_rhinocerotine
guidwillie_pandemian_hurr
arithmetization
tussler_intransgressible_rafale
isostasist
devourer
overbids
cunningness_palynological
pseudoevangelically_unexceeded
cytozymase_velardenite_toy
inaffected
euryzygous_unforethoughtful
chemiotactic
antimacassars_salvific
combattants
sebum_levers_scripulum
superrational_adduces
bandlimit_expunge
soundboard_prebind_ceric
yappy
nonvillainous_indiademed
nurturing_crumpling
segolate
mashal_gastrocentrous
corynid_humpless_landladyship
disentanglement
soundage_slenderish
protogenal_betwattled_forpine
dissolutionist_sidetrack
disappendant_tricolor
nondispensational
briolet_rebuts_sataras
multicipital_chromophil
cedrium_streke_timbang
cymaphytism_alum_ambulacral
bumptious
unscaffolded_delaw_oestrum
suburbican
micklemote_hemol
aeolsklavier_bellarmine
sondes_parallaxes_acmesthesia
americium_awonder
bioecologically
remindingly
shaky
mirific
nonperfectibility_disert
reversing_mammer
dickeybird_misdoes
korona_coony_unevasiveness
hyphenated_miscurvature
designates_salamanders_innuate
echafaudage
forlese_gemmiferous
retractibility
sassywood_verminous
keltics_erubescite
jabberment_wheelabrating
stills_rompingly
tractate_squiddle
bodybending
galoshed
lens_quadrupling_cephaloid
beaverboard_oversness
enhorror_glycoproteid_sipe
leperdom_milarite
cinnyl
voider
parastyle_inseeing
hun_railhead
ideogenetic
buckstone_feere_tetrolic
albumoid_reclines
ungeneral_gamotropic
tighten_coronatorial
obtund
geotical
dissipations
enduing_toby
facilitations
unfulgent_backlogged
dallyman_pleny_applauders
overspeedily_interlocutresses
bloedite_atrematous
peptonization
purging
unknotty
bassness_brattles_cinerarias
cucurbite
overflush
kinchinmort
penetrology
pseudencephalus_unbrewed
cinchonised
gipsying
capitoulate_caddishly_willi
postfurcal
sniffly_unpropitiating
steading_unhealthiest
meanspiritedness
enamourment
xenodochia
salviol
despondentness
nonmusical
zapatero_intersesamoid
bless
planetoid_residuum
volleyball_ethanamide
extrajudicial
uncomputable
personalisation
etatism_brachygrapher_phosis
antichlorine
hysterodynia_rescous_brush
atriopore_opalescing_prunelle
dossels_optics
apropos_episcopalians
ocherish
includible
unfoliaged
uppropped_talayoti_nairobi
aquarelles
aneared_interlaudation
interweld_manager
speaks_anatox
unjubilantly_wallwort
yanked_aphrizite
salicetum
schmalz
pyopericarditis
deglutitious_avick_pleat
dooket_uncharitable_expiries
unstartled
candlelighted
morphinism_quarterspace
pinpoint_moldavite
foundations
rightless_visceralness
subquestion_nearness_bedgowns
nonwondering
rebids
ampollosity_semigenuflection
unplutocratic
uninheritable
phlegmaticness
mispages_bucketfull
unmanumissible
screwable_philterer
athletes_geoplagiotropism
conjobble
beautifier
dotty_decurrence
circumnavigation_frostbite
rocklay_cocksureism
prothetically_ravened
diverters_floes
photoaquatint
achromatous_cathepsin
nonadjoining_fadeout
surcoats
figurato_scillitin
someways
ventromesial_isosaccharic
cardiographs_ting_hayz
taxeme
partialist_dizygotic
priviledge
fluster_regence
intender_bittacle
laterodeviation
emissi_combfishes_stimulable
overfactiousness
deerflies_caudalward_sortiary
moaningly_diplococci
moggies
pavy_compromisers_exsanguinate
patterner_monastic
panegyricon_eventides
acidities_compage_varioloid
waiterage_vulgarised
wearilessly_stenchiest
synechthry_entomologists
disciplinarily
playwomen_resaluted_unthroaty
isodactylism_nonsuppositively
compellation_curdler
gigmaness_distinguishment
overplenteously
chloroquine_padishahs
delisk_rural_ulotrichan
stimpart_unsaliently
hypozeugma_curlewberry
eyeball
illumonate_unpurgative_greyhens
caligation_ibuprofen
amatorially_gyrus
muscats
stupas
expansibleness_uncore
empyreumatical_tellee
milksops_bared
indulger_scopone
seamless_dogie
damars_leathercraft_snifflers
cowish_privatest_amusingness
stanchness_interlocking_lister
ferlying
bino_polopony
cambrics_tapwort_refuges
nondistortive
unpulvinate_unblenchingly
roselet
provisos_unsquirted_gymnoplast
yn_helterskelteriness
parabotulism
rafflers_laceless
piefort_jamshid_shams
alveated
sennite
vernacularize_approbatory
topeewallah_cystamine
ossetic
reamassment
blimy
elatedly_inequation
retiarian_heraclitean_beltane
cardlike_unpreened_galagala
antiphysician
hospitably
hamperer_dalmatic_videnda
tocokinin
hammal_ungravely
reprotest_variedly
maysin_modificable_hygieist
cotman_madzoon
hobbledehoys_cg_unfoodful
romana_aporrhaoid
infratonsillar_perfectionment
cleg_cacemphaton_monochromous
septaemia
redemands
sialosemeiology_thenceafter
tragical_inoblast_hanting
undeceitfully_nohex
grimme_menthol_gastrosoph
superdonation_alodies
daubiest_undercoat
tideway_rosanilin
trigonocephaly
steels_severize_impute
fairishly_subtilist
paddockstone_reaches_lettrure
remodeling_wanger_synclitism
reappear_psec
hallow_sulfa
vilenesses
sody
unenviably_dysgenics
dexamethasone
unpuritanical
jowly_presidy
rusting
intorted
realists
autotoxis
finch_wainscot_teallite
chapourn
recitationalism
syntone_subtitle
pseudocele_heterochromy
nonwalking
paladin_primped
crateful_thermographic
incoherently_hotheaded
unmasculine_ultrasimian_orogen
derbylite
forfication_beydom
dicycle
nongenetic_parecious
evenworthy_subuniverse
repadded
scissoring_honors
solstice_yodle
underwaistcoat_methenyl
nonpaganish
mindfully_thieveries
sophistry_petrie
yabbie
uncrime
flouters
infraspecific_wringman
astrophotometrical
homodyne
strobed_exterrestrial
trabacolo
obscene_florally
pseudoscutum_perilsome
outcompliment
afire
regularness_veneniferous
concinnating
obambulate
authorities_popple
chelicere
dioxime_ballistic_bolsterer
dowcet_umps
pentactinal_phagedena
sulphured_vexillar_fivish
drone_humorsome_courtling
podgily
helving_letterspaced_havened
meteoropathologic_turbulency
chebacco_scopiped
millioned_trimerite
construability_madrague
sassafrack
hennery
pissoir_cautel_curative
tripod_widdled
masonry_jalor_revolutionising
evaluating_cemeterial
flinthearted
unassuaging
dispiritingly_racahout_chivaris
unfired_interlocutrices
surfboard
ousel
innominability
leukemoid_conturb
ephas_antibaryon_miltwaste
unbankableness
overproving_quindecasyllabic
nomadise
cerebritis_anelectrotonus
deadliness_tibiotarsi
mozzette_marinaras_shielder
nonsensate_hematobranchiate
unedacious_ataxiaphasia
lanete
unholier
croupe
unsnobbishness_predegree
lovages_interspace
overdiverse_off
outrocking_disturbance
tintinnabulation_prothetic
blindless
buttals_demivotary
soreheaded_hyaenic_abrachias
nonretarded
troopfowl_funneling_swaybacked
disbody
beaverism
warmest_pretabulating_nebraska
wirespun_cyclomania
cutigeral
loathings
cottoneer
glutamate_transphysical_swards
octasemic_frankest
midirons
divertingly
permeance_pau_skeldrake
antiscion
capitalizable
screaks
coir_decreptitude_flourishing
safranins_corectome
keratometry_aerotactic
creeker_humourless
dismark_polynomialist_mugging
collembole_mises
curtsying_rhadamanthine
shinglewood
nonadjudicatively_inched
unuprightly_organophile
poutiest
unvibrant_genetrix
definitely
pyrrols_voluntarism
teaseably
flavored_semibreve
unmultiplied_sarcoadenomas
stamindia
trudgen_bloodletter
subgit_gyrogonite
bobby
disanchor_ribber_metranate
serang_stinkeroos_unpenetrably
lafayette
calosoma_strewage_misrated
rented_tough
prerefining
maidhead_tan
phenylglycolic
gleesomely_thermomotive
eradicatory_autopista
nightshirts_shittier
unconceivable_bardcraft
sklent_weatherly_setwise
chonchina
undammed_banishments_tenoplasty
populously
kokam_cartoonist
discreditableness
billa_resipiscent_tafia
apically_villageress
heired_glyptographer
glassblower_heterosex_cayennes
arbalests_marketeers_excitably
inphase
handicapping_sectionalised
hedonistic
unvenued
arbutes_inkmaking_shriekery
foretaster
caveae_coresidual_plowable
wasphood_battleship_ouananiche
ebonites
revibrate_rationally
virgule
identifiers_picksome
resanctify
anaemias_acinacifoliate
inblowing
nonevasive_lawlessness
pseudoindependently_sphaeripium
colonialize_shrunk_demonised
uninstructing_peacemongering
diamicton
unluxuriantly_portentously
unwatched
lulled
fractile
dieresis_aneurilemmic
outstations
lactonized
eupepsias_comprend
pleurocentesis
nonrayed_tenderee_unblacked
jetliner
thievishness_expectorative
embryoplastic_skewbald
osteochondritis_illth
seignorage_belap_whesten
phyllorhine
deconcentration_nonperjuries
loweringly
outguessed
quethe_assiege
panacean
nettlemonger
incapacities
deescalates_holloaed
citronellol_reverification
befoolment_edibile_combfishes
eole
turnplow
hyposensitize
unpent_empoisoner
acture
devisceration_misbuttoned
outpoints_cited
ramus
winnelstrae_copr_jeopardious
cannetille_anathematizer
imparasitic_sentine
idolaters_unbutchered
irrepairable
iridochoroiditis_bluenose
pyloruses
gaieties_polychromist
recovered_triolets_coimplore
waymaker_eradiculose
aerodonetics_trimoric_wharrow
erythroblastotic
noncorrection_overdedicating
pata
resinoid_accipiter_probenecid
iodoxy_procrastinativeness
khedive
unparsimonious
hyperexophoria_nonmathematic
caparison_sud
glyphography_workday
cycled
reproof_touter_bannerer
nagger_preverb
bonnier_aketon_quadrimembral
octaval_anhydrate
debite_indoline
sheepifying
immersing
eigenstate_tainos
soothingness
jet
fashioner_wealthfully
reserving_quotlibet_gangbang
carposporous
unbetray_disquisit
preovulatory
medievalistic_repentable
encephalin_spongious
archils
adephaga
cladophyllum
spectator_cacogastric
jacketless
treeify_anticritique
prefulfill
virilizing_where
razoredge
subsidize_hypervigilant
inhiate_unrevelling
sepiae_carminative_frederik
micrander
runningly
skinked_hyalotype
nephrogenous_fundholder
devoutly
rodney_cherished
besnowing_threateningly
expressibly_inomyositis
unimmortalize
expressing
silicic_ontogenetical_canadol
hamose
prepayments_pinakoid
skirtings_vesuviate
dipole_bibliopolist
codespairer
theftbote_clambered
enjoyableness_karosses_fuggiest
herbivorous
pratal_votograph_mandarins
symbolise
sakti
zinkifies_cantharophilous
cocooned_chakazi
anemometer_salutariness_mowburn
demitoilet
spermoviduct_rally
duddery_neuropter_lathered
curaras_rubijervine_oundy
limeberry
cholemia_unquested
damenization_centraler
myoelectric
soleyne_graveolent_wacky
verticillary_clavichord
preestimated
heavyheartedness_sweetening
esotropic_cabezone
inflood
phyllophyte
droppings_didynamic_virgultum
concessible_botrycymose_wabron
inherit_preservatory_pulpitum
incautelous
mustiness_pirrmaw
peridesm
homeowners
falderols_semanticist
elegant
heiled
patronise
negations
independents
exegeses_sulphonator
uninsolvent
tonogram_eluxate
consignificant
xenophobia_osteoids
syncategorematical_pussiness
acrotarsial
forereach
malambo_rapaciousness_transhape
doomsdays_functioned_hussar
cellarer
nuncupating
teleorganic_akasha
deflagrate_luncheon
unsummonable
croisad_serpuline
postsymphysial
quintus_dummyweed
derelictly
localed_catadioptrics
coregent_coxswains
uniformisation
flotation
washcloth_eathly
descrier_advanced
amins_spadiciflorous_nabobship
profit_roisteringly
poecilonymic_devising
timeshares_lustihead_disruly
temper_taxicorn
deadhead_archgod_construes
palmad_hory
blamefully_omnium
traducible_peccancies_seiner
sinuatrial_provokers
aerothermodynamics_asylums
berbery_swobs_evirate
untread_halas
unsententious_prexy
smacksman_wontedness
ungloves_athanor
nunlike_eunuchoid_bouch
microscopist_depravedness
chandala_apolytikion_anaphora
dumpcarts
crag
vaudois_chyliferous
supplest_perichaete_stadia
aced_woeworn
batel
refiring
irredentist_subprofitableness
garcons_mellilot_unbending
blennophthalmia_midgut
nonaesthetic_anastigmatic
indicially_venesect
hammers_egotheism
theologiconatural_lepidotic
hipparion_redcoat_skeltonics
regreeted_windbaggery
grasni
semioblivious
homeland
surgeproof_phocomelous_syrinx
stradico
refund_oedema_chemoautotrophic
aggerose_breastheight
gratified_precorridor
scrupler_pelmatozoic
pollux_takeable
calvin_matriculae_whalm
evolutionist_pudu
occupationalist
cheeselip_platinichloride
paratrophic_cancrinite
clicks_amerciament
assertrix_exulding_cage
pillaged_inflector
duped_guttersnipish
birdsong_aposaturn_rilawa
bareboned_unaudibly
silicane_unvext
vomiters
ecclesiasticize
innocents
crosses_sanitarian_gowl
prote
semicapitalistically
riblike
unministerial_estately
semify_piacularity
authorly_nonsequacity_toyman
coarctate
faecalith_philanthropine
commemoratively_urinating_vagal
ovolytic
vermiculite
immensurable_schemes
ruches_radiocopper_emulation
weavers_symboled
preagitating_engird_playte
fontal
rutile
matrilaterally
bogeying
hypostomatous
tremble
anapleroses_deadborn
grandmotherliness_chasms
wizardries_impassibility
ironworks_nondeviation
trampolines_unbirdlimed
undergraduates
roughtailed_schreinerizing
sumpman_reuphold
imbroin_caravels
dextrously
retrogression_harking
breton_impanel
ephebos
unfordable
decephalize_valedictorian
expiscation_narrowcast
qualmproof
heresimach_splanchnopleural
gorlois_backhander
epitendineum
pantotype_nahuatl_kaleyard
boardy_seigneurial_washed
faunology_spiracular_deposes
advanceable
untortured_quadripolar
phosphoaminolipide_federatively
gain_bowing_cockpits
demifigure
spurreys
micrologist_uhllo_milksopism
feedlot
visitors_postparalytic
coomy_enwoman
caponiser
whities
unexcogitative_ligamenta
combattant
mollah_flaxwench_phlebolitic
gluily
genuineness
chalone
cognized
curiomaniac
foodstuff
chipproof
winless
amplication_hyperthermic
unclassified_johannite
ranchero
northerners_spermaceti_cockatoo
hazeless
eyeshine_poornesses
admissible
aperu_castorial
incorrupt
hormogonium
ecarinate_frappeing_viridin
chloroamide_rootlet
jugglings
macroeconomics_mazeful
flogster
centiday
yellowcrown
indefinity_bureaucratism
kallege
viduine_nonpsychically
epicarps_looser
salangane
suprising_foreshadowed
finchery_apolitical_decimalised
awarder_typhogenic
spookist
bagged_husheen
sympathetically_balaniferous
sardonyx_hematine
iodic_majorship_gluey
proode_disamenity_arbitress
contradictor
outtell_unslatted_whame
humdrum
extrusive_infixation_clinginess
unlugged_tyrotoxicon
croyden_undertruck
apocopation_derange
tetrabromoethane_charts
ancillas
lintel
demonolatrously
synchronized
metasternum_proeconomy_cataloes
pediceled_mucopus
timers
colliquefaction
piquant_shammick_trashes
proportionability
instrumentative_reprised
pseudopriestly
subcrustal_diiodide
burrowers_semiofficial
seneca_crossbar
stifles_scraggle_memorandist
collyrie
eludes
scotties
hydrolyze
unconcealingly
palpebrate
overwintering
showdown_pistils
roin_difluoride_testule
zephyranth
thorougher_galleting
numismatology_headsmen
ludicrosities
durra
disregarding
blanky
hause_unquenchable
dialysis_seeing
immobilizes
mycoplasm
registrars
thermotactic_tizzies_herrenvolk
intricate
shoetrees_hardsalt
phytoparasite_shangan
custrel_festered
urnful_peartness
harmful_reliclike
beefer
walla
sawway_scrollhead
gallimaufry
outblessing_uproariously
typophile_unloathsome
tripterous
ambosexual_readingdom
teel
pacificity_beflounce_nugify
pontist
swanflower_graduated
epitomic_tuberculotherapist
manganate
pragmatica_seelily
typhlopexy_flockowner_pharynx
chromophor_devels_inexpressibly
copperware
breading
espinillo_resnub
dulcose
intrepidly_imputrid
subspheric
solved_pomaded
bimolecularly
unfondled
heterotrichous
gospels_outfalls
upfling_inexpedient
surrogate_endocarpoid
willyard_acle
reexpose
compulsorily
zapateado
syphilizing_colley_angiocyst
predeception
kissable
factoryship
newness_akerite_shysters
connaturally_thromboplastically
osteological_turnspits
dice_spacecraft_premedical
isospory
interlaying_ignominies
barhopping_phyllary_jihads
drivelingly_triangulation
legman_nonelliptically_plagium
mispoises_pleurobranchiate
cocks_unconvenience
saucisse_torpedoproof
semiclose_forethoughtful
breva
samogon_lamellae_pedagogist
physique_avine
sunhat_remunerates
hexametric
bani_hydriatry_nontourist
vermonter
smartism_pleasure_prep
tiaralike_restrainer
sweated_acumble
splatch_redoxes_downthrown
nonanalytical_warrantise
deosculate_erugos
unpolymerised
unturf
binge_sportly
antifatigue
gravelling_borotungstic
hostry_rumrunning
foederatus
stably_doweries
unplighted
misadd_reconfirmations_upspear
raisable_tesseract_fideist
catalase_ripienos_southdown
smearcase
illiberalized_finnack
lucking
terrorized
weedily_shuck
brushup_camarada
tragicoheroicomic_missus
taeninidia_geyserite_bewearying
pointlessly
alaskan
guarico_outswears
restress
intraxylary
klatches_filter
adipate
bronchium
compte
muckrakes
idiotic_peptogaster_deciding
blowgun_bradykinesia
giggit_poundal
antimonopolization
apiol
rebracing
semitubular_murkest
opossum
avatars_stymies
aphelilia_twirly_enquarter
nonextinguishable_troglodyte
orientally_onychite
hegelian
dozer
janapa
procacious
kanji_reprehend
offset
decagram
assertoric_horary
sacred_trostera
bottomried
solaced
logistic_tribular
wholefood_dovishness_hopeless
trinketry_chincapin_perulate
cullied
phyllitic_athrocytosis_flurt
binmen_neutralise
rechoose_sienite_rescuable
hijacks_disbecome_potheads
outdrop_vergeboard
strany_eventful
triconsonantalism
matricidal
askable_puzzleheadedness
waggles
typhogenic
multivoiced
anemious_uninceptively
annotto_bultow
retooled
devolutive_mepacrine_carmagnole
unanimiter
doberman
sulphoindigotate_unnealed
lapins_depreciant_overinhibit
outawe
vermouths_perfectionation
els_rhynchophore_thievable
acquisitive
sleepish_unrainy_preregulated
tetrarchy
brazier_lockerman
oligolactia
pulverulence_epidiascope_valved
microencapsulate
uncollatedness_actuarially
scalped_nonrival
reconcoct
attinge
supreme
subminiaturizes
prepoison
potrack
prospectless
sympodially
countywide
douping
comedowns_hypophoria
superexaminer
hypotaxis_doorways
authorisation_disprover
nonfiduciaries_golilla
ergative
endolymphic
napoo
imperializing
caricaceous
snake
shastaite_bewrite
behears
disagreement
razormaking_butteriness_grange
document_isobarometric
sundrymen_unamerceable
peatery
furthermore_interrelationships
zonite_synd_magerful
retributory_mensal
languorously_unoriginately
ajava
supra
epeirogenetic
trudgers
mossbunker_arborea_kerne
swimy
hematophobia_tinners_daks
undarkened_custerite
perpendicle_galeage_emerged
bifront_anisogynous
beinly_gyse
sylviculture_camisado
enraged_volborthite_pimpernels
varicelloid
galeeny_coopts
contrariantly_sulphantimonide
wanderers_overclothe
minibus_tetrandrous
revegetating_spissus
cymbel_basifixed
gaff_remailed
worshipworthy_decalogue
thrombokinase_unpossessing
aphorismatic
ichthyotoxism_pravity
preobserve_parathymic
transcribed_undeclarable
gospel_aduncity
dithionous
solidarity_foreswore_metopae
outflowing_reticular_rhymy
transcrystalline
discerption_creatines
hydrula_glassworks
accourt_intercident
wageling
thermoelectronic
tilestone
cromme_angustifolious
skinless_faked_nervature
sulphammonium_unhurriedness
skilligalee_killcu
noncrustaceous_craniosacral
yentes_wheezed_kynurin
unquiescence_viraginous
decessit_oversusceptibly_garbo
hypoaminoacidemia_distributor
voetstoots_semitae
unallotment_shackatory
combativity_patinaed
cytococcus_foldout
orthophoric_archizoic
fairkeeper
cretinous_jakos
pinkey_epitheliliums_colpeo
hematherm_unstewed
elderbush
verdigris_wansith
thallodal_hokypokies
battlefield_alsikes_assail
enhaemospore_leatherette
aeromagnetic
upchucking
eminency_unliteralised
strent_furnishing
welsom
exploitationist
affrays
uptossed
intensify
brazilette_handersome_guinean
lintels_dispatcher
polymetallism
confessionalism_skewing
undiscursive_rechar
platypuses_unhectored
complementally_reconsigned
decussorium
dysphemized
tondo_unaverted
wineskin_separte
anglicization_cargador
superhistoric
articulately_matrimonially
mordore_musculopallial
golly_nonposthumous
poyntill
indiscreetly_droppage_israelis
heroical
grapeline_mainpast_reconsigns
chronomastix
dragomanish_birdseeds
lurky
antitonic_nonechoic_epiloia
doucker
barometers
seicento
bestialized_ghylls_swanflower
sijill_aeonial_tzars
molts_dingman
coolerman_anthranyl
brainy_canonicalizing
tootsie_dynamomorphic
literalization
plans_mediatory
calibrater
quinquevir
meekest_forebear
allopathetically_foolproof
arcuses
toisech
advowson_astrologe_anodes
molition_jasmin_solandra
involuted
tessellae_citification
unconfinement_hoorah
ramage_puddinghouse
tollman
management
braillewriter
infinitives_ambulacra
columnarian
obscenity
risberm
etherizes_roadtrack
embaying
bosomy
gastrea
repatriation_sokemen
harpooner_penuriousness
parasyntheton
spellproof
espichellite
unbookishly
protonephros_pyridazine
gelsemic_headgates
thermotropism_ama_pyrolas
shr
unvesiculated_alcoholizing
aal_awfullest
dramatist
restrainability_illustricity
semipectinated_hemophiliac
overdignity
nonprejudicial_comer
capuched_ackton
monocotyledons_generations
racketier_predeliberation
supercapably
precongressional_springing
cicatrize
inexpressive
groupie_arbutuses
spike
clubfellow_denotive
carpocephala
autobus
internuncio_gange
hemihypesthesia_horologe
infraglacial_coccygean
cyanotype_reminting
shrinkhead_mosquito_infieldsman
headlongness_crotalism
preyed
colloider_unreforming_relevent
declinator
vendibles
octoradial
peridiiform
vesselled_bullhead
dynamis_hobnob
whistler_frequentness
interchangeably_oldstyle
diphaser_estivating_pillager
stereophony_rhizophora
uneffectualness_rosinate
tutoring_lyases
correctly_emporiums
hyperemic_seculars
noddles_hackly
ischialgia_turtling_lebensraum
anticontagion_bidiurnal
reinserted_ceration_packboard
vegetomineral_neuroanotomy
captaining_taxied_fretwork
premechanical
ensuring_verdoy
opine_hagiographal
ontologist_protosalt
slangy_coquicken_unrefinement
polymerized_elizabethans
diffractional
beefalos_baliti
mijl
dilutors
quingentenary
thilly_communaliser
perdure_homosexual
adumbral_subereous
niellos_ventrocystorrhaphy
daemonian_pyopoiesis
helepole_royalising
incapableness
chirked_extrascientific
unstarved_folkishness
metagaster_gazaboes
fearers_godown
bakal
aftergood
spikelets_officiation
contune
moor
keratocele
cockshut_dextrogyration
yawed_circuitmen_nictation
anorexic_hauberget
semideistical_superendow
citrus
macroevolutionary
superidealness
abstractiveness_undernomen
stereomicroscopic_teledendron
executors_pokies
verbalising
albugineous
peddled
kauri_japonaiserie
ferroconcretor
nonincidentally
turbidimeter
apodyterium
striven_rubout
wodenism_breathers
fantails_sphenographist
sebiferous
sparsim_endopterygote_carnac
rediscounting_hoteliers
doveweed
might_convolutions
nagari_levesel_hysteroptosis
mythologizing_obscuratory
hemimellitene_penful
vaginicolous
fieldstone_perimetrical
thiochloride
amylum_expended
comolecule_drawnet
disally_cinnamoyl_generalism
desensitizations_tightfitting
clownship
chaffiest
goals
jen_showmen
bevelled
enneahedria_gilbertine
contos
intimate
creeks
hymenopter_ferthumlungur
villainize_schmelz
unintermingled_arillary
whigged
pactionally
antipragmatism_incubates
fluorid_schelm_waxworker
diaphanousness
vicariousness
maintainable
peliosis
ghostified_coinsurance
orientalizing
volvoxes_potlach_appropriators
chorioma
volutin_hemadromograph
liberalized
legationary_viand
inflamedly
prolongableness
expansibly
jacksonville_caracoa_anginal
shipload_businesslikeness
jackknifes_linolein
cystoenterocele_metataxic
vombatid
amygdalin_marialite
unadored_melena_obdurating
unriffled_quadrumanal
dachshunde
ethion_unassociative_acalephae
differency_goodies_reenlist
frankalmoigne
zad_loser_peptone
tabularise
hump
diabology_appellability
chamfering_chakravartin
granage
inconcinn
accreditable
cymblings_mellite
laulau_clinanthia_unnamably
zygomaxillare_enodally
lacoca_landladydom
risotto
azimene_succub
follicular_pinx_generousness
mesameboid_overstruck
schonfelsite
truckled
wjc_windowshopped
paramorphosis_halogens_spooked
bluntie
amitosis
translatorese_bairnteam
endpiece_bulldozes_sanders
dispurse_rubellite
peptogenic
reflair_yade
complimentingly
nostology
screen
rainwater
collocal_pollster_dammers
abridgement
reaal
meatorrhaphy
bailors_justification
fainter_vatically
painterlike_seraphim
pulicosity
redistills
aeronaut_versor
nonreaders_debenzolize_prodigus
squamate
callat_letterless
bastinading
dissyllabification
clattered_preaffiliate
drivewell_nittiest
enticeful_noncompetitive
intend_glassworm
maternology
trilinear
echinodermatous
cryptamnesia
transmontane
foziest
possessio
motets
habilimentary_avowing
predisappointment_latitat
unibivalent_enswathement
unlousy
unannihilative_likewiseness
coenanthium_unforensically
parerethesis
alameda
jostles_mamamouchi_unreticently
ropewalker_honing
phonometer
subslots_tuggers_nulliporous
capable
wardress_superagitation
unloath
pharyngolaryngeal_boatlike
werejaguar
alacrify
seclusiveness
shuted
illiteracies_tanginess
drayed_branchstand
actomyosin
undualistic_wykehamical
pokerishly
gruelingly
tambouret
solein
nonharmonious
maihems_habutae_nitrocellulosic
subequilateral_lenos
epituberculosis_spatiality
trusters
omnipotentiality_wartflower
procarrier_kanap_stardom
uprist_moun_whitewashed
augite
hendecahedra
tercels_attourne_impactionize
cherubfish_cyphella
spleet_blickeys
emundation_bebatter
moistness_perquisitor
immemorially_prereligious
araucaria_tapism_succoth
homolytic
unlocks
normothermia
sharpite_functioned
chapiters
korimako_boney_dethronement
desert_intellectuals
orcadian
tympanocervical_shotless
necessitous
sealevel_succulently
unrecuperatiness
silkolene
comprovincial
acutifoliate
prongbuck_rattlers
nondesquamative_suckage
windmill
mysteriosophic_phloeum_redefine
outplot
untuck_kobu
rontgenism_unmolds
airworthiness_flurriment
autotype
theolepsy
crankpins_newborns_absinthiate
deprovincialize_counsels
pantatrophy_chanelled
testings
appleringie
efs
pausalion
mesocaecum
triparted_uncinatum
theologicopolitical_jirble
perineoplasty_chalcographist
anticlinoria_iconoclasm
throatful
brakeroot_elne
unprivately
floristry_sandalwood_mamboed
abbotric_ontologic
malrotation_gorgio
songstress_semistarvation
evanid_bulled_guary
pseudoerythrin_bemeaned
polynoid_metretes_otacust
lipolysis
bespouse
stepdames_sidesaddles
puggaree_inkwells_runners
descript_oriflamb
overcasually_unriddles
tumbak
perlingually_chilognathous
bonnyvis_jauked
classicism_monobranchiate
raider
commercialize_disdiplomatize
miffiest
mineralogically_yelek
dimethylsulfoxide_engraffed
shinnying_oilway_nautiluses
alations_wareship
lettrure_spicosity
amins_choristoma_nonconception
jonnick
motordom
facient
stevedoring_almandine_virify
nd
irreption
coaxers
totalitarians_arrope
yeaning_millanare_placarder
phycic
sacred_actinocrinite_stilted
peelers_amphoric_pseudoangina
corporealist_verminiferous_misc
cyclohexene_sulphating
diakinetic
lablab
meaner
spondylolisthetic_expurgatorial
cogie_lanceted_cto
disesteemed_tribeswoman
polychasial_unarmedly
korun
fowent_prologuer_flancards
viverrids_whiteouts
unfelony
embosomed_nonderogatorily
cheeriest_corequisite
beelol_civically_psiloceratan
skullduggery_scotoma_splurges
unanimities_tapit
carbazole_dishevel
stubborner_diluting_biphenyls
malleableized_ophiophagous
trailing
pashadom_principally
immiss_labouringly_empyema
recreator_salading
alcoholicity_comptonite
nidiot_agalactic
sabotier_odiumproof
pirating
sacro_agrest_unambiently
supersympathies_coccostean
bleater_slippage_annexionist
coiler_crowfooted
nondesirous_toggery
freieslebenite
dynastic_intimidation
overcapitalise
proportionably
anticipators
autopoisonous
adermine_iatromechanist
magnificentness_immaterialness
tipoff_fraenums
denaro_underabyss
prefabricated_preinductive
grubstaking
sorbates
floccillation_manufaction
micromeritic
privateering_crownlet
tasselling_protopod_lull
witchetty
bawty
tophes_guardfully_mercilessly
gryllos
fresno
eradicator
zebrasses_pistler
broombush
rainproofer
appliable_cabbalistic
snoozling_ootocoidean
detrimental
alouatte
acatamathesia_trisulfoxid
akroasis_ungarrulously
defrock
coincides_polycythemia
automaticity_interlocutor
dumfound_selvage
dangerless_maut_obduration
quenchableness
deconventionalize_antral
bebatter_tresche
logically_supawn_donkey
handcraftman_superqualified
pasted_terminalis
mobilizer
manganeisen
noncitizen
beaproned_cytogeny_skidoo
pidginization_sasani_acater
rushen
umbre_salinification
tornote_epitendineum
conjunctiva
furdle_dismissive
afro_rebreed_furanes
rebroadens_ceroid_regioide
pottering
drabby
upflow_doa_preguess
morphically_transfinite_cadrans
kevutzoth_homeochronous
splurgy
paleoytterbium_unwrathfulness
yuga
mathe_teaseller_pollenivorous
unexaggerating_univalency
cacam_inputted
sandbagger_speculum_equidiurnal
pseudorganic_heredes
pseudomiraculously
apomicts_crossbow_shutoffs
subsphenoid
neurapophysial
adet_querent_cattails
inappreciativeness_shiny
kuchen_pyospermia
chamisal
brachiferous
deflagrates
proxemics_whereinsoever
forfouchten
carbonitride_equilater
knits_unjewel
sulphidic_unbreakably
cheat_glengarries
stresslessness_flybane
dispossed_resistless
obelize_coccoidal
sajous_nongreasy
anchorwise
montuvio_hexagons
flaughts_unbrittness_inscrolled
semibifid
grosshead
suturing
wyted_feebleminded
mithridatise_feedlots
swingletree_belayed
odonate_sortilegus_tsarinas
