aardwolf
aa
aargh
aals
aas
aahs
abalone
abalation
aaronic
aardvark
abandonedly
abandonable
abandonments
abaisse
abamps
abampere
aalii
abandoning
abalienated
abandoner
abaci
abandum
abadengo
abase
abacaxi
abarthrosis
abaft
abaka
abanga
ab
abarticulation
abapical
abaised
abater
abacas
abasement
abasedly
abashing
abated
abac
abasio
abaser
abators
abases
abasia
abaton
abatjour
abatised
abastardize
abaddon
abashedly
abassi
abashment
abatage
abacination
abating
admires
abattised
abates
abattu
admirer
abactor
aahed
abasic
admissibility
adequation
admired
adeptly
admiringly
abattoir
adenoviruses
abacterial
admissibleness
admedial
adenotomic
adepter
adequately
adenylpyrophosphate
admissions
abrasion
admittances
adepts
adenous
adephaga
adephagia
administrationist
adeps
adequacies
abrasing
admissory
admeasurer
administrators
adfected
admensuration
adenosis
adermin
admiralties
admits
abactinally
administrative
adhaka
adenotyphoid
administratress
adminicular
admittedly
adenophthalmia
adlumidin
admi
admiratively
adet
admiralship
adless
administrable
adminiculation
admeasured
adfix
admiration
adessenarian
adfrozen
administratrix
administrate
administration
admitters
adm
adenomatous
abraxas
admirability
adenophyma
adenolipomatosis
adesmy
adharma
adenomycosis
admitting
admaxillary
adenoses
adffrozen
admix
adenopathy
adenoliomyofibroma
admixing
adjutator
adherent
adfreezing
adenohypophysial
admiral
adjuvate
adenoiditis
adjutory
adenoneural
adjuvant
adjudicated
adherents
administrates
adlumin
adenopharyngitis
adhere
abacuses
adherence
administerings
adherend
adenophoreus
admarginate
adlegation
adjutancy
adjutor
adminicle
admixtion
admirableness
adjudication
adenosarcoma
administered
adenoid
adjunct
adenomata
admixtures
adenosarcomata
adenographer
adenoidectomies
adjutants
adherers
administer
adenology
adenomalacia
adjunctive
adjudicative
adenomyxosarcoma
adenomyoma
adjustors
adenolymphoma
adjutage
adenohypersthenia
abrased
adjuncts
adenographical
adjudicata
adjugate
adenogenesis
adjustments
adjurations
adjusted
adjudicators
adherescent
adjudges
adenofibroma
adjustive
adjure
adjustage
adjourning
abranchious
admonished
adjustores
adhesional
adjuror
abrasive
abrasiveness
adjoust
abrader
adenochondrosarcoma
adenocarcinoma
adjudged
adjust
adjournments
adjacent
adjoins
adjourn
adjoiner
adenoblast
abrade
adjustable
adjoin
adjacence
adjusters
adenocellulitis
adhesive
adjiga
adhesivemeter
adenocystoma
adenodiastasis
adenocarcinomata
admonishes
adjectional
adhesives
adjurer
aboves
adjectival
abrading
abranchial
adjag
adenization
admonishingly
adiactinic
adjoined
abovestairs
adiaphora
aditus
adiabatic
adjectives
adiadokokinesia
adhibiting
admonitioner
aditio
adenines
abrastol
adjective
adjudge
adiposes
abrachia
adjures
adiposity
adiposuria
adiadochokinesis
adipsic
admonishments
adhocracy
ansu
abranchian
admonitions
adipose
adiaphanous
adnexal
adendritic
ansi
adiamorphic
adipopexic
adipyl
admonitorial
adnerval
admonitively
additiment
answering
adnex
adenia
answerable
answerably
adenin
ademption
anta
answer
ansae
adiantiform
answerer
abrazite
adiaphoresis
anserines
antibreakage
anserin
antiblock
adiaphon
antibromic
antibug
antiboxing
anstoss
adempt
answers
antaeus
anoxemic
ans
anschluss
antagonise
antibodies
anoxias
antae
antacids
anticivilian
anticlimactically
abouts
answerless
antibusing
adipopectic
ansated
anticivic
adenasthenia
anticize
abox
adenectomy
antiblastic
adnascence
abradant
anoxaemia
antiblack
anticipators
antica
antibilious
anticalcimine
ansarian
antagonism
anticapital
anticked
anticks
adnominal
anoxidative
anticalligraphic
anticlimaxes
anticapitalistic
anticlinorium
anticlassicalism
anquera
anticlines
adiathermanous
admonitory
anoxemia
antibiotically
anticlassicalness
adenalgia
anthropotoxin
adnexitis
anticlericalism
adipinic
antichreses
anticipatable
anticamera
anoxybiotic
admove
antialcoholic
antiamboceptor
anthropurgic
antagonist
anticlactic
anticatarrhal
antibias
adnation
anticlassicist
additionally
anticlockwise
anticness
anovular
anticapitalists
anthropotomist
anticaste
antichretic
anthroposophist
antibasilican
antialbumin
anticlimactic
antialdoxime
anticardiac
antibiosis
anovesical
anticipator
antiaggression
antichrists
anticlergy
antichurchian
anthropotheist
adiathermal
adios
antifungal
anticensoriousness
antichoromanic
anticipation
adenemphractic
antiaditis
anticatalyst
adiating
antichthones
adnomination
adibasi
anticentralist
antichronically
antiauthoritarianism
anticoagulate
adipescent
anticoagulant
anticatholic
anthropophysite
antichamber
antagonistical
anticarious
antiauxin
anticatalytically
anourous
antibalm
antifrictional
antifascism
additionist
antiaircraft
antigalactagogue
antifat
antiaggressively
antiempirically
antiae
anticipating
antifebrile
antigambling
anticly
anthropophobia
antiabolitionist
antiamylase
anticeremoniously
antianthropomorphism
anticipated
anthypophora
anotherkins
anthropophuistic
antiagglutination
antianopheline
abr
antiatheist
abaciscus
antipathetic
antipastic
antichristian
antiatheistically
adelphous
antiemperor
antifame
antiabsolutist
antifeminist
antagonizable
anthropoteleoclogy
antiballistic
antiannexation
antihypochondriac
antal
antibacterial
antinode
antiatoms
antigay
antigenically
antianaphylaxis
anoura
anthroxan
anticeremonial
antigenes
antifundamentalism
anticheater
antibacchii
adipomatous
antinihilistic
antifederal
antipastos
anticoagulator
anticommercialistic
anosmia
antiagglutinant
anticogitative
anthropophagy
antianarchist
antieducationist
anticynicism
anthrylene
antipass
antisalooner
antipatheticalness
antagonize
antiabrasion
anthurium
antiegoist
anticipative
antiempiricist
antinoise
anticynical
antiattrition
antipathies
anthroposophic
antinicotine
antigonorrheic
antievolution
anthropophagously
antichristianity
anticensorial
anounou
anosmic
adipoid
antifouling
antidoting
antagonizing
anticholinergic
antielectron
antiparallel
antiastronomical
anticoagulation
antigens
adiate
anthroposcopy
anotropia
antings
adiaphoristic
anoscopy
anticyclolysis
anticommercially
antiparalytical
antiparliamentarians
anospinal
antieducationalist
antinomian
anthropophagite
antihemorrhagic
antihierarchical
antiinflammatories
antigrammaticalness
anticommercialism
admortization
antipatriarch
anthropophagistic
antiedemic
antiparticle
antihypnotic
antagonizer
anticomment
antiscabious
antiface
antiscii
addison
antienergistic
antievolutionary
antifreezes
additament
adipoceriform
adipolytic
antichlorine
antifederalist
antidogmatist
antidoron
anticolic
antinomical
antierosive
antipathize
antimoniated
antigigmanic
antidrug
antichlorotic
antifibrinolysis
antiglobulin
antinomist
antiecclesiastically
anticommunism
antiparasitical
antiegoistical
anosphrasia
antiinstitutionalists
anticyclonic
anticeremonialist
anoterite
antiegotistically
antiegotistic
antiepithelial
antidotical
antihemoglobin
antifermentative
antigone
antifelony
antiscience
antiparabemata
antisceptical
antihierarchies
antiparliament
antisag
antiparliamentary
anting
antipathogene
antiegotism
antiapostle
anotto
antievolutionistic
antiecclesiastic
antiexpansionism
antidotary
antigrammatical
antiexpressionist
aboveboard
antifertilizer
antalgics
antidynastical
antimetathetic
antalkali
antigraphy
antineutrality
antinormal
adnouns
anthropophagism
anticomplement
anticytotoxin
antidynamic
antieugenic
anthroposociology
antineutrinos
antiheroic
antigovernment
antipatriarchally
antignostic
antidraft
antiexporting
antineoplastic
antigovernmentally
antimonid
adiaphory
antidoted
antis
antiaristocrat
antiaristocratically
addle
anorthosite
antidictionary
antimonate
antidromic
antiextreme
antienthusiastic
antidysenteric
antineuritic
antiholiday
antihistaminic
antihemolytic
antiascetic
antihypertensive
antiformin
antiestablishment
anidiomatic
antipapistical
antimetabolite
antischolastically
antidomestically
antikenotoxin
antiscolic
antipatriot
antiar
antiinsurrectionists
antiaphthic
antihero
antiferromagnetism
antinovelist
antifeudalism
antimeson
antidecalogue
adiaphorism
antidetonant
antihierarchal
antianxiety
antifire
antihierarchist
antidepressive
antifeudalization
antifogmatic
antidynasty
antisacerdotal
antipedal
antalkaline
addititious
antidemocracy
anticonservativeness
antipharisaic
antihistamine
antiexpressive
antiars
anticommutative
antimonopolist
anticommunistical
antidogmatically
antiantidote
antihelminthic
anticomplex
antiroyalist
antirumor
antiepileptic
antiforeignism
antiheterolysin
anhydridization
anorthoscope
adrenocortical
antinomians
antimethodic
anticonservative
antipapism
antienthusiasm
antinosarian
anticonstitutionalism
anthropophagical
antirennin
antihum
antireligionist
antiarins
antiscia
anicut
antinegro
antidromous
antinepotic
addicts
anticyclic
anhydromyelia
antipewism
antimonies
antiscrofulous
adight
antimonarchist
anticreativity
anticum
antiferromagnet
adinvention
acumens
antiresonance
antiscorbutical
antiselene
antigravitation
antiphilosophically
antiharmonist
antireligious
anticonventionalist
antidiastase
antigyrous
antics
antienvironmentalists
antineutral
antipatriotically
anticyclically
antirust
antiperistaltic
antirentism
antiguggler
antiphilosophism
antidiphtheric
antihygienic
anhydrous
antihumanistic
anticovenanter
antambulacral
anil
antigropelos
antimonopolization
antinucleons
antiroyal
antiknocks
antimoniuretted
antireformist
antipellagric
antidemocratical
addles
antigravitationally
antimoniuret
antiflattering
adient
antiremonstrant
antidepressant
adding
anticritical
antipacifists
antifoam
antiromanticism
anidrosis
antihelices
antidinic
adiaphoron
antienzyme
antidivine
antimonarchicalness
addlehead
abounding
adobe
additum
abaculus
