F6Y368547N1H509
Y0Q153414U8E878
Y1E342052Y8B558
N3U335526J6E498
B5W450678W7K565
L2G706712Q5W848
W8T579819S9H927
G5Q826924B7L022
I9O130873R7Q824
P4W291303G8L105
M2V566975R5H045
W4O411248X0G504
R4N495806E8Q794
J4Z763671N2V275
W8R145197O9X839
C0R848514Z5K981
B5Y003623X8H599
J8J504259N9O660
Z3S635714Y5Y757
M1G873818C4Q494
E1Z737152Q5E568
O1L601645A2P097
N0S082808M0Y150
X1W248401Y8D445
J9J308361K1U659
Y2T394063F6A099
B6D832668F7Q013
V5X836219O4I486
N1D885218W8J536
Q8D425002C5P073
B3D379014R5G873
E0H023130X9O550
T1D561836E3V564
Q6M467626Z4C015
Q3I667369K5S274
M8C423374D1B110
P4M925639V3P945
V6G889327T7P498
J6A096151R1Z276
Z9T198267O4N271
P0G707464P9E177
H7R973539L0P514
X9I343033F6W628
B3U251829N6S682
L4U114975Z9F536
I6D561162L4S905
H5N013166P6W428
J6B343604T9A735
W5M040237Z9N883
W8I044466V8L220
P2U332018C4R858
Z0W363556B5I091
H9K029880C9W127
C5V850030I2V654
E5W151009I9J591
D5I450803S4E616
N7V301632S2Y225
I3Z556512K9E438
I9O080303S7F304
D0U621656S3T229
E5W109990O0F373
E3X217898E8A742
F7X149973E6F936
D2C455934C7Q673
W7D250231C4B333
G9I245096U0T307
B2Q081095U6Z547
R6I948901J5I443
J6A648328N6H138
M1L677329U5A757
P9X778367N4K388
V3C020600J3E700
Q3N757602A1V532
V0W635391M2K663
G1R367884P8D193
W5O592843J1Z632
Y6P794730P2S636
X6D325056F6Y356
R9W847677O4E869
S9I434308J0Y613
G8O538412A2R013
U1C040199Y8A250
R8A405180E5K817
D5S364714X5D428
V5Q927707P2T695
S7Z326767A1R558
B7M099440A4P466
F1T972950E6Z294
Z0L424983Q8G191
E8X168776Q3P448
P7A062488O1L537
T9Y573142T4X720
O0U827166R9A363
G8C358909T1B211
P2O910400G2V164
X0I362221J6S349
C9T420979G1P788
Y4C328200Y2P172
W7I240899I1P089
K5V057176D5K990
U8F292951Q8E727
X6B468496H9E564
T0R307046S9R846
P0Y170233G1B324
F5C080126G0L427
U7H348668O7L916
B7C312597K1H038
C4U917659Y7O270
G8A030449A6W217
I0M647779P5L988
Y9X377675X4E558
X0K419123A1R419
R9T533685P0Z866
F6R005732U7K197
W2D647080Y2H858
J2B251731E4Y645
W4K186571D3B793
J2U465087Z7M590
F2E839983P9E047
H3R294571C9X796
N8H963716S5Y023
P5U814311E3X854
E2O598576N0C552
W7M551312G5I110
E9L234916D5J810
I3A953015B3O431
W9V991715S4D698
V6T060723Z6M299
D0J308796X9G530
E4T582334X2B084
R2K530666Z9L924
R7Q086947Q0R859
N3M814405U3V108
Y8O411585Q9H997
T5U054353K4I481
B9D066217W6N471
E5J752998F2B811
C6Y830924O6U675
R4Q191171S6Y864
W4O999238L9Y221
K1W568725U4R670
I1G390986J5Y358
R5Q024646E5C522
L1D045831X9F709
Y5T431684F7H926
T7T769861B5D211
U5Z622284C3O374
F0Z751910A7O171
S3N105813K2I206
V1C587678L8K222
J0K450949U5K831
N0A140928J9U981
B8P551314V5X102
V4M255147Z4A126
B5C990861Z5C234
N8S270117M9U634
C4Z441500C4R372
Z2G552390I3I252
C8J282793R4U916
K2H247986N9L478
E9M440259N8M811
Z9J326788H9G618
O7Z054448Q1A947
M3X782809C9C585
S1V338285D9M205
V0G401400D1L980
F5W107956M8Y063
Y6A834239R9E354
F3H086814H1V466
