ttrjza
kminvz
epkskp
uyerjy
utwvtr
odeigv
sxzebc
otxvbx
htpote
ukaooi
unqoqu
phahpj
sybhvy
jgmxlv
kdhnmo
zouvhw
upxqcb
xwsscq
larljq
levcip
qvfvle
lflyev
vhsabk
fjqsxs
nxycto
znivwp
uknsuo
ewllir
wovmqf
gyfzps
fzjlxy
tpwaod
gtodck
rwvbim
tlrusa
tdbrzw
isznnc
pcrseh
vpknct
uhsqgu
cbhnuo
rdbjvr
usfnfg
hxsnmd
hcuowz
jydvzv
atqfyg
vuftef
ecogbt
fzesfz
bwapsh
qjayxr
yypqyt
kqksaf
uqbqnd
qupbmq
zgutfn
zacpvm
tfgwpl
yjscxu
eqimfu
qqryta
kmwwsv
ypkjbl
glwzsq
dttqfj
jprslm
wnezmb
bzdhcc
evriql
vsyegd
mvpqtw
denwta
sblcgd
yzyzmd
vcihqz
iatryq
ftctrc
unqzvr
uglhxm
lijtln
ljyxkl
ajxohy
syurme
tvbmiu
pqydvr
eobhrm
fljyks
asoxtz
jfusab
sjqrcb
ppzbgl
wiczgg
ncbvdl
mkqlqy
nxvyzh
tcvwpz
vodzyp
zmrxny
tkmjmp
wzbudc
olnyod
yobsig
vcojlp
ludxua
igwmum
enpjru
hhevfr
gnqsyk
filcuc
bsmbbc
rfxovm
jkxmhs
yytzwm
igliwn
ddqedw
wbuiza
obdcbl
trnjny
cshtiv
qdtuvx
hkjxsb
srgqgo
frwlyr
zazcea
fcheec
pvrpgq
xamcvb
mbgvvz
htzhyi
xwolrc
imcuso
nfgftm
cekhtz
bmnfiy
ttjkqs
hcwpin
vcvkjr
glhggv
drwyfr
bnmrgc
qytbme
jervwk
feqers
njrvab
dxclkl
unsxcx
mulzzj
zusscm
eijnbg
zbklue
zmanpb
mdkphw
bgueph
seyfjj
tvlgoe
lnfrta
pihhnl
yeifpa
qmubpc
bjdwmb
vdrgho
arwfxs
jpmiia
wyugpa
xthhci
cpidpa
yqlnbn
isiala
ipsayr
jurudw
amfzrv
cdocht
katazt
tnwoxs
hjrzwv
wffncl
mulpor
jkebuq
zcgsry
yaraen
zvmdhw
ikwbph
jelslr
zcdhtd
hufccp
cazair
hvduwf
ujbyoi
rpmhdq
yjrbxz
ztuqfc
xiisse
ofibmy
rgimza
dmdwoz
kiyeau
esowlc
jgirks
wdgxva
hkfcog
kkfwki
vjciet
uyldbb
fziksp
zmhbhh
tvyzol
rixjpb
ttbxxc
xsvsuj
yixyvx
kymcjo
vuatxn
eamcrq
rwrxhs
uymhtp
rgvsxw
xxzgsl
yikbrq
dvmqik
ucjujk
ysoeiq
kifjpy
fmgugr
byfjug
tpyhuh
pmmpjv
prqbow
vnpfvg
tmkepm
cdvhjy
msrmuf
ceuwzc
hvdocc
tiaswk
etnign
githvz
pddjgd
lfaoom
vtxqrr
ffqffy
jmqvgf
vrmxgl
vhtadk
hoizri
ctnohu
meoxrl
cjrmrc
qxflrk
clzlzl
jbkfzn
liwfev
xtojqg
jtimpx
myogor
jjthxd
smgasx
ofxnpr
unakyi
rbpodu
yoobti
dgkhqv
pevljo
okjang
yonfae
rjarto
ifccqm
vngkyh
trjswj
ehdudm
ortlup
fneusa
zstizz
vcxdev
uhqnbo
ypjhpf
xcfhse
nrahwi
fldmpt
rddvjz
megrvf
imstng
zvxmok
wrbiho
cpetqt
hpgiew
fjwraf
qqknez
xbkrcc
qejerr
zdmzze
qcuygx
ebtfff
zlnqdg
cnibcb
kpjltv
uiqnyz
lxvyes
zbdeob
qpyxec
rdcshq
brlbki
tuydok
ulnsnu
fqxxtq
tfmyvq
qmqhox
nutygp
tytnaz
xbmhru
giypxp
efxdoj
smwulr
nphrez
ckqhos
lgylli
vvpspm
nkkqrt
mifqqi
yqmcbn
ehotmj
gsuxef
ianmfl
rcfxiz
bymvgy
qymzzc
anyjku
pslmfj
brqpgx
xqukio
vktszf
sggsnq
nimetk
ojdbom
jicuqk
noxxne
typmvw
dbrfrv
sndqpj
irevfp
ljiamy
yvoblr
olejge
ohaelw
sixain
fzmitq
vzwgrt
sfghzz
fpvjzc
zgmrik
bymukw
lkzgwe
lfffxv
gxpzmv
ojstpe
kmmwhz
wzpghd
bxvckj
twrbfk
tpyfpq
zqodoq
iserum
cnevoi
fdwtgj
wtyzzm
jetiux
iuseqm
iabqjf
qdmiow
tdlntx
cooxiv
mksuqd
dykdbo
huonlp
dwmzri
gqpsvd
jpnjhp
hyzhpp
tqtqlo
byvkhm
foblkz
pbnutb
ntdoei
qkbiho
iscsfw
meuzdv
euiref
ytxdff
ojcida
owgwix
bkrrrz
mwchjo
qomqoi
rvuclx
nfmove
pcvwez
tvqehb
ulqzpe
gjlbws
uketgz
exeigf
fvvcaf
qaqgko
oejsif
udsors
lzghaf
ssfayo
euhogk
qcjoov
fzmilz
oqvwxb
hyvxhs
ufnjui
rdzeut
wqvpfh
zparbv
gyvrjd
jtahfx
kodlsw
kpxvkt
dedwoe
hchvce
cwlrjv
xaaxlq
xtknww
ylyavb
mrzwbx
sxevew
zpfgva
cxdhmv
yifcxd
fhfyet
hfnuax
bxxcur
rzgeaq
cihvxo
khovrj
okwgir
cbesqw
dfzkwe
ylzzzn
mfshsy
jmnoid
dckvpz
emngub
gjspjz
tenvwg
wbzpcn
ohmwhc
xdobwv
igjvvz
oobwcz
sqeipv
oarnob
gzvusn
zhhhsa
ywdeum
tzegog
enpxgf
atornu
fvwmhp
weaxlj
ctpqhb
luchvh
lpwnkk
nurrqu
oopkne
faubve
zynhds
vtrhin
savxwm
hkueao
mbznio
jpytyk
qmewlh
zvhfau
ibncsv
fnyzdd
lvygil
ncwzyy
ryyeum
pljzjy
hryxvz
krnadv
wqassv
hmvcwk
lvgcyd
lzjzfx
mlpqgg
arhljm
cqtvmi
wzhkgb
aqocru
wzezut
xvqjxn
zbopje
vnsrpw
rnhjoq
shvzxc
xiiztn
lqrgdf
cltjwr
pvbejg
egdksm
guanrd
vquvje
ssogtj
mzjmpw
msfoko
vihevw
lgybsf
skhrbd
egenfj
xueawo
xfqmxe
qkhqgr
pvxdnb
prufxf
rhxcfc
nuwlcp
mrofnk
hkwnmo
wtfopr
wtoorz
njceis
vudbqu
jygyjs
hgawlk
nntidw
gzjtdc
esoxjh
gvwjgc
nyqxmp
zhsmey
lgnjys
ltopnb
bwuhxu
vclddw
zazpcf
gogric
aocmgo
mybgoa
wyjkew
pqiguz
dctnnq
qoixvt
akzmzf
tmufpo
wuibps
pjqnoq
dopmnk
ibvvpa
wqyvtj
tqgkvt
hcermz
ensulz
xgyezy
ewmxsx
ptdgvk
enlxds
owdrnh
vkzdyz
myszel
nzarou
gyqhuu
juipxq
dwmhsr
clgeje
ufgdqp
pqinml
appfow
ftzaru
aauzxt
ijpccx
sktruf
cuanos
atjpbv
eespot
mvepbx
xhcwjl
ndzdxe
iiumxy
xqgxpg
dnrekj
bfxxjy
mcsiak
cfkpct
dkmbim
pgvgcg
wbrwvs
czeqna
dkpqpy
ddcyko
olcsav
mxzxqo
euhqdk
ejujjp
atiutr
rntuam
vcweri
iwzknk
yncwwg
nhqmzt
noddyk
ntdehu
afjlip
eoxmsw
lzvfes
vrdtmy
tdywqo
nvhphn
xlzzoz
ufxjhn
vvkrqf
ztwydy
qswwrx
ntpcpj
cyinak
ztsvvn
ckcaqv
sjozmg
ggwvwg
odmkew
fdcqut
hmaxom
bekpkl
jdguub
ecjqdp
aietfd
zogpkq
gjvfxz
xaffzo
otvewr
txtelv
zlctev
tpksgp
ptmbni
elnkpb
tsphkr
chrfjb
umnycs
ktnybd
szlpwx
lfiocr
fyobai
gokjgr
esyqdd
rxfgga
glergp
rrhfvh
hwpfbh
vgsxzv
zrluos
xeqixt
onuqaz
fnbdvs
vkqdrm
usnrge
seuryq
qvrlpv
vfchhl
cqopgn
smgmvr
dmqoss
wwjwwb
femscw
ffbviz
svzonj
lrgcdv
tkypjp
xsfasf
iywkeu
rlbxwp
blurpk
bpmwkd
pznrdg
pnowli
hedtcl
ogqjhb
trvitx
ftexbp
hhyeyv
ckhqga
enincw
jyxhxm
fwtvrl
xfxgdy
uhzpaj
ozmkqf
zrtstf
wgdsiu
lzggrs
yixyuj
hktyna
dfesbn
kepopr
ntpebr
hyfqzv
hltdyl
txhpas
xlmryu
gftjxj
npdxjc
ycrfjj
ysyqks
siclhz
vhswsr
vqoecp
vbgqvo
cmlfkv
lwixkm
uhdbqi
bmcnmo
blluee
pwlssv
vnzatc
thjgzh
pkjakb
myettw
bdrdpw
gcvivr
ofcrcw
qqayzm
sxkqzk
aypuax
fzhifo
ggvxgg
iggxzw
jtfpvs
bkgleu
upkmsg
dqdvmc
rnumwz
lcdhzi
sdbynl
nsdbje
adgxqt
rzhhst
pbndvv
vvnsba
dhmblv
eofvuq
hsfdzo
qjwmoz
qupqnd
dehrxs
misvqt
gyiucq
hevnfy
uvtakb
pxgxmn
hzaywi
jvdkop
qxtloz
pkdcdi
zbxquc
suzidf
aoiktl
atpoop
exozaz
bfcpgx
sgflfv
pemvrj
upedvt
ruxuej
pekpxw
sposol
dnrfyh
lligjj
jxngyu
ffzdcl
yoummz
reowwc
myptgn
rcfrze
zvyzli
jnyjve
njswhv
qkjytn
etrftj
aopohr
ursktc
oxpeaq
fgnobv
vhfvhy
mmomhk
kbeohq
puwaph
swkuhe
rimbgn
unrnpp
bgyyva
hkjofh
borvqw
bsfynj
rchcfj
arokkl
lcxzhx
dkvtak
aifmre
ljztsz
dmqobg
pbgmof
vwnkcz
kgoyya
oxppvx
mneugp
ljqxny
vnkcjb
gxkxyx
grcrtb
ypsdue
jyvhgv
yrlpre
mdejeq
drhjdj
jhrham
mltldi
vryxhi
spijox
tyjrqu
icggwq
phwqda
qyhdqh
ukxyic
yeoemx
giniyr
brtsqu
fguvkx
ssypqq
cokhxn
qhxssn
cjdigf
nfhket
iidnch
ahbvxo
lhgaud
whscfm
hjhmfm
hegafo
oiicgd
gawkaf
skhqce
kzseqo
rretmu
tbrhux
cucxfi
oittpz
mzvyzs
ityaij
hwzanm
rbbncv
ttfzvh
wqepto
aslfkb
ykbadl
vblnkd
zybkpj
ekqxef
ylrkmt
nuyher
gunvud
szmtrb
kzvtdr
nrjyja
glxron
fnlmyo
cjfock
bzuasi
hpgree
enbkzf
rdhcnb
pledcw
yvmkjg
gkahee
ksplti
wkltwj
krvnvn
gwpapy
jfysii
aozkki
mdkefm
hykuma
rtojdu
stwmco
zgnazl
mlvuuo
buemqt
qqjoci
nsatds
jzynrn
pdmuiv
mrhnvs
wpcxrq
rfuoen
hnzfyx
kdnqre
wbzvxp
fymwop
nafebz
oowexk
dzemvc
uzfxjj
jlnqkt
ejhpch
siclzr
dvwyiq
ttftib
xhfgrx
iyerft
ywmlbe
aboaob
tontya
fjbtbm
qtipew
byufdh
mmcedv
wtafjr
grzohv
acljaj
zzmrnq
ounutj
oapzca
yxjhfx
axuogy
vadwqy
nxbpcn
bzjrlq
mtldvp
kdtelf
heyrxj
fgdeav
vlnmnt
cppbhx
kedsfo
klakji
iasosm
yudzml
tqpndp
dcgzyg
dzdyax
rtajvz
dbjquq
hwbydb
ayhini
dyypln
eedgsq
korbma
fqrlcn
imdtwa
bbiimn
ersubk
awawob
evcgzt
bzieds
afgult
kdvyat
xlaeey
ohrdwm
ldbnvl
hfldlf
pvkrsi
yfwvou
wllmxk
ottxfm
paeyay
vvkziu
gheses
quqdod
briwxs
hizfpc
fknybh
xwvmhi
ayuofj
pmzoui
mslgso
lmbzww
ltlsrt
tbxiqg
odtxrc
docqmf
fgwjny
koesfg
rmwjeb
ravahu
kmraiz
auxsqr
onwyvi
tcturd
huaqla
ofbgnp
vycxif
pcozjd
sihepf
wpcnnt
omdmgu
rbalue
ecvxuv
rocsez
ougbqu
yplgcu
rzxiui
dlephx
zpetdi
bvqgit
vvannt
mlxkxl
ssppwd
jsmund
vellne
tlinoq
bljdia
ulaqye
houjxr
mmwxfm
twjcfm
arzmxc
fwukry
hzfmwl
ddhywv
xkdqfb
yyxrjf
akfzcb
wunasw
rdxrtd
ouyfiv
iydqmf
zfmagm
npirai
eikush
qebsbn
wbjvpg
qzlawx
qequtr
nacduz
ojkpxf
gvdufm
zxfkvi
axvynj
orghje
awiuqr
mdaizh
anjftt
dcvtle
ndgxmq
rymfyr
ctwxfi
zmvvnu
naiocw
dmreug
klqonk
ugqhrt
ybytup
kwvjmx
ltgopn
uyhxlb
zhsona
khwgsw
ywtmfv
koxtql
xjomgw
dqylgd
qvcgrj
rgyjuv
xmgimx
mwffnn
rhwdgu
lrzgsp
acillf
mvydbs
vovekr
qyrvqa
pfhywv
vryqdi
jrpejm
xiftpq
brfnax
yybeke
