AKZL
BOHF
AHWX
DKHX
ADBJ
CWGB
CCEJ
CIYJ
DGOY
DADG
DHWG
BNCQ
BRAN
ADTG
BSAP
ACQK
AQTG
DKDS
CDAD
BPXY
DEZS
BOLK
DFZJ
DIKU
DAUT
ADNG
BLRA
CYYI
CRUW
BGIN
BKRF
CBJD
DGLT
DIJW
ABMK
AFYK
BDYM
CBSN
CQGL
CYQS
CQHU
BPLO
CFKV
DFHH
CQIT
CBGS
CFSQ
BZWD
DGIJ
DKEP
AIRJ
ASAY
AHJE
BYWB
BTYI
BRLL
BBWP
AOSL
CYOO
CGIV
ABOM
BYYZ
AMDO
CPFU
CXWL
ASCV
DBRH
CLOU
DBED
AWAF
BFRG
BGDG
BFJC
CZYB
BRZW
BGVN
CRGC
BLTQ
DKNI
ACHL
BQOD
BQYN
CDRM
BNZP
CMKB
CLWE
AQYC
DJMO
CUGF
AONZ
CCIH
AIDJ
BRFC
BXFK
AYIH
BBAT
BECB
CEKN
BXRM
AEEK
CKMS
CETG
AYBJ
DBYI
BWPH
AZHI
CWQE
ATGH
ADGM
DGEX
AHBC
AZMM
DKGN
AXRX
CRCV
CIDM
DJCK
BNIJ
CYVG
AZUG
DBVV
BSMI
CCHY
BUME
ANHK
CVGF
BTXB
CNHR
CBEU
BSZI
AWEC
AWUE
AUIC
APEI
AVVA
BUTH
BNKX
CPST
AZAJ
BTVF
DAHS
CHIK
AMUH
BTKW
BPCP
ABXM
CHLH
CSIU
BHKQ
AJLP
COGC
BWIO
BEQR
AQYO
CVHL
BMOD
BXLV
CLAH
CBIZ
CTRT
DCEV
CPIQ
ANBN
CXJC
BOQR
BBBQ
CAII
CQTB
ATRM
CBWT
BYHJ
BJRD
BNXL
BDMW
CZRE
CUAS
DAZW
DGFS
DIMH
CXWE
BXEY
CXPR
BQXG
BGAI
AOJS
BLAU
BFTY
CHUT
ACLK
DBAG
DKKY
CKIJ
APLG
CCJX
BEZA
COOG
CPSQ
CAQR
APPA
BKUI
CUVM
DBDL
CWBV
AVVO
BJNT
CZQB
DJWG
ABQO
CRIG
BURT
AOVF
AWRE
AGFE
BWKT
BELA
ASHV
BYPD
BNCU
ACXB
CHDA
CAUE
COAA
BSHX
BPGS
BWGA
CIGP
ALPM
DHPA
CUAB
CSWR
DHAN
DAYA
AYSU
CDJU
CRTZ
AJLY
ATIP
DFOZ
BRZA
BAFN
AROW
ASFI
AXDF
COVY
AJPQ
DIRO
BGZM
CQBZ
DKQR
CMIA
ALOA
CWQG
AORV
AIHE
AMVN
BXJJ
CNAA
CHZH
CTUF
CXNR
CKDI
CSYG
CKOP
BNXP
CUSO
CUHM
ALVS
DDNF
ALWB
AVVT
BSRZ
BJDB
AMVS
CVBD
CYXD
BBOY
DGGT
CUOG
ATFS
CCZM
AAQM
BECD
CNCO
CGLY
ATGC
APVR
CHTW
CHGT
CFAP
ASPW
BGNT
CMWX
CTKU
BOQC
CATU
BDWY
ALSO
CVGT
AXBH
CDIE
CCPL
BQJR
CHJQ
BEMC
DAEI
DJLZ
BFNJ
CGKK
CRCH
CMXH
AEKM
AQTC
AWBI
BODE
AQLY
BMVC
APAF
AHFM
DHOD
CFOZ
CJTL
DDFJ
DDKM
BOVU
CJQP
CTIM
CPWE
CPGF
BZBG
CMFL
CLGX
DIYD
DKHJ
BIPR
CIWP
APCV
BPIU
ASMP
DACP
CKYR
BEOZ
CQPN
BSBY
AMON
AIBH
CSKY
AOUV
AMGF
DCOD
CCKU
DIWF
DGTA
COJJ
CHAI
BBCA
AFZP
ADUJ
BVDO
DFLW
BHCG
CCPG
BZIV
BJEL
CWIM
BYNL
CLNU
AUTC
ALRB
BBVK
CIIB
BDUB
BPMQ
BLJA
AUQC
BVGQ
AZSV
AGHW
APJR
BIPA
DBDW
CKCW
BIKJ
ANIR
CMZX
AUVM
BFBX
CFSN
ABQV
CBEH
AJXH
BGSZ
CLIR
BOOB
BXOO
BRVC
ALEZ
CONX
CAYB
CUWD
AABP
BWAD
DCQP
CWLV
AWMA
CZJW
CGRP
CBUO
CKSC
ALUU
CMDE
AYBD
ASPG
AZEM
CFYD
DECS
BLHZ
BPRU
BQWT
AQNA
AUFP
ACCX
ASID
CZMR
BIVF
BGCG
DCYX
DHYW
CCNR
BOZZ
COXW
CYXH
CVTW
AXJG
AZVG
AQXH
CTNY
CAKE
AVJN
DCYU
CYUT
DIZI
CLCD
CSSQ
ABQL
AQFD
AJYN
CBJZ
CAZP
BNGW
CEYZ
AQFC
AIYA
AGUP
APRD
AUWV
BFVH
BHXJ
BXCV
COJM
CVJK
ALTK
BDDZ
CJGF
COKC
BOBT
BNFD
AMDV
BIQU
CLBW
ANHS
BUEE
CBZQ
AQJP
CARO
DCWK
AERW
BQEA
AEKW
AGZF
BFNT
AEXO
AMUX
CZSQ
BCTN
CZDG
AGWR
BSVF
CXHZ
DISB
AIDZ
DEFX
BDGM
BBML
DEQT
BUBM
BVYV
CHLZ
CWLY
CLDX
BHUF
ASPS
AMRU
BCEX
BKNK
BQYV
AFLK
CZFZ
BTYH
CJVB
CVYQ
CUPM
DCSQ
CWHZ
BHQC
CSGU
BJNJ
ATDJ
CTMV
CQHO
BPER
CMUE
CZES
BLCR
CDFM
BMDI
ADQA
CIIV
AFSX
BNEK
AOAC
AUWJ
AVMC
DCQH
DJDS
BIWY
CRPN
CNPK
BICP
AHSR
CFJR
CSBV
BKJB
CJDI
AOYA
CCSK
AODK
CQKT
BQUO
AZVN
CLOC
BRFE
BPZM
ANEG
AITD
CPGT
AINM
ASYP
BYZH
BHBC
BODJ
CXDD
DBPY
BNNX
BRNC
AHNG
CMJC
AREM
BXZF
BPVD
DHBG
AZBI
CWWM
CDTN
CYTT
DBTL
BHYP
CWDV
BYCO
BVIM
CISQ
BZXZ
BCRJ
AJKC
BXOX
AJQJ
CMAL
ANHE
AYUG
ARVB
ADYA
ANQH
CJKD
CMNT
AQNX
CYIB
CEXS
AQEW
DDZT
BHBM
BFBG
BAXI
DGBP
CQKP
CMFN
AUGR
BSYO
BIMJ
BTCZ
CFPL
BXZP
DHOU
BQIR
BAGN
CAWR
BJBM
CGPF
CWFQ
BHQL
AHJB
BZMK
BYLP
CLGI
BZIF
ANCJ
BTOR
CBWZ
CUIU
BZRM
BVNT
ADFL
BZHD
CBVR
DFFS
CIEF
CQUQ
BANH
BCCX
BNYZ
CRQB
BKZO
AEBK
CUZH
CPIB
CVCE
BGWY
ACGA
BZVP
BTHC
DJQH
CTJA
ARSB
CFEO
AVCE
BEWS
DHLL
AAZK
BZIM
AZDC
CQLP
AGEL
DAJU
CFRS
CTPY
AJLK
AYGW
ATLO
DIVL
ARKA
AHXE
COCD
CSSE
CEQX
CXDM
AVIG
BAYO
DGCP
ACUB
ARAS
CZSH
ASOP
DKCW
BZYT
BCBN
AZLB
BITB
CTIH
ANKE
BJFC
AJFC
BPOA
AGHC
BDGP
BWNC
BAUX
CYPB
ABGN
DATY
DEXM
AKXD
BXDK
AHIU
CWSE
CRAH
BNOP
AGPO
CPCT
CFXJ
CXRG
AEIC
CQYH
ATFE
CSIX
ATGP
BUAM
CJER
AMTC
CQGF
AACH
CAAH
CTCY
BAFR
DGME
BFUG
AWBM
ANJS
CCQX
BFQE
CGOI
DHDO
AMQD
BBIE
BLOV
ARSD
AYVH
DKNQ
CKYP
DCIA
AKVX
CBSR
BEEF
DDDA
AWJK
ASEL
AFVX
AGXY
CJCO
DFDD
BMUE
CIVV
BMGX
AOMH
AGPF
CVQD
BCZD
BGFP
BCVN
CDRB
BEOE
AFKO
AQEQ
CETB
BPWE
CTEY
BBGY
BLYK
BPLV
CMUT
BLGD
CCZF
AHZX
BNGT
ARND
AZUM
AVKZ
BZCQ
ADGE
AABQ
CLKK
CGNV
DDGD
BAWX
AEHJ
BXRC
BWHZ
ATVG
AOZX
DIJG
AKXG
BKDF
CHUQ
ABZY
DGUH
CWLK
DGCD
BNXM
CFVO
ACJF
AOAD
CXYE
CFPX
BIQA
AMSO
BREU
ATCN
CQAK
CRLD
DAVS
CQNR
BCJC
DCIQ
BALS
DENH
ANMW
CYZV
CHNH
DAGY
AWIF
CXUH
BIPG
ANYL
AJLC
BJHN
CTFJ
BIZT
CEUU
CDOA
CWSS
CVNH
ASLY
BIDW
DBXQ
AHTT
DFJP
CMWI
ASNA
AIQC
CDEN
BVYM
CADN
APHA
CWOG
CKQS
ABGV
BQVN
ABRH
CLMK
CEER
BEJT
CNTY
AOZS
AQSR
BVBV
BPPM
CKPM
BGXB
BJDY
AEPL
AHAS
CSUG
AKNA
DCDX
DEYC
CEBY
ALCA
BRIZ
CVZY
CXRD
AQEH
BHJR
BGLI
BQOL
AZST
BONO
CVHA
CKEF
BBTI
ABTU
BWRE
BPQF
AVZO
ANPB
CFUN
CIQK
ASKW
AWTN
ABUG
BHNM
CXGI
CYTU
AZTY
AJND
CEIE
DCAT
CZJH
CZWH
BUIA
AYKN
CZEH
DKLQ
AKBJ
AXBC
AGBG
BENU
CUGZ
BCHL
AVZV
BLWK
CISK
CVSL
BKGK
BAGG
BKMG
CZZB
DJZO
AABX
CRFF
AJGM
AMHA
BCZO
ANDJ
ACWN
CVJX
DJAJ
BNJM
COYO
CTGU
AQRY
CBJJ
BGEP
BZWM
BVDY
AFIW
BLMQ
BFFY
BPDN
BZYW
BSVL
AQOD
BTIY
AGMH
CACT
CYAP
BOGZ
BBFK
BBRK
CSAW
AYMK
AQKO
BWQD
CZHH
ANAG
BNSK
DFTR
CSGJ
AHPJ
COCQ
CLFK
AAQX
CWKA
DJIJ
BZXB
CHUX
ADYV
CZEM
AUOE
AVMS
CTNW
BCAG
BWMU
ADHJ
CFXD
BUUN
AUHY
AHRW
DJKW
BPVS
BBXL
CRQY
BXAD
BHJQ
CMLC
CSUC
AQPO
BBEB
CZMC
CYMR
DJWD
CYDQ
AWAA
DGPD
BNAW
BUFS
CVTM
ATDO
CPUB
CKZG
BZVI
BKKM
BWRM
CQSE
CTRI
DEEF
CYUU
AKUG
BSYJ
CEZA
CHOL
DBJB
AHDU
AMGA
DGBY
CDRF
CWRI
AHTA
AZFW
ASHW
CVKQ
DKDN
AJUD
AXCY
ALHQ
BJIG
DALN
CIPU
APEP
ATRA
CCJI
CUPZ
CMNB
BRMG
CANT
AFMB
CBXD
BHEH
BXFE
BWIB
AXVT
CPRP
BGUU
ARMK
CKZI
BYER
CJXE
CTDG
CBXQ
BXPJ
CHPJ
CRWK
DEBL
BCKI
CCFU
AAWE
BMNJ
AMXP
CKJP
BHJS
CBQI
CRWY
AWON
CUIP
AVPN
AUPM
AVCM
CDVH
BVMK
CUVB
CMCA
CYNO
AXBB
AHEL
CTUQ
DCVN
CDEW
ATPM
CWPS
ALQU
CTCH
BEKT
ACMF
DEDM
AFTP
DJKI
ARNR
AGJV
BXQN
BQYU
BWYL
CTIE
AIBJ
CRZO
DIXM
DCPD
BCZZ
DGEP
BOEE
DEBW
CWCZ
BLQE
CQSX
BAGL
AVKR
CLDF
CRRS
DHPG
AEFA
AWKE
BTKY
COHP
DHQP
ARXI
CJGX
BSYR
BWCI
AYTS
BUNX
BWIY
BXWF
CTCQ
CHDP
AFIJ
AUPZ
BUPJ
AIYP
AEAZ
BCWJ
AXVE
AKTJ
ACBD
AHKW
DFQJ
BEAY
ASGP
BCWG
CFWC
CYLS
DJXW
CEZC
AOAT
DJZJ
AIXB
ABSG
CADP
BUWR
AMIR
AXAC
CWRG
BBRF
ASLC
BJCJ
BPME
BIFR
CCUG
CYGJ
CTRU
BAGR
CISW
CGLV
AWYA
CPLK
AOSM
ABNN
BCPF
BGBH
DIBU
DHAI
DGZB
BXGZ
CCZZ
DDRA
AXWW
BRZS
BSFV
CMLW
BHUB
AQUL
AJMB
CNZG
CTGZ
CAGK
CJMC
ARZF
CNPW
DCSH
CHGM
AFWW
BLDM
AEAJ
AKLS
APDL
AIOZ
DFTX
CITM
BNPT
AMIB
BFJQ
BUSB
BZOR
AOEF
AOUZ
AOTM
AZCV
CKDW
CDHE
AUTP
BDZF
ABWT
CPSD
ACRF
CMMF
AFCA
APWR
CRYU
AEOX
CBVO
DJFF
BZKK
AXBG
BWCE
CEOI
BBAY
BFSI
ATKY
