AEKX
BEHV
CUDO
ACFI
ALGC
AJKS
CJEI
CLKW
BNZR
DIGJ
DJNX
BZCQ
BUMD
CVDH
DERN
BVBE
DFPE
BASM
COQD
COMG
ASFR
AEML
AACS
DEQH
CLJK
CWJH
CRCG
CPVD
BPFR
CEGL
BRST
AUTZ
CRRU
COAS
DDIM
AEZK
BMMM
DDLH
DIQS
CFSA
BFIM
BTYG
ADGI
DJKP
BJRU
CUZU
ABDT
CIRJ
CIMG
BMQS
BNDG
CTYF
AISS
ARMA
CHOK
CJYZ
CRDL
ATTE
BASG
BMOO
BXVQ
APTD
BLTI
CKRC
DCCL
CJOJ
BQKA
BPNT
CREU
BEIT
ASQM
CKZT
AUVD
AMNV
AQHR
BLXR
CTXL
DCXJ
BBDB
CGKD
CVEA
CZKE
CJNI
BETZ
DCMN
BPDU
AYYC
AYPT
BNLL
AFLD
DFIP
CMGN
BDTG
CFBE
BYLE
BOGJ
ASOT
AIJN
CQIB
AAEG
DEWC
CGTD
CIML
BQDO
BCBV
CRBK
BGJI
AARL
DBWK
AYEY
BFZV
AZNC
CCCP
BSXS
BOHW
ASWG
BFQB
CUGM
BGYH
AORN
ACOW
CVUE
DFKT
AMGS
BUXM
CRVR
CRRP
AXIA
BHFJ
BDFN
BWCF
DEQR
DAHV
AERS
BACW
CQHS
DEIX
CDGW
CQUT
CRPN
ACSD
AZXP
CIMJ
CEDW
ASAT
BFGW
CZUP
BQZA
CMZF
BHII
DBJI
CUXW
AKDD
BUNU
BDCV
BNZF
CQJL
APJR
AXFQ
CDXT
BEZC
AQUC
ACZP
DIHS
CNPJ
BIOE
BXYM
CKTZ
AWKA
CWZQ
AWCV
CNRB
CMIC
DBZS
APSD
BYJG
CZNS
CZHB
ALLV
CIVA
BNRL
AHOG
ASLS
AASM
CFCS
BAXI
BJZX
CWKY
DIHC
COGC
BYIH
CLZF
BNQQ
CFDU
AXWD
AMNM
BAHU
AIAD
AFJZ
ASPS
BLJM
BATU
BIMQ
CNCD
BUAF
BYDM
AHOS
ARCD
AGLU
DBDW
CMBF
AWXF
AKLN
CSPW
ARSV
BLPU
CFOX
CPWD
ATMF
AWQA
AXXT
BERG
CQHH
CKEP
CJNU
COFO
DACD
AKYJ
CXSL
CZDT
DHSG
BJDQ
BSZS
CKTI
BPDW
CCCR
BPUK
AZJK
BKGG
COMW
CWIE
AYHK
CIED
DAEA
AUON
AMUY
CDJW
ABHZ
BLUO
CEZW
ASUQ
CGZO
BGVY
CAQM
AMBL
ARBF
CNQJ
CSLD
DEOR
APDG
AETL
CYXW
AQRJ
BROL
APMD
AMKR
BLWR
CGDG
BFEJ
ADOI
BJZM
BKTF
AFLL
CGBF
BQDI
DCRY
BDHC
DJEL
CEGH
BLPR
AAUR
BODS
ALPT
AGLH
AHPT
CQHC
CQKT
AGDE
CLGV
BAND
CFKZ
CUWD
ATUE
BHRG
BISC
CISL
AWOG
BERI
BCSK
AHXG
ANSP
AZOT
BGTO
DEBE
BJSK
AJYX
CALP
APXV
BKSO
BDBG
BMAU
CJCL
AWWB
BMXE
CCWI
CYME
BHHN
BQOC
BEXI
AASJ
CEYS
BHOV
CUCR
BYYU
AKQU
AHAJ
CSES
BNOT
CBQA
CLVA
CMMV
BJJZ
CEBP
COWQ
CEAB
BUYP
CRMY
ACRR
BSAT
ANVF
DACG
BANP
CQBQ
CJIY
BLPQ
BVRC
DBHG
BKIL
CTKM
BQAO
CEXQ
ADIQ
ADCZ
CJHO
AXHG
CAAN
BBDK
AKIR
BIZF
AREX
CWUV
BSJM
CAFO
BACB
DDMX
CRXB
BZHB
DJPG
BEEP
BQGJ
ABIV
CUWW
CGGO
AQJO
AECO
BEXX
ANYP
DHCB
DAPM
AMJC
CSTK
ANPM
DJOO
ALRE
ARKW
AMTH
APKM
AQPO
CZQP
CHRN
BTUZ
BZSP
CFEP
CUWZ
CTDN
BKLF
CPJK
DFJY
BVAU
BPTO
BYBC
CXXJ
BVGQ
AMCR
CDFI
AYFP
DCNO
CIOM
BFLI
BUGJ
AMLY
BTUU
BZYT
AXCT
CLKA
AJCG
ACBO
CLBL
CXND
DJTO
CAWW
DISA
ANOC
CBGT
AAJI
CYCG
DEFT
AHHO
DCMC
AYNE
BOWG
AGZF
AFHO
BLDO
AFTK
BNOZ
AUAG
AOYT
BJXW
CJFN
BHND
BAHQ
CNHX
ASXT
BPID
BIFW
CJWV
CBRI
AHXT
BCTY
BTVB
COJO
AYLY
CBWE
BWJK
ALKH
ANUB
BDQA
DCZE
BHAI
BICY
COTW
DIDE
AZNR
CZUV
BTSC
CMCP
BLVL
AUPF
CXTI
BBBS
CVVI
CVCC
AXKX
AOEK
CCWQ
BIRB
DEPC
BSOX
CTAW
DHYO
BBXA
BMIC
APUC
ALFE
AGIF
BQCO
BNUM
BGCD
BJLK
BARE
ACAS
BFXG
BMNW
CDDH
AKHS
AKUS
AFVH
BRLR
CEED
BNHF
BNSA
CYKZ
CSWX
BOOH
CKWB
CLQE
AJDK
CZXX
CDFU
BCDE
BYPD
ASKV
BEOS
AXOI
CDOZ
AXVL
CACQ
AYMC
BDYT
BWDP
CUVE
APSV
BCJZ
BRGW
AANE
BNTG
BDCN
DDYT
CVBZ
AIAQ
ARZD
BHSS
CRLB
CEJM
CRYD
CZET
BZJC
CCFL
APID
CTQB
BHEY
CLLK
DBXF
CYZD
AUWJ
ACDQ
ANVG
CNPA
CUMR
CRSW
CHKK
CQFB
AEWA
BMKZ
BJWF
BPOX
BYRH
APYC
AWZF
ALPG
BRZG
CNHT
DKLN
AWBL
CRLD
BLWY
CYZI
AFUZ
DKLO
BVLM
ABVF
ADEW
BLLT
BBYH
CSHI
BBZR
CGPD
BWXE
ATWT
CNFK
AYKA
AAYJ
CMCM
BEWM
ADXX
AHSZ
CFMI
BWPV
COQI
BGVU
ASNN
CGUK
DBJC
BBDP
DIMA
DFPV
DASB
ATHQ
BZGT
BYRN
AHOQ
BPAI
CEFS
BLNJ
BBQN
BUXO
BHKZ
CPKC
CUGT
BINJ
AANI
DAFC
DFVT
BYPM
CDSF
AAJV
DDOT
BDQP
CLUB
AHQC
AUKT
BOXY
BIEB
CYQF
BGKU
CBIE
AXJW
AQMO
BSMY
CWYK
ACTL
BFWX
DEOD
ALRU
ASPG
BIUL
AIIA
CGXX
CEBE
CKYH
BNFN
CUNV
DKIM
BJVL
AUZR
ANCH
CPXM
ADVC
DEDW
CNAK
CLQR
BHGV
CHDI
CEZH
AATG
BXIH
CDJD
AUHR
CLXS
ANWG
CRSY
BJSM
CGWW
BLQX
ANJC
AVGB
AUFR
AMXK
BRLE
COIE
AIVS
AJSG
AHVA
BPBW
AMND
AVUU
ATLR
BCUS
CNXS
DHZN
BUTC
AXZR
DDRK
CBSY
ARWY
ATYJ
BVCU
DADF
CIBR
BEFN
CYMH
APDV
BCPD
AFBP
AJFK
BYCS
BBAN
BDGZ
BQHY
CGUD
DFXG
BDWA
BVKJ
CXPS
ACTS
CODE
AHRT
CUBN
AGJT
AALZ
CRSV
AESX
CPYT
BIXL
CPQR
AMAT
CSKW
CLNV
BMXH
AABR
AQQB
DKMH
ATGX
ATZC
BLOE
ASOP
DKGO
CMWJ
BOIF
ATPJ
DIDQ
CEIR
AUJL
DIXL
AUTG
BDAN
BJPA
AWEU
BVXZ
AZSE
AACA
BLBU
CPLH
CSWD
CGDF
CMVU
CFBH
CCCL
AQUJ
BYFZ
DBJW
DHRM
CUXE
DIRD
AEZF
CFBX
BUYZ
DGGM
AXWY
DCIW
BSKU
DKTL
DFZS
AUXB
DFWP
CDHH
BKXP
DEWR
DKCG
AOXU
AXCU
CFOO
BLFX
AOUY
AEIX
BSOS
CESW
ATCX
BFAF
CQVJ
CIAP
DDZH
ALPB
BZFK
CUUU
DEPH
BNAL
CUDA
AIEJ
BDDF
BDKH
CXMS
BCAW
CQFJ
CVNC
CBCG
BXXH
CXPP
ABCU
ANAO
CHSY
CUDM
BMFN
DEIN
CBUV
AUFK
BGCC
AKXX
BUJO
CVQX
DAXT
BYUS
AHIO
BOQN
AAHO
CGHS
ADMW
BHCG
DDGB
DBLV
CXOI
DJOG
DBVT
AFFW
BRCF
AKJQ
CAAF
BXYX
ANUW
CEVZ
BYEA
CZSO
CLYE
BUGI
BHAB
CLKG
BPDY
CFLY
BROW
DKKS
CGZM
CBEX
BAOQ
COIU
DEKF
BYHK
AZTI
AIUG
AXXG
ARIL
AODR
AJEJ
ARFM
CVZX
BXMN
CTMN
AZKX
AWFK
CWLO
CGFZ
AFEO
DJCX
AKDH
AIXV
APCS
CYHB
CEIY
AUPQ
AOAI
CDSV
BNHE
DBYX
DDPZ
BXDL
BNWB
DHWG
AMOE
BZIP
AINY
BOKP
BUKP
DFYU
BXEG
CADP
BNWI
BZTQ
BRSD
BOPW
CNED
CNWB
APPS
BYDY
CGQM
BJBG
BIZW
CNAU
BTFZ
AZTC
BYBZ
DGUE
DHGW
DBPJ
AFLS
BIMB
CDIO
BWIA
CPFH
DBIV
BLAG
AUIP
BFOK
CIZT
ADII
DGSR
BFMR
BQLR
BHIJ
CPKF
DKJT
CWLE
DEYU
CGGK
BRRJ
BUSK
CVYS
DKSP
AYQK
CDFD
CYVG
BNCY
CROR
BWNV
AEGZ
BUJC
ABYC
CTNE
DHND
BZFM
BPJB
DBLG
COFG
DGDL
BNEV
AISK
CBRP
CUJL
BDPW
CVQH
AMYM
DHMB
AWVM
CVDF
BPVT
DCFT
AAZE
AFRP
CBDZ
CGUP
CNNJ
BUGW
BXZR
BVQY
CZBR
AJDP
BLSR
BLQH
DHLT
CRZG
DJIJ
AHRH
AEPN
BGBJ
BOCT
AGTM
AFOP
CKCG
DESF
BZAO
DCWD
BOHF
BPQM
BHFB
BYPB
BHRT
DDXG
BMHL
DKBP
CNVX
BBTY
CRLV
CBOE
BZBS
ABHN
AWXC
DDIU
BSTM
CAJA
DBON
ABFD
BTNF
CBPP
CJXB
AMVC
CBQX
ANOF
BJPW
CABC
BEMV
BOYL
CPYZ
BYWZ
DGHB
DIZI
BAWS
CEJC
AJEG
BXNU
CVJC
AHIE
BMUU
CVZQ
BPBA
CIFG
CKNR
AZTO
BPER
CBIZ
CHNA
AMEY
AYJB
CSCV
BFTC
ARWF
DDZB
DJCD
AJPI
BKDD
AVAH
AXGD
CSBM
AJWY
AKXL
AABL
AFKD
CFIT
BBJC
ABML
CCPL
AUES
AUWW
BWIM
ATUO
BNUI
AIYL
AZKI
APZW
BUOP
AJFE
CWJG
BJAT
BHDC
DFOC
BIYS
DJPK
AGSX
CGGB
CFTQ
BEYA
AOTA
CXCD
CHAO
BURN
AZAS
BFWQ
BGQG
BMVP
COZW
BUHA
CICW
BUXP
BVGU
CUOF
AEMN
BKLH
ARVR
BHXM
BCNI
BQKV
CKBW
AUUT
APGO
BLYN
CCER
DEAN
BOIU
BSMP
CVOI
CCPT
AAGF
BQPA
AKIT
BRBV
DGMV
BVOR
CGHY
DGUC
CHZD
BRRG
DDLE
BYOW
DGTK
CRWX
AZJZ
CLKV
DEEY
CBXH
AHTF
BCUZ
CGDC
AFLN
APRS
BSZF
AKIL
BLWC
AWSG
BZHT
BJQL
BVIO
DITT
BMQP
CIQJ
AIZZ
BMGQ
AANF
CSCA
BUVN
BIPG
ASNB
AFQM
BLGR
BROY
CJQQ
DJDQ
CBLN
AQUN
CGBR
BUGH
BELU
AJRP
CXMZ
CHVB
BSBP
CGID
BAVO
ARUM
DGXN
CNFC
CWRQ
CHPC
CSNW
DBMQ
AHQF
BIPP
BUGX
CTRR
CKQM
CLOI
CEKQ
ABNN
ALDU
BMWI
CRKD
BJKY
CVGE
CPHJ
BOEN
AVLQ
DKJW
ALKA
CGGW
CEJU
DAUI
BIMH
AQNM
DICZ
AHYI
BVQU
DCAW
DCDK
BKON
CDDJ
CRCE
CODI
BWVF
DIYG
BDPT
BSMT
AHQE
APBT
CTIX
DGST
CKDY
BEIA
DBQC
BERL
BXIN
ATAP
DIIA
CPDV
AZCK
DCJV
BQCL
CGMY
ATDK
CWFP
ACHJ
CTNP
AGOX
ABRW
ADNT
BOWY
ADXO
AVNZ
AYKM
AFVZ
BYVR
DEQZ
CMEE
BEUT
BDSL
BDBK
CNJB
CKUX
CVZJ
AKCK
ARLY
BRIX
CJOL
AFBS
DEVC
BRNM
AYGO
BPPQ
CLGU
CXCE
BPHX
ACJE
AQRC
APKY
BHHG
AZXQ
CFGD
AWQV
CIMH
DEMJ
CCRD
AIKF
AKVB
CDAB
DFIT
AVBM
BOME
BCXJ
AKXV
AEEQ
BKOL
CGUI
BICS
CLHD
BFBW
BXZY
DKKU
BQAI
CLXI
AHCP
ASLU
DIGS
DAAH
CTDO
DCRQ
BLYA
CDAU
BLUG
BAEG
ARWQ
CYNO
AFSJ
CUPP
AYNA
CQCL
BWWD
COEW
CHNM
AVBJ
AUVM
BERM
ALFC
AGPM
AUYX
AWQK
CQYT
CAIQ
DHPW
BRXY
BNAG
DACL
CRVZ
CMBZ
BYWP
BYUL
BYSJ
AZWS
AKCP
BPZA
CCTX
BGYZ
CEYD
BLEC
AGHD
CASI
ANZI
AZXW
AFYA
CYRL
ACLG
COPS
CSHK
