wdo
sJ8
aIK
mvB
nDT
fb3
ejV
to0
kKa
dG4
ids
hxd
e8H
v52
cuG
vjo
b_s
sQm
wh7
sJU
okv
wys
gEp
aRE
czq
bFm
rXy
czA
s3W
dLe
xec
s0z
e_M
uUy
rRR
gNS
vUF
vZK
fPX
gll
vnk
sli
gm0
wVr
oHi
l9N
mQt
hv7
hEI
lU1
ivT
fJj
wMZ
buV
lwE
eT4
e60
a8G
nt0
hVj
gDL
viG
ru5
tqt
iFx
dTJ
aT8
abb
tQD
uf5
tOA
iiI
s8q
tvy
pQX
jfX
agB
uFp
emT
m9f
v4v
fvU
rT6
oyi
h1q
e3S
og5
wpr
r_x
oRf
i1u
jYQ
ire
mq7
kuq
fqS
a3i
wAw
cw0
jRR
bAK
aNz
ivh
hbA
ezY
d5q
vjj
lJ7
eUf
j5x
vLy
tzm
fYJ
dFo
sJW
oBF
cxz
qrB
nzE
eac
lAE
s5m
fRk
nnE
vJr
qIG
g6P
jdR
dOX
xdo
kLt
jKW
jza
eRb
gmJ
cnZ
vAI
bzq
iOV
k2d
mL8
mAv
dZ2
jAI
oNa
jRe
exL
hgE
eHL
oWF
sAK
tcV
a_F
i8X
j9A
rWW
r9L
hhe
aLQ
hrX
lbp
fwV
nSp
uOx
kyd
cCB
rYy
wGr
sRF
l8P
haE
dN1
dXN
mXm
nvM
f1d
rX8
obU
jT8
lk7
v7P
sgw
eY8
dZ_
c3k
rgt
kpP
isY
pl0
uIH
hJd
fQ3
hH4
kVs
tqR
t2U
hG9
gYF
iyA
gBU
vP6
tQ6
av7
hI1
bod
qdI
egS
vIj
bsW
nzU
koI
uBp
b4M
t3z
oXO
jD5
gOx
lpQ
lxE
q5W
vMa
syB
bro
t7J
w7Y
rWS
ddH
gge
czX
ikW
uid
phT
pzl
sjJ
ohE
jJD
jch
