700
34062
30818
31273
12470
25188
586
2833
19670
42945
18198
27471
2511
36126
34430
40500
32405
29749
22747
23111
4865
38037
34595
36430
10425
23233
40653
31746
31409
31945
32340
29950
38353
12455
27882
14001
32101
32059
7896
28981
22056
39644
32268
23126
42995
31450
37715
15573
20067
40195
4924
17806
12304
1574
3020
27961
2028
5115
29659
34366
44468
891
33364
7068
20710
2521
3131
102
39390
1547
22874
13667
7712
41338
24094
18698
3910
36870
16801
343
21554
26384
2687
20091
36257
39924
27674
41362
25549
24744
38646
32941
36721
19888
13239
43565
28245
15938
10310
32008
31238
13448
16868
28554
13767
31763
12989
44930
24854
25027
22769
29937
15414
37290
33879
40336
12482
11965
9752
17484
17053
12390
21900
33062
38029
19287
26194
32291
1356
5512
41440
34811
20761
38153
40961
7462
12291
31752
32542
18044
6699
10564
20346
39980
21711
40681
21962
31028
24662
42436
15957
1619
23644
26813
7688
9024
31897
42924
26493
44243
15037
7800
8997
34477
28508
40089
33248
4654
12043
5156
2938
5789
34976
29036
39196
31103
29975
9189
9444
41493
5225
39420
24079
24663
12114
37435
19735
37144
7051
21649
41798
34854
18085
37594
35285
40486
34180
45651
45747
2915
35297
42715
10593
37346
26115
8705
23394
39681
20568
32473
39443
35207
24503
36344
7717
41211
27585
29090
2003
20549
12240
10101
35668
32190
38585
19529
16762
10762
17532
7779
22664
4533
858
37767
8127
37158
14735
18229
43510
21486
2409
19718
17225
40747
11495
45623
5683
28741
16298
2431
43954
42404
23837
32465
37222
23780
35694
2297
32301
13446
20159
32852
33656
10341
27232
40886
11577
32725
41614
14282
38338
22902
33674
13962
25938
44107
9166
43994
2992
43173
30568
42705
35947
18564
10056
949
19874
43959
24588
45389
21347
37127
39097
43218
5887
26299
19281
2193
44543
22770
5854
42227
40917
10173
19625
38716
13775
33765
32841
20702
20824
12584
10074
32347
29135
45082
3497
32057
31256
22873
4323
3019
35239
20981
5672
43620
10010
43706
13225
25035
45294
34288
41950
34623
14959
21066
11349
14084
3405
35555
22783
44
23986
13747
11912
862
33619
14199
40787
31672
10619
16545
14602
34048
34093
5684
36148
6153
23880
3255
40371
5224
16464
11925
17866
2592
35733
45225
31519
9118
41218
23248
7417
16701
43542
13458
2308
15373
12397
20020
18105
26341
5182
28153
23854
33115
38321
26532
38169
11976
36258
12010
31230
676
44041
9978
25521
30687
32938
24772
39062
7734
1911
19592
30694
45736
21886
7088
16524
9216
22957
10956
21713
32102
43741
15186
43385
854
42353
14045
35871
35227
15805
11467
30430
41625
27646
37704
2301
44189
26629
22296
25736
39625
36854
13703
28377
24283
4713
5863
31729
20956
13222
35778
16533
25170
7623
14493
17168
10219
13893
31531
32758
43299
26662
45401
32710
7040
38073
14662
28403
35663
37369
33997
7048
45414
36805
5213
4949
14569
34367
20296
34866
45768
2840
275
769
28080
25855
1936
44373
16482
23175
9938
40116
33790
29767
44266
22668
39914
10947
28571
44457
16493
9133
35223
8594
27523
36980
17679
26128
43491
8787
5613
35340
12657
34941
7963
32200
24411
1397
16491
26325
25254
41353
5361
9594
15586
18509
42861
31850
2400
18120
45763
26957
21278
33013
10597
22705
34518
18135
6136
15261
38711
31522
29000
30017
26249
22437
37191
33119
17760
16903
42732
31938
2599
21853
3836
35940
38022
1560
35046
17776
10054
22670
10718
13329
30195
17946
40872
38121
40714
9865
10939
41478
14846
5132
1957
25784
45606
16858
33948
13803
20417
26173
36125
34424
35038
1381
39908
8998
44358
29524
4126
30915
14372
31066
4059
35916
32
24685
1782
16179
5941
12251
14096
35955
6879
30532
30464
5618
14562
23308
29791
1923
27104
44675
25302
22479
6033
37528
17207
3018
3329
8325
42766
15852
12016
6150
14628
20859
22215
38166
22162
28895
4376
6766
43712
43503
41257
5390
12428
22315
4475
39034
10454
34463
18706
3454
17253
38098
21403
30698
28878
33094
32051
16012
34674
25928
32876
21265
43698
33802
2993
41432
28829
44131
13590
38068
21891
34920
6004
40105
23065
36044
18813
43388
3129
39121
4513
33051
6420
42939
37616
28105
2567
26445
6425
4069
37406
37325
31791
30094
12226
15479
45483
16005
15607
3378
45262
41514
10205
41024
153
4785
34245
11983
21613
34766
16588
37816
38035
45588
4340
44671
33705
1412
13160
25130
19144
26164
24737
32606
9858
39138
9608
8916
5136
643
42751
11750
24602
38615
18418
45154
37177
24962
33044
22835
18173
21776
26050
45493
10551
5603
15639
41755
19517
20151
42883
17399
26934
24246
30810
3682
6904
30573
45121
17104
22967
12048
23442
6041
42760
3807
32905
32115
25738
45574
19516
35931
15591
42946
2009
13999
12559
35756
16101
44388
1497
42776
44177
45281
7993
22142
15424
39218
927
27483
36862
16415
26097
14336
11077
19123
26142
1330
43550
26769
27505
20163
12386
3975
39003
734
4177
13899
39494
15067
45515
29790
17007
40732
17965
10411
13926
7749
39126
14462
6144
4086
16543
35954
29648
5382
20344
1643
9920
44610
12810
28099
2989
40154
11700
17682
44105
24794
28586
2605
15648
4534
27682
30040
29353
12247
1853
36658
38926
24607
45696
16370
14551
21220
13450
21230
4473
31588
4992
21121
14373
33852
34712
42021
17672
26616
15921
17199
24031
36334
31534
29070
5509
120
14192
10792
22952
34686
31724
37309
29680
39376
31701
45428
22347
21128
16277
6581
31458
26399
23680
32592
17475
39758
40009
437
41301
20501
22595
26074
37815
32029
19248
32867
1367
26891
21915
19117
43310
9849
4463
15847
378
7680
12424
5324
40534
8670
31640
24178
30838
16720
42954
28256
30703
25508
40533
27893
6123
955
37109
32531
31192
1565
35272
25602
35412
1779
44218
36475
26058
21778
7400
6377
39446
36034
3478
5710
16857
27665
19419
34183
20173
40395
16160
7801
33171
33717
27380
33229
2799
12612
33359
14133
34837
8297
41974
7497
10335
1156
13166
24367
33144
20793
13702
10419
45159
42130
34446
34610
13963
18566
15235
1733
21517
7238
15374
27570
14022
3406
17765
4930
32750
10288
7619
35431
30662
14411
12664
20095
3383
26136
43543
23884
24800
30317
34668
35434
31134
31242
43917
41842
36220
4583
24285
38108
36073
7262
2835
28303
26745
27401
20062
13681
16593
39897
36469
2727
21671
24921
45077
30030
13720
17763
8027
10386
4168
1328
63
19582
21941
45263
39579
3654
13997
42615
42968
28311
13627
2267
36025
30042
28622
42302
12276
1510
7583
2967
12124
35035
39309
19704
4114
39733
30759
5750
55
37931
3243
25679
2022
20790
577
16038
10556
31825
40295
44089
9046
37716
30228
33313
8987
22627
30211
12261
33218
6060
26642
42967
9672
30881
44260
42065
28935
21766
17283
37319
4343
25235
23705
28463
43638
6474
44397
17460
8731
29431
16303
21458
11472
26187
31828
14033
14513
19085
38334
6435
7805
19819
27078
2769
40532
39479
41873
28687
44758
29427
43563
45186
41630
24875
30577
1402
13558
8947
37920
37022
29527
14666
14164
9031
513
2377
13387
34031
5074
9331
19289
22352
11974
15239
10510
6587
11795
17224
32959
532
1092
9440
7851
15208
14487
3120
44482
27423
43632
20669
12297
44869
8245
33745
6015
25796
33812
43438
34561
18581
23733
3498
31931
14999
7630
28514
26949
37678
31754
44210
21383
18640
29406
6272
25278
20854
35341
18643
3401
30135
23298
7726
44661
4537
24219
39124
15089
37234
25263
3607
27804
43067
5600
19807
24423
37585
39505
29596
17428
28980
4273
37727
4178
17752
28924
11375
29120
36880
43445
41996
24386
33731
9521
26878
43034
35665
2801
37182
11565
45719
9631
9647
32145
111
40666
12529
38193
20703
21459
8252
33942
15234
478
35966
5933
44607
3493
23865
34459
33530
32506
20496
34302
32460
5218
6677
8102
32123
39168
36322
20588
10011
9494
28262
12265
19620
11146
21023
10440
4246
10039
4630
42792
12937
25731
37549
34406
37068
39133
27711
39713
11137
38054
31641
860
2161
44328
13763
27142
32173
13501
38905
10182
27706
29313
4054
1842
35125
28351
37220
23754
16166
19378
44326
20259
22823
11918
21930
15890
10918
969
6692
39259
38665
43078
19471
18482
42965
25498
16669
41334
19118
43727
4961
34293
1665
36051
15196
10870
14345
7228
26307
36610
11398
44826
28307
21264
6777
30117
4232
36318
42452
30969
4248
43421
22921
10131
29109
17347
6177
27617
4380
12313
27465
41176
37599
16392
10096
19930
14280
21605
31852
31515
33469
40829
37753
20481
9972
36982
42564
34609
21381
32468
3848
16010
17575
10982
42525
22125
32755
12647
31079
42245
12950
4623
41324
12528
21378
42387
3694
30179
2348
23511
1260
44728
20128
6698
42026
38624
28776
23019
45104
4454
40184
25951
15879
8302
11018
24245
25247
16855
285
21780
28727
3140
15245
1096
232
13023
38174
16757
39945
13532
9823
36227
981
12248
19544
307
45124
41030
20422
31432
8835
17142
809
13122
44703
36553
6565
11218
38892
26856
16730
6490
25242
44969
12462
18642
2237
37672
4040
25650
36637
16201
43501
20474
22727
9138
19759
6995
34457
36673
28188
1222
39085
28220
23712
5380
1519
5184
15437
26918
44928
26507
13739
34896
15751
37876
22667
30970
11039
16313
23862
41766
27026
12054
9026
28288
29729
4883
7584
32137
32184
44249
37121
45391
9388
1531
31487
45758
39601
32255
17792
22192
39392
34816
24106
13957
10080
15345
32771
27434
32158
42632
18850
20756
35426
5799
24980
35347
15180
41636
23693
32391
6027
32744
44285
17741
14383
22891
13668
20659
44287
20585
14767
2952
592
4989
36594
34760
41445
41376
16182
45672
9400
40084
25195
8591
9574
7437
23155
1955
42326
41893
14484
19167
41268
20435
6367
12994
24150
5520
44294
36650
16541
27429
37090
45694
3833
15303
41014
29430
3242
43159
16706
22196
25740
39899
29906
45660
42561
9097
41926
23958
12687
34272
40081
13131
36288
28874
36622
22808
20457
12345
24723
34780
16106
22144
5877
5125
7700
8617
41713
561
39979
11323
22325
44376
11489
16050
35800
39032
22954
24222
45345
39827
25716
36613
17596
37925
4482
21307
21294
7034
12135
33854
9319
4787
13256
17056
37116
433
36916
715
9961
24297
11434
14998
10848
39527
18060
403
29
3823
9708
9060
7389
31297
10934
35432
36819
20724
1464
30182
28489
19837
8580
17877
28545
15912
21511
26354
9958
23292
36624
5506
33081
38196
27557
10588
30296
10834
26537
29970
35945
21749
12045
20266
37835
13586
24327
41091
3024
14338
42926
7065
18384
32505
14630
35658
23934
16456
31157
4991
41158
33341
15372
241
34947
39167
38980
14311
9291
36399
15755
20376
20888
13129
39669
14226
20107
27586
41799
28330
38845
15036
38223
23959
5960
28714
26995
7910
835
12840
2132
40746
22151
25960
5545
33076
22446
36096
36803
14476
30956
41650
23478
23497
38717
11895
40556
3805
25123
10958
5480
18011
6079
32843
16065
29205
42508
36728
5127
22431
38651
14255
22494
29208
18552
28707
16150
11579
10277
6731
25921
1043
21082
35669
43609
16917
6044
19817
2223
24207
41562
36511
26713
18883
15471
10562
32310
21053
12794
15848
43944
44528
17802
5014
19326
1707
12571
37641
26875
20485
21805
6390
14070
13067
34648
24680
13838
36946
14894
69
45352
121
13361
5534
16529
42000
43770
36540
27939
31857
10126
17996
23328
11237
15258
18126
14803
3270
28280
28940
10810
37467
5844
43582
7491
44283
23486
26778
10589
16628
35934
2441
17061
6566
7522
16197
35265
44109
17647
29559
1486
15198
31686
5723
6844
22123
33310
21146
3330
3559
38737
20567
25424
41098
42116
11112
45400
19811
28932
6303
5566
14343
15402
3016
26162
20551
1318
43965
38743
40996
6586
6043
26234
15313
27726
42916
32261
22357
20752
6419
35500
37801
42020
27444
32010
44216
35535
14173
4065
2790
35625
33732
23313
41279
30609
23584
14631
33451
28832
16684
20349
11167
24439
42076
10057
24590
10458
15958
38731
14060
1753
15950
20908
6910
41421
30632
45565
3512
16596
27406
30272
23847
23383
37728
19605
31217
3006
5205
7894
28184
27806
45238
14869
25148
21561
28844
25827
22111
8890
25348
13369
39768
33989
6240
44881
35019
25402
36720
815
27264
28398
15048
24077
27877
15043
17614
24917
8644
40182
5059
24302
1154
15032
5241
19084
13719
31326
31431
3057
41389
23840
40114
45510
35772
5180
8652
6456
40863
33909
2206
40093
3984
16686
33190
23909
41898
26179
9394
3303
31760
24776
18278
2159
28284
1832
27200
16424
12772
16173
22290
18967
9474
25460
6328
2721
42440
45760
7243
19602
29317
15945
8344
35298
16770
34317
8949
3386
15884
32667
15670
13748
43020
1794
26801
8023
43823
16550
17365
21747
28116
26422
42151
3096
6668
13675
5220
45268
36710
21485
18376
36937
37434
24205
12774
27454
5562
1347
40992
13141
26063
7546
7037
1805
3163
35939
41298
16442
9406
9110
2358
15443
41932
15963
38539
45310
43868
30821
15918
20973
37880
12677
390
14208
21104
41684
22476
27764
18749
22931
34927
43723
16116
45409
23302
2430
30561
41867
8824
15287
18132
21345
13236
16936
15962
35604
40146
20590
30588
6310
32496
6295
25403
34874
6582
29763
5628
9819
10995
6363
11806
3710
28419
8460
5755
35826
40901
32160
7846
4874
34651
13705
42044
11609
30133
32421
15595
27482
18283
41190
17704
20882
44159
4234
44554
1428
37719
2697
5890
5105
8303
33872
10129
38622
13919
24831
45635
20864
8232
14646
36732
17540
33060
13373
41093
35212
9420
6774
5905
2113
5668
31493
39509
28076
29279
27785
32058
779
23365
37983
44795
696
26386
32442
30199
34319
11596
7830
43700
17530
6154
33540
37171
22191
11276
31448
3997
42337
45253
17349
17527
14326
7314
18540
4960
28174
2815
19464
25349
31282
5409
20506
35632
6173
25972
38529
45118
42721
30298
20196
44458
36290
14807
36342
42314
6821
39455
4011
8499
43392
40196
93
32453
21894
3124
40577
6520
20965
24092
18902
21965
41794
33299
25643
29167
31204
12801
7284
4453
6792
279
7958
36667
22813
37010
6483
33814
35012
9936
28460
45611
37302
9383
37236
3392
10609
4622
28744
7947
28746
34533
14354
35026
34559
1169
1671
31125
19852
11200
2696
33884
43807
37262
29369
31540
22689
2140
3376
42193
29563
38760
23890
34248
10482
19279
14529
43548
8623
37794
36600
32552
13192
40296
44786
23430
45645
25935
8063
7363
19243
31251
19641
21646
44382
24086
18765
33961
30581
12139
21466
33237
9675
31585
7370
45371
7787
39301
31815
31789
31447
39540
24083
11950
34435
9856
27148
9679
34867
27478
2740
14616
5831
39451
10513
26138
12506
6190
34570
45252
19587
25788
25824
16796
44583
18329
22181
29552
1934
27334
44920
21118
11055
33162
28260
13615
4200
7247
32862
35078
27514
14946
16778
1920
23331
10512
13111
15997
21018
15828
15980
14118
31598
45304
6634
41841
917
3240
30585
16104
39332
44797
10578
5362
6713
18718
9892
33174
36321
41254
1128
20467
36940
10626
28129
3672
2480
33522
14290
8454
45496
7989
40353
32285
37955
35845
26428
3722
35025
5531
29954
30007
32611
23857
22811
43260
27107
16068
41677
33445
30708
29943
36127
34204
22451
26255
42767
35742
30845
24674
36878
35639
309
18223
15109
12372
12321
22858
36512
34567
5340
14617
19039
41062
3159
25331
41754
12844
29434
42133
37155
22301
2568
11982
3354
34918
12524
8280
1847
13630
12469
6542
16163
26383
29705
44279
5547
28372
8116
45261
36107
14789
33561
11783
29595
43978
17573
17173
16505
17971
8742
17857
21275
5192
12266
18962
25901
4877
3907
27736
23433
8408
44162
15989
18373
41707
7730
12314
4308
19003
23887
16237
22529
12026
41304
7677
22739
10418
22520
20984
13261
1774
41263
16700
34957
18648
9369
37092
1562
3627
2483
8505
2892
30480
24165
9557
31140
40351
11623
23578
15723
23102
42701
28353
11187
44981
13771
7543
42401
39324
3341
35549
32659
9278
22953
23987
26214
23747
22226
3345
17301
13794
38142
21001
8570
23797
43927
16997
5457
39648
29672
21308
26067
44533
33419
4092
36917
33467
26275
1781
4231
10113
2282
30274
40293
29575
16885
29803
36745
17921
38138
4496
31117
29403
12407
6599
10566
38801
3842
28830
35346
38290
30497
38644
14981
10088
18899
2176
6744
29497
7835
37425
16830
31075
26282
8589
1496
27001
37259
41906
13035
8765
31423
7201
10241
7396
12502
17911
33108
45459
34021
12906
41456
41690
6855
27740
43832
43798
4466
114
27492
15823
14307
10094
11164
9904
10767
20166
19214
16191
25853
37932
36839
4555
44067
35255
5009
16083
14148
16886
43553
12954
38467
14274
11431
37115
39712
19390
33668
29439
7237
6281
10989
12686
18127
18079
7129
23901
24371
7532
10044
14625
40452
38045
26350
40191
39104
32090
9990
13300
38883
32890
30124
37061
38279
31895
15825
33524
23227
34925
280
20367
27262
44504
38170
26913
29875
13177
43516
6320
8561
38839
40987
35838
24878
37904
26927
45113
26125
11389
6116
15130
21241
22737
36842
514
2365
33471
11893
37271
35244
11304
12728
42803
14511
1725
44202
1418
17874
17860
36001
23300
31718
45421
29864
11355
6672
29002
10387
41925
31675
16526
10967
8327
41927
2853
14090
34942
32844
16492
31885
42558
6969
33289
35307
13257
38111
18050
40204
8430
26529
42280
17892
5719
13013
21489
7455
36317
41296
21279
3735
44366
29319
2573
18077
10102
14347
14841
45621
28715
28739
11999
29019
37486
1739
44953
16738
326
12021
11235
11997
30291
29438
33465
15827
41522
32849
25005
6135
27358
10771
41280
26926
11653
7812
11311
24958
5769
14481
34184
24196
4263
2795
42740
16455
35829
16136
39580
35936
229
13406
32965
34470
44465
19313
26803
7387
15747
25932
4812
35436
11800
30213
1987
31662
21477
7663
10632
10577
42201
19463
29256
40406
8484
11587
12230
19804
17888
22363
36914
25794
7972
7759
29609
13921
40257
24991
44793
44629
21236
21239
2964
17586
38756
22454
40861
3316
8106
35892
24314
25814
22459
42333
43098
21222
44476
39863
33184
8585
18003
32034
30389
31941
25973
35982
4508
23553
20005
33684
20947
43696
26545
7838
26213
28721
26224
22339
29897
29394
42810
38592
41854
3030
16998
2789
14399
2238
10327
19016
1227
14943
8551
13052
41678
12885
35935
22660
29587
39250
15536
2063
15711
24638
37509
45713
34579
20108
12620
18957
32314
31659
14574
37350
9567
18125
45722
19300
37147
43808
38691
19913
