46489
37407
36657
84033
83165
77694
67713
123614
97328
146974
38127
146462
21724
99250
104411
147200
53960
69454
14006
53205
71684
106775
118497
86710
83071
21332
144899
13412
116366
46174
67135
131735
132612
122349
15319
79531
104612
37022
23931
22002
12114
147676
18518
5441
79571
43986
3380
121061
84636
60460
25092
76385
117273
29367
58250
22283
91725
95466
134842
98696
65508
102814
15011
19274
61577
19788
32213
82680
30199
53884
13182
41515
35242
146194
139401
64908
68282
20832
55091
89755
62973
46279
101482
107595
83302
84315
51667
29869
122363
72761
124339
71587
32081
31362
94838
115884
13076
19933
62089
67007
58529
143645
58366
87732
7705
113409
109520
64537
109578
139740
17572
62074
61911
28802
84688
18929
14444
84122
75452
147434
92384
80729
11821
23735
105720
36533
148194
41136
146436
69700
33408
109829
74316
96111
145671
101111
134964
25301
25766
135233
29509
55329
35962
25219
32464
133357
56457
19129
44069
41208
35603
144712
122421
134380
117056
105014
64646
14866
128552
147980
76551
44921
96653
127308
6911
125774
111422
13867
46346
97916
4327
30472
46283
5696
85363
47846
48183
90485
138324
49349
10370
117548
127265
64002
10603
50715
133153
33276
75889
61125
13372
60834
58918
86315
82635
68555
86491
82690
104953
23620
130731
3508
3708
121744
106304
4273
118984
13875
58809
21701
121099
10521
81081
95438
140867
1000
42837
38205
12591
53216
127858
108948
2254
4255
148024
35594
124494
11666
119775
40298
123125
3798
69973
64903
19428
15927
86993
102005
138930
72519
122576
24119
103126
1602
20190
37185
43798
89224
92671
125875
73866
46800
66207
47053
131620
76229
60439
25548
118408
30060
47985
128270
49128
114460
6526
95243
92142
28846
3594
41670
8574
132755
131631
122626
110486
26597
108587
4777
102104
81482
13051
42090
52215
45617
67726
20691
133294
66457
107825
59848
42717
55165
3889
92457
146606
147008
123764
94681
31331
121721
136084
112404
99336
44288
129570
83748
11480
29161
136337
39882
18984
51843
61142
99352
109135
54250
67309
90076
116571
101823
83906
62772
134074
13855
120379
60678
36895
46135
97694
69032
131840
126383
135412
23950
24400
24943
73650
94479
124302
114482
116953
54107
26477
43659
148912
108714
142367
46258
95053
4852
114140
17637
53732
126649
92514
112592
16377
5807
32825
96865
16942
75515
103430
16007
142175
145699
45792
62329
23814
123276
78317
149482
92818
119981
129420
34134
10737
68684
93431
21801
19576
108687
42945
134990
106239
19000
98595
119312
42033
149292
14873
130130
81557
126887
38745
60345
74311
99047
14426
133379
121557
119243
126527
6872
149332
49728
67351
50710
80674
66142
59218
87190
13993
37955
131997
28550
41699
142069
51957
120613
71445
93588
144362
121585
106883
120997
41145
129068
38853
44062
15243
44079
50208
37767
66609
19488
48679
2137
20956
80295
48227
99753
88036
61369
23797
100879
88924
93109
148324
90607
3077
148251
149998
82552
30215
85608
91630
96623
116092
144812
18391
78464
87323
102493
112162
92076
38393
80372
104905
31176
44160
31381
44919
107851
84325
55896
72385
145135
123471
17507
149277
94367
126927
59168
85296
129942
102757
143568
81004
111455
10851
64508
125982
11429
25727
144721
36276
136703
25565
66012
25606
121899
123277
70528
131991
33671
20581
101781
59574
121517
103897
91079
110584
113621
112764
115853
82959
9888
63451
93341
101935
44126
143595
105658
105935
51328
86437
15971
106043
141813
3311
319
37294
122617
67566
145667
20503
138253
137718
148116
81582
4657
20343
138301
23293
73110
21283
77232
147938
88414
73109
117773
135684
12002
94406
8425
109933
136802
40564
93539
45458
10299
51176
112461
123658
105440
19319
94420
111425
11307
15094
90630
21889
127154
15805
42617
88368
123626
101602
991
14023
80489
28449
126635
24784
126247
95506
84568
65234
93327
35965
149156
22091
39272
19264
12791
103161
85515
127510
122272
55313
121283
148302
127278
91748
16464
106837
149374
140898
136889
146217
127646
146317
11528
147902
45354
139603
110873
139686
34318
12582
96626
115811
47386
148865
143924
41005
60625
146705
58120
926
38288
92221
149904
89707
54596
3805
40728
8448
90237
88366
113390
143539
23045
59573
115481
88023
120038
118645
95494
64464
138052
74688
121225
137442
33163
42658
35020
48335
107219
57080
65545
68671
71664
77536
114866
58996
117520
4170
125581
3260
7655
9052
141121
24264
8957
44797
37082
53197
149648
72696
87062
45639
77505
80670
39578
106113
111036
135809
87372
91868
104080
88905
127465
15688
58627
60120
83434
92696
85749
38707
26229
64352
62588
142038
88484
39029
88568
25096
64034
114365
120284
126371
32337
42943
22505
12417
92516
41325
2381
45337
55688
82621
72622
8303
90267
17795
26054
122851
118748
90454
7050
107710
142111
65236
24315
113592
81302
12217
131563
20615
110568
35288
8525
11701
87211
70821
83652
38752
2333
101445
69473
87709
86442
144707
118311
111354
127996
19747
3030
117923
8938
96967
129825
41627
94084
48373
101930
121441
92294
123847
124586
14839
20899
145921
35905
102137
52030
50133
46966
77170
96166
88144
21126
17325
120529
111923
71057
128252
145993
140513
30921
132819
7794
19169
104657
35885
41791
130055
38121
26580
54298
101707
141061
37687
111774
120369
18008
145770
58186
27165
35204
146053
39480
809
113960
67362
104697
68528
23119
105530
27418
72034
132272
143670
64961
65854
55625
131980
42970
51624
66565
120386
84203
95521
80118
118243
118267
18561
118065
30723
39981
3434
51197
79741
145051
63110
32602
78083
32468
119953
1905
88309
43960
146674
17451
130053
92881
123084
26841
106527
127637
116576
44243
83540
5127
13463
43112
8507
144741
92820
13358
122212
13259
125188
45820
53246
89701
60985
26924
149862
12088
17406
23729
125930
114914
126744
72382
42245
26256
100341
102441
109275
8156
116793
37809
19584
125160
145034
58906
106732
94205
147816
30917
33885
56394
135377
33036
35330
135946
80177
28442
8123
111270
94851
132662
10134
125967
146968
102473
134289
82344
103705
132855
95767
71860
125595
33836
122317
56670
45595
141879
131049
21667
16390
7304
23442
84554
127369
35313
95831
131737
68887
37952
110260
24763
138048
1891
145694
90901
70716
144650
120251
87280
38576
15036
15783
134151
103794
26127
6041
20869
133284
81824
14241
75419
108880
21221
105064
59140
35305
89397
45826
128772
83373
140139
26983
42344
113694
7334
130851
63563
65763
74842
108138
42662
15653
99344
36979
109117
66319
114176
14554
74731
138608
138763
86164
30044
21129
116412
79846
135777
103120
101939
57683
81712
132675
34122
58144
119558
16669
47674
122565
99019
80702
14649
119766
134617
22157
54958
32386
78741
35838
120819
26818
82277
9929
81591
39425
89612
22943
47101
95893
123835
144198
124262
139610
84851
29189
15656
65396
96383
6330
55753
147953
66700
65409
139125
131814
38091
141513
45164
135976
45945
38665
77315
117915
53060
8855
8025
89006
93204
113571
84106
109058
122948
139440
139807
143674
24263
63598
101255
9982
74872
55609
84176
135419
11181
27888
19244
57596
146175
67546
55961
62425
74618
41647
56833
114223
129604
100770
19653
106724
113382
62226
131564
134809
119745
7572
85401
137611
4939
96342
8744
124939
141180
12566
20453
34496
92499
135150
4414
130233
29603
93735
43879
80743
95713
69075
125302
116662
118961
84990
55426
53280
70173
31326
64228
107043
73723
69892
86211
72240
93240
35673
2628
51100
85141
10631
149668
53286
19793
116732
26169
70741
98372
7866
19935
61660
20545
106680
14103
21187
16864
136837
34752
89881
68548
70945
60713
126064
92026
23335
38326
142801
108084
85647
105043
82686
120262
110335
121271
5357
116490
128814
35908
52121
128281
128454
103987
91344
99246
113639
24152
83153
482
80187
145841
132925
56383
146527
54882
35197
59269
56530
146623
141543
4742
6230
70562
147517
146975
51762
27476
62662
41826
12470
37118
88286
130411
84758
146746
14307
119135
147983
105801
19008
104751
91226
122169
97799
84946
126182
21862
115736
55574
149706
85015
14167
144568
90770
81654
148986
103661
58135
87135
83714
32608
123481
137312
15227
136172
41265
20923
11707
125349
44453
16119
71396
49416
49550
73840
87282
86000
92663
103006
91309
83051
37769
116493
11943
121287
141370
84655
131765
116520
106480
3820
136408
21582
106815
16230
24360
39132
11241
95882
145117
41610
4964
47093
62171
108322
86939
119130
60083
135468
54579
46984
128877
39586
124387
143642
24492
