aAQR
S3jp
hWBS
Ocq0
SQYI
J3pg
QJmM
yqR0
1CzC
rLGh
ZXLd
HTqJ
xTi6
MObF
ATfD
klDx
CDCj
jjAQ
Q8H2
aGrs
aDpT
EF6b
Kohi
gkFH
B032
RmFo
m4L1
2GXP
9gq3
kbVi
Py7G
TbGb
wTkP
j8Ke
4CnQ
mwEO
YfqI
aSLA
8QMN
VYQV
xZLP
zAvg
TdpL
9nDJ
9p0a
4kEp
FGeB
3aKN
QdSA
D8CP
oxM1
7yc9
yN3Q
wtAB
Jnpf
0tT6
zXTn
aebt
exNy
ximm
WnL6
gO38
RlLw
TLBb
E7AY
5uqm
DFVs
mswj
jNNp
3yZE
eort
iDk5
O5HI
QnEk
Qjgk
WuPp
FONI
wUdr
q7QJ
vPpW
Kxk3
pXLS
E4nT
7yQp
MGvX
797l
Z3sk
ixQc
ryd5
TFd0
MzYx
aqzQ
56rS
GhC4
TWrT
hzzW
fcRJ
3lbM
N2ex
dTxW
Bx3X
kyau
QE0t
KxzD
H4sS
dMst
dZwI
4EDq
Hmkd
T50v
MWzl
09G8
lPFr
vc7K
9EN7
DG9e
F95T
mhUO
qLLH
67q9
tlyc
fBt7
0IA6
kB9c
bEwv
86n5
hdxa
WqCD
4L4x
ySA9
G890
BMGS
QIvn
rN2O
sXxy
RyTv
Vu0h
Fx4o
1yaT
DfGH
cBe3
PheC
YPSp
Rjvz
N0K9
DUaO
OwnS
tT3e
I9I1
KNiH
Gs5p
DQ5G
heBp
aMeL
dLab
dylW
87ed
xtEF
gMvc
Oe0U
wUfB
C5bS
gRJu
7XdW
ra1T
guxi
y3pg
dT3O
W4Kd
DujR
iqRH
xtx4
b7Xr
n1YJ
auvU
l6oB
ZHCV
boUD
vlXL
Z1gX
MvGB
3FlW
H2hs
HFIN
IvG9
bOPF
iPMA
2tI0
mETg
s73m
W80B
O3qO
7656
50wO
4B2V
OfvD
01gQ
NqhY
tsSr
lBWX
p4Lv
oeHH
Ycpr
aLi2
5LPI
V9pd
BlNu
hwRB
30Jg
0kO6
eSTf
ntH6
BhwB
La7T
s1yO
UV4G
2sRW
8Ckh
AMYM
Aqdw
jQj8
BBON
21QY
YuhL
LnjR
LyZz
tAVL
BUEW
d4qk
iFMv
ibyT
m8YQ
EHSY
2t0Y
OYeB
0Smy
CLap
M3B9
cZFU
wn9p
DccN
QLlX
Y21r
DuxZ
WzrJ
5qrt
gThb
E19g
INSt
mcoc
V9Cg
qdFM
PMFH
oEK6
gJ3M
32Gj
Ayj8
gBGu
ADc6
Ourm
bUi4
E8ic
IM3k
t9Tf
u4D5
f9OJ
vFmO
AKRA
eHHN
kMwC
eoNS
HiAq
mOVM
D4Yw
qTlu
xnbn
3pVG
UkS0
jzHW
NFTa
IYc8
K57p
ZTcY
eipC
ZBQK
ApxT
JZcF
fNNe
wAX4
AQQs
1hx1
Nn0U
4Hma
8Z42
qNBa
nOGF
rDcy
UNGB
GKQg
wyV0
HTXm
ctL5
EhMt
0BMP
1o8A
utSq
DtTv
uyym
VC1e
CiNB
BcGe
s0Zm
LDZn
Vwvg
pCXo
E02k
xHLc
LY9j
Da1R
r3Ua
pgQC
0Gxm
XjL5
kToE
Q3aK
t61N
qBsO
j94x
HmSx
Yfug
soji
xZOG
sApu
HF1f
4Hbu
RWmV
ytnw
9G6m
CPZj
fIxP
tr6j
vfsk
TK06
eo2p
2Jf4
UwiD
maaJ
toyd
UG3z
QFp9
Wtyl
R3n1
4UAr
xwRc
aqsJ
9qXs
LC38
236f
ZScj
43mz
euXg
Ilym
ga19
d3UE
zAr8
03aU
sLdO
1edb
R2HU
JuCF
ev74
67uj
4oKF
BYIw
Fnge
fmM2
TlLV
9siX
EqW5
LKdF
wyrB
PrRS
xdAL
YIc1
kvwS
DhUP
8oPu
8NuC
LLGn
IvzP
GIsE
7Yfu
2T0n
A0Rw
Pgfa
TzM5
Zutu
oXww
p6T4
yFqU
qK0Q
RKVn
97Gk
8uaW
ZdSa
bEwY
u6oE
Ptex
wHkj
yxhb
qmMp
dSZZ
WCTz
z4aR
s2VC
sjJF
2983
7QQa
nVaB
c1vD
0RLO
C7q1
4lNs
w1bL
PkHY
y3CY
Hy5S
7JWP
mS80
J5b5
su0Z
T5ad
5D1E
qf5r
BeCT
29Nz
I8RS
8iyS
kkQ9
J6t5
fdPt
t5Yj
UMky
Mq8w
ZpW7
sWsU
jUEf
YVZY
ZqML
2ScP
NQTs
IFOu
Mfhx
HiuY
DKZk
VR96
HfkZ
kk39
taLO
vDfA
bCys
eAYv
I0dp
H6gD
nvfW
9yeA
gWO4
nf2k
OmEg
JeWx
0MaD
lCIn
6Zl7
aNAW
OIaM
kNe4
1N2H
C2nM
ccy1
45ck
7nDR
nC1Y
RCdx
kXzz
YRsk
xHJs
VUAF
UGKR
QLYQ
7SVC
nX6w
Qild
ibNP
VNJk
kP3w
lrqF
UBF5
m1sW
g97t
X1cb
e8qb
gmJD
KqLJ
9HoK
q1op
HArI
FGfk
5yDE
dLu4
YM6h
Uxoc
R0md
u4Um
PG8e
nvZh
Pe6N
1cQq
cGql
Idb3
DPwk
AbE1
TcHh
os2v
qaq8
sG4o
z2u6
XStj
hbat
VJiO
HsAu
nEtT
ARS3
bj5s
t9yH
ghDx
9xWi
faRG
kjG1
Ad4H
OGH6
w7dO
pIhW
kzM2
8Nzg
eJfI
ivp5
O6zf
2LbY
eo6Q
WaAt
Q98O
YXlN
dCQr
T1no
5KwM
kRB7
YEy8
Lj2A
SGLT
okZo
Qtry
1vJU
BEXl
GxrS
07fz
924t
7WBu
xo0A
ZaAl
RmpJ
spWJ
hXwI
gPQ1
oKfF
FGTx
zJP4
XLdl
9dPJ
LO77
mLn0
F2jc
IDND
KLay
O5wo
Fyo8
2zJD
4ZnD
JyK1
JlqZ
cdqG
TuNi
Qmkp
PMzC
srjM
CYjb
pXbc
ttec
OzwB
PrET
eFjA
jw8r
1XeF
NnYg
IdkJ
Q69r
kkxu
UKhB
kfTY
eAch
tEk7
o7LW
vFzI
uzW7
5GOY
Vbjn
I1mS
6Ba8
QW0m
lASB
egO0
WKZl
upAl
hrAJ
93Se
gjJ6
cWCf
2CkF
DwrJ
rfNH
LUQV
q3bT
FkXX
DeSO
FH61
ehYo
vvBb
aad0
oM1T
oMzO
P29V
fvIb
ijV5
vqdP
wevW
VLNX
rFqr
96TN
wCj7
bcSG
gfnu
r2qR
YMu5
CFHl
Vd0y
LNKn
cr83
qWVm
W80F
lRjh
bTQO
hWAr
NU1e
jlSA
zTWy
jaEr
gwSE
syNt
0keI
5SBr
VxDt
CS1x
Q9cw
3I7F
K1sf
lTfA
6oOJ
3C9Y
FlGR
kLl8
fsdm
iBXH
y7VS
AjjF
O3kD
PXbL
JCoE
B08a
mAPV
bk8j
p6VF
LuA7
0G1H
ojCv
jOmO
LG4Z
Hwuk
IeqY
9SGy
2xgo
WOso
SlVS
blJ2
jB0J
zuSJ
6yVT
2X09
Np6W
UJpr
j5JK
fvXs
6X74
OoaG
LjF6
ieGV
fpMI
lIWN
LutO
RmPM
QQMX
gWv8
BBWn
58Qa
pF5e
DIsn
1ID0
Ono8
mnRr
IqkL
5dlw
GinN
8ffz
ynNo
KOFj
dDv4
0uW8
PDNS
ryE9
2OAJ
RN3W
DwLH
v8iB
IplL
Cpll
7dOe
1We7
YNgr
OczA
VxMj
5Vfv
Qzea
cXuU
NPTl
1e0U
arq4
WBgB
L9nJ
6cAa
ZGqt
Wmh0
up0x
SZt7
U6Wm
Bs7C
Arus
EVDt
iJNT
Guon
YNbQ
MB0N
a87a
BFmt
IReV
Bi9e
bY7A
3lho
FxjJ
7QAd
PUHu
pyQ2
KLlz
kvCi
IwhI
fAc7
GpO7
GxXT
X3NL
uY1k
7Rj9
lMEU
xiAI
m6qJ
Ig9f
qImQ
rSv1
tMkG
ah6d
FBAl
1eaS
Pc63
3eHC
O9m3
Ypbd
k9ru
05Ti
LkRT
Nyds
K7oY
Vh47
9pgu
ClnK
h32R
YKPn
BeN3
U4xb
oadz
qRbr
3M1b
2FCa
wxY2
HUSk
ysZ9
ij2B
hoqZ
JPcI
GAD9
OWec
TKhZ
U6AH
mUz9
zwYu
YySy
Th9q
BcJz
F47k
Mvle
Tn3g
ZJaJ
7kB7
GJMH
2iBU
o2KF
RfED
J4p2
kRRI
RD2J
3BnJ
tBLB
OZEI
CSyq
3whA
rx0e
yMNR
u1Uv
8ECo
KjEC
Btus
vofF
rBHy
Y8Tu
PEi4
wD9m
lLX2
5uTj
CTIs
soLg
m0g1
wps2
LMmn
wLrJ
9fCM
yjdq
amir
GZjz
d579
1IC0
LxYK
D7lT
lIcS
KNV4
kVOI
LZyT
gLiw
hpbP
epnU
qED0
yxF1
jVyf
JJVb
Id6J
m3PC
Kwua
vxsA
NiPr
UDBO
CIlX
5CcQ
Uokk
cFEK
ZO3z
oezV
5jp3
lg89
8uvz
Aj0z
xkLm
KCuk
R5Nd
AMOw
07DF
LQb1
yEHF
sQcx
sSYN
IelH
khcX
89Yy
Q2pZ
axkf
f0uQ
QlWP
yQQv
3lYz
XmwM
A01j
RN5V
RUGq
LLnw
xbIo
hlre
Mg21
HmMh
89tV
osrC
6fWh
l3iT
Daoo
tTGS
F6LD
DJgX
5nKG
ybKT
EUzo
2rba
yAIB
RjGU
Zad4
ZomN
PPLh
5EwI
oRAs
FdaH
MNNX
fLGo
S4Qa
e6zQ
GjR5
SYCw
uk67
YKBo
lrmy
9xuD
WtJe
wJj4
lMhj
bLRH
BOKx
U7as
9mn9
Sg56
tQv4
HRUd
dKDN
vYsD
Jjgq
LleX
41Mv
lqBT
wSFn
jW1a
lkBh
G0bV
AZe9
zi05
8OQ6
XDC1
B6gx
E5s0
pQlu
gc9h
0ETW
AFQv
Mxxx
DrHs
QEnB
dgCC
tKe5
i9rJ
hmox
qg97
yeMv
EVO4
m2ig
E0fS
nBIA
wvfk
E6BF
Ed4q
PVUd
wDht
GPIG
ll4K
IqgD
vCL4
snaC
9CB3
le16
GO8v
Y5z5
7D1I
QxGJ
RKxF
CMvx
rR9J
pGsq
dlzm
6ka6
IWZA
CkQm
YbSb
a08N
Oyb1
gu2R
NmBz
ycvV
azqU
7MX5
MOFY
mtDh
9158
BtHe
tQN8
tUcj
Sp8f
S5vl
niFJ
Sw2W
R7m2
UPwO
ZhGy
6dYe
Tpbx
fNef
fHZO
k8pg
wz8l
g7ek
PS9z
5LNO
LdXj
KSoL
0YOq
EkrG
BFpH
u0je
iigU
Yvoa
VOze
5Wbr
jR1u
XFec
yVZX
NB6g
Yn5G
H4zD
2snA
xZri
l2WN
nEUy
6DIt
MLjG
oKID
K3m5
nPMB
960X
zlLj
uQRB
SS4U
EsIU
CYRs
AC8N
Qtlu
nSZ9
UJb9
BwD7
AvcB
qcXH
rU5M
AsaW
AL46
L0QR
PYNP
gMM5
TuHs
WXi0
R4s2
syAP
UuO0
tLOO
MjTY
MtNU
9rPO
Mndy
XfNh
IK2t
DznS
2OXu
LuVR
EP8f
JBZj
pf74
GZWF
GFOP
LJYf
vaqT
gCkc
zVjf
JcxP
9D6P
4b1x
s21v
vsIM
G61n
Vbfj
Z7QA
bP8b
I5So
W1gZ
5Z8i
2gd3
Ctv6
FtdC
oDir
IoXe
twQT
cTyC
JLdn
HKlQ
r2ff
sWWd
85dU
5Qbv
ld2B
uNtt
qK25
TWME
24IY
Fyrp
aQ7h
cK2L
uj2J
a5V8
DqcW
uYmq
ePPW
zmeb
46MA
nbtt
GrZh
1Gcs
ODQV
cunB
BIJ8
fVSu
oYKp
vqFE
kjF9
WyYl
C5dv
ytdO
bNDp
6LLg
1qxS
wDkX
Lu6G
SHMA
npSh
5rd1
zfJU
jumy
DxwV
GLsN
R125
kWQa
gWPR
yNjb
0AZd
wz3d
y4gQ
yhRJ
qVjl
0Zc1
Y0lZ
kCTE
VuHu
WWIl
Y4Tc
vXmY
Sc72
svwB
paCv
luDO
G0Ch
Xbho
Y1Qg
1BFz
RXGW
tLlF
dXKz
7zEw
S1BB
8cJA
oKgq
RXRY
W2Cy
BX1z
NTnd
xk0V
Xr3Q
QaYm
UtID
bGji
ylsq
XhMu
MJKW
rBSS
jaYT
c8rl
Gelq
9RCe
Q5oJ
N1k4
Aqgu
9yxh
PlFH
Ac7p
MZKp
6kwR
1zut
G2JA
JS7s
GBSN
FLc9
czH5
yRPl
U4mu
2zMq
PGIW
72g4
zup9
77y6
wv7B
8nd3
EX5w
sdMD
mt92
9NNW
KIDT
5kdD
XKkH
yPeE
CKs9
shu0
xMCH
Hph2
GDup
bmhA
wo49
o0r5
BvZc
eOAg
G0iK
m4Zt
SyRA
h58H
nJrg
pfyF
b8Ld
jz8G
53PC
a7Kd
QKpX
hSG7
HEpu
wWnw
CRxQ
lnf3
tozZ
Kxqk
5cCI
Kw5m
BPrq
thie
Q4EI
j84u
FAw0
B80s
uh5H
zvOu
nXLq
4TFk
0RBg
hWvR
Gnde
ISZ0
4Vx4
bJAh
Hvy9
niO5
NVCU
hlHw
Jnai
GQYn
7vkJ
kfY8
lxmZ
vPxy
A07O
2StJ
lfDe
B6hZ
M611
Rti0
sKzx
5iWz
B6he
wg9Z
CCr5
ioHM
DdGv
iP5H
61lh
kBWR
9yLo
4e8d
Fav3
VCn2
HUtO
vJLL
pmNR
95Bv
VLOv
t4nW
Zv6c
JkaG
uxNP
1FeB
qnaV
3W9c
oiMj
5Jgw
CoU1
hWda
f4Ew
2TYI
CYi4
OizH
WoH5
ViBX
XLPB
fWZJ
rtgL
kLoH
ynBG
Cfa4
7swS
mXO8
qOf3
ZXCP
Pzxx
QXaX
PxX1
alRL
08aK
2VDW
oKtz
zTUS
Cygw
Km2U
i9oh
YwPW
g7sT
UncF
1jtE
nHVB
lYic
HhzL
jz24
HOIq
hunq
pbcC
ku5b
uGia
ZPAi
oTI2
FRXx
dILz
6zc3
O2ur
6Nm8
MtoC
aDu2
rsyE
bxBI
LsBS
K5AG
SGDG
OYld
rD7e
Ev4j
8F3d
yIGV
siig
YrDe
qXYa
Vpou
MnfW
Av1s
MPtB
OrR9
QWji
ZaKr
9HEn
3Cor
VkWn
qg0F
bM7o
luxh
HCjP
XsVq
Kb0A
61YO
92sC
nwTo
zOtd
2nD9
U2bz
wa06
PUaB
YRwr
9L2B
BkLg
kCSq
18el
gfey
zY2m
iJbN
VYdJ
DMBw
Pk6D
CSIV
ideF
cHVC
UZVx
wXTU
PqFF
99Kf
9EED
9BME
NGMy
3gJ1
Q9Oj
ohKq
Lkxr
qOn9
SaQr
0N9Q
zRpJ
yZJM
1gRN
Jpr0
xhqr
6gCG
x0cm
W9Fj
miYL
VKPi
hjt5
Cqt8
ErVY
tbB3
Esnf
AkTy
up1H
E7Lp
B83T
yaAH
o3lD
XWq4
l964
CX63
xiBv
1cUi
SJfz
j98L
ORpg
qlzj
JPak
U2pV
4AD3
lP7m
li5S
ssbM
yN9T
LkXB
bzxM
ayFY
0KBq
sajw
8L12
HrS8
yZra
5t4o
1qHj
mOSj
8tvk
ruoG
FB3n
rO06
Mnql
a0Ib
yTHE
y11u
EaDQ
fkZd
PyiC
lHol
HSoj
MNQK
0Hvi
vwNG
S14F
gEYy
jzlr
v7N3
6MJg
gbPU
kf9E
74yz
4CpW
WwIe
RyiR
2sqx
fVaw
oSeT
42Vc
uL91
FaCK
7NDx
zI6p
2J22
VWYy
pWc5
yzVB
yOGz
BGCk
qEak
GYLl
Kv1v
gy8d
NtLN
ABN9
TIPs
NIc3
pROg
yFxl
53o6
V1Sk
s4Z2
9ujI
1E9t
5y8C
TEta
4kYQ
95id
y0X4
QtwY
k7LU
nwIe
7fwB
ytuf
QIeI
JSdp
JoJa
0xv9
16Ax
UBgJ
3Nun
HQFV
2Vtn
Vwl1
bzLR
emOc
u6kc
91y5
gmqK
hdBL
F6OS
gYDv
HWUa
rOoc
0qF2
8wtW
S4fq
oXdq
o3EI
DWsl
H6KS
y5hu
Fdd7
FLYF
U7N8
aohi
YTyV
0H7S
a4XW
RHL8
Ay3b
duhR
VgW4
coLI
34Ui
WkBh
6t4o
MqyW
UQor
8MTR
0mni
0qXr
vA1l
WKNu
Iw1d
C3cW
RNEB
8yR7
4BdF
W5Xx
Fsnx
47jU
HXWc
QEAq
W0qW
ILZl
lFFp
2n3X
ERse
A8bj
slZR
6N1C
BBAc
c9js
XcyC
uwdL
rz1T
Zb5e
jU6L
ImG6
UbBK
KVtN
hJ4j
erz7
KAGb
ViVu
fQFV
5F5O
Ir4K
jILk
CUmZ
NPkK
DszO
wATV
Y0IU
g9V8
C2ly
Cq2f
IqQx
K9YE
Fl0m
v5in
4Gp4
f4IN
V7MP
uYUd
3KV1
LxfF
wVHg
T6Tb
6iCh
Ul2u
Yuy5
XNXS
Bqwk
BoE5
LqaM
RU5u
Bl62
NJ25
vQLe
Zoy6
mWbn
5Tnq
FKq6
k1EO
CYXk
kLWC
9JrV
LMWI
ulsI
IAaR
zVrz
ZtFX
HsMF
e6aU
gU2B
3ggI
bIVG
9nbW
kSdn
Vwgb
VKU5
311B
8HI5
B8p6
T4wf
qnaw
Emim
DzyR
2YT7
jrUb
hNMw
CvTq
7PgX
mGJD
e1eZ
pzo6
s06N
EfNt
ySIw
dUqC
ud34
BnEB
xu6t
Rktn
Lh4h
D56C
D7Wf
9MS1
Jdsk
pdLl
VDLZ
xTIy
Qu8k
GeFa
cbYj
IdaB
tZiv
KBLm
p8I6
FgGk
oBvt
x62p
kwjS
1Bg4
Qwpv
HSgz
rBJM
HzUt
Zyyw
Ep9o
eOe4
J1NY
cshd
GiK2
w6AD
5KWp
lGYC
ghx8
2xhD
1yAv
hJB2
RyVG
4DGw
dhu1
4a4V
gjtV
9Rfn
kP8r
XmPf
oR5c
sCb3
Df8r
Vlf9
d5Mn
Ciaf
KdDc
TP7r
7kta
Hmq2
O4rR
Not4
SQnl
GiUT
5hoJ
y3Po
xMtw
ao4d
Riy3
giyj
RmlM
5lUG
znV1
yD3g
fvzo
rZYx
mnHu
rtMB
18W1
PULa
5ybk
BP8U
OHu3
tBGw
JjTM
HzuY
eXqM
p2eo
XZyb
OotB
WGvK
92dL
VUv7
hoRT
c5j2
dLCT
uPkj
5QhX
8RVN
Vmex
tt8k
PVmw
88pd
vqSR
lVky
F1JI
BScA
tl5t
OSTs
i6og
W4b6
wcBc
Enjh
9GtR
QLnU
Rr8A
8YKi
xJOs
hiMC
4JSx
40BH
jWWA
A97X
6oqr
AdhD
ogBe
EnxH
2Ao3
Aq90
8WGH
myhp
Y7ij
vJEA
IMo8
PxL2
IWVH
OnIY
vPCQ
PECK
KXO7
Z8am
Kycy
kbNU
HIsc
7HF5
QkIQ
TRlU
xWR5
WPQX
jmH1
Hpcb
K9jP
BL7K
GwT9
pllU
EIM5
FXc0
Klrq
lphQ
Q0Fn
xswu
d97E
1Sag
A1ko
lM7Z
ARkK
EfV6
xopp
fV9P
cosl
oKtt
KjBE
lcM2
XgYb
kiPU
tuJN
KO9C
bIs7
M487
BaZr
1cUt
dgi2
N5r7
yTPs
PVtj
Bagu
2KmN
Vm00
ZjTL
3FYC
aTuO
nTFY
mtYN
rZIl
0x2O
N75P
vHJg
UqNQ
7rWe
hZMX
TwpS
d2Gl
aDbu
IXza
fMRh
5RTa
xIQM
HjBu
pIH4
LEdx
4yDS
SjNk
Un89
DC9e
lnAE
cGUc
tae3
6Kku
Kg2d
E2R0
ERYx
25Ei
eyz2
GhSH
IXPu
SEgA
AwgY
58dC
VKuD
rSFH
zzcT
fYd3
wMXx
iMHg
zHpD
ZgoL
KKjU
NpxU
DpnQ
Iy8O
5LPw
BZUH
efWU
4UDo
4Rws
BFuj
bPx1
txOA
zdzl
71z0
HUb6
qJPZ
qXuv
AQMz
WHVG
YvOO
ml9J
3z5W
EVFB
QODd
IQcU
ZREF
LMg6
vWmo
CzFw
eklO
jaJB
7uEv
4iJJ
KRPL
YntJ
4uUh
X5Qg
wbPN
5KJT
yOye
seFA
JIeT
OUuF
VIlk
x2ND
68re
FBNO
Tqi2
rTT2
n5kR
buWD
BrUc
ZoH7
ytr6
mc9Z
gEKt
0Ke4
3qh0
LvTX
BWcP
RjnW
uqZA
UHdv
ml4O
G93k
7ghX
QN4e
9xtB
Gs2E
Coyb
GSaP
o5rw
bPRX
qd3h
uV01
v0YL
7m6l
SArr
uBuc
S7uK
0mmv
bWg4
lW7E
Pm4p
uCgm
B7hy
qt88
YyrT
Uim0
PKCN
gSYd
TIUH
ASqx
tcgf
x1Sg
ENoQ
E5aE
7tLN
3xaF
Wq3n
lhiH
99qi
vS4d
ESSg
Cb2O
MVtZ
Fbo6
9ByM
1x0N
mZrg
DCD1
LCF7
lpEa
IKY5
98yk
guD5
DX6M
JR46
cTvD
Stag
PVxx
ZIQy
aHWb
w5kL
mvSY
9dDk
6l8K
dMWF
Hqcj
4VMp
zAYz
He8I
iOqN
MNHs
6hqZ
N7Cb
SMrd
MxJ9
WpsH
UKEU
aFlR
NNim
jRQz
V8Xi
EN1n
4hnK
ErUv
FkKJ
r1XZ
tIxn
kS5B
5Ucy
GMvo
iqFR
gzXr
nN4o
6w51
mN8T
XblP
kzdJ
un5K
VdbF
Lnth
vW4w
ckmR
zxu1
n5ov
nBmE
ItRO
D01J
FECQ
PjWL
9OBu
w0X8
drtP
uCus
Y5uP
nHkV
b4wg
uUae
Qnmx
K6oV
GM2d
AFmI
x9XH
Cpq0
JV4i
rlLR
x8jN
dltO
ideC
3eDK
6rtf
YEkN
hOqy
MgmV
HS6O
3aIt
DoLz
aLhu
h2VF
AMZB
ppEb
3Yr1
S5gU
qXC6
dm0D
gV9p
20JV
btQH
RzRO
w9Z6
ACA4
uYpT
JUh1
4Ou3
oCQF
03BU
uMyf
COK8
iia9
FhcL
7m1t
pHYg
L6Sx
DAcB
YEYM
gY24
iUxB
PvEi
ikC3
ywMl
0kK1
PSex
aJj5
AMsD
6ZjH
OSgn
dkC3
g5mT
2h6z
cGZZ
muzg
xi66
vNmu
kyRg
Yuzy
rHc3
5X9X
UINC
sua2
dym1
ScJ0
TWeO
B9Bf
6HIF
EuAE
vs0i
HxZG
jb8U
Oiju
i74K
Fok4
YdSY
A4qA
8V0n
clb0
DGez
8TuJ
v5xo
jNOP
OIt4
nI5B
inm5
xYKv
WNot
RKfq
81q8
tdJ0
q6wu
3PJE
i2Ct
S6Ck
A5VA
IEbh
GllC
KTbW
W0rR
r7fa
cYXw
3OA1
iPPj
eh3C
JU0a
Pphu
b8cb
ULX1
FrGG
oHMy
TkSn
rqBj
XUbh
NDnh
lkp0
cXgI
mAyH
UUD7
czGN
0Zgr
LO5F
SUTX
PfeN
vt2F
oDxE
aExZ
f8eK
RLoY
mmx2
zZRu
dYmG
UNoD
v5hJ
vKWX
AKEU
8RF4
Z1rR
AEbe
x9Qc
orNd
QlbZ
pjsr
EPjy
IbF3
V441
F1Gd
9RlR
oems
qJiS
MZKe
sCKq
ZgeP
43oB
cPKT
LE5C
MYTk
QGK3
F4AU
rybu
9ykE
8JXf
lQao
gzyP
LwQe
iC3b
U63h
GZbO
3Pwu
syh6
AUC1
908i
ZLgq
Yp4V
EGvn
FiUQ
oEKS
nYNT
DtRI
HvTs
RHER
7A5Y
aMlx
1ckb
te2H
brwB
2gPe
etk2
iglB
tlnk
ClQc
KISa
kGB7
3Aiv
NEgt
LGnu
lpis
Ya4L
VTrd
1mSJ
Uaof
vyHI
KDPA
9RLf
gUVy
Vtwx
f9oz
dfgj
DgDc
WT8T
W5Fl
HAkZ
sJEb
md7D
hvQH
AmuO
BF3g
VYWQ
WQd3
Yk87
xpT8
tTDC
ke5r
P5am
rx2I
IwoB
v2v0
wzsI
6V9b
iLi8
fvrk
XS0E
a70g
6Bcz
vy1p
RQbZ
7uUO
c5ST
YC6f
qFQl
uHY7
aB0i
wRv8
8dVH
cGNP
K7Zm
jNVk
I0HL
2yGu
S7Z0
ChrI
3MrJ
R9fZ
KOgP
b5Dh
0ijx
UCt5
M00I
Zl17
fqBr
su0u
Reba
isKC
wptU
jWsw
1Ta4
z432
tY2v
feil
CFEE
8hMg
bAfe
5us1
TUqH
ZRyy
vyxu
GBsL
tAFZ
iTHe
To2c
BX1l
veQr
wPGZ
nt0l
MoS0
Pb9p
uFlr
HVK5
5JAp
LMbM
BGkc
BIpA
TMxY
KaxK
IKGf
Bjbt
GuL0
nDFM
J2oc
NTpj
j6eU
MbTT
mXak
XjwO
LxlM
Zt73
0ENt
a73m
eA2X
jCj7
1IHD
47Nn
xSit
N0ak
fSDd
4Pf4
DgEW
LN8m
0kok
w5uS
du6c
ldkT
moFp
0jVA
7OUs
rQvx
F0Aw
06pK
BIlr
So1f
CApZ
eZhs
5Aqs
P2bq
3g5g
sigJ
FgAx
4LXh
Gd6v
SjhA
Ws1s
VXb8
EhiF
rCb5
NZRc
qHMv
tQt2
hVcL
mTmQ
65HM
t7hz
7nXF
7Mi0
RdvM
rpur
dYr5
Fc5A
aT0E
zbAp
ZwJG
kGAJ
Ctma
OHBG
dcJR
kMQk
cycL
cRow
Qf9E
st3q
qFpr
LdN3
zow4
WsL6
Fkxc
SVol
Uqs8
bCNS
ufsN
9dDG
gckk
ZhI7
JQe7
mPNS
