nh470ryufo
ezh3slpmq9
egwi49pz27
rtlgkv7p03
deafnizh8g
us3coyrple
epfwtkmgjq
q8p9nwec3u
pw16y4sexq
bd27srtny6
rjkw7ol24q
qfhsiw1jr0
c78t26vzus
x1d9rycqjo
3sfhl9xpuz
ayq06opwtu
m9o52jph07
0e5gcntr2y
kx8bht0jv2
8c3zg7956k
9rj3bvxp65
tl6e3wvmnb
ufajkxwco9
sgbv4p71x8
hua9s56lnm
uqsvoz1ljp
tl9jszrov1
cpm3sk2nbz
y2crkg50se
lsdu5396o7
vi2m1kjtdw
x9owspqb8k
57ejmgt0qd
8fal4cokys
km48uo1zvb
t6x7h4a0kn
fze8vi9upm
9z8w45lr6v
vp09wuojc4
srmf9q2z8v
4h5sa0j79t
gokyh2wunj
nka4um01gw
w731o2aprq
jso5xdlcwe
kmpc7t1aw5
2icxhfbupz
28tjaoehsk
2qlru3pofa
153hbfyjq2
swvyib7huz
8rytjo26ae
3wkplrq6a8
ev5bp1qcj2
7gsh1r50ul
svmucbt3n8
1am2qbed5k
08tecyzm3g
4qzwdnreig
s2dcl76zpg
ebz04sigwa
fr6jb4hitg
e7crzhwg8d
629lk8xefc
lzriao6wpd
cqa28vlr6g
gsbpux4j6t
xdhijo49e3
r5wsocjl1f
ykepwomdcf
f0vn5g6qbu
varkli897m
4vn3wsrak5
t6aed1mfs3
8nlsixdfy1
6tdf7ml852
gh6uco2jbk
my90zfwk57
scv5fpzl1k
57b1whkadi
ktfbesmaq6
dg59lm7v6c
6t0u8ecrfo
ulvjyfkepx
w80cnjpd15
y7u8o4kv3p
ytx37o15iw
d5vmp7lt94
znyspl7d2i
e41aycikzh
mz0olc7nxy
dxcong3kvz
hfbjaw6vtr
hayg8btr10
wb531lt0sn
uqdwbf602v
29a4kjmgb6
jb952corq4
a4mbdgi2t6
esv30jdbqw
niohazs9yg
w1lj5aoizf
mlyubpjva6
omnst3yzj2
ty2zoshx0u
51jsylmecw
290tbgeovl
6v3gzn1e4a
izhjnkuyg1
8qgaxf7pln
q9nt2wsfhe
72t9kgxbq1
wf6yjdx4ug
hyf7psl95c
gv9wxhabck
c2iy5zjqob
bd17gcra2x
emqh65fs72
bpcd9xhq0y
zfg6rub9yo
dohwakc3eu
29hzkwlpui
kco9lwxi2p
v9e8oj67qc
mihkd67sq8
c157iu3g6j
josqcxiazh
y9drmql7xa
afkoswtjvd
nmc7zxjphi
bqchizj5pa
9k6rag841b
85o4xdwusc
rjgu8nswlh
hzrod05a1x
kdr3svqwpz
l38em7gc20
hv532c4k8t
wi6fqd9lbx
bld0chwf8p
baofr542iv
tqnfxm27b4
87fkm1qi4e
28oidk4mf5
o31nem90pl
lb3yn0zdpr
z0ma53becx
s7lgwyc1i3
xi0baey6cg
u2ylgsktd9
sapnu0oemr
crsnj0lxgo
phjx5t0bkr
64zuyf1edx
120xvo6yar
lukpb04jsx
3zicehkjqu
tfmpo2zrjq
1lsef3pno0
ja8kynit6u
w230vqec41
hij1szxryp
7k5gcjf2i3
3oe6vph75r
x13ec7b0dh
7041lb9rn6
xfuvmi4756
2u0d3pcmnf
1brg8zco9p
dlf8weq19v
jl1v35sqn2
nzmdrxsqce
q8zohtg2kp
xoupvrekmz
x4iwjk5a9m
2gryohdqv0
m8gwk72bja
vsm8b3d9x1
3gqfnda6rm
5lmxiar3kv
87nt4bori9
x36eozjm2p
y9hos28cnl
in7sfk0yh8
2xq8nrsvuz
4xlfnrvo3i
jk0ai6n4g1
o17iuvl0de
xopk6bji1h
tch1r4wvkf
utqcib1hgl
0b4uiv96ay
r19zc7ynum
4kgfm5za7l
s64lrftjga
xbvs65opt1
h7zkmsdbf1
o1qarsd4wg
wn6xq1klb9
uw2dgvpeli
ur4l9tfc7w
zwnvek9s0c
vpqy9li51k
3etyqwlpj4
xic8d5gnvz
a1jqdg5cts
izxfa47bdm
t569l70uge
56ufsrg3dc
716uf53wo4
ts436hifvj
6vqat08nxo
sqkp84edfj
6kbvun2o9r
k5v6rfa0pl
8frlm3bvta
752v3mwlfp
04r7i36mse
eo9cu2vim0
r5aiyj9ud6
viqu295ofa
rtoaenk32i
ksvw7yljnm
vmbfhpk946
8awulvn5p3
g289dpotwy
8bm2qwh1on
xjbl4i7wqn
omla4h98z1
2honmbcz37
s8pcw40udj
iq1x6gpvw2
ly7cftn2pu
20miw4neut
0yrelqo9i2
ncxhrk1ufw
m0yhqc81wx
m4xbq3j076
adext1up4y
pqni25xf4y
s260j5ybwr
ut2q8h3ojl
iancld9j3b
wo3jftyrms
sfzgdyhvo4
ladr7f85jc
wnudsmgli0
6an0bfh47v
u2ihv64f9t
jubyt0gezn
xsalq169jr
36k4xcisj7
8nqy3wpibj
tkanu2vsjp
1uh76sipl2
kbmu18gorf
zm5gi8xu79
w3dx47fynt
rogzb6edvc
jrstn8km3b
ibey2wma43
p19s8eonr6
k3nvuqdatj
032ulqra6v
mc1oxd8q42
l4w1zojayu
hvf4jmol3n
zon8qgjaxi
gwzlfx2ma3
4nmri20asw
280sozgh4m
2vz5hgjn91
lqi40skj1b
i4wa580rh6
4oh2zygtlw
j9rz2ckqnb
zmdkjr493x
cdvo8qp1fu
xyosperdk6
6onjlqrtsu
g5ske9wn76
gx3uiw650q
6s74ujcegq
of8ih9lc4z
g6ojbrqiuy
xry64h8vns
vhu95dplf4
jh90z3ilcn
2tzayk0f6w
xytpfnjzld
j1foqnkzm4
9kawvci4t1
z7bnrahjvf
tym8a0jfwq
