104924
104991
104939
104913
104985
104917
104907
104931
104999
104998
104950
104977
104926
104963
104902
104936
104934
104982
104940
104965
104916
104954
104973
104925
104987
104908
104997
104911
104905
104923
104969
104900
104968
104995
104981
104984
104976
104914
104944
104927
104961
104994
104978
104996
104958
104980
104941
104915
104975
104972
104904
104949
104935
104962
104990
104983
104964
104901
104943
104921
104960
104993
104953
104938
104992
104933
104951
104989
104912
104974
104956
104903
104952
104946
104937
104909
104979
104967
104906
104922
104957
104970
104918
104948
104932
104919
104971
104920
104986
104947
104910
104959
104930
104945
104966
104942
104929
104988
104955
104928
