32038
37358
45328
56174
90095
94588
52018
79949
94405
41124
80461
97433
32183
24483
87078
10972
47916
66708
12171
85098
87737
83398
87347
90681
98413
45665
83493
27966
54601
10321
67316
67128
55438
97880
20289
79845
84699
43034
40844
62330
1612
90629
34873
17273
66597
54824
68042
16616
82717
10185
72838
76624
50900
33764
48823
32854
57701
36894
84990
60071
94508
84668
13953
52752
75901
37313
7872
2178
94447
61524
98027
61820
32891
37864
62159
50150
69742
10730
4396
21595
90784
77687
41188
64043
1969
85124
57380
84958
26564
20697
46383
59067
94378
32467
48495
76458
70669
10763
39672
95637
81933
55134
30345
69098
89811
89263
52738
26568
66545
73416
42312
81444
69928
80367
56432
94577
98015
78283
30516
53748
83879
44174
28785
97077
13327
72899
93112
80245
69190
44223
5869
64073
21327
20344
5477
71556
18939
30342
73141
98872
75559
14455
39849
73324
84357
59525
62202
1539
47590
4603
12053
64852
32034
91112
13010
31295
9425
60945
70201
987
66613
95548
79438
59758
28363
67421
87332
93117
75044
4271
53099
20220
25102
86107
46955
62704
73776
97277
52699
11261
80798
31862
39364
37393
92964
98122
97214
91212
68424
39939
3826
20639
74701
56084
65397
36808
69859
35759
72732
4233
37960
57573
95523
52755
43771
880
44043
15423
66923
31598
82282
29324
49813
90046
5549
94671
49580
83599
9802
20528
3237
25982
27861
90736
69572
37765
32151
8631
77272
30660
65014
55807
21224
77194
45664
66532
20444
24252
862
37497
86223
84277
14607
22184
12588
15833
98155
26537
4373
52692
92950
79907
42374
18493
15829
61898
91453
56863
37800
31383
30749
28603
87372
39188
34607
8818
11457
93228
98926
71033
63534
66044
78667
54932
15977
94016
86717
47544
85125
11643
10830
61090
6374
3434
18459
44207
39603
72854
72535
75281
59691
16282
19162
1323
43927
69353
69527
32103
22601
38236
85330
58216
52807
4772
67303
18489
51276
80797
32242
14478
48470
6167
83740
69067
61291
39657
92849
20380
21909
47329
43692
43886
11150
45309
50477
53635
24259
41847
84562
14184
56645
97802
76421
15587
5082
42782
33627
26404
59523
45958
83127
77037
53697
57012
47084
97905
38207
70652
98064
56075
68717
75126
42069
78080
14701
61257
85207
56088
11828
42128
93669
60011
76352
6893
48066
46314
21128
39455
3390
48343
82066
25754
91599
7297
84800
83862
88
24532
2904
95404
36737
15777
29416
16050
27672
35132
52791
63956
51995
80060
99162
77574
21851
81051
82803
97731
56442
3676
8320
67391
73189
14289
63612
51701
16521
98725
67869
98093
39210
61481
54991
57064
55473
91133
6473
63619
75173
77268
91850
18789
84572
71212
79117
13719
32598
69372
638
96758
91457
7907
86974
52773
27539
3384
32818
42412
88609
36973
76504
39301
12255
84881
14736
46573
90936
73558
19452
24905
23138
28947
1589
98277
9975
77357
23898
91515
70064
11560
52218
27910
48812
64973
92020
67154
30786
21540
62118
10435
5420
32741
14202
37729
35295
51423
21940
56587
3639
78461
49726
93090
48876
37785
65524
87129
96624
39227
51388
64159
4600
25638
53588
12660
26453
96293
72619
81937
82951
26122
81405
39592
81803
13759
74423
47318
95957
66976
57066
7902
57416
16437
16218
70826
24005
462
96499
42954
94513
94870
14737
66514
48103
13949
4724
38699
17595
15527
43901
93910
77844
29603
540
32752
73191
33100
85528
95987
58298
37271
18820
42240
32363
28985
11538
69231
86185
5418
60807
31103
22542
45573
68039
92529
47777
4787
54896
56876
60717
99453
43888
42176
42026
98952
63606
56333
3941
51854
34818
59206
68440
68930
89624
90044
66993
5548
97446
98367
46020
51129
71471
40264
69663
65818
47106
69680
45940
73621
68398
32963
14843
36044
87824
75989
75460
58351
89826
32833
5471
71438
25047
72404
35430
59939
21335
29660
84185
82392
98297
51134
73347
87864
46943
53535
47534
29554
53702
26628
81564
84353
96447
64497
5501
31120
65160
28042
38940
29641
1938
52513
47023
16379
50582
22331
30163
14430
99323
25261
32519
81088
23120
25172
33944
30797
24013
42751
53108
34308
1242
44664
86921
69150
1983
42408
13259
24251
85382
82202
11367
52275
47770
69060
20597
7520
39119
11572
73543
71642
74786
33013
40128
31583
51879
18209
56354
81880
29100
68354
19132
80757
19072
45073
26084
76950
87596
50435
62794
11938
7228
629
57983
31930
46241
89728
55365
95324
50298
10410
15516
24590
26094
70464
24694
98795
96065
61211
63640
23541
10534
7244
31170
64905
797
69376
21377
31838
25089
83565
66421
52209
21538
23833
17182
16427
59379
70385
8286
29991
69334
33739
97536
37532
21195
15385
25898
99491
57326
11505
45581
77867
9769
73010
12278
68044
11031
95198
2961
64455
40851
16143
60511
30557
68501
32112
70352
33610
52184
93935
19136
57917
71645
12385
95063
31234
68342
36538
30884
85768
6170
51481
6600
81647
96597
752
82181
14924
62467
54224
61616
53900
7172
86120
95144
71166
18758
10412
97641
63870
76231
92086
87187
71493
14551
39993
70685
82862
60138
84456
17197
6493
87252
25115
56238
88006
61062
24288
49816
92050
61233
52353
41326
68896
69881
51658
50001
11705
5834
61562
7517
10455
73045
11076
24963
7121
86653
29068
96459
92105
21087
67754
55865
54827
82361
76454
14303
31588
9002
32780
36793
66116
26809
49831
18727
99110
63342
56099
75530
33903
28726
12251
71928
99830
89111
83047
99848
89599
31224
6485
20046
31001
73793
81317
56481
19262
7246
34869
48091
24928
55775
86474
98423
34584
80071
56318
11512
25130
11760
84676
38574
27303
44154
31430
26371
25031
94935
9316
82872
76412
71638
10866
14763
78690
53710
49691
50129
58153
49768
1705
37333
52206
30134
11958
46945
53315
75299
80252
27272
15148
57732
5919
32555
76114
94304
55614
49434
90612
42501
34824
77382
92560
22717
67924
58524
43006
77926
33503
29680
46941
14823
64756
37288
62172
34553
58661
58753
13013
16236
52125
98721
97751
30071
90839
5154
64940
53068
45655
89794
87350
62104
7197
67832
26686
19428
26948
82927
53972
81251
57704
51369
28110
62820
53365
83216
76553
98405
19186
56067
4190
5119
71878
28083
20863
48236
93042
11298
59316
90490
21862
9380
44759
5135
35106
91514
9920
93359
10134
2111
15378
8576
42346
12705
6068
10219
97610
73623
40334
96186
63828
30320
36836
68087
19325
9642
25962
3887
96093
70357
14790
28874
32393
52865
12422
95558
16753
20391
41387
84381
707
89442
44531
90148
5990
21344
34234
40991
88200
86099
54758
13148
80634
26842
92830
12138
9102
9736
10414
23513
64445
40296
56787
7538
24912
96823
49425
3286
17874
67450
81493
44622
19674
35199
3373
55927
202
58829
74292
31204
6305
50418
7511
95040
73947
15754
18089
43510
17573
3829
5868
68637
50023
53136
91478
52359
13289
43100
76217
95116
23948
81888
2809
28966
99100
47037
31428
38637
23338
1542
41745
22410
24141
38994
53708
53773
62031
74310
52734
47606
13778
71524
77312
57585
31199
60950
3349
52937
94563
85498
67827
27339
45213
57779
86709
44343
63836
25563
53161
31664
82764
52852
55066
25942
59781
53440
60147
48210
10177
52725
71183
85223
25614
70867
80555
60150
58903
67894
48940
87962
50948
83731
63135
25236
99169
18692
58494
55081
25127
3070
16725
55651
37934
81574
65142
56307
23054
77388
78481
80146
36188
57097
84356
31849
17755
66269
30693
31211
82852
15495
79943
57206
50341
90996
53521
89245
71745
33056
4666
50160
95300
96994
1989
86706
344
16662
44724
46023
86546
56366
68598
97902
98802
22055
17531
88923
8193
9104
54373
30747
52884
72107
524
15210
21748
75837
19835
90424
4120
89535
9428
73974
5954
33465
93529
44507
33215
1208
30170
94640
96515
41505
30888
12342
6717
35914
43424
11073
47366
167
91950
3827
34031
68267
25633
47764
94788
82826
645
21137
32096
94450
15308
56879
59717
69438
47634
56940
81050
1143
18121
5245
91208
23497
67956
87478
16609
43857
14366
44526
90124
37505
55692
33367
82331
7617
63648
28015
59422
12561
4533
77936
22487
47433
5604
32299
97662
77191
30860
26454
27842
86380
40321
92241
17215
78530
42449
3001
16562
26442
15660
45283
24629
55705
41220
70496
60009
16532
43116
25544
50270
39311
35301
81159
71487
22066
49829
53759
59293
8794
17921
73098
41380
51140
67743
6482
83760
11908
23240
89401
44
98900
9618
54159
84376
94892
10609
48163
47655
83168
31089
939
78463
40612
79705
70966
97525
28857
52935
11513
58828
47013
22172
54361
57054
28916
55440
75976
1432
60202
17226
41419
94994
68260
38400
15963
13895
50622
69127
78961
18365
77164
17826
57195
9742
71925
64872
89126
48715
24472
65764
13713
90523
39475
13375
85342
34296
60892
80088
58782
74882
95839
26529
24628
33825
44204
66882
90706
26405
80701
37677
50416
17111
67795
71616
18039
74140
76781
15710
22095
77663
71503
90279
78888
31644
89277
98680
75753
89503
75912
87237
3150
91389
65198
65509
2405
59385
71531
28737
85112
59011
88697
5242
75582
40793
50113
97635
26108
61929
27736
55046
37458
88306
4984
52025
79585
24627
83962
92157
36319
48350
71786
37324
95601
60916
91939
5324
49552
70033
98665
77642
63108
30561
3510
64524
56727
69605
33949
38859
80587
72744
63557
14254
74940
85592
9132
61499
19432
95053
33567
38803
50479
91574
96960
80498
20857
42063
56880
15471
37861
27734
56960
61930
25407
21587
69362
18892
13406
38921
76026
37048
64708
59833
14312
86649
88356
80753
14923
43484
75594
14297
54402
83313
24976
17400
27075
71813
63465
7792
97701
54845
78815
84653
98921
23235
28187
62162
83975
74219
82883
30972
12642
9883
62347
76436
43218
46498
91988
51492
67082
18259
65893
7568
88127
85042
57132
94437
47769
96322
49874
67719
32761
55590
47287
29186
31719
20035
67883
94064
63368
57437
7543
79929
56258
16035
42532
69731
36777
94455
96365
7977
31563
78043
22904
47400
86461
69020
8141
63881
97898
96277
89429
8247
50699
55849
18461
50745
60444
83228
90845
98346
35477
24111
13584
55080
27677
90598
66492
73018
19772
54725
97476
7749
289
79817
33695
37140
77413
82110
63004
6624
33643
20262
80344
80562
99105
57457
70067
42137
67433
83360
79773
58224
30441
83796
57037
38040
98508
73542
32735
24132
37504
52916
65924
15379
16037
80467
29790
97058
29814
95042
58578
73173
52784
84859
2174
49846
477
39275
54002
32728
20897
10689
7630
12040
80322
11247
16848
25608
68438
71247
42111
35326
3945
67412
70641
19358
71762
15523
69062
61730
46342
74662
31581
44604
39990
51650
63221
89032
3303
38127
75884
37948
18535
40242
35072
49306
74936
40790
55575
92987
17725
47099
80421
36154
19576
70185
57972
75609
58441
71759
69418
36278
58009
42313
71240
42259
5838
31523
92738
7370
28531
70326
51883
81518
87083
67443
98149
93632
18090
85456
78510
77853
28529
80637
95270
36389
69032
53626
50626
4699
99672
27190
8372
78400
95382
93363
1528
217
11926
15376
66567
75358
27938
45996
7584
9864
43574
26765
37001
49535
36317
11655
64372
41476
75210
90394
93341
78450
16941
42483
92549
22675
87365
83229
69938
97789
27172
61084
63126
98651
4801
89407
91448
70675
84481
81380
10128
38903
82679
12498
93346
75674
32648
13709
80315
72824
36474
4878
80989
21892
694
86108
52563
45713
68580
1846
19291
50203
83252
53907
21089
5724
5426
51966
96533
92958
94242
61782
28545
83701
21539
75386
27388
37857
20557
33408
7219
94624
17153
27427
9471
893
85613
47594
9108
22987
48632
44594
91181
50614
34509
87843
18176
72989
94836
92517
45403
25581
45673
1412
32109
38010
38454
33271
44064
9777
86069
48766
29858
93640
22020
76274
29850
95673
63932
24491
99742
96159
50165
40733
34639
7168
59961
14085
9580
81783
90060
81310
53945
63407
24284
74968
92933
36097
41649
24053
23140
53125
70260
41731
32585
5132
9054
59991
94081
47761
80889
4180
55121
64550
78116
11695
14084
16287
84219
44383
57367
1634
42112
97556
1086
33008
32106
99708
84331
18523
36563
36413
64657
82275
50252
74866
67437
25070
21178
43963
77223
56112
30649
7399
87546
59674
37795
48289
39367
36561
64437
94586
33130
29048
45524
84262
49670
87280
85664
36476
78033
2414
27462
35969
4485
68830
45234
8802
8056
25857
67765
40410
20843
13145
37533
26965
58967
44135
52056
72372
82955
48396
61464
46113
38198
30429
44903
40608
96756
19803
52870
73493
44639
76419
69667
98068
59084
14457
39608
27413
33241
94203
58120
56446
76928
99893
79270
53593
72142
79855
47454
48573
45604
43827
26449
98132
69192
23416
35633
15108
56089
97891
42648
82844
18288
5115
65036
80422
69298
644
3082
87050
62502
94975
67370
60233
18725
63884
20448
75874
79043
17958
13686
19141
79316
87555
61664
54998
31539
3984
3796
44136
18681
6943
82730
55609
58076
78939
23327
45431
84564
11978
22135
53000
67489
86765
36619
48551
40433
93347
60051
72073
78610
90145
38989
61377
45411
68474
29101
24489
74437
87987
83457
92557
29019
14235
22794
59144
95457
45854
81065
51229
48512
54445
82946
5678
8545
41115
77996
77269
56559
90022
53927
65247
14039
83921
28626
94691
99988
21553
61505
42611
17207
56664
59925
86629
56743
94363
7722
69126
14952
67342
19873
86372
78841
21524
30933
7178
60814
91598
22826
6757
15346
53191
34383
20878
96961
76139
58038
59706
70134
40564
12190
79293
67618
64547
77791
82923
28004
97395
88488
38043
58568
13051
8210
33227
35064
61932
41737
78241
40550
32619
13574
35358
46074
28936
51393
12948
86877
2148
11123
56808
35648
72797
69446
11248
56098
87742
7094
29546
49808
69918
68154
87459
38617
67953
88605
21249
55525
22754
21289
72571
22768
72386
98652
73872
7126
22100
89849
66527
22103
96166
49475
3454
69671
58888
66239
84163
80297
73767
398
98713
55709
32120
62403
27444
31265
68819
78500
8682
86972
78973
98133
10977
7329
63067
38596
99494
52425
98720
5696
19057
14069
29581
8490
85317
49878
31379
99547
59995
6197
78424
52556
8744
13687
37755
14747
50866
22013
57860
79849
49884
43998
88342
70762
3328
93597
33580
93657
26397
75695
69796
98314
58229
86268
94336
3265
58565
32475
59123
33842
54419
10620
55203
21014
61556
8057
95215
9338
68824
99961
26554
88935
34907
3678
1683
13516
36140
49622
44652
65548
71987
69579
68025
17018
2223
29424
29870
16951
19217
36055
52139
79800
66413
55919
47336
9031
24729
3650
67582
75590
90953
17588
58188
79328
99945
29541
78688
50014
50940
83152
47786
9786
58149
85179
7319
28171
62818
45441
26437
1290
25999
31131
93690
77490
17557
80226
5270
12254
30421
1149
70186
93742
47101
52402
35121
80447
10446
1433
70680
95459
2567
88993
21453
48027
677
62616
4418
89285
13244
30194
97379
75896
15447
38273
84044
93791
48013
49021
38466
