7637
18677
14559
15630
12215
17588
17719
5465
10334
5628
10260
19427
16145
227
9318
18885
19310
9843
9799
17435
1749
1184
15588
18595
3108
5085
3679
7324
6917
15274
6021
9126
18961
3781
8224
11107
12718
15079
8919
831
14508
6863
9369
11850
14001
5657
2919
15637
11715
19887
413
310
19046
6924
17472
4572
17226
13331
14827
16791
16647
7278
1284
8883
16991
5203
15029
10788
12483
17010
17917
18140
13006
14150
967
3909
17626
5680
3213
12609
12222
5736
1732
847
8888
2554
16575
18593
16659
13535
2533
12359
2711
384
15118
19473
11321
5573
16729
4617
12804
7231
13598
12449
4627
5722
9384
12824
6712
1522
16064
154
309
71
2030
7309
10174
4158
5507
17539
4926
2651
11866
13717
12217
18900
19415
7212
11956
2216
10491
15986
4997
14790
3840
9443
4684
2262
7228
16923
18887
17968
16492
14228
12912
6205
14198
13000
7288
15953
11105
4354
17018
8418
12162
13521
16826
18854
13815
6724
5976
2566
14593
6550
244
2405
11452
9909
9356
8965
2080
7804
1523
6733
276
9068
17315
11266
15555
10592
6537
1045
4411
4993
2161
4939
4165
5844
14359
19536
10470
2114
4456
15424
19734
1826
30579
6647
11322
4829
19941
13774
6638
18012
7205
21505
6010
15116
15858
3818
14627
11957
28527
24206
28192
38945
5747
15573
7048
38321
9287
28487
4106
38803
14787
9041
15010
30158
8615
15456
15428
16979
598
2588
5557
1407
19638
31849
17604
17362
34729
2594
5847
11285
19906
585
26755
2050
29297
13648
38581
20853
1422
29700
39067
5129
3465
32640
6477
18682
4536
17208
5406
13293
13393
29858
723
2730
4342
16066
3223
39807
13254
8875
8010
338
9942
32529
10004
7050
17818
18855
7596
12617
18999
5150
25695
4556
30938
14958
18817
26258
13899
347
7708
17691
14066
571
34988
7640
38400
35184
17120
33788
5463
23755
5320
8178
18912
35143
11506
9303
12273
16629
14143
2596
19596
134
12260
217
10183
38526
14608
26293
10211
9509
9196
8696
588
19107
13577
11404
17886
32817
19546
8570
16891
12599
4773
15921
3662
14115
18176
5431
30274
39455
13199
10283
33041
20652
4796
12946
35131
14135
24913
36579
3250
38109
3664
18916
18033
34108
1141
19016
12596
3050
36704
15013
37276
9748
27155
38862
11311
11492
7314
13171
15924
1620
29459
13515
11924
2186
19154
3325
35897
17320
20777
19007
13508
8568
6190
4784
15034
18159
1007
1922
19354
15716
36836
7244
4700
4380
33636
8297
1389
5882
31869
24868
26931
38895
23679
4275
9308
30671
25016
11216
15162
36222
17252
5408
3933
36532
39725
2428
26786
13706
35127
6515
19782
2852
20185
22787
10310
8764
3144
15624
27780
10537
8016
22548
21538
1447
12445
34078
9012
15539
24040
2159
37395
17940
10063
32837
12336
4788
1530
13104
210
34824
17441
24166
36627
16755
8533
7430
19217
16803
820
14436
7978
17321
6092
31507
27164
34016
11671
12972
27749
9602
20188
7067
32027
10611
34784
5215
9554
12327
12735
17642
9342
39817
32051
498
18475
2714
5668
16394
35737
12998
32074
28639
1509
37321
5380
11134
8092
5698
33476
13935
2951
7394
13152
31024
18189
8452
24387
26908
22984
63
27503
25549
26644
37493
14253
11936
11274
17267
14267
24853
37394
16861
465
17804
18512
16890
16636
27842
10845
27863
35643
13475
27932
5559
6815
5114
36923
18517
18477
34402
17325
14775
36810
11204
16124
10732
10742
15349
36539
23596
17398
17645
17050
32788
15578
20186
34844
27070
38721
15401
8823
13551
17951
23186
10791
8459
11880
3134
19424
897
7684
5686
372
10045
7493
5449
17291
155
11060
8096
35732
10840
4764
15453
17586
22282
30388
23998
2983
15043
12245
29883
12521
13187
5838
8209
1764
6027
11958
7061
25369
20042
5669
6453
23758
7877
36166
35326
23731
6788
39003
9020
20889
1046
14286
1551
16760
4493
34836
24891
3524
32744
2938
35941
20248
7930
34013
34366
2204
6858
14570
13361
13694
23274
6362
30160
14357
33578
23891
3931
27042
10857
1362
10171
7742
18849
24989
38183
22326
3990
23244
22345
6404
1345
30105
3007
38982
15871
29814
7236
11118
22928
8173
30965
19733
29664
21081
28785
22618
20476
19687
7307
9340
34227
211
29097
103
15370
17686
1349
7162
37128
29626
4269
22556
4304
9596
17868
7843
9581
27199
19072
8153
29245
19757
24346
5179
28218
34212
25568
22911
26543
12513
29098
15693
5252
33794
1539
37697
4059
1458
39399
7752
4632
30613
14731
17613
19679
21263
31712
37205
23660
28673
27396
19363
4984
39260
17665
13859
486
12506
1582
10154
23876
32202
20203
35292
927
26839
7415
7266
10035
30530
14364
18294
15276
18156
27084
29554
17075
952
33267
30701
9791
652
11946
6095
9301
18610
27507
14981
12063
15771
13417
33768
13031
21422
29338
30891
35651
36090
23018
16073
18345
17564
23418
28684
29301
3518
11138
25148
29506
20223
15024
16775
4055
156
15313
14266
9392
21890
19927
25709
39304
12330
32787
8536
9513
14580
12730
2149
32292
38519
6467
2828
31
13210
1942
4135
2331
57804
10027
31672
18969
45847
30991
4999
30030
44752
26535
4559
10271
34171
46660
54332
13236
58238
41040
35364
1696
52282
42636
4043
1860
1688
37793
14335
51126
9746
17132
6360
32415
35022
48575
16052
45981
19155
19943
6268
28702
48492
36780
54367
38446
17544
52467
28011
8686
4615
55323
18441
49275
18983
7113
35832
369
6615
52544
18134
8193
58077
13163
22141
21197
10689
29600
2859
38217
18374
9072
17650
1457
14100
10654
18228
3089
30039
59604
9150
24149
37707
8119
40922
12744
50539
55755
14643
20797
59791
34819
1755
26190
28287
33849
11602
27336
16976
19994
26372
23866
18582
9230
18518
19671
42008
30012
24634
7692
22158
5691
18643
25127
6598
30037
32200
14864
14517
4235
36019
28860
966
3463
28132
3607
35429
10687
7093
36542
20474
29643
10958
5857
1115
27590
4747
1789
11387
14343
48445
17479
43252
53629
33796
56138
40064
3092
12509
13875
34494
17379
17662
24588
17308
5420
19776
14391
13911
28109
15478
55259
637
33197
6287
5102
24847
8918
32600
2619
24211
15185
25679
47047
4201
3328
50456
16669
30490
21562
56614
2196
35885
29958
39391
6458
31302
23063
30068
44241
19138
8575
47241
26705
58694
8490
19919
34336
52789
40415
35464
3109
21431
14265
2001
54511
3358
31014
55441
58596
24830
49996
26246
14352
29447
11412
27938
25165
14078
24045
4324
19065
3823
57823
8646
5884
26262
27082
55746
20484
59425
26010
23320
2690
26895
36013
30597
40263
13908
33912
51147
10809
56701
44831
19980
18051
14941
38558
48026
9465
10398
55401
30483
31084
57339
35494
29709
10531
18951
37924
21161
11744
37076
9353
31409
31720
26083
143
28854
26744
4719
9493
19192
48955
52615
19771
21646
51394
5410
31436
15631
21888
37295
24367
22480
1870
25129
53171
37724
37575
18138
11160
5183
30422
15788
20639
57234
18922
2833
44332
32021
3130
45415
40729
25701
47498
37237
19688
4321
24375
33514
21638
39785
24865
30369
21310
38814
33335
51890
2521
30788
23318
15474
47167
32781
53787
45576
29740
23802
9811
24192
12876
15170
25034
8736
3102
7730
42653
58254
3447
44065
29825
9637
25610
60
19603
35012
3073
20070
16417
45890
30941
11486
35699
53190
1246
13124
30312
3177
3655
36286
8591
52631
7004
8527
3491
31293
30439
36807
1741
31443
17788
5229
390
21496
11659
35761
15639
14247
32134
57816
26777
16204
26260
8353
33230
13829
27322
39484
20890
36585
31746
38040
43774
941
45892
14427
51421
57978
59038
15872
32826
12102
21256
26773
45820
17983
57524
38288
34542
10744
1887
37815
5088
34216
48540
26785
42934
57686
28699
11599
6340
9990
35886
730
53758
38913
17236
19237
32515
8892
28499
5964
55769
14988
7848
41210
48766
8626
30060
23859
36877
55488
21403
2472
37765
38390
18414
32984
38131
11588
39221
33515
176
27046
2303
49404
8458
55985
48481
8486
15404
17699
34458
39238
6711
2900
3575
38182
33058
31774
10950
20107
30172
20322
1920
41086
9067
36371
26787
58913
10088
5721
52156
2433
7105
16187
17938
26848
13576
30656
51611
59734
57206
16753
33309
28029
16140
16067
36865
49544
18745
353
38806
17762
51807
17306
14557
7636
24676
22220
13097
12961
39660
49840
22199
6900
7010
51161
41107
24540
8393
47031
30441
10233
27727
11475
25580
4505
19628
4758
5
16426
4420
18003
32854
33076
3053
29280
48825
58772
58713
12470
34969
5865
28596
43946
28053
19964
5382
7585
25108
1627
59852
18851
34799
26096
55918
7272
51979
17518
24400
25438
52764
40759
38755
22621
2652
44689
11411
2650
37618
41076
51050
14850
48762
23856
42981
8784
38691
54126
34903
49097
36114
17698
8463
55761
37334
35334
33918
34467
36097
30283
54344
17530
37137
32617
1868
41534
3843
3868
1381
43410
54954
42367
3218
10661
13248
20011
28297
39517
33853
24818
35033
8850
7985
46977
21339
36625
9176
17358
5460
35231
41515
28107
17800
16680
5492
25586
12025
12242
30821
5308
31718
26454
2411
14945
5868
12120
13689
29434
52154
7562
19992
22827
17224
8975
16296
33121
33208
1446
35102
6704
37978
12452
29622
23712
834
55196
29525
26477
38688
26105
13401
6085
9277
14893
4217
4782
30616
58181
11919
52518
46389
4137
33614
53358
9825
6636
35870
3917
25603
31276
56247
33492
27853
31072
9965
1004
7141
21762
26595
45425
9792
45056
6312
28093
14184
9378
40261
35172
19498
54368
58160
21055
3666
28553
9600
8345
24566
4038
22132
17273
39425
55300
11156
228
38287
7358
7460
9343
16992
26933
21791
7555
8956
4462
9969
8210
26109
19315
55780
58013
11558
16378
13980
59369
10153
48418
1572
22894
20873
1687
9706
38189
18165
23794
15772
37450
14129
39372
10555
42593
8754
16949
30127
49591
20606
2450
39178
5665
20647
29335
22617
2532
13079
15049
21340
4223
949
39059
24559
36151
15004
53950
19681
4803
48377
3813
35940
19928
7881
10670
58339
9798
27711
8734
31389
6747
27080
23078
28261
