63795
143244
57128
91878
94989
119961
112737
70001
55081
71399
10015
115426
129523
36840
82332
83380
34265
2062
96689
5008
80501
131025
14195
148682
94737
131830
6160
49492
73283
141549
40324
96887
8068
95870
25436
101206
126815
149611
28707
15224
122662
67364
43842
51104
93915
139270
55549
120906
15057
132487
55548
3326
61043
119286
50258
139539
52278
34942
77846
35169
128713
127781
70771
107692
140408
83637
107743
55936
92562
78009
42470
14908
129260
14722
55577
17770
86489
29196
58928
121354
21847
130137
79383
61507
92206
97572
82416
91970
108195
11968
44136
37620
105399
104738
66913
78785
12415
146659
52274
72542
115894
127028
125888
112062
126102
79988
97644
22987
121065
122367
101759
62357
83925
24901
82478
107654
142604
1644
58913
32368
25966
84908
137549
110126
2108
134948
26908
96514
105515
59394
42343
8594
103220
83539
110624
40136
20977
148069
99777
53146
21464
134474
130629
145903
132458
5691
131812
108434
27753
1423
102423
4796
125082
2774
118961
116014
125388
118828
33515
135033
120346
12442
85655
130182
6029
73407
20586
136482
9789
49093
63950
97789
53610
85055
126079
101204
43694
33729
73999
103021
66764
103240
132755
104227
74371
81149
30510
38810
68284
55684
31792
147154
47491
122665
132496
99647
91406
29960
108254
58092
127275
15641
10755
30154
61462
106291
13373
43725
37055
136426
95483
140613
99603
28766
128754
50174
50879
121267
29212
63368
140453
27957
7192
142226
147823
50420
13767
84425
143622
92068
16089
61384
96356
49388
16862
9738
49249
14621
3252
140983
76242
75906
13688
18474
126691
55227
103688
16782
143486
20538
117062
1940
130783
13499
25175
139384
38584
4703
9227
46653
40145
60672
109079
33022
78309
42578
65252
59938
43371
7437
109819
113908
52924
3755
145014
59167
148772
6737
17301
5522
80063
19110
43640
86762
105325
137762
71529
137783
11947
87227
97344
103798
126574
100109
86074
124947
16793
1479
131973
110316
16277
130623
94700
66353
116574
122902
124951
128022
1182
21426
97785
98466
111143
92969
87124
59294
46733
81166
40315
17279
32231
72812
50923
76597
106514
108018
100996
56102
140717
63824
135084
42766
69598
99899
55818
75987
132914
115261
51294
148352
142341
49892
104369
89419
58072
17320
3844
111424
139819
81753
4021
114688
75619
108000
56430
19034
112213
65232
81406
32421
307
100005
144312
44448
16574
127223
99107
47666
98853
50277
2174
108795
78801
64768
102788
93395
66003
113703
53178
36961
46089
140572
129302
45425
124973
110456
26539
86511
36630
111451
58944
107671
33965
52062
65749
99551
148837
194
71293
128290
92700
99288
139532
89898
119377
47842
114825
100321
63155
46917
20461
103386
76020
35027
47722
81497
17747
128207
53016
113017
125283
70197
107340
100931
89477
84017
78866
18143
1192
60493
4451
33342
137845
103585
52024
32344
77049
14921
45502
110464
147445
149694
32452
47194
106374
110305
3891
119850
26291
21796
51333
84797
51804
136421
15779
89589
140458
145453
127017
106232
53502
32822
60904
87547
20166
93607
73712
15871
1480
21205
101669
76164
29458
68113
15468
49178
63793
115454
3525
105731
95388
111422
52129
54061
86244
107875
18587
118664
79128
24967
133382
28482
77839
26941
1533
29121
51811
12369
64904
87615
67961
95752
67507
52717
13751
36770
138231
99053
125060
25640
61885
98039
22778
136481
18212
129809
143878
56885
81541
102679
41969
110858
99270
43141
138014
91731
62801
126485
94652
63076
59998
121885
82254
8568
99309
130636
6189
32125
81889
131318
105203
38476
44485
121550
28756
147229
1380
72873
144716
97902
137586
111888
128043
86646
116579
46246
57940
32925
20410
10140
142884
75974
18943
111739
4514
74161
48752
82569
142444
19811
98303
101338
70709
50813
81756
80155
116291
182
47510
39949
43778
128585
63348
136513
72511
33420
114095
81477
128286
49422
107080
126706
40123
47479
57057
11983
141318
57924
139355
17659
59366
83430
103171
54448
125763
53855
7569
77198
64769
30820
19985
34472
131880
136218
54696
103520
105754
23162
3392
42229
32693
140891
71781
7529
79685
67373
92582
79697
81923
116539
15769
63387
79096
128827
29379
8150
141813
7083
51419
126688
55051
70434
3166
80133
110964
25975
127515
7349
108680
139362
1551
65991
98158
142469
22130
86301
111453
20380
51324
67462
67319
69732
32815
61818
28722
98828
28294
41823
117272
120854
119369
30555
86624
32499
81499
124177
65216
72480
62666
128075
72570
19297
137069
127046
96398
2049
9893
52028
6696
96757
105683
113605
131843
124123
114573
133835
17557
10205
83425
51940
37422
128832
127310
11219
6846
71888
16711
76261
123529
27683
27350
44122
43867
148397
81359
138978
128582
83415
127713
136905
140994
99295
115278
111919
65911
30290
14633
60269
121318
17758
66071
11676
603
51742
15494
143451
55308
91528
94491
44768
34917
13300
78074
46588
135588
31310
144431
3798
47694
19463
121107
56957
36478
67281
83621
89072
78174
113919
62280
107231
7705
29664
114988
52033
77435
97965
55424
87505
114064
61379
52997
121367
45353
20497
12283
94047
60158
27469
72671
74637
122915
60479
116084
56812
120050
76653
117505
123486
51347
121647
133032
76861
11038
27954
10771
82284
24388
38235
140063
31490
110446
141468
71794
78562
99937
84881
39728
109710
122702
15850
14454
127842
28494
142008
53000
26965
5258
563
50578
74054
70288
111570
19749
17631
28628
134347
70458
136987
46828
131680
18061
125363
38001
43440
111046
38504
34490
97555
133001
65884
90223
20774
48701
110328
5401
75631
34455
8449
41456
103937
96723
139579
48328
76887
119834
38364
76625
59008
45690
21520
82078
63534
714
87935
121352
143881
138411
13091
131916
140642
139352
29627
14098
149435
42820
52308
35227
93953
98679
31227
29706
136492
4454
103217
135211
99522
123124
113727
33599
49151
61086
22653
9476
36674
6513
76515
107586
28183
92233
109108
128901
123984
12559
78169
104466
79576
48264
43820
35280
66605
9136
92381
52822
38216
96055
54556
144358
100295
91626
132923
30002
41179
34028
48387
145693
73987
75438
75661
56560
40881
104267
76961
47269
136476
135703
4034
49687
107868
123521
86940
29644
144218
83530
110343
5147
91982
33197
104923
81316
112362
108248
108341
137719
110539
126504
93990
25555
9564
79964
3151
29225
22912
137752
22826
62605
130655
114523
135350
61553
127884
139625
41336
140136
21984
73079
98
85873
35435
140857
55487
79285
28734
49048
70845
53746
92223
135468
138919
143736
149516
106853
66701
15817
85220
3216
8138
101779
65003
65320
58561
49431
145148
51507
146508
14969
4331
18935
46407
56949
122647
38019
40911
47472
147109
142358
87653
46353
77606
65421
93324
97040
107998
111136
148203
125562
111786
9608
148334
20403
18017
86617
11974
127092
32521
47519
17157
51849
69326
36325
62797
49603
125997
28871
89541
20306
96318
67220
25553
52446
135751
19406
8738
50759
31825
2181
45959
7949
7958
39074
86146
90012
110722
54326
137465
145856
28536
43667
123322
47008
59441
94132
35157
36581
43736
58455
95648
88521
148610
84788
138841
126569
101474
120019
149038
138076
28785
37782
118445
10828
14622
93649
57427
148100
130089
11563
7782
2128
93288
21965
34249
30929
58888
22116
33040
23506
80554
68688
1996
73680
129467
86237
78480
25065
129207
14442
132807
61377
71543
16040
24748
15502
49634
21007
120859
65608
126117
57600
99912
110185
117722
140777
122866
113394
31719
32234
26471
113480
131255
50099
76249
123439
9265
125372
36645
40486
139373
5040
62321
26866
85042
122968
116354
124065
54912
87691
11315
130054
27296
112381
87525
91644
