322C207K
0K8F3DHP
MDQGAV32
MMLTX20I
2GDSDXG2
4LX2SZGV
2X5T54RY
JZE4GEUQ
4PBNV98T
JQ9Z12J1
V4MLBANR
5LI0IVZ6
VQWOSJS5
IO7AY4UJ
19RIZERU
TZ3XJTKG
CUM96TW5
6W8SBSK9
4Z70EMFI
ZEODF3SI
VLSFW9MX
O6KBB4AY
GTVTGV5O
4QRKTPCU
KERMQ4AS
GYV91VJE
OXY97031
PUMDG6PS
OI4NSJF3
M3TAYBEU
8R6S6U04
YHK1PUTO
03S4ATAD
YRSWCEW3
OP68QOJZ
THD3GHFI
GI0879E1
QEKVQ0P3
0I1FXHC2
CFJGR8UK
K3KL7NK4
UBIOTCJY
Z505YOQE
WMC2X8H4
6BYUH4B6
X6ASFOUE
AZXATQUO
E8XMYGX0
MVZC7U62
ZZ49BAC0
AYF99M53
ZPXH3PR3
ESE7UP03
NWECI50I
ANI2LSVM
5LGR1SYD
W1ZRZ840
NGQ1DE16
90SJNUY2
D1PK4085
TCWOBRU0
HNRVLNNL
2QPF3QTB
NZ9EJBWL
4AD40TTI
X5AZC8GQ
2S9ZE0WY
RPTV8LCJ
R8P40JNB
SW6DJ9HM
4AI09MBV
3AT6YZ59
FEH4DXU5
UT83CMP5
CBX5Q9T8
HVW9EB37
4C13DET3
A9WS8LKE
L2GL43KL
XQPQW8N0
W0N41W1I
4TOY54LK
7JUYAMTW
7QATMNA3
ILVTE83N
00KY4A0M
QVA9KY4B
WGXP48RN
OFECFCKZ
YPS4VLD4
86J821FU
KEHDJ33A
LX97RVIN
P66CXZVP
B37HCEF9
LL51MVQV
SCUQ9Y6F
GIIECUJ7
5B5KAK3N
AXJW4KXT
ANLFQLNV
39OQGUFI
II7U6XCV
YOA0VUI1
1TBH2IA2
TGEFY2B5
UOW7VGXR
8AAB58Z4
18CUUFET
VMRKPIF1
0M6R0415
F647D286
4GSYZYTS
TFKX1N4C
7O8OS2TS
NUIZ98JE
MRR6HJMH
B1UCYWMG
BX56ZTVU
9Q2RG0IX
PF3HDC59
CA4J1G3M
S6177P2D
KLYBMMN5
VO449DSQ
CHTKN6JW
M5GH60RU
CTH5ESG2
AU7GS3B9
IDQA2GL5
PTD0HRUQ
CLCWDF7V
GRAB
WRKATVS1
9NMKMQHI
OHWB3C0Q
JZ5N9RDJ
TIE
GG9D17J7
7RFOBW8Y
FQUZ09N4
GONNA
QNQO4SDZ
HOYIC04A
E4VCHNAK
EJTO98VH
IMFJ1QBZ
R6HA4WD9
5L4CAAWH
G3DIGBTO
WDDFY7AQ
14HKB8BG
ITF5I2WM
6LW89SGO
0U53ITFN
SL8IVXBF
0Y0QGIK0
3QT9K9ST
VJX8GMV0
Z900T4XH
L42ANN70
KNWH9DT7
8OYUEQK9
2SF3ZPOK
ACEK2WO3
00W0NRR6
4U0NCYKI
G6V6UGM7
Z5I8TDO2
26TYSM14
QHQ96U61
EEKK4NXJ
JMX9MKEB
R9C6YIBA
C24UBX6M
JT4SQ5ZX
35L6XIKY
JYE4DQK3
4LUKJ9FE
GP6JB3NI
N2N3D5FB
DPXDFAE6
AUEHM54K
4KIDT2YK
8CFVQJD3
UKK7CR9Y
ELYJRGX5
5BPUVPM0
0RPGT5DW
1KU600Q5
WATBXWWO
VTMQ35SO
BF97720E
CCOUTUTY
UJTVBLI0
C6DZLXYJ
ZRH8YRGS
IVSM8IWK
L6PYARPK
Q5FO940J
TYU5CRSX
RU8R3HB5
IEQQSN6K
6QWGSLKV
B1HLNV0L
61AHQB2S
H2RIPF6J
QZHSDAIY
3TH3YKS9
KQ5XPM76
DFK03G85
9ZLDM7X5
EM27QENC
3V94SRML
99CA2JX3
9Z9HELLX
UUYH1G3C
924WKXYW
M01NZMDB
T0GPALL1
I5MDJCX8
T1OVHBRY
KNP1LH2M
TYCI4VR0
6PE4OD0T
2LHF1UAH
LZ9LFUZH
2LAENN5U
PWIMIL1I
RH8R17G7
U5WORVJ5
FLT87ICC
HQKGPC9M
DFF0LFB1
ZL75VO5Z
AP8YRHI3
WDQF6HHR
E5H0GPRD
2WP3TKBI
7QU1I1D9
Q1ZS9EUY
H6A6WAWV
4F3D5K9J
CF1F10DX
T4OY4EXS
0P8AE6QB
6UCXKW4T
AQW2ITS4
S2SSNMXI
HDGUVGFM
YPGZOKGH
SEYEWQ7O
8DSAGGEH
7XOOW6IS
0BHM12GS
7M65WDLO
DJE9OJTL
44G23R2M
4Q838HL0
SZFHIA3H
4DTI8A4A
N93A7F2D
M75L4YS3
LHB2R0MO
6MD7IV1N
Z2CS9O7I
P69U9EJE
ISTQAGSV
3OXHN7JY
D35Z9GR5
AIXPFE67
9L2I4M65
6MI2TQES
KS9VWMMD
8G6BD1WN
12DOU848
AECB89KR
WB87KMNM
X9NFCVH5
CKCFBGK5
E10R2T1K
PSSMNAIZ
TUT09CX9
EJ5WCGVL
QBIEQ2WB
5DDFK3NG
1WIDV2JK
L52JL6DR
R344L1U1
8CWVSZ9C
6M9YW1V3
F2UXLBEU
4NR7O64Y
EBLNBU0G
UGS6XL70
3APPCAG8
WBHB8Y22
JJRRQCM2
6Y2IXYKE
O4KRUJCT
VZY5XQ9S
VFAJZS1J
DPW48TLB
WOG6A0M3
V0D2KONQ
1JCVLB7I
R5EPIA25
L53BKM8T
8LMP9K0E
P19HUEP4
P3R5DUHO
J70C4A7M
6NVE6WIW
A6THIXM2
Y4TE2C5Z
B5PYPJXC
WDNZKZPM
8ROF73CC
YDR4KCUD
7RYLYS4N
GBGZKQXB
91IAI904
RWV2R53C
FW26FZIK
42537A2R
24ZMISSQ
MT0ZM5K8
CHESLCTB
BGUP8DL4
73ASYL9T
XUHVTMZ2
G31W4G8D
FRIENDS
ABIB5RJS
RNDSJBGW
FD8M1FU1
9D0DASU8
9DPEUNFQ
PGI7AUWK
XNW4MHER
LDAJ8AEY
OVHHQZFA
CV73H61W
0R9OTP2S
OP91QUK2
3OAHDREL
CW6ZXFUP
4CIBV1A3
55HCN5X6
8SZZC0PK
GF2IFC50
512WO590
2GWPG3AA
WJO3AN86
0XKI2X6P
7EMMNE59
08CV9L7J
WMAV27BC
QWMONEH8
Q4WRJGBJ
LHGKKSRS
CETPV6JZ
6HUGHQ3Z
457H9PWU
LHY177LJ
GTHJN02D
PGH2SIOU
197B7DNR
09Z2B042
CQKXDE1L
BUII9AMA
L2F4V5JO
LH3HAF7B
CGAHOM16
ZFPE3G8B
58T72RIZ
173HJZU4
FDGGJPYP
3CEGSND2
Y54QRL14
VRLFGM1D
63LBPI6Z
WRKJMA30
6X5YAPKV
QEMRT66L
22O5SDRA
H8UUBG96
98YJ2CMH
40TIWLY3
HVEUAQPD
AKNLNDRX
LRM7UTL0
Z2YNRAN3
8KQCZFAJ
32MUS3Q4
4P8GPQBM
80WRGC4V
1VVWEQ5B
W0R67VYC
JP4UXAK1
JO67BFWS
OMYRLP4I
BLANK
DGV3HFX2
H56OTS8E
571HR7JO
K2NGCBE9
TKRJJRAB
0285EKLC
OKAIBK5K
1XJKVL4X
N9KDKQW9
3AYD950L
J8FRMJER
GEQMCFPN
YS50ZSNL
1QJNBSQC
QY1W6I5X
RB5OW5MJ
AOLSXM3E
A1DV6B9I
AXUE41JZ
T20JAPCA
BOJ7LBDF
GNSUK5QA
N97FJ2GB
NHQXW4XO
8TFJQ9T3
0BIM1XD0
2KCVAVJ1
5HRG4PBS
CVBUE5M8
FDKZ9THU
KI7LJ4OJ
6CQCIBA5
E9NW6AZ2
PF0CMW2N
LLWVKDVA
3Z2DVWX5
PHO6QX7M
WEMOGCAB
GONPKQFD
PB1FU8ZJ
MGXNWFLZ
HD3BS7BA
TP8M8DYI
9P4PQ7D1
YXX0NQRL
RW1Y5SHA
81IGBNSC
FP9MKWJG
DE6LWIVM
LEO5UHAM
U19FJADJ
3FLL7JQM
DVSQI6X8
HE7ZLFV5
XV5WH5NP
V24FHBNV
0XSPT856
QBJORGGM
JUWVWG4E
4OJKNVT7
KCSMCIUQ
2K0BY2QH
O3Y65GWC
ENDJCYSY
ACIOSF4Q
9CIUH2XL
5PMEYE8C
1NRW37Q9
UKXV1GTM
PJE72CZU
C6Y87KX1
TVS1PIYH
JP673FBO
XCSD9ZZP
WQ8W6S78
YX2LEBIF
I7XXKNIH
HEVSRCBG
7FJNE4HF
EEL43VQJ
2CYA4QM8
V9L0EKEM
64TUX2Y3
B6HJTESP
5ZR1GNB4
HHKY9SBA
S8VZHKY7
57Z0RV9B
PXCJC3VC
R9CHNIYR
G8694M4I
SQG7R2FV
ETKCGPRY
3CGDZUU4
FWRCC4ZU
AXIVPF7O
IBJM91UH
4DNOBXUL
I1GITTYL
13D9GNHW
THQZYOMS
36048TN5
1NONCRZU
DO3PTT6K
XAWLCCOQ
VLAV4C8S
9126E48T
82I3LC9R
MF6JC6YK
OYDY7URT
AP3V4FY2
YAHUHPIR
79BDFVTS
G4INRC56
28RWU84B
UXHABM1N
COZYKMZ2
K4U54RFC
Y6VCRT95
96I1YXXT
OXD4I869
NAE05EY0
0N3OA19X
8Q9TDZBI
KRCOMZRH
6B11YSDH
5VYL01T7
ILU0APH6
CPHEWA6H
RU9WAW61
K5DBR6S9
NVRIPSZU
IZHX88IL
2FB8VAIL
5ZIAKTSJ
JCQH8JWH
9TNZLSMI
R4O8GL7O
6ZZ26YJF
AZKKREDV
IK9HS6CB
G8TQ066A
XBPC9J9V
ZV43JHZM
ZGLGN1W7
84RG3MXW
PQ59HH6B
TXWL9ZYD
JBF2P9UJ
SITHR1KV
OUK2VD62
YDOP3BD0
H0RNQ5C1
MAGIC
X00FQBRG
YWIXIRIS
OS51Y5WN
WGV7G2KK
NOM9KNYK
I4KDMIK7
MLWKQ7EV
DL10KN1Y
CAN
92VNCQZ4
ZVL8D3NV
CNKIRN7B
47Z8P0V3
AFNJNXSQ
WESWNSLF
HLHS7PBY
DVB3CQDN
PDPBR0SC
ONX0ID33
JQZH3Q3P
XX1QLJVG
TCDKN8JO
89AFO5CU
WVNMS1V1
58OC8ZWS
G6GH4GOI
YOQJSRWF
0WGIN6NG
5RUOT145
POZNHPVJ
OOH4HTN5
IJRT83KB
682JMV99
KCBJUBCB
SM8A2RZF
2FR8WP66
33N6WF1Y
TPO2J1B1
P5VWJR51
UJUXPNEE
1KG8VEJV
II8WZ02P
A7XEPYFX
1QUKRHAW
FZ3BHSD5
U3DYHGY1
DRRHS3MF
2SV3KHQP
AT7YHKF1
QBABZF8L
ZOM4WPOS
QGLLT68M
63VBFYE3
IY37O46U
XOG5KVW1
9D6YZP4T
LT9BZGCP
R0C9VXPO
NY96DJUK
9M1X62RP
6HQ6Y32C
PZU94MKA
MZODRVAH
49O3JSUU
ARPT3JHT
ANB7KYCY
FLXFDRH0
9KR43T0G
BJKL9UQU
JK766RWK
295G6QZW
351DV21T
TPEIMVRU
523HE1SS
LL4Z8N65
YWXDMX8L
N8PCKC0Q
G9JFCRG3
QQR9J6YG
PDSSMPN7
684Y07E3
CTKKGRXP
LEUCVF9S
XMDISCXF
QXO5VJCR
D3I92TNN
IY8TA2U4
5ORUCBU7
2OB9T73Y
UXWU7S1A
CHGJB3M9
D9EAZ3Z3
9FKP2SRT
VUUA97J6
RZLTOCYT
U65JJHWQ
KBDB2IZ8
7PPUII3S
50TR6EZC
EJFIPXAJ
IJI0RSTU
W6R0I4IJ
ZGG814CN
55GB0FSB
0CF3P8RC
LK8WWP16
3O9C87PW
09AK05NN
ROL4EHOO
VMCEVTHQ
PQWTSUK7
FMCF2JN7
9Z5K1KGR
HCO7ITOD
P0W6UMXF
VRITV9YI
8SWYLKZV
48RI0ATH
WAJT621E
45W39PIR
NIKFXGUL
OESGL2SN
DUF8X2ZD
ZPFQ61SY
RS04ATSS
NZ6AX3Y8
QT1R2T8I
UA6WY2KX
UIUH53ZA
GL0VVM23
NJCAHD35
WV82FGIV
ETYWXIGM
VO78AWUR
X2UD84HB
EB6SRL7E
JM8OFT8Z
UAQLYBVV
WUPNBBXJ
1I7DDG48
B4P6GC0R
PV9INEZF
U88I61I0
GBDJ8GTD
PBK39TJJ
KSR70JMR
0ZH5O91L
6PSIMVLR
YZ0TFFF1
61MXAW1P
39P9LQSL
F2W3E3BW
UUELQ6A2
975BJZ8B
13FXF5S5
GLRWH7Z5
B3GQ69Z2
6MT7EVMI
FJJMLOZ3
6RBDOZYJ
O7U2OXRC
HEX8U9PU
4G4G1FSS
CNTMPU66
95VXS8QM
VCQZM9V6
5686WM6V
4UQ9L2UB
L9G3MMIW
JY0502AL
3C0SWAG9
UEHXCRNB
IYL9IXHP
TE0130ZV
91USX0TT
TEVO87YL
Q5V4IO3F
P5T40C0Q
TB60R987
VT1FKMA3
7VQENHSV
Z7AA6YZQ
HOZQFCQ8
J5RGV1WC
J1UHE3H5
IQR93MMP
ZD2KMZZP
FZ602016
82XUSGD2
6FX9A2XC
MA62J4Q5
A8S8XYY6
5621Y55A
OEDQDFNG
2W31BO0J
ST4JB8OV
COVKG4FN
V0ZSGSPM
K96VZLW2
6IH42XIF
NTX8T13K
DUUCZ6OJ
7ZRTOQIR
A05CSAR8
V1IO0V92
XQ87TGLD
G737UWVG
PPI104WJ
0WXY07EV
NAA38X64
54JFKXBB
WRNBEY8Q
KBOYJN3M
ZQ139LF0
IB23XI3X
70LIZEB3
RYR1X71F
75UUVVFW
5EEP0GW4
7QBD8EC9
YXO5QDJB
TF8KS3JM
Z9CDVAWA
OUHHAVYC
TVU1U9FR
J9DOEL3Q
UB5B6IL2
OGPVC8GF
IDOHQXGR
3SGGG0CQ
B7984FLY
1DW2AWUH
NSW6DRB6
4E1DIKZT
6OF2AXVX
M0LSALXG
CN2F09IU
GIYEUHWG
2CV7QQBS
411A9G20
E8GZNSIY
BKXOT482
9F6W2OMY
EIYILBXR
FIEV7MPC
1C2HE45D
V0MLXHCD
RUZSKP99
Z74HH1TR
5IRDQGOE
PI4XNXRX
TZPOFGLO
RJKTVOZL
YS59Z2SX
UUCCJ0X7
LI2S3OK6
9AX4BDOE
L3EG8SSX
R4TZCC2Q
8JC2RPGB
YBK5W5EP
HSGEKGXV
Q8W8ZKRO
LVE2HRMC
DU5G3MAB
EHXSB8HU
NFKUNLOK
QF18ZAIV
JRDYQO87
YV8EF7MR
0JOFIYX2
NI4Y016N
I1HCUSV8
ZA0QXNJF
CRCRFXGE
1YVEFEYI
DED3Y8DG
SMZ6QQUK
TCKISMK3
SZKBZL0C
448JZJDQ
MHZKB3KY
KC027S2L
FF347XF2
C1UA8CJ3
13KSK7L0
9DZ5PY28
H4F2QFEJ
6WAEJ1GY
WQNNHPC6
QJU3PZH0
NJB999PH
CQR5G0OM
35LKW52L
SEEMS
XUFETZEU
UFN8DKAJ
BR18AKUA
RF0VX85M
V86NROXA
SZAKNDTW
NOQ3KKBE
8Y03GWML
XBFBF7U1
RTIULWSG
C41FZI03
3RP4Q6VL
8GQD9IVJ
9ALJJAWK
Y9SAVJG0
6Z8I9NIV
SKNA4INR
G414HGYR
UW6UMCCW
V4L5176B
IA8KG3BG
GEWFUX24
MZN8EVQO
EUK0K84S
LIFVXPFB
AZVVW09V
ISGRMNPH
LPNIPPXY
4DN4BOE3
EKF66VHO
FBNWMCRX
Y6ROT1WZ
SLSPS7O5
1GLQNT2R
ETSIV46H
UWEB2AWC
FKBDX1MZ
3K5CIWM0
EOA7VC8V
8AE9UJDC
NV4T4P82
H7LPN6NN
MDZ6UEAO
UG409FR6
G5DL35IB
6UWTX19H
8LO1S9S6
R5EDDF9S
IKK0XJTD
1YMAGIZI
JIN1MLK8
T29ORQS6
5FA4G26K
B4853OZM
DUFMP0W5
UKGS804V
IG10XFQE
AFESG7NH
FM3FZZWD
SQXX9VJW
HCGUO1IL
SR36AMV1
G6WI26OY
EJ4E27FG
SIN
R2B53FD9
W1AO1TXC
40335AZ7
6PHJ87IF
EPY567L8
TTXZ3K23
UESQGJ2O
J79OQW29
D8G91TMN
NSMITRDN
5T4ROJ8A
ZGU1OY9Z
IX4U20QP
DI0NW8NW
WQ6K154S
XYW98HWE
5L87R1JR
MU81JKLP
2J646RAJ
X98M72T4
ONDPG660
DCX2T0SJ
KFZD9K8W
5DT5JRTR
VUD79DCB
NWUZ70ME
LXWAEAKC
9SDMPBBX
3BVLYYFM
ASZ0VCMO
0ZH8SC6K
MSEHC4LL
E3UUWYBG
FMO1R6L8
L3W5QOEL
U8ZF0HLK
IH6M8MSU
UL713PHI
7NZVS1KE
EQKWIYHP
LXFMFNLI
2MGQ119I
B3JWN9LM
ELO2MEVJ
U5UDCWIP
3O9A1W4L
ICLQ980G
VVYSCSPW
RJWL2NGJ
L2MZAZZA
B6H1XOEK
K7O9OVK8
QUEEN
IRCYEZV0
S3Z99QXZ
H69JO979
0LDQ13A2
0W5C2EIB
CX2FKEWN
MZQQF74J
TXWA0DQ3
O9GONHLS
XETM3I22
07H6U08G
QQ2CWTBX
F0EEUH5F
TBDER7GH
9LKIL8EV
0CHLDTK1
KAIP8H83
C444IHQP
B3753BVT
V7HLWJT6
MBF7OGNN
Z8C95O9D
NLCG9KJH
99KQ0149
Q5ENP1I5
FJT0RA2R
HEFJFM3L
T1D6G3HQ
EUNF8EJH
VOVJIAA2
AHDSBJ2J
C8Z2XJM8
RSFISCI7
7VIQ4A4Y
46PEY440
L3QW5AHA
FMCJHUGI
3BUS9ZX7
XIWDJUVR
ROGBA5G9
8IO35ZP5
NOIICNY1
RWLM77AX
FE32QEOQ
U3ENW4UL
BOY7R9H9
XP0BX4IU
2UVOG0IZ
MKFG5S0S
Y8DYV9FS
HV67FLGT
LF2GOR38
4DW9ZQDP
8FSPPCLN
YLP15UTX
0AMR8RAV
WYR9UVMY
MYBHHHFE
RSVLQ2VA
S67SUBK1
Y6PNA9KV
19TTYYRS
TW6W71IL
ACE8J0QR
V6OGGTT3
KAEE80P7
QHCJM4AS
HAIWS2FR
8JIGLRS4
2HKGS8OB
M3H7TAV4
T9VXC3CI
Z4DE4OZX
HUZB8ERC
RQA2KCDM
XQX8UVCD
K7CJNHIB
D8O3ZBAG
UECD8CUD
IXOYZ2QA
PGMVYK0Y
JXFO1234
4FSJ3LGU
9JSES5YN
RX4N9EOU
LSUHIHE8
B70IQAAS
MOKDVHI0
ZGGZQ0ML
XTINGR5W
NSZ8KBXH
I8I8FMTX
22CVKNSP
Y1PKUVRE
GWBBSJJA
IBK23U3D
9VHYPZ4N
437MRCQV
ZI18MQ41
ROF0V518
UQ86P0VE
62V3J52B
BS5R1Z28
5MVNIFYB
QXV56P3F
A8L3SHZY
01OCDE7R
YJH18R9W
SBQ4XG47
KBXFX1I4
08B5VZE8
4BN3RSYF
C4D00I2K
ZZQOHIRV
8N0U1KYK
T1KWO8SQ
09VALZDF
50GYT0YI
8Q6QHISO
UV3RE07M
YTQG89GI
TPW3GIG3
19JMJ240
QETQNJVR
HS3TCTBE
YAZJB4V6
NIGHTMARE
BZ4XB7VG
VY7N6DET
N6ZJT3DR
EE1N6IEY
B4MTABLE
WEMDW3WZ
5AIN1MDS
Y5M15LFV
L5YITPGL
48P53HLQ
GWTPTGVM
ERO1HOXE
1O8AENG7
T1UNTKLT
LDBDX8IC
T48ZQ6TY
KTV2BA7Z
PE1EESCK
WCWHD8OK
0V9ZYPHA
6DTMHYA0
T9R00HD0
1S2LNS40
19LEIWNU
O10GROJX
2KOH9QY0
63R7CWXS
EEC7VUFF
3Q4132NV
967Z1T9U
LDYHMDDQ
UDKX4AP2
XW3EIIZB
QOI6BMTU
WYB4EFTI
Z9DZQAGP
YMXFWDPB
VQCJNWR0
4EJHPL2Z
YW6NMMX3
7H4YKKED
KVK2WX22
MXREV51M
F8SRK7QK
XA5FVBDY
B9BSPD2S
OPXCMLDM
CS4MWJZR
GXO6DH7T
J6LFZ86R
ZAAU2NGF
DDG3BSJK
LK09XO55
9D83NIIU
SDRWT2KT
Z3RTH3VA
74XEY00B
6VBA9NXA
C55IH31E
4KHJGWK8
MNFCCH00
Z4A2Z6X0
4XOJPV3V
7VA1UXY3
F53X0F0C
7UP119DO
7C2DU9J8
WJ15JHYH
ZR1PFPZY
IGD9UG40
MUYAZDCF
BX2DNXFJ
KF21MRWJ
KCKQHMLZ
ICYNXYC0
9VAHZH8V
N4ITPWGX
S5ATMCNC
8VDJUO25
RCEHA1NK
AD1EOTW5
O0Y50NDT
E8UUKV5V
N04AQNVN
SJ0V7GC6
46W5I17G
LOK6ONLN
1SK4Z3X3
CZ9DS5P1
MCTYD42Z
F2N3SSHT
RR81GDEX
98MFUOJO
VYG58KB0
OW7P1UF2
9Z113U6C
74EQXFZ7
3PAKEK1K
YKABFM7P
AYFNPWQR
UNOP48YN
2JKOYE51
2T4OTAOU
BGFRN85U
QE5TTROG
LA0QMJ8W
H4PWIMEM
RURZUW4C
0PZLUJCB
VBIB5GA9
TQQBK1ND
UQ2ULR18
E55E8JD0
HTUN20KK
H5LG920L
J0CUAKNF
O9KBFS01
GQE0289X
1837DT7U
FEGUI2CQ
K9AXQ557
E152JKGC
UMDUFVWD
GW5GY9GL
EYMQQPSS
0O9K4TEN
QKRYII9Y
UX9TZPQK
H21Y9USL
I42S2OZK
SSUK11Q2
1PNZ5F77
SJLEYGJI
50LHFW6M
SSL3A5W6
FMUMCUO8
S08U1HWV
ZUTL6HMO
LG42JGRA
03PPDZYF
2QSFLF7K
SGGVMBVD
NLPTUNR7
01MW6IAT
8I9TETBP
BYLOI1LH
IPXRSQ0J
ZQZFYNA2
JYZKD8X5
KRIZ3JD2
6AEF2971
1GSQMU6F
G6X13WKW
IGF1QPWI
FXX5TQP9
S0ENQHPA
MJ8342KA
53YUK6U7
30T2AJWG
6FDZ1BOB
XXFITV07
QRNGNLHV
U3HWDJO5
6Q74P3CP
HQ2X1CI9
FS7VHZF0
KEFFIH43
DJJEX4ER
OM7BQICU
C1RHWEE5
6ZBGGW78
FFA0BQVU
HZWM0JG4
FFJUQVSN
JYN592I9
0INUH4KZ
OKRCGMEG
GSZ6SV3G
WBIT3ICL
29C6V8MO
Z4H156B0
V6ZZVJQH
1H2LEDEP
06G1FPWD
DYHJ5O9Y
I9OZH33B
7Q3891CB
ZM0CHSPP
893YRB05
MUQPL3E9
WDJAI1ZI
G7GXZ7CS
9L6QDY5I
A8UY89IW
TJQXK64A
D8QBN6HV
IRJ6QXLZ
FDO1ONUX
Q5UT6O0T
YRYMBCEJ
568A97RI
DKBPZZWG
FYWA2XIE
NZOQN6JR
CP9QVAQ6
JF22JH17
LL7N1TR9
LD5QPAXG
POJISLQO
4BGNVI02
QCEGR0Z5
8A1SZOUQ
A00BJEN3
G2CU9VFR
MT90KJFQ
12TXYZ3Y
54M4GQNM
269UENG5
38MT5LIP
U56PD89J
XF5RQGFT
7S4Q76MT
DKPJ747R
2WOGPYZG
M55YAHJR
ZS5JJD30
6A6SK599
J1IUJ5VE
NZAA9YQO
OTPPBH93
7N88SHGQ
AKDXQP73
IWWJ8RKD
51NKT09T
EOSX2YCZ
BJ7EX1NU
LLB9O4XA
SXF86HRS
6HM44AK5
2B0QD1LQ
PZEOAF1V
MD8N90NC
KN73YE3U
4EEP6P1O
KMTXWQNO
OQ4ISCD2
ELZSLJ1V
HFY5T2DQ
JNCTA2EF
YKCDJKRT
HY7PZIDT
FF48A6HS
B44A65V2
B7I7JGJI
H5GSK3ET
YZUJRM7Y
9YHOZ3D6
1T74N4UJ
F75WI7Z6
KIMWL7Y7
A0RY88OF
YH15JRKQ
2216Z8ZM
N84NUPWM
TYX4LPBN
4DVIGK23
8PYUEDVA
2SQDRD5T
LJRC9S2D
FQZ4260J
TRL73ZGY
FLHB0AFV
GWZWE99V
G6JBI7WF
NL0MYRUO
OOT40T87
ACUZCYB3
2VAJ5TJO
LUXQPZCA
RRZ8TZEC
3ZV0WVY6
TT1MDNB1
EF6M4ZNQ
NCVWVN0K
IUROQLS8
BTH7HTIW
W7NWUOCI
1DUJFALJ
437L2HYN
KV8FXZFV
SHHMIIAW
8PUIE44G
PSZ3KS9U
ONT85M5V
NA1Z0TVQ
W0OF9JBQ
00I8RXRU
IOJH6MH6
DXXOPPW2
Z4942F01
AW84PHNG
Z8WXKH1K
DYWH778X
QZ0T0RDS
LN9WGJYB
D2D5IW64
ZYGNAXIA
B7MWHZEG
KN7FV24R
KAJQBUJ9
B3LFAR5V
OBCE279X
85UGWNRM
8I416WCF
KD3RV2KB
72Y96IYQ
6N98I9VJ
Z24KS44G
8UCWR17Q
B1V7IQPL
8LAKIH0A
SOWE2OC9
WFTT5KKS
ROVR2VZE
7NFUD0PF
TLA8FGM3
RVIAHXHD
GLH8E30P
NWMD9UHI
WGNJGTLI
YWQAKOT1
0F3AGIL9
A3E9BQK5
0Z6DDVV1
4M5IUN3P
AP3LQJ1N
Z61FIN1M
K6XSJIK4
IDZRYDYY
BCHSYBC0
ELDJUVUU
YN6FEF14
2TIGMVUH
67H1FB41
I0WUSLPT
6R9XKXAS
RD912G4U
00TUKUM8
W7IENRWR
XQ0EM2VR
4NLN253Z
SSPG8JJL
33S3M9XM
ARC2S2Z9
1OEGQRI7
R7FLB2F1
WCJZXXOO
NQHK4FY2
R6WQ537D
A49A8OSO
QNS58IM7
M0ADKEUB
NJF0UW4T
13YQZK4J
RY7MY9M9
QKY5QIQB
GR0KSA2G
3FSJJ9MX
RA10Z7R9
1Q0WBN4T
6A4DL4U0
DQ7RQMGK
V3H03GRU
UVZD2NE1
1K305VIE
I7XILL8P
0ABLWKT5
R0PVZK7F
MVV64Q69
TOL76EHG
7GZVPO81
LTG96NWE
94GRTPJN
W1JF2PFQ
9G43ABI5
IAH7D9SC
73L07QGK
SLOSG3WT
MJRYHFJ5
SRTRB25C
8UWI61QQ
FSMQGG4C
7BH3P9AP
2H2NBSGP
V4UKUURA
VYH5AA8B
CKSVKTIW
6CY57E2A
K1V6RPYK
B01XEO73
50BH0HYM
XTM4ZKKH
5SEWNURT
2V67H409
2YD9JOYS
2J4DCDLI
L1011K1J
W49396ZX
OIAV6KWR
BUD5YB3B
TYEISCC2
2AN88CL4
CPA43K94
GSNJ5Q1H
FXHM16VA
R6DARQ3K
VYAUMDON
Y8V78B74
GD9AEDJB
0WDRRS8C
CQ9MFVW3
YIIPSV32
FTTXSE9Q
LNYG8JGH
CM85QT4E
CF19AN10
OOBNNJVM
62TGX19C
Y27HZC38
JW6N8LDY
0OMZCC11
SXRAD7AU
P0S31OCC
1MBBH3F4
QN5OWS7S
JVJ7UX7Y
1CM1NDKK
JVXXI0ME
FUJU4070
0G4O0QK6
RD9LFERC
7IAK8FM4
EUFMYCQI
IY3WBJ99
R8SMCKAA
8K74LRO0
4BN4ALZD
C0DC1OCO
DICU7L8N
Q5XZU85I
IUKOZ7AC
ZGSXLBZ5
3N2I03UB
94JNZH7G
OGBHELKC
EF7S8MUJ
LHS8NM2E
WWLJM4HF
UW2VEZ23
VNPT26XU
Y7XZTL2L
NWH37M8T
8QK9M1BV
F22BTHD3
AG487VX8
7HJWB9G8
3DYCNH00
PBUJ5I74
LIBPRI8O
TLQ4DNGE
BM42GER5
F06ACCFF
ZYVHLDZX
RLKPR8DJ
ONW3DHMY
WJZH8WJL
J8BRYIFH
795E0Y3W
J7F3RARJ
NAJR686G
PE5VR9Q0
Q02NTXQR
3GMPMDVL
DXXNQ9G3
VX0R5OEI
LHTGSBDZ
M9Q2R28W
ZXDDUX35
Z1N9M2PJ
NJJG3OEJ
9UCRVQY9
8W5GZ88Z
H87TLOLP
EDJ0FOD3
1OLUG0LY
R73E4UL9
DZ13BSID
AXWRG0HS
NTD7UP1R
KSM7TTSW
YUE0NOAX
XA27XVFE
M19Y97GM
N82EH1PL
I6F6SDF7
W47E2XXT
M6OAPDX5
1CF0DGZ9
K74VMJYN
LQJDJ1P8
0HY6O0QQ
36O09PWD
OC6LW0MQ
UCLPKAB6
2I68XKPU
6TCKOFTO
8HPBXX1Y
Z2RQQSI3
RTXNVJ6D
1OTWMD2G
63WPX4FN
THHOBFCK
Y4T1L3DQ
Z84M1UVD
ES5M29IC
PU4V7EIV
0FDSV3SR
4HJNXHON
PCMBJQL2
75ED40WI
BT0S0EMZ
CMTIQLNT
2R1H9RVE
FQWGGO8C
YCMSOLFK
JYPRXLKJ
FSISTW52
T26E3Z2O
FXABBYWH
BA571KNL
R7TEK7XL
FGREZX7C
2SIST7T7
9P3QFFJZ
ICVLRUIN
JYNEFTTY
LFTRM49N
EU5JAO6Q
YX5782FY
CPC7TDIC
ANF1CQ4G
99KKMN86
1XLT198M
B7PAG1SB
WR2HQO2L
1DSTI00N
O1RNFHOI
IQ6G2E27
5OBLVIQC
55Q0F1KJ
X2BLKO3Z
0EE0L9HW
6IL0DWLW
JZJJVZYN
QTN7OTWP
ECZVB326
ZREF30OB
LUKT3XON
AX79X3WN
JJFFZADV
TKCEFZQ4
6E2JMSIN
JTD6SY8X
YSPWW1B0
SWR34AML
LZF8TAOQ
8VF6O16F
CEQ93GSJ
32H4FOWS
5F0OY6MC
NUZ481ZY
5D3YDZJX
ERTG5T69
42NAGYF9
N5P2W0B1
ASG43Y13
VL7P80V9
URN53B1L
V9T9CZXF
ZTU1D2R6
CVKAK96K
RCKKNY0B
W5SLIQUJ
M51SI17G
2X5ZPE1V
84HMTGFB
3ZH6HOXF
8NRABYYX
VT1NUJT5
LZJ0XP6M
7PF5LGBT
WXTOZV0X
VPSPCNH9
52Y889FJ
INV1TN8Z
D08TE3SA
WDO95LD3
B176MAUS
209KDH92
OV7GR2AC
JYOQCTQ1
3A6VNT1O
ZK8Q77UQ
CEPRYFI3
01ZFD19X
ST20NFFW
L1VWGDXT
WGXTJMPE
YP5EN8HR
0KEKIE1Y
R16RH8GW
Y5BMRML7
55O79DJ1
OV3C31LU
L0BV33DA
K018Z1W3
MLGT8SU1
OONGIEDP
POWVDS4N
918RTWD6
RS8H10DX
V9X8QSM0
N1SMLAVV
XAPXZR38
886X7B42
Q2BOMINU
F38L941L
E1131TJS
0JFOG1KG
DUW3RJ0K
109ZPVI8
XARXFBXB
RONTPB1E
A6UEHXSX
M9LPVE7E
BH77TMRC
TV6ZTI19
5Z49Y668
XA84RZF8
SGBQJ4P3
O9QXEW2L
PZWMW75L
66URY0O5
UITBK7IS
LFH2IJUC
ZF23DE7E
GOT
3G25JQ0D
SJIS6VCR
2780SW92
O0S0HQ73
9VSPPI62
MFZ54SZV
IMJEQ2W0
XF96K042
8XQ24C6G
UH2IE7OY
VI4YBU0M
DYU99L6M
XYBLVONM
GREXFUO8
2CJ8GDCG
NN6DF6SU
LGM6TL5D
E3JOF5NW
E6TGE880
ZE98LJD7
4KYTWM2G
WR8LPT6Z
8YBCS45G
CQWOZ2BK
GM68RK8G
AF9YB6R8
2USRVBMG
PI7YUQAF
U95SRO65
NQTQ9PO7
I733MZPS
43HDRDWI
KGEOAKNY
VPTG20GV
YM74N15P
D0K6MKW2
SBRTOI3B
UW8X667I
SOXBCP65
YOLBCIPM
GSHIA33S
9AURVU0S
WYAK2M2F
0WUM24X3
KTMYKJ2O
AXXZ8F6U
EXMNOHBT
7VXF81HZ
KURK9K87
CSYUX8AU
EW8ARHSK
BOHS0VRB
6O508MX2
NDHBCU9W
HGUBF9PY
49BRMKQJ
22LWZ1VR
TAKE
MZ2KTIME
MRQZC1ME
YMK2C4H6
NA3O19B8
PM6R8OJJ
47UW7EJ2
S79CB7R8
P6NPT3LT
8XR67RSU
0R5C9BNR
HQPI8OHI
69POPLOT
ZXN0EAP6
7S250628
WSNQOITG
ZMG61B8G
EACH
TVDR6IYT
RREB9CBE
C6OY0J1W
O1JH6OSH
1HS7CLK4
FG3UR7O1
XY5UE7H9
2V9YQ3G7
V25LX9V1
KL9LLTFZ
BQAXYOB7
GPV0KESQ
A2ABWV4J
77XLXZTW
NYD693Z6
GGJDHY8B
A82N903T
MJFI9ODY
BFCXEGVQ
8HQBBQ9Z
HB1GSVYH
CRO0UAFI
QV67M1R2
0I1QFIT8
6XFQQKOR
A6ZYV2LX
SWYL0JDJ
8HKWV304
I0DK3X73
XL7GCM19
Y34IKJU9
IWDL2XZP
MMM42JIR
W89QKZDD
01ZI4EN2
CWPUHEEB
X5R1WTK2
HXRLP3AI
3D3JSRRQ
CU5IYNJC
12U340OW
ROIQ6UR2
3QHZOMVM
IQQWW2R1
JDO2FU86
8ICQMUBN
6JOEY6I3
WWUZBK0A
365K5QSG
GNWJP68W
W5R8JWRD
C3ICWBUZ
84OYG59W
Z0R7WWLD
DT7JVH98
6WSMNJO0
XBNR4476
R47CCN70
FJJLQ8GJ
SU824QN0
4A9MO2DA
HFL52H2Z
YORYSJY2
KLKM78KC
K1OX17NN
CXQX0IYC
KXAQRANY
DHO99HWE
02E5YUW2
7C37KQ3C
EXH9LI4C
OHRRV35M
PZFQODWF
UZFNGEO3
7RME8FWL
5GA3IPO9
FKN0T549
W7Z33EDX
F42ZI1PE
0M7Y5MND
ROCU67SH
R4R6FEKX
WIUWF196
RSSNO5RP
OXM535Q9
JGVBYGZR
A4ZT6M94
AISN561Z
2G4A8E5D
IOF67YF5
5P14UYF0
JKRIYMG6
JSUQN3LN
4NGV0V10
7UBX71S0
XDFJRJZK
1LNGUIT8
BRX0CI4O
3Q5PJM7P
XYN8EV1D
ZSA65AZI
GJD9DB8A
YFBUQFIM
K8BADEEM
VON90LZ8
SPZ7TYM6
RHKD489Z
HPSY3WBF
64PFQG9O
A0GRJUR4
HVFA761S
55MBJ89R
BWX7D0JR
G1SIST2R
Q7Q1C031
3HQCUI5H
7OHSGYCZ
QUO1Z8GH
A3A4K918
3VMIAVYK
P6CMTNVJ
U01S2YW0
GVHUSNNL
7OESSSCZ
8L2UV0BI
MU5AXFO6
ANV7RNZV
MVSYDKT7
9GD1EV9V
RYIYB563
6P6HSWCH
WM717BZA
MEJBTP6V
DBZ0HDJO
IU9S2YRO
CWR37B0E
X5DUZOJF
OYX139F4
WOXRYW3M
O7C5Z6ZK
03N75413
TS17ZNOK
B3W930OL
SLT3FYNF
DUAQ6CGA
L8J7CJOZ
WS0VET5K
ROMBKXYG
HQT88QFL
RD9PRBRY
TVM3D6B7
IVAHSF6M
R2RKOHD8
JN2Z3V6W
74OWH0NC
T44UXR14
N2133JZ7
FTHJG7EI
58F8THE7
3M6PSJ66
T3QAQ1OT
ME5TOQ32
7MLRYDKG
43VLR1XV
QPZD11XU
7FZ1XV58
8NR397ZM
K8217EU7
HASFJ94L
7RLBMNUC
6QX9GTAR
SYC9ZD2L
SKEU9JUQ
NJAFE70H
4141ROB3
VAT76JVG
YOZ30I5T
XZ9LCEYT
M9TQ6EKC
3TLGDEKG
VFCTTOXD
QUTSB6QM
D9NDP9YU
OF73T81C
WV7NEEV4
HIDJ0IBO
08BSPLG9
865OVOMD
X5O4R6KQ
QZCGYQLE
HQGTW5PO
XE7L7W9Z
Q6TZP99V
WZJX3QCR
JP2TGGGS
GS89CQ04
5AFJ3WDL
CXFJMY76
EH8DEMR7
OXK3E7HM
BBF0FMIH
4ZCDGZ1I
YOVQ8M4U
CC332W2S
GET4SSDO
S0RZ6CMJ
2YYCF2F7
F4RY370M
CRHFLLK5
Q2Z410M7
G29P2S1H
HSP4K6VI
QIOB2F91
JZACD0UR
R1TUH34S
1PSJIGCU
R87AZD4H
U71BR2X3
M5IT04KZ
R9Z423Q3
I2VAQ1BD
EQM0TNIB
YEIJ8U8S
LOE2ZTSK
7XG7QZR1
IO2S1J2O
NTD8Z105
64ICFWFX
CLUP1PYB
Z7EVY2BA
5Q5XZID1
QKKKD76A
V5DRSVQ8
DDWMT8CT
4U5TVJXI
DJFE82PM
3CCPS25A
HIGH
2R0OAI6C
RD53B8FM
QWD7LOIU
PBZKLP1P
LAA2LRB9
PFESVGOT
KLMI67BH
9YD5XRP1
85BBD047
8XJDK7BN
A3BYKH3W
O2TPO12S
SBVX4GSS
NCO2673H
L34DIN29
MCL6ZVS5
ZXB5WIVZ
S5C0RMUL
A0PQC8OH
MQ5O2MG4
A39LMKGJ
1YUASKG4
6V53SFOT
AP2K9P8V
P3OVJZ7L
46H4EJAD
HPPYZDS1
GRZTAVXU
662WWNV3
6KIREABE
PVIJZVE6
KBYY5Z49
TKMEHHSI
3BG6SLXG
JCXV2PCI
10DGGYNI
OJEQXDXO
7NZC1AYZ
NGME62V2
BCV08014
6X2K177G
VZICB8V7
IQ4FG5SK
HEXF9PEW
MCH5M7MF
NM6TLZWB
69TV6JMK
KQ1HTIXB
V7XZYNWN
ASJ2N83U
WOU1G4P2
X95SU7DC
OS2XPXLV
64TKBRUH
MG2XRD11
M7YU1ZK9
ZCAA3ETF
D4ASC28B
48H4RG9R
XHV77XYE
NKBO6R3V
E3S9XOLF
BT00A67T
2ETAXJ94
Y9XYIFV5
3INMFH6V
LEQH9F34
PTB90MJ1
5YHE5DWU
DT44AHLE
RKRNR0DS
3YO44F9Q
WNOP45M9
MY1BB2LT
4NYKD14A
XWK15X63
58NIIRN7
ISD4E01X
ZZN0H3X9
HPXKBWUR
2V1DK417
TLSM1MN9
VIUQI74U
DWSG5Y8G
G9112JPW
02LHUCIY
J9JXG7VW
2FSG964G
VV8THBUY
WIJYQ12N
SEBO19C3
7WXM99V8
O8Z7Y4XR
8EHA317P
C1WCZDHG
MD3F532O
EDGZ3ERI
3JWUM4XN
XPKZPXSP
IB48R1PI
AHQB47DB
X1QWYH1F
JXPNYP71
1LEDE59R
YNK4GMJ4
TQJWT67S
1YCBQ6UM
6M6ZFA9Y
7I09WAH0
BO0ATSPY
FY8E4522
30NR5PU4
2YUOZ0Y2
5V45LG9B
WSD60DZK
WZEPOY8Z
SOHVAJ3I
C9MTAMAB
R19POUZE
QBSAHJPF
GEHN5R0L
6S74ZWV8
V9T2A10D
K5OTGDCY
SATJQZFD
MUQ68ETM
8VSFYJUI
BAXJGRPM
856TRRSU
4MYBRWL0
30IO6AUE
UMSRK0OM
JBK2ABJH
VOW1XD2K
OXHYKA4J
T88LGOAA
AOZUHTT7
2E93L8ZU
W6PK2IN5
UYY6N01E
9O34ZX4A
SYJP56WX
4PFRFQAN
WMCW6YCE
MH3VN0YW
PWCR4ZQQ
ZA9O6J08
PCWA3GA2
1S15KYXZ
N70A262O
S7SI4ZB6
8VZKUGJR
2VOY0B98
RYZNXG3Q
MK8S4HRK
6T92153K
6JN6SRUC
QT279R88
7ANYXB9H
E6GD107U
42ZMAN7H
IOH9758O
XWMJEYFO
HMP2OKLX
WL2TYIUI
U2FCUTUG
EBXLID1Q
6FHUROWK
CVMXZK2M
XIT5PNSN
855T2S4C
FUTSPAD7
QITC69YW
AK9FUD1E
ZK2GITF8
X4R749DA
W4LMOLND
S0MMMZ5R
NFLMX3AJ
N4O16DRG
EW5VOE3M
O6MFVDK3
BFL3UI7C
VPNVUYO4
TYLZPUNT
TZ1BIHBK
Y44HN2HV
UU6SATHG
WC3CR9G3
28JJCHBO
S8GDPX9Z
YY81QDU5
GSZC1MMQ
RABQW4BV
LLX66NMS
HIML9N7D
VE2F42UX
GVC08R2C
7UI320MW
OYKEAAV3
6OFF28SZ
DNBCM9RF
4WJCZE2T
NPG2NK8C
DNSLSRUO
P360Z0OS
JYC54L4O
X7FPH1WY
KOB4BQ9O
5SDOOFVT
EIP98J8R
E4UC1U3W
OOMH18CZ
7H5NT75O
E53MZVKK
9V5EE2LY
U7DU318J
C46F4DU8
VW7A4VOT
F4ZO4KIY
V2MX69AY
2AP6TCOQ
PO7WCE9N
ABSWJDVZ
C4KS6CET
JFXJF7KF
ICNDCRDP
RJ40RAD3
XFHUF55I
8CH63TFA
JRLLNKAP
2CDIB19D
VBY5BGBQ
CA1D3JIV
DK8QSX8M
C4F5JE5X
P2AIILIT
TBUQHMH5
9RA4VJD0
RE95W9WU
Q839BQGX
VYPWOYUV
O2IU07Q1
8YA5UGBA
M4K9AK73
X7V4ANN8
EU2GSIUY
LM5X5N0D
D2HV98PX
4DV3KY38
LGCWUSWH
62WTJJC8
IDRF639H
FPVQQDGH
NX7DXXWY
Z3MCRGFO
5OQZ6QC0
XOV91A9W
T3SFV7PU
M7M0M1PM
F1E49YRB
66S53KAP
QU5B3Y4U
829ZYF1P
Q08KSNNB
TXUPUH9Y
I2PMNXIV
1T8N0YKP
W53DAG7A
T3Z35ENA
HX6LT9L5
CSXEX097
KJZ2PQBK
3FC2JC2Q
IUI7SQFR
HP8WKDKB
05MUD9K7
K9J2LT2D
YKBE9ZNX
NX74JUAL
O0OAFFAA
HIB864PA
E7WQM59D
D5BFFYF5
Q8T0OM08
2TMWUVKL
7U0W30Q6
5W16I2YW
CU9A3LN1
C0DAI5Z8
2V2GYXRC
OO6NH1MV
XL21O7AD
HIEXIVV9
1FE06Z8G
P9HME5UL
7HTE05X9
0DNGESJT
GMDXNH12
GTE2Q5XZ
EUXUYZK0
XQ8IIQ5A
A88RYBS7
S56L2AGV
V9EZLGMN
G6JSEQZB
QY7X7G7V
40NFP3O2
J1EHWBJ0
DRKCFQAX
VRDY5CQD
CQ3PD3QY
HO4BG9OI
IOWXJBHZ
74CDOSZF
IYPSDVH6
ZAYO8PD9
042BEUGY
TN8JAB3T
Y81LYHVV
Y402SGCV
R86JVYQ2
ZKHAS25B
95PJV0B9
WWH84MU1
93PRJ3WY
7WWUSFTG
UEQY95TI
74OB0A9B
6LWJQQGN
1OPN7ZZ1
HT4KNS0S
AMARUYGO
F3C4KZ4W
U160IFAT
1RYNR86C
T49GZBH3
BOTE2MG4
NK3AGV3J
66EWQLZR
7351QZDX
4C98T7P4
C6YGUJJX
ZEBMG9ZS
WYR7M6R3
678JOZE1
G0E42SAP
21LCP9B6
H5XN69EK
12U8BYXC
OBDFD83H
8LTXPEX3
URC0B5W5
3MNIZA1V
EJLOM1MP
ZXAUJJEZ
B476W1FJ
00RD21XX
64PI4GRK
TZKC1F07
WVIDIBZE
AV7U0FJ0
KO4ZRUEF
NAH2SZXT
T9GUA2TB
NT7BC8PK
7NNF03VO
C3YVONYW
ZUMDX33K
4UQB5JPL
VD586ABQ
U3N1SLLD
9D7GVBVF
KO28NDDE
9R55ITEE
OYF7BE60
2285PMK0
6UAZWL9K
E5R6PF7C
OUXOBMXN
QVE1LQVH
STP1SHJK
6WQZ8FJQ
YWR0JO55
8CFRIY36
WBVKN7Z2
16M5LUT3
0NVN8JUD
KNZV0BT0
I29UXU9O
21353NDG
AQHEW3FJ
KEEP
N4DGM87X
RP4DTJHU
HH3VZBY4
QIWYYRHL
0HWQ6CM4
RT4LA25Z
SFT0OE1S
TQC396V9
X1O1UVXW
TKLGGXXW
XKYFHSSI
ZO7T61YQ
RO55HWKX
2VU2V0E6
J7ZNOTEY
5RU3L6W7
ZWZLDJG3
68T66EUS
2QOHE363
FNH5L780
FCQ3EM1V
6BP0BBQV
LYS2P8DX
1PPP2GYN
PDWJCI2Q
WLA467N3
967AWXP5
DARNM1GW
LKU6XPWV
G391P958
AJRW0FXL
VZWWC81M
NQDXJEJ0
ZYKIFBXR
GIIV7D8B
67LRHNMU
OTP7XD05
Z1FAXV4C
64SQTZVD
ENMKXXHE
B9KT6PFE
DCKYKYT4
2MU3MZ4M
NNB5BA8Q
23T9Q620
8XMHVMK9
BBO1PGS1
CON9Z8SA
TMGE84N6
3ML24CR7
P7U66K9U
FWBF00KE
HWQ9UCPR
3RBLJW0O
PWWDU1Y3
BH1OOMDV
7PLXSUJY
KKSOX4JP
3AAXI2J5
83342SKW
AAHMP0CM
LAZEPUGF
RWYCPG6A
L0611ARA
9VALNBRC
V6XWJE1D
IYGNA104
D4X5SPTM
W645SCMR
SCFL8QNW
BZ8IAKD2
9X9HMVQK
E5T8SDP4
WLKQUF94
9JH4TQXJ
VO8RU8LV
MV3NUQXM
EXGNRXA0
UKVVROI1
AUU9AMHX
GGUZU5NF
MUGG2B8E
IOUBYU30
5SMAPBRA
P6K91XEV
5DCB6659
MEOIMN5D
73ZOMCHE
FRYV4LMF
LLRBYQCW
L5JHC3BJ
1G2AQNY9
70OYG43X
YZ80RD70
7P9DEKIX
ZSWAJODI
CFGOQK6G
9L7USD0B
LR8WVGEG
UG2XB9TJ
2KR859VQ
6Z9WVD7L
3A1DK0JZ
90BZ89EF
7TYBUSDZ
XLTJL2U7
9058AGL8
KQUM0IAJ
PZ0SO2U2
YD2PR88I
UUBWCHKM
04I11X1S
1QESOUYB
3C80K3YR
3V91VAS9
IBD07M5K
5CELSJLI
85IS2QES
S5MBJ1BC
Y316YUK5
W7J2M8TW
DQASOY6Y
NZ6CP9DU
8BXO0BFU
AH0L2GGI
08DTH6ZN
VPXH1XQK
7I3PJSTG
EA4BPTI9
M7NIB5T2
CYRD3RP1
2X1I2LX3
VAISJSDA
LRL32AO3
3HU02U28
L1XXLNRS
67KSKFBM
L4NI6RBW
RKKEX6KO
EH8OCPTV
8VE2F66Q
6G4ZJWBW
LYKWE29Q
H5OGIOTJ
9KSPL7S4
NBN832X8
GVUDM5KZ
2LTXQ35A
CEJ60CAK
VRKTWPMH
E5VPS2MF
3ODNN6Z9
4EKKQOEP
4LAAGLVB
ANE6GWDJ
6ODMXXFO
A1RWW07J
177WSU4O
766QY2D5
SVA8A0HY
I1UDI39A
AZ625YV5
E6Q6NHKC
AOG0D4NH
YMOOKAP8
8Y5AN41K
9VDGBALV
274JFZT0
L5UCOVAY
HJ2FKNK0
IVCZSTXH
GL47NE85
5SUH9LNZ
BSVGR98E
R4S0RTKE
3JQ644M6
6JTS44DI
KVRUTBQQ
2BP7WKLA
4BNI88C9
4MY287ZB
RT43JREI
5PJ3S9EI
75TEDYNN
Q6E4FFL1
UC687H4Q
PV4NOLCK
9NSQED3I
DJDYTKY9
YU0PEIZK
ZDR5JW11
KEADKJLR
3GUJ6Z6P
OW5LXFDX
2ZXLA2HC
T48NHAPQ
R4YGCDOT
GTWV8K2V
CI4IYYWN
PBFZKASL
ON4T0F59
QTOOLTR7
C66IHWBT
VSZ3QK83
H0F7GN46
MHXPBC00
7LI20Y2O
985KG055
2SKXL7NQ
PXDUFPBY
3RIB3H0B
E28WBRB4
SB1563GB
7U943YTQ
5QAKOJ3D
H2OTB6DW
C6VOX1PC
6TD9UIUD
LAZR8UCS
HR03UAWP
0RUJRS7N
MMVYW4ND
4TBRJXN4
FM5J5KEL
6LQ4ETKD
MBCD4CX6
PH4VIQT9
IBZ6VJHW
VQINA28G
1738EKDI
LQSUCPJF
DFES4D33
9966NAEX
NB1FDPWU
6PBK14Z3
0D22QKFV
05I0DEEC
QRMB00DR
3SGKIQG6
IC57HAGM
7NZXAAA3
3DMI5P6F
0A193TGQ
LRJTVDLA
Q9GA5ERR
ID0ZQQML
VGVAJEEH
CP419LUE
C5MLH7DH
7I3VYRRL
Q4N9WPTZ
EMH8ACIQ
BWB6B4IY
VGWFU3TP
CBA05Z9I
I9BV15OS
CBYN9GC6
ZODNESLB
9PRFTMJL
I6SFK7MJ
LS1PV8JJ
0NOLSXML
GIQVEPH0
TQ9XCFYO
CABZKMTG
D18JVUBX
9R3WGNO9
V1GSAWWS
W9VI6SAK
I9L0XODT
RSCMEQRG
XKJNN8IB
6EQOQCTG
FREE
YRTZFY4E
KGPXQEM2
TO4RXEBM
3P4V1H59
QOUZFNBB
UFC398XG
JTSUSPCD
Y7QFTTH7
K99D6NFF
TRZFJJYK
O7YYKQ0I
OI0SOYIG
P11Q8ZOT
2LBP28QD
25FFD5BO
AJX5BHJB
NQB5P4LM
KCFAVAFF
6Q584GZ6
MO0DWAZK
Y41WI50J
L6OO38M2
ZOYJTC23
72P7IBV1
6MZ8ABH2
DF4XX6MS
1WVPC3O4
CABDCFL2
VDXMDW4P
T0002MSR
0KPR25I2
7J8YK5G3
57J9UNWG
J9Z4NG2P
ZBU4LCZL
4B0Q1DNT
V77MRD5P
HSNZUWB6
W4QBT4TO
PXPH08PY
7XZZ0U3R
DCV3DZTH
8TLA5BNB
72EYCFTP
D49E5YZP
598IJ1ZW
XY4EC73J
8LNYKMVJ
QPQAIYUU
GJ6OKFMZ
GFZMSYDB
1TF89O6A
CYGJJ1IX
GUFE06N5
XDGK159Q
8UAM3WTC
G3UB7J1U
B1HS00P2
CK9JR118
D3DBSW5K
O48L57PA
STRANGERS
Q3IPY6NU
7CD97FRK
70BFLKU0
LQA1M2QP
4B5MU683
79QUQ1VU
89403P6E
ZS03CN98
HMBDAH0Q
5QORPH0Z
T386OUWI
3HG8IH60
93SNZP4Q
G6O3BZRI
661N6VC6
NZLAIGWF
QCEC5TB6
V88SCCB8
50ZZUPQR
I5SWU0RV
DNA07LI3
PMYTVFPU
6T5LDVH7
7OO647MX
WVNQ3RE0
Z7QE2PXP
3NM4CEUF
SKLFSSFX
37X8MHOU
60RKS6WU
ILG6PQ63
PNNBJNXL
N5CC147D
4EWDO13V
3MTKY7ZH
96LDJ87J
9OH7XTWZ
SDQXW3YQ
HP1UY7N0
GDXQKJ0F
QMS4RV4D
MSZ1RCT9
QCA7D90A
6PU2E3I6
EN0BD5KI
RY1LSV5V
5WQVGHMH
85MVW5GM
DZIW9O5R
42MZRN1Z
EAEIO8BD
R4LYVZXE
K2191CH2
2M10A0Q9
A4ARJLFK
XVCMKMNO
IWRMMDKI
L50C1J6B
MV6QLCIT
19DELT46
W4I2ZASY
KV4D5O1C
R8WL4ZUY
QO1J67V0
8TWO63NX
WD915AOT
86XYCVAN
R13R6L0X
YRJMRBF5
K3N04IKZ
9XZ61JVM
FCELSAYB
949G4PFL
5EEEEOPB
V60UREXN
06L6N44D
0K4XMIG0
NVUPR6T9
4EA3M57H
39SRWPPR
5AZG4BT5
VJV19530
T15SSZF9
WMN87YXK
SHMLUVZO
77S7HPYT
K5JHNPU6
GXOR84WA
J7U4CGH9
40O7CSOI
N34CQ46K
1YRQH34N
4TEZMP4J
XBJHRQWO
NZEKPQHX
OA0YMUTQ
U5HIF7PN
TUZL913R
3JAIPN7W
EECM16NF
C45ZJFQI
B7B3YQM2
10HVM1EF
5G0LPAWZ
J8HD97W0
BE2CMEFB
0N6Y0R4U
62RYU9FS
VXNP9V3X
MBZIOLOQ
5790R1Q5
G6MPBXSI
9MSF8BRI
B1XV1H4V
B63NLGUD
JI0PKEVI
VV1960V3
GMKGS3FB
T6VHUPR7
C3LGAHDC
W29V5W7P
H2XG4UFD
IU2HKSGZ
LBJJ1MRP
BP02LO8R
MR7YOGYB
JN8WPQKI
8HV1HGCH
HMO8RWGA
BVKWGZIN
GX6VEN8C
DS7XQ1GQ
MUQ638AA
41I5TRW0
ACD4JE4X
X46YGA5J
6907VHUO
CV8F78A1
3RO7H3JR
DGGPHL91
ATPLSSJ3
ZYHBYK16
6VLGIDF8
M9M8XUFQ
GS7F1MFO
J2I7NPYC
RJXN9O1Y
GER7NYKW
Y0C043LH
DHC8593D
UGYVOSUE
UAUISYKM
EKJTNEZK
GPCL6QME
828IGMJW
7SV2MZS7
PGCCZM6G
L1VRYZRI
A1G0NS7B
2Z95QY73
W6H9RJJO
K36IQO2Q
XJ654LPB
N4OGNRTM
L217Y7Q4
X2RBO8JW
YL98LLOR
48K03LHJ
J3PPM4LM
NA35MHZH
AOQLLUMB
Y9TKZ57H
3N0JRGE8
NLVT5C4U
WPKVI8TT
VR5AN8B8
XTHU8CO5
VTYN0RTW
DO5RENDF
3ADRZBCL
WUDT3UZ3
U75GE1C4
3I1YFSF9
Y2FQXZIU
M2XI59C7
CFH3XP94
EWAQKYZJ
P6GR01SO
MZHJOWF5
TWCLYJDS
WTQLXOH3
T9XCDEE5
6AY2OSFN
URXDXUCO
LTR0IHS8
3XH6FJPK
CNJB9GS1
07CD44PO
UN95ZPL5
Y4W6JCD3
KV36JAED
HD4AV3RT
UZF5MVZH
4WIE0GLP
GQKOM0X2
2FHL0X9U
ARTOZ58H
TT2RB286
QGKZ85RH
TNOSO6C3
0C90FDH5
6A5FH8SX
1ZLLDU9N
55TGO1N3
I22SCZR6
6NP1M6SU
D5GXU67E
JNPTZ8XP
BT9LX2YD
FVQTN5PZ
EAPYGV7B
IKGFS3VI
MM3PB1Q2
EWV2WHLL
KFPAQ8S4
A98DDUGE
4BRDFPED
RYR0BDPW
F5H2KXE4
1480QNAG
V871EDPD
THI5JDTV
57CL5O8U
SU0B2KYV
O3MMVFM9
20R83AL8
K1M2H0GK
KT44CJOG
PZDNUBB7
UP0XZ8N3
4LAXL87L
76GAFGXS
TI3F32FY
2WBX5GNX
4E3HDTT3
QXQH2X7C
IJ2K883K
NX92EXIX
IS5Q9QBO
5C4SMPVD
XS9WD7JM
T2HSVBS1
3Y1MWPDJ
2WAUZONZ
UA5UTFUC
9KI7H4SW
S7MWPTXY
PIMK82KA
JOI6J011
WF2DT36M
PP0LSVYJ
BWLJV75Z
MACG1USD
CVJHM6BM
8WW6E6J8
H8JTRCLX
E2QMAZ7E
2RRVV8F9
OJ9DA5UQ
U3ISNVZW
PJVGQNVY
B9L1KZDZ
I2JA6C2T
0579FRJ4
V67JGT1T
W6ASWS2O
V513PUBY
A51LVAYK
0Z8DV7GW
FLRIP3XW
JSJ1S7GE
M34PAP3G
7RXCSSA2
1RIUZLPC
6IT0DTTB
BMLADYEL
PX0OSN4Z
8JF5GOUJ
YKQTEXZI
9RRG2FAP
W3XMWSZE
GZAKMH0W
CO93BXSY
Y5XX8R6J
OXBJ3U84
79365BFK
D3IXNG11
03ALQLCL
WFEI0SIJ
VXDTJ3MH
S203X6Q5
W2V6NN3W
VPAVMNXG
K0E93S72
HEBRB2TF
1IVJG4M6
NMH1GEAF
45JMIOIC
EM8Q0MLL
ZRL6S2ZW
HLTO28PX
RXBAWRKL
G4869HJJ
CAGRY98S
BSI98E55
R63N58HB
J74TUD82
SKIRFY69
NNRB51AP
18QU2PGY
HZR7A4DI
NUMFD5IZ
BDQWXTCN
CZBCXWAM
DBT2JGYV
94YF3YKT
IZEMNTXE
UVGAABSV
61NSLIST
559OJKLI
O74PSO8V
F559GHNK
CKQG96GZ
VKZMRWS0
2FBTQXRN
MCLQ5WOV
5H02XJ7E
A0W9E5B3
T1YCHDD3
HUWF7QVE
5PJOOK4G
M72J60B7
SWZXIZHH
XPR3J73V
RDAFO32K
B4E1VRPY
0T7C3IU1
MXYUTRO6
VMW9JML8
DJ4LP3KF
FBNN4OQB
HARTEYH7
J24LUZ5R
QDVNA1KF
WJ87IRD1
T3QRDISZ
JY6NNLUH
YSNIEQBI
0NSGFANW
8BA58RVX
J1LSO22V
C7HZYUDZ
21SLYGJB
W2WYHOI4
VH88VT8N
QSSHISLG
X8LT8ZK2
1W8YWNM2
PD3KHN26
GEGTVW4P
LA0YYDZD
MU2P4GPB
6P3A43EV
DEMCYB2T
T2I2ACBB
AGU8QEJ4
LXRM5VU3
ASRRNYVX
LOLIBU0L
6UZ4T67D
N31GNE38
P1IJSVNV
4XRCJQBG
EP1DYNXF
SPW4KWEK
6ZL5NHID
XUN0YYR6
KS15Q4NF
Y4TOEBL5
TBJW9DRA
HG69RUSS
PKTIX42T
MYD8G3OT
MSBT9C4E
3SP3GXY4
R0W408ZK
ZPTJEHIY
1JFV2LC7
PLEWMBBM
UNQ2OFRF
7SSVCR01
YGM75EJ0
N59F6R5M
PFCEGA00
YTCFKHYB
B9L0UFC6
U1LIQDUS
2L3AOK3M
0CKA293W
XR2P7TCS
RAB1WFZD
E6TZX931
LZA5235W
6ITZ99Q9
WOZ1WU1O
7XKNSSZD
SUJ9OOFQ
QX46VNDH
J6ZKOGIU
N3O8FK91
M8B2ZGBW
O4MY3FQR
QF2ZCQFD
TYH7W3UK
3KCXX5TU
XDBRALF2
VGO9XRJZ
UQU93MWS
25BUPAI8
FKVGB7GI
PFYH1A68
QNKC30K8
ZT4PJ3EP
6HJM9GRY
5JHIHL4C
IBMFULNG
3PECW77Z
W34L87TC
4AD35UXO
TPGXVZW9
AA17JW8Q
CIB5YXHG
BJZU70E2
B651D854
KA9TONS5
GC0I5YL4
ZSBPZAYW
L2ZVX6ZQ
N6TIIE1Y
3MC682JA
ROB21JWI
L973G9TH
OFBHXSQM
INZBN4QA
UD52KBYY
KV6X418U
KIASAQAU
EFXTXE0L
6YD5VM43
W8LJ1V09
BMMAC11C
NT3M6XB2
UR0BLKX1
L6OGPL3N
236UIDYC
RBQZWHDL
1D44F7Q8
CTT5T6SJ
ROPCU7JW
A922TL1N
5B2ZE2U3
8QOR8S4T
G32OFVPU
R3V2OJIV
QBPL8WBT
WISO9MMQ
YGTC0BOD
JU4HPWVN
BX96C9UK
8JSL2UVC
S6YLNJF9
X2269IIQ
1T4578EF
0M7KOTWF
G75GL1Z5
OV970VT6
QTOSRLBY
OMYC2L7S
PXN2NCT7
9YHI8XLL
RD1Q5AWF
XEAV6G3Z
L6ME1SMI
5C0LUUD7
S5DXJPI5
8PG79FKN
5HUOJH3S
QQGN7GPZ
MAEQQQPZ
4BDVWLOQ
XEQ06NE9
QWTSNH2R
IWNG092Q
DG2ZPOZQ
AZYII66W
RNKT0RXZ
W34VC1J7
B04AUIRF
0ZJK34XO
TCV4ZB8H
UC223QLA
NKYRVYZ0
SE83SRMY
GA6W3X6Q
74BAQ25B
JJQ84N6K
HFRVAH13
2LN25DII
M8OSGS1L
571E8KBK
F50SBOVP
9X9WVOIT
BOZZX4ES
PLVS1B26
LI62EVT8
32B7ZPCQ
IWPF2AWA
CO31SSBM
0A26C5BP
PW271E3R
4YO91M52
M0ZYIM7K
QDCNK3TY
9UNNIB8G
3DPEIDRK
L8M0TTOG
TV7GLGZD
CCMQULDE
MTY5J4GR
U4L0BGM9
5OKP4OR5
J7YIXS58
EMF7JDYD
AM6AUY1J
PY6GKLRA
66JMLZ3S
1JYB9OYD
A90R3P3S
QEH9Y3SL
CQZSL977
NW30UF7U
HRC7PNBA
45VL37QU
6EH6YFK2
QIJZ0R3C
264T7YI6
AUJZNAU3
0T0236JO
TNNPMFA2
IH5JDV9S
Y6B40BCQ
3RGV1Y1R
12D7NWXB
QTAN16MT
VEJEBSEK
D5Z0N09R
9PL9KYTB
S64RFZ7Y
2148P7BD
WQ3BYJ1U
RN7A0JAH
QESDH0HE
N4S2XPW9
DCHBKWAL
NASOFE0P
VQP2WLBZ
I39FHAUG
0WKGB5FZ
L52DFCO9
W2TLIDRI
MK4UM9FV
5VDJISPS
M7PV7JLQ
UEIKC79E
HP3SE2SO
F4R72F4E
3XFV8RNQ
IN2OUWJK
3VD4PCNB
63SISHU9
3YIU37JA
TWV2YVCM
U7Y2XN82
X99M22PP
S4YMXKF9
2XUY1LQN
3CEFAG51
5V6JANNY
5F63Z9A0
Z5U986PR
75M260UG
Q9Y4ZLSZ
F2U0IXV3
6JCHTNGH
MKY7W48A
Y1RCR23A
HSRS1PVF
XXB780XI
QWNB6HLE
AX1GRTPH
G11TO3IE
IBBSUXAC
0FBWJZ34
V3ZNFTWR
IDMBDMUX
SK2QS2LJ
VZLBM7EG
Q57VV1PP
JVGFFP5Z
XL8J8W0D
FGG89AC6
WVK0QLHH
0X5V6Z68
B11CU4OF
UXRYP07N
PRD76HYJ
PV69YTJ0
KPKFXSJB
OFRC1F70
IDXZ1QNC
A95AY8NZ
1TFDZV7M
LD09BIVF
V9WH16UE
J6U3NAFD
PG3KM6BT
FR55J8TO
3D5C54YT
UJB3E538
RTWHRK6Q
NEAK1XK3
7DVI7E28
VJVXA178
RGGHYX0R
OIO65XJD
FU6PW2KM
ETJ5UXH4
N6PPTZNI
9P5XKJTQ
3XC7G2Z4
8ZD7PES2
8S5K8JQI
3JADSVRW
EZ6STFNB
98WLOIND
6LZQR1DR
I0P6WVIO
M15SQ737
O1LRHZDI
0A0J45SP
YB7UMTRG
CDK8PW0W
IW2U8P1Z
O91POZOR
AFIBFRBC
7H6F0273
NBZ6AH59
OEHFQ7T1
VVF6SG85
WDTXE4CV
MWRSWYVY
0197WB20
CNZ720N9
VMMKOV4N
GQRCMC9I
E38YPAD4
8TGR9PGT
HHADAHN0
WRNKRJ89
4EGAD6IW
0NR4U1EJ
XZGKWV0R
X0ZBW11W
X65ND5IY
FR1WF6EP
PN059LCX
C9H2292H
CCEH8FTW
KQCU99N6
LIGY9D3E
RAEIEGIJ
3U5NF8K9
3YEM97ZG
LIMCTYFH
PM5NUCYD
KI7E2G7T
Q9PQ5VQ4
1DXN2685
3YKFOQQB
7VWZNEL7
XXDLIYSC
PAN7RTUJ
XS8CEHCN
KJYNUC6E
50TI28O7
292JIWYK
Q72BZ75O
5HO57MDO
0LEI2SCW
M64DTLHM
BDCY94H8
O7M663JH
RH49X8ES
I6MEYNSN
1WGBM254
1ZBCSG2L
OFO5C2WL
7LKC5V6Q
Z98EF7Q8
P3PJWGDX
HAW5CZVE
UBG9HZFR
IPA337WM
YKYCSQUR
SXPTGWTQ
CE82DNC4
BR8AVFYH
1LJLQEBA
VW6VX15J
ND5WBCUF
7FZW8RBX
KPEX5197
R68O7WPC
RVRDK9SF
JW04BQOS
DIEDKLCI
XX978TTX
GUROZ6U4
NL9S5ZD4
IILOIY6P
7AYRN7D9
IGEO6MEU
535VHEST
ZRBMQNTG
PUUU1ZUZ
UTF8CWRS
0XOV1BGH
J3TV0OWK
Y0PALJTH
NUPMDTU0
IGYTVZGF
O0XHEGM9
4AJ31SDZ
CCME2T44
4K53KQGJ
V0IBG13C
DNXBQMBP
9O23RKZW
LWBY39Q1
HITVJ4DL
EL7RDI35
L5YJXZ78
5RCKI6F2
NTO3KRQG
P7PCTJN9
ITDJCT21
22IO4WCN
JKS6OW89
FPYSK9GC
9ZJCWYUJ
UAWH783X
XLYKC9GH
3CL6DW8D
ECUS79ML
EAACESXY
IOY5HV2N
BUY4WSNZ
JLMO4W4P
QHQKX3CJ
VQ4NV1K3
5EJ07V56
JC74YAIF
20BL45B2
QHZTWDLV
VG6D3V9Q
FUW16QSJ
XUBR1H6L
626N6OME
D2Y181K6
TAX9X6YY
LCKS23EA
WPB81V40
OA7RJJP7
BT89F9VD
HXXG15SB
7YEE6YZ9
AVXI622M
ZTBSRI9T
CHOPUN8H
2RQNGHFT
9KNKUSJ1
0T8FW6G5
Z7QR3MRQ
VMM4V6SF
D65UWWVI
LHLEIXDW
8849UQ01
4GR5NYSO
KSR0CU9P
ZPGVND94
80NUWBBX
F6BTMBC3
71UVZ4D4
VF5DGU5N
8UT2KKXK
E3ZCUHIA
M5YAPYI1
EHBNHWPY
G10XY1RF
G1DVEGKH
06RVTLZO
EKZPAQOL
1CPZY7TC
FTXIAT1Y
CG2G7E5K
AGEDJ1R2
SKBTPW6I
EVDTSZ88
FAR
BUI1424U
36LRQ6DJ
OUDUBQ7P
84WZQGLA
S1TJVPX0
BS3U2IVI
BIO687Y5
IYK0BXYG
6I4LU776
31I5J5ZY
LVW5KYBD
RTNH6PIY
PFAD0JLF
1MYQGBDR
SCBGTS7Y
E7AX31LB
YDEXBK8C
AVWFPRY5
URNLED2K
GYV3NP2V
ZDS3O7T7
4FOQQZ6U
G01NL1YZ
JQTICSZ6
327UGC4C
4UTXAP4A
0B1D8WPT
03262B8X
6XXNP3CK
4POOHJSA
OWWIHHG8
O7RJINZD
2AHTWTOZ
LZCR8U41
VY8PK1TQ
AGXSYFI6
5YYAKJQN
9GBHI9Y9
Y4CSSCO7
CMOS1KRI
6EWBFZEH
ATB0J293
ZYG1LKIY
3F5DCBNY
2ZLYJ03V
7P9QPE2E
OMWW6QEN
G5I9U7H1
VPG99JHE
PUUHJUS8
PAM2DIJ1
TLZU3URW
IKP8V7VB
WPX2NP9Q
3VQQYYU4
4LEAZXPT
9DW0SK8V
ZKO2ZGZW
20XJPOBF
6YXKIE1J
QR5FJ2LX
9828R7AK
E65KTXLE
04QQCF8K
2FZSF5CU
P1U537FC
YXTCL1OQ
U81NPOF7
0RUBH3ST
8HLE08AM
PWG6QNDX
BFQKUFVE
HC0SRS56
VK21OBD7
RX3HUR0S
ZCUUQF2V
DUGV7RZ8
V7OZT91H
NYZ9Z9BX
UBUWDS5Q
P27IWAA6
IOP0445X
FUO3VM4H
71W9U96B
LK9SP8DC
DUQ5C333
K20W5KEC
1DV7W12C
A510M7ZW
HVWKOGK8
K5AWOKW2
O79ZQVNT
4459QR48
SSXGTNWR
LW6147EO
QBQ2UMAX
XNG51NEC
LK30FZJR
5OG3NKD8
EDHP043U
DEKAO48P
W52ZP789
S7YQYRKR
FXKZUGG1
X9B6P4QD
G8F2PBIN
RP6ZZ8OB
YT7I8FWF
TU5LPCV3
G1CPLLFZ
MVKYUNPZ
SDOTUDIA
8430JDZJ
1V382ZWL
GNKL9LAD
3CB1RFKV
LFOFUBX6
7EO80YNU
J28QB5FL
LF3ACEQR
1DM4HHSN
PXUFT8RY
CJY0QIF7
U7SPE4LE
SD2Y3PSM
TV5VJJ42
7BST5QWX
GDCYHHSN
N1BDSDJB
UE95JSDL
0PO62NOJ
CYO80M57
X9DQ4T1N
OVMAS2AY
LLQYNOT3
2QDKS93N
F94F36IV
VF1BNRE2
5NGW1GPZ
H0B1O5WR
Y7EQZ0J0
IVZE4FX1
GADF4YMV
WPBJPCIY
H5FMU51C
J6K01J1Q
T5RJ9C73
M4GIORTW
0XEPUDBU
9T69679X
7NWQ53GV
IVSAEJCE
0ETLVVVR
NDKVPDXL
EGAD6GLL
9Y15OLUI
D38VHUCF
XOKMJKT0
HWLBBA3K
8WJZ9ODZ
K9HR4BHG
HP8MRBTJ
6JOXCZAW
1YM5C9FL
ED5PEHOQ
N7HLCIY4
V0D7EMX8
847VCUID
6HH2AAKQ
UREF6BYS
OBLXWH50
CZSHFT9N
46GAITB9
B4PH8G6H
B84UG2VJ
4AX3VHOK
035ZWGZF
3VXCBK51
QKZ5BZSR
8P9P52QY
EGDH1XSX
52BOBXN0
OZQTY1MB
G3KDJNH3
SOO71LBR
T8CA2KV9
P4I92SFP
SVLHFYXJ
5DXGQW5U
HBY8ERH3
PXC9EG57
WF115SZS
0BK4B2O7
337M2WNI
1AY37BLE
M24M3PBW
IWYTE4DL
FY50SCF2
ZGGD2PHT
TBWUW8RY
YOULL
XG3T07HL
U2DHGSYP
KIRDM936
T8FDE24V
SGBV20BV
XD09FYZC
IEWFLTBY
F0P8NMA1
ML42A87S
JOMOPGDI
JWX4GRK7
C4JZY879
0GMYWBVP
2JTZ11B0
FY3RJBAX
WZK4WRJ6
2KV5Q3B9
PTNVG17U
ORIGYWIQ
01QSUSWV
8KTYRIG3
Y80T8FEW
BBY871X2
2ZS5NI3G
MGTP5I8H
RN0KTGFM
15FVZ670
S913440R
O08NZN1M
NK2SZ86O
0BKAJ0DX
93U13J4U
55XH805D
RQHH5HVX
JPWZFRV4
DKV9VFL8
52S5IB14
63XP4WE2
LVVDXS1R
D5VGCCZT
587WLL2P
A7U4O2SC
Y7AZ6M9K
B63AHYF6
37150ROT
VGOZUNQ1
ZEAFPPFU
DOHYCRT2
1902WPZC
BBIZCXWN
I0E9CXLK
T0H4ORT5
G97SDCP0
HRVK7X37
Q8RVEEQB
PD4J3ZEY
AE7TENBY
9MOJN02Y
PVZ6BY8V
8SH28HZF
PJ3GDCW6
R1JUKK5B
11FT84FA
K4XYXWV5
8FWYFNLB
JCGCTRLF
OLRMPBVF
VTUGDM61
S7PQ65F1
FWBYNDGJ
HDM4D3JM
M1GW4NOJ
CN7TYD4X
WMHE4V4B
940P4CTF
DJBIEYLW
UV0W5I1Q
XSQO0RWU
A0PVQG9N
RXWR1D5C
TZOPECG5
F6YBYVJH
Q66IE9UW
BT8EPGOV
GQNQIYVS
81VGKW8D
0NS0K7DP
OILKWI1Z
CX15BL75
7HE3G5NV
3AWCILN3
D6O5NDFX
10MJIGIE
H3103EOF
0THXI310
PK3AWUXH
O4OYY9TQ
G2DDNQPV
KNPUD13X
Q3SJ08Y1
3W8O5VEQ
LAEQZ98Z
5KM6URAG
EZMU7WJ3
2WM322P7
BZF4UMVP
UE0FO8X4
M7KKAFJJ
ZJL8QFWC
J0LCSJ1Q
GMG2GD1U
5YCJ91A8
SAGK6LWQ
QGUJ60UP
1HYT38HL
85WFJVVC
HO6HMH0C
0G51AEH4
4X2SO25Q
0F6BN1PQ
JBE8UITS
4SHX6U1O
J8MMPLOL
9HFT23U8
R3F6YD46
ASKEXY3F
1VRO0NOU
UVMMOT6F
W2XY2POU
ZT1H534C
V2L514I3
JDVHQ2TP
NFFWDYES
8QYUF972
6YXZI6IL
9LSIBNB3
PYYEWDOB
S5XS778Y
HJ3Y97HE
UHBPCXXO
KNWOWRP3
96SMCYV8
EO4KXOBR
4M73UD1K
VWULGX4C
9CS4J0YU
RMZE4CTM
CTQ1SI98
ODODP7H6
AS9HHAPN
J848C6RI
WG4XSUVN
9IAMH9G1
PC72E1FV
9B5EYMGT
HS3M4CM2
XSB090PL
AJNZGLDU
PY734GA3
10SN0VPN
HVJ3DP5W
YCQ4GP2K
TUYX0URV
7GVSMDY8
61XDZE4D
FEELS
GITDN17N
3YWR8C69
9RB3QTFT
YIT9CMK4
Z3AZ5YRP
I0IXCXW3
AETW8AU9
LFBZBQFG
GNNFXFT0
Y4KA5XSA
AEPASKWT
NT5QY3DS
W4A9OD53
A5FJXHX0
VPKSA6EU
OS45SKS3
76Y5BELC
AP6PY9XQ
5YSTPNRG
MGLBMFNJ
F4XVGZSI
AZ05D3SP
U1Y4DNDN
M67P1ZRC
XQ5RDCR4
SEN77RD4
X2YOTZNA
WU8JVJY5
49KXZZPZ
FC6BV4F1
678HY4ZS
82Q2APAY
FZYMHOOE
XYE7Q4DE
TTBU2646
X5I42O4G
CBCK9VN5
H2NUG0DJ
9BED5UGW
RZIBWILU
7IYPQZIX
E4FCV9A6
NI8RNAUD
UFA8MWIW
EQH6SIVG
PYPU7EWU
EZ8YWJ49
UXU5QGHV
WKMXQD3W
UVA7CBCO
J6EOW7A2
FMGV0OX7
SJ72V9WY
M3VCE8IJ
V9VYS6G1
FM17QDCT
U2EQ10D0
PFI52DEE
OHI07Y2S
JO8GQQH9
I6DTPVQL
KHBKK4E4
IWST8IAI
WR3PQTBH
45V3KSY9
TUUCAWWI
7AYG266G
X1AD6MOX
XRU13EHG
9BBZKAX4
L8RPNLYQ
ZAXIFVJN
C0ZB1YW1
GSL4USIU
MLKQ0G3P
5T7B08LX
ADU8O9HK
ZCTW5AI8
VAZRSMLK
MQH829GY
3BJ6O9HQ
8WBW5HPJ
A4LV46O3
7T8MH4AI
F87L247D
LW1I5EEV
0LQBYXZ4
ODET4L4R
BDOM25R0
QLURZZ1X
8Q9F25YK
BK62L6OS
6O8ZFIHE
Y6UW8AGY
DEQGT9QD
LFDK00TE
9BQOQB47
0FESW2CX
OAK39WME
8HA2VY85
3ISJ1S5X
U6LM54L9
046K6QCB
HWUPPF0Z
ZM5OJK79
MG10IH4M
NUPNTCIJ
B2BINYWO
RNNHQPB5
6X4BLSQL
D1XZR81F
QZ3KDBTU
JVHUZMND
237GT5YE
IV9XW0AF
2DHPGT2J
I3BFORIR
W4EKSJLF
0IG6ALMS
3TTPJTD5
UW2XYS92
X842F05M
DZ3AIUDW
E0REAESS
9LHTJV56
5651UZ5B
6FLY7FOZ
NVJADLKO
OP1RCARR
436V63EJ
F8E7Y3QT
M1ZGNRBW
5D3ABLFF
Y8C7UX4P
HFWOOI4M
XX7XSJUD
HNZVHT2A
L33FH0LE
C3PUYFC3
7BI0661D
QELE4QAL
GADFGB0A
TDTWOGS2
HEARTBREAKS
0N8PZ9C9
0ZJ7QYWF
0U8NL1FC
XRW7EHG8
K0ZYHJO3
V4X74RW6
D8ET5XMV
5WJQD2AP
FW5I217K
SJTKAEE8
SUWJYGTA
NUG7WOY0
JPFSXZ3X
APDG0Z7F
GI76TQPR
06BQQ5R5
LXA22193
NI22UBNA
LPQ9QY9Z
0LY3VUYV
VLOWKP9F
CRYIBY5W
C7PC6G8X
KF35UUW3
BPO2FGD3
BWJBDLOT
HS20HH1I
1H5RZ292
H0HO0LUI
70RVBVQ3
MC4I2IS5
JN2IZO4G
JTYT2N5S
KEANB9QP
QD6DM64U
C8BSB08R
NX7R801Q
O33OB7SI
M8SID5SJ
4PVCWYT9
8EL3MM4X
JB6SCTNM
RWT3YS9Q
GUMRKBCN
NCWVJENL
NYKUKO3X
WUURZH88
NJ95YMWW
3H93ZF72
2SIRRDXT
8QCOMCJF
RA26H7PJ
7FMUU77A
MGCXAAN4
0C7WQK16
ZNSBAM5U
I4Q59YHA
DGR8KVP5
LII7ULN6
EYMKKVTD
5SVPOHZH
T7HOSJ7F
QNGQHSFD
B1AQ6J7D
05HWGOUU
BPWHFPCS
6FPIS22A
EOW4TB01
TA6RIXD8
4DUV3W5X
K796N5P8
83XICDTS
ZW5SBBGQ
6HWN3ZBB
TXYIO06Q
M47O0LMX
SWK7E7S0
U3MP7XAK
U0VJGMZI
Q74SL57O
FLF4VU49
QK8LEDXY
2QZEBKQL
KBITNWVF
3GGULCRY
F7GXLGGJ
DCNHRJG3
W45ZOAF0
UXQOK4HA
I05DX7XY
LBFLV3T7
MONEY
G6KNYZ9E
6MPK59SS
ZEF5E6H8
HCIY8CAK
T579NEUG
B11QL5LZ
SWIFZCJ9
39CCWLKS
QQZOV0ND
KO1L2YC6
A66NIKJ5
1GFLM3WQ
3UDQHYPY
PDCZEZTC
HJ0UA8BY
WHQR6ZAJ
JZ3I4M8A
OHU1AMT6
TYS3A1WT
EW
0V9X9PXQ
5YFMUUVS
FRDRL6IK
BI6BINPH
5RKGJQ31
FEJX32LR
SC6SSVJ8
84R45M5S
3FZKDFBL
G8FNNF2K
O14BB5BN
8G2SJANC
VJYYRS0M
MB8VBSIC
56NQ2GB1
FNM8VDDK
E4XEBC7L
UYCJ7EKG
DF3EMBSU
4WLU4YJY
3JV9GWSC
UC8WFREB
MQC4YEO2
READ
CKZ5OLX5
OR5N95HT
80DZJCNK
6LRUYL72
DWLML0IN
STIRZ815
Z8O10LDS
C8U2XDAZ
FXYVBKDX
PVJN58NO
3Y0YVAKH
VYQMDHTU
HDD1XAV0
MZ1V5MSL
BIRWCJD0
1P1A6X5C
XE5YZO97
SPTSYL0F
7S00RWFJ
YFIXSBR0
08FGBO5P
OCWYOH7W
BXPE8RDG
21UVVCIY
7PGQZ0T4
PXY3Q45I
0VUBZO5X
9RVGNUD4
GLKPV809
IHAGC5E9
BW1ABIOB
WXB49HUX
IN6WQ4T6
MD200S1D
T1V3ATLD
70BJAKMN
FW70TL82
00Z49DQA
MZKBEBTZ
MV9YYOG1
YSQQI6WJ
L64CZIXE
MIAA1U9P
B51U0SIJ
U2AZ66Y0
UIAFQUQJ
HA4YBZ3U
HJUWQJS4
XWGFTKO9
1N105BEC
Q090UIOU
GUXE7R2G
NHL51BJH
5ZMVK3CV
U1B6PZP4
41URL6S6
YQ09SOIB
ZK7YATYC
94AUW8T7
45KRYHFU
4KL96TMZ
ITDZ0KAI
ELPRSJFJ
6PY6JQ7K
OH6W6HZ4
GH5ZMURS
LFNKTJYC
U78M2WCN
7XSXQ3VS
1UKDZ9RW
QL7TQ3LI
K4D7BH9N
VSK9CH9C
5FVAY6DH
UHTPWJ0D
GBL93MHM
C7MBC0GS
T9DRFLF3
NT1OFOEA
QQ3H2822
OPE38EZQ
WWPWKD63
GDK5903C
HKCFLH4R
X3KRPPQK
MUIB5GL9
8NHSF6C7
PYSRQIFN
6C86WWR4
DMVDI5IL
1UP91VMF
U6RJEBNB
LNGTT66G
VVO50MSU
2YB6NUSM
GKFWV45G
X3T41802
RPNZT7Z0
4DTQNHDC
1RB73784
EMLHFNIC
SNFEPOLM
016W3466
CG68X16J
REGKHIEL
V0PQLCFS
UURYFSYE
24EADYN1
VZJFOXEN
DD8SCV7K
T141JOVU
ZNWIGWIQ
02H5UA28
TE0YXL8C
TRL6L91B
PUC58KTB
01EXJ5HL
EPE8ZAA5
Q82C2W4W
AQ9V9289
9I94JX53
VBSHKMCO
5DUQHDIW
C8Q3YCI2
EBXA313W
MAGBRMJ6
U588ID6L
S2T3MW4W
KW2Q0OOR
A1OW0HZ8
WEYBVNHX
XJRSFW6A
42DEVHV5
CDZR5RUC
S14SKGK0
U4OUBXMN
NFOEXLEM
6VLUR8RD
XYFEWO0F
JQP7JJBR
NALYGM56
X19G55AJ
GWOWOW2H
FEZ8R1KY
U7JH3Y91
5MH9MTTG
Y1T4RQWI
TUPPDEWN
H4GFQM86
F4X5009W
LOOK
U47U8P8U
AMCXD0HM
NO16X851
ZMV40E3L
R9R2STDR
LAISYKV7
X0T37S4S
LWQ2EMZ2
YGPQCW14
ZBDU8WZM
QCH6T18W
02PGFHTV
L3TCDFJG
JJP2Q3JE
9PNF86XM
5JB0NNKD
Y1OHZP9A
8RP1NDY0
JL0OBT8J
1FZDIUML
LGG4QYKL
NULK5PVS
IYLXL4H2
5FSBW0FS
74CQO6IX
CATCI0FJ
AGNJJHE9
DIEQWNA2
3L887LUA
G0T4RHF4
OUP2D6O1
N5FF3AHS
EATTA0A6
WPU27EPU
7EO1K1YS
CDPXGK3I
3PEZ0XE4
PEB38IX3
E4SJ9HKZ
6G12XI2C
U4I1JSCY
260YSB1J
5XBJMU10
8TA5NNOT
HKAPFL8D
C1Y1GF2I
WTR1CJ2I
63J0A80I
7S8XUFGB
PWV44VED
F2F5MRV0
FS6XKJMQ
9VUZXPOL
J2GCVNXJ
29Y9XWAB
OZVN7I8C
PW0KSJFY
X4DELLN5
XRHV7NQW
OO9KRSCH
SP7Z7SUD
2VT58O69
U2WJS3US
2Q6QL2GE
Y3GDKNT7
J1EOA48Z
1USCWRWR
K7H4EFR4
I0M2EZAF
NOLZIEDE
IW7B5NRK
4B98TQJ7
NVHZE3QX
XFUMYUI3
2T47N32S
L0PXAH22
VFBMC5PD
4SJY84R4
UBIV0C99
HFJ4LM9I
EXQG0L3T
XJBVM3Q5
FTD3EIEE
JABIHYJJ
O5UT6TIP
ICLRA9XF
4JBRZG58
TCVT85CU
QJXN04BV
WXEUCTAY
793TSEWA
FS8OBF2W
F5MQ990R
UI4IVQ4W
DDAFJFF2
5GICFPQA
L0IUKKHG
5ZNAWE0N
RLXNSHCG
ECVSZ6SI
J976MO6A
ZK15KJUZ
SR2BLHZG
8AYV7ZI5
WK73UMO7
SFIKOXGG
45N4DCMV
AXJB3MRH
Z0O1VN1R
3T62EGOL
5VIQKFKF
09RCY7T7
P6IEAFNO
S699M2FM
QRISSQUN
KC07UE3K
9YGQ4ILL
XV9WFOQ3
LIQ6BBZQ
CFEITPOB
7WLKX5W2
KCO1HQ6K
4JFVT8BM
XGN8TA1V
50XP1V6S
5ORDFJVI
KCOFT7E1
Z78J3I30
TVSRPYTQ
SKIES
OUA5KEV8
0BG59WOA
DIDNT
5ZFHYZK9
ARTCGJ2S
YTUFI0HQ
QIKEP1WE
SX1XYN1X
UDQ1I577
MONASM6J
2HU1QUPQ
WE7CWXZT
H7XUYSO1
QR71MZXN
L0W6KIB5
0MCBWKHE
O3U00QW9
GYX92S32
B4XX5H1K
WLDCVFRF
E20Q2X23
OQO9B1PA
LSZ4QB1P
PC3JE6CJ
I78TOVKD
LJDDEXNN
998QFW4P
JWXJ22NZ
O2EZPMAN
O4CUN55Z
QKZRZNUZ
35VA6ZE9
0IVFUCK6
QU4N3410
B9R8WIDO
B2Y1HL39
SJ398NJ5
WGO28NBF
A4K599EQ
QGWFP5YQ
APCAMYG3
JT8DZGOQ
UM513238
9HJH6PQH
28MTU8PL
VF3PSZHZ
8OEPONMR
AW8SQ8ZQ
SPNQYDNE
MHA7TZZ1
HUKU3LM6
EJSEKHUY
J8I1RDVY
LJ1BHQ04
N10YTOJL
08N2ED9T
BWXUESU8
4GTY2E9C
HYXSELIW
SQ13BLN9
G8U0DYK3
ZWECYP1O
UXVI34WA
9SBF3X0F
MTWYD8E1
ZESL2KVO
F95PT9VM
E6BTSTVH
CAXSNJJA
8Z0F7WCY
HTIBTHMF
1GNOX1UI
RK1LP8WX
Q355ASXN
SMIKAK4X
K2A9NVTN
WLGGZP89
0WMLXP6Z
B9BNFQFS
QQOBVU14
KS4HJX99
DKV7LYT0
CTHJPUDM
619GH1MF
BYMLIUMW
MSAUPAPF
3XL8CW1J
HQK5QQV0
XY9YKFER
XCI3T7SL
CHG28MAE
54ZVG2FX
2KP0ZQUN
WC7NRZZS
EJDPTKFE
ADXZEXE5
78GVGXWV
WN97BO6C
X8BVXSWI
Z2X1CC15
49XD92T3
XK4K141X
UK6AWT2M
DTMDIK35
W0EAQG0F
FL8XVHDG
WU1J4QIL
YQ8GZ5LO
0T86MU66
Q6PN6ZW7
WWC6PA7K
PUPUDDN1
1UJO7QEO
X4G1FDPU
2D6ZFAUV
AFT1RL0F
NZ67HOA1
WOP7MLMK
LWWLF4ZG
FG4AQOU8
F7415COA
F5EOU4DZ
1J4SSMSW
JOCQP53L
VPZCYSET
J4V0A1AQ
LNHG7E1I
31IQZJRK
VEW2DNSH
A72LXRQ1
81QEY304
DZWSDMBE
CXZ4PEPY
9ZZ9W5L7
FTL644QT
S9XX953Y
F7HCGKAN
QPN4KN1X
K29UDVNA
UR6LBA5Z
S0F7DN2A
EE9Y2X7D
HPABL0RY
WXV9ZIGP
9Q5751JD
FASVLUB6
IA9EFYJD
4I4SA5RX
BLSPWW01
LCO4NAF1
A1I3QCWX
3TGWS3Q1
B0M5LKXU
BVRN254X
22ZZVYRP
7ST47QP2
Y3OE3H36
HWODI70J
SOSB8G2N
LQ6FZVJ0
K7LCAGBO
1G9PGBUS
VPQMZDG6
QHMZH9YA
2XL7BY1U
UZVP6379
UH1TGFGF
WYY3OC0F
ADF5A57H
6MYCYSN5
F94IRO8Q
7WHKQB80
LY89144E
5VXUF884
ZM7S4OVQ
2NB2DBF3
WI17ZSUL
MURKAUPF
WCIP4FH4
DXMX6IU0
5JKETE29
06GLJTE7
VSREKTBW
1VWWUO7E
0UOA6LBS
DV1ZV8VU
SG5IN20H
NUYQQ4MC
VWYP2RM5
7EZ02H65
OQ1CSJZM
PHN5HPU7
WIQ1PCIS
8XH5VVRU
OFLATBCZ
WIMPKY7M
Y7NV0OT3
UKDFBCML
Y5DLXS0F
VUOH5II6
OWTE4MDY
J22PODR8
S45WROT8
NB3AMQMF
P4AOCEVQ
T8KZAR9J
ESWKOURW
7766R8AJ
XCNHKJ4S
9O3B2S1M
IM9DIR76
L4SPM5BI
RZ4GD0KA
O4N4IU41
9CNY6C5S
7PIF1UV3
FFI9FYZ3
4CRQDVLE
54OXWL2H
QN6GXRFL
BZE8XDKY
SGJG8KDQ
LSB7TAWK
SK93I7TA
QNBPK1YW
WRPIN76D
NNKMXQ4H
OSP984CM
C0LATRFH
I9E55JW4
AIR38Y8G
B95WTQ0Z
5P5EQG45
5AERH7M5
Q7MV56F1
7PDYL3U0
UKS0G1IY
KTDUDABL
59BPVYX6
86Z8ZUEO
ANNWTVZD
GV7UY3YL
DVI1YKG8
T9AXUD3M
BVX7CIF2
1LEZ2OGL
PKD7M2I2
8NWVVYQY
0OV97OLS
D9YYQBUU
0LY09LIQ
KVQKVTDW
CI4I02WW
ZZI5LMCE
3AXYJLJM
TEZB46QB
L8FHN5CM
COVRBVMC
M7VUL5SU
HGBQVTL3
N5TWAKBU
JPID225F
AYFSN2U5
4DF0YQ8O
TX0WPGUH
OFA3P2HV
AG875SZQ
7HMMORKB
SVZBLRY5
TUNNIJ9T
DSZX8M7Y
KR2VOGHK
U3EJBUZZ
3INXAT0Z
GEWN788P
087W7X2H
D35K7TDF
DW371V5G
K5ZLHN60
HKULG7XZ
NLBMVU7G
1JK4B6JW
C35HA9ST
O4R1FXB3
CTGL4BVC
FD7N3TYR
N19R6Q3W
QIPH8KLE
F56EXLPZ
AUVBLP9W
71K42ZK4
X5KEX17T
ISLMA87A
GOFTP1JH
DWEO7F91
TWLQ97Q6
7ZZDTI6L
SWMAJLEY
WU8GWJ5E
SRG02JAA
Q207DKXL
5CFDC47K
HU57K2VV
OR
205CPTSX
00OQ26F2
G8XXBZHK
09EY8PWC
21E8DYU0
PTK617WE
YH7UTCRO
2JQVHICJ
P2TM5MEK
GQW6RIVZ
J9EOFT4G
YQUCDXTF
JZ5HNU5V
C2AVFPGF
CNYQQZ2M
LS1QEGPJ
HDTI7IBX
1HPBPZKM
WN3YDR5B
LXRILHPM
AJSTS0IN
4ZDCTB84
P5LLS9QL
CVJG1OHQ
SNC3WZUO
G1HPB9AM
QPV7CX67
4MA2TPME
0LD5TWNM
I8ZQH13I
MB9DTG33
PQ0ZRU1Y
MP0K1CV2
50067HIB
M3F4NFD9
SAGO524F
BZI3THW6
EEU3H45K
WA8JADKM
RQC6C175
RV5VU48G
BA6PR19S
CQRSIN5R
7DPH6C8G
M5SCSJ2S
BLDDPEJ2
S1SSU7TV
ER1G0BMK
UCQHIMPA
2K3LCT9A
2R1UTII0
MH7Z6CZB
DSE41ENK
6R0FFZJY
UTIBH0ZJ
EGB1WB0D
24XWFLVW
Y3TX6HTZ
75BNSWZ6
SE7057UX
JHL6XYV9
S23WRA7I
4F6NKQAG
6FMXLRVB
DH5XT8M8
N8Z66L1G
H9M1UW53
NV61PZST
Y0358Y2M
OOHGGUHC
FD6NQSOT
KF5C90PP
LSN3KXD2
KWWEXYC5
GA7NE2VO
T2AFV9LU
7Q2OCMX0
UY544L6T
RJCXFT9E
Y96OIP29
H2B6ZJQ8
NF0DHM11
I46MEXCT
9OV8XCWN
8MPM85QP
GQV8GK18
QSFD89ZS
6SDNKEW5
05D7SN7O
UHKPHEOR
80ULDUA1
NZE785YA
0SDTT53F
9BFRTDIG
TD9ZZ5J8
LCP2QPYE
UYLDKO6T
X83IMS5T
OKAH9RNO
JWG9GUAM
1GU7FMV1
6OTA84U9
H3S477NO
GCPVZ1HL
K2UXQQZ2
WSVSBLQ8
8BG9SBA9
0RCOQG43
CTQ9K2AT
CI5JGTEQ
AMUAJUUW
1GNRS2S6
JMYN3FGR
A3KMXUKW
Q99H8C7M
29RGO59F
M8FQH9F2
OVHZZFQN
SVRAAOUI
S87VR8QT
ZAIQV0LO
XPQJT6Y4
ARENQ4BY
7LSKNKH8
7AK8LXIZ
YPWUMVK2
F0JHSXDB
GBHFR87Z
602VNXYH
SJ52EIZG
DYRDO5PX
Y0UOICZ2
KBGZHO8T
B2NJNX9P
AGLW4IK0
55NIBPZ3
31UVU86L
H4KKRJCC
YAVZKW5V
VCT8QKF9
ADG83MO3
73WUYH9U
APVAZRCR
T3DPYZ1C
C0RIF8JD
GN93P1ZT
Q14IJG4Z
4HVK74UE
RJXHV60A
WXJD5Y4T
1XM0CCUL
VWUSK54C
AB69CZV5
U8GXR1OM
QW6ZR6M7
YIAO3EEP
RJO10ZTM
6DAR0CZ3
BKCMBR2M
N8PZ3NT4
T67PPN6V
K0866EJZ
ZTGCZAYG
PFC7WQIU
FCBFQILG
PQ90PFR3
ADW4DIDI
EJ1QJB2K
O6TJ87KC
X65THEU9
E6B2ZT0C
60WMH70C
OAKWMCPC
0VQSQDXX
SHLJWRJJ
VNFJLGHO
AVEHZYK8
1PK70RSH
T930Z2G7
2Y8MB4KP
2PJPWGE2
CUC6IUCJ
UFHZVN9Z
JTY2AAYU
8GCAVXZW
4X2UNQWK
DPO7O5N9
03SEMWKC
UHBGDRB1
2YUNJLPR
ZAYZOL0E
JZSGH2N4
1YLO2OGS
A8AAK4XH
3CL2V45X
3GZHV6IO
2OTUB9EP
ZGECSAOA
8CDAJ6ZD
FGZPRUH3
VCN3BPI2
E48U9MTG
EHZGYHAJ
OPAFAW6C
GLGVJFUC
U80VFQ88
S9YG5EUY
24KDY6NO
GGI9F33K
47SLQLN5
ZIRVEYVR
BAQ3MSGG
STXGN8BX
SBYLGE5I
LNXBBNOW
2LX650ZD
2V0S572D
YCW108U4
2PSDF7W5
CR2OQDX8
YP4UHLIU
3H12V6U5
SLJ6T7M8
D6AFUFNV
LFLHSRQR
T921PYES
QEXU4U3H
6CQWHV9Z
6VK72G8X
29L719II
LYGMZA0U
WS7ZETLF
855CD6X3
Q2NDF5FZ
VU8L9L9R
WZB1CG0J
VVLDD7M1
CD8W8AS2
2WF0ZMQ1
1BWTF25X
3VKFXN34
Z0MDLLJI
0BSBJHDS
UOP2BV2B
PA2W9H6J
VPB7XF4I
UUWY7XJE
S4A0SZ7C
Y33TM6GD
0T72LFKF
NNR53A0I
LPW7IRGK
ID4XD28G
36GDT6QJ
G3YTM3F0
1T3X7J92
F2AC8PMU
VSBNS0L6
JEF2SH0L
BQ5ZUH3E
7DPWRPRX
B8A9NIRD
LU2HC9S6
PD90SRXS
CBT5YX0O
3GGFQTHQ
2FWC2WYD
A9TIE6JL
H64B6I8I
EZTN6LRK
2ZR1ZIOG
QR2P2XCF
4DG3POWX
RQ4BRGGC
3YYHT127
KJ56EJMS
10UO42Q5
14LQLBL6
2L2962ON
P5QZ5XJG
ESE7OTSC
C8TSV9Y0
68N5P32Q
3UVB823N
D6LCCG7Y
UD2X2IM2
2IFGP6BP
52CV8ZSA
B8QBWFCL
3NTOD4X9
3EB2M9BM
R8Z6WMM6
BX4PZ41H
EUX3P1XS
YK00TRY1
J5Z366N2
KAAHPSRU
I4MBY22P
UT13F7EW
C7415BN6
XM5EAXFI
SIF50R1S
C12QOOF0
WCKSFQ9U
LKAPR0NA
DSYDF3LN
3WGSKIMK
9XXM1507
A0XCR2RB
F1OC2P8N
48VEDC6H
5OB3P5T4
ED0TDQ0W
RKACZJZ4
6IOJ26BQ
2X3GSDP0
FR10BIOE
KOWZ3NAA
IEJ8G4LM
QCZKSHKG
QYENS4ZQ
S57SBC6U
W9KT01UK
ZR8YX73Z
97CH2CT6
N7P5D9DE
BPAQT83M
Z7V4F2FA
QC5Q5GA9
N4QH3MK2
A81TEGGL
1KKG472W
7TXBCRKZ
87EWJXWQ
QJCNXR3U
YHTWCMGH
77JI7PI3
AAVANTN1
WAJNB62J
KEBT1EJT
DA6NPG1U
2JPE4DB5
IPTENCJ3
GBCA8CMC
THMBNANI
HSYHXMZY
JN463IFV
FNKMUVZT
51ZDH0UY
78JGENNA
ZATNNEFF
TBLYTGO4
EVAJ3OQU
BLNYHW78
RCM491D6
0R2UK9PA
8KXL8RG7
8ICBVMIK
7NEG5487
361R70CF
O9Z49D2M
5S4V9M85
2RHG56V7
9XRPF8JW
9BS9WTXU
3X6BYTEA
XKX7K2CC
JNHZPI2X
VOZYHPIA
2J3VG8YJ
N10NUJXZ
5V4LZIRB
D7NQI4Y6
WHUEQLF4
XLY95BU0
4MLG61S7
8X4QYW1M
TOIMVYX1
XSW5T0XL
8X3E3BDD
0L5VUPOQ
LUFOEF3E
029ZP8C4
9KKEQPFE
DAD7JCJB
J0O5MHG4
MT4HFHGN
LJKC1KQN
AIHJMVO1
IMK79CXS
8CVNRXEG
OZRZM5C2
08FX1XIP
63GAHLW5
F15P2QJ9
357CJZZ8
574WAFK0
VQHEFCXA
6TH9XJ90
61FGCT3G
P4GHCYAD
K0XC71W2
5VS0L3L6
AXNSAXQD
H5SBCURJ
XTKUB3BT
9J3GI5YO
2N7249LY
51PFQ3S6
2NSESU94
D5DQILAH
I4BRQRK5
16WHITWO
WCMV86Z0
WGY9P7ES
WBGMG0QA
21E14Z2M
LYYX7873
H3UZ7Z6P
CC1MKCOM
YR04JK79
I7MPVSY2
0JQLG7VM
B0MCE9GD
TD29KXN6
T7JQMC93
R0JR5S7U
7JR016QS
KIJDO1HY
AY9VRSS3
THPT3KVQ
J0SO8A01
15A8GTN2
4VHBOA4O
TBCBZ4L5
SDCUM26V
0AZUE22X
BG0BGWHO
7EFJI6S1
SNBO0H8B
TKI8AOOU
46ZBXSL3
UBYMOTY9
SDP6PDX0
V2QBZJQO
WLQWX5XV
143AEIFC
GTSXVCK7
K60CMEJX
XUZ1OF9A
7QZHNEQ0
LNLYOYS4
Z4MXZGEJ
S3C48Q0B
OAPF8UOD
M0VYAMUC
U0VD7GLE
T21TUQ5E
EWW3HX5R
E7BR2VBH
WCV2LVNM
K48W3K46
GDWODZSL
BHSVA5FU
1LU42JU1
1B01R6OX
ZCP4BV7B
3ZV05NEV
6CE7FXLH
MIPHQ11T
WEBF3CB5
3REBAHLA
ZERIXVDP
QW13XG43
0ZPBYSN5
D0ORC6VG
L9004FYC
M7ZZ4PWA
43GT78NS
40IT1QPE
OVUVBH1B
BUCQUKH9
5LWVULSZ
K9R6UX3B
L6TP16RN
17XCZMH7
9W8TLCLN
V3MO4GKN
TVLQMSZ8
ETSFXH4Y
TN8CBP9Y
IOWW54Q3
ICU5440S
DY2I2KJB
94FYC7I4
U2HUN5LT
LJ5LHZW1
PCDD2JBL
SEPY92KA
YIJGI392
FHAFBEQS
OF385E2S
K9FZNPS1
2B50DSGM
JCXBN7SK
46FZ28XJ
RUGEATTK
ZATT71VF
9IIH8BXF
SVVPD75S
DRDJC7IJ
RY1MXF50
6S8221HZ
IPGGFA5A
3S9Y8Z18
9CQ9KKZE
3AKFKTOY
FC56DGAK
TB4MPFWK
7SRN75YP
MC8V7FBZ
JK87FHHV
NC6KJMJW
VWKUM46Y
OIJVHV6J
OB15G1TH
YKU15927
MV888PQD
M0EGU96K
G2E94R4U
96TDVBL1
IKSX9T3X
FO02CMNB
E2W55UNZ
1XGYLL23
9PEGW4Q5
U5Y3ZS50
8E0EM98D
9JBC9X3K
0WHXYKJL
39G5GFVL
XRIEJWQA
VDWDAHEO
88NP56SK
GBJ3NY5X
J7G2CP2O
CDNIPNYU
LXKCCSM8
PPBJKDQX
D74V7TQW
26RMCO3N
D9ITEBKO
E56CQ340
Q130GW84
8DZ7A2CR
R1R9VW9P
MWB539Z5
J0OM3PKP
ZMA8QCVO
00T2OE42
I7OTSWGL
XKWKSHYX
AYI0K71F
3W1CO7DI
R53PLBIF
X12E99WW
7XU5RKXY
MY0M99KY
ZS0U8A1Q
3PMG9FDU
ZR335XIR
KFKXVC9Z
7TZ1OQWY
X5VO1V2G
IBL403I0
Q4JRIM4E
35YMH6K0
ZWSMK6KA
856VRRYO
7WE102KT
77KLJPY7
JAAML4X0
HUAVYULS
W4J1CMN0
RDC7U914
Y5N22TEY
8QEU9OAW
7VO8Q8JR
DIJM6528
LTYTU4MS
MA7N7EJI
0NQL756S
J7WHRD1W
0DTDHZDQ
Q65COMPG
UOGIFQQF
AB1BZLB9
TGK6IEVY
M9CMLKQ3
KVLKS61Q
2N3U2NJF
OROOIX0R
QLFW5YHC
L2O032R1
619F030O
Z0JXDGSM
I4WTNJC6
6YS9ZUZM
6EU8GTJD
A4VPE2KE
VKB2SLTV
Z655419X
DH7XN9CQ
AXPN1KEZ
H9KK38BS
18JK5AC1
EUPJ8IFK
3WOGZS3C
S93TWO0A
OHX4EQAB
081AJC65
26PEQSRX
PHNCLA98
7Y1LSV6O
BV8XIIOC
UMCF1BU5
A47M38KP
LQTIAN1S
3P3LKZ5G
W2QMXIWF
8A6OIC98
GO694TWA
W2JICE86
52IAEBNQ
6P6SJPJ2
ZG2CGI28
7SLF7ZN2
G7RV8XG3
K1AGMAAA
W8RX616R
ZKOVKSUI
I4TEWIAY
O2KJL655
YQO1TFX7
SCIB6CZF
Z8K1Z0N5
V77VSX2J
CCI34IJB
1SKLMJZM
CL4XIIAH
1KEPUL2F
387HQ0YU
M0FEFSNP
8K5JF53S
A3CP1GT5
1B4OQ55B
X2SWK329
GGXBVI2F
7ZN7W0M3
80OIJ0K8
OWBL8OHR
C55QNPNX
Z5V4XFUQ
0WCU0P2X
FADB8YRO
EQVJIFXJ
RISDMW98
M5MWY0ZL
O13FQFXE
I9ZH7AO2
D4MPYOF5
6PHTZ6WN
9I6C09IO
GG7QXVN5
CPNZ3C7L
0GVFN3M1
85JXC2M8
QEXFD59Z
SM9KIVLI
8SMOS30D
VF29XPFP
8PJAWK7H
WNFIREVQ
PMUF4FUM
382STBX4
E8AUES60
H04KSYKH
83JXS92B
UT7PB5YR
PMFVGAS4
KFRI3B3G
49KXYRRS
VCC5XZD9
15SPG3F7
4688ELEN
9JC9LS0S
OW5QXGC0
RCB89VC4
Y5SN4OQP
867T3QGN
LYP9J0AW
Q33DVEGJ
I50K8S1W
TYOZV446
ANZHVZPK
RA07LJ9J
SX7JFP3U
P7I6U2VA
0RO7WK8N
GUOMI52R
3I17YPJ8
KJSEP324
534YNMUK
36U8OXRA
IA7TXZOF
EHIH8A17
5LMXERRG
7YRVG0LA
WJYTVXZS
EXFVAWAW
16COSPAE
6MGHU6LJ
IWR5G8WU
9UWO3C3K
V1TYPUII
N6GLTLMN
Y9LWMTW9
GFOIUZ2F
D3FBREB7
CABCW192
6N7OWWE7
14GPC068
UD6HEMVM
XGWXFN3H
W2KF0N28
A3R9AI9K
U353M3DN
G2QRQUTM
IEC0PS0W
UUBS2ZDA
8NYHYP74
R0NCAA5C
S4YTA5I5
47OIEHQM
U5GI6JMQ
OVR78S3T
E1UNWNV6
MH4UUK5X
FTG2YSNW
QBMUV9Y4
SOZMIPY7
5PNZXKFD
VF9BKESA
HT044ID5
NIE95Q3I
TGUS2AH8
9A9EWMBE
3HHN3MCK
T2OANL6E
Z8K9FLC0
8YAMVYKK
DXOKD4FY
JTOUO8Z1
3DOG6SWB
9HJ5KU0H
1IIOQH3H
LNIZ4BQD
3YM72VXR
L2X2X86L
F79TYML8
GUXOW4SS
T75O61O0
1QEEEB0A
O70LW1E7
H9YXLY14
LXG46QB0
XZTOT19O
PG350R6B
BZWH107F
JRJZSZMP
AT0GE5AM
0CKDS54T
GD8Y6H7H
D5C3XZ6B
QVTNDGK5
9X0P23IF
J99Z7IZ0
UQSP8VY0
DHEYZ5BN
AL322N4Z
3EIVZL7P
LGUO1R0K
ALQTBKGU
F9NYXNT6
OOGHMICK
P7DGB0AX
KIJX5PJ1
DYW4UBWL
CZCSLIDZ
47Q04APC
W55M19AN
WC4L5SIV
5MYMGILG
XDKBC95R
6HLRR9Q1
N3878V5E
19XZMU2I
3BFP4UCB
IZ1127QK
E9KDR1L2
BXUZT9A1
VT0XF0LP
G8B7G23Z
9Z2D8NIL
8Y2T0AZZ
LQP4JKXT
4H6BGBFM
VNXWQ27B
SWRU1RPT
Q0KGL3U9
DIOIUWFR
91D8QQRA
9CH4PVMV
AZSYMEBO
UKFYC0E1
WPPB2LYD
HMV4PO9N
ZSVZFNPJ
LMLHHFMG
TT6NIM6G
9CQQBSW2
DV0UW0CK
W38WEQY0
OG7KSQMV
V54WHELG
CGWGM8Z9
7RDT0OUJ
J1U3HD1Y
C7BVLYF2
YB4U4Z40
OIQPMT9E
SHER44SX
KBAHWE4B
5YULG5HO
277VI585
R4KTUG8H
E59L052E
W2NQGMR5
5APB13Z6
O1TFAJQ1
XG8Y5BNI
F50OSPZU
QXWY6407
HEON7AQ5
5VIRZNTE
PM4NW3BQ
8YKEAL7H
R61MIEWZ
0WDVEA0F
NW6KHFII
Y9MPXKBZ
5EAEJCYH
HHLBKT8F
TDFMEZ2A
ZGDXIIQ5
NDO7R1PP
XCHVSW2U
LNPVBJDL
VEZQ9JUM
DEZ524MY
HF895KX8
6GMSSDSX
IIVLXJQE
MK7EOIC1
NNKPHDD3
C77DLEKT
SKPADIZ1
G4IMYRRD
Y2Z373Y2
01TPIP12
3JNMEC5W
HR5M1FOF
SYVDZ2Z2
MWXHPIXM
5CRI8RD8
DRO4CXVI
YSY4CLIN
178DZ17Y
U3AN41MU
OTNQA3LR
WR6CAHOG
N4T3H9PP
6WUEEE4B
K9SXR5N9
WZZACPPP
AZ08L2W7
X3OW2E3Z
E7FBYWZB
V2J67FK2
YMQQVMIL
MBKTM50F
NMEWA4BP
NQO0ODLW
2N43HUE7
K6BEXMJI
IRRTDUAK
7SK4QEYH
5JUO6DZF
A7UGZA0Z
QL9OMDQ5
3F20KCD9
686OFFIS
UL3MUCAE
