22
187
600
727
784
916
1308
1362
1377
1450
2259
2378
2432
2514
3406
3661
4148
4459
4684
4803
5019
5541
6462
6871
7018
7231
7352
7407
7426
7433
7438
7590
7782
8098
8617
8846
9103
9117
9378
9738
9829
10538
10566
10684
10943
10958
11095
11408
11411
11460
11585
11645
12085
12100
12396
12709
12875
12998
13127
13145
13286
13410
13467
13922
13997
14181
14333
14723
14744
14802
14878
14903
15008
15044
15511
15829
16606
16845
16906
16915
17177
17225
17914
18732
19251
19569
20290
20295
20423
20473
20770
20785
20944
21301
21868
22258
22715
22805
22860
22910
23170
23415
23685
24074
24631
24736
24790
25469
25572
25886
26150
26328
26678
26865
27103
27201
27335
27529
27618
27858
28105
28433
29608
29628
29657
29763
29811
30049
30301
30403
31402
31495
31893
31990
32077
32425
32513
32895
32948
33121
33286
33428
34113
34287
34879
34955
35181
35537
36061
36654
36888
37065
37480
37595
37733
38219
38553
38672
38917
39737
40645
40751
40813
40814
40913
41156
41927
42049
42382
42387
42938
43142
43295
43322
43428
43760
43968
44485
44556
44721
44942
45094
45256
45722
46675
46705
46777
46881
47079
47310
47524
47575
47762
47942
48148
48263
48344
48516
48735
48787
48973
49201
49240
49548
49650
49836
50032
50060
51080
51676
52098
52430
52610
52634
52786
52970
53279
53378
53431
53467
53690
53774
54145
54571
54584
55094
55301
55669
55765
55772
55794
55972
56010
56059
56282
56311
56873
56938
57042
57459
57612
57658
57961
58108
58342
58382
58845
58908
59137
59713
60428
60934
61063
61126
61129
61233
61994
62060
62268
62295
62446
62575
62865
62916
63295
63378
63539
63715
63733
63737
63917
63984
64488
65218
65299
65314
65403
65535
65862
65907
66144
66287
66551
66693
66809
66872
66991
67820
68255
68257
68713
69533
70096
70318
70563
70587
70602
70930
71025
71383
71498
71641
71720
71789
71845
71995
72262
72847
72972
73043
73447
73448
74172
74402
74523
74692
74871
74994
75000
75005
75302
75684
76167
76251
76270
76722
76853
76980
77151
77583
77584
77758
78283
78753
78856
79012
79050
79106
79165
79185
79345
79809
80273
80292
80665
80767
81075
81308
81725
81891
82004
82194
82792
83043
83351
83491
84231
84298
84398
84899
84954
85301
86006
86153
86272
86278
86681
86797
87126
87248
87326
87352
87920
88040
88206
88260
88286
88721
88868
88993
89288
89820
90276
90908
91053
91312
91507
91905
91975
92052
92136
92315
92485
92552
93378
93438
94201
94349
94371
94410
94566
94672
95413
95451
95656
95874
96441
96573
96848
96982
97641
97782
97833
98211
98644
98974
99367
99774
99790
100168
100275
100404
100536
100611
100962
101440
101556
103186
103437
103488
104245
104379
105121
105135
105342
105422
105687
106257
106409
106413
106431
106544
106587
106649
106662
106935
107090
107201
107254
107646
107731
109128
109491
109514
109642
109780
109994
110603
110691
110970
111187
111826
112359
112913
112961
113546
113847
113862
113929
113970
114009
114058
114272
114568
114891
114894
114949
115088
115438
115527
116327
116505
116615
116757
116861
117012
117337
117362
117375
117683
118578
118973
119689
119759
120018
120158
120176
120354
120390
120498
120768
120781
121063
121100
121562
121730
122060
122102
122165
122181
122334
122376
122377
123092
123118
123355
123607
123824
124160
124209
124917
125585
125632
126152
126885
127431
127513
127562
127683
127771
128401
128534
128548
128669
128710
128924
128938
129125
129133
129146
129511
129718
130029
130128
130255
130297
130417
130447
130596
131032
131183
131260
131711
132192
132240
132382
132781
132836
132843
133265
133288
133667
133783
133815
134238
134948
135141
135142
135318
135682
136495
136921
137016
137034
137069
137158
137479
138452
138456
138555
138556
138716
139395
140210
140305
140473
140483
140800
140933
141016
141070
141321
141420
142117
142282
142351
142736
143137
143177
144105
144394
145071
145177
145210
145274
146293
146376
146513
146929
147125
147170
147675
147946
148375
148444
149097
149578
149671
149707
149818
149860
