ARNK
CVKF
CFVF
CIUE
BOVZ
AZGM
DCBY
BFBO
CGKJ
DCIH
DCCV
ANEJ
CJCD
BEOA
DIHK
BYKG
DFFV
CTNO
CXFR
AVMT
AUJE
CCFA
AJHD
BEXH
DHJT
CDKT
CKDM
ABCX
BWFP
BJPM
AZJY
DDSD
BKCB
DAQN
CKZT
DFOA
AQEE
DHVU
DIXG
BKEQ
DEBO
AUSR
AEUY
CCDE
ACKV
CDUV
AHBC
BTVJ
AZJQ
ARJY
DBSN
BBRA
AUMT
BSTP
AKGK
ATRB
AGGH
DEQZ
CQHU
AFQB
AVXU
CAUG
BZVW
DEMR
CLJX
AVCR
BRHY
BKAY
AIJH
CZVS
CQKG
BDLP
ALQQ
CFND
CDSK
DFXP
BLWF
AENN
AHIS
AZBB
BJSV
CZZF
BQIB
AGGG
DIDJ
CARC
CZFK
CCKC
DBCW
BXYI
AYWU
BELT
BMOD
BOBK
BLIK
CPXG
AEGN
COAK
BSPN
CEYJ
CDDM
CNAU
BONN
BPOY
BZUL
ADZU
ADST
BSEK
AWUY
BPDX
CZXN
ATZO
BXYN
BLIT
APHB
BMPM
CMXA
DAKG
CZJW
BBFP
CBRH
DFFQ
CKUZ
BKRL
DEHL
ARHY
DJDN
CGLU
AFIE
BCKM
AUFT
ADZK
BZWI
ASXR
BGVR
CBOA
AUSP
CNIM
ANUH
ACCN
COUM
COXQ
AJUI
AFZZ
BZJS
CLDR
AHXK
CWNR
BNSF
CYVB
BJSM
APWG
BQQS
ARUR
DBFD
CNYF
ADGO
BXRB
BQCV
AWSQ
BYSU
CSJJ
DGNY
AUBY
BSUC
DJWQ
ABKC
CXNF
AITQ
BQVE
AITG
ASHS
CBUC
AXPY
BLHZ
BTJY
CNXO
CIBN
DENB
AWMZ
DKAH
ANPJ
DGLE
BZKG
CPVL
BKNE
CZCO
DCYU
BBHA
AGMM
CUCT
BPRK
CCJZ
BPAN
CCEG
ARIR
CGBP
COGF
AYWF
BAZV
BVVA
DIYA
BOWT
BPMU
CPDX
AVUR
CBQT
ADAA
AOTO
BSWV
BEPU
AOQS
CKRU
BFOU
CVYA
CJSK
AENB
BPEV
COPT
CWYX
CEQD
BSRH
BTSC
AVXA
CBFW
ATOQ
CLYD
DIXK
BAIL
BOUL
AKZP
DKLQ
CYHS
CPBR
CSXE
CGRF
AUWC
AUAJ
DJIN
ATSA
ASSC
CSWL
DIKK
BKDJ
BKQV
BRPQ
AHJQ
BWOU
BXNA
BYAO
BKND
CRMF
CNUU
DFQB
CCDJ
BWGI
CKXQ
CNJU
CGUI
CTOH
CNSG
ADPN
BODK
BXTE
CHLD
BYUP
BFPF
BEGO
ABBS
CGOI
CHWH
DAYC
BXPE
BMTF
CXBE
BHPO
BHRO
AXHG
CXQC
CZOU
BDNL
BBEE
BHZO
BDHF
DJLF
BPPB
BHKU
CWIT
COMQ
BAEG
CXYX
AVOO
BFFQ
CPJF
AEGO
ACBG
AZOM
CFWC
BSBV
AGUG
DGGO
CNOR
BMWP
CUPL
CSAD
CCCN
CKZU
BCIJ
DGLO
CWGS
ATQE
CVRN
AFLJ
DBYK
ASIX
BQYL
ALHR
AHWD
BYYG
AHOI
CIAW
AFSV
BGXP
BTKC
DDMX
AFHU
DCGF
CNWS
CJGE
BYNP
ANHN
BCFC
ASRT
CCMV
CHGS
AZSI
ALYX
ASGH
AYQT
CSEY
CJXE
AIMZ
BTBE
AAYI
BFQZ
BFZE
BGTX
CJYO
BHLM
CORR
BPRF
BYBH
AMZM
CQZI
AQIZ
DFGK
AZAW
CLMH
BTAT
CVQA
BVUR
CNNS
DHMC
BKKB
DFFW
AMLC
DJLJ
BNSG
CPUE
ACZF
BCAM
CCXV
CCLS
CYBG
DAPH
CWKJ
COOT
BGEO
APKE
BXLT
BAWT
ANDK
BRSF
CAVZ
AYDM
CPXJ
CKPF
AZKU
AAXV
BVMK
CCDT
CIMP
CMAA
DGUS
CUIM
CPKU
BKOR
BYXM
AXAY
ABOM
CXIA
CPPI
CJGS
ADLF
DKJF
AXNN
AEDC
AUFI
BYFT
BZPT
BSGR
CPKN
AUXB
CEIK
BTFZ
AZVQ
CEOG
DDFI
BUUP
BFAG
AICF
CXXN
BGUM
DBLJ
CVNZ
DJFT
CCAN
DCNZ
AZQQ
BCQZ
AWFL
BYAS
BKCE
CYOM
CJGV
BSLA
ALBN
CAVQ
CWSN
BIXG
CGMX
BNWB
BHPR
CKXZ
BPES
ARDD
CCJO
BLCQ
AKNW
BWVH
BQXJ
AXXJ
CGDQ
BIEF
CYCC
BHBI
DCWG
DHQG
CMYL
AFQF
CGBE
BWDO
CKGZ
ASXP
DJSA
CNOI
BOTE
CURF
ABJY
COGY
CYYU
AGNU
CVSG
AYLG
BESA
AFII
AHZS
AUHP
AISG
CZBN
BRDB
BZZS
CUWZ
CQIR
BCEF
BDFX
CDTW
DJLD
AVDD
CMLV
AGRA
BBOP
DEPJ
CNWH
ACVK
ADRE
BFPU
BTJC
AKTJ
CAGU
CROY
AHNO
AIQK
AHZP
BPSG
CWCS
CLQB
BZIF
CIRG
AXVH
DDHA
AMWP
AILD
BEKV
CZVH
AMNN
COAS
CSAX
DAUP
AMDI
DCSY
CJQE
BUEI
CUQV
CYWE
CFWP
COXY
BGWT
CODL
CKZE
BPLN
CWZV
BAKO
BPET
BXAW
BUOZ
CESC
BJSX
BJPZ
CEXJ
BXMN
BLXF
BIWX
BUNX
DJUR
AFHN
AYKN
DBVK
BDZE
ARPV
AVUG
ARZD
CPYL
BQRL
ATDF
CNAX
BKXP
ABXE
CDQW
CLYB
ACKS
COTW
CFXM
BDPX
DKJL
CDEP
BSFG
AJCP
BOLR
BEHL
ATXX
AOAV
CMER
DGZE
BCYW
BXZD
BPLG
DCIJ
AOOL
ALBG
ATRH
BCEN
BQSC
BLIQ
CQGD
BHCK
BDPH
BESL
BUFD
AGQL
AAUZ
DKFE
BOBZ
DJOM
BSFM
AHJA
BMQA
AKTW
AJXZ
CUOD
BQXW
BIVZ
BXHN
BJBX
DHBS
BSJL
CHXC
BWBU
DANJ
AHXM
BFLJ
CHCH
CELG
BSBI
COQD
BVZH
CXHE
ACAF
AVDL
AEXO
BOGW
CPJJ
BZOK
BSOY
DAEC
CZKG
COSW
BFNZ
CVKJ
AOAN
CCNY
BLAP
BAJJ
CFVN
BBSI
CHBC
ABGH
CPNH
DEFN
DAQD
BKZM
BAMG
AQFV
DBXY
BKHQ
DELA
AZAI
CIPT
CSAE
CKGR
CEIO
AAFS
AHGE
CVPQ
ANBX
BXDL
BVDV
ATCO
BUCC
AOYQ
CPRW
DHXQ
DDJI
BRBH
CNHB
BCBX
ACAX
BJAS
CTCZ
DAXO
BVTI
AKEH
ANAI
BWBL
CDFS
ACCF
CQPW
CZKS
BYYB
BPPW
CZBD
CVGL
CSBQ
CYPT
CXVJ
AJSJ
AJBZ
AMBM
CSWZ
CKVU
AYEU
AVZQ
COGJ
CVEV
BKVP
DEVJ
AIMO
CVIO
BFEX
AUTI
AKKX
BDGZ
AIJZ
CVEQ
BBSY
DAHN
DDYD
CEKO
CHCI
AFOA
CCYF
DKJT
BQGN
DEOE
AKXG
ACVU
AQZM
CIEK
BVYA
CFGF
AUHB
DBIV
CMHC
BABK
BTDH
ACKN
CTLM
DCEQ
CUKD
BXUZ
AJIT
DEPV
CMHL
CCSJ
CNGB
BKJW
CGXM
ACVA
CTBY
AIWQ
BABZ
BYIM
APWL
AEMU
CQUW
BVZJ
AOMJ
DCWD
ALSZ
CXPV
CVBH
AYWJ
DEFJ
BCOD
BKJI
BQAE
ANTV
BWLN
AWJY
BVFC
DHQF
BKAS
BUIY
AHFC
BMQS
BZUA
BPEL
AZDQ
CQTT
BFKT
BLMD
AMNJ
CGJE
BFVI
AQYR
BILB
AURB
CUXD
BFNO
BRRZ
AOJE
DGBQ
DGPS
AQLB
BGWQ
BNLA
AFUE
CWMH
ATFG
BYUF
CJQX
CJSY
CDMM
CIMC
ARZB
DFDV
AUYF
COCA
AZGJ
DBXD
ANWU
BFUK
DCEW
BBSE
DKOI
ABGX
DHHA
AKPC
CDHQ
COOY
ADFH
BFSY
CFLC
BZVS
BAZA
BTHP
CGQF
DFKS
DAJE
BQRU
BFTQ
AUEQ
BDGP
CYBP
CDPJ
BCKV
AZSW
AVIR
BYQE
DFIG
BGCO
CTFK
DJRL
AVWN
BOLQ
AELH
ASAO
CLNS
BDMT
AXJE
CSQG
BBEJ
AMFX
CGGS
CVCQ
ARWP
ASAB
COMT
AYMQ
BCMZ
CZFH
DGMR
BIPT
AEZT
CTLI
AUDL
CNHS
AQFX
ANRW
CQYT
ASDX
BKRH
CZTO
CFEB
BLXD
BPJA
ADRY
CQKU
DBHR
BFDI
BBZK
AHYK
AQQI
BUUU
BPNV
CCPP
CPEH
CICL
CKWG
BTLE
CZCZ
BSCQ
AOUY
DJEK
CKDU
CZFX
CQVX
CRPK
AYDX
AQQL
AGEM
CKWV
CKTS
DADV
AIQW
CJVK
AWHO
DIEV
ANPY
BTVU
BGOY
CKRB
AZGH
AICQ
BGAY
AUAG
BYJP
CRLD
DDDK
AFCA
AJMK
AKNL
BPII
BTEI
BWYG
BBCL
AHMR
AZPL
CGWV
BJOL
ABJX
CEAU
CAEE
CBPC
ASJO
ALXV
ASQF
CMAP
BRTS
CSJD
CSIW
AIQZ
ACZK
AVSD
CCBA
AGCJ
DELF
CLJE
BAVO
BSAT
BOFW
BVZO
AKKV
ABWC
CQTJ
CPIP
DDTO
DGAB
CVEK
CDWQ
CDHV
BUOE
BXJN
AWZQ
CZIH
BDSA
ATAU
ANOT
BEWA
ARYK
BLYT
APTC
CGFF
BDIO
BPZU
DFFK
AUES
CKOS
CBQK
DJFD
DEQT
BKHH
DHZT
CGSB
BNVL
BYEF
DGBE
BDTS
AHZW
BHWM
ANEY
BCPC
BUWQ
BNAS
CUPT
BJYR
BHNJ
CVKX
CZPI
BPIH
BAME
AYWD
DKGJ
APQD
BDXQ
CWJW
DDWO
BRSY
AZFV
CMEH
DHTX
BOUW
CDVU
DCGN
BKRB
CPTN
CJDI
COHY
ATQT
CMLS
DCEE
CQBQ
DHLX
DBXC
AHRE
CMFJ
CPMY
ADYE
AYMT
AOWT
BOIH
CLSU
BAOJ
DCWR
DGRY
CSGK
AQVO
CVDR
CCGA
CXBA
ALET
AIVT
AXTR
BIVE
ALWM
DIUL
CAJR
DDKW
DAST
DETS
ANES
ACJZ
BZJX
BWTO
ATBK
CRVA
AVCB
AODC
BTIZ
CUKS
DIIR
ALCL
BDKT
DEVU
DANG
BAGV
CEEN
BIFZ
BZSA
BTEW
ATGZ
BPGP
AXRP
CUAM
AIDZ
AHYB
CXVM
DFBG
AUJV
AZKE
BCPK
AWDM
AOLL
BKPL
ADTT
BCIG
DHTF
COBS
ASED
AOLR
AOAG
BQEH
AHZR
AGNR
CERC
ABVQ
ACDP
AKPA
ADGF
DAWV
CHOZ
AKTG
CJKI
DBKO
AHOC
CTZV
AYHU
BREO
BQBB
CDRS
DELG
CDYM
AIHR
AIER
CWPH
ARMB
AWTF
ACMJ
CMXO
ASPJ
CZFC
BKKV
AWTE
DKHR
AKEV
BFMK
CZUH
BSQQ
AMBI
BAFZ
CCQV
DBFH
ABTZ
BPWY
ASHY
CCTB
CSSR
CKTN
BPRN
COGL
BWFD
AMTV
ANBZ
CTYC
CIVX
BCFL
DAZN
AHLU
BQEV
BRTO
ANKB
CZAH
ASBH
AOAJ
CUCU
AOYP
AVNO
DAAD
ACWH
BSFT
BDPJ
CIBJ
DAYS
CUOR
BZWV
AGZQ
DDAG
BIIB
CLSA
AOPP
ADTJ
CSMO
ATGU
AJSP
BMRG
ARPS
AMJB
DANK
CLJN
DFFP
AQVK
CRGT
AJWT
AQBM
CBAR
CMLZ
CTLJ
CJPZ
CPLZ
