4MW
7hZ
3XY
aFC
5qW
0Jk
8Dp
4FJ
7Tt
2Q3
9IW
1DN
9ED
3Mt
0Te
6bK
8ed
3sF
adt
3as
2mA
Yc
4kC
9_U
bby
1Gz
2ob
8a
yo
0GY
8QH
X6
9Cl
8Oo
5OY
4OY
7b6
78f
5dG
8pX
bqs
37d
7ON
a8v
op
4UK
2cV
5Mz
42N
P
3Og
2YT
ZM
aR5
53A
aKn
apD
0nx
5M3
5Ok
bwX
1k6
6hI
a_V
aRg
1m2
3Q2
8z
S0
oP
9Nt
51z
5GK
4UG
8MU
4Po
u7
5W5
7Y0
3mc
4Ps
4bY
0E
5J8
8Rz
RB
3BX
3rh
3lA
aik
5EG
9E2
6Yz
6mQ
9OQ
2DJ
G6
4jx
1Gw
14R
1QH
0rC
T2
brp
5GL
3du
4fG
9ZV
0jC
6iI
F
x4
3KH
8iP
0WD
4fd
4LY
fB
8AM
2n4
aOR
aLs
7hc
20_
1nO
boY
50i
4uF
0Ap
aBH
2jf
aLq
489
9YG
1Kq
eB
2uN
afj
6zO
84q
4LE
8IP
biS
a_5
ZT
42Y
WJ
09o
8tX
6PZ
7UE
am6
4W0
a1U
aIF
5a4
5xk
7vM
azq
2lZ
bqC
4EQ
34A
02z
2S4
7oE
2gh
2op
3CN
1oc
079
4z0
517
6zl
aoX
2Co
2EV
dK
6zZ
0kO
1FP
77k
ue
aFb
8bn
9Fo
3lc
0qS
2nv
0s1
aXR
5r7
4kz
7UQ
AL
0Rv
8fH
2Qc
2ot
21Y
4d_
43u
7_k
389
6Eu
3qI
afB
18J
7_h
0Wj
35k
5Pi
39H
5sR
5Pv
azo
9AD
2NQ
Lw
1ON
7wL
3V
3Mp
9yz
6np
8Sq
15N
38t
8YH
87z
1Ap
2Rv
akZ
fC
8A3
3Va
Gj
4L5
4ma
8g9
8N2
6sH
6Qo
0CJ
aJZ
aoZ
5lZ
0i1
9lR
0sB
0Cp
7Df
68c
2Lk
420
a2I
6Mn
5Lz
0L_
3AO
3UV
268
5Qh
8Kc
3LW
60B
5tB
9QB
4xK
2pr
1yG
3Dr
4_x
07Q
2jR
4N1
7S6
1Yd
27M
a2d
7Fd
6OE
6Vn
9fa
30q
85D
XX
7nx
2cO
7Ie
sB
aFz
35z
9o8
8rW
80F
02W
0Ax
1Gt
boy
8LC
1Wf
7_5
8dw
0S_
89I
8F0
4Lc
7lI
19p
2iY
a0Q
3zC
5hQ
1nq
2Dh
39Z
IQ
4ZX
6KK
4zw
5gI
a3g
70G
89u
bzN
5Cw
1gN
9Ss
6p2
5hC
a5z
08_
9Y5
6i2
Ze
1Qm
8Nb
agi
8zu
bvo
7tf
8Mi
8x1
9Q
abr
Tl
9OD
7Nq
0OB
8AH
97k
9l_
6Tm
6Kz
10H
9TM
3mr
aXo
91W
1_H
_7
awd
6Ri
4Pq
2rs
aur
9_s
7Y1
5pv
3SY
9iH
2eB
8yD
blY
7wK
1tn
5Mt
Rz
12d
7eK
0GG
b9f
8IL
729
0nJ
5w1
76K
8U3
aIJ
6Zl
C4
2ba
9rQ
a9P
7Eu
2W4
9mT
8GV
5Dm
0a1
58c
0ez
GQ
1AZ
OH
7jI
6Ai
9we
5al
6px
3zw
56k
7BG
3ul
3V2
5_T
3J6
6iA
7Fe
auI
bpi
38Y
3Fn
buy
2Qe
8tN
8Fw
1Sc
7Ks
0Oj
1mb
9uy
13C
0uB
8KP
8ds
7JB
4ge
8RV
5mB
9fn
7wA
5Kk
2co
0jf
5D0
30N
1vy
9p1
6Xq
75c
66i
4k5
6Xe
5Wp
9It
7Uo
7mk
8G8
3Jc
2I8
2Id
2SK
4Q8
ahS
61O
8eZ
0hk
9t1
bvy
7me
9Qn
8QI
1dy
1_h
8Iz
59e
7fj
a9R
7ye
8pJ
654
7Gh
4Ne
53L
349
13
9FH
bi5
H3
buO
9Os
77u
3td
5GX
8Wy
1OY
TC
aU1
auq
btd
2uA
4Nc
9AK
6X3
6Ut
1wP
0WZ
4IE
69j
5nt
5h9
2f2
5yv
8cW
5lR
45y
Rn
1ST
baf
1ad
ajB
a_E
1nn
78k
