2458
6694
5657
6283
909
7995
8820
1022
4829
4100
825
1852
9432
5405
950
1038
3904
9650
2277
1393
6363
4723
2399
6199
1721
6389
590
2465
8804
3929
2844
2294
4094
7955
8052
6293
8305
9185
466
9291
6885
8955
129
8837
4869
5016
4648
4538
5151
5454
696
5519
9061
7299
4956
239
428
7834
1563
2672
6547
7724
5949
747
6435
8544
1736
6456
9192
9907
7958
2955
2490
7391
8355
7731
3257
5263
7739
4295
6849
2021
7268
2433
4951
1820
6893
1390
2267
376
7376
8580
545
5979
3387
4901
6765
501
8453
564
6025
7590
1088
5767
5806
620
4627
5771
4173
2769
2655
266
6556
3550
1213
640
5765
7284
8728
6913
5329
6499
1140
2329
8751
7518
5559
283
8847
2995
9566
6963
6110
3638
1562
483
876
6674
6973
7560
5361
7406
7842
6042
2070
9055
4927
1902
6704
9547
5635
296
4891
8595
6918
6731
6911
1372
5844
2888
3205
9115
1976
8844
6288
5637
6444
8993
1422
7860
1941
4651
8518
740
120
942
4630
1710
886
4288
3393
271
7336
8116
1198
2312
3404
610
578
94
9410
6877
8419
1065
697
6810
3059
1152
7857
4841
1014
8366
289
4662
1831
7937
8969
908
1546
9340
8868
7756
1949
4315
3207
3983
9035
8385
7974
6218
8582
4942
1168
3735
8713
9408
2169
714
7967
7568
27
8780
9263
7535
5652
1618
2302
3517
275
9827
8102
8065
9233
6208
543
3622
9677
7214
6488
9151
7561
4840
7736
5502
3855
835
6775
2052
7875
156
8206
2964
1615
842
9705
2650
3012
3338
6193
3861
1726
1258
3800
7389
4330
4338
3673
5198
5701
5061
1324
5239
2408
5894
1039
5554
4813
79
4861
4680
2402
4351
5907
4766
8878
3040
1116
784
7711
7659
9948
3906
3718
5483
4831
6855
3112
2111
5169
2608
3240
247
8816
8919
9352
4681
3165
2942
9992
1573
7821
4257
7733
1144
1474
5453
6624
4085
9337
2082
