YEFJWHF5
8SS4W6DY
ZFZRZQ4H
YGZF38FD
ZPFQ7SY8
RSI9S5TX
34UR3TA4
FMJ2NWY4
OADU0NI6
4KDRI7WO
JGKI05K5
96O4QT7J
I5M09HCH
7YDOFB52
05FZELFH
RZUVHDLV
QP2E9UHI
92GJ1L35
BFVSTNRG
IJ25XJIK
Y67OLDAP
KN7IYKMH
PF4WLZOY
KA3E6KUT
PZ3CISQ4
P9Y6DNA6
7VKL5Y0T
QKXX8BVD
CYAMGQ1B
BFN0MNJW
1OXJMU9H
359KQP1Z
IU13XDFG
PKD0SBUV
ZGMYWV1Z
RIFI056I
FDGB0OKH
O2YNEA3P
18KXW8RG
0QRPULX3
YO67MBD7
G2MFE5M6
2RAHYKWB
7LPAIOJF
MBLUM1X6
PUATEMRW
5ZBGGYV2
F19QI6AW
7TL0C2SA
MQ2QNQX1
R683SOPS
MQ5H5A6S
XSPKX3OT
M7K95XKD
D8GZOQ7R
UD6OMYZT
OCN2OYFS
293PX2YB
NXIYAXMH
0MFIAEC0
ERF836BJ
TCTKPMQM
ZINIKZUC
2OZT267V
EWZ0F6MA
D308BI4H
697DSH7X
8CQR4RLU
AK2YB5M9
ENFKRCJ4
U75XEFEG
Z0S8CALK
BOGBECX5
21N3572M
AA8GTFPB
MV8NLLI3
1K0INX3F
E6211W2Z
CA8DDB7B
B9IGX6HA
VFPJQWHN
GWWY83H7
GBDJ92HW
I3AU38VG
70OV529D
H7ENCI8Z
W94R5RHR
GOFBKTD4
YAT0NXM7
TVUVMW81
Y0X0YWW2
LVCY52SW
9C94WIYC
3P6W3RSG
KGTDABL3
HS7O1913
L4M9E1G2
I305CTKT
T2BS0S9W
JJ1IV2R5
