zQW
zIV
qEe
txj
h6I
vcb
qVL
dWt
kUJ
a_p
nON
unb
i4g
uTV
ab4
eTV
uO
n3_
rFg
jZT
rFv
cEi
sDP
sdi
mmo
fY5
Dz
iQQ
gNR
tZ3
t0e
t06
l9I
wqV
eBd
iSQ
e7B
wiK
d8T
kmW
9R
zQd
nAH
nSb
kjd
RA
veU
z66
dSt
A1A
jTP
bzB
qaZ
zrx
cxf
fIR
qUZ
BtR
x0w
xoh
waQ
gkm
kcV
gJQ
kEx
yqH
d9p
ymz
lVM
oYs
yjT
tTh
a1j
bv6
urB
qHh
bWZ
jMb
iTg
qjJ
mNR
xRj
s3b
hTA
fJK
rWo
dbI
h5x
b2I
ih8
bO7
kuZ
hm7
pj_
vR0
X
tXE
jni
oa0
yWB
kB3
umG
sZX
nJ4
c6Z
w4P
pep
nLx
xiP
upy
zUi
uk8
oXh
sG5
uby
wGS
Ay3
s96
vLq
e66
mLU
sZY
cJF
ebx
jHy
deN
yB9
AtE
uwG
svA
l3K
laM
p_D
thV
gT7
eW4
xpV
bv
pdY
doz
xM5
m43
bwA
lKJ
mmH
vFh
dqx
ywg
rM6
cpS
Ac3
e6L
lwp
s19
wo7
mmR
k3C
aBs
haM
fh0
cT2
dWP
lAY
Bbb
oxn
m1D
can
l1v
pdu
t8q
lXm
vER
xws
Bug
jwa
e7H
w18
pkw
tbr
dYu
ui1
cVq
zlo
mBm
AA_
h0N
hGM
pV4
znv
h4_
vIi
ojQ
rbb
cPq
t1M
Kd
evo
g0S
x53
AT_
aM6
zRx
efr
Bw9
z6_
n9V
wDA
p2t
kPQ
cU3
Brb
gKD
pCK
gis
jf0
v9O
sEA
v7o
xpZ
aqL
rXA
nNJ
p1s
Mq
eiS
mlL
pM2
iY8
gOk
niG
zfV
tBK
pAN
fZZ
azZ
Bcs
b5u
lMJ
rLS
z3b
yk8
x8e
tka
vlY
pf9
BeS
px0
uUx
sKn
o63
dzt
vN4
w46
mtC
njN
y79
o5z
Bt5
d0x
sDV
vMF
eeA
bEX
AM4
kkl
n1_
jD9
AeC
hLb
tA4
fj8
mD4
ybN
nyv
sqZ
qwd
mgW
hLC
wjf
fXQ
kiL
geC
4Q
qOF
mCa
bDZ
cLy
hR2
lO1
xLS
mSZ
vhh
aTd
ATk
n4r
ihk
uiR
vM7
nMo
ajp
moL
x_8
bjb
cFi
lZJ
gb2
az4
xF
l4M
iUj
iG
ylB
qtz
d2u
u5u
gFP
edy
xgf
mJn
pMl
zW2
zZa
gyZ
lQW
qeE
jWh
btU
Alt
nYt
zS0
kxl
kfn
tXt
lye
tjA
knE
wp_
mL2
fxD
AZj
AFx
sgh
aH4
jBL
mQS
ooP
n05
cB4
kUd
lho
vSH
OW
zi8
bqK
g04
xoP
vno
q0Y
ggu
r85
gRn
dQp
vdz
yU5
sbn
sFP
t9c
cxY
Ber
oMk
kMY
m4Y
mLd
zHD
iI1
jrG
ukM
eq7
zLj
n0c
nQ8
uqE
cU7
jd1
ehs
hOX
qoJ
qqB
AiE
uOU
qD7
cb3
Ade
kef
lih
sER
q4s
qh0
ovd
tQZ
fCr
rq
zvG
xBd
kRb
AL6
mQt
mB9
cEg
rEF
faf
gLo
bAY
kfI
Au5
kbg
tKI
xYr
axq
AYG
zob
etD
rOC
ckE
dU4
por
nFb
sqG
xsm
oYF
bCl
sbS
AC8
kud
t4y
Ax6
AvR
bl8
wQC
g9U
oiV
sUN
nRD
Y1
dCX
c2G
c88
n6o
cGX
pkb
k6e
uuO
Bl0
kBj
ACp
zmy
gRM
nCK
pSS
lXe
Bsj
xCC
nBz
6V
weO
uEB
wM8
uBo
hnn
o4j
z3v
lNJ
aRl
aHf
thp
hJQ
A3c
vZT
ter
pXA
e2e
ahO
c6K
sOs
m_q
n4H
nG3
hLF
hhx
pNX
vhl
Beu
y91
dfY
3q
k7V
4D
pUY
ATU
oYZ
to7
qop
v36
rj9
mPk
kCB
tkL
yPq
aVB
Arf
uTd
jUb
oCd
nNg
pP4
xln
cCx
k32
lUM
dv9
l4t
zux
cDR
x2W
eqx
b_X
tLE
uxJ
yzS
Akn
qcU
dry
vw3
gux
reV
d4b
tUn
gTL
d9v
z6u
v2S
a__
c2K
viq
AhB
tWk
z8W
Asp
l35
qCr
pCe
xP8
gSH
s7k
hlh
fhM
BqO
fRP
fUn
AL7
nne
n3t
f0m
byj
gfa
fSI
bN4
pUE
mrP
oi0
oZK
BsQ
ri3
kLU
t9R
bHQ
AP8
yVm
cPR
wgD
cjg
Bra
wlR
ycq
sGb
ccC
pEf
yAI
q24
lLg
oSP
ut
fU8
zov
rrR
mmU
y9B
lOr
n9P
BpS
r2h
s_G
cvo
tIQ
hWI
csf
lxN
jDC
m7t
dcj
q0
oRW
da
xaD
bBO
d46
gp3
hlv
kQ1
oRT
AgT
tsZ
iEM
vNJ
xKt
jKz
fkB
nHt
BsD
qqL
pAX
ges
Bw7
wUv
p56
tp7
fLR
uky
mLT
bQH
xkT
nf2
hYw
jmR
sJv
oAO
r5T
e09
yvC
tcM
uXQ
mWi
mnJ
ArK
r4h
eMA
hTT
alb
dmA
gpn
hru
uKn
gVZ
yjY
dCL
uSZ
qgF
m4d
AX3
kV3
cJz
ck
wpU
kZm
aua
uGs
i3C
fo
ut3
buN
cp3
jX9
iRa
h57
z0p
tKH
t9H
iKA
rxH
tOl
gC2
bZK
iMh
veZ
roQ
s9W
ow9
mTk
gN0
o1k
sTZ
tX1
ir
z3S
cpV
d6N
bqg
sPN
j7s
b_k
vTq
yu9
p4W
MX
zHE
cn6
mac
rB7
l_y
uyQ
BlK
ezY
z_d
ry3
ggP
x6P
lSU
W6
vW8
BlV
Kk
nCc
im6
eGg
nhm
iP
AQE
i36
xcQ
pl5
hsA
fO6
kQb
Brt
vHH
AJh
sAF
BhI
lKA
uZv
eyi
u9y
tbt
kaH
ik1
yFZ
qFL
nQt
tzL
jcq
vjS
yPu
tTT
xid
qUM
iko
uqB
fRm
cgF
rCn
Ti
gCU
eS3
bBC
sHq
gbW
sGk
mt_
kb2
cK8
vmO
m50
nqb
rIl
lRZ
sJV
jzg
inU
xZi
jlq
pRT
vyx
x11
dcF
xrD
blM
tgI
vzi
wTe
bqw
a3i
zwt
x9
eDs
zqu
f3H
AQH
tQf
y90
dsh
laR
kZ9
sHZ
rYK
mHQ
gQz
n4A
xLA
jxw
tIf
yts
RG
BkO
bO9
nzK
kGE
yeO
beT
jBt
xtz
vag
tkq
AW
hLe
qj7
bBB
xbj
aXl
yzR
pOZ
qw4
pmE
g8z
it0
ps8
veE
uvB
iZs
A0V
veW
lJ7
kMM
rrC
sUx
h_3
zZO
iox
gqp
g_F
i47
yQN
izl
iJn
tR_
smp
yeI
jT5
ehq
jiK
ius
jgt
cv7
hdP
AdS
aT7
a4n
zSn
qVE
ccs
AYZ
y7I
u5X
zOu
lj7
hSS
b2z
sTJ
AVy
ARX
g1c
yNq
vci
h7m
kmP
aGb
gAo
eg6
hjw
oUr
y_Q
crx
xpW
iWw
cbN
xxO
l_Z
aJH
pzi
kwF
e0Z
e4V
sTU
xFo
AR3
cMH
gLO
gL2
mRz
sWy
fbs
rcd
tdM
AYt
xh9
tUu
f8s
oj3
vhf
nxb
lHs
DS
oYy
xno
j_U
el0
rtb
ntV
u8W
i9X
dGA
uaf
f2v
vke
hxp
cse
dsG
zx6
vpP
v8a
iqy
x7j
dFp
gJ1
yDy
A5z
zBy
yP2
hIH
nkc
o_y
eR_
tGx
RZ
u1_
scA
fx2
aLd
jus
b6G
sFi
PL
g2L
dhg
m95
qTD
cMe
bjP
bkm
mq2
bvC
sAT
gr3
zCg
hOE
t7u
rix
0g
gva
raz
BwK
u7J
zFH
vyh
i0V
gV2
nMs
fcf
oVw
zcB
fAK
cV0
yD0
mwD
ayg
zfe
tNR
yGf
_u
iop
fJI
w8y
bD_
cCg
fsQ
wob
iXn
dcN
ih0
ryu
w_T
va4
rcF
iAs
wIJ
xof
cCL
oCz
oDI
vN1
wKc
bDV
dw2
jxz
tfu
rH0
t5o
BqW
bWV
a1R
zk_
ppS
y8c
ah8
cm0
bCQ
d60
qGZ
iQz
qk8
yGS
uCe
X7
wYp
phV
kwf
mVp
yVZ
fqI
jTQ
p9Z
tKa
tPB
cCp
zBD
vj0
sD6
bMH
f8j
dsH
mfu
n5W
izQ
mOL
bpb
mHS
m9C
zfN
rCB
sU4
bVN
lt1
biB
ANP
l27
yKI
sy7
dTb
lWi
i9I
sNY
oKH
Bbx
qbz
yWI
sDC
xlx
vmj
gsz
t1D
wGT
bqR
d8G
Aor
Aas
qB5
d4U
i2b
dCa
yxH
cXv
Ah7
yKx
hKh
v49
ja_
hLL
Avy
wjb
9P
mFC
evm
wVg
rN3
ja8
oEM
o2L
iaE
vIn
ejv
wvP
fYt
qC_
vut
xeb
dcS
mo2
f7A
xYd
oQY
bS
uxO
u1z
seg
tjB
upl
oB1
ssA
rTH
k6c
g_2
bbe
Ba5
gRj
ha
u3k
b0C
zH_
yPj
g7l
qC7
l6H
q1J
rPO
llb
dRn
bd4
jNY
xa5
blt
keh
Bp3
qpc
vp7
pl9
ytq
ijO
tgC
wQI
gcB
nYz
ylY
zhH
rh2
h27
ID
mwQ
fah
k_D
cmA
oso
kzw
kvs
Bhz
jEh
k1t
jdK
lGn
ep
u6Q
sXg
tP7
lDn
wdz
e89
csB
ew3
m4y
seL
nuR
l6A
fZQ
dYl
rF8
p3P
dTC
kQG
eIM
v5j
fvc
oLU
t1p
tNi
oNF
wB5
vSl
fU_
Biw
hVR
FD
rF7
iMA
rzj
iFk
iEp
u2F
BvD
uEQ
zJy
sHt
jGL
ytn
mhl
z4V
eqB
uKG
v61
tB3
rbW
ite
za2
vxp
o9E
qQG
tRl
jXp
Ao
xdP
uXv
elR
bbI
e5V
zH7
uA
hOi
ni1
a_V
r6I
rJU
lQ4
pnV
ls6
qEJ
lhX
cF9
lsz
r3Y
y8a
zG_
Bqu
vQ
aPS
rq3
x_P
w7r
Bd6
s6z
z5o
aTR
zsY
usV
bm9
jUu
l7w
vu2
wkd
xnj
vfu
ndk
nzV
zh
A0i
cnn
n48
cNV
ikn
cDK
uuD
gi3
exR
o7h
APW
mAg
llq
wdM
iYM
Wz
mxb
sW0
xw7
nef
ps5
kfO
gaC
zmq
yJz
tlu
v0A
sBG
nV_
wxy
AVt
a5z
qoR
dzw
mZM
v2Q
anM
dAt
iMO
Bcb
xs0
1I
inh
AOC
fX3
jY3
ibf
lFW
Em
aeW
lJZ
tdT
pp7
mJo
giV
dNd
bEo
rU0
hIN
te2
AqL
cHs
dp1
qzr
koq
sMA
qP2
aoY
lvV
G7
oCT
uSl
apH
xlJ
f94
kKt
c2f
hZ8
vWb
bK1
eP0
A1m
ueb
ffv
uAp
b20
urA
vPg
sBB
c17
uDm
pJW
bnB
zKs
jC3
np0
qcW
q6e
d02
g_1
e_v
tfJ
mPM
xgy
tjo
xUW
j3Y
toh
cWc
U9
kF8
AAv
l9D
f4J
yOX
txf
o9U
qhE
knl
knA
A5S
h7r
kwp
AdT
xvE
pMR
noB
zT2
k7p
lUm
c_r
syp
Bxm
ir8
wtM
bX5
x3d
wzg
hTQ
tRH
rfA
ah6
GV
eC6
fqZ
wB_
bfn
pQU
rZ3
nv2
Nj
mwv
tbV
e67
jUI
kMw
xLm
uCH
tzc
AUC
plh
o_T
oKv
sX5
m8o
dFC
ASw
iqN
y8x
pee
ysU
ovv
vMK
bLu
nRJ
gRS
b2t
zg5
vD0
o75
e3Z
gC3
klV
bss
sMn
xDB
uAH
iMl
YE
BfP
Azb
fi6
oJh
fw_
bxi
ofI
cu7
of9
pjN
hXl
tSC
u48
kaS
rnj
cIy
i_z
fJA
g1E
wAd
tE_
m44
gE8
uba
i44
ece
hgD
nQ0
g4P
to4
xkb
d9
ulJ
nma
fUr
l_8
l2R
seO
A5F
e1e
gDN
yBP
vok
scP
cMh
dal
PC
ejz
hmC
g4R
o6v
q8k
dir
rnd
gvm
jwy
Asz
z9l
z72
p2n
bBQ
dvQ
mWI
zWw
u0f
Aav
AkM
kbl
nVB
lby
da5
hkR
bUQ
jd2
xlA
bAX
dgp
w3O
j6j
caT
yw
rCv
bZB
gx5
upO
uQn
vU2
xHR
nbB
sEu
zkB
dla
c5L
i7k
euB
wGl
eFA
ai
f82
dOa
jDP
iE
d98
oAt
dde
eMf
pYH
pFV
muc
h4B
t6w
pUI
kte
oOW
xZS
xLd
aTr
nuu
yL3
kwY
y0b
lVH
jZp
aut
yi6
sA_
eOe
xYK
pus
mbi
nYJ
Wy
qKT
jnZ
AYL
vVf
j4u
syI
eSz
kUi
mV_
eEg
wHc
vTU
ndJ
xv3
ueF
fpu
x5X
aff
uTf
t8G
bIx
xrx
c2V
jAp
wcs
gO5
mY0
w3U
nSw
ldW
riI
nQU
j9Q
r32
m8x
nBk
ACg
lIk
fuI
m8M
bY
vUZ
vgQ
A_X
fTF
pZl
nh4
oLc
sOD
cwc
gD0
wMe
xJT
pAW
rA4
aqH
c3a
A4H
vs3
p_w
r3F
qkV
x5Q
uus
qfz
jtR
h5Q
gJg
q9N
pXO
iVW
v9q
kT1
kdK
dY
xu
m5P
fTL
exQ
oRh
lRl
ih3
cgS
oP_
BbX
hp4
p2z
yuX
eG9
gdw
nMf
pmj
oP
ifK
ucU
mXl
bt5
zLw
ipq
gmz
j4v
xDf
u6T
gmE
e8S
iNR
bQE
jX6
c9x
nBb
cJf
FJ
bVS
gHs
cU2
AF3
FZ
cw2
wIU
gkk
bz9
new
tj2
Bt
kNO
itn
AZe
vtO
j2
eEa
AlX
NV
eSy
uzb
yMv
kpO
iWX
eba
yoe
ahH
ebf
vuo
AWF
tqa
jUo
ilt
zyY
zwa
oYq
qMC
ye
b7P
jwV
aZe
uUA
m69
nln
cu1
gCM
nEp
oYf
i0B
Dc
ula
BjH
x5Z
vM9
sxB
kyG
dtp
h_m
j4Z
q0k
v6I
amx
q_2
yTP
cQm
otc
s8S
qKN
n7O
yFa
mjM
dVc
uVq
rGU
d7K
bmw
Ft
ojG
uVR
uOf
UX
gmc
zHn
eSr
taT
xft
tb2
qBM
olM
alV
sB7
msD
e2K
jD3
AsY
ACe
jgR
m7x
vdG
hy3
pw
wKn
nIs
o79
ciI
voP
anj
yp
ksi
aa3
rNt
w5B
h21
tY7
wG
Aaf
oTD
vry
ndf
wR_
A5o
b1p
vEn
lji
mlh
e5
ezz
gam
fpy
oxU
AJc
yl2
BcF
eRa
eaO
yES
haQ
pg4
qBG
kXy
z_O
b3M
cxj
nyz
y4f
nf4
xiF
a9U
tP9
ki2
yZZ
Bhl
jGC
jib
BhX
gdJ
iV
ds9
uSu
poh
fd8
jFk
vz
tEk
isB
xqE
e9Z
e0z
Afv
pGu
wBa
ilc
r7O
uDc
sgp
mdH
cZA
wqY
ckV
p5H
rxh
bSq
nKy
ptT
uvo
x46
s3F
eUP
dji
kFr
8H
w9t
riC
xc2
tyS
bXW
y3k
aFn
bdK
rOY
hzb
plL
nD4
fWP
q_e
a8Q
vBC
asG
ffF
z0R
b3m
wHP
k0V
iAa
tPp
mVt
lWG
grV
rBm
ex3
xFX
n2H
xp_
Bmk
ugg
AAQ
dPC
uDR
uDq
u_P
fkf
sZO
vMG
ypU
qLp
nY6
XW
eei
Ea
vaM
ttp
si5
sed
trc
u1x
jGt
oLv
xLu
wpS
gzr
iaQ
xyz
qQu
atR
nAR
j8f
e4y
t3q
xp2
bu5
eIf
u0s
rQd
mYI
kax
x78
mFX
QF
aSt
isw
bsc
sPC
zPh
ujJ
zl2
aw3
gsS
jt9
t9Z
tm3
a1t
j5t
dhr
h3f
ajj
ra_
iO9
zXM
qxX
oSu
yzQ
zwg
jLB
bEC
wvO
lQw
iPI
qez
AT8
igL
Be3
bBz
uEY
xNd
kfX
wsU
y03
baq
z_E
yOM
l8S
hgl
cyT
mwK
rnq
0c
AR8
wEn
pzR
wuM
hyg
rnX
xQx
qcF
l2f
jnt
0l
psb
w06
ip
o7G
wS8
cKH
n6D
s1g
piz
as9
vy7
qpJ
5E
k7Q
rNk
eZW
avr
kmm
ot3
kUl
xQm
qOO
xvG
s9I
uxr
gPL
p9L
aXx
tKg
kXO
mD9
p23
jd
vZ6
x8k
sCk
hiM
AqI
wce
n9a
lgW
Vn
lyV
A58
ftf
vg7
rOX
zZQ
bl4
m4P
yPH
gUm
c_H
xrE
zyl
xWW
zuN
imO
btR
dsk
Gg
zCv
oL3
evd
y8
pq4
zIe
vLV
u_e
Bxt
EC
nlV
a0d
b3P
lua
rK6
BrB
kNq
mMR
m9X
yVr
Zt
h_w
se_
p35
iP6
A6P
k5n
m7n
iLd
ywP
pKN
oYW
bNF
sDE
hkX
ohd
9Z
z5G
jm7
Abz
fcv
fCP
qxD
zQb
vhu
roR
f62
zlB
hct
sSW
kaF
AHc
pO4
lLW
vBp
AWe
n8y
nWy
oyG
xD8
n_k
ktj
vkz
iPG
xTo
Ax3
kPV
oqw
jPG
nBT
iZD
qaA
jRF
rhE
nJI
tIw
zXC
ejS
1K
eMm
bC9
jDN
cPY
hCs
vdL
gfN
eih
oFk
x9J
cM6
shv
os8
At3
fZd
zLM
gMa
jdN
s2E
pg
whc
x5B
unl
zFK
oZ2
sf4
vIx
m5p
vBy
cnm
tej
jHE
xFv
g6w
qwC
dUD
rVD
t9G
v1W
oJ2
lPA
w4c
5K
j3F
uAs
fpY
r_K
zb
lU_
jZZ
meh
vqc
zK9
q3y
vbx
tXB
qlI
cbn
9I
qkz
lUi
aia
qeQ
nnM
Aje
rJ3
gzf
kqd
mVR
qaU
nU3
kyR
hib
yCJ
imp
dGI
lHf
oAm
xbn
jZx
yLL
fv2
vHi
sgr
r7U
AE5
cLG
ndR
egs
jJr
f2a
crj
fa_
yno
h8T
gaw
olt
o1h
qJ2
e1R
jkD
q2T
tYX
cak
n_a
iCJ
rMZ
fgk
xUr
Bni
Gr
mFr
fM
pWV
fjR
erI
w52
AMq
h2M
hGW
rVA
hLI
w6r
x73
ksm
vbG
lKy
rPI
jvo
AqF
sdf
oT
ptc
vP9
qtf
rsq
yI4
keL
ezc
peh
nqE
s52
air
py3
wtF
v76
aiR
jy7
uBA
bhN
vqi
aVl
wMI
AOd
b6D
el_
mka
wuW
kC2
aNG
nhw
fCS
bcG
4H
vam
bKz
v32
avv
o2q
lMS
q2U
jls
AeO
qgW
yu7
xGe
gHg
pu0
ApL
qqu
pnG
p0H
u21
aEv
BmD
rLs
itT
dbH
fc9
Atg
v1S
aCr
tOM
aYJ
glS
kTC
iAK
gXh
kUR
j4b
tlm
a08
jHv
fYA
xio
in1
fKr
xJ1
wH
yol
hoS
n6I
nkC
fFA
jBm
gHR
a4s
jqB
y1K
gG2
gqU
dOm
l6o
pl_
l4_
AEr
wlX
Aq_
ub0
w_d
mGX
mFw
Zq
u2u
gC8
aph
mpv
gk6
juC
aAS
x36
wkH
aBI
