3
5
b
6
d
2
e
4
f
1
8
14
12
c
a
9
15
16
0
13
10
17
1f
1c
1d
18
1a
1e
23
21
19
27
24
25
26
11
1b
22
28
2f
2e
20
32
2c
2a
7
33
38
34
2d
36
30
3c
3a
31
3f
3e
41
3d
43
29
3b
44
48
39
46
35
4b
40
45
2b
49
37
50
4c
4d
42
56
52
47
51
4f
5b
57
5d
4e
58
4a
5c
5f
5e
60
62
59
67
5a
63
66
6a
68
61
69
6c
65
6f
6d
54
6e
55
70
76
72
53
77
6b
78
7b
7e
74
75
7f
7a
83
7c
7d
85
73
82
88
89
8a
81
8b
8c
87
8f
91
84
93
71
92
96
8e
64
79
8d
94
90
9a
97
9c
9e
a1
80
9b
a3
95
9d
86
a5
a0
aa
a8
a6
a7
98
ab
ae
af
a4
ac
b0
b5
a9
b4
b6
b8
b1
a2
9f
b3
b9
bf
bc
b2
be
c3
ba
bd
ad
99
c0
c8
c1
ca
bb
b7
cd
c4
d0
c2
d2
cf
ce
d4
d5
cc
d6
d9
d1
c7
da
cb
de
c6
d8
df
db
c5
d3
e3
e6
e1
e2
dc
e0
e7
c9
e5
dd
ed
e8
ec
e4
eb
d7
f0
ea
e9
f5
ef
f1
f2
fa
fb
f6
ee
f9
f3
101
fd
103
100
fe
105
106
ff
102
109
107
f7
f8
f4
10a
104
10d
10f
110
fc
112
10b
114
115
10c
10e
113
111
11e
11f
11b
119
116
11a
11d
108
120
125
121
124
126
118
122
127
12a
12c
12e
11c
130
132
131
12d
117
133
128
135
12b
13a
134
138
13c
129
13d
12f
137
123
13e
140
139
141
148
13f
14a
136
14b
143
142
14e
14f
14c
151
147
149
145
144
157
146
153
155
15b
15c
154
15a
159
13b
14d
15e
163
164
161
165
152
156
15f
162
15d
169
150
167
158
16b
16d
16f
173
174
171
168
175
160
176
16a
16c
179
17b
16e
177
180
17a
17c
170
184
185
181
17e
166
188
18a
17d
18b
186
17f
18c
182
18d
172
18e
194
193
189
190
178
192
198
195
197
19a
183
18f
19c
196
1a1
19f
187
1a4
19b
1a0
19d
1a7
191
1a2
1aa
1ab
19e
1a5
1ac
1a9
1ad
1a3
199
1a6
1b6
1af
1b7
1a8
1b9
1b5
1bb
1bc
1b2
1ae
1b1
1ba
1c1
1bd
1c2
1c0
1be
1b8
1c6
1c7
1bf
1c9
1b3
1cc
1c5
1ce
1b0
1ca
1b4
1d2
1d0
1cb
1cd
1c3
1c8
1c4
1d4
1d7
1d6
1d5
1d1
1d8
1de
1db
1da
1dd
1cf
1e2
1e0
1dc
1e6
1e7
1d9
1e9
1e5
1e1
1e3
1ef
1ec
1f1
1ed
1e8
1f0
1f3
1f4
1df
1d3
1f9
1e4
1eb
1f6
1f8
1f7
1ee
1fa
1ea
201
1f5
204
202
1fc
200
205
203
1ff
209
208
206
20a
20d
20c
1fe
20e
1fd
213
207
20b
214
210
20f
1fb
217
21c
219
211
21e
21b
216
222
220
223
225
21a
218
21f
224
212
221
22c
226
228
22a
227
1f2
229
215
22f
232
22b
22d
237
236
235
231
239
23c
23a
230
23e
21d
23d
238
242
23f
22e
234
241
249
240
246
23b
244
24c
24e
245
24b
24d
24a
248
251
250
233
258
247
257
253
25a
252
24f
25c
259
255
260
25b
256
254
264
243
268
261
262
26a
263
26c
25f
26e
266
267
25e
270
273
269
271
25d
275
265
272
27a
27b
277
27c
26b
27f
26f
278
280
26d
27d
286
282
27e
281
276
288
289
285
279
274
28a
28c
28d
283
28e
284
287
28f
298
294
295
292
29a
297
293
29f
28b
29c
2a2
296
29d
29b
29e
2a0
2a6
2a4
2a5
2a1
299
2aa
2a7
2a3
2ad
2a8
2af
2ab
291
2b1
2ac
2b2
2b8
2b6
2a9
2b3
2bb
2b5
2bc
2b7
2c0
2b4
2b0
2c1
290
2ba
2ae
2be
2c5
2bd
2b9
2c2
2cc
2cb
2c7
2cd
2d0
2bf
2c3
2c6
2c8
2d2
2c9
2ca
2d5
2d9
2c4
2d4
2ce
2d8
2d1
2db
2de
2d7
2dd
2da
2e4
2e2
2e0
2dc
2e1
2e8
2d3
2e5
2e6
2df
2ec
2ee
2d6
2e7
2f2
2ed
2ea
2f0
2f5
2cf
2ef
2f7
2e3
2f6
2fc
2fd
2fa
2e9
2f1
300
2fe
2f9
2f4
305
2f3
2eb
2fb
307
301
2ff
30a
30d
2f8
30c
308
310
306
309
313
30b
311
302
317
319
30f
314
316
312
315
303
31e
318
31d
321
31b
325
324
323
30e
328
326
329
31c
304
320
32e
32c
331
32a
332
330
334
31a
333
31f
338
322
32d
33a
32f
337
32b
33d
339
340
342
33e
33f
343
336
345
341
33c
347
327
34c
335
34f
34b
348
34a
353
346
352
356
355
351
34e
34d
35a
357
344
350
349
35d
354
361
358
35b
364
35c
33b
368
365
36a
359
363
36c
36e
36f
35f
370
371
373
374
36d
360
369
376
377
379
375
367
372
37c
35e
37e
380
366
381
382
383
37b
385
388
37d
37a
378
386
38b
384
38a
38c
38f
392
389
37f
394
362
396
398
393
38d
391
390
395
387
399
397
39c
39d
39b
38e
39e
39a
3a0
3a4
3a8
3a2
3a5
3ac
36b
3ab
3a1
39f
3a3
3b1
3a6
3b3
3ae
3b6
3b2
3b7
3a9
3b4
3af
3aa
3bc
3be
3a7
3bb
3b5
3ad
3ba
3c4
3b9
3c2
3bd
3b8
3c7
3c1
3c9
3cb
3cc
3c6
3c0
3b0
3d0
3cd
3d2
3c3
3ce
3bf
3d7
3d4
3c5
3ca
3db
3d8
3d6
3dc
3d3
3df
3de
3e1
3d9
3e0
3dd
3e3
3da
3e6
7d1
3e4
7d3
7d2
7d4
3c8
3cf
3e7
7d8
7d5
7da
3d1
3e2
7d0
7de
7dd
7dc
7e2
7e0
7db
7d7
7e6
3d5
7e8
7e7
7d9
7eb
7d6
7e1
7ee
7e5
7ed
7f1
7e4
7df
7f0
7f5
7f6
7f7
7f3
7ef
7ea
7e9
7fa
7fd
7f9
7f4
7f2
7ff
7f8
7fe
7e3
7fb
803
804
808
806
800
80a
80b
805
80e
80c
810
801
807
802
80d
812
3e5
814
815
809
7ec
7fc
819
81b
81e
817
81d
81a
820
823
81f
816
821
822
826
80f
827
829
825
82a
81c
813
818
824
82e
82b
833
82c
82f
834
828
811
83a
832
835
82d
836
837
838
831
83d
83b
842
845
83c
83f
840
847
848
839
83e
843
84b
846
850
84c
852
84d
830
854
853
84f
84a
84e
856
858
85b
859
855
85e
844
861
85c
849
857
85f
841
85d
864
869
866
85a
86b
867
86a
851
863
86d
868
865
86c
860
875
873
876
862
878
86e
877
870
879
87c
87e
874
87a
883
872
880
87f
887
871
885
88a
87d
881
886
882
88b
889
88e
88f
884
86f
888
892
890
894
88c
89a
895
89b
897
896
87b
898
89d
89e
899
8a2
89f
8a0
8a5
8a4
8a3
89c
8a7
8aa
8a1
8ac
893
8ad
8b0
8a8
8a9
8a6
8b2
8b4
891
8ae
8b7
8ab
8ba
8b3
8b5
8be
8bf
8c0
8b8
8b6
8bb
8bd
8b9
8b1
8c4
8c8
8c5
8c7
8ca
8c6
8cc
8cb
8cf
8bc
8c2
8c9
8ce
8d0
8d3
8cd
8af
8d6
8d9
8d1
8d4
8d5
8dc
8da
8d7
8e0
8df
8c3
8e3
8de
8e4
8dd
8d8
8e2
8e9
8d2
8e1
8c1
8eb
8ee
8ea
8db
8ec
88d
8f2
8ed
8e7
8e8
8ef
8f5
8f3
8f1
8f9
8e5
8fc
8f0
8fa
900
8fe
8f4
8f7
8ff
8fd
8fb
905
8f8
901
909
902
8e6
90a
90b
907
910
90f
904
90d
908
903
906
90c
915
912
911
90e
916
91a
919
8f6
91b
91e
91c
920
921
922
91d
923
913
925
92a
924
918
917
92c
92f
926
91f
932
930
934
92b
933
92e
914
928
92d
93b
927
937
93e
93a
935
936
941
939
942
945
943
944
93c
940
93d
94b
948
938
929
94a
94e
951
946
94c
93f
950
94d
947
952
949
931
953
956
95a
95d
95f
960
955
961
962
95e
959
957
95b
966
967
94f
965
969
954
96c
95c
96b
968
964
96d
971
96e
96a
977
970
958
972
978
97b
97c
975
96f
963
97a
974
983
973
980
97e
985
981
986
976
982
97f
98b
979
98c
98a
989
98e
991
984
98f
990
992
97d
997
994
99b
995
99c
999
998
99f
988
9a0
99d
996
993
9a2
9a7
9a6
9a3
98d
9a5
9aa
9ab
9ac
987
9a1
99e
9b1
9a4
9ae
9b3
9ad
9a9
9af
9b5
9b8
9b6
9b4
9b2
9be
9a8
9bc
9bf
9bd
9b0
9bb
9c4
9c0
9c5
9c8
9ba
9c9
99a
9c3
9cb
9c1
9c7
9cd
9cf
9c2
9d3
9d1
9b7
9b9
9d6
9d4
9d7
9d5
9c6
9d8
9dc
9d2
9de
9da
9d0
9ca
9e3
9e1
9ce
9d9
9e5
9e8
9df
9e4
9e0
9eb
9ec
9ed
9e6
9dd
9f0
9e9
9ea
9cc
9e2
9f3
9db
9e7
9f1
9fa
9ee
9f4
9f6
9fc
9f8
9fe
9f2
9ff
a01
9ef
a02
9fd
a07
a04
9f5
a00
a0a
a06
a0b
a0d
a0e
a03
9f9
a11
9f7
a14
a05
a10
a15
a12
9fb
a0c
a19
a1b
a17
a1c
a0f
a1d
a09
a18
a1a
a24
a21
a22
a27
a1f
a26
a29
a16
a13
a23
a2e
a2c
a08
a1e
a2b
a32
a2a
a33
a2f
a20
a38
a31
a28
a39
a34
a3a
a35
a3b
a40
a3c
a25
a37
a43
a42
a41
a46
a44
a49
a45
a2d
a47
a48
a4a
a4b
a4f
a3e
a3d
a4c
a36
a53
a4e
a52
a55
a57
a5a
a58
a5c
a56
a59
a54
a4d
a30
a5d
a60
a51
a63
a66
a64
a5b
a67
a5f
a65
a3f
a50
a68
a5e
a6d
a61
a62
a73
a72
a71
a6c
a70
a69
a6e
a7a
a6b
a7c
a76
a77
a7b
a78
a7e
a7d
a83
a6a
a82
a79
a6f
a88
a84
a85
a7f
a75
a81
a74
a86
a8c
a80
a90
a91
a92
a87
a89
a95
a93
a96
a8a
a94
a98
a9d
a8d
a9f
a8f
a9c
a9e
a8b
a97
aa1
a99
a9b
aa3
aa7
aa4
a8e
aa5
aac
aa6
aaa
aa2
aa8
aab
ab0
ab4
ab5
aaf
ab7
ab1
ab6
ab3
aae
ab9
a9a
abc
abf
abd
aad
ac1
aa0
ac2
aa9
abb
aba
ab8
ac4
ac7
ac8
ac3
acb
ab2
aca
acf
acc
abe
ad0
ace
acd
ad1
ac5
ac6
ad8
ac0
ad7
adb
ad4
ad3
ad6
add
ade
ad2
ae1
ada
ae4
ad9
ae7
ae8
ae5
ae2
adf
ac9
aea
ae3
adc
aed
ad5
aeb
ae6
ae0
af0
af5
af2
aef
af8
af9
af1
af3
afa
afd
afe
af7
ae9
b01
af6
b04
b00
afc
b05
b08
afb
b07
b0b
b03
af4
b0a
b02
b0d
aff
b0c
b0e
b12
b0f
b15
b11
b09
b10
b19
b06
aee
b1a
b17
b1b
b13
b14
b20
b23
b22
b24
b1e
b26
b25
b16
b1f
b2b
b21
b2a
b27
b28
b1d
b31
b2f
b2c
b33
b2d
b18
b29
aec
b34
b38
b30
b39
b3a
b3e
b2e
b3d
b36
b40
b42
b3f
b32
b37
b46
b48
b45
b1c
b4b
b47
b35
b4a
b43
b41
b3c
b50
b49
b52
b4c
b56
b57
b3b
b53
b44
b5a
b4f
b4d
b55
b58
b4e
b59
b54
b63
b5d
b60
b5b
b66
b68
b5c
b61
b69
b65
b51
b6c
b6e
b6d
b5e
b67
b71
b5f
b75
b73
b70
b72
b6b
b64
b6f
b7c
b79
b7b
b62
b6a
b77
b76
b83
b82
b7e
b7f
b87
b78
b89
b7d
b85
b7a
b80
b81
b8a
b88
b8d
b8c
b91
b92
b8e
b95
b8b
b96
b74
b94
b90
b93
b84
b8f
b9e
b86
ba0
ba1
b9c
b9a
ba5
b9b
b99
b9f
ba7
ba9
ba3
bac
b9d
b98
b97
bae
bab
ba6
bb1
ba2
bad
baa
bb7
baf
ba8
bb2
bb8
bb3
bb4
bbd
bb9
bb6
bc1
bb5
ba4
bc3
bb0
bc5
bc2
bba
bbb
bbc
bc7
bc9
bbf
bc4
bcf
bc6
bcb
bca
bbe
bce
bd0
bcc
bcd
bd2
bd7
bd4
bd6
bda
bc8
bd9
bde
bdb
bdd
be0
bdc
bc0
bd8
bd1
be4
be3
bd3
bd5
be5
be1
be2
beb
bef
bee
be6
bec
bf1
bea
bf0
be9
bf5
bf6
bdf
be7
bfb
bf4
bfd
bf3
bfe
bf7
c01
bf8
be8
c03
bfc
bf2
c04
c06
c05
c00
c02
c07
c08
bed
c0a
c10
c0d
c11
bff
bf9
c09
c0f
c12
bfa
c18
c14
c16
c1c
c17
c0c
c1e
c19
c15
c1f
c20
c21
c25
c24
c1b
c1a
c28
c27
c2a
c23
c29
c0e
c1d
c2c
c30
c0b
c32
c22
c33
c13
c31
c2b
c2e
c35
c2d
c37
c38
c34
c39
c3e
c41
c2f
c43
c40
c3f
c46
c47
c42
c26
c48
c49
c3d
c44
c4b
c3a
c45
c3b
c52
c4c
c4d
c53
c36
c55
c50
c56
c4e
c5b
c4a
c58
c5c
c54
c59
c4f
c62
c61
c64
c5f
c65
c3c
c67
c5e
c5a
c60
c68
c5d
c63
c6b
c69
c70
c6c
c51
c6a
c6d
c6e
c73
c72
c66
c76
c57
c71
c7b
c79
c7f
c75
c78
c6f
c77
c84
c7c
c7e
c83
c80
c86
c89
c74
c8b
c8d
c8e
c7a
c85
c8a
c8f
c87
c82
c91
c7d
c90
c96
c93
c97
c9a
c9c
c94
c95
c9e
c9d
c81
c8c
ca3
c9b
ca4
c92
c98
ca1
ca5
c88
caa
ca2
ca8
cad
ca9
cab
c99
cb2
ca7
ca6
cb3
cac
cb5
cb1
c9f
cb7
cb6
cb4
cb9
cbc
cb0
cbd
cae
cbb
cb8
cc4
cc2
cbf
caf
cc7
cc8
cc6
ccb
cc9
cc3
cbe
cce
cca
ccd
ccf
cc5
ca0
cc0
cd1
cd4
cc1
cd3
cd0
cdb
cda
cd9
cd2
cd7
cde
cd5
ccc
ce3
cba
cdc
cdf
ce0
ce8
cd6
ce1
cdd
ce9
cec
cea
ceb
ced
ce4
cf2
cd8
cf1
ce6
cf4
ce2
cf8
cf3
cf5
ce7
cf0
cee
cfa
cf7
cf9
cf6
d00
cff
cef
d04
cfe
d03
cfc
d05
d08
d09
cfb
ce5
cfd
d01
d06
d07
d0c
d0e
d0d
d02
d13
d15
d0a
d11
d1a
d1b
d19
d10
d1e
d0f
d17
d16
d21
d23
d1f
d0b
d14
d27
d28
d25
d22
d1d
d24
d2d
d29
d26
d2b
d30
d2f
d18
d1c
d12
d2e
d31
d34
d38
d33
d3b
d37
d20
d36
d2c
d3e
d2a
d32
d40
d3d
d3f
d3c
d44
d35
d46
d45
d4a
d43
d4b
d39
d4e
d4d
d3a
d47
d50
d53
d42
d55
d54
d56
d58
d51
d57
d52
d59
d4c
d49
d5b
d60
d5c
d5f
d41
d65
d63
d62
d4f
d48
d5a
d6b
d67
d5e
d5d
d6f
d6e
d68
d69
d6d
d74
d70
d71
d77
d6a
d75
d72
d7a
d78
d7c
d64
d73
d7d
d7f
d80
d82
d79
d66
d83
d76
d7b
d87
d81
d8b
d8c
d86
d8a
d8f
d89
d85
d88
d92
d8e
d7e
d8d
d93
d90
d84
d96
d6c
d9b
d97
d91
d95
d9f
d61
d9c
d98
d99
da0
d9e
d94
da1
da3
d9a
daa
da2
da4
da8
dab
da7
da6
da5
db3
dac
db5
db0
da9
db2
db7
db1
db4
db8
dae
db6
db9
dbd
dad
dc0
dbe
dc1
dbc
daf
dbb
dc4
dc5
dc6
dca
dc8
dbf
dcb
dcc
dc2
dba
dcf
dd3
dce
dd4
dd2
dcd
dd8
dc3
dda
dc9
ddc
dd5
dd0
d9d
ddf
ddd
de2
ddb
de4
de5
de0
de1
dd6
dc7
dd1
de3
dea
dde
dd7
de6
de7
dd9
def
dee
df1
df4
df0
df7
df2
de9
dfa
dec
df3
dfd
dfb
dfe
df8
e00
de8
df9
e03
e01
e06
e02
dff
e05
e09
e07
df6
e0a
e0c
dfc
deb
e0b
e0d
df5
e0f
e0e
ded
e13
e08
e19
e16
e14
e11
e04
e1d
e17
e15
e1f
e1a
e18
e20
e23
e21
e12
e1b
e25
e2a
e2b
e29
e24
e2d
e27
e1e
e2f
e2e
e33
e34
e35
e31
e28
e2c
e36
e3a
e39
e32
e3b
e3d
e1c
e22
e26
e30
e37
e3f
e3c
e41
e47
e46
e49
e3e
e10
e38
e4c
e4b
e40
e45
e42
e4f
e4a
e53
e4e
e56
e55
e43
e54
e59
e5b
e44
e4d
e5c
e5f
e5a
e5d
e51
e60
e48
e63
e62
e67
e65
e69
e64
e6b
e58
e6a
e6d
e6e
e6f
e66
e61
e6c
e72
e57
e50
e70
e78
e5e
e77
e73
e7a
e52
e7c
e7f
e7e
e71
e79
e68
e76
e7b
e86
e74
e82
e80
e85
e87
e75
e7d
e88
e8c
e84
e81
e90
e8f
e89
e83
e96
e94
e98
e97
e8d
e9a
e9b
e8a
e92
e9f
e8b
ea1
ea2
e99
e95
e9d
e91
e93
ea8
ea4
ea0
eaa
ea5
ea3
eae
eac
eab
e8e
eb1
e9e
ea7
e9c
ea6
ead
eb5
eaf
eb2
eb8
eb7
ebb
ebe
ebf
ebd
eb3
eb6
eb4
ebc
ec0
ea9
ec1
ec5
ec7
eba
eca
ec6
ec9
ece
ec8
ecc
eb0
ecd
ed2
ed4
ec2
ed3
ecb
ed1
ed7
eda
ed0
ecf
ed9
edc
ed6
ee0
ed8
ee2
ee3
ee4
eb9
ec4
ee5
ed5
ede
ee1
edf
eeb
ee7
eed
eee
ee8
ef1
ef2
eec
edd
ef5
ef0
ef6
ee6
ef9
ef8
efa
ec3
ef7
edb
eea
f00
eff
efc
efb
ee9
efd
f03
f01
ef3
f04
efe
f07
f0a
f0d
f02
f05
ef4
f0b
f0e
f08
f0f
f0c
eef
f13
f10
f06
f17
f19
f1c
f1b
f12
f09
f1f
f1d
f21
f15
f24
f11
f22
f26
f25
f29
f14
f1e
f27
f16
f2c
f28
f20
f2d
f2a
f33
f31
f2b
f2e
f2f
f37
f38
f39
f32
f3c
f23
f36
f34
f18
f1a
f42
f40
f41
f30
f3b
f3f
f3a
f35
f43
f3e
f4a
f46
f3d
f47
f50
f4c
f48
f4b
f52
f49
f54
f4e
f58
f57
f55
f45
f56
f51
f44
f5c
f59
f5b
f5a
f61
f5d
f62
f5f
f60
f68
f66
f6a
f53
f4f
f69
f65
f6b
f6d
f6f
f6c
f63
f74
f4d
f73
f6e
f71
f79
f7a
f78
f72
f76
f70
f75
f67
f7f
f7d
f83
f64
f81
f5e
f7e
f7c
f88
f7b
f84
f8c
f86
f8d
f8a
f8e
f89
f87
f91
f77
f85
f82
f80
f96
f95
f8f
f9a
f94
f98
f9c
f9f
f9e
f9b
f90
f99
f92
f97
fa3
fa2
fa5
f9d
f8b
fa7
fac
fa9
fa4
fa8
fb0
fa1
fad
fb2
faa
fa0
fa6
faf
fb1
fab
fba
fb8
fae
fb7
fb5
fb3
fbb
f93
fbf
fbd
fb6
fb4
fbc
fc6
fc4
fc3
fc9
fbe
fc1
fc8
fca
fc0
fcf
fcd
fc7
fd0
fd3
fd4
fb9
fd5
fcb
fd6
fcc
fce
fc2
fdc
fd1
fdb
fd8
fd7
fda
fe1
fe0
fde
fdd
fe6
fd9
fe9
fe4
fc5
feb
fed
fe3
fe2
fef
ff0
fe7
ff3
fe5
ff5
fee
ff1
fdf
ff6
ff2
fe8
ff8
fd2
ffa
ffd
ff7
ffe
1002
1003
ff4
ffc
1004
1006
1008
1000
100a
1007
ffb
ff9
100d
1001
100e
fec
100c
fff
1010
100f
1011
1015
1018
1014
1009
1005
1016
101b
100b
1019
1012
1021
1020
fea
101f
101e
1025
101c
1027
1017
1022
1024
1026
1029
1013
1028
102b
102c
101a
102e
1033
1023
1035
1037
101d
102d
1038
1032
1030
103b
103c
1036
1039
103a
103f
102f
1034
102a
1041
1043
103d
1046
1044
1048
1031
1047
1045
104a
104e
104c
1050
1049
104f
104d
1040
103e
1057
1056
1054
1058
105c
105a
1052
105f
1042
1061
1055
105d
105b
1063
105e
1059
1062
1064
1053
1066
1067
106b
106a
106f
106c
104b
1068
1065
1051
106d
1076
1077
1078
1060
1071
107b
106e
107d
1073
107f
1079
107c
1081
107a
1083
107e
1074
1075
1082
1089
1085
108b
1086
1087
108c
108d
1084
1090
1088
1069
1093
1072
1092
1091
1080
108a
1096
1097
109b
109d
108f
109c
109f
10a0
1094
10a3
10a2
109a
1070
10a4
10a5
10a8
1098
1099
10ab
10ad
10ac
10a7
10aa
109e
10b2
10a6
10b0
10a1
10af
10b7
10b1
10ae
10a9
1095
10b9
10bc
10bb
10be
10b5
10c0
10bd
108e
10c2
10ba
10c6
10c4
10b8
10bf
10c3
10b6
10ca
10b3
10c1
10cf
10cd
10d0
10c8
10d2
10cc
10d5
10d6
10d7
10d3
10d8
10d4
10da
10c7
10c5
10de
10dd
10df
10e0
10b4
10d1
10e4
10e5
10dc
10e3
10db
10cb
10c9
10e8
10e6
10e1
10ce
10ec
10f0
10d9
10e9
10eb
10ea
10f1
10ed
10e2
10f3
10f8
10e7
10fa
10f4
10f5
10ee
10f2
10f9
10f7
10fc
10fe
10fd
1101
10fb
1106
1100
10ef
1104
1103
1102
110d
10ff
110c
1107
10f6
1108
1110
1105
110e
110f
1112
1118
1111
110b
1115
1117
1116
111e
111f
111c
1120
1119
1109
1124
111b
1121
1126
110a
1125
1122
1127
1113
1128
1114
112c
112a
1129
1123
112e
1134
111a
1136
1132
1138
112d
1133
1139
111d
112b
113b
1135
1130
1140
1131
112f
113e
113a
1143
113c
113f
113d
1147
1149
114b
114d
1142
1141
1144
1151
1137
1145
1150
1152
1155
114f
1158
1157
1146
114a
1156
1153
1154
114c
1159
115e
115d
1161
1164
1160
1166
1162
1165
115c
1148
1168
115b
116c
116d
114e
116e
116a
1163
1173
116f
1171
1175
115f
116b
1177
1176
117a
1167
117b
1178
117d
1180
1172
117c
1181
117f
1169
1185
1184
1183
1186
1189
117e
118a
118d
1170
1188
115a
1182
118e
1191
1174
1195
1187
1179
1197
1193
118b
1194
118f
1199
119a
119e
119d
118c
11a1
1198
1192
1196
119c
11a6
11a0
11a9
11aa
11a7
11a4
11ab
119f
11a2
11ad
119b
11b0
1190
11ac
11af
11a5
11b6
11b3
11b9
11ba
11a3
11b5
11b7
11ae
11bc
11b1
11bb
11b8
11c3
11bf
11c5
11b4
11bd
11c7
11b2
11be
11c6
11c2
11c0
11c9
11cb
11a8
11c4
11cd
11cc
11ca
11d1
11d2
11d6
11d8
11d7
11d4
11c8
11c1
11d3
11cf
11df
11d5
11dc
11e0
11d9
11dd
11e2
11e5
11ce
11d0
11de
11ea
11e3
11e7
11e6
11ee
11ed
11f0
11e8
11da
11db
11e1
11eb
11f5
11ef
11f3
11f9
11fa
11f6
11e9
11f8
11fc
11e4
11fb
11fd
11fe
1202
1201
11ff
1200
1204
1205
11f1
1206
11f4
11ec
1209
120c
1208
11f2
1207
120e
120b
1210
1211
1213
120d
1215
1218
1214
121a
121c
11f7
1203
1212
120a
121b
1219
121d
1222
121e
1226
1216
1223
1228
122a
122b
1227
120f
1224
122f
1220
122d
1217
1230
1232
1221
122e
1234
1233
121f
1231
1225
1239
123a
1229
1236
1240
123d
123e
123b
1244
123c
1241
123f
1243
1245
1237
1235
122c
124a
124c
1238
124d
1250
1251
1249
124e
1252
1247
124f
124b
1257
1255
1242
1256
1246
1248
125b
125d
125c
1259
125a
1253
125f
1263
1258
125e
1260
1261
1266
1268
1267
1265
1264
126a
126c
1269
1254
1271
1270
1274
1262
1277
126f
126e
126b
1273
126d
1279
127d
1275
1278
1276
1280
127c
127f
1284
1281
1287
127a
1288
127e
127b
1285
128b
1286
1289
128c
1292
1282
128a
1290
1291
1293
128f
1272
1296
1297
129a
1294
1298
1295
129c
1299
12a0
128d
12a2
129d
129f
12a4
129b
12a3
12a6
1283
12ab
12ac
12a7
12aa
12a5
12ad
129e
128e
12b3
12b4
12b5
12a8
12b1
12b7
12ba
12ae
12bc
12a1
12b9
12af
12a9
12be
12bf
12bd
12c2
12c4
12c5
12b0
12b8
12c1
12c3
12c6
12cc
12cb
12b6
12cf
12c7
12c9
12c8
12cd
12d4
12c0
12d0
12ca
12bb
12d8
12d6
12db
12b2
12dd
12d7
12da
12d9
12d5
12de
12e2
12dc
12e3
12e0
12e4
12d2
12e1
12e6
12d1
12e8
12e7
12e9
12ce
12df
12ef
12d3
12eb
12ed
12f0
12f5
12ec
12f8
12f4
12f7
12f2
12fb
12f6
12fa
12fc
12ff
1301
12f9
12f1
12ea
12fe
12fd
1302
1305
1308
12f3
130a
12ee
1304
130e
1309
1306
130f
1307
130c
1313
1303
12e5
1300
1310
1317
131a
1318
1319
1314
1311
1312
130d
131c
131b
130b
1323
131f
1324
1315
1320
1326
132a
131d
1322
1327
132c
132b
131e
1316
1332
1331
1329
1334
132f
1337
132e
1338
1325
1336
1339
132d
133e
133c
133b
133d
1340
1342
1341
1344
1343
1333
133f
133a
1348
1335
1347
134c
134a
1345
1346
134e
1352
1321
1328
1355
1356
134d
1349
134f
1359
1351
134b
1353
135c
1358
1354
135a
135b
1350
135f
1361
1363
135e
1330
1357
1367
1362
1365
135d
1360
136a
136f
136b
1368
1364
1366
136c
1369
1376
1378
136e
1375
1379
137b
137c
1373
137a
137f
1380
137d
1383
136d
1385
1374
1382
1384
1386
1389
1381
1387
1372
137e
138f
1371
138a
1370
1391
138b
1388
138e
1390
1395
1398
1396
1393
1392
1397
1399
1377
139c
138d
139a
139e
13a2
13a4
138c
139d
13a1
13a6
139f
13aa
13ac
139b
13a9
13a7
13ae
13a5
13b0
13b3
13b2
13a0
13a3
13b6
1394
13ab
13af
13b1
13ba
13b7
13b9
13b4
13b8
13b5
13bb
13c2
13c3
13c5
13c6
13bf
13bc
13c9
13ca
13bd
13ad
13cb
13c4
13c0
13ce
13d1
13c1
13c8
13cf
13d5
13c7
13d7
13d8
13d9
13d2
13d0
13db
13da
13dc
13dd
13be
13e1
13d4
13e2
13e0
13d3
13cc
13d6
13a8
13e4
13e6
13e3
13e9
13ea
13ee
13de
13ed
13ef
13e7
13e8
13f4
13f2
13f5
13cd
13eb
13f8
13f9
13e5
13f1
13ec
13fd
13f6
13fb
1401
13fa
13fc
13fe
1400
1403
13f0
13f7
1405
13f3
1404
140b
1407
1409
13df
1406
140c
1412
13ff
140e
1408
1402
1410
1416
1418
1417
1411
140a
140f
1414
141a
1415
1419
1413
141e
141f
1425
1424
1427
141c
1428
1429
1420
1421
140d
1426
142b
142d
141d
1430
142c
1431
1422
1434
1436
1432
1437
1438
1439
1423
142a
1435
142e
1433
143b
141b
143a
1444
1443
1440
1445
1448
142f
144a
143c
143e
143f
1442
144e
144f
1450
144d
1451
1454
1447
1453
1455
1452
1459
1449
143d
145c
145a
145e
145d
1458
1457
1461
144b
1441
1446
1462
145b
1456
1460
1469
144c
146c
1467
1466
146b
146a
1463
1468
1464
1474
145f
146e
1476
1473
146d
1465
1477
1479
1478
147d
147e
146f
1475
147f
1470
1483
1471
1480
1486
1484
1485
147a
148a
147b
1488
148d
148b
1482
1489
147c
1491
1481
1490
1487
1497
148f
1499
1498
1495
148e
1494
149b
148c
1493
149e
1492
149c
14a3
149a
1472
1496
14a1
14a6
14a9
14a2
14a7
14a4
149d
14a5
14ae
14a0
14b0
14a8
149f
14af
14aa
14ab
14ac
14b2
14ad
14bb
14ba
14bc
14b5
14b4
14b1
14b3
14c2
14b6
14c3
14bf
14c5
14b8
14b7
14c8
14bd
14c1
14c7
14b9
14cc
14c4
14c0
14c6
14cb
14cd
14cf
14d0
14d4
14ce
14d5
14d3
14d1
14d9
14be
14da
14d2
14d6
14c9
14d8
14dd
14dc
14ca
14d7
14e4
14e3
14df
14e9
14ea
14e7
14eb
14ed
14de
14ef
14e1
14e8
14e2
14f0
14f4
14e5
14e6
14e0
14ee
14ec
14f2
14f1
14fb
14f5
14f6
14f7
14fa
14fc
1501
1502
14db
1505
1500
14ff
14fe
1508
14fd
1509
1503
150a
150d
150f
14f8
1506
1510
1504
1507
150e
1513
150c
1516
1515
1512
14f3
1519
151b
1511
150b
1517
151a
14f9
151d
151c
151e
1514
1520
1527
1524
1523
152a
1522
152c
151f
152d
1518
152b
1525
1533
1528
1526
1530
1521
152e
1529
152f
153b
1535
153c
1531
153d
1537
1539
153f
1541
1532
1542
1545
1534
1536
1544
1548
153a
1546
154b
1547
154c
154e
1551
1543
1538
1540
1553
1556
154d
153e
154f
1558
1550
1549
1557
155b
155a
1560
155f
155c
155e
155d
1552
1564
1559
1565
1568
1569
1567
156c
154a
1561
156e
1570
156a
156b
1554
1571
1566
1563
1572
1578
1576
1574
1555
1579
157b
1577
157e
157f
156f
157d
157a
1583
156d
1562
1580
1584
1589
1585
1586
1582
1573
158e
158c
1587
158b
1588
158d
1575
1591
157c
1597
1581
1590
1598
1596
1592
159d
1594
159c
15a0
15a1
15a2
1595
159b
1599
159a
159e
15a8
159f
15a5
15a3
1593
15ac
158f
15af
15b0
15a4
15a6
15aa
15ae
15ad
15b3
15b7
15b5
15b1
15ba
15b9
15b8
15b2
15bd
15be
15bf
15bc
15ab
15c0
15c1
15c2
15bb
15b6
15c3
158a
15ca
15a7
15cb
15cc
15c9
15cf
15c6
15c8
15cd
15c4
15d3
15d0
15ce
15d7
15d2
15a9
15d5
15b4
15dc
15d6
15c7
15d9
15d8
15c5
15d4
15e2
15de
15d1
15dd
15e7
15e1
15e3
15ea
15e8
15df
15eb
15e9
15ec
15f0
15f1
15e5
15da
15e4
15e0
15f2
15db
15f7
15ed
15ef
15e6
15fb
15f8
15fc
15f9
15ee
15f6
15fd
15f3
1604
15fe
1600
1601
15ff
15f4
1608
160b
160c
1605
1609
160a
1610
1611
160f
1602
15fa
1613
1616
160d
160e
1615
1603
1618
15f5
161c
161b
1607
1606
161f
1621
1619
1620
1617
1626
161e
161a
1625
1614
162b
1624
162d
1622
162f
161d
1631
1627
162e
1633
162c
1629
1623
1635
162a
1639
1612
1636
163a
163b
1638
163f
1628
1641
1643
163c
163e
163d
1646
1630
1649
1645
1648
164a
1642
164e
1644
1632
1650
1640
164f
164c
1634
1654
1647
1653
1655
1652
1637
165a
1658
1659
165f
165d
164b
1662
165c
165b
1657
1661
1664
1656
165e
1668
166a
1663
164d
1665
1667
166d
1669
1672
166b
1674
1673
1670
1675
1671
1678
1660
1679
1666
167d
1676
167c
1680
167a
166e
167f
1681
1684
1686
1677
166f
1688
1651
1687
1685
166c
1689
168e
168f
168d
168b
168a
1692
1683
167e
1693
1695
1690
1696
167b
1691
1699
169d
169e
169c
1697
1698
1694
16a1
16a5
16a6
169f
169a
1682
16a0
16a9
16ac
168c
16ae
16a8
169b
16ad
16a7
16aa
16ab
16af
16b3
16a4
16a3
16b9
16b6
16b8
16b7
16b0
16bb
16a2
16bd
16b2
16c2
16c0
16c3
16c5
16b4
16ba
16c8
16c9
16bf
16be
16ca
16c4
16c7
16cd
16b1
16c1
16cf
16d0
16c6
16d2
16b5
16bc
16d1
16cc
16d7
16ce
16cb
16db
16d3
16dd
16d5
16d8
16df
16d4
16e2
16e5
16da
16de
16e3
16dc
16e8
16e9
16e4
16ec
16ed
16eb
16e1
16ee
16e0
16e7
16f4
16f5
16f3
16d6
16f2
16f8
16f1
16f0
16f6
16f9
16ea
16fe
16fa
16f7
16e6
16d9
1703
16ff
1706
16ef
1701
16fc
1708
170a
170c
16fd
1700
1702
16fb
170e
1712
170b
1705
1707
1709
1716
1704
1717
170d
171a
1710
1718
171b
1719
1715
1720
1714
171f
1724
1723
1713
171c
1721
171d
1728
171e
1711
172a
170f
172f
1722
172b
172d
1727
1732
1731
1736
1735
172e
1734
1729
1733
1738
173d
173c
1739
1730
1737
1726
1743
1740
1744
173f
1741
1747
1749
174a
172c
1745
174c
174e
1725
174f
1748
174b
1751
173e
1742
1746
1752
1756
173a
1750
175a
1755
1753
1754
1759
175b
175f
175c
175e
1763
175d
1766
1764
1768
1760
1758
173b
1767
1761
1762
176e
1769
176f
1757
176d
176b
1773
1771
1774
174d
1770
1772
176a
177a
1776
1765
177d
1777
1775
1780
177e
1782
177f
1779
177b
1786
1788
1789
1778
176c
178d
1784
1781
1785
178a
177c
1793
1787
178e
1792
1791
1795
1798
178c
179a
178b
179b
178f
179e
1799
17a1
179f
1797
17a0
179c
1790
17a7
17a6
17a2
17a5
1794
179d
1783
17ab
17a4
17ad
17ac
17ae
17a3
17b1
17b5
17af
17a8
17b8
17b6
17b0
17aa
17bc
17b3
17b2
17bf
17bb
17a9
17be
1796
17b7
17b9
17ba
17c5
17bd
17c1
17ca
17cb
17c2
17c8
17cd
17c9
17c4
17ce
17d2
17d1
17d0
17d4
17cc
17c6
17c0
17b4
17d5
17d8
17d3
17dc
17db
17cf
17d7
17da
17df
17e3
17d6
17e2
17e6
17e5
17d9
17e1
17e8
17de
17e7
17e0
17ed
17e9
17c7
17f1
17ea
17f0
17f2
17ee
17c3
17f7
17dd
17e4
17f5
17fa
17f4
17f9
17f3
17fe
17ef
17eb
17f8
17fc
1802
1803
1804
17f6
17fb
1801
1807
180b
1809
180d
17ff
17fd
180f
1808
1805
1800
1810
1815
1814
180c
1812
1818
17ec
1806
180a
1819
181c
1813
181f
181d
181e
1822
1816
180e
1823
181a
1817
1824
1811
1820
182a
1825
1821
1826
1829
182c
1831
182e
182d
1835
182b
182f
1836
1839
1833
1838
183b
1830
1827
1834
1828
183f
183a
1837
183c
1844
1841
1846
1840
183d
181b
183e
1843
1832
184b
1842
1850
1849
1852
1847
184e
1848
1851
1857
184f
1853
1845
1858
185b
1856
184c
185e
184a
185a
1861
185f
1862
1854
184d
185d
1867
1865
1860
1868
1864
186a
1855
1869
186e
186f
1866
1873
1870
1872
186c
186d
1871
1879
1878
185c
1874
186b
1877
1863
1875
1876
1880
1883
187d
1859
187c
187a
1887
1888
187f
1882
187b
188c
1884
188e
1885
1891
1886
1889
1894
187e
188b
1896
1897
1895
1881
1892
1890
188a
188d
189d
189e
189b
189f
18a0
18a1
189c
18a3
188f
18a4
1893
18a2
18a5
18a8
18a6
18ab
18ad
1898
18aa
1899
18af
18b4
18ae
18b1
18b2
18b3
18b6
18a7
18ba
18ac
18b5
18a9
18b7
18b9
18be
18bf
18c3
18c0
18bb
18c5
18c1
18b8
18c7
18c8
18c4
18c6
18c9
18c2
18b0
18ca
18bc
189a
18bd
18cd
18ce
18d2
18cf
18d8
18d0
18cb
18d3
18db
18dd
18d6
18df
18e0
18d4
18de
18dc
18e3
18d9
18d7
18e1
18e6
18e8
18d5
18e5
18e2
18eb
18ed
18ef
18da
18e4
18cc
18f1
18d1
18ea
18f2
18f0
18e7
18e9
18f3
18f9
18f5
18fb
18f7
18f6
18ee
18fa
18fe
18fd
18fc
1905
1904
1906
1908
18f4
1903
18f8
190b
18ec
190a
190c
1902
190e
1909
1900
1907
18ff
1916
1915
1917
1914
190f
191a
1911
1912
1910
1919
190d
191d
191b
191e
1913
1923
1925
1922
1928
1929
192a
1918
191c
192c
1920
192f
192b
1924
1901
1932
192d
1933
1926
1931
1935
191f
192e
1927
1921
193a
1936
1938
193b
193d
1930
193f
193c
1934
1945
1937
1940
1939
1946
1947
1948
1943
193e
194d
194b
194f
1949
1952
194a
194c
1942
1941
1953
1944
1951
1955
1950
1956
195e
194e
195a
195b
1960
195c
1962
1958
1954
1959
1957
195d
1961
1968
195f
196b
196d
196e
196c
1964
196a
1965
1973
1969
1974
1971
1970
1966
1963
1976
197b
1979
197a
1977
197e
1978
197c
197d
1983
1967
197f
1980
1982
1985
198a
1989
198b
198d
1986
198f
1988
1987
1990
1984
198c
1995
1996
1992
1994
1999
1993
1991
199a
1975
199d
196f
1998
19a0
1997
198e
19a4
19a5
199f
1972
199c
19a8
19a3
19a1
1981
199e
19ab
19a9
19ac
19a6
19aa
19a7
19ae
199b
19b6
19b5
19af
19ad
19b9
19b7
19bc
19a2
19ba
19be
19c0
19b0
19b2
19c1
19c4
19b8
19c2
19bd
19b1
19c8
19c9
19bf
19cc
19c7
19c3
19b3
19c5
19c6
19cd
19d1
19d3
19ce
19d4
19d6
19cb
19bb
19ca
19d0
19d2
19db
19d5
19d9
19dc
19d8
19cf
19df
19b4
19dd
19e6
19e1
19e4
19e3
19e9
19e2
19ea
19e5
19d7
19eb
19f0
19f1
19ee
19ef
19ed
19e8
19e7
19da
19e0
19de
19f2
19f5
19f3
19f7
19f4
19f6
19fa
19f9
1a01
1a00
19fd
1a04
19ff
19ec
1a06
1a02
1a0a
1a03
1a0b
19fc
1a05
19fb
1a0c
19fe
1a12
1a11
1a0f
1a09
1a16
1a08
1a15
1a10
1a0e
1a19
1a14
1a0d
1a1a
1a1d
1a1e
1a1b
19f8
1a13
1a21
1a20
1a1c
1a27
1a07
1a29
1a22
1a28
1a2c
1a2b
1a18
1a24
1a25
1a17
1a30
1a31
1a23
1a2f
1a34
1a35
1a2d
1a37
1a33
1a2a
1a39
1a26
1a2e
1a1f
1a40
1a3b
1a36
1a3f
1a3a
1a43
1a42
1a47
1a3c
1a46
1a4a
1a44
1a41
1a32
1a4d
1a3d
1a50
1a4f
1a4e
1a52
1a4b
1a48
1a51
1a56
1a53
1a59
1a45
1a57
1a4c
1a5c
1a5e
1a49
1a58
1a38
1a61
1a5b
1a5a
1a5d
1a55
1a66
1a64
1a68
1a65
1a6b
1a6a
1a5f
1a67
1a63
1a6c
1a60
1a6e
1a3e
1a70
1a54
1a75
1a71
1a6f
1a6d
1a73
1a76
1a7b
1a79
1a72
1a7d
1a7e
1a81
1a74
1a82
1a62
1a85
1a77
1a86
1a83
1a84
1a89
1a8b
1a69
1a8c
1a8d
1a87
1a80
1a90
1a7c
1a92
1a8f
1a93
1a7f
1a96
1a91
1a7a
1a97
1a95
1a94
1a9d
1a88
1a9a
1a99
1a8e
1a8a
1a9e
1aa0
1a78
1aa2
1aa7
1a98
1aa3
1a9b
1aa9
1aa4
1a9c
1aa6
1a9f
1aa8
1aa5
1ab2
1aae
1aab
1ab0
1aa1
1ab1
1ab6
1ab9
1ab3
1ab4
1aac
1abc
1aba
1abf
1aaa
1ab5
1abd
1ab7
1ac3
1ab8
1aaf
1ac1
1ac2
1ac6
1ac5
1acb
1abb
1abe
1aca
1ac4
1ac0
1acf
1aad
1ad1
1acc
1acd
1ac8
1ad4
1ad7
1ad5
1ada
1ad8
1ad9
1ad3
1adc
1adb
1ad2
1ae1
1ae0
1ace
1ac7
1add
1adf
1ae4
1ae3
1ad6
1ade
1ac9
1ae7
1aeb
1aee
1ad0
1ae9
1ae2
1af0
1af3
1aec
1ae5
1af6
1ae8
1af5
1af2
1af7
1aed
1afa
1ae6
1aef
1afc
1af1
1aff
1b02
1af9
1af4
1b05
1b03
1afb
1af8
1b06
1b08
1b09
1aea
1b0b
1afe
1b0a
1b0d
1b0c
1b00
1b10
1b12
1b04
1b07
1afd
1b18
1b19
1b14
1b17
1b1c
1b1b
1b13
1b1a
1b16
1b15
1b0f
1b01
1b1d
1b0e
1b23
1b27
1b1e
1b26
1b20
1b28
1b25
1b21
1b2a
1b29
1b2e
1b24
1b2c
1b2f
1b32
1b1f
1b30
1b33
1b2b
1b2d
1b11
1b39
1b35
1b38
1b3d
1b3f
1b3a
1b36
1b22
1b43
1b34
1b44
1b3c
1b45
1b42
1b46
1b48
1b37
1b49
1b31
1b47
1b4b
1b4c
1b3b
1b3e
1b41
1b52
1b4a
1b4d
1b50
1b4f
1b51
1b56
1b4e
1b54
1b5a
1b59
1b5c
1b40
1b5e
1b5d
1b60
1b58
1b64
1b57
1b5b
1b65
1b69
1b67
1b66
1b6a
1b55
1b53
1b6f
1b61
1b63
1b68
1b62
1b5f
1b70
1b6c
1b6e
1b71
1b77
1b75
1b74
1b76
1b72
1b78
1b73
1b7d
1b7f
1b6b
1b7a
1b81
1b82
1b84
1b79
1b86
1b80
1b6d
1b7c
1b83
1b8b
1b85
1b88
1b8f
1b8e
1b8c
1b7b
1b93
1b8d
1b95
1b91
1b7e
1b89
1b98
1b9a
1b94
1b96
1b9e
1b9b
1b99
1b92
1b87
1ba2
1ba0
1b8a
1b90
1ba3
1ba8
1ba6
1baa
1ba1
1bac
1ba9
1ba7
1b9f
1bb0
1baf
1bb2
1b97
1b9d
1bb4
1ba4
1bb3
1bb1
1bad
1bb8
1bb7
1bba
1bbb
1bb5
1ba5
1bbc
1bbf
1bbe
1bc1
1bc0
1bbd
1bb6
1bae
1bc8
1bc6
1bab
1bc5
1bca
1bc9
1bc4
1bce
1bc7
1bd1
1bcb
1bd3
1bb9
1bd5
1bd4
1bcc
1bd0
1bd9
1bd7
1bd8
1bc2
1bcd
1bdc
1bcf
1b9c
1be0
1bdb
1bd2
1bc3
1be4
1bdf
1be6
1be5
1be3
1be7
1be1
1bd6
1bec
1be8
1be9
1bde
1bef
1bea
1bf1
1bee
1bf2
1beb
1bed
1bf5
1bf7
1bdd
1bf6
1bfa
1bf3
1bf0
1bff
1bfd
1bf4
1c01
1bfb
1c03
1bf9
1c05
1c07
1bfc
1c04
1c09
1bda
1c08
1c06
1c0e
1bf8
1c0c
1c0b
1bfe
1c0a
1c12
1c02
1c00
1c14
1c15
1be2
1c0f
1c1a
1c18
1c11
1c1c
1c10
1c17
1c0d
1c20
1c1b
1c1f
1c19
1c1d
1c22
1c28
1c24
1c2a
1c21
1c13
1c2b
1c1e
1c29
1c2f
1c25
1c2c
1c26
1c2d
1c32
1c16
1c34
1c23
1c38
1c35
1c31
1c2e
1c36
1c33
1c27
1c37
1c3d
1c40
1c41
1c3e
1c43
1c46
1c3f
1c44
1c3b
1c48
1c42
1c3c
1c4a
1c4c
1c39
1c4e
1c4d
1c50
1c53
1c47
1c4f
1c51
1c30
1c54
1c58
1c4b
1c5b
1c59
1c52
1c5d
1c55
1c45
1c57
1c60
1c61
1c63
1c3a
1c62
1c56
1c67
1c5f
1c5c
1c64
1c6a
1c6b
1c68
1c66
1c70
1c6f
1c6e
1c5e
1c5a
1c65
1c75
1c71
1c76
1c78
1c6d
1c69
1c7b
1c7a
1c74
1c73
1c7f
1c77
1c7c
1c81
1c80
1c85
1c79
1c72
1c49
1c6c
1c7e
1c8b
1c7d
1c86
1c8d
1c87
1c82
1c90
1c8e
1c8a
1c89
1c88
1c83
1c91
1c97
1c99
1c93
1c94
1c9c
1c95
1c9b
1c8c
1c9a
1c84
1c92
1ca1
1ca4
1c9f
1c96
1ca5
1ca8
1ca9
1caa
1ca3
1c98
1cab
1c9e
1ca0
1ca2
1caf
1cb0
1cae
1c9d
1cb4
1cb6
1cb1
1cb2
1cb8
1c8f
1cba
1cb5
1cad
1ca7
1cb3
1cbd
1cc1
1cbf
1cbc
1cb7
1cc5
1cbe
1cb9
1cc3
1ca6
1cca
1cc2
1cc6
1cc0
1ccd
1ccf
1ccc
1cbb
1ccb
1cd3
1cd1
1cd2
1cac
1cc4
1cd4
1cc8
1cc9
1cd8
1cda
1cdd
1cd6
1cce
1cd0
1ce1
1cdc
1cd9
1ce3
1cde
1ce6
1ce4
1cd7
1ce0
1cdb
1ce7
1cec
1cea
1cc7
1ced
1ce5
1ce9
1cee
1ce8
1cf0
1cdf
1cf6
1cd5
1cf1
1cf4
1ce2
1cf8
1cf2
1cf3
1cfc
1cef
1cf5
1cfe
1cff
1cfd
1d03
1d00
1cf7
1d05
1cf9
1d01
1d09
1d07
1d0a
1d08
1d04
1cfa
1d10
1d11
1d02
1d0b
1d13
1d14
1d0c
1d0e
1d0d
1ceb
1d19
1cfb
1d0f
1d18
1d1e
1d16
1d17
1d12
1d1f
1d1c
1d20
1d06
1d1a
1d15
1d21
1d27
1d24
1d25
1d26
1d2b
1d1b
1d22
1d2e
1d29
1d32
1d2a
1d30
1d35
1d33
1d28
1d23
1d1d
1d39
1d38
1d3a
1d34
1d3b
1d2f
1d40
1d3f
1d2d
1d41
1d3d
1d43
1d45
1d36
1d2c
1d42
1d49
1d3c
1d4b
1d46
1d47
1d44
1d37
1d4d
1d52
1d4f
1d51
1d4c
1d31
1d3e
1d54
1d55
1d59
1d58
1d4e
1d5b
1d5c
1d57
1d5d
1d61
1d5f
1d48
1d64
1d5a
1d65
1d67
1d60
1d50
1d5e
1d63
1d6c
1d53
1d6d
1d69
1d68
1d6e
1d56
1d4a
1d73
1d6a
1d71
1d77
1d72
1d70
1d66
1d7b
1d75
1d62
1d74
1d76
1d7f
1d7e
1d7c
1d82
1d83
1d6f
1d7d
1d86
1d81
1d7a
1d78
1d88
1d89
1d8b
1d8c
1d87
1d79
1d91
1d8e
1d85
1d93
1d95
1d8f
1d8d
1d90
1d84
1d94
1d8a
1d6b
1d97
1d9b
1d92
1d99
1d9a
1d80
1d9d
1da0
1d9c
1d96
1d9f
1da5
1da3
1da9
1da7
1da1
1da8
1d9e
1d98
1dac
1daa
1dae
1db3
1db0
1daf
1db6
1da2
1db7
1dab
1dad
1da4
1db8
1dbb
1db2
1dbd
1db5
1db9
1dc1
1dbc
1dc4
1dba
1db1
1dc2
1db4
1dc8
1dc6
1dc9
1dcb
1dcd
1dc7
1dce
1da6
1dd0
1dc0
1dca
1dd3
1dd4
1dd2
1dc3
1dd7
1dd9
1dbe
1ddb
1dd6
1dcc
1dde
1dc5
1ddc
1dbf
1dcf
1dda
1de4
1de0
1ddd
1de2
1de5
1ddf
1dea
1deb
1de6
1dec
1dee
1de7
1dd1
1ded
1de8
1de1
1def
1df0
1df3
1de3
1df6
1df1
1df9
1df4
1df8
1df5
1dfd
1dd8
1dfb
1e00
1dfa
1dd5
1e03
1dfc
1e05
1e02
1dfe
1e07
1e01
1e0a
1df7
1e09
1dff
1e04
1e0c
1e0b
1e08
1e06
1e0d
1e10
1e0e
1e0f
1e11
1e19
1de9
1e18
1e14
1e12
1e17
1e15
1e20
1e1d
1e1e
1df2
1e1c
1e16
1e21
1e1f
1e13
1e26
1e1a
1e27
1e22
1e29
1e2c
1e2f
1e24
1e2a
1e30
1e32
1e2d
1e28
1e33
1e2b
1e23
1e36
1e38
1e34
1e25
1e37
1e1b
1e3c
1e3f
1e3b
1e39
1e42
1e35
1e41
1e31
1e46
1e43
1e2e
1e3e
1e44
1e49
1e45
1e4c
1e4f
1e4e
1e48
1e4d
1e3d
1e3a
1e4a
1e40
1e54
1e57
1e58
1e53
1e55
1e50
1e5a
1e5e
1e47
1e60
1e5d
1e51
1e5c
1e59
1e64
1e62
1e63
1e5f
1e5b
1e4b
1e65
1e6a
1e6b
1e61
1e68
1e56
1e52
1e71
1e73
1e66
1e74
1e6f
1e76
1e6e
1e6c
1e78
1e7a
1e67
1e75
1e79
1e7d
1e7f
1e69
1e81
1e7c
1e6d
1e70
1e83
1e85
1e7b
1e77
1e7e
1e80
1e84
1e86
1e89
1e8d
1e8c
1e8b
1e90
1e88
1e8a
1e82
1e8f
1e94
1e91
1e95
1e93
1e92
1e9c
1e87
1e97
1e9f
1e8e
1e98
1ea0
1e9b
1e99
1e96
1e72
1ea7
1ea5
1ea8
1ea4
1eaa
1ea1
1ea9
1ead
1e9d
1eab
1eb0
1eae
1ea2
1eb1
1eb5
1ea3
1eb3
1eb7
1eb6
1eb9
1ea6
1eaf
1eb4
1eba
1ebe
1e9a
1e9e
1ebb
1ebd
1eac
1ec2
1ebf
1eb2
1ec7
1ec1
1ec9
1ebc
1ec4
1ec5
1ec0
1ec8
1eca
1ec6
1ecf
1ed1
1ecd
1eb8
1ec3
1ecc
1ed0
1ed7
1ed8
1eda
1ece
1ed6
1edb
1ed5
1ede
1edc
1ed4
1ee0
1edf
1ee3
1ed2
1ed9
1ee8
1ee7
1ed3
1edd
1ee4
1eeb
1eea
1ee5
1ef0
1ee1
1ef1
1ecb
1ee6
1eef
1ef5
1ee2
1ef3
1ef4
1ef2
1ef9
1eee
1efd
1ef7
1eff
1efc
1efa
1efe
1eed
1ef6
1f04
1eec
1f07
1efb
1ee9
1f06
1f08
1f0c
1f00
1ef8
1f0b
1f09
1f05
1f0a
1f12
1f11
1f03
1f0e
1f0f
1f14
1f10
1f17
1f19
1f1c
1f13
1f0d
1f1f
1f01
1f1a
1f18
1f1e
1f1d
1f16
1f1b
1f15
1f23
1f29
1f21
1f27
1f26
1f25
1f22
1f2c
1f20
1f2f
1f32
1f2e
1f33
1f35
1f31
1f24
1f36
1f30
1f38
1f28
1f37
1f2d
1f02
1f2a
1f39
1f41
1f3c
1f3d
1f3a
1f3b
1f42
1f40
1f34
1f3f
1f46
1f48
1f45
1f3e
1f4c
1f49
1f4a
1f4b
1f52
1f50
1f47
1f4f
1f56
1f44
1f4e
1f57
1f55
1f5a
1f58
1f51
1f43
1f53
1f59
1f5f
1f5b
1f2b
1f61
1f62
1f5e
1f66
1f64
1f68
1f54
1f69
1f4d
1f65
1f6d
1f60
1f6c
1f5c
1f6a
1f71
1f6b
1f63
1f74
1f75
1f78
1f79
1f76
1f7a
1f7b
1f73
1f70
1f7f
1f77
1f7d
1f6e
1f80
1f6f
1f82
1f7c
1f67
1f72
1f87
1f7e
1f8a
1f83
1f89
1f85
1f8b
1f88
1f90
1f8d
1f86
1f93
1f5d
1f8c
1f8f
1f91
1f84
1f8e
1f97
1f98
1f95
1f81
1f9a
1f99
1fa0
1f96
1f94
1f9d
1fa1
1fa3
1fa2
1f92
1f9b
1fa6
1faa
1fa9
1fa8
1fae
1fa4
1fb0
1faf
1fa5
1fb3
1fab
1f9c
1fb5
1fad
1fac
1fb4
1fa7
1fb1
1fb2
1fbc
1fbe
1fbd
1fbb
1fb9
1fc1
1fbf
1fb7
1fc0
1fc2
1fb6
1fc5
1fc7
1fca
1fb8
1fc4
1fcb
1f9e
1fcc
1fce
1fcf
1fba
1f9f
1fd2
1fc6
1fc8
1fcd
1fc9
1fd5
1fd3
1fd7
1fd1
1fd6
1fdc
1fdb
1fdf
1fd8
1fda
1fd0
1fe4
1fc3
1fe1
1fdd
1fe2
1fd9
1fe5
1fe9
1fec
1fe6
1fe8
1fee
1fe0
1fea
1fe3
1ff0
1fef
1fd4
1ff2
1fed
1ff7
1ff4
1fde
1ff6
1ffc
1ffa
1ffe
1fff
1fe7
2000
1ff8
1ffd
2001
2005
2006
2007
2002
1ff1
1ff3
200b
200a
2008
1ffb
200f
1ff9
2003
200d
2010
200c
1feb
200e
2017
2004
2012
2016
201b
2019
2018
201c
201f
2015
201d
2020
2023
201e
201a
2009
2021
2028
2013
2026
2014
202b
2011
2022
2029
202a
202c
202d
2033
2032
2034
2027
2036
2031
202f
2039
2025
203a
203d
203c
202e
203b
203e
2035
2024
2041
203f
2043
2038
2048
2044
2037
204b
204a
2040
204c
2049
204f
2050
2045
2051
2054
2046
1ff5
2053
204d
2030
2058
2055
2057
2056
2042
205e
2059
2060
2061
204e
2063
2047
2066
2062
205a
2065
205c
2064
206b
2067
206c
206e
2068
2052
2072
205b
2070
2069
205d
2074
2075
206a
2073
207a
206f
2079
2077
207e
206d
205f
2076
2078
2071
207b
2086
2087
2083
2081
2089
208a
207f
208b
207c
208d
2090
208c
207d
208f
2084
2082
2091
2093
2094
2095
2092
2097
208e
2099
2085
2080
209b
20a0
209d
209f
2088
20a3
20a1
20a6
209e
209c
20a4
20aa
20a8
20a7
2098
2096
20a2
20ae
20ad
20b3
20b4
20b5
20b1
20a9
20b6
20b2
20a5
20ab
20ba
20bc
20af
20b7
20b8
20ac
209a
20c0
20c4
20c1
20bd
20c3
20bf
20bb
20c6
20b0
20ca
20c2
20c9
20b9
20cf
20c7
20cc
20d0
20d2
20c8
20ce
20d3
20be
20d1
20d4
20d9
20d8
20cd
20c5
20dc
20df
20db
20da
20d5
20d6
20dd
20cb
20e5
20e8
20e7
20e4
20e3
20d7
20de
20ea
20e2
20e9
20e6
20ed
20ec
20e0
20f0
20eb
20f7
20f5
20f2
20ee
20f4
20f9
20f6
20fd
20ff
20f3
20ef
20fb
2100
2104
2101
20fc
2105
2108
2102
2107
210b
20fa
20e1
210e
210d
2106
210c
20f8
2110
210a
20fe
2114
2112
2109
2115
20f1
211b
2111
2118
210f
2116
2120
2121
211c
211a
211d
2113
2103
211f
2124
2129
2126
2128
212b
211e
2117
212f
212d
212c
2123
212a
2122
2135
2136
2137
2125
2132
212e
2127
2134
2130
213a
2131
213b
2119
2133
2142
2138
2143
2141
2145
213e
2148
214a
2146
214c
214d
213d
2140
213f
2139
214f
214b
2151
2152
2155
2154
2156
214e
2149
213c
215c
215d
2150
2159
2153
2157
215a
2162
2158
2160
2164
2144
2168
2165
2161
2169
2167
215b
2147
216b
216f
2166
215e
216a
2172
216e
2175
215f
2163
2173
2177
216d
2170
2174
217d
217b
2178
2180
2171
217a
217e
2183
2181
216c
2186
2176
2185
217f
2189
2184
2179
2188
2190
218b
2187
217c
218e
218d
2182
218c
218a
2196
2193
2194
2192
2199
2195
219a
219e
2191
219f
219c
219d
219b
21a1
21a6
2198
2197
21a5
218f
21a9
21a8
21a4
21ae
21a0
21ac
21b2
21b0
21af
21a2
21b3
21aa
21b4
21b1
21a7
21b7
21ab
21bd
21be
21b5
21bf
21c0
21c2
21ad
21c3
21bc
21b8
21c1
21b9
21c4
21ca
21c6
21cb
21c8
21ba
21b6
21a3
21d1
21c7
21c5
21ce
21d0
21c9
21d6
21cf
21d4
21d9
21cc
21dc
21db
21d8
21cd
21de
21da
21d7
21d3
21dd
21e5
21bb
21e1
21df
21d5
21e7
21e6
21e0
21e3
21e4
21e9
21f0
21ec
21eb
21ee
21e2
21f3
21e8
21f2
21f1
21f7
21f8
21f9
21ed
21fa
21fe
21f4
21ef
21fb
2202
21fc
21ff
21d2
21f6
2203
2200
21fd
220a
21f5
2204
2205
2201
220d
21ea
220e
2211
220c
2209
2212
2214
2207
220f
2218
221a
2208
2216
2219
2217
221b
2206
221e
2210
2215
2222
220b
2226
2227
2223
2221
221d
2225
222a
2229
221c
222f
2224
2220
222d
222b
2213
222e
2234
2236
2232
2233
2231
2237
2230
223c
223b
2239
2228
223d
221f
223a
222c
223e
2243
2238
2246
2240
2248
2247
2244
224c
2235
2245
2242
2249
2251
224e
224a
2252
224b
224f
2250
224d
2253
2259
2258
225b
2256
225e
225a
225f
225c
225d
2255
2254
2264
2266
2260
2241
2268
2257
223f
2265
2269
226f
2267
226a
226d
2263
2274
2271
2262
2273
2261
2272
227a
2279
227b
227c
2278
2275
227f
227d
2281
2280
2270
227e
2282
2285
2286
2288
228a
2276
226e
226c
228b
2283
228c
228f
2289
228d
2291
2292
2296
2277
2294
2293
2299
2297
228e
226b
2298
229e
229c
22a1
2287
229d
2284
22a0
22a2
229a
22a8
22a6
2295
22a5
22a3
22a4
2290
229f
22a9
229b
22aa
22b1
22b0
22b5
22b4
22ac
22ae
22b7
22b3
22bb
22b8
22ab
22a7
22bf
22c0
22b6
22c2
22bd
22b9
22c3
22c6
22ba
22af
22c9
22c1
22cb
22c5
22bc
22cc
22ce
22cf
22d0
22be
22c8
22d1
22cd
22ca
22ad
22c4
22d3
22d2
22d5
22dc
22da
22c7
22b2
22d7
22df
22db
22dd
22e4
22e5
22e1
22d6
22d4
22d9
22e3
22eb
22e7
22ec
22e8
22e6
22d8
22f0
22ef
22ee
22ea
22de
22f6
22f3
22f4
22f8
22f9
22e9
22f1
22f7
22fa
22e0
22f5
22ed
2302
22e2
22f2
22fd
22fe
22ff
2304
2308
2303
2301
22fc
2309
230c
230b
230d
2307
2306
230e
230f
22fb
2315
2317
2300
230a
2313
231a
2311
231d
2312
2318
2316
2310
231b
231c
2305
2314
2321
2325
2323
2320
2329
232b
232c
2319
2324
2328
232e
2326
232a
2332
232f
2330
2333
2331
2336
231f
231e
2327
232d
2337
233a
233b
2339
233d
233c
233e
2343
2345
2346
2347
2341
2349
2335
234b
234a
234c
2322
2342
2344
233f
2334
234d
2340
2352
2351
2357
234f
2356
2353
2354
234e
2338
2350
235e
235d
2358
2361
235f
2363
2355
235a
2359
2366
2362
2368
2365
2360
2367
236b
236f
235c
236d
236a
236c
2348
2372
2373
2370
2377
2371
236e
2375
237a
2379
237e
2369
2380
2364
2376
237c
2374
2384
2385
2383
2387
237b
237d
2388
2386
2382
238e
238c
238d
238b
2378
238a
2381
2393
2389
2396
2391
235b
2392
2398
239c
2397
237f
239a
238f
2395
23a1
2399
239f
23a4
23a3
23a2
239e
23a6
23aa
23a7
2394
23ab
239b
23a8
2390
23a5
23b1
23b3
23b0
23ae
23ac
239d
23b5
23b7
23a0
23b2
23b4
23bb
23b8
23bd
23a9
23bf
23c0
23c3
23af
23c5
23b6
23c2
23b9
23bc
23ca
23ba
23c9
23be
23c7
23c6
23ce
23d0
23c8
23d1
23d4
23c1
23d3
23d2
23d5
23cc
23cf
23db
23d6
23d8
23cd
23dc
23de
23da
23e1
23d7
23e2
23e3
23e5
23e0
23e8
23e4
23c4
23e6
23ad
23ea
23ed
23eb
23d9
23df
23f0
23e7
23cb
23dd
23f3
23f4
23f2
23f5
23f8
23ee
23f6
23f9
23f7
23fd
23fa
23ff
23fc
23e9
23ef
23fe
2404
2407
2402
2408
2400
240b
2409
240a
23ec
2405
2403
240c
2411
240d
2414
240e
2410
23f1
23fb
2418
241a
2419
2415
2412
241d
2416
241f
2413
2401
2422
241e
2425
2417
241c
241b
2428
2423
2427
242b
242a
242c
242d
2426
2430
2429
2433
242f
2435
2436
242e
2421
2406
2434
2439
2424
243a
240f
243e
243d
2441
2438
243f
243b
2440
2431
2447
2448
2432
243c
244a
244b
2437
244d
2420
244e
2450
2449
244f
2453
2444
244c
2443
2445
2459
2442
2456
2454
245a
245e
2452
2458
2451
245c
2462
2455
2461
2463
2460
2465
2446
246a
2468
245b
246c
246d
2457
2470
2469
2466
246e
246f
2473
2475
245d
2464
2467
246b
2474
2471
247d
247a
2477
2480
2481
2478
2482
247e
2483
247f
2479
2485
2484
2489
248b
245f
2486
248c
248a
2488
2491
247b
2476
2490
2493
248e
2494
2472
2498
2497
2492
247c
2487
249d
2495
249c
248f
249e
2496
24a3
24a0
249a
248d
249f
24a7
24a8
24a5
24a2
24a6
2499
24a9
249b
24ad
24a1
24ac
24b2
24b3
24ab
24b4
24af
24b0
24aa
24b6
24ae
24ba
24bd
24bf
24bb
24c1
24b1
24b9
24a4
24c5
24be
24b7
24c7
24c9
24b5
24ca
24c6
24b8
24ce
24c0
24c8
24bc
24cd
24c2
24cf
24cb
24d0
24d1
24d3
24c4
24cc
24d5
24d4
24d6
24d7
24c3
24d2
24e1
24d8
24db
24dd
24e3
24e4
24e0
24d9
24df
24da
24dc
24e2
24e9
24e6
24ed
24ec
24f1
24ee
24ea
24e7
24de
24f0
24f7
24e8
24f5
24f6
24f3
24f9
24f8
24fc
24f2
24f4
24e5
24eb
24fe
2500
2501
24ff
24ef
2507
24fd
2505
2504
2502
24fa
2503
2506
2508
2510
250b
250f
250d
2514
250e
2509
250c
24fb
2518
250a
251c
251b
2519
251a
251d
2515
2521
2516
2523
2511
2525
2512
251e
2513
2527
252b
2526
252d
2520
2517
2528
2529
2524
252e
2533
2530
2531
2534
252f
2522
251f
253a
2532
252c
253c
2538
253b
252a
2539
2536
2535
2540
2546
2543
2541
2547
2537
2542
254c
2544
254d
2549
253e
2550
2552
2553
254a
2545
2551
2555
254b
2556
2559
2554
255a
255c
253f
2548
254e
2560
2562
255f
2558
255d
255e
2566
2567
253d
2561
255b
256c
256a
2565
2569
256f
2557
2572
256b
2563
2564
254f
2576
2568
2575
2571
257b
2577
2579
256e
257e
256d
2570
2582
2581
2580
2574
2578
2573
2585
2589
258a
2586
258c
257c
257a
2584
257d
258d
2591
2588
2594
2583
257f
258f
2587
2596
2599
2595
258e
2597
2598
2590
259e
259d
25a0
259a
259f
259b
25a3
25a6
2592
25a9
25a7
259c
25a2
25aa
25a8
258b
25af
25ae
25b1
25b2
25a5
25ab
25b0
25b4
25b3
25b8
25b5
25b9
2593
25bc
25b6
25b7
25bf
25bd
25a4
25ac
25c4
25ad
25bb
25c3
25c1
25ba
25be
25ca
25c0
25c2
25c6
25cf
25c5
25c9
25c8
25cc
25cb
25d0
25a1
25d5
25cd
25d4
25d3
25d8
25d6
25d7
25dd
25d9
25df
25c7
25d1
25e0
25e2
25db
25dc
25de
25e4
25d2
25e3
25da
25e5
25ec
25ea
25ee
25e9
25e1
25e8
25f3
25e6
25ed
25f0
25ce
25f6
25e7
25eb
25f4
25fa
25f2
25f7
25fc
25f1
25ef
25fe
25ff
2604
2601
2602
2603
2607
25fb
2606
2609
25f9
2608
25fd
260b
25f8
260f
2611
2600
2613
2612
2615
2617
260c
25f5
2605
261b
2618
261a
2616
2614
261d
260e
261e
261c
260d
2624
2626
2619
2625
2610
261f
2621
262b
2629
2628
2623
2627
262f
262d
2631
2622
2634
2620
2637
2632
262c
262a
2630
260a
2635
263d
2638
2639
263e
263f
2641
2642
263c
2636
2645
2647
262e
2640
2649
263a
2644
264b
2643
264c
2648
264f
2650
2654
2655
2652
263b
264e
2633
2658
2651
2657
2646
2659
264d
265c
265f
264a
265d
2664
2653
265a
2662
2667
2669
265e
2665
265b
2666
2661
2656
2663
266e
266f
266c
2674
266a
2671
2670
2668
2675
2672
266b
267b
2660
2677
267d
267c
267a
2681
2673
2678
2682
2676
267e
2688
2687
2683
2686
2689
2684
268d
268b
268c
2685
2691
266d
2690
2679
2692
268f
268a
2696
2680
267f
2697
2694
2695
269c
269a
26a1
268e
2699
269e
269d
26a4
26a3
26a0
269b
26a7
26a6
26a9
2698
269f
26ad
26a8
26ae
26ab
26aa
26b3
26af
26b1
26b6
26b8
2693
26b2
26b4
26bb
26ba
26bd
26a2
26b5
26ac
26c2
26bf
26c0
26be
26c6
26b0
26b9
26b7
26c8
26c4
26a5
26c9
26cd
26c1
26cf
26c3
26ca
26d1
26bc
26d4
26cb
26d0
26d6
26d5
26c5
26da
26cc
26ce
26db
26df
26d2
26d8
26dc
26d3
26e2
26d9
26c7
26e7
26dd
26e1
26e4
26e5
26e3
26ea
26de
26e0
26ec
26ed
26e6
26e8
26f0
26f4
26d7
26eb
26ee
26f3
26fa
26fb
26f8
26f9
26fe
26f2
2700
26f5
26e9
2703
26ef
2701
2706
26f1
26f7
26fd
26ff
2705
270b
2704
2707
2702
2708
2711
270f
26fc
2712
2715
2716
2709
270d
2713
2717
271b
270a
271a
271c
2714
2718
2720
270c
271d
271f
2721
2722
2723
2710
2729
26f6
2727
2725
272d
272a
271e
270e
272b
2719
2724
2733
2728
2735
2737
2738
2731
2732
273a
2730
273c
2726
2739
273d
273f
273b
2741
2736
2742
2744
2747
2743
2748
273e
272c
274b
2746
274a
272e
2750
2749
274f
2740
274c
2752
274d
2753
274e
2751
2755
272f
2758
2754
2756
2757
275f
2734
275b
275a
2759
2764
275d
275e
2767
2768
2745
2765
276a
276c
276b
275c
2763
2766
276e
2760
276d
2770
2773
2776
2775
2771
2778
2774
2779
2777
276f
2762
277a
277d
277f
277e
2781
2782
2769
2780
2772
277b
2785
2761
278c
2787
278d
2784
2783
278a
2792
2791
278b
2795
278e
2796
278f
2794
2793
2786
2799
2798
2797
277c
279b
2788
27a1
2790
27a3
279d
27a6
27a7
279c
279e
27a5
27a2
27a9
27a0
279f
279a
27a4
27a8
27b0
2789
27ae
27ab
27b2
27b3
27b7
27b4
27b8
27aa
27af
27ac
27bd
27bb
27c0
27b9
27ad
27c3
27c2
27bc
27c6
27c5
27b1
27bf
27ca
27be
27cc
27b5
27ce
27c8
27c7
27c9
27cb
27cf
27c4
27d5
27d2
27d6
27d8
27d0
27d4
27d3
27cd
27ba
27b6
27dd
27df
27e0
27d9
27de
27e3
27e1
27e5
27e2
27d1
27e6
27e9
27db
27c1
27e8
27d7
27eb
27ed
27da
27e4
27f2
27e7
27f1
27ef
27dc
27f8
27f3
27f9
27f4
27fa
27f7
27fd
27ea
27fb
2800
27fe
27ff
27f0
2805
2802
2804
2808
27ee
27f6
2809
2803
2806
280c
27ec
280b
2811
2812
2801
280f
280a
2810
2816
2807
2815
27fc
281a
281c
280d
2813
281b
280e
281e
2814
281f
2822
2825
2826
2824
2827
2823
282a
2818
27f5
282c
2819
2828
2817
281d
2829
2833
282e
282b
2821
2834
2831
2836
2820
2830
283c
2838
2839
283e
283a
283b
2837
2843
2832
283f
2844
2846
2835
282f
2848
2849
284c
284a
2841
2847
2845
2842
283d
282d
284e
2853
2856
2857
2851
284d
284b
284f
285b
2859
2855
285a
285f
285c
285e
2862
2860
2854
2858
2840
2850
2861
2865
2867
286b
286c
2869
2863
2870
2866
2871
2872
285d
2873
286d
2876
2868
2874
2875
2852
2878
287d
286f
287c
2879
2864
287a
286e
286a
287e
2881
2883
2882
2886
287f
288a
2880
288d
287b
2889
2877
2884
2887
2891
2890
2895
2896
2897
288e
288c
2899
289a
2885
2893
289b
289c
289e
2888
288f
2898
288b
28a4
2894
28a6
28a1
28a2
289d
28a9
28a7
28a0
28ae
28a5
289f
28a3
28ad
28af
28ac
28b3
28b5
28b7
28b4
28a8
28b8
28b0
28b9
2892
28ba
28aa
28bf
28b6
28bb
28c3
28c4
28c5
28c6
28c2
28ab
28c9
28c0
28c1
28cc
28c8
28cb
28bc
28d0
28cf
28d1
28be
28d2
28ca
28ce
28d5
28b2
28d9
28d8
28d7
28cd
28db
28de
28d4
28dc
28bd
28da
28df
28e4
28e0
28e2
28e6
28dd
28d6
28e7
28e8
28d3
28eb
28e5
28ef
28ed
28b1
28e3
28f0
28c7
28ee
28f3
28f7
28f4
28f8
28fa
28ea
28f6
28f5
28ec
28ff
28f9
28fe
28fd
28f1
2900
28fb
2903
28fc
28e1
2907
2906
2902
28f2
2905
290a
2904
2909
290b
290f
290d
2901
2914
2913
2912
2918
290c
28e9
2916
2911
290e
2910
291a
2920
291c
291b
291d
2917
2925
2926
291e
2924
2919
291f
2921
2915
292b
292d
2922
2923
2931
292a
292f
2930
2908
2935
2932
2937
292e
2927
2934
2928
2938
2933
293a
292c
2929
2936
2939
2944
293e
2943
293c
2941
2942
2947
294a
293b
294d
2948
2949
294c
293f
2952
2950
2954
294b
2953
294f
2958
2940
295a
2945
294e
293d
295d
295b
2951
2960
2955
2959
2961
295c
2957
2946
2963
2967
2956
296a
296c
2962
296b
2965
2969
296e
2964
2970
295f
2966
2974
2972
296f
2977
2976
2978
297c
2979
297a
297d
2980
2971
2981
2973
2968
2975
2983
2987
295e
297e
297b
297f
2988
2986
298a
298f
296d
298d
2982
2991
2990
298c
298b
2993
2985
298e
2989
2999
2996
2995
2994
299d
2998
2984
299c
299b
2997
299a
29a2
29a4
29a1
2992
29a0
29a8
29ac
29ab
29a9
29a5
29a7
29a6
29af
299e
29b4
29a3
29b5
29ad
29ae
29b2
29aa
29b3
29b6
29bc
29b8
299f
29b1
29bf
29c0
29c2
29c4
29b9
29b0
29c5
29c3
29c8
29ca
29ba
29bb
29cb
29c6
29c7
29c1
29bd
29cc
29b7
29ce
29c9
29cf
29d1
29d7
29d5
29d0
29d2
29d9
29db
29be
29df
29dc
29d6
29d8
29e3
29d3
29e0
29dd
29d4
29e6
29e5
29da
29e9
29ea
29e8
29e2
29ec
29ee
29cd
29e1
29f1
29f3
29ed
29f5
29e4
29eb
29e7
29f0
29f2
29fc
29fb
29fd
29fe
29fa
29ef
29f8
29de
29f9
29f7
2a00
2a03
29f6
2a07
2a09
2a01
2a05
2a08
2a04
2a02
2a0c
2a0a
2a0d
2a06
2a0b
2a12
2a10
2a14
2a0f
2a17
2a16
29ff
2a1c
2a11
2a19
2a18
2a1a
2a15
2a20
2a21
2a1e
2a1f
2a1b
2a22
2a28
2a1d
29f4
2a2b
2a23
2a2a
2a2c
2a2d
2a2f
2a24
2a32
2a29
2a30
2a13
2a25
2a36
2a0e
2a39
2a26
2a38
2a3c
2a37
2a3d
2a3f
2a3a
2a41
2a31
2a43
2a3e
2a3b
2a45
2a46
2a40
2a35
2a2e
2a34
2a48
2a42
2a4c
2a4f
2a27
2a47
2a4a
2a4d
2a51
2a4e
2a44
2a49
2a58
2a56
2a57
2a33
2a5b
2a53
2a5e
2a54
2a60
2a50
2a5d
2a52
2a62
2a59
2a61
2a5f
2a68
2a65
2a4b
2a69
2a5a
2a63
2a5c
2a6d
2a67
2a6a
2a6b
2a66
2a6c
2a6f
2a72
2a73
2a6e
2a76
2a75
2a74
2a71
2a70
2a7b
2a7a
2a7d
2a64
2a80
2a78
2a77
2a7c
2a83
2a85
2a55
2a82
2a89
2a84
2a8b
2a79
2a7f
2a8d
2a81
2a88
2a7e
2a92
2a93
2a8a
2a96
2a86
2a91
2a87
2a8e
2a95
2a97
2a94
2a8c
2a9e
2a90
2a9a
2a8f
2aa1
2aa3
2aa5
2aa0
2a9d
2a99
2a9f
2aa2
2aa6
2aa8
2aab
2aaa
2a9c
2aad
2ab1
2aa7
2aae
2aa9
2a98
2aaf
2a9b
2ab5
2ab2
2ab8
2aa4
2ab4
2aba
2ab7
2abf
2ab9
2abd
2ab6
2abe
2aac
2ac2
2ab0
2ac6
2abc
2ac1
2ac9
2ac8
2acb
2ac0
2ac4
2ab3
2acc
2ad0
2ad1
2ac3
2ace
2ad5
2ac7
2ac5
2ad3
2ad2
2ad6
2ad4
2aca
2adb
2abb
2ad9
2add
2acd
2adc
2ad7
2ae2
2ae3
2ade
2acf
2ae1
2ae5
2ae4
2adf
2ae8
2ae9
2aee
2aec
2aed
2af1
2af2
2ad8
2af4
2af5
2ada
2ae7
2af7
2aea
2af0
2aef
2ae6
2af3
2aeb
2af6
2ae0
