VG19T5W
ZARYEOG
CK785M6
SEL6WEH
2YO3ANV
X43MRQC
AR9ZFV1
565TBZ8
W16X2W9
DMN5AA4
ITA6WHG
PRF30OW
FDA39F7
X6A78HT
WFFON9M
C5R82SV
VQYRJC2
ZCP0MB6
XKEAJD2
EU3MUPO
NOXLUPG
Y38U5P2
9SXR7S1
GFX1SUU
QN3NXVO
OKOUELM
D6TKKN1
PWHR6P7
S2PKRVP
884IYZT
POU73JH
YET53SP
7X81HWC
3GEOMG4
NVH42V1
6O0RO7M
T7RCGP5
O5FZFY2
VXZCPUU
BH05WI1
BCWEANO
RIQN00A
2BSSVCO
WRVNHX9
KZJWTF7
EHRJUGY
M7DV0ZV
YCYFFTF
8JE7M6L
ZCBCTT9
ACOL8C7
SYWP0M9
C592NTQ
IU4Z3ML
2ZAM94K
ZKGLCTU
INZE8BR
WRKTZRW
SGY4MUS
H6N7PV6
QHSCX3Y
FHGSMVK
TNC6CQ8
ACY1LMC
FTD3UC4
O7CQVGT
EL1LY2Q
VFC2SFX
AUI824G
KCK800E
8S827BF
UC8ZZ5U
9CBUYXD
QCOJ9X8
JUUWZ5A
HV4EY20
FDTVLEW
2EYLGZ5
2IR3SO9
7HAM54E
85ASLPK
3H1S4AQ
3M80D9N
FQVUXXC
CAODMO7
MBB7EV0
ENDE0FK
GMVPWCF
PXU9O90
QHEQ2J3
1NZ8QMS
WH7X1V0
6KEKW7W
9U93259
Z281G3O
V6AYWWH
V9VQSJN
64EPCX5
HQBD7U5
KVYZ1SX
0MPXEL7
BGN0O0R
C99MFO9
7W7C80C
M3SKRXJ
GOIIQKX
LCWJTBE
K8E0C6Z
P2X3QXM
ONTI6DQ
0XXJRAN
I06OQ4H
9XUEVGK
EE15I46
64QD393
3ULLI8N
5O380W5
99265GV
HPF2H8A
5RZM85W
C7YCM5E
TAVN0VY
S5INBS1
XNM5O6P
VXI0T8O
WBDJZ0L
81055X3
2J0A3MW
M3Y6LF4
R2754GK
8MI9648
JI9WREF
08UDDMM
WXZ3FZA
STKFR8X
YGRMHE2
ZYWHT8J
JVUT5CE
LE95HAI
DX32OZJ
OMB8JM7
4H0C8YL
D6TWQ57
YXHVX7E
BTARMFB
DCRJBAB
EBA88YV
3Y9YVL1
L4AVOPM
UJDYIYP
2KRW8VR
UTM7NLS
599HIXU
O50VKEJ
TJCIV5P
Z1S9CJR
1LQ4YBE
62C8SWM
PFG8ORN
RZ22SNY
L5NZL6V
XA2BJN5
MAFQ66J
XG4A7EH
NPH1H52
5SBOTSB
AXYDK9R
HU01V3Y
CN47FFW
2MHKXGU
V6ESR4J
R1RHPG0
X3V60JQ
5BD34F5
HTJWUNK
XC7PCM2
B6I0BI7
ZMPSEXN
IOWS9EH
9366NEN
OJ5FKJ2
HK9US8S
XLJAK7X
OUUPS6V
EGVD1ET
8MK95EK
349CN6M
ATF1AYD
QYTVIW6
EK0C4YN
9CKKXLE
ZE2G0W8
7VRRUT3
1IJSFM3
0PMERQN
FMR353Z
28D5XWG
U9742WZ
GCNZDQZ
NP004PJ
7MMNCOT
5RI3CX2
C8A5R40
KISW3ZN
XCGW2IU
S4F8KTX
GFV5A8H
IEJZLU7
NHPGV32
F744GZH
Q2ML8DL
E45VT0Q
PHMGDKW
O57AIR7
ICRVZXI
D0823KQ
ZL0RC8Y
GAY8HS0
00VP8UM
DTGVZGC
HEXWK6M
2EIRNAU
8WK5J5S
O2AWF3F
A3X1LI3
NDX7WX9
NY7JRUR
XNW7XCK
KVNFG44
QVEW1I2
A7JUH0M
M1C0VHD
HXCGY7X
9WC971W
IGY5AYQ
NUBV5OK
QVDAD9A
FDOJ3NV
3ABNO87
VZFN6U4
X8AWXO4
VEEDCHG
G9F206D
J0A22GW
QUGMHGZ
XU4PL4P
U3UBC24
JV5CZYS
GCTEENT
PLFUUQU
WMC7SP5
W0N0AKZ
N6ZC5K1
3E5YYDV
J9AXBVO
WPKMIFZ
QUCB1FR
O0T7MTG
2D4XDT1
87GMIW0
TSG0V13
Q4ROIA6
LIIL7GR
AMG3QLM
BD3276X
KU00YZY
A6LD4XD
WQKLKTZ
T32B41Z
HOLZEL5
38RWSHY
1XN8FIS
4CDI066
9MD026Q
4VQE88L
IE7S37Z
HQK5CQN
DS4M330
0FK3D47
BUGKD93
Q9VQCWC
NIYQ0AM
I5DLBDR
X7HDPDP
THDTA2J
FOKJIAI
ST9IJN5
I2DEYK2
7HBW77C
82W7VQ2
73CT71K
RT0GW7B
CFRL9OH
DYQ4PFD
9IOAUMS
KUPKNJU
VH3PET7
ZLDGCWE
8A4YR8Q
VU5TW1O
DU0Z2GW
LDLAHZL
VAGD2AE
40ZK669
YZZYU8W
TJTL0Z8
H8Q0W5R
W2KNHEH
Y9TLNEJ
JXT16MV
O3Y5YAG
JNYB9WK
PXIAP1T
8LUXAU9
I7OB78Q
ILWANIN
XCQB5E8
CF38KXD
3QM2IX3
84KGVO6
PT4JOOM
TRQDPAS
HOI36E4
3PC3X3F
GV0ZEND
CELJ59X
FYQAT8D
YDCMJCT
BSDN88Q
PAI21P2
6OW92RC
78XFDGY
QCPT335
A25Z46D
DFXE7J9
1B39NDT
0CTQTYZ
0JGIF7P
MF6AGB8
W9F3Z86
XOLDHBV
8HP2OF7
8KG8PJD
WPKQEP3
WFCT4EU
52E6BRA
LEPUTJL
S2M920W
RRXBYKT
12N60VC
F865O6G
JRCFZ4B
M7R92N6
JX0L3QI
MQQ2VNI
SBZJJFL
IV2PMD6
26Y1JUG
01HQSTR
BIDZQ9F
CZL8H7S
64X7JQO
3159QC3
NDY37B8
LS8PPDC
4CIE2DQ
6SDSH3H
ZYMO541
GL6S88K
PHQ3CWA
759MIZM
HI89OPC
HWZ1WFQ
GTZYIN6
4S81190
DY0JM9Q
VACQLA2
1NBN5KH
H7S9CPT
TDV9PMO
FOKJ33L
C2V6C9G
25ZK8OD
1DXMOAH
1BRPUDT
3B77JNE
GA979LJ
SACA19T
CP1F6WY
PZTDYAU
BN0L68X
NW8UNIX
QPLVVDL
WO2Q11Z
YHIHKJT
KGN1EHG
YY305CD
KA5WVMS
QDKGLQ0
FLUTSY1
R0Q9HKH
776ZAHU
LO4KG3M
EB6VSTQ
TRF4J16
9BI2MGX
6QINLYR
BWLEZVI
55BXCFZ
WMM9TTU
B4YACYP
3E5A3JZ
J7RHWKH
7G1IKOT
FRI79NQ
6IJ1XBC
3GIM4SX
1YXC2KH
7FHG0SQ
8OUUQO2
1E7BB9E
2PPH03X
2XBEUI1
QGR1Q5J
VR0DQ0P
KWQGJRL
5ND36IU
4UQ3YPX
4A2WHNT
GI5CLQH
CH974B9
OMXAWFG
PSOW2NC
3H2MA9I
SXNRSTR
LSA71FH
X9PDYAD
BEHZV9O
MHI48CR
FCO8UXD
04JLAFP
E0PWWZC
3QLH1DK
A402WHK
98CJ47S
WLG462T
G97TDDB
KNDZ9D9
LVG0DL4
F6X1GCZ
NDN2U4Y
8V1Y8WC
J7T84F0
18C7OWV
GOK8740
PORWPX0
C37OUHL
7BORVMA
FSQTF4Y
296GM0H
R8OQE2J
7XI98PX
NO78J69
NYMX1H0
TTSX0DD
U87WA0C
KFC1ASD
2SWHDQD
SNC6T6M
4TP1RC0
JQTJHUU
KGFDC7R
3HMMYME
S9TAGN7
QBN3CCT
05LLLNT
0FQQZWH
Z6223I0
8X83S92
TK6ZX8M
JRY5U3S
ROJ7THU
LSAYBTS
04TQYS6
8RY2986
NQ5L73G
ENCGUYA
XSI6U9P
NJK7ALO
58Q4N05
KBFJVU8
PZSJWR2
NOL7EFJ
9CZS4GM
FE4MGPB
YHB7GPC
OCE3LRC
2ZZHC9G
3ZVMHLV
N0HS8X2
0K3N6QK
7H7D4CE
O5OIKOI
F1V5SOC
E7H5QI5
Y16M90U
BDL8QNF
3CHTFUW
H429TAD
OFP7L3I
XVEQD2I
VK73O5K
9GYNHCA
7EM0M78
0YPVZHQ
DAWY7ZP
22AUQI7
RDA4DNL
CS7F6B9
ZTHNZ5R
MI16DWU
OEJHZ2O
Y6HU8PK
AEH2DWG
P0VSS9P
NJQEPUS
3E99801
F1JPJK5
AEDIW4X
5Q7BHPU
