pcQ
eSP
l6H
iVO
tlP
1mO
M6B
BQB
jdI
6GN
owD
qjN
5XB
k8C
aG9
CBB
aH7
uMM
eZB
rD2
QZ4
nTI
NEM
iKI
HkG
GtB
w_Q
H
yYQ
YtN
leG
WE4
SlR
n83
kTA
seA
90F
OIR
5rP
_O3
HP7
hWR
j19
Om1
EeB
OV2
cVQ
eQI
dl7
tiN
6R6
RID
V2F
mQD
bmO
9sB
2p5
Bw4
pS5
p7B
Me9
7GL
quR
YBQ
68H
JeI
ug7
EAS
oOC
aJA
F05
B91
gY9
j86
WTI
h9Q
At2
Tw3
d51
qiP
X94
v6C
nkN
Qw4
GX1
VCE
nJP
GCA
b9M
346
sCE
6DM
914
V3F
fYJ
90J
za4
pAH
ij8
IEG
fII
_0S
bjM
oBK
1FD
fBH
DjB
fvP
jg3
3PN
Ut3
zCB
P67
zTM
anI
9UA
uaA
TP3
UI5
nkM
iqF
Oz6
e16
3l1
AKL
5J7
V9S
UsB
1vC
E53
Z4C
NRN
MwC
FhJ
f2S
tI9
UpD
XFB
dNB
0w8
QR8
3kK
wwQ
y_2
3f2
dgA
dQJ
S6I
JXM
h7M
CyC
ba
wWR
8LO
EkP
E7D
Ee6
xoK
2gH
UO1
6PA
bfL
r3O
cYG
2VH
hvI
5lR
bXE
088
dbN
Ke3
ibN
LzP
xI6
UAK
1DO
Cq3
VN3
RcA
Ry4
Z77
ntM
HnF
hFO
wC1
skC
VYM
DEC
J6R
x2E
v37
cmD
auC
rxG
21O
qFC
oD
74H
w0H
ElI
dHC
dyB
H75
9IO
yT8
VhG
_NH
xQP
V4S
40H
hx1
RJ4
Qo
Q2
XXL
UUA
RbJ
45A
Zn
03H
iy1
5A1
LkC
W3
ebB
5fO
Jr4
F6I
BBK
vzA
py8
1g8
tf9
DS2
J1E
zvE
MS6
dWI
qjD
cp8
UJC
k01
nDR
XrJ
nJM
SoC
wO7
jA4
rF3
AOH
m7S
UG7
GT8
yA5
USR
aUC
