worms_1267
mold_1593
charm_1411
pebble_1184
strings_1369
mold_1103
charm_1037
strings_1635
hair_1228
charm_1219
lint_1729
rock_1265
rock_1129
strings_1439
mold_1031
worms_1874
hair_1905
mush_1959
mold_1046
mold_1432
lint_1364
rock_1784
mush_1739
hair_1034
worms_1523
rock_1320
mush_1917
hair_1854
lint_1466
worms_1810
worms_975
charm_1146
charm_1054
lint_1402
hair_1449
lint_1871
mold_2000
rock_1209
lint_1157
hair_1229
worms_1788
dirt_1236
lint_1610
hair_1929
strings_1372
dirt_1868
mold_1571
hair_1623
worms_1849
hair_1619
mush_1407
mold_1525
charm_1877
mush_1757
dirt_1184
pebble_1285
pebble_1449
charm_1095
rock_1424
worms_1219
pebble_1629
rock_1155
rock_1015
strings_1381
pebble_1643
rock_1492
rock_1207
hair_1642
charm_1125
mush_1374
mold_1906
strings_1729
lint_1948
mold_1284
charm_1359
mold_1986
strings_1080
mold_2032
charm_1122
mush_1482
pebble_1381
lint_1215
pebble_1137
dirt_2032
mold_1108
worms_1001
hair_1462
rock_1228
rock_1235
worms_1588
mold_1495
charm_1185
pebble_1616
lint_1833
rock_1846
lint_1638
pebble_1727
lint_1761
hair_1716
strings_1535
rock_1883
lint_2024
strings_1014
hair_1085
pebble_1200
pebble_1131
dirt_1216
mush_1170
hair_1948
worms_1083
hair_1265
dirt_1074
pebble_1041
mush_1722
mush_1453
dirt_1570
charm_1664
hair_1508
mold_1276
worms_1620
dirt_1602
rock_1729
mold_1946
rock_1426
lint_1113
lint_1267
rock_1360
pebble_1181
pebble_1783
rock_1366
lint_1387
lint_1703
mold_1189
mush_1749
worms_1452
hair_1871
rock_1644
dirt_1795
worms_916
mold_1961
lint_1052
charm_1812
hair_1238
pebble_1598
pebble_1149
worms_951
lint_1614
strings_1724
lint_1456
worms_1780
lint_1313
strings_1414
rock_1431
charm_1271
dirt_1905
mold_1869
rock_1871
worms_1329
charm_1496
mush_1649
mush_1373
mush_1262
pebble_1059
hair_1859
rock_1030
lint_1811
lint_1407
rock_1146
lint_1124
mold_1441
dirt_2042
mush_1610
pebble_1082
mold_1642
mold_1993
lint_1667
mush_1212
mush_1494
dirt_1220
charm_1666
dirt_1470
mold_1779
lint_1101
mush_1734
charm_985
charm_1745
worms_1436
strings_1869
hair_1179
lint_1434
charm_1378
pebble_1125
dirt_1226
dirt_1451
pebble_1764
lint_1760
rock_1470
dirt_1753
strings_1581
dirt_1917
hair_1458
strings_1653
strings_1051
lint_1210
strings_1871
pebble_1915
mush_1214
charm_1212
mold_1565
lint_1269
worms_1691
dirt_1429
rock_1570
lint_1480
hair_1334
rock_1829
dirt_1629
charm_1584
mold_1799
dirt_2029
strings_1568
mush_1565
strings_1773
worms_1192
pebble_1648
pebble_1993
worms_1167
mold_1442
worms_955
dirt_1138
dirt_2021
worms_1071
worms_1244
worms_1812
worms_1740
mold_1584
charm_1646
mush_1731
rock_1452
hair_1758
mush_1052
strings_1008
charm_1783
mush_1884
hair_1823
dirt_1699
hair_1169
strings_1024
mold_1142
pebble_1658
worms_1110
pebble_1208
rock_1231
lint_1397
hair_1320
worms_1212
rock_1388
pebble_1239
pebble_1421
hair_1180
strings_1435
pebble_1195
strings_1399
rock_1910
hair_1450
pebble_1075
pebble_1541
worms_1707
dirt_1676
hair_1502
pebble_1699
mold_1777
strings_1358
strings_1577
hair_1521
hair_1723
hair_1820
rock_1497
worms_1851
pebble_1842
pebble_2005
strings_1532
strings_1836
pebble_265
dirt_507
dirt_2106
lint_2049
hair_318
mold_1995
mold_1595
charm_1756
pebble_1800
charm_1262
mold_488
charm_1189
worms_1227
lint_1354
pebble_1142
rock_1069
charm_1505
hair_1398
rock_1607
dirt_1706
pebble_1169
lint_1831
hair_1451
mold_1612
charm_1064
strings_1772
charm_1749
pebble_1154
mold_1832
mold_1929
mush_604
mold_552
hair_802
worms_1633
worms_1864
pebble_2027
worms_1278
strings_1248
charm_995
mush_1054
pebble_143
lint_1406
rock_1036
lint_1322
hair_1412
rock_1543
charm_1020
charm_1154
rock_1434
charm_1704
pebble_1185
lint_1619
rock_1584
hair_1770
strings_1759
charm_1887
lint_1970
mold_1785
rock_1792
dirt_533
hair_1526
mold_1861
mold_1002
dirt_2077
strings_1021
strings_961
dirt_1325
rock_362
mush_1148
rock_1252
dirt_1182
rock_1368
rock_1580
hair_1070
strings_12
hair_1248
mold_1443
worms_1488
mold_1250
pebble_634
worms_1535
mold_1047
pebble_1439
mush_1729
charm_1358
mold_1071
rock_1340
worms_1435
mold_1579
dirt_1832
strings_1569
lint_1669
pebble_1751
rock_1973
dirt_194
strings_1834
worms_319
hair_1838
mold_325
mold_571
worms_1835
pebble_1709
mold_865
pebble_497
dirt_730
lint_913
strings_678
mold_890
strings_983
strings_94
dirt_1886
rock_301
lint_624
mush_858
rock_1124
charm_1144
dirt_1299
strings_400
strings_991
worms_1239
charm_1248
mush_1131
dirt_1506
mold_1379
mold_1370
dirt_1116
mush_524
charm_1455
lint_1571
mush_1437
hair_1342
mold_1519
hair_1600
mush_1575
mold_1732
mush_1194
worms_1013
rock_1699
mush_1612
strings_1783
strings_1417
mush_1920
pebble_1565
worms_131
mold_414
mold_91
dirt_461
dirt_2097
mush_389
mold_347
charm_1057
worms_419
worms_176
rock_690
charm_787
strings_1515
strings_829
mold_697
mush_1789
rock_467
hair_658
rock_725
mush_1149
hair_1091
mold_1272
mush_1271
hair_1273
strings_967
mold_1375
strings_1830
mush_923
charm_1010
mold_476
charm_1405
lint_1469
dirt_1927
hair_1564
charm_1486
strings_1106
hair_1226
mold_1225
hair_1766
strings_1388
lint_1533
mold_1541
charm_1385
pebble_1754
charm_1490
dirt_88
worms_1885
mush_1733
pebble_385
worms_483
charm_310
mush_1490
mush_596
charm_390
strings_307
rock_364
worms_782
worms_773
mold_463
charm_1697
charm_258
dirt_1099
dirt_742
strings_964
dirt_93
lint_1165
rock_1215
pebble_1278
lint_883
pebble_1399
dirt_1435
pebble_1277
charm_974
charm_1188
hair_1084
strings_1096
pebble_1188
dirt_1513
mold_1739
dirt_1491
worms_1513
rock_1853
strings_1419
pebble_2009
charm_1237
lint_1534
hair_1218
lint_1090
strings_1375
rock_1891
hair_1585
dirt_1681
mush_614
hair_1499
mold_1488
hair_246
strings_451
strings_510
lint_1978
mush_38
worms_597
lint_684
mush_493
pebble_427
rock_2012
mold_1269
worms_166
pebble_774
dirt_1075
mold_981
charm_684
strings_148
rock_562
mold_1122
strings_1091
mush_1123
rock_1933
charm_941
hair_1858
rock_1316
hair_1255
hair_1231
charm_1073
hair_1380
mush_1432
mush_1138
mold_1265
strings_1420
rock_847
lint_1097
dirt_1060
charm_1400
charm_1494
strings_1700
mold_1328
mold_1528
rock_1916
charm_1753
rock_1823
rock_1085
mold_1686
pebble_1243
dirt_1890
worms_1248
mush_1478
mold_6
mush_1727
hair_1560
dirt_2043
pebble_1712
mush_82
pebble_108
hair_36
dirt_1218
dirt_1054
lint_445
dirt_1999
pebble_408
rock_644
hair_758
strings_1907
hair_334
worms_750
charm_771
mold_905
mold_48
rock_891
hair_1055
rock_903
charm_1206
mush_1159
mush_673
mush_594
strings_299
charm_1226
strings_1305
mush_1209
strings_1114
rock_1529
lint_1696
worms_1295
mush_301
hair_1351
worms_1114
rock_1382
dirt_1651
lint_1624
mold_1426
pebble_998
lint_1846
pebble_1604
charm_1683
rock_1957
mush_1988
hair_1848
dirt_1931
mold_1664
dirt_1458
lint_1842
hair_1967
pebble_1050
mush_994
worms_1861
worms_1886
charm_1068
lint_1111
strings_1664
mush_1492
mold_168
charm_5
mush_59
charm_1554
dirt_192
mold_160
charm_1361
charm_183
worms_151
hair_460
mush_409
dirt_318
dirt_1933
mush_58
hair_542
dirt_179
mush_489
rock_502
hair_674
lint_71
strings_647
charm_255
mush_495
dirt_416
dirt_608
charm_1698
worms_960
mush_1057
strings_701
strings_565
charm_1123
rock_809
rock_938
hair_1195
mold_747
rock_1163
mush_1058
lint_1255
rock_1298
mush_1274
charm_1265
hair_1376
charm_1158
worms_1047
strings_1387
strings_1319
pebble_1303
pebble_1516
strings_919
mush_1073
mush_1443
charm_1431
mold_1447
pebble_1752
rock_1725
worms_1629
lint_1488
strings_1166
worms_1670
mold_1764
worms_1744
lint_1854
mold_763
hair_1568
worms_1889
worms_1522
pebble_1257
pebble_1623
strings_1713
mold_1979
mold_1937
worms_1609
strings_1832
rock_121
worms_174
charm_178
mush_251
strings_1718
strings_1906
strings_4
pebble_1964
lint_458
worms_1526
mush_540
pebble_257
hair_1570
rock_760
charm_832
mold_521
hair_592
dirt_701
mush_920
strings_1838
worms_795
dirt_1438
pebble_1000
lint_1014
lint_1057
worms_918
lint_448
pebble_1090
charm_1041
dirt_1209
worms_462
dirt_1214
dirt_1091
hair_1344
worms_953
lint_900
strings_1177
dirt_934
charm_1193
dirt_1504
mush_500
charm_1471
rock_1663
lint_1373
pebble_1761
dirt_1794
rock_1545
rock_1415
worms_1689
hair_968
lint_1799
pebble_1536
lint_1783
rock_1095
mush_1853
mush_1791
strings_1733
charm_1040
worms_1722
charm_1777
mold_2028
mold_1178
pebble_1283
strings_1445
hair_1796
mush_1996
strings_1363
charm_1131
charm_1101
mush_1663
rock_1958
dirt_97
dirt_1301
dirt_292
charm_107
charm_1806
charm_132
rock_202
mold_327
strings_117
hair_484
strings_167
worms_480
lint_608
charm_1350
mold_676
worms_882
lint_592
worms_686
mush_821
worms_307
rock_13
rock_367
worms_969
mold_1266
rock_1161
mush_1285
hair_760
dirt_1071
mush_1125
lint_1439
worms_1346
strings_359
mush_1163
pebble_1582
worms_1409
hair_1566
worms_1276
mush_1064
strings_1473
lint_483
rock_1799
mush_1381
worms_1737
hair_1765
worms_995
mold_1998
dirt_1224
mush_1867
charm_1914
mold_1315
charm_1901
hair_1304
pebble_1640
rock_1813
worms_1682
lint_1584
lint_1900
lint_2035
mush_1999
hair_1927
strings_1711
strings_17
hair_1926
charm_62
lint_1560
pebble_1534
worms_73
strings_196
mush_83
charm_261
strings_1861
strings_222
mold_197
charm_442
hair_571
strings_445
worms_128
hair_1880
pebble_613
pebble_85
rock_623
rock_659
mush_488
dirt_819
hair_769
hair_595
hair_804
rock_609
worms_598
strings_79
charm_823
mush_902
charm_709
pebble_775
lint_1141
worms_1057
lint_1067
lint_1092
rock_1186
charm_1047
lint_240
strings_1204
mold_333
mush_1050
rock_1261
worms_1162
charm_1208
hair_1168
mush_1451
dirt_1509
mush_1181
mush_1246
mold_1378
dirt_1646
hair_1459
mold_1402
charm_435
hair_1122
worms_1153
lint_1711
dirt_1728
hair_1522
mold_1772
mold_1761
mold_1417
hair_1625
charm_1794
mush_1711
mold_1801
hair_1557
rock_1749
worms_1801
mush_1918
pebble_1976
rock_1139
charm_1832
pebble_1686
charm_1802
dirt_1860
mush_1231
pebble_1213
lint_1151
hair_1300
pebble_1857
dirt_1328
rock_1668
mold_1592
mush_1878
mold_1954
pebble_1205
dirt_2054
strings_1597
charm_1514
strings_75
strings_1737
hair_115
charm_282
dirt_1229
lint_1283
worms_353
mold_96
mold_221
dirt_454
charm_344
pebble_395
dirt_214
pebble_552
charm_359
pebble_629
rock_684
rock_671
charm_646
mold_420
charm_516
lint_691
rock_820
lint_770
dirt_2088
rock_622
dirt_943
rock_733
rock_823
rock_869
pebble_393
pebble_872
lint_703
mush_1027
strings_978
rock_899
dirt_810
rock_1028
mush_1201
charm_1102
charm_899
pebble_512
hair_828
rock_1111
charm_1568
rock_1572
strings_939
worms_1359
strings_1650
worms_1532
pebble_1109
rock_1116
mush_1794
mush_1108
mush_1738
worms_1774
hair_1879
charm_1790
mold_1756
mush_1982
mush_1095
hair_1887
rock_1596
charm_1588
charm_1276
dirt_1405
worms_1814
pebble_1248
hair_1480
lint_1734
dirt_1497
mold_1332
pebble_1501
rock_1430
lint_1738
charm_1517
mush_1462
strings_1758
rock_1825
pebble_1538
lint_1646
lint_1971
charm_1676
hair_76
mold_1970
mold_108
dirt_1695
rock_1031
hair_1485
charm_84
strings_124
worms_33
rock_1764
pebble_114
mush_273
hair_1646
rock_278
rock_307
lint_259
rock_1969
hair_612
lint_626
charm_402
pebble_711
worms_647
worms_201
rock_841
pebble_115
strings_921
worms_623
strings_313
dirt_1042
mush_887
hair_469
hair_934
worms_925
charm_692
rock_1133
dirt_1137
strings_1095
pebble_1058
worms_1112
hair_1246
mush_351
dirt_1375
charm_1023
mush_853
lint_1253
lint_1479
worms_1388
mush_1276
rock_1491
dirt_1085
worms_1494
charm_1528
pebble_1654
rock_1420
dirt_1100
hair_1224
rock_1240
charm_1530
hair_1403
strings_1328
lint_1863
worms_1273
mold_1658
mush_1690
pebble_1826
worms_1739
strings_1829
strings_1651
dirt_1828
rock_1892
rock_1735
strings_1872
strings_1632
strings_1889
pebble_1072
worms_1036
strings_1876
dirt_1982
dirt_1081
mush_1308
mold_1110
dirt_1380
worms_1142
rock_1113
strings_1813
hair_1274
mold_1418
hair_1693
rock_1859
lint_1366
lint_1245
pebble_1438
strings_1104
rock_1688
dirt_1952
rock_1325
dirt_2081
hair_134
charm_1770
mush_1325
rock_1330
hair_236
lint_223
lint_1636
worms_990
rock_217
rock_408
worms_372
hair_503
strings_516
dirt_605
charm_49
dirt_398
mush_421
mold_125
hair_169
dirt_767
pebble_702
charm_535
charm_637
rock_758
charm_1798
rock_904
dirt_588
dirt_835
dirt_1117
mold_679
hair_1101
mold_1277
mush_1686
hair_947
dirt_1321
charm_1258
lint_1093
pebble_905
charm_1363
mold_1255
mush_1092
dirt_1516
pebble_1141
mush_1338
lint_1514
rock_1472
mush_1219
pebble_1339
worms_1459
mold_1600
strings_1214
lint_802
rock_1528
pebble_1612
strings_1575
lint_1602
pebble_1666
rock_1686
charm_1437
worms_1423
charm_1535
worms_1360
charm_1590
pebble_1742
rock_1753
hair_1299
lint_1771
hair_1813
dirt_1804
dirt_1811
rock_1677
lint_1744
hair_1767
dirt_2010
worms_1877
hair_1919
mush_1726
charm_1077
hair_1197
mush_1980
pebble_1811
strings_1526
lint_1920
dirt_1807
mush_1452
mush_1798
lint_1980
pebble_2013
rock_1195
hair_1425
hair_1562
mush_757
charm_1858
mold_1056
worms_888
mush_1029
lint_2025
mush_1127
mush_1993
lint_199
lint_1299
worms_424
dirt_1311
pebble_1483
mush_1008
charm_1242
pebble_1309
dirt_1902
rock_1416
mold_1536
strings_1379
pebble_1676
charm_1579
mold_1843
strings_1484
lint_1143
worms_1426
charm_1586
strings_1623
charm_1908
mold_1994
pebble_1110
rock_1408
lint_1583
hair_1834
hair_1545
rock_2002
lint_1652
dirt_1351
mush_1787
strings_1171
charm_1613
hair_1452
worms_1564
mush_1450
rock_1927
mush_87
worms_1461
lint_75
lint_68
lint_171
worms_1725
strings_134
charm_296
mold_315
pebble_315
charm_55
charm_280
rock_176
hair_412
hair_271
hair_414
dirt_1304
strings_112
strings_476
pebble_538
dirt_420
lint_547
mold_634
pebble_76
rock_618
mold_701
lint_1747
worms_633
worms_566
lint_518
pebble_1837
worms_652
dirt_687
mush_625
lint_506
pebble_860
mush_744
worms_731
lint_1026
hair_383
dirt_1083
rock_744
mush_891
pebble_334
rock_1128
charm_1022
pebble_1145
rock_1080
charm_762
dirt_1384
strings_812
strings_1183
dirt_1420
hair_893
rock_1419
dirt_1324
mold_1427
worms_1328
hair_1408
dirt_1609
mush_963
lint_1628
pebble_1631
dirt_1407
worms_1348
pebble_1386
lint_1655
worms_1026
charm_1543
lint_1706
pebble_1364
hair_1694
mold_1717
charm_1764
lint_931
dirt_1888
hair_1589
mold_1540
worms_1657
strings_1851
pebble_1274
rock_1722
hair_1809
pebble_2015
dirt_1202
mold_1463
strings_1155
charm_1715
dirt_1813
rock_1913
worms_563
lint_582
mold_1358
hair_1968
hair_1812
worms_1434
hair_1346
strings_320
rock_1201
worms_1544
charm_1611
worms_1341
charm_1285
hair_1544
worms_1612
hair_1701
lint_1856
pebble_906
rock_1134
rock_567
mush_1771
hair_136
strings_715
dirt_1877
rock_1328
pebble_1739
rock_1312
hair_1864
hair_1808
strings_1707
rock_1928
mold_12
dirt_2073
rock_39
dirt_99
mush_10
mold_1494
strings_1764
mush_12
pebble_90
charm_122
pebble_1956
pebble_1152
hair_7
strings_285
pebble_124
strings_357
hair_359
charm_230
hair_340
dirt_374
mold_249
rock_107
hair_300
worms_499
charm_395
lint_34
mold_514
hair_611
charm_511
lint_629
mush_511
pebble_597
lint_627
rock_577
dirt_797
hair_157
rock_668
strings_612
rock_871
strings_276
mush_429
lint_1036
strings_974
mush_743
strings_724
mold_1078
rock_848
dirt_570
hair_1056
mold_948
worms_977
lint_873
charm_1086
mold_1166
pebble_1211
mush_1016
charm_1050
hair_1165
worms_873
charm_1214
worms_980
dirt_1233
dirt_1131
dirt_1034
rock_1243
mush_1286
pebble_1264
strings_1278
charm_1199
dirt_1459
mush_1379
rock_1542
pebble_1216
strings_1559
dirt_1573
strings_1550
hair_1714
hair_1702
mold_1307
charm_1707
pebble_1828
pebble_1854
lint_1899
pebble_1870
rock_1423
rock_1732
lint_1368
lint_1252
dirt_2002
hair_1890
rock_1941
strings_1875
rock_1915
lint_1144
mush_1297
mold_1549
mold_1939
charm_1842
mold_1342
rock_1106
charm_1701
lint_1802
pebble_1668
pebble_1968
dirt_1453
mush_1820
dirt_389
mold_1793
strings_385
worms_18
charm_1319
rock_94
rock_395
dirt_519
dirt_1863
strings_435
lint_829
mush_886
charm_1353
charm_531
mold_1229
rock_1357
pebble_1095
mush_1013
hair_1422
pebble_1194
strings_580
pebble_956
mush_535
mold_2008
pebble_1994
charm_1341
worms_1549
lint_1053
charm_1523
strings_1909
worms_1379
pebble_1066
pebble_1271
hair_1654
strings_1116
charm_1439
lint_1529
charm_1782
pebble_2029
rock_1992
rock_1780
rock_1903
mush_1460
rock_1651
mush_6
charm_26
dirt_2094
dirt_1534
rock_72
charm_1383
worms_53
strings_1271
rock_148
mold_154
dirt_258
mush_79
dirt_105
mush_221
rock_134
charm_1247
lint_154
pebble_291
mold_277
worms_261
dirt_349
pebble_342
dirt_276
dirt_67
rock_104
hair_317
rock_444
mush_397
mush_311
mush_405
dirt_404
lint_573
hair_573
charm_288
mush_310
pebble_384
mold_507
mush_536
mold_484
strings_594
lint_666
mold_617
strings_454
charm_595
mold_655
worms_489
worms_717
mold_604
hair_733
mold_863
lint_940
mold_859
mold_1082
rock_710
lint_849
dirt_1093
mold_781
worms_938
pebble_1219
mush_655
dirt_1134
strings_1154
hair_1188
worms_811
worms_1161
strings_1188
lint_1362
mush_1020
pebble_1378
worms_1171
lint_1347
worms_1193
worms_1270
mush_1419
worms_1373
worms_1385
lint_1350
pebble_1382
charm_1039
dirt_1414
hair_1236
worms_1222
dirt_1626
pebble_1413
lint_1530
hair_1456
pebble_1562
worms_1277
hair_1692
pebble_1735
charm_1645
mush_1655
lint_1825
strings_1667
charm_1430
mush_1758
mold_1648
worms_1617
strings_1474
pebble_1925
worms_1815
charm_1803
rock_1893
mold_1527
worms_1298
pebble_1455
pebble_1521
dirt_1761
mold_1941
rock_1921
lint_1840
mush_1693
worms_1591
hair_1751
charm_1390
lint_1568
pebble_1889
pebble_1965
dirt_2027
charm_1710
lint_1629
dirt_34
strings_1502
hair_95
rock_1245
mush_315
strings_100
pebble_94
mold_376
rock_246
rock_1488
pebble_710
dirt_228
mush_617
strings_1880
lint_405
worms_1686
dirt_972
pebble_561
worms_1141
rock_327
worms_788
dirt_960
pebble_1295
charm_1251
dirt_813
strings_1331
hair_606
pebble_1507
dirt_1607
mush_1550
lint_1295
worms_1353
dirt_1633
dirt_1386
lint_1123
rock_317
mush_706
strings_1656
worms_1708
rock_1621
pebble_1545
strings_1852
mush_1591
charm_1642
hair_1260
lint_1933
hair_1311
lint_2028
worms_1145
dirt_1964
dirt_1357
rock_1593
hair_1325
mold_1436
lint_1204
rock_1356
rock_1463
dirt_1460
worms_1610
strings_1485
hair_1420
lint_1597
pebble_1178
strings_68
worms_51
dirt_1700
mush_61
mold_1915
worms_95
lint_36
charm_53
worms_1655
hair_111
pebble_105
pebble_51
worms_99
strings_177
hair_217
hair_109
dirt_259
worms_946
mold_290
lint_202
hair_259
hair_117
charm_75
charm_302
strings_310
strings_185
lint_377
hair_141
pebble_442
dirt_296
lint_469
charm_438
dirt_306
strings_529
hair_499
mush_442
mush_194
mold_557
lint_544
charm_515
rock_581
mush_572
mold_593
rock_546
pebble_612
pebble_274
mold_641
mush_587
dirt_653
dirt_225
worms_616
mush_615
lint_479
rock_730
lint_655
pebble_583
rock_594
strings_639
lint_475
charm_713
pebble_919
dirt_729
pebble_764
dirt_531
pebble_816
lint_958
charm_951
mush_837
dirt_1011
hair_774
charm_740
strings_999
rock_1084
mold_1021
charm_685
pebble_1045
charm_1034
pebble_937
mold_1153
mold_958
mush_1066
pebble_777
pebble_1135
hair_1326
rock_1130
worms_1266
lint_1031
dirt_1183
pebble_1388
dirt_1385
strings_1149
pebble_1435
strings_872
dirt_1379
worms_1412
rock_1438
hair_1352
hair_1439
dirt_1683
pebble_1621
dirt_1255
dirt_1680
rock_1278
strings_1498
dirt_1748
dirt_1650
worms_1563
hair_1712
lint_1385
pebble_1738
hair_1734
pebble_1810
strings_1275
mush_1765
dirt_1897
mold_1856
charm_1610
strings_1622
hair_1737
mold_1836
hair_1806
hair_1831
charm_1778
dirt_1731
hair_1958
lint_1914
charm_1809
strings_1564
mush_1341
hair_1309
strings_1807
strings_1383
hair_1923
dirt_1894
charm_1910
mold_1300
hair_1075
hair_1110
worms_1400
hair_1663
pebble_1314
strings_1805
charm_1769
dirt_2057
worms_1654
mold_1781
lint_297
worms_149
hair_56
strings_1219
mush_1346
strings_1762
mold_1159
mush_364
pebble_295
hair_1743
strings_1274
dirt_280
lint_556
pebble_424
rock_416
rock_652
lint_431
strings_525
pebble_744
charm_273
hair_506
hair_377
worms_289
worms_634
hair_969
hair_1030
lint_898
pebble_548
hair_1119
hair_703
pebble_1133
worms_1094
dirt_1181
mold_875
mush_1167
hair_751
pebble_836
worms_1310
mush_1088
mold_1523
worms_1326
rock_694
charm_1389
mush_1254
dirt_1466
rock_1501
charm_909
hair_1578
dirt_1773
charm_1552
charm_1656
charm_666
worms_1149
lint_1804
mush_1537
worms_1875
pebble_1831
strings_1751
charm_1503
rock_1076
charm_1195
lint_1357
mold_1385
hair_1954
pebble_1781
mold_1581
lint_1446
dirt_1507
hair_1492
mush_1069
strings_1584
mush_1119
dirt_1710
lint_1798
worms_1460
mush_1540
pebble_1660
worms_1816
strings_1649
pebble_1198
mush_1074
charm_1881
pebble_1934
mold_1862
hair_1581
hair_108
worms_143
rock_2016
worms_1639
pebble_1868
strings_183
worms_1827
mold_1943
charm_181
lint_1148
charm_162
dirt_249
worms_1198
strings_190
pebble_309
dirt_383
lint_174
worms_270
hair_242
hair_137
dirt_435
rock_496
mold_273
strings_354
charm_404
worms_232
lint_521
strings_553
pebble_559
lint_563
mold_563
mold_508
mush_529
lint_594
charm_306
pebble_598
pebble_478
charm_351
pebble_639
mush_569
worms_613
hair_518
strings_650
strings_663
strings_540
pebble_600
mold_536
mold_579
mold_770
dirt_791
lint_689
mush_667
strings_595
pebble_633
charm_472
strings_804
hair_705
worms_653
hair_842
mold_824
pebble_852
lint_807
mold_753
charm_859
lint_809
worms_799
worms_818
charm_902
rock_914
charm_965
hair_937
charm_986
strings_857
mold_887
charm_998
mush_908
worms_1017
mush_854
dirt_1047
mold_839
rock_1097
mush_855
mold_1180
strings_1042
charm_1182
hair_1149
mush_702
worms_1052
dirt_1111
worms_1096
lint_1278
rock_1260
hair_1221
rock_1290
hair_1281
worms_1230
pebble_1322
worms_1018
worms_1264
mush_1264
worms_1317
mold_1409
strings_1336
mold_1247
lint_1433
worms_1376
pebble_1512
rock_1487
charm_1032
hair_1494
worms_1408
lint_1543
worms_1180
pebble_1175
pebble_1557
worms_1301
pebble_1492
worms_1416
rock_1515
hair_1528
lint_1437
pebble_1554
dirt_1615
strings_1327
strings_1231
rock_1623
worms_1430
hair_1530
hair_1590
mush_1394
mush_1566
charm_1634
charm_1615
lint_1653
charm_1571
charm_1648
hair_1650
strings_1514
rock_1747
rock_1702
rock_1727
mold_1825
mush_1802
charm_1594
pebble_1792
hair_1804
charm_1766
hair_1839
mold_1810
lint_1932
mold_1933
dirt_1950
rock_1986
worms_1728
charm_1674
dirt_1874
rock_1861
dirt_1840
mold_2002
mold_1230
lint_1975
lint_1202
mold_1451
strings_1520
dirt_1781
rock_1942
rock_1164
lint_1838
dirt_1179
mold_698
worms_1869
dirt_921
worms_1860
lint_1430
mold_1288
mold_1226
hair_1821
mold_1060
rock_1673
mold_1607
dirt_1490
strings_1390
worms_1832
dirt_1751
charm_1476
hair_41
rock_42
pebble_2019
mush_1844
strings_111
dirt_87
charm_98
worms_1506
lint_1693
dirt_18
pebble_12
rock_200
charm_238
hair_193
lint_132
worms_299
worms_250
strings_1335
mold_688
hair_367
charm_468
mush_1424
pebble_314
mush_538
worms_351
lint_926
dirt_950
strings_651
mold_183
mold_829
lint_711
rock_930
dirt_1014
dirt_895
mush_932
lint_1173
hair_1124
lint_1065
worms_941
worms_798
hair_1057
dirt_1318
dirt_1930
dirt_1273
mush_1120
pebble_1229
charm_1302
dirt_1402
lint_1345
strings_935
hair_1428
mush_1442
hair_1407
mush_260
worms_1527
hair_1700
dirt_1389
hair_1711
rock_1183
dirt_1867
mold_1398
rock_1746
hair_1537
mush_1676
dirt_1909
hair_1909
pebble_2026
worms_1793
pebble_1227
lint_1934
mold_807
mold_1119
lint_1678
rock_1387
pebble_1904
dirt_958
rock_1237
mush_1171
dirt_1189
rock_1779
dirt_1058
pebble_1524
pebble_330
mush_978
strings_1236
dirt_1715
charm_1553
mold_1700
mold_1235
hair_1121
mush_1746
mush_1662
worms_1772
mush_1880
hair_1907
pebble_1479
pebble_1627
mush_1902
mush_1229
mold_1691
charm_1417
dirt_1705
mold_1805
strings_1314
hair_1277
strings_1760
mush_1590
pebble_5
strings_34
mush_1526
pebble_48
worms_72
strings_1886
strings_1585
mold_157
mush_1290
lint_182
mush_162
mush_142
rock_1990
hair_245
pebble_220
dirt_47
pebble_256
dirt_1657
hair_74
rock_258
dirt_287
pebble_22
lint_299
mold_134
charm_307
dirt_437
pebble_353
lint_73
strings_352
charm_476
strings_146
worms_386
mush_420
charm_431
worms_443
mold_502
pebble_299
strings_527
mush_565
strings_606
strings_613
mush_430
charm_289
mold_179
hair_559
hair_492
dirt_692
lint_665
lint_327
dirt_724
mold_694
mold_708
mush_566
charm_699
strings_636
hair_608
strings_691
mold_670
lint_687
hair_509
dirt_851
strings_725
rock_731
rock_801
strings_761
mush_784
mold_891
worms_780
dirt_866
pebble_813
strings_842
lint_699
hair_891
lint_944
lint_890
dirt_920
worms_742
pebble_808
pebble_866
worms_910
hair_783
lint_891
mold_1004
strings_708
charm_1033
rock_1102
mush_926
mush_1037
rock_1119
mush_1126
mush_949
dirt_1159
hair_1175
strings_871
rock_949
charm_1117
charm_1166
mold_1233
dirt_1150
dirt_1237
worms_1107
dirt_1196
rock_1311
strings_1244
charm_1282
mold_1304
rock_1190
rock_1346
charm_1205
pebble_1267
hair_975
worms_1048
dirt_1508
pebble_1288
mold_1415
hair_1397
pebble_1489
hair_1321
rock_1484
charm_1200
lint_1392
hair_1524
worms_1386
mold_1515
mush_1484
dirt_1498
lint_1609
strings_1480
strings_1545
strings_1567
hair_1467
mush_1622
mold_1665
strings_1614
dirt_1612
charm_1591
lint_1634
hair_1445
worms_1470
rock_1717
mush_1725
rock_1369
mush_1829
mush_1835
charm_1557
pebble_1872
rock_1588
dirt_1954
charm_1827
strings_1798
mush_1723
charm_1585
worms_1820
charm_1837
mold_1985
lint_1860
pebble_2036
rock_1906
dirt_2075
pebble_1901
dirt_1878
charm_1788
worms_1786
lint_2779
rock_2794
lint_2021
mush_1185
mush_2726
pebble_2286
pebble_2209
pebble_2685
lint_1912
mush_1834
charm_1833
pebble_1503
charm_1432
charm_1918
mold_1746
mush_1145
lint_2003
worms_1606
dirt_1802
pebble_1656
worms_2674
charm_789
dirt_1107
dirt_728
pebble_2038
strings_302
mold_1220
pebble_1332
dirt_1120
lint_1377
strings_1572
mold_924
mold_1768
rock_1234
hair_1497
mush_1476
rock_1468
mush_1554
rock_1371
mold_1509
rock_1530
strings_1883
worms_1344
dirt_1082
mush_1239
pebble_1251
mush_1269
strings_1308
charm_1577
rock_1716
strings_1296
dirt_2016
charm_1699
dirt_1914
mold_1714
mush_1523
charm_895
strings_1887
mold_175
charm_1730
hair_231
mold_190
worms_171
hair_22
lint_1106
charm_374
pebble_53
pebble_221
hair_1610
strings_189
pebble_562
dirt_496
rock_588
pebble_404
mold_340
mush_520
pebble_663
rock_682
rock_572
mold_367
charm_719
lint_422
worms_683
lint_450
strings_56
charm_915
hair_745
dirt_886
pebble_670
mush_761
hair_857
dirt_1140
dirt_981
hair_898
worms_1072
mold_1209
worms_991
rock_1203
lint_1050
mold_1105
hair_1353
hair_1186
charm_1165
rock_1518
dirt_1449
mold_985
worms_1327
rock_1615
lint_84
hair_762
charm_1497
charm_1495
dirt_1722
hair_1665
mold_1796
charm_1709
mush_1256
hair_1644
lint_1575
charm_1507
hair_1836
rock_1925
dirt_1846
mush_1856
pebble_1853
hair_1614
charm_1875
dirt_2070
rock_1323
mush_1078
worms_1897
pebble_1617
mold_1726
pebble_1770
mold_461
worms_350
charm_643
lint_465
rock_996
lint_1207
worms_441
worms_1099
dirt_1267
mold_1291
lint_1964
rock_1071
pebble_1284
strings_948
charm_1331
lint_1553
mush_1283
mold_1996
mold_31
strings_1397
mold_1888
strings_1779
worms_1893
strings_1785
worms_1865
mold_1981
charm_1560
worms_983
hair_1305
pebble_1126
mush_1033
charm_1121
mold_1052
lint_1305
mold_1058
mush_1311
rock_1295
charm_1443
hair_1048
dirt_1430
pebble_1651
rock_1220
mold_1790
hair_1444
pebble_2017
dirt_1532
lint_1355
mold_1677
worms_1751
charm_1903
charm_1304
lint_1819
mold_1438
dirt_1486
charm_1413
rock_1734
mush_1172
charm_1106
worms_1206
hair_1062
worms_14
lint_6
charm_1118
charm_17
charm_7
mush_75
dirt_1873
dirt_108
worms_89
mold_1286
dirt_54
dirt_120
hair_161
hair_62
mold_136
mush_68
mold_177
mold_198
dirt_172
charm_1261
pebble_203
mush_17
lint_260
worms_215
mold_166
pebble_68
dirt_119
hair_204
worms_134
dirt_317
hair_308
rock_321
strings_326
mold_202
mush_177
mold_343
strings_286
mush_274
rock_323
dirt_239
dirt_393
rock_1901
mold_373
worms_346
charm_350
charm_336
charm_373
lint_393
mush_329
pebble_462
dirt_489
dirt_267
pebble_443
worms_432
pebble_526
lint_524
dirt_586
mold_492
worms_545
strings_552
worms_375
pebble_401
rock_642
pebble_627
mush_512
hair_684
mush_632
rock_453
dirt_723
lint_625
rock_664
charm_706
mold_487
worms_433
charm_611
rock_728
mold_756
dirt_849
lint_350
rock_763
rock_774
mush_767
rock_826
mush_862
rock_827
pebble_863
worms_952
dirt_969
charm_831
pebble_1084
mold_881
pebble_985
hair_905
mold_818
hair_789
mold_1148
worms_1024
worms_1046
mush_1079
mold_1197
worms_559
rock_1248
hair_1111
mush_1248
pebble_1217
hair_942
mush_1259
lint_1181
rock_1254
charm_1143
pebble_1363
mold_1144
strings_1259
rock_1374
pebble_1365
mush_1028
rock_1342
mold_1444
hair_1382
mush_1098
worms_1428
hair_1510
mold_1253
charm_1298
charm_1512
lint_1475
worms_1415
mush_1573
pebble_1440
rock_1599
dirt_1625
dirt_1667
strings_1519
charm_1546
pebble_1667
rock_1641
strings_1579
rock_1700
worms_1582
charm_1643
pebble_1684
charm_1625
hair_1507
mush_1694
mold_1762
charm_1677
dirt_1355
pebble_1787
strings_1731
strings_1740
hair_1490
worms_1756
worms_1775
mold_1854
pebble_1958
charm_1601
hair_1824
rock_1972
charm_1582
worms_1868
lint_1993
strings_1658
mold_2039
worms_1736
dirt_2084
mold_1770
lint_2387
charm_1900
worms_1538
charm_2839
pebble_1106
lint_2209
mush_1598
mold_1792
mush_1362
worms_1794
mold_1966
dirt_2885
rock_2004
hair_1874
charm_1177
mold_1040
mush_1351
strings_1144
mold_1348
rock_1520
pebble_1632
strings_2067
rock_1847
hair_2851
dirt_1717
worms_1729
pebble_1944
charm_1587
lint_7
worms_1377
mush_291
pebble_1849
rock_1541
hair_1904
dirt_528
dirt_110
hair_1974
worms_745
lint_678
pebble_772
mold_1336
pebble_822
pebble_152
dirt_607
hair_1884
rock_1281
hair_1162
charm_1297
mold_1312
strings_381
mush_1391
pebble_1167
mush_1014
strings_835
rock_1724
charm_1269
charm_1678
worms_1693
mush_349
mush_1728
strings_1478
charm_1804
dirt_1566
hair_1894
pebble_1830
lint_1505
hair_1895
worms_1166
rock_1321
lint_1748
worms_1496
hair_1845
dirt_1989
dirt_2005
hair_1152
rock_1755
mold_1911
charm_1365
worms_1887
rock_1849
mush_163
lint_167
pebble_150
pebble_189
dirt_1366
mush_1968
dirt_55
mush_371
dirt_246
worms_1723
worms_435
mush_340
worms_473
hair_261
lint_173
hair_691
rock_672
mold_423
mush_658
strings_345
worms_702
strings_360
rock_633
charm_725
worms_986
rock_861
dirt_765
hair_860
hair_959
dirt_990
rock_867
hair_197
mold_483
charm_1082
pebble_516
charm_1141
hair_1171
dirt_1331
worms_928
rock_1122
dirt_1378
mold_1381
worms_1204
mold_1391
lint_845
dirt_900
pebble_1526
strings_1309
mold_1414
dirt_1280
mold_1539
mush_1134
worms_786
strings_1555
worms_897
dirt_1713
dirt_1729
lint_1565
dirt_1342
charm_1598
strings_1454
hair_1687
pebble_1820
hair_1588
dirt_1574
dirt_1610
lint_1642
rock_1956
mold_1897
rock_1745
mush_1198
worms_919
mush_1458
charm_1865
lint_2048
rock_1309
charm_1824
strings_1571
hair_1575
pebble_1307
mush_1812
pebble_1750
strings_18
dirt_2017
rock_1756
rock_275
hair_30
strings_1437
pebble_8
charm_76
lint_312
pebble_463
charm_537
dirt_1833
pebble_603
pebble_1899
charm_636
mush_357
rock_155
strings_707
worms_660
mold_1757
rock_315
hair_601
lint_604
hair_719
charm_838
rock_902
mush_815
dirt_1087
mold_1075
mush_346
dirt_959
lint_1140
strings_1136
dirt_824
strings_1475
dirt_1303
pebble_1346
lint_1601
mush_1595
worms_1578
lint_836
hair_1525
mold_1261
worms_1540
charm_1755
hair_83
worms_310
charm_1653
lint_1555
charm_1173
pebble_1351
dirt_1381
dirt_1302
dirt_1679
pebble_168
rock_815
mush_627
strings_1611
charm_1134
worms_1465
worms_1761
rock_1510
pebble_1671
dirt_2024
strings_1918
dirt_1968
rock_1136
mold_1480
strings_1407
mold_1710
worms_933
hair_1595
lint_1776
mush_1768
worms_1790
rock_1834
mold_1974
charm_1911
lint_1633
charm_1469
mold_1240
dirt_1277
mush_1681
worms_1051
worms_16
lint_1374
dirt_1616
mush_1983
lint_1859
worms_1431
charm_9
mold_70
lint_1039
hair_46
dirt_92
hair_28
mold_52
mold_123
worms_115
lint_150
rock_77
mold_73
dirt_112
hair_208
dirt_51
strings_195
hair_1014
strings_81
dirt_229
mold_270
mold_145
charm_74
charm_270
dirt_173
mush_1604
worms_316
rock_291
hair_288
worms_255
worms_349
pebble_357
mold_406
charm_248
mold_225
lint_313
rock_413
strings_426
dirt_445
charm_424
rock_501
pebble_469
rock_508
lint_453
worms_323
strings_182
strings_485
rock_586
rock_289
mush_510
pebble_431
mush_557
mold_577
hair_309
hair_640
dirt_530
strings_370
rock_669
dirt_715
hair_633
worms_615
charm_663
rock_601
mold_749
pebble_644
hair_711
worms_624
lint_634
dirt_783
rock_665
charm_634
charm_705
pebble_739
mold_849
worms_648
worms_764
hair_829
hair_820
lint_788
dirt_769
hair_682
lint_797
lint_879
dirt_918
mold_940
worms_772
mush_822
worms_868
mold_955
rock_968
mold_626
lint_857
worms_880
hair_978
lint_1007
mush_684
mold_1018
charm_1009
mush_850
dirt_1052
hair_971
pebble_1096
hair_977
charm_819
pebble_899
dirt_1090
dirt_1258
lint_1037
mold_1216
pebble_1201
pebble_1234
hair_1142
hair_1261
mush_1155
hair_1252
lint_1330
dirt_1222
dirt_1377
mold_1362
charm_1245
worms_1226
hair_1340
mush_718
lint_941
worms_1035
strings_1208
rock_1373
mush_1344
hair_1482
dirt_1562
strings_1401
mush_1474
pebble_1567
worms_1411
lint_1549
pebble_1383
rock_1513
mush_1532
worms_1361
pebble_1593
rock_1576
rock_1571
mush_1543
rock_1539
charm_1458
dirt_1694
mush_1642
pebble_1625
mush_1497
hair_1358
lint_1626
rock_1574
rock_1643
dirt_1720
worms_1315
hair_1594
mold_1798
hair_1632
lint_1836
mush_1836
lint_1818
hair_1803
mush_1848
hair_1788
strings_1592
charm_1786
worms_1791
hair_1843
rock_1944
worms_1574
dirt_1922
worms_1451
rock_1952
worms_1766
lint_1866
strings_1903
dirt_2034
hair_2206
hair_1972
mold_1865
mush_1973
hair_2274
rock_1988
hair_2291
pebble_2406
pebble_2042
mush_2304
pebble_2381
mold_2337
charm_2535
charm_2016
dirt_2724
mush_2649
lint_2425
mush_2229
mold_2778
worms_1767
mold_2662
strings_1343
mold_1526
rock_2555
mold_2689
pebble_1879
charm_1072
strings_1334
strings_1282
dirt_2066
rock_1151
hair_1232
charm_2617
mush_1080
dirt_275
charm_518
strings_1306
hair_394
mush_338
worms_1769
strings_995
hair_1059
pebble_1114
strings_144
hair_1068
strings_1323
lint_1421
lint_2692
charm_875
dirt_1784
pebble_1780
charm_1250
pebble_1869
lint_1168
mush_1547
mush_1061
mush_1629
rock_1400
pebble_61
charm_554
dirt_1997
rock_1145
lint_1515
mush_84
mush_107
worms_112
hair_1922
mold_86
mush_253
hair_1586
worms_191
lint_8
pebble_601
rock_541
rock_634
pebble_358
mush_679
mold_759
charm_560
strings_740
hair_202
strings_460
dirt_1668
mold_690
worms_847
worms_958
mold_734
charm_830
mold_826
lint_1308
mold_1129
rock_1296
lint_466
strings_859
pebble_1376
rock_1435
charm_1038
dirt_1688
strings_1355
pebble_870
strings_1675
charm_453
worms_1294
strings_1165
mush_1965
mold_1952
worms_1444
lint_1486
pebble_1580
pebble_1724
charm_1789
mush_1342
worms_1137
lint_1875
worms_1672
worms_959
dirt_2086
rock_1778
charm_1274
mush_1387
charm_1889
mold_53
hair_1447
dirt_1962
hair_1931
hair_35
pebble_98
rock_1017
rock_1107
mold_132
pebble_66
mush_137
worms_1699
lint_24
lint_229
hair_1577
pebble_215
mold_332
mold_259
pebble_144
rock_310
mold_346
charm_156
strings_156
mold_391
worms_249
rock_371
pebble_151
strings_160
dirt_143
hair_512
lint_359
rock_435
dirt_357
rock_386
hair_687
mush_521
dirt_768
worms_698
dirt_812
mush_735
dirt_685
dirt_614
mold_827
hair_344
mush_447
charm_869
worms_849
rock_696
rock_374
charm_715
rock_962
rock_1049
mold_1050
lint_918
rock_1074
worms_926
charm_963
pebble_928
charm_1053
pebble_742
strings_805
lint_997
mush_1056
dirt_1306
dirt_1118
hair_1233
worms_997
strings_1025
rock_1127
lint_1259
worms_1210
hair_1386
strings_1403
rock_1500
pebble_1576
lint_1493
rock_1561
pebble_1318
dirt_1417
pebble_1480
mush_1553
rock_1465
worms_1458
mold_1280
dirt_1754
mush_1696
dirt_1817
strings_1060
strings_1612
rock_1812
hair_1810
lint_1867
dirt_1669
hair_1738
mold_682
dirt_1620
worms_1595
dirt_1724
dirt_1721
pebble_1905
rock_1297
rock_1885
worms_1803
dirt_2083
hair_1892
rock_1334
dirt_1993
dirt_2067
rock_1965
lint_1268
lint_1142
pebble_1821
pebble_1999
strings_1089
lint_1935
mold_1248
dirt_2038
dirt_1207
mush_1447
rock_1294
dirt_1178
lint_1561
dirt_1409
pebble_1459
worms_1846
mush_1799
worms_1387
hair_1786
rock_1578
strings_1778
hair_1775
pebble_75
mush_1908
mold_113
hair_1787
worms_172
charm_52
mold_1353
rock_1775
mush_250
mold_2037
pebble_263
pebble_188
charm_1784
mold_39
worms_269
dirt_307
hair_364
rock_130
pebble_416
dirt_802
mush_192
lint_527
pebble_877
charm_757
charm_853
dirt_326
pebble_904
charm_1603
mush_901
worms_710
mold_335
mold_974
strings_950
mold_1210
rock_868
mold_1154
pebble_340
charm_884
worms_1394
charm_1196
hair_1476
mush_1401
mold_1516
dirt_1333
lint_1604
mush_1656
lint_416
charm_1191
strings_1646
lint_1730
lint_1723
rock_1726
mold_1695
worms_1575
dirt_1654
mush_751
pebble_1923
hair_1182
hair_1782
pebble_1396
pebble_1755
pebble_2043
hair_361
mush_1685
mold_320
strings_1340
rock_163
mold_515
mush_1606
hair_1509
lint_520
lint_357
pebble_1317
charm_798
charm_520
charm_365
pebble_278
pebble_713
strings_573
mold_776
rock_1230
mold_1030
rock_845
strings_913
worms_1172
pebble_1172
mold_627
mold_477
charm_1018
dirt_1263
worms_1257
mold_1299
mush_1515
lint_1663
hair_1621
lint_1557
dirt_904
lint_1073
dirt_1388
worms_1730
strings_1769
lint_1115
strings_1833
mush_1822
charm_1270
rock_2006
mush_1296
worms_1368
strings_1298
hair_1332
worms_1768
mush_1011
rock_1507
mush_1385
worms_1636
mush_1683
pebble_1748
lint_2052
rock_1475
worms_1406
lint_1
lint_12
rock_11
hair_27
pebble_1348
hair_1659
charm_65
rock_92
lint_1778
charm_50
mush_101
strings_1289
dirt_82
dirt_61
worms_117
mold_87
dirt_147
dirt_1289
mush_1533
charm_117
pebble_167
rock_185
hair_143
lint_214
charm_176
strings_1260
worms_186
rock_160
strings_202
charm_204
lint_257
dirt_137
mush_202
strings_214
mush_98
mold_144
hair_252
lint_255
hair_239
charm_226
charm_243
rock_257
strings_263
hair_149
mold_247
dirt_262
mush_237
dirt_342
dirt_254
mush_220
lint_308
mold_223
pebble_344
pebble_169
hair_360
worms_218
mold_388
strings_363
hair_354
strings_309
rock_396
charm_410
worms_367
mold_282
hair_356
rock_445
lint_293
strings_427
mold_387
worms_394
dirt_382
strings_470
strings_478
hair_323
mush_423
dirt_523
mold_586
hair_438
mold_517
charm_443
mush_570
lint_595
charm_445
pebble_542
hair_609
mush_585
worms_444
rock_555
mush_582
dirt_684
pebble_566
charm_509
pebble_635
charm_651
rock_629
rock_727
dirt_798
mold_702
dirt_766
charm_669
worms_700
lint_779
lint_732
strings_737
mold_832
mush_602
pebble_763
dirt_883
hair_849
charm_833
dirt_841
strings_778
rock_856
charm_836
pebble_584
pebble_876
lint_945
worms_789
rock_789
rock_941
dirt_976
mold_888
dirt_989
lint_972
strings_723
worms_866
strings_912
rock_957
pebble_784
worms_541
mold_1005
worms_802
hair_1007
charm_1003
mold_980
lint_1116
hair_1083
mold_895
charm_1069
lint_986
charm_1066
worms_1014
hair_1093
mold_1150
pebble_1189
charm_1096
hair_1009
hair_1046
strings_1063
hair_1089
mush_940
mush_1263
lint_1139
mold_1211
strings_1217
rock_1299
lint_990
lint_1203
worms_1223
dirt_1270
pebble_1355
charm_936
mush_1152
charm_1312
rock_1276
strings_1332
mush_1144
pebble_1442
mush_1469
mold_1484
rock_1339
dirt_1358
worms_1282
mush_1253
rock_1522
charm_1499
mold_1548
lint_1587
charm_1425
mold_1580
rock_1519
mold_1437
lint_1588
pebble_1594
rock_1595
hair_1547
rock_1597
pebble_1572
mush_1563
worms_1561
pebble_1597
mush_1691
mush_1668
pebble_1767
mush_1639
worms_1396
strings_1352
dirt_1743
mold_1819
lint_1752
mold_1392
lint_1869
lint_1865
pebble_1797
dirt_1845
dirt_1760
mold_1870
lint_1893
pebble_1769
strings_1775
charm_1799
rock_1837
lint_1960
dirt_1693
lint_1853
mush_1849
rock_1960
lint_1785
pebble_1998
pebble_1962
rock_2005
pebble_1970
pebble_1943
lint_2046
rock_2032
pebble_1977
pebble_2291
rock_2063
hair_2510
strings_2502
charm_1861
hair_1933
lint_1974
lint_2378
lint_2438
lint_2696
mold_1928
mold_2732
mold_2901
dirt_2946
lint_2891
pebble_2864
hair_1051
dirt_1142
mold_2750
hair_1811
mold_2015
hair_1018
lint_2027
worms_1473
pebble_2656
lint_1947
charm_1119
dirt_479
mush_2111
strings_1258
mush_1429
rock_1317
dirt_1242
lint_1458
rock_1564
charm_1652
rock_1763
mush_1112
lint_1637
rock_132
rock_82
lint_1701
rock_1132
mush_1531
lint_456
hair_297
pebble_266
strings_1162
charm_1167
strings_845
mold_380
lint_1690
pebble_901
lint_968
strings_1487
lint_1326
mush_1752
strings_1262
mold_1408
rock_1372
lint_1940
hair_1533
rock_1335
dirt_1582
dirt_1746
hair_1732
lint_1691
rock_1687
mush_1357
worms_1718
mush_1924
worms_1261
pebble_70
strings_1527
pebble_38
lint_195
pebble_164
rock_1855
worms_10
mush_281
mush_165
hair_124
hair_168
pebble_137
dirt_256
rock_462
mold_364
rock_344
rock_584
lint_593
worms_429
lint_402
strings_243
charm_149
strings_461
mush_333
pebble_541
hair_662
hair_646
rock_1010
mush_696
lint_727
dirt_862
hair_585
mush_678
mold_736
hair_493
rock_974
worms_781
charm_1008
mush_624
mold_1015
lint_1087
mold_1132
lint_1028
charm_1194
rock_1014
mold_1406
strings_722
mold_1192
mush_650
worms_1366
dirt_1005
charm_1513
pebble_900
charm_1581
lint_1698
strings_1159
mold_1458
strings_1673
charm_1079
pebble_1880
mold_1852
mush_1438
dirt_1561
pebble_1861
rock_1979
strings_1065
pebble_1342
charm_1461
dirt_176
dirt_1918
strings_1878
charm_284
pebble_1663
lint_1062
hair_1198
dirt_746
mush_1786
dirt_1427
lint_1193
charm_1551
hair_1912
mush_1501
lint_1336
hair_1745
dirt_1880
mush_1300
mold_1403
mush_1874
mush_1625
hair_1634
mold_1681
worms_1732
worms_1796
dirt_559
charm_1748
rock_192
dirt_1955
strings_1241
dirt_167
strings_65
pebble_63
mush_31
pebble_175
mush_95
rock_164
mush_1001
dirt_154
strings_217
lint_256
charm_144
pebble_234
lint_268
hair_238
mush_1117
dirt_310
worms_1355
strings_1222
lint_351
pebble_286
charm_242
mold_442
worms_403
dirt_401
mold_422
hair_413
hair_328
rock_488
pebble_218
charm_499
worms_405
dirt_517
hair_549
rock_558
lint_355
charm_233
lint_584
strings_643
dirt_520
dirt_714
mold_718
mold_630
charm_668
charm_298
rock_726
dirt_776
mush_635
strings_475
lint_596
pebble_523
strings_703
mush_755
pebble_712
hair_765
pebble_402
mold_810
mush_752
rock_834
pebble_881
worms_774
lint_590
dirt_948
pebble_812
worms_848
strings_754
mush_708
charm_818
dirt_877
worms_943
strings_1059
pebble_1054
strings_1056
worms_900
mold_1207
rock_979
dirt_859
pebble_886
strings_910
mush_662
charm_1277
strings_1172
mold_1251
charm_1180
strings_1310
mold_1423
hair_1187
dirt_1440
rock_1532
mold_1587
rock_1177
lint_1650
dirt_1393
strings_1398
mush_1637
hair_1635
mold_1476
strings_1356
rock_1689
worms_1661
charm_1569
charm_1754
mush_1386
dirt_2037
charm_1854
dirt_2050
worms_1705
mold_1224
lint_1343
strings_1434
mush_1576
pebble_1725
lint_1152
charm_1176
dirt_1941
mold_1931
lint_271
charm_1273
worms_507
hair_1134
mold_1343
mold_1386
rock_787
dirt_1175
pebble_1453
mold_1972
strings_997
dirt_1477
dirt_1709
pebble_1129
hair_1939
charm_1792
dirt_525
pebble_1447
worms_1497
rock_1562
lint_1511
rock_1693
charm_1872
mush_1744
hair_1873
hair_160
mold_1553
mush_1247
lint_63
mold_1629
hair_1607
rock_173
pebble_49
rock_215
mold_188
mold_199
hair_348
dirt_271
dirt_514
pebble_235
hair_240
mold_568
charm_214
rock_656
mush_179
strings_304
hair_563
worms_735
mush_787
mold_666
lint_846
charm_822
charm_1689
strings_836
rock_863
lint_963
pebble_1051
mold_746
strings_844
mush_948
charm_783
worms_430
lint_989
strings_1130
lint_1262
dirt_515
hair_1324
mold_929
mold_1096
charm_1192
dirt_1103
strings_464
pebble_1659
charm_1426
rock_1445
lint_1714
strings_969
lint_1759
lint_1182
dirt_1988
mold_1743
dirt_1444
worms_1263
worms_1644
dirt_1842
hair_1200
rock_1016
charm_1462
charm_1120
hair_1012
pebble_1812
worms_1587
dirt_1929
strings_1706
hair_1867
hair_1963
worms_1402
pebble_41
mush_1240
mush_1963
strings_1120
dirt_161
charm_1622
strings_24
hair_1679
rock_71
pebble_1158
hair_201
pebble_359
mush_341
rock_373
rock_234
worms_111
rock_417
worms_362
hair_445
charm_751
lint_514
worms_747
mold_1327
worms_825
mush_713
mush_794
mush_1946
hair_904
rock_879
dirt_717
mush_1280
worms_973
mush_1299
charm_112
lint_1496
strings_1393
worms_1156
dirt_1036
rock_1606
pebble_231
strings_1594
rock_1791
charm_1002
mush_1897
mush_1611
strings_1685
rock_1162
strings_230
mold_2031
mush_1292
pebble_1815
hair_119
mush_1433
dirt_446
rock_822
rock_753
lint_513
mush_1861
pebble_1064
lint_282
mold_1049
rock_1082
pebble_1985
dirt_1122
strings_90
charm_1111
dirt_1543
mush_1055
worms_1550
rock_1284
pebble_1034
worms_1097
mold_1630
lint_1131
mush_1307
hair_1213
lint_1965
lint_1781
pebble_1801
dirt_1536
mush_1489
hair_675
worms_1778
lint_1796
hair_1962
mush_1006
hair_1349
strings_1031
worms_1424
rock_1999
charm_1323
lint_1643
hair_1949
strings_1276
lint_1271
mush_1042
mush_1651
mush_1785
hair_1463
hair_1192
dirt_1484
pebble_6
hair_18
mush_1176
hair_23
pebble_1606
pebble_1717
hair_1464
mold_17
lint_30
worms_43
mold_56
hair_81
hair_1602
lint_86
dirt_81
mush_74
charm_39
mold_47
mold_21
dirt_86
strings_78
lint_93
strings_69
dirt_98
dirt_123
pebble_140
pebble_148
rock_102
pebble_166
dirt_164
lint_139
charm_77
lint_187
mush_170
charm_96
worms_183
strings_37
strings_193
pebble_1115
strings_221
pebble_207
pebble_205
dirt_209
rock_207
hair_181
rock_235
dirt_263
worms_129
strings_203
mold_274
strings_227
mold_193
lint_277
mold_147
mold_292
lint_289
rock_279
lint_340
lint_291
rock_325
rock_295
dirt_321
mush_198
rock_273
pebble_325
mold_358
worms_229
charm_327
mush_331
mush_295
charm_340
pebble_368
charm_394
mush_360
dirt_430
strings_436
charm_421
dirt_369
charm_232
charm_439
mush_410
mold_321
mush_277
worms_388
charm_434
worms_426
hair_457
pebble_453
mold_449
mold_533
mold_538
mold_499
hair_428
strings_528
charm_522
pebble_537
mush_393
rock_498
mush_497
lint_560
hair_343
rock_573
strings_541
mush_505
mold_575
strings_568
hair_579
mold_535
hair_568
lint_538
mold_431
mold_596
mold_653
hair_635
mush_559
pebble_602
dirt_611
mush_552
pebble_657
strings_668
hair_670
charm_599
mold_739
rock_676
worms_673
hair_627
worms_586
rock_718
rock_641
strings_672
lint_749
mush_642
rock_754
dirt_574
mold_741
lint_743
mush_727
mold_771
mold_785
pebble_737
strings_718
pebble_833
strings_644
pebble_832
mold_843
hair_807
pebble_797
strings_811
lint_859
charm_810
lint_894
hair_861
lint_899
worms_807
lint_903
mold_913
mold_799
mush_872
mold_812
rock_909
dirt_890
strings_885
worms_884
rock_959
pebble_966
hair_797
strings_928
charm_808
lint_938
mush_953
strings_750
mush_812
worms_901
worms_912
strings_943
mush_911
lint_853
charm_961
rock_1003
lint_978
hair_974
mold_1066
mold_1069
worms_1016
hair_1031
dirt_1119
dirt_1079
mush_1047
hair_1151
pebble_1148
mush_1034
worms_1087
mold_1101
hair_1145
strings_1145
lint_1162
mush_984
dirt_1250
charm_946
rock_1249
strings_1087
dirt_1276
pebble_1356
worms_1173
worms_1115
rock_1348
lint_1337
rock_1100
mush_1184
strings_1293
dirt_1467
mold_1350
dirt_1475
dirt_1257
mold_1368
worms_1334
dirt_1424
worms_1340
strings_1442
charm_1453
worms_1342
mush_1503
worms_1108
dirt_1576
lint_1249
charm_1370
pebble_1515
hair_1478
worms_1283
mold_1637
pebble_1395
hair_1244
hair_1593
dirt_1568
strings_1529
hair_1649
strings_1516
hair_1667
hair_1683
worms_1637
lint_1688
mold_1602
mush_1552
mush_1626
hair_1724
mush_1677
worms_1495
mush_1619
charm_1742
strings_1736
charm_1696
mush_1776
hair_1759
mold_1855
mold_1841
charm_1757
charm_1761
charm_1751
mold_1846
worms_1674
hair_1774
rock_1896
strings_1910
strings_1890
mold_2030
mold_1890
mold_1917
lint_2050
lint_2075
worms_1448
mold_2147
hair_1952
dirt_2055
worms_2023
mush_1827
rock_2301
charm_2118
charm_1912
dirt_2263
dirt_2430
lint_2456
pebble_2308
strings_2104
rock_2324
hair_1935
lint_2616
worms_2516
pebble_2350
hair_2061
lint_2194
dirt_2565
rock_1920
mush_2711
strings_2754
lint_2827
charm_2472
mold_2490
rock_2745
mold_2872
dirt_3024
mold_2993
mold_2977
pebble_2751
mush_1173
rock_2903
worms_1585
charm_2753
mold_3010
rock_2431
strings_1257
worms_2696
worms_1991
rock_2870
strings_1261
charm_1063
mush_991
dirt_1261
rock_1816
mush_1461
mold_1461
strings_1431
worms_1592
lint_1523
charm_1419
worms_1178
hair_1877
mush_1608
pebble_1933
charm_1147
mold_1833
rock_1104
mush_1882
worms_1139
lint_1661
rock_773
lint_1816
worms_369
pebble_1835
charm_1459
worms_1665
pebble_1259
rock_1873
rock_1698
mush_1669
pebble_1947
strings_113
lint_111
dirt_1643
lint_161
rock_1553
dirt_358
lint_1668
hair_1387
dirt_595
strings_161
pebble_656
hair_435
dirt_210
dirt_821
pebble_641
pebble_59
mold_285
mold_899
strings_907
hair_1355
pebble_1525
pebble_955
charm_739
hair_1506
mush_1645
worms_643
worms_1844
rock_1970
rock_1728
hair_1633
pebble_1952
pebble_1893
dirt_1767
rock_828
rock_1590
dirt_399
pebble_14
rock_226
pebble_328
worms_1631
lint_451
lint_334
mold_1773
worms_1043
mold_151
charm_496
dirt_505
lint_688
mush_1978
hair_565
mold_833
worms_207
strings_732
strings_336
rock_620
hair_671
dirt_842
rock_1011
hair_1086
mold_1137
dirt_954
charm_973
rock_1065
rock_942
charm_1114
pebble_1590
strings_853
lint_1417
mush_243
hair_1603
hair_1427
dirt_1883
mold_1591
mush_1513
mush_1890
lint_1986
dirt_2061
strings_1143
charm_1708
mold_1644
worms_1363
dirt_1544
worms_1468
pebble_1733
pebble_1713
mold_1976
worms_1603
mold_1866
dirt_1370
lint_57
rock_1512
rock_1851
strings_1610
pebble_2
worms_169
strings_1897
hair_170
worms_240
mush_100
dirt_1947
pebble_246
pebble_187
lint_252
dirt_241
charm_1362
mush_462
worms_495
worms_258
mush_424
lint_492
worms_688
mold_528
mush_204
mold_466
lint_734
pebble_807
charm_977
dirt_980
strings_902
worms_728
charm_628
mush_878
mush_712
strings_344
rock_1009
strings_1202
worms_1109
charm_1233
dirt_1048
mold_530
mush_1039
rock_1012
rock_1386
charm_1181
charm_1480
strings_412
worms_1272
rock_1548
charm_1388
mush_1759
dirt_1800
mold_1759
worms_1630
strings_1874
dirt_1584
rock_1932
dirt_1932
rock_152
hair_331
rock_1193
rock_1054
lint_179
hair_404
mush_390
rock_1866
charm_1447
lint_1895
charm_1231
worms_1719
mold_580
charm_829
rock_946
lint_870
hair_301
mush_644
rock_999
rock_1077
worms_1027
lint_919
worms_606
mold_1109
dirt_1468
pebble_1406
charm_1547
dirt_1677
rock_821
mold_1430
lint_1476
strings_1605
mush_1273
dirt_1025
charm_1164
strings_1790
hair_1674
mush_1682
worms_1668
charm_1218
charm_1705
lint_1360
dirt_1821
charm_2
worms_1847
lint_1742
strings_1630
charm_488
charm_352
strings_23
charm_31
hair_335
mold_1704
hair_93
mold_8
hair_65
pebble_121
rock_144
charm_143
mush_62
dirt_14
charm_1834
lint_275
mush_218
rock_1403
strings_249
worms_152
dirt_283
hair_91
strings_80
mold_265
strings_154
strings_219
charm_316
mush_267
charm_321
charm_146
pebble_304
lint_280
mold_370
dirt_334
lint_325
rock_412
hair_358
lint_428
lint_384
pebble_319
lint_437
mush_307
mold_382
hair_513
charm_251
strings_548
charm_565
dirt_355
lint_644
pebble_675
lint_378
charm_591
rock_480
mush_649
worms_498
worms_63
mold_745
lint_680
worms_505
mold_716
lint_721
mold_540
hair_678
strings_684
worms_687
mush_732
lint_722
hair_750
charm_731
pebble_735
mush_785
dirt_838
rock_781
pebble_789
mush_807
strings_512
lint_685
rock_858
pebble_766
lint_863
lint_757
worms_760
pebble_839
mush_840
worms_762
lint_905
charm_934
mold_935
charm_948
mold_654
dirt_846
hair_967
hair_995
mush_1045
mold_1076
rock_964
mold_1093
worms_924
dirt_1223
dirt_1000
mush_1060
lint_988
rock_1324
worms_796
mold_1213
mush_986
hair_1178
pebble_1324
strings_847
lint_949
strings_1410
dirt_1373
rock_1224
dirt_1581
strings_1463
strings_1038
lint_1490
mold_1496
mush_1568
hair_1337
dirt_1645
worms_1533
lint_1607
strings_1513
dirt_1442
mush_1704
strings_1608
lint_1758
hair_1720
mold_1645
mush_1821
pebble_1715
hair_1776
strings_1668
lint_1953
dirt_1411
worms_1742
mold_1953
strings_1722
hair_1903
pebble_2247
dirt_1810
mold_1161
pebble_1991
strings_1455
dirt_1984
hair_1932
dirt_1732
lint_1075
lint_1412
hair_1140
hair_1206
dirt_1814
charm_1796
rock_1709
pebble_1224
rock_1646
gold_2418
lint_1857
mush_1774
hair_1960
strings_2055
charm_1624
worms_245
mush_1397
charm_1364
strings_242
mush_550
mold_1623
charm_440
worms_1437
strings_637
mush_701
dirt_795
mold_721
dirt_736
pebble_893
rock_473
pebble_795
worms_842
mush_1241
lint_782
charm_712
lint_861
charm_925
rock_183
dirt_1586
lint_1459
strings_1528
lint_1894
mush_1258
mush_1046
pebble_1972
dirt_2108
mold_1364
pebble_494
strings_992
pebble_1450
worms_1838
mush_1475
mold_78
lint_65
hair_1579
strings_89
pebble_1202
canofbeans_1542
strings_83
hair_1542
mold_115
mush_94
strings_741
dirt_66
worms_194
mush_252
pebble_154
rock_216
dirt_205
rock_290
strings_1140
strings_228
worms_199
pebble_354
mush_181
rock_447
mush_332
worms_490
hair_564
worms_44
rock_346
worms_589
dirt_591
worms_550
dirt_457
charm_429
pebble_714
mold_757
dirt_794
rock_703
mold_866
charm_479
hair_421
rock_740
hair_929
mush_590
pebble_674
lint_717
pebble_1155
worms_749
mush_1143
mush_1109
mush_463
rock_1250
rock_929
dirt_1272
charm_916
dirt_1199
hair_870
mold_1345
hair_1184
worms_1347
worms_1302
pebble_1306
hair_1307
strings_518
lint_1686
charm_1249
lint_1630
charm_1264
mush_884
pebble_1092
mush_1930
lint_1524
rock_1552
worms_1795
dirt_2015
hair_1956
worms_1641
mold_1971
rock_1405
rock_1959
hair_1857
strings_1291
hat_460
charm_1210
strings_975
charm_1464
worms_1260
mold_1360
dirt_1684
dirt_1153
strings_1835
lint_2041
dirt_15
strings_1757
mush_1992
mush_1129
rock_1446
mush_271
strings_1923
dirt_1772
mush_280
charm_533
worms_170
strings_664
hair_1421
hair_724
mold_322
charm_4
dirt_822
hair_314
strings_739
lint_777
rock_795
dirt_20
mold_858
worms_595
hair_1517
mush_966
mold_261
mold_904
hair_1072
mold_417
mush_943
worms_1126
worms_1169
rock_1114
strings_1173
dirt_1204
worms_1656
hair_1807
pebble_1836
mold_1661
mush_1850
lint_1292
strings_1195
pebble_920
strings_926
strings_1189
lint_1380
lint_1952
rock_1384
mold_1401
pebble_834
dirt_1064
charm_1719
rock_1924
mold_1815
lint_301
mush_160
charm_333
charm_415
rock_428
rock_449
lint_218
charm_35
worms_491
worms_19
dirt_1869
mold_645
strings_1098
worms_1627
worms_646
mold_433
hair_756
pebble_800
pebble_889
charm_883
lint_705
mold_1603
mold_952
rock_451
lint_697
hair_790
hair_955
mush_1234
charm_892
rock_798
lint_920
charm_1395
charm_786
dirt_1750
worms_1607
worms_870
mush_1548
charm_1454
rock_1540
lint_485
charm_1733
mold_1957
mold_32
dirt_1912
mold_1453
pebble_958
pebble_99
charm_90
lint_50
strings_74
lint_35
dirt_22
hair_332
strings_212
mush_1666
pebble_632
dirt_1166
hair_1392
strings_1147
lint_1574
mold_1881
rock_756
rock_944
pebble_1614
mold_444
worms_993
strings_1348
mold_1246
mold_1520
lint_315
mold_1175
hair_1648
strings_1703
charm_1011
dirt_1095
pebble_699
mold_1289
lint_1550
rock_1046
pebble_1292
mold_1131
dirt_1733
lint_1276
lint_1472
charm_1639
hair_1902
worms_1023
strings_753
lint_1768
charm_1616
mold_1608
hair_1302
pebble_1157
mush_1114
mold_1117
charm_1762
lint_1898
brandy_1739
mush_1994
canofants_625
lint_3
mush_1819
hair_1262
pebble_20
rock_1483
rock_31
strings_1468
mush_1522
brandy_2458
rock_44
dirt_30
pebble_40
strings_45
phonograph_2260
hair_70
strings_61
hair_73
dirt_59
canofbeans_301
lint_92
mold_14
rock_54
hair_110
rock_32
charm_71
mush_90
dirt_83
worms_77
charm_102
pebble_135
strings_92
mush_139
strings_123
rock_66
dirt_166
worms_93
rock_43
lint_194
hair_190
charm_202
pebble_195
lint_238
pebble_216
rock_162
hair_248
strings_201
dirt_163
worms_182
worms_237
hair_284
charm_252
mush_246
charm_283
charm_223
mush_1840
hair_310
charm_272
strings_211
mold_88
hair_225
worms_295
worms_284
worms_296
dirt_278
charm_317
mold_291
worms_304
rock_324
rock_305
dirt_373
mold_331
charm_347
charm_301
dirt_351
worms_336
hair_349
hair_365
charm_337
mush_344
pebble_305
rock_318
worms_301
dirt_377
charm_409
charm_335
worms_347
strings_395
pebble_434
strings_404
worms_382
hair_346
dirt_426
worms_408
lint_444
rock_392
dirt_491
pebble_439
charm_353
worms_446
rock_476
hair_384
hair_473
dirt_481
charm_539
mold_480
worms_434
charm_534
strings_556
pebble_589
charm_570
worms_439
mush_479
mush_558
mold_618
rock_593
mold_555
hair_529
strings_588
mold_657
hair_622
rock_624
strings_589
worms_522
hair_593
hair_631
mold_695
hair_663
hair_676
strings_648
strings_658
pebble_654
lint_674
hair_659
dirt_706
strings_645
pebble_569
pebble_568
mush_651
pebble_716
rock_707
strings_681
mush_670
mold_750
rock_708
rock_735
lint_731
pebble_703
charm_703
pebble_755
mush_659
rock_716
rock_745
charm_750
mold_652
dirt_756
mold_840
mush_745
strings_717
worms_744
lint_823
mush_793
dirt_864
worms_763
dirt_760
mold_780
hair_799
dirt_863
hair_706
worms_776
hair_867
pebble_896
lint_893
mold_845
charm_779
pebble_921
mush_833
rock_878
hair_906
rock_893
strings_821
pebble_941
pebble_838
mold_949
worms_822
lint_851
pebble_916
lint_886
dirt_911
pebble_957
hair_908
mush_919
mold_968
lint_961
dirt_1010
worms_867
pebble_915
mold_998
rock_917
hair_981
charm_910
mold_964
rock_994
charm_981
mush_930
rock_985
worms_931
strings_994
dirt_1041
lint_1038
lint_1137
mold_983
hair_1154
mold_1113
lint_1130
rock_1013
hair_1189
mold_1194
worms_1004
charm_1179
dirt_1256
dirt_1266
hair_1107
pebble_969
hair_1251
lint_1325
mold_1331
lint_1353
lint_1216
strings_1215
mush_1178
charm_1186
rock_1255
lint_1418
dirt_1192
charm_1397
dirt_1457
mold_1487
dirt_1488
mold_1499
pebble_1393
dirt_1019
mush_1275
hair_1328
mold_1693
strings_1522
dirt_1734
hair_973
pebble_1718
charm_1339
dirt_1783
hair_1431
worms_1608
lint_1763
strings_1686
pebble_1689
mush_1445
mold_1824
hair_1728
hair_1753
mush_1814
worms_1727
strings_1643
strings_1754
rock_1821
pebble_1898
lint_1821
mold_1894
pebble_1922
rock_1875
mold_1844
mold_1614
strings_1853
charm_1831
worms_1507
strings_1821
dirt_1806
hair_1882
worms_1822
lint_1889
strings_1899
dirt_1978
dirt_2019
rock_1996
mold_2091
worms_2003
rock_2086
lint_2042
mush_1987
worms_1896
mush_2168
charm_2337
rock_2339
hair_2171
mush_2425
lint_2090
mold_2318
pebble_2461
mush_2024
rock_2563
worms_1305
dirt_2651
lint_2686
dirt_2679
strings_2512
rock_2624
hair_1772
rock_2608
mush_2523
mold_2496
rock_2758
worms_2634
dirt_2839
pebble_2842
dirt_2712
mold_3004
phonograph_1576
gold_1608
pebble_2837
ham_226
lint_3039
charm_1291
rock_1141
mold_2719
strings_2752
canofants_1547
dirt_1980
hair_2715
worms_1225
rock_1656
dirt_1292
mold_1308
charm_1475
pebble_2815
mold_1827
heartofgold_2293
hair_1446
phonograph_1538
hair_1835
mold_1563
mold_1752
worms_1311
charm_1473
charm_1090
rock_1577
strings_1186
pebble_1988
mush_1597
worms_1666
strings_1070
strings_397
mush_234
lint_1806
mush_2956
charm_1665
mold_1989
rock_768
worms_126
rock_2022
pebble_1186
worms_1292
mold_1361
dirt_1606
strings_1156
dirt_1871
worms_1569
strings_1647
dirt_1254
charm_1442
rock_748
pebble_52
rock_1967
charm_1850
pebble_258
lint_203
dirt_1670
pebble_1683
hair_99
lint_586
strings_446
strings_493
mush_1588
pebble_728
charm_841
charm_1093
hair_1208
strings_1190
mush_1500
mold_164
hair_69
heartofgold_1212
charm_418
hair_430
lint_14
lint_650
charm_29
mush_1717
mush_629
mold_243
dirt_366
charm_136
charm_487
dirt_13
rock_5
strings_386
dirt_508
mold_195
rock_15
worms_409
hair_655
lint_647
worms_487
hair_1022
strings_875
hair_485
mush_1023
hair_956
strings_338
worms_65
hair_1130
pebble_799
dirt_1551
worms_1446
worms_1320
hair_1293
mush_1602
lint_1339
worms_1234
pebble_1162
mold_1830
hair_462
mold_1786
mold_1344
mush_1735
pebble_2033
worms_1884
hair_1011
hair_1024
charm_1156
brandy_1493
strings_41
rock_6
charm_809
strings_1536
pebble_1416
brandy_477
rock_1864
charm_161
dirt_207
dirt_1128
pebble_67
worms_220
mold_116
charm_324
hair_177
strings_1901
phonograph_2126
mush_230
mush_211
dirt_285
dirt_133
mush_418
strings_368
charm_455
mush_478
charm_426
lint_421
lint_81
hair_405
charm_189
lint_463
mush_382
hair_660
pebble_671
pebble_646
lint_504
lint_566
lint_653
rock_741
mush_690
strings_583
dirt_709
charm_885
lint_865
rock_569
strings_784
mush_613
strings_865
charm_675
dirt_923
worms_556
rock_1184
rock_945
dirt_1027
mold_1274
lint_1122
dirt_1017
rock_1256
pebble_621
pebble_974
dirt_1428
pebble_1311
dirt_1126
mush_1085
pebble_1803
pebble_968
lint_1227
worms_1445
pebble_1697
dirt_1882
ham_2353
cleaver_1397
canofbeans_369
lint_48
pebble_1936
hair_154
charm_1669
rock_1876
strings_1360
ham_680
rock_1280
dirt_1818
dirt_1024
charm_1294
lint_871
rock_1827
charm_1112
dirt_339
pebble_499
mush_1530
dirt_1423
dirt_1527
hair_1684
heartofgold_542
dirt_1463
rock_1109
mush_1754
dirt_1326
gravy_1974
charm_0
rock_41
ham_1875
lint_1186
charm_14
pebble_74
brandy_963
gravy_1319
dirt_1913
mush_1958
strings_91
dirt_100
charm_72
worms_106
lint_134
lint_94
strings_176
pebble_83
strings_88
mush_173
charm_46
mush_216
lint_316
dirt_175
strings_325
dirt_91
dirt_394
pebble_270
pebble_374
lint_133
dirt_231
rock_380
strings_457
lint_460
mold_415
strings_415
mold_512
dirt_494
dirt_406
dirt_527
mold_360
mold_425
charm_513
phonograph_2189
worms_532
pebble_592
pebble_614
dirt_359
lint_568
mold_709
mold_672
hair_695
rock_645
hair_270
rock_697
lint_1820
hair_728
charm_735
rock_797
dirt_829
worms_741
worms_694
mush_780
mold_947
strings_532
hair_928
charm_939
mold_842
mold_851
mold_813
rock_625
mold_1133
worms_734
mold_612
pebble_1170
pebble_508
lint_1022
mold_1012
worms_1082
pebble_1190
strings_537
worms_905
strings_1220
rock_1379
strings_917
strings_1246
dirt_1264
lint_1335
rock_1279
lint_1632
rock_1661
charm_1644
strings_905
dirt_1906
charm_1398
hair_1849
mold_1874
strings_1212
strings_1460
lint_1477
hat_2359
mush_1594
lint_1961
pebble_1474
hat_757
rock_924
rock_1058
hat_1713
charm_1223
mold_1295
mold_1292
mold_1634
rock_1704
rock_639
hair_1945
strings_1394
lint_1546
lint_1224
charm_1801
charm_1879
dirt_4
strings_542
mold_98
charm_988
lint_1905
strings_187
rock_64
dirt_71
mold_1787
charm_1822
pebble_1703
mold_305
pebble_311
mush_330
lint_79
mold_141
strings_424
mush_574
pebble_686
worms_663
worms_638
pebble_2028
strings_721
strings_769
mold_109
rock_454
hair_845
pebble_758
lint_375
strings_810
mold_1011
lint_916
pebble_297
rock_1019
strings_833
mold_1158
rock_1140
mold_1038
strings_1102
rock_1170
charm_730
hair_489
mush_939
dirt_1362
charm_1681
mush_1326
pebble_1391
mush_352
rock_1754
mold_2006
brandy_813
strings_1625
dirt_1560
canofants_1262
gold_2032
canofants_2206
worms_1713
charm_47
cleaver_1978
lint_129
rock_1962
canofants_1717
mold_72
dirt_177
mold_1744
dirt_440
dirt_145
pebble_379
worms_567
charm_346
worms_622
rock_746
charm_649
hair_952
dirt_282
lint_371
worms_1119
worms_1299
lint_162
pebble_1020
hair_385
mold_870
lint_2018
worms_1058
charm_1222
mold_1301
mold_775
rock_1174
hair_1379
lint_1503
lint_1163
brandy_121
lint_1997
gold_2099
phonograph_822
dirt_1856
rock_1413
pebble_1427
dirt_861
cleaver_2056
lint_0
hair_57
lint_1826
strings_64
dirt_62
charm_70
pebble_71
charm_57
mush_136
mold_1169
mold_174
mold_191
rock_1804
hair_2
mush_29
worms_142
mold_142
worms_196
mold_255
lint_153
rock_210
worms_87
lint_296
hair_262
mush_4
worms_231
charm_264
hair_251
hair_293
hair_86
dirt_220
lint_324
worms_294
rock_332
dirt_206
hair_320
strings_298
lint_365
rock_245
dirt_247
mush_298
pebble_397
lint_419
rock_308
hair_386
charm_419
mush_398
dirt_447
strings_480
worms_389
dirt_498
hair_398
lint_488
hair_488
lint_505
rock_407
charm_557
hair_536
dirt_336
rock_582
pebble_570
charm_299
hair_619
strings_649
rock_674
rock_518
charm_667
mold_620
charm_690
worms_537
lint_570
strings_610
rock_713
strings_452
mush_691
hair_694
hair_778
lint_737
hair_784
mush_695
mold_883
dirt_501
pebble_930
mold_884
mush_894
charm_748
worms_534
charm_807
hair_939
dirt_947
mush_942
dirt_908
dirt_1018
charm_700
mold_1006
mold_835
mold_976
charm_969
dirt_1038
worms_917
pebble_1009
charm_957
worms_877
mold_966
hair_945
mush_954
pebble_1197
lint_1315
pebble_1130
strings_1128
mush_1233
dirt_1133
rock_1363
dirt_984
charm_1372
rock_1378
hair_1264
rock_1349
worms_1421
worms_1233
hair_872
mold_1534
pebble_1682
mush_1375
worms_1392
dirt_1622
pebble_1589
worms_1116
mush_1330
strings_1591
pebble_1707
strings_1641
rock_1697
pebble_1716
dirt_2386
