217
302
72
1
16
463
478
59
71
25
204
189
203
85
284
42
243
218
201
196
253
498
255
11
56
505
539
98
479
537
63
509
244
297
51
213
468
289
222
460
469
259
459
470
237
273
279
526
195
87
212
198
542
282
100
242
99
81
543
275
21
77
86
9
545
76
538
75
46
461
300
6
215
96
467
80
484
507
210
245
73
295
97
88
533
466
249
294
473
527
95
205
93
511
541
15
477
200
236
487
497
43
216
519
188
464
66
529
510
491
494
508
525
268
265
500
299
254
499
301
504
514
223
522
229
492
191
280
231
24
214
462
230
49
90
536
3
534
224
44
287
220
285
503
271
250
226
283
481
221
239
276
219
298
13
524
290
288
517
278
94
506
260
240
64
233
7
202
60
50
192
84
286
238
55
82
20
528
476
227
89
488
274
296
513
281
209
523
228
47
234
515
489
12
58
19
4
235
2
23
65
521
269
54
501
232
57
207
247
5
520
474
67
531
68
493
78
252
52
251
292
193
532
471
225
496
472
256
190
540
261
8
518
92
262
74
502
69
291
14
495
61
10
45
211
465
277
53
248
293
18
48
246
91
241
22
516
535
263
257
17
267
490
83
79
208
480
70
62
483
266
486
264
475
206
512
199
530
544
197
258
270
272
194
485
482
