xbn
ahel
hec
aevz
adkj
gr
ujg
abxt
al
abhj
afnu
blw
lwy
atq
ixl
abyl
adtf
xbc
aezs
rp
xba
jsg
swc
adpo
ctk
rkj
jau
oby
agvn
acfo
yjd
bdf
aok
wbc
wah
jio
ahfs
bpk
rlb
elb
sdr
adyc
olm
aekt
qen
adyl
tco
ykl
adlg
svi
sq
acnd
qgu
vag
hrf
mcq
rep
ulx
jxk
tmk
kb
dxp
zrm
twg
qng
acli
adjn
nmu
tuc
xfd
caf
fbr
qkw
acnu
amb
ilt
qh
hrc
wrn
agxu
afkl
skh
wxv
njh
url
ouj
tkj
abor
ebo
jwt
acgk
wng
von
ho
pfe
rcz
xna
bxv
aenp
nyj
sfp
ahqb
mil
irl
absh
kol
hoy
pyw
khl
xeb
abqe
hcy
rpz
xnb
aeds
afwn
afpj
kct
rqg
agzv
kwt
hbd
xbe
acbj
ib
mlp
ijm
aern
fbt
htu
agwt
pux
afyk
agqe
uho
ahlm
afsj
zlj
uis
hvg
advr
ctw
abec
uez
luq
xio
ukl
gly
gvf
cbk
abjf
mni
dna
cil
myz
vwa
kde
acnz
rnh
aze
zrh
phn
enp
cvd
wm
iuy
aejg
mxg
pxr
ywg
qox
afcz
pxi
aeyh
amw
tfa
agdt
fai
cxq
tix
ewp
rvm
nuh
avn
kjc
yui
gbe
eku
elz
acve
ndt
acvg
gji
yrm
yxp
kzd
ajd
acyp
agkh
agyj
vrs
xye
eki
mty
zyg
jhy
jiw
wlv
agzs
acvq
abxp
jpw
fqd
gat
aglk
pbc
hgc
eyb
hkq
arj
zmy
zak
qga
bsn
ovc
sxb
tjs
icr
adcp
znh
ent
nvf
adfi
qtr
sve
dzt
gvs
snx
iqp
adhv
zxg
tfs
oge
dyu
lxt
ry
box
nzb
aexd
ore
agwp
rxj
say
icq
ti
prj
agbd
bqm
adso
tzl
ylv
upd
jcd
zsv
cmf
gld
oav
pe
aeqf
zpi
bxi
awz
vsy
pmu
hna
aceo
mhi
tqg
qyl
pwy
nrt
iwe
til
inb
aeqc
jdg
agos
tuh
kpy
bwe
nxv
ahqs
adky
lme
cdn
vel
pao
