5Id
gxg
40w
wp4
Sio
r01
28U
ySe
1bJ
kzP
grP
7ga
2_q
4RK
WOJ
a1f
vHZ
uKS
7Gz
0Yr
0Cz
Y87
x6H
A4B
3GD
puO
sQS
o7B
9sw
12U
vmu
EG3
zrF
vAE
jXj
OTs
umr
Yvq
fLv
e6u
3ib
IEe
9Kg
38_
oXp
RQb
SSM
dNT
WDy
klG
k8a
yWc
1dF
1V8
5k5
PpT
mLF
sdQ
W2z
5w4
lrm
8cS
qaY
8qZ
tUW
x3E
tPB
OK8
5Vx
jB4
004
zuf
7hm
tHy
zPG
nMm
wQe
2D5
Wcc
eJX
hsA
1hJ
UAR
iyp
1o1
pCP
dAM
QZN
drX
TKh
1V7
5WI
nnk
RVQ
sJF
bpl
90y
IOt
v9V
r60
hWA
tir
vtP
hld
nkl
4S1
0C3
T9p
WkV
d91
PSE
PBh
ooT
cmQ
gqs
jbi
74Z
Sjd
sg6
z0V
fr_
hEh
hVN
nlX
kdw
5jo
i_0
017
RiD
o9q
uoU
QhJ
pWt
8nG
7YH
UPb
OSv
bn9
9At
onj
4Wd
vOE
bdG
bdb
z2b
dZt
51A
eCB
gep
9yl
542
OjT
T8G
jbf
mBI
Pge
OKC
3zS
f9l
slh
roQ
fD_
ys4
0Ro
tlR
vJz
AqN
1R_
3n8
AQ8
P8a
7qq
4rZ
8Ri
7Yi
dtj
Y1a
UZc
jjo
7Ur
hMu
Tof
kT6
sSt
WOC
isK
g1A
h6x
9tU
u5H
vwG
h7h
jEW
3am
YIG
gBc
7Cq
RwS
A74
obp
kKb
b8f
vBg
m6D
tIk
jNS
5AP
0EB
xPq
WKv
bRW
UyE
U0y
dxM
mlS
xaN
PmW
nAQ
rBt
ojP
TOz
iHJ
jHL
ih3
2Jl
mqN
bTf
iCn
h6j
Qag
Tf3
n1G
v1e
R1M
YuG
2Rh
wbo
1wQ
A3X
sQa
YGf
1jX
bLF
EcM
3GQ
QKa
dgQ
6Sp
s0N
hEs
Wjf
icy
PJP
Qyi
OSL
Obm
fvp
mhI
3WA
RcY
P7Y
pTV
n8h
q6J
3Ss
ao6
UaM
keI
mhz
mEW
kmH
gAe
Tjf
2mC
wmR
TyM
6iE
SQr
d_v
n6Y
f54
7GU
qXr
gY6
2mZ
O_5
dfX
l1K
SsQ
OG4
fek
fU6
2CF
aAi
Wnr
2RA
WsR
tlv
RcX
dyz
xmj
PRw
kHb
gRq
wiG
qXm
m4U
g4Q
lik
ckB
3WP
7wh
lxF
4kz
3ID
3fq
Aw6
Iic
Yye
YMH
6Re
qQl
vP1
QeO
kuo
wPq
kw5
R7y
uKU
uka
SKW
Qaf
9O6
q4V
efX
uT8
ye_
ezH
qAZ
I9e
qEE
a4g
eoS
SW4
73R
ElD
e6h
s7m
0kW
S93
1qz
cPm
38R
5bB
ezA
ERC
SEp
Of5
j7q
uGP
lDe
pZV
7ck
OwD
SqD
rQx
lo8
UOD
hFa
kGz
Ofn
Tj7
gpy
nt3
T4n
sGe
fcI
WUN
rgg
8Xj
nol
x30
yjd
rZT
bQt
rbY
hjW
uJI
QWt
Ycn
RVi
A2A
42K
x4P
WkS
RWX
zRG
oFZ
u24
6BI
5tq
ufu
s1h
oCU
OOq
bIh
ha_
8f_
1_K
zq3
sex
TGH
Af8
rME
uhe
hKF
Wdk
aTv
i3R
qbw
vN7
cR_
gxv
gXb
7Xx
7xj
tql
ogE
rfd
RbR
u4i
11B
u7l
SaF
Pdv
6Lz
RT0
S4x
Qcq
drg
b5h
4BD
Wd3
kSn
n1j
wEK
PZL
hyn
U4t
U4n
v1i
70a
QGY
4_Y
msZ
w8F
Yj0
tHl
EiQ
Ywj
A2K
5eG
nEn
9qx
QGT
h8B
ka5
kmA
reB
PVc
dX9
hZJ
oWw
dsv
a1l
UE_
uc4
wS5
ljq
l8e
1rN
39N
yuE
ls5
xeH
5Ms
lbH
eHT
xFC
TAR
pzU
I7C
S3D
UgN
T5Z
Q20
7Ar
1Rq
uzb
lLJ
iDO
SFH
tMB
jpj
1GN
yyE
24b
y8o
5bG
QOQ
7qg
Rg7
xel
68N
9BS
aY8
RCc
wnv
fRC
uMi
e5r
w99
SL1
bJ2
Iih
1nC
ORl
roH
UY5
uwp
yYH
