18574
4828
7846
2700
15509
5173
3893
10378
20523
9141
6804
10618
11441
20992
7751
20778
1612
15838
2350
18547
20255
9432
20097
14895
18364
2791
15028
21630
16985
14698
10963
20072
11503
21452
7044
8595
21128
14788
2843
4077
437
11478
21400
13151
15288
16623
2190
3019
12556
10835
20565
15658
1299
13094
5067
4171
18144
15118
10915
6698
11209
7922
11765
19647
9363
8224
20667
3480
10078
9648
15785
17455
18386
13016
10065
15186
4500
19704
18469
18418
8524
3490
17554
9608
10312
18761
655
9522
3648
1331
1016
15592
14995
2865
5721
666
2966
6664
14755
3110
5676
5002
14201
12649
152
1882
10822
2361
6662
17565
7845
15794
11579
10180
9747
21104
12410
13626
10680
13232
21773
19339
5330
11669
14867
13574
598
18184
5629
4183
3629
5167
5963
21266
10565
17007
15920
6753
1797
14229
14419
14602
11028
15980
7217
10371
4119
14044
12759
11427
9934
14496
1822
15783
5091
17348
20374
9154
15222
16064
9752
387
11673
1107
11130
11317
147
5117
4604
18311
2131
7678
14146
8112
9510
20431
16678
9606
7174
10306
16259
16740
20881
16827
16185
2671
9297
3688
11026
15204
10794
7114
13418
20068
14737
4161
3111
2864
21350
8092
19831
3290
15308
5798
3071
11022
15142
10603
468
20167
19431
