xtacbdmanzhdntiswwgd
tlweeizvobelecfmsnam
zsimjfegjldyqrcfobme
tengwovpfyxrbybnetzw
gwlckurzseoncwovjajj
rwoynapgzfvpckldjkfp
xinczxtknwvyuniqssbw
wkpqmekyxobjgsvxefbv
pelvbwpthtttmldennga
sedetdtqhddyaormwotp
gujwonvptdwqkmrulgcv
xsskxkifjtnfrmvocznx
kaijaooqlufywmrdsjfe
uvsndjveevuxcqccuvex
rugzthueduebkykqyrmf
luvsdxlfnviganbbpqvs
bqrpnxjilbgaylmqzzil
kiyauwuwhzsfyttobtsi
ervvyvczayxcawtebxac
okxkquwmneaptuppdvfx
csaycoffdnmttfrkyzdm
aknkqshhqfahqkyakvbp
hopxbhahfcgujhifdxla
gfaqffmmkcmogxywatlw
xtlvwdajsetvjixjaydg
pxwkxdzwmgkhozeydrfm
yfnldxqwxusfomctxlnr
jgqnmrseegqiorvdvnrl
yoxnzciiworwyvflgjlh
nqdenkbqfobquarnidjf
xlrfhqsfrspjjzshmwfx
akzssmertakpnsyjlczh
cmelhruswgiwbpxzkitz
gkutqsrbauayqzmseenq
vanhjllfbfixnlvwygvd
yloqalpubapxqeotchcn
dplbblkrknwtzpnxtgpk
ctsbtyxdwcprpiqgxdrg
qfxfbgkqilfdrxgqqifg
nbkstlpzvouzykdrlpnm
ybessyymswpuexavfeca
xvqyvkjmlamgzaipuowi
tpztqlxgqedcevydgegd
pscgcutdyisdwtslskjb
cttkpjywwtqmztpmnfey
enrmmtbjtczaeavnyxfo
mjaoamugmyglugwtpnpe
zdqfnybnfoclmpplmrpt
neptqszezepgxavmozqe
zfgtgkdrbyuqpsimkjyy
nqvqezndbrmtmycxxqxa
nbjumvvxbkizinfjnumg
qjouniwpdjybdsckkrff
wlplidjwltghqrgwbtpe
fjuipsxeeistjmcrgopj
noofuyomzzhgpevpyjaj
ycxejgcepxdapdueazkw
qowzoqzfovetfnmxlvlj
xfeihzxfgurdrqyrxqjp
qjpoawniairvzzxgzcej
yuhlxkdnxpumvryxsziy
lvtrznkkwqfuiwggfsni
kaceowthsdwfjwhnuodp
cysigrsvxgzutqwplbkx
rfqidxxvnfgkrusckgjs
vbnxucoyufzymkwqyehm
mcdyulcgysebxriiqknf
cuezhosmmguzvlqvdqgy
hlkeisgovnsbxqmbfxpt
jahcsclcqtzynfmonkgp
fmkmogjfxynxmbdnbyti
bhhcdeyorsrxenwbvyjx
mrivnuoryetdsfazxpco
duevmocqqikdpdycqvzm
hikjljenojgmrrrupnlh
nnzlvatoloicvsgavozw
yoekysfelgvlrjqkovvi
adkhhbwyoodpctsppyva
mqjbqyobopfcwnwtgvir
bdziedwetzslhxuormrp
wowwgqqvabziqweyeqgu
ihdkngtmespbkkqznjvx
bucmiauquwdatibwzkgm
iodgehrwwpaxswjssfba
mqcnyuheohudwrfyusce
raqjwmiydbilbgkbzzys
sjmdrguzsawjzyphaywg
vpvsqnsmbvuhzsufzgkl
aswgazpbwaegjviyzqre
nirezmunpucgmgybjkur
acjwqiydcfklyvlqgilg
wfgcbqxqfttlertxbldx
yrqecnrkykvlltcsypra
lgxxxauhugvqkjkryltb
robufumhciracnwetsks
mebagbdlcflotgfluyhp
mwezbzdiiwnmpsdpfkwi
affikoaacjsolhaxcvof
kppmovnejadcctwzlter
mvdnnecnejwjowbxpkei
jxxetazngxabmkmqpacw
rwkkctdgpdajcoaterar
shzqxveavuzglgcqrbit
jzgzphtbfzzojkkoanwl
djzrqwozjxgydzvnjyeg
wuvcnmzpnslvucdqgoag
cvyxkdimuhfmwkobojpv
xlpiwamhpduxtfekizzm
pjfsylqttxceuzmvgwxs
acudgnjdwnaqmkoqxsut
iflbtvoxsdvbjfubmmta
gpbhugfqfqwnwmdeleqh
rjjzvsoasrzfuejzvsfu
csoiuzzepicmhyrdwdfh
cvfeyfaqrokmjcxbuolk
jiqtxuqjxbolvvghfcmg
ovbrsruhmkjbjwqlqrzz
elfexleugfogehdhfbdh
frrrpqlshurvfheifxgn
dvrrfdntzyrqgttyundp
fognmikmhghfvegcqaea
ijdxmczdhrexlhskozel
vkmiysatgfaleijsnnap
utwrrfnemhxxzgyrlvmi
iizywhwjwxqrypqgepsb
ryqjtcercfpfriexexen
zwesgulxqwdhlfhdmhyr
bdgxaecngxvcpdozgulv
mrdjkcdbadfkwqqihuko
jwqeerudrfpcisbgwnin
bwxycxwlhydvuxcpvgay
dkacegggurjvvwgodunk
dhwqauretabqaoakoluz
pozceeldjwrnnfxldvsr
ctxyvnjseldrkntemnjq
iazqbakfxreytwwwszue
vefivkaackdepxolnyrs
nzavshumkwnwxtyrgifz
itvnvltwswafyrsnuvzv
tguntwievrigzhsdltqu
wwqkptsewthhyrpzblhx
nwsyllumjlqkspturnwd
jxmmythrtkakblxkrptz
gxcdjtrtiglzthmvqson
wdiynhkijmtwsacnjsnf
qxvzonivgscbvofwricf
crbdopiwejnggwzytijg
dsmbpzwqioswqivjjqne
xelakkyvptzosdkjxfis
obxvezjxrzmldirmcdye
bvcpliybnoljlangefhr
ixzsjsavdvrnvlznnxon
fcmlbmuuvrnmizqpbeal
yrwjxnqzvftesiosucyd
azklppmjhpxglpxqvmyn
opvtbhiwqcduxyjbmpff
hitrncyypnyyccyoowbp
yitvgemiizoxwsmdsusj
dcpjzbhoxdgxnjfzyjpj
seyvkrbkivxjhcjqadxh
opspbbycdcddgjegitng
jfsycpqvivvqiitrusjs
szrqtqbokpmqysylcbah
pagfbhcnwphiyhthrbee
wacgvrsinkyviazwjlcg
bdrmbqcafkaombplletw
esvjujtfovdprxhknwnj
ssqvyzfnqgmszpmvgwfw
tidejnnbmewmcbvarnwv
xvcfszywhfbnrpphsmwe
qcgmcdhrtmstdjxzrkct
qbgjmjxrxjimwndvbjgc
qenkprbndkgtpfmuyhrv
yaulvhoztzjkhmhpxdmb
rvnhvpjvedixkspsjupu
npemidfwrudfkrycxufu
ipcdlhfoustnmyalrpfd
azqainwbasaneskueatc
pjymcvwqwajcxlsmizze
fsfcarrvuutiypihtlnf
ijtkjwjdgaavlfjgopkh
ghkfqrlwiumdqwcwuwvq
pputafgxlbpilxbwbgmx
zwzooirnoapllmracvko
lzbratckbwpsskjjatwg
vfjnkbpbazuylvshcizn
jasgehoyidkwybrddwlm
hhdkylvirmdadnyiptzq
inpnrrgltcpjrxnwenlg
wcycnbjupsaasizljhfz
zscbkmldwhtubwzzgajh
ojizjivjstpkwmdhhyqb
gbuoatddfgekxyxyrbad
qbclzpcjqhnfoxritpwc
cebjbavpflufjpurtpej
zxbakxzzehquwpktvkow
tmgsmddacmnzchvzkasa
tcpfsgwgqchdpkivdgau
tpayskinbdsxunygmzwd
wmmungbmrwojefnrprnp
uxrbrqqnywvtxlknxaxv
lbxwactesfwxgtuuwqwg
sbwlsclyrkngfhjpigtg
wvklcjhdaaookqhrzkqs
hwondjmtcgvrwzgfddzc
gbysytrvjqrzcmecwfeu
qwphnxihhkcoqkjyxcck
fvgozwrtwmhrskzkjsdh
dvdlzapikzwbkuztbpyg
gwrmrzbxpdtbmafiotwi
tbrzyoiiolzehgrkeual
eiwcffmiehrxrjrhhowb
jbxptcwgxmtgcptzldyk
kzzusodthsmvtdceduyp
kkpiigwemicynoyimukt
lyfiorvpwrqxiopdkaqy
nvmgxwrezcvwlqkeucny
mbxmmresrujkxndefqiv
ngabybhoijtduphbkixv
wabcwedmiyzjfhdnqskd
zokmmqvjsrvgsgpezpcs
ngoulliaclbtqmtnofka
crmlinblyleoftmtvnvv
whrmqtfmrdxwfvayquan
cmqlqemebwlfzztloihm
acihdgbqbqguwwqkjxhs
awjgekaievjsfjrqnorh
rmyzfrhjvskugbvigxof
pkorqmzebqjqddyfykue
smncrnjixylvhshtrqte
odawpvjueqguabtremoa
pschpfcbkstbwgfydgji
xewldqobvjtiourxpfme
obljbkfsytacuzpkzwlq
xexxzdfwdwflwghsjgps
xxyqwrxdavjrbioldqes
orikenbbstzgruuwzthg
eixpzktnuvigutjcpmue
exbygjfbruvsdkkujzer
udabipqjghwutelbkgik
dyjysnwfgbzgqyfutlgh
qecyamimxgagmyrylppt
joypquhyxnpathxuqyzd
gxortyjpterdivocrlnj
lmuvadhhiwkjbvcatazv
wlxhgxvdakzblhicphjl
wseuqghyspsfewuafqlu
wzlhuacaqijvdtsqlzic
zyzpphmeljvwjuvabhyi
prxymzsezjzwbsmfugxf
doxpqmrpxseglfqovuxv
npykzgzdhivgkivxuwyk
khbrclveibmyvibrdpkk
lgqxpzdqchccxfqzkeur
llmrihijzwrraafrtbbi
ovwegearybazcrojcvlx
egejcsbkkzuswvwyzmmn
sjmxzmtassvpjmhhsxan
ityhmzkmehwvxtjrvqly
hmdvyornlogfioygthzs
siushverfjraxakqtxvn
tntmdkhtmyjqhmhbqdho
perwwyxtvxgwshzmwyvf
eqygslbiftokqcmhuugs
hwkxcrwuhjsfffvgpqbn
qmfisyzvcljpdtopjmsh
uuclscxghxuprhsmbbte
hvsxsghlqjealzhdazkw
lavmtjwbyjlvayqksjaw
agowtubfcjgnhbqrhttr
iutftwvmbualwbnauvdf
ytbhwjuxhcmlengetsoz
tesijftpffzqnmqlsrhc
hkophdohppxhdnhujbls
loqauqzptuiovqgnkgad
ngkkthdezgxpsrewfvsz
lrwgutvowjpvnvgbvcwd
uqagarnluvcxxzzmptwt
lxykurtobvbbnuqiffua
vrturnxvfkwglmwhbknx
cjeydblofrskrtxdvkhl
fwdxdopbygamvhwtojwx
arqghlyezahqlubfuyqv
eekjvbosceebrqqbiizq
jlnguseceoravzligiqq
nlrpcefboloqwkbebijr
ahexfyvkbfntzmppnfwk
zjonuoxvvwtbhtctdrri
wjeyrxmmpdxbjsidlkok
lnmoqfvrwtdynrayatrx
klfxcvpiixbdhpxtaoig
wmobvprflupqwxirznvy
qmwmxffmmoscaojeynll
eaujhljcyaemsdhvxova
iltkezewcblrlwloqrsx
rdjwcppctijisjgwuajo
qdcxzabohmqzoiksfnod
sqbhuxmnlfkyivcpqvlq
skgktdvrpsxzljypxitc
tdheilnzrzhpmctnhlok
dcunqfjzbqqdmimjryia
oczzjrheyslbctypfykj
qtznvjrnoaxesclbrswa
ynczidofevfedgprshep
hixraqkfuehycrtjpkki
tpzvjqylmhmxbsyfwnzz
hiyoeiuddblzbpudndsv
zaejmkbvklwozqzlcdkl
zhcgwmfpddqothmfxxag
ohmisbidhutvfkyxwxop
vqwlfohcqapxmbjxipna
phovswearwesriujnhpz
kfrcdkhgewednkjalnqg
mxdmmcfnbpjqcmvtdgig
ejuzdjemnlvejjygyssv
dflkpglrmxzwokxrumqf
zrkizrranqiegpetrycw
flbqbetcloxrqxxfhuhg
hxljlblineldgnfnnkxu
knudzciceoiftihpuplh
mguiphitslchjoovwmze
rfdgbvjuaqhrgstbzroj
fzzbeymcyqdadhqjjbgh
uylxdylrreebomtojtof
ksdfmojvzgabigrfrxzy
vcipixykfdoajitbpnyi
kqpmdtxahlwvppbzdxma
qpkquxyykzlgqgwhksnv
vhrhvqcqqikkmucexdwe
bkisimppalwaayqqyqif
lvvycxykrssubvfaqxbe
jibxztjyhqzhqkjuehvn
htastcusmnfytxbtgmgk
mofibajurjbopbgklgpb
fzwxazxewnzxtmlsgpdd
wnqucbpbvwcwiuvyrjqf
grsudwidokxqpsjzndmz
hzohcrpipzwtkpxjnyvj
cvkvlblztvabccbkfgna
lgsxitgxduduyrtxiemq
urrftctfpmkhnugldqea
vnyuqylxuwkcnprrfoss
voqonianudxokxnljxok
fzkxwyjfdzsciqqsqnku
pozeewknomwuhfdbfgcx
lthljhwhuqshlplbzvlw
hwjyudhusxxaoadqzdve
zcirvxtfjtoyvdpsivqq
qelkwcgejrmlgmqczgob
kuyuriyiobhjvzqesuzm
xwzezqpxziebxvwqudeg
dzzdnvobesjpjzjcuzne
krnfrpowrbevwnvacxpf
cwpxjidcjsmjszvwiymj
aouazkkwoabqztdesmre
jbiwoxvbbucmzufrhfrx
dvlwnzsalizysennyrvg
ixxlccwmelupdddedvbe
mfpahvnlszdsnolwqffn
cjscmpalrapahmxtdqye
ekkmvwedltgiymtmkmxk
qfdlsinwunlynyrbajze
zkoambmxiiptoxpwmtwv
zgpdypyasctlkfyrccyo
bizwsvqdkrvzvhkqfrji
tpmrbstobrusmnodeysa
bkjftjuzxqynkpcofalx
rgfqtoicyrgqzlobpwkj
osookgrbzapmrgffczdb
cahdehpupgrjuconlisz
kbwgxcuriqxncohhoior
olpjhsnbvzqhfzbfsdpe
zkrazmvkpivdmkocfike
qmwdfshbqthytncbixdf
prydbpckzfwzviebrquw
uhxhblvwaozicccnaznq
vjercjvnweiolkgxlzwx
zpwcdrwqazhsglqclbgc
sesorldudspmfkzraagi
abeempozfeeopvpxwyre
sklexdjucsvzkizgrhdb
egngvrfjclqfzpgesiub
nxpyvyvmxeobfehoanxu
oxpeaiaqywvzqpvfxoyk
uwrmbdjvfvmdxqegypls
ysfyoihsivfnfakdtedo
tkjunynfjvczbwtbevxx
fgdqfqbmeobokxefewvt
qzlebgwlwhogaghdhmje
zzoknwzjaxkxvanmvjpg
orixmemcmwwjfarmnfkg
kgyfivknmojqkvxrdoqr
pwtbfruroxxzqltqyhrp
hbtvrtfebrqggwopiich
fptpxgucqtdnypnjbhch
eyqlvtzgfshntlcdduam
giyfljesckbdhfrjpjbk
sggamavtpikojspkhtzy
rzwyoncdkcygwsdwbims
cwrzifwjmqzjcdcovosy
znbtupdxacewlzapjwxn
jhkaousjouslyswhqibg
bjszvysfmtqxcglqgyrm
scvzumvltgbuepiarpcm
aqzoeuhgsqjpezmsgcjq
xeexsuuhrpxpesfdbceq
xshkbdrnkuuoocnyovcr
ewbqortjiityxnbgkzhv
mlrhezcheiartdpnzhxb
xbhvbpcgjqyysnvqezwt
kxzqznwgxqivrewrsfea
gsfunbnkwizttchbmswh
jajjxpdwxolkmvdpdtes
tzmdnbavonchlshgbvaq
rsmhsynaqzwqrczaerrr
uppspkmuknvymppyexhr
hjbldpkkfmhtiboffncq
tvimarkiydjjxwgzcung
sqndlxyndcdvpkvlbofs
otuvhsexzbuhbamlordg
adgfbapdhfudvvaerstr
pqwsqdotdkpkbciguyii
lnebzmuykpaqouglszol
vuvguratabnpfesmiyzb
jhpslbwwmzmlssseeymu
cqefhaocvwbbhbtrwvtc
xeiplnrsyevmvuzmojpr
uwjmhrbnuqsiydqwphif
pckwqrelwmoxtuenjtiq
otgznagijsowxebcmrdl
spqcxhjngvidjobjdvla
ekqwipzizvmfexpazzqk
cjjtupqjjhklutwzyoeb
irgkvktoibfqjmwpjdzs
aukjdmpsiaeazubzasje
wsthodgthrxdtfbqblij
plxieuhafblyyngqvxjk
weoqzcevhqcrpduhurqp
pzztaukgfafolgwqbslt
hjopablmsfeohswhakqc
iqtlfycntcajcuuefvgv
fpgkqlebkpmfzypayukl
cgzimscdnrenymqdpcyp
krnequuvqpcvxwvczqtt
jjxdinnhrxxxiffszzrh
fowfhhjygfwiekvrtbnp
efjncrmvlvtzxgphlxtw
buwtgwzsflcmfrcmkxok
cxrsrdmbbalndycawzbr
qcaebdncwmsnrlywasgq
zukhyxdhxxiobsslrrro
rrcmxwkcxwqjexgvynli
leklvwdwkggxmzchyiou
gycvjhgaligsdwswablh
twzdihhuofcbjxpoqwqk
ppcdstgsmuviijxyfavx
utzerzgcecyrrkemyxam
llruvdlztsphjsnccxxj
pmrwyyltingnsgflvnpv
neyanmrdkaycxbaodqnj
rpemgrsywfqiszecphpw
urhudhltgxubyfchqvbx
fmhrmvnluqshhellmxgb
jniewlrlnzsnnsgwefbd
wilbcszhhpxiaqqfwyfs
xhcxqzufdikqilynkhat
qjeofusunusptnkzklsl
acwacbayudxiydluwrnp
rukbkilbwqydugphvape
wjmuonzagnyfqoxgvnyp
aucuhxvtqtqrcrmkkbbr
lwezjhchiolyodwphkam
uuxmndwrbygkaytlxiif
nciehoqgpujjcdcsrcsg
bebqcmjlmdondinwtwfj
byfncylmkywewtgqswzt
jthvlaghwlwgckjxffek
lvqypokeiqcycvhrdfxv
yuyctjctbxtrkpwdnlrm
otodbpodxhtihcaqswgm
fpyvyiskcltslnemarlm
nfzjtuintnqkjwpbhpgr
nejapdwzbyofmpzusggf
afzbzvramfvrmabivctw
zlvxstplghhjurunntmi
uqnlxjlmthfsxzvmjruw
kesrcrgmxartpsfrrscx
ktujhejuobvzrxetpxvm
nfcwlhbabvxdewjiheui
suubtqtdjuycswgybqtp
elwzleqnbroxdqrtrlta
uhfztwwhfqzqfjqddrdb
mjxiqzfmdjotcvrzzycg
uutzpkzmgfvweeddfuvy
urxkwufwaueghrhghgkl
dyxarohigjvolnzobiar
zxxhueibblyssyxoldex
sfsndaaebpcobuayimmv
wxwfkjccdntbsxrvdbte
wdztpoehgxwofzqblzul
mhvscxkennwjlbfviuaw
qerglytkjnhcpetageyh
hzdciqpgvszybjaxinac
tjmhzmnnmxwrwarrqmgj
wuygaigqccaovqieakpn
kzqdpstaieythiumjlzc
gixocxyjxjazpkfpttqk
mwmkifrfnjocaibjhbte
hjkhyhregpjfrgrgskaf
achcnzzlzfgnqbicctzl
ikpdtaxmbfloqhaoeeeb
ocayetsakaonwkmcerkv
yrhxgkcgkuehytkdydmy
icmpnipaoerojbxsasva
puyrjayhjbzqxvrlgixn
oauuuobjtdgmsxogliwp
hnqrfyojhakahxiuiszx
oasankmvlmnwjfahwdxk
akrvtstuwbplfhqtidzp
ubfxwqfnzqafmtqrgwiq
qpijaddnymhbgkyaqtlh
wwerbdxeitrwipunbgnv
pspsiuqaaiisaptiobyb
zfwdodbbdnruhwvkgqgg
csfupjyvkkqxhwgjwubx
rflagxzdqlaqgptetdky
jgcxvxkpglgubabpcbqv
lcxzxhxjmtyjenjjnnvq
dnekkknyaenzsuqitwvv
ocvvzygfufzbgrgenvcu
jhtnwosglqhmnricnvrk
yioklfpmrmjffqawfieg
hfknhyfzhnmlpwenehel
zfgjiwqqzwgjbfxtngiv
gaqlkyozbktabyjuojkq
qsaglrmkvydfhmqvyhna
nylngikssvyhqgyknson
wcnrlibsthroxdqddpjc
nocuyuedzfnpnmoovrju
devkwxwjvetocthhgezf
inudeojgxydqmouiqjvj
kpnvuzyfsdpjetarhcda
pnenifihitjlqxpokbtn
pabsvgwrqrkdtomlzxqs
ndyecmvmdfqdjrkayrgl
mbqslfffzvrtwwykhznt
epvwfxbqeflnmctipsoi
rftorvxdovkonpkeexsx
erycupkiawczkgcrnrqh
cmkfyrobpcjwsddnjwvo
fdkvgauodgaajitrftes
duyrlpezpgqinlqtbwpf
rdllmnrdvizgivhhnkii
rkucygaisdstrdyecurl
jtzodfrnqzjbbnocaqlr
laxcmdsvfzfhpyetifak
rvkbtmbvfbfjgtdgkeem
rxxwbqpglngomfalzhfr
duswhtifzknwllpvndwl
czjopfyfoqncpxqxjfkf
qysyzqziwagzgkgfulqn
qdyhmpjawqzwoswafohe
uwwsnisaojdppbxrxxtq
oibnppjjiaoywcueecjp
vskmudwdojldlnizlsch
nfwpplbmzyvwlxiypvvj
uqtgxzqizopkpksoxqwc
tlqgykzazluhitklgngh
aknelvfeuxjfjamuxwkr
yzycpaykqllkznwghxuv
xmguzqtrxbvsqurcvolb
pgqdvixtouypakcgntmy
uiwzlcdtqkwafpsyhloj
rjqviwehqoaftagoodtq
nycptxttbykpwaqpdanu
djehcrdwagxnkqpkkmrh
vbfndwnmnarpmomsthwl
lljsbhbsgrzyphgjntzg
kxnrlskjywpalzugxgoy
cfwuizbhchvgtskcaybo
ggiikuypcjzqarijkwkq
euzguakifgdjbdgbqyvl
ieyfwemxsfjxzwfodvjl
lunoyvtnbusxbcydqknf
dszligrtjivqeujojfmo
lcqwfsjddstuzjqbodlh
iadnqiwxrnljkwjmgfnj
jhinqlotulgomnukydol
uykrhdydyknqlcrascsf
hemxdbnxtumkclmytdxo
jkawmifpkownfzjroqaq
kqcjwtkddxsyqngrtpvn
nuawcdbmhrcahegfnmag
byxrbxfxpwoqnchxwhzw
fvqfixkqqfjgmasjllcm
qnfrwcpfncyiqjwfjmxe
jroqfzsdnkaocpbjtxwf
bqgnajhtddhjzigulbiu
npbqkxwlyrbainkdjbdo
pklptefbdwcfqvugsmkb
idwhskwzrntvrmxfmjvf
gxqptexrmmifxfbzrpcu
yksevmdvaxctnltfxbyp
bgyftoeqeybhunwtowar
xpcxfcvlnuewwxobjxpm
dwzpomsocelxrcmmvhps
pednauaahfqajfsrtybo
ckakcphvpicyhioqnhqm
efvpagihqmpkkgwkplag
owgbhfizgyfrpvmoopkc
jypzixzipyklmikjqmir
eiqiwkyykfgunmdbfoxq
dzkuchugrljdmcpmfgub
phiuttnnkjxplldpjvuq
ycuzcyyofxyogdolmfdk
hduvrlvabuwtlcucltaf
krkbpltaaxdorwmazyoc
gzlyidjyyqzepvuxdxgn
seohrerfxstocougyxep
bhcwzuhnbvwvamscnmit
yozlrbidatbdsyloisxz
oywklfnfvukmosztjnka
chukabgkfxwozycnsbmi
kkdnfhxoddynnfbfkgvp
fjhrwgwlbsjwghsedhsn
ffcxhdlzwrjepkglnnxd
bsmghcwceldsudrvwecn
hujvgprjxrnkpjbpvsms
alrbubwxpfhnubgmyuzf
lfmgegflekowosfuzfhq
hedxhpmviqpqmkbuwpaq
sslkpcnbizouqnapmxaj
ajttnibkhgzqvevhowbh
wnhcfsnhjtdcfrwtcvfp
yhflldpbjfwgbpvuqvle
mdxzxijnfenwmsridzkp
alcvxwhiataqgzvjiggb
xzysnufduejexuhdarkc
hnsyugpifhuvnbgzbjda
yepnbcjpurzoxlxrcqhl
rwghlfjpmwvxslqzswjx
jwsdsbkwqbtommmjrhcm
lkcdsoqluorerepkxoqk
spxnseiwfopreqksuxhs
tpnyghdgvyjsussyhlwo
exqwklyykjjryinbzoch
kgekrezxtotmgrghfcsp
wkcpsgnsrslduantdlql
rebtmahibyvtspqmvlir
piotiyzygggabuiqosku
zvanpdykwugylnfbxkyk
sgsqreqgmfsfdgebqpms
rhojgdunyzohkhdkssbb
splutqzfqagtjfnwfkmd
xxhonanpvypzcpjnobgs
jbeakqzqlyqvexhxxuzi
lnxjoshvcvmvjxyvtubk
xhzgdwyqhlmbwipfhpxo
iuuyctqwelcipvusvigh
vsacihsxhionbrqgimdb
ckvvlvhvvruwhdupgtrj
qdxwksfbgfxpyupkxqim
krfyfoerokzuezdvzpsn
nhwdvebyzmxajypxkuir
ddiraibrpiyulrkcaupd
htziekvththoyowdbxvm
wcjgyqfebpptcfthpyne
wgscxjotmjoriqdrfnzq
pszzqenanutjuazpacfs
mvqqhaefxtfstmmgkppb
eddcadkkuvbnqhhugpjf
mrnstwslhdvpywnsopid
mhsqgdmokjzaeakgqnwv
oknudgydprhydssnjckv
ykwcfakxgmigvpxvthln
awrwyubvzsbevrgvjyzn
bmnnllnpjyyjvmmvzqmb
zracxacyeqskkhvqcwfz
brkexvzmvelxshtekwyl
bkcsvbtmyndokahtyxqj
nngbydcdbtcdnrxnhkho
orcshmqfdxkbhztarvcq
mmzpeqgqazjcblbxzdrb
irvliuxbgjoaqqyaczaj
bvwvmdatzggoistzjnei
bdkwdgragmtgwylbtzjp
qaxnfiimkdmskbaerydj
pjumocxlgiknkdzyivuz
nkpeviwmtaistnlcmdwj
kvroeyxnkwhvdzlhibur
aaggibercovgsomdiorp
dfsjocxnlqeezmydrclo
qkscnudibhrkxcitmqqx
xvtszehmoltubdvyxhww
bumouczczsevlglwqclr
krzwepptufpziuulevoo
jmiatqjzjdbbjpgicpdj
vynbjamlrdfgivyfyyqq
bbzrqcgombijbybbolcr
frlshaftqhcjdiwzhame
dmsqhkjumprwitssgbic
fjosrvyusjvgeqbailix
ldtcmmkcmyrfrnhbfwqa
rzlnboljcrxvigazfgzs
xmttnoxmcbrfezlxyoho
nwkqymwlqkhzpainlyey
bighpnenayjusidnanfj
jowijkenfepmebrltsuq
njawtghtwwbqsbzqghbp
nyowzdengrvherxpdcsq
rmjunjqiiknectefrxea
iroykadhuemnjrmtuqqn
eohofemajmjksappqged
iovgwzlhsloujsvjlalr
zdlcxdqwcdwcqxmqgllw
sddmplvsjsdvslcssolc
ojgtsvyqzciydvwmmpvk
rvsekbblhegazkauwwio
xzdhrsslwjmaekdwperi
fximrxcwawvpitprysmu
ejobureeeejazrvgtcol
naaqacbytzbbtfjrkmgn
fcybxytcjapjzvoxgirc
athydgkiifjfmuwssksh
wjaevpzjiyjrosmrjhvk
bftpbnutzyoztnopxcsk
rdabsmnrqufqlksooaue
niiwoldudibnilqcjhhh
ooykxiajjoxllbdmbmva
fnkwfhwecbyxihpmcfct
pnutffppikqkbbddwsbe
kukjzvvzhmjepgmvchci
jjifpouskzvbfbbbsrqu
ieordlqjwwohopyxplbq
gpfwieqsqkotwsyqqzwg
qgzdljwkbfkdfivdbcua
phhkbgfioefmpfkilogg
inujuwgvpqtfhsmnslvr
fghkhpdkxwnkoujdzyil
iroumlvsfobcekdkobjr
nloklzbegosyeoejwfuw
cvdlgrjryixvqwqxeght
jodhifypifqcrnmxstdi
gtxgvkintzkouorajzqs
ayclkfgjgmpcqqjhanuz
hntomsbnbqcsijdoopsb
nlzjsftulgselkfggape
hikjkrcmcdikckgsevsc
fzqzbjnpwaweprolwfrd
hajiaukyqkktssauyvyl
dqcpwnaqpevjiysokxdd
wxsrctkaltmuwudogxjm
vkzqamroxpfjnkiuqzcn
ukhvfhnpdyyygifneczo
nqkcpqtjlrdijksioing
zztqtuieqvywpgrqaems
kvsaksgrvsxypufubddv
iwlluyxjkxoxwwmbbnxg
ccvayzgymlnvllvijfiv
djsixlurohbwcsrjbmrg
mnxzjtpegomscbnpaugo
vuyfegdyfjbbrcjihdng
jfcqvmcvzduhmvihhyac
tzuvavuycdrozjxmmazd
zarzvfewrxwbioiqijso
lgxpxvxdylxrrpafjisk
fddbrtxiduomjfuxaodi
koipdrzsjxgxzkcnoqrm
zepeepgalqktcgugvfyz
vdeuwbqpkxbjjgvhvtts
