79717
43840
110378
39803
121073
6019
12368
122082
17611
18248
23874
95842
41782
79367
12070
99158
54362
68078
60623
45227
55953
26420
52564
105569
129253
74986
29319
105052
84545
86452
13491
100269
19521
98248
79400
117340
4201
35375
35683
28634
53228
66475
72129
57462
119873
33589
2138
65083
101594
100191
64313
105545
104724
43951
62666
124618
80756
45404
84700
72263
101301
1360
87228
124077
46032
129852
8813
67278
110929
17699
18492
124557
4535
102423
55602
107200
87074
119478
22300
70322
58297
91751
70330
75325
102536
38767
5583
57585
106255
57412
127965
36758
87332
82991
29654
49039
604
32675
129224
83571
98200
8435
84933
93477
5967
26656
107562
82965
60097
89362
84686
32019
96193
125597
121406
92406
36386
123594
54432
91630
92532
11066
