0EJV2GI
T73SMKZ
6HDS04W
9S8L930
C8SSEW9
D1ZIHY8
UNMCJFL
FPG8INB
6GIUSED
65LLC0H
EBNBBHB
WFWJXE7
GMIIERD
T61YMHT
IAM7NFM
A6VDXY7
CHMO4AV
6TSAHJG
H1XR79R
3H5TQ8H
4H7OYTT
V96VDBW
R79FXEE
4NCBNF5
596AVTB
S0V7GLW
VWH8PN5
7P3W9VX
PWTVW3Y
0FUWW2E
4PS6I2G
JW08UMA
LSPQVJQ
SD84V4W
QWWJZ93
FD56NZZ
G056BOF
ZFFEWL1
K6L2CA2
GVLEMQ5
OW3DCVH
K0B6EAU
066Y4ZB
44U6CYY
LF689WS
OMGFMZH
NH8S32N
QK4V5PQ
0GFM2IR
JCVQGT5
WF4PLG1
0WZOGT4
P8UZDN5
JZ54O3A
TXS2NNU
XDG0FTJ
ICP9NUC
9IB9JZJ
EJBWT4A
O3IO4DI
MAJV8BS
ZTNACXR
DFBE7HQ
LISJMBI
DVDWF4D
9FHDP4T
BFXYK7V
60501O8
O2AF0PH
CY9Q80A
NCONY42
ONO5TY1
0ZQQ7BR
C88PSX6
Z7PJG99
RTKUJI2
RAQ03F6
FN0T7HL
L26OHPC
S1NUT5C
NHQ8AUM
MIZ9IYN
PDXMUHG
8UQ6EOF
U25GBNH
WM5OCK5
6S6688P
7NHS1VS
G47SGXH
NJ8YI6B
HIC918C
K6GR17T
KDBP7PD
DB7HWKQ
GK07U6F
PF3FJCH
9BLJWO5
NVSECAC
5KCP9YG
Y0R52YK
MRFQATF
NKTJ318
QQ5QUBT
8ZS8NAI
6H7Q496
3RVXOXL
G63NC20
0NMK1QE
AS8WHFM
OS7J981
Q6F5G7E
5A82FTN
4WCGR4H
BQWOQRL
1IYLGEM
N2D57GG
7T8VQC6
BQXVO5J
RXBLHDL
IC1RVSJ
Y1B29SF
KZ96FI7
NGFCZAC
MEVKRKF
U66VL4T
D9ZUQ3C
SXQ6RZM
IBO8YSB
V4R9LQ1
5ON6SRU
OQ83HF3
EEC3E9N
PBPQS0U
IPQBBGT
HKDOW7A
EG8EW1Z
IMLPYMK
FDYJ1J4
FQEXN8T
58BGPHM
67W4UPP
BXU6U1K
2WHKM9A
O8PPHP6
2ZFLUVB
7L9P4N1
6SXH3A1
6UOG61T
S2ORWBP
NBBPU4H
MUXRQIO
A6FKRQI
GAUWQGT
5U0Q1AL
NQ5NOOB
XFH053N
N63P314
1ABZ2F6
MUK1DVA
GPPX7RM
ZMDD6AM
K3OI8H4
NGHE2DA
MPTN3FI
SXKXC8M
6M3WNKZ
SK2FC9P
RGM7NAP
L5Q3OJO
8X3XM4X
FRNN8PV
WFXUFIY
B3AVU87
6BPEM8S
ISIAVBT
OXYKP23
LI6KO6B
DS74RD1
U1V0WRC
2TAQ8XD
5I5ZSRE
IW9U9WQ
55MV99D
2IMIA61
QT9S2AP
LDOLL1D
PCPAMPH
O4508T6
7ZGBD7A
1J9I6OG
ZYNOS2A
Z5EPG0S
IRMB4R4
WB0F3ED
VB8YL18
SRMDJ4K
9PRWECK
0UGCO6N
OUXY8KR
BEI2A1K
D6C9YS8
ZLP5COX
P3CKBH3
UY40473
S8N4GVH
B4TMR2W
WFG3QSH
XIWJRIG
GNWSORD
RE2NLVO
Z9IXRXD
K72CI0G
TF2QJU1
B0NOY3G
ZJ9EWMI
AQVTMU3
KN29TLF
1VV70UW
2397E2P
M4LRU6G
66YR5P0
K4WT11H
P43HKN4
Y44MIHX
2DEVLCR
F14VQRS
0V3C84U
BPL10M3
TURIUCH
V0U6RLO
MK99VNK
64H1YO0
7DNEKW0
IU3FTGD
D18D7ER
E3M3SQH
J05EFS5
YZXVSIB
H9ROHC4
6XN21T5
036LC5A
JZ7Y6BN
0Z97WDL
GYSNPZF
R829U3N
045WCOW
TK8VPBP
6JRYEGW
3NK0G0O
C8BN47P
MEOAUN8
0T73H9O
5QG3KXH
IWVQSRK
D5PCUOR
030FJWL
N6URRAJ
WXIEYL9
X3VMP8O
WBIZCTT
V7IW9JU
NMFQ4LZ
4FEEBLD
86AE5NA
4SCGLGH
PJRBG4O
RT79W5P
KLZZGME
JK0VV4C
PHS3RO4
GWK6Z8K
3DPWYS7
MH572SI
X7W4G81
ZV4JMWY
KX7XWC7
ZSPB7S9
OGNB2IB
VT5Y9UR
Y6FOV8G
EHID2T9
AS7LMBX
90WF3SC
65YMOOG
2PK6AU6
2HCFBXW
WNDS69D
AWJN1XB
TETWSU4
6H95BDO
BPUPDJ9
1H7PSEO
V1ZRIFQ
9FN4RWB
SAWZB8D
E5IXW9B
21CXGFJ
60M4JO2
CC4S82X
544KXKR
EIODL4R
1UJ3PJE
UZ109J0
DHPZ7Z3
KLFY7V6
GDK5M75
NM1GVCB
6E0PL2A
KV0FL6W
J1C5V8G
RGV4STQ
KHL7QL1
VS53PDB
5J5RZY1
1WA8ORU
9YYOL5P
HUUEA7H
30M9ACE
HV0M3JF
AID83HQ
LKTEM6K
CVD5EQ2
QO3R1WW
7K2YRF7
N85ZY5Y
ZNV4027
JAEGQCM
U0XJTX4
G6TM9F0
SLZ8UPT
U255IFB
E6ZWPSR
FUHXE51
Y83UPSI
OIPZ3ZL
09XHOBV
8RV4BNL
C7ASN7X
OVN1IBM
MM7TFG4
7ODVJJ9
86YTCA1
MHEFJZI
6NI9I22
ZD89W8I
O64CYLG
0F4FZ7S
MOYXJP2
P3U4F8F
7N2TDMB
7HV3ZOK
IBXFCNB
YCC5WAN
57R1JXU
BJ5L0J8
S0K9BHV
NUP1VBW
6P98NUK
XB8Y8UF
ZHND6BA
WG6OFM8
7F476MU
NE5QZ9W
3ZO1K4Q
CQR2S58
0TT1AS3
C2UV3IY
I26A3KJ
2AXFA8S
NBHDCA2
5MF6T2N
6L2LSLC
I4W7EF1
70TOZUK
6K7DIE3
Z91O288
QI54VJS
9YXC6L7
J06J4O8
AW4ZWYH
Q6WWUA7
6IWSPOG
HEHLIWC
SZVDL91
ESJ0954
QUNZK3D
84RWH2S
0FW2KA2
U4UJACR
LM1KUTF
Z3ZTXIV
GC2FZ0X
2WPV9JZ
9QDD112
O7BQM1E
7DN2HF4
HWVAD9J
F5GZWW0
361TWYR
9U83KK9
TTPCGBK
233HENT
MBLYFN4
SL766CI
OZOAOA1
4BR64NL
AFHZKZ4
ILG0HHO
95NJQRY
TJ9AU0Y
N49HYG2
JPFTN2U
IRS9UGE
0OVKRXH
AK45OIX
ZIKRLYS
4RBMC4A
ZF4HP1Y
EWGB2J6
JXRMM3V
U7NG9Q1
2UZVO11
3P4GYKV
5UH3PJS
2116M2P
6U4CZVJ
V3PPW63
Z3UDSJM
309300U
81O6NYQ
73871Z1
9PMSGOP
BOQ22KR
S6LJ48O
EEH1XFH
UBFMES4
CAH08MO
MDSRCE3
64SYZEA
SJQA79B
QB2QWEX
QP6ILRT
3ZYPF02
PAX8WM1
P6FHT6S
TD5J5YG
5YB6UVT
CECA23X
5DFS3JT
KPLC6CO
TYGROCP
K475QND
VM7UYNP
X4I9LQU
FPU45XM
30XPAQV
5MPVSEZ
2831E53
HHFOIQ7
1PWEDMC
HU0P7EB
46PTE8Q
YOXCMCE
92D2BKZ
XD0FGUS
QT8SN9O
E0PNS5H
8UNXT7Z
WKQS1CY
IYR5TD7
J1CNSUQ
AFN1H5Z
MRISIZL
ZX66NW8
BM57IV4
DTC0GX8
B1U6WO9
GUSV4TU
LGSE0XT
86EQFRO
17UOAQO
QM0W0JU
RCDHX93
O9M4H3J
2P7T8VF
4T6Y8V3
X2RTEMT
24ZS8RK
89YLOC3
PNE2GN2
RHYZO8U
XV4YHDN
S1KVQD3
EK7H8E9
JPHN13E
A7AKKCP
QRDKLP3
15D7P04
DR0T54Q
ZLQVWHM
9C3YN5B
A9X6NHJ
6IU795I
5ZG8K6P
OLS1BIV
OVTBXJ1
GJYPFZZ
F373N3U
5PJ96XT
Q77TFQ8
AK8BU0S
RJFASKD
7LEBAID
JVX5N3R
DEM3J7K
5CP6YAC
KZ31REU
ECXR33N
WCJETEE
GAC1YUW
C5IKXTD
O98VHAA
FG4S6OZ
00JI2HR
35YBE5Z
M04MS9Y
22UGCSL
QE4E012
EQXS8BC
G19AJ5O
T6OXX81
4RTB3UZ
XBH4ZIA
HTURTNC
T6AUE13
Q7946AZ
A8U1C1I
MAXEZB7
T4QPKNA
DPUR47X
DFUKTU6
LLHG8IW
AF1LZJU
MPBR9K9
GM5SL5U
X2Z117K
RHXPSVK
TX0H1SJ
GLOCVHF
F7JJ9QF
2WBO5D2
Y28A659
HH04EXV
VBTUVOG
YH439CT
9GS35ZQ
BR4WM73
7S9IFPA
B1JMK5C
V84H3AN
BGQ2OKF
7W1OXKD
7IRVFLQ
M7AVL48
WSTBYSF
9FKOC3Y
1DFACDL
NYN8V3K
VZ2STVW
VFI9T4Q
JK79W49
1SDRW3P
WY8AVLF
INU3TE6
MXNYPW7
RQGTK8E
L2Y2891
4IBBZZ8
5RHORGA
BI2IQ9L
KPZ13ZP
IRMOCH3
RUD2GQA
38LWA4A
JXATMID
4W61CFO
AXNSIKO
1FCORAA
RVI3P1D
YIUKGLA
YUWYTPZ
D75OUIB
J3ZW393
TKL56KM
SFTNFPO
3ZIHMAB
5SEEC50
NBMFQ8L
5LNUPWY
F2EKPD7
RUOGWWR
P426QXF
IWK15QP
AH5PLP1
DE8541P
3PHDQ2N
66N5FH2
IGLMEWQ
0E4Q11U
4XONV0Y
Q95Z0AD
85JR97V
ZBLCJD9
UDUCQUI
YCY9T8U
BSWRP77
ASM0OCG
LNR8TPH
W7Y9WJB
GT0Z9H3
4RIHQJ1
ZP2X7BA
ONEK9MP
0G40OZF
9LEHJAC
37BD5AN
EJRBLBN
VWV6L87
N085FOH
SRCAN0L
U7W9QIC
Y8GZRTV
KOWG3XL
6JFKYFC
UYY9HSY
8X7DKFD
XR0OTYU
2STIBOF
3DT9RE1
387K7VR
HUEKYL8
SXEQ255
7NQ0ZDX
RT1CUR1
479EZMX
Q02Z0TF
39D9ISN
V65EU54
2J3TIU5
QNITQCT
0BB9RM7
7DLMZ62
VZ61NEP
X5DH1A7
J9782NP
0DSEY5K
PREDIVT
DTYT144
H4J1KE0
0PM8LAA
6UZP0HA
O9NJESB
O3JNWYS
4AIUOE4
9TIXPUV
8DQTFJL
H08SWRJ
PDVHWGB
BW06SAK
61OJYM9
61OCEWJ
YSDMFH7
EUJEZ8Y
K6M2RU3
H8KUUII
3QPLMLT
8269PXB
2HOOBOK
2VLFHTJ
PMXBECT
J5SQTP3
GUINKM4
HWELIVG
JUJDEI0
67FDNAW
G671W63
QC9YNSX
NAJA5XL
M24LHTT
NA5AIBR
FZQG0WH
0OMRLUT
RU47DMK
SYX6MW5
FMUQIJH
W422RXR
8CPQFUC
OUIC982
X805CW7
M0PXBM1
IXD2NL6
2GRDSH1
OIE6UM4
0R1FOIC
ZGJL6ZM
NGZ9AF5
VEHFJBO
Q2QUJ1J
ROZJWXE
P62FRF7
MN262GL
WR6C9OB
899YXTO
MQ3AV6M
TNYPICY
0UVG34Z
3G6OSH8
G55VJOG
IURYPX8
AYL5XLE
XXQ7GJ6
FDNN9ST
0CH73Z4
3T9YDCS
3XV5V4V
2AJZ310
DA00E33
5LL3FSF
F385CVQ
J56HG13
VTB99QV
ME4PC7O
6N74FD0
ZVC5VHZ
HXQF6OV
UKTUHID
E31FGK4
PJ200LQ
J4SWVQF
W7ALSKD
T79QYKP
P51LUWT
6937OFX
J0FU5VK
KPNXXTB
Y7F06UM
YXEAUEB
E52Y1UY
FZWI2YU
7FQAANZ
QU5XTV2
FQP4BXF
IF2CNWJ
PBW3SE3
ZWN5AFD
NAXTRJ7
ASERRCB
RDXNSIW
0Q1TWSZ
T8HX4DN
UIC606O
6V7HV25
R5QH0IN
YXICBQC
T93VKFW
0TUU959
EXH71UF
OMFX51M
UJLQ2V4
5LPXIFS
PPAP6P6
0022QPR
X5OW5TR
U3TPOQ1
S13S1KF
5RO7RZG
OJTMX8Z
YF2JM68
8LV2MLJ
1KHK8N2
V3GFO7Y
HFJBEB5
MP0IMSC
N5JHWNB
FBE2QYO
RUA246L
W5L3MMD
XY3XMMQ
X3YOSOV
I34PRVI
0EAFN82
GZD1MIE
10UCT7J
90TFL5Z
YYJLIQ1
FPK01H4
E3961LX
05QLL9B
ZC122HP
F4UOEGB
1ZGHNXP
JV6P4G2
MS7NJ80
J8EEGO9
MW7ZHUS
BZ0R52O
VETM1QF
M8ZYS8D
OUH7OY2
KCTCYO9
AYAZ2NU
A2BYC33
YY5BNUX
AF3ELVW
G0CNQYX
6K2F0X0
7QLWC3H
0TJN0X0
K01RG7U
TQH43U2
YLY9VX5
N5IQF9V
WRDU6FN
VAU15A6
U2CTXJ6
47KH88R
6GUM0HL
HDI1482
VQ1WBAJ
48WPZQJ
CUUJBB3
9P7WD21
SC8DOXU
F4EOTAE
1WKMYOT
X3OC9JW
OD7J8B4
P1ZTHV6
8YBEKEA
2RD8RU6
0W194VI
D57HXHF
M8DJD8I
GGMQHXL
IWXJDP6
6H4CB50
YBUTPCS
3OKGX78
8P24JYC
UHJHX9O
3MN89L4
L78LE7F
T7BVPT2
MW7VSBF
IVCDW4G
ZTLT3U6
DDG7J8R
K41ZNFE
ONC2J89
2Z3PQ0R
5B8RNT7
TPRZ6KP
C00BUTL
865BH2D
KDG9OXE
6ELU1VU
K2TFQV8
D9FY5A7
WSMKNFR
9VPJRLN
NL57DYD
V6450N2
ZMMNH3O
HAICUI6
EPHELPE
2DOPP96
JJ2UCUX
X7JKB3M
DJ8C6Z9
B2M8ZOE
FXHM6QU
JIWK2P9
MGV6I3S
MYGYY3C
49V28PA
RON5AOD
GLEV62X
IO8KQZJ
5XH8JAN
EQMLOH4
WC7UOBF
FGVWWE1
AT7P26Z
ZIEWG2X
L3679GY
D9Q8J1Y
HYV72HW
CRC6TJK
6GOUBP3
RNTC2PI
TI9JMIB
B2KRNYJ
ECEJSAF
7SX1OEM
CREHSZT
3ZRVLG8
EEZLV0T
1O002JI
7AY8I0G
ZDMWE3D
UVOQXGQ
FO9RGP8
W6ORBO0
S9ETU1M
8281WUH
MERMR8V
WUW0WW4
AB0XVJH
KOV1UGA
UQTPQ2Y
9LBA32G
N7KT002
0QOL8DV
B2GQNMD
DNOSFI1
IXUKDBQ
1A9Z8UN
075M3RH
959J2LK
R79V81U
NLUFI1Z
BTPQFOB
P9T0I29
XM35V1G
RC7ITAC
KF02Z06
NJKXYKH
CRX3RQ6
W9UET5N
EQELOXM
