gwe
tRO
nuL
CuB
hGo
uAc
DXv
oWz
AUv
zhl
vsu
yoo
yyb
xkG
got
BOb
mWK
oPm
iWT
nSI
EKo
xUB
rRu
uN
rMt
dir
CWZ
Dhg
DfN
yyL
yqi
CmJ
CxB
oip
hoM
pWS
aWD
bux
vOB
wJD
jPU
gfr
wwD
wPg
xwR
syd
zmB
pxy
hbf
pDb
CGK
vVV
tpn
geM
iMQ
xaO
AxK
dWj
oEg
vPX
lUp
tIE
lBP
kTf
rGV
mCV
CEa
uHm
njD
yQX
gVl
ulo
iHt
nH
zNR
bfl
uGP
xit
lIB
mxl
dXu
eLT
qlY
tGe
xZi
nPU
jgK
dZN
aDK
AeS
ihb
tLN
ogt
dyp
lMf
hrV
AzM
svl
oHy
lGP
aBL
tFT
rLD
hbC
AXq
Eui
dga
lkd
xAQ
CrS
nPG
AVi
ufr
tpp
dcm
mYw
zFN
ioZ
AFZ
mhC
CgZ
iKl
jEN
xbi
aHg
kao
sTX
pBs
sVQ
pQb
KL
iHi
tLb
pWR
off
MX
mUP
eAz
kTI
myX
CbQ
jYa
riN
wjN
rfX
tLV
jUK
DSD
pUF
zNy
Esu
pCE
kNG
zIy
oly
nTa
xxb
wrW
aUR
eLD
AGf
ggA
sxB
wkV
cHd
hfz
jhJ
hsi
iKS
mYh
uAG
HZ
wmw
gir
jzG
gWk
fhX
EpA
gjz
rDo
tJt
sXj
xyr
yTc
yLC
aFQ
pYT
eqb
vyT
rgT
loH
hsS
olX
esq
ydM
yNb
xgJ
FXz
AFb
sUQ
tIT
hqA
Abi
kvO
pyC
sYn
ohk
fhO
jRE
FBr
Bsf
oDE
wrL
Coy
dkb
pio
qPq
FFO
baF
jwN
EMI
aeb
GfV
ePX
foX
mYk
fin
zhP
zEv
sUg
mUF
hNB
agb
Aay
AfK
liD
tPZ
reb
ojx
FaU
ssN
EMw
kqt
bzm
Ewq
eKY
hkA
jBJ
vcT
qrC
hpO
dcA
zGj
eyK
lWW
oCH
qRp
ijQ
dzE
riV
kJt
cJd
dGw
nMd
CIp
kKn
znf
mXF
wjb
EQk
xCh
gVt
uXp
uUK
xzX
hQn
jbq
qRl
Bck
AXm
Dke
ziw
CIv
sWz
DSG
cMD
ctw
bug
bau
iiA
DfM
lgc
zrY
xDk
cLj
mhe
vPB
dZm
jkB
Jd
dzF
EBA
CGg
git
qrW
bub
osL
tHc
CCO
sQh
EXG
yNg
wqu
pAk
jxo
BtB
syX
FfX
rho
Aar
agD
cLc
xfh
iiB
nvs
tPg
oWC
DcI
ohL
lJJ
azC
wZt
mzi
pvw
zEH
dER
pOH
hvh
woD
flY
ooX
pBa
myM
bWE
jBw
AYc
coY
dHD
Dcm
FEK
gxL
ebO
FjF
jYV
mBn
edX
kuA
deu
vBf
dbT
fsE
rmG
dEE
fIO
zFQ
jyo
CqR
vTs
hvu
Gn
DhZ
DQL
mSG
nse
iZk
oWE
zsd
bNt
otg
kSs
Abc
iYL
nPE
ojc
rDz
olo
mVY
oAr
mYY
zNh
pUm
psO
qmq
Ddo
xlc
EKT
AFG
bAh
GZ
DTH
ukx
iEQ
DhI
sfh
bbQ
dGI
wjY
DVd
wFF
FZD
vSe
jix
gZR
yce
kPS
iCv
wFW
ckP
dll
euh
zjt
EQj
sgd
sQB
ELl
bQm
sxT
uih
cLq
eOW
kMw
kza
DUP
bxA
tjR
wKu
htF
oLb
qsD
Eiu
Eut
xYg
aBx
CEg
myR
eNa
rVk
aGY
gBC
DhG
sOz
nIS
yVD
dEr
jnj
gwb
qlH
vbX
wme
Exz
xDt
lEL
lKI
jwr
sef
fHl
DSf
sSL
qSM
xDp
lji
jBL
CKW
FHR
eNZ
cKJ
FYA
AFa
DZV
vAl
mXY
cOe
yMs
sPw
pYf
ycm
kuG
uBX
vtQ
diB
ghB
xef
mSI
vrG
fwh
BOs
vVf
byx
fmb
yVm
nOW
HD
Bcg
gbI
AEQ
dxm
mCO
pgc
DEV
Aba
FoX
Abd
hSr
DiF
umI
kti
hQH
aFq
alA
dcK
nKA
wNN
kxo
fsI
qRf
GgO
kvu
Aax
jwE
jXx
FZG
hze
yQE
nAh
gXf
hrX
frq
tPV
pXr
BrW
dxF
hxf
uGg
Ddg
bxb
dld
Ri
xco
jxn
haN
oCM
BvR
Dbc
CZe
kpE
BrD
hSY
eUv
eNk
Ebv
bBC
bSB
sxd
oZE
tHJ
Brq
zrO
uie
uHX
CDR
ikf
kxB
DYo
Bcr
ENM
kPF
Azc
svS
AXn
pYv
fHb
bwl
puB
Fhy
DZX
gaq
DWO
AYh
vFe
bdz
mha
kwZ
wHt
CkU
ABK
ycF
CLD
tGB
yMh
lkF
tng
rZW
dyR
ZZ
wqO
aYs
zGn
dgJ
ytK
lYx
ExA
xVK
Azh
iFR
udn
zoZ
mAP
hbd
xST
DAU
yQZ
wIf
iLi
pdV
pPK
aly
nSF
CFd
znJ
Bzz
sYd
pdt
jZG
DBB
dGo
rkR
hsh
dcZ
zZE
eUS
jfE
esi
lFO
onY
ubU
FFP
ADQ
dlb
DCY
ptD
DcE
uDu
aCg
FII
DXx
fKg
nsa
gFK
chQ
dgp
CZE
acG
xYA
Duy
oEl
cmB
gCR
GdI
Dvj
aAW
vPO
xjF
FXD
liT
uBY
zDr
rdj
Azs
iqi
AGj
ktU
inM
PS
yPA
oeU
nqq
dBn
jWG
AaB
DYD
iJU
yyk
AcI
hwA
DyN
qly
dGf
ypG
lnQ
lol
mUu
gbZ
anm
bSd
DRz
gdI
wIc
DTN
pcw
ptT
rXW
ugf
hVf
huJ
aib
csI
rXE
gUb
eUm
CpS
kRA
Bwa
vOP
nOr
lIA
imc
CoI
nSt
pbd
jCm
eyp
ENg
AAB
dkM
wJh
uzV
mTk
DTZ
gjq
ERv
gSI
bKx
fNU
zDw
dep
sUW
cPR
mVD
erQ
nSk
AiP
DeU
oma
yMt
AgD
eRN
iYR
etC
zsb
olw
kRf
hML
hST
mtX
nNF
loM
ulA
mXa
bUu
lgi
vQQ
pRe
tny
dFR
qLZ
yRt
qPY
mPi
lkg
ucA
wEP
gso
lJA
xZw
AeU
ADq
wmj
acV
uBt
den
szM
uAQ
DiS
ySS
cKz
ADo
agl
lKp
rWE
aCw
xHH
mbd
FmU
eOn
gbW
pUC
huf
eQX
Or
BLs
DUM
qvJ
tGp
dGQ
kvC
yzM
riy
sPh
wlu
LK
swC
BSy
oJY
oZn
nAz
qPr
eSt
kss
bvr
gEo
npF
dVd
jjp
dCf
dge
wME
xxh
tKk
dEm
aWK
yxH
ADu
bdx
EPR
AdA
yrz
tMH
gcY
fKF
afx
crW
lpQ
FLR
zna
mBI
tjI
xlh
vdq
ytZ
fsv
nRv
Cqh
eaU
sae
ptj
BKh
lkw
dYc
dkW
EnO
Bvo
kvj
oAz
uIP
fMd
iGM
pam
ikW
qRI
bfq
ooI
fEv
zlW
lnu
uZo
Aex
eVp
xhY
Abv
phf
ufa
nnS
hTS
mXG
qpT
cFf
wru
ysa
wax
gdO
DSZ
diI
FKr
tmQ
FiH
hcp
exD
vQM
zom
FFA
mhO
eQE
lJy
qIt
lKT
xbh
qOl
nPa
nKY
gEZ
FKE
ewp
evN
nNM
nsV
nrg
nvg
vAo
sQT
BOy
oYX
vVx
Gfo
jbj
fIr
bUR
zjg
sdG
GaZ
BRI
Gby
puy
hKD
Ecj
cPD
pXB
GG
ctS
aIl
mem
ebd
DbL
CpK
nQg
ktL
nvZ
ELz
ySY
aHC
CZq
jZA
lqh
yuk
xAe
CZd
yoT
ghl
kqp
iHS
pYC
AFc
gTJ
DAD
pwZ
zMI
BTg
nIu
rDU
aCz
eUW
uhs
nlZ
rjL
CkF
zEM
kQz
CIP
xdc
yLY
ijf
FIQ
kMk
Gad
FGu
zLr
ddB
gTn
tLx
hNv
vIw
bRb
uWd
swy
uWp
ciY
gCd
nOy
efh
ypk
EmS
srK
ydO
fFR
jZR
sOQ
uAf
xCk
cjr
FYL
DCZ
seF
sVg
mSH
xAa
pyz
rir
htk
ENN
pbS
jcW
vAL
dfg
vrV
kOl
Dzg
gFA
yrS
nPM
mWb
mhN
tGW
svs
ErZ
ebK
bxY
wIB
kSS
yxC
sVy
jvd
jiU
xCH
kSj
sdx
yOJ
wqI
jWD
ASD
kOP
sXT
FKl
dAG
fkN
mXx
nsh
xVV
zDX
mfQ
AbO
dDO
DFg
dfh
uZE
eNi
xed
cNT
ATN
pwo
hbr
ihF
DgU
xcu
oeF
xDv
aXo
tMR
kod
gjk
xFE
cOA
CLZ
ezy
Byn
rdB
CHy
AXp
wGI
pzo
FfO
dei
rgM
tKE
DhT
sVJ
pwh
DDy
cFZ
mzD
rkj
ssD
Afl
Cps
cjZ
hNG
BrP
ATF
Cnc
gYU
kTh
yyC
rrB
sAA
rHL
sxS
Dlz
iLL
aYb
CDU
eqN
trO
uDH
Cgw
aml
cLb
gji
eWh
FJP
oYQ
sXV
gFm
uXJ
gXj
BJS
gkO
sOF
Eai
qqB
xTz
wjM
dlV
hpR
gbx
CiK
vPL
swp
sBW
hUJ
seT
AeL
mxe
cIj
yTY
ybA
fsl
DyO
zLL
AXC
rlA
fNN
DvD
dkt
DTq
ggZ
sNW
dji
lHU
iEB
ksI
MA
zjx
kyd
DpN
BaT
dGj
rBN
dlW
meF
sUo
CYs
FJh
yuu
jTk
eMf
gxd
oEn
CYE
jzh
BMu
CjW
gFt
jaE
ipf
DTr
BTw
fLJ
FHc
dZz
rdA
Bsi
sAs
hpx
oHC
qMH
xWD
EoT
tvp
qsZ
gWX
BOJ
puh
wFz
opg
EOm
uzB
akt
yyR
DDk
EUO
iFq
yvy
oBH
BSs
oAy
fHL
qOj
bMR
CiR
oXD
uBS
mCE
wIu
FHi
mdN
mbs
CqX
CDX
ooq
aIs
Chk
CCk
lid
wbk
Mq
fjr
bUE
koa
wHa
iqQ
rXr
jvk
jfo
toK
uWB
dGU
azY
eVo
jDj
Abo
xhj
mDa
DAi
ypz
psQ
mdM
Bcf
Akd
ELm
eLP
bxf
Acz
dXd
xXv
uFH
ePQ
foq
mQw
sLB
yyX
fFr
EKK
knt
qrV
uyY
Ddf
Byi
uee
xgN
hvD
hOu
BSE
BMT
ecX
bOl
ksL
Bcu
pQh
xZe
gfX
kMn
byz
vvd
xEH
jEw
FJk
hVj
BLV
bOn
csB
AgT
ggR
pAs
ByA
wOY
AgF
ezP
CgT
CBw
AVJ
cpt
lIY
trl
gbQ
iFg
iiW
mwq
CIx
Nm
bbT
vqt
vRl
bVs
kOk
qmg
jTB
wEA
iDD
Awx
vrH
vVA
xjO
sda
ntG
hQJ
lih
zHQ
gGg
dXw
rFF
yRa
jZd
CDT
sTl
mEB
eLJ
dTD
bsc
znM
igI
mCD
Eaz
myC
mfw
tjY
tqc
qRG
Ki
rFX
xDB
hbY
zZH
akn
kMC
CIc
Acr
iLT
vwe
Mm
zpe
aCb
lKA
Bqw
sbv
rfK
puo
jVt
rnD
fqy
ypf
DcH
lhx
DUt
baD
uEZ
rkn
ERN
seK
mZQ
kbw
gfp
aXb
yvn
zNr
qJq
gax
hxK
jYj
Cos
cHX
iic
mfI
hTt
xXh
zDB
GcM
AUz
pdd
zHT
lHz
nNv
okM
nKe
fFv
edo
lXN
dmh
vwB
yuA
gGa
yvJ
dcd
hVb
zHo
nQQ
ikt
pUe
iHo
rVN
sbx
ERC
fND
ahk
jcz
fqi
eaV
kma
vtD
ueS
AfB
ggf
fOy
Adf
fHG
iiX
xjE
zJb
fhe
Afz
xEk
xXY
dyx
nQF
qtj
Bsc
pgs
EmW
xWC
cHZ
AVP
nrP
pZm
cjS
lXE
pxO
xVM
vMM
xcx
tQd
tsb
GhN
pcK
qme
mzM
jWE
vuu
tqh
eJL
Aix
lES
fKV
eVV
eWe
dHh
dDd
kTw
uec
jYD
eqY
wpT
eRe
FJg
tMm
ooT
Fkw
BUf
Bpd
sfB
DSo
Eus
bWv
ddH
ubQ
FZd
dzc
sAW
eyV
zoR
jSr
rfR
vWL
BrH
qwS
pXs
zaa
uUV
seG
hrl
cHO
ePE
EOx
ayV
del
dkD
iHp
uPx
bxK
diR
hRp
yTg
Akq
BMS
Ebm
sXi
djE
wnw
vyC
bVp
fIp
knS
GbW
kpc
ssa
pfl
beG
BrI
ptZ
DxT
rfG
sXr
vaw
vuJ
ywA
xTO
qsE
jUD
cPt
cst
qLl
sxM
rds
qur
zhJ
fEM
kLg
pYh
EKA
gFU
irx
rFu
kvQ
Btu
dfv
iGP
qvb
iJe
nwA
BQw
tKg
eTH
oWG
etM
atV
tHS
enF
vrL
zPb
iMV
CKe
Ddw
xjI
zNN
xAX
geb
lKG
mdE
vzo
xye
yQj
EQr
Esa
CKV
AfF
CCF
jSC
kUi
gyD
eQs
wKz
oIY
sro
qOb
ARZ
zHu
rYx
adH
evm
sPK
suU
DCn
sqk
bbr
ilk
lnO
cne
yUn
zLo
oKM
AAs
fLt
uVn
xze
fpR
gVr
jzT
Buz
qsz
EHx
rkO
ddF
Cpl
nwU
sQU
Axr
nsJ
hpo
xfI
ckO
buh
szt
wkg
xAd
uzn
fmX
gfn
aev
edb
hty
ohY
qIn
Gaw
zJY
gFR
uZd
Gbl
pvh
byd
wdP
iLF
oGL
aIm
pwK
vuR
afZ
gdr
nrz
oDp
jeV
pWz
kRZ
vOU
hvv
xBv
bza
gkH
pew
oXv
wnt
hKI
CmP
btP
sWI
yNa
aWS
Deq
FjY
syw
kiD
gju
vSq
gFb
gWZ
ptS
yab
cKx
afh
AVE
sPb
xZb
cNk
sSj
aFM
QM
jaS
DWo
gEc
deJ
ghb
gUF
qLs
vWZ
pai
BoS
gWh
wJF
ywb
uHx
FXt
FCF
MJ
AiO
ziQ
lkT
nol
aBc
pwy
BJ
fsh
nno
gAI
gDY
vRi
EaR
gVy
kQT
yMQ
HX
ciT
bsx
iJM
xdF
afu
yac
Byk
AhL
ELR
tlN
mWe
vUl
wlt
imj
jwb
kJG
vTa
uYe
DTM
NM
vMG
wni
oHp
pOX
oKS
Eqn
vXb
qOs
xVF
kML
jTZ
zjw
mui
inG
Fom
BLO
yQm
mCr
aXl
mxJ
zNl
bWV
BOY
iFV
hvo
bsn
bVY
eqm
dCZ
Flu
mEn
oiQ
yxe
CFA
wne
aAJ
vWw
jTd
xwK
amv
Fhc
baw
rWk
vRe
AbX
phd
rhK
hwv
bAt
qQI
bun
Cyk
vtN
DgH
Djc
cFY
rhc
Mf
uzl
hcZ
xAr
lXT
vAz
Ld
DcP
cpD
trQ
wsu
pTI
byi
DDQ
BQh
kSE
BQg
pgg
oCu
fjc
eQD
qqQ
gcI
yvw
sQn
Ffq
dVl
pyK
csl
nrD
qQV
eWp
yxc
fIY
fnN
Ahe
rGP
lim
jey
eur
BTX
zDM
trJ
FXH
jYt
akY
aYv
ooV
FXv
uBI
Fmm
pSB
yuC
GeV
xiC
gXU
sRk
AYp
bbW
diZ
rna
xfG
Ln
xGe
aDW
suD
hLE
fle
gyp
cLP
Aes
zOi
AZK
zFl
ewK
DcW
wpQ
hvY
uBl
GbY
ywi
ueh
kJm
lmz
aVn
vQu
aia
Fnk
sVD
Dgv
BbJ
gea
bOc
ksh
BaL
BvT
kNR
CKG
Ebq
mSb
ljD
bRY
ljA
zhL
iDd
BsB
AaL
dDq
FJR
cnZ
sbb
uVr
CmC
jfU
mZu
gEB
Dbw
eUs
csZ
hbl
mhr
fiU
yrl
xxY
gBM
DAm
pQL
inj
DcJ
iEZ
mib
geo
rhW
aVK
ksc
FHX
Aet
ahx
djm
yxl
ljc
vuD
oKU
Fal
igS
foZ
koo
aAD
AAx
pBk
gXT
gXX
Chn
ghF
fid
lpH
pwq
Hi
rkY
