18582
85926
29940
61852
56222
17820
57241
35504
93608
13386
23775
5963
33823
6225
57590
62966
14203
90145
69408
82649
60857
48034
72748
52243
62819
5593
81979
4402
82534
33316
94329
18414
71189
52468
88909
81001
89297
72064
62476
54164
97002
79092
16344
8000
33877
76877
39342
73084
8152
47975
41561
83971
39221
28159
60404
57829
68137
44900
67127
8099
21764
37105
66342
95446
16044
39838
19983
28905
58975
78473
56578
55446
26491
6293
97159
62486
75084
68281
82947
43219
93650
28013
44349
7307
17541
39787
91422
94293
94645
16972
57521
28493
63775
82339
46881
86529
10460
64527
31
75478
42394
28310
47326
10274
9515
76923
94677
32883
1353
3970
50760
95257
67969
24315
17334
3924
64974
13446
58736
87924
23474
3883
88124
97221
46570
24443
1099
77422
31357
11817
6951
91837
17527
29903
65051
92072
24037
54712
80564
19775
62993
9061
47101
21123
77162
48614
98052
38315
87718
50983
62674
33350
32334
55554
47468
43394
13020
63056
35371
1954
73555
52209
74566
57550
66084
46596
22715
92993
63791
10776
51181
8629
4145
6614
2046
89859
29806
80763
26932
95801
45312
91012
4821
2936
84400
79649
67976
98234
77058
21089
76017
14708
81763
40479
28373
60988
79658
9121
91053
3969
53114
14729
69050
44870
95384
7103
86179
29556
16492
95635
96279
11854
17303
3440
4589
11026
91809
28414
30375
72547
38034
21963
39375
50462
82684
7203
3684
7230
22105
37652
3013
23608
99026
57918
97484
34300
11994
4060
74024
11643
95821
30368
84638
46092
9159
822
48004
76851
66364
68667
43527
25318
85259
77035
50044
90067
88477
74105
96548
81144
65801
11861
15129
16232
37514
36978
64308
59418
3564
5888
50255
64583
23739
46192
33824
52239
37029
51416
27598
76374
49958
52083
11552
27054
94127
70818
68501
50177
49950
37860
35294
82658
47548
82341
61163
7997
69668
22442
89418
30726
84605
45783
31260
24283
45839
62322
56844
62512
26975
73118
6359
85014
14309
95941
7540
97629
69501
4629
93852
50500
63512
77100
81962
37275
26665
25762
4989
88697
28138
12160
5979
53369
49846
35012
50777
79993
51113
76289
66071
94027
48966
79849
97765
46350
88533
32254
39210
45126
71743
31913
95479
13127
3658
25485
11193
1859
13621
77377
29478
48230
79207
11615
51555
64818
92105
68301
12549
66378
28855
92857
38913
10469
46661
67220
81396
57262
50408
11290
90635
12371
51211
55583
17746
8627
27228
6481
37756
31023
15534
47828
28410
4579
76567
49211
82690
30640
96686
56867
46569
79296
3460
37426
35464
40106
37068
38866
32748
97396
19934
49265
58946
74958
28121
5738
93812
57772
82460
54915
27910
98465
62787
38048
2270
66278
91924
65622
48671
71131
2492
19452
53788
61706
42245
21305
62313
85378
44182
57423
67924
20694
4483
66032
99066
69395
17220
51410
78084
56141
39020
79564
62793
86617
45768
3448
56929
6811
93788
87657
36074
5701
64354
98607
95860
51931
48738
62247
98263
83343
11091
47480
55472
67128
62052
73930
35399
84487
59451
81358
99017
51409
7834
43505
38736
1141
24465
11521
36353
50075
52485
28214
49714
54890
4982
98102
55858
74219
13221
91337
26086
38429
69158
2471
68867
17461
53260
53895
17467
38386
25659
91671
20004
74950
98515
36096
29395
35572
45175
52917
87848
11198
19051
58270
10463
22631
281
84539
55988
13666
44512
12275
45841
5077
27152
24938
27816
10693
84841
75580
51444
87463
24956
42152
99240
62083
71522
27098
81422
7102
67305
69144
52254
17090
52948
68810
95712
30629
2343
46286
83507
92485
13904
74257
95200
99415
58246
67490
18649
47002
24719
39133
76849
82190
50244
32953
58409
57664
29014
59942
38014
39530
56211
23577
22139
44051
55035
32709
75439
2061
98483
1463
51841
41651
39292
61635
1803
79636
49147
61458
5299
12463
76147
31411
38353
23172
43625
27006
16765
98068
80192
44249
81159
50468
36405
26675
68625
99908
22729
77346
20479
37798
97566
81852
85106
17297
93742
91071
79160
3041
26016
28407
21356
84497
26565
50018
48179
19490
25978
50267
78853
93944
59297
72916
32985
17069
81919
72320
82833
43875
41176
83251
4000
36196
53525
97514
35493
45607
15010
34963
35444
97508
5706
69308
13219
65958
32217
14630
86939
9161
72379
64347
94533
88409
91828
38226
78292
37200
58494
95235
1
49125
38279
82572
9946
63428
85292
80864
22039
48771
15894
24118
28442
90548
18482
99229
25787
89594
31057
29852
5662
85670
50320
87730
78690
95134
92816
22800
30460
67718
87255
44198
87223
95169
59257
3607
82100
81821
90680
46101
60207
27997
37204
11336
99556
43412
70968
65614
30631
13538
83234
27779
5153
54005
9032
56846
76634
52934
24976
36161
11501
78821
58883
47907
88073
92788
27824
3690
19077
92324
52693
93026
22465
31730
2450
38842
43312
23786
99605
83952
98722
56010
59204
45087
83352
43796
71231
49444
50584
43817
84173
95127
72924
29390
54054
34250
58177
97729
15867
47451
60963
61367
19315
99126
15015
59699
54723
94446
58393
50096
29516
40389
20921
64642
18286
46420
34217
15646
5223
48615
21939
57075
28539
33220
90996
24931
94494
76952
43047
63749
97683
13680
83934
77070
25064
33236
60440
35875
77229
49065
25743
65569
81342
23847
86163
89501
31375
64438
15016
71170
59097
18112
70355
50570
94203
6950
28204
16814
59029
37737
56151
29589
17982
49812
25649
42089
44490
3548
91738
69683
23976
5527
12042
10660
84273
49720
74939
2013
45082
57667
1932
48955
20386
51118
59199
56890
35964
47970
51041
35167
21968
60405
50234
53422
89816
31361
4619
81868
99186
51071
52085
73544
18740
80859
14791
4177
85540
13655
89766
98150
97272
85549
67789
35182
95622
16052
37261
31132
73754
32006
85253
99090
6899
59799
76280
70501
76588
23806
29982
68995
87785
94540
14608
92253
26956
62101
7654
39003
58083
27920
5459
40902
40930
29839
74233
75894
93133
16114
45315
81656
35847
55353
20172
79273
13085
40423
69445
56809
9709
32733
26632
47734
59741
44262
41116
40214
61980
25481
77990
50485
48081
17434
26365
35662
24614
94024
64296
41909
91581
52575
44953
71574
86686
74938
2040
57651
28271
35790
83876
5840
65337
74867
16803
90940
10556
73899
54930
39394
64510
39076
12924
41261
86828
41197
93060
27335
43586
1311
84355
24035
43321
70343
73927
71330
13931
63941
25053
64344
47953
52051
27331
57415
55337
78070
81531
47245
58573
34177
22922
95046
81784
10920
48567
1843
43676
92914
55621
33663
38673
74818
11601
800
85681
70646
35681
83421
27434
70017
16530
58055
13387
64947
87906
47711
34186
92137
63751
35881
60058
69757
96031
45502
46141
23654
75103
1876
246
45448
89135
6647
54397
3054
66588
6977
85202
12926
96699
41287
94777
3280
3427
21811
6007
75674
14131
50340
48994
16118
55220
84039
1201
32578
14401
41730
57335
31546
97800
26863
27675
92141
33607
78630
20732
98774
68535
23459
19790
82184
7345
19574
22890
1727
75664
23884
6835
37457
12607
70340
34275
44355
56500
45232
75356
27120
39426
32512
71525
19056
79717
51145
38832
18379
1805
30140
94565
22714
20782
6283
37435
42917
63085
79698
64014
15112
67185
32722
70089
41430
5241
36330
3066
23495
49634
83632
1720
11070
56343
24899
4207
77594
12154
99244
2192
64603
46211
49559
35027
56985
95841
20817
30969
38388
14239
71341
12866
56741
17195
61550
14629
21081
44566
92730
21848
64230
19520
54484
16175
46713
57260
64826
36805
91868
11454
27479
93109
76829
42404
6496
74489
66169
93668
68894
69746
32022
73589
61786
69146
4651
93643
18993
44085
26608
25051
64924
56761
4797
89838
69218
28009
39357
59807
47985
27553
84519
1927
77643
87943
80158
65671
50633
76866
5126
18547
85781
74274
44138
55161
7428
58428
95207
45377
70935
49212
80427
30448
67036
97358
32721
53184
81393
14371
25867
89512
50662
4686
91089
49776
84071
98618
48694
61261
36251
44673
77538
50769
902
2136
98625
74849
14590
39438
83510
43507
52921
42780
69650
7871
29622
24359
38257
79519
88778
78714
88560
63268
7458
53887
79123
63134
80114
34001
95927
27500
83571
9266
30737
38475
80147
38021
68911
44945
48313
62610
19316
98692
36960
72172
65146
53566
2399
83652
66102
98522
68048
6828
62460
58806
37351
36339
98207
52289
41255
16825
48360
1894
33012
45553
39462
69833
71841
52415
25554
27716
43995
13970
2738
28543
75563
50396
70514
43646
81775
7076
69787
97129
170
16109
58919
19744
81041
3204
56635
81300
90113
11769
79616
42992
31716
84939
1685
68669
53662
52733
48698
92783
22367
91724
68527
98309
98974
6815
27155
97075
25348
50205
79414
55643
35337
46739
62990
35716
85100
81668
7316
4567
35684
71593
678
69436
59759
13086
4005
57051
28608
11022
75600
82368
18809
81479
29977
90023
63045
28739
88250
36231
18388
76736
97551
44166
4637
16033
67410
83443
86720
42193
17001
79864
3744
94706
53944
77062
81908
74083
30825
72827
50284
73783
7956
42018
31464
95786
1820
36708
55425
48600
23452
20847
74133
43371
49338
63057
58962
77457
14742
52758
50460
54871
34682
4080
21349
85415
38081
49681
13084
53375
48210
94043
40726
47628
93354
65308
58310
66726
54217
82747
1780
86679
1174
92797
75283
3281
83812
69016
87375
4923
51526
51718
7343
78345
98148
27584
11941
83982
75078
68653
10261
27699
24759
49926
43630
53411
50259
81711
68875
60156
16503
69671
27249
85283
10757
35013
70775
52345
53048
95901
56574
86691
84952
34172
1928
56814
16210
31688
69202
87440
52532
98950
52076
24717
41035
50918
73857
487
46867
75348
64311
37666
67822
8932
60531
24316
88243
20998
31248
24930
98297
90782
59907
1838
91635
65270
14255
19835
73522
1014
20455
90298
90106
40023
65904
58183
66124
1444
46364
38644
41243
59612
32166
45698
21235
6052
81889
71657
60146
58762
45476
75481
18252
99766
72427
28693
74767
46827
32980
74303
88266
13945
66749
59896
34072
36854
13654
80150
87684
77770
93824
30740
79377
12820
71869
37046
57583
67647
92123
72242
68468
63561
66352
50883
84019
44860
89054
85337
12311
42033
67945
70808
86800
67732
32391
7580
90080
33385
46926
88724
70965
50655
95600
81275
592
51468
81201
22836
31258
34669
57984
90895
36695
69704
56630
78828
27833
30389
39205
16789
788
13027
77417
61809
87321
75866
31149
49509
8456
52016
82016
22628
79762
90716
97169
32668
95755
4049
35391
74134
7561
62543
36739
55216
566
49772
10105
46032
94020
55171
17822
92032
51659
41991
25819
81301
24623
70432
63519
21961
52225
8718
57532
92616
56994
26408
37005
24883
50509
63484
70658
26637
90289
51065
97191
46832
72979
42279
9282
12784
89145
54505
29938
93967
15604
5230
27524
18317
53322
64864
97852
27626
88412
57721
6251
75534
56352
6034
72349
65570
79730
34540
11107
12196
79828
64580
84544
35247
89617
737
4410
13811
78829
40833
26559
53457
5748
61150
37104
83059
54544
84258
7147
69184
51090
91984
94783
87622
98180
89040
76481
33698
96626
30301
82622
55774
4474
84622
78476
82765
4856
83392
84324
95333
97314
22290
43063
34105
69079
62259
92028
95260
22666
96536
28186
42594
27212
53035
96161
42398
68111
73521
53093
51412
88926
29203
50090
18724
5612
80477
406
78875
88103
85514
93932
53644
17889
83124
78308
88691
97369
89701
52689
36415
63744
44076
69362
42647
50597
45734
81755
63349
18147
22576
49978
57071
62303
94102
5118
31270
95299
25180
98966
1234
6333
32640
64302
93253
30105
36312
44770
98413
1328
88810
29144
9971
801
34397
58317
23612
59331
60567
63395
54884
7287
92623
16063
64448
30022
68801
14311
7966
46609
94146
49800
33592
95084
1849
50844
30590
44645
95195
93536
45948
36821
95517
2342
67817
86667
59695
12352
46917
13201
36583
36825
225
21219
66675
46378
6099
78990
82803
62899
67567
94113
47331
42281
28987
8467
15915
28109
78386
5806
17254
71604
26153
80448
11251
47324
49957
89299
15946
88100
18022
48720
49866
11905
34879
32482
54183
33424
21781
73847
98893
78903
15910
71655
90355
71424
29971
58029
75547
10113
4661
46787
41993
1873
8225
57557
39115
61574
38874
73539
13034
47984
73372
60004
89941
65573
41438
35445
61975
4198
88056
1595
18247
19461
38470
40256
9426
11019
9029
20121
86380
84015
51656
93999
43601
11565
85746
64569
17660
49145
40042
70631
27146
54417
60932
19204
69090
99598
44758
13636
13436
43604
24459
53290
20919
70731
35320
44820
68154
37799
84721
92120
68068
38333
43141
12624
92340
16609
97719
67605
56362
99546
51424
69485
39434
39767
21737
62633
4241
51551
14933
97238
7145
11472
58613
68316
49721
41316
5953
20687
6551
36686
69523
64307
64706
43810
11065
61098
45338
37637
85725
36857
24104
18188
24275
74213
13194
96582
8753
28097
23000
95241
60111
88097
10433
40236
76177
15192
99775
57740
82399
38087
3034
41474
10152
45374
40571
63836
69979
41100
60399
59953
87446
48841
6451
36234
82715
95877
70981
50068
18955
77789
63254
11463
11837
4641
51092
23845
27062
37725
15069
75762
82908
52211
8920
15730
1284
16974
61500
74804
17060
77874
97230
14784
27850
2365
72092
64258
39480
6687
13598
95904
85520
52308
65398
42247
35210
67850
69245
42340
80401
37508
10312
536
43635
55692
56801
77992
28955
89188
60522
70900
21710
96964
3480
73672
602
67668
19308
15657
16498
75509
97788
89901
96739
67404
19716
16678
51713
28544
13021
533
67228
87325
86964
37661
4020
44992
80329
16179
96714
37689
30817
58448
98092
54243
69858
14228
21953
2321
32353
75827
77398
37648
77885
1979
83458
92765
79125
2477
98016
5032
42260
50736
90629
12999
67904
58710
8151
79357
39016
81920
36310
23989
7377
45819
49936
57954
35647
96826
16119
91324
32322
29258
32195
56380
63998
93563
73218
49439
67221
23642
26652
96410
17377
72136
36932
49387
4615
37089
29208
26796
29327
97885
4138
74464
59668
21447
1972
83663
36271
32522
15290
33757
84344
77287
71001
69293
6233
9986
33643
35040
24159
71756
96816
12288
37045
34550
67168
98001
59744
85841
89455
77541
92348
23792
89470
11169
44436
93003
98803
40090
86127
40975
45631
18985
19997
90562
66431
78510
60069
75799
57147
41501
40602
44521
43907
36411
9629
48074
30848
54458
28277
33258
96069
31737
75886
17306
82717
60324
38501
38355
1055
66672
38395
87833
34003
45172
9419
55120
5544
8032
45797
32630
1676
37470
80152
54904
17094
80115
85973
35496
78675
973
1899
36907
71837
69319
24420
3317
25592
6442
77129
44287
74376
9952
32280
7295
95313
93158
1742
33693
99782
38708
8505
32046
16620
81425
57236
36627
41251
95469
43923
73771
6028
32683
50283
77880
54568
78947
55367
726
21667
25990
78515
74192
12127
83825
26335
42853
70435
53493
63259
66568
62695
89846
1687
93560
6167
24829
18009
49682
78740
59717
89433
61077
98445
17842
51213
27612
37188
77841
32819
41896
8790
64983
76560
15460
24866
60578
63983
43905
56377
37286
44965
74719
35554
76845
5528
18745
43306
35083
78641
81388
49120
51021
23425
52399
18581
26815
23371
45943
24606
