56737 
44586 
61168 
88814 
89203 
28754 
36979 
73378 
76823 
42247 
53308 
10733 
35298 
104025 
24241 
19337 
6711 
9720 
19970 
101385 
50256 
57026 
90130 
25915 
55165 
71250 
45779 
30089 
6280 
42102 
68837 
51077 
20639 
20286 
102892 
82042 
76516 
3138 
6770 
82515 
34414 
4120 
4261 
63012 
44829 
36134 
75880 
35788 
14697 
24127 
44017 
4510 
37540 
26153 
62025 
79528 
101473 
45820 
99930 
78050 
66225 
18981 
49609 
66974 
29410 
81455 
81364 
64838 
46474 
8628 
23112 
26780 
10203 
60512 
4353 
89069 
59223 
15255 
30983 
4288 
79602 
101261 
41897 
102233 
77227 
35382 
22519 
123 
72234 
72434 
29596 
89468 
28899 
41586 
74441 
35014 
