65213
123112
34584
75448
106167
13106
7247
66823
23030
77008
70207
58372
38689
35807
31505
68348
6054
109883
33684
30052
118324
22108
120357
110961
33165
57190
20320
57449
78554
522
7063
34323
112500
17430
3936
97150
67159
36825
6105
102198
53707
84311
62629
53006
57105
96570
51602
104571
16159
54229
111002
4423
81106
3366
11447
26898
1957
117722
42394
87078
30670
119477
31016
117074
28650
100340
100831
116658
78824
106217
73941
82616
87323
120169
87959
55047
96850
20671
81720
22512
61618
38094
100968
109862
66934
77392
101700
17479
91967
16109
20787
17653
57995
94943
45763
93622
80049
11453
9293
75637
22568
50548
101699
123235
8623
26358
12725
107600
3142
46315
17717
17114
5714
14050
28361
88094
36800
45643
81947
85974
112370
42742
103463
70694
11293
67983
109626
26879
19478
39451
3970
1160
100796
98005
19898
53338
110752
70391
108191
99717
103939
32836
691
17362
45141
97189
5567
123205
75405
45757
11931
111655
18728
56467
37848
61070
22375
46490
43769
59399
90787
17658
11743
49097
5656
98312
52957
99322
113100
123351
79908
86776
26150
2987
33026
59272
116516
15552
64636
73199
32362
115255
118611
114879
109650
32970
74138
21277
57042
30528
116334
88189
23613
646
89388
117178
8963
85943
110603
13919
16269
32891
112583
59089
12692
20644
393
47822
87720
35887
87173
22984
58789
43432
122414
114563
32596
45047
33263
116855
111327
118660
116523
36212
31219
43647
92743
69426
18902
51352
52668
48001
21219
77570
19813
121897
67415
17851
118998
91240
50658
79267
111789
74354
76549
17840
32310
85513
18071
95738
122779
124531
112635
101734
105391
98681
31433
56338
43669
71338
61059
123701
91482
20334
10242
122495
35975
112103
106226
73498
70924
42361
80191
49627
83412
12135
51933
84028
88333
75052
106674
31380
7704
102924
103912
116269
101911
92565
37126
28757
83423
34266
11060
123502
52785
99880
81264
93773
25137
91380
80982
77922
35102
124131
53481
9647
68990
52208
27658
96135
76805
66348
7962
76256
88372
80807
91087
99368
55349
65782
111089
55340
109454
10343
123214
31946
21485
35442
37696
61031
124356
57809
90458
24952
5666
111455
10970
79357
49712
35457
16186
62060
111843
96937
67618
49517
82373
1581
113009
74391
65270
49611
94160
104455
119351
106930
88927
81232
58181
85860
31666
65913
2716
30677
17940
105066
24811
34443
30038
73414
76898
16835
66118
59718
90568
26448
14696
1396
116014
49244
28583
49763
20304
46570
42857
68514
59604
107310
63499
101074
45632
98941
104761
115781
19305
47485
32950
70700
77335
75685
100988
32743
105724
78493
82347
92255
80102
46820
95711
36987
57095
68024
22674
31069
11723
120876
98211
85246
18355
31888
93439
32008
93458
84413
94305
122853
61407
87672
122510
113755
52606
110186
98396
19116
74331
109576
38175
55272
75567
63615
106487
5297
7037
106807
16506
110927
74246
16552
72139
104508
103058
77408
34103
124476
89516
94927
36119
29553
21365
89340
13490
6044
74906
80092
4892
92925
101460
62340
89842
70250
35502
114919
17385
55034
61733
1163
49884
46026
26242
44601
22424
76414
14242
31232
94238
31134
89203
61736
58851
25342
49151
53595
9142
64690
104666
110328
98535
121732
97066
74172
23704
19115
98077
24854
20039
72675
48416
13933
17519
116599
67144
68361
55102
121636
87954
10050
52507
55882
118195
95126
53726
106962
104370
36847
20664
24791
89540
90969
91134
114643
55543
80667
124576
16583
102169
69650
16474
114386
72394
87538
63776
93878
69571
76643
119297
75254
123325
60773
60016
7911
87868
77349
85813
10693
51250
122388
111677
22122
116268
13548
15597
68191
90628
89945
7248
118828
41030
114653
88793
66128
64678
29934
23488
66857
68950
124448
16150
116326
14633
75542
52412
33631
106637
96786
66742
54572
108773
44055
10760
43302
99454
91977
32994
96526
108799
114029
53960
109926
76273
84707
65390
119137
85144
123316
89946
52370
48866
81517
82723
26623
95270
84202
104717
9784
57489
89093
52319
88974
103481
2965
87188
67454
81867
3385
42310
83530
87255
3850
58700
26151
23958
43369
28193
97947
97011
101707
114905
2872
31453
122262
262
55453
107420
124305
45443
19721
96912
51900
28165
4175
7609
101256
41222
4237
29079
4187
62742
24638
54082
28878
63216
17238
86904
109705
98024
54590
25378
120986
22384
33113
8802
34051
24370
115881
120570
54393
49248
52323
76337
27570
25410
11590
91768
79861
66444
85573
47301
112281
47668
50657
68810
94035
103678
58723
9362
77963
40028
71076
48433
106126
66618
100027
96779
16679
40046
46049
43036
96275
73435
87659
20616
18411
47212
33264
86002
102527
96508
27778
71694
59323
92209
29214
119841
45496
113340
76444
74975
111401
86682
18880
30862
80171
54923
30817
38869
65057
73620
1271
7818
34240
23583
10950
83712
37267
111077
18888
28211
107329
51760
47798
34444
50
84321
53090
116812
88941
45278
21642
72220
54420
41932
57236
44099
104863
66477
48112
11837
37204
49894
32231
75924
43295
60260
121185
15338
9880
13719
29037
82450
99038
32570
106590
121870
59959
88697
53613
43382
117827
41105
8927
36193
50908
2032
56152
33814
38612
120893
53145
7833
18633
99467
54339
63755
4476
59884
117498
17874
23687
2098
84059
64199
12743
97952
90477
104767
57067
5123
69107
24388
112315
85093
64217
24342
76284
112360
50105
107784
82259
1522
26025
52338
42833
77313
79568
34267
111001
35950
119595
3652
573
65993
87909
77669
100000
56831
2264
20213
86453
36301
65411
104675
76333
51199
97152
124491
66955
100379
98729
33385
38509
5692
58616
118188
87095
29626
1438
4704
102167
27935
56427
50409
112471
103001
70351
72252
121001
34962
19341
61640
103119
97026
7655
42603
38468
2666
109251
3640
121666
106846
29573
8954
37924
22089
26721
81311
8474
8324
11552
42014
54819
101110
20357
77780
78442
87231
31351
110492
95235
117601
118990
89804
122173
51814
42782
32857
51041
108
30234
76769
107258
15593
84269
116254
33576
12741
53735
37608
33050
120930
88202
114424
106102
264
115206
119106
56206
52685
41805
86697
2289
117905
60304
37907
4415
69818
68257
64473
8148
21104
95707
73316
12871
70728
119323
37147
59304
117359
63296
82702
66867
4251
39203
86249
75482
24250
104586
110406
582
70564
10483
37957
123718
109496
17323
8112
35172
57707
100165
10857
12770
42753
58189
23456
50160
77035
21773
84442
124893
64127
21737
62280
98738
44345
26768
123602
79339
53689
99638
23235
71332
1808
16836
84201
37305
16854
51153
108600
112953
30381
13823
89201
17534
67025
19586
23165
78762
4392
46153
86118
49680
76044
68542
82892
95309
80963
13689
119629
82879
21729
25147
8589
109690
87812
111777
68882
46368
115473
37521
89372
82487
12241
15950
63473
88319
109337
14878
34191
117443
70399
37725
112294
88828
2675
53850
103617
2268
36077
37571
88811
67965
94331
8281
85096
63332
64487
113859
62364
91160
41345
24868
23875
109801
82901
79271
54324
33003
118641
42305
23684
31997
98590
7765
48298
50890
79487
85061
37348
72931
102817
42560
72271
3583
75726
116363
10413
31196
1703
35398
100475
53830
20117
1100
40729
109044
63095
65126
55479
123185
37996
96932
94917
98754
20558
90921
65119
101344
44866
48104
58147
81810
78616
20007
5912
15814
1705
12813
107522
88083
9939
78632
110427
52757
3792
76543
76119
42170
3937
61604
89083
69352
91393
100349
720
50111
40742
78064
71656
33856
115326
48580
36692
92374
13342
40306
115476
114547
6723
94290
48419
19075
68435
88864
33887
114393
102233
89895
22354
117861
71341
74620
119421
66617
98538
114094
56079
49195
101083
118934
87900
32309
32516
47748
108021
9078
24855
31238
727
65109
16980
6152
63802
70031
59956
667
61065
50937
16612
58614
81324
23922
9730
56530
67766
2699
17210
38458
44634
67788
46252
22958
10047
43317
89062
105613
102249
86285
59905
79729
41617
8809
106419
72704
95064
62991
88426
80147
100107
58163
122519
58506
60221
22991
118330
73254
1137
28272
115966
99277
84619
115078
37167
73022
39470
7181
64834
82973
93505
109142
39664
30273
116253
13421
23624
83110
56333
94840
13245
122407
90967
106757
27161
63772
77689
54579
15518
3593
27736
105762
111026
98230
57533
84768
8847
74907
8081
44305
2430
20154
50219
106081
13200
68418
90301
31110
95344
33669
80367
60862
78936
6021
108251
52427
62739
85762
83544
114899
87587
23318
109611
20990
119582
59885
19701
36594
51645
59733
86925
40530
23066
67069
76412
117819
110606
75802
23966
100108
86497
98480
71265
105270
65907
93660
76194
4106
30399
52140
36730
93017
13526
50842
32476
24037
113534
102480
21629
95154
111190
70116
21639
79156
120440
101948
2863
25788
48128
85958
54344
93040
39392
21622
108081
34013
19303
31359
11644
88430
110592
83299
47582
51558
6015
23452
23591
111440
34428
93782
111256
115730
19073
56102
37832
22343
86070
28777
15313
115346
75418
105459
64333
29748
47507
42338
20561
2370
59878
85807
60039
72447
5514
94438
25140
119868
95568
11155
87589
83742
113936
107875
57536
33496
7093
21286
52213
111815
102524
76492
21095
72651
75336
17621
51879
120711
37844
39613
20490
43706
67887
97733
83891
96907
98220
51934
32808
115465
106431
27715
48045
60694
18528
20957
10963
88359
109907
124510
85393
31116
95255
34432
17254
40594
108009
74445
16775
76470
28198
58830
111776
74041
24364
49603
55595
71309
26734
37540
98991
118155
71641
23226
72775
29652
50608
121009
79240
7501
60108
100602
117170
25613
88130
18995
62556
53048
74022
28356
28963
110641
85219
108406
74836
715
43679
55
45769
77029
101282
38636
65778
53413
116709
5310
83792
32896
104597
121637
26834
101156
120885
86321
34930
90735
33207
78320
50276
91831
73533
119609
36061
91412
1128
124894
109321
69698
71961
69501
124214
56528
16729
47739
43448
28714
1215
89998
122329
55884
101191
123651
68499
70633
67562
19266
9262
100489
90946
117702
94211
68999
23787
7202
43729
69927
98412
32740
31917
38629
78246
61650
36978
82327
36226
71183
29002
24514
65019
46713
44273
24976
77250
114542
14808
82507
15873
26856
104946
7324
42249
72759
55916
38255
35591
32088
53656
58412
70485
25095
123538
30023
48504
98921
114924
114176
21440
120260
22627
115415
65381
38446
76771
96166
84535
19595
43747
71390
28065
68845
53647
33159
10683
73174
93418
28311
80993
8020
69992
520
105397
122760
31444
64771
1648
85693
47561
31353
118368
20426
23965
41186
44807
3030
47946
25379
84929
112359
83165
76803
111973
35765
25692
98134
119194
91313
90444
11849
2667
121248
70687
60517
9527
21184
34921
27735
112247
94045
55163
56241
74220
2635
36878
80831
66466
85216
18297
67978
42169
77295
98294
86775
10240
59315
54272
110070
123320
90599
83030
32072
80571
104737
85857
109608
52314
123563
72552
112907
115927
69239
8681
23415
112071
120850
21618
75642
110894
102387
37325
25450
105368
107417
88510
76893
25129
60318
66846
75365
285
67993
81822
98467
120053
95985
85873
97022
59506
62163
21948
87847
10554
45667
26802
114155
91061
32847
11594
73463
47455
86034
70408
8184
106640
5765
47945
5239
12049
76672
35371
14736
124245
69457
64679
84198
19921
121431
109577
121972
12083
53148
109131
16370
15101
37762
105882
23890
3780
109844
84522
45501
14293
4857
122765
65007
96720
82524
100684
100942
78322
44946
42503
80507
12827
62089
17068
115717
121912
84194
11689
57894
15526
102101
88785
85835
85356
103019
95573
61227
86192
4534
46567
100507
80445
98858
60024
35814
101592
84388
84242
76168
96495
73427
55550
44346
39154
67187
946
120494
98430
18239
37342
24430
101774
119041
70443
89510
44604
102028
83112
46103
46660
117209
19026
35988
6732
78666
36477
60937
11539
61791
87899
22289
96521
101408
46289
56524
86834
72612
109781
74851
104724
36406
40545
30047
41608
70078
115489
62680
2795
28239
25980
60015
44078
25588
104064
7603
114545
89591
80425
11863
8207
19036
111747
66859
117461
54517
71622
50865
15824
18692
116970
54903
77752
8542
41501
75715
76715
108492
54733
96199
15501
96076
18485
30972
77529
58217
20926
108585
70553
69061
29003
4275
48488
30966
21302
112064
31007
40984
116908
59759
90831
122413
87145
73903
18791
14983
83420
108851
50026
104124
96953
49507
20350
13890
65657
52262
58714
53228
83071
40694
3064
14806
106802
78571
24650
75593
20778
9733
106867
12939
23357
9230
92406
94634
89692
26348
29666
34365
70630
48081
28498
116356
49863
80504
51092
14268
51826
78674
64489
107856
49161
64352
4946
114266
96157
99427
22056
119133
84626
89971
114761
40682
81601
24353
85333
79326
115678
51008
2152
11655
2011
65849
69595
108618
119568
74006
42988
47086
101687
11515
98708
67667
69900
16350
115676
46827
74540
4200
58648
42681
50659
117205
107490
71538
10720
70069
103640
75643
93435
80106
26498
94792
13268
118320
92770
59393
82069
63490
60177
96834
7534
90832
104256
2688
61984
105390
6360
120661
70097
40550
48552
97820
40125
34442
9320
101953
107114
46151
6980
77181
38122
5475
77910
41662
82866
83944
79864
103986
20031
123416
88025
42402
56383
7072
53384
37648
115167
34557
108389
86543
64392
100419
124468
118916
44005
115474
46676
13807
80959
90372
66154
110871
971
99557
120415
27024
121352
41635
102900
58831
97477
98897
97729
64535
24718
48042
55055
74370
39393
85443
43052
73236
23702
80713
60648
91525
41717
93019
52938
106264
57359
57219
54921
18175
66059
74685
46391
73993
17766
33654
59799
28975
82034
16523
106729
27609
105171
100673
31406
105513
88067
116019
69775
57045
88049
99571
108702
67238
81236
114358
118389
72359
78878
59168
80687
32365
65135
100598
80711
40181
122533
106680
62179
22814
5877
67831
77331
90305
28117
24302
113466
98506
8738
68477
53195
15485
41247
7122
31923
84517
63729
106800
26106
37385
100640
54253
94461
104030
59747
6534
43484
79188
86574
4244
49896
97911
106410
112009
19288
55775
84995
80027
83662
105938
107805
47824
19274
52448
113374
105502
115849
90207
76243
50733
105663
105705
94814
5006
121380
118376
60428
54694
637
107861
120770
106527
21913
64007
113500
59867
11793
94518
52960
37529
67470
78063
120341
92755
122325
18420
100133
53432
85815
74468
120186
97920
112832
38488
22155
80188
75550
67469
118926
21687
15693
12457
120729
73973
11647
76241
109928
108441
77790
17446
2099
47113
80886
60824
43572
60026
93625
59928
11586
51493
27001
87414
60796
84187
100929
2315
91178
111347
21369
27861
101264
110074
3342
63354
121280
36789
43607
22659
5136
70431
58602
15930
62446
12819
25959
110573
94528
84916
28381
26553
81771
101832
32026
60023
34702
44334
71700
124115
43333
65848
44166
71126
57186
104231
79179
114302
75302
117185
83817
105538
93131
82512
24294
41913
122439
94489
100141
1617
42613
77709
42482
109873
21659
44901
88702
43603
40965
18249
6412
85218
124438
18405
15849
111018
68333
103977
4380
33246
110540
118552
67750
100494
71423
20439
32976
56421
41560
109714
44330
52759
84266
93866
54853
33169
58777
84435
80226
6562
113060
47322
124254
58186
13395
63446
12943
24075
46209
2246
81780
24754
9038
10710
82353
102241
9824
96165
83261
40145
31511
3588
62744
10093
105128
85046
119279
84370
93011
115836
113783
31819
10104
40505
54312
122207
106671
39803
643
25823
6020
6034
106853
70216
69367
109810
99479
35957
50338
51188
112406
18624
3920
65976
15793
20733
108248
28312
32228
33617
109367
43622
22216
42295
71123
62274
100480
97587
112827
29419
15450
40942
18301
102642
108490
100374
14032
50720
4164
91114
25892
139
29810
109049
84954
39138
20223
41074
61928
105771
40347
74510
82909
67634
66853
64966
78623
82127
95800
42264
38242
114931
83041
2798
38195
35242
62909
51549
27562
20606
124991
102917
12499
35230
16403
47281
107480
70992
45346
54392
10784
25104
96664
49289
71906
54691
113057
97268
45439
35997
14104
114383
90838
48025
96162
19012
8345
109533
23549
5846
2849
63003
85866
39656
75944
837
21848
83263
4616
61068
10590
44002
41957
42953
11354
69962
20552
87394
16970
31558
4666
84674
44778
1963
50950
91150
113172
59366
9317
46318
86692
31708
26492
34255
28556
106212
74036
47254
91164
117975
67898
102260
23532
84866
63148
120461
95934
104313
47744
60938
51599
94283
46836
39558
14735
61840
116329
69876
14145
2500
113754
40581
112542
10409
67190
64237
27326
75788
113742
88983
47895
64155
53953
104988
100252
24753
89908
48450
94212
41384
79020
73401
52067
38060
85711
107268
40054
27522
77639
59102
36136
82821
77252
62842
104289
80928
8314
7049
123530
8224
110429
61461
123782
9235
75834
10037
111079
41217
14761
117816
43380
41005
19067
24041
62542
90409
48821
40498
11028
25457
102838
90730
101564
7692
32210
121885
1050
119263
27351
82726
50532
119281
118403
23927
57152
86923
20077
83948
33188
76737
115033
42847
118197
11069
69859
46993
31976
27842
3622
39728
70074
123889
57620
39761
57378
83768
63049
112104
32500
55887
40251
1868
120604
15283
122669
77754
64107
60847
107449
44599
101342
87463
46575
28048
56156
30495
106109
107013
21724
61985
65444
61054
98829
112010
75394
35418
39714
8877
68994
114871
25552
14957
94535
117920
15442
34469
94716
30989
26107
66573
81533
32180
48951
85819
59033
37248
89309
63625
119059
17694
15433
34400
22593
97355
95967
93487
47096
67467
93865
29773
9192
41697
33006
107833
108413
35080
104035
110330
9359
48389
111924
98032
120705
42806
122530
100644
115353
22933
95893
4780
75877
82888
114768
9269
41459
37721
121090
10053
99441
16128
113593
101412
40194
32002
26158
10657
120520
56353
102151
17095
18640
49671
40723
108513
74339
2356
85472
94467
70939
1065
38491
31225
57668
82134
114147
15713
78698
112231
74548
124048
8141
54643
22686
6954
10667
98964
13023
74988
105077
46170
116166
99367
7907
4533
57274
33123
114532
52616
118022
87237
120668
117315
121853
83455
113574
69760
118204
79480
53823
36079
32428
27504
11822
85695
53110
20562
29669
43897
91564
99971
90197
15602
5499
63485
41201
95
9898
82935
79266
74749
81105
61003
92967
82836
51131
85128
30647
472
78724
38017
113601
42750
115061
77178
52836
67225
100675
83340
108862
84280
47082
83552
93951
93601
56960
67258
91481
8644
46407
603
21606
48945
69160
63227
71941
84277
23735
28574
1379
6756
86504
64223
109165
52840
44239
45449
119943
32726
2822
76671
91083
8716
43202
59830
105424
33213
9387
70552
72189
89527
25577
76164
106374
121940
20725
107891
85436
69052
30350
68618
88980
42817
44967
107333
21016
91834
121876
66087
111865
52653
29930
104644
35198
78567
41897
101655
90739
100168
44682
93335
53193
123904
111246
96172
110508
117481
82011
84426
40400
89420
17972
35339
87835
84557
22636
104101
60682
39500
3318
98698
53240
53568
38235
71094
105503
10512
59139
121491
14490
78323
54436
30927
45684
11444
30730
33379
27502
62014
69635
57693
33105
68529
123050
33260
108098
103624
11694
12373
91726
66714
37634
10206
121036
63647
36656
25181
55542
21706
89334
22675
107840
31308
25827
14681
112724
13477
847
116807
69967
123357
51036
93444
90396
89543
103959
108806
78156
78242
9448
98627
124150
47638
67495
40952
37593
38671
47315
88352
24591
102173
98593
96229
81886
46696
85381
5456
76582
73760
102533
99071
63295
26998
58847
20608
58034
124696
65828
124725
75318
56492
35477
48187
52876
72594
26850
108298
121048
35824
84943
36547
91320
4273
22639
91850
71072
10218
102366
38070
100277
65334
10969
81808
103147
8746
124336
120512
2668
90229
95225
106897
116296
11094
72374
86601
40124
94892
70923
113177
81068
92242
108467
90468
64721
15722
10767
47324
16449
18370
19786
59923
52178
67216
27234
8810
73580
22336
81610
76017
24804
25694
42142
107200
30394
42769
70395
85071
26487
56466
21923
58288
3183
107044
955
120458
97259
63570
29484
27478
26046
120309
69089
44974
92653
79264
100878
84281
14255
83648
52564
95127
77587
63635
31002
106914
88051
73950
58161
26569
5928
1547
44349
9686
53580
116061
80355
72989
103347
16459
44519
41740
76646
27600
112327
103301
20632
107211
53548
91432
20684
123668
89147
56021
76804
17108
122954
112876
89223
77009
13806
31264
83485
52416
43715
101831
83735
8510
32874
24213
122345
36138
107116
69893
60251
28422
2804
70021
86585
11702
52199
57463
103919
105585
101075
107203
88368
47121
76196
65025
2393
17832
118490
122030
84298
20809
93246
92911
109504
56787
45234
49478
44535
106589
36803
23376
49461
26633
60512
77651
66400
97058
15737
102461
4254
23631
95305
28450
75597
67222
97050
34029
66490
13960
55490
111877
56329
37117
60055
75515
26607
95927
58151
96565
42751
102471
9936
96334
58141
49518
33817
105598
19417
67772
9470
72287
65794
49903
51442
74096
90586
72167
100401
75910
87917
29204
114954
47926
101363
65068
78213
97397
116678
73825
51492
58909
25005
108304
23421
10514
118070
69785
104384
69892
24485
73187
90569
104833
72524
83452
95220
44758
111011
20360
91544
90882
68048
119154
62197
100977
67603
75460
50576
85410
48763
64150
115761
23067
114628
59097
4521
99677
54307
93266
67429
84037
91981
40964
115565
80230
67002
116506
111767
6466
50566
78190
55922
21910
122804
16103
70446
112237
123973
56285
19121
77711
30421
62952
50669
63624
79801
85368
54709
117779
40428
116546
70708
2249
118329
98932
72874
28260
79566
39367
20027
118621
92226
101706
91483
44120
66376
81978
26911
62134
9691
115243
21168
76564
93446
87816
29816
98819
60216
72912
74007
68467
78268
86414
9280
29506
95921
87992
35521
12109
23874
94739
47689
14908
56126
17007
23270
74333
123477
107145
51353
17152
8455
52693
115829
124611
107419
52103
48887
67542
26093
997
606
68382
8239
119883
109002
83476
3833
89456
57331
53664
62511
90630
58757
109145
460
70037
27804
96038
36835
85310
85945
24487
107131
124371
79511
40214
3745
37302
23163
116859
91751
31426
44311
26382
109670
20435
87902
1548
104331
19055
91635
29533
81283
45751
9907
35614
50921
124982
109723
103297
86707
117655
15941
117900
86960
21982
100566
74563
8646
97155
46327
112513
76781
36038
74485
84696
60932
94009
20950
58667
57115
50435
5739
24027
57502
93639
90439
105541
22332
119472
55967
114507
84305
102350
90698
37775
73153
96589
113514
67421
38705
16294
52935
73966
64711
25657
112698
116587
70165
23917
39417
111156
118106
11243
43983
2904
68358
16307
50014
23762
80897
110288
38003
92464
27294
67884
8671
27795
90975
106495
79482
113277
62813
44193
25905
38820
36247
9953
67555
49204
57808
83057
53041
47645
8050
68237
32014
79218
25774
2703
85686
52958
118535
76813
123610
96064
110168
30811
19514
24768
101235
53360
101786
76927
54313
108183
59398
124601
71752
9013
120483
30213
117587
94885
111999
50323
2483
57094
102778
41534
32491
115058
11460
120223
85594
47963
110698
97332
86168
94502
92852
87436
74308
99734
28620
119683
70909
107127
106176
52987
64581
35774
73439
42803
24523
65583
99521
75444
37161
118812
48354
27363
824
62454
13492
112372
36544
86768
32406
83065
77370
47473
20959
103262
42211
34832
29502
47125
107488
22592
22548
45081
80498
52942
73389
111352
10866
26611
115000
51841
115569
35388
30971
103484
1067
101313
74358
36175
1661
66235
119598
54095
61514
51847
8637
77291
69762
69477
35936
109262
1457
77146
437
55912
123742
84814
46843
111894
95399
50689
91377
70922
95641
102673
34346
120658
40660
38445
112864
115974
72787
43817
9820
72949
65636
3090
12628
73325
79612
122687
76528
72837
38338
91298
6444
54720
4689
30477
78175
115536
92228
73005
104022
18104
41158
79984
103660
62393
81748
51033
41841
60462
37528
69252
50998
24836
81246
14128
77559
124517
25888
75280
45995
11989
53156
64163
13600
67804
88681
46462
77728
11062
1543
39693
22298
60740
44534
120091
21636
82463
84539
66204
117924
76625
7899
55741
21431
8888
18656
34795
89857
107776
44180
18216
117554
12700
101024
106006
80872
14529
115949
56433
70881
12721
23023
66958
29431
95362
89668
31860
45399
37386
53493
87411
54071
123055
62668
59284
70123
110761
46131
124202
113334
39565
33297
95784
10871
44006
111225
38695
41750
73317
50728
15159
42150
54626
53946
41898
38054
90585
70380
121070
20694
86347
47180
47514
9901
50809
55803
56496
97228
11472
118242
112868
93195
112569
6328
122969
102712
60380
78960
1282
35391
93184
80620
18597
105181
84468
5495
120601
84826
123655
88085
84039
20602
83848
54724
75695
19141
98121
110572
27403
50751
59817
52859
13142
63017
1501
112156
67442
69376
52939
2462
48884
87418
119611
58274
98811
7640
68007
25383
107734
76185
69793
94370
43820
38077
8555
93168
36998
78665
117566
3947
20755
68719
15685
85978
47264
92376
121035
4456
71679
35945
115433
67631
48708
106368
83398
109896
105376
28680
118343
45917
103726
110988
91760
77320
26853
111233
114326
10251
29251
4706
98711
46019
77860
66080
76134
115031
17044
46378
87190
30159
17813
5057
87870
60111
37679
87430
82744
24064
60822
32232
70875
723
76752
14403
84763
35702
58617
62005
22357
95122
13254
17590
13959
97083
88668
17776
112621
73855
69716
112685
48041
3942
21957
66050
123292
81331
34025
108109
37858
24403
27927
80080
3535
23508
36280
24033
66076
19896
70414
79834
106855
4489
61556
26231
15633
118962
61955
110142
2727
42112
46084
53882
19381
81000
19904
38366
19960
104708
42917
69226
9403
61699
99002
115864
15987
7543
27416
45795
71115
91653
32370
13332
79868
109261
37408
111719
109456
56434
9973
55721
91689
53182
85946
30841
102961
25605
121134
118260
115608
61983
5170
11609
3733
32602
29062
84961
78096
14324
54859
70054
95230
34854
31377
11842
2437
79714
49268
86463
50028
61728
109247
116568
69926
31831
84777
80696
103123
63134
1330
123823
124318
40259
104341
117857
56769
33531
57884
15084
87579
23482
111536
108349
20865
61160
115418
54944
103723
50791
31608
89025
112085
110816
34558
84462
25951
28850
116384
4192
110251
92204
63053
71003
31297
91172
7361
13697
36991
122981
56889
47636
116877
30684
67085
98570
87702
12349
66134
84772
10370
124164
66918
74795
20769
102841
55899
48621
57875
31960
85685
103176
79901
57008
47444
55979
89348
50641
8563
54276
62823
123276
42882
120634
106501
85173
35040
19456
75198
26013
77856
16542
7128
105801
49157
57086
10742
105615
58333
115387
91275
44887
90403
56802
25053
3406
38856
121217
104078
55843
77027
20508
120025
92295
72110
32802
42800
33234
28480
30174
35167
79662
20046
96063
94424
81866
44924
34291
120630
50061
5163
61243
28600
9046
97759
79737
74141
121094
107512
45699
86514
115219
79588
1213
38428
40811
4384
69804
12426
121774
47806
43806
69195
29285
106665
16074
2651
39721
37816
53975
122339
93602
11360
71663
46406
48835
34181
11068
34071
62383
7817
93451
33959
94754
84573
4875
49661
124211
72794
62419
34424
30797
108089
84505
22996
90383
49330
58837
94690
55872
29294
116894
99401
122910
34293
9460
45670
119734
108116
109905
33675
108477
124925
123516
98382
25815
75012
89464
112151
45261
102474
85036
82329
105835
116029
111464
50242
47757
67499
62291
124272
111071
46793
31814
37413
13172
77189
64463
67464
57527
84038
60383
21962
12515
33975
77679
69581
53972
59348
70866
31330
52436
3770
52906
26896
97502
20605
36809
98166
83938
58531
26608
55809
802
43929
109931
38958
51309
105065
62638
30968
37580
91447
18688
56154
89699
6005
45900
20137
19261
104179
69381
1637
103528
33091
34003
18859
76170
93874
69590
67171
99017
116261
19649
4359
61118
73630
96678
33708
18846
115469
17098
50965
66771
112465
31965
120640
84585
42716
88539
123643
117636
14615
19750
92156
541
25096
64482
100637
82942
99062
56105
92102
101312
54061
25289
35158
45864
95676
16575
89142
53217
80634
26204
44944
102947
94351
45332
73092
55352
45320
60856
103412
123353
92844
44184
15154
77721
100627
29094
80011
14710
115459
91669
16661
73304
46935
109293
117224
11865
106020
91225
29226
5659
97948
14494
58972
47578
107977
122652
69008
50818
63104
76540
118186
100755
79519
101070
26284
97019
31147
43209
1133
48490
29339
99928
14772
25609
112916
102008
88416
85937
42892
67669
30136
78432
90442
2410
78953
104407
56317
65876
24580
13509
77001
105738
12533
46362
15663
35661
21934
40416
86323
15988
122962
112410
66656
35214
62585
9493
44837
50962
38377
17341
21811
112699
110414
75294
18537
3636
110140
38492
75265
68833
25397
36005
99395
71011
72728
66510
120560
66965
69751
103268
72108
9048
104596
88321
91086
109547
54616
119230
93722
29410
70039
36590
30502
15551
18566
123976
113740
113827
104042
80017
113365
121342
20302
9756
87596
124672
62027
75520
61373
47549
28915
20386
49187
116312
118482
92776
106257
32504
73116
62660
90963
26617
14918
1651
54065
16024
92780
112475
58517
84790
89730
106169
27353
106214
53425
121310
36494
89159
92365
79683
52083
80733
41148
114843
16258
1427
12734
84778
70556
23381
60591
106136
103394
103424
117615
2006
79805
58771
101052
37185
76090
107485
67483
23855
80771
70403
47517
62557
96251
106636
82756
55956
10400
80785
96435
29122
62416
49189
17533
22368
33208
37587
85008
2560
59203
42330
119427
9409
75730
46589
78285
38959
95519
71046
77117
3431
64171
124757
13513
14662
48889
5914
102861
10088
117304
40205
109300
91131
10726
26579
48803
31077
86348
2092
14643
13505
7937
116931
84594
120389
15055
44117
71140
38411
14289
87638
39785
93551
87355
122660
109310
66873
3899
105316
23369
86430
75098
84620
26125
18186
108578
121493
98507
100998
50928
43823
4895
85936
94223
16890
66622
83857
73976
24621
100134
85879
34763
107775
77683
119445
41013
29321
12408
107285
119205
124797
41709
34193
74556
68893
30427
74083
14575
5526
120752
103248
43901
48693
21415
121905
92190
37623
42885
119086
21662
82861
105262
113712
34650
7306
11688
24839
93738
41503
14931
118294
77051
107846
102730
108958
70930
36120
23336
45159
42484
54475
5697
28826
89378
12211
84151
91089
114745
44849
32255
108601
100029
103224
123482
55379
29746
4628
109639
113175
4561
10908
27056
35458
41145
103968
31292
12308
93307
40994
32293
68741
30588
43214
57628
81985
64995
12352
8117
28419
115186
13948
78968
92200
51515
75269
100232
121674
43366
54207
84262
41609
57471
62420
11096
99089
13712
25445
75614
25290
64798
116806
123933
92785
56540
59103
87939
85106
124483
49278
4444
69719
116943
32145
24835
11505
35460
105016
117679
406
43084
85176
67858
45590
103804
14584
47218
116990
124217
115264
101701
66613
121932
96084
123739
9767
13155
100103
7604
56009
124733
78921
14415
89234
106011
81444
46724
107870
2234
15736
34999
86819
90059
62697
34104
93192
8945
114839
97620
48603
73811
96866
64805
119453
111945
124222
70137
14752
118825
11065
47133
88745
15282
34698
121301
108897
29846
21409
31013
44096
51964
74269
22052
39443
11742
31502
59549
100128
45071
106939
89166
84400
11717
12257
93928
69730
70108
4599
80528
33914
13218
50784
89177
108759
47060
67293
39279
41770
104803
60634
10203
80708
15404
22901
10443
37813
5093
71506
108107
58811
100142
14574
105133
117781
113312
9128
116742
93690
62021
71642
18934
12874
51830
80197
10979
17932
9846
112904
102024
107162
40077
106649
97860
56095
96915
26352
10989
80666
32017
59492
19916
102265
112350
77436
39071
94934
45783
51994
84509
101491
40117
100397
13425
5945
66979
76306
38497
69683
27495
110918
122993
60942
11550
2352
70763
5952
95307
52902
39344
115171
118608
34360
82330
22476
67554
37718
59301
30667
16999
59806
53229
64945
67792
28954
24435
79408
12305
76024
30424
106094
24927
71664
64986
13333
8710
1032
14858
1241
91105
106592
68949
115861
113010
84352
21041
56768
122398
92606
91627
71704
82108
49497
110190
4483
108110
39980
44050
7541
106750
51160
36156
62177
12507
66390
41559
38276
87886
75121
107252
112562
68046
21658
31341
60230
120158
26842
109173
21555
6434
6582
64165
120038
63195
46807
85661
36788
116322
104259
40099
6376
56915
82128
27160
89964
96094
58031
31584
16017
1094
103367
25394
62898
63941
74905
13114
108893
59860
122222
107532
56125
112527
39421
81555
8579
6603
86563
99298
54247
46319
99550
118471
121960
84871
47052
8697
77448
58708
46595
30829
70706
56604
71033
4294
81781
107793
98730
59734
27915
9240
57199
56056
62443
61055
6401
107644
25327
99713
23530
50136
71065
21640
29457
112082
121593
75518
69304
63743
87454
49804
69980
97671
64054
53564
101143
55486
46748
109025
20686
17131
121742
79822
61671
94469
68480
61136
44477
124316
120772
92750
67892
86584
34608
98426
103725
107277
80882
49724
2967
14922
4322
7045
32133
114467
68655
22402
63880
99054
16440
92830
99658
91458
48561
106373
118814
41666
82783
123708
102042
23997
31458
16278
53330
25163
115143
659
80617
54185
96367
65273
4458
6204
104482
17196
69936
26436
14759
4597
107371
113424
55335
15236
9710
83288
7408
89578
115769
8659
6900
118125
45357
105919
116890
77196
24450
96916
61690
116715
61224
24052
32561
49324
12366
118642
106561
33847
85531
42880
31437
5893
19870
18496
51311
92445
55598
60329
33917
81285
105859
99852
20157
25360
98655
37622
28369
42775
24199
53536
23439
34949
81707
54278
72281
11806
65321
112201
89154
2995
116206
82839
6295
113066
40657
39993
22688
115779
101288
45103
123728
78192
26718
12144
120104
94883
92287
30876
62296
39424
52874
63770
108448
58107
108112
11165
43668
61502
84466
101174
103510
76877
11200
20919
5818
115131
109224
41219
95650
106168
88859
60263
91361
20205
3918
8483
4009
47928
110149
101951
63798
56301
24165
99588
110336
16733
46811
3394
84638
66722
66772
9002
39407
77017
71119
102588
70863
21816
32041
17107
63147
85312
24156
123121
97093
80048
31501
111298
119431
22256
75926
67515
15959
9624
122884
39064
10354
3020
6251
14924
50143
72017
57397
85392
93906
35850
90849
53609
27597
67392
117622
2463
62840
90824
79744
12119
42321
9069
67428
38772
106239
117818
45750
46301
52587
50474
8491
47532
35788
97902
72342
119321
34522
74021
32047
71670
58610
56419
80443
10823
39960
75348
3800
68583
92645
23392
120249
40720
99697
80195
114615
95674
94492
87484
26737
2680
90830
31934
111454
34143
104990
53738
113019
82240
14975
46729
58100
9012
108737
45855
101659
88511
24380
98827
3243
56803
17844
88657
18417
19969
6270
33233
105850
38486
12118
12540
110342
87864
4963
121542
49205
10241
49395
39837
17442
14998
99349
62118
55444
3334
19203
3753
60557
86174
64569
92258
17538
96249
80211
33743
2131
118677
32445
73058
23087
69086
4894
1269
50795
17547
32469
92800
77640
83835
68179
2296
109818
100477
12235
40445
39938
30988
103641
122801
112457
51732
30168
45378
78040
93066
74673
124712
22494
18004
86069
56907
89204
122583
66406
39939
85772
31636
3075
52749
119642
48460
104158
10282
44907
123062
100773
17091
71323
59463
7792
17843
59111
113753
16289
64672
117335
46027
14020
52146
30251
55537
45865
3586
7223
72334
37839
31821
104886
26903
70999
62476
93277
92605
27405
69148
22898
61337
3419
107568
72923
18477
26796
85658
84100
58712
52831
67133
102176
24100
71940
35572
16383
52933
48221
10297
13578
115092
36691
43301
49666
79518
69743
49158
102770
92629
73066
57680
24722
38600
38653
63152
15388
91329
17
74234
61238
119460
473
28441
63391
28713
48550
67349
53030
42410
90432
36065
52206
29978
101461
123682
18677
110194
4153
91970
66448
60834
9819
44738
107249
84953
12945
96112
50447
27279
4898
55555
38993
105810
42372
103090
86291
65671
93485
116979
81432
95042
120410
77508
32211
22240
73904
36989
116847
71472
35673
29147
56561
69017
121871
91570
1462
65727
48822
96574
83156
45253
82028
945
3211
108873
10831
15660
26559
74512
117788
111836
122363
38350
64025
53792
82829
38425
121391
107810
112609
34113
70362
4695
124946
124107
97520
108777
107128
105255
110039
83049
27669
2564
111191
11034
60966
24285
8282
67214
79543
69856
104747
62637
111399
114095
97966
42820
101723
17640
69474
5121
23862
28521
66385
111034
98021
81389
69722
92946
7079
82346
70448
105681
89864
67112
46010
86172
12072
33889
6762
38385
5428
43658
40566
78018
11753
2576
88040
32639
105100
45227
2925
88957
26117
67665
110466
16127
20641
72749
85494
13936
89980
99451
56309
21341
5146
81554
79343
10622
40381
37730
62305
94876
36243
58275
51504
60483
83605
1253
49039
97199
122006
55190
117952
69827
37572
17570
61999
26213
48543
50123
77593
61105
33781
113133
81481
97275
117442
99148
86518
111917
91788
103375
67914
113577
27290
3791
111573
110587
117517
104489
60993
9261
27792
90208
91294
39383
77580
106389
50184
106961
103856
119462
123706
104080
112187
121305
102320
120304
106643
6161
50472
39557
99516
105149
94671
50266
99460
50264
20197
70508
77845
106604
101888
62690
13099
102982
5425
122150
27072
2034
47652
96137
72498
16180
32390
60240
81856
26370
71891
26789
108476
7897
25616
54295
31049
10814
53759
92851
107083
23509
40539
22936
123504
18812
14754
95158
111513
40101
98479
115042
24548
65130
4438
13881
116751
65629
62746
118748
81926
9211
30274
34951
68218
103307
8787
74344
119150
29924
62929
123670
72576
8329
50171
91044
76638
62526
93478
23934
97244
53327
91690
23764
34057
75653
114568
29496
112645
29607
111263
87397
54841
16472
44828
63019
9602
77712
21433
122645
34235
94197
79200
9814
108649
106899
43364
49213
44019
86239
39441
72746
123100
108798
32545
45644
85610
59557
85983
98246
7305
100083
6095
33717
21180
47566
101224
72429
104650
35138
45196
87014
95632
52997
26550
55180
102851
72062
9127
55160
82624
117917
1217
31118
15060
50943
97347
1912
84336
12781
56049
98586
104860
25575
85232
59638
102267
8654
108620
49103
89568
16973
15865
14727
110938
98191
106045
46515
86903
58318
13568
90060
124095
100329
107828
14307
34325
60859
104506
4640
41216
75156
119513
1615
92890
102516
36646
22259
73501
76848
124583
120801
69037
99475
112348
116689
61432
94824
8991
102646
34368
46126
50513
95663
92608
103096
121442
61976
26829
87823
35168
103206
71828
110730
42507
63901
33699
59904
3133
122972
37708
7600
85824
56857
22713
26749
90262
58108
34548
43060
109852
4804
44824
115282
74954
123638
124823
52751
114949
46387
120125
28456
891
89601
77964
122015
20549
92481
86593
29365
93373
80368
41878
121072
31228
6345
46354
57744
84526
69375
80772
9759
70726
122458
102443
85848
121038
55269
61911
95960
60244
3322
16819
86995
98399
88260
40112
27727
43635
10132
99874
45574
28345
88274
38148
13731
35493
61829
42
112269
21929
3200
59813
1364
41333
29992
77891
38624
77548
6962
81919
113294
44048
40126
53361
123908
61255
12891
40138
60691
24484
105885
122535
53215
105576
28425
54575
87875
63425
39576
15631
90866
55536
7332
76191
32870
93998
40325
37228
99321
40242
93581
32945
11906
15326
112380
65155
9951
75905
92660
43251
51457
100324
81577
90153
72790
24260
14177
11701
121506
65508
116681
82485
97697
72988
98045
107308
101417
120283
52445
57956
67800
111309
41060
123162
78959
20788
100733
113043
94785
55947
55652
21030
58742
42179
115127
6852
16384
83639
107078
56777
14161
7156
14459
115568
59861
98336
52844
83984
100747
101647
92807
68600
71483
93837
124671
112669
113877
33563
102720
109053
60036
56876
40528
112619
42107
47395
25664
27357
43807
1290
116057
93456
1043
17865
32624
115681
81579
48184
9044
69254
99050
67127
81626
114674
92730
116101
75249
78195
103771
5178
73152
46615
89081
112582
35450
75621
50244
113716
55344
39958
58806
10935
104543
123204
17077
39575
12338
34961
88361
105667
121188
94734
108257
56092
42314
49371
32679
94451
91589
104339
72312
99361
77792
51228
97445
25339
92681
3013
11210
34975
109691
44678
73289
12068
8261
25747
103398
115522
106785
6023
118847
19258
19884
21588
6823
69735
110233
109568
77812
14342
71570
122048
45976
86308
65455
5202
2380
82172
74719
46686
111907
52659
45759
40330
115013
65927
90807
71551
81614
72878
45944
45301
76649
35084
33254
94738
20820
122327
21012
41414
114518
25523
71063
21534
105837
65368
15080
27582
101361
90799
118075
72564
18282
64444
20569
14211
16873
106933
117235
62199
93721
26787
120589
31983
104291
87825
21937
76763
60958
55039
21521
97932
28994
92570
35577
52496
121786
89048
75846
28452
25000
48762
118850
5527
7231
115455
54209
71477
111998
72289
111923
91723
34853
8601
31244
4453
42600
123410
98263
51886
98033
108315
101645
47661
114121
120095
122528
108941
120329
90324
92402
85831
87206
110728
106113
13684
81523
24536
65997
81134
17023
64681
107627
123560
84761
82780
44446
120786
66294
61743
79871
70839
20129
78708
89285
72477
55522
25392
84447
121463
113069
103063
34733
110595
4184
6691
37904
124743
34553
100917
30217
88945
40196
118680
69696
2341
20291
80174
19247
65593
120911
10584
10175
16922
8855
105035
118745
73736
76832
99105
62276
114085
47335
91966
31548
9656
62361
63922
16242
60782
63097
65865
96964
29782
88590
13683
24697
123902
74886
34728
17975
80843
95887
109186
68966
44378
56809
106238
8322
107011
13286
66803
94551
22067
66547
94215
90810
82547
60004
72458
52537
22203
84637
16050
62920
76743
109975
21042
22387
87549
60049
17691
97685
36084
43755
62605
51450
105345
71425
27501
44489
35154
114151
10012
91855
35817
2611
27920
17052
69150
100183
56262
96373
48335
92758
12445
14294
52106
118788
29804
69938
26593
4092
49123
9654
72045
5151
107160
108981
29589
73060
83324
44297
92919
57858
63099
86436
29159
91177
48160
17137
101945
77355
90741
47497
31459
11506
90821
63435
57124
59621
92410
98418
58880
61906
105867
55500
25315
31486
34822
118780
41034
79178
92899
8108
60706
28349
33174
113965
29661
79804
7571
89112
52975
76301
88099
93264
24281
82862
104568
121944
74061
22316
28123
22744
55671
43646
55880
65146
91792
69825
32308
114078
96113
118067
77717
63429
80755
4491
121356
79270
11301
92532
77155
68564
26465
24176
119659
51327
27854
50922
36707
45903
45876
7693
102515
22877
26818
59802
93823
20263
113152
108307
93429
74646
85961
109629
116972
104725
10792
23499
33057
26649
6576
25833
107548
92918
2265
32300
23010
57231
62306
71733
1691
6110
48970
10095
4224
37416
45999
17236
118305
14690
78240
10700
3132
59369
61942
20989
64088
6707
87743
59199
4862
101386
30410
62695
124897
8119
2482
36315
62543
73003
97201
98
86947
42675
109357
110053
112866
44761
22780
53608
34465
85557
94408
101597
64488
53019
84020
43732
108844
10131
65704
53107
86133
118799
112818
101822
91223
31172
27026
49941
12168
122070
98289
91543
110388
51735
90107
6367
81160
82632
56135
26977
70758
26067
103513
109667
121211
108046
114300
103801
104968
112982
67020
100871
89260
79751
11794
96204
101894
121288
67606
30307
44556
84175
77106
18307
105866
107491
63597
68178
60902
44074
48731
91016
17866
68571
62872
55810
30415
23380
69356
31941
59294
124284
99174
41872
34127
51281
60243
40599
38769
108930
29772
31589
79106
23203
90427
75814
28830
73850
31058
45710
38419
35331
20881
65777
124624
1540
103505
8066
68054
85587
92013
92389
108743
107109
98298
27734
108286
91915
62539
61078
46675
81350
101090
9396
87017
104861
2496
92503
7775
70133
68920
85146
37428
16061
28683
82945
104865
62008
99390
29620
100538
28639
42223
71730
95518
11890
118364
28257
81623
108662
104561
104382
41312
84855
1188
27274
109892
109033
8603
30585
51428
64024
71916
33702
9306
2062
28537
60252
21844
92051
31896
83881
90764
38775
1801
41730
9758
122072
14786
91697
54983
51527
95622
26686
28350
114986
108917
16163
108987
81163
27101
79026
23596
88407
100638
36089
1259
110625
82994
42127
109066
88904
93416
42370
3263
89844
72842
90894
99223
14465
55394
87002
50872
41306
18526
89806
32638
122341
114182
92129
75354
61952
40033
107441
76864
27720
114258
107753
93374
55871
41136
17466
39126
82474
117504
16613
39532
45293
36225
1756
97672
78448
18918
106594
120205
29610
83099
47075
78520
85904
79936
57119
77263
72615
16352
107983
76506
93385
61762
31635
69852
97143
122334
73477
24066
102738
16202
2596
119130
31552
98099
114024
86103
112574
80936
16049
85095
57165
12292
33002
13938
68974
5572
36375
94838
32105
28478
25553
124308
95176
99845
92208
28134
104142
12786
85302
544
12362
90917
94920
89365
119525
35611
203
93395
95209
72517
39374
26976
38681
100879
110751
60498
100495
14794
47453
22266
62237
77802
39657
72269
86527
11387
21676
1136
121715
71471
45504
33004
48572
54796
88116
47090
12615
12032
34667
15391
6172
81239
124404
77704
17485
26282
100024
25483
3915
7208
59050
123850
8032
22284
93039
88261
83163
58356
71534
56885
34769
59865
97305
8136
31450
52979
25780
50649
32744
34758
47131
5295
32632
108301
16860
18189
124099
112572
39718
59192
93108
98736
37172
4012
73372
76446
67141
60091
123443
56569
90086
80802
36331
939
103913
7104
85153
43511
12184
49477
15556
3682
39727
60849
32972
64342
13434
46933
111623
93643
48444
39506
8228
114385
25796
75172
38117
22037
94906
78880
66285
77950
103904
40841
108219
55647
66943
42456
104083
8150
40716
35281
119721
208
9829
52916
708
71037
96443
19069
71555
109661
83172
83533
61554
35118
40704
34934
33857
42438
31848
13098
123955
48170
64980
48063
88916
33151
47555
111003
82511
106905
111173
43501
55674
88307
23227
5787
19744
29808
30282
87740
54655
113391
105926
83437
74959
78002
113706
104206
92081
17239
17507
101634
110769
22307
97185
60914
38286
10589
44626
44298
93265
87239
4276
32456
73532
115497
113488
110305
42318
122615
56789
59511
10813
53524
56169
47938
111627
91910
86369
10042
27993
101310
66941
2325
101091
117307
59926
90344
3964
29330
107027
50972
54350
87114
24879
80735
53250
29797
95295
76460
38766
104298
103867
47061
109839
103969
42292
61218
105908
41966
71482
92125
69368
86571
64738
18900
81345
116736
54958
86843
13567
61245
62465
71643
71865
104691
100117
31105
124558
109669
54416
37427
54173
71743
117378
79249
75063
54152
95509
70920
91763
34896
44589
16112
115999
69162
56853
87419
31516
68193
83760
64620
121908
37036
61900
21406
99029
24682
109653
98165
20831
74946
15170
46837
13579
120872
103285
37592
69344
46796
69688
24144
70712
101239
74955
14583
117589
93269
113897
87424
1440
35137
110359
113595
14647
119364
33715
100178
81730
108422
54024
104728
93756
49063
88615
757
22042
99090
33783
55091
35885
121075
63519
96132
51176
80282
67500
119626
86745
67158
38883
119151
104880
114484
55164
112213
90404
16324
69837
116515
41602
69643
83940
30364
114324
54703
34312
62227
87229
34348
52746
91695
97187
101049
115115
88342
19829
115428
116939
1109
76601
26387
55016
115758
76861
123078
27538
23440
91554
35990
74788
11290
124604
100726
71492
96040
69935
53003
66899
5013
52260
16864
42408
88770
81618
116974
32377
3084
20216
36383
9105
20098
101516
42173
10844
108962
48982
122003
1789
93759
41548
82671
11063
112310
27270
101895
101789
88212
22434
90500
1998
104216
54422
62439
75605
13626
123641
56931
64430
37819
31629
6872
69896
71479
78555
110990
106333
81535
32898
54391
121016
56975
54405
75720
110648
25180
34327
60576
59824
93023
83045
27203
84006
103308
74181
72929
90995
59985
79762
22628
16657
70206
24224
86816
51213
39167
270
45931
57286
72127
28297
2015
12059
29762
90593
48942
19390
97126
63700
20152
1131
89008
38295
36344
110866
7577
92054
60699
46009
19661
32582
70307
17597
118244
55321
35809
96276
58699
17184
82930
54765
86339
66139
93251
82823
74822
122034
81959
48534
107086
16199
113201
28412
84225
73940
28427
10410
27069
112928
32794
100135
77464
63613
1573
9135
82872
17481
31052
44400
9817
84519
40185
21443
88325
60907
90860
36932
67285
56661
2570
21448
119376
79290
46120
11420
61795
50380
16325
42493
44457
47268
68312
62486
76111
92245
62144
25964
85756
6751
47436
7174
63497
5614
115226
74086
44208
89347
19130
59084
116971
42056
77088
48402
33258
11479
44372
101833
84155
58821
21806
18529
76908
114943
83805
117116
86445
46437
79679
107075
28160
92422
8717
6672
91031
28953
107582
117774
100151
49782
48497
109782
113220
6195
102755
43514
38850
100221
74613
81135
307
3403
11318
86600
91896
11272
64662
37892
95074
122215
7815
14066
63958
105163
43252
76700
92370
43414
32433
7125
23495
115655
123866
114235
17343
49349
41442
55807
67377
34363
17141
82087
110122
60234
91416
111207
72414
10847
5189
32432
67890
53132
66301
86748
115247
35966
30268
115792
17747
95929
28253
89646
81679
34604
51216
116874
101996
91182
34590
110833
34129
4607
25996
16018
90906
59713
59435
85571
124359
42635
32654
105038
53569
13504
108775
84926
897
116918
89467
124755
3750
50985
1908
99435
36763
115002
19235
7454
8950
91354
6094
840
113611
24805
102736
18464
106847
13813
41028
74511
111095
60535
34297
79050
61827
40913
78444
112094
3460
40030
40558
35052
44586
33978
9077
5569
117241
62754
10243
5188
34712
42965
62189
30236
560
118716
12299
1566
105745
31200
88166
82972
69142
115330
40392
82875
99828
55945
115409
35288
117637
122911
97741
90956
124374
8330
64836
9822
31723
38641
105379
28644
68975
13003
95427
98372
57429
9490
75154
90809
26319
40523
63551
12732
5931
64981
46565
67142
1129
71936
81566
112031
110024
82713
27188
12093
113914
118264
82987
40567
58819
12039
26237
82287
90657
93370
60178
17295
105314
58049
30061
49003
107533
75686
45156
104915
26339
121854
119828
68183
80561
57130
23776
66552
123621
101145
107271
55044
46499
92612
64600
62769
4445
35899
63718
77776
13819
23531
31497
74889
50857
38447
116935
66157
22261
96153
48440
59072
43847
100321
53064
68774
1237
71214
86765
70642
24421
42555
115928
4311
16476
42360
85868
42607
103138
87761
118213
24047
66757
11451
76603
5747
99936
77152
19647
86852
16557
32817
61354
114209
80284
26548
87591
101530
13753
70365
60662
46112
105291
71727
25313
96280
111005
36954
21044
64197
100682
13707
43740
29425
100130
123582
78317
81556
100521
56708
104479
37602
6673
29024
65175
39377
84503
64050
11876
11866
39595
75794
74623
30557
22389
94017
92639
46954
102640
113924
17435
49939
124980
121337
31480
85944
92560
5554
105491
69721
48764
51751
104738
73680
115734
66467
71790
6784
790
4034
15157
38440
3537
110794
24692
82196
21915
74739
30619
44799
110754
15234
33741
3857
34509
57079
123697
54787
110385
88843
55744
56325
45712
90856
47023
106007
113240
94581
30680
22856
8964
52455
74315
95690
91042
47011
53615
67023
41336
5669
107877
58083
58184
77495
23682
123216
63303
98343
55818
30296
84818
117035
102663
105970
75779
20424
102472
50243
32650
20111
14429
39088
76367
112357
4201
24267
105572
96674
105360
86639
71254
37782
8022
6247
18440
118795
64933
74651
11933
37524
14446
105165
71445
120674
20893
67922
46298
78742
105948
107264
11905
58058
31637
40944
71024
25109
63498
43175
98448
112989
104487
102747
63186
7285
53605
57664
46456
91856
57849
76828
38035
85738
4140
33949
56568
11422
123771
91196
38435
27608
13542
71725
90287
28401
40271
23137
75638
65216
43222
78142
105069
35447
12267
95947
92134
55507
56725
5307
598
24556
27593
107978
84324
75023
58596
37611
3527
114539
117884
112341
54419
1841
40108
1075
80460
76836
61368
74880
123154
14797
20805
114763
48376
59441
38213
57553
123313
69866
71410
5986
124979
49109
83926
23600
30490
72649
120274
77255
121096
67067
29859
43714
76300
93409
100902
94326
39386
100202
28268
88503
33894
105279
8280
73118
73887
23548
48844
95677
76935
74067
4011
101890
57636
47708
61652
49369
81502
15731
98204
58895
96454
107996
62954
68329
68578
73770
52313
19499
19957
16715
80066
49068
120946
115858
60760
105136
47840
19826
60922
5182
101032
66558
20619
102103
107993
77073
69932
61669
5520
56149
22795
41755
92951
122902
3671
76514
74397
27949
62586
6821
82470
99281
3472
111413
5389
32430
43434
119253
105620
11099
80157
2569
99941
39746
68476
13976
38860
15048
103200
84099
13202
68634
37446
73742
104619
3717
33655
27350
111213
53695
95789
87040
41614
55954
7606
74214
184
63835
105268
37377
114325
117594
21944
33295
60343
32163
81688
54999
86015
30504
55341
112152
77466
10873
19463
115703
42049
106043
35744
21564
18896
65043
68946
82219
63085
88960
31340
20063
43311
32648
18895
42770
4436
1992
79573
68117
73085
74056
106336
24225
56714
79933
17657
116181
75018
99908
114414
85075
37610
45494
1412
75937
38482
42379
115656
74879
15459
33101
74227
10660
33766
27905
879
29022
112226
76594
93694
65954
53833
28394
72377
64555
79163
36235
7418
85149
110046
70871
85201
73817
41694
91519
119434
14849
78985
29436
47979
68181
36709
23174
39666
105858
57472
113119
115298
50054
3474
91693
53319
110118
74885
4510
117144
25855
96377
54578
60269
87090
103295
8318
60990
69895
74735
16651
83880
12557
11554
39887
56370
34204
40424
73095
30404
103714
9568
74709
83781
120431
45204
108875
118764
13223
87785
93284
6209
65235
72646
111593
69302
88841
41239
96288
8323
46240
13087
63308
85615
86331
104173
11212
75473
78200
74689
116207
61852
91480
51497
116864
40541
13373
120409
12942
16879
100593
107340
110986
25948
18254
20274
16592
69023
62125
10551
30533
95796
118663
18857
19348
118378
21535
100417
71826
75099
9496
102139
36468
49859
84211
29072
38099
6903
24335
62968
114441
103132
58702
79036
26507
51236
82951
63244
30835
41171
77881
67748
75351
3560
19323
5570
65453
114776
4545
54325
35768
42923
34223
100980
101467
29835
80096
122429
116357
37855
93990
108978
74898
27492
11107
68826
113689
3482
89660
99751
57476
93593
41645
75079
69933
16446
73272
76057
13321
28201
101082
75220
66701
99907
73646
78631
88688
110767
14470
42762
109193
62243
49424
49143
99544
910
88588
98615
98315
45773
76992
7807
16935
118333
65728
95348
91054
64686
27132
105785
2629
72308
80356
108800
110173
45244
118771
78418
74087
15102
39490
52271
6237
82609
94701
117669
53929
119714
105808
12127
65505
84046
47412
122646
110483
7242
109756
122710
60051
58620
41066
72021
22246
12283
42850
40423
63482
42879
82706
32623
49095
34616
73954
16416
53466
24838
52485
57292
53073
115434
96338
12703
75141
97142
9940
63980
107696
95263
87915
81191
124132
68510
114989
10191
17827
43746
620
16011
36858
106966
16896
5566
38399
86115
59783
105680
51856
47849
123305
26845
40241
34593
123318
42202
110459
36591
25477
85830
41141
42605
14089
38891
109819
12012
14612
118735
92018
98987
103831
78685
108274
82786
97959
1014
5550
34534
124349
98557
84043
81989
113747
86302
87284
13005
93540
100267
6607
94625
105236
38048
76013
120834
742
8017
3975
42618
77148
83964
110370
25535
57631
75992
10293
121546
102308
77753
120719
105754
24532
78168
89612
74089
109981
19513
124700
123959
88585
711
34215
114737
77116
4289
6443
62944
110405
46489
39994
30071
60842
99130
16283
48626
40611
69060
124303
107286
106462
39967
30781
58062
59999
102928
49567
91227
100004
57085
94242
95857
31988
46752
118488
21091
33301
36704
696
50623
88598
46858
50139
91337
42907
13404
19003
11352
23494
58878
30222
50747
21904
8642
118864
10016
45371
62270
116565
9290
36199
104416
71493
118607
27053
105109
1127
64416
33458
116936
14987
117338
10090
39655
61130
85536
45345
117146
101613
75261
26513
73024
103994
47267
30925
30703
52349
112424
12380
20406
53025
1198
27982
27803
44188
40290
108404
6042
91199
103616
64214
81460
8339
69290
32712
26928
14769
47250
12895
10851
109912
55363
30075
5885
45131
72908
110909
26732
30126
18109
109286
30142
49428
38299
32502
61176
75391
1276
73964
106641
43569
18764
37487
123014
51238
100952
16253
74764
78342
5578
73662
4228
80072
17120
61586
31528
39526
123800
1230
76742
11587
108561
11955
86401
106922
32318
57073
60485
106743
105282
120903
113425
109258
18973
110974
92768
124454
51951
86886
56449
7598
27263
85635
76732
3590
5975
85422
109566
41658
73881
37075
27100
101376
48567
21891
26027
69329
2499
42682
47688
7483
74376
71918
40641
48432
11861
89481
97856
122280
56240
24744
80762
120427
13970
102773
5705
57769
24437
84700
122369
42093
102068
6003
7081
114852
83379
690
9495
59131
37769
83492
110206
44153
107890
123860
96913
76910
31538
35882
116417
97926
26305
19424
64055
66759
4369
66855
70908
104916
120014
5275
118969
61831
51696
106625
79697
107206
46158
5681
32769
16876
68971
98403
87568
9258
93545
84330
63330
89675
38611
33299
43373
12727
89748
30709
21760
28525
58741
56781
40453
36443
54343
100781
53864
47466
2223
115950
44713
70228
190
26741
34292
101956
27743
17974
92145
18284
121378
40970
52679
77380
111614
90932
14272
44672
85
31568
43360
115336
71314
57081
93154
108525
78488
11711
67711
112719
32615
933
10211
50177
25424
114128
95440
7766
66038
71102
46079
15242
67493
121267
20767
114218
14421
95103
118587
41667
7574
101269
88178
111861
116416
77241
13136
16426
101779
80724
99139
94784
70884
97089
77839
32021
88467
58015
59261
78965
10173
23458
62141
103434
6505
7313
63417
38223
93511
63710
122831
13371
83700
62468
74066
50046
57041
42491
122579
124512
57496
122666
66366
49234
58185
20543
2120
40204
39188
25044
11780
43241
51350
43229
75969
40344
58691
77011
30288
119167
108249
42924
69161
16096
79578
103089
7556
53646
75773
29564
110532
118683
7847
61796
12584
57312
100626
57146
84741
111927
90650
2104
83422
74004
57149
87692
58985
22734
106418
58577
104806
53794
7097
121331
21542
19932
110791
110925
71372
101964
29231
108625
16265
24114
58528
29679
74896
96649
35542
21217
69602
76459
70936
22051
34279
115414
104646
32634
76093
94237
8222
33773
18197
18935
73045
28305
30439
44963
111414
2382
63817
54306
29605
10886
47996
87316
26188
84806
68110
106661
31296
29401
35629
101275
106525
92554
13463
16123
48058
77101
36792
26400
120338
38529
81379
95047
81590
104161
2524
45807
104442
40630
46050
55008
111541
49783
123891
122273
104049
42465
23304
65143
94347
53499
44047
70681
16266
107425
37314
43690
37732
81436
79375
105446
108360
30422
27739
84688
105729
24375
18864
69330
33752
4340
74535
4831
34448
70573
1277
114486
44947
68099
58782
44086
39643
35994
45531
43566
8453
83503
108214
94357
97666
112275
28298
64119
19085
19558
11924
97537
121728
122331
72058
111968
75594
1273
119929
104021
18616
24923
112491
47998
122467
74052
111796
39570
99756
120240
64939
7014
6088
51644
44845
72018
117056
25950
104147
32553
27196
57344
37349
26745
1325
69047
77072
27180
24424
14466
59719
11836
98578
18760
19776
72344
58156
115096
28860
81670
92437
120072
117160
56739
15532
112316
168
43025
45240
41354
98718
24416
58363
5531
85544
112266
17860
20096
105694
122983
77279
78704
49837
48026
26906
1815
111433
84765
56633
21228
18097
37647
91030
79389
121216
10725
22534
122852
17211
93631
82312
55690
11148
50020
110386
118178
9458
104614
19618
77040
41938
42228
50991
54580
49972
79787
103514
21815
114482
93358
20872
34748
51852
45359
68519
54905
41454
26037
96322
56645
59837
17314
61459
103284
114702
9336
79745
60555
49755
77596
19714
107691
72166
111893
75447
100765
355
29176
124000
30881
32204
1827
84876
101464
52459
37935
89599
44370
20949
48443
33647
7047
12483
19376
70422
53843
60948
98321
24941
3372
26081
7688
74326
38483
120889
102129
71772
3500
93553
1610
54178
55501
121013
59191
22473
36930
65519
29257
97862
4368
114477
87918
24263
25042
29979
49762
61784
65204
122177
78232
57027
23211
119355
53927
86381
66760
4647
116734
96673
16300
47105
40037
61861
38078
13555
30426
97109
117186
79986
110590
80076
21829
95424
19726
56599
59257
17764
102227
77503
36603
122017
39782
93095
46359
29755
38340
3122
71417
31253
2012
20
111063
52603
115021
63634
10003
66255
57264
13620
35031
2854
9839
36685
71139
48784
81499
20735
23845
23188
592
118111
68431
19337
68317
22803
106529
35252
16502
6269
37946
38130
63365
27583
90818
94594
17674
72495
37565
101520
88613
57226
38380
98527
12544
44508
31503
42876
26771
74135
53057
99673
16869
62054
5077
108634
64095
44960
1684
16073
41205
86294
58182
69530
4199
119675
28728
117822
4871
65473
112292
19703
100848
38075
101565
66475
43766
123076
88596
54736
63426
8387
38401
34105
32702
13330
5292
77600
31102
57281
21417
86508
63959
7675
41197
18134
2941
120337
115492
71840
61185
106896
36389
123939
60977
117316
74320
77886
110505
38027
94465
2251
2847
97804
18949
108911
9676
21599
43618
79806
10838
40967
56632
63212
58927
94641
95787
30669
98880
105312
66528
104452
70166
108045
108832
70659
3689
83679
77023
43422
45714
119811
33853
25504
94118
40352
120347
84538
15630
52577
107269
25857
65
32240
100596
60172
98094
102579
51269
880
46141
110916
5196
90624
116887
12120
37933
4896
30238
102882
5318
52353
77390
51676
19892
121698
5841
9219
15875
41021
47565
74769
13130
80218
54427
67837
100147
117662
35369
31163
35602
73173
44213
54168
39352
77817
32156
33977
108714
11220
89253
44393
70360
79063
98462
92386
13786
83063
9841
75123
100528
64090
66657
23372
2907
38584
64045
93447
37830
59149
25814
62401
60650
41026
89088
114908
109242
69808
58144
103036
52001
59444
53785
91209
90398
71174
46951
94578
69901
100192
10369
4127
71924
70068
96587
68250
44751
62449
104850
105008
25011
92580
69552
7674
117218
44066
67893
67078
3641
21510
7973
28088
90778
432
102005
10096
74937
111635
116850
26045
110947
124695
103441
4703
8777
493
66756
104077
63256
6405
4230
25946
16511
80192
71944
96335
34151
88867
20395
61819
112396
61004
60124
111341
2691
98325
53561
54197
97162
123498
84317
92973
80163
11581
23981
7698
52570
61085
13816
7254
123930
87121
51019
69645
15756
45779
16566
107599
33153
100235
92224
75532
100444
34924
104424
48316
117127
15914
73565
106341
87161
3427
85625
30681
75259
28843
74859
100532
24210
84536
89313
31259
11538
77769
57753
109655
7856
37193
91842
75709
3166
99210
15113
93742
53305
81912
105420
78108
86649
6080
56040
122087
76945
22288
41873
112169
67879
82630
79899
116301
121121
112722
104251
20646
76750
17193
59547
99520
70035
92873
44294
42430
7889
25065
73949
113734
95555
93107
64262
63038
46969
16412
40015
93972
4529
20993
99074
10149
35810
93824
86110
69010
99268
26992
58722
107079
62497
92841
72814
96813
52918
48331
51325
64726
104897
68694
108628
73379
1984
22365
59357
30162
60784
99653
55440
56742
24783
9598
55115
91467
13953
118647
109073
93026
33539
62953
112973
92229
59776
62252
30101
69028
58079
49596
10608
6316
40677
99496
65513
15623
104592
44361
101350
116922
11339
22111
20693
110028
81182
87501
39592
15487
109027
106862
109303
56598
34305
102115
34019
95065
89861
64273
15902
113496
61595
100438
18416
44219
46725
1916
105143
52198
28213
111335
111504
73133
21833
110034
99862
51079
45896
6498
41595
76529
5971
43492
108827
15936
54527
54447
41371
77815
72834
104998
67012
55138
12884
102131
97170
74200
51579
58518
53563
60358
107136
49471
86798
94515
100101
77422
95598
32603
7213
29348
11531
118269
22556
47343
35503
67565
22241
71380
97323
31839
122380
113016
115062
20069
49353
68380
44661
42521
60549
41736
30973
51270
81562
52461
77452
91314
53288
44592
96340
102689
107549
88023
14616
118453
91033
63650
110469
105795
83914
44351
73263
101611
82283
68248
31933
27296
7681
51561
17933
4834
100875
30044
4950
15504
87317
115100
62388
99292
8595
87860
43361
84985
56242
35181
71979
45339
54323
9537
84610
86614
38363
14566
90653
75860
123593
104791
29100
63086
10975
99269
15018
91996
96139
21133
2271
111524
86575
72460
54477
30780
119705
69708
42308
15860
69484
21532
13040
87839
124969
70356
9056
91167
102033
10663
66715
90327
29778
98650
38393
74457
84273
114994
83631
106891
66648
50259
115941
56304
20256
37574
68450
10165
7960
82552
31791
30924
8905
51821
41718
98120
99409
96269
1584
105611
32620
104463
26253
111820
120295
40235
50722
46018
13762
41600
117418
122355
51422
16940
79126
4151
87637
32444
87516
4942
113999
64103
128
49599
5390
378
77579
11801
73722
14508
104182
42322
67484
2354
73947
85586
121078
87203
108460
46054
86207
104660
52804
124431
33650
55097
77565
63905
101817
41745
83946
58262
57036
41181
68137
60978
90531
10599
98006
47676
108787
65254
17019
70802
101020
34053
46177
20174
60282
124178
36448
16769
5427
48995
5782
61234
58421
35778
51262
48408
57291
115202
54914
34130
9600
19949
70720
33791
124680
47389
77652
120074
20010
98898
84186
75568
62255
54959
122602
105844
4339
120753
93054
87861
10255
4149
20628
75699
14524
103694
30135
3827
108768
65563
86625
73383
62548
57821
97380
89521
14755
46374
20842
68223
83181
67292
122412
118648
119102
38515
93236
24581
96201
77119
108364
72128
73794
65412
84216
59596
119078
68043
55246
9118
57037
31079
82654
71266
26394
8313
118742
61957
67255
55727
109114
68408
12915
7289
83723
92466
66422
56161
105584
73331
88691
117197
47753
79095
102050
122662
26762
21589
31275
104227
34394
22669
19471
10346
74574
38402
22146
42641
42991
14033
25179
39961
110515
35177
97517
21539
6718
81250
124207
57169
84032
67998
67995
107614
64793
12240
59787
70290
44977
106998
55972
28003
97999
113852
83968
33709
10943
6793
122116
53985
40260
4191
55096
59859
94798
51988
111639
84340
60674
64109
71473
88238
105730
18461
57227
115762
87536
44569
88910
50131
81991
15226
62960
99650
16767
71161
102109
8852
63756
5043
100567
124916
88473
103894
77613
89425
14671
80677
13326
81606
98974
117773
79595
87967
2578
119876
25092
88501
93659
60150
67739
105215
80625
81774
121781
53257
50902
107837
16042
124466
193
81785
59951
33061
39982
2108
70180
15851
17276
56905
22103
2060
51688
78165
100537
5868
63487
62213
41865
121995
39867
21137
6261
46441
42187
111530
101811
112715
54200
106720
102010
91487
100069
108327
39821
16406
45960
26939
60259
35061
12157
102719
65904
91716
6470
18248
110937
44809
109957
102797
112647
104127
58657
9483
18229
27812
86479
55921
61359
115617
96902
56832
3662
66126
68716
50150
71478
12668
80081
41860
43494
50538
18300
37744
51882
32138
35419
22503
49654
102444
85836
90178
99061
1222
12698
96190
23860
83727
99065
30480
30799
95180
92506
104359
24831
47727
4823
23662
111754
20622
75533
42518
95339
83989
60377
60721
33869
101796
68173
33144
119850
37194
69902
62892
31487
3233
7415
86860
116626
39164
6519
11710
91353
55261
106110
98309
74459
27429
40324
89196
68130
79415
12388
10884
117646
122488
66358
15461
44500
59653
96815
119155
118278
39921
64789
124427
79388
10914
115485
4038
102601
48815
62682
87055
33764
39702
91884
94100
41845
60844
102561
10023
53359
59488
13397
8739
121182
108766
66718
8551
53805
60878
26470
114270
59902
103909
12501
76108
16337
49706
52585
89744
2160
8696
64441
46086
103071
66708
107751
26331
104038
120650
39484
85750
98408
41983
101102
21568
98206
34809
116977
72798
5079
31748
41519
67198
42523
3968
108633
28587
55029
112171
48773
49788
27494
63675
24013
6804
63478
113522
50726
63440
83729
86537
18443
110817
38865
22540
45993
76464
32759
102609
74043
120796
58249
95961
105779
14679
123427
55909
38947
79608
52649
106620
101858
21151
99040
57387
103787
116319
41642
74824
61982
111049
43685
101526
50291
59406
18502
91247
3314
2640
49370
68269
111382
81175
96648
64283
5107
36660
86282
119729
33597
121026
39024
55373
46130
109694
22
24015
111572
48003
100104
83011
5858
120021
19800
53382
97314
77684
115174
10479
9484
21026
69885
49977
27438
106621
71307
113070
72979
33256
93650
57475
9847
67307
34251
97135
1894
59280
114817
34242
72543
12062
65062
36994
48513
15749
115350
32153
93796
50697
97341
72492
46254
45533
107519
109777
32050
2436
110451
59710
96823
13036
62752
97017
29849
92814
11266
54589
11464
111722
55965
9175
43409
20618
109860
17484
86890
116563
53316
47149
8946
38782
122297
99698
20695
64439
72511
119099
69691
68579
6589
99189
124279
21843
23283
50168
66429
1845
49495
54359
70876
25024
3610
10895
81126
84841
17554
76975
59525
123887
72522
82299
39251
72293
85972
11716
98242
107478
80136
72153
55040
28902
55257
112694
27943
95592
111638
26590
6064
38702
51023
19135
90146
11283
32947
19511
39248
95438
66974
98772
83799
81709
99774
5695
61655
47319
85929
115155
118736
62843
87294
89191
9045
9163
27686
5454
44041
53721
122937
118255
122190
46041
40356
30371
99293
77605
83449
39865
37242
67677
25084
63495
54338
99737
110847
38884
619
16993
94507
81290
114842
19717
66082
63283
21688
79944
21857
110656
120076
110334
96877
95035
17433
114257
17094
55118
88810
63333
108277
32203
10797
47375
55630
95696
36176
65710
36694
17290
70746
49334
38748
79138
25696
29777
75303
25729
1028
32931
53790
10953
29963
90131
31808
7260
100016
30227
22872
688
17402
45454
85140
2279
1335
52559
65090
33383
71735
124383
12009
4417
4880
8786
73879
15994
124422
79830
69372
50718
118988
109203
61611
27503
26864
83370
90842
2340
65949
111498
56733
55607
78646
72325
76934
90022
109136
9305
60435
35856
87233
43
1049
96591
120119
113387
57364
90562
124997
45193
109146
116566
13144
123173
69506
27683
84779
64960
51507
12629
59688
78357
86202
42561
16714
56778
94483
103552
82503
95008
24594
89254
65196
47168
47954
35401
98197
68913
87677
78208
123675
33175
92016
8874
19064
86591
82015
55416
118975
52102
38864
40110
34725
102007
43123
104503
28449
5944
50695
113497
63986
83155
103745
50471
52355
18472
66035
108802
8402
8001
54097
9277
56238
112119
31465
58270
124832
2214
52945
20902
77983
108329
36578
15727
42760
32842
38550
49486
24864
106761
16600
10916
101884
95321
87290
95160
23665
27896
88818
122346
61916
10728
53873
53311
97509
96861
5142
52010
17388
109281
102592
22646
94154
97508
8529
86774
10445
115007
19212
96414
35482
17796
1922
8638
39932
38774
122384
109327
3463
102784
75029
95550
28392
66811
7196
88723
57068
96984
18562
27705
77628
6447
53614
38617
31726
114381
6610
6578
73746
3097
65161
65712
106997
106615
74094
18219
73064
46135
75729
96726
20277
94514
914
110479
119329
124238
47538
8142
15066
25357
101816
44327
107525
34402
111357
120101
71648
63911
66305
120372
103842
89813
117112
39189
56850
54696
35085
77755
64021
38465
26267
40547
93413
2786
48606
51402
124924
54524
86628
109772
7605
12755
75174
45838
84212
43608
35308
21560
124369
122849
81505
100337
12164
54926
69687
26065
26337
17769
21707
89405
100061
104517
100059
89967
58726
93171
31864
119015
29955
86182
99984
20104
14764
23350
30467
122744
82040
52424
99958
64221
68586
96558
121558
109390
35189
77519
77501
13258
111368
90551
75428
80818
23453
9421
46385
21637
3787
4678
90314
108914
11080
15813
73930
37481
75244
49889
98494
101972
102226
77615
13666
62717
68941
47163
61750
6072
122038
112303
48008
118831
62847
109734
35913
64422
114284
120605
89179
119726
45891
113758
57034
113072
100352
16886
123748
41240
64944
121761
79929
27116
3332
74132
82865
55738
32757
121107
24234
22022
92046
120450
101543
64542
91755
40427
99825
91986
90078
87798
89505
51341
49358
53979
5694
63869
16214
53518
60503
123505
116174
47783
104989
5762
78655
42355
73547
109457
123371
116005
83335
11182
18863
50110
21142
48817
124560
118054
42388
15228
59541
65676
112520
34324
107702
95724
77894
46293
91659
97866
80512
101004
111301
16095
53644
109441
61630
123586
44309
47856
122459
111038
91335
78586
4133
14385
118053
123824
38537
38881
27185
58018
76213
124261
123859
8760
52385
39572
90035
94216
57486
58172
42036
68188
52943
117032
57064
124141
29298
26398
74294
28229
45708
103252
56588
100243
44693
117390
26004
47957
17991
40765
25454
16841
11177
106963
91670
20668
43787
28840
60227
86993
28159
40919
70621
112693
81275
83095
85915
20249
78979
46631
989
75434
64423
116813
62006
106989
93633
68996
82252
68297
97955
62822
5947
838
32327
92152
104600
86773
67834
9412
44653
61095
4944
87693
68827
35846
89932
89832
52615
103122
94332
100557
71427
30491
68908
87751
90019
96586
89523
70601
55575
39859
101751
78510
75765
71180
29861
68821
95494
35192
61414
17568
6294
119813
45852
116211
32474
80606
4449
108690
118859
111745
43864
43166
19686
56692
116520
67056
37035
90210
29346
9562
105551
67920
60894
43431
80239
101209
65917
48541
72918
22833
110667
38846
76765
63150
60339
63133
69737
110309
2263
45680
19152
81884
122977
60611
66713
73082
120443
58277
74691
87291
93381
72467
106076
39591
107105
73570
87061
117855
60017
60045
88542
83714
30748
88825
5020
53004
15290
38111
53278
87755
100042
28870
35683
10209
123139
42242
104225
16579
88125
65831
59039
31343
84197
79982
105619
10588
54614
41781
97727
59731
46904
810
9053
8693
41438
75216
14940
514
9084
19728
64506
60299
121141
79614
121648
8875
32909
99906
115576
81223
80132
95558
33683
40171
852
57638
70432
5517
123835
45998
12114
45612
29210
111906
37378
58993
36677
70046
13901
92642
23866
109701
26779
13112
24830
20225
111537
1291
87138
7280
96621
114822
85269
36294
111022
108126
87108
24668
42450
48796
55552
117260
99352
39001
54763
64387
91435
72559
52601
70203
24696
21334
54156
105334
1310
91246
17678
12222
84947
8358
40512
14705
42328
31550
67326
22385
14522
15357
26239
109371
106042
75655
38230
35536
26746
49492
102297
20617
40462
64908
104317
94005
115550
12648
115832
86770
118401
98248
9149
81930
94661
109638
107201
71744
54002
103010
53373
69680
79793
68772
19187
38605
45417
3900
42496
41032
30253
114056
32125
58675
97365
56791
35854
59652
93427
114598
98115
100442
24212
40672
87621
52503
93351
118226
98717
98170
55618
66825
62850
88484
29527
67329
30846
99933
24429
90101
120478
67540
76524
89242
61933
36961
50618
22560
89321
105700
105506
74733
34093
107375
71053
124061
20779
123254
7007
91643
88304
51564
28586
24161
28761
27626
124769
11153
48697
63364
29760
30200
17084
1397
111185
74164
102329
96262
37306
57925
5340
28304
12603
81467
55866
39687
115035
83123
103053
104019
8879
20883
83846
48936
112530
44870
76495
46960
40220
117051
38009
53868
39215
82747
86442
120869
70175
64094
41767
13696
88835
7339
34070
92735
21732
23809
63553
66504
102485
42589
61857
89572
120805
49510
120679
22844
44488
105174
93321
22326
77990
94819
95459
42912
35956
54585
90125
53144
6012
120015
32864
31040
109919
47087
101653
96579
33244
101716
55505
71406
76830
13413
3167
1743
24557
113271
59548
12060
102504
120110
54190
12485
55391
32861
114635
2814
10224
118897
63938
27361
116325
73159
101770
26505
33800
47759
48413
87594
2745
96538
60323
8838
120662
17946
9597
92862
63389
41010
16780
4552
89564
14487
91423
45022
59752
109814
123892
66758
121673
88159
109016
7549
17328
93753
46466
2216
39947
116032
76158
71890
69791
17632
42052
81327
4046
28708
3274
1860
12536
60658
49826
106089
28791
103794
60486
59963
67083
87353
9487
98852
10283
8660
64820
87814
108080
103741
19526
15058
60837
114749
87058
96794
20587
52265
3281
64503
50788
71367
32777
58680
124674
110416
91547
123618
75376
11419
83577
82814
52047
54380
83916
12136
101087
59074
35086
117490
51123
335
14938
16317
54135
123294
80060
21890
94684
23003
