23376
2615
12967
1261
17816
26531
3967
39416
9459
36169
6306
4840
29341
26917
14625
14680
8862
36094
36631
14256
19917
1797
20704
9885
49027
1455
18169
19248
38410
46704
35543
27837
35021
12470
16950
40274
29585
17068
16501
30839
25819
32021
36345
4123
43364
47922
42009
47698
41872
16776
36095
36819
29955
14726
41116
3753
25638
8214
23535
30335
18048
33623
2537
48618
3309
16920
28650
35971
6236
4421
25893
12688
40435
15106
30306
49279
19485
12982
25888
6113
48509
22448
17001
19919
17301
31160
28894
49035
35822
21546
49670
29114
12716
25951
48625
11087
15141
33191
24057
4448
42318
20829
4853
18922
34524
26871
31934
22171
30975
32868
25114
29100
24635
40673
14290
10149
25559
19466
41893
5055
49945
7631
32311
20114
37393
20609
24032
38353
17132
26443
13056
47704
27404
32481
29319
3329
24484
34657
25624
45958
27964
13021
28357
31491
34539
20604
30665
30605
6661
16706
37268
7494
38388
5033
5675
45894
610
7454
15377
17693
42942
7856
14215
30802
9704
31687
32465
40775
31733
35197
2669
141
25825
1025
17783
2818
7555
47167
4336
5953
28881
34535
29730
23460
39681
30901
37602
22031
34277
38215
42160
14298
1854
45265
33041
3020
28250
13966
37093
37685
48692
42272
21744
48490
15678
4218
22072
45008
11198
23250
41159
18351
45851
27081
40745
33233
5292
37854
48175
45859
9715
6123
8901
522
45416
17096
35036
31786
19983
23563
19942
5100
23541
29494
19869
33234
48884
25225
32717
29046
31361
49648
45426
19140
31251
48805
48804
16763
14856
49451
30896
46857
36651
44341
24217
43902
11552
15067
11702
5552
20315
29069
877
30410
20218
14870
41157
2213
15514
14206
6649
31064
9693
20997
23426
37844
8827
31391
13711
14403
22193
28656
10225
44704
42457
41706
30097
33106
23901
34552
41401
35711
29432
44725
39702
12138
28264
1796
18262
32503
34385
18297
28669
20931
39312
28424
3504
35552
47200
2299
38988
7798
25188
44675
47909
29320
3173
46459
32628
4532
14862
3203
24698
18489
14700
8922
19803
49369
49911
5573
25256
9390
40919
29844
42651
16810
11096
21617
13761
26293
38168
35004
47877
15147
48938
44688
29296
1657
18128
34526
2110
6031
21616
12033
8479
16450
26687
13448
31315
23619
32327
34712
4913
10787
30332
13059
23266
20489
38627
12738
20839
6118
17454
26050
30213
30218
34115
13613
3093
19426
35953
15504
12809
29188
9896
11770
41166
20946
13626
1604
25306
18981
13180
12485
38349
24148
48448
34710
27181
21775
44565
35821
34281
31601
36775
2321
45148
15975
19023
46353
41477
9664
9055
30132
33930
9447
27220
2524
8116
46423
47439
17428
14023
31855
19713
1624
10568
24421
21409
11881
17197
6686
29380
18539
7335
35239
23379
20995
45336
38592
29247
43445
29524
32508
3938
1486
7708
9026
32599
24175
10671
37548
28693
9264
14455
48578
49487
27845
6392
7170
36257
983
38773
7230
36546
36980
216
22177
45853
8458
48827
31152
19444
10600
48356
31663
42388
46528
27940
2720
34454
20157
14068
46516
36999
26203
17796
44148
958
25936
41730
1820
19488
35709
47812
14456
17123
23729
30539
23804
38040
31598
10522
7064
8048
16412
16323
37485
9119
43406
31119
11617
19520
39839
33653
43950
7229
43469
10188
34996
26518
44162
18464
20759
5396
62
34599
2817
10594
12565
42021
33024
49218
31785
34933
29742
42102
13358
15968
3786
42581
38141
23621
23499
10859
16475
23709
42477
31302
13147
35909
42030
28584
18732
22670
12692
36255
38163
20596
41508
14950
24705
31707
7733
24489
22989
13285
18281
20647
15409
22449
25738
34175
42915
47342
21209
22805
40561
763
8920
26926
4690
12015
16675
222
27634
31824
30251
29993
29020
35120
43423
3205
36654
32031
18754
41051
48430
26983
3676
45749
48233
20714
26551
39614
34703
23310
5801
20138
7246
25017
40826
28611
39966
1528
45648
13033
35928
26475
10099
33105
48387
29805
28943
31133
4361
194
8352
35754
30279
16024
14918
10391
20323
9789
10227
15912
35785
34867
41
22910
13060
36608
35638
40536
45912
5550
40310
8484
45709
11022
43818
851
2843
5350
25004
38692
28300
1507
6462
8478
28037
28836
44486
46145
47875
39565
394
15973
11457
38398
35195
20775
39042
30188
49722
33319
9941
22218
30620
22906
49016
34767
29638
12915
23948
569
1028
19013
10899
31766
20034
15272
12165
14579
20443
4278
28552
12404
4355
37399
15564
6557
30562
18637
41606
44346
44828
42436
26412
6646
6538
45297
38275
24400
35708
23441
41771
121
24415
34470
17840
19560
31300
36805
41495
27934
14132
33291
47553
1845
18151
35273
42902
37765
43965
28000
18266
3866
35115
44017
30850
47039
12877
43093
45229
42906
1166
49768
48399
497
13077
21567
24826
34573
22528
1849
11296
9150
12538
32485
43566
33311
5358
32135
7118
11943
10850
25691
11879
27187
28459
12394
22695
7394
7826
33039
22499
1176
39261
5347
2312
39213
24859
30657
15193
45811
16524
27395
17486
29834
44987
46354
380
40825
45537
4446
20805
15394
10181
33709
15416
45038
12521
44070
15166
19709
3176
40464
34050
28548
30152
41325
22916
27355
2877
4954
35202
31580
1986
7813
43037
12581
4024
44771
39111
41017
37680
34125
31407
39353
25739
33080
43176
28606
2201
43355
19901
1359
22734
29293
46105
45513
47031
13164
44186
9416
39034
41286
46623
21092
11396
10252
31026
3906
46999
26805
47048
2065
4567
29344
26086
17251
49854
22312
45456
17194
7617
48447
8241
28494
18987
29752
17427
6721
1746
6679
22275
13435
24442
29148
45466
24957
40044
1201
36093
4464
1560
42086
38828
7034
9095
9671
7327
10422
11064
11650
12928
20032
3312
26238
26905
5971
8445
25574
1465
9979
25113
27486
33938
33762
36542
11001
34859
37567
38784
40517
22743
43192
46044
41604
33707
36465
29053
24569
20641
32959
48791
46515
43799
17509
17527
49140
16993
27851
17738
28477
21989
49726
21471
4079
12067
14114
41251
11502
7278
18553
16625
29337
18937
39662
30002
49024
48494
28923
46458
20
36541
29185
21038
10044
40237
43795
17014
3472
11318
26133
23679
31563
23323
6363
6039
28315
42323
18852
9953
7527
32147
3257
5509
44130
34918
15775
43837
6584
21607
20312
13770
15524
45237
38581
12158
24373
28817
1743
6404
22996
26930
43510
13906
9574
32527
36599
28107
38559
7835
7983
8129
2427
21136
42049
34261
18271
42731
42623
30029
30843
10497
43426
19930
17008
38434
11869
37202
27660
9135
28096
23978
43211
34395
14838
14035
45733
33950
1769
1220
5316
46950
18892
17682
17970
5871
6521
24681
3509
5997
919
29731
10717
3156
897
9126
30920
33535
47318
3386
28660
43065
8573
47610
29021
1679
757
14905
3407
28670
9625
27627
14900
30033
47878
2812
35959
17633
44726
48156
42766
22298
31983
12832
24532
20273
2791
7599
27315
24092
26108
1677
6168
10455
45509
28328
25759
5229
9996
480
25420
3195
22939
12728
11528
15701
16221
17903
13252
37920
16166
27489
23094
49642
18880
26989
12564
45939
18622
27171
31884
12178
48392
21186
48082
29765
47908
40855
41757
20975
31121
28851
9385
23755
37266
45835
41792
14359
10755
37229
8368
29884
1312
37438
40606
15911
35007
15798
10813
17768
43988
16098
1458
3428
20175
36167
6119
36281
7356
46776
1066
1695
19024
11173
45990
32827
30772
36741
2251
8051
26464
33571
16037
36663
20232
25316
45706
28551
49958
8801
13957
39455
44660
1961
16328
38707
21920
14560
22379
33360
30320
39762
16945
18110
20827
31676
35386
13994
29661
25499
11458
16121
23970
34834
7462
49187
17214
10558
35474
995
5282
15154
49222
495
39384
14860
22644
46020
4631
9100
9057
44467
18062
20311
45236
33514
20405
43475
22196
22304
12482
35057
20687
49312
33760
1886
10761
40768
33970
49695
36753
30287
17589
19656
26309
39679
34421
40155
8123
42913
29824
27407
39931
5118
44132
31246
1998
6108
8877
39929
22285
39594
42394
8980
10371
33052
45106
35146
11711
14789
39329
40361
4317
35524
17687
46581
46596
23098
26186
43572
16253
5888
15403
39125
5
32679
22109
41287
33980
27879
45963
30525
31852
29393
6240
48803
690
2512
8081
12080
12336
18437
27647
12105
23057
27629
11505
40588
27501
20569
32930
19618
44113
25172
24964
44065
43429
46400
33553
26891
35956
2274
31592
42700
46832
27618
29406
13791
2759
22758
15253
14737
27216
44294
11756
38554
41081
36645
3940
8932
13837
11582
6863
49401
38119
43856
11065
29101
27241
47557
44131
47845
23581
24210
2503
30159
15424
20925
8305
28918
6813
22228
12674
45443
8865
9011
40960
1492
49806
29581
33487
4302
38691
13560
32474
18093
33991
13420
41156
3836
37030
47626
25823
27855
14505
35494
45491
30483
1574
22538
41308
1092
845
48427
35861
7459
4655
35945
8688
37325
10846
6869
16715
2533
3356
45545
16977
15001
29280
25466
15002
29515
1241
22093
23618
47186
8285
33678
42737
28859
42824
27237
20646
48134
43414
12052
49094
11885
21041
17506
34845
18055
6934
27251
14880
37286
6758
48562
29058
49856
16382
2439
36774
38424
4073
42131
43264
30653
870
43777
23
37524
19174
16933
20528
263
5006
27196
5221
43667
14790
41012
4116
19251
21100
15647
39636
20632
38234
47514
9099
6892
13373
14638
23328
43888
31055
29315
20280
49402
38126
20762
1061
1468
25281
1091
41108
26933
16731
8981
24539
43266
10780
7771
9178
38058
29215
8495
20886
48656
6033
24468
15694
17601
13614
35107
19754
20337
44126
4365
5670
10133
44110
24950
47751
32546
43648
21784
8644
24095
31516
35179
31956
28390
38934
20162
3993
24330
18125
24538
27541
33324
19264
41548
8056
4801
3129
1070
27482
434
44941
2188
40537
4471
25670
41343
18106
12888
25049
13498
31938
5352
19614
37812
41189
5686
20796
49198
6369
4502
41824
46230
48471
19210
10941
44127
17373
48124
47803
33489
26264
2348
33048
9894
30212
5708
494
25856
33898
6124
36296
49342
35136
48049
9739
48572
11775
12845
44584
13368
35636
36323
39659
30017
44242
49544
45156
28773
7776
26960
9518
19739
11772
41050
12044
40241
16477
14098
1694
4676
48139
15651
22239
4772
42727
15895
18246
39308
29957
25755
17322
10602
23177
27432
19406
19510
15531
18927
14144
8833
25807
32366
1731
36256
31689
28632
24094
45259
30386
23299
24572
35335
19062
30836
24116
34105
24937
7580
27533
48345
11161
28770
15862
17388
39534
9799
40258
43656
26557
31538
35226
49660
14962
2058
11008
13531
6625
14134
33238
2332
8260
17583
38187
37261
43156
18286
38460
7686
13931
35862
30242
49985
45502
10306
43678
16330
47957
45053
34803
24379
30433
38006
16588
43035
47509
47499
2685
36458
25243
36260
45270
5596
7739
45318
20368
8425
41354
45751
16394
48867
25513
18681
10834
20401
12697
13607
25433
25328
15173
46228
38092
12458
19425
2861
23077
41384
16886
5925
17744
5424
1580
26780
41302
28897
9650
30827
29127
49176
42948
3669
32406
17587
13665
13583
34780
33545
15882
39381
13965
29481
24645
15020
24501
21256
22693
32621
3976
37899
38708
44153
38478
28788
33974
45358
9797
43671
17631
46306
39751
29408
49593
17952
18697
46209
5306
28854
5506
33903
15295
16249
12666
25989
47574
17989
37033
22509
37106
2994
11250
35841
28593
7871
18711
44460
44279
32043
44795
7783
45965
8113
48552
27666
36312
35292
27537
36020
30588
22753
44117
8630
5889
46816
33440
8385
28509
1393
9352
9832
17019
33685
45595
15653
1108
34783
25123
7899
7603
653
43111
33424
1948
21080
2379
2497
24515
2063
10452
6618
24443
29578
9174
16875
2366
30102
18218
20797
11217
10643
18509
17339
22942
20340
9089
25005
24599
23831
3310
25943
31597
23132
32786
28711
26277
25734
36008
37200
38914
36176
17316
26420
42426
48326
41980
45286
13227
12531
41565
48715
21927
42164
42338
5845
21266
47651
16775
7312
29178
34224
8646
45337
35319
38249
35883
22050
24191
25765
11481
14127
18354
25648
27688
930
47524
46249
1194
25689
36395
39677
35797
29979
42069
35025
1853
4488
26099
37311
38394
44986
25822
20113
42756
46846
7802
33248
1739
27951
42710
20183
49277
3335
48478
13641
8878
15826
49776
39533
48554
3962
20103
34637
44786
7353
6244
19928
37048
38616
15486
164
33173
34291
256
31214
40312
27427
22118
21126
21868
22447
32411
20571
27693
47461
13050
15866
15920
45560
12612
40007
31092
23528
19476
3661
31051
44022
48282
7501
19240
9719
33831
44262
36486
24608
10423
21932
41210
22636
28371
39689
4139
34244
38570
36845
12753
22863
8704
9274
8697
8803
34577
10970
17382
5288
16216
5334
41895
42752
39622
28665
12712
18671
41746
43883
9728
40050
23673
48704
36234
49559
37700
47001
43964
30864
43282
32530
26918
29466
8805
47347
1462
47663
20288
6163
43323
23823
19874
10019
30457
15085
34460
45998
47789
22137
19301
28895
42958
46746
22596
47562
48141
43150
21395
48826
22403
10589
12353
49568
42409
12255
42474
38805
24052
10274
42324
31067
10320
5420
33884
38788
1860
5850
39297
29474
14674
25215
35037
11005
22150
12234
49223
32153
39139
9044
39483
29057
7112
33700
40261
35504
2735
41533
37720
1572
32704
30930
3691
2582
11607
31396
42698
46929
32512
49317
30166
41499
40990
28908
25838
5560
7514
17269
12852
35546
13954
42946
24237
10738
35947
31454
39655
582
14379
45658
24470
46978
32938
42499
49191
11374
27305
41267
1215
34736
6800
2911
14681
5703
9022
8488
49665
17584
9871
163
7054
21881
8188
31781
37095
20062
42888
49569
14919
14151
3361
8223
48722
31304
35307
15386
1451
49452
47396
7678
14756
24792
29751
39166
9712
655
49917
41088
8956
43868
25362
46348
8711
39366
47847
28813
33001
49928
34202
2953
44409
24204
45178
41129
42539
18597
9851
36610
37611
27888
34223
28089
43289
5722
35565
44560
34881
34411
10502
14124
2867
4917
29002
30890
37991
1339
5551
31262
6492
4414
9709
20706
42189
3724
35880
29679
11995
37501
25643
30023
19233
40723
36222
44566
13734
35961
34134
43816
47447
7641
14485
46272
49702
45378
17529
2294
40964
26341
27182
14482
11780
23868
32756
13254
26156
16739
14302
1207
35062
40270
46338
30292
9718
21620
45873
6526
1653
4151
20917
22738
40123
13985
23378
26562
6157
30014
7414
2059
29350
21824
33522
7806
39062
43171
30474
4035
48838
45855
42719
10059
21360
5228
5250
35891
44844
14760
25828
32414
45943
26575
33960
46561
4795
23848
8390
32271
7773
2061
11090
28358
26776
8903
14536
13001
18064
6855
37173
38911
48930
4882
26925
10284
16193
35654
47175
19849
41152
36291
20406
1744
37727
19320
12610
45377
2876
40504
40220
19134
27207
38400
42461
41181
43872
9081
21342
11220
10218
33193
38524
605
45620
9532
384
47492
2992
3022
8822
26042
17982
13248
5086
11049
45598
16172
1326
11000
25097
21749
16207
1464
26403
25621
24307
37358
29509
44248
41092
32729
40161
34493
14136
1714
5286
13364
7357
16384
47079
28568
43188
8372
47080
23559
29664
43095
13924
39343
39725
12545
34851
49384
18979
45134
17915
26200
38192
30049
21713
19164
39649
3110
47707
29128
31895
49817
4309
33525
49473
17802
49562
3102
3483
48854
365
18843
32804
27126
21786
47954
16315
49190
29233
20230
1048
8401
8430
42406
45607
11618
19213
38246
24808
35746
19115
35328
48355
28181
15058
40573
24828
37406
9519
33378
31641
3475
11047
12883
13666
33478
28381
29739
2516
13790
4757
15369
13885
38643
28403
47071
22257
19872
37956
32451
8393
41651
32365
25443
44079
47589
26039
27519
38252
27812
40749
17855
24534
48634
46626
40619
31650
2982
35186
11400
3743
21668
13501
20410
27470
33506
23107
46652
17150
39706
46407
35270
14383
18380
48100
22949
49963
34980
29071
33793
3232
40843
9109
35762
4323
15030
5215
8275
32656
16519
18966
30534
10410
23474
25980
26507
18588
20123
49784
27923
41877
28152
42803
16375
16567
31086
24520
40689
40827
9470
30894
46155
20272
15499
1164
45940
21037
6647
36656
12820
12264
35312
40184
35091
47765
41200
14105
25354
7189
27873
46257
23640
24752
41311
30199
26818
20654
34015
2918
40039
23682
11935
46040
36578
38939
8592
26988
16788
48473
15434
44684
10696
35900
26968
1107
49754
24086
26892
5409
48095
37254
10272
41098
26487
31005
7331
42445
18031
46736
45146
47703
14866
14331
37165
26118
11620
43457
3305
22908
10882
49713
14588
48390
48658
27209
26718
40954
38875
46693
1753
18605
23309
38902
17602
44230
43113
38539
6913
20449
2093
45288
38198
1599
37392
22893
43157
16911
43805
43451
19649
11021
44431
5364
886
17731
9738
48299
23350
9802
43263
44164
2128
35182
25571
8583
10494
14448
14413
46721
3838
9240
45050
48339
29990
30503
23547
46028
16564
47083
43312
10722
26705
38617
4916
5849
28325
1075
27323
45303
3209
37599
38544
27782
48736
43797
26245
46583
32982
35484
3422
49471
23257
20192
38751
2463
37115
36143
32274
1982
3454
5179
16183
44430
1040
40728
42839
17819
48524
1042
33873
34429
25283
22119
17226
23444
29867
11002
27871
19001
15209
10143
27880
5016
41695
11032
48952
7625
3862
43047
16415
16955
22159
34784
33042
33003
44969
13801
22711
31902
1100
6044
21986
7179
40502
28242
27374
22973
14043
48666
33602
5655
41248
13240
1184
21236
29374
6417
49511
28306
38446
25143
48922
7431
9523
12717
27059
37919
1617
48824
46773
25019
36347
13955
32033
42442
1172
2777
1032
3187
13020
7433
3125
32801
37641
40906
5846
34631
6513
3515
11407
49686
43758
33935
49972
25357
11592
3959
37492
31432
8249
23456
19125
47316
15940
14170
44760
36047
30838
1602
2152
4522
48354
38674
2487
4601
11088
10935
8364
22191
8816
10563
2193
16294
2336
47796
10817
2006
20303
9610
13513
20587
22305
25219
21800
20893
33900
6497
20341
17698
29385
40780
10035
22408
39899
35607
39165
45791
41849
44348
42587
32949
26161
44260
25751
33350
927
33264
48277
34474
333
41018
45287
46162
17219
21109
49704
43108
6132
41367
45820
10333
31217
27441
19628
49956
35437
25458
38488
34547
18983
16192
7121
43981
34492
35126
39791
18067
19234
34079
18980
45221
11124
24263
1148
13333
40099
29111
35200
32069
3588
40422
7845
44389
12170
5477
33363
18300
39647
33837
24285
43200
17522
1052
28128
13700
8831
41686
4476
11444
12524
46543
9939
17729
41147
24721
7628
30326
43520
15467
21863
16986
40223
3024
35805
19795
7253
40152
47293
19916
15732
12223
8348
21999
35138
5483
18147
29973
47947
36239
12289
25127
12884
17305
15832
43130
4919
35417
35177
22912
22248
3674
30183
13810
40614
32839
3903
44613
4700
13321
7097
4004
4379
21635
21854
38515
13166
42260
42471
1117
38403
27664
25482
27060
45137
29667
49326
37021
4906
47440
19991
39058
1448
14310
17594
15262
48547
31136
8322
18174
43672
33108
21411
47349
46343
42697
12188
46774
21349
39553
15362
25740
15889
37146
5349
15240
47491
17005
28042
29818
23675
27792
13280
31719
46599
25272
25883
35570
30592
2036
19561
39291
15032
27826
28241
22277
25103
49458
26952
32822
22052
2471
43885
32438
31589
26623
6847
36152
18155
49010
2316
43867
8734
23705
32754
47532
10169
7219
24487
36781
89
23694
38090
15018
416
30155
7486
24146
29892
38167
472
12732
48196
35823
46633
44937
28701
26092
7916
45372
31449
977
8832
1943
5855
591
12509
273
23912
6455
3308
41886
8205
5580
5853
1033
49974
20089
1717
18203
47335
16457
44598
18946
7488
5776
6022
2654
6974
26640
631
46739
22727
12498
48628
33068
14033
35225
18809
46522
1011
36086
5276
28537
3968
13041
5732
25211
22169
31349
30337
30807
27909
31681
701
47962
21654
24662
12309
5683
38315
38648
44955
31770
38693
23928
48470
11299
13146
48047
2442
15182
31492
18658
29465
39194
21350
33534
40265
11719
30099
29043
18029
6886
21510
28628
49072
33211
48654
14763
31389
15599
40210
21501
16490
34775
13169
44689
19505
8055
37735
16589
33917
31298
47067
4517
2571
590
7635
47237
27981
22795
40539
300
44386
10976
3322
42576
43513
38075
48931
38419
36135
71
38996
43066
24592
7516
6765
43195
6178
21507
31339
47242
34103
5718
17173
36499
42940
16616
4930
2012
17511
35992
9145
25601
3578
7751
23632
48763
31437
9068
15155
23994
20856
48080
26201
23039
612
11742
277
32308
21347
35352
35793
14361
41346
40488
49934
20612
24741
26144
21495
23116
18372
21805
9211
16131
33413
49412
33475
28909
31022
45543
46908
40438
23060
15471
2415
4553
44339
37346
46710
25361
27979
37758
39550
31409
47745
6370
47518
15659
18099
36343
23819
12101
36675
15139
14720
9705
9509
30869
23604
7824
17545
28030
35615
4364
14438
3747
1277
12342
7012
26935
16930
18975
15466
15898
25393
3008
34830
10987
46635
401
23497
8584
42172
34227
21882
30646
17809
24244
24049
36555
47183
40134
32320
17070
23420
31376
40514
44210
11736
37752
21810
49212
37382
8965
35629
10554
25581
43005
22393
21591
23858
33937
35758
19349
18290
10968
37491
45507
35424
48789
19322
15113
48098
44538
7110
34080
10424
15748
21022
44191
9915
28761
25840
19362
4293
28488
36577
38806
740
46877
49386
44994
1038
1009
43369
22104
49372
30385
15652
41965
43796
44505
1187
9935
34581
20347
41028
37162
7726
30103
6529
30506
27340
23696
41491
18282
41657
20501
4346
7213
14288
15162
14211
6895
31285
22523
25373
25804
31700
10256
535
45474
15648
7334
23650
10290
45429
49840
10694
3237
18572
42173
45986
46578
41238
14868
47357
31317
18715
23626
33049
28170
22864
49601
22986
28401
44685
40710
31714
16661
27069
19973
24563
24475
5852
34243
12518
33747
4399
48627
22923
30886
41894
46124
8212
5408
37136
43168
34265
21298
21001
22224
11986
35144
34878
9575
32706
14592
30036
32719
8521
43946
8519
35508
33047
45417
19036
48979
12640
24832
45451
34156
11635
48333
5531
18490
38537
37834
40975
11272
37009
23214
28572
21468
37771
38989
46234
28073
15010
42363
15569
3042
11134
20554
28798
21908
44639
5485
39894
22842
41932
31232
38085
28726
2505
42043
35847
17307
47809
21724
36734
23594
37230
49225
11746
49793
27516
34136
5131
23255
16431
40455
36664
12678
31142
10530
13118
22785
36213
48694
44073
34777
18861
12584
961
4885
44610
18530
27860
17499
10120
8712
766
37130
43841
32172
30716
48288
46815
8660
26130
18920
2187
31823
663
1460
1034
49043
34498
8767
7982
6270
22281
14641
21045
3700
24393
21953
42762
9849
17771
26943
30553
48014
5049
33315
5145
22947
19367
7216
49104
5194
23917
3290
16632
14324
23231
36367
10889
13019
48441
13824
43272
40551
21389
36349
17312
26429
49965
37657
15444
29477
5787
1115
37099
11377
30571
11870
38091
40655
16773
18896
26700
705
4158
32161
21589
44808
39741
21135
36141
32626
33285
43564
27012
5402
35920
29273
22765
39721
24134
25288
2346
46463
44524
13245
29500
3829
587
8063
2824
13495
27373
25008
46099
19380
10445
11035
17968
19892
21715
6501
25810
8457
2683
42934
12748
10545
42075
13470
43370
12171
15833
18079
30178
14706
46317
9460
5070
19139
14412
4803
31913
30236
26793
5348
884
25547
42115
38254
553
44691
37259
38185
14300
44035
48075
44789
3828
2775
6388
1680
24967
35578
34167
21383
15372
41558
43014
7694
20653
43620
27291
11107
28143
17434
34199
9884
4324
25269
22724
37902
23612
13207
12591
10347
49067
47375
26285
23828
46165
18836
20185
37525
17066
572
20316
34908
146
11172
44491
43458
37632
19854
33735
3340
3686
17746
41994
46646
36620
46601
18120
37043
414
36538
10737
30192
6441
33369
20485
48036
44075
26014
18696
48320
22922
33329
38045
601
40820
34895
2047
23966
9917
9711
6464
687
9104
10240
17943
12504
49743
5027
19735
15581
23730
18908
22639
9292
24992
10033
27144
4827
27079
28405
25386
29723
4821
23353
32095
27927
26824
29019
36154
30993
30403
36883
39177
38310
29685
39500
39300
36618
8523
41340
25285
41959
44905
10901
34417
49204
45181
46066
35671
13081
45976
34200
36451
47291
33933
24697
20453
38283
21008
8765
18993
5554
17023
39542
40397
825
41983
20375
47647
38963
57
41297
29690
25418
48699
10401
20117
5457
20999
1814
17258
33425
11414
29652
21217
10509
29224
43477
7976
42787
20695
6161
25579
37755
42466
19091
10581
13411
4427
25827
39970
2570
21704
28659
12481
32576
44418
11007
19278
49882
15303
27707
29264
16280
18844
36891
19586
27244
44929
16835
11456
29811
1542
9835
18601
35600
48689
26625
24883
49049
16195
9434
33518
2262
27475
10334
16881
26196
2455
30333
15107
40478
46932
48855
1583
42972
28039
7992
18736
16254
19947
44025
15111
41726
49474
4702
46276
8978
41805
4927
18381
43537
35285
45393
42393
14714
11446
31645
25224
39110
22039
28616
30267
28654
47334
30208
2054
46671
21153
14245
37795
28219
42411
49444
7098
13236
43717
16864
39558
17370
49781
14630
30642
44410
26030
27342
30015
15040
40404
49385
25396
21712
28278
14093
39087
16963
39313
7511
32141
38698
13855
47198
25922
30355
37387
20326
24853
9052
5576
25323
49975
33915
40970
11231
35143
33054
534
40765
6250
5414
4270
48936
35885
17926
14306
31988
48032
8671
24716
17888
23665
5540
17646
26222
31429
47906
3449
33648
42366
11952
19790
34391
22214
1852
14141
30476
33176
49772
33133
19514
26004
10012
30938
43480
41140
15130
44285
43368
15530
2094
28879
17857
9638
25566
43627
36297
31896
9257
4597
15204
16922
49901
36513
32497
2133
6896
15088
2396
5344
10732
47085
15984
47477
48065
2185
15580
9345
9338
11627
42875
43651
6344
29843
30793
34627
24668
15324
19507
27399
46958
25447
47421
20167
6010
13410
32002
47901
36117
21200
14422
48819
11928
25525
16198
19438
12406
49099
9139
28797
24803
41822
34476
26010
47743
25594
49903
25981
46712
36365
630
34065
27261
29392
37769
7639
36028
3154
33165
31585
7973
37557
9242
48023
22898
11014
31858
25402
24834
32204
20573
25380
46413
35698
6780
41298
39317
29940
19604
25672
17931
6688
12119
7499
44595
752
6616
46242
31001
29030
9646
30977
5646
14916
5087
48216
15043
46116
14145
26695
44850
15736
25993
47418
24108
8872
6938
43854
24720
5051
44729
10756
39215
5728
45060
10547
23175
43198
4202
14666
18034
13698
21867
33851
24471
6516
8784
2271
17131
49624
33532
42912
42084
33763
9919
7787
37408
14234
20309
13293
41280
47593
10405
33209
20473
15123
13000
4165
13160
21188
16205
15494
21023
15325
32361
45420
29214
15655
11437
40538
36101
42589
14155
1044
49777
33310
6155
28383
44633
32143
27464
48127
28941
17995
26147
10083
42823
46622
11178
43025
36003
15780
10077
25205
49830
44393
35297
48207
34541
13072
24676
2674
13177
16389
7455
4620
16561
20033
14193
19955
28683
29650
29359
23818
14056
36446
47554
26182
41174
34574
46564
45921
47234
23980
31224
39669
47721
9322
46137
32328
2329
23959
26444
28625
32945
31962
19090
45441
25519
37242
45255
9674
475
16479
38102
8964
13591
33714
7156
10627
28297
17621
5436
16556
41821
20837
10183
49138
48058
26294
15825
18721
9845
32819
13157
4947
38602
42175
30552
25964
18988
46514
1000
36671
48621
43863
48324
17267
13729
5503
14179
46073
18184
20116
23237
20472
9548
2803
22660
10048
5679
46453
49749
16329
40458
2183
37082
15187
4598
15347
13130
2219
2959
22730
16779
15232
5587
13150
680
45876
11801
30282
7321
18512
21063
42304
47438
42106
43558
22013
3484
9971
38717
10890
26105
16267
28259
3082
10637
45446
48
29513
23289
35303
30447
4883
33887
16847
16269
9598
6912
32739
2711
20271
32152
29925
647
18037
154
14820
14458
18345
33281
8609
27294
21829
32815
9746
8237
12306
18150
37606
19796
29356
15320
13803
5988
22606
34401
32177
209
1880
30624
35227
33189
46818
46881
43896
7004
15919
9311
48939
7520
1587
21598
40317
940
33966
46259
12062
13754
40373
38121
40449
6830
14454
2192
26027
19289
46969
48873
48406
33240
5269
40544
8376
2629
31448
4789
30249
38171
3497
44943
34630
47567
35890
10141
5166
45759
19810
8211
12715
21557
30108
29197
47111
45996
37945
37654
22471
4330
15333
47022
27178
26723
34648
32024
6968
14292
1774
5996
34485
33120
1609
35283
28917
38034
16099
48619
43258
18276
15637
13574
19714
12656
44388
15727
26852
26136
32255
15264
9297
5613
45992
15759
36494
16935
13224
30949
48890
22543
1442
10354
25948
15198
298
45879
39025
31515
18330
45941
28366
31444
26253
4457
6483
31708
20439
36059
42851
28965
31590
33845
2784
31367
33196
9213
33203
26620
44327
27604
33188
27809
30313
40570
35603
2081
39763
22429
33152
29848
26400
33968
38239
6255
44930
29196
33668
37980
19121
45693
31925
37836
23421
45892
7626
17393
16719
21956
35360
34537
39043
19428
30692
3274
10309
46451
36484
26007
40328
5654
29184
36679
35077
17804
17776
17335
3827
29908
108
47265
45472
37237
14646
18343
15273
24901
1760
22258
22359
43123
13212
35850
47115
5307
43723
48010
35290
36554
37138
25448
32713
44592
11668
46642
7296
345
35066
29451
49760
3374
8053
35753
684
40139
40306
29285
4318
26080
3470
14370
3111
43024
26081
12042
41838
11053
44927
44456
5656
41789
14041
29479
14190
26597
15358
22207
36419
44246
42662
6126
23096
4933
45326
18088
14843
17708
46388
5369
20351
24448
43942
15658
26980
9169
36100
18210
35745
48453
38072
6116
32092
2181
30904
8898
48352
41204
6141
48450
31885
36993
17003
22498
29511
2229
19451
45189
4849
10195
3414
44
45822
6419
5528
4274
42725
9471
9091
7301
22389
3353
16827
44533
15628
37193
17204
10923
18275
4783
18198
12405
26404
25596
24464
21202
7109
20846
31397
24328
34133
27356
32634
27324
33150
33743
18803
48711
44836
6659
13883
38175
44632
45196
38340
914
39235
17898
20580
36233
47199
1344
21962
7502
28519
31706
19054
9796
39254
49068
23246
44434
8040
37931
46461
45439
26020
27682
26157
46731
35509
35229
48635
46669
9560
18182
3803
14902
46748
12970
40541
3120
49654
37880
28667
1419
24756
26618
10711
24675
28630
19379
44352
2913
4581
33567
35189
20379
24499
2954
47005
20506
16286
41461
5717
39253
17191
18737
17679
42689
6862
20317
21326
19326
49194
24050
46504
29287
34615
47489
9235
24196
9289
21582
5723
44273
3059
49799
13620
7846
30371
42842
17122
5564
47630
27941
21285
4107
18401
15863
41374
19842
18866
47380
41505
34106
25445
21162
6303
22837
2630
10326
20051
35372
16072
33262
11405
20223
8560
46986
14822
43044
3400
43768
42654
30517
20720
13915
4992
4555
39231
45069
12424
35020
7841
46167
6614
3050
41582
49687
3085
6074
28246
16506
46862
3253
35110
1562
11443
43240
34146
16889
30169
12451
43259
11058
11791
4066
38020
39624
26736
25399
23684
36023
20953
21132
17357
4678
31861
41922
4490
43330
29967
42554
17334
17041
24313
39456
43548
8843
42547
4393
43973
2915
26958
15686
18461
21382
13615
6600
35770
744
23282
41542
24239
47755
38074
4394
49673
32477
42682
30829
24525
31723
26739
39114
34868
36178
