AA_
AB7
AB9
AAk
ABJ
AAz
ACa
AB4
AEw
AGI
AAF
AHr
AFX
ADV
AId
AJo
ALe
ALf
AHs
ANj
AIi
AS8
ATy
AQS
A3T
A6j
AS_
A3A
AQe
Alf
AnL
Ang
Apx
Ag1
BPM
AmK
BP2
BNl
APh
B_b
CFA
Abi
AIZ
CLx
Bvx
C5v
C4B
Cft
C33
BT1
DRa
CQk
DUg
C42
Dyy
CkB
CzX
Dvj
CSe
EBO
Emd
EzI
Czr
EnW
Etf
Cin
FAN
FDN
F_B
EJQ
D7W
D0q
F6y
GIS
GlA
GMx
GHA
H5N
Glr
Hlm
Ge9
FxR
DLY
GEg
F8F
I3y
ENg
IaW
Ins
JGx
IAm
IyO
IjQ
Ht7
JWn
J1Q
I0Y
Jtn
Ixv
JoM
JlS
JN7
Kj8
GTg
IS_
Jsx
KnD
Kzu
J0V
KXi
LaF
LuE
MSp
MDM
Kmd
Mld
L97
NIq
LVp
NMb
M_8
LFn
NUJ
NWn
LEw
M_D
N8m
KVT
NfV
Ni7
Lsw
EbJ
Dh_
Gho
Lyf
MoX
Iy4
FaH
NG9
Nez
Hvo
DLW
LZ3
BzL
H78
Lgf
Dkc
JtP
IXY
Lx1
Bwk
GCT
E99
H1U
CtG
K7R
ERQ
LKK
CHO
MKd
N2l
CRq
IdX
M__
G0k
BEP
IT2
AaV
L3f
GWL
DAK
D8X
Cz1
IRW
Bu4
C0u
M9M
IKZ
FtK
L8C
GYV
CCK
NUX
Lv7
L7K
Dj2
K8z
ESJ
B47
ASH
JRo
IfZ
DqF
E0m
NDx
DA4
JSf
LC_
BV1
Hsc
NG0
MCQ
NDA
Nod
J7q
Nfg
Clz
EDl
L83
GoI
MhI
AG6
NIa
GrP
Esf
Aa_
Jgz
Esk
JYN
FRu
BLC
AND
HoL
E7q
Bhm
Mrc
GsV
CHg
Kdw
KjQ
FwL
BJq
JG3
Kvv
ADZ
D2L
MUY
Fqp
ACR
CHE
KcY
FDY
CVY
DRi
DSq
FhY
GOc
Dz8
GCS
Iw5
JI5
Myo
AJS
H7m
MxU
CXe
FhJ
CBn
IT0
K34
HKF
Fq4
H_I
CKo
DNK
GtS
Bkk
MFt
JEW
ATl
Eqm
IOg
EyJ
AQp
HC6
ANn
GYL
BwE
GYR
EIQ
LiW
Dwa
EOW
Kpz
Ct0
EXh
FH0
HAT
Lqt
H02
BVh
JIM
Cbd
L50
Bif
Ie0
EaY
MvC
MLE
J4F
NfD
JF2
HmJ
NXB
Noi
Ihp
ElL
LyI
Hlx
K46
LOR
Aze
Cch
JLI
HVZ
AvD
GoU
A9q
LwX
Dv8
CE7
EzO
LB8
BIA
G9k
DvH
Hi1
KRQ
HwE
FoA
Ccv
MM8
CkQ
EJc
BJb
KBv
IFs
BHl
Cyl
D4T
AXy
Kmf
IFI
D3k
MkA
Mku
Ari
FqN
Gs_
BrX
Jrb
GXi
Cc5
AyO
Hoy
EKH
NCu
BMD
GGd
Nid
GiP
L1b
DQZ
GUG
Ecu
Kfp
HxQ
HKn
JLZ
Iz3
Jax
IoM
NWz
KBA
DgR
HVW
BUs
KXL
G9i
JNj
Dja
FPQ
BbC
Buo
CAu
BW3
Jdu
MPT
Jxi
LSZ
HZ_
F1W
Ldy
Ku8
NOn
FHY
DQQ
KAH
FBd
EF7
D1f
GmI
AUQ
DXk
JuP
JR0
LWN
JWm
Eyj
Bw5
NHg
KVf
E0O
CkJ
Mcf
FC1
JKf
E7c
HNb
Kg2
LXy
LEi
C1k
CUf
Nll
H6l
Aun
LwV
A76
NGb
GJP
NO6
AgY
L7o
HH_
Egm
IHc
EIz
D1E
DrA
CnW
E4Q
BWS
Clc
Bad
KDS
MYQ
EId
Jj9
J1z
Jvc
CHb
CWY
DEm
JNK
AP9
LAt
ItU
EM5
NnJ
DRK
LUd
Ae5
Bcf
EfD
AdH
LBl
Jy0
D7R
FQr
GcO
IQS
Dp4
IuF
A5r
FtY
F96
B3O
Clx
NKl
H2l
HKB
Hnq
EEl
HHT
Avb
ADv
HFE
FkL
B1C
KIj
Aog
LFl
DdP
Jhk
KPO
HWH
Hz8
F1j
JSd
KnJ
Aq8
KEb
D0Q
CL3
KI6
Hsa
AaI
ENx
MIn
E8C
NVd
A3k
MEE
DJt
MA_
Lhg
EO9
ApN
AQ1
LGu
NaD
BZx
A95
KmA
LZN
ITH
B0i
AhQ
F8g
Fkd
ECt
A5D
DYL
KHY
Iw9
GJq
AV4
L3J
LHO
ENF
EcK
BI5
IrF
BYj
Gio
MuM
IOJ
Cpg
DSu
DAj
NnF
JVW
FjG
LRu
Dfu
MSV
Kwq
H4_
Cg6
A2_
Eda
LTH
A5G
D8i
HrY
GHc
Dyv
B0N
CR4
LVs
MUd
HjA
Byi
HSq
Nqd
GMO
DwU
Coe
CLi
LHT
EsX
L5V
MRB
FLN
IYs
Ni1
II3
KU2
AyC
KcS
IFF
FWn
KUh
MKn
NhZ
MIt
AUH
GTU
Af0
G7H
KGB
E69
H2T
KU4
BUu
B5N
BZq
Eux
HGs
DfS
BF9
DzB
J78
ALy
BaI
GY7
Ayk
DVZ
JcC
Eky
JEp
DnL
GuJ
NWA
AZK
MO8
G_1
K91
Nis
HrG
I6a
Ifv
ELz
Nm0
EKr
J_N
L85
B6U
H__
MnP
NC8
MG4
N1S
Eqz
Mhl
ETZ
CwQ
NAA
FgD
HJI
Hqo
HBY
AXX
Fny
Bod
NOm
CAe
B5H
FPY
No_
Hl8
Fxi
LB3
Ap3
FfW
FhK
Mcv
B71
G6z
Eds
Ndq
JmA
Dc1
NG4
Mab
Hqm
JkQ
E7v
H7U
KNq
DEk
A0b
EXU
Bne
C8w
CNV
HqB
KkL
MGx
E5q
CEA
NTS
E3m
Hjk
N39
Jvs
E_T
Eif
LYj
INq
NCo
MY9
A68
MI9
IM2
CV8
KSF
Jqa
DZz
CLP
DDx
ExC
Nq7
BIi
Am6
EAk
HRG
GxR
E0Z
Kuo
IhJ
EAd
D3O
KIa
