545
QK
aTv
aU2
2kX
3iA
87p
0v3
8ct
7Eo
7gc
80z
3XK
3Q3
0JJ
7Qe
5WN
6Ts
1YT
9qy
0zB
1GO
3Lf
91M
nq
Vr
79A
ayE
aoU
b8s
gd
2hg
4tv
2p_
5sh
aR3
3sY
bi8
mu
2qV
2B4
0Xs
4Bl
10D
ja
6n0
auU
3du
37E
8wQ
5d8
46R
8eS
5P4
3Gw
7EZ
8Qa
1Uk
6Yz
4Fc
82F
auW
9hO
8Sp
5Ob
fz
6tk
9CB
92t
8N4
3zy
sL
4WG
7Wb
9Gn
6wC
Pf
6BG
9Mu
417
5D
51z
Es
8Fc
1H8
6dy
1XN
4kn
5Uy
4kP
5e4
41G
6BU
cZ
3iv
096
7eu
bf
8v7
10G
1D5
0vf
6F5
0Q5
brp
AO
1Mt
0Kg
2Nw
9I1
a1u
MB
4vL
5b7
4N1
8L6
60n
hT
ax4
4O5
6tE
2yY
1oy
0vu
4NH
91k
3tz
92W
bzb
nC
a6a
39I
7BO
8Qe
5J_
b6H
1wD
8D4
6MV
2LD
2Tu
7qH
Lz
91D
6CB
IN
2d0
1dH
amm
1W6
8s2
2LV
2CN
4pB
9YY
8Yk
7TA
0xu
3lh
wU
34v
3C7
63F
1B1
0y0
pO
22z
agt
46Y
7Sk
1Wd
2iK
Fd
8ua
5eA
Wm
lC
5c_
8e7
RU
27p
5av
6ai
b0z
bhf
8mW
5Ct
ef
93Z
1TY
3kk
buo
2JT
9H9
Qz
9qM
77z
6hw
rA
6y0
6QZ
4FB
0fQ
XI
3Z5
42U
4TD
1JV
27e
8SC
i3
61n
2mq
S_
akV
ra
1tH
8kD
9Le
e6
1LY
1tj
bsb
73l
1S6
1nV
eF
2j6
51W
1pc
oE
35x
4CO
2V8
3Jo
1rm
ae8
0Q4
aQM
OT
b3c
9ea
PR
2V6
2BW
7uA
5sN
9ww
7rD
9QU
3J1
5AZ
6xE
6E5
7bz
2oO
4gq
69s
6_S
9q1
5LU
3Nd
30a
6zr
9sQ
8m2
3u4
aFz
1ay
7PC
9Wm
4cC
7vs
5rC
ac6
4rG
7H8
3Nq
1AC
3Sa
0Qr
075
rv
6j3
1_E
8aY
8c7
21x
awF
0os
6IR
68r
06D
3PL
a2O
bsn
50Q
5D3
8jr
5X7
9bT
b5k
0d0
tQ
1sY
bk7
jq
4Lj
3qh
46b
4QT
5gt
3Pd
5p2
45H
ad_
0rs
1qo
aDL
1Ar
8fu
9QK
9bM
9mW
4zv
05f
9Hq
22v
aFt
40H
5dh
aiE
GM
1av
8IC
6Ah
aRT
4Uw
0Rx
5H8
zD
8sn
bfp
3se
1gV
9dC
115
8dv
7jc
St
0uG
5OE
8wB
4jA
62s
5R_
bvX
5aL
a7y
eo
3p
6kE
0XD
61m
0tf
g8
2Lt
712
3bE
5X2
3Qn
6_H
1nH
4xM
08J
1u2
0tP
1jt
aCF
7lI
2d7
3_K
5ay
6s0
2wv
9Bo
CG
3zS
alQ
3Ad
8VK
bpY
35S
7ti
b0V
4y3
5XZ
5Zu
9aY
aEL
8dV
8GC
7x9
1xi
5_S
2zF
uE
3n7
0BI
1gO
3R3
2J8
0YF
726
4i3
2tg
aQV
05j
3_X
8DX
2By
4Ev
asM
8f1
3w8
5Ge
4ym
5_
1Wc
b0r
57g
9Hs
4zy
4kv
4YA
6vF
9ZV
2MR
4_a
4cX
7zj
2LB
hN
S3
6hW
5C1
5EU
7Z7
2gj
4kz
3er
PQ
1PJ
ll
2yV
6bV
ND
63s
0tO
3AV
38Z
aaj
739
3y7
5FR
4QG
8UP
9li
bez
3OQ
8L1
7v7
8PO
2oo
0v7
a0K
6PJ
2xY
67u
7ic
2jR
1ef
36S
ax2
8GI
aqQ
1Fs
7a_
ln
9Dh
69l
5Ji
0oS
45a
09U
5hL
06N
8Vs
Fe
471
4bR
bxm
avy
8W5
47B
0ph
8qv
0wj
40D
3nK
3DL
3xL
8W0
7e4
b2O
aoc
