8590
2552
41935
46038
48489
48557
43088
1042
17228
15428
48575
45178
15031
40971
27865
48930
14464
23019
12472
34637
46514
8457
8929
12853
10542
46810
37139
1000
3153
30862
21214
21932
28942
6017
18021
3444
46003
7947
32905
17482
24159
9683
27100
41551
26660
11728
13079
39783
30228
10140
19052
5542
15472
1547
5342
31955
24898
26142
1473
48695
5422
42578
36998
46004
18417
31583
32933
37874
36220
46370
34931
20579
44055
48953
48760
17556
1273
25880
5779
25193
7289
8905
10670
21997
18325
14421
44167
25316
15490
39358
19573
46777
41932
41442
15739
47118
22072
47926
29902
19408
9119
30512
17875
17722
11828
35793
32337
37863
17404
46462
40492
34584
6440
40952
37990
42804
12091
18601
8175
45359
41743
12955
24391
29628
35483
17712
37408
40048
16163
25468
11352
6214
27837
46150
21207
5159
42217
13957
43650
39461
7231
32155
18378
25532
38042
29118
26976
43334
41991
30755
30640
23785
32172
23701
6524
29542
34672
14358
37993
36964
7589
16754
49544
29455
30969
10430
39377
36768
24129
18908
35888
8193
10115
15245
5963
43801
37303
20561
49498
28113
12539
44048
892
48089
30193
19896
41927
366
2243
10111
37850
40328
5515
9197
15356
25967
17059
32363
47945
40859
12041
16211
19010
35688
16584
48495
46445
44777
39656
24303
34180
15656
45293
47474
27757
34707
18015
32206
15466
47959
19016
274
21727
9096
23951
4927
31706
24827
48976
2184
34360
32575
3551
2098
49442
9310
7311
47049
18312
17555
47723
19529
14493
23168
12846
26503
463
4562
27764
19230
44741
42605
48181
37789
20216
33172
5540
11572
15740
40393
35418
15233
37734
8238
27616
5369
33710
13526
4751
38850
351
10889
31011
1236
44879
18818
281
39088
13985
19174
3384
21047
33025
7956
33038
21587
36274
11777
18075
46307
15243
6260
25756
2304
16371
26371
30578
5237
32389
29723
24720
38279
9769
21114
13298
46630
49525
4614
37909
43004
27403
29343
24580
7044
30111
19425
6879
47321
48147
38107
7801
17723
30965
34674
17313
20998
29159
8130
41190
24045
31353
20270
3200
41757
28368
48349
32585
43429
39266
26523
32511
34057
12595
4162
29258
11821
4779
12293
25287
2960
37748
2108
44966
46649
8353
5594
9359
40021
38509
2070
11811
33304
21257
44937
671
24077
16878
22457
2637
5287
20719
40812
17969
47867
27935
3567
40659
34463
39165
5602
48777
24126
804
12006
37961
45846
5682
22342
40093
44120
15259
8196
22521
20229
29320
42358
46666
1579
20959
22956
31853
11780
49375
7480
5322
27312
1454
30345
36392
27733
35126
42805
41289
44896
6351
2582
34268
45504
7668
36162
23166
47131
30468
8627
27543
18757
39533
40886
13368
14226
10366
27344
23034
43391
30007
9529
23475
11611
6575
1520
3846
4829
3090
15813
40875
25932
27802
12374
36275
31318
38969
7847
42444
28606
38978
44457
43144
17441
44293
36553
3149
3104
46440
12892
7669
37085
29960
8009
46745
7412
15596
19983
2368
16518
17270
40932
10624
46031
35496
10449
31788
12068
1293
39144
1652
42593
2202
26091
4078
42199
14194
13187
4861
648
22227
43331
32058
18291
19328
46386
28183
1948
22504
40214
17374
12169
43544
37501
46632
8849
33893
13434
45069
49884
26703
39288
39163
23138
49469
4346
18653
47734
28054
26046
17604
34029
44374
7926
41667
15078
4623
47041
34839
4743
18213
29235
22420
14420
25491
48098
11535
34766
33749
31609
35724
9196
27316
26865
18187
37826
7391
21499
27478
35876
25989
171
18321
20675
30631
39041
39247
32527
9820
4481
35286
9328
9965
2584
23100
28146
2886
15889
35087
4982
13279
37477
15995
13663
15763
9546
29904
1354
18276
33140
48508
17692
12213
14175
46055
27512
47424
48903
46978
11655
8619
28782
39889
32660
44956
42548
6488
41070
38155
20412
22261
37256
48260
13597
44455
1490
20661
28467
32098
45791
19633
10456
44767
27838
12602
49257
35376
21020
41071
48301
21054
27153
24166
17324
9631
48645
43410
34211
41159
23430
12131
28776
7151
35160
26164
17427
5553
20968
37651
35510
27533
31939
39575
14211
3891
23607
4747
40230
48043
41955
22472
9865
9592
41786
42299
19663
17157
49150
34030
45451
22840
4376
20463
34847
36783
47662
44176
628
6767
8275
9693
2162
3363
6353
30159
42002
14583
30668
14482
21113
16742
17172
41455
35881
44204
43145
44725
19228
47736
11365
14225
2246
18997
25295
45258
25038
17410
28204
44318
31610
45922
13979
31224
48473
22473
11263
7740
26773
10571
45697
26979
13065
13212
47428
42953
6895
5727
7097
3894
36200
19865
25860
34535
30327
47969
43265
1582
3111
9738
40654
14179
38422
16951
20208
7955
37538
44691
37881
20408
17249
26330
15124
11592
45754
16930
44989
39352
40948
6507
11735
17622
7596
17090
49748
15288
48864
41558
43581
24067
48593
28102
49926
13240
49166
45029
43252
49473
9487
11615
37081
3365
44235
6650
43488
39832
19814
4457
19574
17996
28712
12235
5793
24535
5936
9304
14084
27996
46007
14982
46633
10405
6235
35593
43862
10957
44014
978
33278
3716
47267
36071
31381
22986
9677
5039
16608
7444
11875
24709
25467
27604
21768
41105
38814
24206
40336
35138
37725
25733
25931
44967
20635
36284
14773
28462
47408
31586
46736
24722
18128
14649
19638
21132
23863
26875
24091
34014
3687
29676
23873
2168
36230
39691
9029
6106
33450
40203
36180
16650
42001
20275
23028
30360
31988
16808
40205
47336
13652
10445
30410
33936
16359
44913
36287
29315
7525
36725
12482
33249
33079
46196
5243
5747
48501
5721
42370
11266
45632
44195
17711
22867
6677
38548
8253
11405
27179
47728
46262
3531
9431
36848
45731
46948
43284
45651
3166
35565
24612
17855
1714
41737
46658
3928
3569
24111
21492
35726
1513
27112
1807
49960
36947
33191
3067
2358
31119
6361
8594
6563
9808
33865
1566
3152
27050
9213
16148
10586
10308
18259
18718
15566
12898
16333
2021
22546
2564
19223
23470
5413
7413
20368
24992
13960
21940
18518
19259
31250
24963
32689
39401
39571
36660
40442
31183
35727
43741
36866
45242
44890
27641
47650
46342
37075
36584
39892
44972
16948
44189
42742
28013
42166
47657
48543
20617
42396
46020
20816
25762
30547
45445
18933
798
14434
26260
26429
49326
31659
45076
30938
20218
40795
25270
46759
40703
18253
15484
17394
41923
24604
6187
35893
46764
37343
37877
21445
23415
43895
18457
24498
16769
14255
37510
32176
37960
23382
17453
2361
35558
7775
25682
43810
15147
34470
24543
49128
8509
36918
21108
8611
15485
37942
42881
49465
48851
24734
24999
13171
20243
20896
12123
13246
32761
37659
38542
28011
24473
18512
49497
14681
49651
29531
26182
3272
17863
40644
25735
16527
32993
40789
23747
48607
49941
17281
11587
46837
32566
33748
5757
43386
6511
2526
3735
9139
12258
36314
34578
43203
10161
44354
48243
30068
2221
7178
1730
12819
43474
3004
9777
49994
2194
42598
37463
20525
42648
15548
33719
6237
45987
36372
12266
46318
43047
16798
4523
12356
10207
21706
2206
26941
4172
49104
39084
25695
4874
31081
19552
11797
5031
41399
24646
15704
28946
18428
21404
33088
26317
25451
29919
38377
29937
10416
3671
45652
18955
34957
39152
38365
37331
13341
6824
27049
10392
4646
46170
2010
24387
4090
41859
800
8693
44423
44210
49988
17365
15750
34799
25210
38204
25842
38429
12280
48913
13276
29651
40627
11914
13731
25770
35143
41047
21393
37660
35762
36404
1672
49380
20901
21649
870
25909
6646
46654
48218
38125
31657
8776
48646
4011
722
44625
8094
16783
32139
46225
4489
23967
1631
2410
19122
45735
27035
42429
29544
31258
787
8222
13349
17335
5019
22875
5647
14223
33892
10890
11889
13342
27830
45920
4649
6380
45142
43823
41742
48432
40585
1860
19076
47087
13425
16304
36640
34086
7421
22395
39727
35830
24545
21456
47338
35430
32248
25575
44521
33799
25194
5995
2672
4021
35011
12725
17134
41490
35748
29614
28120
19119
33612
47089
6117
43526
732
44933
14999
37261
23172
48129
29606
33685
11165
25831
29927
10899
31957
37071
49793
47059
47309
27327
11124
17186
34367
2414
24547
19863
48647
4362
7083
10986
15504
2896
17141
770
32676
38523
10080
15779
39943
19843
25818
14659
21978
34293
43728
3105
12943
23293
32842
48941
7137
24544
42466
29327
37496
21284
4016
9501
8446
23969
39198
12972
20401
23818
17208
36946
17111
31728
1728
46278
41744
46508
24678
13211
40919
44440
13019
46359
77
48925
12160
5355
36775
17130
42663
5897
3057
24502
36568
16792
9799
45701
32166
3109
7649
9900
25623
41870
38300
11825
38358
16245
12233
3432
3486
24131
37221
6882
9860
2090
36593
27575
36044
23829
17044
34926
47239
6529
1735
19720
22939
28472
24143
5821
395
15231
17535
46715
17803
32875
14221
36374
716
5966
35651
49472
46672
8555
8453
44416
47261
23655
43085
48723
6085
39071
143
1746
18467
23258
25813
41726
9889
33548
45321
37135
3859
46591
37546
9326
39874
23145
45576
21541
9656
48352
41099
25685
5463
48456
14074
5845
34042
14812
17870
18318
45123
28535
20845
24163
38641
20132
41381
36176
9311
3089
6568
34366
47208
34364
26956
3435
23835
20805
42489
35047
41067
42090
28109
44298
25282
27709
42242
11806
18585
1682
44796
28400
49024
36168
34867
7655
42237
14490
286
37635
44844
49027
43999
28351
14505
49001
19598
38671
46744
25884
7112
7593
39700
18081
2492
39276
26096
15571
7538
18200
6025
9980
40579
34620
42856
33327
39556
22303
33808
20909
7616
45577
16322
11892
33241
4515
20518
7423
6419
8483
10606
39107
25336
29260
14239
28108
31777
38448
47368
27779
32067
17664
5832
6350
3380
15396
37411
48793
17279
36159
31872
40936
4403
14338
32021
33085
8523
18
632
4932
37830
44519
23943
41087
15367
2680
18876
408
41251
5508
1218
32583
1098
42096
28377
18499
35839
17338
21233
38712
33820
41348
7322
25708
41344
5764
34933
37805
24855
19781
44746
48582
10474
12753
33067
11445
31108
45768
48145
8770
13359
24460
26013
32969
28100
40938
40831
14393
22322
26636
47887
11231
41890
44752
16313
4095
29119
34491
37737
28929
24219
1748
6133
16470
46882
29457
18209
33470
36773
43168
31428
28794
43871
4916
42152
38803
38742
27540
30397
19059
9887
23808
13903
1583
14741
14989
49860
22916
25582
12837
24859
3092
39586
6454
45959
47168
7601
5205
39808
5064
26728
6617
14955
24233
5715
47625
10348
16264
48790
46858
22994
33211
47814
30323
18886
13116
9524
25148
46022
44260
17921
49956
14010
7822
28738
45165
45362
30254
27164
27244
22347
9151
28336
18582
14190
12826
37745
14931
7804
37585
27912
40017
33499
2341
26671
22619
48828
26950
44650
33860
2588
39638
41801
4484
22576
29895
15309
31576
47379
17049
19220
42630
34800
21336
8575
25235
7109
36186
12653
37573
21149
29702
14245
9838
25500
12084
46814
30964
8608
49575
30185
12175
47452
38689
27696
39053
9848
17030
28515
6523
5202
3525
36121
37449
49016
1005
37663
48531
33134
46413
8345
18390
44569
16201
21635
11133
8313
38003
21983
22205
41990
44513
20555
40196
10134
44588
21653
10943
10424
43931
49015
41586
23560
28827
25232
34845
13973
9427
12996
39383
20231
43523
11635
33397
8784
13785
27755
48769
22535
34299
42403
43299
43228
29870
40777
43129
28024
21477
7707
16653
28031
46642
12069
25643
36450
34551
44355
44996
9837
701
22320
1713
23124
38339
16088
33707
38682
7904
33739
19123
18484
42582
44634
43198
11123
1158
36604
37104
22047
49356
11969
15947
29287
32508
16587
10505
22729
45836
5169
23039
47256
24869
14846
33952
49767
28352
29650
8817
16537
37330
39876
9601
35754
13513
31078
3653
15378
15074
46379
35785
45212
44538
45367
12589
32158
45340
43932
23931
21741
47155
36950
14630
48471
19319
986
41675
10524
37302
25395
28287
35773
10529
29871
12985
39294
44035
20497
11965
8385
14684
43270
20978
43767
48659
39407
12196
41314
34966
23320
48863
15420
41903
33961
10773
36039
16318
47105
6101
25976
21680
46259
7500
15531
6338
2191
3362
18667
602
22742
24006
39760
1664
6640
22799
12053
13076
17082
2050
35729
15481
43559
12287
16714
5601
41940
30412
4390
673
29686
33196
4787
32018
12529
12964
6436
37260
15448
4951
15047
20583
15950
13970
10252
28175
31070
12256
23706
30900
15594
37540
32052
37481
41359
26347
25138
43336
41720
16042
38098
38004
35964
45667
41681
46981
48075
25307
32170
24838
4305
44297
47178
35374
38481
45722
37491
37292
28360
46148
7928
38854
32787
19214
24558
40234
3740
38572
13660
7086
11442
48608
4212
28410
3715
34056
39589
31557
24624
33807
3982
26016
30597
20388
32884
48152
32916
40380
22792
10829
1673
39177
32317
24459
10180
13237
28141
5778
33039
49212
28691
2775
29092
48606
9442
40135
1170
2747
16596
18478
6997
43890
37631
26910
1446
26980
49131
23416
29558
33156
28989
626
42846
12867
32222
38776
337
25214
18659
46410
40527
21858
44151
28591
45589
38660
30312
28449
23752
7225
5032
11118
16285
21717
29412
12392
30535
33662
15974
6594
2442
25072
48694
33471
1871
26897
32734
35979
12118
47201
3410
2906
38052
44429
34249
38612
3559
24649
46215
35385
9585
4075
6686
19955
13807
47864
17758
23887
13762
48023
12549
23822
26862
19934
42682
35697
31200
47296
27067
10452
3347
34023
3995
1643
47763
31856
2693
8430
23861
33802
8604
3034
3474
5298
6531
3320
25419
41971
26282
7899
18299
10429
42078
13969
21312
591
41213
1830
47417
30676
15578
38539
11586
27188
28413
33453
46562
46449
28398
772
45737
34793
6692
28018
41134
8195
31509
1868
33555
14626
8319
12783
44013
35678
15994
39473
39993
45006
33199
6210
47608
38968
3565
49217
450
29987
23839
7950
26668
31427
8327
9270
37154
39181
23767
39564
36863
36906
41688
10496
32834
8851
27096
33790
39947
1417
5680
4799
34328
11159
19198
25326
28133
23399
30379
4565
4333
33827
31563
45390
46303
22911
3534
31109
14142
38411
30816
39952
38408
12492
5733
27398
5815
22281
21088
6643
40504
39182
11741
26035
35963
11034
48702
23128
1136
11418
31488
47339
47163
42990
41062
40666
42564
36853
25155
19204
38890
38609
13766
2213
32391
38046
4537
47103
322
2294
21948
12573
21175
48442
12588
46552
26621
10649
42829
21412
13207
27840
4410
22907
17954
13043
36902
31851
10878
17630
14240
40721
42277
15519
12893
33841
47
32572
16988
13102
12776
43290
40729
30513
40608
32694
25007
36689
33080
3931
22810
35490
42317
9617
28033
20040
48757
37515
45877
1197
12193
17344
39390
28961
40954
30266
6715
25763
36032
24507
12251
471
35945
1861
40611
47068
2300
9088
25571
24696
18521
28899
11333
21098
28788
48778
41483
7091
8785
1712
10356
18529
49821
10797
25128
2289
9635
12460
49004
25455
810
15588
38453
34969
34444
27730
10655
30352
11233
7784
7051
36574
11147
47358
9132
9499
12426
26
39687
4773
20324
36478
44637
20318
21028
4418
26524
42758
7088
2759
38707
2207
37788
26642
37427
41657
44881
37390
41779
35422
12148
22236
48183
21328
18020
4301
16845
41139
24413
31473
29624
36400
24319
35231
11429
44300
36201
21967
33826
5581
12852
45423
7642
28915
35609
49973
31150
21515
24616
30995
17691
6917
3530
9520
45474
48232
25911
26716
1128
46951
28797
6548
32910
43936
31111
7041
2029
12768
910
36477
7576
33772
1716
960
15891
47872
19576
33517
25290
32038
32373
21766
33435
26336
13247
5935
21480
33740
5080
18750
13252
35039
34546
19655
27012
27258
49912
45904
22859
16099
43988
16131
24669
6777
15441
26097
29873
19729
22669
5923
8702
39245
22090
29793
32561
17903
22680
7575
40846
44495
29997
26316
7430
8036
43153
16752
7378
32521
2573
2539
9432
46109
17915
25431
36132
2220
18117
42406
34648
34823
2037
26936
19681
11883
23959
40473
9135
878
49434
35221
821
22838
29080
14838
9298
13180
28550
49608
5404
30117
29597
35569
6477
24743
6349
21936
13428
10605
26929
1096
28478
14220
35389
36191
35820
12477
43489
45179
6574
11695
971
954
41760
26102
37223
2859
46053
33977
40736
14447
40345
34341
12881
45946
19050
3434
47601
41669
2830
16214
43541
45685
8120
30809
18897
40089
5033
38554
23528
10382
37519
39290
4570
940
46398
4652
40864
13340
1754
28785
5356
15253
4697
30825
36135
32025
42968
15393
49535
32292
8418
1715
20881
29022
8634
34528
8675
7831
4476
9625
12205
35370
21655
17525
2949
39393
1600
32616
27898
41176
29311
27678
22040
3413
31459
48820
2082
43062
45111
40459
15921
28844
983
38455
44549
36482
1362
30650
34763
39664
22037
38862
1084
22230
39089
21178
41566
42667
28438
29813
17447
47530
4642
18831
36745
28582
41689
30837
33163
24302
4644
10131
5877
1779
14208
6069
36520
39668
29945
518
17593
3830
49402
8761
9198
33932
24049
39836
3283
29116
45915
19623
30184
40391
15783
30332
48597
41035
20199
28982
48142
24675
24712
1130
44351
20302
28171
29658
43572
41312
44141
2931
6177
48783
33831
28489
3975
43611
27796
8154
38315
49984
21611
45370
31034
3178
38071
11468
28217
28418
13523
35998
15246
46865
27068
41809
6860
10283
49428
10549
6794
42052
38821
33720
17623
28080
128
10868
20240
23663
44750
33815
37284
18399
3213
26878
5673
6041
44571
10117
24486
35868
37684
1480
3584
33764
49333
2012
2762
26406
16133
49773
7173
23117
7901
37965
23523
24960
14806
48207
25938
7011
12060
29409
44787
20506
18620
30879
34319
21403
8841
34518
40090
41761
24988
4721
34080
38340
38177
41518
30014
41573
15035
47616
26655
353
45498
26840
17403
46137
669
28689
7978
16162
6175
46892
26332
11866
33135
44276
10555
44973
32580
6143
29724
8617
20413
2872
7081
21918
37908
40383
39925
20887
30026
11485
15222
6525
42447
32892
37767
29458
448
47884
37444
45693
16244
22953
5532
42781
29254
5303
13039
31308
17511
37580
43527
47596
37866
5572
33843
28294
14614
46128
33931
17471
12391
36921
10078
37202
33364
102
10108
12354
4152
30495
47981
4511
27933
35356
32934
40079
2558
22538
8739
31240
33071
32168
8814
32828
30034
43238
10155
43822
13369
14911
29936
5933
49664
44356
49342
31243
1206
27063
48943
2837
5616
1705
45773
1689
6339
7036
7922
288
13569
14055
4521
7964
12283
15178
9156
945
17320
16024
7062
17183
18978
22984
10154
24244
26382
26830
23914
18317
20843
18247
30696
4822
37356
42354
10177
36646
45966
41947
49231
44887
45406
49897
8875
28333
30461
40369
30381
1325
43524
4757
41772
33496
23634
47794
1421
5354
23809
20287
40257
11153
15113
4630
4735
49757
36931
19048
48167
49678
11543
2190
13549
41774
2424
4131
22359
28837
21024
16796
47603
35596
33962
25293
31030
13290
43711
33167
22639
10231
46366
10618
2133
28573
11930
46506
39137
4236
19033
18510
40212
11663
6766
41509
21849
14453
11050
7654
7712
49946
41994
24538
16677
14244
12339
29737
4717
6094
48756
118
27224
9912
26066
47962
17590
36407
39628
41907
13014
24430
11007
44748
20630
18660
18693
40
39895
22908
34158
43908
16837
27703
39312
19261
40371
16026
23384
15613
21176
9180
46206
33111
16442
6479
26002
26281
46247
43857
40676
34405
3546
37046
33098
47739
25604
7188
36561
47718
32754
35958
29375
26276
26467
41620
49873
3923
27452
38447
47430
1207
16446
34557
21483
16841
28270
24154
19568
47905
34352
46411
1722
28201
22579
12463
19662
16591
34445
5838
22216
25602
39878
13201
12168
47481
1030
22468
21900
39708
49047
15819
2629
30766
36728
30225
14979
6008
36817
30488
28745
5143
9397
15381
36058
4752
49557
49703
25521
10681
28531
17104
13609
4306
4467
36114
19475
13035
32385
39781
45067
36550
31833
47774
5233
43695
12759
45678
18573
5833
27023
2694
43530
1058
18476
31390
35120
17676
21160
25331
21796
20891
35459
49726
36217
15400
10591
6880
48414
27931
9287
9253
3403
19667
27633
46
15360
6629
48829
4941
35035
42815
32774
38993
29339
23456
44682
4289
34149
9466
39964
26632
27773
44561
20722
30237
39528
21992
30421
44192
36270
49867
234
41542
35052
36760
43388
17551
21431
22973
16912
21607
24634
8803
45167
45147
11946
9469
46052
13816
35487
19545
19785
48879
15022
14181
20390
33393
33291
25139
2059
29296
21789
25747
37008
36657
37683
9494
31257
21926
13649
23948
17610
47766
40826
41002
41847
2189
227
28644
24926
46446
25363
46691
46302
13562
3908
48373
27
10085
2848
14137
9376
9230
25550
31211
14151
48554
36960
28135
45952
18684
41762
41568
2008
26225
11319
970
4613
35206
19743
17006
30804
36563
9440
33881
30792
47347
34893
10779
37017
14189
27297
9309
5176
9294
18003
17997
12281
31378
15811
43070
24823
29520
32044
801
27283
10737
296
40970
40228
24799
2250
13565
6505
29861
3661
7371
6227
27626
5265
43690
42672
9153
10565
45619
13527
39662
11897
9410
42503
2094
3895
35314
12871
46041
19860
24954
43178
7356
37791
33897
504
17848
19312
9593
15266
29714
5160
30328
33738
40043
41648
18849
40208
19847
34116
11630
33186
10627
14620
44247
26289
33902
12012
633
13539
6362
28985
43135
3700
483
9765
10646
4737
18212
14944
11081
44122
11977
41172
1290
33755
16622
24334
37064
10617
13811
45
48191
25460
2717
18889
15012
26214
6689
6729
40370
16433
43189
16067
37455
27090
23605
35764
28811
43041
31544
15633
29648
41712
35789
5861
17282
23346
42201
40211
42516
19217
32986
42524
14113
39472
27542
43483
44101
29261
1497
44591
372
45220
33622
29264
15830
7972
5247
46853
2940
76
2723
34636
17276
26264
22565
13653
31423
49740
40807
25399
14536
39248
30494
20273
32466
40024
21605
27869
42599
9283
37241
37344
19219
41257
10418
14682
46321
41431
13185
20565
34451
26805
47170
32703
38799
38819
22694
17893
20547
44871
41705
43066
37167
32610
31014
20111
30496
43417
38794
24784
5090
17169
35731
36702
42845
12000
9055
44233
17174
11547
21369
3401
35043
49255
18266
17100
40478
32398
17005
29085
49276
49980
15698
35941
18382
49816
30218
33840
19760
49571
36276
43787
43702
44489
45530
49587
36000
7727
30419
4687
22551
46048
36365
24863
8478
31878
32442
48894
29932
43602
47227
17588
37319
4260
28987
34974
14622
6958
6340
39325
14399
48749
39644
47740
20418
3871
30666
25609
48915
17189
46362
31795
21014
5701
34628
12
19414
269
9201
7445
2280
48692
28236
17513
16437
41095
45059
25627
38527
12857
14992
25159
7544
26174
36150
6441
19948
16768
2480
8551
23329
38856
18621
5589
42740
1542
24171
3642
35549
48691
12777
20102
10845
14948
21000
10604
8554
23916
15634
31142
40183
43369
24861
20988
15695
19403
24048
16335
34685
44115
7736
16306
20761
16843
22043
12064
404
38720
14038
47260
13021
19715
519
24815
46709
20695
48411
48630
48046
41415
27425
18100
34857
18654
44095
25908
11380
27934
24648
47547
6853
45783
46103
33189
41132
4043
16555
8571
22483
24749
28998
3140
26888
40143
39524
23648
582
18194
41059
43839
26688
38642
2569
6398
21969
38077
11600
37184
33503
4272
13267
30103
4568
35023
637
36380
4920
2362
25136
36896
14343
27889
16016
26018
4689
49059
45118
22092
9175
45615
38961
20266
48053
40487
28548
24071
48513
819
7551
26949
9964
30232
10466
13028
5617
6245
3643
46455
21421
43964
6810
29977
45011
22714
47925
42841
41454
38537
17797
22352
34212
21507
8491
31925
46784
5499
28854
9452
1752
25129
43840
25628
11885
15909
30714
20257
23867
47511
33966
4628
42064
39334
36328
14918
49443
3142
9345
4122
47181
20283
7966
30867
8731
21231
26717
309
46228
27577
44422
37119
17008
22636
36491
8103
4147
29694
44806
23118
2956
48101
9668
40113
18912
12362
29047
13818
34031
15753
6585
15506
31521
20621
26230
13637
14124
43697
39598
35841
45878
26724
2846
1970
23695
34209
49199
34256
17245
45940
38281
11729
19791
6647
17318
40485
4707
19707
11505
16420
23252
9422
27134
43562
2421
49426
39900
4267
1412
46928
11980
47418
49165
47858
23481
47134
13097
14457
14418
17938
36922
30939
3025
33287
5147
6065
30061
1046
4181
7537
9883
3693
11873
8311
13920
13591
7999
6287
28891
11054
13317
17953
16612
21987
11314
23812
14234
16558
25328
25198
24725
15773
24199
35643
34582
38135
35101
38259
38560
37070
38779
1766
25714
38686
42357
44568
32381
12417
46498
49114
18514
45429
46480
45110
40134
18710
46954
49794
39563
48892
15480
18990
34399
23865
9868
8909
40592
38217
20985
47073
24314
21857
49828
2110
34000
11262
3993
26179
27038
11213
22117
30058
24313
46263
17866
1864
20590
199
21289
20934
48474
31424
44706
43678
18077
23466
6848
30264
17243
34747
5638
43128
40443
8855
41109
12833
14258
26161
32036
26982
40792
30664
25076
36771
11952
6278
22860
34854
29348
46465
35260
13893
34675
26970
38239
34558
11122
5296
15057
23512
29632
14867
9118
2950
35494
6534
47421
25890
9549
5155
20143
27640
12869
48574
17383
36619
19713
47281
1726
12965
14828
12699
12300
9696
8200
7447
20314
43729
7526
40116
1275
12125
26059
40794
25206
6818
9188
7796
38026
37845
45190
40548
40964
37315
35947
34376
44891
15279
38184
1867
27629
47786
21519
30268
31471
8458
6792
20144
33004
12642
8738
25656
3391
23123
15989
14792
13768
34253
39831
12652
39914
656
48400
10893
38704
3207
45721
44420
11482
1557
11689
6466
6554
18574
41643
30165
47422
31282
19960
32570
25597
10904
28364
38330
14548
25062
34953
31068
42665
5049
46348
39877
25726
11991
8114
24848
12326
4718
23515
31780
15823
7002
20927
896
7836
14459
41868
36925
42393
23400
24730
41225
40689
27501
46400
45583
26017
31470
45800
42580
39170
10984
29800
12216
7314
10094
4132
21112
44064
5213
26606
49229
24238
22144
44993
22110
29851
37042
1577
15747
41524
34690
4987
36105
22453
2560
35142
23827
5842
38604
24888
25388
9829
31049
46078
9033
17744
29600
40181
46917
39141
20455
45512
15053
35250
44129
48676
33746
38188
13068
27445
5427
11724
3019
37368
24483
37753
38467
40055
31121
6434
4501
10793
24598
45373
12793
5188
1798
24422
25684
30835
18013
43123
23684
19834
40980
15956
47074
40313
2616
22083
24516
39530
10849
25088
35427
47090
35334
20849
28668
41177
21659
1624
3934
11514
39509
36278
5800
27584
22099
39788
21988
1870
2586
4248
39660
18492
7607
28905
40120
4349
35462
1043
46489
39323
12622
28895
29594
36669
5895
48000
15203
20821
8415
37494
22660
45736
39186
45621
37884
1617
18214
21060
27028
33326
31130
3290
31900
30805
36313
4247
12387
13556
5609
19494
14940
16978
43509
46635
28860
15782
31225
2372
2364
39211
44721
31928
48133
20946
12587
22981
19
8062
40516
25551
12608
41535
33486
41930
36837
10432
47874
48765
43836
46522
7839
31805
44453
10186
36178
4414
18264
16839
14237
27867
7139
25870
5876
39546
3224
42602
38598
33528
27209
11312
11989
37441
15171
41122
23342
24737
42010
30236
13412
14808
16695
18926
38294
25828
11740
48690
44530
30767
47407
747
43050
19932
46069
3778
24157
12645
18671
23388
31980
5420
29219
3945
3301
12643
32308
34652
44801
44405
48451
49680
45125
25879
3511
33149
23803
30545
48015
43185
17489
15917
20832
7251
28465
33322
19265
34193
31539
1929
35361
20655
20787
3592
10722
10234
40162
36171
7629
17302
17220
26821
35522
33394
23178
4413
966
49795
1839
49070
14081
21048
31620
36948
47482
49848
15640
26200
44073
31919
6995
15477
18348
40656
9266
31290
38169
746
2987
1332
36914
3453
5669
36802
9614
6132
12879
36844
34054
40692
37306
34939
42401
21934
28833
45520
12360
19449
30736
27211
8043
3991
29883
26831
35357
31922
20830
40994
32657
15537
37159
41209
43764
22488
33082
35461
7696
38775
27359
6087
43803
35273
9705
20659
24399
266
19845
36711
4883
37755
38136
10328
15268
43856
12781
11884
8163
47535
6319
6570
27180
22562
47988
40883
12918
32119
14688
52
36993
25648
16913
46294
46353
13925
40507
21235
48146
22791
23930
18269
25179
11590
12311
39381
13551
3733
10622
22436
13718
7174
27987
9385
42979
23440
26218
31956
29620
8073
17056
14820
17449
47805
17120
16030
20126
34222
21038
41733
19191
17468
37485
27206
19226
44868
19164
16323
14476
32327
20379
10090
47077
41605
8934
15056
17406
26573
18674
21126
47325
38078
45963
49805
45366
16141
18391
17298
10664
7598
6276
29729
3399
25215
16045
21498
45690
46260
49958
43914
11627
47213
11701
18439
8545
3212
953
5140
5332
18925
6193
19757
6239
39235
18398
19543
34929
42725
31756
21008
12462
36332
10922
12516
42156
2935
35246
40612
10841
40353
48441
3064
19565
9876
29439
22755
33294
46721
47128
48484
23169
34497
24024
24034
33608
23013
46165
41457
29334
24831
377
14262
15128
43504
49662
34189
48071
14454
44385
39828
7409
12013
14581
35264
46555
42293
43846
36227
18376
10968
36667
35914
38827
21580
10928
28477
36953
26643
8199
20705
19456
4191
31009
29283
39704
22883
4498
32780
19827
44882
18422
48356
41788
3665
46967
6581
15100
26359
24155
398
24622
14437
4148
9003
16056
23975
3951
33778
13742
17907
38672
8347
20468
38916
19595
55
34336
15194
35849
17984
38396
27361
46021
39942
4283
8201
16681
19647
21208
27639
42220
37839
6565
22944
31931
45479
42830
38324
23132
3473
16880
22655
10296
22618
21371
20354
31496
36700
22678
410
26496
26881
24908
40080
36436
34087
16815
34410
38005
22408
16012
24939
28727
26789
10389
40511
7912
19763
22279
22783
27424
1348
1456
30168
35147
3259
27151
3469
35468
38086
7835
8069
27750
30483
9906
1161
43565
41470
14182
19413
36281
32725
28758
28315
28781
19972
17311
6925
11863
809
39117
30799
142
1156
24854
2998
6770
27487
19997
4719
35413
1677
21253
2025
40058
44227
9429
41898
47586
11451
32848
25438
42331
13687
36122
17102
30338
19087
41806
18547
46146
3017
30826
21912
25032
21474
34961
24037
7206
7989
31202
2928
47453
41207
30302
7381
20516
1080
41736
50
3450
29934
9919
13874
9825
13381
15582
12116
16753
16078
24324
14474
16319
4908
13640
25769
20625
30322
32576
17738
29417
27845
28103
13998
36730
32190
38238
29153
33007
38457
40032
39006
37761
40497
47278
43758
34580
42720
47508
28734
44957
40584
40510
24971
44486
27728
33353
30019
44427
5921
29040
27510
44136
23441
37601
47523
17850
15770
2067
34835
37760
26213
46273
46401
8124
12101
7578
36961
817
17112
16302
28599
4477
4339
8762
19709
10390
9241
14363
39744
33331
16992
3250
30288
42831
14640
26674
37423
1036
31487
26188
23269
37931
49411
9133
43222
44130
13202
29955
4258
9947
12461
13410
23242
30531
42545
3704
15040
26303
9335
15592
31940
820
45133
49319
21573
34075
15261
49406
35507
31961
8526
15806
20491
42690
29286
27214
38287
37035
11684
30465
3686
25430
22069
23164
32148
38543
46425
19229
10187
5852
37624
1788
30054
5743
7282
45435
4081
46614
36860
48326
11924
21640
38108
35977
20903
49564
13589
15792
11948
44449
37959
22249
12956
31708
8665
21018
10472
36331
47744
26722
39124
5755
1736
11746
24178
37554
32184
16427
49291
43499
44757
39838
3576
44473
16199
33666
9148
9093
7073
44399
10016
8251
21906
4772
29174
1567
4777
