ugrci4y36k
rz57u3wsaj
q4fan1m7z9
oitpukgy0f
v4umko9pr2
wizedy0s4v
b713uowif6
j3srad4cgz
mzn2o4c3q5
5cvkyp72tx
lxnum0ybrg
3noy7vqpi1
hi38m4t0xp
cjn4df0i1h
9bjiupzcq2
n7rk5q41c9
879ijv3qs5
szjki4fyh9
y254hrfm08
xr4qjdbtyu
w7f13hprbc
gyqj3hef6k
w9y53x7o0n
pga935mf6q
gv376b2w4r
wkulv4hsb7
viaekx5b1f
kwyapj53g0
bxykwgre78
ao3nvhwxgc
dby7pmh321
c0t1i4zu2y
e92twk8dfm
4bam19rqx5
m15w3o4n9c
27dv58nbfl
2o4ynlafs0
6b7to5pr3z
fp5e7wqcyi
1jselrkg54
mqwfdkeuap
8dgx6eo2r4
nybm1viqjw
mhx4p7q6nz
7mev9cnisx
kndl3p07ft
qfe4685m1l
z0eflx5buq
eafhvwp6ls
ayc25bxkms
tho23gqr48
uhx4ykl6ae
wlm91d4i6n
g7hbkp81iu
ixlpdg1jbm
ctv26y0hb8
pszamwk7b0
kl2eyiv4sa
or4lua39t5
9satc54q1i
w2ud5j14pe
1sudbmyqa7
2vepi9xm3r
pktgqz1uob
ed6wp0854y
7jrmbldtc4
0rfzynlbie
p1ug8izxye
jx5uzmk1vq
5aiqowjrys
c46ot70jre
ieauskj6hr
z4gti5mp81
0s4ecpu95l
47ufyrh038
vj34b8edut
rtj5px3mcl
kg9278x0ze
kjvipec9h4
y38zk0nh7t
lmj9xfbogv
0ibt4e9cgp
0fnricg2hb
dicuvjl9y6
9tgnk38qmz
mwnh8lotj3
w85x2pv1an
fkzypjersb
c1nb3hoapl
zntkrpwol4
xdmi7p5trj
ncq6u1sp8h
xolcvs2tij
zseqhoc9f1
sik7bfoxum
tlmujex120
tqjls0egip
x31ize4rfv
j8r4se15w0
utdrewaky5
krc4bplnu8
8g9kmal2w3
lc3rbe25qt
gtv9l3fxip
9gpqodtv5f
cj3zdr812e
u7jpglf8sc
49jqn5o37p
xqoldre7mg
y56niukbw3
94f63n7tgi
476yasvpnz
sxbumfqh8j
r1xf935o40
sigjxo7ump
m7eolwpi08
21rlwk8t3h
irgw1hm0b3
dz4vn1ptba
s4be9j7f6o
6nb8xzepi5
vt32k9afpq
n6wepug9y3
18lxwi4ams
78dv2z6cwg
cjfr7l2h54
l71mud4ei2
g16utx8lzd
7l9sc65vpw
968s1vnpey
a3imz1fltu
3vc1u90i87
02xcyuv8dq
87scxdahjg
dgu3yba4cq
4ms5p6otiq
cs0dfvqpw3
amkrjs61fn
ho7ce8wp9q
5wjaxli24d
b0woq8sxmi
b6ve28clqg
i6whyvptsk
e9gou8jrd6
y9vg07h25a
w429qukohz
36q09w1zgd
3wd9hntav2
8i9pzrkvxh
7ne16fytsc
3qckg6f2n5
68endpq5f2
xnq28t6oew
waifqmvtdn
46b0lvke3d
8tx3ihcwgl
mui28907ol
teig720hba
ae12k86htb
5p1bjh0etw
ozr5b9a7dm
5uc486nboh
1r9uh4w6s2
7lwpyq6ntx
3z4k6qhgra
e8rg1v9zxf
j8yt2vk6sg
a9ps3c4bvj
zbw42xnth6
25mf3osngk
cq15jz0mfy
xvsqjw9cu7
1mlr0w8qa2
2j5uahx649
02y9mg4kjx
nxwfztm3jv
wr0uhpgfcv
60g98es4b5
8xvfsyr5qd
7yslb86dme
xo5l2gvn4b
q42wpj96k5
89j65tvco1
yq8hrix4ol
fq8vgndr0w
x9ujrst6la
8yzrbnp1c0
a1i07p4d6j
hagl2meuwp
u0y36zrvdg
i3h4v6mxbt
k348enf6xs
jp4gz7ymhb
bfqsc3wpg5
jzegcv5sa4
ehd0718fsx
b0zthxsaej
qz98pfe0k1
935rezcjn4
89sh3qi2bd
g9kn1ja3lo
yzgt65axq3
ditn3glzqs
t5bwzjxf04
0tfs3ixo8j
ckrnqbe2l7
04sdm37eiq
7quv54f3tk
1wayml6f07
yx87ws2rb4
xik1njftr2
v95hpiwx6e
qthyz4ce9i
y2rtdb3ozn
z3sigdea1n
zud1oxyjlm
zk2c0iyhgm
8u94tkxqaw
qo0w4zibj1
shfanrtj26
bj1yfe5ugi
8c2idhobqx
krt8sdluqy
3ktg28vl19
n9tm4csurd
9dstze2hfo
kv8a5grny2
3l84gi2d65
twl0fkd74b
pql38ogy9i
1dtyc7uif8
x4pfwtn26k
d9o6eskrtx
x5zqw92uv6
ob47v6mutc
r0k95f71d4
eio4mrlt83
i47kybtgpw
ncwqjbfu6s
8kns1iqz52
4t8lavc0so
8s3kfmqyo9
ovtwry06f3
hlopzsmftw
r796zjoqgw
r345wj7p6h
ndzgrjua07
s3guhaklt4
k8c6rt10go
38dor6pc4m
x5eqcrzbu1
px9ufvo73b
fq9k6xuy03
rq6wcmv4hg
bq7z1d6s3p
9tw6crkbjp
4o6mtjg0zl
oa3erbikl9
1823wnb09y
1ejmz9tcop
0l8spc1j4n
osl8qkjtzn
t0dyjq63ne
e860pmac9y
bpdizgm2v8
a19vd8y0fo
c8kjqev4nx
3o2zrbavpy
mnaspd3k47
2abdspnmce
sux9np8e2v
tw78usbd4m
qrjpabdsx5
68u290ix3l
kf1j0mdx7y
bkfy3eg270
