O
A
q
cX
ar
av
5
je
ha
qo
N
fu
pa
gR
vr
um
o1
qT
lY
Bu
xZ
tO
CM
uJ
z7
eE
JL
Dy
KW
KY
IR
Li
Bw
J2
PR
Pr
DZ
QE
K3
Uv
vv
Qw
TV
Lu
XC
Pv
V9
1p
LU
W3
Ok
6s
6_
2h
2e
Zx
0e
8a
1H
8I
7w
aaG
_S
Kx
ah5
9l
aah
aeW
Vl
adX
akt
_Q
aj7
akh
alL
66
ajw
adx
anO
ane
ap4
ar8
apC
aoE
amw
alE
auQ
82
ajm
ayM
aBQ
axm
aEo
avm
aBg
aJI
aqt
alg
aLo
axC
aEu
aVI
aAo
alH
aGz
aXw
aYg
aXQ
a2g
aUF
aHF
aVQ
a3d
aZn
aLR
aDK
aXE
a3a
aS1
a9S
a7U
ban
a4P
a6q
aYP
a_u
bd0
be1
a4F
bfX
biD
a_6
bhm
bej
bcn
bi4
bg2
bmj
ble
bnC
bkh
baU
bv_
blM
a4L
byA
bxd
bot
bsV
bzi
br_
bvC
bBI
bCs
bzD
bB1
boR
beo
bIp
bgl
bJi
bAY
bLf
bLx
bJA
bJU
bMB
bMf
bDq
bMj
bMI
bOi
bJj
bIG
bOm
bR1
bCP
bZE
cdo
cif
csI
dbL
z6_
3o
cgG
gfi
g63
jql
