WuM
RkK
9cD
NhQ
5HB
83O
Q4I
mxN
cLO
4PI
dMG
HhM
5yF
uUG
P3Q
95B
NOB
tqG
UUG
TaI
Z5N
SUE
YOI
b1O
yk
L9P
scB
vyE
29M
pVR
ITP
SbH
ktB
nIN
CP
QgP
gbQ
SGC
j3M
pXM
FYP
uDN
AOB
GcC
yxI
W4D
GdG
QtM
vsM
cV
KWC
CkE
juK
HlN
wfP
RYM
sVN
MTO
4OP
Y1D
Gh
YUE
taL
byJ
VgH
QRN
yLK
OvQ
k2N
n1D
3IM
W3B
OjP
DtG
QgO
7eR
ftR
NHM
ZlQ
yNH
i5D
HkH
ShK
QTO
RzK
lbI
qdR
7CO
8oO
siG
evE
yhF
QoH
BJS
ZuB
7xM
miF
zKC
GYK
WoR
S7N
NDM
L4D
KRF
SeJ
hHN
uBD
jaM
N0D
nYO
fnN
RqN
ObO
tbJ
ZLE
RbC
6xN
tuQ
F8P
qNN
SEJ
03P
tQC
hlJ
nLL
xqK
EHF
ByR
YxQ
hLP
HIL
bfI
QUB
mGR
HzN
U6E
ndM
cyJ
S2P
9hG
duF
u9K
8MR
uRG
TnE
qQP
mPI
LcC
D6O
61J
w4O
Us
uEL
NyJ
N0B
J2
7sC
OCM
nVC
KFB
zRQ
NMK
HiC
CFF
GVN
c7H
MGQ
xKO
ypK
hPG
CZP
FeJ
K1L
BCM
tnC
8VI
eiH
FML
RLH
tmO
I7D
5TB
fmP
oMS
V1B
DoC
GQO
bU
FUE
pvK
mcC
PEC
h7E
ouQ
ZPG
orI
0iP
LGH
X2
HIR
TtD
CNF
gIB
CcQ
UeD
MTM
FoE
H7G
9BC
2nH
vzH
P0G
G1D
qJE
tbK
ycO
4tK
dLI
UAK
9uJ
m4J
zsI
Hv
gwB
kHC
bMJ
bEF
hNJ
hPK
InC
YmL
rY
7yK
NcO
wfH
HZD
K7G
DCC
z5L
y1D
gMN
cyM
lvH
iEI
qOI
F7
GmF
UyM
g2R
01
brQ
8qD
QpB
zoD
AZ
QPB
IoQ
6FQ
3YN
veJ
5xQ
3v
yYR
4L
3bF
AvG
RNF
tiR
1qB
Q3B
ayI
GzO
EIQ
ikF
2y
P3I
6FD
PDI
RDO
oJM
4FM
AJD
TzO
LTQ
ZUH
ATL
APN
iZB
fBG
w4L
iZ
gCD
UqL
XCP
deB
rRE
o7O
y3I
cCS
opO
JKE
Yj
wU
rjM
LoH
4jF
6fL
8AC
JEP
lGJ
zGD
HfN
AaD
dyD
S0
uRH
s0M
kjB
mfD
AFO
aeF
bUE
eVQ
cXM
uJN
vlJ
LyN
plC
GoF
prR
KqK
4m
CVF
PBH
GZO
frB
IKS
D7C
olJ
L2O
1L
fFK
W1O
eIQ
KpH
GiH
Tp
O9D
SRL
HbG
wXP
Fk
tcG
05
XzR
grH
qyE
tMB
VcP
7NK
uMG
UHB
HWM
s0O
RUE
XGS
qVG
2gF
uMR
NMD
Z4Q
GvO
PNE
