1RTM
1P7
DLL
113V
VBP
1WL3
1QJ
12LG
104Z
SP7
40K
1KQN
1709
15HS
FVH
19V
LE4
1QY1
18C0
1RJD
K1J
CW3
HVC
IR4
SLB
BY5
1O2
1PI3
1GF3
P32
1ITT
ATO
CRH
QG2
WFU
OWG
JBQ
1H44
V24
77X
1R4H
10EL
DHL
SFT
3Q7
1BRB
8R1
BXC
1P41
1BQ1
ILO
WJF
1JUG
103G
1K0R
1Q1Y
1U8X
1QZY
1H3H
QYK
179N
H2B
EAA
PZ1
1IBU
AZY
1GSI
1GRM
5EW
JP4
1GFV
1RCJ
1NEQ
QE
5ZH
EDD
1GN8
E7S
1PP1
ALN
1MCP
13LA
JEK
16O7
D7A
4CV
RJ3
10EI
SWD
YPC
D15
15K0
CZC
G7E
1BEU
IJW
RTU
1UE
113Q
1LCA
1URM
9XE
655
1AWH
L5N
CGX
1L8M
V51
HM4
RQX
1AS2
AEH
7EI
1G1U
R1D
1DSN
R6N
DDH
6EB
24X
FOE
OPC
RY
8CG
1T6I
5WQ
1NIG
1GVD
HG5
1M7K
W0F
1YX
KFG
BH4
G5S
FHZ
9C
JNZ
10ZW
OWJ
1P0O
14BT
184M
NUO
1Q66
LZ7
FCH
GZV
178Q
JM2
1HTT
C44
AQL
9JQ
5XB
1E3B
1J5U
1U77
QFV
EGL
1HGQ
10VS
GZD
1JEH
YZ5
1HDB
3DI
4Q7
E9C
1O2G
1IE
1LQ8
SCV
1NC7
1E5E
17KA
1N8F
1W6H
YOJ
EQX
1Q8N
BL6
AHK
Y6C
7UK
102O
SVY
1I01
I7N
71P
1NDF
U77
BWD
M4B
1CNH
T57
1H87
1DZA
6L2
18U5
X19
GEG
1553
B7U
MZ4
15Q4
1PII
LSX
CK8
1K8Z
1KGB
1E6I
74V
14L9
1WR
1RHH
198M
6CR
1JCS
1OA2
IE
1MMJ
1HKJ
QL6
9E1
RQD
1B0T
BUM
Z41
3YP
5XX
VXF
1IBB
1511
JF2
1UMR
17PA
N0G
D9U
1AZJ
UY8
13BA
1I2
1EH0
4E1
PZU
1GOQ
1TNC
129X
B8D
1QQ0
5ZW
19IE
KLY
JFF
1DKH
1TRW
1UTM
1P5P
1G7M
1MAJ
8QT
TQW
K36
17T9
3QW
Y5D
1DWW
19KZ
1G49
13YC
OM3
ZUA
1O1X
NDH
CDZ
1OPS
1BG3
PG2
1F4A
PBT
B7R
18XI
IAM
18NJ
1PD8
EVF
XO4
13R8
1HQY
IVW
ND3
1VY1
FZF
1WTA
1J1Q
6DN
M36
1B9B
17AS
1V1I
2TG
J1K
BU9
1BW
SU0
1HYF
WS3
LDX
P6F
CGE
BR3
GHZ
VES
1O36
FAE
FSX
A7U
1KLO
1GWL
1CUU
LND
QAN
AQD
GQP
KLQ
1S8J
Z5S
X8Q
1CMO
12X9
4UV
4SP
1OGE
2KD
810
1D7E
QLK
ZT1
1ASX
789
12Z8
6LH
8C6
1PF3
1TBP
WV4
1FEJ
1QU6
7MF
1F9E
16GQ
16C9
W65
D5L
EHJ
6IT
15EO
VR1
1CJB
1HAY
9XB
1AWE
1OZC
1BJT
UU1
68
18XJ
30A
VHW
EYZ
1WGS
17UR
71H
E1N
91G
1BGH
1LHA
1KT0
1X3U
146J
1K7A
142O
LTW
66N
1POW
NO2
1IG2
C0J
Y03
18C4
1JTB
LMX
10LF
1OSH
C1U
1CP9
1374
1AFD
EL9
1L26
CN1
VMG
SNC
5V1
13GO
1STE
KA
IPA
REY
12QM
1E76
15CC
10PF
NNC
1PQY
2YP
SXT
WMJ
6BK
1600
TCG
YK6
1MI5
1QE4
P57
SVP
17W5
1OYD
SII
19K0
R9J
19EI
CME
HBC
B2P
YFS
NK6
1TEA
15K4
1M19
GHD
NY7
CK7
WZU
HFD
12HU
DBE
9N1
9FL
10Q0
HNI
16TK
1H3B
15J3
DD1
UKE
OOK
X1T
18GF
RKI
1CHO
XAQ
XS6
15JT
O3X
UFT
16DV
2D8
1MEM
14IR
B50
DD6
1PRL
Z4J
1GYE
16Z3
1XAO
1LIV
N5G
GLM
115N
664
1N4K
15Y1
1BD6
13NN
1WXC
UPF
B28
C5I
1FKB
ZDU
ZWQ
703
46X
1L1I
UCH
19GG
TGO
1R9D
BBU
55U
WHR
D58
U22
JJ6
1JOK
13BI
H8I
1RIG
67S
PQR
2IY
YWX
CUB
1JWC
ZKK
S53
14XI
T4S
1FQB
1FAJ
E7Z
TY4
1W0C
1R4P
EMG
1BLK
1JF3
2K8
2IE
159G
1R3J
LN3
721
1UR5
Y3U
12FH
1O7E
1AQ
1CZC
CGB
MOG
1397
1R0
K1A
1FVL
F3G
11YP
23W
MGK
1K85
Y11
1E9H
QSS
RIU
53Y
ZAI
1EAX
UMH
1DJG
1FTK
1R68
HG1
XUS
4TU
1F5
1L13
1E69
J9G
VD1
1QAF
15E6
1MOV
I6X
J5Z
ZQJ
4BV
KCS
H50
1JAF
OZJ
13GM
162T
12GM
1J0K
COU
7ZH
1X77
1J9X
1SKW
5OW
100Y
1J4R
LQO
1A7J
198P
GFB
122C
1A92
LIW
1LMA
1OZS
1KB
UAX
1GTY
1PBN
BEQ
1ATE
19Z8
1JC9
1NX8
381
3X9
KDD
1HU2
1IYJ
E1Z
18JT
1PCI
G23
1INV
PHB
S15
UXN
1SLC
BFG
1JKZ
1735
1FI
1MN5
I8J
1TZB
1FJI
47I
1NEJ
CPL
J5R
1SXI
19NI
XEZ
T42
M0P
E4H
1N9R
1M7Y
NLI
14E
1M1K
U44
14W
1RX7
1PPQ
11BW
16TM
1H4Z
1AH2
13HN
14GF
14AA
1O2E
1K32
QAX
N3Z
TDU
18V5
MCH
1UDQ
1FJG
WE9
1MSL
14P5
1WSY
1CQ1
1B6O
1AVS
13HE
2UE
1OUC
1KPJ
1OSM
OY3
1WA5
14ZJ
8QV
Z2N
1QIU
2VQ
1564
SHP
AY9
Y6Y
1GCR
9JN
4P1
1GOS
2VJ
E9G
159E
1WHX
RGJ
1QV4
1D1B
OUG
1X3A
NB
XN1
LWL
1TLW
1Z
MI6
1K5L
1QMG
16ME
QXR
ASL
ZX2
1BML
141B
Y3Y
20P
H0Y
N3D
6UJ
CXP
1TUN
OW
9RY
6FO
1VWW
2QC
1GO5
1M64
1RK3
132V
1O1Q
OTH
KMS
1EZ0
1GIH
YQ8
1XE0
10QY
BU0
1UIL
19ZL
NE1
BZS
MEJ
LC3
10AF
JH3
1CE7
4I8
17RU
1HK1
5WX
2XM
1MVK
H9Q
E8X
7LE
MQD
1ROT
S6M
1WVU
1DZX
1OHQ
LOT
74U
107S
XUX
142S
LZG
7XF
99Q
F9N
O9B
C8G
1V4S
1NOW
15ZC
1GDY
W02
1JI4
19F3
16AM
1UNG
1OQV
V63
1FGE
IIE
59J
1QDC
11DJ
11X7
AP3
QE3
1UQ5
J4F
1E3O
1RW9
67I
1SWG
TFO
1SLZ
N6K
1FDM
RHM
13NQ
4NS
1UT7
11WB
1HH4
1QWR
1TVU
1JQG
1SRA
1IIX
NGQ
CAE
TBG
XK4
KS4
F7D
11FH
1G7Z
JNM
1S3O
1VK6
PFE
BZ
JUM
1W53
NCA
B32
1R2R
U89
1UI6
FFZ
BRX
1ADC
15NP
YRA
9GW
1WPV
T5D
7PF
O8T
82S
198V
OHB
1T6G
P90
J1U
1UVQ
1TJ5
ML1
1O7M
1TD9
11XU
ZAV
2DX
MHV
1JIW
1P44
M95
4HB
4CC
1QBZ
F3R
QNO
1IQJ
12XF
XB0
1B9H
1NU9
H7N
HFK
BNJ
ZHY
5A6
13ND
1RKV
2K3
F89
1669
1SEF
1IYY
1IU6
T4A
15GR
1VHS
JV2
URA
1RQ8
SSW
26D
FK2
1BNG
52W
7RZ
Y0T
1BS0
1L41
1U2L
1UKE
13D6
B09
1PUK
1E1Y
10TH
PD4
OMI
88K
1211
OL6
1FDJ
RKL
7DF
1EYZ
4BQ
L8P
EG8
1BTO
N6U
6XR
K5C
1J0T
1HF0
J1L
QO6
1X33
MTD
BOK
QCQ
1GSU
16L
19XK
1CK2
1ROM
5LB
1UWV
D4W
15E3
IHO
RE1
15K7
6U3
1Q24
19ZU
DV1
DYR
7JW
MHW
1F12
1HAT
624
PS9
UZN
1JSN
1I87
5EK
1C0M
1D1G
15WC
1S9Z
DPD
2FJ
QZ7
968
GLD
1IP0
5AO
Y9C
1N25
13G8
1T2S
IYP
SZJ
1JLO
1OAL
1MNQ
1KM2
1PR7
IBM
7RY
1OX8
1UJ7
AXH
OC1
13OK
JTW
Q22
1KR7
1KSA
ND0
9Q0
2UR
132T
16HX
142C
11PI
108Q
142I
1Y1
1DKD
1DSS
12UI
CA5
9J1
TZC
TNM
7DZ
110L
19A
G9F
1JZB
JRE
8T
1RXU
289
14XU
16O2
2O2
1IDH
1TBT
LC
LLX
1565
Q9B
1S81
1VJ5
1KMQ
1QGO
AWN
1A4A
14MN
1SBW
HBL
3CW
Z95
14AB
1X6G
25H
1H25
1R01
X24
10QZ
1Q3G
19G1
AKM
1G9Z
1WC2
GBE
LMS
1Q0I
14RQ
CMA
1HDX
1VK9
32Z
2TK
12TK
9UL
PW6
EC4
1HHR
DOK
ZGG
TVC
1V7S
1A0Q
1GA5
1QAK
TWM
D6B
RMZ
1JVB
1I5S
1CSG
MF7
1VCZ
PGZ
1020
LI
1UWU
UJN
YEO
SCH
1Q9V
13Y9
R13
6EL
16P4
1N2P
PHF
4W4
1EOL
1RK7
1U4D
1PDC
ZWX
3B9
1PU5
1FBP
LGR
70F
12PG
1BXD
ZXY
1CE4
MVC
185W
1FVF
1PVC
H72
15IY
1E7P
14V
1LJO
ID3
1AQQ
1N1Y
1FRO
1AJE
R3A
5UO
1M36
XR1
FMU
1456
4HH
2O8
VNC
JQW
42F
1KC0
QDQ
U02
1MYZ
69A
AVL
16NA
TSC
1KYV
1V0H
15RW
H9Z
D4T
12CY
1GUJ
8RY
13QD
MW
1MMD
1R5C
NTR
P2W
QS3
1LFW
X47
1GT4
1KKU
1GKI
P9D
14D7
I3W
1OIF
BL1
BQD
H55
GO8
1NCY
1DD7
90S
C4U
5QG
C45
CJ8
E80
WJA
JF5
1X64
1MQZ
4X1
1L11
19LA
17VW
1G7
1P12
WG5
FCY
16XW
143V
1FD2
1AOW
RCP
YGV
11OV
1HP8
1P8A
11FQ
58Q
1TRK
1AOB
GL9
S0F
8G0
53N
1UZK
1WYF
L9R
15W0
CUI
1LNI
C0L
CS
1DNB
1E2V
JOX
IDJ
CY7
FET
OGE
1G69
WAL
LV5
14FS
JH0
9SF
SVT
19ON
ZXB
OL9
1VX8
1H9S
PKY
1AAQ
EQB
I4
PRJ
1H2J
1P76
15ZT
T7Q
2Z5
G5Y
1V4Q
1A3O
12AG
1MUI
BLI
1601
IEJ
1N1W
R57
1KNN
15VU
1K1Z
1B47
19VB
17MX
1PLV
1K7C
1OYY
48J
1VGP
123A
1CHI
1DU2
1RIC
YWA
194G
16A2
149K
1GN9
1I43
YE7
1TQV
CP2
1HEO
S9Z
C2L
3ID
8AR
5H
WOX
M7S
1HMQ
13IL
1QOT
1BQ4
6LA
1AAP
1TRF
1N53
1RRR
1T6J
KWX
95V
1LHF
1UZH
5X0
1SQG
1CW
WPE
YQY
1TKZ
P8E
13Y4
1DPP
1JPD
OS4
2QM
1723
S5Z
1E6J
XCZ
5UU
1XC3
M85
BIQ
1QNS
LWB
IR8
1ICT
ELJ
1UEW
120X
1GMK
4ZE
HVH
A2E
10M1
US3
15XM
1IJS
TMZ
18HP
10BA
PWD
4JP
FNS
1BDO
1CP3
QKK
52L
C7A
37W
PPM
1053
19V2
EE6
C1D
1DFR
1UR7
SX1
1OBY
1VYP
105I
192G
RQH
CWV
1OC5
472
1W10
1FC6
JOQ
T3O
1NPJ
1LP2
LHY
JZC
JPD
TFH
3WC
WGK
1NRW
T39
1GZG
SNM
E9V
1EYP
19OU
ISK
1PC3
17N7
9IP
1E90
173S
1T2U
1664
YL4
18X2
10Y1
PLR
1I17
1KGR
DJW
L8Q
1CQF
1PAV
1RM5
JUJ
1JK7
1G44
6WD
1IHG
2TX
AZ2
IE2
PGB
12XT
IRW
1Q3H
55R
WT6
1MCX
1OTQ
X2V
TV7
LXO
17Y1
9UA
1GOU
1QLF
UEY
HK0
W2C
1GTU
1EAA
13B3
YSF
18G1
1ERY
1IKE
4B8
ZHR
1DDK
V70
EXY
1UQD
QDW
1MMI
1KLA
1EDA
17F4
156P
1U90
L2V
1IMF
1PSA
1WDJ
1V12
KVQ
FYX
1URE
9BD
X4K
1VRW
1RST
2DF
VLS
14D9
XGH
1D7M
K3F
1TN0
1FY6
11S
17R6
L0X
KWY
8KF
1NY8
1NH0
1GP0
M1A
36N
7QL
13W7
GU1
9Y0
1NTE
1BZC
3P7
1F6Y
CXX
EYR
1C6Z
1QSN
1TSG
K61
Q11
18TG
F97
12WU
1FY2
MOU
FO2
1KJZ
C01
17C1
VYH
FVD
49V
1HGM
40B
15R6
19N3
YH4
4WC
1MAI
I9I
11Y1
1K4
1WAR
MES
1K3P
1UZX
1P96
7UF
9E9
1GC0
1C5Q
UF0
1UPZ
1S0B
1MOE
Z6M
8V1
1RW3
DPM
1TX0
1GU6
18LO
O58
1LE8
1TIK
J1V
J5
1LRK
1O2L
AAT
1IVK
1PPH
8U7
12AL
4LC
1WCW
1D2
119C
1PPR
1VID
AAL
HR7
BDU
J1Y
2BK
1L4D
Y25
1OH8
SZX
PRI
JHI
1E9U
JWK
Q1K
1LXY
1ASO
AMO
S49
1GDC
EJY
1FEX
OJP
P4A
GUO
12BC
OVB
19IC
1NK6
XMB
1UVW
OWP
118Y
1WXK
1IOV
1EP9
1C7
1DGB
OCJ
1T91
UG9
1ET9
1KCI
1U6W
1LOQ
14HE
GRQ
168P
Z0G
SU7
1AGN
1FUB
RML
1LXZ
GYY
1CZH
1332
13F5
FG0
1J8J
1WSH
1AZR
P0U
3HR
WOP
C7X
1OLA
3ME
OYP
1UX0
GYM
12GJ
7CW
X7Z
YRF
ERQ
15IH
T9I
1UD7
10BG
1NB3
QID
1V11
1UND
1DUO
1LAL
1MSM
BS5
OIC
E2F
1EUS
B36
NV
61C
1CBU
18O
1B0A
KH0
G0O
1F8C
1GTB
D7K
14X5
FKG
FCN
7E
WQY
17PT
RAZ
1VYW
MU6
17FJ
15FP
B70
C3W
12CV
Q69
QEB
1T1T
1PY6
1G9A
KCW
1SUN
D18
100B
S0A
1M0M
AKL
1X28
PUC
THM
NRH
R6U
EYQ
194I
PVJ
1PDS
L70
1V3
IFC
SU8
17XH
EVP
IS7
B9M
NTC
2M5
1VMJ
765
HSK
UL6
11DG
11YC
K2A
VK4
1IUT
1PHG
1S8V
1V3Q
1RPV
N7T
I21
1R42
DRG
1M60
1AO0
7P1
1D2U
1WFB
38J
FOL
KOT
3M8
SE9
BFX
VIK
GHX
4B6
1VW9
HUG
19BJ
1FAQ
NH4
6QD
FZA
2PA
1H4P
3OJ
17S9
5HY
1R2K
2TL
45I
VQ0
QJO
1OHA
1GJM
LO3
MLF
1FTS
X1M
1H1K
1G1N
ZAZ
CZ8
1APJ
1LI
IFY
1H71
L3K
11WT
1M2D
ARS
P91
1486
V62
1T3T
1LNY
1G3W
17P2
1R9Y
1145
17EM
13FG
1FIM
UJB
OKJ
16JT
11RK
1NFH
1WZ4
7C5
TS3
13MA
1JWE
1E5C
1H49
PIW
VNF
VNB
ZCZ
UG
19AC
1FHT
1981
RHJ
9WT
KQM
1JSW
16A6
1MP6
1KL2
10L7
NW9
77N
14II
GSD
TB2
1H82
Z65
1KMV
12H3
I6B
4TY
9M5
1MBR
1BOM
1WCX
ZIN
1A3U
QK6
1BY2
OBV
10YZ
59N
1H0E
RU4
ARL
1O86
WGN
1RA0
72U
1KKO
NYR
TB0
GRV
1CAV
10JF
1P2Y
1R1O
AUH
18BL
1IOE
QIY
710
OMB
1G65
1UP7
1Q12
1N9Y
WGL
84N
1A9C
C6G
WV3
2AO
1RSX
G7C
11RT
MK1
JMX
4F8
1X04
90P
1VC5
4Q2
121T
14SB
VKF
G6V
1SFE
1PB2
SW3
1EUD
193J
16XV
T0
JLZ
1JYO
F84
WZN
Q0S
1FII
F3T
13PB
R3H
14DI
1R5J
1QBR
1GQ4
15UJ
1DT5
1AVU
1NUW
PTN
15YE
1QD3
1F51
10OE
1TJE
SEC
1DC2
1BM6
WM7
NDP
9TX
1X9
17K
1S3W
N6L
SXX
FVI
E5K
1514
CGU
9GJ
1RYB
NW1
13DM
2H1
XGV
DM7
MI0
74N
19U7
H8E
I0L
1JQY
1RJO
TJB
GD6
10VM
159X
GT1
J5L
QSQ
10NT
ILN
1B9V
18QV
73H
1D72
1LS7
10ED
O0Q
9HB
TMI
178
8ME
MGD
DWE
2YG
1KHS
41E
WWC
15H3
16CH
17UX
1A9
DE1
1BNE
93K
GQY
G3W
2Q6
67O
12QC
15K1
EHF
4K8
13Z6
UFU
MIU
1JU8
1M81
SXJ
1UO0
TDC
1W3P
1M07
L3
FV0
U8L
C7E
U9C
CWY
RDD
1OZA
RAL
1HQ8
11V6
1SOL
10PI
1W0Y
1EI8
ZQL
26Y
11UZ
1WPY
N45
1X2V
WC2
DBA
14H0
B34
MTX
N4X
JFH
17ME
1RS2
1U2J
OIV
9R0
FJD
17NL
143Z
1GRQ
JKA
1JUQ
1LBF
S68
1S0C
NIJ
1P11
12XP
15XU
12MY
T9K
1OXL
11BU
1VP1
1BSU
9ZZ
ZAA
KIK
2WO
1R1B
BS0
1IH0
19GT
GZG
1B4T
C5U
1EQA
ZUD
Z52
1EEG
15B3
2ZD
Y9Z
YP7
1CE3
ZP5
W34
1EGG
188D
1F9H
13KU
BS6
DJK
1RFB
U1M
64M
VTA
15FN
PLO
5N8
LLI
1G4T
SI4
1EMQ
QY
7ZE
NNK
1EDN
VNW
7HE
1PXF
13K3
1EUK
W4F
1UR9
144L
17VD
5ZI
36O
HVZ
1EG7
19MC
1DHT
E57
17BQ
1LDB
1HE9
1LHE
OX3
P3O
18PN
1P4A
1C0N
1M8R
2UA
VK3
844
166U
1HSS
ZH
19ZX
BUP
6KT
NFB
13HY
35S
15LR
1UZM
1NSZ
X6F
105P
1NCJ
1HFO
5YV
11V5
1S5F
1M8Z
1QGP
F94
N64
4TV
1GV1
1SQT
19NE
1NJP
16XN
DKE
5MM
2JK
1LK9
1W4Z
4N9
3H
1L6G
1B0N
1KKN
1BD8
1BI4
ZHJ
JMT
1DHL
1J9J
1X7U
1PJY
1S5Y
NLT
5U
1UZU
1GAB
5FT
DPH
2WB
1EPA
PNZ
G5K
5PY
RBN
15V3
S40
VH6
19KO
ZIV
1G3P
M3Q
178X
1O4G
1NKJ
3NS
HJC
DM0
7I
1NUV
26Z
ZT2
11I6
YZ
1V2K
Z7F
43Y
182C
ASF
MQL
15GZ
FES
1QE5
1082
BEW
FDB
3DG
176L
1Q9W
1BHW
1OKF
515
19PF
PTL
1165
ZW
WYX
K1K
S2A
R8M
1IFR
HAR
DND
1WA
Q8G
CYW
17A2
1A06
1TN6
1RI3
12XG
C1W
K1M
4OA
1Q3N
MLA
NJ0
XEM
URD
UV4
14FL
6K8
N08
OMQ
PUB
1W40
16RA
15CO
1R8T
D6J
L23
RXA
2OF
1LLK
NXU
O8F
16A3
1PS
1QFA
AZL
19FX
1V3X
MDV
1062
MD6
LUI
1N1K
1RKA
LPN
1TB6
LXQ
4XG
40S
57F
19HJ
1W4L
8GZ
E4P
UNV
1L6C
1MYX
1KOS
XI7
1WTJ
1KPN
1HI9
NMJ
1O43
GWE
1FSN
VVA
15A8
MDR
HUM
CWH
1EX6
1QHM
158P
IS8
20O
6AI
1OBL
4FV
1BNB
1KL6
DH4
10XF
Z8X
99F
1QT
1J7K
1OSC
1R55
DDX
QY2
1P7H
JB3
WNK
WVZ
1LYX
1MLW
I4B
1CL2
14PE
1H10
NXZ
8PC
6P1
KHZ
DA3
JS7
1SD5
921
UJC
1NCF
UFI
1BKX
16Q
1RH6
1Q0P
A56
CUS
BOI
1FK3
U3S
ATX
O05
153W
1PDQ
166G
OEI
OO5
FLQ
T3B
1THU
1MWS
WIO
T4D
IKJ
SWG
3HO
1F60
RI7
15Q0
1C46
1KT2
1J7J
1BFN
1QFB
1S3Z
1PGG
1DS6
HQC
1FNR
1LFK
1N65
12S9
B4D
S9G
4OK
59Z
LRB
1M1L
M59
B5N
1TEH
1R3Q
VAX
13JB
NWK
2Z2
1M8G
1URA
M27
DWX
D75
1OPZ
1UII
ORK
1MBH
111O
12DB
NC6
1105
1T2G
1U4C
1FRZ
R64
164D
11GP
191F
V4V
CX1
1TZI
1P1
ZHG
BK9
ZR8
JHE
9Z
SGJ
W3G
1X8O
API
NGS
1UF2
1A7E
1RTS
1BI1
UFW
1ADQ
1W3A
1SFL
O1F
16EY
HY7
1SEQ
1TFB
1GQ8
15YV
HCT
AD0
1HUT
1WIH
BM2
6IC
1RUJ
RHT
1N2J
1PJU
I46
11Q6
N1J
KU0
11ON
KQZ
558
ZD6
1STB
1PIK
UTU
WF4
DH
AVH
Q15
KVX
I7I
UNA
DOP
AWA
BDE
1IJB
3OY
12SR
1UPP
7DQ
6G9
1VXY
13DX
Q3Q
GZ0
OW0
F4Y
QR2
13BB
1MNR
MH5
BMX
9OY
EJS
1AC0
YF7
1O8V
QTR
GK1
O31
1Y7
1AOV
11KK
1T33
4Y9
VD7
1CI2
DDJ
LLK
1JAI
12C
A3D
S64
1VET
16PG
HTE
LA3
S61
B4L
1VBD
17VN
85E
1PW3
1QBC
EBN
18RP
1VZR
6M7
1PW2
XO7
1X8Z
1017
1CB3
KZ1
FKF
LS6
2YW
18K5
8N7
XIP
1O24
ZG1
IT6
1PNJ
HXN
1FFN
1IPT
1WLE
MON
1BF5
TDF
19B7
8HK
QDK
1FMI
XHM
T68
XJQ
1CKN
1B95
16I9
TS8
1BAE
1UQI
1W52
9F0
OBI
PLQ
BJA
QW5
LYC
1NHA
4N8
PJT
1DG2
M9L
T2B
1VCK
1CBR
1ECJ
XWG
1R7Q
C8O
1JBS
J4Y
15TW
1VM6
VJ6
17WK
1AHQ
1G54
UAP
1RV1
9PZ
ADB
9KM
14KR
1L4T
1SK9
1LOJ
EI5
1LR1
QXL
S60
VSC
11OU
I1O
HLK
1G14
10XP
EIZ
12E6
A0O
8SI
1RJE
12H5
13H
D99
J4E
ROU
1MGL
YAH
19G2
1PM0
1G98
R8P
AP8
1KLR
1YL
1PDE
1MWH
1LP8
1QO6
67Y
1FOY
VNE
VZI
1GCC
3VG
YTS
1AVW
N5L
1GM1
1FIS
HHO
1UPY
1P0I
1CY8
C6W
6PR
S3O
1VRY
RIQ
1BFB
V93
1F8L
17LC
OSK
18JH
1LU9
O0N
14LW
ITQ
D8K
1RGP
1T4D
1O35
QW4
1SYL
X8Y
11AS
5OS
A35
P3A
1DH5
GB8
89P
16EU
1SUY
JWH
Q6R
1N2X
2XF
18GG
17H6
YRT
5PS
1GR9
XOB
1P14
1CMB
IX2
ZLI
1K8Q
1H5Z
1HBP
RB6
F7G
1M2G
1RLN
1ANZ
G6C
IZ8
Q0K
19VZ
NEP
MDM
1P7K
CXH
PGW
SMV
PG3
11MR
L1R
1NWJ
NVF
K0Z
19ZD
JGU
W9
8IH
1PJT
GAI
JND
1F93
1VSA
YKI
119I
18CQ
RL5
IWC
1BA3
1TBU
3LV
14NB
112X
1MY7
ZJY
R3E
ONE
GE0
1AXD
DVU
HXT
CJT
H2S
1MY
YPI
1ATR
1DOD
OO1
MYG
1JJ1
1J4C
1PYE
YX6
F6A
626
FTK
4V7
1X1L
1ERM
ULT
S5E
X07
1CCA
1WJR
BH3
J1I
8OV
16UH
1LTD
1LFE
1HTY
1FDC
1FAW
1GZ9
HZI
RB0
1TJJ
VAO
13CD
1OYP
UMT
8K9
8KY
1G4H
FL2
1JTX
XKJ
L7
T2F
8LI
1NMH
M8M
2TN
1U14
ZUL
1O6H
10HU
1KRV
1MMW
1K9A
USQ
1EZQ
5W
UA4
2YS
1W6I
1LDF
1D1Y
DWK
73E
19A3
AP
OO6
APD
7AA
G5G
KZU
L80
1G21
TUJ
UM2
Y64
B5J
Q0R
1220
1Q9I
R9Z
Q7B
5GZ
NJZ
1OW0
1RWU
9U0
ATA
1PVA
ETR
2J3
O0J
80O
19LO
10BP
1H4C
301
ZND
F82
1PQA
U20
1LU1
2XS
1K0E
1CK8
19WF
1G4W
MR0
QRH
11UY
130C
ZX8
6SD
BXQ
1UR6
1PMM
1TX9
14XW
1D01
14VF
1GKQ
1JC1
17II
8GS
1UR8
W54
1UFX
11JX
OJF
IS3
1JAS
11I7
YAP
H5T
1UA
K93
4HN
D90
XTY
1NVK
DQJ
S95
2CC
13US
FI7
8WC
1PGQ
4K9
6MT
CSJ
1N07
11YY
13PA
1AGD
WSV
1O0L
OT4
1742
17Y3
KKA
1EWE
1KAA
T4I
1SOD
6YY
1NY4
154G
5IM
9VG
1EFU
16B3
1UON
1QS0
1RGB
166B
A6R
Y81
GMM
QZQ
1BT5
RWJ
828
JBI
12VW
1I2E
FA3
693
1IZK
DOF
KK1
33J
O9D
5SY
YRV
1IIA
5V2
1CCK
RBD
1C78
19Q
SVH
1B2
Y3P
JTI
QII
7Q8
15YO
16L0
JAZ
EHA
IFM
1WBS
HMA
1LFZ
1ACJ
15X3
PI
POS
12FB
17OU
7WC
1E0W
404
1GLM
JZ4
XDD
UC4
514
LN6
1UX8
1X7P
ZNS
1HZH
1V3Y
WRF
MGC
RTV
WP7
9OT
90H
UN0
1868
1LT7
190C
VW8
1RU0
19EW
UWW
1G2R
2A5
H2C
E6F
1PL9
1OTP
CYI
IH
1NCD
1D8P
1Q5O
1DIW
4BY
1DD6
A7E
1MBF
KHC
YZD
LA7
V3
51O
167F
6QU
1X69
1TX5
JLP
GGY
1506
13JK
1LWK
HOT
36I
BB7
1LWW
N4R
1VXW
1FNI
46R
E5O
1FNW
WLI
49T
16G4
1IJK
3KN
HUX
22K
U6Q
15JG
19IG
1RGK
1HTR
QKI
1G9C
JYU
1E7A
1QX8
KH
CL1
1365
JJO
644
1HPW
XTB
MNY
14LM
M6S
10XU
1WW4
ZLB
1R7E
12O
1U2N
Q4B
F3E
X29
KUY
1UNB
1NP2
LML
13I8
2LU
15I7
2WK
1BYF
RLP
ZHU
9EJ
KQJ
1VY
1IGW
E56
1OMS
T8R
V39
IJE
1DUG
1SVW
1B0Q
6OC
UB2
16O0
SL6
107X
75I
ZKG
P5Q
1DF0
19K8
S72
HYA
1NNS
R6G
V64
1X60
17QM
1BTQ
1AX5
1NAV
RXW
18MO
9Z4
1DL3
1UQN
B3E
1AVB
K4C
2HU
1ACW
1TO2
1T0R
184N
1MO4
2C2
1WU1
TDZ
8GI
1PKT
Q4
22L
1TN1
10MK
1J4S
1BQD
1R43
Q4D
1FJN
VVR
1TDC
JVT
F2Z
1811
244
RHR
1PWI
1J4J
3JP
YZ4
1PNT
HJF
WU7
1R7R
A68
NJR
1STX
1XE6
1TQX
ZXR
HQ1
UHA
8M6
T35
18BX
1ECH
NIB
IC1
1FB9
109E
41T
1KC7
D2A
1BIL
P5I
1819
FEI
KE5
IU
SYS
5E8
3XF
1QHV
134R
1M1F
76C
15BO
XBX
YAI
2IF
19V3
H9V
JUV
1R99
TXI
F8
1A8K
BEV
GLS
5PC
5AZ
P8C
YOP
1FWX
187A
16LK
148
2EQ
1T81
MP8
17O3
LPZ
4MO
1FP1
WE0
Z9P
B1J
37B
1G7G
IQW
A9F
1HI6
7L0
1CNQ
1OCK
10QI
VC5
LU3
1S26
116
1QB8
195I
5BO
60N
12G3
1TXL
6AL
1WR8
1637
3G5
QRG
1VIB
CAO
HCG
K5T
1QDS
18D6
5F7
1656
93Z
ZFG
W0T
1NHO
F5T
10BH
1IXX
4OD
FJV
1RPS
GRK
1RCO
19OL
RVR
NWX
1VOL
ERU
OCR
16OH
6Y0
7MU
O7H
5MB
1GUU
16GB
1VAQ
SEL
S48
H2R
1QAS
PVY
LEY
W5D
1BYA
2JC
1G2A
DZ0
15O3
1RG0
1DCX
10GZ
XP6
MYH
1FTR
1IJV
1ULL
17KG
110Q
12FE
1UKR
NNG
P60
BW0
EN5
16I0
QJQ
1B6S
H8Q
J58
1WLY
1S1W
1JLM
1WEU
16YO
1GBO
U0Z
KVU
1MSO
1DGN
TEI
1S54
HZZ
18PE
CJF
PT7
1C7X
DEF
1C88
N3E
MOO
1E68
V0Q
1RO7
1S25
JE2
6S1
8DF
16JA
5GX
12NR
BQB
1E
13GL
WOG
1QNT
5Z1
13FE
ED8
F8G
1HPT
KH2
1ALL
39O
1TZJ
1E7R
O5Z
1PGM
6C7
1SLE
1E52
PT6
1EPX
FNB
6SF
1U6V
ORN
1WGK
AW6
APQ
1R9M
10EH
1NS
1Q69
EJD
1QLX
XA9
VKH
GN3
IF4
X1E
10Z2
19TE
19SD
Y60
4U7
1K8J
16HB
895
HO8
1C28
IRB
CDK
1JCR
ME6
DDK
7SD
1IGO
RVX
IV1
1JDN
BSE
1N8V
1INC
1KI1
QSB
VSG
1LAO
OT
PF2
173N
79K
GP
1X4K
S5K
1HB3
1IQV
62M
1MI4
15Y5
ZWC
AG6
1CXL
SEB
1SLV
1EZW
EHU
17KQ
BTP
1LP0
6NL
1RT4
1B6M
1J2Y
18W8
1PVF
1KXB
1CCV
1TUL
1Q5B
1FG7
Q31
NGG
EBD
COQ
1WGA
V9V
QPY
1ZR
UZ6
OQ9
UB5
1HJX
1OGO
1DMG
EA4
1AB3
SWM
AZK
2GS
JUZ
GR0
1E5T
A5R
1B9A
19RU
HXA
XNA
14J6
148O
3UE
1762
K7I
1TT3
R9E
N7B
65B
1KF1
17TN
1CV6
L7N
1QOR
15ET
1SEX
1GE3
YUM
1U9N
1MYB
WQA
CLW
1210
1LEK
LU4
17X0
1AJS
1HO9
7YO
LU2
1QNY
1LPN
SIZ
KXG
9OG
JB2
17ED
T36
LYN
1DNR
1L4L
1DML
1WHF
1QWM
35Z
1RET
Q8E
16Y3
9FD
RP3
1QIP
MRA
6F8
82P
1HTK
1355
1BAH
13II
12EU
19ZO
KXN
19AO
1HVF
80C
16ER
21R
1VVH
1RII
1TWT
PLJ
1V1H
18VU
ZT3
4UN
1AW6
RV7
1OM8
1GO0
JOB
1JW2
1R7N
1EBX
78E
1WP8
7AW
PAT
1UVS
1A43
12VO
FB0
165P
HRU
1MJW
KHD
1HN5
VQS
MDL
1SCQ
8VC
TXD
1GLT
1JSP
IBH
1UPR
1AOH
1OSI
NGN
17FM
QTO
1BA6
BOM
1MY6
1V1O
N60
59Q
1NB0
6M8
9EI
2DA
KNM
8T6
2XR
1EBP
LS0
BRY
XF7
1RO1
52P
1WF1
393
357
AL
WHX
QP2
YK7
HGF
7DD
1BZP
1U1Q
3BD
CNG
11IR
YFJ
13K2
1GQP
RMF
DZA
11IL
1RE6
1COT
VG6
ZBT
3QB
6LU
VT8
13G4
Z06
MZJ
1FXR
NA6
1D90
BZP
1FC
ZFJ
1JYI
1P4F
1UAL
XMJ
1KM
3UC
1HSX
1NGK
CA2
1MGC
1IR2
1E3Z
1J20
824
RAY
B9P
1FR6
1RAI
56K
1RG9
1P5M
EEX
ZI9
1SXS
1W4B
YHT
QH3
1DPC
MRC
1RYU
E9W
DSN
EKD
18PH
YU7
19YI
1UZY
1C35
1VF4
OZK
1S7X
1GQL
KJ8
HRB
1HEW
1NIC
GIA
4E9
12JG
GPR
1GNG
11UV
C7S
CNP
4Y
C8
1L1F
A9L
1OG7
125M
T5N
S3V
1JF5
146D
1DRR
1Q3V
1FTD
ZXE
GUS
T5B
V7V
1BXQ
9Q
1LXK
POL
C0R
RPT
1FFP
1RDN
QL8
GOZ
EOK
PO6
1ATB
1SFW
1BB5
15K9
7VP
1SPS
1NXA
1VB0
TWW
K0L
1J7E
278
1O0N
B2R
RQ5
GBY
1QX0
10IF
YBD
8IC
1255
11U4
XUP
11ZL
1NPS
1ACI
2CF
BRS
1NGS
1G7T
1F2W
ZLJ
1DU0
3E
LVG
1DYN
1S6S
1E7O
1GCP
MFH
U85
11IB
P1F
1MT7
1WXR
4X6
DZG
129J
M1Y
4O9
KN9
1GW
1POJ
1IHI
HLM
1O6T
1TS4
T59
BVF
30B
ZFC
19KJ
5CH
EDG
12XO
6WK
CSC
1P31
1U9L
1B5T
EBS
16EQ
12IL
1NL9
1TVE
84M
73R
16RD
1D2X
1RS9
154H
1PBM
1UP4
ASS
1JRD
1P1V
6XV
F9C
1BD7
9FQ
15WG
1OZ5
10J5
1NOT
CNY
6AE
UDC
TIC
1SJR
433
I8A
1PG6
U5D
1PET
1Q9O
Z6Y
1HP1
15NT
DD0
IX4
DXU
1CDZ
11B9
VZ2
S2U
1DY
1UWD
8Q7
MD4
1AV3
909
ODQ
LC5
HH6
QBJ
CN
C02
1KI5
TE3
MYN
TSX
XZW
QMZ
1TAK
LYO
1VEF
7A7
1QSP
1WJ6
1CC7
1I5B
10UE
X0F
1AC3
P0K
1OWT
371
1INF
1DDM
QZ0
1CH6
1W90
1A9N
358
11EH
CM8
CXZ
GG2
I5B
1RM1
8N4
13SY
1Q0H
1L9X
1V6U
BXF
F6E
3IJ
IJ2
LRI
YHJ
17R7
16J2
13AK
3XR
IIJ
1OIC
10OL
1U1W
OXQ
1VO9
1OS2
1TPZ
QIO
RPM
1HSP
YAG
R83
PTT
TT4
1ABB
LRY
TK
1BL3
111C
1U0V
1UFW
RWH
50D
Q3U
1UG8
VY2
M4M
66Y
1J1M
1PIU
10HI
4A1
1961
EB2
195A
1CSW
VSA
17Y7
196M
1CND
GX0
NSP
RVU
23L
14NC
O3
VJX
NS7
A0X
17QN
1BJH
E2P
1SA0
1HIG
14D6
14QM
14PA
1ERH
1JQ6
Z77
9RW
HBT
KBE
YLD
NT2
18SW
18N
12XR
1QTK
VA8
1I4Z
WFN
1JLS
11N0
WDT
1FW1
1NOO
177Q
1C19
7UV
FX5
SJO
188B
1604
MTR
14YW
1H7L
1KEP
G4V
1SXJ
1RXM
1KDK
RBK
131H
WR6
XKE
1GPG
HR1
MOR
1AAZ
O2M
1CST
128G
12OA
1SZR
WO0
B97
4W8
G1N
1K59
1SV5
U8J
BT7
9UV
1R08
1EJK
10PJ
8S8
EBG
1FYV
12FO
1NBU
1CS1
EDQ
1S0U
VPY
TVE
1GCE
1R66
2AA
13HT
3KW
I1B
670
18Q8
39X
DZN
E6H
BPO
D6
NF
1PR
UY4
DWR
1FK5
AEZ
17IE
464
X12
DAU
16FI
8DT
1QDJ
1OFB
BXZ
THQ
RAX
122R
16BB
CP9
1J5Q
ARG
P7E
YQF
7TF
1NF
G0R
Y8E
1UA1
MLO
S2L
1PLT
175
Y0Q
HDL
S4X
1IMX
YRX
6E6
1P0M
DL1
1J15
3ZO
UR5
1T5J
ELG
1HKD
LXY
10PO
AI7
1T2R
130D
IMS
IAG
YQS
X2A
BSF
X67
199B
H0A
15OD
A1I
Y6P
1PYX
1V9F
M4K
WBI
1GBW
BNG
1AW1
1UAO
HR4
1VF8
46Z
BC2
UNS
HKD
14B7
12GT
575
1O8Q
B5O
TS
15A
1AYF
1W4P
1KK8
LLS
7Y0
1HK2
1CFT
6N3
1CNG
3U
17IL
1IKC
5YN
1MVZ
J9K
FNJ
JS9
5U4
USA
PAV
V46
S5X
16VN
KG5
1PCK
14EZ
1DYV
1ITY
1MBC
KGL
1CR6
MDF
1WFU
O6X
I0Y
1RJ9
ACG
10KO
19ZZ
KAZ
898
BZ7
14Y9
ZBG
ABE
10IK
1GPW
1GJN
DE9
1FP7
189L
TGJ
180O
T8V
1058
9HW
1LVH
IY9
1X07
KP0
XSI
Q5O
10WW
1HW7
12EL
2WL
1DLO
1I7Z
6XQ
32E
LFY
1EY
1576
N96
D02
13TJ
OFH
7JA
1CNS
1M2R
18FZ
1BMQ
1SXE
ZR5
10K2
1163
1MX8
1HLB
A5A
YKJ
MSI
R2Y
1C5S
JJ7
XPB
R7R
X7
1HIX
1MXU
1AHC
1AMB
1O1A
QJ4
11VV
QHW
7C9
1N0C
1VFE
12MN
7BJ
1EO1
149I
1X7J
LXP
Q85
AK2
7GH
TRO
3LG
PQY
1ULM
F7
1E2L
1RYH
1PV8
138H
M47
13PI
1V1T
1826
MJI
1W6R
1T0U
1ORU
14ZU
1UJ
IV4
1DSC
8D2
17DP
18HJ
QQH
1AP8
1AMZ
WUS
1X00
189D
1WDA
1PZB
WYD
11CD
1FFI
KPW
1SLY
1JLY
1KDJ
1TKT
DKR
I8K
YW4
13Q6
15YI
34O
15V0
BSV
OEN
FG8
SXH
19VN
6VR
1L1S
18SN
1ACS
1P8G
MJG
R5A
FIW
1WNA
1JWS
FO
KP1
1K8I
SX4
1IPO
1QSB
9RV
GLR
10WR
1C9Z
8LM
KR9
IJF
1X63
G4C
1KFP
1BPI
U6T
1VA9
1BO1
YIA
AKZ
JZG
19YY
PM
RDM
MNG
1PK9
1P1X
5VR
1CDI
16YB
1FRE
Q3P
1IT1
1RMW
UM
1JHR
KEZ
1S1R
52T
1OVK
1UCA
FLA
1IC6
1HE8
ILI
N1I
P0M
ZPM
8UY
801
1DL9
1PHW
4EA
QXQ
2PG
261
1T3Q
1BG8
C77
G2N
ZKY
75H
1GEY
WM0
7LD
3H8
19BF
WVC
1DY5
8PM
JVE
TJE
1V60
1JNF
1TYM
1QLM
1PRF
1JG9
13I
OMM
TGA
1RGW
O25
1EKG
QH8
WZY
1HJM
6EV
1DUF
Z89
1MBM
1VP
147C
X37
4K2
1A08
1FKE
N9J
1AZO
XAL
E2B
IBX
1N0N
1CEU
KFW
7U6
SWE
1D32
DXP
173O
1HXC
FEU
18F1
UZL
MT2
1JCZ
PDI
JTQ
1Q10
EMW
XMX
ANA
13RS
13S5
1QAX
1LDT
1LC8
F1G
HNW
1ALJ
15BB
B4I
L78
41X
19IP
1AYZ
9ZO
O6B
1R2T
QKA
KBP
8N9
R2S
W0E
15QT
111H
K7Q
1BRL
7FW
1LWQ
MO9
18FF
Y8S
D6S
343
RGM
139F
1SLI
129B
LBD
RYC
WCF
NUA
10ND
Q6X
KQ4
369
3FJ
1PT7
X8D
LJE
N0D
N6F
1DW
1PKM
GT
UAK
WHJ
7KS
431
1824
129W
1HY4
1LF7
Q12
7CY
OY
1RU4
OFC
1O3J
VTB
8B4
TTN
5A8
1JT1
KWA
1GT1
80T
1LSQ
17RR
K1S
13PZ
1V76
1WCV
EPA
QU5
TD3
THD
594
JVL
17HW
5M6
13PE
RDH
1R5B
1BYM
1A22
V3V
133J
1MMB
YN4
2QV
15IX
1VGV
I26
1W51
1SVV
10UR
S4Y
1HK3
1VGE
1W32
13Z7
1259
16PX
11UO
CGI
SRV
1FSG
NWS
1NB8
1767
1ULN
GSL
9XW
W7C
912
SHS
GVG
LH5
1GGL
1U85
N1S
7M3
QZK
CEL
1G9G
1AFT
JN4
HDI
GR2
1SNO
12IK
1FUN
1VVQ
R3D
MAK
CTY
N0J
4KY
61Y
1Q48
17ZO
1GNB
NG2
1AK4
7K6
2X6
1OKE
1U23
6ZZ
MOZ
QAJ
D14
A70
167Y
CK3
AJ9
1R1A
QXM
14Z7
K7E
1T3D
12ZO
19H6
1ICA
4YG
ZWF
KWO
FRK
1MG3
1MIL
VL0
SWU
KBZ
W3W
3IZ
1HUR
1SUW
1PZJ
1K7W
KCD
16BW
1H2E
M3M
1Q2A
MDT
I4U
JF4
1MR2
1QAO
4U2
1FBF
MF5
1MLJ
OF5
C5L
1M7T
BIR
1385
1F0X
U1S
M9G
4CZ
19IK
12Y1
X0I
11NF
KL5
1XC0
F4A
1MQW
F37
I1K
1RGC
18L0
1SFJ
QXB
E5E
UG3
1CFH
114O
122S
BXA
136D
R28
UKK
1GNP
1GBU
1C3S
14IY
1GNU
1ER5
C80
1PLP
1IW0
1IC2
UM5
3AW
BY1
ZDL
13ID
1CCW
OVK
ARW
5V6
ERV
DE2
11TR
1RF6
1X2O
1LJD
NRF
16K9
YTW
Y1L
1W6P
1T8R
2M
W3X
17MF
1PQQ
WRW
1FBA
AU4
L0V
OUM
4F6
1J17
1MR3
V88
1QTQ
YY2
ZK3
JYM
2HY
8W6
72B
WJE
1SR1
R4P
1TYR
1W9U
5HP
1V7J
1Q6P
19N7
185
WFR
1AAB
VV1
MY1
74Y
1MJH
YKP
96A
10VE
1UD3
18YZ
1GLF
1EU6
OXF
8MN
1IIO
KAA
XXN
1USL
5AY
1X5Q
J5E
E4K
1PHL
R7W
VUN
4J2
1U4X
1GIX
1VPA
1P8U
1MUW
1OH
11X6
HVU
DIZ
12RD
PBQ
XE4
9TK
1V96
1P20
1P80
115A
1HA2
1MMQ
Q75
1M6U
1R23
X1
XJA
14HO
1MNB
J78
1DLL
NRO
1N01
BMV
1W7B
1BZG
HUY
1SN0
162M
1EYU
KFA
OCU
U46
XGQ
QXP
1WFJ
1XBS
1LY
PA8
USE
1HAS
1A93
659
1JR9
653
C78
1E59
19O
1W0O
1NN7
1W6W
9L6
1MVC
ER9
ZBY
3UO
XWJ
STU
AZ7
1NVR
1JIH
C93
WUG
1GR0
14AR
VFP
AAB
17EG
XX0
O3F
ZGB
1CY5
B14
KN0
CIV
23Z
50N
CQU
HHK
98K
1WXW
BI6
BXG
1VP2
EJF
18M1
14YV
18JG
9NC
1O4W
1DKI
1T47
1K38
129H
1MRE
MD7
1WI1
1241
UAO
17WE
LOD
1B63
M2W
277
PD7
6Z6
MPO
1J1D
5GK
1RQG
5EQ
1URW
1WE4
1RG4
1G88
1IDI
1G8A
WS5
1BXL
15KP
IHB
1S0P
1UJT
1QXY
IFV
1C8D
1N0H
SU
11JV
1E3J
18L9
HY8
UXG
5F
YHC
1OPU
1RZW
1K7L
1M8J
1RTE
1KWY
1SGP
11PL
147R
1KD7
15OT
1G1E
WL6
PJX
18EK
15H2
XBC
ZGZ
2E5
1MVP
92B
ZSL
1ILU
1RK9
WLJ
6IY
1VT4
128
1EIS
2HJ
1WL9
A8P
1SQ
1B7B
B2A
102L
18RO
57T
1KPL
K1P
15A2
BHO
U4G
1OTW
EHT
16JR
KSM
IBC
ESL
1W5Z
1WB8
1C2N
1ESW
MBW
N6Y
VD
OED
1O2U
1SW2
10H8
1MQK
Y3R
17KF
HOW
MSH
1IBT
1U6M
RZI
D4H
1K0U
1NG
19RR
102H
1A9X
KWE
1MCL
NJJ
1IEV
148F
Q1I
QZ9
QKP
1L9I
Z3W
AG9
12L5
1Q9B
1I0
1MV5
1LCU
1G89
1557
1H47
137R
1717
118Z
14SR
ZP2
HZG
1O1E
SWC
1PVK
1CS0
NQN
TJQ
1A6K
DFL
A0S
56D
J82
1DYM
ZI0
58U
13YF
YQ0
1QC8
LTM
130O
1TV6
1JVU
T6A
BCO
1671
