46514
47282
46945
5929
46254
36716
17580
34672
894
37545
48220
22392
3008
41781
15637
42494
44341
40184
36766
37336
18447
151
15274
3251
27446
47939
3207
39848
18622
23924
38514
10167
37531
27449
20478
261
30050
1973
16473
32975
18055
1033
18796
4653
22381
49327
24344
15614
23792
12016
39787
11756
9157
16604
5080
22215
3566
14796
29900
48257
30600
41447
29226
34793
49966
10956
16956
3454
27247
1357
36422
7007
47849
4943
8959
19803
35491
41985
21439
25269
27557
41297
23308
15471
10490
34999
19520
25917
20571
25818
22266
34497
8483
31948
40601
29551
48962
44758
31667
29117
550
5290
7916
9882
3385
6846
31973
33426
37607
24603
1194
43479
20638
45534
22693
12054
10377
40478
17824
37808
1529
24818
9900
36814
38244
12532
31406
22564
26667
21913
36002
17746
48370
46080
38318
27820
20457
23609
12771
6673
30001
13494
11671
25529
1247
43051
39954
10860
852
1496
13566
22259
28236
28071
7131
20223
47179
17793
3206
31740
4386
48267
20860
14627
14191
7309
18725
2879
1653
20335
3379
19366
43159
44014
15690
33001
32465
23963
19147
31987
46061
47319
8690
4944
3241
17123
9103
45159
26224
12390
19513
37101
21974
38383
30715
16560
26275
9669
30907
7669
27997
18936
14460
40829
42008
34457
6198
22267
23779
37034
4988
6077
42326
26354
31707
28295
30948
23767
31630
14185
24514
25855
34792
15508
23842
46016
11261
41621
20834
21619
785
46211
33560
14503
7008
7582
14276
17178
15204
17309
20473
4303
45725
47678
8713
35996
33825
7350
369
17228
37165
8029
30404
43511
26785
46082
13498
39760
20868
28044
22808
5930
28718
9523
7208
20058
6575
31424
25680
7521
35240
20383
38525
683
32335
15323
44984
32034
21088
28953
6007
49835
41354
2900
28867
824
44739
2470
30504
12908
21807
16863
45781
32441
41791
25961
7863
15646
21328
9949
17807
14134
17817
2010
8386
20606
8240
13019
34294
10784
17427
18599
42787
21129
13761
25339
27858
27353
27785
13776
4428
21632
45907
35057
25797
2188
10046
26092
17451
32183
26489
37182
48555
29392
12218
23412
47782
35098
27597
7361
5473
5637
7374
38431
21568
6872
22152
6951
8498
48476
29187
45616
1618
15908
35943
31072
2484
4846
34575
5204
48062
33157
41430
15148
9850
34830
48896
8891
28312
41227
6016
32235
39018
12761
30788
13168
28479
29816
4540
29305
25045
27608
31964
4104
42067
49275
3939
24594
37839
19060
13259
4452
14676
22860
43710
49775
28902
38144
30002
31216
25019
24447
47946
7347
12747
2986
25142
18524
32474
24367
14215
27923
24165
22355
29496
32008
33271
32623
35316
14057
42141
23272
37023
17500
38932
12660
39308
48984
41327
38060
26053
14364
22361
17831
5238
39815
19862
31369
33998
48201
12759
37639
25312
15881
12265
13431
35368
13997
20602
12177
7884
20075
3584
44394
24121
18401
39518
166
2372
19434
16761
23205
21403
27051
42743
14098
1487
48429
16833
47393
25642
39902
45141
39447
8536
44335
305
43093
34514
46472
42595
26906
32864
34343
27338
6564
35144
19769
41605
2959
22483
31889
2983
48877
13357
26110
21039
12343
46359
27735
15716
33602
42860
17833
49274
8322
12775
322
41916
27273
5859
21656
46734
37316
20209
33727
21446
539
17598
26679
5590
3022
25531
33142
28676
3974
42115
6911
27913
48891
35283
31529
983
13778
37648
25875
7397
46100
33162
19887
48802
20595
12715
48535
35827
19349
26683
32922
12471
46213
23209
4489
12758
20830
20327
39455
14841
2509
12074
15517
23839
37058
19150
28777
20696
16995
20570
836
19422
8607
2713
30330
45362
43045
816
45946
23493
3397
43600
41625
3060
7056
33699
34358
1238
30617
42725
41461
48803
49295
3870
44306
11666
34878
35155
4498
2497
19148
21635
40697
36991
17293
24940
38847
2218
29389
46045
29247
45117
16331
22395
27894
12529
31553
13365
103
36730
33500
250
23568
25101
30224
44129
39638
6175
35365
45759
40989
22204
34440
37218
8093
40432
26108
27527
10080
42729
38532
17796
29258
21886
24330
26193
17029
11967
22847
22542
39031
47368
38305
16455
49596
34327
16741
49453
37877
7298
28822
41359
19438
7883
21181
49865
35421
9943
996
44952
3742
46381
42934
36969
39769
19001
30416
47351
42871
29310
36341
6959
49315
28467
15233
359
42739
4966
9326
29864
23856
12206
16300
11680
10622
45403
38830
36232
28552
42167
39248
17791
38173
19669
39458
17054
7973
47581
19258
41122
22611
43363
23630
10943
37180
26194
5767
27586
42441
2724
7221
31845
37684
14127
30574
20101
34805
24641
38184
25042
979
39647
40315
22951
32827
37629
27132
28869
48756
1526
1466
21577
4628
26415
5783
13418
48404
30149
36092
19241
461
48086
39670
31837
41755
27136
22451
40666
17490
38246
8600
7342
35263
8001
26119
25735
4538
9467
45640
13073
1358
19390
24327
47730
30481
36521
21156
15214
9051
2084
31210
48511
17121
5326
15263
3120
27991
23264
132
34902
37493
44517
22610
164
20676
29643
14060
9842
16749
22044
49889
31522
28578
15578
30445
43778
30262
23131
12513
48383
45409
31581
35398
46700
19050
21536
41085
11821
9881
20594
27650
25325
48821
48211
44097
15997
36072
451
23331
39179
9057
32313
31961
43160
4324
11093
3101
2465
13529
4448
38820
43922
18039
4316
44515
36118
43466
26858
11442
28376
9041
35608
10964
41988
4218
6866
18560
1069
30678
5355
27201
8081
9776
10273
10736
14384
15161
11037
34243
13598
13659
8315
16144
19693
15518
23418
25620
24368
22884
9065
4593
28267
4487
16256
24374
26973
3098
25981
30316
29762
30210
30434
39909
34578
29760
36629
31288
33057
30903
40661
40823
39762
41445
45379
28450
38357
37940
37722
34045
49961
31520
41212
46133
48661
44159
34443
42278
36608
44378
47641
40845
22399
49542
47966
14892
40769
43693
22595
17072
33415
11892
17182
45545
32727
31131
35072
43298
30983
5836
2295
39139
44993
43506
18868
31182
15900
43551
26929
23882
47816
13113
4050
21529
44643
36413
45563
49678
41484
21369
39282
41281
4892
39798
21358
38435
45915
16292
16839
31558
3977
37759
19425
40837
21749
5449
7924
30438
1975
46465
35177
22811
248
22119
40631
24679
47271
34975
494
35951
15103
28514
45191
12181
9630
35809
44237
26763
1957
48576
20792
42110
23521
44925
11536
4277
380
10532
25559
43285
42685
12033
2516
5002
38943
48131
30394
30526
48881
1951
31027
5887
27177
23031
3869
41738
3875
12101
12755
17101
43879
46114
49937
33647
1632
36768
44553
44336
18899
19563
8355
43006
21966
24563
43507
38845
20279
26276
6297
39133
30525
35091
44573
39185
44262
3557
30125
17743
40888
5791
10661
49460
41230
11462
29875
34700
41629
3054
29149
41981
1242
30447
2935
30618
42565
37979
5093
33637
43579
18803
5972
26555
1939
43442
45932
30609
3534
17404
48670
34773
24535
21228
2826
31426
9388
29988
46430
36842
49319
43694
45957
43954
49139
13308
40596
3166
4753
16673
31583
46681
17844
387
24473
16303
5660
13432
32523
3036
4879
40781
24953
46373
23054
489
38067
43129
120
47773
21000
48820
18790
48669
34746
585
43888
9398
30790
47030
34942
48630
20521
36003
29778
21669
7119
42951
18284
16547
6546
6519
20803
22667
10307
28440
39970
32080
14794
28301
18099
32225
38806
536
23908
49866
43412
43079
41649
18096
47212
49786
36912
21624
18159
5828
21671
18121
24152
17185
19603
5266
15053
5129
42854
25897
5034
9596
27411
17724
3037
25225
30485
36451
7797
44484
7115
41836
3472
36307
15478
36850
47887
20024
47472
17967
6292
33323
48075
5317
27877
9330
8098
8857
19973
3001
34980
17589
33129
14783
26757
21193
4140
40636
47932
29969
3528
33173
15859
39595
46826
16531
41643
36895
16692
25703
4444
13766
11208
32869
18200
17866
45469
43504
21547
37476
3867
41739
34678
9216
25709
38473
16903
13146
41941
16544
33657
33214
30507
28622
40865
10854
8849
47283
40715
8115
13263
35484
16805
9173
22853
803
17834
46392
29484
1235
34148
38977
39357
10209
47528
15145
7897
8084
760
12138
13318
37307
2403
1998
19956
39639
23249
17016
11336
40241
35255
16229
15894
20476
4625
28330
38735
5858
35443
41014
8262
14973
32178
43101
30453
18482
18278
43973
20044
4391
9251
45381
30579
34175
24570
33757
49116
24031
44744
48846
21737
29880
11913
623
39999
2206
34052
9473
44530
18779
40313
44228
4175
6748
14400
38689
47072
36202
9354
2391
3447
34516
8218
1202
2863
4706
3547
15023
12862
12090
7977
32149
7710
13829
32801
14436
34394
20667
8867
34939
19019
45018
42898
35715
48140
32368
11747
38421
19886
12854
20862
13356
6912
24215
36347
32410
42238
23775
32309
30152
43939
48806
46775
38389
40120
17207
31477
48748
1642
28844
8684
35271
38073
3749
37154
11116
30977
21596
39295
49735
25178
8702
10329
46744
42850
18705
24505
2560
7444
9997
35522
6793
18746
541
2205
38590
22933
28986
45088
4400
41021
38242
48677
22886
7498
9721
46639
28242
30341
44250
41477
24159
13461
34648
14992
2771
45384
49768
4195
22317
36287
15531
23742
46074
34091
38660
29766
44402
46300
42296
38006
5958
18864
47951
5188
28291
17970
26478
24536
1322
28365
21592
7172
9746
34699
43216
46290
10690
27081
9013
2416
9351
40023
35060
48610
48659
43270
36304
30321
20852
22911
18351
7600
43925
38939
2075
28716
29703
29059
42050
40916
25516
45889
41203
13650
24918
23398
9565
11979
20466
42540
16568
6466
11753
14553
28510
20293
18953
29844
26282
34088
25734
3756
7933
30493
15270
37564
21109
46813
5019
38823
30879
38626
5728
46676
47664
7631
23227
37787
28543
5005
9793
17653
3960
28157
44657
10573
38646
49847
45938
32292
26320
46914
19085
5701
24627
37659
33467
49485
8728
807
19926
26772
16390
18529
26499
3067
3699
38809
46390
16713
20359
27970
16658
14150
4016
26855
16577
15096
40776
39557
5164
8659
6943
25155
43898
13066
37767
28857
45931
27694
48258
11110
18569
35045
21891
850
42773
16180
19198
35952
15968
47983
34954
37416
45010
15311
39932
12235
37301
45406
21693
8432
40278
14256
9246
18841
15378
12351
24156
42665
34555
46669
30807
22294
37396
26169
48474
15601
12803
19687
1514
18111
37742
48089
27579
35561
2351
38629
49905
16580
32429
26031
4963
37937
7770
1101
1630
37333
28045
16795
7781
19889
5739
15464
34011
13181
37778
22493
25352
17649
34323
16487
33484
18016
38254
43509
32815
14680
38609
47646
22269
45833
41044
17129
3079
43563
18503
5402
36938
17006
46067
25502
1926
36473
9238
35140
47441
38455
381
44976
5276
124
2367
32702
26603
31678
1754
5857
19923
18247
20740
3812
42584
47693
1093
49389
47104
42314
48215
9765
14235
4643
48219
41719
44006
25952
11492
42281
10139
32635
21493
44519
2944
38329
6502
35078
36944
25016
20927
1052
37384
44648
42401
4115
22987
21487
10809
19675
34834
3051
21313
21389
29081
29390
1964
45241
49554
8642
25923
42873
21736
45729
12999
36688
39277
27649
45310
40059
16536
41705
14024
42291
12809
4077
24245
48689
40673
8638
365
23818
49183
33387
12477
12641
37719
41807
21718
28462
19948
10166
2874
13017
43781
4310
33646
16575
31204
29712
25296
19212
41664
44385
31219
38938
20608
25547
25652
2521
27244
36200
6494
24364
35748
42574
40706
2388
43537
6713
11247
31053
41087
47552
21030
4556
9049
40268
20640
42269
18331
8376
12396
42555
5361
34559
7974
41932
21502
28508
1808
29306
5883
9480
5673
8776
34257
43663
15715
17535
19947
9789
12083
11782
18588
20511
42513
11482
20096
38759
17276
21532
6602
29221
31172
23502
19311
21519
33219
35317
37741
16262
35119
32360
35111
22477
38053
39301
28063
44814
44937
37615
28487
39957
49120
49625
21013
46106
46609
44452
44580
4017
41763
22084
36676
41004
49031
38187
14646
11974
40370
24591
25989
29003
13619
27208
3061
13837
48093
40572
13258
13225
30716
17314
26664
8252
48426
8293
37064
46483
49202
21290
13012
14192
36683
45057
119
36810
36322
16330
44968
47525
21938
29174
31787
27664
43028
23165
9245
46522
48395
25456
30071
15907
4359
23520
19597
46674
11343
17523
37515
11033
36052
46226
12930
17088
39790
19170
35139
10946
29234
32515
43286
32469
22181
10576
47507
3733
34901
33041
14413
1759
10383
14710
40992
25840
31849
11497
14741
1874
31267
20062
40826
48829
5140
22326
45063
11741
41699
3243
19391
23339
17845
24799
49558
4834
34840
15602
18938
44057
34742
39641
27472
45770
46970
44723
37411
10235
13200
26834
1790
27502
7636
6321
25667
37683
15306
22272
40790
48901
36230
31730
19359
35130
4442
25450
33080
23027
2148
26166
1648
16736
28497
913
20990
6530
20827
18496
8223
44856
6809
46498
48134
4465
41777
33250
6124
6557
29478
37388
42705
40682
42723
47279
33083
6100
13702
32068
18662
41228
33242
10679
10394
6183
40892
18169
1794
22708
48191
2686
40573
37611
29237
42004
30937
46140
41884
23927
38323
20585
30746
5039
34849
14677
28271
7796
31881
41831
5676
25880
29962
43092
8688
27365
7752
40449
18770
32459
3928
21473
23781
49826
25362
19970
13604
2430
43646
31674
183
40813
21673
35287
17714
7555
35489
16089
40180
35656
32611
27833
49150
10397
49693
40944
46298
30717
16030
24586
30756
8418
24551
3954
44364
30010
24636
1075
45274
38146
38395
3603
47759
22922
2328
25761
46651
19753
40922
9641
8183
34871
34881
22654
29735
24592
25928
3866
14491
45401
29892
4952
25212
5963
39138
20782
19701
41518
28685
41655
16042
45222
12512
23237
27697
47089
41043
24061
17556
10096
7755
24088
25300
39986
27234
45111
7689
4959
5185
33551
33642
19360
5455
15701
36790
49509
46613
36869
9033
35393
30632
34827
3325
27634
32114
24225
49808
26627
28396
1568
15007
31659
6727
48906
33947
47217
45464
38504
49511
30307
36756
16234
28141
4707
30084
5776
41373
15965
42432
37806
48482
29803
9914
17765
38680
10599
27453
45753
42881
8526
20343
13698
11312
44105
9636
27846
33909
11980
11858
39892
15463
11487
25798
3753
40496
22714
8726
578
361
23724
39695
38126
47496
39626
23667
29681
44205
16940
11559
3915
44280
3074
21172
4980
34722
16307
12901
2671
33962
43926
18191
47857
34462
45480
11935
19159
47056
24207
2318
6851
39644
45148
25459
9073
46995
34312
35855
28545
13419
29907
49309
12754
49971
1786
49369
16484
21495
17010
5282
39061
25570
48978
7260
9526
2255
22625
7483
1545
8467
14032
24788
18120
25432
19197
18615
25313
31225
27441
34485
35131
11293
36802
18768
20752
14788
43364
45200
9674
40709
7806
18694
49370
667
12805
16170
16145
32037
3069
10556
40482
12144
29723
41255
28978
27283
37097
6738
33256
12931
16154
34857
23544
26898
47814
15472
12918
48935
28252
47457
36051
49496
13565
24253
47489
11783
35209
35280
49301
7812
25013
9962
584
25034
4787
42021
39910
7727
39667
49457
31584
37259
39585
30350
30740
35208
3000
48259
28746
39327
13412
46357
20917
13289
42305
26264
20565
42872
44888
33082
20805
33255
28980
31124
41471
905
3185
37053
20866
16989
1558
37421
25014
11605
6963
42813
18688
2934
5354
5942
34638
8901
6934
49032
25715
12069
34940
6061
19663
1805
34524
29656
34520
9034
15494
39737
23025
29947
5303
49151
13601
26694
26217
44664
18413
22682
8610
4662
34680
35971
1286
45359
43483
18158
5030
13839
9052
8902
43869
18410
26072
38105
45968
31366
46399
11409
1640
28604
39925
18761
26647
14763
10728
7805
30923
41401
14033
6638
20122
37743
43743
4130
20105
17671
9981
19291
22385
24110
48751
45500
29886
49223
24420
41879
33842
15565
36691
35876
8558
33700
20053
1447
16950
22498
4031
10199
19238
49909
9177
32233
23228
13011
49923
24172
43056
19442
6457
35577
44860
35456
38755
19874
34479
9643
9640
26168
1965
27094
25190
45629
472
3842
38653
23559
38981
12906
8440
9597
13961
47779
23852
22879
40086
33449
20875
37299
41340
4837
16525
19734
27359
28591
45143
36222
34608
39588
26623
38733
45659
34821
48111
416
16642
46739
38206
38169
45533
9856
24834
18876
6038
9257
11581
19704
48745
3921
49947
26727
38111
21912
43863
39590
6908
24484
6609
133
49551
48595
7363
12422
49314
1668
23883
14608
965
1304
13484
12780
17284
16594
21615
41154
42064
20447
32029
39316
41325
22854
19559
25524
34694
43951
35552
24117
23498
1278
30080
3903
37958
13470
22196
43342
12689
42229
18728
1188
28253
2684
5568
26488
24977
7949
6348
38270
44750
42246
47066
15390
10891
19460
37196
5708
39263
42388
11262
9130
47125
11628
4964
29841
47665
20659
45342
16383
25882
31548
30688
17825
19149
4169
17830
7306
38464
12828
34335
12292
39872
37627
24619
4818
2870
6311
4397
2762
49579
9651
3384
34275
9889
30146
39913
8199
46454
8935
34299
17880
18386
41690
37832
36531
40413
25197
47233
19482
36649
44931
42869
21201
46966
35407
29086
34487
12818
16371
7745
29274
2013
16213
10034
23542
25683
13888
34461
4993
41803
27663
33520
27544
2633
34535
40425
5051
15546
10913
49128
18827
27447
36999
47513
30173
22524
40436
27204
38869
35707
2023
7717
333
18063
7751
31658
5819
25581
32978
37060
44190
43225
26062
35141
46707
47160
3222
39973
1399
2163
6554
17540
34693
39394
46546
43581
47254
20771
20413
330
35307
38673
5422
7217
19772
41025
13434
6232
27236
17271
27655
44004
14907
2209
35185
5349
36899
3438
7017
7185
1530
6033
4015
9527
9950
9479
5533
11463
7922
12548
26056
2414
16871
19209
45949
11626
20160
1172
26835
9676
25700
28102
17584
10194
22609
37254
36816
18660
14606
33517
40889
40211
30984
34437
45819
15397
47447
41219
41475
48012
41659
37713
47466
33765
48539
49993
1682
49789
29782
38088
47964
48615
44792
18831
19286
29158
23832
19046
25654
12024
27417
40985
44181
41635
307
46764
45150
4735
5013
21993
17150
48764
16919
6556
2947
546
31549
4779
35536
10135
6549
3559
12679
25481
35422
49273
2032
35322
17637
34597
20316
27232
10037
16823
44301
31912
4184
12304
36364
24938
13249
48788
11153
29865
26191
43019
7961
19781
14874
37768
33295
23056
21958
48920
1502
10225
4850
25885
49069
42754
16854
18620
16574
27468
13421
49450
30643
37723
23594
32055
15146
21699
27763
30432
45978
25614
4124
38448
18277
43692
14692
30598
44855
38343
26932
8501
37718
15239
9208
6551
18119
131
21534
27154
35295
12266
13710
25825
29901
28042
23722
11310
39761
31265
47163
42652
48915
36296
9692
42654
1468
14971
14381
37252
1509
36138
14721
1249
21188
4957
19727
10501
25662
48174
18999
39564
37956
518
272
40185
11617
35406
3065
189
44455
45457
48350
17145
23429
14021
6992
49872
32100
17056
21002
7035
28725
40386
23529
49884
41328
28690
34978
4361
2649
26281
43815
47302
33537
35784
49846
17242
43591
411
19363
29922
31822
43357
31263
10676
8122
289
37973
32198
6753
9097
38215
43972
15844
34121
49681
17628
32814
8715
26002
41265
619
19975
43046
45445
409
4720
36829
2304
18258
49455
24631
25400
31325
37924
44005
3176
44811
38727
32862
33283
31442
7362
35410
21986
964
35549
7201
4328
31020
49748
35061
137
42632
8224
26596
12440
12360
17463
26632
33795
14274
31407
11511
47729
6104
10893
2898
25903
45398
8473
27035
38221
12236
46985
13489
39923
6781
45004
21593
24608
49076
35768
3169
35808
22236
34167
37141
46233
37324
4770
29407
12783
41487
28733
4280
33763
1266
14204
35761
744
36625
16245
24590
20010
26017
33644
35562
28423
13429
39178
19354
48460
42901
23902
19281
45690
40911
3052
19624
11493
2000
2731
45618
35746
40812
4291
40428
12214
34068
21523
18040
11691
6649
28225
10248
19282
34543
36213
17562
28900
16432
46311
40658
13354
21690
14502
25617
47350
49805
39156
15171
38990
42028
15918
25320
10681
9775
43370
5945
40612
3168
37595
7138
42402
43889
296
30328
15548
2297
3131
21953
23514
8118
38292
3505
12038
25183
49237
30739
18727
22488
40975
45541
45720
23453
1162
5532
11956
19351
20346
41677
19767
10488
26054
2794
11504
38381
12504
4698
48849
34947
47634
38750
3612
34348
45986
45154
49163
36581
26985
10520
28997
30313
12445
6479
47542
43327
6113
24658
5322
46030
15912
3569
25277
32760
10485
36857
34122
22329
36087
15816
27065
25905
42293
7597
31770
33028
39340
15465
5886
9698
41553
24166
43841
3005
45787
38026
29527
26916
23935
37709
4951
1332
33586
15195
14691
13402
6847
6832
5906
22461
14970
25469
27167
18645
10240
27604
33038
33118
25592
15851
37393
7837
23089
45124
23128
40831
49810
34454
49118
35136
6734
31198
41413
16539
43681
48658
21094
33928
13660
26717
17184
2636
45186
10317
39498
18734
39025
11174
13079
31417
39358
10455
11181
38407
10626
40950
21784
24502
33891
37171
47140
28706
27228
34290
35690
4802
45626
41822
27510
23629
6825
20187
35378
16845
19496
30270
4676
41779
35375
41086
37622
41410
37786
37243
12876
25695
1561
9791
33224
2443
12942
40283
4853
14442
25475
30135
48418
9270
17071
29357
30253
8129
15903
12602
1106
43570
28069
6073
20441
31251
29284
17446
21171
20484
16296
419
13235
29637
26597
23645
49807
25550
48261
20400
31400
18535
24394
686
7787
34359
38444
38496
17297
12243
21755
11311
22518
31547
29193
6186
46600
23006
14177
39146
23968
38364
31765
45832
29686
11700
24973
16999
5306
41759
35673
7647
1264
14061
30488
21825
9148
22656
34089
23550
39926
30501
38765
19935
38247
28556
24329
32124
16407
5395
13729
44833
48091
40080
35740
25673
8301
46001
25910
36990
5479
33092
14963
46338
8383
2876
44724
46172
26586
45993
17958
42814
25518
16133
4973
44578
33006
20041
14827
40138
40146
47570
5607
11108
13521
23044
35506
41217
13055
13852
13623
32676
45375
1660
18454
8612
14242
32033
44102
17868
48116
2587
20262
41312
2607
1295
16085
10335
15223
20697
47229
27810
18771
22160
8035
24173
12329
22050
16734
15039
33952
37250
41378
29566
41313
18502
43274
36748
37851
46017
1517
7378
19848
36453
20533
47077
28587
48538
34373
16103
45239
24867
25793
44047
6510
12910
900
43987
15394
11471
45754
39132
43016
28628
19400
41883
38512
40964
31801
37660
666
39832
31813
6326
45581
4425
49029
43655
31435
14857
26140
11318
10052
30456
46917
23261
21644
34281
27207
33087
26580
41465
1370
11237
32674
25719
37785
48021
40506
38237
43057
46412
32289
20420
48947
5377
12251
41513
32480
46786
14979
2381
43626
35652
38764
18951
3962
34042
35796
35106
42018
20481
8543
22490
1777
40308
32819
27996
13075
47725
6316
13705
19229
40800
42450
13857
48252
1787
43048
8573
12985
30563
9360
27213
39346
27914
13295
37468
37144
427
48412
1676
35718
19247
47762
47079
47474
19362
6220
11241
41136
26033
22362
1391
40224
43552
35533
5001
46378
46712
49620
1178
34166
14846
17982
13697
31924
14014
4871
24445
13023
10009
45311
6351
13917
45521
13206
22583
25146
28410
21923
43981
2190
34406
27595
11285
49635
25039
3516
10175
24839
6058
32521
44842
24277
15736
32788
8048
9894
14341
26833
33115
45295
31049
27542
48734
10873
23819
46868
27193
41757
28925
36610
47143
46843
49738
33407
6286
31004
8954
46784
44500
44284
30056
47344
9489
48094
40310
7560
15964
12890
30008
45878
46754
47156
44868
32720
7912
27196
9462
11837
25901
46409
22691
23313
17224
28435
24417
13275
24293
26003
12695
12616
38537
27659
25936
21939
31569
30966
3193
32673
26304
38338
31856
38553
38007
25375
39862
25207
24758
48407
48662
39471
26881
41192
24947
39481
49265
36847
30094
26328
41644
41031
48934
44196
29540
17910
33327
37488
10026
15191
27886
13144
5072
37746
49782
40198
48907
16645
28303
25874
41196
48681
2644
9647
42817
33731
32056
34467
17721
10673
30834
1538
20260
39328
591
35389
38422
17900
35067
26953
45947
370
27227
42880
15320
11503
28062
43795
40526
34884
45238
14977
46398
19982
18460
10793
37733
2396
18360
49959
18403
1916
49170
44822
6213
6091
13745
22757
45183
19237
39350
1251
8012
46205
42374
49526
1513
4360
41009
8685
36435
43919
4254
41324
38474
7140
11718
28358
2445
49310
42636
841
33477
22731
38600
4860
11080
9911
18231
43062
34279
36001
47051
19536
46413
29758
33671
14370
7085
25076
11203
45902
39654
19730
36997
9300
37812
27249
9098
41417
21456
31254
17461
6542
12460
49762
3279
10373
39711
15313
5174
33652
7059
15081
44431
45718
38685
20878
38638
28672
17700
31724
25588
2466
37294
7176
20695
31542
390
38333
3043
9958
34132
9374
11381
40035
48181
31419
42174
27701
23329
6393
3375
28561
15817
29073
20520
45230
48904
9573
1569
7233
8446
15560
32937
6283
14043
41001
3764
37399
1273
36950
20635
37461
6275
37985
1343
22112
41685
46638
35219
22905
1541
28364
9324
10058
31540
29
15392
21246
34239
7122
9004
38321
14086
33105
2501
46102
43058
11850
15254
14805
29750
19801
48340
16062
29010
33810
17559
47860
19428
5471
4488
1441
47875
37092
46830
16443
13562
7234
11510
42348
26927
20241
11290
481
38280
26286
25817
6481
11698
30047
27012
20627
21080
38959
19583
41891
25887
44732
17717
16108
31796
26255
14708
29249
41715
18370
31303
34147
8621
18006
35087
38009
8931
15219
9228
37420
35351
42407
28239
21494
21858
28699
25147
48145
39395
1782
26991
41784
32979
45645
4669
4564
31012
8855
37917
19506
10852
11720
17306
12261
28198
6053
19731
38156
33759
17974
46842
19073
22283
48525
25472
11676
22243
38347
44379
1579
5834
22936
37199
40073
6902
4062
1935
12706
47574
32425
7524
46630
43301
30431
1507
6596
45850
9892
45481
13272
48205
44372
41379
20529
6585
33674
36710
49967
19253
31453
14176
17440
20338
11959
35173
36344
17472
22055
38386
32660
5432
22260
45821
37587
9566
19604
43619
46099
45049
15059
29673
82
4451
35
43733
5371
12002
22342
16685
11498
33953
22279
20002
26332
19139
20935
7272
18593
17223
47558
1875
28343
47012
35003
15769
46154
38508
29402
24576
27843
48454
40775
2696
44186
31318
14638
39874
46260
7426
1980
18251
12980
10670
27345
32894
11148
7513
19226
1934
22616
11866
8056
20513
1159
46159
47791
49507
47131
1637
40555
20631
34795
14785
42848
3771
29548
44691
16654
4105
36745
18984
1747
47881
19420
40302
7914
16880
8993
6152
47611
36368
30851
27400
27569
288
34720
41984
22041
12193
29857
9305
8264
42703
28893
24311
9105
24322
12205
13970
11187
26815
21214
22780
27935
16605
7443
25046
28674
45081
25073
44404
28451
37672
46121
32928
32900
38933
20579
11359
8507
22872
24800
46296
19484
36485
37886
16916
23945
6000
12795
29521
10621
34245
48280
7322
1234
41817
47378
19252
43043
48967
44493
28513
10156
6006
7321
1664
14959
49829
6964
856
46610
31008
11198
4379
15664
35487
47117
13798
5540
13902
27238
6441
22565
12498
1048
24837
37530
35716
21223
21484
23075
11402
34381
49653
8714
44731
38693
37446
16150
1229
25789
49550
16228
11610
42945
9522
18188
3453
23762
8092
46581
29419
40960
19750
12302
24610
24332
33363
37933
31080
14038
3741
47002
36286
38310
35889
26494
37482
45893
2028
8049
44054
341
36510
29448
16709
37383
895
24249
24914
42250
32700
33123
23566
37256
49555
32997
47223
13378
44373
24822
30144
1250
2925
34798
24832
19941
49353
7569
29088
7133
21682
24714
28952
41427
6933
49041
41772
20943
5090
14953
5824
17443
46896
9116
18804
15487
10433
17554
18362
24471
36566
44256
8065
23953
3387
37381
42677
29949
25721
38205
47740
49414
37635
31684
3831
38584
45376
38745
8541
254
11555
13517
42027
22211
37407
12199
32416
13999
30997
48696
32970
21829
10983
20859
5118
22934
36932
37726
4636
40263
36738
30121
44823
37464
28196
10615
43291
26656
18982
22144
18508
6509
44621
881
26645
13467
36737
18465
19749
29223
27429
13384
20499
41308
28167
7273
44520
7178
7841
1405
46261
21365
4588
48571
37119
19459
3638
3727
28677
25688
1546
39144
23876
10972
24547
11994
30373
14018
25253
17710
26544
32654
46998
22069
6207
46936
38770
27176
15693
11458
23939
46977
9048
19173
14551
36442
34741
28948
37460
13098
46653
37288
45080
29748
23159
21904
45206
27857
47731
45413
30452
12345
29428
37892
30594
23880
3604
3517
7013
47096
33836
19764
20004
43920
7485
35101
3100
28619
17740
1643
34196
32767
39407
24780
38293
31995
16627
12838
46523
11614
19866
35795
40214
2596
48465
41821
25003
9587
5718
18608
36337
17691
43801
23555
4144
46112
10056
26716
26731
22694
14577
18388
23679
39412
14407
48611
23181
26770
30510
16357
32518
33799
48445
31106
8257
6559
7124
16904
11449
30260
41619
19138
49969
14932
18426
24581
10721
20382
34458
42000
15073
39434
47502
23004
30216
227
45112
46931
24582
8646
12701
44778
14080
14241
30120
21771
46223
12082
10213
11773
43161
2177
28429
10432
46687
26568
35675
18797
16424
36271
34140
6566
17331
3737
20768
19223
21617
8341
49896
18513
22182
35905
16694
7538
10094
20409
15014
21506
47615
27818
24974
20434
41345
49588
5973
10249
24903
27889
45170
7756
33097
9167
3725
25796
44875
47010
42196
29733
39341
3782
42962
6657
42274
5444
46999
15523
45477
17521
18148
6887
7618
12084
40297
11965
49938
48037
28143
46379
14342
49980
35038
12644
29348
45484
29545
31779
220
2962
2358
24379
6172
5569
46459
47388
9575
1463
10835
19250
46759
3198
21930
16799
7290
20005
8643
19658
24521
29684
30165
11454
21158
30844
26766
25344
41076
23983
28789
37187
39622
20757
29914
29270
47684
46929
40626
49527
42005
18212
2080
9203
21781
10355
15481
41881
35644
45797
30875
15001
46935
13870
24509
29109
12189
19353
44740
33951
16083
23765
13688
9476
1043
45985
14542
32726
36811
12698
1215
46984
28411
36798
178
36761
43643
35268
38238
19567
1353
43168
24614
37382
13516
47150
6295
40246
2433
29385
19180
41793
20349
15511
45884
30623
24597
16264
47998
17354
47412
1506
27374
47828
19951
9056
24384
24360
45706
10008
11049
15734
48864
25104
18706
37390
10570
28294
11223
28024
47210
30691
45995
15633
845
40160
29056
37306
40325
1146
44325
6395
41261
26879
20806
46509
20898
40019
24844
44421
45791
24214
496
39087
14583
17783
10091
11905
19828
33708
6518
7436
29220
9320
13450
6278
11541
19698
48237
1892
45769
7728
32866
8368
11670
12184
36424
22662
8525
37932
18146
17196
36013
30036
16935
28529
41505
26030
11595
37274
26310
31408
48303
16082
42439
29413
1308
19782
49763
9256
29450
6258
46506
45952
49162
15110
36680
13086
26265
48103
16987
41590
14507
6735
6942
10589
7564
29791
2046
10107
20377
652
32816
23281
8632
33443
39781
35786
6629
21477
42356
19954
21227
13031
35096
49296
7364
29804
27308
41875
38842
20981
42034
36323
47241
8876
19571
12452
26362
9901
9183
10085
3987
31071
4516
35930
19395
44649
33381
18339
34154
