6708
7289
2554
10149
2635
5840
3076
1770
10577
7035
8910
5578
7783
4703
10332
7768
9040
9574
3291
5667
9000
1046
3335
784
8973
4933
5877
7898
8629
3997
9543
2905
4532
10224
9195
3971
9082
4768
3187
913
8720
10286
8311
2085
3980
9162
6884
8481
1391
7375
793
9252
9094
6710
4802
8533
4186
1141
7247
4932
8423
4340
2889
6041
3311
1643
999
4086
7661
1754
2131
4868
4084
8750
5996
6673
7192
10773
9898
3613
6909
7478
4513
2724
182
4108
8457
599
6737
8943
6034
1152
5766
13
6140
4107
10637
8648
7189
7765
3893
9943
5300
80
10646
4608
6203
3572
8102
4364
4138
8307
4698
7343
8319
10768
9623
8638
9219
387
9538
6595
6593
1360
3306
2766
6082
5878
9259
4077
82
9326
6590
5416
4127
5260
5169
164
7565
4695
4046
6555
7141
6174
2528
9460
3637
4918
5413
7983
4966
7212
3940
240
7010
8084
1913
686
359
1950
10152
7745
912
10042
1323
1170
94
5264
2764
1137
6636
5743
6728
2926
1565
10634
7452
2144
3830
6239
7937
7377
3881
7146
7726
10348
6978
2773
6131
6567
5992
32
6399
8441
2034
4853
8001
8427
2461
10388
1956
4672
651
4316
3074
4972
4323
7610
4137
9464
4354
5482
1875
933
9768
2233
9794
2129
9670
7280
2727
10709
7358
7924
2597
1529
2150
10423
6756
9878
8106
5535
8710
5699
10378
8036
5619
102
8345
10476
2961
7902
402
4600
476
6258
10711
2729
5848
4566
6665
7821
7090
2567
1148
1327
5039
5150
10749
6307
7934
1076
8041
4379
9680
10574
3541
322
9112
3158
3486
3051
9501
6971
4453
845
10674
9582
7348
900
5510
1562
2499
10016
1042
10347
1504
7690
9699
9808
2391
10132
6471
4958
8184
2893
4595
9236
2195
8056
4183
3327
3852
9981
7941
3052
3415
1110
10331
2865
7200
69
2392
6836
1760
7504
1707
9909
3061
4145
1877
6921
750
9042
4219
9061
5677
7896
8366
3488
8818
5519
6803
4205
2390
425
470
8835
9045
10306
120
8046
8536
10752
1831
10406
3164
2378
2199
5618
9391
6637
214
7354
3611
6476
6408
8127
5421
4938
8514
1341
2249
5411
1957
5053
10616
6007
3057
7761
5849
3693
5478
1517
6494
4285
10562
1318
7985
767
8458
4663
1265
8794
6947
4813
1863
2668
1369
7634
634
8060
5448
6523
6954
1096
6426
8424
8780
3904
863
5287
2602
6121
4693
6091
7715
5586
2315
10075
129
2388
10785
10626
1560
8099
4717
9642
6873
3287
9273
2692
9931
10276
5690
5819
9012
10160
8834
2619
671
1894
1721
5204
7935
8711
46
7474
5938
3762
1888
5221
6032
1231
1727
2456
1844
3951
579
1038
8975
7740
4423
6528
2637
7059
6066
3956
9221
5530
6272
4394
1060
163
8861
1116
3081
6946
3734
7228
2686
3742
6735
93
854
1249
7851
4425
1636
5997
5030
10382
7009
4415
3120
480
1336
6850
9638
7521
8223
667
6220
799
6949
1376
9333
1801
8875
3537
8463
1522
9596
6664
1146
6472
10408
9865
2649
8836
7666
342
5687
10273
2795
2613
3936
3954
85
4454
2566
1703
3554
6948
145
4185
2999
6360
945
1890
1434
4351
1540
8627
2022
7828
5
364
10371
57
9809
4324
2250
2370
10648
9765
9769
3135
9497
9934
3804
5549
4269
9812
4559
7351
6869
1390
2957
2016
5745
10210
9166
4800
9419
6766
994
1713
6762
10661
511
5442
9684
5815
3864
1405
8118
1208
7885
314
7391
2114
7822
9348
775
8670
338
5998
10691
6107
10632
8131
4288
8792
6991
4234
3190
4049
9047
8811
7904
9360
8490
1419
9334
2248
284
971
10533
6404
3116
10813
9322
9450
7664
5420
10715
8570
1923
4525
40
9331
3867
2728
10554
3560
2661
9110
3910
1221
3402
4236
2771
7360
327
6182
9031
2627
976
6406
6296
3546
5931
4683
5650
6531
8979
5545
10287
9163
7722
9431
4341
7564
9507
1933
5787
321
5266
3593
986
9144
7332
2060
8563
6847
9821
3657
2757
561
10170
7860
9021
9301
5724
10741
7965
9095
626
7496
7791
6268
7016
2655
9091
3998
3793
1779
9420
324
6477
3452
3696
7834
4691
6613
8694
309
4224
8634
8232
3815
3820
5335
9674
1940
5155
4845
5824
9258
1273
2533
4842
8403
2938
109
73
15
8624
1421
6716
914
10458
10621
2077
258
10379
8542
9121
4539
1235
7370
8086
7679
3122
215
6454
3630
5331
9314
4259
7086
9627
8622
1277
4671
7560
7442
4278
7567
325
3302
6848
9950
7353
3805
2628
10081
9036
5118
3698
3781
5340
6615
7544
3049
39
10401
10597
2193
1302
10750
1320
2959
4682
3798
1914
7274
2904
7263
3398
3843
9697
1738
1701
6581
7020
3228
5343
4505
4121
6703
8558
8381
4907
2687
1730
3484
6838
8322
831
4564
3201
8921
6343
3975
2504
7903
10422
7576
3170
7460
8256
7738
6180
2916
3090
5406
9949
3617
7248
10244
9206
7887
2783
8993
1374
1876
9796
3854
6410
2371
6046
6548
6582
7221
5479
101
870
8016
7268
3377
8768
1490
2884
4996
8733
6827
6860
366
5233
8496
3460
9282
4908
10100
2557
9189
6746
5071
693
2398
1416
8976
6914
9374
10624
5932
1019
2117
7869
4133
9740
2080
4843
7427
1067
5262
3205
3899
4202
803
1497
4661
2212
3707
2589
6644
9559
1993
302
2562
10514
702
8031
7995
6945
9748
6783
6956
2405
8506
1756
5187
1568
1013
2458
3945
2520
7499
1648
6269
10774
136
3592
3188
5285
4719
6996
68
236
6442
2577
2720
6707
7677
7512
333
8453
3521
2993
7162
8326
9658
4662
4909
9526
10720
9317
3921
10775
3895
792
6647
3046
10029
1781
3498
1500
1463
1999
661
7226
5125
3873
4817
8760
7631
1357
4928
7958
10767
8179
1628
2976
4338
10148
10236
6077
5271
446
7871
7936
10724
405
1167
7489
2691
8556
4578
4761
5526
3580
4530
1570
6814
10185
489
5364
471
10448
6435
6416
5426
7491
4568
2599
7298
2093
8952
10350
1577
3993
1602
3176
885
3454
404
3062
2110
1903
609
10385
2010
8641
10066
6327
7654
4799
1018
11
288
1907
1107
2453
6608
6427
9903
9651
7881
10428
6625
5663
3504
4879
3640
1317
1828
3931
5348
4749
8843
6157
7923
8977
7336
3656
5214
9310
1906
6342
10200
5378
184
10536
455
8577
7580
3828
10666
8816
3771
9230
7480
9332
4486
3396
3013
4164
8217
3214
2974
898
5450
5456
5965
7502
4495
1587
9671
10320
5438
5601
4007
4849
1399
8722
8416
864
7321
5544
657
9069
9566
8580
8012
5894
7689
9057
1479
5883
6600
10734
9495
7206
1443
6004
417
4846
8526
5936
2532
5370
207
8238
5012
2159
4803
9227
8766
6961
5232
9203
1401
3002
3136
8413
3675
7497
5838
3834
6392
7846
3358
7523
9149
3425
10241
2459
1776
2228
10627
5984
8477
8398
10362
3365
6207
4241
2427
1670
5467
2494
1151
6432
1527
5009
1679
3317
3494
3782
8314
10192
4774
8040
6473
8635
6200
8132
