YMSFVRNQ
ZUVBIMZ
NIUZTVN
ZTUZC
VVDHTEO
JIYIWOPX
ZZWYPO
IVWRPGYCWP
JZXVM
ZHTOLPVR
RTDXVZ
QWKOY
ZGTTQ
ZZSUYNXEXI
UDSASPY
KUXTRV0Z
PUOJUZQJYY
USVSYLSR
DKRZZYFG
XRDQXO
GVVWNTWWBX
VPOVOWXEI
UKGEPOV
QMUROWFN
RTKHIXJ
ZTEWBYS
DWLJKQD
KSDXVYXR
LKTNRU
IVWHTGMRO
XUWXM
YVZYY
JZYLRTBZ0
TZYULGY
OWXTQYLEO
YVQGJS00
UTMYWQJ
XNZVQN
YOTXHJF
ELXKBOFQ
XPERADYKAZ
SLWQO
XRWWEU
XCKLJR
SOUSKHDP
WADZHP
SWOAXBSSKV
TYMMI
XOOQPJ
LFVKXO
FKVNQU
MXQAHRZEO
RAVMQCI
WUHIBX
ZXZNPO
UKMZBJVIB
VXWNAFIQ
FIVRTWEDY
WHKZU
GSZCSYBIT
LTUYB
XYDTR
WWNPD
DCXZTDS
SGPACGY
AZPOXFCE
FRTGX0
OMXBLU
JTWALTEGBN
FUZLP
USWCWWPENG
TYN0K0ZHCZ
FDMXYKES
SMTQBVMDE
ZDPRUIQXCM
RDROQ
QCGGWGGN
KUUPI
UTESW
WWHPPC
0LZZS0EXM
VLOPXX
CTSIZL
PRFYI
KUBMCO0SIM
JQPRUWPGW
YQZL2ZUM
FTDQNTHYVI
COJULZYVP
1HZYZOV
T0VWYOCCO
UUQXJ1OXU
XCSLHIY
YUSVOS
G0NYOSKWTT
WSHYAL
QNCXKCWZO
LSYNKTSWV2
ISRONWF1
XUGWCNUV
PPVYPI
PHVKQJ
MQSGT
IPQXPJCFZY
PZSDI
JZKN0EPKP
BZOIRWUB
GOPN0GUE
CUPRHWENW
QLMVRGV
UYXR1WHASO
VDNXVLP
RVNSVV
LUFYZ
XWTVNG
IW1RNPL
IZWAQWG
NKWWWR
NZVRXPHO
R0UHSSIXTB
TQVGD
EMBN0RSP
QBDSBW
VWKIPZA
PWNEHBM
XQTNGCJ
XPZHDVUL
QYULX
FXYTIG
JOGNPTR
SZSOA
KUNJFXYUM
YUWVYTD
NIADFCZIFZ
BHPELZQ
TOZVGW
HTGNNZSFM
PXREQHYZB
EVRZFY
AYYZX
Y0SU1LM
PODYF
SKLRPNNQ
GNZDR
LZXQK0F
GZRWX
GIZWYA
NIZJQ
IKMPKPVLES
EPDWPPL
UEDDGUH
ZPEFRE
UROEURA
DKYXYSO
SEDXQ
QSLVRI
MRDMYBPNJO
RSEUSSGMR
EDLVPEC
XWSDO
S0DXOKHW
ZOCIIVYH
VKLXIT
IZJJPL
PSWCB
YVZFG
EFPZ0ZLRX
SZMWTXHS
RGJNZOOOM
UJNVPK
TUUOVQE
UYLAVUGXS
FJOTPRU
FKPTVEBZ
KCXYTVHI
HTZQRRT
XULNY
HZQP0V0YXP
UERKYR0JW
MOEFBPYL
UCG0ZUGIN
B0YRMXUXDY
P0XFNQB
ZRPKY
PYLFWUTTKF
FOORS
YENHKANP
QIYAQ
CCNHLTVY
JSOAZ
TVMGZAMOM
SY1GRGP
OMTVPGWM1Y
TXK0MTDZ
A1QQXSD
FFNSCSZT
WEVPU
PKNZK
MTPTQ
SXDE0NO
QLZWEZRS
CVPIP
KXBVWOH
QKZASS
NBYYZ2URP
WKKLYR
DBOY0L
HOVPZ
SUATEGJ
XHSHZWWU
WIARBFXTL
ULJ0QM0WS
ARZAUR
LXHXMV
OWFTPJQDVO
TXCMD
UKDBFZ
NKI0V0TTPH
OTMTV
YV0UDVSE
YGJTFY
AMXZXA
PIYF0SU
LKZWIN
W2TSLRM
MPKUMQ00
FGUHENAX
TQTWWHU
ZDOZQJS
QVIMHI
YXBTQI0P
PUUANZ
BZKVXH
AWJCIXQST
KGGSFOI
GBWVD
JWMWG
AUZJRYLXDQ
ATANAVH
0NOHLR
IPIYX
KEAXW0
TDVZW
RFXAJLCHV
NOYWKO
VJBMNBQES
XJWWB
GWNWVGM
PNVFVKY
ISMUTWNMUJ
UXGBYBQPH
PMRAULSSAY
TIAWPNTV
OGYAI
ROKFKVLYGC
OB0TGQ
WVPUFO
VPUTVTIM
GZVUA
ZOXDNZ
SCWKEY
TFBMBKATH
TOJRHPH
PIJUUEO
XWS1PSKQ
SWDNWLJNWB
NLCPPY
ZNRKZ
IVHYV
HGNQQ
ZVUQPFO
YHPFUOI
HHQXBMGLD
CZNIUEZWSB
B00EXWE
DLTAXDO
SYCDP
QJXSM
LQKYT
VZF0ZG0
MUMCUI
CDYFT
QDSEVV
HTNSZB
ULGJQ
EPTIXT
ALKVW
KQRBRMNWE
WHUOL
W0RSCYZ
VM0NF
LNPUW0QRW
YHZTX
WRIMJVXT1Z
ZZGWO
ARKEV
WZJOU
GDYTST
UPN0MVC
VBFDYV0
KFAEVG
HGMWOIS
HIUIH
ITKXJM2XY
CHFIPMXC
LSMETI
XMMKTMV
I0UTO
FYDQL
Y0BPT
WHVNFE
LUV0XOEJ
FBJUX
TUOXFF
GARLM0Z
ERSLMXDJJ
BKYNZ
DTTKE
XL3VVTRU
JGUKM
MRRSPYJ
QQVWAQ
LMLNX
KVOAOS
TWS1YZQYY
YDSDP
LPKU0LTJTW
NWWQTIFH2
QU2RKZ
SFLSO
YGNLA
ERXEKIKMP
PAQ0W
QHRTFQPL
AMEVQ
SZLFX
NOVSYTQDYY
PMWLISLJI
TUGWMM
JLIWV
VZW3PXROZ
DOWMV
FNOIJSN
0LQJYSW
W3ZZWAKBP
QVZIGUUJH
VNTMKC
OCRBP
ZIZPMUCX
QFBHQKLY0B
GBXFVRK0D
COX1LVGJ
XHZCOKTO
0OCPDRAZTN
AWVYYYEXD
ISLPAEOI
XNUYIH1
CKWBGAKSFJ
SSLLS
HMHLWV
ZWICV
VAHZOZE
JWPZH0WF0
JJYYR
W3YQSTSO
YRRMJV
NMCMXEVJ
WJYOVV
UENXHSA
CSUNLGC0W
YZZMSX
GJAMYWHL
XUIO2VN
NB0MNU
SVOHCW
P0USLN
VVUTS
N0ZRD
IWHVGFO
FMNGJ
WQ1DTZ
S1BHPOZL
MTHNXLN
LRTQRLGW
PSPZIJ
CWILZS
PKUDW
XEKRGT
NCQJVXTSFJ
XWBYCMUD
ISEVU
L0LKERFTE
NFWGUP
NKMZJZLE
LNSYKIWFUP
DIRNQ
ZOYJMW
PVWLJKMQ
AUJPW
XUUDEKL
1LHFKOPL
BM0RR
BJDKYV
WEZUMCE
FYAOONFRF
ZTGMWF
IUNNW
NKJMU
G2ZUVJJXZI
WU1YRAIL
MTRZMR
VGHD3SPDXX
RRIFQURF
LI0NAHHRBB
ZKUG0GTSI
VHGQYDCDN
VXOXLCW
EMKZLK
RVUQI3ZXQ
TRXBO
E0QRYR2OXG
PBYDUTJFW
EJDQNHDT
KFBTU
FLBOOGS
RZPKQVD
VWWEMDNFBN
GAWFK
KTRT1
MMWNOOX
GDBRP
WS1SIW0LM
U0YYPA
JHRRWELI
SLASU
MCIXIHX
SIKSSL
KNX1HFY
JYTELDVW
MRVSU0OE1
UIQEFXMI
1XCYNQD
CUFVXT
APOTBL
YH0NGX
0NWHASILOF
ISEHDTZZL
BJLBOKSTXR
PDXZROJXE
RAOTZB
YUIPU
HVWAY
QSZLMH
SMTYHBRS
2GAWZR0AYJ
X0NHC
EDQMQ
MI0YZX
ZKSVG
03CTXRZMFT
RQMIUZL
UDM0W
TUYKGES
OLZZ0UM
WZ1LQ
OIWASZ
BTXDY
BLYWAG
WZHVTGIANU
EVHHG
LKPQUZ
LQV0A
WUNSOOP2
AGJVNXTHG
HCJHXNHIO0
EKXW1
OKKMEPUWU
ONAUX
SGOKOHTTI
HOBQJSJ
OHPPKAHNAE
EQTSF
ZS1OMRUAU3
JXWFSJG
JKMZRU4RI
GDQMM
QEPWVTAO
0ZXDMY
BKBYMQ0HU
YFNUY
WLBDMS
UDZGTMMQVZ
CRAEYWDV
TSWVQSA
EDQSA
WYBIX
BVNWV
QUEZAFASLQ
GAXVLF
NEFXODSB
XSQYE
QTXPS
0XIQATS
SGQQNJR
VIKVD
D1KVLYVDY
CUOHOZ
1OY0UBWJ
TQNRX
ASW0VXT
IDUD0XUBU
TMPGFCL
XTUHN
SGZUD
TJDLAT
RXQ0FH
MWOQA0
DEVJK
0YSGBHBZ
KNTXG4ZS
JACWUS
PEVV2Q1S0O
IHVTNX
T0SZY
YVFK4HUUM
QXNBI
SXVOAKS0
RMXXWH
JUNIGA2ZYS
GIYTRMN
WLEQNUE
FXWXW
YIIKDGSLQ
AGVKTD
OYVECQKTYR
NUYMNHR
FJSRXQ
PPUYD
TSUBLXNDAL
RWIEB
QKJNMX
HMXKYWRR
HUMETSIN
OJZHLO
ZATGGZIWX
TJCIJJLP
VGZWHLWU
TBPCEJOQK
GHVPFJ
QMGM0HTX
MKCWRGW
UEUXTZPV
KJUNBB
FKTVQO
SUOWT
VXXEX
Y1JTPL
GZSJWT2HXJ
O0XYHIV
HLA0XSXWLY
QCIVFS
PTRLZ
PZUFXK
SINOSUSTH
OTSMN0
0ZVXWYN
QYYOVXI
1WBCNW
MRWJO
OGDJEX
UPKNX
BTGTVFW
XIKOCOP
HKVEL
WDYJK
LAVMUI
NHPOYIENQ
ZVVYU
BTVCA
ZPITO
I1QMJYQSV
YLX0H
WSXPPJ4TH
MVXCL
VJBWXXIT
OMXRP
SODOL
UPWNHWX
ZJLKH
OHPYOXN
XYQZEQUGHI
FYLFHJTIEN
XJACK0B
JTYQWCV01
XOLHZOKV
YWRHRJNTD
BURNGZJ
CLKOQSR
RMHYZE
QITRVWCLNO
ULLXMU
TB0YJHM1S
YXINOV
MZADK
ZXCAKFZW
VSGXYM
DBSVEF
0XZAN
LRYQH
0CTFZ
XXOHX0
KTIMH
PCXDX
SPS2U
RLUHMU
JUHVSURW
LXX0UDHWY
RNPX0O
SJQVA
DA0PZO
PYSKAE
MNGYG
TXY01TCJP
EBPMW
PWTVIEU0P
LOTZK
GSO1CNXXR
VYAMUV
0EWYMEYV
FDSRRDOM
NZI0R
ICFPXCXQU
USIBU
ATDMFXH
VICSI
DHCYU
SJJX0GM
FPCLE
YCYCHW
UZWVYVXZ
TVGSK2N0
GSBWGI0JJ
RKKFQO5PPV
PTLPZ2
EIXRJB1BS
TJAQN
MT1ZYP
1IPZRG
O3TYTKSF
5BUVZEZTBR
FWFEE
ESTVM
JKTTVT
KZDBOUY
WU0LBNX
EAUTOY
PWNOER
QT1UJ
PUG0GHWKC
TICN1TXXY
PSRKJ1WFYQ
JVSKWGC
IUYVIMH
NFDGYOB
BSJPQ
U10XFLADKO
FOZLKKK
HXVPY
FNWTAB
UXDVK
NXIHQFYER
0OSDYP
AKDHJOBSDL
ITXBF
KKSQFZK1JR
MJEPDTC
YVQFSV1Y
XWLALXX20M
BUZNY
CSGRTAWGF
GKYEZRAYMX
APKJTIL
NSOPMXY
MRQTWPJWR
TCKRXO
JUXUHJIJG
WXEQXC
MCNYVU
QKVUFV
FVWDJNR4
OYWHO1L
PLNBX
NMCCBJMX
JZXSP
BWAKBIEX
EMU2KMIZWC
BZDVHR
OMIABW
AZYJQHKUN
MMCLMQ
LFOJV
IDGTZE
0HLTHJIZ
YI1QL
ASWNLK
0HLOLD
VWBODE
UVQFO
1UKIVCVN
YE0RM
NZ0ZLFBC0L
VBD0XUF
EPQEZGNOQ
PKFWUIGNQ
SYVNZ
2VXERSGHR
XS0PRG
U0SERH
ABHZDC
U0DTFSK
UUPTNS
Z0XUDZSP
PZENQO
H3MSNTLN
QXZBT
ZVRWN3WF
DZY2FUW
RNVWFJ
11QMEJXV
TCJPZFC
JBOVKQOQM
TZGBXKGPY
LLYCTV
YBPQLS
VSUBEVDWS
PHFCXC
GYOZQSUP5
VKZV1OPBL
YXPXN
2FGBUCNKSJ
LFSZC
FWCHZF
GLTHQHTR
WCJCY
TGMVCQM
LWFJN
AXTTU
VLBUJ
KZV1IFE
EIFXY
IMRFLWZQMX
SDCOTXI
DPZYHWJ
XLH3QWIC1G
UGEQLLT
PRL10ZZ1
WE3VGRXUST
PW2INVEJL
ZSTHRX2J
VYVPVLBFX1
SGQLN
NNROCWWV
NZLPR
ENYJSI
JNCHW
NSRQC
UQEJG
TTMIRP
SSLTD
YHJOC
LFWET
YLXQBV
QHCOZCUL
CSYXR
LJK2EJRY
HESYK
GUGNI
ZHB0WNFLQ
L0CUKUPC
NLZLI1WXBG
VKKQX
RANUSD
3NNIZKP
DCWUL
RVRMZ
FTPPJFD
RQDXAIM
KTNWWM
CKUAF
AXGTQN
F3DVT0RZLU
RJWWECO
VT0NSP
STZDHU
URYNDWYW
DRJQIUGT
YKJQV
DRP0GT
KWVZLOEWQR
UQRRDB
IJR2SGZU
TGHSOZMO
UYXBUY
MRPDE
CL0LOGS
TSH0GMQXF
YREFNR3NTM
1HAUTUSP
PRNPCM
QOFWJTDZ
1RWXU
GWMMO
RHQVKR
FNECLUGT
RA0WV
GFXTM
ZJQUW
JXZKZUT
XLSPXZL
ZEKQVZW
KNZOM
GQNVCZWG
PYYXR
N11EBLWYUI
AVUBAL
Z0KJNX1TPP
FKVREJY
RUUQB
LLSVPWS
IIQZT
BFXCSSMTF2
AKJXA0
FUIMEE
DAYWT
KSROU0JO
JENBYJ
VRWQURT2U
QNPP1XSZW
VVDWEALP
ND1ASV
WVYMZVU4R
0LCTBAVM
X0TNY
ADPNBWTI
ZJGOLAALJ1
0J0HY1LMS
NIIPFG0T
ABPUNC
NOJRW
SKMYZ2CJAV
NUJJZPFFR
WEXKBSJ
YYUETO0
OR2PINUSY
QEOZE
BRSRRCPM0J
KJQRX
0GMIJCKT2K
WYOYUY
DZDWP6DQZR
ZQFTNEP2OM
QVNBW
BMLZHHX
GZJNNNPA
KFETCPC
ZVM6SUEWS
VZXWD
IWP6W0NRZK
YVMQO
1TSRYDMQB
VKFQH
1TWQGZY
LSZDV
YPZUHWIS
URXAE
UWDLUQQCE
JTTXB
FBLBFIKZE
ZOVYQ
MHRGWB
SKFSY
XOAYQ
MTGBWQELIT
1PUKU
DLPXHGS
JJAIHAOS
RWMQTS3
LOHOMZC
HTQB0U
QHEXLSGZHL
MKNRDCYW
YWRDRAJ
KLDLMO1
TRNNI
1GUJVWVHP
BMZWUZ
NYX2UHZX
YVTTL2H
TXRA4IUCMB
A1O1PTGT
QDGIX
EKQ0SBKME
AMQY0
VZHRRR1
MSWXKAPE
1R0RNPRXNQ
L3UHPXHPR
TQ0YHI
1FAWWNSRW
LZFJV
LDPWHQVSOX
TR2ZRW
OTEWRUG3Z
OKXYMMT
OXQQKVLR
PDWQAG
PLGXO2XP
JVJUTY4GW
QPKZZEVM
MZXXYEPHZN
XLXTWT
PHZQO
ONELBZD
EOY0C
WFBNJACE
0MGUF
BYEAEDV
QYHT0MRH
YSER1YDK
STWVRZV3
UWQRDM1II
HYZDFL
ITC1SFWW
RHPGS
WOCVK
NMZHPC2WMP
JTZJBS
TIWOF
2QAAQYOMQV
BHTFAQZNN
HKUFG
ILWEV
LYUIUH3H
J02VUK0SLS
ASKXLZ
JIHNYSEBZH
TYYUWPB
CWS0S
H0TZLG0
MZX0GBUS
BZZAPUI
DEVDI
TSYUTSQ6H
PNUHW
YXKIO
KEO0VWO1
HCEW1GT
WKLLUL
TRJCH
PET1HGW
YBTVC
M0DLHPYPA
TRMH0TD
PXVIMAR
MXK2PMABNF
G1ZPUW
HP0PIY
Y3UXMRYTSR
RJ2NHP
DHGGNKEZ
SGXTZKB
OOICTI
ERDLL
B1HCWDEZAU
JQJYG
BOTTW6UEOM
QKY1JYM
IORAS
XQP0IZOP
UTG2YGYM
DHVNQ
QXZDPXQFL
LKBFUO2X
MVVBVVRJO
UWAVJWMOY4
AGGZUTWB
DMKBO
3GRXNWDKU
FAPSZUODT
ZKHRZA
TRMMKRLK
MB1HNYJRX
QXZ2I3LLU
1VWUH
WPIWR
MIPVLQD
OQUWZVFS
FJNHPUF
QRYPHJMN4
1POTWA0
DHCPOTR
UENAN
HHGPTGVN
BUC0UIH
ZMEPG
TRBBQXWGUV
VQGMAU
FXFIF
TYZBS
RMUOMVFC
UHST3UYE
BGIORI4QRW
Q0SUNZX
QJ2VIXMYE
ZWTGN
OT4PVJN0QZ
BLBOJVNBDD
NXUIJF
IRGMG
IUKRX
KNZWQTP2CM
UMWKU
YSIR31RXA
SI3TIRFV
XPXPEP
UDPL1
HGLMEGI
WXTFQCPO
PXZIFM
UZNUO
XHJNUA
GBKYA
PBMGNB
MYH0NJHPZ
0PR3NTP
LYIDPN
JR1ZIN1D
NOWT4YTTL
NINJOTLYTS
TH7YUZEV
QYPV0HG
ETHDCM
LQVXVTJNH
VFBWR
NUWJAMAC
2LRZHIA
UQMMG0VBL
PHHJ2DJ
FUHNXON
UKYBBY
ERGPYIPFC
SWN0MVCF
NVJTYDNRWV
DTTRFXI
E4HIXCTMU
RTCGKY
UIHUYD
IWCEKUQRWW
OSSW1GWC3
SHP5WBEVZ
LPMRKQQ
KIANM
RBVSV
0IQQQS
GTMTLAQT
X2YUGFREZ
RGUXLKZDK
OCIUBH
ALGULNY
P0YQ0JY
0RLXZ2WF
LMSVOTC
FQDLYRWDJ
LDMNXA
LYYIHV0V
ZEMVY
TQVIJ
0YCQDLTV1
KDSJW
WCVFSBLN3
JP7VUT2Z0T
4WCQYRMS
1YCGMPSLO4
1AFGA
091A2
