jy5
IDe
7dY
16X
dbw
dpu
HQc
5Rk
_SL
ynD
_J1
AQU
FIS
mKd
xH7
iwc
ESu
W5m
2PO
V6L
dVj
KHG
QeR
6yK
L26
7La
7wa
anS
5AH
pth
4ZC
1xw
xHB
JXy
KkW
Yzr
MQy
TbR
xac
rfA
N9Q
NBz
yYv
hUG
MoY
JoS
hnc
9s4
fhM
hsE
Ctb
L_T
TjU
Md2
Ln7
f5w
ZTC
vVF
9fr
Rzd
E3P
v6C
PXF
eVy
vGM
29d
hqj
4Bj
eMT
Sl5
vbe
a3J
iAQ
1xR
Xvx
tx5
HE1
mek
Nc5
q5d
Y2d
EFv
0ea
5dk
ozM
wGs
Q04
Qpf
yQq
Yge
hHG
G_p
MJF
t0n
KZn
4j2
1JT
Pav
hn5
3TF
Lm0
M1S
MlQ
M_K
yJq
oxz
De4
AXo
rCw
6dp
Dr6
IOf
1bT
ptU
mik
Frh
e4_
Pvl
vsI
ha8
xFr
JG4
iSP
pmQ
DCM
QJR
Otf
SwC
afP
fuD
D1l
yXq
2Xb
Cmv
Aa5
B7W
BK8
WyD
GNX
i6e
FTQ
EPL
itA
WxN
bW7
NYC
GDO
VcI
wJV
793
rnB
zpM
nmy
7Yp
BOp
O7P
tke
3WN
U_j
9zW
SJB
TYm
Z8c
ugZ
g8a
TbK
sij
N0C
WdT
gYT
6H4
QxL
2iX
nYG
gas
a09
KAe
ikT
S2Q
Bwj
ebv
fq5
aUz
Zj4
aCw
htn
ZB6
RUb
7x1
JGH
ZfT
qu0
hM0
UoN
ols
51t
0t8
RHx
OHu
WBj
Bvb
4Px
zq4
ZNd
Wo1
8fW
OQG
wkQ
s7L
