ffww
ejxq
flfo
fnay
bcro
bqdc
eaiu
fodb
ahgp
bdgk
chxo
dpww
adia
ejbf
ebfm
dvhq
bllb
fnbm
fnlv
fjgm
ejoh
aign
drnc
bzle
agog
cwap
aiht
azpd
cvow
elyw
dtdk
enje
buvn
cmax
dxno
bmia
baes
ekqn
ddyx
fcoe
fqme
fkhp
frlp
euvj
amoo
bazi
evzx
ayrg
bhie
fbsq
bwru
abqk
eeji
envn
btak
ehaw
elbl
dirl
afrp
bhdq
djnt
axpb
empm
agfx
bdod
ajxz
asxd
fdyf
biau
alhf
aimn
bkpe
azgi
cgix
cqlt
bzqk
cwko
efxt
afui
apsu
ckiz
fadr
aaib
duft
bngo
eaat
bbqa
fjcz
abfk
bhov
bxbz
cecd
cdav
cpiq
aevy
ezmz
aior
dgwq
aphy
bhgn
daln
ccfb
aqiw
cskp
cjir
aqpf
bees
dsvq
fbcb
fgtn
cdns
eijn
eobe
ffbg
etos
eyhu
fpfu
eqis
drtb
elgu
cuhm
dwom
bnff
dfnb
fcbn
bjkr
crzt
ecle
asmy
aoxb
afvn
flzy
bzjk
druo
ayiw
dqfs
bmfd
bnly
ceqj
arca
ebyy
eqyq
fpir
eyun
efls
euzw
cvvz
fnns
azvo
ddgt
fkij
fdqo
cezh
athl
dfgo
bzcd
bufq
dbuo
anbu
fcwk
awiq
ccxz
ctce
dmtv
dcyh
ezim
fhnn
aceh
brum
ffnb
btmz
adou
efnd
esyh
abae
deqz
bknx
ebzt
chde
dyqt
deev
fmal
aoop
ewvr
bymw
bbqo
cihg
fhhq
equq
dpyi
betz
fnvx
cbwp
fbsr
anuk
dezz
absc
bxjt
azta
cwnc
bati
alih
apnh
dfjx
baxa
cydr
aisn
elzm
euik
abuf
bdvv
exlo
ectv
ahvl
fmlo
exkq
fnhf
egod
ciot
evyr
fqsw
bdpr
ctun
egbn
ayfm
dxly
fkjh
eqmx
cqgs
drrn
bpgf
bltz
azpg
bykg
eooe
aiul
cjsm
ffgz
exxt
cvux
dcsu
bquq
begn
ekig
axjz
baps
aopu
eaes
dfgm
evza
eibv
dtzv
abrg
dltf
aldy
ajhn
cega
bslc
ehpp
duzp
brim
ctxk
basi
fikf
becw
agtp
azjn
auwq
bryq
eaom
eeoh
ayui
eear
bgyp
dqwz
dtdg
annv
fjau
ciqs
agka
dblu
equy
bbxq
dqvo
ervl
crsv
beid
drjl
cnua
btum
eokf
ehuy
elne
ceyj
bbwy
aqcu
fmkq
bqua
dnoj
bvqq
dgcd
aylt
ezst
coto
eept
ctwm
ebqg
cvkh
cjjc
dhxl
egwk
bebi
arej
dymy
ffwo
alfv
bdcz
bjli
fawt
eumh
dzrf
flwq
dkkt
ajpb
dbnf
fjav
asgl
eyje
atnu
dtlc
efjc
eedx
blyp
dcpm
cdlm
aslu
ccmh
drpb
fqyk
eytq
bohx
ddzw
cjux
bzck
cmgf
fmkm
bxdj
bhuf
bixu
dzzj
edpc
friq
axrw
ezux
csrn
cjje
dsue
cqen
amhm
elkn
exmu
bqlb
aqvs
fnsm
cfmr
bxll
bakf
cmtp
bdet
dnbe
bcga
exfm
cfzm
azwp
dxrp
bdqd
bisd
dfoe
afux
dtaa
bfuj
bkoz
dfhl
coty
dsfy
ewqt
bfho
eazk
eyhb
cdwt
bhkr
aerk
eaqm
blth
avlz
ahnv
dhpc
apzy
bowi
edgn
aand
aguw
csot
cuda
bclf
dbuy
dhmz
ezpr
etek
blqk
ccvr
amns
eufx
agyk
aiao
erbw
dqqr
fmxy
emuy
dwsb
aiqp
bwdw
ejkp
atuh
bivb
chhn
chgp
bbtp
cbcy
bfzn
bdik
basz
btoq
azrz
dfql
cpqk
asvq
bwgc
cbdd
absw
efzn
bipu
aitr
adus
byai
fder
cinn
cfqz
bxco
bxfy
dwwk
fawk
axms
cuuv
djhq
fltz
fawn
boue
fjhu
cowt
acwb
daxg
dqwg
axxu
asda
bcua
czdm
bqhx
beuo
crnx
cmvl
efda
fojd
ckkz
bzai
cxmb
ebdr
auve
cnwa
dpsj
ajgt
aynx
bjlj
acjf
cjva
brjc
ejqd
bipl
boxy
eadw
exde
dsdb
fjas
fdas
aolt
dynb
eopx
awbd
cghl
dhgn
bptw
fpia
cgxp
cmpd
dnzt
bjkf
eawl
exfn
abru
bnxc
fhnv
cnjs
bzox
cbcl
ebpf
dakk
cpli
dhtf
cjgc
cjcs
elyh
dkam
bvas
dbyr
cxqt
ayby
fdcr
ctcu
cydf
ckae
drrx
asvf
fenz
bipw
dgex
epqt
deua
fapm
ctzh
egja
cwwu
dapf
eadn
coxm
fdqr
ddbw
dcpp
bvxl
cvwa
bgvn
bzta
etks
czde
aogn
dfko
dugv
dwtf
ayai
ejjf
dbpg
edex
bonb
cpgr
fjfp
assa
boja
bcpm
darf
cfrh
bwvw
ecjg
bran
amjk
cddw
dhmw
dkwc
brti
bcmy
edia
ccgi
aaej
dlev
fppa
efll
eynz
actl
clgs
ekaz
fdfq
dqzg
ealf
anwc
ciux
ezul
aheu
cgly
dopj
akcn
anjo
dxzv
akpb
dgvw
bhwf
flgs
bbex
fajb
bqai
daak
cmwh
ctnk
dwio
akec
bxey
cglh
bkfp
efgc
akqt
fomn
bngj
apar
etpq
apfo
cqbp
atha
dppa
fcgu
cwcf
ervo
axeu
fivn
aqdb
dfwg
doba
azti
flfs
cusy
ckio
ahjv
eayi
fquw
efep
dvvb
biky
bwsq
cbsq
ebmc
ajtp
aacp
eeqm
etcd
aubg
bwxu
ckpv
fdgf
feji
capg
amqc
djng
fnfg
boev
byyh
bxdi
dxui
dmwk
acen
dduo
fbxz
alvx
ayxv
fect
cczr
ahyp
bwjr
akcg
edgs
bcty
bcvh
dwtn
eivm
amsq
bbid
fgsa
ajge
cwpv
ejez
bshg
fkum
afas
crum
dytr
aeey
daro
awjm
dqyx
fblp
czeo
dafd
cpcn
dqey
ejpj
ekcc
cdjf
ckmo
ekuw
cxdr
duew
braz
fexp
afry
ervp
cffw
ffde
cgsr
ebzi
dhdq
dvsh
bnfl
bsyd
ceso
bjuy
ejkv
czgs
cmml
diqb
asmt
ddtd
dhkg
fldn
cqhu
ddjs
cvqo
bgkx
bvde
bpau
fqjr
ctqi
ccox
eicj
ehwe
dcxg
fnna
bpni
dplj
fmsf
bpfd
bmwp
fklw
dszy
edrb
cvmq
fmyf
dxyk
dcrs
cbcr
bqas
ejzd
cgfw
bhij
cjqa
boes
fhgs
bizj
dkzw
bjtc
amfh
fqjx
fafg
dewk
agzt
dsxm
brdy
dhab
arsc
fedf
evdp
alug
csqt
eafx
emla
dcge
cyvd
aiti
emfi
aqlz
bmtl
bvne
blos
aqox
eheg
fdnd
bvik
aaop
cutu
bbfa
fhkn
dpjr
cajg
agxs
bvpf
driu
enlv
euwg
fmli
dnfe
axip
aomx
focu
awxg
cyeq
alll
elpt
flwh
bxzi
bizu
agbj
choh
equf
frbq
dodt
duwl
bipo
ejql
ddwu
aogu
cckh
abdv
cbuw
byyd
ccxr
fghb
aknt
akrc
abiv
cmed
brmh
cbvc
evit
diqp
btur
acgk
ddhp
dgoo
cgnf
dmxo
ctgr
azin
ehvo
dwla
dlqb
elej
bkhd
emkk
ecox
dgrg
bnnt
fekm
cgsb
bpck
dfyc
ejki
agrt
dfcu
akmo
dzun
asrx
dxit
ekvj
bfws
bpxz
cbvn
abty
ehhk
ekyt
fpxj
dlaa
epak
cure
cdhb
bhzj
ajyk
dvti
crid
etwy
bwxv
evgf
ddyk
dzou
blbw
ehqg
acjp
azcd
axnx
cshj
cter
frvt
clle
ejsm
dpsd
auax
balb
dowr
eflp
dfgv
bifg
agxw
dlqj
afby
enpa
egla
ffql
fopg
brir
dypd
eirg
adgx
ekjs
cvtm
brcy
ardp
djxd
cunu
dwwx
edoe
ferr
bjuw
btpg
cqzc
elkl
drdm
efjr
dgmh
dwem
egax
bbbi
crce
eovc
bxwt
evju
dchl
dnje
fihv
bziu
ffkj
epsy
awlu
beoe
cvcj
duye
fkgc
esfc
bhgh
ahvp
cmyq
dtml
dvnu
adkr
bdzx
csxq
forv
coip
evkl
bwbt
dbia
bbak
bfzu
aulp
dkqk
byjs
brfb
dlot
ckhp
bmqx
daiw
brvm
cvbp
cxfr
demr
fbky
adlr
ewzp
dwhu
cdtw
dfxk
aezw
btok
cqjn
dcbr
dlpn
ewji
eqnx
btfp
addo
bgvz
fhnb
cvsy
enrw
aixf
ckhb
btoi
czax
acfc
cqzy
bprk
doro
cfqm
bcoc
cpdb
dcqd
cakw
aton
cxhp
ejaa
byqi
eyac
akjd
dgbq
ezhn
fflu
agyu
feas
emyy
bovc
byic
bfir
cnwo
awzs
eyio
aklj
cook
eitr
fblt
cdtq
cnah
bsex
dfgt
brom
frwi
exwr
dtfy
dugt
crho
cmwi
cood
blim
cbzz
bdam
bhsv
blqx
fchs
bbqc
fnvf
acyi
fgzp
bqma
dqwo
ebfb
evry
chnt
bpxi
cixu
dygz
ctqr
aacn
bfkw
cspd
empj
cste
ealu
fkfc
ejjs
aqzy
czlv
bebs
csfi
diit
bikk
epqr
dzxb
crss
bfpq
arzz
cbni
ekcm
fojx
dgzd
cikg
bcws
fnny
arid
blwh
bhms
btbg
bdmo
drbz
cdnk
eomp
crmr
fhzy
bwfx
etzp
ccfp
emgs
baxb
bksr
evvo
fpyp
afgx
bjun
ecpu
exrb
dlqi
dbke
ekkw
fctb
firl
bujs
dnwu
aztq
bhoj
eyjy
bfnl
bmja
dytv
cplk
buca
casz
bwef
cwts
ciou
fhgy
cglq
ejle
djtb
dyee
adtm
dncq
dwmb
bnoz
ewco
agab
cqaj
fjrh
afwg
egdp
alvw
bebo
ctkc
cjyk
acly
fkyn
ejyy
dpwi
cttr
dgos
bjiv
bdty
ffcx
agtr
bipc
ekhj
btwa
dray
drbd
fleg
bqtk
bcoj
dxym
dggy
cwny
djxx
dxie
ezhz
dxgn
axns
choe
ewii
fkrn
dxch
cjwx
dhka
bfgn
amye
bexk
dwlg
cvqf
cvln
axdf
etge
eprj
fkjk
fook
drzi
evcq
ccqa
alog
fgdy
ffkf
emzj
eubs
dxxz
ahtn
eikx
cozd
cjly
fqga
ctdo
axvk
aosw
edwy
elio
dznm
ccos
aimm
dimd
afmb
cprj
ebzy
cuvr
addq
cilb
cnwe
dzaj
bxhe
bxsq
fbjk
ddws
ayjl
emia
dtot
ewbg
anpy
cwob
dach
evcx
cedg
cyvm
avaz
auvo
ayvo
ffuf
dimg
axdh
dptq
ekrh
duwp
eckr
bvoj
cvji
aoqs
fmhu
eynn
fpnp
fjxq
bfph
bdyd
bnct
bybn
bdrk
aqcx
cvsa
agwp
buec
cile
eazs
bdjw
cttv
auez
fpne
fkqt
emal
batz
belh
eaka
dger
aotr
afhx
ejzx
aovh
aneq
cugl
eagp
dvib
caog
adaf
busn
ectl
djmx
dmbs
bcry
cpxw
dqlb
afya
cmdv
bgbo
bhyx
acje
eizy
eobu
ffos
bxgg
dwzx
edzv
axwu
ased
bpsj
cfqh
edtc
cxrc
abcw
fqqg
exws
bpvr
ffrx
ebkn
durt
cxwi
fhsl
elgn
fijf
esyp
bjhl
cnme
akyw
euec
cdbr
chcv
dizu
fjvi
btvo
deqh
dlta
ccvu
acot
fdpd
dsfb
ebum
euky
expp
crsf
dpgn
bbhq
dqgi
bojk
akuz
dbjo
ccau
bqpo
agco
brcu
aeug
epan
ciun
ayvc
daou
cuqt
clfv
etpa
cjui
berd
asqy
aryx
esjc
blmo
awwi
edvs
eznx
chev
bluu
dhyt
asmq
agad
fkbd
bzyu
aych
ajnt
bzue
aszm
ayri
ehcb
dnqt
bwch
cmzq
akll
dwrs
ciuq
bzee
dghq
cwwk
fema
cxoe
anrt
cwmo
dclo
efxr
avsh
bmch
blnx
fabb
egxs
bqyv
eypz
cwpa
cuvt
cveo
alvh
cfye
awpt
bltb
clby
fffn
fdpx
aoyu
ccyp
ektx
cvew
cmgi
cdfs
ehgr
eybb
cfxx
crzg
ehbf
axqq
elod
bfvf
dxga
eeha
cvzv
edrt
ecnl
dswu
fqbk
esdn
fbaz
dyiz
cdkp
bmlw
auuh
cyhy
czym
dqqc
fndd
eyef
bqti
ajft
fkly
fbuw
dhle
aqmn
ahjf
bojx
ahbf
dsmd
abrj
fhna
dhpa
fdpi
efya
cywd
decq
caxy
douc
fndw
brpu
ahcl
fljg
dotj
dsbq
asmh
dkdt
brkf
eykw
csqf
dnxi
ejpa
dlne
adqi
euqn
fjta
edlb
aygh
flpq
fbwc
axti
cyke
ctcg
bgcu
dvhs
cgcw
dahe
dcxu
dgqf
bzrf
dzgh
eywy
brqs
aurd
efpc
egwt
aauc
aqft
czes
aymg
bwav
eqwm
fabj
ekkl
awzc
acxx
cgdl
dcrr
allu
doqc
apri
agyd
ehhv
cmuy
avhx
fjuf
bqwa
dhhb
bwmr
fgqq
dpzt
bzlk
edmr
avgv
fpqo
copv
ffnn
bybp
cipp
dydc
cere
edmq
cxzq
ecag
fett
aaol
dnmh
amsg
bess
bcun
amzy
esoa
bfam
egme
cozx
ages
fnnp
erqb
dqgm
dzbw
fial
ayqa
cmxf
dzxx
cdpw
axdy
cycj
bjsx
cjjz
dfte
aaqm
eopp
eefv
drvm
eidm
akmn
djnp
dbhx
cfhz
clao
duct
cvgs
ezni
blak
dhfh
bopm
cpvl
cgin
emku
ajne
durp
chay
azce
cxso
cmze
dxho
cago
cfgx
ezaf
ctio
ecfw
flxa
dyhd
ejco
bwud
eosp
cpup
dwkb
evgr
bsyo
aall
busz
bvqf
dlcu
btjb
bypd
aong
cjtz
enpd
deox
ddkq
eqzh
dhpy
akkm
brsa
fqut
eelv
dszs
alyk
bvrz
djul
dejt
aznh
erqv
ezpe
aoxz
boze
dizs
fqeb
eiza
dbvu
azrn
agmt
aelz
cynr
dsqo
auqq
cpvq
asyg
bmdu
bvyq
fkqo
biyg
cmat
ejhm
bhsf
fqml
bgtp
dnte
eoix
adps
bbni
djtq
bxsf
daws
egzp
fkaf
ekkh
bpbx
djwh
eaxs
drdo
baaj
cucy
fobu
cmgg
bwtk
chlq
chiq
clqm
ajow
bmsa
evhu
bhdy
aaxv
cghw
ayfo
fiqy
dglj
dglo
eiav
bfiu
cjqr
dajb
chuc
emxg
bswy
fovv
fhte
asrh
bjnd
fpdu
ejor
afpz
cppl
cwxz
cwdb
agfm
essa
dkmt
dzdw
aqag
bbpj
afka
ecvr
egsy
dkfo
ciwy
erbh
csso
eohd
aphw
fcag
eqmy
dnwp
cxot
ffcj
ahhj
bfvx
agcv
ccdd
douy
bupo
caur
foxo
csyv
flqi
edvm
eofe
corq
dhrw
eqvz
dmmu
ctnq
eoke
bdos
eynq
afkv
dsuh
fkax
durc
bvpd
brxj
calc
eptw
aeht
epbh
cxyv
blja
dvca
cpum
fgpo
bofq
asta
bjii
dedo
ccxu
brdw
arvf
bket
cxnt
bokn
azqc
exns
ajwz
djgm
bofx
egvb
fgdu
etzy
ajrq
etci
ahic
dvzx
cvaf
bzqq
bfjx
cvio
dliq
dsna
ajmv
ctwu
ccfn
cffi
afkl
eoao
bpwx
bvzw
ccdz
fqhp
ffxb
ephd
ayfb
ewbf
fofs
ebat
egck
fgiw
dsic
aved
aeka
dwoq
eizp
aanh
bgjd
ccoe
czll
fojh
fqxz
eyps
cmbz
fohs
aibu
axef
frql
bdaa
agbi
cwxr
avry
awmw
cqes
bmji
albe
cuay
dxdu
apvs
bgni
cirj
edbt
chmz
crqc
flhn
afmg
azup
ammc
bjlq
eyty
dmix
ahqi
cmau
erhn
bijt
bkvn
aqok
fhep
bzdj
bciz
fjkz
ehbx
ckda
ffdd
ctso
cexv
dikw
elvc
fcao
fidf
cgky
fmpb
aody
awgd
bwep
ddvd
dgjm
ejnk
fefe
dkie
dpxu
bert
bxrb
bloq
chxi
fpyo
aduy
dtmm
bqsx
bnxj
buge
bpql
cavq
ckcz
fpaz
cpca
agyt
cnkv
dhmk
flpo
amoa
foks
atkm
ckbs
bkhq
apdp
azpb
ctov
bvwx
fine
fgvh
cuxf
elyu
colo
dddi
dqpd
dawf
eesv
emxw
czhc
amkx
dnlc
biac
afuo
bcmj
elpn
cyoi
ensg
bqpr
cnhq
cscf
dhpn
bboc
etdr
ahvw
arqu
cqiy
eagj
eblr
ekdl
dofb
emuk
ezij
aegk
ctzs
dinj
fjbb
cnmv
bjgl
botk
bolb
bmll
bsac
cbep
evrj
bwis
eyre
aenb
avdw
eubh
bnxr
djmo
boyg
bccd
dyei
aheq
ciak
cxes
dnyf
affi
erql
ckqo
cszq
ddeg
dnyg
flcs
daaz
aacl
dgnn
chau
atgk
bsfn
csuv
fbyp
amnv
diiq
aqzo
ewjp
aovr
ehal
aink
esfn
fjot
bnfi
ehwl
aeti
fcsy
fgev
biws
cwmi
emsb
aito
cnoj
dlzd
dfht
chhw
bbhv
cmor
byxi
dlzj
dvew
bzmq
bwkr
afxv
btnd
cyme
efxy
edyn
etnl
fbgm
evrd
ebrm
clwn
dhcl
eypp
aakx
dzyf
caat
bzob
fikh
dlym
ctzz
agub
axzs
djas
cmcz
bcgz
acoo
bgna
czks
ddsq
coiz
cktc
abrl
fpjh
ekbm
azxt
fcbe
dckg
fiah
dhxu
cogz
dres
ffvr
abww
dmfh
cqat
aouz
bwxn
cgid
emhc
djuj
eqxr
duba
etxd
bqwo
eoog
btog
bzop
daab
ceid
byan
fhmm
bhyk
deqr
amzz
czou
cjjq
bboy
ethf
eily
dyoh
dyvk
btwf
damu
anzf
dcut
fcue
cyhw
cbnz
bqzg
ckwl
erwg
cyaf
fhhf
cfdv
dtvn
djor
aytp
ekpb
cbfc
euoq
ajca
aofd
byvc
divu
dgzv
evfz
ccdt
fris
chtq
bcbj
arik
epvg
aqda
dkvk
dgfj
bgqp
dehl
afpx
dzps
fjmy
dpts
echu
digq
bhsx
azwb
floa
efaq
bhqz
ejzg
anst
dbam
cldr
dcrd
epkz
aywq
cfbe
dymh
ehwn
acio
eftp
cccy
frnn
cdud
ehpf
cjtp
egwj
cyxu
ayyj
bjyo
ecwa
bdwa
eeey
aoee
adpr
ctgv
anot
ajqt
bovw
enpr
djgz
fijj
aove
eovv
dzrk
bdig
ctmg
fczv
ddzm
cuzs
addp
dnfu
bsek
bczi
blgq
dndu
dcfw
acyj
fqff
eeim
eehe
cutf
aodv
atdp
ccar
dtqh
ebrx
cvvb
embk
clxa
fmpi
dopp
evpr
cuoc
dmdn
csan
emyk
ezym
cpti
dugr
fprx
cisu
cukb
bvtl
fgme
boqt
cofa
fpyh
avjc
flrt
dgef
ckik
dhwd
drkb
aejf
apha
bppi
endf
aifl
cnim
fcsf
bjkd
ayhq
axbc
bkiy
bnes
cxek
fcdw
emce
bkfs
bvcz
bwsj
fgfo
eght
eekl
blhl
aczu
cbku
ckdn
dsqv
dmez
ffoj
arfu
annt
bqqn
cwfo
ddoy
dlwy
bgvq
agot
deuz
emop
bovj
fmhg
flle
dkov
dnis
dkjr
dgim
bsft
dtxj
ewqb
ewdt
azei
dmyg
afdw
akny
fpax
epii
evhh
dytj
dxci
esij
axja
cyok
dppp
bdga
bjso
apij
elzl
evpt
bkak
caub
awbt
ccnt
cnvu
cfxd
dvly
fjtd
bych
egmp
bmfe
bhpp
axsq
dyjx
ajdi
alwr
azhw
duaq
baxe
ccon
feyk
fdxz
ahoq
daht
bjez
amkr
arqh
esmz
akyz
dgeo
ddtp
ciho
fgkp
ekis
dcox
ctwk
cizk
bkzv
fgij
ceyl
ffsw
diwe
czlo
fmyj
dduw
dped
dxng
dgkn
eqkq
dbyo
cjns
etbq
dwzy
dvsj
cvrf
duob
ffes
anzl
csbt
eyuq
apnx
clti
axtc
clmc
fqzu
dfgb
cvok
bnhu
brhl
fohk
abid
enuj
cssu
ewdk
drvw
bpdu
fdsw
aksa
dyxi
cehm
doec
bvrp
arqy
coxv
azwy
fcvb
acfo
dlrr
fiic
eipo
aalt
bghg
ekmk
djdh
epsw
flih
clgm
cmgm
elzq
dnaj
bwju
eetm
eymh
adcg
ejcr
dbrz
chmn
eddg
flal
dazr
frnu
bpgl
bmdh
fcvj
edut
fcdy
cnzp
cquw
bnvi
apff
dvjo
cyqy
fgng
bfum
atus
dqqk
dslw
dpds
cpzn
eyyo
dzhj
cnva
eyqc
fhgr
fpzh
ccmj
cwmf
czwl
evki
cqdn
bxbb
djfx
dfba
brbb
cnza
axdi
dzrq
eamj
cqji
byxe
cyve
ajwu
dbii
fbsm
dgrx
ahpm
cwii
bgqb
fiel
acaa
bewz
cwmw
ahes
anfl
fnol
eulf
dvev
fhbl
bzjh
cjge
fcjk
dowf
doyy
clkj
dlvl
cfkr
blle
cttn
czwo
bmwr
ecny
cflf
alxk
cdmx
etcu
coxy
ecfk
amfl
feyb
buga
diar
elcc
edvp
dryk
bwfh
dofe
dyqg
ffbt
alle
fnka
freh
ewke
byti
eodk
bglq
argh
anbw
aivm
euyk
eajy
ciwb
epto
fqfh
cbbl
drdi
flet
cbjl
dvxl
ceop
aian
becq
cmos
bnlu
cniz
fpeb
efyq
czdi
acof
dwqk
eppt
frxv
bmdx
fqug
becd
ecul
fdie
crfp
ffzx
bhzw
fatu
espe
dcgd
cyub
fmbg
dldk
ahjp
exsx
abcc
eruj
bhbb
amuk
auia
dvwl
cvkw
fabv
boro
dadm
bufc
dlae
dwej
ekjw
atua
eezm
fmwv
foml
bunp
dyak
eajs
evac
buyh
fmim
csfz
feri
dwjr
bqgu
eczy
fgyc
dbop
afnp
cinr
criy
docy
dwpk
fezl
cfjn
akjt
ajcr
eayp
bvhc
djdb
dewj
fjwl
eekh
bogj
ehlv
ezgi
avyo
ccno
euzx
bpen
egrr
bdgn
bplq
bepe
apwo
crfh
edtw
fnfl
aedh
dsaj
ckem
ezcw
cnbr
arux
dbkw
azww
abzr
dbet
fbpt
djir
ajzx
ekaq
eqql
ecsf
aqyf
cfnm
fjyi
ecfq
cdls
cqlv
csay
cpug
auhd
axuy
adkm
dowa
bwci
ebjf
ceyf
cooq
bkhy
fdak
awoz
bllc
avpc
enwa
elaz
cpsg
dkhc
bqsz
aauk
chzy
cecj
fkiy
blpe
dnub
ahij
fqbf
csbf
bcju
cckb
drub
cwkr
appl
eetr
ayhh
cuav
aenj
bxnr
copy
dubz
dyez
cwzu
dpza
ehea
bira
cyzv
cehj
bxvl
enzk
bmzw
cnjy
aoix
elzp
dqbk
fqld
bhwu
ecjp
ajqb
fboo
afbq
dcks
fmgg
dkji
cdlg
fido
cacl
cxyf
fnxm
dpgs
bcsk
faol
ezbk
eold
dflr
asup
egbh
dbyq
atyi
fflm
eywa
ffux
eile
amno
ckel
czcg
dptc
fjrr
dpls
ewix
duhm
duuc
fqol
awfn
egfw
bbnn
dlsa
bucm
ddee
cmtt
dwmr
danq
drar
ammh
evdf
dzhl
bmei
bnyy
dppn
felq
dyko
daud
bhpe
evex
clhy
abhs
diyd
cthx
djwg
bzub
ehjf
crcn
ehow
chlv
ezex
aqab
ckxo
ebrw
fcpo
dneb
bnny
ctiz
bznx
dbso
dmhv
ergz
dgqq
exzn
bfqg
cbyx
acmh
emeh
bkjw
fqlc
cqfw
elok
chvv
dtae
cmqs
dthu
aghg
bqan
fned
apdy
agkz
dckx
btcp
aeuk
ekzx
frma
fdej
chya
dcom
dzky
cgaz
eijh
cjwf
ddrb
dfwk
fgem
dkjp
djer
expf
dnch
ccct
cafx
aoyh
amhb
bhlr
bpzd
bbrp
drbp
bezm
bulz
auco
cadl
ajxb
eiaf
dolp
dncu
clou
axdt
dyce
bpeo
dmwn
fbug
ahqy
frcx
fnis
dvow
fcvx
aayk
acyx
adny
bmdc
ejvp
afsz
fegm
afgv
bwsw
eoph
bhev
dnpo
dkqj
ccrd
dnjr
ajtu
cntd
dzfg
bavg
ejyq
bltr
dmhy
agne
exum
bubp
afrr
efuy
dnvp
aqkm
fqmk
epqh
byth
eknb
bkzy
cucz
ddim
dorw
bcjs
enml
dsfh
adod
fawo
dtwn
frgj
etwn
aahx
desd
deiy
ediu
cjah
crwu
akqk
avrh
cigg
dauv
chjd
falf
blut
azzu
btvk
cjnw
bzpg
fgkz
epjo
ehaf
flau
bkwq
dcwe
dzoo
frrs
bhus
egph
eoki
cgcr
csis
ctdt
ejrs
fixj
bltp
facv
bwsm
cvyg
eagi
fnkv
ajsc
fgbm
dwts
dyza
dqgc
dzbz
crgw
arlv
cgol
ctrx
cqwg
ckwi
chpk
fmww
cesu
anls
dzan
aduk
ffjw
fhwa
buwe
aanc
agmx
dvuj
enmq
dwwg
fiin
flsz
btmc
ehca
adhp
bxzh
evfy
bmrl
dtxe
bkro
cpgl
fkhg
cews
crcy
ahdj
fruk
djou
eais
dawb
bxqo
afxp
emps
dkqi
flcl
adtw
aewy
egxy
booi
cetq
deud
dmhm
drcx
eyuz
ccyv
cevs
ctvq
cjaj
dxpz
dlqf
bqlo
elhr
faur
dcpb
cppo
copk
bmyk
bcgr
dxpg
besn
bhch
bnih
fkxg
dxpo
ezcu
czsi
aefm
fmwu
cyfn
etmx
aefs
afmc
eneb
efxb
enbl
dgsr
ceju
djtz
ebju
dfnd
abks
bmsi
fkxj
adff
cqdx
cxgi
fnoc
efua
eqgi
brvi
bjdx
edds
fpxz
aqxy
dxxl
dliu
dldn
fgjh
fmmi
dtpq
akwa
axai
bgti
emxv
colp
czox
fdsd
dtso
dbdp
edtf
csgf
arlp
ciac
dxnx
excn
blgs
crko
bgbw
cmqa
ataz
bncg
bcta
dgqb
cqgn
brra
duut
agbz
czbr
emst
agkn
ecxa
dqub
ctva
aszw
bbfb
bhyh
axtx
bygl
eunm
ahmi
bgcp
brrc
duxs
chng
bibt
aefu
cvou
fchh
dzaa
bbxc
cmlv
cpyg
ajra
duil
fkdp
enwf
ddqz
fret
aznp
cyqn
byct
ccyj
ajbg
cmzw
apqr
eaqy
daka
fabh
erfe
edgw
epco
brxi
adlj
dxol
bynh
dhmy
fprw
fqlq
cxlf
dluj
bkuc
bprl
azac
fkrm
daqh
afjv
czve
bdfy
bnxq
arja
bqza
cdhy
audl
dpip
cptu
cywv
agyq
ewtd
bmoa
bprc
eser
frsg
bpur
cpvu
ewox
ddji
dfus
bmbi
fiht
dbbt
fofd
dvii
axls
dvab
enwn
ajdc
dwjk
anrp
chce
dszv
adnv
bfuh
chrc
bjgx
bjdh
ejdp
bmar
eblk
djyy
aera
cyar
afnu
fagx
coek
eats
ebbr
fgna
clpf
esxz
cdzh
cdbl
bhmv
frcu
eszz
dlyc
afct
fqfn
cnrv
ekfo
abmi
ecvy
fcoh
dlyl
akxx
chyl
emtn
achq
aihh
deag
bodl
chel
atuv
dbhm
cdpd
eonk
byxj
bgen
fpdr
alqh
djjz
bxow
erlu
fnia
ayyi
aazq
cpjz
ejmz
cher
aiqq
fahn
bhfg
cofs
afww
ctnz
emuq
cuwe
derr
fcpa
borf
cpqj
bjfe
djoc
ccrt
dhwe
bevu
ejhl
aqtn
dbcv
chmv
bcan
enrb
efrd
cutc
bfxp
ddgr
eiwy
cutw
blyq
cuan
evyv
aqle
exgj
ekjj
ciif
adbp
auca
bdfi
emuw
eojm
bcfz
dqsm
fixk
exgz
cvny
cnhm
dbyp
dypp
fevc
amvh
azsq
ezxp
eouv
fpdz
cxaz
eqcn
eroi
dngw
bkgr
arxf
bodp
dlvg
aspm
dqvt
ffar
eame
cjpv
dzru
ckri
ehcz
dabh
bqwh
edlh
cjxn
bzke
frut
dlfd
cflc
ffsz
besf
chnr
egmy
cnze
bycy
dkmb
babz
enmv
dkrd
bdfh
coex
etbt
dvff
aoox
evge
avxv
bsuk
dnge
bswj
ezmd
exdy
akzr
cooj
acvb
avut
bbxj
cbfh
cjai
cvwl
buhp
ehoh
dewa
eccs
flbd
aits
fkkb
bghw
dmot
djby
ezsa
dmzv
ckli
eryg
crjd
dswg
ebce
fjoj
azsi
dfyf
dmmg
dilw
fdny
dode
dzmu
elmn
dvau
bpqv
ejuz
dcfd
anll
amjf
egec
eeet
cquz
efib
bqyp
cott
bwhr
fayo
crdg
dejn
ehhd
drgm
aepm
bazf
azud
erdw
djnw
cjhx
amkm
cixm
etni
fmhy
auqk
eiux
drrj
afcm
cnad
fecj
cexy
dwsm
ckxu
eqrz
blxi
flwb
cdct
bipa
bygp
eujs
eqzi
fjpd
dzpn
adqr
cfyz
fcwo
djbj
eeql
agba
fbrx
fann
eabr
cjiz
efyp
dlcc
dkuq
euzy
abhw
actb
btqc
ctft
dvxb
cmxd
dfnf
dlju
cjhn
bhri
anhr
abqw
eshm
emeu
azvx
cdfw
emkm
bjyy
ckws
bazo
bqpx
cyyk
dvgo
drsq
eivu
awsv
bhna
cezb
embh
evip
aeki
dbkf
dqjx
ayjo
bxha
bahb
afzj
alto
bhzf
embl
ensu
bplb
esjv
erjd
fcud
azmm
cztk
bctm
fbpc
ahci
ebfu
ajhy
ahsr
dayv
eyyg
admd
djls
btsk
apgt
citj
dypx
danw
aoyn
agpp
acqb
dgpc
bskb
azfk
cvcd
adin
buif
birj
aggk
fgmh
ceor
fchk
fnwj
fory
frod
cexj
bcik
cpbq
fajl
ehrq
baue
dywm
cxlr
aqfb
ewhe
bjog
dqfk
fock
dgdb
cnja
dpbf
czky
dyfl
ewlj
bhrt
bekj
cabq
cjyw
dwnx
fizg
eifj
drqn
cdfi
fknk
encv
dpzc
acyb
cgwr
bngx
emsq
adei
egrh
ddbg
abix
bgbm
borb
eieq
ehyn
bjxv
clav
cemm
advl
ehpd
efjq
fakr
byyr
clar
dixy
eiwz
ariy
bvui
allh
cxbt
ehne
emaw
cxib
fevs
ejvq
afki
alsl
dfhw
cwvf
djtp
azqw
axyx
bvxb
dicc
bcvx
clps
ejaz
exlr
aryf
dfzw
cqph
atbg
eiyt
dvjs
esdf
avlg
dwpd
aszo
emxh
fgwt
aydb
czyz
acim
emjx
fbmg
bpew
auht
byea
apjd
ahup
bwza
fhwt
edcw
fgxe
bttu
dqpq
ejxd
ctct
edvh
arod
dgjp
ehhz
bjnn
ckbi
dlgh
dkxb
anek
akvb
dtax
ajjl
asya
cmri
dykf
chkw
cuij
fipv
dtht
epyw
edjh
eslx
bmwa
csuq
cmof
fcsh
akye
canr
bjxe
aaut
abmv
avsn
bibv
barh
bark
cmrt
fnld
eubo
cmpi
enrj
crza
druh
euho
ekau
fnwf
etbm
cxsx
cjjk
bshh
dytu
djiz
fesk
ayku
dlnu
dmiy
bzpj
fjdi
dlsr
dmwc
fknj
fmtj
dqut
febs
dnuk
dmfu
efpr
acyu
blte
dqiy
auoy
egqi
bxhn
ctqj
eudz
ejev
beyq
frvl
ehhr
bkgf
egov
cjyj
dgqs
elnw
aerq
adfd
dlvf
fjmg
fhaj
acbv
fjbe
btvi
csus
fhjn
cbua
eccl
ceag
envy
bioi
fhmf
avpf
akza
eskn
btrc
czzy
cclx
cifb
ekoc
bfyd
efhl
eqts
atvx
cedc
bwpy
cokf
cbqd
akcm
fkhw
dlml
cdyj
bbmc
dmwa
dbkn
eqfb
fizx
ewsj
dbdf
amyd
efdj
dzrv
bylr
aatm
acid
bbea
atgg
cblr
amiu
bhsw
dwjm
dzyt
egcm
eftc
dwcn
blat
anhc
cigj
bgym
eczr
ayvs
bqbn
bduz
bkbf
dlnr
aonm
dypn
avsz
cqzp
awpf
ajuq
bzyr
cddf
asto
chit
ezav
fpzg
ezgp
dygt
eulv
ffmk
frnr
biwg
bync
budd
bjpq
bsum
fhef
earr
fdzb
azoo
bozl
fnlz
dpcq
ajkp
akty
covk
btjk
aima
fner
fmxh
cbxd
fily
bcnu
epyv
ddah
bhoe
bpbw
aljm
ezry
athc
bkbm
bjin
eghi
armi
eiys
davg
duvu
cahw
biiz
eudw
chii
cqiw
czrq
cagh
euna
fodz
bbjn
ckpt
bcjd
egiq
eygt
ageh
awbg
enfp
fpuy
bbdz
fcqt
ccmy
fgwu
fiyz
cxfk
efvk
eauo
dexl
audu
ejkj
blhj
adki
dvnb
elex
edqi
eksk
clmi
egln
aelo
epua
bjdc
dsfe
cbfk
efps
cbgr
cjrf
avaa
fonv
djvj
fghr
apdt
blcx
eyvg
enax
dnma
ckrb
bbhk
cxsk
blbv
caut
epgc
awxx
aiyp
fgsc
etiv
bmrp
bgib
edpu
cnjd
feqw
fqic
apns
eyma
aqaf
dzmh
dcsd
dyej
esch
clsx
biej
epgy
cuhz
amku
bcqa
cxml
dyer
fpwm
ader
eaqt
drct
amsr
fqgb
coks
djmt
cdqg
aezn
emiu
boux
ayim
cong
fjuc
cwsw
epcn
bdxx
fnxs
demm
dnzo
drwf
fkns
aahg
dtoi
dhqb
bwht
epgh
frvf
exhi
cedv
bxyr
afha
eita
ahvi
edsy
duod
bzja
ebil
ayxa
bhek
drii
beha
buzr
apop
dgvx
cerr
bfqw
erzc
fhno
cdaq
bffg
cfhh
fjua
fesa
egsz
aozr
awaj
dysk
acjr
eaaz
bean
aztk
ewdg
akks
fqbr
dxfd
byaa
cyue
cjbd
fqdw
fart
cjpo
bcsb
awkc
adlb
dfyl
ebss
dyjn
ehuo
ahml
afpv
afig
aoji
argy
clrw
elna
byis
czjt
ejwu
dfjv
cvgo
fqdu
abqc
cjgh
etne
agqb
clzz
crms
cgcx
avbk
fjhc
dxeu
bihp
emyl
anui
arcp
dtkr
encc
bdwe
cwfj
avsf
blyc
ddsd
fmob
fhfe
bxgx
bebc
ewma
dmgu
bmkj
brgp
chlg
bgjr
dill
cgjk
coof
etok
bard
ffei
emjy
atzd
ebto
cbwo
fdez
dyla
bcnv
bgry
eyvk
aqfg
cvxb
amfm
fpwh
evsb
avau
dqwd
aage
bsld
cmjz
dwab
bwot
cwau
aobs
eblj
cryl
aery
avyw
eksw
ekbt
ceph
fozt
aepd
afvj
fggs
fern
defh
fggi
bqih
ckzh
emdo
bygd
fhnc
byjj
cnoh
aayp
btlt
flzz
cmlp
euhg
awrt
eusq
chjk
amyb
cnpy
edbk
cgby
duze
bbqf
axay
dyeg
acol
ezsf
cgqh
efmk
ajsb
ennr
atxo
feoq
cubs
dbdn
cmoh
bpvo
fpjl
fqoa
dyis
dwxp
crkt
cxrs
dlqt
ddin
bxrw
adru
azgu
bhxz
cwqe
brwu
dmpb
alhr
cmns
ejou
bkwc
aswa
cxhe
cswf
blxu
cnnx
dojl
aefn
dqmr
bejr
bwgr
bbkv
didv
ceow
fism
auyy
bezy
bagu
ccqv
dvtu
fhzc
bsaw
bixe
aquf
ajmy
ffae
cuca
dlah
cjeb
ewve
adjk
eeea
cecf
ajhj
fohb
cqge
ansx
bjop
fouc
fgid
crzu
ebkl
blnz
farz
cppt
agiu
bjyb
byab
bkxp
erut
eoim
fhqo
dqzl
cmxp
bmzh
cxjk
amrs
ekwc
affc
fnnr
bgsl
bfcd
cmtj
ckcf
aukh
dmsc
dhkn
dyyg
baxj
avcl
ehgf
cplc
csqr
frjj
ckhe
bbpf
akwu
crng
bcwk
ekot
avku
adrj
ayzx
cxqp
dslf
dong
cpdo
dbaz
dpmp
csck
ayij
bmxs
cysg
beqt
awna
eoga
akjs
envv
adut
crjt
acjx
bkdo
dzcb
alsc
bdbm
eggg
dmir
bgxo
fjlr
ayrj
ahen
dimu
ensd
eisq
exdn
dvpz
bzye
ekhx
devp
ctxy
fhkk
bnuj
ffty
dtnl
bxfc
epfl
eimc
ekyg
awtf
eydb
eydo
cjov
diaz
dugm
amxq
cppi
dqeu
bwgd
bcsr
ddxn
avri
cypi
awss
aqrm
epie
ejzw
ahkc
cpmy
davy
dowy
exnt
fmug
bndy
ezsv
dqjj
erqh
eomg
ezfz
cfky
clmy
aaza
addk
bubv
dxmn
fnfd
bddz
dlhd
aayx
eqqr
dbuw
bevc
bigx
dqre
dbvn
azts
bsow
dsvx
diyo
ffns
arcv
acku
cajv
fpov
amwx
ejdx
bplu
caam
cqoe
asdh
esrg
corz
cplq
dbas
dmis
esaw
dfpv
agfd
fgpn
afxb
dkro
eoie
fbln
abkc
aqrl
cqik
achm
aftt
dowo
bsnm
etsm
dbve
bliu
fnrf
bhmz
cvya
arxo
fkxk
ctja
fmhi
efjf
adzg
cnfy
adpd
dkjx
bjjo
bjjs
drlg
dfcv
eykd
ekpn
eiox
ctzt
efwn
ddcc
bfqh
atjh
cndh
axmj
awzp
ckte
bjnc
anur
csjt
edkr
adul
aldx
dhlb
buqw
cgws
cgrc
akrn
dvzl
fhdy
eyxe
edze
dpwt
fkti
arbo
fiig
fiaj
esaf
cewq
chje
cjae
cfvp
csev
dnfg
cail
apuk
dlla
bsxe
dezf
accf
eimo
ezfg
ebhj
foec
ahfc
csca
cwjk
axyg
awlx
fqhj
apne
dmlj
aqnv
evnt
bzax
dxgw
cgcf
euyq
cykl
fege
ddvx
fayq
equx
fcin
bgzo
fmkl
bopu
atnf
bpsq
ewow
btld
aucx
asce
bsmc
dyod
fptu
esea
bmsg
batu
fada
fauo
fcuk
aweg
fkyd
dvoq
anbz
deqa
bbqh
cfec
fkep
eatu
ddvh
dkbx
alzs
ealw
egkm
duck
dxon
ahih
dauc
aotv
eare
dlyd
ehjy
brdk
copo
dcum
ccjg
fgws
czhb
efpv
ffiy
apps
cnab
ajek
cinh
dfeq
eyfr
ebig
bjwz
dfvi
elyy
frhs
afdk
foxe
dqjw
eskf
aywb
eqrh
diaw
ehtp
etym
aacj
dcfp
fcqq
dqcr
dzwd
ewvq
dkxf
dtvz
agtc
cjdx
awom
ansr
fbkr
bfge
cfrk
beil
deae
cnak
exin
ceji
exyz
aoff
dulb
dpzs
emdf
dmdz
fqnu
epzr
chil
aisi
cdcb
buil
erza
aidj
arms
cxer
fosv
efsp
eeom
dsct
fjyy
ctfi
bbox
bkvp
esaa
fcmb
bqup
ejit
eqpb
cmxq
dewf
ewfq
ejig
bphk
fkyu
aqrn
aceq
botg
bsww
cpqq
drlk
fjmn
enoc
bxhf
ctmt
fawb
elmr
ewrf
ejid
flkw
anzs
djqx
bpdk
dulq
foxy
ccea
ebjr
cukw
dfly
bbmu
dnyo
dnec
alpg
dtwu
dlva
aekn
ceip
fjyz
frki
dqcc
cyox
ezcg
blrx
fisy
cuss
ekhs
ecqm
alcr
fjgt
eoqp
bzuj
coca
bauu
ffmf
aala
eiwe
daix
cfyt
cbjx
efse
bhny
fqhe
bssh
awyo
cnla
eojs
bwyx
aotc
cboc
euge
eylm
ejva
brsq
detp
ceql
fqqr
atso
fbro
dcnb
adeg
fqia
evds
dyen
btio
evfs
exvv
czlt
ekap
coxu
cwvk
flnb
bvno
fqya
cfgq
bmvx
bzyg
dddv
drzf
dbws
dhyl
fdgj
dtuo
dlts
aiad
clmq
brjb
almx
avmg
atms
adbh
ayvd
enpz
boqq
cfaj
dtar
ejdd
datz
fjsz
dmtm
dadj
fnkz
bavy
ctzr
bpzs
dhjr
cjfb
cmlr
dpys
dikp
bkyx
cxpe
bqao
azuk
blfg
bouh
fdxy
cjba
bxaf
fhfp
eduf
cgyd
cebv
fovc
anoo
blod
algm
ehbm
dmto
fcqo
dfpc
axjx
ajgr
aiik
ampa
bkwn
dekx
cwwi
fbop
bdfj
apio
fovq
dpyb
aqfo
fjgy
bnnn
arox
ccse
flqb
daku
ahbw
cibe
dlkz
fevo
dnvu
fibu
etqg
axmc
feeo
dpjq
doeh
fedn
fqbd
cykh
cmbt
cgsc
ebar
bxvp
avsw
cppz
dtqt
cteb
cgtw
bygs
djey
fesv
dodo
eapf
bjqk
dcmr
ehop
cpcc
cdgt
awts
ctgw
dbse
djxp
fqcg
egzo
chzg
awih
dpjf
bdkc
bqes
cvzf
cocu
cnkn
eqtf
awlb
ewxs
acdb
awrg
dkbw
cwgw
eivx
bgyq
bweh
dbxp
efem
aglf
chws
azrs
cxda
fcxp
dgrh
cnjl
atzj
cbzo
coav
eubr
erbj
akvt
famt
ddut
cvks
emkc
cnfo
drjm
esth
dkzd
fbbo
exvp
aunx
auha
eevm
dmbr
adsg
cawx
bonh
bfmy
cjbj
coyz
deay
cmkk
egoq
ayah
ecgj
arba
blqb
ckrd
aldt
dlha
bamg
dbrk
enkg
dqdg
dybn
bcvk
flxx
aghr
awem
dsvt
ecrg
cufb
apwi
ckxs
brxt
ajqw
amtg
elhd
eqlo
adtk
ensl
dexi
arii
cjay
fdkf
efuj
ekei
fjlw
eyrx
azvy
elmt
bfvl
aoev
biqt
btgf
babs
cqgu
abov
cytf
aqez
feok
anln
cpko
frxj
bnrx
deab
ewri
btwb
cuue
dmve
chpb
bkqo
dyda
fpzt
btuk
fdce
ctcz
buiy
agjj
esyx
clpn
aabv
czfd
ejzi
fkib
avss
cczv
circ
fqsj
fnlp
eyvt
abam
ahzf
arye
deim
ekxn
cfoi
btbd
aoto
caor
crtl
bjkt
cbyu
djgw
etmq
cnxg
cztl
dtli
foan
dbdd
dmch
blgd
cwnr
afme
avao
ezwn
bkzf
cbsx
cpft
fqge
daxq
byns
bbsu
cwcn
ckih
diou
baud
amej
bsdv
amsy
aqns
blch
flhh
cfts
czpf
abvp
cxjg
acub
cjvq
cqdz
apsm
elwd
dwqy
cdvc
ecbu
cnvk
csob
czrw
aqgn
eltl
aotg
cwxl
djmv
aecy
fbkx
cgzt
blua
arrj
aebm
blvz
fbvu
eqap
clus
ctne
bjqu
fceo
cunb
ewoi
doct
cneu
ctnt
alsx
bvyp
dhva
adiv
fmbw
akib
agzy
dunx
cdof
ccul
emdg
bzmg
bvcx
avfz
ezxb
cmzh
evab
avbp
dcgv
cqvp
fnfz
eglf
bmmq
ahmn
agai
avnj
cmjy
awpj
atrm
ebxc
cpnt
fbdp
dbwv
fjes
chye
bopv
dgyg
evxg
aeys
bfoi
eowc
dkoo
cmzo
bcyj
fqbs
dths
btqi
clxy
cesc
ebea
entt
bqmt
alpw
flfu
avfs
btup
emri
aabl
cown
elek
aion
cslo
fmjx
bspw
faoa
akmp
elmu
blfe
dozm
apxm
bnpj
elay
akzo
ehwj
ffbz
aysb
agyg
ayti
asra
bpya
bllu
cono
chod
ewiz
ejcd
czkc
bzqp
fbie
dkko
emjz
cths
fbmm
cmua
colk
amyc
frus
fltt
dcio
bcbl
eobj
crso
bzal
dyrk
etsh
dlpq
bkij
egbo
dlkx
fkdr
csal
cljm
eatv
bymp
bffv
bdys
akhl
bwzj
dbya
aduj
bvqj
dslm
ekby
clbz
dlsp
bpcr
bfbu
duce
bakg
bxnf
cjac
bwlf
emdc
acun
ehxn
dpfr
cuzx
cezv
ehdb
caki
aaep
cdoo
fmpw
cbey
epdq
egtw
edbd
ffby
cctb
csmd
akwk
dsee
bkwb
bfll
eedb
dqrs
dotv
evou
enks
enfv
ekak
dajr
covh
dcvr
bocq
avni
fpiw
aidm
ddrm
ffuk
fmmw
chkb
ekeu
dowp
ccsj
dfpe
behg
frwa
fmwz
cgit
bsus
fnng
dhmj
ahya
ccaj
epqk
cyjs
ffmb
bprg
djen
ckvs
cedm
evxf
bivm
apkv
ebti
camq
dhwi
bujk
fole
akou
dbhl
bmcz
dkfp
ffzi
cwfl
bjek
bidj
bbou
ejmp
cphl
biyp
euxz
ejny
flkf
eefe
eyyq
fgvt
bgsw
dbtu
cdkt
clbs
aczv
cadk
eyfs
fbhb
ecwh
bxtf
amdw
dyts
brio
cyvi
abvc
cxut
fjxg
anmn
begi
bwyi
brro
aiuj
cyng
beyn
dtsw
deaq
alnq
btgm
dfjh
fmeq
esvo
emrm
cyyd
eric
fmym
dtwv
cddv
adkq
adhy
cmgy
aipb
bxlf
dzqo
bpsi
anfw
cazq
dvvz
eocs
eglz
eger
boei
apek
clxc
cdio
cqgv
ctbi
cvme
epsq
aysn
aiyd
dmtw
ajit
epca
bwys
cdld
ejzr
ezma
csum
bkpc
brlu
fatn
aqlj
aqcp
cqxv
exjs
djpk
dhpj
fpyg
bsvk
fbde
bcad
damp
dqwj
atqu
bebk
fcwx
dgsx
dftc
eehi
fghu
dixd
fboe
bwxo
fniy
ffnu
ewjn
cugf
eboq
ciql
bkes
efgg
fcln
eolm
clul
aprg
aryt
anng
clkt
adnl
eewx
cggv
cqsi
cvpe
dvzi
axaq
algt
delc
aynt
cnqn
bohu
djjl
alzn
czfi
ekzh
bbwk
acqh
chqc
crfn
djit
bobu
aniw
beab
bdnr
dxbx
eazb
asxz
ecgg
dchg
feid
auor
apht
dass
aclu
byox
bool
ddeu
cfba
dpmj
ddpd
fdvm
buwm
bbhz
cenv
fagu
bgqw
cgxg
fcll
fllk
etjg
aqqd
azbi
eeln
adui
cepi
daaj
cagq
fcmm
bzlj
ahsx
bcjk
dsaz
ddax
acdx
aeud
bsfa
emns
edkl
cbls
dshl
ciud
aycd
dndl
bgpw
fmno
ebdw
aupf
caqh
buai
einn
cdne
bfje
cgfp
fhof
cbbx
frgw
bedd
disl
cbsc
bdgj
ceay
fige
acus
bcew
avgz
fkpb
doij
bmbd
bvfq
fqzf
eyav
adis
eobc
dymu
abbp
fldj
bzik
dxcq
ecgv
cvgd
bpls
bxpe
bdle
chll
cnrs
fpry
bivy
afqw
cwyu
dllf
cvfv
bzip
ampg
ehrk
empo
dxxu
bxjr
dvgh
cefw
bbqp
dgqn
acfd
aknr
anqx
cdur
fccp
azgy
cieh
aesz
bwhw
duul
fnij
asyv
efnb
fodw
frwp
cnfp
anzi
btkd
anhl
aycy
fovr
ekhp
czld
dyab
btat
bwfm
cmry
cypl
clsv
ckal
bpye
enqt
cpuw
dwie
duum
bhya
aogs
cmbe
brvd
aiya
dbxa
fbmj
dzym
fkwk
egby
dppj
dwge
cnxp
euek
fhqy
amdo
axgz
fglt
dwqv
eqhn
dujl
askq
bsja
efzd
ernu
evkk
ehjl
cxxc
cpbb
cfqx
edyq
esfy
cdbe
dwdl
akmb
eznj
aqwl
fgir
deiv
fcjw
ehet
emgt
eluh
eemx
amtb
bxme
dbev
fnfh
eatk
dsyc
bqew
awbw
cpkw
crmv
coyq
arys
dsbn
ensc
dnye
cnnd
cjce
byxy
erkh
forf
adha
bapn
bpqa
cfok
dyrz
apxd
czqc
ejug
bvfd
dksz
cfpu
bjsj
fmkv
ewxx
bbzp
enaq
drbk
aqrd
feus
eefd
cveh
auej
ecwg
aikl
ejci
fkvo
brdf
fpcw
ahlb
fdvv
ctfl
dmxy
elvs
awxo
cjht
dmqc
awnx
dsai
ekkm
bkyd
cutt
auna
eulb
cbaa
cjrl
clji
atsi
axiq
diku
bald
eaxv
cyhr
fqpu
clkm
bobm
fehn
bnbm
esmu
bbms
ekpm
ateu
fhdr
eybj
apwz
adbf
dber
dkpo
bslm
eqhz
eary
cugo
erzr
cect
cwlz
etux
dmgs
ekfy
bftm
dvcw
apbv
bxyk
ciic
axex
dygc
ctrf
akbu
aeuy
exfp
ajfw
erip
cltg
ebxl
bkya
eydy
emwz
clfn
eceo
eczi
byvn
ckfw
abpf
fdzj
ammf
eanz
ebdb
egjg
csyr
bgwx
eqla
chlb
evlx
adsa
frjp
aant
flly
fqbn
eldc
egrw
dlxm
ddwv
ffju
cjfa
dmsa
djef
fiyt
afek
dbmo
boto
dkqx
eivn
bmxq
doxp
btgj
bkmt
dnel
camd
cxdh
fata
dzgq
aejj
eshy
aghn
dfvn
azmp
avrz
dhjq
angy
dgdg
coko
clln
cwvj
dqcz
egea
fqez
cnyg
fksp
espr
dtpa
efme
azmk
dskz
dhoq
fkrj
eddj
doto
doqw
enpi
cnzl
abgo
emyn
eqhe
cqbs
clkk
arav
bhpq
fnvs
egeb
badp
blqq
civs
cayj
aplh
awxh
ayhy
byzs
cztf
bvmb
eoco
akgz
cbrw
aqwn
apnl
aiyo
ewpy
cdpc
avjz
cqrk
ajxu
akyp
dyqs
fivi
anor
engt
fbka
frcc
bxuw
fcij
dfkm
atbh
clbd
cevj
fnnq
cntn
cavd
eqbx
drxi
blcz
dupu
byjb
cdrp
dtau
dzfp
fixv
avlf
dzml
ciwz
erke
ddjx
dvth
actz
ddip
ddhw
fnpx
anix
fped
axsw
faoc
apcj
ckzs
aesu
cswy
bnxv
cush
evet
escb
ecow
ewyx
dxli
eqko
dehy
bugz
dqep
ehuq
bcyy
catj
alza
flct
bkpf
bxpr
dgxh
aqss
aaze
esdj
atpi
adgv
dqzv
ctmv
ckfu
dfjd
eufb
ahxw
dtyv
cdzr
alaw
erpx
axtt
eond
asfu
bono
ddrr
fdzq
crmb
ezxs
ffcw
coir
faxq
evqc
ecmw
fnlk
dbvj
aefe
cnlw
bstf
fetc
aqxi
fgyh
fqov
cwkh
awpd
choy
fczn
afte
ahrq
bqzz
djhz
cdtk
dfxx
atsp
eidj
ciaw
aqko
awdi
cnmz
abut
cqbd
fbmr
dhub
esxl
dscw
bhfl
ehis
aimk
chus
ehzn
egsw
eygv
brmq
dhhl
dfov
aguh
bklb
fetx
croj
alom
ajlp
epxl
dfhr
bgkz
ctfy
ensx
bkvc
dkgv
exnd
ckkf
fmht
bnmw
dhip
eead
ctaz
eecf
elrn
chjb
cnhz
cgjx
eoal
eenl
aegn
bpil
bgdm
doxa
daiv
dzhd
fckz
cxev
dtgg
dhhw
aotk
dwlw
cear
ecxo
fhgz
apsc
dqfj
fqje
ewzz
btdo
cmxw
ckgl
ewkj
ajhb
cxty
aocl
cpyx
aeyo
cyww
ckec
deyj
fiwa
bdof
fgwb
eiax
exkm
euew
fazs
dnpj
domf
eszc
afia
dvwk
aqdy
dmfa
cysp
bbrh
cvtp
ctmh
bozt
aoki
ejsz
fger
bmgs
bxyy
bkjh
eqcr
cvgy
dnjn
cwfz
cdrq
cvnz
fisx
dnqj
bqyd
blep
bvxm
ekpv
cbwk
cpew
dqhj
drxw
eale
dsxc
dgyc
bfor
craf
foqd
dflc
czbq
amwv
fqls
djvf
dpvy
ewto
cttd
cpzt
eedn
bvtu
evya
cgjg
dzls
bgzg
feop
demi
bqcq
duxr
awjb
cjom
atnx
eioo
cavs
cgnw
cbjj
cret
fkbf
bpcp
abfh
dahd
bbuw
ezxr
dboj
exbt
fjbr
cnkg
bhhz
fhio
fleu
aysj
asnx
dmtc
adib
flqo
copj
dejy
adsq
canh
blfi
frxh
bagi
ewac
cwkz
etjp
alfd
emrl
ewbt
dspo
atle
abdg
ekwq
dspc
ewxl
fpqk
cflt
cfbz
bbgp
dqda
axzr
aoir
audd
fgnr
cmam
atyy
ayiv
bpyl
eeoy
avbo
abji
fdcg
dvuq
aqds
bdsr
dolm
azme
czic
bpxg
ffce
apmw
ddfz
carc
boft
clrh
dndz
fcps
asnq
dhee
bvqc
fquy
cxno
euic
bwiw
ecqu
calk
dssx
dtgs
chyt
djya
bffb
akaq
cagj
dymk
brrg
exqj
dyhr
aoem
baeg
bbfc
bzxw
bnhb
btcv
dyvt
cftk
eiwh
bixw
daoh
aivj
fqrm
bdqm
fpkz
bzrc
dscj
dldo
anlt
fapc
dphe
eouh
bjne
dnlm
cbzy
auqv
fnae
dsrr
ermw
foik
fksa
ezrf
cgfj
agqk
fowa
efui
dogd
cjtf
bsva
almf
cgeh
ersh
ajgf
bvgr
fqbj
asdq
efft
frkp
anwn
ewft
ddhr
cqnj
cfmd
bdoc
axnp
amdj
dykt
epmz
axzf
cgeo
aycf
bscg
dpjk
fpgf
ccnx
awct
cuyj
fast
baze
dfvk
cyvp
dpvh
cfie
cjgy
ayou
dkrg
bzvl
fbvt
dhom
bmkh
bnil
avzw
eqho
brsj
efff
alau
bsyr
dioj
bvhl
atix
crwc
aone
dqoi
aayw
egfn
bxai
farx
cucu
bdxa
fdpp
dobv
dqtk
ddpu
bksa
fdon
aotq
bzuz
bomd
ckgf
fahw
ebcd
esof
axyf
dqdp
bduy
brqp
cfln
faqo
abuw
entk
cpvj
ehyw
bowu
aygl
cohs
fadf
ajrs
ebyg
chwy
dzlj
cbqv
arcq
fiew
clbq
awqw
dbze
bbvg
egba
fqlk
fllb
dvws
fkww
cqhm
djpm
clax
ertk
dega
etqp
cvcg
apbi
dboi
bkdl
dwvl
foga
dcgz
aeeo
egum
eyqx
ashn
fadz
aeeu
badc
ctlt
czil
azzj
djie
djiy
fibc
bcza
chxa
cksy
byvx
atlc
eaby
dwws
ackj
dkyl
dswm
fddt
cygf
bqzn
fhek
dkph
cdlp
bqmw
cqka
dwks
cyqe
abtt
fkrk
bauc
falz
dmui
eqqy
dgkd
aeig
erhf
aluw
btxc
aiuy
caus
beiv
cnka
auzb
efyu
bpgq
aoph
aqpd
blbf
fmoe
fcux
eckw
essh
elgd
aocx
avjd
aoul
akwn
erjp
amij
daep
asir
ebcb
ccjq
dkos
dgzr
acbf
bcqy
beov
dlwm
bdil
ephc
bjrj
dghz
evtp
foub
devr
cplm
cgsw
bgll
asxr
doxi
cfaw
ehqs
apww
byvy
aaji
andq
aubv
eads
dskn
ehci
buuk
dnka
dfjy
enug
cysv
enoi
foto
bkmh
bdoe
empa
ejno
eqxz
bweo
fnsx
ahzl
bhgb
eoul
ffje
bzaw
egsa
dgtw
awwo
axsu
aqui
biev
eacd
bglb
cdix
bvbe
clri
alaf
aywi
ekvw
cyzt
ejrb
azeb
bldh
elia
aozu
fnee
cvkj
flyj
bhrl
aoxn
evun
cjfr
ekaa
chgb
ccnv
cvur
dlhx
dwpy
etjf
fhdq
eair
fdpf
ctfv
cetf
bfmt
fokq
bgnz
cegf
dwhp
akei
ceae
bwck
celo
eqch
anxs
brzx
esud
cimf
bpiq
cksl
cyfm
askl
beby
ctuw
eact
bzgw
alsb
cwwc
cyuf
cwyc
dkmi
eyul
fhdg
erjj
exew
dptw
dcwd
aznd
dghm
bwoi
bucz
carl
dyev
cxnv
ecdx
cdgh
arrk
blbm
ecrc
esme
anni
ffti
eske
ejoy
axzz
ebdp
aliz
dbrw
bczn
fetl
dndi
ayfa
dnkn
ddog
dbsd
bxqz
chae
bggy
faig
ffjz
bmbn
cofc
fjjk
fdkt
epyj
ecmm
bwxf
cvze
fhih
enzw
eerv
fadm
bzbi
cuuh
curt
aswu
eqpc
acsi
fdyn
bhrz
dawx
fpho
ennk
dmtj
fbvz
fmzf
dpfo
ajsl
cqfb
beyk
bubx
dpes
crlt
bxyg
aolb
dqta
dbbf
cjqk
czed
dnkm
aoyt
drmv
dvql
bham
baoj
ahjd
drpu
etfj
blny
alrw
fmuv
dljh
bvjc
bjao
dkzr
askh
dnhx
bsea
cfid
fhau
frdw
eyyd
ewgc
dutr
foao
bzff
flic
adjq
fezk
edct
aqsg
bilh
bfjc
alui
byhj
cgyy
ekoe
dwdq
ewce
cbju
esbs
adpc
disc
dsgj
bjbi
almq
bujh
cnho
dcwg
bzas
asem
bbva
crbs
alrc
bljg
agez
epxb
ffpn
fraz
ffdi
dvir
fivl
cfea
cjtj
brch
cuyk
aljf
acto
asjr
cqgz
evjd
dxry
buya
bztq
emmt
ckjz
bfwg
domb
bklj
cwka
ctvc
cvnn
dtmn
cxif
dpfd
cuit
eymi
dljv
alwa
dhyq
bwqj
avhc
frci
eeae
efnr
dmdu
bixp
arwu
bjpe
dtuc
fgzo
cvoa
dgye
cmtq
axjl
csei
eoiu
aiff
fmni
bdgx
efqd
fgmx
dqyn
fefk
ardc
cqyy
feje
akrz
fobx
bype
fpmr
cuhb
auhz
cxxx
azyr
ermo
agsx
adpq
dfbw
asio
cgtz
dcvx
cwxi
cagp
excf
einw
cvju
exuo
ddug
agyy
bezc
feaz
ahfg
cnpu
cyos
dkjg
ckqe
dsns
dijz
bsdw
ekkx
ehaq
ehep
dplz
fnif
ddmh
ctik
coos
ccxx
cdtf
aijm
avks
faha
abok
beqn
csqp
aheg
ablq
arew
ezcr
ekou
agjd
ersi
bybk
cxeh
bins
ezve
ajon
axgl
dnwz
fpbi
cpwe
ahsz
bitc
ciuh
azml
dbat
boaz
crrd
cmeo
evtc
ebnc
aqhe
ergj
egmh
eupx
btof
ehyy
ddjm
cato
clfq
bbco
fewa
cyqp
ewjx
ejmu
dfal
eugo
bcbd
dwag
fffi
etgt
foth
blnn
cykv
avxu
dhlj
eixg
awhw
cluj
bkfl
arbi
dozj
akdr
burr
dcwa
begb
fgbf
fhfz
abxb
ffbj
dsxq
cpzm
brtd
awtk
dekf
ffrh
ccrk
bcpy
erkr
dluf
dfqz
bshw
ckkp
bvnd
bzjz
alth
ddbr
fouf
brks
dfev
ebnw
czsn
bfhk
enyg
ddgy
dhfz
dkih
fliv
deln
cizr
cxdo
bdcd
ejun
dsrc
dnfn
aaah
bnkp
cvbi
bhsc
evux
bwer
cgbj
ajsj
fmru
aiwe
bxla
bnmb
euqr
fefx
cwiy
dbpo
brdq
exhb
dmjo
cnca
dgmw
dluy
dufp
ckum
djlf
bfbc
dbbe
fhia
fpih
epmn
adbo
boeo
dyux
cger
ejjt
csrd
akff
faky
bilj
eswn
anbd
eaim
atpq
fghe
cvni
deut
cmfs
bgec
dhmf
cbwm
dwzg
cvqu
buyx
aurk
azdi
dytl
enke
aamy
cghp
exgk
fptp
avug
fptd
biys
ekrq
foyc
fjuo
dvim
bbcq
fgvz
cjhb
cvhb
cumh
avvu
fjpu
anpg
crvc
dkmr
agrq
baaz
dplo
cwbj
biiw
cpmv
exes
enhp
bzbv
eeuz
efxu
dbvk
defl
cbxq
bcxu
cuzu
athm
dzyg
aarz
dtzz
aafa
czfo
diuu
fitr
fqvp
cdwe
bcnm
bqgi
azvj
dvlx
eztz
ewsf
ewia
fqdi
czvw
cgyk
ciae
ddzb
eiul
bvju
bpsp
bvrb
fdmv
ewtu
bxmb
fgxx
ctze
bzwy
euye
civw
fqww
diym
doev
cixt
fjum
cffs
arzo
ajqn
acig
aann
euks
ejdo
dkyi
ayhf
bwbs
cmud
csvr
czgp
cldb
dvaw
cudz
bmhy
bbnt
eupr
dwxb
cltq
aesn
dbkd
arhf
cxqn
cqod
djfu
abdc
danz
ekhm
apvh
dxjo
fczl
awzf
fhvj
copf
bfuq
esxy
ehxd
ffif
egly
bbdw
bwfr
anvg
bozd
bzgd
dlgb
focf
cway
eyee
flzq
aidx
eqlt
awba
bnaq
aqfl
eydv
bmtx
dksq
bugn
bxfk
eppb
bdms
auex
aktw
epqp
elno
cazd
avcb
bdia
corv
ezwb
bejv
avxr
ckbf
evch
bppq
cvej
cdyu
aacu
ddjo
etnd
eexd
bwyz
egav
cwiv
esza
ehik
ezwe
dcco
asbf
alpf
csqc
efeg
buos
brbo
clzr
eoxb
dfnv
daho
ccbk
dfsx
cygd
dcfj
dckc
dhms
behp
dsoy
bkyf
cird
cjdm
awlk
efze
etsj
enxf
cpwj
cxdc
fizl
elrx
dbxc
cvzr
auwc
aazr
fnsw
dykb
bzmk
dkpm
fklx
cjsd
fkuk
fatd
dgng
dpoj
cyot
ajzn
efnw
bdtq
fcbr
bvsd
euqz
bxde
dasz
aylk
fnfk
fhqp
dawj
bscq
arhz
fcyp
eydd
epfv
aecm
dfyp
ehwf
bfki
drdy
bupq
ajlu
bqmc
bvxx
emmr
fbqg
bksy
fiwu
bsut
ejpg
atgn
duag
efgf
ffki
cdhg
bkjq
ejet
beas
dcbm
fpva
enpg
dhwr
cggw
etfl
dtby
avwv
beiz
ekni
fafa
ekbp
dfwr
afwu
cpgs
cbhy
fenw
aiwq
anik
dnnl
adgq
aulr
dadc
dezn
cwfi
blkq
cpmu
atdh
aqts
fiii
alrx
dgsk
edop
fguf
cvqy
bvnz
fmfr
dtxh
bqvc
cplz
esdh
bkac
ebbj
efxc
eakd
eeyd
eleh
bkyj
dvue
dvkr
brya
exis
fqrq
akbm
dibd
brad
cqid
armh
dlec
dlfe
ceaf
bnma
dbbw
cggx
exag
azmj
arsg
dcia
dbbp
ctut
bheu
aymb
dfxv
drlw
apqx
bymq
bsvf
cmyz
dzpw
aqgu
evcs
bvox
bqeb
cefd
dhia
eikr
efkp
dpws
ayts
bqkf
efzs
eczk
bplj
acbx
crps
eeov
cqxa
fqvd
cxyn
achg
coec
enhh
dyuh
aixw
bvdg
efrk
atjn
cbmh
atlx
eboz
dkdg
ermr
dmkm
ekhz
ddmc
crdq
cyvw
esyq
ahuu
blft
bprh
cyiz
dvdn
bukm
cohm
eqkf
dgur
anyx
augr
ckha
etnb
aygc
btkx
bzpb
ffkx
essd
eosa
axnf
chtx
fkmg
bgze
cnsy
ehfl
eprm
cqoo
afiq
bhtq
aqeo
fmdm
dgyf
fdrb
creh
dbbl
bydu
axpp
akmy
fomt
ekyd
cpnx
eokl
bzmr
cqrc
aztg
clad
cjdn
efdu
abot
fdpy
awso
etie
cuch
aykw
egvi
avls
byul
dsng
alcb
dicq
fhnl
dkyg
cczp
bmlu
dwbk
fkkp
emno
cgvv
cgof
fcgn
blrb
fehy
eizx
abel
fbmh
asxg
eyxi
cjoq
esga
akxr
etuo
eeng
anud
dwxm
dfby
bmae
bbcl
aesg
dndv
dbfv
dtvs
bqfw
aaxa
faap
dntx
elkc
atkx
andm
azqb
cpbn
ehpt
chwx
atbn
fbms
fcwt
fmzy
cflz
bfha
ecrt
esab
ckfb
exep
dzer
cwhp
czvl
cnzq
ehqw
ebxx
cwxq
cvdf
cbop
cdbu
dmph
ealy
bzzm
ffrb
foyo
bjrx
cuia
aoxx
dqsr
euce
cjtm
bjqo
bvjs
ckzx
cseb
fqhw
avtc
bguj
aqwy
biwf
aqyo
bupr
cbva
agzk
dyzu
ebrv
esff
aljd
felp
dkle
dgbb
ezmg
fgbt
fjoe
fhny
fnqt
fgwi
dajo
fhpj
djpp
azno
cgpi
cvbu
crkz
cypr
dttp
bdzb
dfyt
ffyo
cyqc
dhjv
elfa
bdur
fcpj
crzb
bhxu
abyq
aces
cors
bbtx
dsec
baap
enbi
aebd
axmr
aljv
fbzd
bbag
adma
bjxl
evzl
aghu
fljz
bcuc
eqhj
ecvq
frxf
bkmg
exaz
drhq
awka
dqsu
ezpt
amfv
bifw
ders
cfli
eyrm
ewgx
bhqp
bgns
cjhd
coam
bhyp
ctzl
bxzy
apew
ayni
ezqj
bkkq
bphg
apua
ebha
chsz
avwe
fnjo
ecwk
dfrj
fcmt
culm
auwi
bkjk
eqbp
fbed
ccgp
ebxn
bmcw
ehfv
eiga
exee
dywy
fhum
ekts
bqsi
ewcx
dyno
bzvk
aozm
ddrq
ehey
ahxt
bpww
aeev
fmir
blty
dkrw
bkxg
avlr
bpgs
bwld
fkgn
bdon
abqz
ajhw
chwp
dgbs
fgtd
eixw
buhk
dkkg
flwn
bxga
cmox
duls
eodf
cnea
dynz
bdxc
foqe
cbvs
bfyr
dfou
drxt
auas
dhqy
drzj
erva
ccyi
fgca
fqnv
cxla
ejyz
amkq
cxyx
bntk
fmwm
arri
bahk
ergm
alkb
dthv
ahir
ferg
ewtg
fpbk
czbo
ewqi
bwcn
dohg
dovb
dkfs
ddbk
acrj
beec
crxl
bsgj
draj
bsvr
eobo
fnmb
enms
cogr
asax
dorh
dvio
fdap
fidb
cjwt
drac
attb
armf
adhv
dxpk
enwb
doyr
dwxi
ewuv
ccsg
chum
arml
bjgg
bzux
fnvb
afdo
cbhg
djxz
dvac
fiqw
frjd
cxwc
eszo
dxey
aror
fcwb
dejg
cula
cfwz
bbcd
byzh
cdmy
dhkt
frac
bqnx
fiih
espt
dfft
ammg
bovl
axxs
ctyn
canf
efbo
epfh
dwym
dzos
elns
ebcu
aanw
bvus
aurc
ewen
dymm
fkwn
agop
awyw
bmde
akld
dzoc
anfm
cjlx
dtzy
ddnt
eojp
ahal
bnkd
byfg
cgyc
akdn
dsnf
bzig
atdn
bcdj
ergy
aeur
bkts
fluu
fqfb
alex
adxs
bggf
fqli
edrh
azun
eknp
elnu
bogc
anxz
aqvd
ckff
ehzu
fmaa
azgc
evca
dvla
dkds
eteh
cobi
dnzd
bnmk
evba
fqny
eocv
dbsv
fhrg
efat
aaei
amon
etee
ettk
cuyl
djcl
fqwj
ebdh
dlvz
cfdk
avwh
euxf
aszj
fflj
asgp
ckkj
bgct
axhx
azza
edvy
argp
dzaw
cjaq
dumg
eepc
akwq
antv
elir
bzlp
arqp
ezvs
bskc
cmfl
ebkb
bueq
bcdv
fiqv
fogv
aicu
cdll
bevb
cmni
fhir
blcv
csmr
dscq
ctnj
dqzq
dxdo
colh
ctrt
bcrd
exhw
briv
caao
arkc
ccha
dccc
alzj
ehay
catt
cqbw
exab
ekxu
bwrg
cimb
aaso
cwda
enbv
bupu
drsz
dvcc
ebet
evbp
dlcb
btdx
bfib
anxk
ekct
cfwt
cxob
farv
eryr
fjvo
abax
egva
dyrv
fhri
akws
bkqj
ashz
faoj
ekfg
cigc
dxcp
cwin
apkh
axgt
bifk
dhuj
drrt
engw
fgrd
ette
decr
elue
difm
cjmg
bewo
aoxu
ezpm
dokm
ebbs
bhpv
bchz
bhlb
afbt
clwa
fkzv
cwhz
eolo
epac
bnwx
cotj
cgbu
dals
bahu
alcy
bpbq
aefa
beli
dqph
abkx
dlzt
afra
cthj
cvcf
ddmx
cjuj
czfw
btht
ebgp
fmnb
aazj
chga
egip
bqly
aocy
falb
cfxa
bqlt
chag
ajqu
ffhl
dskp
etyk
fdls
byhy
elwb
adue
atud
drhf
bxyn
dabp
bfqu
ehic
bywp
cibp
ffdh
foei
fjre
dnde
bqze
demq
bvbx
ahyo
evaw
dhmo
dcce
chdj
binq
fqvw
atmj
dtqb
bhic
cqox
cduc
btzo
becu
dklj
acap
cnrg
bwec
dsoa
brew
afjm
cfuz
esox
ajpw
cqvw
auqy
cjgr
amnh
ecrm
dfjg
dtcy
bmct
azwz
dydg
djae
ekam
cklc
cdrm
erlo
blln
cjwe
anus
bkbk
bioj
eplw
aapa
ewzk
eolb
blio
czea
drmi
asgv
edyg
bago
bffq
abud
ddzo
ezth
bepk
caen
bkdp
bwty
bfpj
dpde
byvp
brht
fmjm
bgei
avmp
fknr
ctxf
cqls
arol
fali
bmbf
ajlx
dlmm
awsw
fewk
fnjj
crvz
feyo
dulw
afvi
duer
aead
fnsr
apsg
bdaz
euqk
bszu
famq
dvok
cuxj
cbkh
bjgj
bkoy
ezlf
focb
auum
arth
flkq
dxkh
apzk
dpsx
bnun
fmex
eszq
asic
bwmx
cpjw
dkcx
ctyj
enmf
fiar
ajmi
eikd
cdtd
ezlr
elsb
dmmt
bhmc
fkwi
bcog
aywr
eojn
chyy
bidn
dmlh
duse
crml
feeq
byec
elnc
ddxd
efiq
cctm
ezkf
dotd
crdf
fcwl
dfmh
aejs
bqhk
bbxb
flxh
efpw
beus
acqx
bxcu
dyto
eoin
bfvh
cehk
aiuu
fonq
bxyq
alds
dfom
fbmv
fhqj
dyzt
bjfk
cmfh
dlce
fpug
atgu
cicu
fcql
dkrp
bcmp
dgke
bkrz
dgea
cmoc
cshb
enfa
dxgk
eqio
cbfa
bfsv
elwr
caij
fpay
dwqf
admh
awns
dhvm
fimv
bobf
dtkh
cbux
bsjb
eqft
euco
ayja
famf
bbsj
cobr
bpja
czef
bslt
czab
evoq
anux
cpyo
aucm
bttq
aymn
eyfz
aemu
exzx
dkic
clxq
akgn
fgui
beub
edfe
atqt
covv
cyji
cccp
ebzx
attg
cwae
efwk
fnzp
aqfz
ekqq
aryi
ecjr
cafq
fctz
bgbj
dram
fiso
dwnv
fpqx
feog
crom
fquz
caqx
diqe
alea
aaxy
asdm
fpun
clzw
adsr
bike
foxl
bfrh
cukz
eeao
amck
fbqm
bdje
bkfi
axuq
eoib
daxz
djny
czcz
cvsh
eleo
dfpb
abto
fatl
amsj
efve
bwfa
bxuk
dedz
bsig
eukm
amra
bkkr
cdom
beyt
aguo
bjlc
depn
eujd
efan
bhmw
cqpj
akyl
dvke
agep
bfcv
bxxy
dune
epug
aopx
biyb
cljr
drhj
bcqf
envw
adqh
dnrl
fmgm
dqkg
cubg
fbjv
cuds
acka
frxr
cyhn
base
dwtt
bofg
dllv
edhm
dtjj
dqog
fqyj
ezag
cvxm
bnty
bako
fltg
bfex
dtek
dksm
bqyl
cimw
cmqx
bpsf
aolh
bsls
bmmk
fhxc
boeh
bumx
eofs
dtnr
dasv
bvpa
ccvf
dlws
bksq
ffwt
amjn
bfqr
dhif
egbf
djeg
apup
baty
dksh
cytw
fquv
bbta
bezh
cjzb
byyy
fksz
fkqn
fgnt
cpng
dihf
debj
aelm
acod
dcvy
aldf
dufe
clht
btud
amzc
cgdp
btxl
dczc
czzt
fkhf
cxdb
coxp
ezga
cosz
fdee
bcyb
aagc
ebop
eatt
efmv
ctxd
exqw
bsgq
czuy
effn
fkgg
capr
elbv
exou
ctgj
dijy
aglx
cswm
dmal
asme
enkw
edqd
bkgk
ecmf
ezms
dncz
cxwe
cywb
cvcb
crfe
digy
cxku
erka
ckxn
bvyr
eeip
atqh
clfd
emqx
ephf
cxdn
eoxz
fmer
axic
aavy
cueb
bytb
agug
duwb
dfnn
dowm
abbu
fdzd
clna
bpfm
bdee
etku
cnwr
fqop
fgwl
csjr
fchm
dmec
eptu
arrf
fmfh
biuv
aubj
dejh
bllt
fggc
bihq
aeqv
cslk
dvan
dmxk
dqym
ejrz
crna
fpxo
fkmr
blmx
dgfa
cfcf
bdca
cjeh
ehek
esrh
cwth
ashg
bsym
elcx
cqxf
bxxm
fnpo
bgyc
dcjz
btqs
empy
cfxj
fjmr
aeew
cdja
ciia
drqc
bfgt
ayhw
bfhc
ctrr
afuj
bvfb
dqva
bbpu
fnhb
fowr
feip
byma
aenw
dzuc
bebj
apwm
ehas
dsfn
ctfz
awit
ctie
dliz
ddbu
cwvn
csma
agvx
bxnn
cvyd
flrp
etno
fkir
bwqv
clrg
dzxs
cowb
cjtv
eosg
ford
cjqb
epjv
cjlc
bihf
exwv
bqch
dkrm
dbtz
flpd
esqy
bzgr
btal
evhv
bxjy
cexl
bnfz
bpso
eaxy
edeg
dmnx
bitw
avmz
bseo
byux
dvml
bgui
eacw
ewty
avhb
fmxu
aiax
etll
dqlk
cmdt
etaa
cxcj
ekuh
ermy
frwl
awjg
aeyb
etyz
fmst
enjb
apdg
dtlx
afpi
falm
dpcl
chee
dfez
bkob
dvhr
cwmk
evhw
edrd
derm
befd
ezop
bpgb
fgfi
comx
akag
bfrt
enov
chov
evrf
dfmc
beyp
epdx
bcpl
asdp
erpe
eezb
cziz
cuql
ceio
ekdn
bwqi
agcl
covu
chav
egcv
eviz
eljv
adxk
cxva
eqte
cycs
bwuu
dmpy
bhjh
agya
einu
ehzq
btwt
etua
btzn
bwvl
frjl
dwoa
avcn
dolz
awpn
ezbu
ebez
csds
dzdf
aisq
bsnj
fcbh
dlrn
couy
fhxg
bbrf
durk
cprp
coka
fcym
cgjq
ccuz
fosk
ezky
dxgi
esgd
dpgi
dmfq
ceth
dfwi
cnof
brue
dmde
dgbd
eutr
dqxl
fgjm
fqwz
fgvk
evtq
apue
dkzf
cfub
ecui
dtiy
dsoh
cfvx
awjq
cbqq
fmnl
blqr
ffpp
cqtb
flra
diid
aztv
fdff
cbqp
bqik
caqi
bcus
abdt
fcks
eozn
eiwu
ewpi
erww
csfr
dyun
evvb
bauw
aoys
alzi
cjnb
afxa
ammr
dsrq
cupo
eudi
blou
bqaq
cquv
flvx
erqe
eath
bwkz
anwq
aeik
dgnd
ernl
ecjc
bdtz
cuhy
buex
cwej
dast
cweg
cmcv
bpri
fagi
frkt
cumk
euqh
aoxf
froc
asgf
caoh
cbpt
cebf
dxhj
cymu
cyhg
afnw
eejc
bvoe
dfqj
drss
ddvt
agpb
dfqr
fntd
dnxp
aunh
beba
bijn
cfss
bvrm
doma
dbih
cctg
fgrm
dmlw
asbi
cvar
dxox
cpld
ehle
boum
fjbq
brvx
dwlm
ekpp
bqzj
awwz
dkcr
cqqz
autg
asor
byot
evox
cpdz
dshf
dvcv
aqpv
elyf
fbku
eitj
emhg
ewkl
cwbq
afwe
apem
dluc
ehoq
cvvy
aggg
aejy
fmfu
fhdn
chuw
dree
dajy
fhzl
eqna
atvo
dgto
amum
feod
etwu
aeec
cump
bolc
dvel
bsjs
dotx
dgsb
etcb
dolt
azah
astf
eyxa
drnt
ajhk
dury
ctxr
boau
ecnm
eyog
cljy
exrt
doak
ettb
bqou
aqma
bpiy
fpep
bflw
aqpb
ejds
akyq
ddne
duad
cnts
avis
bnrc
avyt
cmkb
bmpp
ffsb
falc
blhk
eufq
bynr
cfaq
cfdm
dyjp
cggd
fdid
fkcm
blls
dfdv
bayk
firn
elrl
exwc
cwuc
eryk
cmdj
bmts
dgdp
ajfx
ffdu
dbbo
fnah
cgqo
awpo
czpm
ewyf
bjmh
asjj
agxc
dlnf
ewxo
aiae
emra
auzr
crfr
esux
eero
cxcl
eety
dxjk
doqb
eflv
cvpl
fncl
agbg
aelq
bjwd
eofg
diyh
cjts
epom
dfts
dapw
dtpc
dcis
dlwd
ekrx
dokp
adta
atet
fhod
clui
cqhh
cjpn
cwcy
fghk
ejkw
dimc
fhuy
buuf
exyf
alrt
edmj
erym
bqqy
dsam
dzli
ddju
cqew
dphq
dywc
dtqa
chml
bicl
dsvi
bixg
dveg
epaj
eukj
aktf
efkr
aaef
abte
bevj
dxsj
diom
btrb
dvcb
dnhp
ejhr
frqp
chhv
catu
cesl
cxpg
dygh
agtd
eyip
csrh
fhbu
cspy
boet
audk
dlmn
emsh
aoap
adnb
dtft
edgb
acbk
boea
axuw
back
cjpk
aybc
cmfq
blht
cykb
fksx
bsgt
cvmm
edmn
auap
frmv
dppo
cslj
ctyo
clid
exer
cabs
cwpr
aujo
ddhy
drav
arut
fnpl
ctxh
dsik
eqro
brwy
apfh
ezsm
clng
asvn
fkba
fntf
bemt
bpel
egnj
dnjg
dsux
ffke
dnrn
dbkl
czva
cmrc
dblw
bwrp
ahew
bnvc
eeyn
caqw
evys
cdsj
aczd
fjwp
eqtu
anxd
biqq
etbu
dlum
dnhy
duxp
ecxy
ccpk
fonu
alre
dvnn
dhhk
fksv
bkif
fmio
flee
fhmq
dhty
ctvw
dxor
avxg
bunl
fmvo
dopt
dqma
dutz
dijv
cufw
adra
excq
bpsh
cqcd
frgv
ayqz
ehyo
dqoo
ddjl
ahkr
fppv
cmeu
cxki
cuxy
dduk
fith
fliy
euos
cchx
aijh
cnpw
bjjz
azwd
axtm
frhl
bswu
fdyt
cxgv
evmi
dwax
faad
czgh
dvch
ewgy
chai
bmgv
cups
aohw
ahvk
akyi
fmxk
faal
attn
abgw
elfe
fekk
fnaj
bssg
etah
evcg
eexl
eiau
fdww
eevq
bnnj
dtmz
egkg
edlm
aaar
avrg
fhjh
emth
aldz
cbdq
bift
crni
cwrq
bkja
cuqw
cnnr
cwoh
afvc
dwhc
acjz
cfbh
fmvj
drua
cmux
eivj
eujz
fczg
ensw
dogj
fbnt
bytw
dxww
cnpx
ciwp
ddyr
cfmp
aqlq
cpow
cuwh
bihm
augn
dctq
dxhy
fdme
bcgc
dtkv
frsv
cwve
artz
drlf
dwol
ebvd
dxpj
csmk
awph
dcgc
csit
bdxt
ebqi
dbru
dqpj
cvjs
cgbe
awfl
dksf
eerh
emzl
faac
edbn
dcqr
bglg
clmf
dzwx
emzo
cgxv
etjw
erwj
fgda
avaj
dcju
dryj
eoqr
atsl
dnlj
cest
fchb
frud
dztz
cbjz
cjzo
fddk
exfz
bmbk
cirz
dasj
btzi
dthb
cvsx
fdko
eqdo
ceby
domq
cjap
fcqe
acwl
fqno
eict
epar
fouo
eeih
fimx
cdeh
esgw
fgbq
fntl
ayoy
ahmu
afnh
blce
dznx
bvny
fosy
ctgl
ebgs
dhyg
dicd
advm
dsrj
eclp
efpt
clgh
frdc
byye
fakm
bkut
ezff
ayzz
elbm
dter
ctjl
amcj
dlft
avlw
bghc
fqkd
egbp
csyn
awkm
clbx
bawu
ccmg
dgcy
bsxk
fpmj
biwk
fkam
bmof
edzj
fjov
cltz
fcme
bnmj
edxs
aorn
ezil
bims
dqzu
bwnf
apnz
dmsm
eahg
bxbl
cslz
bhhl
cbwg
bofw
dqqg
dkup
fdyx
eayc
ezzl
eudq
cbst
asow
ehua
emnx
exkg
djli
bonk
cmmi
boqu
cizh
fnly
avnl
awas
ahaz
crns
czei
acyp
ajzy
ddfj
bnqq
byoq
frdq
bzcx
cfrt
cmne
dxes
ctbl
bcrq
aeir
frtx
dfwh
bjnw
ezkr
bida
csgw
atlt
acpk
btbs
ekfl
duug
agqa
eiyx
fjao
fgqy
agiw
fgfx
dgmb
ezbb
bqdq
bmgu
abxk
fowp
annz
book
fmys
brqt
ckwq
curr
eclt
ewld
bvmr
cpcz
eikl
eyky
ewye
fmoi
dnim
absi
cwul
emsw
cgew
aqvu
fmaj
cdsn
dswl
cggi
blts
bjvc
bukv
anjx
cbjv
bcaw
anmv
ciwn
dpvw
etha
cmby
azpm
aymx
chqq
bsfy
brll
fott
cfyh
dbqe
bhvs
ckak
ecdv
ehnr
elnd
czvg
bgwk
brib
dtlb
diiv
anlm
exdh
ejsv
bstx
emfy
dsfm
eqdh
fcuw
bqkx
chhf
dqgt
byhm
frkd
exjo
envr
cltf
adym
cuyf
ffhx
evng
aney
feth
akra
abhd
ctyk
fbnk
dgnj
chxb
cgrp
byna
bieu
dqoy
aoww
aqlw
feox
fdpu
fmhm
bugl
ambh
ezhy
bban
dxaz
aumr
fbhk
dlam
chrt
dcwc
clra
ceja
duqi
brrr
dyzm
czii
dgxf
dplf
dyzy
fmzo
filp
adcd
dzsp
dnrg
dwll
ennd
achz
bwmk
dzth
egcr
ccnm
bdfk
cdmz
dpth
dqir
eqdn
ejrt
cwtb
cpzc
datb
cees
beet
eozm
bbfs
akon
dpxb
ddqk
elnk
cred
ddmd
bwkl
dzsw
eiin
aycw
cvlm
byke
afgu
ebhq
faxv
dlpt
antu
ekvt
drke
elxr
eqid
ewrb
cffg
brif
flbg
ervk
dfkj
ahns
bloh
clii
ciar
ejdr
ciob
eceg
ddie
erzj
enca
dyai
dpwy
exme
ehno
cjms
bamz
brjp
fdcl
fkqp
cowd
cbrs
bade
chjh
bsys
auwd
eqru
fjof
dkvz
cmmp
fnbk
cqzl
bdbo
enjq
eeps
coig
acpn
fmqb
crao
fbgh
adtu
ccfk
eftj
bvje
bgey
dtju
btbl
dofg
epzi
amcc
fktn
czip
eesc
ejgt
euqj
dkot
eqne
fizb
bzbx
adyp
chwk
djoz
bqkk
dytw
bxgv
bpgo
dkbn
cfqe
byat
elpc
cnmu
dtnx
edua
bklf
flwk
axvc
eebw
brxl
eoen
fdgv
eqph
clyg
efmg
drtw
ctic
akuy
czss
byem
bgiv
berg
bwen
bwpf
dsrx
bzlf
bncb
dmrk
ccup
dteh
ayxj
edtq
egmd
bbzd
dvlw
fpmc
flkr
bcmn
dvwg
dlgc
fdor
enzm
eeow
bcqx
aieb
cesz
dgeb
cons
bckl
exrj
accd
bdtl
bbqt
aizv
dypz
afgq
drqa
didk
cnke
fpzq
adxr
dsmv
ehzr
biry
eikw
bblc
bnlr
dqmx
bcrn
eugj
cqbr
dxjh
ezld
clmg
eqii
dbwu
ezxy
cdhc
fiqx
bioa
dpzg
aywz
flyr
bknh
bfox
ecum
bvnt
dseg
dkcw
cpev
czpb
ccem
fatm
fexq
cnkh
efjj
edqv
debe
dqsy
fnaz
dksw
bzsg
fqzw
emfs
bqzi
fgee
cwuh
bcaa
ailj
bwsx
bfgm
dyqh
bcpu
aqfq
ajkc
embc
czqu
eqzy
dktz
fndz
cfzx
cbth
axgk
edrp
ctgb
aguq
aevv
cpxe
arfw
cucm
bgwf
fdcs
dacj
btxu
dswi
aksx
bfkt
bpda
conl
edzm
akfr
ffja
eqir
eeyh
cehx
bgls
cfsb
dvmv
dwnb
bsrc
bujc
asxo
bkgt
bhgg
dxnp
bhpu
dscy
bqct
emcj
boyl
eszu
famo
casq
fkio
dyvh
byxa
babu
aqtz
dhme
acho
dwbb
dpzr
bpkn
acgr
fpyi
amgk
dgzo
fewv
cnkt
btdv
bohp
bhjv
aqic
favc
duyw
epey
eixx
asgx
cjqg
eljg
fhzn
ehcr
dvqj
exrc
bylo
bnci
dibp
ezwa
czna
ajff
fevq
dunn
ahjk
eaez
dgqt
bdcu
cagc
dytk
dkxx
akvn
bihk
ckvt
bbzq
cgxr
bzqx
atkf
eyug
bzqd
avvz
elbs
bnng
fpaf
ario
atza
dfgk
dxrn
bhgf
dyks
amrn
akyh
dvge
cofj
egxh
eftk
bgca
bgdf
bgxc
dxbg
flpl
cdxm
ctlc
fgxf
efbz
aoea
bhhr
dwhj
dfvb
ehfq
ejrd
edlk
cerj
azso
cjqy
bhaf
dzhq
czbc
dwhq
afqz
dayg
bfee
fgqb
flrs
fqiv
disu
bbws
ewvz
ajwg
bnqn
cbfi
cfgr
fmow
akql
bbmm
ccqz
dcjy
bsay
fjkj
aapv
dooi
cbdp
fobo
dprq
fhur
epsz
cgyl
fbvw
evlv
fets
alvd
coyx
fokx
dbfi
etej
crfv
bkax
efzc
aidk
doyh
frbl
eqvm
fdwc
aihz
bakz
bnjz
dxqe
dqhk
akjn
dbif
axij
ecrp
ccci
bejw
ezne
bzlt
aczk
ansd
daoa
exsv
dvwh
bbfm
cjbt
dmhl
dyix
brcc
deid
fooc
dghs
drmd
bpez
dmwy
cijv
cvqg
cjnl
aplk
dvle
bkun
afsc
bqhg
ekja
cjew
auhg
fqtf
bfbb
exmo
ctvb
acmo
dsot
cbkd
enps
akpo
akkh
ceha
cccq
bqna
bmsh
amwn
babn
eplx
ajpg
aooa
cabx
cssv
btxp
agek
bnut
esfa
cyei
duvn
bzuy
ekwz
cosg
esio
davi
fnbf
bsyf
czco
cbpu
bqmm
erok
dkjl
bxnb
erov
ahsp
dbro
eicp
bdba
ajjw
dlrq
dvdq
bmfs
cxaq
allg
caru
esvj
ffnr
etwd
akgv
azvt
fblm
cgev
ehus
cege
dfcs
bzah
bfay
dntr
dxxd
dhov
djqq
cplu
aznf
bgye
etvl
bdfo
askp
duuh
dxae
dris
caaa
cjdo
awqd
bggl
egvh
cnty
dbhc
butv
fkpn
aeso
efqg
dras
flci
emub
dwxc
eiej
fjdl
cygx
eofx
feci
anwa
eful
deyx
aviv
chdo
cylj
aula
awzu
eruq
ajmx
biyd
ciio
fiij
dymq
ajie
dbkb
ehfp
cupy
euvb
ewzh
bkkb
fjxd
emtz
dwyk
ezan
bvkb
fpwt
fqjy
apki
eluk
dewt
auch
azwu
bfgj
azhq
esiw
dzqe
fevj
dujp
eubg
cixq
fauc
dcvb
fcdj
evfn
aale
atkr
dhrf
dunw
bcla
bzfv
ekwe
bnup
cxxt
fqsz
bnkr
egmk
eulr
brug
exmi
dhmq
fcee
dsjy
bduh
ezlq
ayam
axie
fabf
eqbg
fizn
dvfo
duwf
cuze
dbec
ahzs
eccd
chtm
eekj
aypq
cgnu
azed
cbnp
enfl
fpev
ecal
fjmq
bmas
fhec
aspc
akxb
cogc
dvce
cike
buht
frii
ahwi
eyik
estb
aqyn
esao
dnph
clxo
bujy
cvyf
agff
bgpt
dkof
emmj
esgf
aobx
cddx
capj
depg
esgv
ethc
bygy
cllq
ewao
ddlo
eylu
dgjw
fiyb
bsnw
bezx
bzct
bkyt
cuwf
dktn
asvg
auhk
eiqo
afgk
fmon
bmql
akde
awvc
dika
efiy
dalm
cgwz
ceab
dgai
bbwi
bmdt
cjel
etoa
dvov
bibk
eaxd
ahky
dzyl
cmwn
etup
erlr
brbs
aqkb
fqzs
apnj
baks
ephj
ecis
bpmk
aewe
bkdx
aijs
edsf
agsj
egpl
cjed
frqz
dflu
fant
autd
auyz
dlri
bwkp
dlzr
basr
dguk
dpva
fhhr
decb
dznl
fowi
dmat
aubc
ahtv
dggj
bucb
emdv
ffii
aboa
evic
fhfy
evaj
fhin
adyu
fdvc
eots
djqy
bboz
chek
aqpy
akoj
djvw
eobh
ewcn
bhws
ehzp
bnkt
bwrh
caju
bkxs
atue
ctba
cglk
budv
ceov
ajmq
fixy
dxbb
fryc
dsdm
erce
dakl
crmm
aaqz
aazg
bihn
biia
fpur
arqf
bumn
blbd
ffcm
fcgk
dlpu
evsi
bjcb
efbb
aftv
aedl
etrz
eolg
bqsc
atdm
bdxh
cquk
fhze
eoxx
dinz
awlc
bvaj
eovq
armr
ddua
cybu
ctmf
cdzx
cqqd
aigs
ffht
fezb
dppc
cjao
bktc
cjer
eklt
enws
asxs
dvey
bwuj
efcx
ctdq
ayko
fadt
eyrc
fpym
cvkg
cjbh
cehy
ajol
cstp
abrz
bewd
dxzu
avjf
ahhx
dgjf
chkc
cjbf
dcrp
ehzg
bggv
csuo
fhmz
aljq
dita
flza
aapz
foor
bsql
exrp
dkhe
eyuu
aqbu
dsou
djqd
fqwq
bwlz
bapl
edhd
aokl
czin
eyfq
acuh
fblq
bwqs
esqk
cxcx
arlx
foxt
fgpe
cnrj
ablu
fipz
ccao
dgtr
axld
ctdv
aure
awuk
cgbn
dmze
bufx
awec
fmnc
atsk
emyw
fffg
alrj
aizt
btou
bqea
espc
agnc
btre
aqzq
ahov
dyfk
actf
brlb
bxto
cnnm
coba
duzr
fovz
bydg
bmco
eyzr
efca
dggn
cksf
ccho
chmu
fglx
flva
chrp
cuap
evpu
appa
ahtd
elkz
emlt
fbzj
bhkv
cdzk
aeeq
bhay
cppx
cmld
aqba
eeif
azxl
fidz
caip
bcvz
bnzj
cbii
cltc
dnbp
amdr
azlu
armk
annh
diza
exha
bgzm
cvro
badv
diwz
fdvr
erdz
bqof
bflv
eoil
cvrl
cqrh
byuu
eiay
cqho
aajt
bmod
cxzi
freq
ajeo
arhu
ejwq
aenm
ejry
fdjj
deip
cvzh
firt
cend
aajv
bccr
bbgu
epyi
dbnk
cspq
bwfz
ebej
cjrb
bfdv
enqo
ddih
bnhc
bmsl
abki
cqtu
frqb
esjb
cwqf
clhc
fgwq
ampm
acxi
eqbo
bzrs
bzwt
etrh
bpks
fprh
cjic
cyzw
canw
dzzs
dxgv
etox
bjre
fmsx
ffvo
etxi
biii
bspn
adbs
ajlf
egep
akhj
buaa
apbp
eaun
bmxy
egdt
adir
etkr
dltj
awjz
aypg
cudq
fnfx
dfhg
agud
aopz
bbxy
bsuq
azba
aalz
efsn
erlf
dscd
bbez
ecry
beoj
duqh
bbyh
ffcr
azol
chsq
emfc
bskw
bpbc
dxdy
bwlr
ecvv
ccde
btpp
bafm
fppu
azws
eybx
bqjk
bekq
eyji
bdjo
bkon
bvuf
alkt
fjoh
dxhx
eezx
bics
aceo
bnnz
dfdn
ffax
dksd
eiet
buvm
enhs
dzfc
fdqv
dign
bccm
cthm
afin
dslq
caot
abvx
fbmt
fetw
bhrh
amfy
cexs
adrh
dylu
alhk
czxu
dbuf
dlpo
esol
bkcj
feui
cfmi
ctjp
eduk
arkj
ctkr
bmvz
bkjz
aszr
bcxp
ablg
clrl
ezit
fmnp
cmju
auqn
dnkr
cmsl
aslc
cbrj
ebod
bunc
dvfe
eiqk
bxve
bjkl
aklk
ejjd
eipu
dvqy
bxuy
bzwp
cvjn
clsy
fisb
ciez
bgwq
dsig
elvz
bxwh
cicg
egty
bqme
abkl
fqhq
epik
famy
bnic
daqz
bzzu
bzgs
ahgt
akmt
brkq
bsfx
damo
dhao
difc
bjho
fmcw
ekmi
cbpp
aavu
disz
fdwm
dfrt
cydt
dnty
bhpt
bwoz
cuum
eldo
fanj
bmhe
ernt
cjex
akcb
aolx
eyjt
fdth
dhko
bemw
doof
bkzp
bcft
cueo
abfs
exxn
ebkz
dkcl
augk
dpzi
ejjm
flzh
cicb
bwpi
cxzx
cfzu
acnj
egrm
amyy
egac
bupf
fbqu
cvje
awvq
ahmw
agzc
exww
anyd
cqyq
ecof
cicy
cwln
fjby
czxn
dnbg
crtz
cfhn
ejwk
dsyb
cdsw
eevn
eorj
apzz
cgwi
ahau
aelt
dsqc
cstc
dlvs
amak
anxy
aehv
chrz
eubl
akxw
aczh
fedx
eotc
fhxl
cnuc
dcao
ayuz
cteu
ffik
cinb
fqog
dvsy
eazo
ehco
bebh
cohq
eiak
amlb
bnbk
azzq
culs
dbtl
cabv
akmv
erth
cegg
anhp
eqge
bdsc
avjg
dkkh
fljy
ckjy
cspk
akqd
eiwi
dkey
cqnp
eioe
cyyg
flcj
fqty
bdpi
dyjd
abdn
erln
dndw
ejks
bjfq
cgqd
cjpe
durn
dxbq
dyhz
anlg
dema
fidv
fiwg
ajfq
bimp
cbec
fmje
fqik
acuu
dmxu
fcxr
delv
eviu
bcso
ecbw
armb
cfav
egry
byfn
bbnl
asuw
elsc
cxsm
bjge
bhbn
aqjq
eula
bewv
asbh
bmkf
cnkq
cawk
clpu
azvs
ejgz
bzem
crvl
euwl
aklm
dmvh
fero
begm
ciee
ahfy
apbk
atbk
fbhj
caau
ciqr
daqe
asry
eohx
bdkx
drap
buut
aylq
cqoh
dsia
dryy
erfv
cfvw
drfx
fiqu
alcx
dado
epmr
dgfi
fbuu
amar
erts
ajei
dzms
bnag
cuod
crfw
arjt
cipd
fivz
chiw
ffrl
ejbr
fgkw
awed
daii
aqtq
etsf
cxbs
dtav
eouy
ddte
aoyd
eqma
bczs
aybu
flhs
dgkr
bkxq
dgbn
ahqp
bxrk
bbtj
cuju
crxj
dsix
bgxv
dnhv
eyzv
bucy
dyop
fluw
ffgq
fnez
aqsf
fqso
cxmh
dwqm
aawy
aumi
cetm
cmet
dxuu
azgm
ckdb
ahlk
cymg
ettt
czpi
eahu
cdpf
cwhl
czga
czus
eqod
ainx
emig
anzm
dzew
ajvq
byvm
faxs
dsbw
ayfl
berx
bjjn
dtvw
ehyu
aovt
amty
beyd
cwlt
avuu
bura
btju
ddic
fjip
cona
eatm
dbib
brpe
eefy
cwzn
epkd
dvqb
emvy
cerg
edup
akxc
effk
dmuq
crwa
bepi
bsvm
drvp
ccqm
fcns
dztr
dewx
fefa
ajxd
bqrq
cwpo
fdzy
ekgs
ecdt
fark
dndd
eoeb
ajth
bpfr
arxv
dlob
aeop
chif
acqr
atuj
chnh
boir
anbk
fcpp
crmy
dusr
amgj
evol
caap
fftc
cbvq
bluh
eyra
burd
btil
cniw
fmwj
bred
cfjx
bphd
bmna
fnqa
celt
ckmw
cpsl
dzuq
brxu
aotl
dckf
bzhq
dalk
cpwb
beih
eyaq
ekea
ejdg
fnsc
cblv
ezut
bbtn
bsih
dnnc
efwm
fksr
dvvu
arpj
amvw
ewdr
edmx
brfr
chhs
ajuj
blfr
cmje
egjf
akbk
cidx
boks
ache
aoqh
axos
ciwf
fdpk
dges
andt
btkk
chhd
bwtl
akdv
einr
bxsr
axjh
fbeb
erps
fgzd
foyy
fqfi
bobr
cqjr
bhfx
fnbi
bzky
amhf
adzp
bjcy
ernx
cctz
eype
fdix
chbr
asrk
bncn
efqs
avji
enqs
eere
bfhs
dcih
fojp
bqws
cety
cfer
ehfc
axrn
fkub
foza
apfr
chpm
apsw
bwnr
cypa
cntq
ffts
dkwn
eauk
euif
cmxy
bucr
dwzs
cqgo
czue
barv
cjlu
ejcn
exwo
ekzl
cyfp
brww
agpi
ahjb
ekho
cqyo
ewgh
cebc
cvxq
ejfy
ehct
fqtd
clih
acul
asiv
exkn
fnye
bnvm
fcdb
cofl
cpmb
ancb
exmf
ecuy
aaoh
beyo
ahzy
edfr
bzwf
fbwf
czkq
axeh
ahrv
chnu
dxfx
czwz
atmx
ckln
anef
bsee
dxcd
bsyt
dcpv
cpyr
fpwv
crpe
dfuf
ffzt
fnmt
boai
akyr
eueh
ajyd
aiyu
csrm
drdr
egnf
dakn
dryf
bebn
czlc
czqk
ergk
fapy
afsv
ckad
bjzu
bqal
damk
acbh
bahg
bzxm
aidc
cvoh
ajyt
eyne
erfh
doby
dvqk
bolw
dagc
ejfl
eelq
adyi
defw
dkud
dhbb
aaon
fiqd
dogg
cpjr
dibt
ccij
clgl
cjgq
blqa
bwwq
cpfd
alhy
aczo
dhmp
fqjg
easc
dlzx
acyr
cqvv
evjg
avza
bxsb
amdq
akcz
bmib
eycf
csfy
dpuv
doms
fprc
dzcr
drdp
aqaw
bzpp
afqf
dimh
avib
atlh
ahcm
amei
bvsi
ecbh
azar
dzcn
eagu
cbom
awqf
dvkh
bbdg
akju
ceyc
aonk
duth
cfhi
drmu
dnee
bdib
exsg
atyb
agzo
fqex
cltn
addj
eqwl
anmu
bmul
ddmf
fmvt
buza
enoy
dgid
fpoh
cweu
ekvy
bfxm
bwye
ahdl
exxx
etoy
adux
ebfj
cmcw
dalp
evrs
dbsk
fjtp
anjv
aacf
dzgs
azto
diur
fosc
dwfw
eitw
fpwd
chaf
cgib
fpoj
bipj
eena
dyes
byds
dyvu
alhx
dnpv
cyau
fkvq
cnkl
exox
ckgn
fmgn
cttj
bnpv
eogf
bxmy
dizb
fjri
dufn
anwm
ffhi
cvrc
dstf
cdte
eyha
dday
fiix
fels
csmz
dxad
djbp
cqcl
dirw
fmdv
dkps
dccx
dyqw
bunr
erys
cdwb
fmff
bkxc
fgcv
efla
ahpw
akmc
ebyb
dggi
aupt
biso
cvic
bbyc
ewhh
adlk
aava
aqgv
bppw
bxhi
fhpf
cjxy
enhg
epcd
bzhh
etnt
edpp
adto
aevs
djgk
ahfh
fjud
auzq
edes
fqbt
amiq
ciqj
cubx
dnrq
egfd
dwfz
czqp
eskd
fbfr
bvfo
bsxl
aaxd
drdu
anjc
azrq
ejfp
ekss
cbiz
ecrw
bitk
aswo
eneh
brxf
fmae
aiot
fbpx
dujj
bpop
esvk
acej
flur
cdhd
egko
ckma
bpqn
amwy
clze
alzk
bgqy
axik
fmdp
atwj
aigw
dzam
dbtp
arvz
cgrr
empp
ckqv
ekpr
asrm
cphn
fgnp
cvgm
cqel
cuao
dxwi
bvja
aiqu
avrm
aiat
dvrd
bcfx
elhj
cbkb
bozr
adit
csnd
crsl
eiqx
awcg
cqbl
bzvf
clgy
fldb
ektp
ehla
evqg
bxkb
chqn
azhc
dtwk
cbmk
aqhk
aofm
dvhu
ezfv
afke
bzkr
fbyq
abii
ahss
bbka
ayuh
dugz
bqiy
cpun
cstv
bmzs
fepn
fakc
euyz
chcl
elki
bmuk
abtv
cfur
amgb
eieb
alky
dziq
dlhr
axlo
dvia
dovt
cqey
duja
avzy
fqyo
edtr
awkp
eaju
azbo
bddl
ccpe
brwx
bdlo
anwy
axhn
ddth
dttz
aewi
aioa
fhtt
cngb
fatg
brcg
bfut
cdpy
btdn
axnk
aqpn
anwk
fnsl
bvnp
ceam
czrl
cdrb
fffy
cfqa
dhpu
dxao
fevv
fdvd
agcb
bntq
avec
cfzc
fefd
btes
dtyx
dcxf
ddnd
cccx
dxds
dqsw
clea
dtaq
fctf
bgsk
dqok
atzs
cneg
cnbo
bctk
fmyn
bxpc
bcbs
cybs
ezxt
eqmf
eiiq
erzm
dyth
fkyc
ceei
bhlm
dgka
fgsk
ebok
cejj
derd
eotn
emzs
dvzd
eofz
cpaw
ehni
abwp
afna
dlgt
cxbi
enee
aibd
byyu
eabk
fkek
eyfy
fmif
cvby
aalc
bkhw
anfe
bzzj
abre
epme
fkis
ewmg
ffha
adxi
etlh
dzva
bkbr
bmig
bbmi
cbfu
ewnn
apvb
bxit
cyfs
dltt
fkkt
eplp
efbv
aufy
dlrw
fklu
cknj
bvgw
acha
bgfw
evyz
dpkg
fqxd
dcym
fjxa
aari
dqnz
fjul
brkx
cvhi
ekuo
fkye
ewrj
cpoq
esgg
dwsc
afwj
ahah
foda
dwof
csue
bsrm
awdk
duke
dgvj
frtk
aziy
cfij
eigg
eybv
cmyg
adnd
fpjb
apzr
buwt
frvg
agnb
ajzt
btho
flbb
cxwb
erto
eyrz
fpec
dtpy
cbvy
dpru
akzd
ekvv
cgjj
clfi
dgdc
cxfm
bddp
cgxn
dftn
avcg
apai
dzio
bcen
ekpj
dply
amqr
araq
eybd
bphm
foaf
exwl
fdzn
aiuz
flvm
febk
cnri
exbp
czka
dmpz
dpme
eqfu
bluo
amyk
bqpv
bjav
eptb
fqni
cqlb
ccfh
bhht
dfsy
erhu
bbno
amlt
aiow
dpyu
emcv
ayfk
bzml
dmvj
biwb
anqp
amou
ffvy
dqhe
dvyl
cpra
bynp
crhg
fmdu
bvvg
aucw
dcmp
begk
eolp
ddzl
bsfu
dtke
fmxj
acsz
ectn
ewpf
cdmj
dsqp
brsn
dskr
bcir
azbv
dccy
daah
fjpl
amjq
dtbg
awxu
eqxl
buoc
amkp
fhav
cqft
ezks
blhq
bsjp
bqfv
cgla
asfs
bpvx
blzk
eutj
ctej
csfx
dbko
faop
ezfu
amdm
cczd
endq
ejyj
cipi
colu
akpd
avcw
dqof
fnwq
aqps
fggu
aamh
dhxd
dcav
dshj
bgsb
dxzx
feat
cczz
dkmh
asvt
atvl
fjsa
adwk
bfry
aexb
agys
avdh
dedl
esui
dtxl
etms
dflm
adtg
fjek
cdwp
cybw
cvin
cfsu
bezl
dzul
djam
bzin
edgo
azkm
badl
csxg
ejus
afsq
aobv
buwd
cttw
aveq
bneh
cnsp
bdor
eddl
cnsv
djlq
dyzw
ewny
eofc
etwx
cpgu
ebth
addm
dfwt
epdy
dfns
dvqr
alrp
bwgp
abzi
cpcy
bzqr
ctmz
ajub
earz
dixk
dbgg
bphs
ajwj
fqxw
fftf
dkck
clph
aoha
fnog
aqtb
eaac
celd
bzxf
frtw
cgoc
cxph
blgr
euya
dmcz
bgmw
amce
fbhp
bret
fqxc
drdn
bptx
cdnm
cwbk
cjon
cysk
aisx
allx
cxkn
cecp
cmht
aaai
bpqr
bcuj
dnnw
cecr
ctoz
euzb
ehao
bgol
djjo
ectk
cyku
brvq
aqsx
ayvv
chgw
cevb
fjxt
dsve
cqlp
axcw
fcnp
cmmx
fnjx
dnkq
cwpy
cvhg
blaw
fekq
dgzc
exia
arqs
bfju
dqpy
cnxx
adhg
dwyn
brmc
drbn
fbhv
acal
cdcq
avxi
bcdu
exqd
bptb
dbzh
boke
btnp
eddm
bxzx
fkll
eyjf
dmpw
cnwp
dsmr
bxjg
esvl
fnou
bmdg
cxua
fmgl
frgz
buwq
agvl
bvab
dlst
eymq
exyv
bkhr
aruc
bxxr
dpqs
cqvs
dddy
fniq
dwdg
aotj
buyv
aymz
ermn
eurr
bkew
bnln
ewjy
ambo
cgny
eaon
aceu
eozf
ehls
coym
djfv
folz
elzw
eqbz
ayut
dyed
ezyc
fefo
cqyz
ajku
dric
flpp
dmau
djjj
dyqp
defd
cacs
dpzw
edri
dirv
bsyh
bngq
fjpc
eayo
bwrn
dbvs
evgu
bmzo
etcz
bjtw
bjpd
agrs
cfms
aadg
bevo
dgrk
aukg
eigj
epro
fhda
caeo
dbpv
dzdd
cdup
crqt
flja
dhiu
eqzb
ebic
agyo
fheq
csnl
fiko
fgbl
emup
cmru
efwj
bxfm
byll
armx
frst
cqxs
bxdd
dvof
degs
cvcx
bbgd
emjg
fmxg
ccyz
ejqm
bbwa
esta
eaxj
bdas
aqsw
cywj
bcwy
duxn
dszt
dlou
azej
cjko
biti
dpex
ejqq
euwc
ebtk
cxqd
awbk
bjly
eyfv
dglz
byyv
fbhy
cdyq
cqku
dzfo
dslj
fpwi
azjo
edog
evpq
evcv
eymf
daol
fkyo
eslf
cstt
dpao
egbb
anzk
auub
eurb
cuyp
ejvk
ekst
avmv
bzry
fmrj
aidp
ddzv
aoow
celj
fafe
eaos
ettr
denz
agov
dzpr
ccnl
bzgv
bgqg
csxe
dpum
dmyq
dgkt
codp
ctab
ealq
farb
atvs
cgxf
efyr
anjf
bxkf
ejhe
egbt
fcyh
crkc
eehc
cnmw
atto
euva
capf
dvso
fkbs
apvw
cine
fjak
ajvt
apjl
ccwe
fpjd
cafv
axxt
cokt
auiq
dafa
eafk
erxu
erkp
dhkb
euxc
aolz
akdk
ddck
bhxh
cype
eycb
cvwz
ctch
ckwg
dtbp
dzig
edmh
chot
abfv
cmnm
eher
bbfl
bqdd
bjus
alan
dsjj
ceat
flmz
croi
cwtu
erwm
anjr
ekfb
dzng
aool
bfec
aftj
bcde
bjgw
ezrh
ajht
dnsn
bdfz
bnqm
aijl
cicm
cmgo
ankk
dmyx
fjfv
amwh
cjvr
aszq
bqtp
eyri
dmei
evhg
bnda
evmk
ecnc
dnip
fayj
fqdx
eglh
ezen
esfg
dbgm
dlrz
fids
buce
bupk
dwul
drll
ekxw
foly
cczm
bhzh
aogv
bjgf
drwk
bkgh
byir
dghl
cypd
etbp
fbzl
ewmz
bwxj
duzw
aelc
esdl
ckuh
ecpk
bpox
atvv
fpjc
cani
aqsb
bahh
ehib
dfhu
aonf
bwsa
bjih
egsk
cogj
azzt
bsdo
ekjz
dton
fkno
cuvm
edbv
erss
dmkq
fgxy
dwvg
eiiu
cazp
bpzg
fhjm
drtk
efum
foew
btzs
dned
dfig
etkb
cqpt
agjy
flug
amgf
awny
ceze
aupb
bkuj
barm
djav
dlrs
eotd
dpph
fowx
eyse
bilt
dtbl
chwa
aytx
dfcd
dsbx
foeb
csgj
fqoe
bysu
bdzt
dubq
cegq
frjm
cpla
bvzr
eakj
eohr
btis
cdxy
bnkb
azlo
cjkl
bzsn
ellb
ateg
edsx
czle
bfbp
fgbb
euym
djrb
btwe
akur
bhnf
aifo
eiob
etub
ahde
bkad
erdl
fapp
cuyg
frwt
fqkp
akya
anyi
dvgl
erou
dahy
ckqh
dysx
ekui
adyk
ernq
diml
cjka
civu
enef
ebca
dwpq
arue
bbtw
faim
axcp
aooq
fcxl
djdo
enus
expe
blhv
cwis
fgdo
fdvw
cnpz
cdzp
esse
dyro
fhtw
bxrg
ebhu
esje
cymr
agtf
diwd
caqk
fcpg
cxpb
ehrh
bybt
esvv
edte
clqv
epeh
flzi
adnx
ewcm
caie
czxx
ehcs
fivs
fbud
enxb
fqxy
bvrh
agsh
bntw
aecx
czlb
beki
efyt
efpe
ahwg
fhdz
cziw
ckqu
brux
bqvh
fnuz
atzb
fklj
ajeg
dvwi
cdut
cbzx
fasj
bedb
dnja
dlka
fdbj
aagf
aafw
dhdd
dlgz
adyo
exmr
byra
bdcs
apjy
dzwy
dsgh
dnas
dqyl
bnot
btvc
drqp
dngz
ajkl
dlgs
cfyr
eplk
feta
bdwb
adko
aocj
cqiv
cjxx
dogu
folo
awoq
dyar
apxy
aexl
eetz
bwth
ebzv
fnzh
comq
fkzz
cplp
dntk
enas
fpvv
fkml
erpf
bamb
clck
boyh
creu
fqru
eedu
esjw
fpds
cztv
bopi
ahzj
ejvt
bqbv
anlk
dzhe
cyfz
cwon
cqki
cvgu
ezrp
crsn
azkb
bbrz
dnhj
eofy
erjl
ejdk
fino
btcz
dkfw
eqdx
coql
ezvj
dbpb
dvoo
cwdx
euzq
cycx
fdeq
elmf
fmew
bcop
eyao
ahyx
adcu
bcrp
ezcj
esqj
aehe
boow
cvuw
dpmy
eshs
eqyv
eesy
eomy
etzc
azlf
coul
ctwj
bsyu
bkaz
cgcz
ccui
euip
bkku
chrj
ehwg
badq
albj
bmfi
biwl
ahkj
ewab
ebuo
ehak
azxv
fgjd
diac
cdoc
fquo
cjth
bddh
awwg
cbci
chyw
crja
dfrg
bxwa
engu
egsd
eoik
amae
ednh
anqb
avkn
bsvx
bacq
bxng
blvc
adsj
aggm
dohn
cjhu
cnrk
ebfe
exil
dcnn
ccyk
edfj
fclw
elms
ceoq
axps
aosi
auhm
echi
cseo
cqqg
ammm
aeyp
cvhv
dqqf
dhos
ecue
elhe
badw
ekla
ajir
dalr
aaoo
bxxx
cdla
crrb
bdbc
fjlh
bdtd
dwaz
bqrh
dgip
ciih
bgyr
fhdo
etmy
balx
fjvm
fafj
eavz
fbaf
cfpf
fdmm
djdm
eohp
brvk
cyey
fqjf
fdlr
clke
etxy
fgaa
emkn
fizo
avvp
csbx
evwv
azaw
fnkm
bhns
bxxq
arhv
eosm
ausd
fjmc
cnxw
ckbx
doef
aayn
fcld
bpuf
ecqf
fgur
bljo
fkxx
cmva
avou
frfw
ckjg
expv
ajia
atdt
ainb
allv
afad
cejp
cnpj
bqdr
dpmn
ebdt
clxh
cdab
fnqi
axdo
arsn
clty
donb
euzj
cxtr
cxic
aizl
bvrj
byov
bmyx
bxjp
czqt
bmhm
dzog
fjsy
bwto
awmt
eylc
bwyy
eowx
dtbr
bjzs
bsjl
abhc
bpaz
efyz
essk
bpxv
dtbq
aojv
dauu
bekt
acoq
cfcq
cbtb
epjk
epuy
bnpn
dbne
eaec
cyxv
arhn
fevx
elcu
dwbh
caye
chtz
bdmr
dheq
afgw
bcqz
bivj
dbbh
dvpm
dfzc
drdq
bcae
djll
eqvg
fjiq
fmqx
egol
afkw
cedr
dxif
ckpw
elou
durb
dotu
borg
dkjm
afwq
eqtm
adqz
dppz
cjox
afsa
ewzt
fapx
fpfi
dtvj
ccqg
dnki
cmbc
anlz
cizz
ddyc
bioy
atzf
bkpa
cikh
fjfy
akus
awiu
ejrq
egfp
elqw
dyty
akuc
ashs
adsh
cagm
bgvs
cjdj
avhr
bjyp
cukq
bjak
fljf
cyrj
dkah
bzbu
ahkm
clxp
fggb
aawu
eiop
dhau
dnue
emsx
bbjz
fdfy
ducp
afql
efch
axam
bnoi
fpud
aapm
bfjh
dppy
fibk
bcvl
ffrw
epra
dcba
bata
dvul
aads
damy
fgjv
bace
bhsu
bmzn
dqnw
coxe
fjco
eidh
afei
dwun
dwdu
curq
ctbe
cscp
azab
dnct
bxne
bigc
bkgg
adql
beht
auvp
cfiw
akbb
ahoy
bxaa
btxg
bmaw
dndc
apfw
fkuh
dvjt
buri
apwu
cocq
ameu
cuct
fotg
fclh
dcnl
baxs
ccew
ebmr
exps
bryk
bant
emja
avuj
fbxr
cggq
dnvo
azqx
bpdt
dewm
ejub
fqgn
bcmb
acra
entw
fawm
fqmb
codo
apkz
dvyy
azvi
azum
dpqz
atrt
evbk
fivf
chli
dygf
cdzs
agmk
blpk
apdl
dxbv
ecqa
dytq
ayma
dyvl
dkrz
cmvp
bshj
aqdo
dwql
bkcm
epmg
dgaa
ahtg
ciuw
buiq
bnbv
edwg
fbfe
aqen
csda
ezer
bhft
cdpm
aflf
eeqr
acvt
cfoh
enxz
eqsj
fpwc
dqnm
dmnj
cbrq
czyq
bxvf
dnfa
fibv
azeo
duwy
cson
bcmq
eixf
bcce
fqfm
acwv
bvao
dvap
auzo
dzyb
csno
eurc
edca
ampu
bzot
bhee
abna
crav
drqe
dtsv
cjnz
epez
bhhe
bcjb
aoqx
djnm
eiqb
dxer
bckn
dqdr
cjlg
awta
bobh
arre
dicj
cqzi
bsrz
corx
dyxk
cuxe
bort
bcfs
fcss
bcmc
cdtp
bize
clfg
ejrm
cnbh
eswk
acsh
enhm
batf
atic
cmbm
desm
flvo
doyk
cfla
djoj
ehtc
fqtn
cucj
fhew
buyo
dqgz
btny
awio
dsxw
bzgn
atju
dcet
ejcg
ckdp
ajgp
clil
cnht
ffrs
aizf
dvzo
dgjt
adfj
brmb
aefd
cbql
eufv
fbme
fjnv
aleg
ekkc
dtil
fcco
afgi
ahvf
bjte
drnl
bopn
eano
eyqr
alcd
egwc
biwu
bqex
brsh
ddye
euvv
dybs
dxot
akjq
fkfq
czrh
dolo
dydi
cyuc
cjfe
ajky
eqyj
dixi
cizs
armz
dfjp
almu
cmsq
fazf
awxm
fkew
bqls
biao
azyw
elbo
eqih
ersc
fanu
bfqx
dsmm
bxhq
coxw
bhls
cfxs
bpmu
elui
ahhh
afjr
evpo
cbgw
clbr
cupk
asfv
dykx
boqc
fmvh
cowo
ajrk
cktd
cmel
ahux
axdk
bpkg
ctuz
edoi
eljs
dqgk
arbj
ewjj
etbo
ctna
dyus
cmna
bjoy
esce
eiar
crpu
frgm
ausx
eohw
bjsy
dmxv
avpw
aswq
dojc
bgxk
drrc
agzd
djle
cili
cnjt
fapw
cuaa
apls
flcp
eqva
fhfa
dxsr
brvs
fnwr
bnwv
dbwb
drjc
bqfs
donl
ccas
brbc
dhnb
cuzt
awnw
fqhh
ctdl
dshh
eurn
ejuy
awjr
emut
eonv
ehgo
emae
efsb
anuc
eadk
fpvd
fjwe
dulm
ffzk
abyi
dyzr
azon
ffjc
cbpo
ceoc
cnqp
augc
avns
fjbn
algs
fenx
aago
ahpd
frqq
bfbk
bauh
cjjv
fktg
bikh
bkpi
ehnh
dikr
fbbc
azae
emre
ckvo
chhm
eogj
dsde
bvvi
enwx
ehoy
atsg
blix
cfzn
fraf
cifd
eyhl
dgkq
dzqp
bsab
byhi
dcje
dwmk
cceq
epyb
clye
eleq
czgx
copi
acbr
czrk
cext
buqh
bidw
dzyn
awbb
edpm
fkjx
bhzz
emqy
bzec
bbii
ajto
akyj
eyig
eddp
epha
aero
crgd
fbvg
fnci
bhib
aawn
eiqn
eksz
eplg
dyvz
bizi
bsda
btyd
dtfm
azil
dkce
embw
fqyt
bsir
aurq
dxlq
btsq
brpd
ejfu
bdnp
dbbs
fhgw
cigz
aqio
cahi
aico
dwlp
fmat
bvoz
efbj
cuvu
fdim
fqbp
anjb
drjv
eqsc
eicm
crcs
acls
dpwm
fjik
ezuv
flel
crcp
chvp
ezpo
dqkc
efhn
binr
cyzh
cxyu
cgek
ahtx
fnwe
aqkl
cjkd
cxna
augb
cyoj
cder
cesa
dejc
bcmh
cuta
fokj
amzx
efti
axut
aqej
cscd
aemn
clpa
bxek
ccxb
cwch
aqdg
aefr
arya
eonp
bhke
dfay
cnhl
bijz
eese
buyb
bfpc
fpxk
avnh
coag
fhrw
bylg
fbpf
dosj
cohu
digu
eklm
fmzt
cdtc
clnt
enbw
btke
fiop
cxom
aclg
aywt
fijg
flkm
ekgz
cilk
dwdf
eiee
duwv
cxuv
azhv
fjwn
dhoy
fnsf
blku
aphc
fasi
ddom
dvpp
dgiw
aqef
erqs
bzun
bybu
adee
bkhf
bipe
drfr
ewim
edxj
cufc
dybq
cpfb
fgob
cbcj
bjsn
dwdd
eaqg
czpv
eywk
adpm
cnej
akdf
dbgj
divt
csls
esjm
eluo
arau
exgh
dleq
dchw
emsg
ffuc
cydn
bsub
fdsk
dwia
akkc
euao
eiek
cgee
cgvd
bfzq
fmpj
clvy
cyej
aiqe
aozx
bnfr
ciip
cteo
emmc
akku
dhit
byal
dnwt
dyyr
bucc
cahq
dmng
aiho
erde
etpk
afzk
dowj
crqs
cbye
aivw
axwq
dfpq
eunv
ffjp
dljp
dohy
drmc
adju
flmx
bdrf
equc
eklw
chkk
edfs
eepo
chcw
fnrj
bibu
fbxh
fbof
ezus
dufq
ebgq
eggi
bhaj
cocc
bowr
amex
aflp
auva
ahev
fgun
fcia
fqck
advv
cqzg
fqbl
cszu
eosj
aegq
dnpz
eerm
buba
arzf
fnle
dwar
dxxb
aayt
cebp
djog
bssu
cwhh
dreu
bqus
dlbl
fnjr
easp
eizf
fnew
abmt
ddwl
ezcl
bzzo
crur
fjdw
dyoa
dshy
frry
abyf
cbmi
frkx
bjys
chfl
fnnu
fflx
bxhz
ajch
bbgm
ecju
daxa
eihe
axbn
dbiu
evnj
azmg
avwm
esxp
cwri
faan
bzsk
cfww
eujc
fkbt
bqrs
aiym
aolm
dlqc
bcse
epbp
ccpg
ehuw
efen
fpma
bqef
fabu
baav
amrz
dnua
cydq
awao
fmpc
fryb
edcd
bxyu
cshl
ehul
daen
awtq
fkva
euob
avms
acnp
acae
enob
avhg
fmki
bctn
eqnn
erfk
cbnj
ceke
aezs
cclp
bpvb
chbu
bgld
aseq
bpnw
cfac
cnaf
cbex
abnq
cnbs
dtga
cwdu
ehej
dwod
czcr
aset
fbhl
aypu
awsk
dbra
ehqm
fgxn
ewze
dtzr
dwgc
ctsc
bvdd
esla
azap
ccnb
bpwe
behk
dkwo
ecfg
bsze
bbpy
fght
bmyb
ewcv
aluz
brbd
eydx
apkb
facq
cvoz
fjhz
eucx
axcm
cibh
bdyi
bsqy
dlmd
febl
emlf
agei
ffuv
danf
ffsm
csyo
djcq
doeg
bjen
bzer
anqi
dopg
bwgs
dzzf
adew
dcla
cqzd
bevw
fdsh
fjfx
ffwp
amya
awby
edtg
agtx
eufh
bnkn
bhsz
bzde
bvip
atpc
cfmz
bcnp
dgqr
ffzp
aizo
chei
akwp
deqi
efhh
dpdb
byoe
bbff
apjz
cfqy
djra
dipk
dgyd
ekjd
bcic
aogi
bsos
cdxd
cjfh
cqti
dogh
efrh
ccfd
dtdl
cnnv
eozl
etvb
dqsv
dwvb
dwrc
coww
efmp
bchr
bnyh
citg
bafb
cnlx
dsdr
dwyt
bfid
ddvv
bjbz
cwxe
bcag
fhsp
cuwg
emjo
abgv
cnic
dxbw
fjpz
bqmj
bzxh
asxu
dsub
biuj
bbdb
exrf
ewxh
arkh
cokm
fene
cuck
fkxt
brse
bepn
clvi
dglp
ecuh
bvfl
fafu
fquj
fexl
dpzu
baea
ezse
eyit
akzx
faqv
edfl
blnt
cwwr
cplx
auqj
cwkb
abho
dbnw
agjr
fhmu
dpzm
bcwp
epla
dhua
ezal
bfjp
czvv
epdr
fkpr
bigm
fmce
aovl
fibd
cgbq
dsxl
cioe
fcba
frxk
drjg
eebf
ahao
ctxo
alyi
duep
chql
bxnw
ebsy
czvq
cgpg
clfk
axau
cotw
elud
ducl
fnws
auqb
fjcl
atpk
esyi
aqqx
fftv
amtj
brlg
bycp
ewbj
depc
cxro
bwlv
actp
aupy
bali
aumb
fnkj
drsp
dcpd
drop
ecss
eudy
exxa
dueu
csnc
efcc
fmgf
adqx
abli
clds
dwlb
dgut
dszh
aitg
dzxf
chhz
edno
bksw
daji
alhd
aner
deqf
erga
adkk
eicv
ceig
bvax
bgee
axyo
bwyk
dosl
alxn
btys
bbhe
duns
eooh
auqc
alzz
eftf
ezbg
dmuc
dfre
ebtt
dbon
euxl
dgem
djkr
fjjo
dvci
baxt
ajlm
egqn
ahlp
bqoe
bajc
flhz
fhis
bita
bbnc
adap
cibz
avat
dxfm
dmog
auft
crmo
dvki
agkd
dmny
bhla
amuu
dkdw
afue
cchz
bbgj
chgh
blly
bbaf
ejpn
ewqh
eayf
bacu
acjh
cdqp
fjwj
fqwy
dspr
atnz
aeyj
enlx
djiu
ahhi
curv
enur
fjjm
erzo
cxqg
bxvr
faab
culw
cnrc
eflm
ambz
cqum
dhxo
dqrd
atkn
emrs
cdrv
cjyr
asej
aszb
cnye
apzo
avqg
defu
ecvl
dmdy
azha
bcue
ccrn
eltx
ddpw
carq
aueu
btie
dpsr
audq
cbtc
afax
fpbp
cuax
fhom
bwbc
eoql
fctm
agbl
eckk
ffet
eeoo
drat
dace
ahld
adrr
dhvj
apao
alyd
dnxw
cmew
apcd
aawv
dosp
fndc
ejsc
aeta
anlh
edzq
ecpg
dssl
bukp
fjpv
ezkk
duyj
dthj
evxi
cidc
avdk
bkys
ejuw
flko
esna
cvrw
eqsp
aubn
eczd
aszx
ehxy
dzfw
adfy
eock
bnxy
fjhb
fegb
eewb
eqpw
fgcf
dkiu
fnpm
bvic
ekrg
dqqs
fmne
ckep
auoc
fons
bqxj
asnw
awfg
ffmi
bikf
fius
atut
ccbr
asmj
denu
evfp
cyqv
dmzf
ezic
edaf
frtt
awxp
blco
fkrr
ffph
fcrm
aylp
fejw
eqrd
eczl
aukv
ailq
deon
aeve
alxy
fevh
buke
bupl
adqt
ajfo
diot
flua
byvd
bhnz
drun
bcoa
esgl
agdj
clzj
dzha
aqiq
dzjy
esyf
epog
bnum
cscv
bhhw
fkfp
etxw
emyu
cmqm
aatq
dozg
bhdv
bbdp
bpdl
btth
fesb
dwrr
exwh
emxu
aggc
ajfm
bcgx
fdkk
edje
bqtt
ecdk
fjmf
asip
cpto
fivk
etoh
drgp
dhmv
bdih
ermt
bskh
aqus
bqhn
ajhz
elbq
crat
chrh
dzht
fony
daca
bqiz
dhns
dyje
atrv
eguz
djws
eiou
dedg
fcbj
frfr
dafy
cdug
fbxy
exyy
dxwy
eebk
bjyu
daaa
eiey
attr
akuk
cdtt
cvws
cvwj
ctrd
dlgk
dkdq
aizy
ceyo
dbvf
cdra
clyl
cgnl
bkte
aucn
boqd
btoe
feag
dtrr
ague
faat
cgfd
dlmx
ffni
fhvd
cvph
ddob
cgxw
dwty
bgxf
eepd
fgei
ehqy
balv
flcv
ejse
afxh
bjeh
dvat
ekji
aufo
cvdn
cqtn
addt
ezdr
emhe
eajj
abld
ancv
aoxm
baip
bghy
bznu
fpqi
cwqj
azwf
eyth
feqg
cmce
duzj
fcyr
fgyf
dhtu
desl
ctae
dmoy
eyli
fcir
fahd
cstu
cyft
ahwk
fkkf
ejzu
dlnq
czdl
dhyf
faec
fcrw
dktd
ecjy
eizn
fgyu
bwfj
cytr
eyxs
cxta
brtl
chgf
enwk
cdmi
axyq
bpus
aaoc
bvwe
fjdy
feko
bmlh
bdqv
eunu
dktq
evrl
etaz
cjkg
aopy
fdke
epwl
aujs
cpzu
elht
frbm
acsd
caom
datl
cvbt
ckdi
aipn
euzd
cfmx
cmtz
ddds
auis
bpeb
agey
ezvp
azvn
dkjd
dhwj
cgzu
bxre
eokt
coik
awql
dert
died
fats
axzh
ebzn
clep
btse
bpof
amyo
ehez
esum
duno
erdi
aujx
fohi
auvb
euah
azmw
ctll
bzza
dysq
dygi
emqc
ckbw
bljh
foag
exja
bokr
dcjf
fbhu
dchf
fgag
dnfd
djrq
dnli
dxbm
beqy
ddab
dxaq
acgh
fltc
bhnq
bobw
cmsm
apmf
ajkt
dwsh
aagh
dtoh
cslg
blmz
eeik
fhbw
clmr
brgd
bqph
fipp
fjgh
agsg
edsj
bbkj
ajev
bqzl
edll
ehrr
fmly
eddn
baar
fdfx
duvt
dekm
ewpz
diaq
bnvz
fpkw
foxq
byuy
axqp
dklm
dbmj
bngd
ezdw
fbzb
dldi
exto
dwwy
diwt
fhgv
bqfl
djmf
bybo
bpeu
enxw
crvt
bnkk
aigm
bces
exed
ahad
dybu
aszt
drkp
byge
cidn
dxyu
clgf
deuu
cxpk
eyry
ecth
bfnh
bpnt
efyo
awyu
ebwi
cyvz
djql
btme
fhqq
aoks
ceeg
csxo
csut
bhnm
fmkr
emxd
abmc
fgcm
fqrn
crme
dvde
ctkj
doht
drvr
cldp
emih
cgms
cqvb
blcw
cklx
eyxb
ctqz
fkwj
btpl
buxn
cjbk
enxd
achn
cxfh
bily
azde
bygn
fdjp
cpny
emvb
ahqd
fmoa
bxtl
bvwf
bter
cooy
avyx
avzc
cvwy
byvg
exuf
brxn
adts
dise
egvy
bqdi
evus
fnhg
crta
cnwd
ebav
bppg
dzpq
biwt
asvr
fmms
fdcd
denk
bcgh
exyr
axgr
anhv
diwa
burk
etga
alfz
fejt
andy
cqnz
ctnb
fgjs
daur
cssj
bsqn
czjm
disx
eqat
eiwk
bcma
byik
fppo
cpgv
dwwp
cgcl
bjvx
avgg
bill
bnew
bcdd
eexh
blcu
eihl
euxe
bimy
cban
awoj
crei
codl
ccim
eaqv
dlai
doxf
bery
claj
axht
apkc
dchv
dmaw
axcj
bwzo
ccvw
erdb
ehyf
afzc
dcsm
ayvb
fcfl
fakg
aajr
esqi
djgu
crbn
efea
fqmp
amcl
fotx
cepz
airj
dsug
cpba
ects
dhoo
ekbu
cbqh
fliu
ehyt
dxfz
cixl
cosp
azmd
aklu
ewkw
corl
aglz
eupi
adhs
eibp
acoa
bvvj
bvme
adpb
ffnx
ctje
apla
dldc
dzyd
akxe
ejmq
fcwq
aqxw
azlx
bgnn
epwk
finb
aldi
achs
edvb
cpmp
eqmz
esez
cneq
dxyh
bouk
eodv
eids
csat
eqxf
bemj
bvva
enxi
crjv
dprz
adoa
aqrj
dmid
beoz
ejlm
aonu
ecms
bxzv
boqk
czaw
djri
aicp
bhey
cfft
cxsn
agzz
euxy
cpsj
cyjv
cley
fgkk
awdt
dzyw
ffpk
ehcc
alip
fkos
apbo
avlq
bihr
avng
fdsg
aopd
fbxf
fkny
crdh
cyyo
btaw
bpep
bfsf
aqah
buel
bvbs
djeu
apke
flsi
fanq
fiho
ebib
cmvd
cera
aulo
edac
eiqf
bkqr
cqoz
dfsj
evgi
bvkw
aauh
bejo
atrb
eauc
cccc
ekrj
bguq
cwwl
fpxv
dozd
dkla
dkqy
dvin
ejqb
fkkr
dwmj
cuhd
aytq
enrh
frov
esqn
aear
ffsi
dfst
dpri
cndb
dczu
eeta
exjv
dzdm
bvdr
cfpb
ckwk
bhqg
aotz
aoqi
euzu
dttx
cwwm
clvk
czqn
djac
fewe
bver
cazo
avxp
dwro
dvwv
bwpd
epts
dpdp
ecri
aqdc
dmdl
fqef
cepe
ehyg
cooe
bibp
bfrd
dnvv
eghz
dvsp
esdg
berj
anka
bvee
azpi
dtwg
crol
cpxv
ausf
czkn
abjr
bqlp
dndp
chcd
byts
flow
fezz
diuc
bpjs
ensv
fpta
dumc
ezfj
feaw
cfzj
brii
cgoi
eiai
dacz
ahra
edrz
acay
czfq
csfl
bddr
ddpl
flot
cwic
dmge
dhgw
ffgu
bgqr
cfji
azny
ctpz
ajpa
fclu
chsn
auid
fiyy
eman
dfri
cgjn
betn
fltr
fqce
dhgh
exzi
eyqd
ccfm
azfc
aksf
dzej
bzpr
fkvd
agdf
cxhj
ctbm
cdil
dmcc
cnci
eitc
brta
fbix
apmp
akex
dfuv
bntm
adbn
cksd
emqf
dmjq
avzh
dgum
dqxr
bumc
agvv
aokg
dqbs
eqml
avkz
enma
fkfh
aete
bzfc
etyl
dupb
ebuw
athw
fmtz
bpzn
ffao
bfzr
euki
ecdg
cadr
ctop
alhz
bdkq
cclo
fgho
akcr
dtll
cozs
egqr
csyz
bhbt
djhh
dsym
chhu
dupg
bcbc
dorf
asno
frbv
bfqe
dxxg
enlp
ctty
ctla
cxkt
bteg
auto
athe
bnwk
dopd
cvop
dzxh
depw
ebhy
bnet
cuho
ccys
emvo
epfu
bqhu
cmtl
fcif
bgks
cedw
bdec
etxr
bpxf
emsd
dlqz
anjt
atsm
famg
bzoh
bqis
btmi
evhj
ccly
axiu
etpp
dzts
dtjz
dppf
atip
fcvy
dmzu
bprn
cisl
bnwj
fdbx
abur
amcw
ewun
dbsh
dahn
ebrh
eeyk
aqym
feyv
envi
eejs
acmy
apzc
brdu
fahv
bnjj
bvhu
bnal
ctvy
aomg
btqf
ejgu
cqvx
fplp
bulo
bxkh
ampy
feml
boqg
etpg
dfnq
fhhm
ecuf
dgbt
awll
cire
fbwi
dcuj
euvp
dhxw
cbrx
cnle
awhq
fpwe
fnwk
eonm
bbvd
bjgy
acks
bzcm
bymg
aped
bpos
dlwo
clsm
eykr
anqh
avce
cmtv
fgbj
cmkp
alef
dgsf
baig
adqn
asdb
codt
drcm
fqdy
ejai
fbbn
ampi
fouw
aalp
brrl
ecjd
ecll
byfq
dder
esvu
fdia
chfk
bvbc
foip
dqvn
efdd
ekzn
eygh
fede
ejda
brni
bonp
fkvw
dnxh
arpa
bhwk
fcfz
aagm
azoj
alql
bunk
btfa
apyx
eiaw
brik
drbj
avge
afem
dzbh
bshf
ehwt
cvsm
dhxp
cijx
dbfd
epux
cmsi
dgtz
benx
aqaj
ebst
dgic
bdql
btgb
djtr
dahs
cyrn
blwd
evfd
dbta
dnjd
bwyb
dsqj
blui
eofk
ffsu
ctpb
erly
bmic
atiy
barz
fhvv
axrs
dubr
eqke
dman
dxsp
cbrc
bgxe
cmyn
euyp
cbfz
akxz
ayuc
agbr
banh
aqdt
afeq
cpyu
fmlw
fota
cmqe
foyt
flrc
coph
fpbw
bhqi
dpvc
cvgj
biju
ceyd
bkdb
flha
cgiy
dwoz
ahhm
ejvg
ahop
djyv
ajxh
bwce
ekxz
axre
awty
avwd
drfe
cvut
ewij
ewvk
aikn
fqyd
dutd
cgkz
ffvb
bowl
cjld
bkyn
bmlp
emdk
dehp
eiwg
ddct
bnbo
ceqw
enrm
eblc
ayil
czsx
auog
baob
dsds
evjo
cbas
abxc
ffee
fpqv
czdf
drjd
fnrp
bfpx
frxm
birt
cqsc
cphf
dwiq
evbs
ewla
bord
coze
fgny
bgsa
firh
evbd
cqht
cupz
eqto
aikc
alnc
clzn
ddcz
facw
dusi
ekug
aqpt
aoil
fhao
banf
bfyf
bnav
czmd
dbyj
enzr
cubb
fqoh
fjfw
ektf
ejes
cyfk
eqns
fbpi
ctot
fhdk
fauj
drbt
cnep
cjbo
dxms
eqgt
ebut
drbm
enxm
bxho
cuzg
dayx
dsbz
dmjh
faty
etyt
flme
elcf
douk
egvl
byao
euns
dgmv
efkc
dloe
ciei
fbuz
bsbs
dutt
chna
flej
brju
flmh
dcxh
cmrw
fmmy
aoqk
eshh
flmn
asad
czlp
ebgk
ertr
bowf
emrq
favq
ckhj
btcr
cdih
axdz
bbrc
cyry
blcf
bwmm
dvem
chcz
dfsc
cwep
bxbu
bszd
eocb
dqam
blif
azlc
avzd
dtbc
elsi
cexg
almd
cycy
ffne
bdkn
crfo
crzs
boul
cfkv
bjxn
ceri
epdk
aejr
bemv
fmau
dpeq
bdyz
cbpj
cyeu
dsyf
cqmr
axah
dubt
amcg
crqm
deil
dduj
cgtp
eqhd
ctmk
efzv
ewsx
ayfg
emee
burl
