87294
34131
32956
79702
25348
63076
24406
38392
79129
25943
32703
76527
31878
1771
55136
13374
68199
8102
59106
64656
2867
43267
32043
25329
67430
46460
63115
13338
43880
13563
27783
72807
71032
10827
13943
73390
33786
80428
23984
53874
2718
64524
82100
270
60991
25431
17369
16699
8731
12493
18624
11201
56857
58428
75097
67972
75307
9192
89146
22333
49298
43020
39907
34949
26531
40287
14716
61054
10632
5930
83290
84987
27237
71468
14938
64758
66832
17647
37376
66285
67507
57189
91002
78243
59549
36097
16757
6162
41332
40134
667
9791
47234
91285
32160
40880
75698
30436
52608
79940
63254
82909
17845
58257
51773
2601
4455
88407
11534
70737
36291
13954
34412
66156
45582
73532
74223
2339
26740
80618
25507
12263
46029
16208
10745
82647
79957
39415
3142
90075
81328
71424
78830
39576
61027
27036
36050
34833
84503
73361
25281
56121
49935
66959
5092
29240
35916
8111
89565
90687
72281
16707
34871
52889
2991
50398
30416
28987
37364
42323
86427
35393
50552
34010
55479
50931
76297
36942
10409
13182
82174
16109
53948
9079
62318
62458
8840
59026
68908
55541
12310
45393
80516
43615
36674
75017
74663
31344
87901
49989
41902
7022
41360
3837
56008
28277
65367
7730
7045
11753
52589
31476
17674
9919
85378
46109
69053
22835
4325
56595
35544
9554
68284
86421
5669
87079
