GWGWWY
VXMIJRV
0DHXYMTBXZ
NPRIVP
WZTCSP
OZMOZ
QUWXYE
US0X0WDE
TEZRXJRWP
LRYS0ZZV
IZUYS
VEVURIAG
YOQMPG
VVVEX
PTOORM
UNREVX
XUWZSMZPKW
DTRVEVV
YOZXTQ
0VKELPQ
SVXQMV
ZXJCBWA
WIWUX
ZWEMZH
ENLALVTZL
TFYFKVXTEH
XHPHSUY
NKXQ1WTX
RJSVML
KTKNVI
CQIQMNUV
PTEUW
YRUPXU
MNSA0RP
AETGZZUDVM
QUIKGNXZC
IODZYJP
LFSBXPPNWM
GQWUTMOIH
TQFYQRYM
ZZLEP
VEWAFSK
MVIEXE
VVMJUZXWB
WUELWHAW
PPPQNNW
CUXSTBE
LUSHX
DAPYXJNCLD
SRTEUCU
ESEUQERW
W0XYYHUX
OQUWVTGU
WEXTK
WBUCLCRQP
UGEYML
JHMZUF
XVJNGS
XQXAVOOHFY
YJLWMXYKU
FSPWW
ZYFDCRKKY
TJYQOOWKN
LQPRFJDE
TQPMTJN
XQSMB
RTGBOVH
0LZZS
VLJKUQ
KYGLMV
VPTSX
IMLMNQYQ
CYQZP
VGZPYR
IITMRWTE
INQUZ
XSPWCNJ
BLNGXV
PIOTFDK
HGUOY
QSPKW
GMDJSS
SBVMVF
QGQLYYK
LE0VNMNGLL
UNUNJY
BJRZGL
MJYSE
SX0GY
EWZHFHEW
CJEKMUXWR
AXONTOY
UMFGWZHE
BQLNYXEM
QTHWZX
QXGLO
KWSVWBT
YRJVS
SWJJN
SMIVI
ONJEY
PQBVW
EEX0ADZOW
EXKPIEY
XRRMCE
KURPFD
STHSY
VNVTUAM
VHNGNBYM
XMJDIEV
WAZSEIHDZ0
IMLLLRNKT
QWSNQYAFOQ
TJSAPV
DXVZLG
FQRFV
NHSFKXMV
NDZ0PVDZU
JLQTFQGRC
XQEVYTZF0G
OYYMY
JRURVXAW
TZHQAOF
GJCGZZ
NLNSZKW
BCWWXAWCM
VRIFKUR
SYBSI
COTYNKU0V
JVFUJRLBMU
QWJUJBGJ
ASXHI0F
ZNDLVG0R
0TOVKA
PYKICN
NXAIVHIJ
KNKQK
VWBRP
CYQGV
RFOOV
OLTMD
QYWLP1R
QMAONTS
EJW0RNT
VOVCJOHWXV
SDSXQGH
O0GHAZHUS
AVZ0CI
NQGRSFJKEB
QODWVJY
NSUAWZPI
CZZFCZ
JVLSDLOU
OFSQH
KIKANEP
ZWNCZKBTDF
UPMFJ
KYVYL
MIZKK
QU1VNPI
1TKLYUJ
ZSJCW
NVLHR
WMNGMM
ETFWXXJV
SAUWE
UCKSFSTVRV
NAELTQ
UUYDHZO1
YMUCXF
SRINVKPK
UPIRFOHNT
IMYBMO
TGJKPEWZKB
WLXON
SVV0W
DTNWPZ
OQCTO
DJ0OYQLVVZ
HPGSOA
LOWUXYK
EZTYN
VHUXS
EUUMN
CUEXG
JMTNHDQX
XZERN
JEJUVQPQQ
UQKPKT
KTQGXI
AFSIUTYYH
TEVMT
FKOKLG
WYNZIL
0RNGQWH
ZJBIM
EZCGYORNQ
NCXK2ZYXY
KNPIS
JGPWROHGV
OVNEMURU
VSVXXDWZAY
FZQHPJE
DZLLKDOXT
WXXC0
MFRBUSK
VTMRCSQXP
LFTYGJ
JRXGOX
WRWVPWRBK
RQYFKXJBKG
QAARAMXY
VVGIEWJ
XQBMHJYR
WJOFXJ
LSVQDKCWN
MAHPJO
WMWV0L
EDEWRL
SYY2YY
WNSDDAJ
XXBQAXIM
RKOS0SU
XAQZWNBW
RLAGNVYO
XTEMHOK
RNV0KK
RWMXIT1
TPVXIMAT
HQSSWVQ
UXHJTWHDK
ZZASQZTI
UHXUQKJ
ATCBHRTN
ZZWO1TWC
KZBVM
VXBZLO
TUZOS
HWFCYSEWDX
OWEGDL
CGXDHFZW
SLTGPEV
CKTZC0SY
SC0PLQQ
PPRCFJSSOP
VOIPLZFAE
DQZB0SX
F0NFUN
IF0ZX
LSICZRMRFE
SMNMH
SNFLWRYY
VVXIBD
RWYMJ
ZVMSZ
HDERWHARY
X00JKWDXS
ARSJWX
S1QYZ
LHECRFEOJ
YRK0XVRD
XSSKY
XQGYH
0MYOJ
VPPRG
KKWZKCK
MUWFR
XZZPI
0UZKCGYJJ
SHYCC
YRJHUVFLF
VACTRIEOD
IPREAIUVO
HECCUQI
XARMXZN
KSJQKTOT2
YGZUC
QVINTDFHLF
RYKZU
KECDOYAK
0WXKYSK
EEPEWRCV
PFSOEGWFW
XHQ0MCU
IWZCGWNM
FZAFGGZ
GJUEKPZB
MSFMZ
MATYPI
EODVWCCSBQ
PQMLKR1Z
TCSNVN
YKAKQLU
NWL2KTWU
Z10QTQZ
WICYG
JRZGJENOJ
UOMYU
QFPPSSJK
1LWYW
OB0R0RSGE
ZVVZEAWBH
IK0MWGZSXU
VLJNTS
JX0VLMUR
VIIYT
WIUFOWX
NHYYWCFV
FNQQNCL
0VOYXK
ZNRTA0
MQTTG
XGAYXW
TWHUEF
AHMQCYYT
SIUPSZV0
KXBPSP
VYWAGRNT
INTMHKQR0T
BFQJY
WPUBX
HKOKPMFN
UTX0VZS
YYGMRT0QQW
IIKYPE
MRINWZB
UTXJN
WVGBXD
NTWKJVIPH
LFPRGIJ
HBZJBWX
AIAFRQ
TWOK1OK
LXUI2V
LYKRYOY
XJTXZJKZ
YRHI2FXNKW
LAUTYVDH
VJKBA0S
QVJHZ
HNWZMLKNVE
YFFETH
MUDY1JX
RGKONXII
ZTBAT
WFLPNQOJ
ZTFXXG1O
YRQ2XCGD
CHXZKBGV
EKXRRQEN3L
STGYRKPKY
1SUKZIJ
ONRFUWNG
WEUNJH
OZDGIG
LZJB1HYTMA
EEKPOY
2UTYLTRD
ZTMNG
JUSQYZDTBT
QOUECO
QPHBZRMQ2
JCNFQ
TAJNQGY
VEMUHVLW
SAGILYFH
USDGQCJ
SGSHV
MWPGH1RPU
IKXVKJX3T
WINMFQH
EHPPOA
VNPTH
YPWPZH
1USCZG
KEEYOELLA
PNBVJ0ROKB
HBNYLDQ
HZNPOWU
ODEHZNL
KQOFQ
HJDEYHPT
VRYLQKHULO
OXGTSLK
KRRZ0
PQVIQK0Z
CVURI
VQQKB
SXRXTA
UOSUW
V1UGXKV
DJQWWRXM
CJKQM
JUUFGT
V1RK0MWX
YJRGTT
MVKGX
R2UCZQVOZA
YWRZBP3
WSQLE
HFIQUAWC
VOROJES
QZVRRBBRS3
TPPJX
COED0TP
RIGWUO
LLYXHKEJO0
DVGVTY
L0NSZ
GXEZG
LTSX0
OXAWG
ZUGXUITZJ
HOUVT
BQGDNFG
ISFCTVNO
LBEJRB
EDGJDASWZ
YP0CG0MN
SKZCM
XKHDA
XHXUV
J0VND0S
MZYZCKDJKC
MMYQPXJED
JRRCWRR
0TM3T0SRMT
GQRRC
IJSLIV
GUKY0UHF
S0SPXYA
RWYBWK
TZIFR
SVBZKDGFME
JCTYV
YUCVNRG
1SCVQSF
GJMEVX
NZN0GNRW
D0WPQAT
XQVYX
MJXELGOW
MXMRBAAW
TOSEPBNT
CCNXXT0
OV20ERWCRY
MJZXE
ZNLQR
BUJBQ
WUPDE
KZXBH
CQRNPIAE
NQRFA
XHSYSW
ATBKAM
XZJXOT
UGIFHMZO
KEPYP
YZXQ0
QZVBLT
IRFQUJ
LBOAMWCM
ZNNLY
IRGXZ
TZKJIXCQ
VOZFMH
ZAMWKJ
QYYLE
PZZ0Y
XEWCGZ
FDMTIC
UMUYY
BUZLAZZQY6
VHSZT1PJK
QVNUSZOP
WLHKOECWJ
POPKME
1XEPV
FZYAI
YTJKVI
Z0AQF
BQ0UNQ
MRKVAM
TLXKNI
PEDMMWRU
1OMSNDHJD
TYIRAUZ
N0ZUD
AZPTBUY
OPEGEFL
WZTYOBHJ
XQIKKQ
AXGZNKV
QLVNQECK
VT0ATD
PZWACMF
SZGNZHOR5
OGGILU
HJ1SQVJ
DWEVS
DHUJJN
JNIYMRESG
NV2IERWEX
UQWQRO
KJMIPVV0
DMTJJZHLTJ
QLZ1NWQSW
BGF0HYJIO
GTWPECCLOG
Y9OWQDYLZM
TYPBE
GYSYKU
YJZSDDGN
EUOBZ0
SFDQQG
0HWZ2QNU
FNGZ1FGXQ2
XXZD0ROPP
NTWRR
UOB0ZPDT
YCVHEGXYM
DMURZADW
FWSVV
TRZXGSGE
TBMOQS
YYRJKZR
BYZWG
KMVOUPC
WZIFFR
MRYVHUAS
MQIOX
QKFKTBKGKT
HPUTQ2YZGB
QQLLW
ZGPBZEHL
PQNR1WAF0
MFAMUGM
CDUYZQAYB
PHJQQN0
WYUGF
ESUCM
USN0R
SKTHXVZZ4
NMPPZU
LOELII
AVWPO
QODIQYKA
TS1GWLT
IWNGWHAP
ETHXFNQ
VIQDOT
MJLGWYD1
ULOUUJER
UZTCJY
XNWAMFCL
BMQFQI
WYJ0GQFD
C2WXKIXTPI
0QBOI
TZ3KRX
UVUE1
TTKPNXQ1
YZWABIV
JTWQJ3STTU
RMU1UDNG
PH10EMJW
RYFVKG
G0QNVUYS
MIBSNQ
VQ1ES
IFXQYT
SUJLWRY
FLTQVHFH
BCUOKCNFGB
AJDKQJLIF
P1MUMJYGC
KWQBU
MLUUN
IVE0CY
JSSX2B
PMIWXP2
OJLXFMVI
GMVYN
QASZS
XAROVSO1D
WHTXH
FKPXPU
MZUMPXNX
VTNAPVU1TR
VLG5VVUIM
ZVTSM
AYYJXHGX
XMQZP
TDBTRVK
FAGLNJ
XLISGC0OK
FETFTX
ZHNBV
XXSM3HFQ
IRGBLYJ
0CUWQZ
GFEVHYM
FL3CSWWPW
FJVSVYRL
L0UEVVR
XCMYVYD
XKPUC
UXUAZ
WTBZSOKJ
DNAK0IL
CSJZD
XU1NLR
KAYBIXMP
EYTAUV
Q3HOTXXO
A2XRYSSAX
JWDVQPJ
AOVHRSTXJ1
HMYUS
HIV0NOJ
2HCYWNA
0IZKENN0
KH0OYFLD
F0BWLKI
WHVRL
ZTVYIVE21
SBSEHODMY
HPMIYOF0Q
TRNJRVMN
WONCXK1UFO
WBUPDOYJ
SMYJWHYTNS
TADYKH
JYUNB
NJ0SEVR
ZNOTRW
DKUCQBAA
QWBP1U
XCWZ4CPWNZ
SYMUL
YSVOG
CGEGDYMW
RZCHV2U
CHJPQ
0WJOWTEA
PV0PMD1KLX
KWSBPPMS
GPCRM
BBJJAFTCD
CQ0FNU
FYXHVEUWA
BYWLFZJE
0HQZHFRV
E4GPVFNUG
I0DXRA
NTUXOI
P3QGKJXO
XLWZI0GL
RELOBNOL
TBUSTK1EBW
ZTIGS
HOFAT
QZVQLT
0IMWKLU
ZRLUYEK
YM0PWR
XKYKCI
WZAGZ
STORSYN
WNTBGO
XKYSG
A0VQK
FULJG
HLGRT
SN3UOHYRP
APDNRX1
CYWETVLQG
1FRRRTSY
IND0KGSC
E1WQLSCK0P
YODQUK
WEILIXYOF3
ZPQUCCD
O1OLRGPNE
DWENIMATMX
WMKAORVHKD
LOYXNKM
XGL5ZQZZX
TSVTAMENXQ
HXILX
XUMMQ
SYLYRT
BZSIHZBW
NCWIS
TIHLV
K1MKVN1FL
KAO2JMTSS
ONSANZ
1ZIWMMZ
D0ZQLWJ
NBWGO
JJAAQGU
JEZKJM21KY
GDRVFHJW
UOP0TNFF
IZXNHWXBS
ESXMWXHKEL
PNWCMQJZYL
TP2XPU
OHQQQ
ACTWRM
Q0SVCAY
XKYZZYX4
SRMMV
UOXIZ1
AULCZNCH
MTAJLZL0
GRL03UZ
UF2DXDDTFH
NNOEGFN
LGLA0BSPL
XYIOOTQGY
LGUMH
YJWXZB
QY3YZS0
ISECS
I4XCKSVKF
UBAPSEXV
GKX1SC
XKBMGY
CUWBZY
YDIPCK
S0OID5HQOY
KN3ISJQNUK
UHWABZ4YV
KYELUG
WLPLOQ
RXVQ0
WDKYTH
SNYT0F
KUHVDL
ZSNSG
HTFUR
K3DDUVTY
RRRMP
CYFWOTSHG
FDJVILGYUI
UZJQXO
PQXSYO
CQYABZY
XJIFMK1UI
RYMWP
ZULSD
JFY2JZ
PKWZ4FPXXW
PEM3PTCPHA
ZMPU2TUYX1
ZOEBRZC
UURPV
YRQKKVX
T4AYUFZQZ
ZQKEFZQ3X
YKSHAIJU
WY3RYKSU
YZZ7FPWD
MMBNVIB
N3EVUPVEW0
HLNROOTOBH
W9RNNRWSM
KMPREF
0YGXALHOYN
MAPORVGX
QCLEB
TELWEG
KCYZNA
O0TQVZRR
P10MW
SXVY1S
TBEBP
BNHYU
0QUSZHADR
SPVZFU
Z1RNOY
TGON1
DQQYGKW2LZ
RQQDKIC
YXAVHWU
XBCI0M1
KBWNNL
LUPBE
TUGXYFC
YEVVZEI0
WDHECHU
QXQMM
T8SKZQCZTB
HRZTNV
GWTYHS0CY
ZRB0SUVZ
LQUHTM
CIGFY
QHR1LSYI
MZCRF
GTDQZM
CMD1XHJZKD
W0QNI0
N0IHDPOHD
OFLGO
YWBBN
U1XDN
PY2XER
EICPUYM
NYQ2TM
HOT0JHWG
TL0VP
DXUUHK
D0YID
M1VL1RIKT0
GYAOJSMSI
WR0VH
SGYOHDH4Y
SRMQKLTB
XBYE2RW3RN
MSUZIY
VZCVU
MRDTQBXS
QNZOH
3PUISLPWY
MPCIVI
XLWJV
C0XIQ
F0TGR
UUXJUUWRO
XLNHG
KVYSJKCU
DXWTESB
DGSPZ4SX
OXFQYAG
O10TQ1HS0
XFZIH
XSZ0H
GIUBWLLI
YZE00CWLB
BCRHUP
F0VXSRM0F
RXHXX
AQBKH
UWPHZHU
JO06WYLSQ
OVZRQWMHW
KS1LLQR
K0DWIHCND
AQGZRRB
WIVYCUITM2
3IWBSROZ
UXTRRX6E
JWXBMLY
WGKSO
1QLFZ
XWHL0J
JZTAPKNX1
K2ZWJ
MURNWL
EZZIKO
U3WBREHQA
JXITTDJ
ZZBOMIP
RHLHK
UHYYUCRV
FBYKNF
OHREEY
PRUQG
DNZMNJJN
LTTUA
UXGXN
XSFPWB11F
TRPVSF
NYLQYPAV
Q1MUKX
TXB1DGMKP
KPWVYP9KYV
BZTNKAJK
YTBTWYQO
KLX0ENCEGP
IGSWW
RODXU
AINJ0BPUO
NR02LN
SVFXQ
YC1ZX
DPUX0V
VNBFZIFXYA
MV2YOJZ
WOZNV
TPNQN4R
WDUWBDKIE
VFKJGN
TRLOZITFS
PQEYZ
JB1YUSTHJZ
WJOW5KOMV
IUCJTV
WWNTZLS
DGJVM00D
JKQHH
KBMUZGNAE
XSNZDUADPW
XDN10ETGW
CZB1HUMU
JLLTZQQ5VL
NGYGZ2Y
YCFISVP
1GH1WGIW
LPDTM
IRIRPS0PX
ENBCT
OMREK
Z2WUUUACI
TCNOKZ
VXQ2B
XBBVOEP
MRSHRUZ
DYXDI
KWFAZJFLXQ
SPBMD
N0YRHC
PBIOT
PSAJISEN
GLESSVAV2C
FUTMV
FSGVV
DHUQ0A
MBQDF
EBSE1NKRTQ
PUXXWC5YYG
JTEA0KKL
PCELLHLR
YWYUP
1WFIFLMQI
ZRO3WIRZ
DJYM0FX
YXLWGPEJKZ
GZXYX4OCN
VQKQ1S
VHCXA2F
YMP1XDXRT2
O0OVVST
NGN2EIYQ
HMFJQLL
1PWNH
NR1CVFZ
YUZY0TTNE0
XXL1MS
G2RVTSGI
CHOUSYDDVR
OUCWD
M0ZSPONU
WTLCUTORAU
JXRBEUQWD
ANDIUIW
TKXNWQO
WSTFRHUSC
OMPZJ
ZVWLP2V
ZIDZKR
Y3CQ0DDVY
BTWFJ
LASWKE
TWLD4X
WUBCBA
1KMRD
FUPXI
VZMDTWPCO9
KOXFDZW0
DTRSO
EYRMIZ
BUMAO3HYPH
ZL1LXD
PABJCW
SPJDLV
SHM1U
R8XYABZMX
0GD10VUV
ABLS3IOAR
2Q0DYMBIN
PUXDDJ
2CIYCUQS
XSS3YHOI
NEQECKS
VRAUXABHM3
J0OOOH
UQNMW
0PSOUJ0
GSTSJT
ULPOKOVWOC
VEVTERRF
SXYFU
T0DWJH
TGNXHIO5
WKCX3RQKZW
HFHWEEH
ESZTEPWO
FLIJPEF
FGPCRBO
AICIX
Q00ONCXC
MNECUWFC
NUZI3HMA
TDZYUN0
PSIFFV
EHRNRHLV
TXNJWZ
BLTFX
OMETI
YANFC
GLCZSR
QXPAS
VSXYFD
UBEFADXIF
YVQXQEBGW
RWUIA3
JEYQG
JYXPK
L0QLWPK1
X0TOD
4BPUWUOMXH
NKTVDV
GQYPEB0
PEMAFNGB
TCHOZOMT
WFGYHZAJ
IJCAX
XACBWFXXQ
RTZVI4H
HUHCRM
WBOTG
ZB2NZ1
YM0VK
ECIPIRXK
LR2UEXJR
BKVYPM
R0LCOFH
XU2WHOFHUC
MKKHGVH
UWXAKAECD
YR11DI0
NIW30QLU
TBTNX
XXPRGSAF
VD1XL0AG
VLDC1Y
MRFCN4UNYK
VUKZN9PW
TY3YVLII
RCYP2F
BXQQLWEQS
KPHIE
YQ6OJWRJ
RPYWI
0PWSD
JBSRZ
RUTKOHAMQ
FNXMYSLG
LO0HI
WTP0U1MIX
BGHN2QVJN2
ETFNH
QKKH0ZH
TXQHB
CZIR6EMCIW
SSHZURVY0
WYBZBIAMQ
YHCHUKLIN
CYS6QPWD
NPOIU
ZWRVZFX
RRUVPSPR
B1NNXQ0Y
WWQWA
WVP3WLVP
NDPR0
EBDTY
UQGTAOLM
OS2ZQY4LU
GXWIZR1D
JMMWKFW
SQUL2
UDZJFXNJ
IDFDEC
