6733
3008
3622
1226
9968
113
1488
1338
3928
7144
6711
3075
8960
2635
1022
85
3317
56
1800
5343
1950
4074
2599
7018
131
9761
4184
542
1747
4580
5542
6605
5538
2689
2422
2460
5731
262
4787
8363
8493
7980
1139
1512
135
9139
286
3327
712
5789
1093
1332
3994
9736
2953
2313
5217
622
3047
9078
7140
5043
6240
912
9976
2589
6604
1023
5779
7760
6301
2221
4961
1122
4562
4667
4046
4517
6271
8310
6655
3404
2917
1608
6232
9671
3538
368
1296
9086
4760
1141
4081
6181
2239
226
3189
439
3896
7890
8452
7854
20
3619
4322
7716
1402
4
129
9138
1002
1076
8476
8022
5259
3444
9153
1414
9751
1681
9588
8843
9841
8421
2205
9842
5642
4779
5887
527
9812
9595
2899
190
6661
706
6542
6374
1346
3999
9817
1497
4658
3796
932
3870
5733
7608
664
6869
7742
5146
1011
9666
2848
8948
8334
5687
5691
3073
215
3069
8791
3652
2204
790
772
7985
7920
3840
9995
6087
2666
6777
4917
8468
1406
4719
9545
437
2792
5061
8128
2506
4811
7777
3319
1428
4853
6931
1474
4466
9703
9804
294
9573
9337
3078
6972
3573
5644
3655
6062
7548
8428
6992
5045
6732
6188
2481
1538
919
6236
7145
7492
9686
2229
7280
9395
4142
6943
7279
7691
5462
8905
8596
5711
3446
646
6023
6601
4279
8035
5319
2011
6172
1977
5284
5859
4413
8520
2310
9498
4584
2789
2780
5287
8747
1208
1820
2068
7429
9442
7003
9051
7601
2444
5571
1579
9290
6258
9313
136
3914
5264
9128
4220
4843
7630
1760
4468
2853
1606
817
5584
377
9561
6886
2334
2361
3720
2631
934
9499
3400
6939
6748
7204
3755
3547
8370
9565
7577
7347
8980
9998
8856
7613
4934
2574
8291
2294
5816
5935
9492
76
5631
8869
3349
1375
6036
1729
7806
4893
5784
