106135
6418
5995
148466
110085
136747
125505
116068
19781
106585
57540
66064
50045
91516
87275
41154
25407
76259
91023
150012
134874
1759
152393
65177
27429
103482
78387
41689
146929
63907
47444
90739
37182
140087
68480
48674
148299
57876
90154
118083
22031
119557
17684
65550
91422
31544
105513
112375
87062
89302
109512
142713
18312
97061
17336
16696
44895
75914
128179
104
73200
120477
18749
369
105723
37906
57662
20022
9995
109483
8915
151322
20968
36987
83968
127157
127695
39530
97693
118000
72378
142151
43499
48949
110218
93100
109168
75312
49678
89640
133019
87564
35599
69926
40
98761
12773
119714
62604
973
108498
102774
142267
56096
138025
38568
130926
86947
128921
82712
28567
144767
89507
20458
90271
12938
23543
140249
64884
52472
65545
61785
71103
483
81572
70565
118023
138325
39758
92266
104497
28780
100614
35456
23584
152796
44565
118952
141352
116531
19800
53803
84535
150187
145009
35353
87657
89185
18544
29057
148729
67694
99507
17507
97250
37838
29835
127935
107379
36086
10447
1783
25246
23749
24961
3391
8611
20912
48758
19593
140717
13329
75651
75699
115504
15435
84602
113701
138511
80059
59286
135789
39521
112827
43781
154729
48920
4375
53157
18672
114689
85472
151779
124463
138917
117603
33393
110530
34338
55308
146053
127738
59945
13812
140522
85332
141357
41351
30388
121628
154139
107767
25381
117812
94731
109021
8880
127850
44930
53186
53204
5287
133025
122981
53873
148811
140427
142308
25787
82762
144570
9029
94231
90583
6933
32803
137196
54936
23363
92824
92008
93451
29925
124363
95192
57387
107845
103966
93948
8043
40467
98262
61886
125969
76885
120438
68073
34672
140076
64459
68977
40875
145409
18257
25175
58309
109966
83527
31415
1661
5924
35663
29561
152177
133049
20491
48996
83026
117641
152655
92544
38014
118698
52211
13804
96535
61268
58724
15831
134422
67113
34553
120802
93030
47589
74765
29704
152340
54861
144555
115944
115011
48391
45201
48885
132893
9516
15947
152793
76375
37797
87833
88088
77563
97975
143141
122257
21137
121678
113862
137250
34294
62405
128475
60650
35105
68639
76370
149360
49563
141869
31893
53092
103181
133938
7726
131596
100444
125923
124190
30880
132602
126449
73453
31588
18219
115116
150960
151672
8652
30517
70731
108478
108036
145797
69969
83576
125260
1658
56132
31135
106168
96049
94813
18031
148804
5028
115406
60407
116474
11658
73910
50365
125152
114717
119119
35269
132791
83215
31247
1822
116520
144864
20560
6906
25722
5991
3057
141595
136188
75495
34422
55202
111122
47456
125401
81405
23619
120833
88707
129667
113172
83680
96628
100089
22223
72076
6271
108332
47065
60390
46490
134567
137390
85774
42216
15106
103784
144821
113502
77099
33247
133047
133001
75256
88657
142363
53628
51315
65604
65446
18468
134409
66462
82660
123525
38548
148626
148624
54794
15227
47512
44744
105549
42387
39362
115411
9954
58245
95673
38669
59920
74486
45557
149695
121682
93142
97926
118400
4471
50688
71016
13655
142855
5918
97427
88681
92870
131911
133169
89521
2344
6698
37213
83635
89424
135538
6374
85323
321
71180
12935
92340
63520
62561
64264
28646
99023
54800
120772
69015
16433
81611
118794
126009
52403
139684
116095
57001
65403
20298
49166
79869
105494
102043
147171
118620
462
18572
150751
130396
116074
25262
13107
136494
17153
17197
26369
29395
55238
131964
31728
38967
69874
61457
83013
2873
11385
49097
119106
33076
86170
129446
34793
146351
94265
69491
146077
129883
45943
40772
84081
48817
42453
106697
69756
145666
136065
132202
73766
22378
74270
85857
10800
80626
97403
11965
34530
37009
93842
47087
126661
3529
153119
17670
91597
134988
138870
125016
145251
107050
8747
121246
91310
124279
64975
66744
132606
109578
22630
13622
118657
127035
39985
53997
151156
110426
105832
115696
47824
99326
39095
64407
146751
93716
120357
101072
76568
28870
19874
136448
125830
113852
4964
43830
2756
93098
139074
540
46762
129178
72109
42495
32511
138057
122432
17122
37229
92797
81491
42724
105103
132718
88698
13428
83122
67325
89430
81007
7968
34616
93435
67820
80227
38673
24375
92105
39112
27069
101432
55842
18726
58420
92388
11457
131102
143411
53741
47812
124933
97892
117522
75415
85313
121389
112921
3435
49270
24912
55347
113249
13951
79172
18111
120172
57417
80140
152436
85879
43375
138264
152031
58639
22498
141782
70514
12864
76342
14720
78843
64192
143677
16377
149285
31556
14760
51990
4141
91733
94277
72051
138715
90622
63095
129664
79409
40580
71605
146603
105926
10880
126130
130360
58249
10231
132936
104860
106436
120827
132469
108943
121782
121809
70509
142385
54498
5161
133954
92616
153508
3174
47195
119301
50402
59561
100260
103885
15243
46454
113388
48983
127797
5334
8974
85509
87542
106419
16333
28757
9236
16589
125141
130064
17539
134007
57270
10894
81393
38817
61776
16832
5572
6278
63015
43749
133834
141097
93442
145757
44106
148797
31375
9760
28338
103540
142348
122461
11864
65792
101641
81330
99470
10476
26046
69888
138290
136523
97698
35299
118464
132605
10838
108680
109024
19059
64604
139080
54657
82474
92565
5147
11520
104851
51088
134237
132374
138426
117469
2426
110504
107106
107221
59554
90938
100704
20485
58509
138805
108586
23070
73653
86300
59993
103587
14747
74717
13673
10661
2500
74931
146426
94539
68939
109400
53492
92654
133786
15989
43992
143363
12445
87859
134231
41311
138595
25633
23115
23723
51195
150008
110720
19299
21009
43047
52903
150158
3927
112984
80880
34915
15668
109357
111660
105363
48857
84001
29449
72558
49606
77501
141639
36562
141285
2179
21468
286
102385
116041
96772
2304
47420
49546
92800
84947
125008
10342
52469
3259
34221
31406
139733
138257
122033
13483
557
92264
21248
33573
114945
67267
49430
52836
85829
147277
28422
138766
131340
101564
102152
97006
131509
73845
18325
147301
103373
1602
134748
108849
29909
130594
113945
106332
150029
99811
794
115523
119787
144960
74712
106812
139964
24320
60533
32663
6731
40482
111945
69359
129685
93776
69568
29327
140021
23784
105221
86134
66296
49874
139400
111990
135024
4031
47613
102027
26985
137562
139336
90118
787
146189
93247
18352
127017
79501
66376
89064
43005
121948
66240
95448
154817
93923
149544
998
140988
63094
43147
35460
145883
64261
65845
51901
93804
54493
96983
133036
87197
40306
134148
34250
114779
2956
90586
21859
101103
25552
154060
3216
81248
1893
81536
39210
121568
112006
36268
8910
51855
20553
9589
75391
39463
86906
153801
60148
134297
130611
79702
141594
17633
35909
145233
56880
68508
120732
91720
123616
86354
51222
47274
122273
54051
44915
1144
154997
49335
148471
59948
140498
87642
20788
136906
118827
81377
26185
29861
100339
47271
10399
80040
21251
105805
39612
50819
26379
50375
111314
89113
131028
18153
115530
54088
52593
85174
142924
9312
154815
35091
104732
31692
10581
58939
40940
84049
107961
135559
37162
69645
77511
3023
125885
126271
12643
65859
23461
74511
18339
76306
71040
112677
123205
139560
48237
68662
139511
71979
701
81171
100035
147358
87989
54062
150160
10914
71051
104631
114055
63128
114633
78666
51140
36960
74433
8605
122365
35102
91314
16343
86834
140618
137751
83961
47779
133710
17280
53614
147692
134764
132284
23277
81080
138585
14374
90935
116130
123228
37713
37329
1107
114413
9471
82379
23875
55640
26521
97973
71990
143159
2542
35578
11589
87065
88990
149498
59988
143836
89589
15737
35556
130266
118610
15291
108200
148816
140697
34070
117831
64556
60044
133502
154650
47636
5614
27007
111537
103778
147562
119082
138272
29322
80908
137990
106226
117764
108243
134259
39714
145618
42818
59758
103732
57188
18211
111233
140254
31623
70526
104842
81136
9330
1388
94356
74005
10402
20881
79686
48169
56278
28489
76576
18719
19034
154228
131769
27857
65776
68483
34657
21358
57077
50378
120643
16140
49003
27640
51772
27943
108534
120459
46039
144894
43230
138122
108325
7983
20500
83894
2947
12965
141369
112009
149495
13317
119987
123293
135583
123392
137497
5284
118027
61955
78581
126694
88234
85075
8046
39884
85989
112504
121469
78171
112539
24314
126000
21941
77103
119225
34903
16121
51650
43268
135632
98206
17873
115708
108580
70192
57757
60053
104307
147401
110284
125255
139459
142272
103269
46200
150224
74927
19409
6692
151851
84644
130334
42089
13644
81031
663
100109
36252
35734
127469
27185
68854
55848
54766
14106
115718
133207
86660
124267
90785
140635
99405
129439
115583
50282
22736
75
3527
144762
11426
18087
101589
79595
149305
26559
73020
62044
58025
60213
115310
26069
152079
136639
154393
114398
29001
27260
43758
88378
140349
69895
92098
47751
109921
81071
108714
92035
64927
108282
95757
86298
51799
121805
67726
38452
51776
32460
128053
25153
138672
121963
85647
39710
70151
105516
63544
105303
56834
95230
76584
91996
137792
2650
24248
99113
12560
73997
39348
128371
102264
76423
87070
109178
46734
69315
24603
33096
135425
96349
104218
43937
113825
153356
132883
83484
69489
27053
101920
58155
73260
29085
111214
117284
68080
106266
54359
112751
136080
117518
150266
120100
133528
23816
103046
104073
125482
74025
117409
78310
143617
60370
24004
46549
53795
9413
42241
143567
88534
114784
101211
138936
80111
147557
119997
126210
48982
29190
12021
127390
61580
79267
140008
55197
126312
115136
35726
136035
153594
68261
88095
83863
70441
40119
116642
40866
77381
106495
84260
93364
103449
17750
74422
128996
94593
138396
1035
119444
101191
99616
78873
101852
94585
119836
135907
67495
52587
109441
28999
116899
83637
130847
32119
50336
7708
152507
110977
76876
114820
148037
124697
136029
76441
57609
9601
154870
54495
87179
105459
49125
107938
3777
43069
45492
44205
100518
140613
56973
24339
91481
5694
112087
83446
46393
110859
131852
29955
145426
12055
99542
101184
19548
96987
77339
5559
126028
141271
69967
132123
60795
103204
70146
19799
29311
23236
74628
23403
84149
131887
95433
5104
74547
143081
94154
37257
101848
95307
4276
44469
9916
31356
117602
48156
122966
82623
18683
81313
56047
97514
65772
151577
11620
59197
26682
139254
134648
125836
146601
1595
26590
107
78346
102063
131591
142481
64211
59360
110616
23987
55641
81699
84159
11424
49736
121903
135591
109197
119627
24760
94681
86930
88867
49460
150949
18047
132336
100054
129124
115767
149295
139962
119640
90116
10989
130699
112620
52146
65271
35847
152576
49729
130099
11821
52591
15440
86021
75715
133793
59995
73944
113741
71425
88650
139639
5515
127442
36018
84127
107992
8520
97244
107606
80436
38293
28070
121760
82560
142198
23264
32263
67599
46869
72122
147927
107128
133822
89007
36258
43323
81503
135967
1839
100258
123460
106998
111473
114550
50530
67100
28607
45830
10444
120021
98037
80652
105946
120500
142452
95535
151511
31052
126810
146631
148983
71670
43688
146310
148947
45623
123562
44877
133531
132742
128418
129155
4338
78784
58239
111856
8432
20539
96617
114946
53418
79479
131577
71915
13865
141931
9209
119544
30295
93560
72215
3452
137400
54292
142742
53308
15073
19485
115451
136373
15915
79460
42054
138979
2585
4982
147039
81269
135791
68006
100587
6811
145607
151118
14758
58911
94329
32033
108165
74953
55724
154898
95293
71101
113631
117683
102458
75439
137101
109983
78232
65681
52103
92356
117644
71902
10285
21974
21449
25507
47619
17624
148668
64348
95556
71772
49019
58602
121506
94019
42956
14793
91398
94970
140858
79286
75637
17402
72003
140379
48490
60887
46606
78876
121737
112010
59803
85211
80367
64035
135929
87367
63259
41190
149262
138725
46713
75282
104264
115726
31492
17692
115620
8829
128486
142347
10630
63697
98214
124793
85354
39503
106374
43487
113517
76044
144265
67835
26831
44578
65082
118423
38093
10976
22522
25320
100700
104213
146827
76013
46282
35883
130026
103902
67392
61609
90007
145129
61218
90244
125861
19067
46848
20130
70566
112653
71463
154353
137691
21104
56097
109765
101864
52411
152735
73412
154886
90399
110877
140208
94072
39875
99325
108248
107640
123554
80002
112444
129731
15580
119448
86023
84988
130914
97873
125052
44147
25134
39752
145089
38647
142534
84308
116590
153520
5490
95704
33474
12670
105925
50152
97654
10679
81061
40179
106279
123981
42359
1529
79024
58629
67283
27311
13641
149736
25484
38759
58266
42013
39570
107870
94059
107103
84481
60157
74453
20406
9843
31869
45258
57730
115962
73858
79782
131222
129403
279
62950
26289
1957
64854
115123
91614
31675
89266
120266
23707
152591
98626
121552
140447
100756
31185
107883
71210
125233
13103
134970
144565
134383
129734
69175
26867
134690
109957
94895
131520
136691
144657
60343
3853
31339
142687
108363
11874
55337
65006
72575
49609
50268
63458
6965
135585
116802
56613
43776
107598
144009
147668
154104
93267
104102
114406
136335
135093
145201
66345
24819
20698
93608
105702
2061
131447
29919
115794
141341
82504
98173
28490
69785
34715
92392
60891
55223
94811
77520
139272
110271
37915
10512
42973
105282
86877
38113
81221
133370
115812
89808
114041
135884
77012
147355
110136
120472
112446
1607
142583
72986
5881
17135
74654
50749
52724
130141
98525
14171
65804
19904
146785
138469
140429
80912
154480
62481
39453
27920
132554
6844
46437
141697
112065
22285
99439
94634
70188
142243
43607
75275
121953
45344
91492
40520
143119
64180
74515
4066
83695
73247
99106
75186
108053
21348
48623
114536
78035
14206
115479
134716
73002
124455
74204
38123
4143
52202
126500
130491
59592
19734
12651
25989
147205
68511
136508
92659
103017
29915
64834
120056
41972
114856
72913
67540
45207
114389
30981
9207
123861
11153
150785
14197
94436
140352
33499
20799
26720
131020
17235
23828
52386
152614
90039
123529
26194
50028
26237
143134
108745
89553
61280
49343
43755
103576
58205
135097
130305
117565
138601
83742
119005
37928
122352
148857
62449
100045
42423
14862
107357
47069
91307
63838
58780
18663
135746
68651
124538
82942
64953
49250
135843
149820
118759
51599
107849
40329
94341
141963
5495
145716
69224
77584
67069
64513
36237
94359
61243
141018
111090
112204
86011
147283
142839
100428
123030
122853
148171
77628
55254
98181
25545
127579
95589
82887
124897
133365
86018
78383
90664
106798
67916
42894
14909
3901
71660
93786
136052
130923
16023
36433
65639
84858
88703
18032
108270
106175
121263
135651
141786
50765
116523
153660
107765
9504
33139
77766
82489
29694
69860
24913
70358
34708
18336
66406
2699
1666
142624
102719
24529
143561
131606
71658
98884
106556
45538
80404
68617
3469
116463
32260
154713
99729
66904
2499
143908
41973
114438
100566
58554
87259
120071
63655
151061
77185
141305
9755
80126
14706
118687
43860
73349
38839
145083
74307
26081
86919
26197
66590
63851
37144
47656
59530
49961
100924
78920
27822
67651
131166
142203
25761
11855
78692
146177
23
74112
4597
73253
18897
110180
12359
131232
101755
90711
60471
92875
36451
109000
51190
19585
9460
80774
109136
20200
91941
69072
29409
40426
135616
132564
14077
116667
76880
142840
149091
76753
96824
115112
90649
13729
113904
52804
88210
146190
80146
8405
137197
85617
61120
69249
131343
151811
26560
84754
67643
65848
118291
111936
137720
90709
143902
136207
90453
95588
148440
90572
66969
139619
96482
88646
34757
92700
42436
11650
118330
77436
23620
130785
77817
34902
111541
56929
140094
118557
7392
143739
71811
41198
58394
31590
60405
95340
143729
66877
56442
25530
136635
97054
21641
25804
87291
66007
37350
90947
32131
132541
36419
66794
148560
16619
11296
131518
98867
51020
99841
99807
135339
7841
146396
18445
62072
54806
72502
67306
129259
79151
48123
89140
6909
86186
26406
63189
80204
95366
74038
67260
69595
147001
114507
124308
97499
18838
19865
2876
58988
44964
148258
18414
112119
12342
59900
63658
48954
115516
104404
140350
61100
126385
30726
127574
99422
99636
55961
19558
21335
128832
73810
96826
101268
114514
146444
72308
36147
58070
141569
1431
42633
21740
74503
55278
123160
54194
29722
15401
148196
23406
73853
87544
95303
114498
115966
130702
118836
108885
386
89152
37771
56379
117787
102585
59340
104077
87700
49437
69480
122132
109295
115409
59916
21741
124992
1534
139668
90206
49170
143403
64718
108034
23182
31088
154170
18642
17474
51710
78906
100974
41039
5814
95360
114337
143419
44856
88612
120745
117877
13165
20271
94398
129924
106571
110134
147684
8402
143520
24232
11868
86778
95160
122554
149501
82779
112480
100635
121249
75041
94321
119199
102357
1267
39949
53575
111224
109020
58185
142827
153468
38755
110273
63922
117713
48563
117297
99319
149074
144587
109661
14467
56627
15533
25460
10695
151873
23494
133884
29465
141814
82659
88679
85922
13798
97931
96071
115367
47289
133247
37729
59637
14425
5517
77689
105013
93521
56626
57606
109935
119521
60275
91371
146376
128743
101119
28182
26773
108331
119946
110427
60153
84442
73107
7215
18675
46667
45431
108426
128868
135008
111322
103162
77847
151197
142862
131112
106191
9081
122714
143682
74620
22465
134734
34244
130771
49809
128173
38916
21204
151641
29747
59280
6626
89584
87620
9258
99974
26956
39775
154320
154822
102155
34109
96706
64353
52380
104558
132477
20502
137341
4254
77977
47912
4862
150606
144061
83189
93917
14538
50215
80456
129410
145082
73805
28523
48125
119057
65392
558
5947
6704
100998
57187
103676
6600
92838
48524
40967
34747
24008
125256
21272
140989
28884
674
12392
18667
4051
32404
151958
75315
37192
87014
10364
67595
131332
49738
32924
11959
105752
91986
47077
63444
70613
121512
135117
123154
57248
71272
46407
139582
74268
15563
135656
59415
114235
119681
20996
134216
69365
147280
54844
88081
7620
134120
2634
116360
117558
47112
50874
26090
70729
93143
60698
122765
90069
15868
120498
81960
36471
95168
129699
50317
119978
85847
51030
40709
40343
128282
116207
148492
33817
770
120988
103756
138365
90862
12440
46242
14061
79250
126681
55559
123207
58284
92672
67989
4108
13996
104388
15778
72113
53123
92398
76825
25074
60523
45544
18171
136380
116656
84972
106687
151034
86980
42451
5044
8325
109905
123155
148791
59036
5948
141228
81631
137236
66952
85268
128331
25830
92006
116251
47608
134344
153931
83262
148856
135054
63318
74566
101701
70635
109647
75802
1066
21861
73786
47275
64424
66863
63315
81600
86220
11003
77131
3335
152171
6658
69053
130863
64174
51429
14210
107530
40734
97294
23980
67988
137052
148282
78158
116847
99394
129627
52662
46991
27906
54524
113305
150511
152522
46809
133425
5384
104787
10345
45795
84200
130029
124627
137921
3267
1365
45759
68033
30884
14305
81310
85488
4357
154670
73383
129053
101849
85755
88749
112200
130688
99759
145213
39502
65117
84329
86351
79333
16061
33449
40037
2701
105450
77234
72479
22899
11328
127007
46046
83924
72679
123097
76655
62518
8213
33867
57469
72803
90675
130023
85742
13577
152118
57719
20205
60751
130871
116301
30662
74016
81779
137866
25156
21486
149767
139884
129614
71844
123964
32827
100929
24655
73770
151783
5671
150956
71971
131372
8547
120948
125446
63593
119817
85512
64282
132547
108048
65070
85163
16230
147955
133809
12441
140924
144337
41353
113337
6344
140397
73987
110308
144141
262
20165
109597
137669
102304
37268
18649
52950
33465
74687
50239
57812
89133
137542
114412
103345
128483
45504
49059
122189
75464
4467
27589
87774
75132
15949
135613
24018
114350
16055
15084
95468
28786
1457
8798
7910
144341
88873
35526
77889
111828
113096
124536
32722
54744
39997
109566
74420
12053
130613
144308
