I
4
W
q
f
T
B
s
C
7
2
w
9
X
l
5
A
0
k
i
m
Y
P
g
D
G
O
r
I_
U
t
3
6
JQ
v
n
u
qC
z
T4
x
J
H
kN
rw
v_
E
V_
N
M
1
Q
V
j
gw
JV
xP
EL
U1
XZ
FM
xT
dq
F
EO
p
Z
y
IQ
dy
hw
q4
qE
U_
aN
gp
gt
38
qG
q0
kx
kM
56
AQ
sD
nw
I5
uM
oB
q2
i_
DY
rG
OT
r1
B6
nK
cM
h4
M3
pu
CU
nP
bY
TV
nF
G3
wS
aP
C_
HT
aX
ry
H2
hp
bT
ES
nA
jZ
48
dt
GS
fA
aF
rU
ER
ps
e_
pv
jq
pW
GV
ST
o6
bD
SX
c2
nU
p_
y_
U3
DK
gi
H_
bN
dF
an
nr
DW
M_
Y6
eW
eR
fH
oG
n2
eZ
pO
mP
K1
eq
kA
mz
UY
oP
hm
zM
c7
GX
dX
jk
cm
W1
o_
cF
jF
ft
op
v2
by
ax
KZ
P5
bc
jB
pw
jQ
r5
eH
qT
dN
BH
e3
hF
vX
wZ
OZ
S4
sE
wN
iW
mC
q6
nS
zC
pN
I9
sR
f3
jp
qy
pH
df
f2
y0
GI
dJ
rA
CT
aD
bP
EM
a8
yF
pF
CV
gN
rO
MU
fy
eu
T6
cv
hy
x3
o5
SU
n4
bG
kI
hU
CG
g8
tI
uT
g_
e7
Z0
zF
jm
GO
vG
xW
uS
Y1
kC
m4
o0
pT
bl
ls
y7
u1
jH
TU
KY
hC
kv
ce
u5
68
R5
tZ
KL
BL
m7
ly
13
Y3
qW
hv
t9
oL
27
tV
mn
wX
z_
vL
c_
kD
jD
rD
vZ
xD
T9
oY
aq
AM
s6
J3
I0
mq
P8
kl
u_
DQ
ac
j2
ep
jJ
OP
js
kJ
EN
hK
eM
dH
Z6
kZ
uG
bx
M9
yN
FG
bj
jN
V1
z2
fk
GH
in
J8
s_
fK
G_
IP
w1
fI
vT
D4
kw
gT
fU
D0
kp
Q4
zV
oS
es
uR
X1
qKZ
pU
Y4
dpP
wV
sU
mW
yR4
uyQ
lE
vQ2
cl8
v0
n9
fO
JY
hm5
lxI
xN
aEH
k8
eg2
cqE
sX
COU
ru
fG
HZ
x_
UV
pWX
bqA
tF8
J14
al2
BFI
DJT
a16
i90
CUZ
18
kyK
oQV
GT5
nOZ
o9
sJ5
aO1
ms1
qKM
fsW
nw7
dOW
tH5
krv
djN
uMP
pB7
IQ3
pL7
JOW
acP
GQ
rKW
CZ9
pGT
cQ7
OT4
gl_
fO7
uT0
o49
kz2
dW0
dxC
iA4
iqw
A68
bZ1
FNV
syF
hJV
fAP
iDL
cBJ
euP
pTW
cmz
lL1
eiv
fvU
ajT
ei
CFT
dqE
eIO
iwK
gHM
iL2
vM_
OPT
bgw
bmx
wP5
cE2
itU
23_
hZ0
cfD
oKU
GJ8
jnB
jvT
BU2
qG_
fO3
wNZ
lBJ
cg9
FP2
aU0
dex
nNQ
cjU
Q36
bzX
wy7
dnL
wJN
tXZ
sW9
fzR
rQZ
DW8
wz4
fh8
oDK
lnJ
hq4
hJ2
jpz
aq7
bc3
acU
IMS
AZ0
jO3
af4
UW5
aB_
KQ4
xHN
eAB
gqV
ce1
kor
wR4
pKM
exY
fg3
fF2
wxM
byE
CPW
hmX
dQV
CF5
diz
ixG
mu_
bx6
rFS
bhq
kLN
oE7
ewT
RVZ
zRT
kEY
HR2
lmQ
Q12
iY7
lDV
IUY
hsZ
tvT
gLX
pGZ
jt0
IK7
bel
13_
mqt
sJ9
dHJ
mEP
PV1
wx_
iop
ILZ
lrA
EIV
d1_
frt
go0
mL8
KVY
cY_
b30
kIS
nGN
ds4
vE2
iBH
ikm
jIT
kV5
pyB
jpY
oFP
lD_
dvD
vW2
ln8
AUW
uC2
i69
KR8
UZ9
mop
QY0
svK
t28
v46
mN_
fLO
S9_
eK5
hX1
gY_
fNW
co0
kNP
pS4
ctX
gH8
hNR
cp_
q6_
E79
oZ7
uR4
ctC
A24
cuQ
bV3
bnN
x0_
pxB
kuS
qN_
biy
gyH
r26
LP3
LPS
gtD
qMR
pRX
svE
awQ
gz7
xLP
cmZ
koF
M14
bhH
IX6
uxS
SV0
cdP
nz5
bJV
hF3
mCE
cGJ
u50
cgy
o59
jAW
SW7
oxP
EIX
vy1
tIY
qw1
v47
psV
ac_
xIP
cpr
ceJ
rB6
aA2
xO6
jv5
lGJ
FJ9
nuR
mvS
kz_
foJ
atS
fky
fr3
jop
kw_
fV_
CK1
CFH
IT3
brT
ux2
xR3
ls5
DOU
iA6
eTU
dI7
dew
IW1
jCK
ex8
oZ4
abp
fCU
guN
bvL
m58
aU8
dA6
huz
gFP
MS9
vG0
fzY
hvD
BNS
tQU
st2
aDU
qz6
fhk
d57
LS6
nP3
PVX
uX4
brv
bm1
eGW
dEL
aes
sPR
vyB
rvx
y14
kwQ
fzT
uN6
mx3
fV1
vEU
pw1
nOQ
EJO
HN6
grA
nV5
jnH
xZ6
zNR
yY8
U12
qRY
glm
hQ4
hGP
mnE
xyM
ajH
LT7
ez6
jFR
d67
yJ9
kzD
RY_
iC1
hlV
fgK
IK6
kpt
ez3
imK
qSX
gpE
pzB
AY9
n90
egp
alT
hpy
fEZ
sZ5
nzA
gio
swR
hLQ
MQ3
fOS
pN1
sw6
auA
rwB
dC0
dxO
cG_
uDS
hwW
lrN
itH
ovE
CJM
gyE
fgR
kn9
aFP
tE_
tQ0
sAP
jo_
ev4
AF1
S27
AI5
EM5
kxE
dO3
J15
cHM
jCM
pV0
xCN
v69
ceN
oq6
vJT
uFN
mqR
ADL
acW
ahv
ou9
CE8
xUZ
oq3
qtI
kqD
ops
AVZ
bIU
iHN
aMT
av3
akC
oAW
fr4
dxL
GLQ
KRS
oAL
dT8
afo
JO4
lmN
env
zQ0
S90
ouD
FGY
ps0
mwx
kX_
rtP
vCX
lA7
aS0
es5
gJR
kM0
fnD
fj1
FHV
itK
EMZ
fHI
aoA
chY
ry5
ES9
no8
yGO
nE0
wB8
OR1
W28
sC4
xO1
ru9
pR2
OP4
hwI
klz
gV1
hB1
jow
qr7
rv5
aRT
mH9
cET
sHR
gDM
ovO
cZ9
bxI
qMS
hzC
ksA
drQ
DSY
sN1
NRS
s15
ixU
lGO
pKQ
AEY
wzK
gHU
IKY
zIX
hF9
EV4
hlp
mFJ
x56
oyT
jC8
cFX
dtB
uCI
yTX
ouB
AJ7
AKX
f7_
mX0
lxP
KW0
RW5
lFM
dtX
X16
jmw
bDZ
xIQ
rNV
jLW
ehW
lEK
myO
FKO
fQX
psv
TZ5
fB_
lqT
LP2
lnE
oM1
dAK
oQR
dAE
opx
hVX
kU9
EJ4
qGZ
oFO
grW
bIR
ho7
EPS
eyC
mE4
ANU
X80
zL8
cpE
bOS
glF
afS
dh3
fuI
i80
j4_
tCS
BNW
koV
j69
oLV
pCQ
cLO
kB5
tNR
fmW
iqR
kpv
xLT
dwJ
pyY
fJU
wE0
bk_
gq1
jG1
GQ7
efX
sJR
oAP
uLT
fWX
A69
gux
DFJ
uI1
BMQ
IK9
hmT
kC8
O30
wXZ
hGR
dy8
uvR
dW5
dU2
hL4
oFW
nzK
uy0
NZ_
iv7
NQY
cEW
u49
jsY
lKT
sxH
zEQ
XZ_
D28
tJ5
JW8
GI4
cjY
aJX
sG3
I45
sw8
oIP
HQU
gAZ
fG0
MW8
agK
uFG
xK7
378
ij3
aU5
jL2
CD8
hQR
g9_
bP8
rE6
eDV
er8
fsH
iF4
rAG
bjV
jtF
AJ8
JOR
nvB
eKQ
KPZ
A14
eiw
gG2
lzP
rCZ
gzU
jS6
iE6
mnS
GL_
abt
sV_
v9_
deu
fJ5
BNZ
fFX
lps
jKT
a20
ht9
yDK
BEU
HZ3
oFX
vwI
fpX
uv3
az5
rvF
uF3
BP9
wIS
rzE
iDJ
IOS
oQ5
xOR
oMN
dr8
bC3
kEM
L8_
hsA
gZ6
zIK
eO0
msY
LZ3
guF
erT
LNQ
dj1
IO5
fvS
xMT
IZ2
vZ5
stY
fjy
fvZ
vBV
dEI
iH4
bzO
U79
yP6
aBO
hKZ
yHR
GR9
fW1
hGJ
dW4
osM
JW2
zLS
pY9
jK6
tU6
AT6
kz7
xIM
GM7
dHT
dqw
bT9
ptO
CL3
rM0
pNZ
dem
lwO
jyR
YZ5
su0
cj_
dpv
ltZ
Z5_
tU0
yHU
sv2
jBX
wKN
kn7
h70
EGW
rt9
swT
jp6
o78
aB3
qw3
KQ_
rCH
opH
gS2
dtN
gPV
oM8
HU2
tDV
qvE
tvR
249
dGM
xBY
mCT
oHO
kwI
IR1
jRX
bT1
dgX
aqS
dN6
IY5
jV_
eA5
rNW
nKV
rAT
cW6
dgq
lrJ
CLW
nAV
oY8
uI7
klr
iyL
brI
pUY
azV
u13
S19
uW0
xHS
v1_
dDQ
lD2
fyC
cQ_
aj2
QW5
eqx
qK_
uxK
sK0
quY
B49
opu
auU
kLR
qsG
del
aC7
dL3
hrA
co1
fsZ
gqF
iQ0
bfh
KZ0
svx
bgX
ayY
wIQ
BIS
ptz
rR9
hwK
eI0
oCJ
AE_
iR5
cqv
eG6
kq9
knq
bDY
nsW
aDR
vBU
ct4
wZ2
jU_
DG1
gIV
nEW
IV2
hQS
CIP
bU2
L4_
OZ3
oR1
ayL
130
owE
rzI
pHY
jkC
cfk
iyI
zFK
E45
fh2
gnx
kPV
HRY
fhE
jVZ
FPU
V90
uGY
lNP
yK8
JT6
qQ0
SU_
qBG
inX
yEW
DVZ
itM
IU8
czV
MT7
yA2
pxK
tuA
dX7
oH3
btX
npC
cxB
jC7
gJM
hwE
wy4
IJR
UW2
tV0
zMO
tS6
qL4
mx_
yL_
hiS
zD3
rPY
bDO
bN3
s70
cpY
LQV
vwU
ryH
hZ9
fDY
hCV
I79
QT8
zZ6
gU4
s9_
brz
xDF
ces
dP0
df8
dBG
F68
xAM
sN0
ptH
o10
KR5
CD3
l28
oIL
dhP
nq3
frs
ioS
rDO
gmu
rOX
DNT
nW9
cj8
GV4
ioL
ptW
cwX
csD
dpW
vRT
xQ5
bnQ
xW8
lA_
bew
ku2
t80
gRS
dGV
fvC
pH9
fgN
IN9
xQ1
wH5
zG1
sS6
rEP
qL5
hUZ
aeE
FL9
HS7
anL
gJT
syI
az4
ft8
tE7
PV3
BOT
nDX
EZ7
dr3
rwW
rw9
CDY
nGH
fmp
deA
eAL
cnE
hiH
ben
V78
aFQ
qyO
rIK
qtB
uDI
for
sGK
eI7
gCD
qvI
uy8
eFY
cTU
zY7
cdZ
aGQ
beG
K14
mU1
pX2
JL9
bT7
ou_
u16
qvL
lm9
BUV
IX_
DUV
fz6
gwD
hJ6
nA1
DJM
vxQ
etU
hj_
EX5
CNO
s1_
aci
mG0
sQ1
UY3
jA0
hSX
lI5
kAT
gCR
M7_
vC0
HW4
txG
aAG
bW0
dh2
bAM
hp7
D19
xJK
pst
vyL
IOY
fxB
aJN
gjw
IMY
fV0
gpV
wR7
rw8
wLT
oPV
jZ2
NYZ
AUV
dpQ
lLS
qxE
y67
otZ
z48
nG2
oAU
qrR
B79
iR4
iS7
OX3
ST3
aqR
CDO
hH5
bsF
a67
KX1
gmG
ER9
jnu
wP8
vG2
kES
rwz
AX4
gX1
Y23
mx0
eyV
aM5
lY6
aRY
pL1
fJO
wCI
qY0
IS7
pu2
gI2
eCF
eKO
gY2
oY6
jUY
zO4
vA4
iAW
hj5
kKN
zA2
m37
fu1
iu0
sxL
nPR
qLQ
eH2
gMO
cfU
ad9
gx1
fi1
duK
CQ7
luI
qB2
hq3
K34
vKY
izT
n69
yEO
fyJ
tCW
bvz
ijp
x48
v14
dyC
sMT
stA
m47
zOZ
iw_
O12
GSU
bm4
p67
tYZ
b67
F57
qt2
nBZ
cHN
gY1
lvJ
kZ6
ek9
zUY
JNS
uE5
kz0
hxA
P39
CMW
lW2
oyC
svB
ERV
gIW
K57
w48
szF
nEX
arx
xP2
GJZ
lqv
suT
lC8
jK2
GJP
bl8
dpw
bly
rtB
qy6
enE
QY8
bu2
IU7
jlY
fu4
lqD
bvD
cSZ
sO4
zKL
u0_
fwN
ABW
fjK
uU1
noV
FM5
HWY
lS3
dyM
JL0
fU_
msK
sBK
clN
uvK
xzL
msu
qyE
efY
orW
erA
fxF
TX1
FQ6
lr1
hmQ
CJL
Z47
JLV
rVX
bsU
mAL
j19
PX0
pTY
diJ
uCX
yAP
cfJ
TW4
hyU
nIM
d16
ads
sDV
fL6
hRU
rB4
yMS
tH1
tDK
pyF
zE7
JPS
qT3
nyE
CL5
xZ_
xCY
npz
lL2
bu_
qOQ
uW5
noH
aN7
grP
hsx
qu1
tBO
gJK
LT4
bhL
in0
sFY
bkS
prs
emQ
rIJ
nq6
mKT
hV0
AHY
iD_
DL_
mFZ
epr
sBR
jU7
zX9
GR7
hEH
oR4
jZ_
aDG
jV7
jzE
kHR
bG_
eN1
zD0
cuF
uCW
eY4
CS4
buC
tyE
CMS
aP5
otD
vA1
uRX
ILP
GQU
gBX
lJV
fo3
cuX
GMP
pC8
aW8
fkV
eUW
ghA
knu
kzT
quW
rwQ
ftA
ozA
chU
fg4
eP6
yzB
ck0
gCJ
kUZ
fiY
hv3
uJP
iRW
qAQ
fjG
hw0
rv3
ABK
amC
yQ9
vA6
aOQ
tAG
SY7
jHK
R57
jAK
kzH
a26
cAJ
NOU
LP1
eis
dqt
sIK
kEH
xI4
sV4
uyD
esJ
lFS
doA
dgK
qNW
ntR
fPZ
dkz
rBK
mBR
ex3
GZ9
oEO
pK3
RX6
fuU
rHX
G45
puK
orZ
dkM
czH
hkq
fp1
uBM
yVZ
fsu
oAK
H40
euH
sE4
lou
xMY
tuO
rt7
jvY
j18
nJP
pEG
dvT
GNY
cG2
mzW
hj4
ceZ
osZ
pLO
ELS
txE
jHT
cZ_
GSX
swV
jwQ
ER2
aDJ
ezU
tU7
QY5
R7_
cw5
EPU
yI2
CR2
foV
nQ_
jPQ
gNQ
CF2
fqC
xR1
vQ1
t2_
ruQ
suH
FHJ
GX7
klT
biF
LZ5
wO0
jP_
pJT
HJP
mW5
IW6
hr8
tX_
rF2
BJ4
mL0
cqA
ayJ
jsW
fuT
jJQ
py0
Z10
vJ4
yzF
wJW
IRX
mvE
wIM
LOX
eDU
eL8
J2_
G19
n78
duZ
elp
E46
MNT
pu9
qrV
cP7
tM_
jB9
qxO
IV7
eyB
wH4
qY3
nr6
pT9
gor
bQ5
mXZ
bu8
loC
sN2
iT2
cuE
vy5
uJ5
RVW
U16
QYZ
vAN
jC5
j36
qKL
yNS
kMP
AQS
gp_
kP5
cgH
z59
qN4
gEN
qM2
dis
ivw
dGI
yN9
ltM
noK
vY0
xyX
goY
OU8
kow
rHK
HX_
CK2
fyN
zEZ
gy6
xQV
rU2
HVY
sG1
hK6
joQ
U25
NP_
LM3
bcJ
myC
JM_
QXZ
qF5
VW5
ABH
cC_
nwD
coI
kF_
yD7
sR3
qE0
W18
uGV
cmG
oX9
qEP
pHP
lwC
imI
hqI
aqV
gsW
fgU
dW_
irt
eJK
bAW
vX3
eoD
aDI
aB4
ghZ
dqJ
GKO
pA1
lmo
cCR
KW5
wyM
AMW
FIQ
qB4
uP5
cQ9
pwF
APR
AG3
JR8
PY6
jqW
bhE
jA_
sRW
MS0
hiZ
oU1
lEQ
FH3
sS4
gx6
iow
emG
tE1
k25
ah1
m17
fnF
jJZ
tY5
uQ0
amJ
abn
dhp
yS5
kY4
JWZ
qX3
ej3
zPQ
nP1
iyM
gQW
bs1
jyQ
kDQ
wy6
u27
hiT
lS6
ipv
jyV
ktw
JL6
qLM
ewB
apz
O15
mzS
EGO
alu
jCG
kpF
lqO
ckX
wzS
vM5
oMO
eix
o30
nuv
fhn
buR
Z24
iLZ
rH2
uyB
FHK
eh5
yKX
aJO
aNX
iz7
U47
eiU
gBH
JNQ
bHJ
CO7
gBT
QTV
cGM
eH4
pxD
r36
fER
gTX
iQS
kS_
rBP
yPU
eLQ
rEL
gC6
tyD
bhw
tz5
iM0
FMP
oNU
gw6
tIX
xFR
arQ
uJS
qEW
RY9
fX0
wxW
bU7
NR1
jMW
tvy
ciZ
rAY
uEG
eW4
xHX
lX_
DY0
byO
py_
bgY
dnS
xDE
p25
ltF
rtD
LS1
eyz
HZ4
oB_
hn1
aC4
DGL
bBJ
gkm
I28
kIX
blv
npu
IW5
zCK
nxR
rT5
pq4
sGH
itG
a6_
tuV
ou0
vz4
gkp
iDY
iJW
aAN
fhm
yY2
crv
gkL
NO0
czN
dyz
sGL
hjZ
pH0
zO3
kW8
dG5
Z26
mG1
lsV
hA9
TUY
aeo
cfp
det
AEJ
eHK
uER
dBV
bY8
xN4
hrV
iwG
mKR
hrF
jT2
tuw
l45
wxA
GIT
qw7
nY9
ntY
i35
MOY
lEL
z89
efB
EM7
ktz
dV4
hCF
lwE
bp4
egL
tA3
gnE
bkF
jZ1
uZ7
hwH
DK7
W6_
zLV
gTV
osX
bo7
wyW
zB3
zJY
DKL
zNP
h7_
bMS
dw7
wO6
mNY
hmY
huZ
EF1
eL0
zEK
jZ9
myL
yI7
fgG
oIU
uwK
o24
iDO
kQ7
B34
kWZ
nq2
tyA
D50
bHU
iC0
qT6
tBJ
hR4
qtN
wNW
z15
lmL
jn3
bsV
f80
qsL
acd
jn7
ADT
pxZ
jqL
EH0
mps
qX1
rs_
B70
mN2
nvO
dkK
kAH
rwR
dvJ
rx5
aXY
bG2
HSU
lPX
IN_
pWY
EJK
xES
aoF
wEF
oQX
eTX
vET
mX7
EMR
ah4
xG5
hJY
fT_
bP7
mtV
pv1
sKS
uEU
nR3
kHM
jq1
lrX
fmQ
qx2
ISV
nzG
isF
clK
lrI
oxV
pY7
xA0
gAS
it2
c37
hsF
jtS
pSZ
X89
tW4
acX
xG6
BS1
EGL
wx8
sWX
aqA
etx
y48
aO_
SX5
dK1
fq2
sC9
gkS
bpK
zDG
fij
zPY
I1_
FL6
czG
xIV
N37
h8_
bfy
lnr
zW1
rDI
dfr
bNS
HRX
fx4
nIY
jly
pBU
K3_
mr8
xM7
vQ5
jEY
vG4
HS_
itO
lY8
qz5
h27
fyQ
pJ5
fwz
ip2
oF9
grQ
nxV
oqN
isC
fGK
hxF
X34
zHQ
oX1
jl9
gl9
rI0
glX
hip
vJ5
bcu
gkV
dB4
jsI
uMO
hsP
wyY
giW
elS
tN9
DN8
rAL
ipP
ry0
akW
ejB
ozU
B10
uyN
qQ2
op0
cHY
jmB
ALP
nvS
zM1
f18
AL1
fjq
vzZ
dyR
AE3
ovx
jQT
nMZ
nT_
zCY
aor
hu8
bev
y1_
fqM
pxR
xLX
lPY
uS7
R70
cr5
nxz
fO0
gjN
lJ3
pKU
oN5
vG_
EOU
K48
nw1
HI3
pKO
pvO
FO_
C78
zU1
adK
ioN
vS9
HT0
DEZ
CDS
lR3
lD5
J16
d14
I16
oGY
kl_
cv2
mFU
CG1
I34
gEP
cgm
iB7
pr2
CKV
efj
cAU
s24
vI8
rTY
flS
DFX
DZ4
h60
dnq
mKY
dH2
wG_
eqW
aK4
kQ0
mvC
aoK
LY_
bu9
e36
fD4
Q47
gSW
KPW
b0_
AGS
enX
grD
uBV
BH_
wNV
qDY
aF6
mJ9
imq
bwS
pV5
iGH
GPT
d34
MS6
iB_
nz3
NS3
lTY
hnM
mwC
OU3
lvH
mSY
xEW
ae7
aqK
vCU
hBF
yL4
oG1
B0_
dC1
hQ5
u24
jsv
L20
rxX
CMV
cpN
zR9
HQV
JP9
v25
wDP
dkl
fm3
qO6
fiv
ctY
hvF
lpN
pL9
DEX
owD
fkn
ehH
qyQ
jtL
SUY
lEX
q68
ilN
b40
bjI
iB0
cp9
cCK
qG6
gJ_
KQT
BTX
kU3
bC5
bdN
lEN
LOS
qsH
qz7
kS1
fn5
JQS
rGH
kK0
lX3
ers
IU5
eU1
mDH
ay2
dky
dyW
tP9
lB3
dtG
asz
vH1
oI5
kL6
uMW
eV2
hIT
jku
dwP
uwZ
lqQ
moH
qCM
uLN
irU
BX0
iyF
hEX
u17
abo
kuK
eMN
F5_
rvA
FSU
lV7
xIL
bL4
pDP
mnT
wM0
pEZ
iOU
dj2
KT0
cEU
oEX
GM3
qR5
B89
qEO
hu4
uKY
jnt
aj3
irs
tAD
tK7
ix6
iT1
HOQ
bgt
koU
atv
qIN
fOT
V29
lxV
qW7
swS
BJ_
byz
kNZ
bp5
FO1
cfM
vS5
LPR
hP9
vDK
br7
du0
nqD
iT3
UX6
ruV
df3
cjo
mp_
hNY
kTZ
pvD
npY
lAT
M35
pqV
rxD
fq5
uxZ
jU1
wPR
diB
mnI
wCJ
cEJ
zOT
ny8
nRS
hk9
aR1
dU6
JOZ
yIK
uJ6
xX8
HP7
nC1
eB4
yCT
MUV
kOX
PZ9
ikp
aS2
eiZ
fyS
zC1
lQ4
z16
kFI
uN8
pPR
gj7
q48
hv5
oH5
gCZ
wV_
apR
swX
vL8
bj5
JU0
eH3
jMS
y19
vJL
cd9
eiD
aX6
HMQ
C25
p7_
vV5
cgq
jtV
vz8
inz
j45
GL6
iN0
bsH
els
ftM
AGI
vX9
gN3
bn4
rW8
pG3
lO7
M50
356
BRU
LNT
fAT
P34
iy2
wBK
jpq
nL0
gkZ
iuZ
coy
pU0
wNP
fU1
jt4
mv5
GJ3
M13
jvA
pQ3
ny_
rHQ
ovF
ckI
cl9
itA
xEH
U6_
lTU
acp
C18
B30
nIX
mGM
yN5
eV8
hkr
aPZ
iPQ
jrS
vCT
kV2
oU8
CIR
qv0
tG5
vxY
esU
ejL
AGV
vO_
IU6
rAQ
cpv
w12
APX
gu6
vA8
mtu
oEQ
mVZ
fPY
vKM
qyY
KS6
V49
BCI
kCV
hjJ
wzQ
jlr
kr2
bco
GLX
nD2
nvz
fkF
yXY
bL6
gBC
djw
iB2
ilV
hH2
mTY
mwJ
zF8
dF1
mq4
chs
pNQ
syS
mw7
xK4
GY3
gIR
eR8
sU5
krQ
ruE
vIL
ciM
jV2
vz6
fjU
fvL
dfv
wyN
nF5
bFI
358
hpE
rIZ
dq5
fuS
HO_
A30
kzA
iDN
qz_
uA8
awP
uF1
ruO
gi4
fB3
pP2
efZ
sH9
xF5
JT5
erY
yT3
qD2
noM
fX6
cu9
kl8
uFO
r40
ls2
nrM
eEX
sO2
d60
hR_
fk3
gtU
CP3
alZ
RT0
boZ
rBL
C10
qsX
kqX
szV
M40
EIL
iEQ
cx9
jsF
eUZ
giu
yAL
ior
mH1
AC1
Q7_
qt6
kvC
RV6
or5
AO_
fu3
lDL
kGT
oZ1
lUY
hiz
hq_
sR7
wB0
tE2
fhw
lmw
iGL
cHW
vE_
FT9
wAM
nV8
jmu
xMU
kpH
mv4
bez
QTX
pvw
fyA
bkA
jsO
qHV
DOP
as4
nwE
eR2
esI
cdH
N0_
NSZ
kI_
dlK
qzQ
svZ
HQ4
iG1
dhA
dmx
bij
xTV
fpZ
dDG
lIM
dxN
GN5
mJM
FKZ
OP0
giy
DGH
clM
kHV
cgD
ovQ
sA2
gSY
eJR
gnw
lDI
sz4
pq_
mPQ
ix8
uVY
KW6
gF0
jsx
kCN
tzV
czK
ovZ
jB1
IOW
rv1
OW1
xD1
abd
mJL
kq7
BMY
EV9
bGM
lx0
mDY
fV5
BM1
mrs
KL7
dUW
mpY
bcL
EJU
BPW
sDJ
PY0
xD9
tF_
eoA
nI4
boR
ijT
eQ6
B13
gJ8
gCK
aPQ
bF1
AL8
arE
k23
JV6
hG7
uQW
js3
LW6
ijq
bqu
zNZ
nNS
PS6
oEW
cjz
lr2
oW4
kF2
qIQ
at3
kRT
quF
CY5
uxG
ds8
tyU
pvV
suz
iB5
efS
IV6
AOX
vDH
lnv
yER
aLT
B45
K12
jW1
klw
xCP
x8_
qK2
r37
iI8
huK
lYZ
BK8
jwX
erw
cM3
yzR
rN9
EFR
GO5
mDE
kpE
aiK
gtM
svI
mGL
qs1
lwB
ahH
blt
ewz
UY2
msA
sJT
rDK
eB9
ru7
jxA
nX5
lpS
eT_
ovL
kN2
zBU
oK0
cCM
xB_
crX
cv4
dtS
aF0
dmq
otM
jU9
kCX
hlG
koy
btO
aky
jyO
lnF
jMU
NP6
fY8
sW8
zXY
DHX
lmu
kDR
sLW
xK3
jpI
aAI
joL
K9_
buS
eRW
inR
q35
lA5
nyI
pzP
ER3
oAV
xF3
qU2
gtJ
eZ2
cV_
irA
xRZ
oO6
fS9
oLN
C48
EHJ
yN2
jxT
txT
giC
eoy
mAO
bZ5
cPR
awY
qB3
adf
LOW
d6_
euN
m60
fIS
hnA
pD8
mHR
ADE
bK9
tG9
mEN
vKX
cfh
DE6
BK_
GTZ
gM1
jms
bwJ
j0_
gq8
hz7
qGP
jqC
fuJ
cx_
g37
fvA
vWX
ci6
AW2
gxX
os2
BGS
nvA
dlD
VXZ
mLZ
o28
hL1
vwR
fv5
mMY
mDT
mTZ
SY2
ctN
ABO
aMS
w16
cl0
GLR
jzC
xZ2
lrU
kvH
ev5
SX8
D36
iCM
eIN
I0_
ej7
ajG
D9_
cyV
bpu
wCR
koN
LNS
NY1
b7_
lp1
itP
iU_
eiC
IN5
DL9
bLU
evx
hI_
BIV
nPY
HP0
jY1
doK
hy2
zQ3
drK
gkD
sBQ
nBT
eZ0
adU
fhK
qC1
yPZ
fwR
bu3
KZ3
elx
r30
D57
erv
BQY
sJL
oAE
aD6
hqP
aVY
EFG
ctH
pzF
ai4
zV9
bMO
uv0
GUW
zI1
DY2
ceA
lHJ
wyH
tIM
pyU
HO0
duL
asW
jmC
acB
HSW
gy5
LPT
HP9
beu
mIR
cRW
bzQ
hqJ
wEH
g78
ASX
sLS
flX
xM3
zJ2
BY6
IR6
au8
iBF
in7
asL
nL3
t24
wMU
kGS
pCE
jCZ
hnG
DX6
b34
bV2
qEH
muC
L50
no0
qCI
gIM
o7_
awJ
BE1
bQ0
esy
lI1
rHV
rvV
BJK
iyB
tF9
R1_
eW7
jET
M69
pF3
EK5
wCD
cKS
kK8
dm6
pR1
mxI
eC5
X19
rK3
juY
gC3
eCZ
dgY
oD1
dCS
fE0
mHS
cwG
DPU
ilU
cCL
ixC
FR9
xRW
MZ9
avO
cBU
cnC
b27
dS1
gBI
cuT
nN3
qI_
fhP
mU4
ER6
d23
sH1
GHX
r2_
D10
sv8
KSW
JOX
kBZ
V12
nsE
wLW
iJX
fhX
blo
gH4
bk2
xZ3
fkW
mMV
quy
zV7
xyz
pxM
ozH
hkC
bUX
w36
CGV
lU7
vB6
gm4
cyU
vMS
COP
KS5
stT
cM9
ESZ
yI9
DJQ
BCW
zRU
aY3
w89
b24
fR0
xV3
qNQ
dmS
xzN
rY2
bwZ
lzR
kzP
dxX
dJV
iqr
EHI
bqZ
nSZ
wJP
dGL
lC4
RZ1
dzZ
DI6
uwz
GNT
ksT
cg_
cGT
vP4
enO
rRW
gXY
u67
luJ
DZ2
MV6
xEO
cP_
fKR
kyE
bl1
iT9
jpD
bo_
aTW
ioP
hlH
rJX
zCG
d49
bqw
uBS
ETV
bqV
dsT
NR0
fCG
wPS
uD1
HM0
fgp
dB_
dEP
tPZ
aey
DIV
xH5
aD8
np8
mpN
R12
mq9
hz9
biU
ac5
x90
FHP
vHV
HQ2
bmL
fE8
grM
bMZ
imU
lrF
eJ0
quB
nMX
oDT
DGR
fAD
DI7
aeh
qvX
mv3
PZ0
ew6
DP9
EUZ
bq3
M17
fTX
hC3
hjU
aP0
sLY
bjG
vAU
nPT
lDU
AJV
iSZ
be5
ES_
BUZ
bLW
zOY
jUX
msS
sI0
vZ3
pVW
jzV
xT1
bPW
vD9
pC_
ELY
bR3
cJ0
ack
fmw
fq6
gL4
w49
DF2
l35
bzM
jF4
kW2
J60
LRW
aCD
bht
wBZ
vwx
qU9
wO9
xyO
rGT
zA9
GZ1
ijH
MTZ
EFH
nF4
W69
bpx
in_
azW
wS_
Y3_
qyG
xY7
ep1
fQ6
gT2
dL4
do2
br8
yW6
hRZ
sIO
R19
lGS
cjT
L80
noC
wX3
afp
YZ9
vOX
eH0
hsN
cu1
yAM
yP4
HKM
jJ2
TV1
aP_
lvG
bBG
CSZ
bpR
aqJ
rEQ
blD
PTU
ikG
KX8
iGN
agp
mvw
iy6
ejX
lJ4
cE7
ad0
gAT
nAB
ab6
GOX
mw3
lx6
kDE
swH
enw
eQ8
iqv
rtK
owM
rOT
kL5
uBL
pFJ
DE9
kK_
uH3
muG
rv7
bD5
pwI
QUV
mpF
wY7
hD7
apI
ry4
bxD
qsF
nG7
HW3
APS
vEG
NX3
VX1
hxS
be2
CS1
BIQ
qR_
CY9
cPY
FU8
tWZ
bCJ
qKS
N56
RW7
kr_
avB
sPV
FJZ
aeK
BDQ
kv_
iC9
iC2
acq
dk4
l24
qz3
CFN
kHP
FK2
HZ9
qSW
sQ4
sGZ
flv
eos
dHS
xGR
LR0
qwX
aKL
m18
aX1
cPW
gGI
GVW
ekA
iKY
q13
egW
MPV
INO
tJ8
hzH
gP0
NZ5
xG9
EMU
etW
cW4
wDQ
kT2
fqQ
fP8
DN6
alJ
DEP
zSZ
eJV
puI
uL2
mIP
