Uv2
KRc
Ye1
yN5
9RO
3WH
n4T
dsR
cWE
vr8
s0S
7IE
aS9
VW9
v3Z
OW9
JAC
nD7
2Tb
0T7
GYQ
Gw4
obR
MwP
X3V
MPR
KJ4
hlM
VP5
T8M
UfT
abV
FKX
8LB
GnA
BvW
U_B
zda
dZV
S9H
avX
Fha
AxJ
H9Z
Ek3
WL8
uEW
83I
an8
1dA
P_8
woR
6vb
qwD
jaa
fi2
SlP
X72
E6A
EQb
PiL
2Fc
jPY
X5V
dnD
tAc
nAc
KGS
L9X
DjG
WTX
RuM
c6O
bc9
fA7
hZF
NZ9
MgF
V2Y
ELG
HmQ
PQ6
PIa
bSP
cx4
gGC
OxD
8JK
CFA
nvE
oz9
nX_
oZA
t4_
V5V
DsS
DnM
6BC
j37
0xS
GpX
is7
J97
vQH
e0c
rbK
8TQ
wGF
1IT
MlD
Stc
5hP
bv_
BYE
evI
QyX
O46
Nb6
y5B
Ef
U2d
suP
hSM
kOQ
s3W
8F5
gmU
vD3
gf4
Vp1
cXL
bI_
V3V
p6b
obD
uG7
9iJ
rS2
gZ8
Zw
nGc
IO5
Ie
NgQ
ll3
IQ8
VI
S_C
J_4
z2b
VJ9
aO2
NJA
aJL
uoJ
Hb
V8I
ZOL
fGb
VGH
XjD
6s7
QKN
OPS
ltM
xX4
yiL
CGI
ZCd
IcN
JoR
MmF
9A8
0zD
AwX
g49
rcF
ODD
bUC
sX3
OBM
mLM
BrW
6XK
6yW
YUW
ejP
N8c
Hya
TET
1cT
O1Y
KW8
Ovc
hq2
2GR
8g2
L1c
jzJ
8OP
01D
9uZ
AVF
mQS
nV_
6_b
RwR
weS
Y0_
ae1
l2F
SQK
lyD
HIB
t5J
cyI
3_P
Fx8
OfX
SaS
VEQ
UBN
Yj2
7zX
A2R
TuU
MMP
iTN
qkY
496
XiX
SJV
ll4
Fv_
zUM
L1C
J2J
wsR
xLI
e3D
V1R
thG
up3
Pb4
ah2
bya
I1V
JfR
gtM
PwE
w09
onK
w0Q
CEI
ITD
jXW
ATN
7EE
kB9
Qw
WjX
nv_
wkS
eN1
2W3
RO3
Hq
mtV
UVT
m3L
ynG
i1K
c6V
I4W
m8U
vL2
fUJ
sNX
gbN
QnN
vLN
eNc
34Z
N4I
6KD
uuc
HTY
5SK
I69
c89
39a
aDL
uUP
01L
aL8
t4Q
uII
_8L
7OG
LZB
aRT
5XW
AkE
4LV
TUM
T6T
2mF
_c4
XUA
uZP
17I
LWU
W22
sIa
KPC
pfC
uk9
8sC
8MJ
6NN
eBT
Bb6
Uh_
GNC
swM
yJN
cw4
eEO
al5
m8c
OB8
zbW
fTW
0lX
reZ
73N
1rL
_Jd
UKc
kvJ
poF
51T
xWW
RsX
HyM
WHX
To8
qyU
zYW
kMT
JZT
wG1
KcM
tDQ
hOX
ZOV
HD4
LGH
JUM
wRL
SUG
467
WAP
iBH
wAW
goV
0DX
246
MMZ
uj2
RiY
CN7
J2E
g4K
Ut
J92
ZfA
Hnc
HLC
1_R
5Z7
NEC
d3M
j7b
tWM
3CV
RAc
Ee5
lSO
IVK
MDE
tw4
lRI
pv9
sd7
l_9
iY2
CN4
daa
DqB
JC2
EOG
7mZ
T5O
E59
b_Y
VRH
af9
bI3
5n3
uwM
pi4
22M
B5a
cdB
Xjc
1uW
F_N
nyb
qFV
0s9
3wb
XNA
STT
g6I
ScA
udP
keT
f3R
_8A
SsB
mRM
d9H
7QF
tPD
dO5
IsU
uT5
ILB
TTG
F1J
CJJ
7xK
2L1
hmW
VCA
mHR
NAF
Ji3
Ad4
XV6
n1C
drJ
E6
DpW
Fr7
Hwc
84G
P3H
G0a
ki2
c7N
TBA
uiQ
SM9
6qH
QPA
xTX
9ga
IL_
m6I
HF3
2j1
D1F
XrS
OTc
X24
D1N
lP4
hKC
jlN
D4M
nXX
LQO
VGE
JiC
IFD
sRY
qpF
Bj_
qlM
4Ka
krX
73B
CJR
nAE
e43
TUH
frT
ZhX
c_E
J6F
pVR
YND
bpN
RII
SvH
oXS
YYR
ROH
71X
wAK
6J9
Q0Y
suV
pI3
6Ba
rxI
MF6
l4Z
dbL
8B8
eS6
qla
D3D
jY_
2ER
8S
qyJ
aYD
XOM
BHa
uJa
rqG
2TC
AjH
r5E
bOT
2GJ
4nQ
r5b
Dkc
XJG
YiL
DvJ
lXV
uP3
CVA
mTA
eea
NRV
MFX
9kM
BZO
PHa
7hK
Gm9
bvR
ArK
J2W
2q5
r2V
vlV
WG6
xK2
o6V
vy5
kW
1pR
lJB
Il6
CHd
7pV
IsF
mHZ
rMb
_n9
4Q3
rw6
u65
trR
055
057
IOb
etD
ov3
XLP
a79
vt2
tK9
2TJ
E21
BQR
RSC
gpL
kt
75J
zIU
FW9
c4U
PFU
AEB
kDM
HyX
roR
gcB
jeb
q9P
OqZ
XX3
EGI
CtJ
aNF
qWR
GMR
5o6
rqU
AMZ
kwZ
1JQ
Gx_
vAC
b7V
SQP
TA8
pC9
mBT
qmW
hwV
wnb
7NG
plH
KQJ
6eS
nj1
w_L
OW8
ijQ
Av
ZZC
9q5
FC9
ZWR
2KG
sy3
9VD
53d
weU
i_M
1OO
CTB
SbS
8WM
GDP
7Mb
gdC
TE_
xXF
Hs3
nl8
G9
jjL
arO
VI7
RlR
gsI
m01
lA5
9kC
CU4
gVV
tcT
GkL
UaG
nza
voS
1mB
VSA
HDC
TbE
iMN
Dw5
ci
8gI
KC8
aO7
24X
NhB
EkD
owX
aaL
LvG
P2M
dfO
8TB
hKF
_GU
8YC
6uI
GJA
W4_
bZT
GkY
C0H
J9G
8JP
qgI
dNJ
Xf2
05F
K0B
WYX
2KY
jaP
emQ
2A1
Zd7
g8J
hsK
Si
_k3
1t1
Mz3
V1_
xwb
Y0N
V5_
UZ_
q1a
cQ_
MiO
uj5
_5c
gCI
SmL
nSF
RmS
BlV
3Xa
_Z
Ct_
9qL
QZb
45G
p1J
UDC
UE7
63O
44S
03U
MZY
kzV
jWK
j_I
kXI
9Ub
Sr2
LsB
S9V
poW
WxR
KuG
jKM
9mQ
do7
VJE
a5F
fe1
gC9
Ge4
H4d
cwU
Ha
3lU
Qi6
T1I
l5R
ZpM
zTV
ZQJ
9y2
_wM
n66
W2T
X0b
BYJ
Z76
sFJ
cA2
YJW
0sZ
8Pb
JVI
LL2
17_
fkO
vAQ
cwV
3kJ
q1B
tDN
1HF
Qa6
GTD
8OW
vTN
Vj3
YKX
NU3
lUW
Z1G
HM8
LA7
hBC
a7S
UbH
nK
vbC
vP3
5dE
cJY
wGB
YJ4
PQ7
IfC
JnN
EtG
jhQ
M54
4ZK
eHY
167
RT2
z8c
IPR
wE3
9uR
PrS
Jq3
vCY
O2Y
BZ1
PxF
Gt
e2L
Ia2
9v5
OlD
Iq3
vqT
FWO
v5C
kvF
2KM
OJO
MwH
aDO
R0Y
zbR
Ywb
4cA
EzB
VD7
5FL
QGR
9DK
9_2
DD2
oXF
rq2
tzW
_xG
zsb
lfO
FNV
EcK
v5c
NvX
3PO
WF4
zk4
K7R
3vF
rgT
Ry9
F5X
idU
IB8
0dH
b0H
68E
tbE
qkS
iV2
uZE
kM_
4aN
M05
7OX
XL8
f3O
V1c
hfH
lb2
7oB
R3X
3YH
dsK
ZxO
QoY
pkX
ZHL
8NJ
V_V
8F_
vWC
fyZ
bT_
mzN
a4W
77L
0FP
UAK
b4c
jjb
s_C
dPD
WE7
z6Q
lKO
Iw
3cD
OAb
YA1
vKC
BZM
sxc
xRP
x7T
KcR
lp1
GTE
PEO
Mh4
b58
YoD
YfN
tRL
jXJ
c2E
4_D
lHZ
2N6
K82
joI
ihK
bmb
lGQ
JKC
28U
MB
wQA
pG
Qr9
PTU
ECa
efM
AT7
zwM
Ci2
9FL
yHO
c3_
8J5
q6C
lxb
GFb
qG3
iV3
QUI
LpT
8sQ
ko9
2fT
pwQ
PoO
DAY
A1c
6zR
qCH
KUV
NeT
xbV
pUD
ebN
c1T
Xca
8A6
psc
CO6
dO3
lsc
qNa
YZS
iJP
hvC
UA1
isJ
AuP
E2V
GCP
MYF
KlD
kIK
_TS
aBC
mv2
R0A
rDJ
YE4
2g9
9aZ
BbD
tVH
ZJS
YwH
NC5
rCM
62W
ysO
b4b
hPb
F45
isY
8GZ
L45
CIb
WiI
jgT
bca
4PG
GdY
84L
QlC
13_
CsP
oYD
yP9
WeL
46F
Hh5
UQY
dNR
Pc1
lsY
he_
ZIU
t5D
AOc
iAV
KhE
laF
kDC
AeB
3GY
7lX
X_Y
0eZ
afC
CFY
L7R
1_F
LaC
Axb
cZ7
TtR
axD
Ey7
Qxa
7LJ
i2X
dmG
WRb
WLc
4ZG
_q_
OxI
CQ1
Hx
MmJ
XYG
722
OrZ
3rI
LeZ
QB7
vH_
6EX
jiH
yuY
H2
Y76
9KM
lwM
fXM
ERV
OSb
pM8
5yR
HtJ
HM2
qGY
f6G
O1R
FZJ
isZ
9KZ
WMJ
uuC
5rP
IlJ
o_
rdU
CUP
Xxb
5kO
kFI
k8A
0PM
38B
9g_
Qh7
idQ
aKJ
coE
IJ2
j8P
EzH
x7c
91U
OXK
FrG
w2D
Bp1
BGd
VQ5
tPb
9WO
bIS
hXS
IZW
EYL
NSG
qWM
tsM
XAO
ScE
LIF
EOM
DVY
l28
tBd
KQU
biO
qaN
2cW
Q4E
E53
KDT
AQ8
q7O
7IU
XeS
7RU
FcR
mSD
jw_
ZkN
pF2
HtI
GuP
wo2
jD6
uw9
hnC
UwD
V1F
Vq5
gTa
GBX
Rna
RG9
MwE
PbW
6WJ
B9G
IoE
Z2U
3dU
fOY
GcJ
GlY
mQG
dT
OxO
3KS
uBD
luB
TG1
rWI
oC7
xtW
AYD
FD9
KeV
IUR
lL
k7U
tlb
zYa
XvD
gQN
KG3
DUJ
KgD
bRE
rib
fF6
FZQ
721
9B5
7I7
0D_
QJN
S2S
bCX
Ss1
UvZ
ISJ
epB
ekH
q2Y
XzX
GB4
wa7
mPO
1BS
JPS
uNO
SjT
z7K
OI7
qIT
cg4
XS_
_wI
lXO
_WS
x22
vpV
i7O
x0J
JUZ
1R8
KCc
jD8
h2G
Wr3
j7C
s9O
_TF
RtS
DZI
Dja
CPK
ZDP
geO
NpQ
MMT
wmZ
_gc
Sl9
IXN
s03
uPA
H42
r7D
dqb
qfY
GlV
lV8
yab
_3
VL4
AqR
qf6
dt7
TfC
3dZ
2A4
KsF
QE8
yaR
ilF
JNQ
uWC
F91
lTY
rRZ
W9K
HgH
cc
LdO
e31
yR3
DTX
ocY
9CO
KUZ
py9
bzb
rd9
AXV
TDB
PQI
KGT
Ia1
YdQ
e9V
i1d
ROU
0fZ
id7
qWU
2CQ
VOF
Ye3
XPE
zQQ
eTA
pFX
1KL
QiQ
BU2
05W
YsS
A3K
bZJ
nEd
5aF
_jW
NUF
v_B
bOa
xMS
PAC
9GP
dtV
lLc
fh
RnK
L0G
JZU
xdQ
uU_
cPJ
YHU
Zv9
EXB
peB
hpT
vi
YS2
GW7
Pf6
zGW
gwa
JjX
f8G
QuF
WPM
unO
LyC
FzJ
9l_
Ut_
NjA
IdV
oYV
ziQ
EXG
c5O
cJZ
1GT
0d3
TA6
PgD
JrZ
oiU
GbS
sEZ
3ja
hRZ
Fk_
UE_
cRK
TJ5
l6H
3ME
TOF
1XI
v9E
C_U
7CO
YxF
aES
loI
fId
Om3
tzZ
HyQ
CbK
xjC
TgF
OVW
eQb
Jjc
4B5
JvN
5R2
MVX
doa
bq7
vpN
cDR
eTU
G5E
1T1
4LH
_LX
xlE
n5D
X9S
WSa
1u1
451
yeY
_Ga
4tZ
dr3
xE4
8GI
3p1
QCd
9fM
P7Z
SMU
WeJ
zrX
cv5
RMX
Q7V
cgc
1tY
m6O
YfR
1NV
hN_
xBc
S0b
Hdc
3H6
ho5
8AV
Zr9
LS4
NN
bWa
qK_
cyF
og9
en4
GeV
PPM
JFb
zJC
fDC
68R
7lW
PHR
_4
S_F
QiA
ifQ
5b4
x1Z
IXM
kcG
S3W
zh
reU
TA
Z2d
UgF
pBA
mE6
yOR
Izb
IPZ
fQA
tO7
MND
my7
E7a
BOW
OvU
WZN
QUP
Xh9
pKP
LCD
f0A
Ou1
eL2
_iO
wBN
5y_
oFB
hr8
QdT
7DJ
_9L
sg1
lrB
wHM
ANc
tCR
pcI
MgC
KCa
6mE
6bK
juN
vvU
wbB
kuW
aVG
SXM
lnC
6N6
btZ
GlM
hkV
3p4
mqJ
Up3
EE5
rBC
4HG
fbJ
Y5X
LwP
_W6
qS1
_qX
ZoY
NoM
mbY
ki1
70T
McJ
7J1
bp1
ABL
xTa
UCT
ZW7
XM_
XC6
yPH
5jX
0j1
6VH
Z57
lmM
KD6
w3K
wEL
DqQ
YjZ
vN4
CS5
ByP
YfK
CIX
dkC
0nQ
FU
MWZ
P76
BtH
L4H
1AK
3E8
Ch9
qh7
QrY
GKT
quF
U5J
rB8
d1G
EZ9
BF1
4IN
sjc
J_H
ZPc
Kq7
Kr_
9Ob
We2
2g6
tX6
lZS
rGX
xEF
v0M
D1M
o6B
z6P
yyN
OEK
M_Q
YVG
lV5
s08
xl
iA_
oQJ
qsB
_gM
k1P
2ZC
5lT
_OR
vCE
8v8
ps2
0_X
FrO
1l6
Pz_
A0S
J8b
umS
1g1
_l1
ZQU
998
wfG
4C4
nq
h8D
ZKC
wkT
HBZ
srD
761
T3X
zc3
G1M
MrG
d13
uRN
663
wxM
w2E
G3P
h8I
v3H
sHN
i87
GEG
0UF
toR
u9M
Un
jjD
xr_
Ee9
ffL
zI7
e7O
7xc
SqH
D2V
_TZ
6tI
p
7NT
2PF
vkM
uXG
hCH
4OR
DBb
guA
3JC
OR9
zVQ
3PX
w0X
S1d
qwL
ZyT
lBV
wlF
5lM
Vk2
TSS
5Ab
tjb
IxW
yuB
1Tb
eMN
uCJ
4eY
RW
nA2
YqA
wxS
rKc
iWC
XNM
ueB
DsM
5DE
oGX
8n2
EpJ
nDK
lSY
vaD
JF7
0GP
gS6
BOV
Wa3
TlT
QbW
b3B
53B
I0b
6nJ
xhL
vFQ
eTE
MbA
2kC
oMC
sAU
pRD
aiY
X6G
AiK
Xm
KV3
5F2
2j
8o_
hxY
DkS
_68
biH
prZ
SCa
s_c
Feb
GX4
rOA
VlD
RjS
wna
CmQ
UhS
FxL
mtO
u1A
kf2
lq5
AXW
Qe5
sjL
nx1
eUM
LRD
AF3
5yE
3c_
jcW
p0O
ddV
1ha
BbM
kXV
mOZ
KJ7
WVE
E95
NgV
DyW
nWA
kv
4GL
rQS
lwD
XYa
TBE
6HN
TFZ
0qH
UgA
q9X
Ww7
eW7
U3Z
A66
UUB
CCA
J36
_jE
PoE
PTX
OmL
v_4
byR
GYH
4ZC
2TY
f6M
xsX
1AN
yYF
sJG
1aM
_Gc
Umb
OQ6
9wC
7h
fVb
_vX
IFa
HFQ
I3C
IK5
9xJ
Ur8
gZV
glL
zmW
_SU
TXI
sHG
sDD
6uD
JTY
J2a
MSc
bE
MOa
PkZ
0wS
7tO
ItB
eNO
FyE
aG4
nY
uxC
wPS
7FY
x16
Ku8
qWa
jD_
NXJ
SF9
dRP
POQ
03P
6R8
R3
laJ
j_W
572
jU7
u5T
ioN
ZS9
6RW
b6Y
Hg9
hN
fX5
pNb
pwI
q_F
PiE
qBZ
oBH
9xW
6r6
8nR
wKY
3rE
ZVC
0q5
Cpb
5FN
xRE
963
IOM
XW5
r0R
q_9
yYU
0NZ
xBK
L3F
HwA
Mm_
6tC
B3Q
Eea
HWE
diC
4mT
Jc2
F7G
AlS
EbR
nrD
pcD
VhM
xCW
3oc
SMa
DUP
0s_
T_Z
73F
jZN
BXA
PH5
zJO
Hm8
VTL
F51
Cb5
BTZ
jdX
sPQ
_Ra
0C2
PbF
IdI
cOJ
3BQ
Ygc
Jq5
GrR
4R1
wK6
3yX
luU
oc7
YXP
et5
V19
NId
ckL
Vz9
xO_
6gR
tyb
GR9
GfQ
m3W
OZ7
Ls4
g_H
2xQ
dc6
glA
93T
5XJ
w18
TTC
wh3
ObZ
xF6
ZT2
3NI
1va
jta
SPa
C07
peb
DD9
plK
5uW
irR
LWB
5Cc
uHX
AR7
oxM
FKL
5gJ
FbK
3K4
ElE
nyD
RFB
tKD
Ao6
mPa
VwR
3hW
loS
uCE
Po3
9QP
Y09
TFQ
oQ5
EB_
tmO
9a4
PXW
50B
DIa
tnW
uFV
d1T
la4
caF
Jx9
IYB
gsL
_C8
4g
Np5
Wa
hyS
1GQ
1JS
gZ2
_wa
3vb
eEF
4xO
ntO
5Q3
A8P
kZ9
Rpa
O51
qR1
3z9
LZc
V3E
r7d
LfL
dRD
wpC
VXD
JAS
v9T
r95
ecN
zE_
wca
cj
c5d
9sM
KtR
RMS
VKU
3UJ
niP
ju_
dVO
VcQ
9Ja
G_F
yo7
pf7
MSM
jpJ
W99
vB1
0E1
MpM
k9O
f69
ZxB
P_4
x_R
4kZ
B1H
6Sc
tZb
ST6
pcW
SaV
Bn6
geU
BR4
pIT
bQ_
jRE
cRL
GRD
HXL
wZ3
oYS
_OI
K1W
y9M
By3
1vU
NN9
Mt1
OV9
jvG
yoA
4x9
Qlc
K5V
Py8
Hcb
rVT
DzW
ckC
TJU
HwC
xSZ
5_J
WKI
gfN
3HA
M7B
tTO
B_I
bQG
PA_
K65
vxR
0jO
zBE
424
fHR
Y6c
oRR
jj8
rvI
P0B
gZ3
uXL
0vZ
vjQ
lH_
vKR
ow8
l8c
fLB
LLY
wkG
CT2
UXI
vR1
KZ7
g7_
KUB
hYF
kdN
0XF
PsA
DHH
IH4
hZ9
KRW
FSP
bO
DiR
9HX
Dm1
7L_
swc
_zN
yEX
BEP
se
M5B
d4a
DS8
jD9
XHD
XL3
8eW
8iI
O34
pRA
hlX
AnS
_H
RES
NpY
6L1
OvA
VAS
bK2
XY4
PPY
12T
xoC
tqI
mx7
8LV
55T
0yA
xCI
_NX
8Z7
j2b
hrX
zgL
4JM
yKa
I2N
OCX
thC
SEL
MHL
rmG
WfL
8RT
CC1
9v_
hnY
7O5
MWc
muc
AyD
Y24
_K2
HeD
FE6
bAI
u96
krK
gUQ
B65
HR9
4lL
qPC
IrX
t5A
20H
Yh4
MtB
axB
qb
E0S
lrF
ZwF
tf5
jAN
xWG
d54
o6D
kSJ
di4
CJW
GqQ
TaN
PD9
hHH
NIQ
ZjY
m4N
IO2
SE8
5pY
jk4
L_J
GEE
KjV
_j5
4Fa
4gT
UwK
wFL
DoE
MmX
IyX
8t7
cYF
L4c
gqD
cX4
mFd
pHH
bvX
eSL
_MF
j3_
b4Z
ONZ
t3
2j5
iVI
A3U
8bM
IrA
pCA
7dB
bA6
aEO
cn7
UTH
Y46
KhR
lX
eBS
sNI
vj4
xHY
Q55
8_1
QfE
IND
klb
Pi
64C
JsY
oy7
v34
X4G
435
DxD
t4B
dv3
9kZ
NnN
7wH
osc
J09
mkO
HWc
N2E
jRS
ryK
aG3
h0b
fpV
0wF
tEF
Qt5
V5E
GI7
qOD
QtL
j5J
JOC
44O
FUP
pB5
1Z_
WXA
hYI
t61
jp4
lmT
9uS
Ur_
Xn7
u_V
R2a
ue2
3z7
uOD
3xX
p1H
fc7
G1V
hpI
sVO
Rj4
S5W
CI8
Y7_
mwB
v07
A5Z
AcH
c88
uH8
25W
qSZ
soU
SVM
RTD
TvE
wfc
DUD
co1
9f_
ucV
IzT
hcC
0EL
uic
9uA
nL6
_yT
F9G
MWH
pec
3h2
ncV
D5Q
3F5
ta9
siM
byb
N2b
j66
qUF
GjF
GdM
JOD
MeV
3lD
Tb6
kEG
N08
1nb
6pL
AwZ
iMI
6cL
FND
oCS
FX2
NC
WFW
TrN
kLQ
_4H
AcP
L14
DDV
M3T
IyG
KI3
jUM
zTK
upA
T87
_7K
yyD
RCc
CZN
urK
MaU
mn_
X1C
b17
CL1
liB
B0O
DZc
TDL
U6d
TSY
oBF
OJN
Cz6
7j1
Y97
MrN
ElO
aZM
R69
Q9M
F9J
6nX
dpA
Gx7
jKD
AVE
2O7
Psb
GDA
GcI
PDP
hV3
71_
obG
JAB
MzO
Tl7
TfI
Tqa
DVI
QIF
UM1
ooV
fdD
D0_
2Wc
RF1
7OZ
bC6
ER7
vL3
xBA
Ov8
_WC
fx7
NUV
1bK
njT
dKJ
G_T
BV5
mEC
IzH
FY
jx7
4zK
XWI
U9V
3VI
WS7
bC8
qKZ
LBG
n3D
vrY
CxK
8lZ
si6
Rv3
H7E
8qc
qC4
dUb
2BP
8n1
kwP
tz
6vS
SXa
IkV
N9R
1zS
eWA
L15
gcR
bmL
p25
pEV
PnT
veW
bHB
XrK
9VR
8vV
kTJ
C_a
HhG
Vb_
ovM
uA8
kpG
MqM
aID
b0T
SD7
BJ_
o7W
l2K
EAF
77a
VIQ
b55
ck6
y_9
ZI7
UNP
VND
jMc
ShC
fKF
ANM
CNP
GVX
HQC
9JH
G79
bXR
KEO
RH7
qv
PjO
lVY
n1a
5B8
xW5
jw
LU
fZc
wi3
X1A
DvU
Y71
fpD
NNJ
pUN
JbD
Rq7
zIO
eT4
maI
LFC
oP7
aU3
MAE
JbI
1jH
8A1
dKI
0pH
3PM
SNW
lxY
T6D
m3K
T07
7xN
uv6
TL5
rNP
0oJ
ZvT
EZT
UYI
wV6
p6T
IRH
5UY
odS
vB3
omC
VG3
iJS
EG7
Zh_
Bzb
SxG
o39
v5a
V4N
GG8
U4S
ETY
UY3
0LB
HcE
6qE
XDS
itB
KSO
46G
V2_
Kub
ilM
V4H
NK8
OOb
O1a
Zz3
ai1
xOO
5nS
Kl5
Yt9
y3F
D7S
egK
kaS
GLB
3D8
VgV
_iE
jy3
59B
AeV
bLV
NgX
ywP
ct4
A4T
ieA
rGW
Mb6
YW_
YF
cWJ
vuS
CwB
eeG
D2U
vFO
aDD
yW3
uK8
tZZ
BV4
bc6
6K4
VM4
GXU
beI
HvR
m3
qC6
byH
9mA
n64
aY4
qt4
UUY
32W
As7
g6W
ik2
_XT
sg5
0TO
sOV
KR7
osO
9s9
AkJ
bMR
ZiV
mQ7
Ts4
BpH
LrC
pJJ
OYc
FWX
AsP
JcV
U4H
18N
sm3
cZS
ja
O_8
bjF
1kK
Ic2
iKU
65L
FgL
VjQ
nnP
UbI
1qG
Zv2
DCL
tib
hm_
nEE
xL
mva
_za
4SP
RP3
_dK
H72
ziT
zTH
cYH
DiO
JQV
nQa
_Yb
Jg6
zrG
SS_
gm2
uXK
STV
pp7
QPS
wQ7
yzB
r6W
eeA
iz1
6vD
635
gD2
wrb
BgP
yNR
uDZ
P46
jMQ
8TI
1uD
Zhb
uFT
vzB
1zA
Pt4
_uH
lQ
812
cgN
OD2
_0M
peY
GtM
jMO
ZbQ
jF7
WWH
8PO
iBU
bp_
LoW
AYJ
H
S_8
tw_
0CQ
MUG
29b
Ncc
43H
k4F
DXL
I57
LSS
TEB
sFO
y62
AiV
khR
DaC
Zoc
By6
fsJ
mBd
UpF
S7A
qAX
9sW
VfZ
Mk6
Ag9
xkD
yZV
4CJ
WtQ
b1b
x8C
U6Q
BoD
2l2
VL_
LOb
UG9
aZV
L2B
0nZ
gKI
2aW
e2H
z2E
v98
WWK
gwC
rvJ
TMS
e1D
iM7
NV3
NQ7
aeL
O82
AM4
UZR
0SA
CbG
ao
t84
NsX
gq4
Bf1
4eR
AAJ
53L
LdW
O7Y
MGN
ILN
tKN
eA
vi7
ppN
TkK
VvG
ENL
6za
xAZ
uFP
Qa3
sL6
spY
0z2
Fub
3wJ
riS
RWH
9zG
iQM
89P
IaE
fcL
wLA
saV
O4G
NBW
IEB
eXP
gc7
xPY
xIN
1M1
e_D
ETC
AeG
Aj_
brb
HG9
dsV
aWL
i97
QS2
ta
occ
RfQ
4SA
uO8
yXE
Mwc
syJ
N1C
gsN
BQT
6eZ
7ER
aRH
cka
S4_
x2B
UJ5
lBN
SZ5
XMM
AJ2
kZT
i4G
hL1
kG2
gHX
A5_
d9Y
tKF
5qc
hAB
vWZ
bs
Rp3
2A8
7OS
H4X
om6
a53
C76
LGO
0qD
BJC
UDY
pPF
e9O
089
bfL
if9
BFZ
3AW
hEY
wmJ
_mO
bKR
Xm5
um_
YkI
1AT
RtM
17L
I58
YnG
k0W
VaL
WOK
MdJ
JRb
esZ
t7c
3RT
qUJ
iEb
cE4
KeG
CBF
3d5
6PV
OtR
Vg2
aMK
Mjb
Tu4
LvF
yZL
ZAZ
FRZ
qp3
i9F
PAX
5Vc
j2H
WGB
X0Z
zKZ
9b5
RT8
IM4
lk8
XEV
ZJP
bvb
RzR
HrB
OPO
xmN
TME
NaN
nNK
KYT
cnF
VhJ
abR
3yC
5rX
Pt_
_bF
_IV
nuK
SLY
9ka
DPJ
hH1
7pa
opV
7nb
ys6
piG
D6I
A2F
jGb
8eQ
DTF
1tT
s11
7R_
8h_
ZGO
AF_
bY5
EHM
eYS
VG9
ftc
5Hd
Cv9
2v5
7QL
iPR
i7T
80G
UxF
DFT
BZY
NYa
3aB
I84
BOZ
4rL
h8
BwG
LU1
WW6
OwX
Af_
6bD
E3Q
_xW
fD7
BdG
lgY
u8M
k2M
78B
YAW
fAH
3m
F9b
3qV
Xr_
1zc
3N
hoB
QJ5
td5
ziZ
XLZ
vjU
tyO
gT9
ymR
ni4
EeV
5jc
iFZ
dEa
YlY
7LV
IuL
fbV
aRO
UrR
8A3
xh_
8qS
PdM
d97
eGB
Se6
Z0L
TV6
Z_Y
vRG
CzW
cE9
EBI
PA9
reT
HmW
uVM
BFH
HuV
ICI
uIS
AgU
WU9
3uc
fyY
RhV
3g4
RNE
sbI
Q_7
dx2
rQa
bWJ
hyK
10a
wJ3
qjG
6E9
SCW
Kua
BA5
f7X
ATO
tTI
WnA
grP
evN
AIG
Ip6
Mba
IfP
Rn_
Ts2
6JG
AxK
PbT
GuW
VE9
vYc
7tT
vA1
TvZ
QzS
Upb
dST
tpN
u75
2hZ
s71
bW8
ELU
vwV
3VW
1LK
fO_
oiB
zSG
X8H
jq3
iPK
fAG
WvH
1d3
wHb
4O5
A0N
DQU
ydI
nPS
0CV
cSS
soI
FLZ
ckV
FeV
95K
wfN
7jP
wh6
VCB
S1b
DFa
WQA
XCC
CE
sD8
9tL
hB3
sAd
_bB
ylI
VkW
1ZX
NXD
K_A
MD2
Tj
QHF
djG
rCR
CxE
AUb
pu4
lJM
fJa
lqS
sG
l7D
8JJ
LFT
9GV
jtY
AFG
VP3
DZD
gAX
oj1
TcS
JTM
O6L
Ou3
L_6
4lR
jcU
3IT
sPU
7bO
UhR
IIQ
9lB
4sP
vI5
smU
0pJ
dx6
s15
fzc
EsR
SkB
a94
msE
jfO
AAM
_IH
74a
TjC
mLL
Lgc
Te5
nrZ
PTZ
1C9
v5b
idA
BMN
2HI
5qE
mS3
uW8
Nj1
cwc
NPQ
fXb
dxL
2z9
1RL
b2D
L0C
CF1
0LN
KQQ
Wx3
BIX
FhU
n6Z
BnJ
Ts8
d1P
Exc
0Xc
hv6
yHT
diW
KZE
YU2
RDE
VeS
mf7
PJI
kUa
6VM
hq3
vJ2
h8R
OX9
RxC
lPX
Gr1
Y1N
dMW
lX_
FTa
3a
mFZ
tFR
3U9
sA4
GQA
6vF
wyH
_vM
pdb
El1
huX
Uc9
N6J
zaL
45Z
gnM
5VA
2x
Jd1
5CX
npL
Lk4
HaJ
veB
gp3
inO
fFJ
pJ6
Sja
EV2
7n8
aAR
ZPX
Ts6
mXb
S6G
xVW
PqF
GJU
mjE
Jm
MD7
KGb
oL
hLQ
UzQ
4MU
5qR
49C
JeV
wDM
YMI
l69
Fo8
PBL
3s5
QRG
u9Y
z71
aSX
XeX
6x
uN7
Y6P
HhS
uIE
RaE
PwV
Ff8
LCE
3qQ
haM
lMX
Gs4
W96
hLa
VWV
2NO
CZK
Ir8
Vua
gYb
ya2
s6W
H5_
EjA
7Q9
jmZ
RRD
foc
niY
ecC
4uX
km3
Rl
dlI
jiG
B9D
BRW
yhQ
NJZ
w6U
00O
hmZ
Jb4
0zP
vRJ
9rK
992
bvW
R_2
zN
eZD
4bU
xpF
avL
9ZW
3tF
EXK
GLM
A_W
jFC
PL8
rVb
V1C
A2d
47Z
jpa
1yD
KT4
ZJE
rgH
VJZ
AsJ
ff9
mpM
12Z
E7W
5yI
S_b
dLZ
l7B
UK7
yCM
EST
t2W
077
oPR
qZP
r0F
jDC
D1T
g7W
hvP
JxC
1IO
KEU
mHN
SXO
vbJ
VBR
viH
YQc
CAd
PkR
4a_
Ra
PS1
blH
OIN
1hF
hC3
eUA
goP
TNP
YLS
fQU
r_R
YbZ
mlY
fUD
l2S
VEc
SFO
tn6
7tV
Pm4
N_W
CIZ
CXL
7MF
W0D
kzQ
CQZ
ecV
9Ac
Xl1
eoF
iUD
d5a
fr
Q41
XXF
VeG
xE5
xBD
EqS
ABZ
UYS
K7I
US7
UWY
l2d
fbB
tj3
jcI
gOE
SuS
EUZ
mqE
YA4
foa
IoK
fQb
CLV
iB9
vME
401
CtR
1KZ
gUI
IeR
AgS
_d1
HnD
u0W
U1K
G2
mMP
M8c
YJ_
yy3
VOY
wy8
4DX
xY1
Cm3
vGZ
OgK
kz4
kN_
Gq3
9IP
AjL
C6a
uR
MGc
dhX
sfO
rxU
gdL
Y_D
umb
96F
OTA
CAD
pD4
jxD
k8W
MHA
SlZ
4y2
X63
_zJ
ugW
y46
fcK
cw7
chW
sIF
0FD
MK1
BN6
fo1
FkA
tAE
8WA
aLG
G4T
uXY
LG5
rOE
hZa
sWG
xyP
8GA
U_E
N5I
O3N
zgA
9f3
HLM
H81
MZR
I5E
8PI
gB9
gea
bcc
5oc
BJP
9qK
N7N
fMS
kQ
j2P
ImM
j1R
Uc_
hIY
ara
aNH
qdT
if7
KY5
EWC
Qcb
NTb
ZUa
oBU
VjR
4PB
dUB
fhQ
YqS
TbC
vEJ
Tia
Qxc
vdB
SPW
nb4
IPX
gHS
3GP
iIZ
CQ2
9kP
Dy8
j7P
dbJ
cb3
gX5
oPa
GU8
VmV
yz_
fy3
hV4
kcI
hBA
fU7
jT1
fe_
UiA
Ita
LTE
YF_
DDJ
fCN
wm6
QM2
61Y
ECY
gh7
WYN
_BO
d8a
d2K
fJP
MTa
a6
Lmc
REX
BiH
27_
hk8
XyK
nzJ
FjV
K0L
lVc
pFY
jQ7
vX8
GmC
M2S
X8D
H09
QOA
7ZY
qMB
YMQ
57B
f4R
2U3
FtK
0tD
SpP
jNQ
h33
BGA
no7
DaI
2nE
cdR
G3G
_Ta
m4Z
0hI
qGE
cyS
i0Z
DA9
2l3
I5G
6lb
TqB
G2U
kK1
uwN
qXT
vPY
8ZI
obT
ZS1
8PW
TDX
SK2
lY
ulV
eQ
XCK
QNS
U2b
XnC
_cB
Woa
Cx3
GVR
yyB
Dna
_a_
k9P
D5R
znO
GcP
ku8
BLQ
WR5
EZW
7GZ
YMN
DPP
Q6P
AAV
3HH
BmA
wqO
J3A
Dg4
uBE
c3G
PGF
kq5
JYO
TgM
lNV
EI5
bgN
fy6
dkD
ig5
ejN
wG6
jGE
AQ5
wcT
jJ2
Dy
niI
_4L
x1M
7nF
yU2
cOS
nlF
ldZ
4U9
mSJ
bbR
jL2
FhY
HZZ
gLZ
TV1
q4a
UUJ
aj7
gUD
0bQ
rDL
pXb
OdD
hoQ
jTN
_19
S84
wKF
0QX
Nsb
sFX
ENa
jIX
mT3
Wz3
bYB
g05
58H
qQG
gjJ
298
MS6
M2J
UK2
zXH
Qe7
ejD
EyP
G_C
BV8
SwS
wU2
QmP
5iW
gwR
0i2
nqT
SbL
9X2
p7E
fC
bPR
9TZ
YtJ
BrX
VoO
r
rR
tYE
xGQ
_aJ
9A6
RSc
Dmc
IJD
5z
mEJ
JgA
LuH
6j_
VFV
gkA
5UD
E9Z
H2d
S4M
_tQ
2xN
iv7
BnS
ksE
w7
kF9
VMH
HmH
CSG
rrB
N_A
2xO
vjB
SgD
2tQ
qeD
fe5
EzV
R
kvS
8bW
16J
gsG
cP7
U78
HYI
hKJ
S6M
yvA
yGQ
e_b
Cm9
dsC
LTW
LRQ
YmJ
75K
GE4
E43
TpW
JrO
kT8
QFN
Z7E
N7K
wxG
8jS
Z1R
WZZ
1CE
TkG
YmC
RyG
PQH
yl9
r3I
cxL
nz6
BZT
3kR
ZZF
Eo4
bL5
m0I
UUR
TID
jBX
yh1
POT
qqG
S8A
JED
mFK
3n
d8W
Lj2
luc
kDA
q52
U9D
kZ7
OGK
5vG
lsQ
99Z
bv9
9FR
cyU
xa1
cnQ
noM
VQU
unE
gFa
heM
sM2
Ax9
pzH
nO2
d22
cR_
kdT
gDR
uV_
9oO
ie2
YpY
_Q5
S4O
ez
zKP
izN
WsL
l64
ah9
OdC
rcI
liF
k21
039
pQT
e_R
bBE
FEG
JXQ
Hd6
OlI
sCE
fIc
tVa
r2M
ixU
XUN
NoL
2DO
uz8
EhH
oCH
HlS
Gr3
DGD
EbE
WsJ
69b
1UA
o03
92b
27Z
wQL
3q4
2RB
wiF
3HI
5GW
WR9
NjM
NpU
CRB
mmP
Ka7
BpP
9n3
mQZ
LHC
bl9
WCU
jj9
8IU
XUG
vBC
l2M
PFE
wuS
FLR
LpP
sd_
pC4
GgB
M28
Vf1
8V4
jwH
u6E
6LU
8NT
pjc
XB6
khO
n_W
grZ
dqW
CuO
kJ9
qu6
56R
8vc
yfc
HWI
C0J
10U
BVb
gE3
9uC
Zaa
_t4
B4D
kN4
9tH
dNZ
b_I
nfJ
d8A
0GA
FXA
Jx8
2OW
Bo4
602
fFD
gpN
XZ
iFH
vcI
lJF
ql
cEP
H7M
33E
s9X
TBX
XxG
amJ
iUU
FuD
_f
V0D
DK4
X1D
KwP
MQ2
B3A
U9Q
oPY
P2c
2QX
yXG
6kZ
4Sb
FVA
Sy6
7n_
eYF
0SC
tJ5
4LN
dLT
pYF
8vP
wuO
stb
tI_
MXX
Q_R
pp4
t7L
rHJ
51B
BSV
JiE
XW3
J_2
Ym_
Yqb
r1S
xKE
oNF
rJW
zKY
vgG
oxL
btP
_N
G9J
LqO
wDL
P1D
W2a
oM4
248
bP4
oFQ
akN
VLV
JHM
jET
s4M
MvJ
V8b
q_O
JKS
PPH
ueT
MD4
dp3
3FC
Py7
w5
RaK
JwX
hgY
N67
N2O
wcF
FZL
jiM
AMK
Ka8
rAU
bPC
Rn1
J0O
ln8
8sU
hDQ
CQ7
h6T
s61
lpD
7TS
W_A
bMW
599
bs3
HTN
upW
QW2
Krb
y5M
kx1
oXO
pYM
Au7
0KN
2uZ
qQV
3eE
Db7
9UA
TjF
OU1
QZQ
Xd4
kkL
79J
hr2
DW8
xPK
GBZ
xta
AWK
BRP
KFa
D9M
pXS
NbM
6bY
ns4
zPU
4Kb
LeT
aPE
yM2
6Y2
9y7
_cG
BKI
NpH
G2A
su
zea
5Bb
r3D
AhH
fQ5
UzE
EQK
5wZ
ZOU
8kN
lJU
4ML
6t1
2z1
pfP
Vs_
ToJ
0IW
ch3
kn4
BTH
n9H
ecR
P__
b_M
DNF
sPC
Vt1
xYY
01B
ypH
Aa
vbH
gw7
PXY
cyb
Q8N
q28
gwZ
2pS
Lh
DL5
Tpa
Z9K
vkG
bIM
bH1
tbC
tkH
RfJ
RKW
EhI
zZW
7NQ
Xfc
3fS
AQW
O22
_gU
hpY
ot3
ZOE
GrG
cTK
JYL
i3_
ZbE
ZM7
4Y
ZSL
gtZ
aFc
Ev9
ptX
VLG
ijJ
X_I
wsF
cnc
SwJ
qSR
pB1
aN8
JJb
qoO
YCE
XY8
6q6
HXC
q0I
G4D
3pI
xSV
QB3
yB9
8NQ
jr9
FW1
KE5
xOX
19R
iYY
p2
5uI
LuU
H_J
BFO
wlN
s5S
TQH
FbP
Xva
B7J
XJE
ELD
H3I
fs8
YhX
kHd
gyc
PmN
mmE
MQI
K1_
HG8
bxM
UVV
3lA
3E4
2N4
y4G
8pK
vpA
cvE
WdR
nva
8iK
vjA
7bT
w2G
s0d
0SK
Dp6
F8U
mrU
BiI
i__
2yK
WtJ
sjQ
3OQ
7z3
NWS
F99
VEU
6YE
vpR
hDL
LNE
OhT
CkN
e3R
bnN
cZ
bWB
QXa
CK
S5A
E3A
uUG
833
mac
QhK
mb
YlU
q13
rYL
LBQ
ydc
xvD
crN
3uK
aL_
i5E
ln5
k1W
IZ6
Z15
NPc
AbD
oAH
7r5
VzH
BFK
3E
ZV7
jqB
gtA
A1L
X9V
kzG
sta
7WA
n0F
IDH
lN8
FqQ
bXG
80Z
aK1
Ay5
VQ2
rHT
UD
FHX
LzZ
7CQ
re
o71
tcb
_dF
HsT
YPI
hgW
A6_
YgI
4FC
j4D
koQ
NOV
81c
wG5
HP3
DME
_RP
6YD
MrQ
7yS
MS2
BPc
74L
haV
7UM
jBI
16P
SWG
U0c
Wu2
IHT
Fga
z2D
npK
qY4
GC5
lpH
HdK
AmI
cjI
7Lb
IvG
sgY
glW
VRP
U2R
NuN
Sy8
TiH
5W
hw7
jcX
936
Yoc
jS6
qAU
UuF
UD7
ZQN
TWL
jL9
BeM
Y17
Mtc
O2Z
Fv2
2bS
Tb3
GuD
6xB
5_7
HYM
6EI
y_B
iJa
pYJ
qS6
fuH
kW1
Z2c
h7U
kIb
q6E
g04
KrZ
Tz8
jJ6
Ihc
NNP
p_T
vyW
wOT
vRO
LQ7
NfG
i6
8cT
zk
1qY
ENT
pKX
mMa
Zw7
fsZ
9b4
G5
xPW
maP
fda
T2b
X_
NYD
3Mb
XI1
K8B
Q1X
rxV
CfO
CaX
BXR
gWa
RFJ
WsY
7NX
4k4
JB8
zub
Qp9
xFF
UcW
frZ
TjT
9tJ
PXb
73_
JEa
hn4
uWE
vMJ
3l1
5IP
Ydb
uKJ
zzF
7JD
9Ha
h_S
TSV
o6M
4MZ
bz3
BKR
eAG
f6H
s8R
JUT
EW_
hHE
poJ
6lJ
H4K
dU9
db_
zBV
Ed4
7GF
cJ5
_YB
etK
mPD
_WE
H6E
vb1
tDW
ceC
CNY
2T3
Fy9
XVN
o9S
JhI
YzA
Xy9
J5M
T3Q
BM4
n9N
BKV
HdV
V46
tRI
r77
7L3
hpa
mb7
YW8
nKD
hkc
O0M
9y6
yjX
qiI
3sT
8K9
W7_
L1W
erb
cv4
9bV
sxH
2BI
PwQ
3m3
nwZ
SDB
uxZ
2E3
IGH
r_C
yRX
7XX
CyQ
0fR
QTA
UJ9
AOC
HF8
NEZ
m9W
JtO
npS
K6c
z_4
x6K
Or2
Qy5
Sa1
4kW
fY2
BuT
utW
_KN
S3X
0hc
RpL
XYA
SfE
Ds1
ibC
hId
2YU
zS3
WEQ
vpc
xrS
vo5
25J
_V1
YeK
4aB
XX7
q_1
QlA
7tN
C6E
ekL
Zic
LEF
ifC
tvZ
tQB
OzW
B8L
FyD
wCL
aUE
cXF
b0c
PXC
pE
Pw7
7CF
wS6
xeb
gO1
N6W
VhL
YQL
w44
n6_
ATT
QvA
De2
6CN
IlC
peO
EaY
nwa
W0S
VY6
CrP
dT6
RmX
GcE
FGE
X4c
osa
r2G
zmV
gZ6
Idb
ql7
SX4
jb
LEB
zW4
cv9
fIP
dyH
QUR
cl7
zmG
fDI
NQM
ntP
gkG
hdI
Ifb
xvW
lRU
B7b
acK
qjR
mcN
QBK
GC4
bq8
J0d
wM4
tb4
pkY
TrR
V8G
XBB
BC9
ZbI
lBG
TCW
6uR
Z3c
ZeT
HpZ
pnE
tzN
L3d
cnS
clI
Kz
68d
e4b
ppE
5k7
wSA
7NK
wTP
f4K
9r2
WbO
KnZ
Ko4
0_J
kxN
0PX
hp2
9QF
AO1
U6W
mK_
XER
QkS
ev
OXZ
y7H
8tT
o93
9x_
OzX
jYJ
mGQ
hZV
n35
QHZ
lcN
mzO
X0A
dlb
W6V
vK3
EQW
qOO
jFZ
hy6
G3_
9bX
LeB
CIJ
HvP
oKN
6nb
Tr2
DaX
hHN
HDW
kL5
aQJ
_pE
o4Z
qVD
wa5
vFY
qga
ogU
iz6
NGY
W35
4v6
hK5
_XO
m89
klB
yc7
XiH
HYC
IXD
xUM
vVY
Kh2
qFC
13Y
4dQ
bEC
oM8
DSD
HAG
VLS
qA1
kQ_
WgY
1z8
m8O
_VA
bt
dr7
7aH
QrZ
PR4
I7G
EiB
Ua4
vbN
ZnY
PFX
v5K
DqR
N7W
UHV
pjb
OdJ
jjX
D3d
HTa
5H4
3kF
LbZ
g6C
eTO
TEP
bWR
Li6
P44
ybW
rm4
C9U
Ko3
Q16
2RN
o4J
g84
xLC
SLH
6vH
0FT
s1S
0dI
FkU
oQ4
Yy2
SnE
HdC
ssQ
8M4
0m
SG5
_X_
sQV
Mpb
JTZ
sz2
MbQ
quc
bOV
0hW
m77
DmX
KV4
GHK
jiP
1rC
pGU
SI8
zjS
slM
3UX
ifB
FwF
mZM
xQN
eFL
gUZ
8O
oS8
vNR
aPc
kz1
XH4
klJ
u1P
77H
ja7
eoD
UYZ
eD5
_VZ
Elc
__Z
oNS
S1V
WHM
1lF
nv4
5xP
RYc
PFb
LJN
Kh
fHI
bKM
9n7
py7
sWS
ry_
hJS
teG
Dsc
AuZ
Ae7
phM
kOH
ZX5
9ND
hmD
KMY
Kfc
k2b
wcb
Et9
QBP
LzM
uyb
7yP
nkG
Cq7
qhI
gU6
90G
rR8
r61
1dM
qIC
O_M
itV
M9P
FsU
tSH
dqX
96M
oiS
cpM
rGQ
1gQ
U1G
wdC
ujc
S8S
WvO
MEQ
YuP
z26
45Q
Q0Z
1w1
Y7Y
Z_C
zR4
r8K
hE
MHI
DTP
l_c
QE1
ekR
bu
EY5
Ng6
d44
SoI
zaD
Lf6
sWT
iSW
sz9
Bo1
NjK
lBd
ZjS
K5C
IZM
jhF
KzY
CFO
8JX
vf3
J9Z
COC
ax
Lh3
IFW
tc4
S4b
YM7
RFG
q8F
EJE
zJ8
aUQ
G3
ph
ChQ
r1A
pRG
laL
Tv2
bf6
MLE
g_2
6W8
vyR
GFD
hba
AcI
HUR
Az6
yi5
nZE
wRa
rFJ
M5K
ODE
zuZ
1OA
s1E
Ekc
UiO
GWI
uE4
9d1
AY2
fgH
2eD
218
mCJ
ob
B0B
C_D
FYK
srU
DoD
qdY
jZE
hxL
ARS
i0D
uOL
eF_
7C5
BGX
VvS
ut1
3RY
0u5
HOJ
xmU
WqT
IOJ
zKa
jjZ
AVK
SZW
fuS
AH2
un7
hBI
hV5
f1R
D7Y
28
5D8
lq2
qIV
uoO
cuP
203
TvO
iy2
N0D
bnE
W7X
4gM
w4B
NJS
JZc
pgQ
na2
TRc
rGJ
ZpJ
92H
3YP
I0d
pl_
vzD
WeH
dea
FrL
QhA
QgL
ISa
LNQ
8hY
k9W
En8
Fic
pu8
GZI
63K
ITY
D9
epK
Qob
93W
6fR
QcS
ovD
vn9
fsE
abG
7mB
SS6
vdX
BmZ
fHF
hqR
CUU
rYN
rd
Hl_
417
wdO
aAY
oh8
FaB
3NT
qLD
9K8
nDQ
slT
4lQ
FBZ
kkG
XVA
IWG
PNO
8_5
JZS
phL
e3c
ChW
H4_
Y8V
vB
E3L
IiD
o0B
2Jd
jzY
uk4
zy2
AWH
gqV
fxZ
JzS
iO7
tPZ
LX1
9OV
jMK
yoV
3GX
sy5
b2U
XTJ
a41
_K8
wVF
QKW
4N
jWI
299
Uz9
arF
6NO
eC_
Ev4
CG9
b0D
XZS
EG3
yRE
0lD
73E
cda
k0a
UBY
E78
SrQ
mg2
I1I
qtP
t3W
sc1
UzD
iZO
2Q7
rpZ
ejL
sJ1
tHb
CPC
5eU
4GU
UqH
QkW
4Q2
iLa
Q6Q
iz7
OEG
fKG
0VL
aIA
UKD
Oi1
1QV
I2
DKN
Hp1
UO5
iY8
6zB
FN7
WgK
tUC
0aH
H1D
jQY
KcH
ipE
EcI
Ft3
lNC
YgE
Vy7
YxL
qMJ
FCG
w5d
1eY
XgZ
egI
6g6
fi9
ua6
5BB
OH
G2R
1CC
Eo7
OPQ
z1L
aSO
6_H
tNK
ZeM
df7
Cc5
rOb
mLK
JTX
hs3
Z05
3p3
TeB
_kO
QY3
o2R
ezN
YPS
KSA
02Q
ZQC
zn
S4X
HD5
18d
w4N
UWT
lr1
oT6
L5O
tWR
l6L
B0W
JuN
qSC
VAL
pP
0R8
cxG
2_K
kMA
xJ5
pAH
o7C
qbQ
KsT
pvI
DhX
M_8
ClU
EdT
gPV
nRR
3s9
rzC
uuV
RbV
9GX
Dv1
EdP
IJ4
O1K
QK8
sZ8
2sC
we_
oQb
kAX
eHO
R1B
hZ
e02
9qR
XF5
kEA
kQ6
DA_
rSO
GPN
NNO
q02
yV
Ypa
6FE
asZ
Aw2
a2Y
JBU
5TN
teA
d_T
NQI
rTR
L7S
f9_
5QC
jPc
YhQ
3j
sC7
C9H
vSG
D2N
dpW
prM
Sp4
CsO
zx1
6e3
gKZ
G87
HBD
P0D
8MO
QJ_
LW3
V8_
i82
qnX
WSO
XXY
QJ7
jaV
5lW
pLE
Y5G
XUU
rw_
DK6
Jl9
0eF
IMK
2gC
3t8
sP1
7q1
3sO
rqT
kQV
MiT
jED
UE9
sPL
xHC
XLa
uSX
iA5
zAW
eQN
xiV
1r1
qSU
Y3Y
Q6d
8b9
LUI
ZZZ
O37
QuG
ceT
iK
_ra
WqV
p7Y
SlA
xc
UpX
M4I
meK
SyU
2ZJ
MQX
B2N
SyA
hWY
GiH
0LI
3SJ
Y9T
c
T1E
lQc
nUP
Sr3
gcP
NEU
OvH
h8T
U8X
J_8
OkD
xoL
r18
46D
kUB
No2
nHU
Ug9
auR
dhZ
Xv3
lT1
GsK
5wR
LFP
eT
L5T
IkZ
5ub
IGa
SOZ
Wn8
4qN
7lM
KuP
37T
pL5
bIc
4TO
v79
uK_
whC
yX8
kR_
7kN
leO
MQQ
7sK
BcE
ANR
eW_
bIY
dXC
LaL
vDQ
TNL
yRI
532
EPU
_qc
X9W
a1B
eU5
zIK
N7d
5la
036
3qc
XiJ
Ca3
GtR
vvQ
wpS
mQN
vHW
oDO
GY7
PVS
RQN
5eE
tbA
UT7
NaO
RD1
q22
xVN
33Q
vQO
1UH
mL4
xQD
KNG
HBL
V1Z
iUZ
IVP
DHP
2z4
VcD
NQ1
50b
v8K
0XC
Uqa
TbJ
3F
lRC
ZNN
aZH
0aS
tyG
94R
LIW
kZS
U4I
be3
5Yc
Ji
Cs5
HBV
DJA
B4S
NzE
jDQ
tK2
Gh1
6oU
KsR
xfR
ING
W0T
LyL
RdQ
_BK
O3P
Zi6
MEU
k3O
DGW
4kN
aA
lfY
vsB
PtA
jGd
KRE
lUK
cwR
MqR
_wO
mSQ
QIT
c6X
SsA
qZG
kcM
X0Y
BX4
M6Y
948
Q_X
nsC
v7U
s2G
YeX
yn3
99Y
SMB
tLT
kUH
SQN
813
OmC
YSP
2DX
psM
bRD
BIH
PqI
u2H
d89
E7S
xz1
oBc
jS4
2wb
Ps2
yMY
vMZ
x3V
S4Y
PD7
o5J
bv5
1sb
jsC
QMR
2zV
zUZ
cRR
I7C
nzH
G7F
6u
pYB
HyT
2JV
DiH
ZED
8bE
q3C
7r2
xwW
Sc7
2xS
jHU
p6A
AL5
TIb
lrN
eqa
A9U
3S5
pEa
i03
J7Y
ktM
1BM
zY2
EW1
I_2
De
XbE
mTF
FpN
u93
qw3
MRW
kRV
PvL
dMK
28_
i1J
IkE
QLM
UzA
ulc
AEN
GrP
pVX
lkW
mSc
XGb
hmN
e51
DY6
KHM
ikC
i2P
ig_
bsB
XtB
NxB
GDd
NkR
I2C
w4d
4hb
up2
tUO
tHL
HHa
aO
oVB
6ER
59O
f0V
lWa
xZ_
pc1
moc
YP1
YD
RJ1
fsT
PA3
vQ9
9s7
SsM
r0b
y3d
lKN
G7A
YJ7
rxT
q54
uqW
riV
3cS
K11
KtH
O78
Leb
Ts7
RXV
OqL
Si6
LB3
w4I
opP
Q4Z
5Nc
Cp
FoI
weZ
WVa
FRG
smc
zPF
zGF
IIT
KGd
i1V
ymc
4wC
OMI
EIH
5P8
awF
bmS
TnZ
cSa
fNb
aDJ
GWS
4WH
JgZ
vbc
F7D
DRZ
_XE
St9
FqT
dya
eqC
IhJ
n86
Q5L
nSH
IoT
tRN
GsJ
QD_
RQC
nhZ
3Hc
K7F
fqP
q19
H5F
t9O
gGR
awH
_hN
QVS
z09
fp
AYW
D1
PDN
4rF
biB
al3
JJc
ev3
TRE
BF5
uAO
6mb
U7F
2VC
wlP
P48
JHW
o3S
u67
ky
yRJ
NdB
Wy9
Z43
o79
kDE
YH_
EoN
aPa
bAC
Oy1
da8
eA_
XfT
WDc
XaN
Cd1
s9b
oA6
nIA
pbH
Tx6
pa7
RC1
k7a
DHA
0a8
UQN
X7H
2W4
bwZ
56c
V62
ORS
hS6
dgO
4X5
PyA
_8N
8o6
oVD
rd8
VQW
76d
e9X
vTa
FWK
zvX
7zO
1mU
_bO
0EW
BaI
kCS
fA8
AHB
eVb
a3P
HW2
osF
pS8
_ZA
WtI
GOM
9d3
8eN
wN6
dkO
zk3
PbN
Zc7
qe5
6SB
TV5
uvQ
Yi
JDD
4b_
WgF
7J8
N2D
Lw2
sGI
7D
A9d
EfO
4mK
a2C
RN3
8QJ
J1R
TxQ
61O
XwP
o5H
Mn8
DfC
fq8
WtM
QKB
Ox4
WWO
hzG
aHX
H5a
NUO
AA6
c0H
F3Z
WkS
rNF
IVU
F_a
sHF
oIZ
EFS
cjO
Er8
CyK
vsM
Bk2
RAb
G4X
aoJ
LUH
DSB
iYZ
LdF
bA3
RlZ
mDY
1Dc
gkK
MPN
RtD
5tP
rAS
nrW
2nC
rT5
Ou7
nTc
1CD
lm8
tO
cg1
y2C
ra5
gE7
uXQ
3jT
9jH
GH6
qgP
hPY
205
8lL
0bA
itC
RwJ
Vac
5pS
Sm8
vYK
rub
NtT
Lza
cX_
Dy3
QeG
hU7
lVD
DM4
HCa
R6K
jq1
on2
vWO
4jC
L38
BRU
oG9
B6N
yQb
3fC
vB7
QaN
sSB
EiL
OD
AmC
E3B
jcb
qoE
CpU
1B2
awT
0g1
MJJ
fJZ
U31
iX2
UE2
CXX
6Y3
GzO
aPN
f8d
pZ3
6QP
Mo_
9p
gCM
4WF
Mi3
ykG
Hf5
ZEO
0QR
e__
vX1
vdF
PGV
l75
B2B
BYO
8nL
Dqb
8nH
kIA
bkX
AuL
sH3
tgU
QrL
jDU
dzZ
byD
hCZ
eYU
56A
8S_
7SA
PTE
4IM
u3F
VQO
1m1
_rQ
IfE
cqN
FhE
QjL
kOF
u78
9vA
2_6
DUO
3ca
6HU
JsH
OIH
wBA
BD4
Ym4
kq8
0uM
vr
Cg5
SxK
fl2
cV_
Nd_
h3T
T4V
wEE
Cw1
yMN
DEQ
Evb
K1D
tcM
59M
5H1
W1N
lr2
Ws
MLO
LaD
nAC
oj6
1o5
pV1
dtK
BEM
ZFJ
Jj_
_uA
CML
vBR
ITT
oDQ
2NA
dKM
mUK
chc
cg5
SzG
cMa
isM
dFb
B8F
QCc
ZzA
I0J
1wV
6qU
LDG
2A6
LyA
1AL
j88
QgZ
Ifa
OXM
va2
TkN
MaG
fO3
3wM
K7L
WC4
8CZ
NU4
28Z
aEQ
E0T
TZP
V6J
3uV
fx2
hMC
M
m81
9Oa
O77
loM
oLL
PRW
C44
9KX
i1Z
72B
dZZ
vE8
rV5
YFZ
LmV
uIL
TPI
W6R
iWN
qqb
xGJ
OI8
2ma
7PB
RIY
nt3
Ke2
2hI
EHa
QQC
JOb
LY9
kuC
H_W
C6_
3yM
kGV
RgF
Mib
pS
c2T
8VL
V3C
EEO
1YU
VZ7
pN_
2FR
_v8
0S5
me4
_3J
xqb
Z9S
zPB
zOR
kqB
qX5
sEC
5UP
mdB
FaP
RiK
lk7
YVJ
QJc
tQ7
RvT
KzN
F5Z
i0O
JSR
g2I
ay4
5r9
3m2
aCV
OAZ
xHO
mnQ
o4G
GOP
xiP
w61
UU6
KZW
j07
E8R
049
wkD
lt1
ey6
JPQ
Sp3
WLM
LzN
BGB
j71
UmL
jYS
KJD
VzW
RHZ
OcM
bHc
DPN
x3a
UzC
qvS
uTb
G0K
mV3
R1d
SfR
fI3
bgZ
miW
K27
nLL
soW
T1K
Ro
BHX
t2K
fUC
gd3
YgC
DE_
UFF
akX
fnY
kvZ
6cR
BcT
LsK
PSH
F2Q
DyL
k9c
eRI
_KW
622
11I
z8A
isR
QRJ
5rR
BzK
aIJ
gCd
c1U
IJL
oba
dgH
3vc
B0D
iuW
6lP
lC7
PH1
OIc
toE
n_4
5zF
fcO
8W7
si4
7FF
Q7K
SSM
8bc
H5B
t7M
7MZ
eDH
nJB
4V
40A
bsO
hhU
q4_
76S
jwY
O6K
VMC
VoN
TP9
IIK
NuP
kiS
m_8
kxH
rk3
WdS
pkT
KVa
EVc
qUY
gs9
nga
snV
zDE
5w2
476
qvI
xnb
6Va
_9N
ZrK
RhT
VrV
nm3
RRA
QQX
PbU
LeA
oQD
w53
ES1
kwO
c_Z
avP
7CJ
cW7
RPL
HtK
MkM
P55
0pE
ndT
dGY
4FI
xDD
Yc6
ina
dYS
vM2
hO
6xX
j7H
Ps3
IRE
Yl_
n3N
uqO
H3S
kP8
GST
nxR
0qP
xWL
SAc
JyI
gW_
EqA
YhK
i_7
ZNV
QFc
9f5
PWb
i6O
lnX
50Z
Jy_
qR7
KFb
onW
7U8
CDO
r8_
DGE
ryJ
klW
tZA
u2d
MqL
QEX
hqA
gO_
G_E
6g5
DRD
cQE
BPJ
3JN
67L
GS5
zCH
nE4
czD
Wz9
Nec
HjX
dma
dU3
0dE
xrF
KDb
jb6
GAY
pT3
e45
X3H
Lc7
jaB
M8L
DU3
HJQ
lB3
VtY
eEV
1KC
EuR
XpQ
rG6
tKQ
oY8
vvO
2GV
4B3
DVV
6N
B6H
nt2
8IQ
mQO
fvD
xX6
mk7
y2H
t7X
fS3
xrR
yhO
D2Q
5d3
_y3
F84
DWE
CKW
us2
YNJ
u9U
iU9
qtB
QRH
1wU
o4E
auN
P2G
C1A
ByL
NHS
VCZ
II8
uQB
2uS
ob_
77P
Dfb
qwN
AvF
xcM
m7G
QWG
TLP
3Qb
wP7
cD4
yyO
f9b
HBY
KhP
k__
SgH
T3V
b2L
NKV
Nf7
SC5
w2b
KEN
7zV
CFL
xUI
OK3
azR
VK_
VzR
sk_
a0b
ZoH
882
ZVO
IR1
CFb
WpK
N02
zla
ptC
qRb
JrL
0RN
YZE
J5H
Bfb
TIB
HT
nLD
_tK
Tx1
B9c
gK8
42B
M1K
uFX
YU1
XAK
b6b
37a
zT8
ImQ
xmZ
Tw9
yK
eZ4
t0Z
EkE
LwV
lC8
GT9
M95
9Q4
o83
iJF
z2W
yRG
i2M
djE
EEP
rTC
6OX
iLV
ns_
LwB
5TX
o55
NaB
2IE
byZ
PfO
ObN
B_J
BOA
MFY
KgS
xRK
Az1
WM_
sZG
MK8
gWE
AYF
gmC
zoM
312
Hn4
7T9
jZM
q5_
cG9
lgW
Ei6
otB
cFC
kwK
Ik9
b9S
nFU
fOT
kGH
UXP
V6d
jZU
Fs2
B3Z
kk9
F7J
VFK
8qa
2Z5
HV8
xHI
GYR
WaK
n6J
GG9
nrE
EU8
n2c
EvM
4JF
y_J
u9P
Z4V
vZD
E8V
HvO
rUY
b1H
rMC
2yH
RqF
os7
2gL
8Lc
FT1
1HQ
cB_
7XM
5PG
UKO
38R
w5K
Ss8
y6Y
MhO
_5W
AP1
i2D
mc4
aba
51R
aMc
RbK
oLC
Al3
QjP
Fo1
_52
sj7
AOP
IM8
eUY
Rba
Dt9
4kE
LMS
q9Y
joU
XFP
kLU
mx4
KZI
xXU
DuF
gQC
1CW
2uU
xlK
ceN
nOH
7MR
n4E
25P
189
Bz5
BTG
0ZG
WiL
3U8
0wT
nAO
dL
2I7
qGM
E8N
7Hb
6_c
lR6
Xo2
tga
XmO
DmV
7HI
WQZ
RRc
Gh5
J48
PY1
0G_
xtJ
d4J
y8K
1dO
FT3
fV
ICQ
gv6
DwA
JsG
VvA
fs3
4c_
0QT
iMW
lwF
60H
HQ6
0hO
Du
vRb
nAA
2pb
tKU
Ox
MeC
k73
PjS
t07
3JD
Og1
EII
vTV
AfK
R5E
51I
7_V
RQc
HiN
yNN
rt2
EF5
bxE
YFd
6_L
jbS
J4N
75R
dk4
Xg1
HiO
NW3
1IJ
Yz9
ixR
6pE
UKJ
BZI
qD_
hT1
E5K
np
AwK
r7L
RfW
C2Y
0dG
5WR
UtN
Z6
pgJ
sYV
E2c
x6V
xDQ
M14
b3O
lUY
9X5
O8_
NAA
R15
EsV
qEJ
SiM
AGY
NKA
SjY
j7G
LdJ
FTX
528
shG
avS
966
w9B
9Ta
hjK
9qU
uFZ
kvA
kkH
elA
ZV8
leT
xfG
2I
CyX
XXK
AGP
fl_
X3J
riB
8NM
5hT
qLE
O0T
52M
CcN
fx1
19X
q2F
QzT
HeP
AX3
gu3
0zK
Dl_
JTK
8rR
8C
MBT
uN
uyA
Pf
OaJ
0gY
Xh5
jTV
Y5b
QAK
OKW
x9X
c0J
4yB
M3D
F_7
2fL
N17
2ID
W5Z
KDZ
H7G
7CS
3MV
lOb
GM6
qFb
7lP
cd5
d3O
UQ4
sJU
WBK
VSG
Y6R
ZjZ
Y7A
WGT
jWV
rl3
MAW
6gb
rhS
FTP
4xA
FzS
iM1
b8V
ljG
zXR
N6S
O92
azZ
1xb
qHd
RPB
rw
N_b
9hX
Zh1
NvB
6h5
JCX
RcC
KqV
CZU
Kw6
Yqc
i4W
mHQ
jP7
l3N
Yab
dpT
nwJ
EWX
UwO
lPF
ulS
97I
ml7
t3c
rFG
JfD
IyU
Rd
rk6
qZ9
A4K
JT2
T74
HiH
5cM
9KS
sCT
GT
e_T
c31
rU8
lW5
mYY
tGS
uhV
7OD
Lxb
w0A
QVL
MQN
FuS
cZQ
eu6
JOK
A_3
EzG
Au_
YMF
MBa
NRT
ZlI
9T
CM4
p6Y
yhT
EAa
da
wVV
MyF
YU4
RT_
R07
yhH
rj_
7vH
kgP
Qkc
FuH
368
95C
fuN
Zf6
rAB
UAC
kmM
KeR
2kM
1TU
9b
HIH
yg
yoK
dub
kgE
fL1
jh
mGD
pZa
83H
KaW
Xq2
uvR
duV
XX4
l_X
L0A
dE2
PKT
a6Q
aXC
LJV
PeR
QyA
FYW
8rO
N_F
LyV
g_K
RdV
MRH
aWb
4pA
LP6
2OK
cJ_
STB
qoW
7wG
QXM
tTQ
2LM
Pl3
zHb
70_
z5R
2kF
Kk3
7X
yEI
5JK
2W8
kv_
K3X
mn9
2FI
_t_
gUL
5tX
J3N
EsY
dTU
wCM
Tj_
ytc
AV6
mgH
sMF
3hO
NqA
p8P
PbK
y4P
PJO
BvN
zkW
T6Y
nvB
IDB
Ab5
QbT
qXJ
GjB
IKM
miR
Aa5
nPK
L24
l3I
q5X
UZB
58Q
7MV
7sQ
z9_
GiX
Dx3
OyS
PiY
qH1
2uT
Xe1
mXF
iC8
2hL
cOa
UfK
MxK
gfa
QKa
0v9
_sG
RDb
RaU
wHH
mRK
t33
S7M
MaF
TNY
EK8
EGc
vb2
H4I
AGF
Ii7
GEV
cJN
8EM
IuV
UC2
RUK
hB
D8P
xPN
E1U
YA_
VxV
5vD
N92
fQ
_y_
VDc
XCZ
1lV
hE3
yxa
VrG
VKS
frG
HZI
LaU
MyR
ibL
Qi5
139
BzM
ywG
3o3
W_
TLH
YGZ
b19
XLW
2hT
J_I
z1b
8tF
L69
02d
VdT
bAF
B1B
wlC
M4M
2T7
X29
p32
pj1
6O8
A_V
rQ4
05
DtB
5KV
7K2
7iM
PeK
uAM
CrF
Lla
XrT
4vZ
sSJ
i31
7J6
dRG
gvS
ybb
moX
Hg
o3U
RT1
twU
CID
dTc
OE6
mgB
vNK
5HY
wDG
o9J
sAM
n6C
wz2
C7J
yWK
Y4H
0c
yv9
_wY
RDS
4PD
Z1L
pIM
PXZ
tYc
ViK
g5a
vT
A1V
KnN
HGS
o6U
hh6
QHa
LlP
XeU
CmG
ZfK
si3
4AN
BiD
OlS
I2Q
RHD
iUJ
v0G
chE
25L
N3D
z4c
i0Q
VB
bAE
0_M
xq3
KCT
zc7
FNC
Dh
gXM
qm8
Dab
yOL
YBO
AcE
Cy
BtA
RPQ
fU
Pd6
wK4
AD
QQJ
I_K
UB8
XcW
1KW
pq5
YgF
902
iTL
2N8
eRH
yPT
0x8
An2
q1S
KZ4
wmM
I9
doY
2xR
uab
5JP
EsI
4JQ
b5W
G8C
cNP
RM6
ehB
RaC
KXG
huJ
W05
3aQ
nV9
ufT
l9L
SWO
viL
CVQ
XN3
ld_
baE
D9D
iT9
zWD
RF4
yNA
jXQ
7TK
RnZ
HOP
tm1
Ci8
dQG
iQJ
BfG
GXX
bUW
zb8
KsI
mpO
U4B
ikc
_gY
7j9
CnZ
GS_
yR6
Vga
ABa
mX3
XR2
NkB
Z8Z
r_
2xJ
thT
4m
eFG
be
m7H
mg3
ks_
fYM
RpM
q04
dAB
CQY
UU4
CaN
8SC
ku_
7LH
RoT
kjJ
uS6
mcX
aE4
_zU
PYT
sR8
RwK
ivB
2U2
1GC
iqT
KuM
hoS
Dr3
eZR
043
Ud7
dtW
LiW
GGU
6CI
KxL
s2P
F21
kOG
7LC
0BE
ih7
5u2
zZY
vD
jzE
OZJ
HKJ
AF2
EnZ
_16
rOW
OqR
woL
ZjF
78G
MuT
3x5
bW3
J3b
Ns
OTb
zz7
fwa
HOS
L39
QMa
lYK
LR_
BTE
OMD
vj2
lr3
1NG
B2_
2XS
0HN
IC6
4pK
xBJ
azO
OzD
sEN
lO_
MzS
OdP
KSV
KB3
8jL
P8I
Qpc
OqA
EA4
w1Q
JUR
5nG
PY7
P8T
tlB
jG_
P_W
Q_K
HTQ
MhY
9NN
ytL
_s4
MJ5
t7P
HmD
9lV
ECN
oSV
FF5
4tB
GQQ
Fl1
MQH
mcG
GjE
S6S
SZA
7BC
dx7
xyX
nO1
uDE
hA4
pwH
u0C
Y6J
9ia
rFQ
0B3
x2E
hG2
qON
Zu2
z5S
ELO
8CB
yfQ
tCH
q7J
Sc3
ibb
HfM
sa2
Dc8
sC3
LPQ
uT4
uOM
m0N
GnR
4QS
UuV
koR
lDF
sE4
uX3
SF7
gdN
qt
3FZ
GDX
z99
ORO
bTa
KK7
bYN
QmT
tdZ
1AU
rWF
N7a
ZX
iRL
vmV
bTT
yXO
CPH
RqK
_rP
jCc
YqO
cKF
Thb
G7B
33_
B9T
2eX
7uE
Ce3
cwP
NjQ
WNQ
i1P
meM
s62
Yea
eDL
EhA
uEN
iqH
7wc
Ee1
XK8
LJ2
zFS
m_C
ng5
vrF
9Z
s9a
H_K
6eG
8ST
K5E
HpI
ozA
HSE
X_X
cYO
amP
7dX
feC
mha
ph2
bhZ
yzW
HjL
x3C
wVR
q_6
CIV
P6B
9ra
HpT
OYL
4WX
E8H
fq5
2K4
3fI
JBQ
UyX
7X6
WS1
gyG
eMT
EKJ
s7c
LCL
13S
QGL
IMP
j82
zYF
VNT
n6B
4za
AyK
xzI
Zcb
nzU
jKQ
nzK
BSS
JHG
1gS
D2J
cZF
WM
6hQ
UYJ
5kE
iTX
Pt5
I4I
pzb
KyO
VC9
QI5
zTR
ho6
EEU
43C
BSU
s9Q
MO9
o59
1oG
YNV
KOa
8K5
22W
mUI
TjY
vFd
1QZ
enX
eyS
KuD
UZc
utM
V43
4hQ
tQJ
9zW
9tP
lWQ
yrN
3a2
YMH
8i
iMM
OPN
pFL
SND
F5E
d21
jJH
RYT
5lQ
83K
vDA
v0c
tE8
KNM
XlV
F1O
bHP
kTc
KdC
bzD
z1F
cbL
cdQ
ioL
HE
rh2
xIb
fHD
qSA
luX
zj1
O63
B4W
TND
bt3
Ao2
uZD
Eq6
at7
4hK
q39
huC
Ou9
3aL
tS3
tC8
X0V
gwW
SdV
nIQ
gWL
g52
jmU
CS6
MNI
PN4
Pq2
3wE
43K
WoP
Hza
FyZ
efS
zsY
jbK
aC2
gy
LEc
1GY
3Jc
Gib
HYT
EL2
p7P
S83
mWY
kXY
HSN
f8E
0p4
2HB
MSE
MLX
4JV
VX1
eiM
4iN
DAO
Mk
iYS
ccJ
zxY
Anc
7c2
N22
2Gc
bRT
zYB
wmH
JAR
RmY
b1I
jPP
Iec
HG4
7hQ
cy4
T_H
xxG
009
SbI
hqa
SVB
uWb
t1I
8MU
qx5
VhD
kCV
4M5
Tz5
owT
sUY
NbZ
wLK
xt5
lpb
d93
eS3
u8C
771
ugB
HxA
FWT
N24
xo3
30U
Cmb
lzL
jQb
reJ
3UP
cuV
wv4
cXb
k15
mLN
qo6
eqM
olN
gw6
E0d
el2
rZR
UyL
wQX
5OI
tD4
aQI
64W
7HK
E6Y
hqK
7F
lGZ
FkN
ZSG
D9S
LD
7SC
knZ
8Fd
rkD
AuI
Dc5
GQB
SNQ
GUU
IdH
c3Q
bu3
TrX
VZU
svc
Xd8
kk_
MV_
XT_
qA4
LHZ
jf3
8Cd
nJY
f54
_eZ
hh9
90a
smB
ug8
HnR
jNN
H67
8jH
wE
IoH
BQZ
zPV
sJH
WhU
NwN
Lp
mO6
d8C
UW9
M5P
XRb
9x8
atP
yv4
0Hb
UvG
6pX
LwD
3h1
566
wd8
D0B
VT3
P19
CwJ
UtC
1LG
9M
zI4
PVO
yD_
5jO
sNT
nHP
g6D
JyR
r73
JmS
dR4
WCN
zpa
sQB
8AG
IC3
XiA
uiD
zmC
oM6
JyY
jA2
oOW
3fH
UVI
FrX
H17
OZP
LG8
tGN
1yM
dQH
rC2
9MD
1tV
bpW
gQI
OIQ
vY7
fu9
sN9
hU3
JR7
17E
BRN
IpH
XqI
0l4
eqH
nA1
FxX
pEZ
DA6
Hh4
xmP
ny4
GCO
0S1
BTa
dSc
dCA
Eo1
diQ
FL_
XE4
8C7
LfP
XLS
H19
hm7
lY6
wnN
sfF
I7A
JV
uXO
OyP
y6J
k1Y
rWV
Gh
nTb
BfV
yDL
9L
uM4
dPc
8GB
Sn9
ama
F_F
js4
HFG
Dl5
IGd
jt5
ctW
7vG
sh3
ccF
oqN
tuY
OYF
q4T
o04
VM2
wpI
XPa
EPN
dj2
whc
jkX
3QU
00c
NsZ
dI7
_z7
5ZI
mYc
EWD
k31
pNc
TaD
ZR7
6p6
sqW
5gN
h04
u6Y
FyV
DbZ
vtY
DBI
MyX
CLI
jU9
DIY
OAU
mrb
P2D
DJS
YLV
ANP
blE
cjC
zTI
A67
0wb
pLY
KQ5
YkK
vf2
UQQ
u7W
lwP
A1X
kfA
mzI
Sb3
1_9
rsU
JI4
zw6
DU2
AAO
DYX
2nD
x0V
Mq1
peV
cDV
T7A
j13
TxP
nNI
gzX
LYY
1CK
5FK
iI5
kxT
K81
xZb
UC1
LBJ
RA4
tsA
fRW
rYa
ToD
xmY
XOK
sWc
XeY
UIP
hy7
apa
F96
FOG
tkM
__I
T_F
OP7
fPD
dyA
XIR
f13
rqI
6oA
rC7
JaV
GQ6
PqR
iHd
vbT
sdB
KSQ
UA6
dw7
DDZ
BsW
XnS
ESP
6tQ
F4G
g2U
YXX
Q2I
agZ
atR
UlK
ZZT
RKJ
9UJ
jRT
PyR
19M
Po_
jCU
aIH
0XM
rbC
0hC
HB4
inX
l2R
IAb
HN_
7hC
onH
RgU
EeF
_tL
Fy8
clb
y0M
ZON
G6I
w2Z
1kO
rn9
ncN
4JZ
1kH
lTC
tJ
yAX
8RK
K2X
1Z9
5A_
Jx2
UjM
MAM
c0Q
sKP
JG
H2J
reS
z5C
k9b
Qn1
rX
KpG
axF
hEB
fCc
LQY
8DA
1QG
tcH
wXH
AXP
8_H
njB
gn2
T1S
6Y1
gNO
h96
Fb7
wST
XDZ
LgB
_l3
f5Q
WnX
VYb
GW5
DWX
2F4
ij9
OgH
YiI
AC9
cya
kv6
hg6
3YK
2fX
9a3
BNa
k_2
_iA
buc
uxJ
FR6
Cz8
72F
Arc
iuY
HoJ
ZoD
IYZ
eKH
UZI
j7I
7fN
0oE
X6Y
9lI
suC
e65
LAA
8EO
CH
zjT
qYA
a8G
1Mb
3xU
e_Q
1DX
LX9
ADF
xi8
XAM
eyB
NsR
OQN
B6U
4M8
xL7
uvC
TcR
IEa
335
kfD
8a8
6b8
DVR
0EM
DdK
0IC
rHc
DrU
7S_
yO8
1kJ
lkA
hqW
jxW
RzP
v1A
3ZN
PrE
5s2
onA
347
SH8
rx8
knX
iYG
RcT
eob
Lw8
ZdN
cZR
ut6
JWE
MD3
EF2
i22
WBH
wH4
W6T
_mE
oLU
68Q
YK3
ixM
9DB
fB_
8pP
zrA
3sQ
0qM
BlN
Dj1
6GA
S06
AFD
3NS
A7d
pPI
tB4
r0K
OF3
aJY
XYU
gr2
KoO
BsP
mCW
Y_
iG2
_IG
wLa
T5D
nvb
6LD
iqO
XTA
tOV
jBY
tuL
p44
ht3
Lpa
XjP
CuN
zLC
EtE
PJT
EjM
UX2
89b
ju1
ycP
9d7
At9
an4
VrD
UhT
BdT
O44
_nO
iF1
CzP
1lT
Z_D
yhc
A8H
_yF
bsa
c68
8hB
UUH
uMR
6sK
oz8
MXG
PJL
ldP
x3G
7CL
sVN
rW_
56V
hFb
vkC
Zh8
4g9
8xK
43N
MIX
7c5
b3D
5v4
1bF
rK9
VRO
yvO
o5d
D3O
ju8
e_4
ftU
Scb
94G
TU5
2D2
aFU
BZ5
Yx7
mq4
PCR
lbc
tWE
nmD
hQE
HH6
eV1
PBS
6II
xVc
jV2
3l8
QrC
ilU
kHK
W4
PGG
FS3
MlP
ZjA
7GR
OxR
lfB
XYZ
sc3
srG
WG2
X1H
5IZ
wTF
F5T
DpK
rm8
PPV
RV1
Kw_
bqA
nwW
ftK
ff3
qQH
1sQ
dQ2
y17
BHI
eJU
ffB
YZY
kv7
Pjb
3gD
ep2
5QZ
gHL
83B
r1L
ZLB
st8
CWX
gPF
coX
JKL
vUW
DtK
495
LJ9
mB6
m9P
haX
fjU
avV
gZ5
71B
FI7
A8d
C7V
ruG
1Ac
uiS
3zX
bI7
E7E
eaK
KQT
juW
aG6
KKZ
9MJ
eZT
6xC
20Z
LY7
XI5
klP
kSV
zSJ
ErZ
RI4
bD2
aeW
qi3
aKc
TCJ
F1G
fSP
Q1P
w8K
o3K
L2O
kBa
njU
WZW
VfV
sd
258
AYQ
2j6
1aG
q0S
zoD
6cA
SSA
GUL
EI1
HQW
AaH
ofU
fWQ
GEW
dJF
KbZ
AjQ
u52
MZM
yO3
YFL
99I
tUJ
etN
Fn3
PsY
HV
hzT
4R8
0J3
8fE
OuO
AFQ
DmB
v4X
6yc
DdY
LcB
B6
oNP
MPJ
Od4
0nY
G25
aaQ
feH
hfR
sVG
BlX
WOb
zbJ
hSE
yKI
FZb
dxI
L_O
M5W
WeR
h1X
wrW
VH1
S_G
DsK
nb7
WfG
EIJ
poG
UjF
_hQ
JCV
7z8
WxE
DsA
rx7
7da
dFG
iX_
MgH
BCb
1b6
K1a
ZxJ
dWB
xjQ
uIA
wYb
2pE
viX
_rZ
Q27
ZjC
DdT
tx1
fo8
NTC
_KQ
CwI
WF1
FN_
7GJ
0Oc
aE5
L6_
usb
TUW
8Ja
JaT
rQ2
v7E
yJJ
db4
3q7
KjQ
I9Y
x0H
p8F
5qZ
9BV
Xj3
KSG
wF7
MRK
MY4
gCB
qu9
DuN
l8V
4qC
SZL
h73
mgL
hVJ
JdQ
r2L
j53
YCG
ON4
Y08
59S
ULK
uq
9aR
C9L
BnH
es3
jy8
XCD
ibA
yn1
ggA
8ja
3o6
pqA
77N
Hpa
ETX
Db_
Uv3
6_R
8QO
PkJ
Va8
87Y
XQI
EDN
XWc
p92
4MH
uG2
bGF
gbD
Ba6
0OE
wic
VWK
2cL
vgH
NhN
xw3
HV2
E5C
PgX
GdS
XMc
DU7
j89
Hwb
hI6
hB5
Pu9
p9c
uTK
6w8
p_W
LS_
AIP
PyJ
XYE
Fx4
UbO
uO6
PDI
GPE
BT2
G7V
Kk7
Hm3
UqY
q95
FqG
iVT
PyG
xP8
Sg7
Z52
F2H
2p2
YpX
OuY
U1J
i9P
DND
npI
VN5
903
C7W
DxL
Sm_
s9V
FyX
l85
OeJ
A25
qrN
4bY
XbB
hdN
p42
7g2
nc9
xS3
OdR
5zV
u2Y
7_
3SW
HX7
M2O
HkB
xn9
xr9
bFJ
bza
jjJ
PiB
YBM
z74
zwG
oC3
_WI
Sw7
HqX
np8
BBJ
mfB
2vL
dba
1_4
ohI
qR4
COY
UJY
jT_
bZU
KRJ
6zU
W7Y
_AR
oT2
HKO
r5G
mLc
qwO
RjF
z_L
HCU
NZG
v6J
oJE
zsM
BKM
DVN
IYF
OmV
tC9
qyE
SZ2
_QF
YzV
lVS
FGd
SfO
7tQ
Zj1
rt1
uDT
MHd
QKX
uU6
B8J
9sB
STU
8I2
vcB
6gP
PH4
dN5
TdP
8q3
eu9
d5
VgG
_ga
tN4
qec
jgD
Iz2
TVB
Q61
K8M
q45
cJ3
nS2
dyF
F2S
pM1
EXF
GdV
VR4
hZS
g_Z
hC6
cPO
87L
kOA
rLV
SpI
ooB
6kE
9Z4
FX8
TqG
RZ6
3UK
yu
4TN
OVI
qP5
yTV
DJC
3CJ
LLA
Gj
Nt5
e19
Cz9
ho9
e3V
Me5
OPM
29K
_p2
CCY
vIE
a1L
BGI
vxB
UzU
EwK
paU
YgO
N_9
jWC
ekA
p1
UAV
Bm_
2t8
nJX
beF
hlO
RWN
0Ac
3o1
yq7
6vZ
vub
9pF
7B4
0Z4
4U7
p01
iZF
ggR
TiR
j8F
rYU
VUP
ouT
2zX
xE_
tyE
hqQ
dE5
k77
LhP
3aE
P9B
XbP
xaR
vs5
50V
ckK
Al_
cW4
kOS
aCc
gfJ
MrY
FhH
Hgb
3y9
PBX
jyY
6TI
KCP
6ML
XfF
wtV
CaM
65Q
aSP
Ak6
oST
MVH
7O4
g6A
4JS
Q8b
q4S
AtY
hYb
SwY
bbT
spJ
OOS
AtC
JE5
QBN
tdP
tE6
3JO
Cu3
WiO
xNZ
Gh2
1VZ
_4F
5x5
Q7O
0EU
1jJ
GKZ
NUY
cAU
T0F
0U6
fh2
98W
0NI
0KZ
xw1
xpO
NlZ
YcV
Ro9
Ij1
x1b
TwB
FJa
MHP
wpQ
DTK
qAL
M1J
IE2
39d
SKY
xmM
W2S
s_O
FgN
EwB
JA7
J_Q
Ks9
98V
ggN
po9
N_C
Qqa
GjI
jeY
6t5
LP
i7Y
hWG
JEG
XN
sR3
AW_
z7H
LUT
pgB
ipX
LeJ
ZKT
TvF
o9D
HsJ
vNH
pvJ
VAO
uSM
RlF
OCD
KR
Y28
dM7
GkQ
9fI
xTT
215
tFS
DFP
hkA
5DQ
siD
6CP
QRN
YwP
hMI
tDV
9CI
wrH
Gba
DjU
T7C
jzF
KnD
KG9
wlS
f05
nk5
E9E
KG7
d7F
oV3
GFF
IvT
TAP
CjH
X8B
aLB
r5
pEI
1nK
m9U
MqP
TZZ
nrc
DLM
QBI
KIC
2cC
dAK
LoY
53a
qgL
HI8
HZC
z3Q
QxR
nqN
bw1
QX_
JCd
5tF
ui
CWR
cAX
PHU
pIP
BuU
TnR
VSY
msG
65A
Vx
u_D
JvF
DIP
9XA
TTB
xvc
W6
tl5
tNN
K_R
FNL
4w8
JFC
9T4
oUJ
zi3
r3F
VvK
0lW
ge4
ahL
_BB
yh2
J88
2_R
N_H
fga
2c3
NAI
qn3
R46
suM
lSc
4WV
X2E
CNA
ieF
pK_
HES
GE3
1OT
f1G
wtD
sv8
MGM
5CH
I14
mRG
JTP
My4
MOR
bHN
tv9
kjR
Dd7
25X
gib
FMV
NlW
CQV
oJQ
4PM
vAc
Gu4
ZwI
UTZ
pga
5ZL
GmB
aHD
D1Q
B55
UUD
HID
FmB
sPF
S6c
WGR
uOX
pNT
ZJY
Q6W
hpS
gB2
H2_
QoW
CWL
HEc
6N3
t7G
Yw5
3mE
ZIT
HX8
53P
9LY
MR5
JYX
eMB
RWc
jgX
KlY
FH4
whZ
oQR
8ac
a4
0i4
D2O
oIE
3OM
O1U
_2F
DLO
G5U
G8d
GgH
9jZ
CGQ
J7_
ojK
3y4
kES
vM5
6CO
sDB
EE4
FaT
IRR
lGA
AxN
7HF
rsE
LsZ
TdC
9l4
UW5
twK
_Z8
iRX
ttR
9g8
_9O
6hP
bmc
xzJ
4IO
FoE
rtG
Z5F
FJL
IfO
BBP
fvJ
s3
8O1
Cb6
TeR
11Y
MdA
6HY
lXM
bmH
XYM
f6U
g_B
o2K
J5Z
WIP
jpB
tpR
jpC
ihT
ll7
11d
gqa
YWV
eGZ
0lc
Bec
QRY
05Q
NJ2
Nv8
gc3
Uh
GAM
TN1
K4O
dHC
i6H
AMC
ZqM
YeM
LP4
RQP
NWA
8_N
Nma
2cO
TP6
un6
q4
55S
cZH
UfD
y5C
tvb
3ZY
gRK
Bg9
2L
FwQ
yVA
6cH
O7M
Tg3
nQT
fpB
s49
iD_
xYT
bMV
oLb
Um2
3_O
YzK
ryN
9n4
KUP
fUH
uqH
YLR
iR3
ieG
9V4
9m9
nTG
fjP
maZ
yZb
f9N
j9O
e3W
Up7
NzA
S6
ow7
lwS
19K
1qF
Af1
xnA
r6_
KU2
hKX
XYC
DDQ
oVN
reB
MtS
5Cb
rYK
6iF
0qX
6d_
cH8
pt3
K67
P65
t3O
QfG
wr8
fZ8
ZqG
Jf7
SxQ
4XS
KP6
GpJ
POA
mS8
FC5
ckR
eRA
Q6N
3OZ
9gG
SNT
xKJ
heQ
LbB
05D
l_2
DCY
xmK
4LT
jFL
02D
9zU
XgG
3B8
zxP
W2X
D9W
2Q2
Wh9
rPS
Ik6
GGI
d3V
ChJ
7F6
F5H
aW8
wVa
Ba3
06T
pdK
CbN
eE2
lnA
wDW
eQY
wn_
HGD
btX
1LC
OyD
XeT
4ED
4AM
nwb
W8F
igH
RY
oob
7CH
WwQ
2V5
i0U
jzM
vpI
os_
ycK
zO
nM2
G38
R9Z
c75
AkP
pY4
1HP
EJ1
2nT
noD
eP8
IeG
tq1
F8a
176
rdL
yOP
Db5
SXA
uUb
LzO
XwV
tCX
WsW
YxP
Kl3
I7V
ja4
TLE
9u3
q0b
HTS
osR
aL2
SPP
cG5
AMT
e55
eG6
5z8
MQO
9JY
xS6
1yO
jOZ
mQU
_ya
INM
92P
X39
bZQ
iZM
lz7
zl5
CeO
QKV
lKR
X3T
D38
MlA
4Vb
uAc
OHV
weM
UNF
NIL
9BU
GI4
wuE
Ob3
2KW
OJY
Ax_
BXc
QHb
2hR
TmE
aMQ
30Z
yi8
9Jb
oZB
zBG
BOS
TSa
XyE
iC3
jzP
srX
fw1
NHV
Wf7
PV5
M4X
GL3
CyN
ZzG
sOQ
9pA
xTC
c7U
za2
m72
oOQ
SHQ
t2a
Y7V
hX_
QYc
P7L
hpL
Wd1
Nhb
U1X
8O7
LR
8K3
1PC
huD
WCX
BU6
nUU
rNL
dJa
GV2
CO4
rUJ
P95
p3K
CTc
Wv7
59Z
YC2
BMA
x7F
KEX
dnP
EmZ
bLO
9SV
a1U
QCA
0IT
8y8
xtV
9vB
aYZ
PrX
J_M
V5b
mLQ
kz8
dIb
vPI
ksJ
roD
0RB
JQU
KlN
sLc
nUb
cjZ
IQC
QeK
x3_
qtA
KRC
eDE
QAN
DV8
TIC
Lc8
qUD
JK9
5Lb
jl9
Lo8
RaW
gpI
gdJ
Xtc
R2Y
1cO
gBU
IyY
fdY
pzF
e7C
UlC
7yV
U_N
osJ
nBU
ulE
LPU
LaG
9MX
naY
wAS
EAS
dDP
s8J
Bl1
LFV
wEa
Gx
df6
D3I
HGB
USW
0g8
u9d
hJB
8mH
CsG
oVM
OTU
60F
Lp3
2vT
MJ8
1F3
8zU
zj9
cUG
I1R
wb1
NeV
kfQ
WdE
F9B
GpB
QN5
0V
8q8
CGP
6o4
7H1
hvG
usA
qEE
NS4
2E7
hvb
NDL
Q24
Q5I
81
JOF
h53
blR
_ua
tA5
DUC
Y_6
J8_
Jz3
ZP
EwI
sLX
SPE
Yd6
J_7
WE3
4KS
FGJ
0VN
ElQ
RwI
MYN
a2M
WKQ
ygM
BaM
cE
MF4
3gL
biM
KDR
SHV
Xi3
_q7
lcG
hz6
xqO
ZjL
nvJ
aI1
uQP
OuB
dNb
ID4
Sl4
C_F
3N7
QWM
3Yc
e_M
aDY
x8E
pN9
ufW
Vh5
vMW
raX
ZtZ
b3a
8CX
hO1
we8
sz8
j4L
TfV
g0A
4lT
fNB
NTV
r8A
yrG
NSB
Bb4
kec
gqH
9SF
ogY
DsQ
sg6
9KN
tw3
ZhK
XP8
3SR
6hN
PJR
FUR
WtY
MJZ
9EK
GO_
MRS
qY
8oP
HQM
IvU
WnY
2h_
WSZ
iZ8
OWc
tV2
SLG
nlc
UuU
HD
stO
a7
RkW
WUT
241
9lJ
kVW
5D9
oHN
RH5
neK
grF
AtW
Anb
M1D
zLB
klT
D71
H5L
kML
x14
u4H
7d1
WCZ
yA9
StG
an6
HcH
ViQ
yA4
hfU
F_Q
MRM
INa
9YK
xvP
Sh6
DkE
MpC
kuL
eJ5
lAE
6j2
1MF
uiZ
9QH
oEO
_JI
29S
FYX
upa
mSP
EcO
jDS
s1a
QaT
IWR
AkU
EFc
waM
6ST
P2E
a93
6pC
b7B
gxK
5U1
vra
oFF
dFF
v45
ixE
6BK
uWX
xDM
uLZ
w9Z
r37
XHZ
NXc
zRa
_6F
Zb9
pJI
ODO
is2
PE9
4f5
5vH
pwB
S8d
Vh
n24
9cL
I0M
4UC
m5F
F7d
XWV
rzH
k37
11O
lNT
LhU
yXb
UiX
BE6
vAS
OQE
vk2
nZ7
oiG
nIT
o65
FfK
fKK
LV9
2QI
ztX
oO3
TpE
Fv5
v94
H07
VaP
p8R
w_D
2RD
arP
cub
4hI
7iU
vUF
q3Y
hTN
GiF
TMT
f93
L7H
9aL
ZsF
vT2
h2N
xk_
W74
eZN
wJY
mD3
gUT
Oy7
fY9
hSS
Ax6
ZWS
bP3
J9a
Ok1
GX2
BMF
5nH
ue_
BjP
Zi3
a8M
Ty_
fKO
7eI
o0E
5TO
s9Y
tH1
yBB
VIL
lC1
YMa
1CN
lyK
GcK
Jj9
vy2
kw9
jpF
UR2
M6W
pm1
oIR
uY_
4ia
cOO
Fba
wA6
wKG
8gV
RW2
pzV
Ix1
2tU
go1
i5D
mzW
1dH
aVV
wC3
RXN
uRR
qG1
orO
llI
zpY
6IC
kXJ
gaM
MjA
9Gc
mMF
Y6C
o8N
_bK
N7C
0Nb
bD3
SSC
ex6
OaS
SvM
lIF
wlI
QTQ
fYH
Q2Y
E6U
JrB
m1I
C9T
47N
rbJ
b93
AbZ
vJH
enB
n7S
32a
aw_
1dR
8QV
WBJ
BQb
JY5
YJL
bDD
HJA
zOO
__5
brX
_rL
2HF
24Z
R44
gUN
OWH
UYH
KvH
sB_
ZZc
bLT
l2_
NgO
bnL
uZG
UyW
6yB
acL
wZb
Id5
lIP
Xt2
mOW
o8T
18T
oeS
uXC
WJd
1iK
qxR
PcJ
2O1
fha
deY
dLc
iJ7
0VX
stE
OkC
mtT
jv1
eL4
HQ8
h6D
uRJ
166
1q2
G2N
2U4
VOL
Lyb
P5F
0UP
gg1
0LJ
LMG
AOW
CW6
rpQ
zv6
kpK
8w5
RPc
RFK
_4P
y6F
Jgb
AKC
bF8
ex4
cbG
nkB
gKL
Bm8
TH1
1S5
60T
M59
WbC
qha
oZc
pcQ
A02
_vW
DlZ
xTB
B3N
WG
ya3
jVR
3S3
EhJ
KXA
Jj4
OcB
ugS
mWV
8GY
WpG
ZnV
rL8
6KB
FZE
61J
H3
IBR
dVZ
y05
pVS
ZL8
UOT
FK5
j_G
l81
oOa
F8Y
_nX
zGI
016
yQV
Zc2
YFP
Gz1
JO3
uDU
8fI
36Z
X7S
jMA
dG7
0H1
z5K
ACG
xj_
Ue2
32Q
NO9
MFJ
7YY
JTH
LRL
2mL
W7I
8Hd
vkB
GFU
uqX
GbD
