110969
114025
109318
38012
13697
88555
25714
32804
77145
51628
39422
125454
19296
68395
22994
82248
94435
95086
63628
9262
35391
127745
3078
108555
38968
125887
70869
51071
85635
127114
97223
4164
135605
16646
9898
134044
52371
38003
134059
24048
117108
96841
104308
108004
106373
67166
79790
54521
92350
45694
906
2538
123216
14207
138701
48440
128268
114234
71429
60232
117672
108134
108691
20758
108429
53413
45016
21841
67274
31522
88727
20563
6231
127629
10904
76983
68002
138665
18007
273
135386
120125
66965
95302
90797
62657
57701
98467
18018
48486
136086
101643
53185
36413
70080
67585
138210
33973
54457
87643
78411
72605
