1265
1878
8482
8402
2606
3599
1714
4269
7280
5740
3124
6938
9523
2599
916
6139
853
5942
7596
3369
6201
8804
1879
712
1558
7701
5611
2194
3134
6430
2935
9383
5638
2345
5265
5042
3150
1496
9220
6844
6436
6036
3242
2572
6551
8505
8036
2065
6159
1103
4108
6530
9994
7769
7051
8478
8198
1836
1960
8064
3330
291
8306
5442
1978
3489
2402
7578
9696
5454
7844
9573
1725
1160
6617
6564
27
1806
6682
1185
9166
1480
9035
5903
3370
4633
5234
3506
2093
4716
5239
392
6343
1616
9440
784
8848
174
6278
9086
8702
4444
7490
391
656
184
7834
4652
8805
1700
9586
7780
1951
5153
7940
7317
5735
6561
2304
3466
3570
3009
5233
3603
5073
5392
2761
7380
7356
9784
6
4102
4432
337
3184
8904
1211
6466
3430
2415
3609
4433
8425
7113
694
2881
2929
3711
8776
4279
7497
6365
1073
4261
3057
1521
1059
7825
9349
4862
9053
7877
3478
3016
394
2231
4969
2499
5205
5688
1247
2412
8592
7139
5728
7860
34
6934
9216
6385
893
7127
6433
3850
6634
5455
751
8901
5373
6417
573
7816
7331
617
5729
8034
7386
9650
2330
8625
1746
8089
3276
1294
3107
6116
6692
8920
9961
7638
8255
2215
5567
1311
5220
9899
9815
4215
7711
5256
8967
5016
5749
555
9986
6932
7486
3826
6611
3403
5176
1851
9850
8746
7986
2706
8127
5993
1124
6029
8630
806
3337
1719
3203
8699
7327
7168
404
5877
3619
8131
8037
4318
697
3288
5170
6776
1171
8628
7906
5625
110
4783
5996
180
5501
3998
6594
3490
5381
4011
2052
1938
3632
8109
2068
5354
5512
2546
4593
8258
6312
5109
1060
2963
4078
955
4933
8353
2086
4369
746
2327
5195
7787
2983
547
1638
6623
6230
9778
1444
8506
6592
5678
7799
1945
5366
9663
9721
886
2752
1348
3949
637
5211
2648
6119
2182
843
8236
4808
1027
9688
6733
286
68
2044
863
1117
9846
1337
3701
8211
9875
6456
8237
6871
9653
5787
2686
9460
8741
9187
605
5683
5479
5695
571
5224
3139
2224
4354
412
7169
3764
5849
8861
5757
1992
7685
998
8276
5468
191
1208
2946
5610
4294
1642
2256
7601
2792
6034
8479
3545
9269
8367
2395
8390
2174
9079
6728
5820
8395
7527
5304
820
2873
4916
22
7812
1800
1940
339
3434
9731
3040
6657
1322
3177
4194
7525
9592
5832
232
4760
2884
6277
9942
8455
2757
1997
9124
8
169
8424
7658
7081
9605
9360
6711
2278
5848
4965
1034
7025
5642
2018
4027
501
7827
1366
8271
3865
8832
4859
3331
40
5150
7131
8041
4077
4951
6216
3838
4790
2171
1729
3503
542
8900
5050
5114
8043
934
4990
6968
8828
5446
3350
3474
9138
4436
9757
6741
2319
6272
7504
931
1418
8128
2309
7968
6270
9829
6445
6877
8926
7197
7654
8936
5684
4290
8876
8919
362
3345
4277
6775
4601
1601
5180
2062
9619
3721
48
3118
6527
4666
9082
7509
2457
4387
3508
5907
6463
2519
8594
6237
2424
5693
409
9252
1037
3332
8218
6605
805
4059
7279
1372
4482
1982
5867
7981
3454
2227
9136
2622
5685
980
6044
6432
8167
410
917
5149
6556
3457
3196
7174
251
6707
4548
431
3744
625
8833
7342
1979
8189
4734
5541
4597
3568
808
5506
3756
9068
9489
9009
3442
2994
6566
7235
5900
8584
3464
9938
9442
7623
5140
7461
9282
8389
1450
6983
5320
428
6294
2429
9679
7256
3610
3874
7448
2899
1761
4984
4940
3475
9114
3926
5779
9631
778
7091
2269
2099
540
8802
9789
6470
9480
2332
9302
7262
3247
12
7429
9628
5801
2848
3189
6429
7018
55
3030
7746
9699
8891
4225
