71
1
302
16
72
284
498
204
505
255
218
478
463
196
217
243
25
297
59
189
459
85
509
11
203
539
244
42
253
198
222
537
98
259
201
468
460
63
56
279
479
273
542
77
86
289
469
212
100
87
81
51
213
21
526
470
99
543
282
9
215
200
96
237
46
76
275
545
242
73
300
236
295
461
195
6
245
80
210
507
466
477
249
75
467
538
88
97
527
299
95
510
15
533
43
93
205
66
216
497
541
487
484
529
473
464
268
525
494
188
481
522
294
500
491
214
519
265
508
301
492
504
499
229
90
191
511
514
254
230
534
226
250
231
286
536
24
280
3
462
49
224
503
287
223
271
285
60
517
524
220
219
283
276
528
288
89
260
298
13
239
64
221
506
240
238
233
274
55
202
192
513
84
476
227
44
278
209
94
7
296
20
50
207
290
82
228
515
489
74
523
47
247
65
532
488
281
78
57
251
235
67
68
501
521
12
4
531
269
234
2
193
61
54
232
52
520
493
19
256
58
292
190
496
474
261
5
277
211
45
502
472
8
69
225
291
540
252
14
258
544
206
518
194
246
465
495
10
92
293
262
22
23
53
535
263
248
471
516
17
18
241
62
257
208
91
490
486
83
79
197
530
70
475
270
482
264
48
512
266
480
485
272
267
199
483
