AS2
1UZB
IZL
TES
1Z2L
2AYZ
1Y8G
22B0
KTC
1XG6
1HXL
10I5
Z5D
Q0Y
24CW
1H4G
2A0G
19GI
CYY
T0T
22WF
UA8
9FP
5XA
BP8
1IIN
BA8
10UL
Z4P
DFI
1K1C
J8G
1KOS
M16
1GIV
E60
I0Q
2B2X
202X
HK2
GDT
1C5I
E2O
22DB
2259
1LST
O3L
1MOI
1XUL
MK0
28R2
1A3B
1LH8
1VN4
KLY
1FTG
11FN
WV3
ORX
222A
DV5
24JM
ZDR
1RNS
AL3
1E91
1F29
1QOB
1BYC
DR1
1CTF
2CZ
1J5X
286N
1B6L
13G3
10A3
26OB
UXR
RYO
GQ2
1M67
257I
HMS
10C3
1YGZ
27L3
1JAC
VRW
CZA
BI6
1335
1H1P
BN8
1YRG
IH5
16TB
1MAH
1X36
5C7
1H4U
AYS
21RU
93P
25CW
11T5
8WR
2CK2
JKI
8DE
6WO
1VVR
4ZO
54Z
1XD1
1D2W
237O
EQ5
I4P
1FSE
24MH
252T
2ANO
26ID
8O3
2A5C
20PH
PGI
KTD
1P5W
FEC
1DOO
140V
E7Y
2C6R
1NQ5
1CKW
H9Y
14MN
24YY
7H7
1ZIN
2IO
1VNT
XUR
1MIR
2745
4ZS
1IQL
ZLE
23V9
F61
2BRR
G4A
1R2R
10CZ
1MW5
1F06
26T6
1NFB
19VK
1CUU
BD1
1OTD
YPF
29SU
J4D
PDF
1RSJ
17PO
14A0
LAF
14VM
KGT
1VF8
O0J
1QV3
18TI
1P8C
1KPO
70A
1ZM
1946
28R5
1OCA
16ZT
QKF
18DZ
DRV
ETV
W6E
12GA
261P
1R0B
1ERM
NN6
SBH
2BE6
D4R
6E3
1AYK
1IF9
OKU
1D0E
11PH
1SV5
2742
1Z1R
626
7WF
1X5S
262Y
TCQ
LCY
21D2
13UY
2E9
12WN
1IS2
15U9
1NTT
1VDL
1Y6W
17JF
6JR
22A8
FBO
9WS
H16
LIQ
1SQD
BLE
25YY
1OGX
1SYT
T3I
1GRE
XPO
YBV
183L
ZP3
1RPJ
1VI6
24CN
OGU
ZB0
PXC
1F92
NEX
KI7
1UNX
11VE
2CQ
1B7D
196Z
1KQ7
12LB
WGP
O6I
1NWV
IV9
LIK
V6Y
1IBZ
H25
PZC
26HQ
OS6
1Y7G
19R6
17Y9
1WGR
Z8C
K7K
9WJ
R8W
1JLN
1NRI
13H9
2CPO
1E7J
211Z
1JT1
27IZ
1SNR
9KL
20CL
1Y7K
1220
17B2
46Z
27JK
QDI
1E6M
3B2
EWO
12B3
OMA
24XN
1U2F
1J66
V7T
24C0
1CN0
16EP
2H5
27KC
1OON
XNS
1Y24
10R5
1ZCW
1ELG
29AO
HGL
1EX2
24IE
ATE
10FN
BLN
10F4
K53
W7F
22TD
U5Q
1OCO
1Z1F
M1D
1KXZ
1EH5
1WZF
A6A
3WR
6DK
AHY
1W5D
1THY
1357
T14
DCR
24A6
25T7
1RVI
182M
1KBI
4PO
26DP
G4H
A6D
1TTC
26A
27FB
1Z8Y
1V45
1DW6
E89
3KA
RSA
23FH
1FQN
1F4G
10D0
T8W
OT9
13HO
104J
1MEO
1AQA
E9Q
2BH9
F04
U6V
145V
226G
RBZ
15A5
14DO
1U51
6Y5
4N7
1YFO
277X
OXA
1IKL
1KX9
ILA
XZZ
QVB
22QU
BSV
1BEB
18XC
GCK
1GPY
1XC5
QFN
X18
160E
1Y6D
2AYL
59J
10P7
1F02
UE6
15AJ
17F4
UTO
15XG
1XZC
26O0
1GC3
1WY
795
1EHC
10MS
VD8
9QA
VJG
154R
2ATK
1QX8
25ZB
25Q3
146U
1DB8
LHN
1A84
17YL
1PBV
17YP
31E
1RT3
1IE1
1SA4
OKQ
2CGK
1YEX
8AI
120G
M4Z
2CA2
D6G
SXL
1CDY
NVH
1LKP
21NL
9XY
2AQD
24SG
QHV
V2Q
USM
3AV
1YTK
1B98
1F6Z
BYY
1H9V
1HUE
D3L
2ACL
4I5
IV1
5TM
5FZ
1LN3
1PTP
K91
13QM
XSL
EWR
193H
21V4
84T
18E3
YP2
1OTW
1H2W
Q05
IC1
14PV
20BO
1Y16
2CI3
1YFT
27QT
13ZA
IAE
FTP
7ZK
13CY
1MNI
PP8
1XTG
23Q5
14H0
UEX
AG2
191V
1E62
ND3
CP6
4OB
17PQ
1CRT
VJ1
1IHU
1XVM
GIV
VSB
916
TKW
1F7K
28OV
BA1
1R25
VEF
27G0
1SHR
2150
1IYZ
HZM
OLC
1RBK
CDC
23J6
XBD
1KTM
24G1
1ANJ
1H67
14MJ
1IB5
1JPA
QOG
11H6
1BHU
18LF
D3K
1BWL
26UO
13Z6
14T1
1DFW
LQU
543
20ZF
QQ0
29PJ
1CHU
WWJ
1I1H
O02
22US
6GL
1OPR
3WM
S9D
1EAX
1VBE
1C6F
6BU
25WO
YZE
11S9
DHQ
C9S
15DK
PEK
258O
WYT
9R4
8UW
SDO
1DOX
PR6
1VPP
1VJ6
XMM
1Z8W
1SYA
NQI
29VN
1002
107B
UL2
KMM
BAV
26WB
WWW
1OVH
1E3G
XMN
U0S
WBH
IGO
13SK
2AH1
1E6P
25P7
2058
10EZ
1WBM
1T7I
FH9
FEZ
1MS8
1WTL
1E30
1YAC
28WT
1TXZ
23TP
219Y
5KB
NG9
1YIA
AHS
8QY
1RPI
1FKZ
2CIU
1MST
E8P
13XG
1N2C
XID
1MFH
1LWU
1UKB
1FMU
4DC
1SES
114T
20L0
1RP5
1LUQ
1N9Z
NXW
O7R
16PO
KRC
3AK
14F7
286A
26P
20WT
1MQN
1F6C
4IB
17Z1
16XH
1B8Q
6DT
2B1V
WH8
LRL
1EKL
JHB
187E
V4A
XMB
1PH9
2B6
29P9
1KFC
1UJN
1DE5
1AHJ
UNV
117P
HH3
IXV
FT3
21DR
1UWE
1B6Y
NDJ
WAM
801
VBQ
1H3B
U53
B0K
1H3L
2AM0
DQG
1U75
19DT
1AQQ
HU6
79C
1XXU
1UJ7
1V7X
2CCB
DJ1
D5D
OHY
H1H
1NM8
169J
15JS
1NF8
2ASO
77L
A2R
E0R
1FBC
A6Q
5TT
20TY
D3X
BOS
1IIK
177W
1G0N
10Q5
R8P
3FH
ZLA
2B7T
JBI
9PE
8OF
1M4V
11SV
13XJ
1YJW
A5V
YR8
14HO
1FBG
16A2
1WK7
57F
UXM
UNY
1KKH
2CIP
RVI
1DP0
BVJ
1APV
R2J
70J
DFG
JO3
1M30
1V9G
USF
28SV
1YTG
10UQ
1VE1
2CSE
OMM
24B2
IWD
1P4K
1PRX
25HK
23Y6
20KB
6KI
5I8
1UN4
VQF
EH5
KGW
R0N
1J6T
1F2O
238Y
W9J
27MP
F6T
23ZA
PTM
OAA
1A2U
1KDY
FJT
2C53
9KN
1ZEH
8VP
1BSI
LB1
29D2
26WG
YYH
18WQ
JQN
20IV
1VAR
OIR
1RXE
TL8
4SE
G4O
1NL1
1ZLW
1VRT
1QML
1GCD
1O15
1PSL
1EY2
3UK
WK3
2CMN
7PG
21D7
1S3O
GE5
2FB
1OGW
1RK8
OU6
Y0L
MUG
1ZU2
1UJK
208I
IWB
1WBU
1V3D
1PRA
1FBY
1TWV
101N
1C4B
1TUP
R6V
QTT
P4O
GYL
CQL
KMN
M3Y
UHZ
1Z9X
1XVK
1MHY
D69
2BM9
2CDJ
4PS
4SD
IAO
27OL
KCI
1Y9F
20T7
AL5
Q0C
29JC
27ZS
229
J4A
2BTG
1UGO
GG3
S6L
A0E
JAY
213N
28BI
13R6
C08
H7P
1QOE
1GKA
1ERU
1B9B
1EH2
X03
1K1J
1PH
1BHN
9BJ
PAA
1CYF
1UKW
2BCB
OEJ
10JQ
1IKD
DJZ
LJ2
5ZU
5NB
1DTR
J03
237L
1NBC
1T2
HDR
1U27
298F
2CH6
1V40
2RC
Y84
MRQ
FWN
1SAN
206Z
UH1
M32
J1J
1XXK
NK9
1B3C
2C2F
8LV
1SI9
26EO
1FDZ
22S7
UIU
10OX
DA1
Q4M
1V1C
2ALI
WC2
91Q
1IXX
KMP
J1O
DOR
1IY5
24R8
DLA
2BTN
14X3
1GVB
OM6
2CB8
Q8Q
NU9
M1Y
1MG2
1QH0
IHU
BQH
14JT
10C2
SXA
IZU
160T
YZH
MAY
25UW
CVZ
1QBQ
2A5J
1OUG
14O7
14N3
25VM
23G6
61R
ZQJ
12YV
2BBE
U1L
24AJ
1MFK
1DS8
4YZ
14D9
G9X
JS0
HM3
WSF
38V
1Y0Q
MH0
4P9
154H
1OIY
11KT
VUS
22N2
OZW
1APA
1OFP
ZKD
4FM
BJL
R6Z
