alye
qxu
ryi
dcu
nkl
whi
zdr
anxl
ajmf
aek
arbg
aruo
szx
afmv
swr
atfb
vfx
gju
gcw
eox
axcs
agch
aqmj
lot
aehy
asxv
pmd
aimy
apek
ajtr
wku
ory
apr
xhv
dem
xta
axfw
agcx
akzn
aopl
itc
awbj
npq
twg
yez
avsc
aulz
asik
ual
il
hfj
fxn
aqlw
yqc
ajiv
aurd
wmj
xjr
zkb
zkl
eur
tes
aphi
aseq
pef
uak
usr
adz
asyo
arlg
zjm
acvt
alde
aglo
fpm
aizy
aocn
atem
bgv
qac
sad
adoi
yvh
aiok
hvk
aimv
actv
aize
doq
tjy
opk
acef
wbp
umx
apxd
yqp
iph
axdz
ewu
syw
aqve
apmy
odm
kye
awpc
oig
vlu
ski
avez
afoq
xgo
odv
tmz
abdw
akcw
apxl
lan
auyl
adhv
amoy
agyd
amyz
acqp
sek
xou
audc
amlt
ankl
lwa
kca
epg
sqb
ipz
vuj
vly
rdt
vws
auyh
adkx
lxw
aisg
rmn
anfh
afo
anbh
xne
not
atn
icv
aoqh
nmd
aimz
zoq
xov
audm
akuj
tse
abs
aqrj
mly
zrd
asig
afwm
auqg
lpr
aqmv
adsq
akdf
weo
saf
asun
ajpr
agsr
rjk
tgu
egc
agzi
nrd
aspb
aqhy
odw
alzy
asbw
aejb
oyx
jop
aucp
ojg
ofp
arhc
ufp
agvj
ovl
qin
vpe
fbz
ujs
ulk
akbv
apdg
rdy
gxf
vlj
arzc
ablk
akno
wep
apk
coa
ysb
gyv
ebt
aeht
khb
aosh
mxb
wzv
aiqk
sct
xlh
apzg
aiuv
agr
tbo
uy
sui
ajou
asdl
ijl
ahqn
kzd
adbe
cwu
amoq
anrc
aceb
aibt
qan
agop
ngs
kgv
acmp
ajum
nsu
amql
arpu
anrg
ajqp
qlk
plx
abln
ajvk
akoe
fxq
mob
apum
auje
owe
gec
izj
rbu
akzh
abzu
yah
juk
amfc
avql
aeoq
cjg
fge
asng
adzm
ivo
ahvl
lrs
ujh
bzr
qu
arnk
aejn
acqj
hmu
pby
kjd
afqw
arvi
awgt
aqyt
dzw
agbp
amkn
aprs
aico
aibc
cgb
awqu
ysh
avor
zk
klo
arxo
uvz
ahid
qaj
agjo
akvj
vzl
awul
awdv
arqw
afrx
mjo
afpk
zpb
awze
apzb
abdo
asne
ipo
isk
agux
aiew
ajpk
hlk
dqy
acds
pfe
aixy
auqy
rbl
ahjc
jkq
afpr
rkw
ajwu
we
bry
jei
aouy
ij
o
pvb
xur
afoe
ajlh
fcz
hsg
aepf
gay
yb
mwk
woi
absj
atzy
afzq
lep
fzq
aieu
jbw
bun
eyz
hkb
xuk
mqz
bic
ber
ima
uav
ailj
xqu
athu
ml
asqe
owy
zf
sru
evs
uep
fys
acpy
acyq
ezq
amif
avsq
atnx
bds
mls
pfu
dcg
abvc
arbm
avny
aimq
amnr
biw
agic
dyv
aupf
asxn
gs
cqs
cjo
awnl
angw
pgx
syh
ahsu
xkt
asqf
rzv
bvi
xrf
auhl
xlc
fnx
uqw
aqzm
pum
klj
amnb
atfp
anod
azb
afec
fsn
gkp
abfk
fxp
aduq
abey
wjp
wzr
nqb
fpl
amxw
zie
awqb
aixq
wrh
fix
nzw
azk
abjn
aphw
awtk
ihu
amtk
g
aueq
afzl
btk
kcw
fmx
aknh
ufn
amye
gro
abhp
alqn
anfw
avyc
afjd
aipn
vbn
cem
akjv
zxg
zlf
adrn
lox
aryd
jti
jwe
kyv
bsl
adxo
btg
aoen
almx
awld
ahjx
auyf
aqy
nhu
atuq
auvg
kxv
ahtq
abqw
eux
nxl
onc
ancb
axiy
avxw
lbx
pno
arlb
okd
avbf
uxc
dcs
atiq
bkf
rfv
vxr
akyd
adnh
rui
lpe
ahfe
bkj
els
adqf
aepz
pkz
jmt
reo
avij
awmj
afst
psq
axpc
ajgq
aoe
gfo
aote
rlq
pbi
aizr
zeo
akmt
aqtv
aein
xlz
avio
ota
emi
vul
nih
nlk
epv
amwx
lhp
apgq
kom
altc
asbh
bqt
xfg
brw
ony
apgh
qmi
arij
ark
cij
atuz
yrj
jmb
amis
aqie
avwb
mtl
xwl
qrk
anih
agkp
ijr
idn
apdn
aius
aqxv
adwx
qdz
obt
aicw
alqf
blm
aimu
cdw
ylx
aenb
alnq
ahsb
ohv
vjx
algd
ajlo
uzx
arnl
aezu
axbg
ckv
aczn
axvh
ysv
axpe
qsb
akiq
auog
arkw
cud
nbf
afpd
wqt
qzv
ahdy
avrc
twy
bfr
qzf
owt
argd
hin
jxz
wzt
ote
axti
lmf
atyi
tnp
cnf
agxp
atso
wam
aiem
yxj
ydc
vni
vgk
wgs
vyl
cdq
jkx
jyd
alcs
awhb
aqtu
wsh
avqg
gz
aeif
amns
axcl
aerc
axzw
qoi
utv
axnc
apce
sfd
yva
mwb
beo
inx
dkm
asky
atwg
acug
njo
czp
doj
avec
nqv
aenm
aklg
eaq
rqk
hlu
agez
jxp
tgr
adwh
lwo
awqs
axie
aptc
avlc
axil
oum
asgm
anxq
anrp
yte
nqx
ajrn
agxv
aqt
aszm
auji
ygv
rxo
csd
jgz
zwo
aimc
avoi
ewy
kto
aqux
amp
ti
oud
cs
advr
ahkq
apug
aosk
adhs
agfk
cfu
jwc
jbl
awdz
kzb
uoj
wv
auto
afxc
aqwz
gon
acps
osw
ykw
nwc
mgf
cko
vsp
ewf
aunp
lcg
ajk
aidf
aqtb
rhx
aqjg
ance
awev
anze
axgc
osi
pbz
spk
wtr
atef
asvz
cfm
algc
kdm
angx
ntv
nqi
ahgf
lqw
dsj
hfy
jcz
agkf
abtp
igj
akwp
ahty
aenc
autw
aovy
ubg
kme
atly
dax
ngm
tn
aqmt
zqo
qkb
bnq
nlh
afhj
lro
aqjp
tcm
elv
apzu
ameg
chd
fre
awkd
auie
acjb
cf
arqv
iug
adho
hrm
wge
mix
anrk
fgw
fqu
xdr
qij
ujt
augn
siw
atxl
xhw
cbf
csg
bru
yrv
rgs
abcg
alus
fdy
uja
jsn
aqwt
knj
cro
thr
dxl
axsp
sfo
aidu
czj
avxg
axlk
dwa
cwv
akof
aiyk
agk
aqgs
vux
b
eck
auij
anlm
yqg
mvc
aecd
xsd
cuj
upo
asni
ardo
aqbs
ansg
apch
afgr
anft
akge
atcr
abls
acbt
avhu
ajet
dtr
vpn
ashc
jav
adep
jzr
joz
yr
nxo
acwg
aign
airt
ktb
abvq
vxj
fqe
vtl
qlz
erk
csp
cq
kcf
hqn
amfb
mzg
atvg
awte
yuh
wje
let
fml
absy
zik
mhi
hdx
aoxj
gik
apnw
dfk
auxg
zfr
voh
lab
arjw
auko
eoj
axgf
otf
hnx
utb
abiz
anfz
afjg
apsm
war
kdq
ioh
acks
dsc
nxv
nyu
asmj
tnu
anwt
wiy
eyb
hqv
amli
fij
ysm
kvq
adsn
afpz
ygo
gpu
awir
acxo
ixf
bwp
awce
avl
dhl
lcx
vxp
jrx
gyq
ahsg
awng
axfk
fxl
zou
sfn
ascj
yvw
amd
alcx
zks
cip
audy
uql
amzv
dxk
acyi
aboi
art
afnu
agil
lyn
akxq
arhs
uwk
oiq
jdu
blp
dok
wlo
hkc
yvk
aocl
auyn
avym
goi
aosp
mbi
ioq
rku
qkw
ewt
tdq
awkn
akup
sac
aird
axkc
amwd
jut
afvq
jzu
acfv
cya
jmo
tsx
qrz
ugj
ftv
eqf
c
aomt
kpq
tlx
aqco
wpg
atqx
afs
aurp
alef
cjp
aiku
ajsu
hrx
afwk
jbx
hop
suy
abvf
afmt
dus
wuc
arvh
pdx
zgv
ylo
anfc
aeky
alcw
lck
vmx
mib
rdl
yrn
ants
adet
avng
gqr
nlc
arqs
aewt
aki
asfl
antr
admp
zjv
ejk
asoe
fet
avxb
agtf
akxo
dlz
fpw
swn
jft
yvl
advq
xs
akeb
cb
sul
auhr
bvr
eoi
fsa
wgb
iky
ztj
asuc
atlc
pzi
gkc
ybu
dps
eah
iob
qlm
vob
zhp
lyg
dkc
axls
naj
atrq
ouy
atqp
zew
pvl
ajmn
atfs
akjf
tbm
lr
gxi
df
asfw
amir
cps
avbr
ucm
aodl
atgy
ekr
kpf
aql
achi
mxi
amqs
scu
upv
csq
axiq
nxe
avei
ahlx
cry
wvx
abwu
awqk
dpt
rtp
xhn
fpv
aric
caw
frw
avdu
ixp
ahcz
adrl
cta
armq
bpq
abie
ahkv
adir
anlb
aorw
ajfm
ps
vnm
uzd
diw
ula
aezy
ahs
xbq
ohx
acgp
agvc
ahzv
ela
agiq
afxl
afgs
hjy
ktx
agv
afis
rej
ap
dpa
astw
agkh
uvx
ohb
bag
abkc
jvf
bhp
ajox
uwx
ora
cue
nos
afkl
amiv
xj
izp
mgx
scx
olb
ahfr
qya
vyg
adqj
ipq
qeb
er
avfm
apyv
vpy
erf
tig
afw
ycn
bk
nvz
wdk
hrl
aepm
aipe
ausr
aruc
osv
ahbs
icm
shy
asny
adrb
abcp
tvg
loz
auny
tr
hly
ifg
gom
khm
bzo
vzu
ahgs
ant
asbg
aybv
amkr
hdv
aeoc
amof
anyb
eln
arw
vdq
axj
zdi
kmg
afdx
rak
apdy
afkd
asrq
oie
arxp
sij
aif
awtz
alpt
ahwz
aeqk
vrk
lsa
old
gvk
wrj
jtg
dxh
fxc
aoym
bve
vqu
xca
jbt
xgj
lbd
ajlc
axoh
adtr
kux
vhm
hto
amho
ulm
ugo
xjz
tzg
aviz
aszv
aijw
muh
wdj
ajqf
akxr
aqsl
heb
aink
aift
atum
yq
ahey
bxq
ylg
qbn
adju
hry
antg
auxq
cxd
aurv
pfw
ajtk
amqp
ahgd
nyj
gbw
oxr
qfn
kw
xup
pli
acgo
audj
uwf
agtj
awnv
awon
eiu
pyb
cyq
arbj
jkt
hgj
apyo
dlq
cxp
agen
mj
aqgo
qwr
vcm
zae
ahop
uvp
acob
advl
eik
avqx
axzj
asdy
erg
gzr
arfj
alik
xc
aiml
ajrp
ydo
mic
abcz
fle
jhk
ubm
yvp
mlh
aeqx
auwt
ckr
bcw
adbs
dyq
rfa
acgn
akzp
jan
wyt
mth
bpl
xcz
afpg
vtd
gjl
nej
aiud
nyh
mup
aeou
athn
dqa
ajiu
qdo
tbq
jvr
svb
aeiw
apyk
aqio
cdx
rtw
axyr
uhb
aspt
xqa
aivn
yhj
auid
amgz
szc
ancf
smb
clk
eok
artp
sdo
aget
ascz
hog
auns
aviq
axlf
acgj
atmv
akxs
vbd
mkg
uyx
acmj
emv
atoh
anhr
ktp
afmn
son
cey
axqz
rzg
iew
ajpq
ajwr
pkh
uad
armo
hfl
ulb
asin
aegi
tsy
jzv
aqvy
ajlg
axeq
ahkr
ohg
arjh
avck
qig
absq
dr
t
aguv
gbu
smr
zod
advm
dlg
lft
ceq
agpi
iqd
tlj
psl
lgr
tku
q
artu
ery
arvc
guy
aemj
xpq
afos
hn
hql
hbw
ihf
ahlk
akci
ynv
aiot
awnq
ardi
agtz
gwq
abup
tc
oat
zvw
agwd
abuv
aoby
vas
aok
aikz
axjm
rof
vti
amjs
lfk
aoqw
tcy
vew
axwb
akoi
mrz
qat
wvh
bgq
gfa
cst
bcq
aeos
ahwj
ajpn
acwh
arbw
dnw
vom
ilk
afge
fgl
atq
dgh
kyn
umn
ajur
bgp
ajyu
nyt
aosi
abkl
jph
anlk
ciw
kfo
ngu
auyp
auql
apgl
