Heptaminol
Bendroflumethiazide
1_Androstenediol
Methadone
Dextromoramide
Buprenorphine
Esmolol
Selegiline
Norfenfluramine
Oxprenolol
Phendimetrazine
Bumetanide
Amiloride
4_Methylamphetamine
Strychnine
Chlorothiazide
Furosemide
Carteolol
Alprenolol
Bunolol
Parahydroxyamphetamine
Carvedilol
Nadolol
Betaxolol
Etacrynic_acid
Acebutolol
Pentetrazol
Diamorphine
Ortetamine
Chlorthalidone
Methamphetamine
Acetazolamide
Metipranolol
Pethidine
Norfenefrine
Metolazone
Labetalol
Nikethamide
Spironolactone
Metoprolol
Octopamine
Methylenedioxymethamphetamine
Pentazocine
Methylenedioxyamphetamine
Prolintane
Oxilofrine
Pindolol
Tuaminoheptane
Hydrochlorothiazide
Fentanyl
Timolo
Triamterene
Bisoprolol
Canrenone
Indapamide
Celiprolol
Methylephedrine
Phentermine
Propylhexedrine
Oxymorphone
Methylphenidate
Levobunolol
Modafinil
Prenylamine
Oxycodone
Morphine
Sotalol
4_Phenylpiracetam_carphedon
Atenolol
Propranolol
Sibutramine
Phenmetrazine
Pemoline
