2E23YESV
2C2U7S22
7PPKBPEJ
QGHH3UM1
W2HV2VYY
EHKPX6CA
QDFQI54P
DDZMHFJB
1M5I4RMR
TUT7H0CS
7KYMRK6D
K6QVAQNI
G8VEWZH7
ORIRCK8F
6M8I3XZ5
6M9E2F45
RVA3JPQM
82KWSMSF
OZQNFHD6
TB5QB6ZG
99XTEFCZ
NY35JEOA
Q5IC6RE2
LLN10QPG
FX3M5Z7W
GO
RKZMEYZL
N7S6EJZG
3EL1UA5S
Z0Q263W4
J0R845GY
DPJP3SEZ
MVF0K40F
GCIAUMQ8
RDBTK4SA
XZU2RRJR
DP8OMXSK
6D75PM6B
D0LO0FMI
88VT0B90
H6VVVYUM
3BV0VDMZ
SC13RLC9
BD4XO09C
I6700GDB
E2PTRDVO
2YXGTK3I
TWQG59HJ
FAJHCAH3
GTSQE4LF
89WANQ6M
IV7R6VH5
JITKX6S4
GSMJATFL
7T3LD7CJ
QIDDYERE
A2GVLVS0
L8CC7MI5
A5GWE244
JKDTFY9H
6AFA84WL
I14LGBBT
79IMDZA8
U8F3Y03X
66V07GXR
YWG0NY6C
OR572ZQC
8TCFCJMG
P3G0CVQN
L6K7H8PK
AI3VSK3E
E8UM4YBV
2WEII9YP
NMIMUUKC
OM8LIFMU
MXB8ER2Y
D4WD7ZD9
1TQFW0ZA
NDFIBT4V
4MCFOPO4
SYYC8MKR
GVUMXKKU
KG0NSJQQ
43WQP642
75BG6T8S
7VLLPB0M
C97ME0DX
A57WYQX9
OAFJRR2V
E7SJBLKJ
IXOG3S2G
KB87YIDR
OIIV9XP1
8P229RLL
0ZD0L51B
MCVR6D90
CORHFX5C
P2N3NEMU
96NZIXQE
1U453SOZ
Z2IESKH3
F0XHFVAE
GRW9EE6O
462MO5Q1
81DMV67X
X4N3HYSK
90VIBPGY
ILVCD0MY
LWF13XYS
273TKMRP
STORMS
P8TE9HJM
RO9PUSCN
L9OWOYJX
FILG4K8L
DE4C7MJ8
OGEUBIKT
ICQAM9MR
S9LU7MNF
SEV5LPVS
WJS719FV
FJPLHB5H
A7REZYXK
OBY1ESAT
SJE179CA
XY6QHJVD
UO5KW7CR
9K1AC5B9
FIUW6Q00
LLTXDQ69
7S19J04O
9W70TDNU
94GJMBN1
G8F2UUG8
AK32YUGR
7IH9L4KX
G2OYJ0HZ
U13PHYOR
F82EZBUI
DD2GTZOE
QXC98WA5
XYJIBTA3
TPUJ714M
5K9IF227
AO03LJHX
3XOPK0JQ
WVRQ4NRC
9BPOO7NX
JI9S7CJL
Z9I2PPKD
2LWNQO9J
Z8MGPQHH
E4LHGZNQ
JGTWYTP8
0YYMNJ0B
45CFPD86
XP5QLWEN
AXGCFUCA
MQXY4JSU
KTGTQSJF
C0ADQ95E
B3HNBQT0
LDYTARN0
A3OMHACC
4IQVH7RN
FAOHGEMQ
WXYUCDZL
4IIO59PX
AJVOJHGU
D09G2F2T
96YN307S
IX57KGG9
57WZEDSN
DJZWOBFA
CBJF7VCA
I6B2DMTP
IYHNAU7U
NO
OO82M4SJ
KNJDPPY8
TNTBOHVS
7VAF59BK
6U7F0DN5
B7BHHHR4
1LOZNUM4
41E65JVX
UFAMYOWR
1AZBJ2O7
U9MW2766
UFZPJJHC
Q1O0LNZU
T534IHOQ
TTNYJJZ6
EZ9T5C8X
8G6SBTBT
BHH61TX1
AFM1JX3I
CY4E7OGE
PERFECT
YV6JLI1G
BKPKM9MZ
GF6ZYRRR
OAP0A9XK
NRUH1K17
TTR7QWPT
XWFR9H4N
Z76HV8DW
N1D8RP2F
AI0N0VC8
49H2CAJX
ZE8NQO52
BCXB2ITU
68F5YREE
JWE28I1N
UE9KR8CW
C6JH4H5M
XOV1NDCF
1MRK335Q
F28077YP
6V9301DZ
QL8LHVZW
TI70UUVO
8KGT248J
OONGAQPC
OZ73SNAE
YP3YH9S7
F2YWL4Q6
4TC8N65I
34FDBMWZ
KGK1M85K
6UEAB0JG
84606CXB
H48XGP95
73E69443
EPMSV0A2
NO7GMV9B
31I0VL5A
8CDBJEZD
H9TRH0O7
KB9IJY2T
QNKUUAVY
YAFB29TN
QUHZRCNP
W3F83338
9MCN41DO
8Z3QLHHG
I7B1AG2J
WQ5VMPRA
O2YNW5W0
UEOMRSFS
PT2Q2EP2
QV852MEI
GLTVMDVB
5N30CQVZ
DEUCTJIU
5EC4WE9M
P0D0CE7E
NZZQ5OZC
7A0ERBRL
PFD9RM5A
F1VTAMZW
KYEHPTDH
EHAMDTT0
I4KRM3UH
EBSO2LD6
DA292COM
8BTK89GY
