7
60
106
122
138
170
202
251
346
431
520
566
629
731
774
901
920
928
954
1018
1025
1167
1169
1196
1198
1283
1284
1433
1463
1523
1562
1574
1581
1637
1685
1730
1755
1788
1789
1828
1836
1898
1911
1913
1920
1924
1981
2080
2101
2123
2226
2389
2513
2525
2556
2602
2690
2769
2777
2791
2796
2802
2923
2986
3018
3062
3084
3089
3092
3142
3146
3272
3290
3355
3393
3396
3438
3471
3474
3526
3534
3568
3575
3589
3600
3623
3628
3641
3647
3663
3697
3721
3738
3761
3762
3765
3794
3835
3915
3949
3969
3998
4017
4047
4055
4072
4078
4121
4186
4210
4261
4281
4291
4332
4405
4428
4570
4623
4650
4658
4664
4683
4724
4759
4761
4842
4895
4910
4911
4936
4983
5013
5066
5070
5096
5164
5192
5196
5201
5270
5351
5358
5447
5474
5513
5516
5548
5579
5595
5607
5618
5783
5804
5824
5833
5837
5903
6056
6126
6177
6230
6396
6492
6553
6565
6583
6608
6620
6634
6713
6756
6848
6890
6916
6935
6943
6977
6981
7013
7043
7125
7164
7217
7258
7314
7320
7339
7403
7410
7430
7432
7497
7593
7699
7801
7841
7880
7929
8020
8046
8077
8109
8147
8271
8284
8321
8432
8447
8460
8476
8515
8520
8583
8616
8625
8629
8641
8645
8658
8686
8765
8789
8826
8841
8857
8860
8917
8968
8975
9012
9018
9091
9252
9304
9363
9371
9395
9408
9422
9443
9533
9557
9606
9734
9751
9930
10120
10122
10150
10159
10185
10194
10230
10270
10275
10298
10299
10462
10464
10472
10521
10568
10654
10923
10958
11038
11039
11070
11166
11202
11243
11257
11359
11431
11435
11475
11484
11546
11671
11719
11825
11835
11884
11912
11924
11935
11954
11955
11970
11977
12007
12024
12063
12151
12161
12210
12237
12275
12287
12310
12340
12426
12514
12586
12634
12681
12716
12727
12754
12766
12777
12796
12810
12823
12956
12957
13050
13165
13195
13208
13233
13258
13281
13307
13398
13409
13427
13440
13499
13557
13565
13753
13849
13973
13991
14084
14144
14194
14203
14244
14247
14292
14332
14339
14385
14405
14470
14524
14690
14750
14854
15027
15031
15091
15097
15134
15144
15199
15327
15354
15375
15388
15451
15465
15528
15558
15578
15611
15741
15868
15886
15938
15943
15957
15960
15974
15991
15995
16047
16075
16082
16110
16168
16208
16276
16296
16378
16409
16496
16528
16543
16552
16563
16597
16640
16787
16825
16881
16883
16976
16994
17001
17059
17219
17246
17258
17260
17290
17325
17348
17383
17539
17695
17755
17764
17818
17869
17912
17919
18016
18150
18206
18219
18222
18240
18307
18424
18437
18504
18526
18548
18614
18651
18680
18695
18726
18737
18766
18778
18821
18895
18922
18926
18986
18989
19085
19126
19230
19255
19282
19356
19450
19502
19623
19656
19661
19799
19801
19820
19833
19905
19927
19981
20028
20049
20091
20185
20243
20278
20286
20296
20503
20541
20583
20602
20616
20626
20645
20666
20820
20847
20862
20869
20873
20881
20905
20964
20994
21016
21066
21082
21211
21214
21296
21321
21348
21350
21385
21402
21454
21467
21488
21549
21598
21675
21681
21710
21734
21746
21774
21782
21874
21917
21950
21977
22037
22076
22079
22132
22161
22216
22234
22246
22264
22282
22315
22371
22571
22572
22573
22632
22716
22748
22760
22846
22854
22878
22912
22934
22961
23011
23057
23090
23125
23150
23167
23169
23174
23252
23261
23289
23291
23298
23445
23456
23495
23526
23563
23583
23752
23755
23764
23805
23929
24000
24093
24102
24103
24110
24116
24190
24217
24232
24235
24281
24282
24285
24390
24404
24406
24449
24460
24465
24491
24499
24642
24668
24714
24747
24786
24818
24829
24899
24900
24926
25014
25024
25073
25099
25155
25165
25175
25195
25229
25230
25273
25320
25412
25420
25471
25544
25571
25631
25705
25741
25758
25796
25848
25898
25909
25984
25990
26042
26091
26118
26138
26198
26201
26208
26217
26234
26239
26240
26272
26289
26340
26390
26468
26541
26545
26589
26642
26701
26703
26763
26810
26830
27078
27095
27119
27145
27153
27155
27168
27194
27260
27302
27332
27353
27358
27403
27463
27496
27606
27649
27656
27707
27836
27877
27899
27902
27917
28110
28172
28198
28215
28240
28288
28299
28358
28403
28414
28452
28471
28496
28579
28667
28731
28735
28775
28872
28935
29077
29141
29170
29201
29218
29242
29340
29356
29371
29439
29447
29475
29484
29541
29570
29582
29627
29801
29817
29865
29870
29874
29882
29945
30012
30041
30119
30138
30183
30219
30317
30355
30386
30418
30457
30584
30726
30763
30779
30863
30889
30891
30933
30936
30976
31030
31099
31101
31109
31116
31186
31224
31238
31241
31245
31391
31395
31401
31447
31489
31539
31586
31613
31629
31684
31701
31706
31722
31749
31836
31934
32053
32060
32156
32167
32314
32458
32465
32546
32580
32677
32720
32803
32934
32942
32960
32964
32973
33036
33071
33142
33148
33183
33366
33509
33552
33562
33695
33767
33806
33833
33938
33954
34059
34086
34154
34159
34202
34213
34221
34317
34361
34367
34376
34392
34411
34511
34530
34571
34574
34616
34637
34649
34684
34694
34711
34865
34889
34891
34983
34997
35033
35043
35076
35128
35161
35178
35211
35222
35274
35315
35359
35364
35390
35496
35547
35559
35568
35669
35720
35800
35810
35829
35841
35946
36050
36052
36077
36078
36079
36178
36205
36313
36329
36343
36388
36392
36412
36432
36441
36574
36656
36715
36745
36771
36778
36783
36804
36902
36910
36933
36981
37003
37068
37081
37116
37125
37199
37234
37260
37286
37302
37353
37393
37484
37553
37560
37588
37628
37643
37666
37687
37703
37713
37745
37833
37840
37911
37923
37978
37993
38104
38149
38241
38251
38283
38346
38356
38443
38492
38560
38571
38581
38694
38708
38769
38804
38813
38943
39064
39121
39122
39157
39164
39198
39253
39261
39280
39307
39343
39384
39407
39512
39565
39569
39625
39686
39813
39925
39965
40027
40140
40181
40241
40248
40387
40405
40412
40419
40485
40514
40557
40566
40582
40613
40707
40730
40731
40782
40795
40797
40805
40941
41083
41180
41188
41252
41477
41650
41654
41796
41813
41893
41927
41987
42125
42163
42176
42198
42237
42239
42241
42270
42381
42411
42459
42489
42530
42591
42661
42662
42734
42745
42907
43003
43080
43113
43120
43133
43200
43204
43290
43321
43326
43328
43330
43346
43352
43432
43448
43457
43462
43488
43543
43548
43571
43577
43657
43724
43809
43835
43859
43863
43893
43965
43990
44027
44053
44072
44130
44137
44168
44184
44228
44243
44280
44293
44365
44392
44398
44428
44431
44466
44566
44649
44702
44757
44765
44790
44866
44884
44972
44973
45150
45173
45194
45235
45277
45280
45483
45508
45514
45527
45535
45542
45544
45600
45679
45691
45700
45770
45783
45786
45808
45917
45923
45963
45994
46025
46029
46057
46064
46102
46108
46164
46206
46220
46234
46283
46289
46313
46315
46321
46329
46393
46405
46484
46520
46576
46589
46616
46723
46732
46772
46785
46993
46994
46999
47049
47161
47185
47193
47271
47296
47298
47310
47362
47475
47529
47534
47546
47655
47803
47806
47817
47833
47845
47865
47905
47973
47995
48062
48109
48127
48160
48201
48275
48399
48403
48427
48511
48518
48521
48568
48604
48630
48820
48823
48891
48956
49057
49084
49110
49145
49157
49163
49215
49223
49229
49231
49233
49236
49392
49429
49481
49493
49502
49530
49610
49629
49661
49866
49883
49925
49931
49977
49978
50052
50062
50078
50174
50182
50185
50258
50374
50395
50488
50528
50532
50537
50564
50697
50715
50770
50805
50815
50817
50870
50897
50933
50942
50966
51048
51184
51212
51337
51372
51384
51412
51437
51478
51494
51503
51592
51604
51607
51657
51693
51710
51779
51800
51828
51843
51856
51924
52001
52088
52101
52109
52219
52254
52318
52331
52362
52370
52544
52546
52570
52583
52597
52638
52643
52693
52851
52881
52891
52909
52940
52965
52969
52999
53009
53088
53121
53122
53126
53143
53156
53203
53237
53266
53270
53285
53405
53418
53456
53464
53479
53533
53539
53544
53600
53638
53678
53766
53807
53824
53830
53860
53863
53926
53974
53997
54095
54136
54142
54168
54202
54210
54228
54259
54267
54320
54433
54562
54627
54662
54697
54706
54720
54792
54807
54825
54854
54871
54885
54905
54941
54968
55030
55083
55139
55188
55316
55338
55351
55354
55369
55436
55514
55655
55686
55702
55705
55739
55773
55794
55821
56089
56105
56170
56186
56209
56241
56256
56264
56266
56298
56324
56354
56464
56503
56544
56593
56663
56682
56726
56793
56894
56901
56907
56997
57026
57063
57108
57112
57128
57147
57234
57258
57296
57303
57409
57638
57671
57673
57743
57777
57822
57844
57945
57993
58015
58067
58085
58140
58143
58190
58264
58325
58383
58388
58389
58404
58472
58523
58539
58543
58586
58597
58655
58681
58721
58754
58761
58783
58898
58962
58971
58984
59013
59048
59050
59083
59115
59150
59270
59317
59326
59330
59334
59352
59400
59431
59432
59437
59518
59568
59672
59702
59706
59904
59907
60020
60022
60046
60066
60131
60187
60197
60255
60258
60366
60402
60431
60455
60481
60482
60487
60682
60691
60725
60739
60804
60844
60875
60936
60949
60990
61026
61120
61170
61286
61348
61392
61413
61456
61463
61476
61527
61536
61574
61631
61635
61694
61756
61784
61844
61860
61890
61909
61927
61931
61986
62082
62099
62111
62224
62240
62243
62264
62273
62277
62278
62280
62357
62441
62457
62538
62551
62687
62689
62694
62713
62786
62796
62860
62869
62896
62924
62941
62944
62952
63078
63124
63213
63244
63304
63335
63374
63427
63447
63482
63492
63505
63550
63610
63638
63654
63738
63767
63779
63858
63872
63892
63974
64054
64122
64162
64402
64434
64454
64474
64502
64517
64546
64584
64585
64649
64748
64832
64887
64919
64942
64986
65034
65075
65097
65101
65140
65166
65177
65199
65250
65291
65293
65298
65346
65379
65393
65429
65457
65532
65587
65631
65682
65697
65729
65734
65777
65785
65829
65841
65873
65896
66011
66082
66100
66145
66181
66182
66183
66226
66257
66286
66329
66351
66365
66401
66557
66561
66628
66637
66655
66665
66684
66835
66902
66961
66986
67027
67050
67073
67107
67139
67141
67392
67410
67420
67453
67607
67623
67675
67726
67796
67856
67859
67937
67952
67989
67991
68013
68048
68065
68119
68186
68194
68287
68379
68425
68459
68474
68494
68531
68538
68658
68671
68688
68698
68707
68741
69045
69099
69109
69392
69410
69442
69580
69586
69610
69615
69638
69715
69868
69876
69969
69980
70004
70085
70129
70189
70266
70303
70340
70409
70707
70729
70744
70751
70774
70877
70891
70976
70982
71189
71230
71232
71234
71394
71464
71485
71524
71544
71576
71588
71598
71802
71915
71930
71984
72011
72021
72047
72056
72130
72213
72238
72292
72330
72385
72439
72497
72504
72516
72573
72594
72599
72785
72809
72824
72880
72905
73054
73070
73101
73274
73275
73370
73530
73535
73625
73668
73701
73717
73746
73805
73844
73923
73932
74007
74047
74081
74089
74217
74219
74225
74246
74302
74399
74422
74433
74478
74539
74636
74663
74749
74790
74871
74874
74894
74895
74909
74911
74968
75005
75081
75084
75122
75151
75206
75254
75264
75329
75493
75536
75624
75647
75655
75681
76023
76033
76058
76097
76132
76141
76193
76235
76252
76269
76283
76337
76394
76436
76448
76564
76588
76610
76620
76657
76672
76680
76766
76810
76811
76835
76836
76923
76987
76997
77060
77072
77089
77146
77171
77193
77198
77203
77219
77248
77272
77275
77333
77335
77375
77435
77444
77484
77505
77512
77668
77695
77715
77898
77935
77953
78077
78096
78097
78132
78170
78229
78248
78255
78311
78328
78332
78344
78370
78377
78380
78422
78504
78620
78640
78676
78759
78772
78867
78928
78967
78984
79025
79035
79044
79097
79128
79175
79187
79303
79365
79420
79475
79510
79538
79554
79561
79599
79638
79647
79648
79687
79785
79822
79920
79926
79947
80036
80053
80056
80281
80290
80299
80322
80368
80379
80391
80496
80582
80591
80690
80693
80705
80714
80832
80879
80930
80992
81033
81091
81101
81107
81161
81171
81212
81229
81246
81272
81275
81391
81411
81465
81477
81494
81572
81603
81607
81663
81666
81717
81723
81741
81745
81864
81908
81931
81954
82004
82158
82166
82222
82239
82384
82412
82434
82493
82502
82543
82591
82605
82678
82724
82725
82830
82939
82946
82949
82953
82965
82976
83012
83059
83117
83138
83174
83251
83266
83268
83289
83299
83310
83342
83405
83417
83436
83559
83663
83695
83696
83723
83727
83783
83784
83821
83950
84062
84124
84202
84213
84232
84291
84326
84396
84542
84601
84609
84647
84710
84715
84741
84781
84819
84832
84935
85064
85143
85209
85215
85328
85340
85452
85485
85497
85552
85569
85584
85710
85718
85738
85743
85810
85811
85868
85883
85936
85938
85996
86044
86101
86104
86112
86236
86247
86250
86283
86320
86362
86390
86405
86436
86474
86480
86579
86627
86630
86683
86687
86810
86862
86949
86951
86955
87168
87200
87231
87250
87386
87519
87533
87564
87584
87591
87657
87824
87827
87848
87899
87938
87954
87955
88003
88009
88079
88099
88155
88174
88192
88194
88270
88380
88430
88432
88439
88445
88494
88545
88608
88646
88690
88698
88757
88770
88791
88840
88849
88850
88927
88933
88989
89017
89030
89082
89176
89199
89247
89256
89304
89317
89418
89442
89459
89462
89520
89745
89814
89869
89884
89898
89930
90068
90164
90237
90270
90301
90338
90387
90392
90414
90463
90591
90596
90616
90618
90630
90638
90734
90756
90781
90869
90891
90920
90976
91044
91047
91118
91182
91203
91205
91239
91277
91475
91482
91538
91547
91662
91704
91750
91771
91861
91942
91972
92018
92041
92063
92127
92180
92206
92235
92301
92317
92341
92397
92412
92445
92449
92515
92541
92546
92564
92677
92680
92688
92695
92696
92718
92778
92782
92850
92857
92946
92970
92976
93045
93118
93195
93346
93381
93424
93447
93464
93583
93676
93767
93868
93920
93929
94080
94290
94303
94329
94336
94403
94451
94472
94596
94662
94760
94841
94959
94960
94992
95018
95050
95088
95115
95147
95155
95207
95318
95428
95429
95467
95480
95570
95585
95598
95607
95655
95691
95730
95806
95817
95855
95857
95913
96028
96066
96079
96120
96155
96207
96216
96244
96291
96293
96345
96371
96430
96498
96535
96651
96675
96803
96872
96906
96936
96954
96991
97041
97072
97109
97171
97283
97293
97305
97318
97399
97403
97412
97478
97544
97551
97581
97598
97620
97626
97650
97671
97675
97715
97749
97921
97958
97991
98091
98199
98225
98228
98296
98372
98452
98478
98530
98562
98629
98687
98818
98852
98916
98961
98969
99001
99031
99177
99227
99233
99271
99295
99402
99417
99470
99500
99598
99607
99612
99638
99669
99719
99722
99766
99810
99844
99849
99910
99965
99972
