65365
28310
67123
13902
42769
17451
4061
76340
16063
765
23653
48562
29633
43620
31447
10409
31436
32496
4377
456
44721
19365
20874
6421
23897
3284
54788
73414
36303
53398
57345
52293
59372
65768
63729
49652
45623
20376
75155
3821
851
14559
48530
61191
46549
63182
68716
61615
31506
23291
20909
24370
15667
33700
51898
20387
61761
44176
26841
65487
42368
79850
4666
24220
64038
50923
72419
38638
13959
25377
7593
38025
68046
4178
16506
54073
32860
30279
38387
78200
7166
34745
46412
13897
79314
13011
