86553
30361
59746
87403
66059
58039
66288
48577
74472
7170
25714
67364
74774
72130
37919
14836
83440
64147
59612
57559
56995
30653
14439
47281
50430
41511
44977
44440
85725
21888
82443
69850
83529
11494
32041
43557
71223
35945
26855
25429
18301
34408
62298
75103
3517
31792
5894
65538
29564
32980
15487
80175
51708
29137
60554
53865
71076
40784
68370
71260
80411
33854
56958
49886
84528
7497
40859
83801
8381
63480
24767
67959
48653
63850
62650
3597
44388
56173
81553
76097
20682
81420
5223
30118
33953
1183
59068
74096
49769
83653
35620
12834
80186
46559
54590
47517
41333
70703
51402
46527
16996
75767
47563
32718
10808
40387
13498
65453
3520
60768
1268
33340
14989
61752
22324
78206
53365
18581
43097
52041
55961
86086
76801
70073
47895
34143
55894
67056
32708
18468
64393
73079
29695
83707
40576
37971
22651
58198
22254
6930
29124
67720
52765
23940
48259
30503
51302
47860
71498
42385
9576
17306
38401
21859
71236
82684
83527
59568
55709
22655
50861
21787
11598
57302
66175
11379
83946
62799
4601
35822
61050
2066
19617
34052
24829
44702
34325
30680
66180
72230
23331
57483
18289
85608
42129
82153
33830
45993
40298
34598
65107
19112
40739
75745
23208
22228
33883
22088
75427
20316
1683
22949
56211
53011
3470
14689
10286
84871
33117
26165
78122
51583
19785
72894
38316
55003
44229
72711
52583
35371
28760
10287
39760
5353
68166
31730
6684
37373
15182
45024
21983
67238
20021
44341
73167
39429
52905
38286
75953
27883
59245
42529
14119
75497
20009
45629
59608
32182
70745
59161
46488
84399
20325
73832
57394
81022
2132
39578
66004
79223
74189
3098
13555
34138
60218
25441
33462
28671
13879
731
24885
66209
70909
6782
8614
19406
29537
25287
31392
74123
62058
36098
3808
77885
53841
4488
29977
49218
64704
31996
63441
27474
3567
85606
28949
14762
43458
47053
13604
67156
80691
18033
67606
87889
45573
37904
11882
72724
32364
19134
29514
60890
73777
2747
1794
10702
76984
32659
64740
8060
44129
83055
82802
7908
7648
49163
30478
5603
56044
3678
16061
52389
24825
82166
34304
40697
49959
74055
50167
41215
26111
57094
81539
69051
65918
64206
15823
45888
78549
61629
6452
70511
28150
10454
74478
72510
5126
28763
18269
20964
1815
69368
53699
72700
18385
38840
3127
66562
82240
72286
22468
51563
22597
24282
62440
39280
13304
40447
23886
40229
52659
34890
9956
66898
78805
45279
16508
3798
20110
7530
17417
28955
29140
87486
31018
59899
39147
72427
5710
46325
45081
30003
85165
8303
1811
13588
63854
12602
87826
61131
30005
44491
70521
66109
31444
32419
79313
9824
16859
19202
71859
60668
41578
56335
31560
36369
17965
38004
69962
31299
77440
73064
39823
9078
56545
6033
29321
10924
79106
45862
20135
29538
24640
57059
61967
78431
63939
60753
87790
67036
50939
79290
60833
19466
62200
18952
68210
53308
37544
84224
41320
46285
24415
62697
45207
23816
28711
4196
35221
11042
51516
34272
66017
34933
4435
38219
1078
84367
10769
64237
44076
40206
71100
38444
85937
87222
53693
8552
632
39829
5493
24377
37608
69775
1497
81258
68217
33677
87291
11433
68178
19158
9651
58986
18930
68953
50158
38261
4785
45802
47349
56299
56407
29815
32264
9615
46871
44429
60137
52082
61238
4066
70004
64509
27001
83698
27376
60144
76014
66103
28873
47975
30159
42827
55933
48251
12922
66560
61427
85387
54358
188
66980
27858
78444
72311
76029
67916
18798
25409
38274
79183
41959
76544
3028
71405
57718
21721
69886
87672
86742
58560
65586
73104
65211
51008
31262
86327
68630
28493
49671
59428
76181
48840
48629
10230
7534
85368
44042
80643
61982
83108
74587
11577
30241
82330
75729
78511
81076
28043
75921
80026
84857
31421
13343
21471
3925
72875
13333
12850
18797
38454
20624
21403
27391
73120
15944
47496
87563
48728
86540
45950
13582
74223
24476
50442
42367
23511
29608
83815
30559
64144
5569
22804
39234
52781
31745
25173
4866
86468
53862
2509
34631
20632
79533
18028
42852
75809
74469
24789
34279
85130
36192
20679
54948
35519
4352
36202
73043
80093
69034
23136
69445
41076
1039
32005
28133
48324
78391
5529
76206
11464
44284
53850
55807
24350
46089
53671
55264
72768
2308
52747
28627
11172
32956
65996
58576
7679
10463
16132
31750
71544
51978
19457
56250
46816
37252
80178
23198
15321
71032
14807
59970
8919
27320
14099
76475
43693
68208
14277
85571
3657
58475
54064
54790
64167
75436
79897
18136
8990
41128
7687
53058
67431
27086
10935
23223
27982
75893
4440
61357
47823
47980
58358
83385
37725
23403
22645
27480
40173
60175
87374
38969
7891
28642
83100
39308
57883
35649
27672
57378
72488
20603
61437
47882
20816
58108
49031
10517
12833
1466
71275
973
18725
76828
4904
68479
5810
54810
65699
51117
64520
78681
13088
60842
72723
9376
2374
50778
9508
70631
22994
47080
74174
68182
47219
8621
58850
31786
19386
12421
76938
67485
37920
80164
4177
40691
10828
22996
15882
62554
33296
20765
85630
18939
457
16802
81504
11085
23256
71721
80176
46438
31316
81380
18212
67440
46222
78665
52098
61809
456
34593
34826
76328
39416
34026
87772
10100
17810
58058
18630
85327
48683
70990
11327
82151
28639
68879
81085
14710
14489
71450
52012
19895
48763
57505
5864
68411
26744
73674
5615
29299
11014
11288
20156
63590
2928
30105
48917
36743
72236
51289
54965
2751
87112
64643
46030
59231
30862
64408
55851
44263
16736
35633
10249
27175
8792
51964
48460
58948
45164
51544
16193
11914
76380
87170
79094
83673
53028
84423
52063
7737
26187
18796
80636
21717
69121
57914
72974
28750
24405
50847
39214
79444
26897
81446
84427
23760
34522
34509
72588
52543
51966
79466
54902
15478
25483
41828
20475
51018
79124
42647
30368
31858
22912
9385
69269
39931
23877
31194
38951
30540
49909
74203
51076
75194
57277
46953
26665
35447
75749
77863
1961
39988
41322
1334
86517
39770
85534
9098
50641
54566
83959
37970
17869
22974
61303
44750
72802
12550
51390
9851
41786
79014
16026
42850
19539
61484
67665
70401
24195
57305
85705
67405
41958
25923
67666
76527
297
83691
12318
63982
21609
77293
39330
31579
71919
15346
6777
62886
39513
12053
63532
32035
25994
40879
14722
25592
46836
82265
28958
14505
55806
10270
41006
19725
82420
42105
18029
52675
4238
51400
38260
72276
7425
47557
66480
73860
85512
21627
74300
10801
44577
35041
80481
61118
73497
24340
9917
32295
64617
73666
16055
68410
73423
14329
62618
47107
40336
3724
75613
33950
46523
77253
84034
18207
59974
84475
34586
66372
39411
36634
25702
446
82450
37124
44465
78641
72068
33948
70127
41763
55320
86839
86648
30176
10519
75671
27917
6933
79165
51630
50550
37605
8258
51037
39543
39521
16526
80039
1319
75709
20883
86093
45915
64577
60498
47504
57902
45322
55971
7414
87567
2874
10883
33351
18859
42709
63187
41643
57569
58941
29851
62223
54862
1092
50337
54905
45591
6232
75297
32424
67233
63204
56034
9548
8422
44899
64980
65910
40260
41955
57258
18695
56434
40370
81439
72687
64171
72656
63762
25432
49792
2038
37036
6130
18745
71609
38276
51238
8299
30085
9421
19215
73055
57446
77905
943
47484
20722
78454
3009
36591
19525
25865
51449
8575
44767
45303
58851
49659
56428
26285
31122
29127
22441
46029
86318
84536
3933
52161
76645
82506
72975
35594
14225
87768
8554
14899
48404
42734
16764
22328
568
78972
76453
68212
65277
32148
28437
17364
78120
28757
23379
39025
61539
52185
64095
13129
46678
15585
5957
34269
47153
55913
7734
87193
3342
17313
66866
46613
1606
62308
68579
33708
24948
41347
12988
24976
60955
66979
80744
53447
3213
65859
87346
562
7144
21979
10634
60651
65024
71966
48758
57769
14113
32526
67378
3821
70270
75282
57830
44203
38134
4874
86190
34655
52370
68324
34988
7464
26243
84908
40259
44525
18962
74126
53145
83314
9029
80289
2385
46546
32574
61631
51341
45122
36249
35478
44484
53979
58750
7293
12172
27643
4766
17236
30302
59534
84956
54796
3113
33425
23289
68653
1571
2649
51560
82253
79922
74802
68425
62218
4027
23719
84286
72342
86141
47818
86677
7586
47594
85672
59789
70099
74302
73670
20033
58491
22010
70562
86738
51082
46788
80420
75422
41849
87377
63573
86651
25600
18742
13757
9021
70959
70599
3533
43190
14595
60689
6960
67349
40400
52788
12749
69307
13371
60968
2657
37304
75222
71131
83975
23345
32856
14734
20132
39492
76042
7686
57538
53152
30972
39603
63882
46249
16851
52980
50720
11934
52637
9864
25749
69303
61435
9892
28634
6477
75955
77746
26272
84943
2583
7921
50661
54160
36719
35469
53769
66009
18475
27996
46772
51726
78880
20691
6904
58151
58304
73288
34661
23164
18315
33889
25194
3779
46240
21431
69779
51138
76434
12216
82898
64873
1929
77384
45268
87448
39317
74573
67099
75076
1327
3505
51406
33420
66205
55109
13358
62687
50238
51339
87123
61340
30534
76472
85216
70538
20165
43043
27726
6675
77419
41770
59571
45893
24026
33602
72635
59315
17173
87570
33431
77179
41706
24573
53717
1408
34387
31895
41397
67854
3095
39069
84722
67012
55462
86890
60939
4826
53237
17390
71117
85786
49384
2037
12280
51686
45987
84992
46497
72043
44166
85742
85278
87762
32710
59261
22716
61045
36836
36667
55530
76511
54394
8195
41991
86267
87657
32380
37576
806
9696
37536
18746
9216
6486
6814
53031
5743
79598
59537
51397
78686
19717
61251
81433
80115
25210
69547
49723
82811
64335
69365
5659
52436
36605
22884
36454
42741
68798
28313
20246
41279
46837
10144
58352
39261
32395
66627
82953
36288
16377
82705
23027
22398
10180
55930
45759
34195
71136
30409
62270
46220
46664
80927
18856
5530
73389
74465
14909
35250
36111
69208
75935
3692
40791
43782
35186
11424
62346
80208
43092
52386
66838
45040
70442
80247
31586
14227
5832
57026
23463
66170
39862
72933
6851
2651
59139
74732
87262
8300
46345
48293
36421
41613
23134
16693
55537
74554
67314
12927
83556
64151
70535
84634
51761
62320
69927
87549
86543
68066
81074
57385
53604
55460
14136
18570
59204
85068
74391
73951
29951
78655
30891
63382
57163
3049
5219
70984
39026
49731
70104
20721
4780
38253
47417
11814
43324
8143
13943
1523
64495
84721
22070
86102
48749
86290
16338
84712
64825
60106
20533
67117
30016
7796
28456
35190
36183
31873
83098
72760
46269
61027
40149
3034
64202
72239
69652
26228
84979
74413
31591
11352
19869
10520
66408
29229
70436
38916
22512
30392
3377
15223
31407
39738
84532
16823
75394
20055
23495
65124
36226
2584
69191
7714
73391
37428
67506
6096
64633
23904
76509
46913
70260
25681
83268
65542
41250
74114
78567
4129
1071
84158
30888
54529
57892
23341
81152
75788
3144
70236
71324
44474
27889
19746
57745
14072
33044
37622
76623
62503
4535
17955
10098
58885
76412
78435
9356
78087
53723
39865
68739
24085
80602
47867
16277
54242
54584
35926
10991
62377
34979
44354
33204
52257
70216
21399
81759
6584
42704
2465
63968
5352
62677
41130
34730
8932
21522
19928
36783
61329
49338
43841
4227
36021
27691
2486
46725
8434
44287
18460
1541
36330
49434
62776
32647
76723
75041
82026
20741
86160
86200
4438
53676
22893
79427
26342
51208
80702
14500
1360
58158
79542
59374
8916
11480
30624
50096
35789
3211
11917
976
32461
75170
79108
36950
78527
44056
83250
42185
30303
23080
36655
70882
25844
14138
33034
13817
63727
61663
2719
25778
44109
14083
71463
85601
58049
70721
49907
75574
14573
64734
19699
69254
75685
59393
29415
24406
75303
46337
56996
57701
79819
69023
22131
8684
59373
87388
58647
59505
74118
81050
21802
7204
50333
31585
66428
63192
20441
49161
73876
32768
15646
77385
23715
59465
49389
49780
34171
65068
29144
11503
32033
64490
34642
47246
38187
24501
85400
7498
47150
39591
77266
65228
24161
18382
42522
22141
81341
10816
33270
39169
76162
68913
36179
86602
27589
2243
23193
42722
14232
58025
16616
57825
73925
62578
11549
32346
69862
46595
82508
63162
75039
56803
29347
55694
6414
19670
23095
55875
12158
35048
48193
19249
69973
84664
30892
40372
32799
31909
67184
72465
74348
32795
72636
57158
29897
58001
50918
73645
38577
80246
80472
84742
65261
49911
71313
72032
78717
19211
49212
87064
55014
23357
23239
4271
75832
53951
3712
50099
4828
64603
27694
77800
47394
1246
14263
48051
18464
22431
41286
14555
54886
60078
46461
787
677
30359
65993
70701
50656
11545
58399
35073
45554
2515
3800
4414
54004
54841
16597
46622
14123
44731
17013
11348
22747
58143
73406
58422
57950
46406
77391
71311
5439
67304
19767
72946
36227
36378
79489
60227
76974
78727
71317
2964
8527
60813
55329
59837
77024
55210
30692
6978
24044
28462
26880
41509
47339
31918
19817
79700
72212
17783
43207
21845
27145
58658
49986
23458
16418
69022
61838
46888
18075
33203
62801
65846
63365
52405
45911
40223
47074
78912
17372
65865
22317
62540
59785
38753
72232
17120
63985
73363
9609
77938
41950
42845
73764
44023
3332
2612
58201
84082
64213
38939
4572
67445
82055
26805
23184
50185
42011
51220
48179
73942
22373
34488
3148
35896
77934
77552
53250
15498
76180
61555
55218
499
6533
13023
77421
2367
74121
51803
37078
79169
75233
27231
8058
77262
6098
46769
42753
25185
37247
23653
271
72495
4727
54619
25064
63219
16319
60683
51680
28463
40212
45589
15965
41138
32946
86443
20384
17239
61074
22537
64063
41728
40729
33479
27597
4558
39293
75274
80120
8737
73698
61864
71296
21282
50679
58977
67376
65677
80782
10486
24707
63584
50974
42609
61837
7043
67220
24162
9441
67841
51408
18585
30240
39604
59317
52155
53508
36430
8292
39354
52586
44668
52194
1740
71382
1968
57500
13686
26030
57635
8171
2620
61941
31819
51216
73220
38484
34781
11084
46124
22128
16686
26058
63291
42903
62580
8633
56717
57336
20971
62947
46012
11168
15006
50010
75464
81205
28297
16953
67243
11344
33690
75747
61336
55259
31285
51222
55985
41595
12028
27406
71409
2442
29156
21386
86168
68168
68697
54982
67927
78101
77598
86922
68874
56087
56887
17169
2174
4748
13771
63634
69572
39162
49423
69715
51102
77031
12431
61527
45056
82056
11982
72520
39305
68972
21466
42259
15793
64862
39826
10504
38255
59289
81228
84958
80218
77714
10003
41516
1898
23699
50416
67447
31061
10441
59185
29488
53183
14801
38845
56596
64808
24019
63563
62471
58393
81916
59500
62681
70828
35755
32480
31095
62602
2133
31944
5088
55431
32180
19701
15322
678
24770
54228
55050
70089
16683
47593
23812
62316
3157
32297
4441
85097
72745
57415
75600
13019
64064
47059
73001
86930
46563
19606
60203
72572
1196
32248
28241
4340
1517
3458
40838
28775
9813
17213
78373
12778
12678
20818
17440
817
44701
8331
74903
79680
13802
86238
48844
44074
63332
66819
67259
3154
64448
26482
57453
6114
6723
85192
56608
8542
1838
2359
68294
73315
60793
77468
80717
29334
12955
6783
11846
72321
60703
13466
30633
26105
86088
13776
66436
34431
10626
18564
34397
34205
4362
4810
83727
75705
82366
82431
81807
81434
54144
59369
78249
68642
538
78088
64641
55532
16846
69351
87856
41612
39238
21837
60288
78897
35651
77528
58454
18845
51851
3219
64348
31282
3620
73926
73744
86046
24297
44570
40785
8041
68914
85528
63170
5606
4399
48448
38215
81796
68725
6362
27705
71738
73292
9213
59879
80565
52147
3715
28417
66286
11763
62906
85915
3023
58711
79872
87445
70960
66418
60985
84625
21027
35567
84483
20501
19589
70896
32652
68220
29238
55341
9106
57194
14510
27581
78692
83006
8822
20833
3876
24979
65914
78296
66185
38380
53089
44513
15506
70086
53283
18583
58831
77271
18650
30867
25894
6451
70856
70431
29854
23745
72148
70180
52207
4455
85034
39465
58474
63328
57624
54294
87573
46826
42920
42986
81509
48845
44162
14877
57074
83878
79395
22764
73050
45136
25925
48524
61990
24140
69359
39480
43473
1917
52120
11912
3117
33716
49719
30519
50080
44867
75098
16160
66182
43240
59815
84877
86163
27756
16430
37734
72466
2103
71994
75279
18760
83182
21774
45284
10749
72411
72472
15010
65233
10821
9538
71810
47350
39528
26756
68275
86512
25199
64632
21273
31846
7570
35972
30612
66697
5085
17994
26384
19488
68238
52716
62817
43271
52960
21439
53730
22547
44820
27218
47546
36181
76287
25771
65299
79926
46452
5776
40706
2207
7401
29193
86165
76152
16900
31408
2406
74921
75231
18031
69375
42039
66149
56941
54020
49841
47091
72092
28729
41020
9415
19854
3499
36314
83465
9290
11757
65256
42596
7678
38560
40899
39502
3584
40917
6447
218
22439
38758
2910
80635
54134
51499
72314
26000
26446
27489
37221
58232
76242
87753
5906
29068
38069
67356
49330
27649
9060
19303
29661
19662
5803
16625
61720
53170
3530
8237
47393
4126
16915
307
40635
61501
2591
15517
68645
81831
69093
34528
69813
25278
15613
46494
17547
73889
31916
75161
34630
45357
7969
78734
52958
61666
80188
76760
69584
55934
82430
24295
27522
65191
39201
84002
38377
42815
82458
77830
86055
13055
30923
45014
17017
42437
6389
52483
29159
48441
74782
3360
5780
79832
51830
43924
2682
70196
62258
27678
1088
16906
39849
63267
18974
5338
11660
42505
84573
22638
7954
82246
41740
41158
83387
21631
54583
34380
38918
6921
33939
62701
82510
79187
60857
20843
23068
12509
68321
87550
60015
67486
83659
5992
11178
58231
64800
73822
53526
68493
1453
4246
52752
35311
763
1100
59732
41483
78729
36212
8319
8520
49507
56245
53561
4383
8732
52146
86154
83430
21125
79007
25444
34125
72147
15277
39562
2771
4074
26788
66380
22622
30851
50761
17337
22837
78907
56349
76975
83300
64128
78922
59712
57229
23426
25166
76538
79562
9775
20763
40907
38356
81310
24270
75101
72039
46031
61554
70605
72950
66788
31313
48372
4255
18188
20052
46893
45184
64718
77026
65246
83611
15061
52055
13664
49360
8956
64452
34759
20678
43372
66130
23330
26125
20234
29269
54927
65721
31380
43449
76707
23933
35637
30223
29417
79774
46712
33522
53770
29328
59509
63874
20880
63661
65364
67517
406
5482
39514
78092
10457
29257
32527
32446
45666
55294
23029
49674
84922
57208
70432
36354
74000
29389
71535
86731
46787
53110
47471
29477
67697
58177
75333
9204
17416
49970
54028
53079
78725
24193
28730
33355
58181
15548
37485
86817
38584
31835
22144
37279
16355
5197
44793
59782
24074
63001
62235
10021
22330
26366
3829
82815
73346
61047
16633
66628
45740
20312
40191
57852
21271
62865
77480
3971
45702
42620
42583
72865
27528
43413
37180
5073
51529
83714
37535
67802
15588
3307
62948
84582
87736
54221
44435
51712
17549
41649
60013
28433
15915
65361
83185
51480
55905
12165
5010
51287
21911
48104
37616
15218
85011
66968
48752
43090
74685
49694
19013
56160
13804
80614
5646
6222
40440
58261
79805
17259
70453
27731
27584
60243
18511
59896
69267
66733
225
39090
30832
546
68083
53585
33133
70965
46714
61764
46612
24332
73007
60692
13421
55684
86556
1554
30973
46822
14750
27342
20579
34053
35454
60780
3565
50624
58523
28106
4580
13822
48755
7961
42711
4198
54840
23587
49887
47289
44814
46715
81593
13629
52562
59040
51795
50469
15787
70324
12515
64765
51447
77183
10446
41541
33112
26512
32547
1865
36419
73338
50
54011
31209
68919
12692
31352
52923
82520
889
19179
64363
69462
79474
39004
80530
60886
49922
14765
29948
17030
7069
50796
15538
13352
51474
49020
41743
21924
52200
59992
208
28151
59710
86660
76259
70205
68544
29406
23762
78463
35609
76294
65511
25073
23925
28308
26961
45466
77495
72730
51828
78624
87399
65173
43482
74914
6909
60332
63067
9019
18219
73273
13899
86037
84594
26889
24674
2313
13376
69018
87167
84234
51587
87904
76456
74878
45523
15702
62335
34914
14974
28394
57388
50689
322
17153
85260
38283
25010
79103
45737
5215
28818
79321
24046
68958
3
35127
19494
69343
39054
9289
43102
35613
53583
46341
71427
75208
54669
42013
55434
74728
60904
11244
87946
23769
51940
15127
14159
64870
68934
14348
60799
33715
68586
41767
57024
62672
60680
8983
80478
34228
374
65202
46719
36064
38222
19193
81013
72694
83134
50844
73654
36041
8267
42245
43518
31355
60062
55935
5354
82298
4528
80593
40092
45055
51542
17788
25469
27838
54645
15639
58243
43883
51718
50364
45085
20738
38338
49511
52857
12297
8315
29904
39487
32114
58545
1162
87150
62789
18963
56453
68400
65194
6585
57917
42674
87931
72366
37198
62186
44371
83791
72744
28307
31595
62486
77083
21082
59267
84700
33906
22490
11392
69817
14520
33572
44289
9116
56266
74309
80802
78757
58983
4442
20557
59073
22487
36603
78558
55331
7434
15792
29385
3930
33486
10129
38073
27554
82132
15120
15769
81813
47228
11948
20419
43291
33039
20546
34358
75848
21970
49636
37908
73625
11401
74010
39666
30839
39749
44450
47388
45997
53430
46699
871
34935
39615
77898
26835
4932
46316
4861
13353
4554
20787
74063
18714
24117
34777
54704
77655
11054
19570
29044
41297
15046
58543
77999
40811
17165
46402
68281
86020
21356
5890
16385
12589
3250
12159
33254
52221
26110
5315
9848
12715
77439
76680
47650
37601
31457
34880
76305
55161
62827
39328
83551
85797
32864
59621
28539
60364
68899
83961
16202
70496
5497
81389
19992
80286
5648
2893
71091
5302
48535
74042
41260
50395
69874
22486
51846
3199
81351
11947
24499
63670
83663
33544
27715
27818
48793
26570
26034
54283
79552
83526
67732
82134
70476
44829
16572
45600
81372
23399
17461
50079
15604
19188
79279
53485
55271
85824
28217
38919
51579
18340
56743
26906
23112
16416
10095
30109
87029
80637
64960
24896
37235
49152
84714
36128
80975
71430
41484
32016
71910
44257
30791
73754
24420
56994
31960
62182
69155
67932
26699
61475
67432
81810
45035
21949
17203
75512
9786
60535
78057
71995
55737
21133
67159
8755
83088
49620
61961
24172
60727
34020
66831
6951
80922
13136
47137
75651
47095
33241
70709
51885
82664
14821
85903
71790
39925
85965
54445
55168
77781
21343
34257
68069
67032
10413
85507
13653
54741
10708
70039
70735
56362
86844
56214
75426
50885
20275
62885
38979
75855
16946
22937
310
74827
34062
5190
67404
54136
48472
77397
70678
62759
33808
17671
83720
10967
17952
31148
82583
3687
70966
80690
87504
51482
15025
21938
18626
107
74405
79858
20896
26029
72841
47242
26020
64726
83559
2950
61471
79166
80482
19285
24941
38663
32260
73265
32616
55179
54922
70405
25511
68854
18903
5844
26740
52071
50600
74841
43272
18049
80773
42788
28466
434
43957
44392
79878
30069
20502
21665
18073
67467
65905
78453
53737
12840
66230
13377
62095
26824
47929
14740
13898
63409
65406
27515
35213
10328
77093
55991
57912
11784
60152
24013
61568
12535
31679
66473
77287
17696
60888
11274
31024
83012
36952
9924
87419
85919
52045
67197
46596
57033
70930
391
48474
14543
2339
77341
27217
51393
43787
9485
40436
12205
59478
56236
52018
6818
32170
25140
81552
9710
75647
9007
41744
52873
19422
4585
76221
32993
1532
71009
19213
32534
23281
44805
52492
83620
45665
80580
25078
28283
77364
58646
27404
63619
30320
64454
31239
85924
69916
59166
55283
44342
44886
45488
10932
2589
82643
9263
1207
32207
85946
17210
63397
65113
46870
17021
43507
18200
70110
50325
28914
76344
11267
64570
73912
34497
22393
43774
45342
43898
20140
14281
72152
50936
54239
79901
50012
33121
72240
67332
50530
65628
38489
18815
2691
33551
70747
5942
82618
21443
30266
36683
64572
21202
75469
38859
22829
29576
77753
32644
8478
7358
56167
50151
4880
86846
42796
46592
64786
69094
9450
65528
3326
76945
6945
65104
51854
24252
34310
55569
22306
18103
72469
73328
17419
39584
11321
53755
62424
48292
65423
32310
48549
8769
54689
87568
210
79791
70971
51381
22161
74492
10055
73678
32733
79757
21876
24428
24768
43922
20585
19578
39396
69089
1986
71189
26073
29796
7197
15391
12291
61174
3498
73658
34827
49652
68695
83564
62203
24331
15807
85456
7582
23213
71290
7763
39350
46957
39342
79604
42984
87841
75319
76402
44589
58495
77423
4542
26215
7367
82751
22484
73160
21515
64395
38239
27259
84796
64360
32531
19072
75191
73965
77212
87153
69288
72090
43028
80431
29062
70235
71672
82142
39202
45133
64524
79515
415
61541
77164
66438
49193
6013
62289
84697
84840
43645
29297
24093
29957
20299
13900
61940
76504
8712
77736
87322
63427
1669
17894
26574
21797
67089
12276
18512
61441
28470
9425
31657
78293
31068
78874
9709
78339
35844
12542
86786
36062
57531
48222
1083
52480
70239
54386
54866
7247
42186
25751
58291
20108
42233
83467
20700
70732
64529
30091
23570
22168
16448
31091
39863
2947
46088
5042
63988
17797
79179
38466
26921
57576
67034
10347
43158
21672
83372
22165
62859
8511
42797
46875
72164
48921
51638
71024
41915
62312
45910
18785
64576
67020
84129
31606
41481
17876
18509
55923
20400
1382
34831
6066
21032
52346
52477
12677
33040
46519
20918
67817
83219
82169
28929
22362
63518
79396
31600
62572
9621
80784
14748
52667
25077
67428
17428
42412
81192
59401
20584
17667
86076
46536
33881
75483
40559
37040
5380
4836
35439
30745
15626
37671
7612
24386
69875
63075
29593
35627
62369
72421
10297
18164
32820
42999
59927
74564
6813
20954
44878
74733
9926
75227
76125
86211
17057
56254
68470
14132
32359
286
86585
68974
22477
86697
18940
31463
44986
23125
9081
66618
50756
13698
15150
80606
22335
7553
60101
53318
43614
74062
73578
8197
87966
17111
9452
85481
8689
43451
32398
46757
25466
25577
79333
80244
82688
49471
38874
84706
70049
51656
30629
22267
39599
1351
21628
846
31810
68667
29528
49978
47071
23466
14881
31156
66077
37131
2350
18292
30649
80221
69449
78289
29914
14557
66906
83740
73991
24080
49985
33369
12948
4913
40420
32660
26552
26609
3414
24086
81157
3607
52732
83325
78489
315
76064
57245
53527
87824
77315
54953
11527
71876
77276
20605
17588
49951
45636
67377
86911
73057
44254
63078
60374
81317
65562
21830
79143
80633
11601
80072
24886
29616
77052
78548
5156
86769
9272
30939
76536
5279
24427
62117
60186
7949
67721
24741
62623
28787
81755
79397
53151
63111
76352
52792
49565
72896
66934
53891
43531
83768
45991
22857
6793
31277
65318
45305
8313
67803
63461
33078
44622
67384
25724
54673
45328
56640
69930
56672
44939
63595
46824
7149
60632
84024
70763
44768
81424
81578
71490
861
73268
1618
2788
78006
12438
25235
64832
56346
1205
49804
45585
48910
2046
50376
46920
6470
62409
12179
73573
74725
9521
11297
76584
40723
53224
3613
76592
27270
43298
46954
72010
17613
21519
13763
23721
41001
4916
74646
69670
71370
68438
75725
66324
49712
67967
78423
67307
84792
58040
70298
45106
74984
17944
13721
15130
45469
32286
84157
48784
6278
75056
43010
66499
65940
71380
17425
74489
3632
33156
53348
72183
25673
41747
61790
86978
61103
21056
27868
20366
58819
25620
76539
50603
24589
17991
60875
26629
24708
80232
77832
80939
86589
82754
83819
18543
42828
12748
71668
6983
11791
2547
4962
35330
30537
30143
77217
18345
41037
68369
48260
78779
13670
32772
48417
76070
77073
68379
78597
60449
20079
12221
5173
37985
43914
12375
24721
45694
23320
33779
21524
43561
70387
49014
41845
19991
71320
37966
16153
27796
71247
62917
57535
73342
3187
21828
29909
69250
65312
68887
5840
7177
10783
64116
38740
15568
81717
16104
65716
53282
14507
44456
36680
45635
63338
68055
22906
81289
28332
30328
53830
27990
45565
81955
37770
80913
32929
40852
72935
63897
20090
42114
73108
46392
62712
2280
18344
9561
2051
55224
15116
86608
40200
50084
86413
76277
40232
60320
68752
44940
79477
11508
41665
55376
471
43436
8001
1419
30259
14045
84039
9276
33574
36813
24296
85231
20415
38576
24679
26695
75487
60574
71892
16154
82181
70114
8862
1131
69144
24319
5460
19145
8460
65180
45172
76913
23317
38990
37885
64845
31047
45044
13845
10782
10140
18660
61396
73517
47247
82895
74420
59229
1282
28573
8905
18391
45175
52948
29338
56043
68408
22368
30135
58572
57357
10087
86192
10343
35563
45127
79558
32452
14656
2755
4800
13062
27711
8837
83363
16113
83817
42411
39833
45285
83083
37120
30515
72871
11563
63051
38230
45498
58036
3732
3304
3318
11315
15534
6573
80199
17747
54452
59058
11641
33110
83039
1461
9254
11589
4189
81431
17895
49253
