V9S163N7N839
T5S623S7S357
M4U699K2K050
I8V576X2A074
F6Q536N2U153
Q7Q040R0Q608
O2M289K2K964
E8A718K5I493
I6D040Z0V415
U2X040Q0L736
Z0Q297S5J069
P6G677V1U372
O6V326M7M835
A9X304H2W408
X5X533I0B307
K4A461R5G311
O1Y606A5J609
D2H906J8R062
O0T743X6I046
R0T738Z5I499
M8A772O1N263
Y2N082H5J872
G5K535P7T204
F0W975A5M121
J4F870M9T092
K1B438N8H126
D4N675O4D574
E5A812K1O527
E5L660J7C379
G7D753V3T325
N3H873T4G127
T6W900Y2K135
R1Y047R9N042
J5G326K8V065
I8R455P0S544
V8J533X4X560
F6M521P8D488
U7C019J3L884
D3B393C8P025
P6V941M9X784
A2L899F4P455
O8T859O1K276
K0O669X6E679
F5D909M3E706
Q1D203F9Q903
V0J818B1E570
K0N860P2E364
B5Z862N8F765
C1V590K0B407
V1K717U7C127
G8A351D5J545
Z1Y307T3V935
M3J733N2C019
O2Q217N8T195
Q0Z996A1Y003
B6L753M4Y783
U3G862N8J503
B8Y590L2Z723
I0N105F9Z384
H7U230K1P955
F2Y848X3J401
S3I178K0H855
R4S781Y8E525
X2E545A3A889
O4I147D7C647
E4F079G3G224
H8F383Y2T500
I0K322W5V103
J0T028C6D861
M8R438N5I605
M2B747F2R377
T8D931U1F174
N5Y016L7E171
K6S820W8E679
V6W819L3D029
A1H092M7N702
U4M729O1B080
R6G857V0C398
I6G489E8O200
V6E582G9Q139
U7I332Z2Y337
E2K364F2S663
E0G523W6Y175
L0J090A0J853
Z2H207F6M956
C0I551S8O484
Z4R731U8M277
A6W490O0R131
D3C460G8Q430
B5F379X9M568
U5A413H1S243
A6Z004W0J591
O6B891Z8I187
I0D851I3N218
E3S181Z8Q559
N5Y318O5Y516
N5E067L7R815
M5O072K2L429
F7M247M2N484
E7R278Z5V938
I1J119V0Q845
E5T385M5D540
A9S371Z9G814
K5A204K0V399
L4J411F8N668
O5R527H4X503
V4K369K4O933
A5A107X0V216
U8M187X2H916
H9Y673L6G111
Z6I306O8H197
H8G150Y1A586
Z3K093E1O061
J0R906T5O334
Q3C172M1A891
W9S033H3Y169
S9V249W7X625
V6B286A8B984
J3U683E0E552
D1O308M8W910
K6C302A0N742
M1N093J0U041
D6P917C7H486
M4D323A3L723
X2N721H3W110
Z9D655T5S873
X8Y873P1Z301
I5V898I9D876
K1R210P6U146
O2E843O1J462
P9M166R3C624
D3H144T6F126
T8Z880H8N992
U9L102U6C237
P0S404O9Q570
G6A328W6D647
B1M220C5B958
U4D091K7I969
U6H652H2T471
B4I021J8K949
T2B861Z1Y095
F8L025H1D270
W6W968E7X910
V3C442U1P352
H4H051P9D550
X5H459B9R528
S6J066W2S827
H5Y797P6C620
C8O972A8T891
A1E554N0T388
K2K934K8I749
Q9E392V7X756
E3G473V2V598
B4W458S4E494
Y6H610M4Z017
R6D692J3G116
X1S474N7Y134
B8J716I8O509
U0A976P7O120
S1S325M3J314
J4H815B2R087
B5R306O5W499
D8F876M7R163
L6B774B4S391
C6H886I5V417
R1Q749X7Q540
P8R177G4G107
H8N985U3Y958
L0R742C7S710
F3K905D6Y918
E4P843U2Q826
J5A009E5U508
P2G490X5Q213
R0Z973Z5J596
A0U532K9E723
Q0N734R8M686
L9P202O3A249
W9H330K6M704
T5I694N6S030
Y9T918B5S794
X6I012U8H920
P2I279C5N386
Z3A278E6E121
U6J218V9R237
C4O334J6P733
H8Y291H2U752
U6D573H4S335
J9L228F7D620
S1T303B8K868
M0M431A4E770
B1R272S9U302
Z4F746D7N459
T2W115X1W378
X3W749G6C529
P6K941O5Y277
G9M310K9L838
M2Z673T7V245
S8Y455B5I301
J5V855A1R597
C1R451K7H068
Y4R427V3S034
Y7Z252B0P216
C4Q428D1P389
T3E225O4Z275
Q3I811I6O390
A3M682P1V100
E0M259C6I206
O7A081T2B616
Z5E827X2X009
B7W314P9C924
L6W456X3K810
E2H738T4I250
F2Y557B1D412
D6K743L3K627
A8N162M5A696
M7B996A0I550
T5Z313R4I386
G2J271M6K240
J2I384X9L110
X0K628S9L770
J8P924E7B293
C7O053A3M443
L7A443S9H094
S4J674V8H645
D7H166O0K900
T4B082I5N916
S7B387H3B654
Y7P198M5V147
R4X652C9P127
R6N949K1O314
G0N231A3Q764
A9N808B8H333
D6U480D0O474
