bcS
79G
gXf
arH
czu
bv6
ak0
6I1
aqd
gxD
iey
fvk
7sf
811
hRk
jfQ
dGf
jAF
6tW
638
9NT
ayP
gA7
jJT
96K
dr5
gA3
8h5
hUs
drd
jV4
8CU
jN9
arj
g43
9eP
hvb
96Q
jf2
cCT
fCS
gap
7uA
gZH
dEz
dIE
cmW
dO8
hFf
fKM
93i
gF7
bEi
7Mw
diH
c6G
b6n
72l
6h9
fgV
cK8
8BB
erj
jHa
68N
h9q
7wF
e6V
bwX
8Yy
9xn
6ze
icD
6hn
jF6
jsF
bK8
d1F
hsN
8lp
fZo
aUC
c8c
6eZ
d8r
8lZ
7zs
ecM
g7w
fCy
gXQ
9yA
jAM
6BN
8xy
6wu
bLc
9XA
gpx
hcG
af2
cN2
7XW
878
iIQ
7jr
9eu
8PM
6lx
ajf
bzQ
bCE
87g
cxA
bUE
dIi
h7I
8fk
6BG
80K
6KM
g3v
7TS
fHv
iA2
bRa
93n
6pz
dvu
6Zz
d50
9Fq
ePF
dNe
cHE
iR8
iMD
ikR
6rK
c0M
7yA
fnI
er7
6rN
8go
h3F
idU
i9I
jpI
e0v
8Y8
6g4
alr
gql
aLN
dQa
i9R
6FG
eRN
anF
6bI
daU
ifG
e13
hyv
aQd
9wG
9pC
8Fh
dzO
f0j
h6v
6Yn
juQ
c3E
7eo
dYn
eAL
bE9
8tv
7xp
85j
dim
82r
jkQ
jna
8lO
7ia
9MF
6qM
d3Q
iBg
fYv
b4y
6Xd
bMB
bba
8Tz
jKY
gSq
bkj
iDA
i8y
gwv
9yW
iwl
7U8
d2Y
g7t
c3G
ifV
eYd
j6S
h1V
h1o
cFC
8IA
bPD
f2h
68t
jh6
baK
bw8
bro
f1p
9LS
aSq
gXP
7hP
a6b
bXw
9Yy
a3T
7fj
cBU
aMk
g8u
dI8
6ZQ
7KO
cpE
guH
83s
97h
aE9
abb
jln
7Yw
hDT
hNc
9Ry
6YY
dA0
fYC
cqB
bgi
aPA
daP
6XI
9YW
iMt
fPf
e0s
fg9
iH6
dlF
joX
hTt
a3D
bCe
hzY
cJv
1Tm
dcx
fB1
eZv
j4C
4c5
62g
e4R
drB
bpi
6QG
gum
aad
9HA
cFg
1w6
cXN
eQK
jxT
104
jvr
wW
iiB
5on
5ZG
car
5VV
g5H
4Z1
cZT
4jp
cQ9
hES
6tj
iRB
4PV
4BO
5G7
1xm
4Gb
4xj
92Z
gFJ
hWj
8Iv
3zs
4jE
3XM
8pb
jeE
JI
dcG
8Ze
fmg
hSn
4ZA
5dh
5TF
daR
i8J
6jR
3sd
daH
62B
xj
aMY
4z1
5vE
fZr
1ko
9SW
25R
ewK
dzi
7YN
9dD
1YM
2Xj
3rP
245
1Mg
gKc
5RS
1c7
dEr
en
dHL
igF
7bP
j7z
3Pg
2O5
32q
5G1
Bu
el8
3U5
jnH
7hz
IL
dqZ
pR
5c7
dJe
9Dn
5Vi
juU
uL
66N
2Z0
apM
2NC
cc4
F3
esX
5dM
3E4
JU
aMb
157
gWH
hO3
1Sb
8
dyk
eal
i53
4Vh
46
6sn
aoT
2ET
auU
Nb
95p
buP
50s
cHb
e2H
1VK
5Do
dX7
gd3
jpR
4In
dCY
2Ua
2fV
4cY
1Ic
eKP
5cA
7nv
drP
3qI
hRn
jJy
gKF
e5k
2KD
3lV
a15
30y
BzY
d1e
jQm
pP
cgc
ifM
4EF
6DT
2xd
dmK
18
6UZ
1bW
xfm
3PM
jVW
6j0
2Zd
1vV
fKw
sVa
Htg
hBy
Qs
4RZ
6hT
4lw
gUs
2Pu
bP6
bce
f77
o2q
sEg
mRx
dPe
5S3
h27
ww0
7h6
35G
cvm
HWp
bd
fma
F5n
cxV
b03
F9F
9ne
D9K
gJV
6Fe
aZD
dZb
8vU
oJ
BfT
32V
rK3
i3Y
cpA
2a
d4V
79Q
2dn
9yz
csu
61h
kCE
qGz
v5v
7a4
boa
fuT
86w
7X8
hJe
9bF
4NN
nji
b2
HZq
Ir
7a5
7o
42f
8le
DSb
rzW
1G7
FsT
9PH
g7n
GJm
5Vv
B6y
4fr
fEc
3tC
bAE
2IE
23X
8Am
Ha6
6NT
aN0
j7W
eHE
7kt
3F1
4CG
h32
4xY
7BD
1gf
yJS
cUh
6iO
5nX
3oj
964
5bY
skh
CwH
hky
nQh
FeG
h14
fRx
88W
dkY
yed
1jh
eW5
n9S
98O
bzr
38X
6rf
gEM
wVe
rMz
5v3
6WA
lEN
ux3
Yp
cjS
yeH
iSb
2wm
63m
hZq
a93
6sl
5jh
1g2
tfu
FYn
5V6
cle
twQ
g2O
2bY
4JT
rT
eCH
v5i
4lN
CRn
ntj
ojK
nzs
mEO
2Dg
6Sh
sel
kE
y4c
aZX
cDc
DfY
ajP
Hkk
lk4
8fF
sfO
qXf
wMo
erH
Gh0
u2X
g2g
rS
1OA
1J8
5FZ
kBe
hLv
c1a
mq
n2S
dtm
HFT
80q
m4D
CHX
s49
GwA
zuk
p0k
wPi
1sU
n1E
hXQ
iaR
FYU
y6s
5H3
EfL
7kx
26J
E11
Cqn
D0x
g3s
vy2
4bg
kSK
2j6
1Dq
FvV
igR
w5z
6U6
u5
wWM
1QT
1dO
uPj
joH
qm
4hQ
mdY
hwp
5tw
otm
3jj
jgt
4px
aip
Bwa
7iQ
gXl
eip
9YB
5YY
nLU
H4a
hVH
guk
ry
1ur
c2X
Cj
my6
DtR
5G2
4Up
C9N
EGh
wIc
tQj
4jA
Ahs
mDZ
nQk
asN
pFI
oS4
aKN
Emm
5Og
g7k
o77
l13
DBk
u2k
zrE
Bjz
xB7
iNM
vac
AQz
y3g
b6D
g6k
D3y
fll
w6S
daV
dHD
bQI
Djr
icR
4zz
mmS
ie
1yt
GRM
uxk
zmR
8a9
c0n
bJv
sZp
8Vy
2eA
pwO
wJ6
nai
1hS
5XE
fMx
kw9
bSo
j4u
ntP
xEd
i3l
rtW
HAP
fy5
FLT
gDB
2S9
A9e
1wG
fKf
vGm
3Ru
l8z
84L
4fk
F4O
YE
FTL
HRr
eRh
1nO
fsb
Aez
itW
keP
2cY
BTv
wYD
tA2
tpM
GAY
fRw
HIu
wi2
pzM
a35
5Go
3Q4
qsx
1h4
FZr
pG3
kfR
3wz
lR
uSi
HIc
9qy
u5d
1eS
5JS
5L2
vge
qZv
A0L
Frk
n6K
9BB
aHr
kzD
3cl
pyp
OO
3sc
pwH
Eqg
Enn
SH
f38
1Or
HTb
aeQ
1C2
7jl
kmn
61S
Ur
t2P
wV7
yU
2NZ
ksV
o4a
ebv
wr1
F1i
bd7
ulU
7hk
lwn
GGL
HWv
bU9
iBi
rBK
C4w
jAc
Eiu
zg2
5La
lHR
HWc
fVO
aDe
3bn
1hz
3w1
fCm
5jf
Aog
yvT
cNc
yw7
kui
jJX
xFh
zic
jRf
e0h
1Zy
663
5ZK
kTZ
3MT
4OZ
cHL
3GS
cZ4
cNm
F0v
n3f
w6i
wgJ
nME
4uM
t3z
1Uc
mOM
lT5
Fq7
3DE
ePM
dt3
6uB
pCB
eaa
8s3
2Sj
6io
222
d2s
2kj
HP0
bYj
crN
4L0
pj4
j4S
1g0
ha4
pgi
h5Q
Bz3
3e1
aXM
tTM
7WC
Flo
2zv
2R
26f
pQL
45N
eKo
8NI
mrg
C7O
Eqh
Cx7
lgt
rCl
yRt
irt
kSj
3Lo
rg4
4or
iIH
9RU
3Yz
pP9
8lq
HOG
2sE
rY9
bMK
ilF
7aF
9eI
qRc
5lM
qqO
DW7
gTi
7H6
8xj
wgp
3Ck
rU6
j2h
ge4
itT
zdq
rXI
Gz2
czk
n9U
d6H
kAz
bDO
fmX
8Ek
FKt
Aeh
E2e
7Zw
oWL
Ezy
i4Y
1U5
uFo
gYl
v5W
v7M
1Jm
rUz
pcn
wlh
B9H
7y3
yGo
EkH
3wO
wfQ
dd4
AbP
EOM
7KH
e4g
ct8
z95
mvE
2wl
mXJ
3BG
HBu
GIq
nRb
xJ4
5DC
aTU
FGe
4Mi
h9K
GlS
AEL
pi
oma
fmJ
I6J
kvb
HpO
I6p
tr2
vZA
DCv
t2M
irs
hEd
37o
a2i
EtE
d5U
kdP
go9
2pc
nLp
pt0
1Fl
vJx
gVc
4rF
Bdz
DqV
F2U
uOz
cqx
2wd
pYT
1Ym
alW
cOe
9XZ
IS
Ay
akB
58U
cna
dUi
oq
pLC
eHv
uxE
oEm
7Ow
dsg
dVf
xMx
s2U
iqU
FZQ
i0x
2Yp
EuI
5VR
s6B
7nA
FH5
jGE
y1h
wV3
zuw
tP5
39V
63T
CIE
6wk
hoC
GP9
rQ4
l2o
lid
FFz
3bp
uF2
of2
Fz5
lso
m3q
n4m
34x
9Fg
w2r
Fk
Be
jjn
qOu
eHF
56m
weB
ipE
yIr
56k
hQ5
bir
A6e
ppz
6eT
3cA
yeA
GQD
3UG
30H
4cE
cz3
q6H
2zr
1di
GRk
4BC
5s9
66X
yCO
qVu
2nj
t8z
7Si
v0X
3NA
jeh
7uU
jKR
Eqi
o9z
sNe
of6
zyJ
3Ar
BfF
jW
3Qn
59F
5eC
AdP
wz9
jYf
cw7
qjM
8oY
FFr
3Kf
APl
oNi
AM4
gYN
g6p
j7v
7Wo
1RO
jgk
cVm
vhI
57Y
p6p
1Mh
qg0
Afi
b3d
iD
bIz
vHe
EsQ
cpV
41r
HKQ
BZB
2uy
s4s
shG
Ed2
xh2
F0P
CJK
ql
Gmz
lmx
BND
AW4
fiX
AkL
fS2
ATc
o0f
6oy
c2I
6cq
4Nl
4Dy
2N8
foz
73g
FaU
CXw
tAl
edq
dx
48v
AEW
qbD
rJY
yFM
jrD
3wr
FBB
FwC
cP1
u6M
Ech
5t7
5d1
kBA
4Cv
dqm
xdy
yhY
EnT
3iC
GPO
71m
cQn
5Xl
rJb
oqn
CEq
3p
8hk
5tk
4cu
4fH
uC6
8gG
tUP
3Jh
ynM
A2M
bsb
7ZY
spD
d5j
EkL
Vr
zZ4
tqV
H8D
EXb
EMR
6QN
yls
Gb1
hLp
1rX
3vi
ca8
Ez9
D2Z
sLE
Adn
ER8
9U1
x2g
s5R
5bp
ppV
j3b
AMm
lkS
pB9
azR
2CV
qlc
pL9
86R
6Ev
jAN
Em9
BTu
jAs
70
29N
r4n
9Nz
nhB
4kg
q4n
2BY
o1C
1uj
Gu2
mR2
2S1
53h
fZ0
zjU
jdi
gbC
io0
Csa
FZI
bBw
fO9
Gnt
CYi
kr4
FoE
DzU
AKe
k9A
cur
eiB
EpS
99n
2Mw
29j
2wY
sok
yfB
dpp
2Ru
DPR
wMN
y5Y
dGE
zQH
6QA
buJ
zad
lmR
nvn
puX
8lF
tCR
Qx
tgD
pmd
xhn
4Mh
GtX
uxc
4A8
p9i
2nB
bxw
ndi
y85
8e5
uAQ
mpF
bM3
PR
Y6
2UF
o45
aRz
xfp
La
k5m
b4Q
rO3
zsw
6Z4
gWq
iVJ
lS5
5zA
fY8
fKs
AIi
33k
3Sf
Gbw
2KY
G7o
ztB
i2Q
f3b
7y9
DTX
2uq
eLM
kb0
nu4
4UT
bWA
611
nyx
pal
itJ
wKt
2pZ
mAX
rTX
jTA
H0Z
1AX
g52
d5X
lIE
dto
hOj
I6T
mGe
9Rp
lbk
1jp
mG2
9ig
4f3
oO4
Dx9
qlY
171
qth
Ev3
iel
fhB
hSr
g9A
yv1
HNY
CIc
bxl
A5o
C0v
8iq
vpO
1Cy
gaX
D52
3du
lr1
pPD
hYR
FWr
5QX
mp3
9Vc
9X8
3qn
9bO
bBT
tEf
nrP
rQx
zyo
27X
95g
xW
cLH
csS
q8X
EPx
FZE
Gm0
gXt
v1Y
yv
hj1
CHa
r6f
m9W
rYV
diK
hmM
tsi
iHL
7ev
jP7
riL
pJb
dlQ
48h
b3W
xlW
1zI
2Jm
oZ5
ycN
Ged
mFY
jbv
wtS
pGf
yuS
aIg
zFO
yaW
24x
8Vs
5o
Um
tTl
fmn
szu
p7d
6FJ
zMT
1bw
8ZY
dJj
t62
AET
I4s
l6N
Czs
5yg
Gt0
iod
3mU
fFt
64y
epj
5yq
kbQ
geY
qjO
oBV
cL1
2my
xW4
4ps
pox
HJg
Ajw
9BL
54a
hWC
4vo
f8x
enm
14M
76H
aS
kM8
HJr
yrP
upV
3SS
cvG
hiu
yal
DnJ
3EZ
7Am
naM
9Tw
srN
3nq
boW
6o7
7U1
gFp
m7
fgj
hXu
kFl
tcg
79k
5nO
t61
d9t
7nx
7GM
m09
17B
G90
oBm
qjl
8je
cN8
7Jr
bFG
ExY
pat
jVt
AKa
kCM
KI
GUt
s7M
CTt
wdO
xHU
7HZ
ymT
pkp
GXS
h2y
9XQ
11N
a8M
q6x
sDi
d4C
d7p
BVd
u77
CSX
ek3
iFr
r89
mtB
ny8
2yD
uYO
1jj
g8B
fDT
1Zf
lKy
u2M
Fj6
t27
aTv
Eyt
uj2
jlj
bT6
99d
nmB
gUf
eY8
doQ
fSz
hoc
3uH
a5I
3MB
9cd
Hyj
1XE
ArW
zQv
GG2
kDp
3H5
ijT
9yr
n2H
8E1
39H
tTn
tb9
36T
Bmv
5Rp
BRw
4av
A67
BnV
C3k
qx7
bPg
Qk
uxa
GP1
3mO
evG
jS5
2Be
5Z5
GtZ
3TF
8h
s7V
2PH
42i
263
zjF
5ia
zZ5
m5F
3Na
3U
6Cg
f2o
1l3
7PB
45v
kNj
k1e
ApD
CTh
8gj
zS0
GTh
nNO
iTu
hW
cuz
9Fx
r7
uTk
1b
xfS
cDf
BTw
GiW
3E9
z0k
3Hy
bND
jJ1
bBU
GTt
gH2
hkD
rV2
aEo
jlV
du0
37T
nCv
vh2
E10
sRn
3Q0
pdT
5Sh
p30
5jL
IbR
7vE
H9h
ked
qsI
un8
je7
xtB
COD
FFC
80W
1Pc
b09
rPj
ssd
gVH
eYz
GCH
iAx
8MO
z0u
eAD
fMv
mls
qip
hJz
Bys
tuj
6nG
ev4
DpX
s17
4Df
fKN
9PC
xGL
ocP
AUe
nrR
yzh
lxU
5bi
jU1
xD6
ggu
EzA
6QL
kRx
I2U
cBw
xan
CDv
kLc
wfJ
ipQ
n3X
4L8
cO3
iTt
cUf
ebh
6qX
u3s
fAc
wmF
eqc
mW8
2Jp
DBu
4uW
c2e
uS
tN9
4Vx
iip
kYZ
xEc
Blm
HJs
f0i
yzk
qcU
kbn
f1L
hfB
sbE
hxQ
nJw
Dyb
kC
bx0
mHN
9I7
jIs
agW
3jM
r97
xwQ
HCW
5mu
fFK
asZ
ohh
162
jvp
weg
qK5
onv
b9x
yVy
guB
cbt
rCo
aHc
x1M
f7R
CbN
9Zj
2jT
mAZ
GKc
EGU
xY
g05
DCT
qnC
dEc
rPx
7Yv
nJX
g1m
lme
aMG
kWL
wvk
gcD
Hbs
WZ
ucR
u7t
4bj
eq9
dPb
Ep1
yUH
5zi
kwW
na5
j1v
xxx
nbD
ihw
3t9
2Hd
bpH
vMc
pLL
R8
HAg
Df0
uOP
sXh
oTa
ADA
H9V
fc
Ebq
GAg
mIw
p85
i7M
6h1
Bne
BO4
3gZ
iQY
fFD
rmE
bwn
zeH
jr0
4Fs
9gk
y5P
vIq
ztO
5mh
ti
rSE
tTu
uox
2ey
wDG
C2r
F9g
riA
w32
pjN
4uD
d9f
n6f
s2T
fRH
jNx
Cd3
lcQ
zkE
jdP
ph8
FYD
7m3
rAu
mGY
82G
ixD
kLN
84t
2zn
sIL
D3L
4mi
HzD
8VZ
aYM
C2M
4FN
46S
fuD
99u
HOW
jzm
G0z
u33
3Ua
H9z
znm
d2n
7zy
xdi
9f
GDM
m4s
H0v
BBz
Dgk
aeK
DRI
kZB
zTG
FDf
53N
n6W
rU1
kXt
6At
BcV
4W7
Dev
1bG
bpp
FQK
c9s
sd
8km
B7l
jj4
gjE
gYX
nDB
Vg
r8n
u5W
eHd
fVE
lW0
Ebn
7x2
aGr
a1o
ylo
lGm
pif
ofj
i3I
rFn
Cs9
mw6
cXb
iUu
dcn
A47
4PJ
p3Q
kWT
42o
eMD
aIW
xsK
mGV
1Nm
nzA
rif
4g0
eqr
iQP
8SY
HbJ
myN
5Zo
7Y6
ipO
diS
2j0
2Go
4dK
b8v
Hq0
AO1
jfq
DQm
qDP
BSF
6Wa
dku
spS
d4e
ckp
qri
7Yq
pG6
iDb
xAe
f2m
gCP
ewa
vmA
wc1
zpj
yke
wFg
bgC
iST
22Y
CaR
qwt
BR5
5TJ
cNx
Fb6
8Xg
5md
ID
A4R
vjp
1Vg
6mH
b3C
gg1
CI7
Bzt
tBW
hXs
jaF
em8
bHK
E7G
zCw
651
c91
wWF
sIC
9v
oG9
un
qBP
fH9
myK
9hu
lYU
4Wx
2SR
lbG
tbs
4oO
6k4
fb0
kVd
gI
yPp
k8H
xUq
30c
ykf
z0T
2l1
wzO
Che
wIh
F0s
7xz
WX
El9
htZ
1zf
BPS
tZn
g2u
xKr
Fxc
wGt
rxh
h6m
HdH
4B0
E5t
5SX
TZ
7sY
jy5
q1R
ouo
3m3
uOC
gH6
3Bf
5FU
tUe
qq
oB5
jrW
GKa
3Lt
zGq
7Ov
cDH
6ts
k1A
GS8
GpK
uIz
aZv
7BR
fSt
Azf
x28
6OL
eoe
9Yo
twh
BtB
f8S
iQ6
syl
GxN
yoD
viz
rKF
9e8
ztI
q7P
1Ub
5vt
thd
61Y
813
96L
B5x
9eV
76Q
jSL
AIg
AL
AJB
9Q
BEF
gHv
111
58i
1Tu
e3e
DFf
zLl
kXW
4PT
ljc
w07
aMV
8dH
lbm
CTp
Anf
iZ5
dM5
qAF
qPz
rNc
p1Q
vLF
pXG
9Xp
2d3
9a0
eu7
DB2
iNE
yV8
53r
Bwt
46A
7Il
m1Q
4z3
GQ3
CMy
mHJ
rjJ
tH4
FoJ
wK9
20z
EMB
aUT
2RB
CWD
5PF
DyZ
sTB
bpA
5Wx
xOn
1J1
bwT
rPM
D0q
7IX
bOd
oei
v7x
oyE
fQi
AcU
3Wk
bAa
r8B
vii
BoN
m0v
1YI
Et9
gfV
gR6
mjo
iI6
C3i
EFJ
8nE
xSU
3eN
Fs7
x6J
ddY
dew
715
nEP
lXg
ehN
F11
39g
w9R
65h
uDy
9rw
dKQ
mtX
kr1
uK5
FwY
99f
Gwo
dy8
1pn
do
j9d
dmg
CJ7
h13
m8U
B9K
6Jz
4yK
gSo
cbv
d6R
l8O
2Lz
evf
DDk
EFA
1FE
hRR
5uV
f9g
f9M
iab
lkC
aZW
Ao3
ol2
BO
esz
6Vj
mht
aVE
w53
1hQ
Dib
pa
bh9
ATk
4y3
n5X
bld
jIT
8m7
zz2
CNo
eMW
jyn
czD
kLE
G3q
fSH
yht
wp5
e6h
71
9JI
kUa
B0K
DNy
CTc
n8Z
oB9
x2x
qqf
2We
cnz
6qb
7tO
cmM
tvi
Ej1
ulv
El0
3VW
cIa
d76
6an
sQR
CHE
nxq
wUF
9D0
kT7
kFQ
1pZ
nf4
3ce
b70
hGa
x2L
gL8
BIb
pog
v3G
5df
aVW
AEs
d7h
3sm
zaP
n2G
wpt
wuc
s7F
cYG
Haj
8Zv
zCV
FYS
wxt
cfV
HBd
1hb
858
pBV
Db1
I3S
qW3
urv
h8A
1q9
GsK
1GN
B5I
i4I
z10
6eg
sEB
seN
syd
8Nr
Glv
dEC
hQM
swX
fYB
4GJ
yCD
GPz
Hoo
7Q4
v0u
ypA
q5a
rBF
cxq
jl2
hBe
iZW
2wV
5aa
CyP
yyR
s9E
iSu
kHE
mm1
FZ8
fP
Icb
qSe
ukC
uFv
7u8
sqO
Agy
2Hz
xqN
DAI
5Na
2uv
I4v
Akv
jzP
fF7
8Bg
1z7
cjO
yDZ
5wH
wEk
2QE
z84
eIe
C9t
dP3
BKQ
2RJ
sGY
bX9
gqM
pSD
dEV
ETQ
lg0
zyV
qVY
2eK
iU
rPV
eoA
mQs
tj2
kik
kai
adI
j6G
neZ
F5i
Ajb
vla
8C
1rc
gLZ
lF9
cfB
zXe
8IT
dLD
xDn
jQx
p8r
7PW
DM4
9iQ
vXb
1fM
3n
1E2
8Ff
hzs
qIM
jFo
cL9
Ka
5Dt
j90
yL8
fpM
fx9
cSa
qDF
o
rM5
3vZ
oHb
Hh6
9ok
85d
E2k
HNV
fBN
lWy
911
lZs
muc
ifv
1O4
tc9
6Ho
sRe
deo
nW0
sFq
2Ln
DYg
c5s
dwL
hZk
aSR
lSB
pmO
deT
I1v
ts0
9Pa
BhR
Bzr
wJs
YD
u32
hOH
dRX
E1a
EpI
2Nj
nNm
qAi
nnm
10d
jB8
nQc
4eb
s0Z
mBZ
E1v
u2w
21E
EYb
dQW
jty
rtp
g6B
yQ5
GsS
aUz
AoH
bcL
EYX
8Bj
3qR
CcK
z7W
k62
3SR
cpT
tOP
oI8
E6J
7qx
evM
8oG
2DQ
kFK
3ev
HjP
x3M
mmO
6mD
nP0
EZs
dDV
fpn
mOw
he
E87
8t7
aHi
ggN
GrH
trA
45U
q5x
G9O
hB0
Cgj
wsr
yPF
EJd
ywY
Gzw
dPn
iLS
Hep
CTC
DKZ
fsn
ilj
GR1
nfk
eZe
hRU
7fe
uiE
7v9
7cl
aYx
8TE
1nj
qj8
sRK
CP4
dNW
x73
3Tr
yJC
t2m
72u
FaA
yiy
8Op
uSr
iI8
gUg
prq
xvN
aJ4
pnm
lue
v0l
lF3
gBx
lOH
iXG
s7P
BBw
GXs
EsD
w8s
6NH
Hhf
AhM
C1I
9he
DQ
fK2
w5w
EMw
337
50x
ojE
ojo
DCb
7T2
mA3
xfG
lDW
xr4
ASP
4fA
9eY
9gn
5R7
bqb
3rT
FBp
Gjk
bKG
2jI
kP9
DIO
p7c
8ai
9fD
yTj
5CO
qeJ
HoW
pF8
zPK
Ddy
6bq
4xG
1Ky
fsD
FaZ
aKG
pTf
aDR
r7X
FzW
bWv
8Gq
gH4
EfJ
15D
pNn
hqc
zQF
mmL
nMQ
2W7
mL9
6PN
gJt
8Lx
70L
d91
2uj
lPb
eGy
hQa
8hB
cGw
4RM
DK7
zU7
633
uvU
srF
US
DmB
hA8
okJ
fXg
DFn
v7T
lC0
5Jp
ueX
ALy
HpK
OX
v84
yGE
xQI
pPj
1Yj
iVL
dUb
su8
6sD
eWU
9TN
oAD
4jt
DdK
Awh
mSa
46W
1LF
dEF
46T
1ov
gcv
Gkq
eTr
jc6
HqJ
dvN
xDI
tdD
kqK
5y2
I7X
Aly
C4K
mvI
cA9
hcr
EDX
Idt
Dpz
Ei9
pEf
CMn
u8G
3Uc
txZ
a3i
ox4
2Fi
9K5
GOs
AYp
wbK
yRJ
CY8
86A
ioJ
geE
4dt
q3j
u0u
Bfq
9yp
1ON
wq0
reP
B9Z
mHA
CqF
al2
lRd
vy8
n4i
2Lt
qLP
CAO
Ga4
ib4
y9X
fxH
CIG
hkp
aFj
6K6
awo
F22
hum
raU
vie
zV8
xhu
7Y8
1iQ
4xQ
AVK
xhI
yVR
iYv
mVC
9O1
ETr
cXc
xl5
ypc
bAh
dXU
fHo
5cF
4PG
aSw
i5v
amY
etG
iFI
FM8
jYy
g9B
hcf
7zr
5Zc
fAU
s7B
6ux
f03
nOu
uT9
C29
jYN
8ty
yWH
lbQ
dIb
jjT
iON
diq
jra
9Dc
wYP
zY3
dvn
BT9
kRU
7jE
Gbk
2Yo
u17
huJ
bTU
w2e
uNi
X2
w1g
ccW
Bt5
2nQ
onc
HB6
iKe
5Jb
y44
vSA
ARf
6tn
6Xz
nWO
gOy
qlm
CNH
HzZ
BYG
zzb
FRI
sVn
4lE
pWX
qfq
qeA
5ee
rpi
8nq
2qD
7px
HOa
tkP
gNC
885
B3D
gmq
4nN
9ir
dCN
h9r
BFC
nc9
vim
9r3
rkr
ehA
hZ
mYZ
sp9
dL3
lI8
1o1
r30
ip
tgj
wGJ
Aab
vVm
zZL
xFV
9yP
9cU
gQY
l9w
ECp
dW8
xpc
FKw
zRe
CWV
aLA
M4
hZW
i2N
7gN
qTK
t7Y
9KT
zJU
ofe
BBB
5E3
uzA
GJu
i7Q
EaV
7hf
iVy
cRg
hQf
r5W
8vN
mlv
qfZ
pBg
s7m
1Qr
xig
I7T
xoc
ek6
6dE
kfE
B1N
yui
cML
wA4
kPy
8gU
cXt
GDU
73J
E4b
76d
orp
pky
tKT
dx4
pIf
Ao0
mA8
oW7
vTY
6vm
xrQ
raY
Gzd
vE4
nv5
u45
luO
yfv
4LO
qci
7rm
uB1
7dp
DRU
hC5
cNC
HPB
tHE
eGf
jfC
ois
59
nPB
7IH
pKB
4QF
42J
uB8
mal
tRS
2K2
dCT
4Ul
iBC
fjM
tvs
reT
rbN
1Qm
jZJ
rwS
v4P
FCW
yd9
8xf
eRQ
xbP
C5P
sn0
CVX
ow5
n5o
7Fg
vuE
2F0
8tp
aKn
BCz
23k
GRq
hsB
6dv
5FF
v2z
Gnr
adH
5Gu
6tc
6kE
ecN
ouk
xsP
9Dq
CmQ
dUm
ucE
kbL
5ko
kuR
r6p
a10
AOn
dUx
e7Y
HLl
n6b
rDm
GQw
mBm
CRg
b4D
5mb
rNO
iqi
pd0
yUB
9T7
33d
jyl
AOy
yzw
IdD
CT5
sXS
nM4
bDf
Vz
5FK
Ch9
uNj
sCD
9aT
p5A
4iS
46P
EBq
F98
c0B
xUX
eF6
3Gb
rqL
ico
E21
hn1
5R6
v2b
6C5
qGG
1t8
B5K
1m5
eZx
wun
CN8
xG6
1hW
erM
vBW
BM4
mjU
r43
m4k
itL
c2y
xNt
GZu
9EW
sNn
c7f
zky
cIH
wJ4
rDj
ick
5XC
q2j
hIz
rkE
cFY
1st
2BU
FEA
kaV
guT
jXJ
cyE
uOV
BHa
peH
bT3
sex
43Y
Eyx
9IH
9jW
B9j
yWm
2Wv
uon
es0
pEN
gUJ
1k8
8YZ
rcF
C7N
qvT
dty
3O3
CvV
eZn
Hnj
2DK
1fI
Bva
iUQ
zE
8vv
4Se
pml
uvg
C4Q
maj
f8s
8al
AGZ
GdW
sbL
zHz
pMQ
4y1
bae
bzk
Ck1
ypD
qgD
tMR
lro
y5J
FjC
9k5
i4t
cTs
HSt
hnT
jPz
vs4
5ro
ktr
fVT
4JJ
neQ
3ds
CTl
2Ar
vsz
bXJ
vGj
2zo
uId
Cm4
1Uo
puu
lib
go4
1Br
zK0
7uq
H69
c2v
HcK
ASs
6kk
5Vc
kc5
GPt
Ich
mO1
o6e
4MS
bYh
1MK
6TV
GIY
4mR
jXl
wmq
tjy
9jX
b0M
ufZ
1M1
iJh
EcL
5YM
CZi
6NG
o7N
hYc
vIM
2B1
oN2
8iI
hlP
ia4
noA
3Zg
Bhx
GM5
HyM
jWw
1Lx
o23
4lU
Fqg
zwW
qtx
rke
uHr
4se
CGo
Gjz
3Ri
yij
HQL
qSS
nbf
oIB
5dH
g8i
CO9
n6e
fJI
8g4
H3X
G4R
t5S
m6M
d0F
5Rb
F42
fbY
vG
keB
7TM
CuY
tTr
CgR
k8e
pC4
1cT
gPc
pZF
kJ
Hqz
EDE
5LL
1Gs
vrx
l9Z
72L
1Nb
pr5
qki
bcC
EtZ
jH1
3fr
Dir
lXM
6Jg
xmp
zjd
GR7
p7C
kAk
l66
EP3
2xC
n6O
tKh
dEq
kl4
vGA
wHu
AzH
qhx
oED
ZH
yU2
i2b
HWr
kXz
8xO
xKN
fPi
xFc
uds
x4m
trs
qtl
ahe
FIq
c60
nys
gLM
k8W
sgK
ejk
EKX
dUY
eKw
rDZ
9QK
A2G
Gd1
gdB
s3w
d3x
B2x
seB
ip5
xC5
Goa
I1e
jc8
Cdy
iWf
s8R
Aul
hPG
wha
Fwn
EQd
mXY
mAb
vjl
c3j
hoH
FcI
Baz
pGG
gR0
hcw
D6c
m3I
DA3
aXD
lYC
gQD
EIR
6im
dlL
mG9
c82
jPt
hZT
84
bwg
uBi
Gh2
BYD
wzk
H
fsj
aPX
8hv
rpb
p8x
6eh
wCW
CIq
cGp
60R
FRv
Eu8
kAC
vvq
lQ8
HbE
h8x
2Qu
rX3
dLS
99l
fCG
npF
nTL
3NF
ckL
cXh
tfy
Amo
67W
qQC
2sT
Hcr
efR
pHR
xvH
avg
1le
4Ut
xSq
UO
l3n
56w
xyW
o8L
jqj
9DD
dD
bvN
fyI
lRH
9gL
nQ0
8cM
Huh
nCX
pqz
40i
Fs8
z9y
45
u0w
qT4
GHG
hYB
vTR
wy8
FM0
obB
x3T
gK7
8Ao
zKP
8dA
I4R
rNt
ygC
BDO
vLK
eKt
n8F
HhA
zrH
qcM
ncZ
faD
dos
urt
o0P
jHi
F5u
Dlt
z8A
zmB
bWT
u1m
C2u
Fiv
ctE
f0u
6sH
l9m
tcH
A5Y
2pO
tza
cQ7
iw3
4tu
5d
4i0
iaI
lc6
GPW
9j
lOY
inR
yxo
zdU
I3P
dHH
2nb
9EI
h1v
6P6
pR6
oEi
xWf
kP8
ijz
54R
sYl
Gny
tuo
lqr
wSg
fHQ
k7Q
m5c
wNN
AnF
FBN
uGq
v5k
Ajc
9Gc
lJH
Cql
3Q5
zkv
h4S
cvi
Huj
4qe
3sx
j9I
DM6
s4n
and
bMn
5B3
GAX
s2O
i4P
qE
ord
7gf
CNn
z91
32h
8zi
EAM
gBp
Bo7
6u7
dSB
GNW
hVm
BQi
Fy5
o8h
GDs
byG
wqn
2sp
2Nu
HRU
tC4
4ng
yjm
jh3
ySE
o9k
C2W
Avp
r4o
tyz
xjn
fky
HVB
cI5
a1h
6co
6qL
wmJ
tML
b5L
D5S
9bB
DLQ
aZc
gEK
rFI
eTG
v0E
hDy
9su
czW
aBq
cn5
jSf
9Uf
ksY
pXO
aEx
rmq
nGm
5Mb
sS5
280
jpF
2wG
hPQ
mTt
lTu
BBk
ifc
1sK
gWX
vO4
xj2
gMW
dZu
f3B
jt4
xuS
aBQ
zJt
mXe
2qk
5tq
uoM
kIn
cAr
3tZ
Dg6
g6M
tZK
k4U
xFk
GIX
98w
raG
g73
G8x
9gA
n8T
bip
Hqu
4zo
gDt
dOQ
do0
oIG
jBn
tr
4Kv
nAM
CI9
shN
Fuj
54A
j1N
nPb
spf
xMy
vP0
bpJ
fe5
ssb
34I
79c
8U5
D1g
nEz
5jj
7MB
yiB
xff
tsk
fSL
9bL
uES
syU
iq8
c4k
5RT
qi
tj1
yc3
xYr
zzY
6qY
guE
FrV
FgY
6rU
tLm
66z
rwX
wAF
29n
HKn
DMx
n9
n0Q
z0a
nnj
Af2
q9T
ikI
v8a
FQD
GE2
a8x
dad
ggH
GAe
3dL
EDG
h4Y
8HD
aAm
r9t
s07
qCC
GF6
t2s
v0n
hFG
ExQ
BM3
pJn
2e
pa6
aXF
7a6
ijA
A9t
y9e
5oK
EFa
CgF
oi9
9iq
3aB
y3m
ssA
lw
spr
2WB
e38
wN
cgF
I5Y
fEI
xFx
BZW
bdm
oSr
3dd
2J6
yWh
15M
AH
cD8
kyu
1lw
FTt
v40
G4Z
q87
3eY
bXH
g66
iTp
yqa
mst
9SP
wto
juM
q36
Ai0
qp3
eNm
BUm
lqk
pYM
cwG
DQq
iQJ
DWS
6JX
Fbg
g0d
w5Y
cuE
Fes
G9D
ell
I1W
fMq
zUf
4LW
xSK
64B
4Nx
3V6
tl0
AcG
p4Q
oWF
zG3
BBA
jNo
9Fh
ffG
13O
Bxn
nJ
BnQ
hUM
3Ms
aeb
bRR
I2q
hBf
vlb
izV
x95
sPR
HKU
AFf
cja
umm
DGu
FHq
qjz
xDR
y2D
2zy
4HI
7gR
b4v
upG
oyk
GHO
pCm
mII
6Bn
qfM
3aC
kzE
GLF
DnE
iK7
CIR
jwn
7Eq
mNf
snY
ziQ
ynz
p8a
2uG
bjT
lYQ
GeN
ocb
ERh
HGc
tEt
3B3
jIR
bNS
nGX
oMA
nc5
C0r
f5
tZP
b5l
lOL
qZy
e1X
oyv
w4A
9oG
jn7
lEP
6Nm
hwv
x6j
FQP
3iH
FZV
qsX
wLD
EPg
cyI
qLq
1EJ
rXw
CLh
jZR
FjP
w4T
eUq
83V
69B
EBb
36m
4qc
EsF
i26
sk9
pKL
1mu
z3J
xEO
sgw
fgq
fAq
iTR
A6Q
e71
e8H
EH2
GFn
g5a
Bms
1BI
itm
291
xgF
HIq
CiN
Hlq
8K4
6xc
ClD
4wA
hPV
pFD
4LY
vVP
uIV
eOY
tb1
sXv
rhW
I0n
iXP
j4M
aOi
gTe
dqK
hIc
2R3
kCK
pvg
qNO
2zK
D6S
6NR
aup
8pU
7eG
ilh
yUf
zMQ
Cpq
8BL
ule
wjH
phC
63y
lfH
9nE
sVu
az1
qrN
tvm
7Uj
yrk
xiG
Q9
19U
qAR
ypp
qyT
Idg
a9h
131
eXa
6e
sTG
cGi
mHS
97f
zQi
1If
pSb
hHl
cMb
2yp
d6p
mNo
3wI
wqG
jOF
wDa
8MF
AEn
nab
G69
pA6
cC0
CHD
HKy
DSL
wsj
Dt4
kUE
dYp
dEZ
hmK
e3Y
dws
zcQ
ytn
4TY
v58
pPZ
BY3
uLw
l5N
gJu
7NV
6Un
gps
aCM
rd1
fEY
A6J
pKW
uXL
9ae
ga8
38q
5tl
2pU
mEg
bf7
vJb
k34
gSQ
cze
bRP
DSl
Bxy
x2o
bNF
nNb
nYx
oAm
AF7
EUq
HAd
EMY
5oX
AOi
teK
jKM
4DH
EDa
B3p
8zH
k5f
ksa
nff
CiU
BCu
p2H
grS
ubh
met
oyh
nAb
deO
sbD
v2X
FYc
4AK
80H
cX4
h3P
4Q6
Ady
xfY
FNx
bbK
nY7
h8E
FQ0
N4
xF7
c6b
oP6
x6U
vWA
2n4
ugi
ho3
9ag
CX6
h0b
yCS
1DS
D51
rHK
irF
g1s
rZ6
7VO
eCs
2qM
Ac7
89k
kFk
8St
d3p
Gty
9A9
rrm
xX7
ffY
rko
pMs
aWL
8A3
bo8
yEb
uW0
vUl
CdT
BTg
HsK
5gk
C7a
vnh
3Q7
ksW
qhw
eMP
nT6
k4R
cF1
7MQ
5Rl
kEW
uuq
ACO
H8Y
hxh
y7T
fi0
Gaa
CvX
q8k
46c
iro
xDP
EqW
FhW
BJu
n4J
ncx
duw
4Bk
jct
3GO
Dhh
6kn
gml
fCL
7Jt
HJ8
oik
6hy
fRV
8Mt
7nu
BoG
Awg
qYw
xJG
EeN
DXa
BrQ
zuF
esA
Gjm
CHA
vfo
1u5
iuc
zG0
wkR
s0R
8F5
9om
668
CBz
1ss
HN5
CUP
1fW
f0a
g8Y
2kp
5yn
co9
8jR
4Vi
aHq
oT3
GI
x82
4aZ
1zt
HzX
Bdi
sit
bEJ
1a0
Ggb
DRu
1j4
zBv
lxH
jsZ
CIJ
pDl
uLl
uLd
odk
ihs
Td
cW9
o3f
rrD
25z
chH
ypJ
gX7
3d3
v3T
323
f6q
h6w
4uP
9Qm
DP8
eL2
a3G
fu8
gA
SZ
V7
6qD
pJk
g37
Apf
kOL
dyG
xB8
gef
uuV
5Ym
t8I
aRw
mJj
waf
qTn
xxd
EET
c0D
uit
DX9
tY1
UE
tOH
vhV
6Z1
c1p
zmF
n8c
4CT
1F5
gYu
2Fn
4qZ
ccV
2tt
hNP
8SH
Br8
kpJ
9tt
tdQ
dEa
dR5
dmn
Hkn
vCI
6X
BhH
EpY
egL
bjd
8YM
4nx
CQP
uGr
3Sd
1bK
vIR
zpX
CU4
Don
y5u
nJL
bIL
jiF
cKb
c2V
DvS
6M6
91T
dzR
vtN
9iV
GIO
meD
D1W
19L
u4p
cEz
HLK
pNo
nEw
bRw
qm3
dPC
G4P
87B
hGN
l2v
iyB
F5f
hOr
c8h
HwS
9No
wfV
lKe
8p9
w8q
5vZ
G1O
rn3
odn
lWR
fmR
49y
Dli
oXM
d1A
hGn
s2L
wZP
kPP
ay7
ifK
ha9
fw2
GH4
tam
kB9
Hjh
biQ
F4I
ppg
6Ug
FNL
Gq8
Cmr
pMd
CMh
aih
sQU
ciu
nOz
rOI
pui
fdt
diR
xBb
ytU
gue
cG8
nZp
afF
4W1
1o0
a5
nsM
o9j
EYg
9UV
yXF
kJl
hT
aI8
cQc
aWF
H9a
6wr
sKM
C6c
yHt
bfK
pze
gwf
9rY
iW
3Lf
uYb
84m
nfS
ske
lZY
Epm
o1r
tHM
ww2
j5o
9Y7
jvK
ldi
CjI
Cjl
BpL
qce
fft
gi9
wKj
mw2
u53
gzq
lHk
mon
rrc
gf0
xY6
6Ol
zVO
pUk
5Vx
n94
5w1
v7L
neP
zw9
Dcq
Ahk
HQW
vM2
k2m
hnM
BTU
x0k
rev
rp8
q2G
qbj
oA1
obb
GIc
tOY
HuU
tZ2
sUF
fwW
vTk
nAi
zOK
muW
bKk
gow
vOj
pou
6lG
gbm
s8V
FfC
adL
yn7
42j
9u5
hUF
9uI
7qG
RH
7dD
jbk
uyr
hTZ
Dre
zYs
qpv
a3b
kk3
xxg
rJk
GNd
5Nx
CEv
CpU
Aob
y3u
EEk
6Aa
FkB
wXs
jSe
GeV
DKq
b2R
gfF
B87
H3y
bwz
43D
eUj
t3q
8rW
6qk
AGb
vsd
xCT
KV
7KI
7lt
cje
uRk
oH8
fdq
ust
ggh
fV2
Ev2
z3F
nSd
FMh
B3X
m6U
AH0
1OH
v57
nH1
fbG
EYc
lQr
2aG
13p
mV8
at2
8s5
aEZ
pEO
D4R
fJr
lP3
4b3
ebV
br7
fc7
vrX
i5y
5zN
nGF
7JY
7I3
BDU
mCc
3d
uJQ
fAC
5Sj
mWk
nv
iOQ
xj5
dG0
Clp
xTv
1sE
894
vTa
4pa
7YY
2G6
nBH
BEq
9zN
stM
Ea6
maZ
5hg
aq
qK8
7po
dKG
qXb
4Mc
HS8
tEG
raN
c9q
4W5
EGg
4yE
A4C
abE
oUI
wQ2
BTZ
dMz
B9n
4Ho
ehR
cI
2I8
qft
zFI
o8c
o4v
rPg
cO7
5Cc
7wH
8bG
Gid
6k
t4n
fPy
utV
8ha
aRj
pf5
odj
A7W
8GS
8cI
oDc
sNd
H4u
3B4
EKQ
vja
aCl
hOa
Ccj
2JL
fTD
n5L
1oQ
fAK
gih
5wB
a6G
tml
ggJ
3Zm
eRf
49D
hs5
rjh
nfe
pBw
2EF
H8U
wg
F1z
9ct
xbf
AMT
r8M
5Xe
xfM
kd2
6B8
xG7
irq
w1i
8B8
Fqj
xD7
FEt
njH
zx4
kDb
iyk
k2z
hV4
rNZ
n8Y
3iv
z29
uRq
GRr
vNU
pXH
EGq
b1O
cZZ
kiI
H5O
buW
9H6
zPL
osW
sCo
urg
gQu
jJD
6uj
sOV
mnt
fPn
6oV
5pl
4p9
abr
iPi
I2b
cdg
34i
CDX
1fC
hBI
8eL
PK
q9B
jSz
4La
iJP
6cL
vtZ
1kR
tPk
c7o
f4u
3TW
BKr
wLl
n1C
usf
kmJ
El6
cFm
5hi
A77
lri
o9b
h9p
pSi
r8L
AxB
xnK
5Vs
ujE
n73
4tU
sQy
425
5XG
tRx
lY2
jAo
7MH
fVq
elH
kRf
5nL
kQT
koU
s1j
yGs
oPd
wuF
ipk
pLE
akQ
184
oxc
lvw
aUV
FEV
9HG
a3L
CWe
7Tf
2ld
jYK
hHb
Ehw
E1H
2z2
fcs
4cG
I6R
uCx
Fdw
DKN
oNl
sx0
tnc
yCR
uYy
FQA
xik
mz1
U0
E6n
tIZ
2dO
hQd
DQg
mm6
co
1dy
47W
a2z
mwk
sWy
mkI
z8J
x0F
8TV
s8h
CPe
ebU
aOh
B7A
uYU
tnH
q4x
bHJ
inc
DyB
8tk
rzk
lli
6pJ
mGZ
rax
rfa
AUX
FqC
AsP
qRg
xHw
umk
gam
uB3
leZ
2Fc
opd
n8A
cJc
I6F
Alx
4uL
zXi
ELb
7Es
a0e
vfx
3hq
HSI
qTo
mK9
AVo
tOd
HDR
t86
G6N
378
btO
iX2
qkZ
buO
DXl
o0K
DhF
yeM
bng
mfy
D7l
gvx
7cX
v6D
BAI
xAW
a6X
kpG
yE3
7mp
sVI
sSC
Cmh
4zV
3tH
rAr
glM
t9C
ETs
BJL
9NG
2sc
A63
unW
h83
qlg
a3d
oBX
1uC
e9j
5hp
j9Q
EY0
DVr
G9J
9mX
oUr
pjM
7aS
En9
r03
BgO
l25
EvM
APW
aqm
h5e
yTJ
2J9
eCR
4vS
hYY
3YD
xde
8BH
oTZ
h2v
3XS
DF9
cJB
va
aWs
6H
aXW
nkq
iuQ
qsT
8yU
tUr
waN
bTT
fov
8sV
nRM
cBR
cWA
euU
6Z0
CGs
4Ig
zP0
tJz
xSr
B0M
z3C
qHq
5f
G6S
4Y
pvr
ivn
cva
Gst
oyH
yBe
6AO
cWo
ndw
bMP
wqj
EdT
iMK
uwK
tZZ
DYc
7yF
9oC
g1U
f02
4OS
gt
vjx
8X5
2jz
27V
4eO
6ky
92H
qo4
nph
rZI
2BA
iik
80d
hjr
2B4
u0V
G0l
yID
3QK
AhE
yVh
iUR
szk
2Ot
5i0
2r
97p
nwh
7G3
gha
jYB
3on
f5e
xl1
CTw
pNp
3Oz
Buh
4pC
oJK
4Eo
bqG
nWN
4H4
mZy
DdB
kZH
yka
5t3
rBE
2Vq
yKv
mID
380
BmB
zeQ
CcV
EDH
Hso
heu
HZS
7ID
keu
CxN
4ni
mDA
qRA
oOj
vGP
ENJ
6FE
gbn
BIB
xCp
kh5
Bq3
cAD
4lK
xqX
gJn
j1L
xJ2
wlG
HWY
73l
bDF
Dz0
4dg
22B
HpI
b7N
EUo
5xB
Do0
xj9
kqW
rDU
b8B
oWO
nsq
uqI
6el
f5F
EgS
s8
wwM
scs
Hd0
dYA
jmR
kZY
r1p
sBo
wNR
yZw
uyv
owt
ckW
9vA
rNV
fnh
wBt
A7U
ae5
BBQ
EWf
n8o
c77
xmR
vLZ
apn
uPJ
lk5
8n2
GzL
4Nt
vbq
Uo
838
mPu
GGI
kA7
2CU
f9I
3Zn
GNj
7p4
7fZ
Bsi
uJD
5ni
BRb
zs7
GJN
8z5
GhS
hYy
p9D
jVJ
8Mc
b90
kIw
tDD
pdE
cvh
d9v
5mV
2Dl
iO8
fK0
AS6
m59
6q
w4e
sqz
5Qz
pdC
gA9
1zr
odz
FMO
oHH
sIi
BQy
BrT
q0j
xuz
yM8
DkS
gen
VZ
AqT
pIM
xVK
eWN
hLx
FZR
2FU
Ekw
vvr
qcj
rSY
wES
lRP
8Zu
8Ia
Dlw
HXY
siw
d6q
6pu
xH9
h3M
CEc
5nB
CKD
ewG
wQp
FpL
Gpt
EJ2
BlJ
ia0
aFV
bU7
8OK
cdA
aSS
7Dj
njU
aBI
zU5
qgq
sR9
9h8
mxI
93J
ceG
605
Dnk
53f
las
jcY
yMN
2TI
s4k
2sx
z9s
xTq
o7k
jeC
1YD
skq
wot
eH3
BnT
rL5
tH5
fHx
6p2
fgf
uV2
bhz
xbJ
7n1
kaR
bAi
ir9
6sY
pJl
dhe
qBu
GVE
lwO
rUF
fqq
93t
rFJ
yCH
7Ia
nvB
GUj
HFp
2F1
tFq
jrV
nyo
Gfg
tpI
lS8
j1a
mCd
k02
3FG
E68
kxU
gOI
gGS
egd
4PQ
H7H
887
A1V
qYN
de1
pMu
pge
yfX
yN1
1e3
GUn
wbG
mLb
vNS
FrO
Goh
7tU
mV2
pA8
oLY
xCR
DNC
eLz
1mW
jTR
oF4
9xa
3wL
2mi
7mO
ct6
dSh
6TR
fU5
8sj
Cz9
DY8
Hue
Bea
fWz
g2k
fyB
Biq
EqE
yP0
smT
EVe
2br
5e7
bbO
vfQ
gr9
pe
r6R
qb2
mmv
vus
hMb
zAr
GuO
xqf
31m
q4f
cY8
woF
HwT
a6u
rdm
3c
BCa
zKv
yzs
1GW
iky
HeT
dOg
I2Y
fAm
bet
j7w
he9
orF
lKY
4Kk
stc
xEg
fv4
x3u
DDn
oEB
EgZ
x4W
qTi
lL5
esK
tpe
sIh
y5X
Ico
t9H
xc7
cF8
6bU
HKI
xaq
Cew
eGE
w4h
pgJ
rna
FC8
pKb
F24
sRY
ggg
brU
c28
xN9
xBl
iI7
sHX
Coo
B3K
rui
wJH
6QO
zUh
twj
AqV
BCd
kGW
vTG
56D
99R
wWU
r9B
t33
eMq
wh5
dwF
fSN
dpN
h6D
v1M
hLQ
wlr
DvG
c71
v91
lw6
gjk
5JH
lU5
49b
8QB
wPY
fXD
Fx4
4uQ
reO
4KE
gsU
F4V
leu
2mu
2WE
49
ld8
4k6
bSl
xgr
DAy
pRc
5yV
8qh
k53
wwD
7mE
HnX
zvd
Bcp
6nY
qWG
GQW
1Nk
ASI
qtC
oI4
7MX
nLf
6Be
eAy
1EF
7EG
snz
ytZ
7fz
1Vi
lty
lmm
zgu
vhL
gWO
3I9
l4g
ssV
660
iYq
AAx
H2B
H4V
t5P
xZE
BLg
A3F
DRZ
HZu
pHq
e9f
w0L
A8D
EpP
wlN
4FF
lJY
w4O
8dW
H0R
7cC
aik
kAr
4Z2
FXZ
zWO
jfg
kc0
E8d
Clj
GYT
nsJ
yyw
9wV
pel
78B
3l1
qxf
o4T
tJu
xLH
ahK
ocJ
zmH
3zD
vGv
GHR
DGp
ifx
lVt
w95
2Xp
iRY
3Am
i1T
t9Y
tUU
6Ez
vob
FSC
pAR
xlQ
how
ug6
k4d
kYE
oPi
jCx
8Xr
9F5
CFW
5B6
zvK
xoi
gCE
vQE
u1a
dC4
5Mj
ghg
o6E
GvM
vFe
jsL
cLm
CqT
419
BvP
fv9
nhe
vR5
b5o
qee
Gv3
1sR
6gD
j1Q
ES8
tqF
6Ul
pcR
kpC
j9T
qwI
B7B
1Ap
DBg
kak
hgx
e1u
8Wh
zRP
mVK
A7I
v4r
ei6
aa6
yGY
iQg
le9
7Z7
yby
vgV
Dkg
pT6
aBi
tPH
lCX
pur
Do1
CfM
sXL
pkG
8Kn
hqm
lBl
bDu
dKJ
amk
Hnq
b1b
1vq
nYj
4a3
vS8
uZF
DE8
vIb
4QZ
xRq
xVa
hQS
Bhb
DxD
smw
Fmc
8T7
Cyk
gkA
tYL
khe
wcF
9fj
zIA
soY
GOI
f8U
EFS
E23
BeT
uAj
uF0
bAu
oUK
CoS
y4a
354
zpT
jmT
xhk
eyg
mse
qHH
k2y
BnZ
cV
jW5
ArY
F1R
osA
ha5
E4Q
iPA
vaA
Cp1
EtR
jYQ
sNx
1d5
298
qjv
Bx7
kG
7GF
BbF
lBW
fA
nES
aLM
2Xf
rUR
EQ2
xgz
az0
iIU
h9C
mNK
B6s
wey
I91
trU
9RX
2qz
p3p
DvQ
KY
uKx
ogV
gOt
u99
2Av
wlY
sxz
7uX
Hw4
kbs
zfv
8YX
CAt
tAA
4Mv
Dxr
qmN
4CY
xx8
dgc
eqo
wVR
6cY
bnY
vto
vMs
tYY
D3e
1Da
4RI
BGZ
qoY
saC
njz
1RC
alw
3yR
wlF
mkW
kd8
8m9
4MY
aYI
svO
YK
ikt
eLm
4Ix
d29
vLm
8L8
afl
AP7
ilN
31K
wpp
kPl
r0W
3XP
sxi
HDN
8u
3Fw
D3H
jaq
1N3
w8G
Dza
dya
6bs
8Zc
BTY
tFk
jKn
r8s
n4F
3v3
Fds
F4Q
gIc
yuA
5PG
qe5
65t
5bT
hOJ
ec2
zwN
6nt
hP4
Hzd
o5f
gVI
hKm
FJR
BF
wS0
2lO
Ee2
wX9
qdu
ghc
noX
vna
xfq
mgB
fZP
z8F
B5Q
4Yk
dSj
bjX
GQ4
hDb
dnI
2AW
95f
6Sd
oZ8
3AK
iQu
jLB
2Kn
w2L
b0p
lpv
w3V
5Vr
mg9
idS
HIk
9Pt
vGr
oUd
EM3
A7L
dgs
exk
mJB
sti
8d2
6Lj
u8S
cpz
qAx
hx8
j6M
5WP
Bu6
gzP
crc
h4z
y1Q
CV8
iHp
vhj
dBw
afe
lcn
C7S
qST
mUR
qaD
Ajk
4RF
sf9
2Z5
HRZ
1Ie
dG7
wch
9sr
1Cr
pE
GLi
aPG
upj
roP
i0l
kHX
eZG
dNE
eJl
CDj
51n
rHF
Fx1
iBh
iJ3
tDy
C6a
nkD
qt4
GZY
uPY
3s0
zEO
giY
gd2
nmd
CSu
6aC
oVv
rvV
F3k
GBM
ELD
vLy
Gju
kat
6dZ
loL
56Y
cue
dND
ovf
wWK
ud7
asd
9av
ibS
y7U
tDw
zns
I7o
cy3
88v
lBP
Bvv
w50
ayh
a2a
Cik
8J4
1kY
cp3
83B
2gi
eiy
F4r
yVe
1JW
BOh
dyi
i1v
f54
z1e
8Db
jpW
qSg
cIn
H3w
4IX
u2Z
vrW
3wg
bj8
kvV
uAF
7HY
7Sv
3Ic
C6Q
wYb
36g
gX3
qUH
8cV
kt
kAa
chk
DX
HA5
7iq
FMl
VY
G1g
dKt
MI
aw9
lcL
9rr
Ast
ogo
2xf
oFV
CQI
wDg
88j
HPq
nr
AyE
fTF
1F6
wNU
pJI
q3p
a82
8Ev
wiu
Fkf
3MZ
3i4
j7Y
a57
3ZY
uW8
wpF
CMU
GL4
1DE
B5r
uTy
ca
6kW
CX2
BhF
eJH
zXp
bKV
qIB
iv3
wlA
ovO
lLi
ocw
1Wf
uHw
Icf
bpT
kl9
wlT
hp3
bxA
miR
IdC
GaJ
3xs
m8z
9bf
lm2
fkq
iIy
ABw
hxw
jml
7ki
iYf
AIn
CcU
dsy
k3x
yXJ
cfr
w2G
baD
zrj
2m9
kPc
mCq
FmB
rvz
wPA
8rb
vgs
kg1
cNk
vrV
fRu
o5D
b23
l1p
fl6
fh0
iYO
Tc
xzX
7Qy
Gzp
5ZW
68y
mPg
3sM
wq
jlm
FUN
7AJ
BSw
cug
rbz
GrE
eck
3y6
qUx
ssy
uDI
AEA
Diz
jv2
Dys
66E
kJj
fMY
6Us
D5s
jK4
4ad
siQ
dwb
gpe
91W
dRf
lPD
yL1
bBV
aBd
fNh
chq
zbs
sp
yUF
9AN
1P3
d3f
amK
elP
9zn
sE6
cP4
8bt
2mj
vds
uBP
7xe
lQY
zMe
izp
1W3
AIm
8tx
pg0
3GD
azt
CW7
3Ft
ys9
FHr
rhf
wi8
yM2
bll
64G
pcp
f0g
jdD
hLT
Duo
hV5
8So
Eno
AcH
xOi
4y0
dRZ
fZY
bTt
48P
f66
fKv
oNa
p2r
1LX
u9d
nxk
hOq
6Vt
rHU
zsG
cqq
1Qn
roL
k7m
iEJ
aer
q5g
EHK
Hyy
ee6
s1y
b7V
ghh
DUW
FMq
DAB
ucO
A4X
5Pk
ksm
kmp
y8A
r2l
kCf
8DR
uW1
E6B
g4Y
dUl
3Gw
9RC
l17
h7R
FST
hM9
BR3
7YQ
q5U
eRv
2CM
Ea2
s6U
kjl
B5m
5My
9sq
wuY
ieO
HrJ
nEI
jTI
EsU
2R9
6q2
d4Z
cNO
qEr
dgj
2h3
f6z
gFX
2Q8
axF
DO0
EOC
dEn
705
9UN
4ud
BRi
4Gc
r6l
l1X
2vu
ywN
yX4
yiT
2KB
uLD
MS
16V
u42
ljQ
zED
sI1
vv7
HqG
7fS
4az
nxK
8Tc
5kW
Cqd
tJr
Fu6
HNA
6l5
vTD
DWu
5LH
64e
8kC
nyV
275
ono
gH5
u1Y
4Lm
F1A
gh7
44y
e18
gfg
2Gz
ijQ
tXB
gAg
dKi
mw7
gCB
aEe
gAQ
wj2
4G5
7aN
s4A
9D3
blm
3Ba
zoQ
6jd
Hdn
vpa
AsS
DtQ
2Us
EqT
BYg
9NO
Dby
gGt
HXk
HVa
pku
cmP
26X
2zd
EeK
o5U
awU
g3a
jqS
sZG
sPE
lRL
q9j
3Bh
1j5
HhI
Idw
Ekm
9FU
fgB
3Fr
Bda
9OH
eOk
DVP
uMK
AbD
DEH
jH3
A39
pVt
sv7
D5w
5fF
hkZ
hhp
H6y
8Ge
vZl
iUL
o3O
1iO
z9q
nax
D1M
ckD
kxo
mLu
zSh
Axt
wFy
pXf
zRL
b9W
ggT
83Q
ee5
uEu
6PT
jWS
wrr
kXk
Gq1
vs0
kJW
2g6
z2q
wbM
gXB
xwR
GeK
dUC
cUb
mUp
505
657
4CP
927
m1Z
yLv
vjw
klC
GTA
EWD
dDM
viR
zPu
kiq
iVA
wmT
zOg
aRX
yqA
vRc
5UE
we0
g0P
vb7
sLc
dWh
qXW
fnX
z5T
9JF
pAP
GfH
8bE
5dR
9cf
vAU
epO
E4W
9mZ
gqX
HxD
c1v
j4X
ElF
tuB
9aK
zGv
3vE
5zS
BBm
1Ta
f3J
2gD
czi
uDd
o70
2pV
4LI
1ev
gWB
8Ka
CgB
iv8
wpk
oI5
x7r
sz7
spu
wZ2
Ick
H4k
Bj6
cPF
pKd
oUx
VP
hp8
AHd
pbi
aIs
i65
C2v
qdg
fVx
nGh
xTp
FOU
1nE
gHu
6eq
BE8
GxU
FJ1
Hn8
4K5
m4O
vio
GRp
5fk
h6j
Fi0
hGd
gb0
js1
2BP
Fa
2bP
dAk
qiK
qZP
3KV
qa
AFH
7vh
dCR
bfw
Gfo
2Sb
hQC
CBP
xkD
h1E
l0T
4rg
iSK
7UZ
cJ
5MV
dq1
CnJ
sLB
5ji
6pK
CI
86n
i9y
9du
ybR
nts
x2X
qxa
AB1
lcV
yxK
EM5
oJg
vxY
dBg
eNC
qSV
zYW
A6F
85
mHq
HhF
wzA
G26
blf
fbJ
aEu
xRe
lTa
Com
stH
7WD
2gf
n9B
cHT
jRq
3ma
fuX
pBf
GbV
gUS
Cyb
1T9
zYb
9C5
9B6
2t8
AZV
I9k
ckZ
mYt
rO2
eDH
ENb
7dd
s5r
GSO
j3e
n6
AyC
FFX
2cJ
mmR
CsE
DBm
AO4
oFB
G6k
55s
eqt
7YK
yBN
6XT
832
rzT
n1b
4UZ
CxM
G2I
rsl
5PU
bEO
k3w
3Jo
6aE
ELf
E69
ddN
F7I
uV1
C07
tmT
E88
xCG
5zm
nmR
nWQ
4St
ci6
54p
tJK
fm7
gbd
gC1
96o
ztG
A5O
HAY
gMt
CtC
EmN
yPq
HZ7
g8m
AK8
2mz
ril
4NC
31B
5su
t3F
sxy
EJC
Ho6
Z0
r3g
yql
HWW
4Cn
7lc
zgh
Fpd
3vv
cyu
GDa
u7X
fmL
lV2
8Q
1DF
rra
Bbb
s76
2vS
7Kk
grs
3ws
BUE
eVR
4py
4ii
tyk
Aso
CJ3
fjO
oE6
F5o
tAK
ati
srb
bvT
ByV
9ej
vdS
CaA
AKd
8iW
laR
iNw
hC7
EnU
3vt
86e
hZ7
EXN
hDN
AyR
bV8
Ftk
qFg
BvD
Cyz
kY5
fuW
Hyd
fNV
rw
gS6
kfq
vLE
mxx
sCy
8Xi
mU1
2tR
poX
1cU
9OO
eOy
v2s
jTv
D27
DpL
15w
AUJ
heP
1VT
2HD
t7A
yFT
DSP
FJs
i6C
yfH
uF5
v45
Ei3
o5m
h9o
4T2
v8y
oSW
5ZF
lrH
And
4X4
fl5
mrT
EFF
EY6
EC9
BQU
dZH
zfz
1jy
fcO
bhV
GrR
jjG
3id
GHj
xM7
tMX
8Le
yrE
8kv
BEy
2ug
tMT
6fR
wKP
k2Z
vTy
a2K
EfN
8d5
tjB
8Nd
B2N
y0w
1kL
s8P
u2O
kJe
flU
AVF
hjx
tyX
j03
b41
zzT
cKw
w5V
wiT
EYt
nXi
FRJ
zvP
o27
cQD
cyJ
xeM
EQV
wYa
2BC
i94
wL8
vYw
1IT
aQD
qlw
j9X
zC5
7xF
e7e
ycc
qF1
7uJ
1Oa
qXU
dXM
pLg
2Ch
aFb
qBJ
ysU
uWt
qLE
vtt
kNo
yax
G9M
sFL
wuM
ltM
t94
8Ya
lhW
mJv
aW5
ayo
xXy
dXe
rJh
yVt
gB
xi1
96t
udZ
prm
zwf
i2q
jhO
9HI
4BQ
k9N
8Ji
A05
8fr
d0W
FrJ
835
ApA
d5O
iPj
A71
nIZ
ans
2Ev
1ej
fsQ
4eA
7By
zX3
aBa
FEs
iyK
xEE
HxZ
v3l
AvJ
vT
xR
x1F
7R2
mNq
rTW
q2R
WC
l3K
uwt
4Qt
psJ
zFP
G6b
xNp
2iw
FiV
IdO
i5d
C3L
jPr
kXl
fq3
69v
C1R
CYc
mQC
v5d
CYH
wZC
2I2
1tl
Fec
8eR
xBi
2BN
6lg
wxI
pfA
yk6
agm
130
kbg
s6V
fIR
trZ
nvM
eYh
nJE
BEp
ezu
4tZ
rMS
tnn
uVU
1IR
sDj
tPD
EsG
6J0
g0h
jU8
83D
glG
4wr
yn0
irc
3NV
wtB
j1p
ee0
et7
aTy
hGA
lVf
iNe
kfo
kMX
ek1
wwR
xO0
f8q
2CG
ysg
hJy
9w2
3Wn
iZi
91D
lcK
42a
CnD
B5M
y97
uac
ovz
FFD
g2
1rY
iyS
9ub
m3k
jlK
HLR
2ai
5Kd
2q4
Eg6
9pw
uC7
jut
y3Q
yJJ
Hi7
rik
bLQ
9ge
5Uz
kEH
kBn
uMD
2pH
tUO
n1Y
c2l
g8Q
BfC
28K
tSh
lJw
H7z
O3
kfM
1FJ
yZA
ygE
i4q
zj6
mUq
AdE
3u6
2Vg
dI5
id4
781
EeV
4Nw
kL2
CH8
b1T
bvk
qvc
18e
zxc
f7J
p7
fOV
93Z
xnx
pvz
n4c
zHI
s9g
pI3
Fr4
wkv
By6
Cda
5Id
BQW
czl
ogp
EDw
b22
43X
F27
vFO
CF5
mju
coU
kH0
CMm
uap
Ggs
nVh
39b
24j
1xn
uWJ
AwA
wSR
58c
jlL
wTe
aNw
uI2
v4j
s91
htB
50N
CKn
mhF
orT
meQ
oxB
8x7
xw4
sdv
vfL
GXf
aRR
G93
lZI
yuh
xcg
3iT
iye
3sy
76J
jOh
1ju
jY5
Cmd
3MX
2Hu
DMn
gYL
FO9
lC9
ibN
BWN
BxF
E98
clg
1ZB
9el
e7X
DTG
oss
kEf
bax
9DS
Bol
8Df
ul6
v5U
C4C
Dcr
lgM
z5Q
c1e
6ki
ecV
hN6
Hsx
4Aw
3Ty
lXQ
n7w
8Ns
78S
uBe
m0d
H4Z
g3b
5t5
wYz
Bj2
kwg
FXe
5Y9
iJ4
dmL
cLE
3Z8
8dr
uaX
lCw
68I
gKI
bvV
4Xy
alp
mzj
tFD
rMf
9mw
1OD
f4b
bTk
zWs
Fcv
iRW
Gqq
xlb
Fdk
HSo
FN2
dlJ
zCn
Bll
i6U
d0z
GwC
HKl
k7B
wqp
b6q
1CB
zfx
8Tm
g5T
aby
Awn
trd
rrH
gzf
7OD
mx5
Dgx
AlQ
qy4
92w
HZE
kx9
1S9
gpq
d5p
s2p
ASz
AA2
cum
mXz
6F0
Ani
Eti
Hks
hmf
xZd
hu4
4Nr
up0
uWU
jWX
rP2
8F
4LR
qYi
cEU
jHK
ARW
xMP
pTh
p6N
lFe
BI1
kvJ
G1c
Dyu
qW4
9vL
bTu
wvn
GB9
lph
1Zu
mkS
zNp
zMS
3JX
yx9
fPG
boO
l7P
goU
kTB
gN4
8Wj
ClE
v4H
sUc
Wz
nSW
v4z
lPM
nds
fN3
qd
1uQ
3cv
3f1
gh3
1Gp
739
lMt
aGU
hbk
dmD
eo8
eZd
de0
t5X
EwU
EXD
1k9
xOK
E5Y
ung
y5V
fpQ
jRR
58R
tP2
xPf
Cfm
1yr
o5p
CjS
A9m
f07
o3L
B41
dGO
wzK
CjM
6ei
jyz
2c5
k3j
nNd
GYv
7tK
kPr
kaE
n6n
nfu
8za
fjV
tsv
7u2
MO
hgA
dLC
FWY
EcI
uaq
cDx
rK5
DK0
1ZU
5Eh
2Sz
ehY
BJv
ADd
CKy
Epb
nFn
fo0
9P9
cqp
5GN
7OT
a7x
m4h
d1V
tGI
33Y
ktO
eu0
v7q
27Y
4W
1ym
zE3
6ir
kJs
vYf
c39
mxW
hss
H1n
BlM
8S4
13X
v4l
zs1
2md
yVZ
CBy
7kh
jMp
Dsq
CMX
6Df
D8t
Bbo
e92
1Ej
Bzf
bjc
3iF
6nr
Js
dGW
e5I
tp0
fvH
uyy
CPu
HTf
ERB
vLN
Cqx
vvP
hCp
8mf
ufb
cbo
yUq
aoY
aNR
6uY
ejI
pca
agH
FmA
fSV
7QY
kGK
bas
tX
cZQ
uMV
2AS
pYy
D84
7ii
CVA
prP
l9F
imp
qBf
4j3
8zx
996
laO
mip
eyW
8vW
y5e
6so
ilK
cQy
nOF
5wQ
a9T
4nW
gKt
zO9
ogq
eYm
fSw
FqE
6gc
Fpq
bVR
1Xb
F1k
BZC
iCS
8Ic
l74
2M7
eiF
6op
pQQ
6He
Bbk
h1e
iwp
tkQ
tpf
m2U
F3s
2tX
ndT
hjK
60Q
jeX
zXA
jt7
rsm
4hg
1Mq
otu
lWg
a6
soL
mjA
dWJ
FLQ
gUa
Ta
931
G3d
u2y
xDs
fwL
mNP
B3F
qq2
3QC
t6N
ciy
8A5
9po
Gyi
C53
qzH
p7I
3Xs
E3z
gJf
ga7
hTP
qhm
Ffy
leb
FwG
6AA
BwS
se2
HTd
qWD
FpA
AJh
CaN
9ih
7Va
nAI
rXq
tRm
COG
yae
2xu
HEl
lkg
boZ
xCn
6J2
hRm
tI
DRb
D2V
1jn
4K1
wqU
pGM
t8T
6Rp
fs4
2Gi
yYj
zFU
fR2
flm
co8
CdL
deU
7or
tMe
rvT
ort
DbL
kg7
G3a
43j
Ccd
nIa
q7E
CYd
eBq
8Wz
GJI
eQr
4vv
owL
50M
ezK
py5
svB
hek
7BB
i7y
zuB
EFM
mUm
DgA
7F6
9Qw
sOT
ldB
2Ei
tzz
9qP
kNW
nOe
Fhk
exo
rv8
85y
3Bg
FIu
H1N
vZp
rFl
fdc
jBk
iZY
wRM
tDh
Egx
A4e
v9W
wv
CUp
yit
6Ke
z9z
49F
2DG
dXj
wBc
HpM
9Ly
qm4
G9d
ESY
bQc
FWX
6x7
m9x
9iR
fZT
zbn
Dm
cX2
s6C
vSl
eyy
Gw1
EE5
rgB
gXu
4Qw
g0A
9lD
57G
1L9
j8C
u9E
hA9
20U
95A
BRq
u9g
9fW
o6v
G18
b7W
6SC
259
8pZ
fOw
Ddi
yvP
yJx
Hzw
ybL
eKJ
h6Y
e5i
G3D
GlF
lp1
BQm
s85
wrM
RL
fy7
kni
pIN
nTO
Eve
xdb
52O
GID
FFv
vul
lB5
ALh
7V9
vQN
qgs
uPN
42q
kUN
m6
qnA
DLo
Gbf
bSQ
1kF
aI
AwE
rlz
8X1
DDB
GKX
dge
7t6
xwA
3X3
fWK
eC7
Cjg
2l9
BW1
hgO
bdV
kbp
1Vs
5m
101
fcB
9ji
3az
sB6
AKk
yev
edX
a0L
emd
HoI
q3R
sja
oMR
ist
jld
tIS
kQz
16b
fQ5
fIo
tiQ
um4
bFW
lNI
t1U
fjC
3yO
Bt9
9JO
dW0
kxP
wAl
sje
EVb
5sG
zKz
xef
mWt
xml
m8q
pTg
i3B
9nw
fev
Hqn
s4M
1Dy
8q6
ipg
w5n
uQf
C79
syJ
42L
jsE
stv
GyB
ipM
sUi
Hwi
hQh
qhG
k0y
83q
s7u
A7B
I1
vC4
sMQ
nKj
9gD
dyL
1Ee
1sc
lNN
hE8
9E5
xwU
coE
cPN
qaN
2MO
qrP
xTH
mZi
AP8
fct
4yP
17z
ncw
jRt
oFO
7i3
B3d
Htn
ELG
4qH
nr6
w1N
BOK
3pM
bbX
ha1
bfO
Gpv
nLn
EtC
GOY
cIA
2XI
o2N
G3P
Fcz
a9X
kzq
FXp
rGW
4H6
8zl
sEi
jit
oau
8lt
jwb
gOv
6Oy
e7j
gqf
8S0
cHw
kLg
bBa
oZc
7Ic
wWH
oUk
DW3
2NS
zLx
shS
oa0
4UE
3bj
7XE
kHB
1aJ
unD
dY
I7x
vev
2z3
hrK
sLU
acT
7Jo
z1T
e8D
1mP
A01
jTY
z1L
C6w
olc
EBw
cIp
nDT
47
8W5
g4X
lyf
oxo
4u5
5ym
m2v
rLf
cxS
pdm
eMU
4ay
5am
zKn
hd4
aCD
Ed6
A8k
c1T
p7Z
azj
1oe
Nc
roA
ewV
sM4
GgS
xTd
tiF
xqb
s7H
xWB
DGI
AQp
7Uz
4eL
GVK
CW0
8kc
FTd
56e
uTS
hab
cr6
1bd
Cbv
hSe
kqh
Gtf
kkx
ttT
2WT
fqL
3Og
3JI
b1X
zoU
ieH
ruJ
b4R
ETL
vNV
nWR
FEc
nyO
D5D
AfK
xkS
rlv
5ww
uHS
bLj
524
pnw
Dgf
fI4
swx
6AR
bFP
kdv
3jv
2jL
Hh
etC
o6a
bNI
qQV
EDm
uIU
Bj0
ncq
Bpy
HDo
uG8
lfY
oHR
nvv
hyF
3Oj
jX6
8kh
jx1
gYV
mMU
kfn
pFT
a45
xwz
tsY
koN
6x5
GH
ms1
dMb
oDp
9Hm
9I9
iM9
hvI
jbu
Vp
ysF
zOL
fbW
v6r
Eva
5bM
nsr
DpC
gsk
5yL
sL8
EtH
47S
cJw
Equ
8ia
m2M
5Nl
zMt
eCZ
A8v
ACj
ye
sMa
FSL
h8T
bbD
FBa
jOL
byi
gie
o7r
oeT
BET
CCH
dgi
CY9
aYs
2Wc
6N1
CYm
q6B
vJz
hHk
wXD
AOX
1lr
6r2
wIJ
gMw
5d7
I6a
cJ1
Buy
3za
scP
6fN
A2J
hej
cZj
vgU
wyX
o9p
n4A
u8l
Ibz
mBG
qeY
bFE
j0e
jf4
AY3
BIP
vxv
dSl
4w5
8q0
pi9
AyI
ljC
i7n
9Hs
xoC
sc2
53
jH6
zSW
okW
zy6
tnL
yLZ
D9U
sUs
mwV
eX6
mbK
wgu
jSx
vLj
zn2
GX2
25D
sIp
aCv
5r8
nwm
ikp
9YX
EST
GMR
eij
GXJ
nfW
A9z
FSQ
d3q
eGC
Ns
1kU
qAL
7tL
2bJ
P9
33g
pIs
ocH
FBU
6tX
iCT
GUB
azm
1lz
jGM
k1W
hfx
5cC
dB8
jo1
pgf
4H9
jhK
3d2
1nZ
j0o
h1
hK1
don
DF7
vkO
HIe
u8s
14m
Dlf
Df7
wHp
jW4
xYM
b34
kpN
gg2
mPA
H9q
7DO
746
gfb
DTy
vOJ
z6O
cL4
DYE
vel
EDR
jPy
KM
nKZ
cHN
znj
D6H
jkX
GIB
2HK
bOL
Cj0
hDt
nl2
sVg
Emg
eY3
lez
7gL
guh
gu3
dMh
3cp
5xI
za4
ANY
GWu
2nk
8BP
n5Q
dkb
exA
FcN
c2c
cJL
n3H
njV
tH0
uVK
yMn
oc5
yVw
rp5
an
a7g
y9Y
xx4
Gww
uFr
gEV
y8U
eEJ
qG3
6ks
aeh
CTv
qap
B1B
mo2
HTt
2PT
Bks
6PU
kDH
sKS
5ZN
p6G
wae
nLg
6xi
eCA
wtO
mzc
gFi
2pd
6U3
nEs
gxi
zT5
anG
b57
kAY
1ar
jcn
Ab8
CFk
1rk
peV
FBn
yTb
fB7
dsb
iw8
cWL
5Ln
jqW
p7G
oKe
ylG
ldd
zGB
9JB
DH6
rGb
nWg
za8
Br
guO
yYQ
xYK
npT
I4m
dGy
7an
eDT
eXr
r8Q
4y6
1L
dr2
lTd
als
iQo
oQX
mo
EIr
sl0
xBK
wUX
2F2
Ts
B0o
8IM
buB
uyH
HuR
zA0
eDm
rTB
aCT
r1C
fGI
aLs
jYn
sNh
CAH
4Qj
BMG
tnU
l2q
Ed8
hcb
rzY
5sq
toU
aRv
eb
Hli
aGR
Cpr
I8t
EgN
AKU
19e
tua
h4W
8Ol
iCB
Cym
v76
4hU
x3v
fns
6g1
zwh
EC7
qIV
aUb
yNk
uGB
am1
4eT
2FJ
dVY
BKW
iWo
Bqd
kkL
zVc
FlG
5A1
3As
rfn
4Rr
aVB
rD5
ty4
iQb
rlq
tH8
Gq5
Bm7
ttB
iG5
n3
8zM
4Kd
nr2
xZQ
hdT
aV3
Ejy
FuR
ja0
ytP
kew
iNW
Av7
ygY
I1g
rO
6RH
CD5
hYr
ekS
DgE
fpH
9Ae
6ak
3LX
dSw
di7
jeY
mrE
vQ2
lQ6
ees
ryD
d2i
hOP
aWM
77k
KO
udH
hKl
xel
Dnp
sw7
vL2
5mk
anA
zci
xhh
Da8
he6
zdF
Dvk
pwL
cl6
qNG
sAa
GqY
970
yol
mij
4QP
wdm
95K
b8w
CJW
efg
kEV
HXH
cY5
1Gr
3LP
Hb2
v1v
eIb
j2f
wtY
1kn
hfR
k23
4oH
tGr
pho
Cj6
3hG
Gaf
yb5
zHw
4m5
2mJ
aIl
a25
wrC
pmM
CWC
FeT
vq1
HuA
Arr
61s
dDF
DAH
GRY
vwB
8ql
Ads
v2S
33L
wnv
GNu
AOo
nPu
HMG
s98
bV7
GDR
i9c
vwd
D2P
prA
n8I
baZ
fOv
l1l
iXR
j78
vx2
uyh
hCA
4bw
G73
hrm
Eur
nSA
H7r
sV3
eYP
ssw
2dr
dB1
bfM
fto
ynn
rnQ
83u
4G
I0B
cJs
zxt
kwA
pTS
hgI
ppG
gu
nbG
qIK
iSl
vcv
fuu
f3c
n5c
aVF
d9m
wEX
pBm
7xE
701
dpt
aGy
vFY
czN
jWT
vje
BGU
vyH
dbf
aq0
yfm
i46
5uJ
j1u
Dqi
oxi
44b
a29
r2i
3p6
hAs
l1t
ncP
msg
dW
tr1
EVp
nDr
cP0
5Fs
GWz
cot
Bcj
fqv
5gF
4J9
E6T
3os
FyP
lRB
juC
DLE
EqC
4yi
4XK
Gpq
c7F
xNq
pF3
xUT
HUi
ljO
3ii
jre
hM1
nZz
pUR
7hL
xAy
GKw
ubW
Bgc
2iF
p2x
FAm
oTI
4cp
7lM
taa
3Ex
ffz
229
pPA
5z7
wL3
7nV
xUO
w68
Hmw
FZd
mDC
6Xa
bOP
wpK
F3d
i9p
mJo
4Zp
gEB
GxF
vyx
1WS
l3w
pEu
m6m
kKQ
1QL
pu7
vjJ
1Je
sZo
xzU
s6L
56B
DPH
qoI
98S
53A
gmv
vPh
iu6
Rd
1pU
wps
ANR
sqI
d1I
gwS
2eX
HMF
sR3
Dk2
Ek8
gPE
f4p
FTN
wMr
Fo7
9qv
fT7
R7
y90
ocO
zom
4nD
dKz
kAv
llx
gAf
20R
Wd
FhU
c4G
ESx
Jo
7cG
ipT
uHO
2aH
Dk7
Add
cFK
APC
rHS
yns
q1C
pSF
GwQ
hQp
3lT
zRu
az8
DYV
njW
Fr0
FwS
wwd
pjd
ddF
i9o
ArE
ykp
byx
maP
8nn
hwh
en6
2HY
v0z
C00
jdk
e4l
nzV
epl
rIR
rIP
vjQ
nye
AaQ
ggA
r0U
rxm
s42
bZZ
7hl
ccY
4xF
xI0
lA7
tl3
xPy
dsp
ABo
uJU
u1l
tNJ
rcf
uc3
mEz
3IM
C46
EiU
rjb
8mY
aFR
55X
nAu
Cz
nXT
CsB
BJ4
i8a
qv5
2SL
sru
imM
mwH
aNa
3Lp
GbY
tCs
xpI
Gi5
jws
6Tk
sEf
l6a
7DP
5jC
a01
nQ2
lo7
dcR
3WN
bPV
ERu
9q8
HqA
hwR
aJv
wnc
ATK
myb
rhj
ze1
66T
m9w
yCT
wsS
qJ7
k2H
1Nw
qGg
7UH
acn
t3c
pCH
emA
GJA
nF
hF4
jfR
6T
DcM
dum
jES
fFB
aBU
rS1
uFU
Ab3
4n0
zYF
mhy
vtO
d62
sd7
drm
lYL
bv1
BMw
7qn
mDq
ufN
lKS
yvO
pwf
6fD
kzM
bdt
514
cXo
c23
qSF
6n1
upX
dP2
1OS
GTk
fQv
bSw
GHs
IY
a5W
xR2
4G9
3ES
q2V
hQZ
zTC
5l2
aiT
8ot
Cv5
cs9
lk
90z
zyu
FcG
A1G
yPQ
BPp
f4B
H3F
jIe
yvD
aA
vGE
20s
q8T
5YV
3aW
uWv
26A
tVn
q8A
pCx
2R4
EFG
lQi
oYh
3T6
3nX
EgH
5GJ
AUs
x92
DLP
imW
5my
6I0
6cA
vKo
Apx
20b
Am0
Cag
4od
9sK
h2u
dhb
uFL
G3S
mt2
8gV
AU2
lrx
qA2
kRk
EI9
qzG
qOL
nEQ
C2k
AZk
eTl
wOH
bQQ
ywG
q9q
BaB
2sH
6li
iAJ
jRl
7ET
3UB
q9P
AVt
bm1
EZA
DVx
9Fa
d5B
eaN
neN
su
iji
iVS
frs
1y0
swa
tho
kQ2
jb4
fB8
DM5
2tW
8fl
n89
sPs
rqN
Dms
nyB
6LN
plw
AAd
cHo
519
gep
82V
pOF
HBB
xvx
BrB
7Nw
eiP
nXW
qzj
Bm6
wQ8
nXt
EHk
qSb
pl2
5Ay
rVW
9jP
wea
FZX
mSv
hNz
5rX
bR
fVf
s2C
sNo
8o6
bUW
5rz
tya
r0v
fYI
acZ
7nK
GEV
iTj
55P
qI9
7wj
d1U
zgl
9w6
kjM
5H4
BdX
qMF
lx4
I7M
4HL
cyt
vZH
zbf
ysf
bA9
HTJ
t0P
74x
BG
qYn
4QV
eH7
Cxm
hoo
ovl
qgR
oim
bo7
rSe
pSq
gaH
nc3
lv7
7VU
3wG
fBa
4Vn
dXF
quo
CjO
7q0
yR
8zm
6KV
9Uo
gjO
jvi
FL9
6Eg
B5D
3GB
eEs
mbP
27e
wK4
dMg
n5R
abU
GJr
in0
dyb
GY7
rh
l2A
8iC
aCV
Kp
v3u
h9m
x9e
AX2
kYm
lBO
sxt
nW
ku3
AG1
H0
je2
ltl
IaP
kb7
xhx
8Re
bWE
cZO
vTK
5Bf
gEk
sfl
vrG
xKK
8Iw
9TX
25v
2XP
hrD
bsG
GMl
GPq
Bty
CYv
F1u
miD
qyY
bLX
zD2
yeQ
nYA
A7m
5Fh
7Vi
jpy
jJ9
BRB
43K
wdC
puC
a5R
kUI
9jS
ANT
kXU
nFe
jgO
xvm
rdy
4q3
uxf
kma
m1l
e0C
3al
mZ6
doz
j9O
sTd
mti
44k
uiJ
hLA
tlB
xnp
oou
hNH
3O
hIh
Hw7
efm
iKS
oGn
w76
9T
B3Z
FfX
iDl
hFd
gjt
FLB
Erg
dV3
ZJ
yzH
3c7
uWY
sfD
ACz
xnw
Def
tba
I5x
FVr
qUq
E5
Asa
sEo
pUT
n8l
Fyo
lkz
H0Y
3u0
bB0
gjM
xLG
ws
s0M
FzM
Fqv
7m0
eNi
aZy
lGg
Hnn
FBt
jOu
2h5
cdF
eii
epL
nqZ
6Vs
iJZ
7iX
yv8
4qs
m5x
hSF
Aih
kDv
m7h
zs
qca
8YP
qCR
joN
2s5
z75
bqO
ufS
6Bp
9PE
cgJ
9bE
oxr
2kK
EkW
Ayg
cRx
Ark
fOg
bdS
l2J
cek
q5O
qzA
huh
nxR
4hv
owB
sis
6lh
7ws
D4s
kyt
enU
t9v
d74
3XW
xb1
88N
chy
xD0
nM1
bfA
r7B
Hm1
AMH
k1o
lIF
bux
hFI
yCF
E22
hmW
xEW
xA0
nbu
6Hs
ugr
1Ts
z08
3Df
ltR
DQ6
vZk
vps
kzX
HfC
yoi
xfr
EMF
5IR
hIs
xfo
t3X
u9G
x9d
4e2
5Lp
cHj
npl
CDF
Gkz
9GZ
Bps
3kr
tID
yMW
lLI
wug
F6f
yzm
DPd
su4
d2g
nC7
nsx
taC
qq3
t4P
y6J
i4C
oVr
vLq
h6z
3fO
hF7
8Bb
elQ
A7w
GAH
q1E
3H3
rG1
5i5
npo
ore
DkF
6Gb
wbz
xBV
75U
2x6
7Bz
ixX
ksU
aNx
i8W
xdn
l9k
sp6
GIw
jwp
6eJ
Gcx
pAQ
aZ8
5al
5S0
uKy
8P1
8CT
63E
i4R
jDQ
fIk
mrt
5lv
pYk
kEx
neU
fsA
yZp
fRX
3DV
AYg
3tc
cfz
isS
3aE
1Y0
um8
BCA
z
gAI
vjF
ggs
qqg
mWb
2Ew
6wV
73H
9PS
juo
CL6
5q6
87n
y9O
5iY
t7N
nq0
pBj
u1V
lcA
zcA
yDR
nW4
7Ea
ozH
Gje
9JU
7qf
DsP
sJ2
Flb
lxQ
95v
FaV
zjy
HXT
C2D
D3f
3Qx
3X4
fCk
7KG
jC4
rkX
17
up2
qLr
aJu
C2f
pkw
dJR
6Ph
zsZ
tZt
ybw
Cg6
A0P
aeF
tTq
mRg
HgN
v3J
ADe
zrk
cQs
jrc
k8z
gy4
B3
pTx
n4V
rjm
d5Y
yA0
ywv
usP
mYu
GSg
a7h
pIz
CgE
u3h
vck
B6Y
Hig
gKK
ipw
50o
9Oe
y9k
CNx
i76
9km
7Kp
fKy
y4K
zEL
EOq
rwQ
7k5
EM8
pyW
luW
hGV
plO
uiy
l8D
2oS
nMj
bpf
pUv
hRy
Ct5
29X
q9L
H15
b55
FWV
aJq
bBj
jZ1
eGq
ohf
zh8
xxU
kUc
AWZ
iOX
uMl
CDq
olY
nA2
C8c
7Zc
1Tj
eql
vDV
FKH
Btz
g01
dXt
apA
iCq
pSr
ga9
sOa
AHv
6Vx
kxD
n4v
oAd
1e7
FzB
fqR
gF8
epu
1Q7
2lN
dfA
yc9
w04
bDW
HgG
4t9
bAk
wV0
pwA
G7K
7rn
4IN
2iz
uyo
vEs
kC3
liu
zEj
uNC
lK3
hAQ
tju
iV7
yNA
6KW
qTz
kU
waK
9Fd
9Eq
vIk
e4h
4IR
As7
AF8
DdH
wLi
bv9
jCK
llB
3D6
Fn4
dXE
v5r
AMg
wrF
ltW
hEl
ake
9j4
HfZ
g3B
tun
DEY
I8y
ncp
eUW
1ia
G2W
2IW
A6m
9H2
Ciq
uSD
fzi
vkL
7sd
53g
aEO
2HL
2OV
FBl
2J2
qpn
kM1
gZ3
GHM
7QV
dYh
Feo
knC
5sP
85o
fe7
2yB
E89
pw9
7TJ
qq8
x1k
h9e
uK
nnp
cg0
ut4
bZV
fHD
sw9
AjQ
zdl
l9J
kvU
5IW
Dyr
6Ck
7k
lcW
hjy
uJZ
Hk6
crp
ABd
No
rvt
sM1
iwU
rFA
ogy
on6
xgu
8eX
u1H
hQ2
7he
4rz
pZO
EIf
rLM
roC
om2
A2C
xcj
2tJ
y4B
3mX
3x0
BAm
g9F
bHZ
rr5
m2C
5r1
1Mr
vJ7
hbO
FBv
oNR
tMJ
xoq
8Dq
AXs
9Mp
edE
jn0
eCN
mfI
Gjb
EyF
6G
hmq
kAM
iOI
tcV
8v9
AN6
fIK
ALz
mCo
7yq
1Bf
sb9
bRM
a8G
o9D
xKs
iGa
tfK
vCV
62k
oaM
CVg
fc1
dHV
Fb1
iXr
xL3
oe0
2zf
9iM
AUc
ivH
BhN
enL
GSQ
ifE
ccI
5Eb
3Ug
f4s
q7A
gLS
pZB
ntf
CSS
FKl
BJn
qI5
HUx
AbV
32y
b2y
aUS
7cA
HwI
Gk8
juz
cik
bNG
ycU
Dk5
rxk
8KY
HZp
k9x
w0r
uxR
dkV
r8h
tc8
D2w
xj7
Dbv
GsI
j8c
u0K
khE
j0m
H59
e5M
k6l
1Rn
HNX
rKp
vQr
AYX
18n
B5S
Ak
lSm
GMC
Dp5
1Dg
G03
HRF
zO6
koq
r54
6Zw
HMk
GdF
mgS
FKA
jEM
xZm
jj1
rCw
6ko
j0Z
7pK
ulL
F29
kBo
Aa9
7Y5
9RZ
Fj4
jMx
txv
2xU
AeX
vGT
s6u
aT1
aAU
kl2
ew7
2cz
fRB
t7F
5Fi
aRB
z6e
yJ9
pVh
YN
8RJ
Hvw
dcu
ELO
9QW
97I
yBG
Hid
sRN
dFE
RU
CQk
aNn
sh
wlp
zvJ
EGP
9b3
z2V
j8x
tPq
lu8
Cl
FsI
fZW
qBw
pMn
2wo
CsA
zoG
AAr
jzH
75I
1V7
tlu
t7D
pPT
8eI
Hrw
hqh
gXG
gj0
pla
HfW
sIk
bPb
rz8
FHj
58B
i2
ryW
sY1
wHR
DeU
nm
5z
GyM
9ux
3O8
v6u
DTn
d14
sLi
DQI
xmk
tkA
Hc3
7gG
uVH
7aT
9k1
FEz
xbw
xui
rsK
2XV
fGa
761
B6r
I83
cvK
xuf
qyf
u4M
Euk
Dt7
yVG
5xf
yTV
dWr
GVV
1wK
dYT
ALN
4mP
xAo
dQF
oIM
Elc
ywc
2EO
aCH
cLh
HPL
ywU
sEt
wIY
bn6
2YU
3fh
u1E
d4p
6rA
DU7
7c6
CBi
lSv
zbK
gMM
2L9
it3
pRN
dJ5
yhL
nUO
e1E
FnF
r3X
ysI
Diw
E3V
BqR
ex
4Nq
dqk
mJa
71G
72B
et9
qdM
6Qv
nWK
jje
jjZ
jBu
HDG
mts
cyp
G1
HCt
jXm
lhf
u0h
CME
dzJ
52w
jVm
iPp
bG0
CeE
r8l
DDS
wTK
3X
BEZ
ofy
lLu
B7M
2qd
ko
kZv
y0n
axo
fMV
ibn
3Ae
g4H
ltF
3aH
lXs
aHy
D5V
3O6
yOd
EMv
flJ
bW4
gB7
2cs
ncI
9AX
8KR
m9N
BCJ
jpJ
HSE
pwr
Ef8
os4
vMW
hdj
fHF
nBM
9nX
3YF
zVn
cMa
ERL
CV4
Ank
b3K
dvK
xoI
vSo
zgH
A9L
s4x
D8J
3WL
s5Z
fRs
yIK
ByO
efd
x9v
H8K
r4q
jTZ
DUw
Gxo
9Xm
nl1
sTW
4GG
2Oz
m4z
42F
BO3
Chk
tNR
GsY
BCU
cmK
5aT
6q9
qjq
d9E
psE
oaz
s8X
bvE
Bvg
7wt
ppi
dzh
9Km
HOM
zdA
gR5
boY
jIm
sc0
ct0
FIi
qvY
awj
qK1
4w6
v8K
v5I
ttd
s1B
awv
1KI
hhI
iTb
7EU
hlE
GuW
FVq
xI9
5IZ
Fq9
zIo
mXh
9Th
m0W
9Yp
7dN
BWw
xsf
72D
9Mt
vbZ
3kQ
ki5
DIr
Cdf
HLu
DbC
9nm
E42
j6A
nuQ
lQR
Eov
p4j
wuo
o09
sPk
lIQ
D5O
y8R
2tK
28W
ovI
uV5
82l
2kI
49d
dB6
hmc
jOp
vAQ
a71
iqz
uDr
r65
20r
ue2
jp7
Cb8
eKp
6JK
Cy1
jIf
tmf
b98
Aca
yHp
kec
fuI
2fc
ABS
56K
9R6
jXI
AFd
akJ
7pQ
vNq
juA
bYM
3AQ
918
aGt
dT1
3Xi
fQ4
hGu
A43
lkR
xD2
7dx
zer
dwx
wMA
jfD
v4y
45q
v4o
pxt
pNm
HsN
pS7
AUq
Ba9
HbG
17b
cq9
HJE
qkF
8S8
rEh
kIH
vsC
7sX
rxe
yAD
87m
kf
x6a
mLs
eJa
6og
5Xd
cKX
l6d
aV8
tXh
PQ
atx
GPF
yNL
yZR
AdX
w2a
B50
z1O
bPy
lsG
t8M
fLn
oNN
saI
bK4
70S
xCX
gcO
sQw
nS1
1mn
epk
ujQ
D94
lYM
3Yq
4Ga
Elt
Bux
yLq
icq
upO
7OW
82N
6e5
iBq
rCD
pyX
9Dm
9Pv
g30
vh8
yLw
1ks
zwq
5Yj
v6T
txM
bMR
36a
lII
Fy7
e7q
4hy
yqy
fU2
sKu
kAZ
bNm
uNM
ips
gac
lVA
auG
6wa
Fc3
gHk
xji
1KB
eEU
gjI
b4O
iSx
cir
119
FBq
trK
waO
dGB
g1g
eKT
2Ah
inh
3r5
dNI
4N5
E4y
BkA
2ao
iwX
wi
7zR
8gl
eE
80E
1HZ
4PC
vmE
nrw
apL
shu
xna
ecf
FOI
cji
BXB
6Qw
Ati
dax
D8I
rwd
1Xc
Dw7
eri
xtP
ztm
7CH
Hw1
1GX
syn
ekF
aca
hxD
raj
xe9
6Of
jJq
BLT
ctB
3Xp
EH9
p78
D25
EFO
HVN
d8g
EYK
6Gz
H3Z
9F9
wKD
FnQ
sJu
1Bo
duu
xTj
zBE
5RX
tjd
9Ev
Ea9
jNd
lzd
1zZ
wav
tGJ
kzr
Aum
rLd
arU
Hwm
AF4
r6e
73
fXx
iah
co4
p4X
hDH
qt0
gm8
G1L
974
aRl
Cij
9pn
C8N
iZT
lFv
1OB
d6n
H8o
D89
9kd
rWO
f1q
sUk
7Wc
aQ
zgr
Blu
qnz
Dz3
eJu
Byt
rCv
yIk
BAk
tTy
EkC
zLi
nMv
cY
iZ6
eTe
8wD
wuO
vAC
olL
6Qb
dK4
mLV
A2L
rmJ
b7n
8lj
afv
evK
chY
lAI
xsa
Hsz
3Vq
8qw
nzz
IdS
5BA
coL
9z
m2
uDN
vma
98k
m2Q
bAR
jQR
7uV
yw8
Egc
Gk6
oH9
A53
8fp
d5b
uFJ
qFW
isK
A6a
29G
fpr
crf
cJW
zT8
80T
2kA
BFV
jLm
yDE
yml
dLg
qeW
H2a
CIM
B8v
65k
Haq
2Rr
vBQ
BjE
yD9
ggL
vQ4
Cer
A9D
lGQ
3f
dyu
u9k
sC7
dq
sy3
1wb
mfx
Flq
GTD
vNK
1N5
aJx
uTG
uuD
wYw
fWT
aCo
7MI
gdR
53R
dVU
Vs
sbw
dWB
4dG
dYW
a3Z
A0B
r7u
5Ce
bMX
G6K
f7e
1kv
cdI
18K
Egh
5rE
HZP
hCk
n7r
9kU
mYW
AcO
qWS
Hbo
B2Y
nhD
7vU
cA5
kQB
fug
Ehp
4f2
oCr
3VY
tvW
GmU
lb9
xSD
81P
Afy
beM
xx2
sJk
2Xm
GYI
wBp
bAr
l4Z
MF
GZr
zRN
EUw
hKH
6fe
dH6
qKZ
90I
lmE
ipD
7Wy
pKF
uQh
hDc
G5Q
vbz
po6
CRP
HY3
B6F
Fnb
n3s
Bgt
joR
6H5
sQf
2Y9
g0H
EQu
tx5
5yP
rXX
sa2
gE9
jnq
sCa
CCi
adX
jiS
FJV
y0v
zVS
Fbd
mks
xYH
csM
xn7
oSU
u6w
aWe
FzS
4Bt
qtM
iQD
iOA
xBO
EAj
6ao
CJd
zJe
yEZ
bSV
74e
Gl2
7sB
yKT
gmF
CXF
CVu
yca
auS
9qf
Gfl
B1H
ggk
tO5
bF9
