29636
14645
14650
17164
40850
25100
25109
41574
2902
17176
40856
31742
29621
36305
33880
17178
33892
17160
40854
17166
33883
14658
41577
40855
5983
5987
33889
36304
36312
17165
2901
17168
2912
33898
41576
5993
25111
41561
29623
14647
40859
29631
41564
33896
41568
25101
14643
33893
14648
29630
41560
31755
2914
40842
5981
2909
33887
41569
25105
36318
14655
14646
36317
41575
29625
14651
29627
17163
14652
41563
40840
5990
17170
33885
2907
33884
31753
36311
31758
31759
36301
40852
41562
2913
31747
2903
5991
29626
31748
31754
40845
31751
2911
41571
31743
25115
40848
25119
17161
14653
2905
2910
25106
40851
29628
14659
17169
25102
25116
5985
17179
25104
5994
33882
33895
25103
29632
40843
14641
31750
2908
29634
36314
25108
33891
40846
33890
41566
31757
29637
2906
14657
5982
36316
41565
33881
40858
41570
29635
25107
25114
14644
36310
17172
17171
17167
29639
33894
41573
2904
5999
40844
41579
31749
31744
36306
36308
2917
33899
17175
17162
2916
41572
40849
17174
29638
5995
33897
29620
14649
5997
41578
25110
25113
17177
36319
2918
2919
5984
5998
36309
2915
36303
40841
17173
33886
29622
31756
36307
29629
14654
36313
33888
14640
40853
5992
14656
40857
25117
5988
36315
25112
36300
41567
