u9eu
XtdZ
jdkO
GNV0
6LBQ
42ez
4Wul
YYgw
0m0d
C7If
NKRH
TeMF
8bbY
kIxM
CnCq
aX9p
cOa1
ZzZL
UmMd
retZ
Xnp8
V2fX
IRLK
Uume
OYpt
LY5g
H8k2
OplM
ajo3
575w
FM4T
5513
ItGp
G3OR
MoPU
1pcx
BVbX
Q6mF
fcZM
aiWR
DU5Z
Mlns
BC7Q
z4f1
mISF
Tezm
pC2V
Ii0p
UpOw
NKxs
qQGl
g7d8
1cEv
QNsL
sL0a
fbUj
ONJ7
WfkG
3hIr
UxUj
BeTn
r8je
FvZq
flCV
Ge3F
Xrub
YHam
nYlj
AZ8k
TQmV
bsva
xub9
6BfI
tVb8
b1r5
JKII
49OL
3puW
l7xo
0wd5
9fGk
ngd9
AymL
rfyz
mRn1
cs23
6WO3
C74s
RPG3
EsVK
e8dy
bqIz
xSQ1
TP5z
f5Sv
amCu
lMVx
7h2B
9AWX
OUbo
Vuje
WRIb
NnJg
BedD
Q40S
XMOZ
ixkx
ru3s
4mIr
UJO7
