derisiveness
dialectally
dexiocardia
bitor
barthold
brittles
archengineer
aelurophobe
arizonians
akalak
deliveryman
errantries
apaulette
bacteric
agilawood
carnalism
courbaril
cimsb
doucely
asklepios
bleeder
apathistical
collectables
dendropogon
abyss
babuism
berenice
corycavine
chordally
caseolysis
antiatheist
campanulales
ceeley
coitions
babinsky
enthelmintha
chimesmaster
atheneum
brotulid
autochthonal
discloister
carole
binawa
coveredst
eales
astriction
duskness
blacksnake
alkylic
bourtree
appendant
apiator
brickhead
cladocera
elementality
begorra
darlac
absents
duffels
cockneyese
destitutely
cerval
encouraging
documental
brotulidae
daiquiris
deerhair
endurably
concluded
clearwing
animate
choha
crowflower
desmomyaria
asbestoid
curiology
affinities
cronin
curledness
duco
arimo
dentlieu
beatifically
bevellers
dislodged
agronomical
comtism
corfis
cassius
corrodentia
chromaffinic
buttocks
beranek
creban
decuplet
auxograph
bldfamily
distributing
albury
adamsmills
cebian
autoinfusion
bariti
antiphthisic
aminoformic
botley
amston
capemaypoint
brittled
bret
actionary
consumable
deflationary
cult
basification
calathian
djellaba
carpocephala
brosot
dapalan
amenite
baiting
corruption
bundobust
chevaline
deafened
berton
churchier
ensun
ahong
bootlegs
atmans
counterfix
cachinnator
cresylate
epiclidal
candis
curmudgeonly
duncan
distoclusion
brewage
apartamid
adjured
anareta
bintaq
arnov
adcons
albopruinose
acarology
byronics
bloodiness
amphictyon
busybody
alkalizing
abemama
director
altos
boleri
castroville
dannreuther
consequency
concessible
cyrtidae
chinker
ciall
chest
antechinomys
decorist
dungu
barkunian
crazes
alege
catalpas
epiphloeum
bresee
avekom
belittled
dreamlike
almadia
bafumen
chloritic
adobes
babcom
bahumono
antithyroid
disaccharose
arpent
bedene
balazs
bourdette
angary
aerophile
brancovis
checkbite
bigflats
erni
bardism
dichoptic
commercium
dortiship
belittlement
anticaste
derivable
brontos
condoms
blocksburg
enchaser
dutra
chromidrosis
baddie
borborygmus
coconino
derout
decennials
chebychev
boyceville
bianka
cryptoprocta
badittu
beatings
copyshop
alcanir
ascribed
didnt
aureus
congesting
booty
copulation
bubanza
alboranite
butura
birthdays
birotation
declaration
chelydridae
burseeds
attested
ashford
counseled
conferencing
ayandeh
affect
bumpiest
barreler
acantholysis
entyloma
ergastulum
derries
bradshaw
crdec
caresani
bewares
dreariest
bonerz
blancard
andirine
antakarinya
chawers
amita
borelli
cranial
dcnet
deskman
cowcatchers
bcpl
dendrons
dohalovsky
disomus
baltz
ciara
dihydrite
cudava
equalizes
alible
capabilites
brevi
archcriminal
bacuisso
antican
bacterially
anils
bulaka
bullshit
ebullitions
befooled
dornic
conjurations
anacrusis
austrium
ahsanullah
brassett
deathlessly
coutier
cwirzen
barrer
cubicles
dialyser
aaaaaaugh
decertified
epiplankton
calfkill
basilicata
credits
catatonic
deciduous
acuan
belozenged
branchling
carer
basilical
dispels
downloadable
adherers
amoldo
cytasic
diversionist
assidually
dendrites
amyridaceae
briggsian
ecosystems
blindeyes
cacochymia
antimedieval
decardo
bravo
babbled
atatlahuca
cupriferous
dosimetries
brios
caravare
culicoides
creedite
applausive
drawstop
anatinae
begarlanded
doorinfodir
archisphere
adangle
cfatycho
aromunian
chanche
clapboard
bathypelagic
bricksetter
blendor
auguta
baboonish
amoretto
enigmatology
cuminol
anette
ceuta
acerin
bossett
diamicton
amaethon
achipa
deplumation
calvera
accendible
aethered
contel
analogism
analfabeto
cordewane
entosclerite
atumble
believably
adioukrou
bentincks
aimless
badon
boosts
antipolygamy
bucklers
bozer
carnahan
boutin
bifistular
cellvibrio
cathead
bluford
copita
chicho
anoxyscope
berith
countermark
detrude
cothran
carpomania
conncoll
acologic
dobrushin
bessemercity
burgus
baitsi
endoenzyme
darfeuil
dynastically
choupon
cargill
alloyed
dambonitol
attractants
cylindroma
comprador
bissegger
brockway
dittied
boxer
corporative
brachyprism
christiform
collega
angulate
clepsydra
bleaker
electrofuse
dogose
cystospore
adger
cuana
arnee
antishipping
asrit
bleys
celosia
centrifuging
autogravure
chicaneries
elating
beriberis
caulicolous
anopla
chousingha
aglance
demiurge
domanski
borodawa
bakership
cederlund
defina
braw
cybercore
bartends
arvan
cloudily
definitively
cleat
baladan
discoideae
brend
basilinna
convocative
druna
bloodbeat
beekeeper
anarchy
agroof
eggleton
catfishes
disbandment
bordulac
catalyte
curvier
duplexes
deducting
allon
corrodent
ageists
debt
avert
buckman
burghardt
casemaker
charr
ceratophyta
eagarville
callings
cordova
creams
contraprop
eggbeaters
barbican
adversarious
cmpc
arborists
archhacker
burbliest
acebes
arkansaw
blandford
berglet
cheiropody
absurdly
eccentricity
bogeying
beautifiers
asea
arnesen
blidy
digallate
bonny
colbert
chayhuita
cultist
crossett
bupuran
cytolysin
denitrifier
cnicin
decolorate
depots
disfiguring
duple
diurnalness
dyads
cobaea
ebargtuo
ceratothecal
daughterlike
dysmerism
avower
alkaid
ecclesiastry
dilloway
congeable
autopark
beknived
bogomil
confectiones
cervicapra
drip
endostracal
chanties
edith
consolingly
docent
dermatosis
bookmen
cidr
altarist
dikanka
alisa
bemuddy
alangine
beetown
eberlin
brittain
avunatari
cheesier
binoxalate
christopeit
clemmy
dairies
costated
backbiter
eponymism
banbana
bronski
awestricken
aware
batammaraba
calceolaria
ciboney
amsira
discases
akaike
embryogony
epiderm
armloads
boilerworks
betsie
antionline
cocamilla
detailing
centistere
dulin
disputing
equinoxes
dynar
continued
brawls
coelogyne
aachen
byzantinize
corydine
biodynamical
chewy
ekoidmbe
cayuse
bbslist
alphitomancy
buncal
chitodawa
ecumenicism
cookstove
apprizes
aurorian
bissette
despotism
boshoft
crouton
aspartate
egalite
ditetragonal
bradyphasia
alizabeth
anacardic
dyarma
baliem
ameriki
backus
biakpan
aftercourse
bhatia
caroler
castles
chrismatite
committe
blankest
crumenal
donnolly
