77034
83975
11280
26108
17177
13682
78660
77826
8179
57459
44751
18691
4830
11397
16166
70784
2911
7555
51101
78123
92830
21000
7356
21148
21528
18636
26350
33924
10929
62805
81555
48435
41369
75429
54128
86817
52189
6355
27907
88161
14669
59786
6963
74352
34019
96402
66678
72401
94601
7357
67828
57833
10237
86599
35943
44914
17455
26140
17413
5430
56049
40035
20115
63716
31678
94733
46902
82091
28921
48797
68809
15512
65381
18485
53651
45541
51677
6053
66858
62137
61147
69230
92779
76863
85836
84986
44208
93185
63084
59562
92624
68692
95484
2936
52374
58595
52349
62636
39600
68607
15903
114
53934
23708
58172
2960
4255
78606
932
31457
73025
2073
4958
47259
26916
30243
45207
42459
34219
7752
13157
80265
89007
43177
63194
74758
88193
25368
7381
52993
88764
81242
32322
86637
9961
80102
26870
78196
37889
8193
4229
92505
58103
86276
85399
22371
75629
50742
30835
66408
11906
96217
94989
41049
35464
67132
30788
92760
3988
80801
53693
37882
96025
31390
38395
16702
62026
2990
10474
21991
51083
10654
24572
64686
34654
23280
80248
96037
55110
25066
45176
19090
23273
17935
58611
15277
62327
61761
53184
59025
89062
80604
32005
63705
76984
5629
2134
77303
21174
67335
24334
23667
85831
82413
51697
65797
92569
10242
88410
40950
57840
37734
13141
11840
39258
57496
7156
12510
83161
5711
91853
67524
19305
75613
2622
81830
29506
12453
42219
63020
30078
65186
5842
11766
16929
64440
45539
19713
96119
64389
13939
94044
7363
70304
41337
86663
65220
79440
6962
62970
72570
88106
64306
29066
90653
83492
89397
80551
23370
73776
57494
94997
63462
80612
31764
71787
93197
1518
53198
65738
17448
44413
32750
67213
21900
58697
87447
76946
88281
16550
87059
96278
75225
10930
27626
43906
35695
