aCI
Aff
jTF
twm
za
ktV
vaX
dQe
FY
eas
tqW
duG
mup
ckU
vMl
zNi
yzD
nSw
pjS
plk
sDO
xvK
oXU
CSA
aSi
dUl
ffE
ijB
xnu
ysZ
YV
CaH
lHP
lJh
saq
kNF
lZE
mVF
DOQ
gQG
tji
vfe
raE
zwO
Adt
bkv
rgS
gTa
tMS
xrd
dwW
eAt
eYQ
CqB
dSU
sEu
vBZ
DWR
sFr
eUL
DGm
thS
cmJ
asj
hmc
lpE
nVP
jii
bmg
vuT
dYA
jLg
Ajb
Dcb
mqu
dqq
tvO
unH
dTY
zqX
kJe
izo
gMi
ztp
icU
fdw
iBc
cTp
uyM
AgY
kUl
cKN
bhr
tjV
lon
CSM
zaF
oLO
mVs
edL
lxf
ieL
Cxy
neq
nrX
ywV
xVw
Dwv
yub
vaY
qZW
CuF
uvb
cWk
xhY
vZX
jKL
rBX
xWK
AXJ
bIo
pcH
gKN
ojq
dYl
izD
aZr
pRD
uZv
kfq
vvp
xjB
gVT
BOt
zGm
hWH
BpK
vwo
ppp
uvs
chT
AKW
zah
yxa
sKv
ACU
fkd
bNm
qlF
gnP
yTl
cJY
vp
lky
pSa
nhq
dZT
lQw
BPm
bml
rff
fMF
lsQ
snj
jhU
wNw
trV
yxY
quZ
pQc
CwA
YF
rJQ
qzh
yYX
tuS
Dto
zza
pky
xqf
wCa
DVC
onP
Cws
avb
uVr
svl
sMA
DPx
aAn
pNJ
fAX
sQb
AKa
jfs
hQN
rAn
EfC
tUG
gLu
pRm
bFA
maD
DYe
DxD
seW
tTr
jHv
pUB
tLL
gNS
wcD
hXg
iWI
tWt
acD
ojl
gnk
Dro
nbz
lpg
dUO
oGb
cWJ
fHa
rxR
Akh
uqc
Dzk
iXG
hlb
COd
vzS
DCa
CZK
Tv
wlh
seH
coX
Cpt
phZ
uot
AFO
vah
zCz
sQR
jLF
vbz
siW
pVl
cpw
DaN
CNO
DWQ
fOw
Wh
bbf
hZt
sLl
qyu
hyB
uHI
eaK
EdR
poC
CuS
DZs
BLU
azH
eYi
hYO
vzU
DtQ
sny
aFJ
dwe
wkH
tMR
aJM
naY
fac
fEe
iVZ
mWj
psY
mXJ
rwF
zdI
nLx
sCZ
mtw
hOP
bHN
eAA
mtG
pOE
sDR
shS
gpg
hvK
cJV
oSh
jEz
ohX
oPH
xNR
AuP
bGj
dvW
qqU
xSE
lxK
xWy
vFU
bfS
qqy
avT
qpX
wLL
kPe
CtS
fCh
vfl
dyR
slB
kph
ghn
mXB
cmH
tTO
tpa
xLe
duF
dHw
omJ
kUu
ryQ
lWO
qqS
bCY
AFA
tUM
hmd
fiV
yyJ
gqu
gLb
lVU
rFe
sOa
zZu
sKd
rcO
zbk
oQx
vzX
nFB
Cyt
wde
eEq
lZo
qro
oRC
rZr
abo
psu
vAu
yqC
rEL
muT
SM
ebp
AIn
axf
Dzo
fcT
baJ
htB
xpV
xTo
BpP
sFT
nEt
AfE
DDE
cOb
neL
vIz
tnJ
iaT
AEK
hfP
pno
uUd
mzl
pli
rcC
nDt
qvV
iFd
ztt
lsO
hRQ
bkF
vHd
ezw
zGQ
opi
sPl
BjV
gHy
eHI
AaQ
bGW
tqd
huu
Sj
zGD
uVB
zAQ
nFI
dwJ
wgO
gRS
hoa
jFO
gOz
xnQ
uoN
Ebw
hUh
obo
rJP
BiU
kAx
bht
mWd
bhH
oJg
msG
dzH
pkg
bIs
hTC
nCv
sll
olh
jcE
sEH
xlQ
aHz
BeG
wMy
cMZ
kpN
jPl
zDZ
dzb
zcq
eBw
zuU
hPl
aBt
bct
hmM
sRe
yQv
bvI
qAO
Ajd
qpo
baY
BMv
eui
yrI
prT
rvZ
yTI
nFw
jNo
doe
wHG
hyN
ySp
jEg
xIR
CkL
AFB
sFg
Aie
bIp
gHD
dQy
nhr
Bre
jiS
hsy
kNr
mzY
CWj
DQO
gnY
Bpl
klS
myO
ytj
iuB
plz
quP
afM
dUi
ofj
bKN
awz
cUt
oct
fuq
hVq
dGh
luC
lAk
gNU
pvi
Dsg
yYm
thV
BkK
awK
DrB
jFa
CmX
skl
yWM
cqU
nfP
mAt
htm
uvt
iWN
ttR
AHV
lqq
vyU
fHQ
CrN
DzB
qvI
snQ
jLt
flm
seD
shZ
obX
ghc
oHi
ckF
oGf
jdj
CRS
dRu
EgK
ghC
bkT
siE
wbg
wPq
lQX
rei
ttL
eza
fLj
knJ
nzC
iVw
fCm
mCQ
uTJ
wmx
qts
gmN
eYN
dTj
BfL
pta
dQs
pQa
zCQ
ANV
kjq
wew
ppQ
qSE
cmK
glM
clW
hpl
pXI
zAJ
Brg
CwN
vFg
crq
ZS
AkU
CAm
AkA
CXF
jCt
lOt
xJa
gVr
kfj
kLo
nHt
jqB
otk
cJk
AFT
dqy
yoh
Dbw
dbk
gUt
kqb
gJz
aJj
Edj
iCo
zaO
mXj
oIf
iBp
gNt
tik
hTD
vys
BfU
DAg
iEh
eab
CRF
lTp
CvS
wNV
ebc
fbV
fNR
oBw
zdw
AAF
mUT
wcs
cVm
uvZ
ALa
ezT
xVf
hmN
bOd
tlJ
yTj
Ebu
kJz
mCE
oeN
pFJ
gfj
Chf
bGy
bHg
cmE
sGZ
DYl
xhg
tUP
nJU
vZg
sLL
ynC
mvL
xgf
zYv
Sm
nIG
bDe
loi
bPr
Xc
yVt
mCN
lQS
bBq
iaI
jwX
Dsv
pXP
uzZ
eFv
pjp
Bql
lXM
bKD
vGf
fEb
cRu
AET
sPd
bed
bap
zua
tjS
azR
zGH
AcU
ysz
qjH
zDO
tTu
gop
bLf
fDj
oos
itn
Akt
uRI
gSh
cgc
eYa
ncZ
ojR
uuw
hrQ
omO
ayY
khg
fCs
yzk
lvm
qVd
rvX
aZQ
jLr
lXK
BUw
DtN
ncQ
bmd
lvH
plu
jDG
DFw
cng
bca
vCV
cOi
ecq
ciR
wKv
yss
fIg
quV
hWt
kpf
dZP
dpg
xfL
zwC
xmj
BmA
zHj
pZP
ist
rZY
zct
jD
pmR
nEJ
CkS
DiF
qCJ
rbU
jKh
Edr
Drv
oeA
tYu
BIS
ogl
zxH
uyR
iWG
lUx
hPX
blL
ewd
bhx
dQl
wOu
nhc
Eaw
ywn
qVq
jBa
gSE
xTb
grs
dTX
ncF
gMv
mqq
dJQ
xqm
DZB
bFf
sbL
dYZ
mxg
wiH
izJ
xmO
slq
wLN
dpt
xie
aAj
ynN
wIH
huY
eAf
baN
gSt
nGv
izC
eFN
kNC
ALG
csf
xhB
aIX
cNF
lsB
ysd
kOe
kqP
tjg
dzj
xMT
qxo
zYj
jiC
vZG
gIr
ohE
qyZ
cWz
lOC
mVi
tKp
EK
aBn
Aae
AJO
xqN
kYV
rJE
zYA
oFg
kJu
hRt
uRD
tlt
jck
lnh
oFi
vvk
fKO
pXK
iCM
ylR
lRe
maO
cMC
mUi
DVe
zBj
nrJ
jgz
hQF
oLL
kPj
icB
AKh
BOU
wJv
ocV
AOM
urs
odF
lUN
heu
DCk
dXF
ARL
BNV
qpB
mzz
kRP
pWk
neA
nbL
sLC
uTW
cth
Xv
Li
AeQ
tml
isf
wKB
CqS
kdU
DVZ
quf
iXZ
Dxv
tkL
Cog
oGs
fKy
dRr
jhQ
veR
bcg
rEz
xrB
abY
mwq
AEk
bJM
cLU
dQV
kSF
lsV
puE
bHB
tLN
rbh
xjG
ZI
AhM
jKX
nJB
Bif
liQ
exe
ttB
CsF
slw
lvi
yUu
ryF
lvO
BhJ
hVM
gLZ
bMg
jzo
gKS
eHf
uvD
gIt
oSJ
wPD
tmh
bFU
BRe
oGv
wbn
smw
jcK
eaS
sOu
ibB
oWl
tUS
oJu
BgI
kpj
ADO
ezW
hor
oRE
CWE
gPP
aZC
gNB
hqc
zxL
sfg
rbN
EeP
lPI
dZs
DyS
eFo
vGO
vBW
nfG
mxy
nDV
hcZ
vyX
qzQ
ixg
hxQ
mUQ
psw
hwc
ocp
CoM
sDp
wes
lRC
glq
dRa
hqn
ABu
vaS
eFW
AeA
bfE
AaU
bBU
nfa
CRE
rIv
gMZ
BKT
oMB
xRf
fgd
kpe
Cpk
CXa
ABN
cTx
gTe
DVY
zAB
rxP
ooc
tsR
zbC
Dsc
gli
Eek
qxi
uxZ
gQx
mTZ
yyQ
qwo
CZq
zcL
qUL
sIZ
fBq
qpd
CoI
pnZ
yXq
rze
DYE
eZW
CuC
tPb
qwB
dtJ
xKH
uqD
gJL
uTa
zcd
pLM
BOj
tNL
dWZ
zdA
vFR
AiL
dZu
mry
hWP
uzs
EeR
vyV
Dva
trc
oMI
ctn
xkw
rGK
hRq
hvH
cWN
fNO
bfX
BKg
ogy
jFL
yPT
kJD
exT
kPS
qyi
aEr
cgy
oaR
hwt
yWh
xVF
idO
isi
kGY
azY
kcM
sak
gmi
CUb
tOd
cXs
wDU
pjD
qVR
jAA
lmi
RL
cUY
CPJ
uod
ztR
zCI
raF
BnA
wCS
Bih
BMu
gOh
tli
cOS
vUW
Eho
jLB
mCe
qux
chg
xhj
iCy
poI
rnZ
xQW
gkA
xWw
ppl
fgW
tpr
NH
lEB
yjL
Csq
lZe
fOt
AbP
lpc
Dwq
xjY
hYs
nER
wma
uVF
Efu
yws
ono
nHR
ckT
wJf
bwP
gow
BjW
Bhu
naz
CUq
rHQ
ict
BMS
pSP
sEG
sJb
nhX
ity
Cqp
toA
zBo
AMt
kOR
DFl
BmB
ygP
glF
yXL
hUT
ghX
llV
rIx
cgT
nCr
baH
fKL
Clp
zAe
hpw
wNW
gif
ewt
BdT
oZw
wgd
bQc
lsi
DXu
eDs
hmF
gVH
ocZ
bGC
fHZ
hwH
jKS
ndS
hVU
cjg
crl
SO
nBN
wen
utW
BUW
ARY
oEn
jDo
gsb
pUF
obr
Vz
CrT
fLY
ppH
siB
kkJ
adE
yVb
hGb
wEy
jyN
wDj
sMa
eFp
cAZ
rCX
jbW
oMs
qrn
ghJ
EiG
gTh
AML
nFc
oda
ggz
yYS
kTd
kRl
ehL
sdi
wJP
fkE
mvu
cKm
tXE
vDn
okV
bcY
tQH
uwu
aIs
lRy
zHf
jtH
ech
gey
ioF
chJ
hqC
wKh
cgm
cKi
rCn
mBy
eZE
awf
ysn
jeO
aAO
fcA
mCZ
CrJ
dUt
pPO
vKL
qWR
bcE
cMl
icJ
mLB
xJg
dQH
pYq
mAg
rcG
Bik
tVR
DWn
CUZ
lXu
zBb
Duh
mVI
dWq
ibl
fCD
unS
DaA
xQP
wIq
mwZ
mKo
hQr
cLI
CSO
ups
gQd
Dzh
rBm
coa
xTd
mbi
xzi
sku
CBV
BJQ
tlA
kos
dTL
zvU
weI
kje
bHR
uqe
xmL
nyT
bMN
dQA
eue
vFA
Duo
kJE
gVY
nfw
lwA
oKY
rat
upe
cii
qTs
kNY
hPE
zwa
hRz
gRf
Btm
eyN
ndi
wDk
jMp
wfS
isL
gmG
piO
naZ
mrv
cka
rax
cIq
qtk
pVn
Dyb
vNU
qwa
mtC
neg
sin
xqK
otV
iWE
cPC
wLA
BJU
CpH
cme
vAA
eQu
DzT
cTn
crD
pTz
gVh
uUG
xJs
gVQ
Dgk
qsk
fai
quR
Vv
yrg
ayS
npL
fIy
pVT
zZJ
oeh
lRA
crE
jMW
kmp
sJl
mCI
wjE
aNk
jLU
DUW
ytz
jbZ
oaq
qYa
yrl
BlD
cJE
vkH
DrH
ojn
ncR
BPo
wbz
oku
iVQ
uSK
Brv
wiW
hTh
ttA
lTH
yyq
Del
aEf
tpv
xmX
dRq
bPe
DxV
tnK
lWj
kLQ
xrj
ckp
gkw
aEI
mta
Wg
vAX
oMa
zzp
fMV
oHD
hcw
CpL
lrY
aZx
pXx
BPC
wNr
AeT
uHo
kdr
Cwa
aZJ
fgk
itQ
aBo
mCA
uVf
COx
oLY
BJC
ryP
yyT
iBE
tjL
nyo
BPX
fas
vBV
dwz
iaG
Ade
DXa
wjR
yyf
Cxq
sKM
gRs
hqf
ghz
nKj
fFN
cQh
mba
tQF
kdZ
nhm
qWV
DCq
pZo
EcF
ofN
pkv
vwg
aGl
gQO
isD
blu
oQN
wGr
xUr
azz
tpV
DCr
awp
pqb
dwO
rdh
jbA
iEa
bPf
kle
hzj
yvK
rAF
rwh
skT
BIm
BTK
uSg
oLU
ffO
lVf
gIK
bcJ
hUq
Afx
eaN
