79717
17611
54362
41782
86452
26420
23874
99158
6019
95842
98248
110378
18248
79367
43840
45227
60623
122082
121073
105569
12368
39803
55953
68078
13491
100269
12070
53228
19521
119873
35375
64313
129253
62666
117340
52564
4201
2138
105052
74986
84545
101594
72263
35683
101301
55602
28634
65083
79400
66475
82991
124618
33589
72129
104724
29319
67278
100191
105545
4535
110929
84700
45404
57462
80756
1360
129852
46032
103222
107200
102423
18492
17699
43951
38767
124557
58297
49039
124077
102536
87074
57412
5583
87228
70330
91751
129224
75325
87332
106255
22300
8813
127965
84933
57585
604
29654
114966
36758
11897
83571
8435
98200
5967
84686
96193
92406
119478
32675
75642
89362
128363
107562
56371
89344
82965
105368
18942
18459
119524
114899
54432
92532
