K
f
A
z
k
x
n
6
Y
E
r
s
p
9
L
G
X
w
M
T
N
4
2
i
V_
C
W
0
H
1
R
XZ
_
xP
D
q
m
o
O
hE
qC
B0
Q
J
v_
t
d_
v
zQ
g
P
j
5
bT
8
u
cn
uM
V
xY
U
qE
uH
S
hw
rw
B
JV
CU
JQ
hI
nK
sD
XY
gV
nP
lN
jO
cM
MZ
r1
pC
U_
H2
h
rG
d3
B6
TV
y
eQ
aF
OT
bY
xT
nF
lJ
IQ
NW
zU
fM
M3
dy
kx
V6
56
G3
dt
nM
mX
aw
HJ
s9
ES
FM
pZ
yC
y9
IO
wH
jt
oH
GR
R9
38
MN
M0
ps
l8
TY
R7
cA
bD
fA
IL
AH
fT
aP
uN
sx
vH
gX
ER
iF
bI
N7
ko
f9
qT
dS
fN
GV
n2
qR
an
gi
K6
dw
qP
58
kX
n_
o_
mr
L2
CD
k4
mP
G0
np
FR
Q3
bt
e3
DR
oZ
tu
S4
z3
mS
ar
qV
a4
E8
q_
GX
iI
n8
MP
sA
eh
kO
DG
rF
iz
kA
B_
c7
hA
ax
oz
M1
I6
vM
jp
i3
pH
bP
w8
bW
as
wZ
ox
yH
qr
ap
bB
14
dJ
g_
fE
lq
LV
rx
hM
df
bL
sM
mE
r4
qu
il
ty
bg
uz
er
xR
BW
EH
dE
DU
b5
p7
o0
OS
ck
s0
E7
rs
BL
lQ
q3
qJ
gU
pt
qL
W7
oL
gq
b3
hY
hq
23
H9
T9
I3
cC
hO
st
fg
tD
PS
nI
QW
Z1
it
l_
zN
B1
e5
dl
D2
k7
jv
25
vW
LN
LX
oQ
IK
tH
M8
P4
w5
uI
tT
fQ
ey
ac
c6
D1
iL
aM
8_
BI
s6
cS
V2
eP
tw
AS
wJ
AP
OV
iH
i7
OY
EW
nE
l9
uW
J3
qM
s_
iZ
uB
oE
gP
I8
jG
xE
hJ
DO
28
d9
ls6
K5
aE0
aA
ov
kn
gj_
JL
k3
gD
tA
CF
yY1
Z3
hqt
BR
cy
CV6
rA1
flR
ux
zR5
DI4
m2_
qz
el
tQ4
Y_
oyH
mHZ
cl8
nA5
tuE
ikS
JT0
BG
AF
aEH
hy4
mwP
kz2
bPQ
uJQ
ksK
tTV
ek6
vwW
qtz
EN
luB
bI9
vH0
dEK
OPU
eiy
qrY
av9
HKY
dsF
aY7
QZ4
169
FN8
hF8
cAW
uDM
jEX
mS_
bW5
sS8
aCZ
lt0
GKS
uT_
CJK
GX3
DIO
ab7
kMR
bP2
v19
pP3
tH5
psy
qL3
AJN
BP2
fR_
inp
pLM
sLX
mzV
uZ9
xHK
biQ
ho3
sDI
dxC
coq
nX2
tBW
csT
cp0
fps
cfG
brs
gJQ
cmT
OVY
MW9
nH7
lP8
lBJ
mZ2
aCG
hl_
qwE
mrx
jpz
jqZ
aKX
hJN
tZ2
iuw
N1_
kx1
yW9
exY
yBC
fvU
PW9
dtT
BP8
bsL
cmV
lMU
KQV
EH_
Y17
oB6
qsV
kvK
hkL
fzF
bNY
NZ0
iqs
cwZ
wR1
v90
dIT
rQ_
lxY
KWZ
anK
Z45
iH7
aD2
wQ9
rJ3
xJO
aL4
qHS
lQU
bE_
pMT
cwB
byI
bvV
GP7
nKN
uzI
aAJ
HKN
uC6
ep4
sH3
AK7
vER
lEP
kor
xK1
oyE
mux
IUY
de1
lPT
ko9
mwR
zU2
U27
nJT
kC0
zJ1
eBF
lsP
dJK
mK5
bxN
aBC
exP
pMU
xJX
iHJ
uIT
dwX
lJN
qQX
x5_
N58
tPS
sU4
vDS
yzE
FO8
nW2
sDP
koS
bqE
148
hIV
qW8
cSW
yB3
zHR
uIK
kO0
HY5
F27
nzR
HR5
iDW
aUY
fp7
qsS
vF7
oBK
nVY
dPY
qEN
rRY
zBQ
AIW
Q10
NO8
zBO
ryK
uQ7
f10
mM_
ks2
tRY
W34
C30
LM7
kmO
fIU
lru
etS
EOX
QS9
cqC
gxU
pFK
fL_
BO4
bE2
ntB
gK0
orD
wPW
em6
aMZ
AW5
m8_
chw
hvY
f46
es8
ekJ
MTY
nT1
FH8
jo1
io2
cP2
esY
wEU
R49
t1_
knC
JS2
as8
IS4
I17
dBZ
cVX
ad7
LY5
fX9
nxY
iBN
rJ8
fT3
kBM
dKR
vB7
hsL
ir4
cf6
FNR
lP2
fgS
rFZ
gF2
DR5
gKL
ADZ
JKT
hot
V16
jN7
fCS
mGI
ciC
AO6
fJ4
t20
vwy
aMQ
rw0
mtU
jGV
fz0
HZ6
jxG
iAK
rJR
uv7
bz6
xD4
bpy
oQS
pv3
nF7
kxS
jtG
gkO
qIU
PZ_
uI2
GUX
EJR
AC5
asy
uGT
eOS
mN0
zAH
xOZ
jN1
zL4
JQ3
A78
pH3
aIW
DS_
bw1
fqS
eMP
o4_
GV3
gEX
ejM
giW
eE2
pz5
sL8
AJ7
zUZ
eT_
oH1
eER
g47
oR1
qN9
ntY
prv
M70
nvS
ru9
s16
xMT
dfA
tU6
lEK
mJ9
glT
kzD
gio
di9
biI
dL_
anL
dzR
dC0
bD5
nGQ
yzB
vwI
iz6
iBU
v1_
E45
cgq
zEQ
o24
akH
ept
noV
imq
a49
a26
hnA
CMS
fJ2
pEO
abt
m18
IOS
GPR
dj3
iF4
fr4
tU0
uN6
lY_
GJZ
imo
JNO
ajH
yGP
sGH
CIP
fvG
BM1
iET
IK6
psS
bcJ
zA2
cw5
fx4
xJK
hoC
pKQ
HZ3
aqS
dj1
mFZ
nY1
r36
suT
AEJ
JL9
ejB
ajp
jmB
xT1
gvR
yXY
c37
aR9
cmH
FQ9
hiZ
hPS
oGM
gy8
jK2
oq3
hwH
nPR
fFX
irU
ry5
GM0
rCH
AC1
wS_
eD0
ceY
lF8
mY9
jK6
sK0
cgm
tY5
zF8
fz6
APX
v12
hoq
buC
oT6
hnB
APS
LOX
mLY
auK
msY
jU_
qRY
wN2
vzT
nT7
osZ
460
wFY
tIT
COP
djS
bhL
jsW
eE9
kq9
dh3
bm4
LOW
tQ0
ceN
ayz
muZ
ioP
aF0
aRY
bij
fzA
K34
uA0
oQ5
tvy
u17
wE0
NR1
kHR
rvF
myX
gPQ
s15
ceR
iu0
izF
eS5
bqV
kpT
EJZ
etH
anz
jmp
hBF
rW5
rvx
kuT
pC5
FR9
dwZ
vL8
jG1
iyF
GV4
wL1
cN5
jkE
uyX
QXZ
xEO
jC8
cAU
drQ
ft8
kPV
mDF
yRS
GL_
ns1
qxG
tNR
dU6
L20
hv3
fsu
wC6
lA7
bT9
fY8
o7_
dtN
wAJ
iL8
CKV
ioL
knq
nIX
wzS
zIL
uxK
wy8
PX0
mzW
jqL
vzM
dhi
ej3
IU7
nMZ
qE0
bAZ
fnD
msA
eDY
JOZ
itG
wEG
jHK
wEX
lUY
axP
nR3
vKX
mL9
m35
kEM
sw6
zV0
fW0
xCN
vX9
HQU
AR7
suz
eOX
DL5
DNT
fiK
hor
mGM
aey
b7_
sxH
iOU
cW6
bly
az3
hrA
sS6
qIQ
apy
uP5
DJ2
lLS
hnG
is1
avB
uL_
qrV
GI4
lGO
rY2
bDE
GSX
dir
vMS
CD3
iE6
hq3
wxJ
uFN
qEW
iPQ
dkN
aM_
uH3
uz8
lFY
sHR
pC_
bUZ
lmL
hCV
gm4
oF9
djw
U47
lDL
ER2
uEU
LNR
or5
aes
qz_
bDY
rzE
wy4
GQ7
nA1
U12
sL2
eL8
kN2
qrR
zS8
ANX
EJO
hR_
qyQ
KR5
dqA
ruX
GM7
eFY
ADL
qAJ
eE8
fWX
rO6
lTY
gSY
IKY
zIX
qKN
mx3
eyB
ctH
psv
aL5
klz
P30
yP1
os2
sV_
wK8
nqQ
diB
bW0
oFN
eKQ
iU_
yFG
B70
fTX
nG2
G45
yEO
cqA
akC
NST
qBG
EHI
qD7
be5
M45
qAQ
fuE
WZ8
HIY
dmp
TW4
msJ
ES9
oLV
ry2
hnH
elP
lvN
yJV
X80
DO3
cCK
alT
ikP
QUV
gBC
rv5
cG_
zY_
IJ8
X19
qQ7
pKX
tDK
eEM
oB_
aPV
dil
wCM
eyz
alz
xSW
awY
j69
jZ_
lI5
cgh
pR1
gy5
zEK
sO4
cG2
beG
uQ5
qMW
IWY
cuX
nA8
gzU
H40
ST3
EUZ
ABW
sR5
lTU
klT
a0_
AUV
dek
qX3
bht
gzC
ops
no8
gpE
fiY
oAP
ds8
nDY
hwE
lV7
frX
pUY
cLO
bIU
fl2
lqB
vJT
cFX
qz5
yQ3
ptW
aoA
vEG
cmB
HRY
JO4
fiS
u13
pxK
FPU
RZ1
iOT
hsP
xF3
b17
vR0
HTU
vy5
GRZ
W69
gzW
p67
lr2
sIK
LT4
ekq
lm9
pwF
ew6
cE3
fm3
pxR
br8
qrs
xFG
ou_
sV4
ipE
gCZ
DV7
IN9
zWZ
rAQ
hLQ
sKM
R4_
jLW
izT
jku
h7_
aiz
acW
dtS
ghZ
ajM
eh5
mnp
bxD
kVW
btX
nzG
nsT
emQ
dtX
kE4
kAH
acf
sIV
sR3
kp2
hzH
mvC
ry4
hpy
cjy
n45
jU7
iCU
d59
qA6
gkn
mw2
PZ9
fo3
pL9
hv8
kpv
eLQ
aj2
249
buR
vw4
wIS
otC
oH3
pU0
btK
FL9
yX0
fF6
bT1
uyB
DFX
GJQ
mAO
wB0
CU1
DEO
uA8
zQ3
aqK
fmQ
Q7_
jG9
kwW
yN2
inR
qN4
iyI
SW8
n38
rHX
uLQ
gEN
aAG
gtU
xN2
vxQ
bLW
U16
erw
MUZ
hL1
DJQ
csD
bl8
BUV
V67
BC1
kwO
hDL
chU
NZ_
CSV
uzF
wIQ
mDS
nGH
duZ
kvH
dOU
XY4
oW2
quW
grA
nU0
btO
vFX
fgw
AG3
XZ_
L8_
AL8
eOV
nxR
DSY
uvR
tE1
HI_
eyV
RXY
egj
fQX
mE8
bzO
knu
nQ3
FL6
aBX
mpY
AMY
MPV
sE4
wyA
vz8
gAZ
nsN
KX1
zG1
nIU
cJ8
jw0
bsX
ptB
gx1
rEK
rzI
bF1
hkm
b67
hB1
qwJ
yL_
AE_
qv0
dux
cEJ
aPZ
OP0
fyC
eM8
D48
yDM
cpY
bgN
130
dX7
exZ
bgV
tvx
r40
elx
EX5
pyY
oR_
IX_
gy6
oNU
dMV
T19
pV0
ouB
pKO
xIQ
iAR
pvx
mwx
nD2
mD_
y67
mH9
DUV
epr
dwJ
qtQ
hlG
CMW
rwQ
JPS
lA_
mIP
rEP
afo
oT2
grQ
GW6
QT1
av7
247
qyE
fEZ
ruQ
ivw
hA2
dxO
mx0
uMN
D28
AD4
rNV
EF1
iyL
nF5
uyN
pFS
gCY
kqL
fOR
lKT
fjq
GI3
tO0
qvM
xA0
QR9
nyT
kr9
t0_
fw9
GMN
dem
sGL
knE
F15
TV6
RT0
amJ
mwT
x3_
EGL
biU
ku2
mL0
bew
oNS
yKX
aE9
GO5
w12
nN3
jyV
dH2
csU
aOY
uGV
vBV
BM6
sBK
BQ_
jtx
im0
xBD
rtP
cKS
AKX
cfJ
svI
cx1
ip2
xP2
kGT
hOU
mDT
K1_
jms
LR0
yPU
xT0
kH9
ez_
fxB
OQV
uGY
ovO
gB5
vR7
rAT
W18
mCT
hEH
sv8
m47
et5
hmQ
hsF
tM7
u16
al7
AVZ
joL
uCX
nEX
eN1
ez6
BNZ
kB5
gzP
elV
zBF
lq_
mrs
o30
itT
PW3
IM4
aqR
AW9
egp
yOY
lsN
EP3
IK_
zG6
arQ
bU7
nIM
xK3
CE8
jmu
rHV
kI_
msu
NQY
lnr
oY8
lrM
jsO
dqJ
fwR
fX5
bu9
CW8
iIN
acB
RSX
jHT
oFW
bKW
dq_
oyC
HOQ
foB
cAN
IO5
isC
qJM
CL2
oHU
fq2
uDI
lwL
cBU
sxL
cRW
syI
HPX
WX5
mnS
pJ5
kGV
c36
bFI
dX1
i35
fgK
vG_
lEW
grP
nAV
lK0
xYZ
FIQ
jrR
oCU
M7_
RY9
wCI
oLX
er8
NPW
uK7
wW_
stI
LNQ
iDY
qB2
DKL
OR1
kr2
ko8
lq3
vDH
bcL
gjw
nPT
R0_
dpL
eOQ
mDE
ev4
j70
gB_
dh2
gIM
EHR
fGK
wz9
efh
aRT
asu
nrK
emG
fQ6
jsx
czH
lH4
elB
bk2
cd9
fT_
nF_
RVW
AEY
rEX
HLR
egL
HS3
qCT
NSX
lHY
ego
deu
tP9
jL2
ABM
fvH
uT1
iCZ
asW
eqx
hGR
cgA
ipK
ci_
EHX
FTU
iFJ
jEW
y80
yzR
EMR
sR7
aUX
jL4
fu1
gwR
glm
cnS
bzR
emN
u37
hQ5
jCQ
IR6
HU2
AL4
mT9
NR0
gAT
lCK
dpq
l24
mqN
pT9
nV8
mrC
sZ5
pTY
gF0
kvC
npC
duK
kn4
qW7
puI
cOX
IN5
uDO
iJL
FS6
cpN
wGU
xyX
fI7
hpP
tGY
azW
oq2
hv5
au8
zK_
xHX
aiV
fA4
lwC
s0_
tyA
fhK
itM
JMP
kHM
o57
bkS
EL4
mX7
fF8
GMO
ryP
qsX
dfH
kJS
qDY
apz
blt
KW0
mRV
tyE
sxW
osX
yAP
HS4
cjY
yVY
xE3
ewz
uFG
aBO
v10
bD7
gCJ
mrU
nwB
T90
gnp
gBO
hxA
kXY
z89
SUY
rt3
oxV
pwI
rEQ
fER
ckV
wDE
vzY
dGM
sJR
ouD
eqW
pM4
iyM
AJ8
LM3
boL
jvL
GL6
pU3
mty
hkr
lZ3
yA2
aO_
uxZ
NT7
hQS
iA9
uFM
nG9
eJR
bC5
xM6
bjV
tS6
hlz
gxW
pDF
kzP
jlr
dky
TZ5
EJ4
CRS
jVZ
pN1
jEQ
CX7
IV2
dR9
afj
nCV
cP7
PX3
kz0
lrI
cl9
xN4
fn7
dNZ
bj5
yV8
knQ
av3
jB1
lxV
cix
qUY
rDI
ads
HS7
ewE
SZ0
gkD
zSZ
oDY
lY8
AJ3
gTX
xFV
cjQ
acX
jv3
q13
e17
opI
vRT
v23
DU9
AX4
qt6
KU4
EI_
dmo
lC8
yGM
amC
gq3
jD7
beS
sMO
mBX
NY1
zB3
bo7
nG7
hQR
sNU
fKR
CMV
Z28
jkH
hU0
uW0
rxD
dE3
anH
CDS
jz0
PT3
kY4
jyA
zNZ
adU
cj_
lqw
xKU
kz7
CX9
tKO
tG5
356
hAT
lK1
ajG
aE4
tJ5
ei0
DY0
uwz
Z26
oPV
hvQ
mBR
wyW
cg_
VW5
AJR
lFH
yP_
e36
uxA
oN2
jI4
cY9
z15
NW8
378
gS2
kU3
LS1
hsA
B79
pzU
kpG
jqI
nsW
dkz
dK1
hiq
luJ
qw7
kmn
wN0
bnM
kn9
fhw
xIR
J15
EV7
ptO
txO
bE7
zDL
uBV
ftM
gY2
nNS
my5
FT9
vE_
wQ0
ruA
eiZ
iGH
opx
jRX
biF
lqu
cwX
x8_
kxG
rHK
aU6
ASX
KM_
uU1
jkr
U79
c60
kES
jvx
qOQ
gIW
nIW
blv
dsR
s24
pzP
bv3
sS3
mzF
bfh
hCF
dK6
zI1
fM9
bBD
kOR
bu8
pPX
hj5
aC7
iEQ
jQW
tyN
L50
xFN
dsH
cfM
B30
efT
aky
ps0
fvA
sA2
dkM
mvU
yz6
efA
nq3
nr9
yVZ
orW
gJT
tDX
f80
ixy
mvw
vJ5
bsS
mG_
wDO
IP_
zOY
iB0
EZ7
fZ9
jBX
cHW
FU8
wW8
hLY
hiI
wPR
sQ4
dC1
iMS
K14
kL5
uzT
eZ8
AJ9
mNY
cCM
S90
pY5
BJ_
zJT
hK6
EK5
aku
fS4
Z10
aVY
MQ3
npw
WZ_
TV1
ESY
oAL
aGQ
fgz
hVX
afp
pBU
BMQ
rKL
lnF
ayL
nvU
nPZ
fgR
quP
B68
gB8
deA
lrN
dPW
ds5
fs4
yEW
mv4
rTY
hk8
jV2
GSU
ciD
HT_
swH
aD8
ghA
az5
kRX
det
kQ0
crv
bv0
eQ6
ksA
hT1
AO_
pC8
hrx
vG2
JNQ
mIJ
cly
nDX
xGQ
ikq
GM8
lAR
hM0
lqT
oD1
tV0
bN3
lsz
vwU
sAP
kyW
cQ9
gW_
bq_
yTX
jFR
bn7
KW5
fqA
xJ1
lpM
vS9
eyT
oAK
rJX
bhZ
lEL
xP5
RW1
knY
lCM
MT1
bMO
pE8
nEW
hlH
cgO
uRX
cy1
B13
wO6
jkL
PR1
CIX
cl7
aJN
qX1
lA5
CLO
DX6
lIP
ag5
nz3
azV
lHV
zEI
fY9
uMW
bO2
nP1
pwY
uGX
zRW
pzF
wDP
eI7
tAD
sI0
aJO
cCR
wyP
jq4
oIP
bet
tWY
oW5
tx4
mps
gux
eo_
kwI
tvZ
mN4
pvL
evx
bW8
yQR
agP
IZ9
rZ1
din
pY7
dW5
eCZ
iT1
w48
bfK
UVX
aC9
bjG
DFS
qL0
aeE
lGH
klw
xyM
kR4
xOW
lJV
xIM
czL
A79
qB4
flX
DOP
rt1
V12
kM0
xM7
mL3
mX6
hkq
IV_
oyQ
gAS
klO
JU0
oxy
apK
efY
gY3
lY6
lW8
nT6
CIK
bvz
fvC
pO0
rOX
PS6
DVZ
gxT
qR7
rE5
gBX
DZ9
mW5
i2_
cET
qJ2
pqv
nS9
tF9
pAN
glH
fpt
jx0
hj_
wMU
dgX
zF3
xD8
OU8
gGK
KOV
pG3
hj4
hBC
auA
vLV
aB2
CIR
hR4
UX6
dsY
eP6
lwE
rvV
rDQ
sP4
afS
MTZ
sLW
uST
cei
rKQ
jO8
ES_
W89
env
vHV
iP9
uJU
yDH
oY6
yJX
drA
au3
pSV
kqv
gpV
tK7
dgq
lqE
jq3
iSZ
djD
aW8
EXY
gFJ
cT7
rFV
pvV
xQ5
hH8
rN_
oy5
ioS
ntA
nT4
eyY
rx5
pw4
fwz
iQS
jY0
sR9
df3
tzV
PY6
JV4
jV7
eFZ
eL0
xTV
sW8
npu
tzX
qvL
zRU
zJN
dDG
wFQ
lwN
EJK
QYZ
eV7
gzN
tJ8
dL3
oQY
vDK
gwN
ftA
sv2
opH
CS1
iv2
yCY
ck3
lpN
oQR
IPU
uK5
vK6
iJX
cfk
euH
qvX
FJ8
vwx
bzQ
aTW
rFX
ehS
BG7
wH5
kIX
GTV
iAW
JLS
kyE
nxV
nBZ
569
ipP
beu
zCY
kF9
wX2
nH_
JNR
cKR
B49
boI
cGT
guH
iM0
uZ3
fvL
bO0
otD
yD7
deO
yC9
PSU
hp7
nt3
HL9
kzF
ozH
anM
ghv
aK_
abo
oAW
V49
V38
lrJ
awJ
A4_
bL3
rPY
CDO
yOR
oQ4
ctE
sz_
eQ8
GJW
wB1
kTZ
erT
fBH
sMZ
eiU
JOR
ajV
zT1
EMQ
HR8
jS0
EM7
OZ3
n90
lDU
svZ
hjU
bo_
lC9
eJ0
tGQ
pBE
bsF
f89
kU9
eBU
vT7
vCT
xV1
dDQ
ai2
J16
eqw
mxO
dr3
kP0
lxE
U25
b37
pFR
ER3
jsY
cQS
ajz
oKZ
vAJ
oR3
eEF
gkS
uU4
oZ1
zN7
bOR
tS2
gmQ
iDN
qxW
yI2
xR8
LNY
oKN
ho7
nUW
mJL
vB6
blG
fFI
O8_
NRU
nq6
hz7
e3_
hyU
tuO
OX3
BS1
gK7
ntX
ANW
nwD
IRV
cuF
gwG
qwD
LZ5
zFK
LO2
luI
w89
ek9
uyW
fi7
dmS
OUX
TY1
eoQ
vZ7
myC
EGO
LQV
knx
CP3
aNW
SW5
OV2
H17
V56
CJM
rzU
eF7
HW3
nBI
bu3
cvw
rtO
JW2
AGI
IKT
bBJ
dfy
dw7
jln
hw6
oDT
aW6
zLS
bE6
pNR
uSX
fkW
sP5
HP9
swS
uy7
wzI
czB
bNS
JR8
NUX
hGL
cp8
kW8
AQS
ko6
hpZ
jY1
bqU
YZ9
jwI
JV8
bjU
svT
dmU
rM0
mDH
fU9
pJ9
cIL
sC_
gl7
cEI
zL8
fwA
msK
ct4
KSW
fzT
HN6
C48
kP6
fjU
K12
iDP
ayY
yK8
ltZ
jRY
EV4
h9_
qMN
HMQ
IOY
N79
gDO
xyD
jsI
JNS
iC9
bLU
ovJ
pFT
eHN
kCY
bfS
K57
yN9
iAS
eW4
jzC
fkU
gT0
wH4
kNZ
z16
ADH
btz
DGL
E46
CNO
cxB
qS1
ot2
byz
wEH
fx3
iyz
gmG
oyV
wY7
lF6
esJ
jP2
jl9
oM1
an8
pRT
gZ6
vY0
wx8
gJ0
rz6
AMW
jO2
bVY
mPQ
ySW
hK1
HN_
rv3
qtI
iqR
jO0
jsF
zLV
dU9
bF9
wKT
nOX
fhX
lW2
mJM
bs3
mR9
uMO
bqw
W5_
abV
lvJ
nuC
p5_
uwK
jBI
eKO
wB2
nq7
x56
bk_
p9_
bhD
cDH
OW1
ay2
cC_
fxF
sPV
jTX
jPQ
G19
hGV
pCM
BJ4
xyT
kL4
dG5
jZ1
fgN
pD8
tKZ
r27
mwN
dr7
vJP
acq
efD
bcx
gj7
lu2
aDJ
au_
dP5
hJY
bgX
oA6
ayJ
MS3
erA
jKT
ek3
EYZ
bDZ
koU
DG8
qBZ
mtX
wz6
jDW
ltF
eY4
bN6
jmw
gps
mMR
zNP
gDM
gq1
py_
jpu
suB
BI0
GZ1
fJ3
szV
oOT
HM_
KL7
qxE
wP3
cEW
nY9
fnE
mn2
dDP
oEX
zY8
xIZ
x34
arE
ET6
exD
mLZ
rOW
E80
CG1
fo1
cgn
bxz
x48
DY2
axC
nvO
I45
bdN
HN2
myO
syS
dgK
aI5
mDY
az4
fP8
IW6
cl0
hX2
gJK
lr1
pOZ
tW4
mnM
HI8
FW6
isA
bmL
xIW
jk9
iqr
nP_
rE9
eZ5
wGN
bG_
cV_
EO7
dEI
uL7
cSZ
ghn
aiK
xFT
sx7
sU5
qNX
nEK
yK_
sN1
goK
ilz
lzP
hOS
ovE
kY2
V29
K9_
tP8
cgC
cj8
HJP
IK5
sS4
q68
jD8
qM0
bSX
cCL
aiT
lnE
wS9
KNW
gtN
CH4
pD_
EX3
n59
DPU
cyL
GHX
yM1
grM
IOR
iKY
yQ9
567
lEQ
ovZ
p7_
K6_
oIL
ahv
jJZ
iAM
IX3
hLZ
fG0
bs5
DG1
I79
czD
hY5
pP5
DN8
oH5
anI
dhP
AS0
h60
DHX
wxA
fV5
bUX
qRV
cmE
IY_
fMP
FR4
cM3
hjZ
lQY
zMZ
aAN
KL1
vDL
qS0
KOU
qQ0
huT
V27
rw8
py1
nDM
S27
BE3
dS3
cHX
sNZ
krE
bjF
BDQ
sX1
eNT
w49
lrU
MQ5
gmI
lTV
iy2
qR5
AF6
del
xLW
aFQ
hMP
npY
wO0
beJ
ceZ
hmY
qVY
wx4
QZ_
uxG
ELY
cQ_
djK
g9_
UY3
DPT
AHY
yDT
BFX
rLV
iIL
mU1
SZ3
RS9
mrM
vVX
l13
oO6
O10
ivK
acd
O15
vRX
pN_
dj6
biX
fq5
nJW
pE0
qzO
ms7
hH2
uI1
w16
zV7
zZ2
ryH
iB2
noH
dyR
NP_
ksT
eq2
xD9
TX1
qFQ
qsL
zR1
BRU
dm2
bU2
awX
fgU
jBU
mpK
ijp
kBP
HL7
cjT
m89
nCP
A30
eHK
BL4
bvO
bvD
qFJ
lJS
ty7
jA0
huN
bc4
R19
ht9
iv7
KR1
iDO
glr
HM0
gI1
rB4
CZ5
aeK
fgG
EFJ
kq0
nS5
hqM
noA
CQ7
ekm
ptG
jZ9
iS7
ipv
bV2
su0
AHK
fju
GQU
wGM
nGW
EIP
iw3
ky1
yP4
iB_
ceS
eAW
GU8
kS1
sC4
cpE
UZ4
FUV
E34
mBC
jkC
glA
FT0
iIT
kqX
y70
D10
wCU
FGY
dpW
zOZ
bQ0
wT_
gXY
xO1
nC9
imI
xGI
dPS
hJ1
jvY
auU
FHV
a67
cE7
ers
lAZ
bnQ
iuO
sw3
czV
Y47
mCI
DJ0
kvA
aqA
BM4
jxJ
eUZ
fqQ
J17
M17
cAJ
KPZ
pLR
itK
oKR
rN9
O23
bvw
lPY
wF9
coI
NPY
DJX
cdZ
PQX
x15
pHP
qvH
gVX
nsK
iD_
vV7
A28
DOW
jU1
apW
goY
CGV
GH2
gGI
bTV
DM0
mAH
mz2
qM2
guI
oA1
qE5
jB9
sG7
I1_
wKN
Z4_
rP_
jnx
hoU
uAK
x40
hS9
R80
jpJ
ntv
mpA
JP9
iJ6
dy5
ep0
tDV
mw3
rDO
xG6
wBR
bR6
rBL
vD9
hxS
lqO
hmW
rwz
pvC
iKX
iJP
dL4
mqy
clK
emt
aE_
kZ6
bhW
g14
wNV
kn7
JWZ
lnU
deK
rT5
tG9
mv9
abd
kZ7
wG_
pP2
mTZ
CX0
uFX
NSY
cmG
ahi
dhZ
CJX
guF
iUX
dvI
vTU
uwM
lC4
kOX
szF
JV2
JOX
iwI
gl5
fN8
HT0
otZ
zC1
xBC
gMO
sLQ
arx
rwB
fPY
dgA
iHT
lRS
uBM
ad0
isP
cxR
vEU
aCU
jvA
enO
EIL
yB0
M50
pL1
kK8
K56
aIK
fqt
hlp
zUY
dmI
cyV
imW
u34
cnB
lpQ
emu
qCK
k69
eX9
yM6
lEN
hsx
dqw
CO7
fq9
rLQ
esU
do0
doA
tE_
rsR
JKY
zDS
mx7
swX
dhp
rwY
rtI
JK9
B10
MSW
tw9
UZ7
wPT
pQS
qT6
hlL
cqK
svB
gxF
apR
itO
y5_
nY4
rCM
BIT
hFK
CLY
iBZ
FSU
bHR
mu3
aAI
pPR
hyE
lFS
dFO
wJZ
lKZ
SU_
GLY
dX6
btL
iIW
fmw
abr
oP4
sN3
ijS
TY9
ef8
qxO
koy
cI_
dw_
y1_
OR9
vD3
uF3
eo0
hIT
PY1
A46
txZ
eDU
rz3
LSU
V24
tN4
OS2
mOU
pxC
mXZ
jFI
GR9
loC
lIQ
lpO
clw
eis
vwS
dis
RZ8
zC_
JT4
sw8
pqE
A14
op0
qEO
iqv
frR
bL4
HZ4
fh2
rW8
HO_
nW9
ixz
wP8
wV_
BTX
jDE
kmy
AH7
juY
PY0
t24
qF5
m37
rIK
fpx
IQ2
oOQ
etx
sPT
jow
yS5
bH5
ew2
dF1
qL_
rBP
uCW
vIL
dT8
KZ_
mzI
d60
ehp
l45
eTX
jrQ
iow
ejW
hrR
yY2
LT6
gX1
pGS
df8
zJX
ho5
X67
hEI
bou
mCO
oW4
rv7
SY2
itR
kZ3
duL
ovx
hzF
LU3
Y35
dB4
tIM
lMP
nAB
g5_
afZ
cK3
imK
qU4
nxz
P34
NO0
IQX
lG_
iZ1
DK7
owU
jZ2
PR8
L34
NSW
kzW
m10
vKL
fg4
bRZ
vI0
ADE
dDK
k25
dln
ehW
kmG
ehH
py0
af6
fuI
dpw
ikp
czG
jqW
BCI
boq
bjs
gMS
nDH
wyM
ty4
swE
RU6
iyH
CY6
duy
yI7
bkF
gr5
hJ6
CL5
tyZ
dt1
sH5
fV0
wCJ
mNW
moI
MNU
bx4
LOS
vxX
bMS
DFM
vQ8
bH2
BPW
pst
uBS
hwV
dq0
eF2
FHP
vGS
bgA
MV6
f37
FO2
lL8
F89
bls
hq_
aq1
KQT
wX3
yP8
gqF
oGO
nZ8
ckI
hkT
ef6
xZ6
ARZ
TZ3
fO8
ceM
IV6
KV3
vX0
aN7
JUV
eB2
orP
K3_
dhv
gJR
KT0
vw_
sH9
fU1
qrS
sy7
mE4
lS6
ikG
lwO
tBJ
ack
lR0
LRW
anP
jrS
jP_
tAE
vAU
koM
P48
cu9
cIO
lx6
uW5
qD4
pz_
zJY
Z24
adh
BNW
qMS
oN5
FNT
GLX
R6_
lS2
yJ2
dzT
JW8
npy
jAT
eoK
wEP
zDG
dEP
sDJ
vz4
hqJ
orv
LP8
m17
hyN
ehI
aAE
gu6
dfr
mq4
hsv
qJZ
cHM
gtE
ryY
FS4
t60
deX
rRV
QT6
tzB
hqI
fQV
prQ
rz9
pyE
IU8
sN0
hsK
hz9
IK9
adu
jV_
yJL
mSU
dqt
fR5
ABK
g90
gH4
oIJ
cu1
gtY
uO8
OTZ
j25
J20
cL3
tU1
dGV
HJV
wLT
jyO
aF9
kZ8
AG4
iAV
tH1
s9_
ovw
aPQ
tAS
ls2
dhG
ezC
FR7
APR
pT8
gTV
bO_
alt
rNU
QX0
iCM
BCW
nqD
sG1
fD8
mwC
GJ1
gmt
M10
xyO
689
zPW
lHM
hKY
kqw
AMU
lx2
JM_
bEY
QS_
vI8
bdy
GLQ
fiv
HWY
lrX
qJQ
x1_
qT3
tuA
mG1
dBK
hQ4
kL6
vQ5
APV
h27
zE9
zR9
RW7
dm6
xX8
nqP
EI2
d70
mH1
AGP
kow
oKL
lH2
CLW
biC
hz4
fE8
kMN
rJV
APW
cGM
fkF
oMN
aQ9
AW2
giL
xNP
eD3
kO5
cgt
gT6
glF
txG
oyB
dr8
qNQ
eH2
PV3
BH_
vA8
eV2
sMT
quY
iR4
DV9
hmo
lyG
ai5
sCW
vX3
fyS
mpN
fH0
vO_
L47
mnZ
j45
gz6
gj6
mx_
dAW
DIV
nvz
sO2
nN8
hAK
wO5
fzO
np4
fu3
SY4
dxJ
j19
bI1
O35
dCS
GPT
mx6
iRZ
gkm
xRV
uyP
vMV
