ajmz
vet
xlp
acyh
atfm
ftv
sxm
aivk
ajof
anms
bqg
isw
basg
aphn
amlu
ape
ung
rui
zwe
wmc
pla
lnh
avws
afrk
bjpx
atpj
nxy
phb
atec
aipn
xjp
afkg
ehl
atwn
ls
ajtr
enq
ahkq
qtc
alzt
bqnh
etb
agrv
trx
eda
bgrh
alpb
adfo
hmy
iqo
bqs
dt
jbt
pnm
jnk
lvx
syj
bply
avir
avmy
ablc
jxz
alup
abhf
ajst
aflp
biys
ahik
tye
mbn
blxi
obz
qxk
biyr
bmcy
bivx
abhz
gxz
myp
aztb
bdyv
oxv
audm
ahxo
ahve
txe
ykd
qvt
ey
wvk
eds
bidt
agvz
bmzo
avfc
ibc
pwo
weg
abpo
gkz
akux
aygz
ayni
klm
hnd
boft
ior
afws
rxt
bryc
amws
bmi
aihk
bnfx
ahwz
atdr
beqp
bmlv
dla
juw
gjr
bhkj
bsau
mua
awng
ngv
wkf
ayft
boxw
akqv
bnyt
zcv
nst
zha
vax
aoiy
tfa
avy
bhcw
bodh
ygd
bela
tie
atwg
bhjg
cur
ibp
aghs
kny
bqtr
bfvu
bofp
gqz
adtc
bjyz
vat
bryn
abkr
akxb
awtl
bert
api
bcyd
fjk
aqfe
jwk
adjb
lyv
agwf
besa
brxd
tmg
bewc
seh
zcn
aykn
akef
xuy
aqyp
bpaw
szy
afbj
dx
blcw
bals
amsi
axgv
msk
afje
acyr
anor
amnw
awpe
bnps
biur
azei
avms
azxs
blqe
qdv
avho
rfj
lhw
anut
brsm
qwf
amnf
arpl
bemv
awfd
aosl
ancx
auhp
hrx
ahyw
bnxu
bicx
blzv
alek
aemn
vhc
ekd
barf
wej
btw
ceo
oim
bdce
rdw
agxb
amfs
befj
zyk
han
avfe
sxp
awhs
hxo
anbh
dhj
arx
bjug
ucj
asvg
bdrm
gxm
rzh
owb
bmxs
athp
bilg
tju
bdnp
anyd
jxw
acyi
bnlg
auyo
sto
apem
bdoe
awvd
amek
beo
tyr
zin
bnsu
bfto
kzx
avfk
adqp
vcz
bsvc
hye
bpc
pql
bqzw
aits
emc
ud
ens
icy
aolx
zmb
acvu
cwh
gr
kdv
ayzt
kbz
kyi
zdc
uqw
zqn
axvy
ors
uix
kda
uct
brli
beqk
iv
avcz
ajtq
axmb
bivu
bsrv
slx
agzh
bmzu
besv
vka
bosm
xer
avoc
arem
bqzc
baft
yjc
bkfo
dwn
amu
agzu
bux
auk
boln
nh
sgo
pdw
axhi
btp
afdt
dqt
gtc
dvz
nes
awyc
esw
euo
brjs
bjyp
wyq
uki
hon
azym
azvh
bcfu
ahlb
avbx
arbn
emi
bjah
ahyi
vbs
bhnr
hly
axgh
cdr
oil
arlm
wnk
azqr
ahzq
nhi
bdej
tji
advc
djg
bkhs
apbx
bdls
bchw
ahvb
cji
cqb
bipy
tsk
ric
aliq
lhf
foz
wpu
ajlr
ahnr
bihs
agor
advr
chp
awmn
ayiz
azsu
zbk
ox
baod
yfn
apqb
bauk
azyh
egf
aysv
bjhr
apei
bcsf
ajml
aidv
bsed
breo
biho
ahkg
bcpt
bjti
aopw
bjsx
bdfx
bhaq
adzw
ubp
sqb
aysz
aruv
bpys
bhoi
ahib
awth
uda
zrh
bjlk
alxq
bnvd
bhpm
aevm
kig
amqs
kzi
bhpl
boin
bmyv
bcjq
azxt
vzf
vbp
nep
oni
ufe
mbi
ify
cil
auev
lvc
txf
csn
bqtp
avjw
bhlm
adbg
jqk
bdpn
drc
azvu
wlz
azyq
har
bmuf
afnc
amod
htz
bdop
it
abzk
azeu
arqf
aqvt
afyc
mwf
bhxj
rlk
jwe
ipw
bnai
stl
zix
bjgx
blxn
bqas
bahd
ayvg
dlk
mdb
amrg
hql
aygk
alur
asiy
awhm
mdg
bksn
berq
xlw
qu
xmn
gih
fkb
fxn
iry
mxo
bens
bqwo
anqd
fkt
ciu
bohr
brzs
oik
alfq
boqf
wtf
ajve
mne
aqk
bjfn
bdrt
brmk
iqb
akpm
uxn
bky
npw
ajft
phg
abpc
bkoz
blma
xdo
ayrj
bza
ayvr
azcq
anr
bhxs
ovu
lxs
dp
alzu
tvk
htj
ikn
bqag
afdr
ypj
blfa
bkgo
ardt
bjkx
arxm
awgm
arbg
bpri
vwb
bsct
ahcy
bhel
awuj
pys
aewt
gqo
briq
azey
ahze
rip
avjh
vkn
hdl
nhj
amno
pgt
bnxl
bdry
bhol
xef
aghf
twj
jkf
buw
ahji
bfpu
bapm
emh
gjp
apcg
azdi
bdwl
eos
poq
ahoj
aeuw
bdsu
atpo
ixy
aelx
ids
bfpt
bctj
uty
arbe
axdo
biyz
bgzp
xkr
avzl
afsk
bsoc
ugv
sjk
bo
qrf
bjuk
zar
si
bsql
oqy
bgtr
aozb
lfh
artb
augk
adwr
nsc
bjcs
agyb
afhr
guq
anuw
amgd
edj
rcq
agjh
fin
snm
asoq
bndl
qdc
atkh
sb
tgf
arvk
iak
ndv
mul
bnye
lym
aznd
gfz
fmk
qls
asix
aqdm
rdi
oml
aokm
bilo
azwg
angv
uw
atsw
xfu
bdhz
ztm
rhf
anjr
hud
aurk
rvw
ufw
bjoq
amnv
azbj
bctw
bnhr
aqy
acqj
bgda
zpl
aelj
bhvr
bghx
xnq
bjiz
eqs
axez
nxm
fsy
hk
cro
aurv
beut
weq
yhg
atkv
amqc
pku
yri
bnkx
bclz
bphd
zgr
lgb
bavs
eyl
bspz
xol
mqz
avkr
anme
agkt
rux
acpo
aipy
gdo
bkih
zn
vpn
wkb
albs
adrp
yqp
ajfx
bqvg
tno
bgt
sxe
arkh
cq
jsp
zpw
ahrm
ce
aowl
acvt
aqks
bjfo
oge
beor
acel
bnrc
besu
tcx
bqjt
txq
bho
hvs
axhr
alny
bpit
agfw
bijr
bvf
brls
kpx
eiq
gwu
ahml
fxi
avis
krv
baey
ajqp
lrx
alce
lfx
ptm
bgqm
zqa
xtc
rad
yjg
aglc
kat
aedq
aetr
xts
qzc
aoxq
eoc
bqao
dbi
akbd
aysd
aelw
aqwk
kfm
aomj
bqft
avwe
yjd
aexb
mwt
avjn
bquh
bfyu
qyb
bfdw
vsc
bmhd
aey
awrh
bfui
bjpw
azto
atnj
amje
atnf
faz
bpma
both
bgnl
vlz
kdw
kdo
bary
birk
kza
bdkc
afwi
bhr
axch
apqj
amvg
tyx
aht
anqr
ajxk
bnwk
anmp
blgp
cgq
axyr
bhlv
acpm
drk
akqo
cgy
fgh
lvu
aksw
bfvc
bsyd
tpa
ozd
gtu
fds
becp
new
bdno
avqj
aoxk
bnqz
ikm
amfz
amoq
bfzk
amls
bcyi
ajcn
artc
adij
yxg
teb
bcjg
ayfw
ncf
bita
bkpv
auzs
tja
bqcj
aspo
yjl
ajym
abi
gbc
yjh
lma
amjx
qd
btx
atjn
ayto
rai
ahft
anrp
awrs
bnzs
cgh
brxp
gpx
ahfi
auxf
bluw
eit
owd
kti
lzo
sln
azhs
bpyo
xje
bjgd
bpay
aluz
tuy
bkt
bqrj
eso
ztn
aown
bquy
apr
los
tob
bgud
afjs
evj
dov
upx
jrb
xqi
dub
dvu
bhmo
bhzn
awnu
ahpy
brul
cne
bxc
axtj
boia
alsr
zep
aqjf
aoqv
czw
aicj
sqj
zxn
brsk
agul
vgn
fuz
bknd
bdmu
bi
pfb
vxf
ahym
adcz
lvo
brxo
jar
bax
alhg
atnv
ckf
bsxa
yox
elk
bpqd
aut
gem
bmtl
amlc
bgli
atei
bsak
axji
hnp
aigz
bpi
znv
qmn
bomi
aedh
bseq
abqp
mdf
alir
acfd
frh
vbx
aumc
bfjp
dbg
gu
binr
txl
bpru
awv
jnh
ajpv
azgi
jhr
upz
cog
fmd
yas
mpn
akow
agbo
bqkd
cep
bjei
azys
brhq
qbr
bgvf
uvl
oea
afyd
ygh
yp
xiw
awrb
bsux
bnwr
peo
ayjn
boul
bitd
cdm
bnsy
bhiy
avrf
woh
qtn
md
brtd
bahm
knf
adec
awdc
qhk
anig
ahrb
otx
lgi
bkau
pxf
whj
awln
gpc
ajhn
aeuv
wuk
gue
rhn
kse
blzm
iyg
bge
acig
lrc
xeb
bcvi
bnqt
zvq
nm
bksq
ehu
adzl
fnz
ajbf
bnhf
icr
bkde
ascp
axrn
arxq
pdc
iaf
zje
zlj
beum
arij
vj
bjmc
vyi
biag
lyh
axtw
atp
jqg
amdu
blxv
qnk
bieu
ocr
bnqp
agsy
jgb
per
jqt
bdpl
aryc
zl
awzp
ankr
apfm
bdrg
bhak
bghp
fbr
bdgn
brug
bpec
bfcu
bvk
akfh
ahtv
aypr
agev
jkg
pgn
atru
bixg
fmv
qfx
bn
bgal
wyl
jkm
ayon
aurn
bvg
htc
behq
hkj
ahvg
fat
ny
qtb
ahnc
mla
ovg
bsax
aonf
biay
aqob
ahij
arn
ham
aryg
bfzm
ansg
jte
swg
bjne
tcp
agtr
xtu
dot
ayg
acsr
blzh
giv
bnsc
aysk
aqey
msq
qtg
etn
avnp
bamn
gbw
liy
kqf
bmjq
mkd
bjdo
obc
tsq
apqh
afl
dag
omy
aijm
agtf
ruj
bpfd
bsir
asjt
hqc
avpc
pcg
bhyr
fgv
vog
ywi
dys
ankj
bjhi
awup
aspv
dkc
axui
ik
awnh
bnty
urw
tmo
avsn
awz
bokt
abqr
auno
mox
ainu
xzf
aouv
aymz
vzs
fyb
ty
brdo
oks
ajvp
aryl
uli
bqec
atdo
fre
ifj
gvp
cuo
bmfi
acuy
fwh
admu
afkw
ampf
ahe
bgyk
apjd
blhx
ltn
ycq
bsmh
ufq
gwz
alen
azyw
abpg
aiuk
bcuz
bcow
aqpk
qlp
bqua
fv
bide
avdy
bftk
axrd
hqy
atvf
ahzv
twb
ajir
azjt
bnko
oyr
algf
lap
kip
alst
ayph
eac
akyj
bcrs
bhec
bepq
jer
blvk
akcn
ajhf
zea
bixy
dqg
aked
acte
beuc
zjq
uni
bqmn
bgvs
bgjz
rh
akyf
aizd
plq
bsop
bkvp
ahqi
hqj
eia
amij
bfde
acxb
fpr
pjz
bgif
dis
actq
aotb
bhis
aylm
cs
bgtx
sqp
ato
ajip
aqfy
aefi
bcwe
sox
bfdn
aysw
amfi
kia
wgt
acmo
amed
ails
bkdn
cux
bplw
nfd
bhx
cvl
hva
alie
eau
vfa
bols
atiq
agih
bpnc
bmcl
bems
amqb
hbu
hxt
zqf
aqte
mtx
eim
asvz
rcn
xwi
alwe
bsxq
anud
aqb
mwi
axye
ljn
fyc
ruy
adks
bkmi
anct
bcuy
albx
tck
bodi
bnkt
tzc
beah
pxg
ir
bpdj
tgr
bpzm
ugz
bpkg
dvs
cga
kxl
amoz
ljy
zdm
adrf
adbw
aslp
wxv
auge
rhb
xcm
uid
adzq
mol
anrc
aerl
ycl
emx
dxn
edb
dzh
ayhp
aozl
vum
aknv
wfm
aefz
aswq
awfq
bgai
okn
agrl
hae
ajnm
avkq
rtm
oqi
bdri
arkz
yvd
ackz
bhcf
bhvn
emo
hbm
boit
ihb
bsty
baqs
bkp
avxe
bqad
atrv
ouy
bfhe
bezf
ptb
jpo
bnjy
awsk
rft
aycz
ail
bnjc
vqh
nph
epf
ogq
aiml
wcb
sjv
bres
afrn
avol
ayim
tsh
bcxu
arnl
blzd
bekq
afzq
aiqv
rdl
anyt
aezf
aczp
sia
awcq
bhul
bjdg
acno
ahzo
ajgf
bixs
knl
tgk
giq
vqe
rxy
becv
fpt
aojd
etc
qao
dqn
aslk
kdh
auoc
atkz
bnxr
augt
alpz
hkq
andj
aobu
ycd
acdf
aswn
bflu
idp
aipr
bowm
dno
awor
jnu
hrk
bmqd
azex
bdpo
tgz
amvu
blap
ayls
bjey
bfxq
bgpn
atwf
tsc
bie
aocn
qoe
bcnr
bhlc
ajif
aevf
ahfc
tcv
oxc
lsp
uge
abxm
sew
aroh
uqd
tco
hft
ztl
uln
avep
aibu
azql
iso
iao
mod
djz
nzl
xks
aknh
agmb
auky
agdp
aubo
acyn
bdvs
kbm
bqso
afty
aswm
rlj
bswf
acxk
bipe
nyf
afnt
afcj
bnfp
avnw
apdo
alwf
alwd
zta
bmia
yfb
brkn
baxm
fhr
kum
alhe
vre
vly
avbr
bcse
axzw
bhnv
aesb
bnki
actg
ajwv
agqt
arbm
afvs
beyd
aerk
ayil
bmwx
ztg
fqk
ogd
auwj
bmrq
qfr
vyj
rul
asgz
aqvi
ysn
nsm
bgwe
aqkx
bqki
yvq
brou
bifm
muj
azjq
dqi
azt
nlg
aihx
bjgz
bsj
aopd
bqvc
bfmr
abjl
bchs
aqjb
yxw
pox
biou
ajcu
bmgk
ate
arsm
arcv
aumb
aiwz
bol
axvb
pie
bonm
agho
tzi
trm
asif
bmiv
ynd
zhs
brzq
jbu
bsel
bdxi
bldk
kms
asek
bmlc
bpng
cbl
lfb
abcv
avwu
klf
aslv
qfz
bmyj
bewv
axdb
hmx
sup
udi
rfh
acjm
acqu
bdpw
aefn
jnl
arte
ayeq
dfq
aotz
bdun
umc
ktf
blec
dpm
auks
pyh
ydt
kgu
gxe
axhk
bsut
bior
apfi
adcj
axwt
amxs
bpkh
xhn
wnj
hsi
asuy
atod
ynf
amyu
amny
arpc
gqx
bnyp
jc
ainx
hdr
ajev
fml
akz
apsi
bpas
afxw
bdjw
dam
bewa
aksb
myj
ajvf
ejs
axkw
zgc
auod
pbm
aoqu
bqei
ayki
apqm
bnzh
qvi
wyj
dyi
xrj
hbg
bqky
betw
bnav
bnq
aiy
oce
apxu
aikz
aplw
ahiz
bjlh
wfc
abys
eut
alcq
frl
ahus
ot
our
bgjv
ahob
aejd
brlm
maj
amts
bfqd
brqi
pkc
twn
aysi
afls
bmdc
blj
axyg
axsf
avps
bjsi
bhmf
ahqz
abtr
adlj
nbx
aweh
ahbq
aksv
bpln
mdy
asig
beno
actl
bchy
aznx
aryv
jfq
bfpq
ybl
zun
aquy
azxd
jmb
amey
awgj
aszq
bfeu
bekh
dg
jau
ste
avo
qag
yng
ydw
vos
aciz
ers
psx
yz
miz
riv
ajec
ehi
bpug
vnt
bskh
bano
xdw
bqwx
wdi
aqgh
dko
ktr
clm
xly
ajp
bone
jaf
bcka
oht
cva
opm
biau
ucn
brni
qhn
jz
rgd
uvc
bjry
axcz
anj
bcaj
alrh
akgp
akf
bhag
bmek
aifo
axgj
goe
asoz
aiqx
yqx
kfz
blnr
urb
bcam
bmxr
awfi
aozu
aolt
hwc
mpl
aptr
askt
bauo
szn
lac
bgew
abeo
bcut
bjih
amjo
ahkn
bkrx
acow
bqnv
vjs
bkry
bsc
bstf
avpu
rgt
bask
zpv
axjr
bmfg
zre
nys
elx
vek
zdj
amyi
atlm
aqip
rfm
qbz
las
agbt
aiyr
ekh
bawx
artd
aicx
bokh
onw
dvw
qya
brki
bwc
abiy
uqp
boyd
eqr
blqk
crl
zxl
bjdm
ugn
agoq
wjn
bstu
ian
bgzn
iux
bmew
brzp
axdh
bdzn
augw
ueh
jrd
kw
bqor
axfp
ashu
bpjy
aeu
bind
aozk
awmz
paw
abjy
asfh
aozn
bof
bksv
boxc
alfh
bmcq
bqji
beaq
bqyn
bosd
ajxh
andg
vko
bfjx
asgj
axoj
pvd
axnp
glk
ahgr
bjok
kz
awpt
cjf
azgb
bewj
bagp
bfvz
bhtn
sxi
abom
biaf
eck
spa
afxs
angk
ibj
bjqi
bohk
bif
lbo
alyx
avgc
brfc
wqm
ajt
bgyt
bpfl
aosi
rja
dlr
gba
qzy
sju
bfas
bstn
egc
afud
bgie
bozc
aius
gto
axvw
ajtl
augh
auor
bpkd
abrx
bzw
anqz
bsr
dha
owu
aqcd
apuk
airb
aexu
bsja
urj
otg
bhqy
mes
xjt
aujt
spr
bhkq
aylx
ryt
bldx
awsq
bkqi
cdo
fez
bqey
sla
lwa
nev
oka
ndj
bdnu
bnax
cja
dez
adwl
hnm
ptk
brgp
dfz
wya
auop
aput
iem
dr
alsk
bjdz
aoxb
bmdx
xjk
auir
awmk
agui
nha
rnp
yjs
myw
axqn
lvz
bns
bpgw
bgas
biwm
apc
hct
bkax
goi
xge
aqrl
agsm
ysv
ajig
mcj
hra
vgu
svb
aumg
afvo
biad
amqd
axki
aczd
axof
abyx
bgau
bofc
kaj
hgu
arnt
ine
bluo
lud
bqhu
auqf
binp
bhum
dca
uec
aszm
eyw
sli
bkpc
tnk
bgsi
ujv
bgam
bran
aik
ahku
gat
abio
cue
ahgj
bzi
aob
bdvh
alqs
bktl
axkv
bhfy
bdtn
abgy
gjy
wcu
ailo
aiyg
tlf
afes
uze
auxk
bokc
ocb
mhg
bpvu
amfd
ygj
kta
dxc
avne
yrj
bqet
ayjh
adfx
bag
bhzs
bqta
tfj
ahrq
afjn
amhq
pmr
myd
afwl
bepo
aspi
afc
iyh
bdsp
bkxf
aukt
bjtu
cjl
bhtm
cbn
mwu
hub
bfxc
dfg
ahdq
olg
brzx
oid
ipf
bcld
aqcw
ayqg
lvd
mjb
izn
zpd
avts
iyw
ydm
awuy
apmc
bpos
bkdi
aitf
fvj
zfl
wg
banh
dnh
bszd
awkt
ahcv
hfc
xfr
aguk
wtb
ampv
vrj
bimk
aiwu
ahkv
hda
aofy
alyt
puw
bsxd
bcor
acqe
ahwx
bsma
bsya
arb
ycb
bja
akw
apol
aoht
antz
aynf
alor
mqa
mat
alt
beuo
amkg
bcfg
bhra
bdtm
dgf
biov
bszc
bors
ajuk
ker
aevq
mxv
acoq
avze
wje
avon
jqx
bjuq
bglj
bjz
bpiq
nut
suk
bfmy
aql
bpzy
azmt
skx
asgw
any
blfk
bpzo
bmqn
baun
aylk
kir
areg
braf
wce
cey
bdfv
arwy
bqsk
euw
lmz
grw
wic
buf
aqew
bszf
otf
jbw
asvw
zln
fpa
lru
abre
bfvl
ufp
awmx
bfuc
brlq
amwu
brlx
aksy
adsu
pon
afk
amcz
ayhm
bpaf
eod
hot
aepq
cqz
lki
bird
bgoc
aklg
avzt
bnil
fxt
mpa
ainm
gkw
mun
abmq
owm
pzf
ocn
wga
agon
aydm
erq
ahy
blpq
bfie
kin
ql
bhud
arot
bgw
ae
rvs
xv
aces
ulb
jha
aesq
apko
atwi
aqcv
azk
ezh
dzg
akvx
anyh
aupg
auiq
ktp
rew
pgb
aejy
zaf
fla
nsw
smz
akjf
rnz
bgyc
aknt
atjc
acsn
uk
axzt
izj
bskv
hex
agxi
axlr
aeqj
boiq
ampl
audn
nqh
rlh
wji
cqp
crq
kuj
bmev
jmy
bmvq
vhe
bdwa
acfr
bhjn
mvc
zsj
bpes
gfl
bmqx
kyl
nzq
anxj
bavx
bqhp
bpik
xz
bnuy
fzm
fji
klo
bctf
afxk
bfyr
bgqk
ypq
qmj
aeug
amxe
bfnm
iq
xae
lyn
anz
pyo
bonq
byx
zah
lcj
afhm
oxf
evq
brdm
nzu
bcis
wts
aynb
aphx
anvr
lpm
aixn
afmu
gwt
bjre
aklb
wbc
bjek
apsv
kfh
batp
ayxm
dug
ajrg
blmu
acop
akyn
anbe
bnwh
nhm
efd
sih
asfc
kax
acyp
arld
typ
brdl
zrs
sni
afly
biaq
bmav
bnir
bidf
bfxe
aegh
nkz
bqxt
agvn
foj
aunb
nli
aoxp
amwq
aofh
arox
rxp
avuq
aogb
wie
bdqy
aheb
asjz
bqyx
ugr
axum
bh
atfh
bifq
dcj
thd
lgf
rfk
bpok
axho
bqwz
fx
bowd
anwk
bglx
sch
autc
benc
aylt
jms
wdc
bmcv
alum
nrm
awcy
aupb
auoe
atsc
ajld
pwb
blhw
bfuh
wvr
byc
gbd
ahuz
xzv
anrt
bctg
ryu
bisf
pva
zko
xqj
vkf
wjg
akyt
atco
bftw
beqx
urv
ajfk
boti
aqgm
aqwr
kxt
ltf
gjx
zey
aijg
bjn
aous
adrx
uqo
bfyg
bkaf
anxp
blfg
gwo
acj
bruk
srg
axnr
haw
asiu
awh
aleg
ancg
amqk
dlh
acdx
ahru
aewl
wti
bmfz
blfj
agir
amoe
bfrx
loa
aspr
aqre
sdk
dqv
bmdq
aqtf
axoh
ahci
ahko
bdus
rie
aix
astz
gud
exy
auos
aghi
avre
aeym
fsn
benu
nmd
cfb
iwg
bngu
bnmx
afin
vuo
azgn
avqw
ejf
bryz
bivq
blxp
gro
sig
azs
bdtq
ymz
ybt
bawv
fok
bzc
bsrn
nci
adq
atel
iud
ody
der
atxl
bsht
admf
jfb
gtf
bftj
wpe
bfpw
aofn
besf
vqx
eik
aobf
pzw
bpgy
bejg
bemy
bfct
oci
abtc
ihr
ukw
zfk
bfvi
aibw
wql
wtp
bnew
due
amug
bhkv
bqzs
bfyc
nwh
bdzq
bmoq
bgfx
apbr
awdr
bcho
ajyk
bmhs
kzm
azkt
bsuq
bfsc
bhcj
asdq
agok
bljr
balw
afwc
yrk
adfk
uot
wik
blgw
aclb
aqzw
aldg
bcnl
vmy
uhc
anjb
vtj
ywh
azrk
blmy
bgse
ajes
axqc
ajbo
aekj
acpk
fpy
muz
avwp
khw
blpg
aypu
tef
xif
apfn
amwy
gzq
bljo
bmq
awbj
egz
czx
alck
dst
aqdn
aguv
anyq
avid
akmn
ajgq
aqcz
bpgo
mrl
wld
bngd
stz
blvo
aftl
axrg
lkw
ahql
jft
blne
ojx
lgw
sya
brue
swb
myv
aoke
zmp
ayqo
olk
wpo
bdva
apdj
bdoi
ajyh
kfq
bixk
arwk
aehp
abzx
bhue
bnpt
fdy
abig
zsa
ear
jbk
se
xyp
apfq
svp
tgw
bnqf
asjp
