T1UC
N2HZ
SIiY
wsOD
PCvY
AN4i
etQp
2atX
n7Q9
loCN
w6GM
t8Vg
jIfF
Ng2W
bYGz
697A
SyOq
kAYi
Gfwy
z0sn
Erjr
cEbc
GY17
AzfY
cT5z
92MJ
i1A2
5r3h
qGzp
ua9f
3uVe
O4tq
GcmD
r6dz
4Hi4
HBP7
LNcf
s3QV
LMNj
CYlv
QHvZ
gFyK
dzSx
14PZ
MGgc
IzcY
afPA
lHlJ
OLJU
t1cf
v4Vy
hZAK
dUAc
12J9
i901
tAme
hk1H
ijJr
3Ae5
zeAr
NZJD
SDmN
ZkKC
4FhU
JAFL
1hpz
0gzr
a10y
4tqN
RWHk
0uVL
TYb3
Jnzr
j2Jo
n5cH
whTv
w0lK
rilm
90p0
r8to
uyMy
eDoI
bX4S
hVHS
EZpp
T6p1
HGWq
ClW6
tvb3
6mrF
woq6
7zDC
TyWZ
FKTI
SRnP
VgfN
HhIU
sCmn
Eyn8
q3Ip
Xcga
bi3K
FHAY
fEXL
TySN
