2K5DWY5D
DSXJIEG3
K6NIZCH8
BQYG544A
QSLEQNQ1
27BI53CX
I9UXUVHF
U5RB6UCS
FDMKJ37L
YANA8RF8
6P7AM97L
D9YMFPIG
O6QA0A13
1SNAIEOP
RDY737VC
BBTYWGQW
CS4UPASB
Y9A9SW45
LAKVRF9J
5KD18ARH
8IE9E0WU
NSCYK51M
L03XFRWY
A1TXLBR3
QM5U4694
CF6NBZNZ
EDGR8JZE
VJS38VFC
FU675JT5
6ENXW3NY
XALTWVKO
BGPX074X
EVERYTHING
6G25VZCU
2WR5OLR3
14J0JV8F
3CMM37WH
4991JZBV
QL2XYDV4
UH60NDQ2
Z8HO4HJL
IUWJ4KK5
NU6OUPI8
DRU6XDGR
DE7QTT8N
CAWLJ4HZ
I7IERMB9
KCPUPPJW
BVZO57GK
CMSSSKVU
VL0HYPJU
086G8HSX
Q530UKHC
MA6B5O84
O9C74TEO
Q87S7YHY
MSMD33RT
WKG1J6J6
7FBM9ZQB
L8HHBUGM
HYOKJ9FL
KYUX2MQX
RRQV94WC
SVRUCL4G
JJ7TMZHV
HBGRDD3N
UVAHH2XO
LMC2DMTQ
ZM1S0MBZ
2OOLKQ4M
NAY991IO
206CKX13
F7WRLCP1
9NRJO9Y0
98C6PEYB
JKZ8J6KY
JY2FMWN7
4K5B6PYW
PIBCBJH3
UNDEUJ4P
156WPPOD
XT7HI24H
VNHHVYWF
719T8RIF
L2JQLWMO
3PP2Y08O
2KBLBO9M
C7IQEUOU
1XCTPXRT
I7OSQFJT
E4RHCS8D
C0Z5WWNQ
YT0K3D0L
VVELDRIB
O0VU8K30
UX4JNVB0
RKBDMOO1
GRZA7TIN
Y7FUOWTV
HS8OJ7GP
MOC83BX7
T3GSD0G4
AADVNVL2
XSWUKK5U
8Q0UN3OR
EJI09VQ0
P87JBFGN
F1QMUI7N
08I5Q9OW
K4ZT1ZRT
PIQ8G07B
KHX9Z5P8
ECKQKEIJ
JQQHEGM2
23NY96C2
XSFS88EN
CHSKE4XL
U16VVGR6
UTN7S5W9
VB0IU9VH
2MB046O6
QS7AD0J1
8TWRKZKU
QVDY3GHA
FJB42DGL
SPJL0PWF
6YDAPO48
FHOFCLJ5
OM0EBEDU
Y4ZOMJE6
XA5UUET9
BQAWQJID
PK1LTGUN
NNY0Z8YO
3UAOFK92
UYDC2QKL
QRME60V1
DBGQAW96
UMS96S5U
NXBKBL66
B56031W6
XO48DQM0
R2MRSV09
0B3BCOTT
0PI8AFSA
M25RXY3F
V556XVAX
H08NU7AD
GJ2WVSRN
MVIQ9H1W
3JC3BASH
K2NX1GRO
0ZAAITT2
3APOCLYA
G56D17KY
JJ8YWQRM
PFHIR7DD
JHFL7ST1
UVYASJMO
91WDQ019
P5DIQFAD
JI2J9AOL
PNCOI560
ZTY01DRO
D1YEV7Y1
07IE0UAF
94GR1E3U
BJN2JGLE
ONG95QEM
125DNAWB
D99D0SRH
ZQSMKUNI
OZIOGLK1
F0EBKSR4
589L2IJU
00RS4PB8
REM4C4LP
HDIE0SML
OIUDYK20
MS7G1OUG
Z4929P09
2QH4LQDQ
YMG6NP6R
V2460C82
2N7KNAVB
S70EKS94
OZAPXI99
S351VF8V
4U6RFUPA
3XX4QZQ4
TXVNGN44
UYHN0C2V
QJVQ0U24
TQUCOFTX
RBAIQ2OX
HQX2BSOO
BHWXQ5I8
QH4PZ4Q2
OYVTH24F
OW2FQOBW
MK16GYM7
ETEBEXER
WIFZ6VNV
AF8Y885T
52SLM0BW
BZZH9R8M
PV03CYZR
QR6X43G0
KPIWJXYQ
8ZZDXFGI
RZ1UYYJ7
FSSY8VDT
N0JCU2NG
X19DVB51
QGYYZVWN
GSJ8ZXAZ
WVYYDL6V
HN5JMTIS
XAA0O4NP
NPFPI50G
V6T05M51
9UHOFNCM
AGYRJWX5
HX3SAVRC
ODBYHIAQ
5BOLRUF7
RCXYTWFQ
KNRT014A
HKMBASQY
YF2L51KC
U6A6TIER
FQLT6MAQ
O9S3RXZF
XIGBPXZU
N6V8LSGJ
3RVENTFH
FLKF3WU2
GDNNM1YF
7U7899FR
XTBXLBF9
IZ48QID3
UHAJ45B2
U0DL3ODG
Z00Z15UD
P9K0CXR3
XXEDL7KY
MLPJVYV9
H8FFBS6Z
G7WPMLKC
848UGX1F
WSWI97CH
1WVQ1L5I
TKXRWDS6
9JR5R4BI
V9RIG7GK
DYNGZO1R
QDM3M9Z0
XUTIPS4K
D6VWS887
P8B7OWFG
UYY9ZZCS
XDBCSTKH
UL3Y7ADI
C1CS9N38
KS1XAB2J
AXADX898
JMMZKLFL
PX7BNI16
NOTL7LJW
C0SNKDWF
PCVD466O
I3H9E7NJ
5CV28JJT
ESN7Z578
3BLPR30I
2U7RZAEC
56CN5PBX
9VZGESMU
LCD5IZY4
77WB538H
NUS9D3JL
RDIWM6P9
S45B5A45
YVRQYGQS
O4ETMAT2
6JK7KEVE
TWK2YMHO
QH4SST7Y
OJJFQVHJ
9MBJL08L
7WT2I8L7
7VRUDWCX
9GUBPC30
ZQT9EEWT
V2KUG1MJ
OSKZP3AF
X6WAZO1H
65D6CMIV
0ZOTUPUH
C6NFPRYI
QX7SF5D6
U0VAKSV2
KC86UOY4
8ZW0L4FC
P7VC3XHW
S5X39ESK
UWM2A4W8
XJMMO787
OVIAK570
5W71PGGY
Y052OJCT
RVNDGJLX
ULY0WO60
2N1TVVCY
16IFJUS7
29XP36LL
JXAK1COL
W8D0BLYP
AYM06ITL
28JNY73O
P77342YX
PRUHGD8B
7OPQ34JT
DZ23NJKC
O4PFSW9E
3P53SKVP
WEPE7JJJ
OSQEG3B6
9DWWDLDC
QY0XE8NU
H7WXS70I
QW3YSNUD
S35IRF4N
QHRA454Q
4DATF4PR
3R5RXW6M
5GKZ2WLA
CRV6CA18
G0K9BM25
HN1RE9NA
HBG3OKEW
PI431GNW
L5VWBWWL
UILO63VW
QRTDWPNF
33D83KIX
NO5OYNV6
37BYQ50S
WR7D73F1
UOCKKGTF
VYUTCUL0
R0HSDQIG
1NTPS8OR
8TJG16Y1
S37X1F6P
MBYZW0JK
SLN955EH
258DFHC3
J2SVJTZJ
0F81T5G5
4L8617D3
HKQ7LAXN
T2E4GKCG
0SFTZ1B7
5Q8F84QK
1YD6PKDH
S9DMZ67N
JJ7ACWCY
Q0JWWVZ1
VQPMBXUR
P20Z6VEO
PD1BPPFF
XSDFZ2AW
0V27WREO
C7WG3IAE
29K94QAR
K5PYXWTV
95V1CVPI
ZJ34SQX9
150VT1D7
AMKSX3AN
2VNQ726X
L10YG6AY
WZA2LBL7
DQHOKNX8
COXRS3VO
9Q4DZWVD
PVCNAL6I
795P3QJN
Q19MI3EK
RZKRGAIT
PZQZNN7N
Y17WVOML
ORX1DGWI
XQN0CSC8
HN7VKXVR
MYC1Y8KM
9OOUHOA8
LSK4LW7V
H7Y8B0OZ
VXYYB2TS
XD2JT39L
YNSEKVNR
0BJRNSYE
BW1ANQMW
SV74KX7O
ZS0PB3PD
G7JEYORE
IFU15E2S
V5UQD1EQ
5FWQ2S9Z
FRMUWZV9
7ZJSBPC5
O94VRWTN
H0O6IIP2
0YZZ5OD4
3ESJ1F3C
BM5XN7L2
DZRR6TYX
6Z95UQ7G
0L69LX8I
30R4IIGZ
95RGK40P
D6FRON27
0M6H3KSD
9CUTO5E9
4O1NYXDV
81TJJRVT
AU9LA0GR
UKAA18JY
IZN0OJOO
V8FU6HVC
KZ2TR6HW
S28T7CSJ
7QP9DG56
J2LTSYPG
K0QF2L2J
NZBDNK0V
6GFCUHDW
KTST9M0C
9LXYN3YR
3RZYYK1C
7OWWISDB
IBOKA4J6
7ZMDT46F
B3RRF53K
1M6FKBEX
LVJB8FG1
OWTQO4MT
C54E9D7P
M65B8TU6
7T0MRQ5W
RP08ZTKW
HSA71B1L
I5H4WON3
6EI64ZCE
VDLB2UOE
7TM7CBFB
17VWL61W
FKQIFMUX
M6E1IO0R
4W4Q8OY9
XVDHJGEM
6VMENWW7
H121RVTD
VQ6MKIQ5
QSUT6LA0
K4P61S41
UY9WGI2Q
P4IRVQDL
EVI00WAX
