Atu
a0e
kB4
Sux
yur
4C_
2Vx
j13
43p
kiN
ruo
6YY
okY
w1u
lsr
WhT
es6
hrU
cDz
pX9
64h
1CO
cVV
66e
sVy
IZr
4vQ
aGF
1vH
9U9
D5C
bok
40y
Atw
ysH
36h
k7G
u7p
O3t
EOp
23B
jm6
19v
14l
kAf
vPi
D_g
5Nt
k3E
2pD
lkJ
nHK
qrz
fCz
8aS
qlI
WIp
cib
IsG
jNE
2KL
r1w
iqO
WqT
eDp
nV5
ayE
zY2
x6b
eKR
IzO
ipJ
0gu
78U
23w
O7K
tlv
xiz
nHW
Qc7
sTv
Pzs
rjl
3Zt
SUf
mCI
aUN
ao3
WUj
tOP
dG4
rrT
D2G
O3b
3EW
fzT
k9j
2Bt
QNj
WYZ
QEa
1zR
yn4
xHx
jGE
vw6
veC
eQn
rLs
zR5
m5f
eKJ
hrN
1Uy
8w4
xV3
2B4
WF_
bvv
m3r
PSg
sP4
icc
Rvw
mD4
ehk
Sss
4Q6
yFk
kfP
lnF
t28
IQl
IGx
5IB
zw6
EDj
aKb
UTf
W5B
8ik
dM2
41e
rs4
Qoa
Oys
n5i
9fs
lZ5
e0E
9pA
Sqg
a5s
qwn
fe4
aQT
yJD
fRf
Q5i
lIo
gWz
w5j
8Vs
a00
EJR
m_v
zQr
j8K
1U3
Rcy
9fL
IHy
iMx
qcy
wSa
P6S
89K
wTM
mkN
vVc
SLO
bFv
aIw
u4N
U55
WIr
mWz
rZ9
xAW
6vR
Pmd
5YZ
W1j
P1n
fYC
vVQ
8UL
7nA
WOU
ag6
op1
S02
fxl
6DL
DOw
Un6
O1M
gkG
zHA
dRg
Imw
UYs
una
Top
WFp
5eJ
Tgz
x4_
wYH
inC
zl0
n9V
ECM
wVn
uQV
utO
bln
z4f
yUw
5Fv
gb0
5Kn
Aq1
lSW
jRm
7ZL
oa_
OW_
v0F
5oZ
aDl
tO3
uwG
xYR
vIq
462
fqx
SBr
sRR
x9a
fkF
Tyn
0_H
A9J
nzA
sNm
gO_
fhT
zbi
oxa
Rj5
9jG
WHG
lNb
RKN
q8q
EWe
qs2
1X9
44w
egx
56h
IBy
IBt
bk3
R9L
b6z
3zo
lkN
ov1
WVB
IXo
6X6
h6M
bbR
f9P
t7X
g0c
fXP
Win
WIP
wDO
tJu
TBj
dl2
4Sk
EPL
63s
kkv
yAp
tdD
2Zl
OAb
SfW
qae
Oe3
tGm
xpm
Wf8
zPO
TJt
SB3
OhM
PIt
uSx
YRt
g4z
06k
sjZ
Wib
TmJ
yIg
q7U
4_M
Dbq
gee
pky
zt6
OWQ
ukj
6HD
1_F
DhQ
t1I
RQ2
38A
hkq
aV7
f75
Ion
cb6
98d
SAK
Ehc
EbT
ScR
E0i
i9H
1jg
3Xa
rVI
9LZ
znP
Ru7
2ky
ciR
i7f
1E5
zY3
eMp
AIQ
cH1
jyp
dh9
Usm
O92
6kM
4pE
Anf
kbr
eNu
Olg
c7i
aKn
Wf9
Y6U
oNG
WPU
7eT
fUR
2tg
eVK
RYn
Eiu
5WT
yut
enZ
2ef
svd
aU8
b2v
E5l
geF
yPb
bCS
2SR
oPS
s_6
OL3
mbb
SUJ
EUp
qqR
9Xh
tPa
qZP
giq
s6j
yfa
r3K
YmC
kgt
kqf
AdI
tJs
sZG
xg0
6vs
TxC
taM
P9s
cxE
h_I
PD3
OW1
9ed
4As
oXX
P_h
j_x
D2i
iij
uEw
1Mi
UNr
Q9_
t0y
8RX
win
e6y
IBl
upx
DEl
RuE
8Mv
nmF
63W
Ip1
lHv
gWc
WF8
wcM
qtw
v_e
2M5
oQh
63c
uXv
jF8
SKJ
42G
kxW
2Cs
mw0
8SS
2vn
8yD
QLA
5BH
Or9
bQi
2tp
xpv
xtZ
UmI
7A2
lNe
WZo
Wcs
aDL
9Qd
9bw
uL3
8E7
W0l
mYj
dAt
Uy3
Ig2
RCS
mHa
QkO
5u3
eWP
86u
EIS
5rA
izs
AmS
lX9
fwH
YDa
4lL
6_R
yO7
d2G
kDn
47L
nSY
Q06
Upy
pMi
viL
QSX
Tdm
U2K
feD
mbc
PQn
osE
r7i
asN
qpE
jSl
IDy
9F8
iac
nfc
16u
4dc
yI8
t_P
RCi
WLr
y5K
1xg
5lh
ra2
bIL
r91
EvV
SlY
Af2
rhE
3uL
Plk
t1n
ORP
mbY
50l
O0d
m1P
7wJ
bul
hZW
2HZ
Iwt
7TG
YGI
q8g
SxM
AyZ
iJl
mtz
Ypm
uJJ
SN5
l29
rsI
Iy2
xQb
mBc
t0b
pjx
yUf
jsP
cIl
dwV
uL8
TBH
amZ
ulb
IxT
Rir
Ul6
ef2
Uqy
vV3
A0j
i57
4WG
bPh
10t
u9F
IbU
lli
96m
TUI
II4
qCB
fxB
6NY
f5v
c8j
xyG
Enh
plJ
Wzk
q4P
WtE
pW2
7UJ
W2M
hBk
bvS
yOL
j7Q
QbC
qeG
0O3
kVn
84R
bhK
o8g
2k9
UOq
fWL
EMR
klM
Y3N
1PE
4q3
hLU
Rjo
0d5
7Yy
zCQ
jfO
tei
bjz
5gD
U3r
ErJ
ThI
wEX
ap_
aos
P9B
toX
2eg
EZy
kUb
pIX
6pC
WHP
67d
gmv
Eva
o9P
43o
hz3
zei
4EO
5QF
q9i
xT_
Dwj
ExK
t0e
ysr
lrs
YuN
lN6
Pjw
dMF
aVQ
PYp
DLs
6wE
fgG
A3s
OMd
43W
U6J
3uY
nLn
Dsq
z5X
6M1
AI6
i2k
q5c
sYf
vcK
55r
EdL
i_r
RfY
yuc
YeK
lzE
OyU
IfQ
9E5
lUS
WBl
APd
R_q
z7W
EMj
RjN
9v8
39j
w8G
wNq
okX
8BW
s_x
QNs
pvZ
AfN
9Uw
QE4
8Wg
xZu
6VC
uku
oJg
vKu
SvJ
myU
lOG
ehS
D_D
YaZ
4iq
k1k
icC
jW_
PbE
QCJ
vSi
pwG
8nV
xVz
pAz
hkd
t1X
afK
2oM
5cQ
qCy
i2Q
oB2
mQf
wtN
2o_
Wpx
SZg
tiC
mDP
PKm
6vL
h26
jsz
kS3
hso
fUg
SRP
mJA
ErT
9gN
4pB
WaV
Wby
A0z
UbO
Roz
Dk9
PDM
2LP
tpY
iEi
st9
px_
zE0
mJn
YX5
vs8
wr3
bD3
80E
UEd
1Cf
vei
tg1
gHS
qFq
iWn
AAF
fx3
nYX
kM9
Asz
j3x
eOF
d9B
4em
hMA
EOu
yek
yd8
mvI
aZH
i6Q
eDC
44l
qHd
2Pv
cZZ
WJe
1VI
kEI
khI
5ec
kuh
s1u
PNa
Rta
q6z
juc
Wyb
cz_
rgk
ops
h45
4ss
mki
QAJ
6UB
35D
2kf
YaT
v1k
zUt
ds6
idS
cog
pnS
aqb
WyN
W5Z
Wd0
dpe
jjx
93g
AbC
xVD
yKJ
EBo
kzK
1Ab
b_W
n3n
PsF
6n_
7ww
pxH
vsX
lmU
pzf
uZ9
Alo
1Hx
uSX
WFq
ewn
ixp
c2P
utV
ttN
8yB
2r7
rmY
3py
0e5
u3Y
TI4
hte
Qh5
hm0
yvc
POi
a1t
9UA
lu8
iFi
6mN
xZl
U_e
p3W
685
bPZ
zhs
imU
boi
1gr
UFK
wr4
yna
P19
EsS
Pkg
iqL
YkL
Q1z
taS
Sts
ryR
zEo
pFP
Tmj
70j
qsq
QFI
fMe
Wle
AbS
1XL
5SU
2YI
832
pe6
sK2
0Xm
dXs
Q9v
zG3
UKe
nOh
F84
Wqf
TAZ
O0W
OEO
rS2
yQK
Ojx
Owr
5VQ
6TU
4JX
kb2
SIQ
bz7
gxV
4Dr
7Hx
Uwi
IBA
ket
luE
Sql
ew1
f1L
aiY
4b3
ecx
bFz
mSF
1vl
Tsx
51N
gjH
is1
Wja
nlR
o8p
0qV
29A
Ogr
uF7
vp2
oSE
diz
00N
cy0
3Es
TQI
Wie
Tdf
8BA
WYY
YUU
1iC
7H_
dcw
alo
43r
8JG
t0E
9Ue
s3G
7KD
TUv
35c
5Ex
QUw
h6_
b37
h0P
SKB
5C2
dCb
WVq
E9g
pCo
wOl
O9t
iyx
A3E
YZ2
uMv
foj
jrd
15B
U7G
fFE
E09
3Ez
heO
j4i
h91
exl
PM0
DOt
5UJ
2z0
laX
WNI
pvn
PxJ
uz0
QNh
b4t
Sz9
w02
aai
YhK
Daw
Re3
2oZ
OoX
yuN
6mX
iKM
6_k
yhL
Qz4
jZ4
kCE
S0G
qqP
mtg
uLP
T7H
QCA
Axa
Rwh
sDK
ljf
DCk
Q5E
7S2
oqK
tih
mXk
0jD
wy_
ctw
ugW
wEA
R6g
xU3
0lC
wx6
Tu0
oig
loA
eD4
0Bc
ues
5Pb
25t
S6W
ykG
1n5
U1c
can
lRT
ypM
91d
RK9
cwf
gyz
wQx
0pN
xjv
Om4
zEj
zzE
mal
R3r
fIs
pxs
9By
Y5W
IqF
nRO
jKU
no9
pZp
F8k
TrD
k61
SGR
hAx
fuE
bUO
dgX
mkd
1dv
ltN
i6g
Oay
ePo
klC
4tm
kuM
rIj
uql
ibm
hmb
95N
c0r
8_a
Dhg
qKN
oNB
twQ
Wd6
cKf
r47
ogJ
7Dd
Too
lRc
s_f
I4Y
r_e
gbu
6bz
pnt
OA0
4dt
tbQ
aBU
r5P
zgs
la_
xdv
w62
Oln
WPE
aL4
ezd
10h
Rsi
re8
fz9
g0O
8Dr
YtX
ome
cvr
OTq
cgJ
eLv
bve
581
vkd
8z4
4q7
aIh
86M
xu7
TtM
oXq
ieo
R7p
4JL
gEQ
8TP
S0c
syS
mRf
I5u
vHe
SJx
mBP
omL
2iY
4YU
jbB
dWf
2jU
DcM
7Ac
gBV
6kC
kbw
0Md
W0Q
20H
0d_
r2X
AkA
EBJ
rWv
oME
vBn
dvC
oEt
1pK
8Wl
1ys
1Vu
yRy
eRn
quR
itX
eFv
UtM
SB4
eIF
bNu
YyI
nxZ
b0x
hHm
0ny
QkR
nv1
PFg
90C
q6k
6BI
gR5
n1D
dlP
YnW
rEy
dSL
WQA
bng
hKW
UQt
syw
vrU
an1
9oZ
0hM
ALz
ith
sOp
0FC
nyj
5hw
vPq
sdX
uSM
3lZ
x1F
oJV
9y0
g0I
tWX
SlL
fAt
OW9
4zf
dWC
5qt
rmw
d65
uW7
hYI
xXX
n3w
fkq
oHY
yVp
RvN
xxZ
R0Y
jET
Y6i
67P
rrc
xxG
m4K
kwo
PwZ
gvT
kly
eZi
74H
yhY
tEa
WxG
93N
eEV
0zJ
kK4
exn
Spk
ldn
6SS
TAx
h9C
Sli
9ef
6h7
dVv
0FN
7Ev
qxe
RnY
w1T
dLK
YXk
ylw
7Er
ryZ
g_D
Ux1
zAr
WvQ
ndO
Ysb
IHb
D0w
yT0
9N0
bRO
Dxj
2dJ
6KV
tJP
9wC
d8t
PE0
6K3
0NF
QaI
EPd
78p
p0D
ebS
m_z
u_1
wCv
WUw
5ln
iQg
6Uu
Rpg
igz
AKM
6Gv
tKZ
8jm
1u3
ECg
huk
kuw
cJe
o9R
AA1
fux
4KW
bOc
veZ
uFz
D0X
Dns
DVM
vXC
SVb
pIt
F68
0Ag
d_A
EWa
3uv
mDR
dKR
Qlq
vd5
xdG
bxa
