21224
24597
81505
25658
958
51477
40127
78389
3650
78685
74196
77555
45144
20781
33704
41977
70746
46831
39433
73095
24801
48735
42550
21028
82896
82396
57361
834
64218
1544
59145
67757
54318
18287
76697
61022
78172
59435
16173
38453
51988
48096
48313
68811
35360
23813
18662
18167
42087
28699
18063
65117
7561
71929
11093
68347
84700
8688
58590
47552
46443
13006
82387
27360
19569
29005
79832
6432
53040
57536
71629
47452
66634
25906
75935
13778
14114
69313
76204
64062
35190
75078
509
70821
71325
29522
82226
10410
4703
73623
86401
49530
55802
15974
17813
37133
3115
49621
57295
71896
19053
4764
22007
61698
68702
31793
20802
24862
43205
76285
85617
27779
19424
3034
27207
71768
52050
40777
54098
29476
30919
85634
42169
8908
14990
74892
21481
73644
29986
57291
40861
57521
60337
36439
57708
39954
16584
4761
34489
7965
46254
34701
31668
19522
56421
84240
66119
68317
28325
32405
56859
38004
76402
71300
69793
72277
33186
8270
73688
25860
79400
61024
25146
2750
76258
10004
76166
17170
2260
63189
66508
26872
51282
72498
36232
24139
82316
48203
76229
83200
40960
62485
72418
66890
36361
11280
55888
62336
30639
57523
850
49983
45560
11649
51893
5721
81526
83599
16715
47908
48572
59638
9967
23368
11916
30454
12220
73199
31281
33310
37209
26781
29631
21117
12271
63495
8183
6189
11018
76004
3811
16704
56709
71028
53244
76765
27414
8425
9021
67225
66939
46460
5257
9728
17434
26072
12944
34631
62494
26223
14083
76324
36792
11888
55125
84935
70137
8527
56103
44467
23270
9686
59797
83513
29421
35877
15551
56786
39420
75602
26571
36066
59556
6183
42696
12244
4747
28085
15275
19526
76597
82618
44591
3646
9082
66993
55173
19220
61107
4149
84292
73721
41928
15896
78861
16486
37983
82493
36172
5360
66517
28040
74905
75257
69512
56144
77338
23535
81130
22235
42353
50314
30340
35136
31081
43840
53460
13253
6320
55871
60926
35573
62371
57036
18517
9414
58605
34132
31054
57532
9198
199
84975
5586
61664
1966
31925
83717
10545
57465
28446
26930
60439
62785
21083
22597
58952
83848
48976
69327
80023
26855
16077
7093
44789
60631
28416
53872
77480
3322
47414
76496
14969
55232
73545
53041
40694
49962
80206
13713
54898
31057
74464
43014
38844
30094
23607
13991
37460
27786
59670
3714
72423
4798
28869
45406
65453
70534
85788
20570
17278
52592
46534
31892
6338
9852
57185
19799
60848
31076
83426
77017
52443
9307
56572
20198
35817
46609
18422
63315
36250
65555
20925
54015
68882
81364
73771
57197
86027
46053
65131
66742
79547
40507
13426
35260
74061
6862
77216
37396
57150
40422
64409
16152
38747
85731
61365
40044
65872
24906
86413
3463
7177
52909
17048
26465
25107
29997
74911
83203
81906
83866
82171
37037
48698
9906
28432
16590
22503
69730
51873
15945
56250
40786
70939
41095
21417
73174
13345
586
71916
34408
1441
71153
85966
82358
35201
72477
16344
6353
49910
36753
31115
14690
31795
79907
70477
82631
61194
19777
58454
12079
28022
5393
39394
3484
31748
62418
46457
41508
10778
13429
30747
33044
46177
33832
57867
23382
73139
42834
27583
83496
44144
57811
19109
59973
50451
51558
51503
5579
80156
48827
9463
50548
84115
44182
32150
52603
78686
76980
86082
64255
12608
49528
3005
51420
76368
35620
21061
57583
24376
72170
7228
27393
59272
77113
77305
82017
50934
7003
12753
1190
49003
5501
66926
67734
32516
15371
6064
4567
6747
72317
84672
3826
7686
28543
76599
10197
4024
25494
43052
40610
62201
12310
53698
49442
7932
39576
35445
73978
65360
18303
77293
61771
58850
43853
54388
79584
47708
843
20284
71090
72966
37635
24051
2124
31931
30841
4100
57343
18862
13121
13942
25564
65153
37982
77489
43902
65312
78641
14628
15292
36678
27871
50578
29859
25908
82278
74782
33662
50615
1847
69549
86343
61393
26811
37497
76297
65215
41624
66040
2918
37446
79724
77026
25653
61045
65968
27663
82237
27520
42044
43525
73546
19472
68380
17312
20346
24450
29641
71434
17884
37183
19456
52232
40421
44379
19130
83456
56979
67681
65926
49855
4050
51688
51342
4912
31927
58554
54263
38806
47296
8030
47757
59289
19825
40381
51979
5911
60224
83921
24626
57945
54364
5253
24989
13725
79595
76367
86371
50427
55648
65343
25312
79535
16099
33530
9284
15257
29758
67493
81562
54700
68047
2057
76892
37222
32880
55812
62178
84998
78230
6516
70768
14518
69093
21700
45103
81246
66371
73143
17372
43308
68704
20571
61015
50573
29038
23892
37864
22482
75520
19191
68357
21610
59335
33791
14684
13642
8594
78695
32626
55128
48311
42342
46217
81803
78539
38557
57977
75484
31326
13076
34710
73864
29603
28358
47680
24962
57354
74670
47392
29866
67270
51101
26657
23920
80664
79942
50099
19995
50982
38459
40503
84854
24434
82297
54767
65024
37615
64750
8121
9597
60347
50044
85341
74608
27283
58254
4853
11222
19641
83346
25218
45908
14600
62157
68191
62771
546
55453
42598
3928
58717
8205
1767
19433
21200
36202
61450
39066
38558
37554
72460
72126
43335
76929
80985
22691
15642
25138
51298
83549
72214
55266
33661
71407
65946
16580
86369
50799
39792
69623
23642
30188
31043
6005
64987
31887
17942
12772
50672
5506
24101
10269
7963
12754
41006
22331
13507
7170
33234
66271
3872
4387
82715
28258
77882
15466
85653
21412
64051
67485
32065
40568
84418
33493
35174
85371
75407
3369
75845
46331
38415
39542
45081
51987
52387
51199
68816
45463
72348
3879
85374
27223
4277
4327
7426
32645
18427
25438
58435
63598
40586
62019
32689
81668
77469
75631
9990
19132
9300
9296
81256
70604
37182
37081
60458
26494
80539
9735
74458
33106
74789
69969
32613
63838
52887
43188
41772
40189
8726
23271
18566
4610
15585
47993
28384
55981
58008
63030
562
6382
25785
24192
52836
58637
5550
51523
62180
5742
19368
4020
38959
32681
62553
30786
39823
25704
68225
80188
49743
76913
59268
35111
49856
62067
12745
15775
13869
43380
67993
71627
40611
29982
28562
77978
33597
23866
70717
30732
59035
53651
81554
80414
63121
54420
2493
16424
76136
76643
38475
25950
86102
52291
49384
25305
17100
44295
46010
16874
12998
75933
37979
58175
77434
72509
5528
52645
16635
36095
80824
26096
85840
17854
76927
68620
14979
51377
30583
52506
68817
69959
60242
65219
34737
77789
81227
34606
61824
67283
16959
56817
85896
4420
24601
30957
49036
45125
14566
83325
35206
84399
70407
18603
2150
1021
67377
17506
56850
19667
16780
74419
59821
68964
3254
78378
55706
54605
78980
13679
46862
21262
53683
72882
41550
66330
33426
73145
9147
62187
4414
24110
10728
59115
18067
28219
44458
47863
71534
82079
44441
21745
39535
76273
41975
47542
21639
28588
61784
27830
41541
69325
53710
7201
63635
45402
70130
42846
66162
4675
50472
18176
14379
16949
23782
1079
83226
76909
23745
58522
62262
17518
29744
60924
46048
20918
82172
83207
66270
5468
39133
66965
34050
22663
77503
64944
8832
32122
172
53001
23516
84315
65042
19654
85597
23757
58924
86178
43216
52884
78816
12417
66169
39171
8722
26119
615
56477
83380
48722
63563
79860
12374
21561
44141
58398
31117
2930
18707
12475
47236
72464
70515
20790
81568
42244
18712
28136
19550
14035
39594
13597
74886
14312
72113
46250
72428
20493
62500
45036
85802
60424
33164
65956
41073
42746
49955
1640
21802
10550
7025
64554
76823
34089
47227
5261
52683
8076
2093
65867
47633
74590
50686
50572
84333
57162
60226
20383
36956
35928
3676
58442
55412
15544
60684
56810
766
40003
67806
75755
39583
50277
42522
52724
40379
47748
39006
8351
65223
73237
35253
55449
17085
21724
81954
64392
36033
78885
69230
16351
54698
80084
71188
11190
27578
8061
51129
46105
72049
2950
18697
61043
21409
19423
45942
67360
654
43493
84696
17683
17592
66048
82887
26235
54593
26320
36580
47274
17912
23294
73610
41144
24786
62658
50562
23595
16667
73440
47384
244
21223
36782
13356
59401
26498
54341
80120
43444
49211
10473
85827
14683
32300
4745
58338
35523
56496
43357
33380
84117
38410
33257
71644
40221
30627
7262
4507
40575
34254
52246
14415
33517
81559
13955
22619
18498
11413
49951
70878
61905
12340
42830
61632
57159
71017
1590
44142
76936
41901
83584
58448
49608
22616
1915
77907
30035
69989
84852
51002
4698
48345
78107
70
68123
36182
14608
79484
73801
40133
44465
82268
1935
28554
42122
37161
39318
20856
64869
70227
29457
31539
33752
37763
21715
27774
16397
47556
71616
63883
5806
13652
17798
37563
74175
38611
32226
66407
55865
26466
36006
72671
48289
43695
59187
66715
28452
79050
19222
46294
65635
7818
9293
63163
44653
10632
60097
15632
62892
27589
39985
60863
81073
3950
21946
37630
7539
81567
56887
68684
33966
34873
69375
30216
66595
43128
38501
36899
36039
22525
10944
41733
35357
9245
73084
19094
72379
49035
16504
16725
3836
6844
43132
19721
16631
38339
64329
77818
47813
8017
75802
44930
33641
64119
8252
83067
44710
63955
74142
2805
20797
18520
72602
77868
77497
43846
16822
38754
26883
59601
6323
59549
65845
83199
20151
3289
2768
66063
20519
75298
24271
77212
22413
86113
22891
1280
82389
50646
82012
73809
36289
79228
42180
4109
14162
231
35038
8699
60722
12032
67753
18161
84702
14770
76575
23734
51778
70618
42706
10750
44875
11605
78467
15048
62549
43
10882
33954
27490
15175
7728
72200
39867
66050
56466
70460
62435
59069
68027
82674
61944
49067
79303
5267
44831
30450
54081
9102
22571
47867
60974
5817
34545
51190
23735
60792
76138
42104
72289
52950
43009
33343
77915
41804
49143
27726
81420
40246
56093
19059
38050
63292
42310
41880
57612
75328
34330
47295
69063
29712
40583
2385
60297
9206
77392
321
51349
46643
76642
74444
75778
52776
60353
76537
24927
27239
65385
6827
11599
34486
56631
57929
62503
69557
45158
69322
29805
4554
69096
18923
55744
29850
57697
65195
70742
60425
65940
31146
54962
38865
11522
43583
82654
65163
51222
78312
83843
46074
67782
83634
49424
35934
5443
29963
78526
51716
7692
65416
14296
9567
20463
50745
43576
34690
40217
13944
27836
56683
41186
10657
5347
2609
51422
47920
74362
73836
76494
71382
32077
73691
65567
3432
66996
4171
44426
47151
84861
16242
52973
68858
33931
3239
6001
23466
16215
69714
45437
28605
77414
16223
12597
83919
1029
44728
73445
62211
10480
262
16925
75282
78340
53204
83451
40318
30671
86394
53237
84720
70686
10361
60742
27364
22325
34592
55328
15738
32598
28065
5167
84565
67419
58823
18109
65014
40459
38112
55296
83899
44396
51917
64145
81702
31309
33344
20930
59039
37042
3335
27717
53258
66081
22581
85040
7045
40614
33647
82922
35916
79476
8879
18370
9303
1772
75244
13607
76589
59092
23761
74894
9607
64462
55958
58675
25550
14075
24206
66115
79891
61575
61162
58434
20130
74818
48079
14025
4859
19403
81222
46305
3171
57752
45613
66363
31553
75187
24394
13462
18514
69782
53703
21973
5203
13233
40088
46299
64071
67415
40990
3910
49178
40042
48988
53773
67558
66911
17192
76234
60819
37214
78934
28742
83605
7597
28920
85476
41032
5073
21407
15370
67048
52730
18747
9424
5663
15620
23350
53881
17941
86361
77621
48343
8383
24562
20476
59206
29786
78889
66455
34347
83089
24949
36914
60198
82125
50893
70468
73213
51767
84737
74655
79637
21569
2674
84868
36968
4288
15644
52196
85598
10189
69954
24623
71678
71458
74871
56091
49869
69655
53005
2591
75019
37695
62392
6699
24829
1644
59205
74038
52840
32787
84077
32285
76322
36254
79451
82915
14760
69320
44180
43291
40663
80874
42226
38437
27637
78413
56656
19195
44614
33648
53889
17160
14359
27957
19282
1430
21354
72239
7905
37286
12288
50911
37102
52886
55722
12876
46220
20616
48708
24659
70020
24953
33992
72469
28051
69355
15721
52784
24737
33965
42809
80796
82926
10854
71021
59848
13187
16526
47877
17762
62702
48077
48934
32051
41461
76987
26692
398
74224
45662
60300
24026
29448
41449
30206
44574
56490
47729
69186
39674
36108
51780
53102
16417
15702
84627
22962
58659
38216
21478
27123
74227
15137
40500
44833
60344
33450
65971
60432
72473
72373
78201
65200
61776
56935
12206
12330
74855
35457
63601
55375
83129
47726
86167
47127
38519
62800
79833
18325
69858
63842
1582
16964
25398
64708
48377
50974
69170
81079
9768
82306
31534
78518
40355
49612
23193
56239
68676
27996
51078
32473
6178
75788
79983
339
72737
15043
61419
71135
52299
10270
54952
71116
56708
6118
13034
82783
85383
3092
48992
27449
62946
79202
59249
15740
59533
3203
11693
64337
74365
31378
39639
31956
44366
70485
2687
85561
82377
80185
6579
21734
59031
20726
38381
43091
69075
34181
35369
2010
30008
79673
80746
28274
7202
54715
32913
48599
66214
18755
13704
41424
18700
42
36762
11336
49784
35715
54369
81548
49938
7369
7824
39628
17992
35513
24561
62149
47033
1878
58155
44924
62520
62016
13921
67896
50649
64367
22271
3973
22347
40859
54262
78146
42390
84058
12356
69057
58091
44252
28039
85369
77783
13035
31714
68254
39629
69303
30140
7800
58542
42070
14285
66068
7280
48633
72681
8914
85644
59790
4845
25635
76954
75539
29007
40467
68139
74144
75240
57016
4004
74652
64992
78735
64556
78916
24237
67820
34382
5487
44496
24528
84686
81738
44757
45163
33368
73486
59361
80517
80145
52915
85270
1189
69723
53420
76542
21881
32696
55646
14455
62696
30169
76688
50559
71747
42962
3454
27472
58870
44723
67527
68836
19724
25889
54943
74712
7379
74406
68329
25394
7912
74029
6256
70052
46603
60973
18157
6820
15082
3481
24283
26419
57655
30954
42782
80420
80434
29560
73004
65087
64965
73127
45170
44839
66955
43224
75196
78537
54834
35967
69146
20554
71749
44238
20246
67947
47559
60103
18104
2965
55317
73385
70235
84252
58684
53685
61805
35039
22798
427
27427
20164
70307
40201
13823
68555
1017
30335
44783
81131
21156
75642
54766
16046
39235
67070
64909
33753
45297
46187
58409
62151
29475
16327
54097
43782
3870
25316
69377
44575
71506
11714
79387
627
63285
28518
13177
85539
35417
18428
31383
71380
16318
39151
66258
78
73790
79609
85710
83201
33056
25790
64602
63667
1357
74127
18372
85564
28629
45592
75045
68331
61817
52615
76384
25705
78825
10347
8456
74387
26024
57949
63877
7513
51235
60627
42251
8426
60525
25164
17873
48699
12375
51200
40828
6766
41448
10383
71818
74865
46635
1565
22830
51473
58079
4238
70383
60294
33072
2502
45039
57591
15539
69800
52904
23831
12115
59046
30643
37004
9701
43967
38067
81670
19116
43360
15015
80612
55929
57626
8258
65210
72838
4538
51313
82720
53769
40909
57574
55234
32565
3688
9350
13417
82105
61997
78272
73716
29702
53655
58716
38168
47657
21899
69504
49733
40584
64450
46525
33516
79734
26122
63146
73958
24969
39669
16690
80726
20814
47178
55819
44968
19932
73285
80953
45733
12622
75226
22504
48831
44385
71339
20847
31083
16900
63699
59086
78048
7929
14793
70259
56040
3888
38951
20795
82735
24365
54034
77578
34723
3313
13310
1039
66544
39259
84521
17765
24369
5426
20774
83695
83573
4684
77537
32320
82988
868
36813
52319
65144
37526
65105
40413
79365
44523
70831
46576
80400
66960
2917
58652
40907
76783
34757
6609
21143
67400
59538
32105
45755
14238
72441
71392
11845
66865
14172
69760
53589
47618
55457
75658
70155
72696
20414
1894
48955
12063
51453
34376
70506
46858
6407
59577
33879
7013
7633
70981
28846
33604
37753
71066
18602
67456
39623
30487
51381
53578
41823
68631
60642
25565
84022
51850
51309
81189
31621
55342
34599
7621
45281
55869
36520
22104
29972
55044
75385
7524
51664
31066
42826
37220
79573
13415
52949
47282
86164
30577
58130
36534
50016
59007
13802
50058
66505
50508
62733
79931
18275
73310
8517
77221
45738
17700
72963
13856
55256
6317
73887
25335
471
54427
43154
33393
27851
81775
41925
56554
2042
3036
5313
66625
2709
69656
32722
24979
51875
68872
29419
67941
60510
18020
668
25353
44680
28099
41028
41791
47762
28589
74671
48020
54127
28229
22878
27584
678
48340
63914
29727
45804
2420
28721
83948
82184
64550
54348
26507
51564
28874
56699
61402
69484
44171
10609
16811
12352
85249
38093
76189
35293
78255
61424
30607
23100
37073
35359
27844
36874
29723
78417
69770
23660
53540
57827
63832
84491
84936
39930
38785
15400
22439
29532
85223
59501
32223
40725
29208
50313
73393
29845
57246
2116
76625
72637
3035
74357
67777
16915
36553
60440
11258
72651
40437
75369
39746
37344
21733
29409
73144
74428
54922
18893
46677
35166
81814
43207
25293
23914
9372
58503
34138
45286
81441
21585
19366
58599
26468
32835
82425
13469
21552
20720
14875
29189
10537
35932
41607
56997
45048
39548
56844
7779
21306
57670
58262
24924
349
35285
44705
54349
30822
12474
33157
399
22780
52721
83222
41156
5761
75000
28707
64818
69859
30263
43027
81396
51609
79939
62538
15651
44112
67982
2557
36468
59705
65992
42199
4343
18761
74573
32185
48663
77476
54379
13616
85296
72693
81345
36860
83607
56245
56700
20156
82060
72234
77178
13851
42623
30714
29107
43887
50683
27121
73009
74114
59152
37002
26093
20406
26183
69864
26590
60279
20240
45075
43307
21087
76622
62002
54367
64748
42805
29233
66828
53356
70484
78911
39555
52416
25595
58373
27482
18210
409
48646
22092
10315
72250
76111
36143
9132
6961
71974
4184
71988
58405
71600
39775
64353
52544
2598
16136
29897
38517
2143
67639
4367
8636
48913
47783
56224
16137
70610
77114
57705
46967
55461
74787
50204
10065
30167
70808
52628
24985
44547
41240
81014
2763
21674
40181
70812
14116
30987
2755
201
68076
67760
66399
34305
1056
52806
35117
69764
58281
20874
42005
16147
15866
1349
10994
80478
1727
79964
56025
42874
68827
53915
74101
591
83402
2546
41173
3954
59695
21209
80663
24633
37964
85279
30961
65591
31374
81767
28213
67671
50284
42238
23907
30595
60153
40165
10883
6467
10144
17157
86389
11145
80208
83212
42838
74186
44636
41788
80467
23102
83798
2226
4185
76977
40274
58721
56266
56620
48052
10586
37426
36519
69561
57348
46561
77270
57817
41037
68740
54321
69402
8198
47558
48805
15991
81232
23988
48489
62625
34642
66192
62313
85139
47833
73566
42454
42733
1110
50046
10985
42268
72814
24129
6549
10604
23282
28188
79846
49448
34854
26114
38507
19769
13268
83506
15727
68582
56594
66868
3275
80211
35509
11227
53856
31088
2676
48397
33944
26061
37480
55584
36714
39929
1199
80545
44641
71602
5014
82143
64731
25654
21334
36138
39200
16696
27982
64437
49909
78598
71811
23045
25725
67303
23993
75567
83024
65655
1637
10019
77765
42915
24688
50173
82245
34
68085
29617
10125
54116
7749
14215
34956
5643
6073
13026
63238
68654
73668
72056
29840
7942
4164
4190
58101
53989
3733
8138
37484
46192
58141
53714
83445
7385
65
70319
62431
50063
12480
61228
79297
57474
30065
14913
20078
9721
20231
26339
14619
53070
27688
8009
52530
75958
62778
4878
8531
23397
24655
11989
37767
59065
23581
81262
84339
62521
14574
25254
24371
40716
63708
65127
81591
48298
44264
43645
77543
61597
64019
1293
51136
84683
27184
69887
40277
85904
70224
71158
10760
42498
4579
86265
1085
28689
60902
31216
18408
70962
66154
2306
48771
83992
28475
76363
27985
83902
71684
51738
42579
69996
82010
1873
52999
39702
23125
76228
8395
73570
79735
43812
71704
20829
27321
81333
5281
73101
67623
1497
63763
68
62093
42401
8081
70217
77368
65575
69034
10787
49728
33939
6880
9199
21021
49889
79496
81570
23687
81224
84190
59486
9959
52818
74251
19077
44201
60515
36323
8225
75579
16164
49836
11956
40732
65508
20041
25647
80645
82808
24180
19335
11203
61827
7519
77431
76075
72668
36642
17459
13331
85713
44667
61765
46661
66906
24798
70907
75181
55575
5848
27817
21525
17713
40045
41696
46080
34445
84846
65912
62583
52928
57663
40743
24540
13976
53839
11362
41238
52294
83973
2802
52399
10583
75636
612
24395
32490
53693
28719
33666
52848
25740
71012
45692
2166
32716
13082
27728
73245
28427
68653
83787
34046
53571
37787
1376
69231
69601
68980
20624
3223
9341
68277
55052
24754
67946
58775
78050
85683
4690
23814
68927
5774
66811
61917
82884
47768
83375
33848
22930
41277
69241
81915
40493
60908
78669
44654
17381
59931
47115
56260
74661
25765
56008
38295
61588
22738
78237
44390
27412
46279
84110
8127
81880
29811
46446
10184
4838
67207
79160
47398
67382
18927
50925
83122
85052
8186
1733
3929
