W2I
JKI
234I
1SH6
E0I
B8I
10GU
VLU
1WVI
176I
160U
1EL6
1NUI
D36
1CYU
1GO6
1916
UG6
1IZI
1DNU
199I
1K56
211I
17N6
1UBU
11UU
1WN6
241U
18SU
1466
1OJI
1W6I
1DFI
IN6
K16
O76
I6I
16Y6
Q1U
8X6
16PU
1IIU
1BCI
JC6
24QU
1TMU
BP6
ARU
1ZF6
ZRU
1VY6
IEU
1RBI
1BT6
1FA6
23TI
1ZNI
1SPI
1PP6
1M86
17EU
QA6
20T6
PL6
1JOI
AJI
RFU
MCI
1NDU
1236
SD6
115U
1Z6U
1MOU
1TV6
23L6
EPI
95I
24A6
DS6
AB6
1VHI
GSI
UWU
EH6
J3U
SLI
1QE6
CE6
1P8I
1X3U
S4U
1N5I
1LZU
12BI
WRI
LF6
1L2I
RO6
1ETI
QII
1WEU
L6U
1KDI
1XKI
1I26
YDU
FEI
1S0I
H96
VU6
X86
1HTU
1U3I
1AVU
TAI
1C1I
MKU
17VI
1Y16
1GFU
GK6
YM6
LVU
1B46
1USI
1D76
XGI
1NM6
KYI
OFI
21QI
E8U
15SI
1MX6
UOI
1O2U
219U
FV6
1ORU
13XU
1XC6
1OB6
12JU
WZU
21YU
1S8U
10P6
DJU
Y5I
15K6
1A6U
K9I
1LRI
ONU
10XI
9DU
19HU
TIU
T26
23CU
14MU
130I
1Y9I
NI6
FMU
1FII
8OU
1Q5U
24II
1JG6
1FZ6
1LAU
QZ6
1696
A2U
1KLU
1R36
1GWI
Z2U
1E4I
BXI
PTI
1AF6
1C9U
MT6
JSU
M46
1F1U
1TEI
GBU
1YQ6
18C6
21I6
1ECU
1HD6
1UK6
N1I
TR6
1FQU
1YYI
183U
18KI
15BU
153I
G3I
1YHU
14V6
1RJU
1G7I
KQ6
V56
DBI
1KU6
R7I
C5U
1V0U
EXU
1H4U
1V96
1006
STU
1PXI
U7U
F66
1IR6
11MI
1JWU
1XSU
NYU
20KU
22FI
KHU
1ZVU
19YI
XX6
WAU
14EI
2046
1MGI
20CI
1ANI
9UI
NQI
12S6
1QMI
N9U
1BKU
XOU
ZB6
HHI
QQU
P4I
ZJI
9M6
WJ6
2276
13PI
1SXU
11E6
24Z6
1PGU
13H6
138U
IVI
PCU
TZI
OW6
1HLI
16HI
1QUU
RWI
1CI6
108I
1P06
1RS6
YUI
1LJ6
1T66
H0U
1DW6
HY6
BGU
1CQI
B06
22NU
22W6
CMI
HPU
LNI
CUU
8E
8C
8G
1IAI
19Q6
1VPU
VDI
1J7U
