backache
arizonite
bach
energeticist
anywhy
amamoto
bluefishes
coachsmith
artiness
barang
brattleboro
archibuteo
faleiva
alloting
glycid
acenaphthene
areologists
arabesquely
cacodemon
flatworks
economique
boloven
abram
gaudel
enrange
feynmans
barsize
besson
footlockers
amidoacetal
cloaks
grayce
cooltalk
correctional
concresce
beachball
furomonazole
budduskey
fidgety
athpare
burress
farrah
chartings
developoid
architect
benedight
gutsier
activeperl
dozing
beatus
anaptotic
brakeroot
gaipa
ellipsone
acholuric
asni
altscore
grillo
anisomelus
duos
extoolitic
furvis
dabblingly
asis
barrulee
anthropozoic
badlands
apaeaa
draggle
anisopodous
cylindrella
demonetizing
decsrc
forefathers
detainee
bugologist
aude
ectypography
ascent
dennie
fiveounce
crewelist
ampelopsin
ariadna
goodyearsbar
epacridaceae
emptysis
dietrichite
convolvement
bafodia
elparan
donell
gripy
chautauquan
fjordane
bertheloot
chinaberry
dandier
balai
carzon
briquet
corrida
buckhoj
atlantides
atimon
furls
bouchey
gentlemen
aridge
edaphon
guruntum
dismarble
angiopoietic
benutzung
anthologion
gaol
dizi
boonies
arcuale
filtrability
figures
gross
batera
enzymolytic
activate
bekerchief
fasthold
fawnia
flossie
fortifier
dermopteran
beforeasm
danseuses
filmist
adjoin
gouled
bengtson
furfur
derival
balloons
convertise
flanking
anam
ambisyllabic
anything
aulete
goliardic
distortable
bumpee
bannister
endowments
adaptorial
amphitropal
guyed
culverson
firstborn
fungiferous
freefloating
bullets
belohoubek
coisdealbha
gewoz
edelweisses
copromisor
embryonated
drupaceous
dribb
aphaniptera
dalla
epitheton
estragon
accumulable
differ
flunkies
blunders
bromiodide
cosavior
atra
corporation
astrocyte
duckwing
dorical
condurangin
agaz
dashingly
audaean
