fd2e
1386f
2a38
2945
5e88
49b8
292f
18778
c0f1
11a7f
bc08
fc7a
11749
1732a
140ec
12a97
12113
97df
17615
da0d
651d
5be3
f5aa
10d66
14b5a
12498
c3f
66ed
16ddb
15097
17477
8702
17a8d
a1c7
9735
17046
f06f
c0a8
109ee
f16e
c143
779c
5144
fb87
8069
17501
ab47
12000
f7c1
33c2
189fb
8f
16663
120cc
f851
220f
89cc
b045
b50c
5726
1258c
7335
10170
60f4
12556
5e77
15af9
13b30
948a
11b35
116c
645b
dc43
b75f
14382
1408d
16a40
10116
370b
18326
11088
199
1f92
554f
3b16
12f34
13497
14f6f
1084f
1423
7bb0
11dea
148be
1450a
17dfe
13fba
5201
1469e
322b
aa11
4f8d
bc57
14678
ba96
218c
1268d
c2f0
4f4c
86c6
1ae5
8f5a
eaaf
13227
11dfa
106a0
bfe5
fc80
433c
7cab
a9b2
1648f
11f64
8b85
c7f2
22d8
10001
b5ba
22c2
a4b5
fe8e
10bdf
13a80
38fc
136b8
16e53
fee7
d03f
e66d
8cca
e579
149e8
11709
119a4
7fad
63ff
10727
9730
f92d
16278
1159
8699
f2d5
fa29
e1d9
e62c
682
15387
4a96
407c
4ce7
fc08
79b
d89d
2e4b
b45a
d7b2
7e93
3ba7
14942
13d2f
13a33
15c23
544d
6513
d95
18142
a80b
4033
e691
8be3
10bee
10708
1755c
304d
2b2b
5694
12ea0
9f50
a6df
1800d
d6b8
847e
18984
461f
108ca
c3cd
b225
9eb8
161e7
1174e
144f1
17955
8a95
12db4
8245
1deb
13c34
6a4e
b344
1753f
fd1
185b8
7ff4
17c73
81f9
adc5
616a
14e7d
d2fe
561a
156c2
3839
104d3
16e27
56d7
101f6
c087
7728
10677
7a22
13382
15e6a
f28c
1011d
115cf
4893
30e1
452
12c4a
ff6b
856b
4607
11cf5
582a
ed8b
c9ad
828a
101d9
15de9
12d79
18392
5924
85db
4a9f
10147
f97f
68f9
946
81b8
17007
10776
9412
3c42
b05a
4a4
17ca5
15bfd
b680
5bf1
a2a
18788
123f3
7659
98d2
1669e
efbc
f158
a8bb
da98
7801
14403
10a2a
1017f
121b2
db3d
117ca
16342
4ee
13c92
679f
4eb6
44f6
7583
172c2
17f33
ac9d
622d
9770
711f
10922
2cd2
b18f
a183
15efa
8bd4
11ce5
7cb2
12170
1486f
10387
13e40
bcb5
904f
5a40
27f8
69ca
17c38
14ec5
14204
15b0
15e1c
d953
c043
b0e7
149d7
4332
9863
a4d0
d036
61a4
b589
4758
840b
70ff
262c
e12a
f8c9
130ac
4606
4bc0
91e2
71f0
e4da
f8fc
1299c
26f2
15cb5
c8bd
f3f7
1f8f
a3cb
14da6
15a2a
ce32
65d8
f67b
582e
43ad
3eb7
4e61
150e7
3766
128fc
e291
1604
10460
7445
6d7d
1561f
9d92
14541
112b1
43af
15595
a4dc
182e
b8dd
11eef
1021a
14c01
70a9
af21
3d52
11723
926b
71d4
101d1
1572e
8d7e
1208f
f024
4542
12cec
4732
6936
bd70
c217
14b59
e2bf
fa31
16465
56d9
1356f
1479c
e323
158ae
29f8
14791
2ee5
14f2b
dc19
a56
14698
3e6a
101d8
13767
c684
10def
a4e2
19bf
13d67
9f0e
c2dc
170e7
610b
4404
2a4b
15a26
7da8
176c7
9242
220a
e953
7ff9
165b9
cc69
c57c
ff3b
8139
613e
65fd
67ae
142f4
15828
10225
1046
1331e
e8b8
1023b
1524e
14b32
21bc
31ef
fad3
14125
7270
1939
1b28
173a8
8ee5
3942
c94
876c
43e6
797
156ba
5d86
343e
1632
8c51
172b0
647
14b9e
11724
14493
58c4
15799
81cf
15aa9
d636
2bb7
2f49
1782f
ab8c
f06
f043
3b90
8726
75f9
167fb
163fa
4984
18795
14e2a
4898
168a5
78aa
1313a
6e02
d
141d6
a09a
14134
7dd7
8861
111da
852d
159d8
6ade
9486
e3b0
d639
15a8e
8e0
16966
10f8f
15992
129e6
3a0d
6131
112a8
14131
16f10
15590
c7a7
9bfb
3b9e
e3ab
7e54
560a
82d3
5f50
152cb
6216
95dd
8980
f10
d2fd
b952
a53f
858d
2ce
1de9
3a82
11d8d
12a7c
15009
c663
ef07
dc00
13e26
26f3
4f66
c102
17947
2f6e
9eec
27f1
3f56
420b
b6e1
ac2d
1740c
10c95
1196e
e948
110d9
13e98
db0c
11b82
12bf1
1771b
5566
3d74
d51b
dca0
db18
d334
4de2
581c
15034
af67
8dd4
162a1
d19
69f7
4b15
11109
2e33
e36a
8e9e
e2ac
eb3f
14d77
d615
10fdd
da58
54fa
7a3c
8c55
a60
5e9a
13107
5872
61c9
12222
14e43
9bcc
9e84
174f3
710a
53c1
11e96
f28d
1672a
9a9e
9c
1228b
af79
88e4
bf42
1e39
4349
67eb
fbae
7a33
1172d
7f27
f0fe
15bd7
b109
7314
a2ec
550c
be2a
e59
11dc5
14a73
9948
123fb
fec4
10747
8028
168f5
8d11
d22b
142bd
e678
6989
298b
c73e
126f8
11528
181ce
1814e
11377
14c83
13efb
312f
2355
465d
1557d
129d0
16f6f
e679
262a
1c1c
145a4
ca76
140dd
fe3e
3b4a
7a38
184f1
5e6c
7cb5
15011
98ec
b7dc
e
6294
10661
9849
cc3d
f8c8
11cf2
17a7c
903c
c2fc
be57
82c4
1668f
152c5
169ac
e898
1578f
187a2
dd71
c0fc
7f74
2b61
188aa
5ea9
152b2
1af1
40f0
5af8
fad6
3667
fa70
26a9
c3fa
6d21
13d4f
55e
728f
67ad
8480
c118
e13f
cd71
63d2
6f61
124a4
106cf
ffbb
7606
6b9d
34d6
119b7
15371
c45b
17821
d01e
175f5
128e7
15348
14947
eb25
e296
15521
b419
793f
ef88
69bc
e933
127a6
10fdb
d35b
c15
1323b
108e1
32f3
bf05
c96f
11f2c
6a3b
12a61
f078
17002
1308
8a3d
caa5
1430c
17cea
a096
16135
6a3a
4587
17d2a
17dde
12977
10ad5
17a04
5859
41bb
44b7
5c8a
16dad
10c69
c01a
861c
2f9
59d0
11e9
16802
1872c
17eeb
eb6b
b9a7
1582b
5067
3763
11615
6ce2
7d7
d11f
148e1
36b8
ba0d
2a68
104ae
5597
c86
12631
38d0
19f8
917e
b4e7
e7be
12114
13900
735e
17464
13447
1820
8547
86ec
1209b
a037
940a
1378e
379d
3c9b
18408
66e7
11ce2
9a65
e9c7
186db
2579
7b54
9819
14991
33a7
1067f
3a56
161de
15a51
1a67
39e
3c6c
44a5
12e3a
f658
72e4
d9e0
f9ee
2c18
3a65
105e8
2723
3d26
954
e543
4a10
dfed
4ee3
18703
7b04
c72e
7db
ea46
edf0
2eb
1326b
177f4
984b
15c4d
17171
c40d
11aac
bd9
430a
f90d
dd0
a3f0
159b7
cacf
9558
149c3
13cea
569f
15170
172
ca2e
e593
14cca
73a
d895
17b13
a6
111df
6dc3
fdc4
60d9
ddd9
f484
ef1b
fd03
197a
14496
10e94
7f7a
14611
5fb0
15948
9a39
13da9
11fac
6598
14b88
deb1
934d
313c
8b96
18764
15066
578f
363
ddf6
16e13
4654
96ea
9774
35b7
635a
62b7
169b5
1a37
22ad
126eb
2007
ed95
e08a
11cbe
17c74
12d84
10bf1
569d
c391
10c42
c70e
73b0
18652
436
98a
92fa
ff36
7fc4
780
8a6d
80e3
f822
abee
4726
3e73
bb9a
c19b
de27
9ea6
12d4d
38d8
e772
35e5
1399e
a534
3cab
b536
1723a
2697
7bd6
580c
cf81
7c93
15efe
12b9c
c489
18343
28cc
806a
1123e
10607
138b0
5a3c
18615
17968
16c63
c57f
16a98
17a76
13d25
12b78
5dde
6cd2
4e94
1198e
6114
7ae0
c046
cd63
f0a6
7898
38e0
892e
12bfb
74ee
11dec
8164
68bb
18ef
77c7
fc22
6b1e
14e30
2fdb
7501
566
12ed1
10d5e
4f3f
d19e
158e7
2d4d
1085a
10724
b77f
a99e
e07a
2d50
fd75
18879
1b20
814b
21e3
e908
14183
87ae
ac37
f595
1353a
8a94
4e73
9db1
17fd8
2d77
c56b
964d
e700
10ac7
1797e
7ec2
6d5
25e8
171a6
10c27
9e10
275c
17c60
131d7
e00
dba8
171ca
10242
12387
12c86
3236
1320d
179db
a59c
15ce6
b5c5
14cc0
7c83
6854
3ef
fbd6
506f
16908
4544
3237
132da
e363
e66b
9667
3eb0
12408
161
3357
1454d
f0ee
f9e3
ecdc
55de
2fc5
ccff
6717
16839
f5e8
9f30
1845e
cbdb
45dc
13fb9
512a
c5ec
13945
119e4
177e
2d7b
7d1c
6527
847f
8481
4412
177b0
71b3
7850
3dca
9b91
114bb
103c0
14fae
7cb0
e1e1
94db
d3ec
e665
11ab8
18013
165bc
5acd
128f3
15588
6f68
745a
6042
1592
2309
11151
14eea
ae6
1124b
db44
10015
d460
72e6
1813b
2b40
5b5a
1848d
4ce8
17348
21d3
8435
fc5a
e89
f3b6
14d30
7525
14294
ff54
67d5
12895
13adc
45bd
4f7d
e9ca
6bbc
89e6
730d
e1c
17fb
c8be
11f82
16e28
1058f
14d39
14dea
a96
16be3
a66e
6995
3f76
13df6
15b03
6992
30d6
5f71
17591
7278
471f
2bac
12486
4bd5
dea8
110a5
ca20
e802
acda
5df6
1549f
9a49
2da2
a224
d277
5b94
12534
5523
135f2
10a9c
113ee
e8d4
13fbb
b406
4b22
362d
1390e
15d5a
146bf
dfe
13d7d
96fc
17746
18794
12c59
4874
bc7a
17e57
16366
c2c8
45a9
a57b
f03c
18648
6d91
1209
d04a
e43a
3e2b
1221
60a3
1dd4
15a64
16dd0
fc30
69b8
b687
3f3d
139f7
2921
9823
112f9
1128a
5bd8
cb11
16253
12a3c
f759
610f
1828c
11ab9
1b3b
ac4d
10c41
4a45
a85b
16841
12068
248c
3914
10c7b
4ce0
7d85
10699
1435c
12bed
58c1
12c58
21a5
cf60
8a1e
1b72
13d68
f050
b8a6
10f3b
69ee
12ded
83d7
db71
181da
9fa3
b409
134aa
38cd
17bac
1613e
14b92
13145
1767f
d833
76ef
b8f5
880b
dbda
1719f
c770
794e
ab7d
cff9
7d63
82ea
2504
18d9
36ce
250d
123bf
15f91
a40c
80d8
e857
d58f
440d
15031
dade
86d0
79a7
a62c
10eac
2573
a2b4
4c90
2954
46c9
141b1
d8d4
10868
15e80
5e6d
10372
7ce0
92b4
6e88
463b
16053
11b9c
9426
184e9
1540c
144e2
ae8f
cb97
11012
b625
0
15eb9
1260f
c553
10314
7811
15d10
11194
39b1
6e44
1681b
c2b4
5fc1
9ffd
10312
b18e
26b8
46c7
15e27
9afb
7e97
168b
a84
d095
5894
1040b
9b51
c26a
3320
151ff
155fd
62c0
32c7
1249d
831e
867e
d58d
11758
12e7b
d3ed
79b7
15bc4
15652
a23e
148b9
17401
e6d8
56b1
8e44
18ed
5b08
ab80
a35c
168c
13088
142f9
18a11
1136f
5c94
5c06
96ae
184e5
11bf9
1234b
f3e8
1831c
596
9030
16220
6a5
13bad
821
4446
1851f
e83d
fd5a
14852
f8fe
16c6d
12f2d
13095
4c04
9363
7e2b
ed61
4ef2
13c41
11824
f7b
b45d
b2aa
6dce
ef32
be58
12c6e
1868b
d5ed
12c80
17feb
354a
7346
4889
14a15
13819
ad00
a6bd
1cd
f439
13b48
7976
73
185d3
11328
13cb8
14501
8a2c
4e9c
bb97
41a4
c53e
1126d
18b8
1173d
98b3
b1ef
7696
b93
d33
1146f
13044
8b89
9539
17c80
16ade
5042
10e17
fde1
1789c
421f
16304
17518
6236
14cde
13681
244b
72c
1674e
a7d6
9ab
6d89
b3de
5a4d
f429
15cf4
16068
16e02
45f
c653
1499a
d971
11146
ac04
92dc
5a54
c821
dc26
ee76
b5a9
1710f
1615f
1dcd
10880
13f20
f578
5122
16708
143e3
1c6a
1290d
12079
14e0e
16709
179f9
88f6
57f1
8a8f
15ddc
7bd2
da91
b27
4a54
8dd0
53c9
a9a
7d7d
127b5
18983
14bb9
fd70
ae3f
db87
d6bd
104d
15a34
12b8d
6612
a52
10875
2a52
12e2f
e0f0
102da
313e
16e3d
f5a7
1757b
1386a
10686
cdaa
1775a
48f3
1892e
4e23
16193
6b6d
168c9
c074
15ad3
18a34
11b75
117f5
10891
5e93
18933
c3d1
16384
770e
6d90
c03e
6297
211
1238c
6956
a3be
51b1
fcb7
16dda
7495
8684
ad
de52
93ca
f75
185c
3063
13cac
103f4
58b1
43c1
be4a
ce48
c780
f3f
130fd
8703
a553
7a
d020
f501
bdd7
bbbe
17bbe
137e4
17ab1
1541e
f973
64d
141ae
12f0d
a608
1eab
132b8
14ad7
2f2b
14153
7569
e3d8
128b3
23d2
2fc8
10d9a
17bc2
15f83
da81
e498
16b46
155d2
1154d
705c
12292
12df8
11e3a
4c94
de2a
1400e
5b03
9953
d5e2
5c67
1541d
b6e7
5dcd
13c79
cf5c
12ac1
11a7
c63
bcbf
16432
82ac
1864d
84b6
fe7c
11712
12923
17624
a61b
5926
12cd3
d8fa
15dbb
571b
427b
4d05
d3f7
1644e
2eed
be4c
183fe
1380a
11cc5
c0b9
18377
2b6d
1add
11044
d79b
9d3
171e3
a2da
f946
8ddd
798e
48df
6948
15c9a
2ac9
10e95
7ada
15018
10998
10a99
ba0e
cad9
ff77
10e66
f947
9726
84e6
d43
8f73
11c79
5a52
1d86
6177
10817
4cc9
159a0
149b8
da92
23b5
81c2
16be1
9f55
129a5
7705
6fbf
11324
7580
16d62
116c5
c6b6
6cff
d8ff
166c6
91bf
11c59
1841d
2736
8324
b199
10c6d
3ea5
2da
b2e0
89aa
18836
ca1b
11a1e
a44d
7b19
d316
859e
728a
11cd3
1b59
6530
3c59
12caa
10186
11ae3
b752
aa7c
13b7d
9fa4
14ec3
bc09
724f
433b
e854
6525
102d
83d9
156d7
fd67
89b0
12d0f
10cd2
3323
a8d1
752b
14aa8
10d95
3745
4fa4
12c35
16ca4
ea64
d7fb
3f82
17add
14ed9
991
37f
a45b
2b1b
10c52
96fa
14f5d
bc73
e4c8
12d5c
8b0e
1837e
cdec
e58e
15c71
a929
124e9
be64
990f
c967
12c1d
dd76
12972
16ebe
7f04
1223b
1647f
2cc4
f5ff
ae63
c0f5
7fc5
b460
1207c
bfb6
11966
1320e
d872
e6d4
7c7f
12ef9
176b9
ad3f
857b
d198
3284
140a2
35f9
16e86
1a8b
2b75
bbb8
f5e7
c04c
1639a
15511
e1fe
6160
d6ad
16355
158f4
17be2
ebb1
11601
15531
1f9c
ee5a
1497c
151da
c92
caf1
11f77
a2bc
159a2
138ba
96f1
a0de
11bef
166d
14c3d
11df3
10cf4
647c
874e
99f
11ea
16d1b
f21c
12698
146af
efce
a462
6e81
724c
cf03
1461e
164db
16a77
e2fa
bf59
f0ce
13748
d9d6
b45b
659c
2cdf
10494
d543
c6a5
18634
1362f
7fcf
15c06
119db
bffc
3d01
145b9
134b5
13152
13c29
d0fe
122de
12df4
18808
5223
ead
156f1
4439
cddc
cf22
6c56
1245f
f515
7b1a
62ae
15e84
d14
101b3
16e19
a6f5
11d67
b8ef
b1f0
12ad8
1b08
159e4
11187
174cd
1d2
17fff
91ee
143c2
35cb
13880
5b22
146a3
5ca6
d876
1a46
7e06
3852
100ba
e1e0
51f7
17f6c
3f02
fc05
c1f1
13a4d
7fbd
14b2e
cbad
11935
7992
11cf1
517
9900
e226
12539
dd09
161c0
3062
e01d
b3fc
ad27
13449
95f4
77c6
55
4278
133c4
d011
c4a
36fa
b0c1
6ccb
2376
6331
2253
126f0
2154
3518
71d7
17132
6fb9
145cf
9ed2
99b3
f6c6
13815
273f
142db
14617
fb84
1f4b
4a3
beb5
fefa
1800c
4a98
13af7
6a92
154af
8e85
f09c
bb05
fc09
16083
13df5
25c7
53dd
17df1
4c09
addb
10db2
1675a
16a05
16c53
1bfb
d294
dc71
659b
13185
1721d
9b79
dde1
1020e
c85e
119d9
6c0c
eff9
b399
154f1
16827
a034
16c95
15177
b596
d9b8
d195
14137
97a8
3af3
18421
10bd4
c55
4e12
86b2
a536
54ea
319d
f3d0
83b7
4d40
13b16
9547
11fe4
8bd6
1157d
c3d2
ec47
27ca
1561e
a6ef
172cf
11c67
13a0d
159e
cd48
92c4
16752
8a6
1735f
a512
153c2
49a5
ccba
18977
18529
10616
dd85
e45f
130af
a475
cc36
181a7
3a91
14019
186a2
12955
c3c9
12905
6912
a804
1302e
164ed
73ea
bcf0
167cb
223c
178bf
d930
b4e1
bf69
436f
14d9e
e9d6
7e89
c50d
9ff0
c9e
116dc
10b41
27df
59d
10187
457f
6686
e999
10354
1790b
1319b
16fa0
1171
b2b8
4a94
fdfc
2059
4925
13f39
a160
1278c
18228
9111
3da3
d50
a04c
be5
12121
15d5
794d
182cf
971c
11d46
3ba3
fba1
6f48
58c2
6b07
c6df
47f7
1056a
537
181a8
137de
6449
dd8f
b520
1de7
d3f9
7ce6
7241
12c5e
1369c
f6ab
12154
c636
25da
61ee
c333
5143
10bc0
17137
e369
12159
fc1f
12ebb
187e5
db9b
11279
187d6
174bd
5de4
15226
240e
1a93
fd2c
153b2
a324
7931
7f4e
2a51
17ab
43c8
6383
4b78
c89d
4ea7
15105
89cf
13d0
186af
1686e
16265
13245
e8a9
80c1
f7d4
1435
dac5
d53a
5d7
111a4
4109
16081
1de6
13606
e7a1
105c8
22a3
11547
a3f2
175db
4153
a606
12f2a
110aa
4299
148ff
1698e
b87a
55bd
a740
16f5c
5e7b
16e83
1188a
180a5
178b4
5c53
2dc
d93c
7722
5398
56b7
b292
1187
13196
fd7b
13b3a
5a8c
10ae6
7141
17428
b301
557
1d54
1416d
120e9
102dc
17d15
ad1b
156cf
703e
e54f
2722
101fe
9adb
3727
105f5
7652
5959
d957
1257b
9d7a
1911
2bdc
d2f9
120b4
1012
b19f
1459b
68be
fe7a
4b2e
10da8
16495
3863
c239
4c18
d6f5
e0a9
7400
eb8f
10b79
5ed3
f186
16331
27af
15cbe
f3d9
154d6
65c3
4895
913
11809
9e50
94f
ca1f
10dd5
16433
dd8
584d
75e8
2f1d
5602
1733a
10453
1245e
8557
144e5
45
5dc9
698a
feec
597d
cdaf
8a51
8f1e
4ebf
1811f
7b86
8acd
15f0a
112dd
14a20
1d92
de45
3e64
111b3
de66
25f2
11d5a
10d67
ebce
5a05
d309
9965
18a55
b83d
1036a
5008
7cf4
11c08
7049
fd81
1412e
16875
18137
4cda
de24
9e4
2f72
7716
e52c
1035e
10eed
17d85
11add
c7cf
1873d
7aad
b332
8747
1381a
d0f
b914
16bca
fcb5
c943
18474
4aef
54d0
15664
3e4c
2bd3
f6f9
d63f
13ba
11161
e9e
10785
1749a
55fe
134a1
1266e
11ea2
5ffc
823a
63a4
790c
6ae3
2ae3
20ca
b75c
17df5
86c3
d0df
f9c3
15968
fa54
177f3
3650
876a
fa9c
f310
2ebc
acdd
1456d
29d1
8919
1486b
598a
a673
2bdd
f398
1591
f2f3
e517
2867
6e8e
4c2d
9167
f002
169cb
a923
17268
1332c
12aec
85eb
6bc4
b17d
7ce
d5ad
1438e
135b
1358e
a6f3
18792
37e9
9b76
3662
11197
839c
11a07
11611
9755
11378
13274
133f8
17b8d
9e5
d28a
9b5c
13685
762f
13a36
3e33
f255
14aa9
9305
9f17
17bc0
38c2
179be
fb8e
3382
8e0d
14b2f
9d2
729a
1746e
13d40
1070
9845
11017
8ba9
be23
a5af
fcf
c52d
bd37
13f51
3ca1
5d16
16c7b
94bc
152dd
1497
4c17
2b44
17eba
38b2
12aba
3f6e
55d6
12c78
189b2
15af0
e101
1682f
11ea6
d000
f805
78e3
15dc6
6bbb
10bbd
1554f
6568
2397
1303
1060e
4ce5
9db
97c
ee4a
175de
ce5b
df4d
2c28
5d74
1065c
2c7f
1860e
10b6d
cc00
c43f
f13c
4389
159e5
10cc7
be3b
f75e
16664
b07f
126d4
17c96
27
13a68
153f0
5157
962b
d739
22d2
107c6
3da6
112ae
6974
8cab
4f40
1718f
9e78
15424
187e7
15bf2
2aba
f9b0
15016
1704e
61af
bd2e
e75f
b86d
1222b
a8fc
155fe
e7a3
5879
ea8d
10ed9
b727
16c9d
136f8
11a1a
13a2e
24b8
84c2
11c5d
133b5
15bda
549a
14ee
aedc
866
16a96
8b5e
118a4
65a8
d8e2
166b5
2b3b
122f4
21f6
be9e
12e81
956c
188db
146b8
14ada
1802c
18475
1172e
8e76
1849b
16596
15558
30fe
12b6a
40f
f3f3
ca90
d9f5
8c5b
106a6
2068
1823c
a7f0
15cac
125a8
17e10
5f7b
9801
4efc
134af
11bfa
56e6
14072
12dc9
ee06
ea81
13992
13441
14d88
949c
cf44
14c48
3344
9681
24b9
d777
11fdd
13286
22aa
1591f
18596
962a
16650
631d
492c
c8ca
8faf
2869
1780a
145f6
13154
6f8e
c4f9
4d50
6cb6
e68b
44a2
42db
16b17
f1a5
153db
9cf9
709f
6e0f
5506
138aa
5257
23e
13bc2
3239
10653
e486
421
44fc
3724
2a82
a5b0
176af
fda0
f07e
b180
d6f4
112d5
16a15
b2d0
18019
11f91
bdd5
12b16
17d5c
4db8
2541
d295
16610
10d91
b303
f889
5fa8
7707
2dca
e1ed
c91f
dda9
1657e
555d
9109
10d05
fdaa
6e2b
12e6c
695f
a9d2
81fc
3025
cb71
15972
175ff
8fec
4493
cb27
47f1
260d
3a79
45a1
bde0
372b
f0e7
d080
166ab
15ac8
9e69
7195
8bd0
5c41
155ae
d15a
8302
5af
14f60
bcc6
18288
5e2f
6d9d
90ba
113e4
175f8
9a2f
1690c
13dc2
1871a
1121a
12996
5416
2894
150ed
69a3
9132
47fb
b16a
ab97
1501b
41e
17473
1673c
c7ba
432a
13c9
1439d
10083
105dc
634a
38d7
e6d
178d8
11559
103f9
9b9c
a0e6
402b
132c9
14bed
f68d
168f2
2e53
1410c
179d7
4a8c
950c
103c8
40cb
14267
16879
4e45
ca02
281a
1708c
d9c8
7dbd
1460d
b9ca
10008
16db7
13a79
d06e
300
282
3e26
e736
16
2e04
c00c
ac87
6f5d
11f42
13544
a252
9795
13104
1e91
9329
eca7
11765
27c7
531e
492e
f81c
11375
1cf0
c5fa
dca2
a1e1
18916
74f3
12d77
a5ca
4c62
130ed
1376b
fca6
3ef4
15421
13617
a244
1195a
183b3
13fb1
1c08
7283
144b6
15a84
122f9
e2c8
12403
183a0
4c16
e056
180da
13676
e6b7
b171
522f
4281
12f61
b473
6058
143d7
1d33
b353
eae6
931a
751c
15753
166a1
17f47
11cb6
b82
13df4
dcfb
2581
f468
109a7
fcbb
16049
9069
45b2
602f
b62d
3267
13d88
1489a
b90
18150
161a4
c72c
1384b
a245
8283
6c41
9605
786d
1238
dcae
e578
ced4
1337f
547a
11b3c
15e1e
16127
8ac9
133c2
a052
c7c9
421d
14986
284f
9a6e
8d33
a45c
5d37
15d16
d3fe
43f7
15e9b
180a2
4d5b
1460c
3440
de58
14f1c
cee2
4d6
1700d
151fb
3955
d929
e828
2242
4fc6
17449
d319
29c6
a670
130f4
3a39
df86
16a79
6795
499
4397
546d
6204
3c86
17960
140a9
9d69
31c8
d60a
64a9
1676f
a290
5cc0
15825
170d3
54bc
536a
fddf
a422
fb50
d13f
524c
115c5
af0c
f118
85a0
84f
13541
d695
12ff6
152b8
15f80
8d1d
12c18
2f10
104b2
1ca5
c681
e3d4
11c14
971d
99ee
d536
b33d
39a8
5ebb
322d
7a5e
14484
15b2f
4b25
34bd
c89f
f922
d47e
8a31
216b
115a0
15098
922
4c2a
bc66
e8ba
d97b
12faf
82b6
3d8a
1525b
5ebe
27dd
e07b
8af4
4114
7036
10c5d
134a3
8f8d
16760
15c43
8ab7
2035
18234
1335d
135cc
6ecb
b0
8881
17a5c
74c0
19e2
10bc4
5f5b
8967
31d2
6626
13bda
7ee6
59e3
12d86
1a9
2a41
b391
11798
47ca
152af
b1d5
12bc3
271e
78c3
a7b9
5c1e
831d
59c9
1823d
51c7
c8ad
c3df
8500
a800
314c
18871
bf3a
fce8
44c1
1658b
7ff6
5fe
4f67
14693
dda4
187e1
c61c
9b8d
14849
11a08
13b08
1836b
1763c
c037
e51c
3348
ca2
b8ec
8121
f41
bfbb
10b71
15964
d91f
27f6
14b30
2214
119b4
12351
7e40
15703
14324
47d6
17a54
10a63
d558
e73f
936e
2d48
184e7
1bde
11589
1035b
3370
ea18
762d
6dc4
1028
22a
6c4c
15910
d814
140c2
16e10
12c92
ba30
177ac
80ca
17876
822c
2099
a885
55bc
16f26
b933
6dc9
3c2
d950
cdb2
1005e
76f1
12b98
f483
f124
140b7
d5
10072
4642
3668
cb63
97eb
1d5e
3a9d
117c0
eafa
d4b6
6f4d
9c72
11766
15d08
15060
a627
c862
e75
153ac
151b1
ca8b
c2be
b9cb
bc82
1582
13db9
6a11
967c
4122
13341
d893
6163
17ffd
8687
5fff
13806
176d3
11726
d838
1667
11050
2c94
319
fef6
1214
8dfe
155d1
7eb1
1594f
80b6
9cf1
c7b3
7b1
de4a
b4c3
2aaf
6496
d91e
3b28
3eda
13fc9
fc55
6b11
19ee
382e
b23
7c3b
11412
17804
76a5
73ab
f11d
1192e
920e
16e75
13b13
43cc
10a08
81e5
d3d7
f12
10771
57fb
5fc6
10cd8
652e
cb8c
4f3d
143a6
947e
23fa
173aa
6f11
b166
7fcb
de3a
7476
6fb
c8bf
14443
d6fb
4ba8
15512
60e7
ea91
14689
73c0
8e8f
164bd
127b7
c05c
14535
b845
13f1e
15f6b
81d0
f876
11879
7b64
da8f
d1fd
ed89
16fca
1336c
b7ed
13208
1235f
63b5
711d
3efb
1306
142d3
1543f
a38
143ad
9a46
e43d
10d96
487
1663a
14662
d5d6
b10f
9adc
11fab
11eb6
11a42
7449
e599
c10f
11f05
10ab2
acc2
14b12
16fb3
44bd
c7a
1873
d9cd
142a4
b347
edb0
144fd
c59f
14c2f
93e
15128
41d1
c5da
9829
334e
84ab
13f99
384f
15e82
16deb
5e36
10be
83d0
a7d8
c6d5
161c7
c58a
1ac
77e6
1367f
e6cf
133bf
159ce
11931
745d
a68d
cb4e
7db8
10878
4402
c3e
f3fd
1039c
7308
eea9
12e55
15d36
4843
1348c
17e83
132a4
63c4
75c1
6e83
14fb4
a9f7
7df4
45e3
81f6
1b4c
3a02
4b94
bb4d
146fa
f4d5
1025f
8505
cff
17b17
145bc
2b9e
11876
81db
9535
229
13d7c
18304
311c
89f4
2c44
9d4c
4133
13f26
14d0a
e696
7feb
cc9b
11df0
5af2
1817e
151d
1a32
ee85
bf15
11cdb
1657c
c92a
7e7
d8e1
3205
b948
179b7
145f3
f764
39bc
a79e
69a1
460e
b728
587d
2ba9
13bc5
25ff
da07
639e
bc36
13df9
16adb
6174
c789
380f
5533
1630
6bba
addf
d56f
5a75
5557
16607
5b4c
127ef
a125
13308
17cde
70ca
10f6e
87fe
9839
17661
f753
cf0e
ea80
ab68
16655
5936
8870
17033
3322
db9
71a9
13aee
d714
112d0
5a26
41f2
5081
1356d
cf1e
122c2
d7d6
28d7
3aac
d573
c8e6
2042
170b0
14cd
13da7
cc9f
1299e
17e26
13fd6
6c89
60f
144a1
c75c
4b5e
15157
21df
290a
