28342
87961
44314
33450
106757
34996
94490
119370
21136
50257
48274
53817
83494
61135
65289
68306
42652
52743
66985
65686
94382
50855
115076
119072
8678
18551
99391
16392
10840
124568
805
12324
42282
55573
15440
74496
97027
34811
82713
30708
81808
96455
57207
101435
106020
56950
30282
100548
69343
60603
104583
49792
43039
50393
30107
102698
5847
79354
109269
6342
115428
28066
115544
86889
51367
91383
55900
88184
48180
62000
42425
35407
60319
64154
85764
46386
79022
4367
63913
13335
46142
85573
72836
59406
20687
104750
27541
46583
118518
77157
42849
20347
47944
110975
61697
44203
13165
8900
5339
36265
89329
40862
108980
69942
16744
119166
19473
122529
26746
62944
56202
90910
81964
7654
45418
16049
48632
96445
79735
26923
95142
54818
30133
65247
100075
84395
118548
20739
96411
28962
26667
1986
53126
65970
80608
38176
17377
101300
111748
104166
108599
106932
90953
39370
11417
59315
8928
1699
11154
36929
15523
56761
68779
53860
32139
90746
116355
112525
72333
31053
58046
38631
63668
17071
38754
88529
17019
46163
20071
69291
78366
76244
87993
88544
5336
5232
23142
54172
48914
13406
83695
4934
89868
17813
115859
15851
15265
36442
75625
124722
28776
20262
47649
61169
108936
67990
110140
123293
79945
92596
35530
31376
80023
88197
64109
3857
66705
20511
32006
45743
65616
57790
112577
81169
57739
36945
87668
119352
100409
90175
91857
70236
123654
48389
50800
16233
56867
117466
53169
2159
1954
80183
27175
62454
76948
422
16017
80351
41836
43694
68695
45512
61019
6043
18597
64677
27025
115066
6006
97770
40544
81491
89305
65195
13708
39827
65318
71215
75958
71068
48771
44917
98517
32223
54482
3235
112747
11047
100205
113105
91854
57463
58809
98703
109133
38580
114832
119239
75889
28362
58918
33232
72994
49109
102666
60885
102021
61148
10718
94198
10581
48234
81781
66400
43022
82940
39716
73000
24597
29890
49438
28442
124077
64224
58152
84183
19945
24163
36851
74443
105849
101481
40096
26730
61658
106931
86824
90451
37426
90282
92704
111218
56933
32556
53711
34232
357
42832
89532
14420
38504
39431
124459
21120
60221
77603
56829
59614
111478
35414
3489
35633
106246
24862
124512
95807
56465
43801
51923
121022
80769
38232
19837
41616
118988
95305
17437
49693
38524
104961
110461
32543
30558
102313
5090
66493
117664
114858
32640
112161
45427
118381
1500
51074
123233
93292
86272
4676
31726
53354
62827
64192
49877
26815
48951
30392
12806
70551
108940
57794
63922
117796
67437
64317
56061
68221
73
73158
120783
8756
78319
46183
91670
7674
44865
60697
73945
95200
56557
44491
93394
114247
