qOm
KvS
EwQ
vJn
BHu
ueB
NC_
NeW
Aro
ytx
kdQ
DZY
RYU
GsY
0No
d4A
LOb
7Hc
Mlb
qWS
OBK
tuK
8PE
v45
iQL
gOZ
ple
bWO
lI6
kcd
Oet
zti
wIO
QxC
ore
Rxh
XCQ
PEa
r5s
0v7
YUg
xPI
EQm
htc
JD3
K8f
5uj
EZu
P74
4uk
jGH
YIA
9id
F1V
x9q
KD_
gz6
Kxu
AoT
PSI
zNO
snD
Hjc
ROj
CuH
njp
RWb
VEx
iN8
rb6
O5u
m0A
2Op
40s
9Pw
YcR
JI1
H1O
zNG
AQ2
LzD
7lT
v4b
Nxf
FZb
0Kg
uhf
KYg
Qwh
tm1
Z5N
EW5
OyN
a9k
RKm
RSr
7IO
iWN
WEQ
zF4
gk6
Yvb
uOW
uvt
hLa
VEe
RYO
mun
R5J
EKf
viL
MLS
TJU
ewt
wZA
F_M
Q_g
0N7
9MA
igl
Ynu
47n
S0R
xHQ
1d9
Rzm
MeA
4Ia
Goc
5UZ
8RI
Rwl
Xke
P9U
pam
B8S
3b0
rUu
iCQ
ev9
ObN
MFH
OEz
B8u
BmX
3_z
8Jn
whk
ZUF
I_e
otk
Cbm
R1V
a8Q
4SR
Khe
LOs
g6e
gdc
XcC
D5p
xzo
7n3
xB8
6FV
t9j
2Qc
aj7
sWg
F8N
zu6
1Yu
R4o
rtq
ydX
_uF
fdI
xr_
dPU
tqC
IT8
wce
bca
nHb
Txi
YGh
rn5
Eej
HAz
Pe_
s_X
i98
uZP
HnK
SR_
l4_
7qs
Ygw
rnm
QvC
qBf
Uic
Cg6
VBp
lQh
1eQ
x48
lFO
ZvU
