RmJ
KSN
lLH
UOL
2hR
fMJ
pZP
qnR
p8B
hrQ
IXB
U1K
EwD
TdH
L7F
58K
ZFP
gXN
AUQ
rMN
zeM
ZiP
XvC
2FN
UeB
YvB
7U
wiQ
8uK
UdF
DsH
ZBM
D3J
qIJ
tAN
L8
sr
wzN
rpR
7eG
CHN
9BB
w1E
ezR
gCJ
X5J
80H
xQC
trO
UaC
VqC
haO
IAF
UcH
5bD
wW
Y2L
0dI
u3P
4aC
HgM
mQJ
WbL
eiM
SZF
GlJ
WBG
qYF
9JQ
1hJ
UEE
TEI
uGG
u5C
mJC
aPD
uXL
KzB
nQM
YkR
Z7Q
dbQ
9NK
TzJ
UEN
pPL
bdN
JKF
pRQ
oAH
pgK
qfH
6eD
2YQ
BPK
gZH
SUE
atB
0NN
h8B
HVR
LoL
OTK
9NQ
OME
I1R
oWH
HON
TIM
AwH
SZE
NqM
chG
QJ
HSK
iWB
F3M
9OE
8IS
gMS
zEH
t2G
KsG
rlC
f1K
uIJ
TuI
pRD
bvJ
QOL
VQC
6pG
fdI
RpR
AwP
VAB
gYC
gZJ
oDO
H5K
cDR
4eD
yCK
3YD
yMP
AeB
4kM
yaB
A9H
iSC
K1B
i7E
KsD
IU
EzR
ZbP
H7I
gkJ
sFM
jV
BPD
ltK
rZR
fWL
8KR
zNP
JkO
XeI
HIM
DQD
A4P
TzQ
B4D
OsB
yEN
qDH
8sJ
LWN
k7
JWO
79M
sCQ
YaG
SFC
shG
ca
DMJ
yJO
tq
tF
FqD
i6C
1OH
sgP
KhK
KhD
LQR
a7H
18Q
Ne
vBI
6jI
Nh
UvH
OgN
ziP
vyC
s1M
KuJ
5jK
gPD
vFL
F7E
w3H
G5B
iLM
LHM
4PG
VSL
LvJ
sdD
jbG
GiL
wOE
dhQ
FJO
H4D
jpN
1NG
hNG
qd
eV
xKK
s9D
SrJ
RiE
UEB
9PR
25I
BeK
USO
QjF
uvR
B6O
U6K
OKQ
IaK
BqN
q7G
CpP
NGB
i6J
f2H
QlP
pwQ
jLE
PmQ
rQF
DIL
H9E
CYR
wdM
YEQ
pjC
lU
UuF
cuB
zaK
VhG
9oM
ov
LzL
wKL
QiB
YkK
BkE
kmH
WQH
kYQ
J0N
FOF
7aM
1BE
nsO
oQP
XOF
IlB
xkR
IIE
KSR
j3R
DCJ
NgR
v7R
q2I
1sD
PLC
Y3J
66E
gYH
YmC
gL
UKF
pEI
2FH
QIQ
6OI
ndK
U9B
2iO
7kG
vZQ
eGP
p
VjL
2sO
58I
oGE
RZF
U9E
q6J
oRK
AZR
czF
06H
zwO
SNK
xIP
2nF
SSC
6yB
qJM
OgO
i5B
SuJ
bDH
LMB
d3
G8K
eGS
JRM
fQJ
t1G
q6K
oXL
i0B
wbO
YmB
0WK
z8I
iUC
AN
GEJ
GmG
6uP
aXM
iZI
MOJ
e9H
C9C
DnE
oRJ
baI
zTE
VLC
yiD
hWO
OjJ
Fz
alG
vyO
4GP
cJO
3aH
POE
ofP
vJM
czD
0gM
PsD
ZfO
AtL
yYO
