swB
gxB
LR3
A4B
JvB
vh3
B97
K61
iS6
qD2
SIE
l37
uJ6
XR
nQC
t07
1H
7bF
F83
b46
h_8
aU
8fA
6wE
Vi9
Zm9
63F
2y
a6E
fP
vDD
F8
mpD
i3B
oG7
gbE
DRC
WG5
sw4
LFF
mB4
8bF
0_3
fSB
W62
RJE
mL7
Rd3
tX7
F34
d93
cf6
d86
Z7A
acB
My9
EY3
UHG
dl8
sxA
7k7
5DA
_k3
803
032
taE
T1C
VD6
C86
nQD
9V6
8V
u5F
YV6
tsB
SN7
fdB
B77
cLA
Vf3
Jp7
O_7
EX6
0G4
_O5
12C
Rr9
X3F
RgC
eTG
xS7
vYG
1i5
bPB
xfE
3c9
JUA
OCD
Jh7
Pd3
J_9
_G
bxC
MVC
Bh7
nI5
Iw2
pj
N_3
7rE
bl9
Xz4
WcD
HV
UB8
Vr3
St5
TH1
_UD
DYF
YJ6
iQD
wh7
4AC
kIC
rJ2
TsB
Q9B
Ui7
cO6
ZI1
i96
RuB
qi6
ZJ
D94
k0E
Dz1
gC6
h21
mY9
0DA
Z52
kg8
2g
c8E
kZF
cBG
QAD
Xn
2VF
XU3
d_C
fQ4
8p7
hQB
aIF
3z8
GA
ng
Kp9
xR2
G92
Zz4
gQ4
GH3
Zn8
Gr5
Fp1
tW7
dvA
U68
FsE
I0F
vN6
jYA
8q
ej8
7J8
ym6
dNC
BS4
qi9
wk
zEC
DUG
tC7
Ek6
xN
Se2
tEC
wI1
Hn
LBG
WS1
vI9
iK2
KV5
sM1
_FF
mJG
Y88
jC4
_oD
xYC
0X1
FT9
Mu2
Ah8
1oC
Qg5
l11
l04
6q6
ZO2
S3G
nXE
HtB
HP5
z65
9KA
CXD
sN4
WzE
yqB
8X7
0H9
iM2
Pv6
D0D
_85
nIF
ctB
Z7E
ow6
Cr3
xn8
yb
JyD
XN2
_p5
_HA
bU2
BBB
HX4
Pg3
jg1
503
9O6
dv8
XH5
cd1
6s4
WY
GB9
HX5
jx1
UVC
O8
QIB
AOB
aaE
S7F
Bx2
bx4
ESC
oJE
XkD
OZ4
3CF
Ia8
ex
UDE
7q
4S4
0o3
zjF
uiD
Cq3
2eD
RcE
aWB
FDE
qw4
Ig2
SY7
YrF
aG
Q49
zgB
zf1
epA
2A8
QP2
zwE
WD8
vHA
MwF
Zj4
k52
AF5
ig
nw6
u2E
Yy4
HdG
6mE
lEB
Ks1
nX3
MG6
aRB
nJ1
cc1
naB
805
9Y5
0a2
Jz7
523
R2G
At3
rRB
sM5
dq2
UZ8
r5A
0u3
Eh5
X0E
UMC
K42
485
iH8
yj6
AQ
nl8
qgE
V5
_SA
wr5
a43
QrD
