74998
22630
7541
79083
1813
20896
40335
98996
17588
55523
85342
64640
9981
34306
86714
33534
40469
34138
10838
85870
65340
11686
21893
115509
24661
99888
95629
84426
27170
110587
101790
84332
126439
6799
72369
21728
37097
64189
101979
103249
38637
75862
10044
57582
37325
104247
71441
85038
111133
14083
98037
16972
43936
108447
114564
26403
10623
42729
112483
99985
25802
124099
23808
81128
97042
89316
65193
25640
10322
55496
15308
79905
29877
86091
109625
723
61561
10407
79616
97682
90857
106707
99399
27466
43016
54826
65862
38633
1541
75744
29496
78404
105875
48256
28590
8801
6903
76830
3923
101957
15817
54885
98690
95707
35957
13692
23571
24358
99471
66158
78116
59543
106965
61374
61428
82898
95269
69158
82571
117177
34620
16795
73048
39119
84084
124004
4667
8220
11950
126376
68820
114915
53578
32633
37519
47255
44755
71953
2287
85157
123261
90342
31086
77930
11261
121837
123575
116445
70157
22745
4672
13390
103058
114107
57431
86102
41616
100566
4341
42919
41759
106631
35402
85017
46693
2256
11383
21826
34494
69850
43853
50563
17903
58581
77518
4166
121515
97633
11013
49082
107181
72966
43505
79370
96430
43737
85506
116581
25335
62928
117724
64932
126117
87774
19146
104288
76862
5266
6710
77380
14991
116657
92071
74734
56854
2917
25021
37836
74226
89716
99727
33670
95125
112234
44373
115050
19235
76852
84128
82926
123517
30255
13024
12531
53087
23034
48521
39853
17749
94162
119232
59918
43292
99556
12062
16277
21384
3514
56938
100572
44198
41139
58754
47668
101578
81632
3529
29823
31172
99134
26721
35825
112586
38415
113380
116867
28431
29298
76107
57030
71849
96904
49996
103808
101751
119043
48819
77083
97013
45939
13463
43635
102331
14978
117039
70844
33385
17601
110777
54039
43415
109306
60900
88609
111015
27786
81852
50663
692
37410
34525
21965
114911
107901
120489
92184
32693
115735
31169
14406
87738
122820
79395
110903
39809
114487
125144
20330
101083
22558
75515
32280
53029
76086
6819
49954
58884
54762
71315
120841
109447
73949
56877
111330
71549
2638
55083
59372
17060
38145
39253
50170
44152
85193
111732
115024
97683
75196
69632
97740
1885
74096
101686
102753
36025
106572
118101
56473
114011
62138
16409
43987
100579
44664
76079
62803
102185
63194
61084
106856
68943
94334
49712
87625
62672
24431
58018
125499
42791
48953
37598
74185
13148
41122
57514
25643
120614
57091
124740
89460
87733
95241
31149
118506
8933
99279
46974
43937
106917
72937
36958
77479
27053
48279
89659
121337
83178
40790
45633
93594
1788
73538
114164
38216
56029
65730
34399
51165
57750
33623
61090
17608
59570
82937
68948
22068
17174
4309
85838
10936
80283
38384
57973
102210
1978
95709
35193
100491
13386
97456
76811
53875
32303
22208
88410
307
22904
13450
15318
72349
58350
111073
113522
47239
83461
63737
53109
60557
23651
62673
49892
101002
59464
16930
125552
54546
77450
12817
126223
68688
109673
30421
120269
45661
107604
28660
120911
110131
80637
84232
95041
124183
94776
70651
80111
94819
84717
5667
9351
52522
98998
44233
22949
82668
126276
4934
39107
89909
124180
42251
10377
23629
87114
84586
66962
23534
43400
11410
33704
74300
40622
96029
19107
85592
72525
45208
105945
117278
31699
6696
16445
68877
82922
26772
95767
45360
90715
37920
79122
107751
118391
107210
46493
108100
37370
93654
18322
71617
21810
76170
25220
28233
125808
49816
18670
44721
58280
123636
4000
86607
119989
85485
122810
87691
14339
49039
108235
78636
69330
42745
47972
63417
57381
89618
34249
97048
56220
6649
42474
12919
39576
16389
51629
80380
7561
867
70359
44441
22687
7776
35932
58227
95587
88469
31450
87516
89115
27168
119908
43648
4100
86434
70696
7237
108434
99596
109423
95540
28509
86855
93605
110521
93934
106758
3269
15634
102591
119760
55963
56613
36377
48773
27996
68348
87376
77741
74
40082
103946
90655
99886
5984
108245
108929
109446
87184
122684
60278
4876
62125
19800
36599
78910
37750
121061
69324
109344
76218
124356
1699
6008
19620
50869
41787
95461
79673
13259
70519
16191
73288
53107
79511
7440
122093
120310
49207
116913
69834
27844
71543
125385
117605
123184
7215
123618
98028
32216
111993
112633
66606
2096
111471
118885
92464
64563
49092
80393
52186
85647
75962
61613
1612
120448
60483
86614
108719
21777
34810
41585
60655
16638
14007
65914
121097
95954
96834
25815
122957
100949
98209
87124
4128
8057
50246
24547
15787
14778
23023
75433
123319
41128
28236
112255
83490
27693
93658
35477
64777
90947
6974
92572
76308
70726
21550
42847
59213
68424
35767
77400
93163
76566
91495
77226
3764
84081
14902
34904
4135
8377
31395
111237
7118
40977
108532
84368
114690
102620
54931
35728
100778
87653
85657
52515
79761
120134
121275
14653
32239
119458
116548
23339
72656
75219
19320
95255
109375
115966
14515
42960
94989
60328
95838
23127
68808
60987
114141
38996
119781
100448
104276
5089
59365
88684
86061
1844
117127
108246
21236
83837
49115
80415
53508
12915
60917
43636
37752
53958
103797
85930
19931
108019
97796
46508
31191
96700
107179
26351
37880
77948
116897
14554
72250
40851
77712
107049
104251
35432
98048
111857
108680
69857
69830
7822
56537
110846
78855
30820
95818
44689
115539
36644
2796
113402
72895
24728
14665
73330
102076
70217
104582
112560
62137
27699
60779
21679
20207
50548
33443
104858
46050
10918
50344
94156
52238
118138
112646
31076
8542
3841
62309
47890
32476
118827
5747
35756
68110
99444
96137
121228
37111
2184
54337
29566
84939
40735
21970
24328
84903
73761
71153
39680
62197
38396
104472
102487
27035
67393
50963
102365
13275
12760
109488
123392
122724
71010
58609
51583
71169
42274
72881
1183
99523
42996
56697
47435
114714
18970
11838
120948
9274
8658
112767
48194
72563
79487
107828
25610
48900
59390
108950
99508
54032
124811
125058
20805
71296
42409
1671
114215
21447
81025
41027
81937
16583
39470
29061
109367
5293
59632
72010
112986
108089
125554
103459
68962
17648
121641
81158
63763
16684
65495
84078
23307
17745
9458
126109
96132
87973
100011
30586
112512
82851
85789
101795
88349
45396
92133
35122
39764
124308
119015
111095
1017
21420
38728
81132
101732
93776
6029
91942
124620
21553
36888
41612
89564
75066
47897
57045
15266
51503
33709
34814
53005
91550
2874
6469
101233
113357
28804
26729
41023
105792
68628
36503
27588
96751
78390
94559
103655
124472
80569
123211
6682
51031
105460
33477
69404
43868
46395
83678
28107
36105
26207
69683
87197
36214
117716
114463
18858
28843
37298
10128
83594
80364
6965
67514
104974
93450
85873
36923
115761
87568
119423
118725
43679
38518
66757
125070
260
108727
90426
46853
28476
116994
5061
115667
6054
113121
98858
112199
51293
100433
53786
69275
37577
51033
42352
63849
124063
45616
66509
111735
23212
126249
76918
56012
101873
114386
98261
103507
95419
59445
1072
40525
100400
116919
32730
55623
47367
124041
32711
101572
12910
117306
46948
117220
77957
64530
124268
110940
6540
76314
21450
105854
29879
73160
95532
76665
120129
48982
55188
89086
54107
68193
86467
126293
23098
88708
120232
76914
23819
104106
59163
99746
38854
27709
91520
124869
88061
29920
107228
28526
24459
113675
79051
14089
53328
79575
67766
69546
108806
61338
86672
76460
106963
114456
12464
45242
106683
23340
27450
44458
110563
61320
45743
4438
82212
123848
86030
13001
26340
61177
105408
62229
13189
33264
100810
71183
82576
53131
58295
21176
47384
5918
94908
88754
73930
45382
80400
108773
44581
5695
77427
45324
30811
55640
36067
57057
15802
58874
31781
50243
89715
48670
57991
7647
85731
113588
39001
118168
14848
54651
59487
56616
82829
98148
92586
80938
90184
3072
97011
72904
94981
64377
57640
37521
6543
16892
103656
28434
8837
12262
86040
63812
99355
106677
32551
55583
17781
124033
73338
79543
34986
44726
10080
109277
65939
48357
39462
110174
62767
28548
78803
69505
111891
25866
78128
18977
16002
5104
39867
34239
43051
36124
44318
60559
118022
82246
57549
111115
108190
94772
121636
33571
104190
3834
6262
36207
15880
114880
113928
118403
118311
50651
93206
81300
4732
69987
20635
20883
43097
58641
84276
86558
103811
48393
59548
76694
66823
102416
12023
125860
78516
96419
578
69118
89538
20243
118464
122337
26450
5180
90815
58243
106775
95738
61576
35259
26653
123279
46897
62680
53534
25365
77025
44694
33513
60886
118084
99976
89019
28731
123975
27663
12165
65735
81106
49949
28734
10761
21535
4378
62187
71699
45529
47074
89964
93885
120745
32140
10386
70030
92199
81926
83251
93199
3370
4532
124214
109711
124446
109545
39233
94588
101862
81257
113851
122289
29335
80381
125387
123855
50180
38061
65412
50283
110746
74661
53167
22373
103879
123251
30138
85114
114348
101171
119637
82766
242
97808
87776
92741
118692
20080
107766
89585
81814
107602
114886
41793
69592
124847
81076
79651
99865
102431
102893
82819
120470
18896
60635
95780
43230
52324
29426
25874
108140
66175
64813
56977
42342
42927
96652
1035
23493
123835
37076
78936
59615
43885
6949
11926
68784
4375
3089
108467
50978
16588
96278
93295
79339
60733
31976
60096
93125
84013
58764
53397
61872
113227
109597
62817
92955
97424
6808
113612
21453
63548
108810
82071
34773
5653
29714
58583
79145
3662
50054
118050
55635
114925
105145
22990
27603
20806
55566
109757
38540
104449
3934
66764
77008
73243
38592
12853
85499
117594
22453
108845
841
61076
82629
38559
72475
119496
14259
29041
73427
115913
79264
1011
96456
115016
14599
115358
54920
13212
60045
47755
107981
34250
104908
60892
86444
39751
45900
4825
110858
51483
1479
35881
24222
109513
62960
16693
29457
2968
122929
111786
115400
124762
10528
80606
64779
81568
65479
89641
105367
121640
40665
95898
20469
5204
104530
4813
50036
79717
1091
67533
114639
67468
72766
104960
51332
9429
58975
47568
58412
119403
77519
69441
47851
103253
121976
7377
108613
25184
45628
57056
92690
4907
54471
76419
52931
67901
10627
88160
77764
21701
102675
124951
85397
94923
59258
117865
46302
38817
107782
94405
67403
58494
73694
19934
110640
19573
53093
121990
38593
72194
117674
19318
41025
50764
39144
26243
5647
121126
103992
5491
75202
39258
66241
1816
69103
29842
80292
1322
85076
53594
24850
39722
30158
31471
104244
115584
116898
59153
54224
90731
48449
32429
109960
108963
22447
50225
11866
34125
39464
72444
11377
4219
15803
35991
60687
37894
109840
23180
125101
101247
109270
100774
32297
38117
125290
18454
28098
22871
13457
775
14667
108787
77924
60131
112003
112200
45685
502
120984
53941
118485
18631
45976
26683
40378
57500
51849
65779
81550
41021
87663
18614
99876
81935
32613
92936
36137
74409
95554
104218
91480
53828
106146
46377
39741
76148
109616
15603
15331
58154
52513
93421
56274
34735
69045
245
120153
46019
69328
122031
48539
70473
7209
109092
69856
94530
48608
14087
3720
98561
74958
69635
121908
91323
50707
57892
16193
64532
114171
116117
42492
15671
19674
122071
46639
66103
51415
81493
92800
90341
32996
84907
58153
50048
96953
100527
120673
83781
49273
111782
93691
23714
105628
20426
98803
58814
87618
1998
55797
58183
89179
26242
117645
55756
76891
13725
117381
38472
96650
6644
62405
21216
66188
121492
2398
4690
86350
74573
3873
48841
38052
83741
54476
48798
75190
27731
98442
45118
4055
69616
93062
106040
66810
38050
103036
87060
61539
71996
25453
20371
73680
56099
1454
62262
120329
41614
12157
111647
43654
33248
37549
6189
12886
76786
67926
92323
48408
55118
119400
15096
59849
84438
15805
121812
91020
26150
109236
124836
86458
101064
9656
76836
21282
105541
100212
90312
92577
69363
100755
114422
71560
49095
85009
32081
72057
11852
107004
124454
58250
125646
61296
113914
90389
74653
110233
103466
120135
31965
5639
19385
75318
82823
77551
120577
26830
90910
83562
35574
27961
31005
59743
20375
103878
41914
76
75619
37212
5076
92916
47834
20562
124532
13731
50288
120910
101082
33639
47490
122495
100331
87319
117247
99071
75071
81375
90531
68180
96147
39061
95804
98954
110770
102262
55363
57840
97303
17321
18259
116494
5295
125391
24716
112927
125958
98132
38851
22793
125367
67758
121003
80333
109895
111160
63433
50524
55407
14330
77575
43770
10842
48430
104331
73982
23852
122365
81780
118504
48513
79394
33223
32783
59077
107743
119646
14016
59185
60116
71036
43406
20961
121093
109602
97347
57003
103345
99999
110850
61787
2814
52621
63535
107611
2582
88457
52851
62198
41316
29420
79777
45621
93497
10000
52926
26210
122146
77504
60342
124749
122053
63246
60885
5044
2296
16160
57910
61048
35726
89259
86813
51536
81148
103442
93044
5936
29143
112678
48783
44504
46626
45675
88275
125242
97186
100431
110260
47093
61763
87778
88939
71603
18369
100865
96042
11096
29239
100966
32122
79342
72879
41856
46313
65811
53808
20894
39066
41871
119166
78416
92522
63396
86946
94660
96053
40438
58114
37003
61333
75405
109464
2201
40641
118576
18540
71255
16868
123697
31776
33152
119064
42136
119039
29325
31467
95508
48894
60988
124359
46861
110096
66939
14792
14728
7902
57551
115008
33739
74617
52984
7906
121437
105239
93573
120483
102521
28195
70365
46316
61097
75554
96664
82910
13252
85192
60514
80777
57206
64626
115423
30956
15385
90959
40784
16175
7245
74926
88005
101004
87565
13651
14452
83897
113194
86538
114373
84878
29034
62605
60995
51117
125798
45804
61163
31222
64129
41789
116283
97501
3643
48079
47945
108472
65118
9510
72942
20751
79237
85501
62177
38981
124574
109550
68511
70085
5612
79776
49899
28116
108340
57784
102526
55938
32745
88877
96288
121189
1164
113431
105868
105142
90566
15217
95123
84801
58710
22809
51560
93986
106234
77698
39619
120284
102508
38874
81623
73005
119283
15142
50100
70001
113361
63095
96587
31316
13618
70106
43858
1775
2115
66725
80372
90558
62808
105176
24351
71923
15645
85577
71227
54081
101347
5933
61016
53416
93575
115249
101962
65831
37015
84887
123185
18047
21201
6261
7641
67426
76952
15705
22988
37341
30370
19612
67027
64064
93892
21020
108389
67044
73886
80834
87752
60243
117790
11329
93704
121684
67649
77585
115166
72693
5659
96238
110971
19184
40064
119877
94188
56182
80995
121394
1603
67428
114938
39633
113742
79515
85348
12377
95601
12908
26678
49693
72050
1384
52021
33810
21093
40415
105108
15473
81175
15180
92509
96981
43980
96562
37152
28149
24130
80559
117693
77089
86983
46513
50580
80981
111323
100398
32088
89422
120643
29666
9610
61013
499
75964
39249
65825
629
62389
51001
110360
39843
35813
14791
74015
38521
107294
32128
4754
7861
40920
113119
84103
56135
47137
41460
123401
42268
23632
60774
87385
44651
80543
25585
8592
91522
91867
7678
51437
63725
123308
42062
74161
41894
123944
115021
24283
6886
37696
84372
44676
45456
49731
44034
24561
80677
1913
11447
94123
93442
22407
86392
53767
122606
66703
77567
46221
93555
123665
55647
58584
112100
87660
33545
35639
102615
105173
82797
43852
37113
13438
88715
37745
93212
106192
17666
37209
92216
102485
51651
91056
45922
119813
41707
19833
100582
40546
52164
121790
38706
67572
46521
13530
70404
40945
96903
102377
123934
117607
121725
5462
94607
48312
724
32910
104181
65806
93964
67384
104700
45332
66722
13238
116962
78379
76128
31361
70223
53847
48424
40283
23453
113048
122165
101517
91807
102737
37283
2265
110910
47130
54258
77813
35718
49130
45113
48035
81155
19723
68417
117116
91631
80575
120506
84223
58187
23486
39769
107900
84981
19542
25147
105465
65217
35303
125549
74838
16761
76243
124912
82200
101569
34686
70139
22515
3686
61182
102460
45724
61463
32468
100413
25384
27019
59301
111481
58734
121680
47060
49013
125486
42828
91569
3303
77965
11992
34923
111765
73863
25199
109053
112569
111654
21128
79244
41988
69537
104645
49740
124846
23371
92716
119596
95691
118961
72160
80358
54485
74535
15864
7691
99333
57159
53580
37884
29633
1758
119267
56996
106466
123896
33081
43346
14607
46114
31856
89008
119926
38866
44061
40261
13337
101840
90415
117458
22148
54832
11770
50223
26129
77667
118088
103752
108196
19768
9723
51473
122536
77155
116138
39922
57393
118249
108321
67739
8170
66109
58552
43767
122216
25996
123180
19130
97519
18992
27370
53410
70490
79538
45111
98925
30393
104431
23419
108007
20111
96677
53728
61459
69370
10202
124357
87770
5382
11251
52507
67614
86375
114871
7470
93394
108536
18381
24586
93229
25261
28948
106248
82242
21151
88941
100021
59663
10897
88394
124405
96626
20169
104016
11181
86933
40
44082
25892
116476
94601
58318
47499
33844
67062
7212
87858
74284
120992
29170
100473
125306
70751
120845
115444
20065
74645
95107
91777
57534
102113
122624
112126
76888
14467
116353
51170
21696
532
102123
15576
124218
22529
9385
100858
102817
54120
76595
15791
46333
2324
95879
36106
28419
60179
2592
92568
45705
29313
96605
36117
17928
67865
5623
29534
56150
80044
120786
79709
90817
68974
124190
5903
67230
10294
81166
108127
18961
59760
34878
99249
105106
124988
5156
25653
108343
117610
89435
110291
33743
87220
60335
34501
45736
15089
98622
80037
65926
96923
106555
60703
123055
16320
99948
112251
20315
68569
19754
9251
79906
76425
95338
61295
81857
80439
4954
96271
62200
65258
46811
70758
89167
109330
121980
55035
101378
89990
78541
43448
25310
102459
79461
42364
62488
105308
28616
89066
96386
62318
72952
46283
56266
20424
68089
34492
3
94939
121718
24689
11997
61681
112054
102146
58308
3709
91376
95542
101145
15523
121960
117404
118553
44104
86746
50779
46854
73928
66799
69971
84617
8341
80140
46898
116172
48960
15709
25565
9039
52005
22041
59959
18379
48315
113773
62896
34321
124594
89374
32570
79431
49309
57738
34613
6881
13213
27029
12416
65364
116988
32503
85864
27865
29631
19981
58643
18842
20840
20960
100015
106603
72648
63131
107342
17451
19379
96759
10438
64112
75621
20707
116127
109077
122869
53537
46126
19222
34776
80746
24753
24718
54360
99909
33882
113408
47382
20777
14288
28193
9770
40770
58562
28460
11649
77140
57385
61222
91815
81462
115973
19521
68664
71416
23886
56857
18886
118172
88459
23487
45286
103443
60977
119795
81379
91715
3989
92332
30480
6356
42852
43921
125188
67492
111389
85802
1472
9734
77498
18121
37653
79645
92847
6244
16455
28433
106468
62458
27710
84481
10634
96959
51216
12608
15983
31919
57603
101934
44190
74375
36202
88525
61111
92383
35179
125760
3464
41235
51230
49318
43009
41808
98485
111806
13290
119147
101238
59435
25221
26052
24340
32749
126263
49310
88875
65826
31943
74792
123377
71637
91872
24359
61150
98635
20915
54432
79938
75742
113607
5254
126420
51524
23168
88323
62527
119820
16796
92748
73839
68327
87474
105012
75746
99593
5473
118587
60047
19357
88303
39885
94381
6191
4305
14809
60012
11402
110168
63040
70436
82430
32407
41455
111736
115323
49913
27142
67014
9362
112596
12969
123065
78904
50592
4711
96114
112271
22803
106754
75400
25875
33879
18275
109503
20196
63975
21129
104296
89717
21126
17230
20238
51598
92246
76805
23937
7722
92391
90136
1378
114252
9368
2119
25738
120177
118145
32395
80798
18396
42892
67159
13048
95856
78465
2680
12421
72399
88279
83353
37246
14615
8938
96305
18177
22534
91526
85698
93205
4082
61788
7841
76706
54661
58514
43250
35156
92670
119651
113594
8166
68916
97832
78255
49195
58942
80359
89649
20724
20179
8271
3845
844
104617
47121
66100
19589
18470
50320
2173
77107
55847
49540
57299
92245
18730
47546
73384
18557
103932
71625
39400
59730
77167
96629
112381
126040
119229
42183
25256
120896
47145
47000
91467
81029
117202
93653
91573
40844
80013
38989
26300
27826
13168
2590
50292
52043
124128
116106
67389
35144
48167
121352
9174
42169
107430
59630
21571
46557
14682
25830
16427
60513
118615
37942
92853
99177
115356
22468
28379
84243
76527
109340
21203
9781
50274
107216
10165
43158
19531
99935
17202
48717
19703
4986
45959
33568
90501
47124
72977
110483
64116
86456
362
16670
19264
4840
92286
4730
112505
36336
431
89379
37614
121130
65061
33870
90330
55645
2670
66644
77343
114358
45684
2220
44053
54589
76915
87295
94416
114916
75904
111013
115023
32134
85964
105806
658
50525
37949
16161
48272
15891
14161
16347
105694
36940
38129
38492
24679
83051
84283
104219
66684
122747
26859
74416
69710
29999
1469
71493
16663
94320
125375
114961
116624
39367
33165
10660
75024
44029
18537
30396
45463
8242
91798
25835
33339
100567
35827
44480
40941
15788
11276
45309
22457
76819
42826
70260
106319
20486
30608
56280
85106
77871
20261
15620
30893
12163
87231
91651
75595
112197
73706
18389
53691
24500
35458
9247
62264
46845
527
103089
28981
126422
98627
114285
74912
111895
79276
31482
104646
92188
39087
16532
125400
111573
111562
10676
93046
91551
67987
59158
31159
8860
79010
98619
90465
42026
21798
28148
92539
12112
31354
100509
56049
53022
54246
26904
72692
77153
22389
50905
28305
42191
120431
104497
39471
8756
122712
1694
98595
27621
58184
2345
123404
28667
8905
125721
18834
36642
88616
13657
117715
33326
11646
101243
3019
49072
36337
52188
41636
53330
103479
48118
102561
46710
95102
121253
51198
3320
113223
19073
57893
3705
47474
72371
5956
92423
97647
68683
39173
106949
100505
44368
110439
98444
116712
86481
20645
21875
574
3166
44048
77524
90920
62520
27469
109304
68020
41932
28582
1521
51586
74812
117864
21575
3218
99179
96033
84969
85659
7736
33368
53388
101293
23003
101742
123361
87803
23196
90326
35914
9002
28914
80302
62175
69933
30152
78591
97522
3750
41063
43094
25296
76658
107624
88701
74528
102097
77114
65738
20323
69923
25922
51830
49625
55936
71411
39435
58238
19964
32457
63774
49577
117622
58799
39480
126350
11888
31630
94936
38386
19153
101579
45748
90935
86306
38583
108558
6966
65783
86948
64690
47287
103819
33800
124892
78437
64492
36819
68116
20395
52268
100376
91693
28453
10720
16756
53357
63634
90439
100720
51424
24051
15824
21629
58673
26164
98870
46914
123325
53914
12560
89009
75186
31613
113998
72840
102894
126134
79121
39671
14280
45856
97725
90768
8897
71352
1381
76349
3528
21643
10404
103239
10450
70413
81600
96724
25797
56776
83812
26982
35083
97473
54670
56332
88503
1007
27895
71440
17247
27968
112337
82699
103545
97944
5455
118272
58870
66843
85704
92822
124779
2494
20066
50813
19375
72374
86564
123885
48726
32404
63195
101215
94146
95562
5559
124563
7034
36374
109204
67950
63776
108155
52814
46158
60659
46787
89191
38908
25641
3908
27525
86866
89550
94477
114600
51343
53043
91666
74524
87989
67542
8249
74115
40166
75156
91217
44905
95777
86298
104677
73314
14142
61009
24161
84130
55558
4737
25729
82402
98660
80304
18532
43772
36168
56504
104544
54381
80363
42022
73331
66928
115662
34647
110835
14475
72760
47787
117745
26444
88311
2219
37312
3225
100436
113682
102246
103629
11300
65047
40724
12926
106900
120003
81179
75306
82636
66773
65141
104075
83692
76756
108004
83269
126463
4061
71019
43374
41314
56047
86875
30932
49691
10129
86231
4675
56494
86902
93171
104632
5
86070
75617
710
38252
23325
64047
49364
57826
229
62325
111479
51049
16932
73818
121998
112257
104118
122814
82871
108828
10953
124463
25660
123781
43354
23223
99348
57779
29530
100165
75368
62618
88794
118290
11733
81219
35479
66754
103775
19933
99507
122033
29961
28127
1289
123207
78856
73433
112434
51510
15614
37952
77316
112889
88400
120267
52567
46589
121580
109026
41487
82464
60662
25316
667
107967
112278
121637
24897
79790
17688
105985
42403
118599
123199
52044
11824
85340
106187
53646
18311
86110
85321
72283
98752
94841
23165
14895
33053
74747
62543
30088
77490
111390
106836
97025
47433
108511
101240
25599
60793
97857
80326
78968
65031
92007
64618
25163
121024
21181
50872
93405
85158
102569
123586
19746
108867
82628
99921
22805
122823
61301
117913
810
78581
115991
7825
93966
41222
65167
34711
70485
112105
94616
21961
104877
5583
69510
34414
113620
109734
7509
109360
74487
37846
29256
95756
122427
32944
77187
38885
80220
125099
74429
6272
61194
90851
115056
22536
5807
12970
91225
45151
61887
50215
123212
46288
17165
92862
120251
119569
16810
45368
46206
68055
122671
49162
27614
83087
98728
126264
61931
120847
122211
41391
56692
60999
20610
77723
79023
90129
38607
123774
78749
426
53892
52175
40997
61237
44178
67297
66303
21554
41144
91697
41583
91077
3603
120464
98451
63294
575
107737
10862
101392
97521
52203
114837
29708
17252
115947
92576
11370
60529
113260
92421
70753
114878
106601
9968
124772
101019
102835
6052
86140
40284
28941
105836
36208
76784
115348
91943
35952
24049
43366
40759
11667
6593
22720
20037
86759
105705
20920
67887
85811
119981
125222
25461
112210
21587
1402
69869
36686
105547
44139
58662
72111
36618
59398
10823
72284
115859
106220
115472
17899
26700
121522
58887
60009
99429
104907
22421
95451
110267
78387
19188
88117
83324
39114
60627
17163
101787
23604
1376
40309
63152
47532
110303
91792
87978
13799
72232
101543
107480
59775
52271
68019
32462
96332
59554
16240
55618
73929
81010
98136
23697
97958
31339
105337
48679
51229
54747
101898
121995
67435
61078
98666
82611
122267
107717
110887
3222
91172
112014
54055
90669
17272
124322
18357
106584
38634
107190
32787
25555
39958
97109
72540
47952
916
98730
44347
62144
42809
104215
72067
17491
21007
78094
68339
104851
13580
19209
46605
101299
65393
75253
81417
66580
61318
21502
116360
52634
27932
7713
48246
30791
92311
89558
90949
16984
117813
114883
93068
90591
48429
118696
18678
28376
75991
45166
24397
125104
56751
110275
3753
22780
63702
84798
1571
121602
115707
56936
115198
84923
6522
81614
15079
78530
32563
115896
1135
16436
56809
29285
56286
24653
30149
58063
70134
6571
115532
121550
19789
47670
17274
38297
101091
74534
20886
68454
109293
19000
83049
50985
28454
16615
53407
51017
34529
73249
62621
91284
105499
89113
18405
68172
1991
10775
79965
23962
101865
30849
94127
107238
1705
6510
24884
124697
118532
92019
53553
34651
108609
2041
34364
70116
88129
84135
27265
55190
103745
56180
34793
117111
82549
38613
24541
93133
72236
55927
64118
76791
42075
89287
61065
112808
37778
15229
38656
24989
120805
24707
47645
54210
114112
5272
31829
55146
99771
5205
97225
116164
65617
119749
108663
119687
26015
85901
93918
115089
53699
19591
14505
8575
8659
120158
74441
8539
16396
75503
6581
46253
120882
43523
18326
23308
76072
1333
101911
43360
87011
98472
74345
23238
17723
60576
24150
116407
86522
104712
12513
87937
121021
38955
43111
75010
110796
22593
95953
16678
29281
121679
63629
49043
86990
24644
68541
4720
104728
70798
124965
28903
24715
68346
72658
112950
18982
52305
97824
42976
51701
7711
95934
47149
79685
41248
2928
59936
44484
95082
111234
56178
112618
74032
79531
13384
76868
48136
104184
42966
51834
84716
42854
96488
80686
42553
122551
15115
4470
82187
5367
62860
65587
57669
83047
43438
107511
66631
15195
38933
66494
21979
118446
112260
23795
84567
106853
119108
102880
93795
8812
38509
65249
28754
6659
35224
2898
30845
92317
96900
119764
105749
110956
68099
99464
39954
70289
88019
91463
84105
66681
58287
61754
49191
61010
43748
47176
71740
28723
113946
115043
56250
94654
84109
45366
46196
112096
21207
20284
1237
42804
78300
126388
41360
81281
65024
34053
60615
17930
49507
51730
108585
27651
75866
53977
102327
3349
58651
112435
54199
52359
12182
84037
65571
7532
35217
23037
28125
91366
80614
30282
119150
27912
24521
90983
53955
43518
19063
91440
88318
122301
48758
84253
29788
124903
30216
104020
23244
53094
3697
78471
122713
60976
2853
90447
40924
102685
37661
100416
1771
82912
98540
78652
4363
112860
15928
102925
48113
12044
92016
7674
105570
11299
104447
80857
9958
6486
1928
67444
2722
61436
75115
88333
31027
47986
78774
47498
12583
120560
107988
37965
39651
24219
5434
29745
48439
52301
81518
54315
27970
101538
119858
48633
205
57544
14867
6957
47304
106538
39790
3348
6311
83418
26960
8705
59532
104241
107603
75507
29508
50589
80522
14600
89133
67604
95197
92826
61947
91162
8381
120731
42998
44007
77254
86519
78587
75661
43973
83623
93263
94828
49260
90063
42750
66948
54811
74511
33306
92632
54406
60474
64344
53049
98075
21353
109943
4808
28206
74107
34575
58624
97744
115061
105234
100019
74419
84177
108
75056
40897
25903
114924
10555
19071
44564
42124
67520
99937
111049
104747
107394
1564
33341
78552
67774
16442
40187
79312
58873
126323
69359
79347
66034
82238
126456
12828
22110
5176
114662
90881
59270
115450
78942
46026
122829
109316
69819
55772
118299
16384
2729
123751
30781
60211
108211
11594
104873
28626
78558
89052
52565
4222
28938
66855
54468
85139
8058
84513
89023
80582
115028
108551
105155
6392
47049
48662
64392
92920
49994
48414
38245
85799
1910
50409
54956
94977
21000
63848
24935
80993
10193
87584
55062
64256
21283
64020
96873
85175
117575
47746
42099
38754
61407
95553
67338
54978
98125
70812
68224
64575
8149
7895
67090
19719
29411
54503
13685
10497
125010
77834
19503
39655
48694
82351
126346
115054
24821
25938
120664
22289
76827
45301
22595
30251
81304
99945
114926
110918
59926
9056
107099
101684
42430
29858
93592
21362
52257
9030
29665
73762
10792
66474
36445
43466
76587
4741
10973
84113
90777
57126
17294
10168
97259
71698
105808
67575
115464
12308
61832
114020
5517
80788
110216
18341
86439
23584
40650
19031
12216
11781
70969
31328
75749
24163
80557
63388
59729
121819
50523
123901
102347
59417
52746
64676
85792
108668
97276
14361
16622
14671
109762
96773
33841
97481
81239
115673
103018
38462
63866
63908
33418
10577
42015
76959
126310
38533
105351
53475
123815
85080
23041
31201
100266
65116
102586
75606
37990
64025
85887
10541
47352
40841
110210
14208
43783
33644
10075
8034
124480
125913
14939
47225
18234
35700
89012
102782
124899
158
123694
56411
116684
102186
41592
15122
54251
20110
93101
53019
57405
92215
3114
81514
62343
104597
22951
106148
42769
28410
121422
17461
1688
42230
25581
117065
25711
15121
49614
61470
104340
2833
81601
63676
112762
116383
111504
81556
103496
68607
51621
34546
76353
40353
92130
61563
14371
44497
12058
42948
21803
57803
109346
102635
18530
8078
48411
110963
124381
120144
80175
109912
54533
93503
16301
45388
2837
16913
8850
17356
26137
13721
109622
52833
61236
7130
13796
80761
76356
18664
93576
38568
15432
1729
425
103354
67905
50372
70470
75737
113340
95028
33371
35860
31276
14378
32321
6865
41716
101342
2250
50504
35571
17364
59710
37973
58382
115590
60082
11849
38351
46136
69487
58866
86608
120357
40230
11496
6558
56585
88839
18463
17464
86966
41919
49933
30977
70035
52546
108826
70879
60760
123711
121348
105521
99941
82413
52202
36272
3605
26671
105281
17599
23624
63273
3179
83845
787
45350
53191
48171
67123
27117
50621
110173
60294
88538
92902
68858
118479
104701
19572
34527
47181
102559
62214
78212
74451
49312
77307
22156
119182
111602
114741
10694
38161
48820
5071
18253
108744
94526
116531
6955
116778
45901
35169
100423
34376
120679
78680
77878
76234
70191
63931
4679
82893
92278
85958
79820
118972
94849
97242
63346
39279
91856
94791
16061
24127
10440
33023
78993
16223
26396
17590
48950
1854
86675
110091
114935
24879
30382
83129
77350
116379
116701
108636
39429
116194
107247
35112
106418
55725
110760
122371
60288
73915
96329
26256
47201
26996
124376
74969
114782
9646
61063
60553
71611
91743
18648
78674
64494
81993
46930
68634
102738
125997
84533
43903
4453
3613
101124
43895
34794
104933
45260
49037
22784
6303
50855
15200
34275
23635
3305
95487
100411
106659
50643
106197
95172
100645
33019
120523
6470
16063
82340
85072
75981
107943
47589
4677
30150
64257
85234
112250
64163
33943
81380
101410
82002
95991
114737
7454
72661
72101
12634
62184
39207
76322
7884
17860
120000
50315
41878
99851
69478
56648
17788
10690
82295
112961
78177
112590
78649
19479
75693
46157
17619
53054
99696
66596
36234
64531
90932
89260
17226
92789
96631
41070
28896
19556
11985
75721
1869
34068
39046
31415
39659
75155
50753
5345
59556
100319
83189
83284
124046
82185
49957
103428
49542
11994
122019
76450
89604
63850
3607
41735
98283
99685
84643
80322
79235
6500
60184
16816
90729
28739
193
28214
90576
28597
124716
15615
55078
50457
107643
115240
8108
49946
56818
102253
42505
12411
37999
19564
114270
61277
41190
94690
39088
84961
119113
8751
48135
18864
104809
70445
50558
99497
32533
88501
7013
69269
13329
29616
8419
20699
45250
110972
122761
89943
120351
598
87408
39085
6271
5626
70572
38085
48642
93378
73700
64337
84100
95368
72121
36359
112077
11364
60718
9655
32624
114770
118010
30774
70866
20163
7032
84718
57731
88854
57169
107001
116103
101918
36792
34706
5038
42356
26713
79445
92537
18635
27984
95740
12614
29723
381
85628
47458
116046
94456
113096
113618
22340
115060
50197
72616
107719
82478
35087
8896
41866
117232
44109
7670
13172
14868
18563
28341
113370
121274
81553
32016
47657
102998
71803
118078
94119
46551
108334
123235
14344
91703
73499
7759
20832
15181
107121
29590
124854
30515
84787
43753
30499
115543
95980
122535
62637
12855
116202
42472
39122
72900
118763
70917
47272
14320
108735
19212
81634
49231
61798
75201
28643
68407
116335
3566
29883
89682
82943
124199
33446
80468
25675
124962
68598
20677
22021
32861
116770
79541
3988
18881
5092
66710
91820
38150
81696
117636
96546
75169
9580
108767
19189
57635
4141
40257
12697
108424
3145
109523
22928
12841
36655
65093
114460
11417
1672
123931
107493
97433
20861
8662
57765
61744
78779
12407
32852
111187
10629
60841
46522
72577
50886
119069
9650
3973
28665
100737
79092
29178
36178
90523
109926
25295
79989
31570
41123
17660
30853
56545
111112
47478
11543
73244
122050
40051
65205
105766
30780
68727
9118
20178
80376
113813
41734
120234
24980
40006
59008
32742
74341
4824
105015
82115
79282
83077
71121
103301
69702
120975
51441
101339
71783
75700
35022
58913
70546
55776
6424
76414
44238
76306
26049
40638
50323
16404
28093
110310
98956
43048
10811
40249
109568
8729
50609
91138
85557
26961
72792
107569
29698
97833
8606
9331
4896
95010
30208
124547
94480
86397
8482
112233
67409
23952
66581
7330
61489
66730
8349
26630
24480
54618
73153
58506
45169
22057
100348
74291
105519
12587
108244
28735
67313
110880
38655
94222
14506
18316
38438
115241
88185
100430
22261
26878
100222
13088
51576
71977
55102
103132
102317
105670
108771
55487
87933
125941
91313
103764
51878
97675
19827
11879
67157
88548
40236
117469
125731
48579
47824
56322
99463
101393
8114
75947
84816
42242
126367
679
93419
93940
30656
107553
112245
108270
118873
53349
104774
