109500
54121
53817
43506
106095
61505
100865
100951
86173
37657
88379
34166
69580
75246
50388
108556
58063
94351
42536
67608
27834
62331
74040
2920
29420
51192
9323
57649
85993
27160
52942
61629
46699
16303
37431
66857
87134
49183
109519
49995
77821
29649
85488
5937
3356
89030
58651
97080
26808
72522
25693
17899
8587
78206
88675
32638
75499
104620
68627
27955
91396
21589
82102
109442
95827
91949
17834
54354
23775
42519
25035
185
18517
108564
33937
89760
25361
50805
44466
58046
74090
35083
30395
71142
47647
49963
59487
1134
37896
29115
57707
49476
52353
74674
36497
1322
3739
57286
99598
40853
97180
45278
61856
1275
70478
97838
49552
52210
1080
51642
38235
6539
97611
82217
85509
108810
105021
83036
66427
19869
22991
92103
8997
36210
17785
55993
100276
38311
91345
39171
53352
51126
16855
24315
41423
88496
63551
60406
90026
45361
9651
101698
64647
4982
44726
53164
18533
100091
97460
39526
105157
60012
46615
107965
95462
96520
99983
79366
62152
109701
67586
102251
27424
91009
4895
44514
65952
37643
21510
1515
22287
103312
15619
29963
27581
62517
102181
107632
62702
109716
16822
59279
9458
17681
92234
25705
108799
5116
33405
108978
54361
23594
51938
81961
98302
81103
6877
64453
4487
66711
76438
104561
85249
5494
36176
101111
100787
89175
67693
619
28166
15941
22850
108353
57607
42346
22706
104631
61686
99820
92867
93855
108474
13138
52870
37377
16353
20510
58793
51746
58744
83639
65311
90238
33874
83882
51212
13965
53214
107113
34824
107337
77240
94206
50350
27944
12085
87929
19448
75938
96922
109833
98236
87638
54775
77137
58360
50009
77189
71568
45271
56061
104114
99229
16015
92834
55676
68507
51971
84888
88683
59414
31845
108290
6426
75705
40624
43367
24795
104949
97655
24595
87277
109350
85260
91494
109257
57059
80426
13298
15926
91000
1784
56292
24711
99689
26208
67081
53422
59692
22013
85120
99222
11347
47633
43334
24892
42667
106915
9643
14820
86255
32072
53200
43660
39866
36867
4403
57423
30763
81657
92704
72831
64960
10915
99556
90069
53543
33347
104170
13215
17612
11558
103735
36294
95555
11101
22216
30640
106190
6615
102596
32904
109115
87358
9222
4845
18291
72756
76464
89648
9767
49296
70934
87943
70430
30979
41176
1508
71295
60228
21657
37041
58497
86971
56024
100191
109407
68768
50438
82144
22331
48342
9048
65496
27956
10780
94599
33656
109892
16761
53359
12306
48097
102417
31151
26856
52901
57547
40354
10173
33946
14214
61968
108520
59882
36581
48516
45707
69586
28067
35955
61343
87897
23753
61112
9818
41803
53016
8115
58942
97367
78499
22292
91547
78161
55359
39311
68361
34929
14334
104425
81276
33927
9001
34183
104107
41527
102207
9657
41537
90713
51180
2630
2346
81518
34240
92003
81915
82349
7987
77210
74578
67584
103281
67424
96003
22353
32938
4884
25531
18015
3864
35037
2584
52736
57427
18481
5243
107681
91867
31077
60253
28960
83050
108862
59710
74754
3359
81380
1374
97729
99758
56309
9459
53770
42790
16663
27592
47045
6957
34661
45938
40922
86406
89993
93327
42060
59288
31387
61571
42797
55259
5156
18489
49828
42496
8172
105359
109732
51328
11601
50218
39250
86713
35159
20953
23322
13204
49399
83356
6163
64121
41232
105816
57994
63545
64779
84891
68671
45184
69963
69184
23247
73211
103935
20318
64624
62919
47464
100010
69013
38574
102329
24812
455
83415
30342
48615
53897
26476
29336
23837
6848
106833
6577
67155
93195
12467
6275
77675
55781
18447
79230
9864
82976
44539
69471
81053
31540
42677
14174
59610
26164
30489
89506
69492
59656
99970
18845
9988
104063
16924
108638
54119
101976
59016
77315
93132
57248
102891
14703
14518
25525
24197
52091
23083
49444
55786
22045
83426
95846
38347
24089
21996
35523
59688
60825
104594
72952
16344
9289
10043
37888
75307
100666
56073
4901
31403
61405
94878
13076
87789
87822
27179
86233
92882
12218
102040
62510
56825
19398
98622
84512
21921
39851
102985
97897
72315
64562
98908
36768
84556
46432
84039
33092
10283
66382
82766
7555
23704
55620
79511
9014
74384
87129
46204
18357
9372
24919
87580
47664
42111
70415
92628
81285
34064
96636
5883
38871
53297
9553
59120
92640
30160
6927
62207
4744
89884
91951
23250
65340
103694
34162
104448
93697
17096
73239
105559
6733
56400
32757
39222
21897
4143
106354
51763
90336
85299
63005
105626
70099
69998
53084
62137
68462
96390
75899
56363
49965
59072
79055
27603
86849
13123
69867
71776
83440
20073
21448
35891
48144
40560
24736
61052
109751
79081
2170
72719
104122
30528
7143
41394
25526
10370
102857
27570
55196
18791
12557
9535
80826
105956
50656
49418
86361
26598
93068
78655
7809
90092
38216
93628
46173
30173
56564
90773
83238
107525
28277
93535
87673
68216
16835
100181
73868
58395
59165
14810
61039
101603
54894
21772
82702
80059
87486
104294
108871
238
91509
68631
65855
91621
70961
59773
68825
9951
36424
46135
33680
91916
63811
108460
52292
90836
88822
97762
89738
106243
102588
23603
55708
87313
54707
100409
21533
48718
13775
47989
91995
89940
79134
53444
95803
91542
2590
18014
97904
63832
70631
71053
34738
89316
18882
102818
15587
32429
2188
41787
3375
103892
47079
92471
59954
38030
88372
96765
39371
17838
87082
92521
76584
52022
93187
85904
47173
76393
68246
83659
36982
108592
18377
56649
101960
29272
31471
48364
11225
33940
195
83897
83439
86398
95155
99203
25495
46508
54453
66353
51019
21456
17682
72236
29246
23498
98398
60882
84164
21408
97652
17965
46703
79301
98790
35104
17780
59179
108812
6282
85167
28172
56100
5252
69605
96863
107749
96254
27342
19320
6033
99946
9003
73800
5914
18948
73686
63399
103485
37349
4109
12483
88870
69239
95750
15931
10598
107306
82510
74153
84393
53387
69624
94816
79148
69718
70206
95721
100676
49962
937
98409
52766
68079
95575
9902
6184
38459
39887
18538
54487
63316
46128
6266
79437
91391
82988
10107
47456
13891
100102
65424
35989
28361
73835
56177
10117
84947
95913
57386
34617
49815
77499
26186
7876
24802
26716
21328
40109
97689
8801
50333
51310
62347
14856
58552
107246
64581
19910
102648
103968
70551
16182
84173
102249
47074
90992
67129
59031
13381
22123
4839
27453
52977
1894
21321
49665
96434
17902
84559
56042
101186
55253
20703
31165
81939
54808
65082
77787
101949
11319
57061
104576
12649
85578
87413
52842
81747
74668
81800
90529
17230
58088
91586
11707
59539
39713
55683
57397
62736
23693
49527
82175
9095
27207
78027
86073
61957
109664
76471
8434
50593
49146
95718
102911
3437
75817
61930
12332
56961
86896
29442
57955
31425
107646
42084
43387
41635
77285
3012
18100
40047
23701
80765
86648
75592
42891
93070
95766
102700
14638
64622
27300
61412
12919
77696
60263
84276
29293
66406
9960
43633
28703
26873
8341
73942
81091
71655
101271
43911
97292
56137
71895
22305
30312
28876
33399
49723
82322
51895
26191
86414
75619
23212
27518
85294
33689
39509
100846
10390
92979
56790
50752
72965
59217
72782
29228
82044
75852
88947
101918
68820
45603
43642
22548
71777
14357
26847
9304
26347
35203
7545
13624
100903
60790
89158
17625
36565
103523
107014
6474
521
29693
78272
29699
5170
90216
15501
104733
14832
87476
77819
70883
