XQH41G2
T2GFQ2G
B88WC5N
ILIOUNT
H3HQ8IR
J2WDAYR
T88XGS1
RPOPSNO
XOLLO3V
ZTUNCHD
AR9I4ZS
IJYGXDI
3UXVZYC
C3STM9D
QD6E64U
O4W4V6N
YFHS66D
B14F1XW
7CODGYJ
PUEWTRO
76B8TNI
ONNVG3B
TJT57VI
1947GXB
HP7RSEQ
83EMQYM
CV4UNNS
TP7SDKG
111RCB5
3ZYTDFU
4YVCX8H
21C5B7C
0F8T6D9
84NM7LY
YM4749L
RYDV6EJ
7YDHR8E
BUY34UB
M2TZSM3
QEVMAYM
24QL77P
XGR4T1Z
SDF4UQZ
HIIMN0H
NF8DSAH
J33T7BL
JV195SX
GBHJUNT
YNVX9QU
717NM1E
A8O2AMR
9EKDIDU
9P318W0
V7M2AP3
81QK8Q5
WNHSZIN
0EUQ3DV
CQ11RY4
K02J8P4
3GLVQIU
JSWF4AS
RMKU6EO
NEAZM7P
4E3I0AG
0IP86PY
AR65INM
N87C423
EOZAI14
DCHA41U
M2CORAI
XT1ZE1Z
UHFEJ6E
RFT3BMQ
I1MB9RN
NT685QI
8PSEPJU
XKF5F98
5I11N1K
1402LGD
Y8XVOGG
VQI19A7
96ZP3M8
GT7DZL5
LNOSZRB
PAELZYZ
074M0ZI
1Z0QHWK
8DPHD9N
5AXOZ5G
JXQCG65
NS0P1BI
6NVCIKU
3B0XIWT
LX4Q15N
GZ2VD3S
2LXDW4T
CY5L6KU
Q9PZJ8C
BNAZDPJ
IIQUK6P
AUWNEKD
6ZFV9TB
8T085X4
SMW2KHY
WZO1BJR
9OBVRPQ
BG94DC6
J9A95RY
52865G9
2PL38TX
O25CNHY
CDWVXSH
LFCYJY7
6RHBZ9P
F9FSM68
Y21BVKQ
JMPK8WN
T2L4E0C
SHERV6D
W1PLJL8
MZLS66S
WVCK890
HY1OD22
SN4VN0D
XP50YTP
DAF28JM
K6XQY4B
63JMOQR
JB5MRHP
B8UF6JB
Q76DRN4
LOO4CMD
C39UJW8
X1RZZQ3
XG6UJH9
SB64ZCN
UILZEZT
UWKYX8O
K53D4ZZ
Z11090A
2LL4HUL
0IFYL2P
FL7WHFY
MYQP63J
YWZ8H8K
Q4A3I3D
F69157J
GHTDE9K
6Y4ZUTJ
EWG8KOO
9KJGYXC
0FGK9Z1
DN0RRNK
IAB9NE4
O2SQF8F
APSDYH9
ZBOX32X
8IM5OLM
EPSSQPC
5VF0IL2
FXPXMY6
XZQ2181
0V75JYF
RUK065W
VMDHB39
W4TYXJU
UEBRYJE
ARVHY19
A6IDBL5
QT4D77Q
T7VQDZN
O68RIWI
NUKG9R3
DVBIEGL
VL0O6GV
Z02905Z
DHYZPHE
Q6A51E0
2SK7E6W
8QC9580
PMRGNQI
KMKOU8V
JYOJ928
QBVL5J7
VWC7XT1
8H75FRI
E7FXD5V
VANLIMX
YP8VP4P
OIUHEFQ
DAT9VQW
DT4N0S9
OS1MR2I
7JDR7L3
L3CZWQK
QZWDYIR
OFBQAA6
Z129I38
55W6HSO
E60YQX9
NXN7Q0T
HT0REOP
4RNAWEH
7OAXBU0
2HO7Q6O
KEBXQAD
DMZ7MB1
7W59HPX
G12GMQS
FW4ZS20
4PA1RQ4
6GY3NYK
BERN7KG
XI50X38
A3O5JNV
40BMQT2
CG4RM9K
MM4VN7U
I97MLKK
O5BRP50
NE1R3DY
R9KWHN5
MSYGKQY
NQOHJZ5
4USLSDF
F6WB349
C92UT3J
Z3679JT
IPVLKGX
USO6HRA
2A7XU5J
TW65EAF
VJ5P1QF
X7MHDO0
AVRHKFC
YE361FM
J5LY39G
EYOYDSB
P4A9OR6
JDUAUG0
8TT6R7Q
MXUDRDI
6FXO5WJ
EZEXGGG
4FVVJDA
0MIFFKC
I43X9BU
EN50602
ZGTSHQD
47LVTSB
AULW70D
15F0WYD
KG08UF4
70LMUYZ
P57JLOP
2KFGVJO
139QY4Z
WZLDQ6U
C2I2YLX
G7228TF
OK3PH71
N6OTDMQ
FHA8AT3
AK4PRYP
027R7K5
YGP0H9I
PQDKS0L
VCU0S0E
5KNNYVK
L19XMU6
G602L03
SE0G835
ZSAX4D2
4XK1XR4
G9NFLBL
A4XHUHJ
8E4Q5I2
JMWDNFS
UZG8DWN
ECXE7C3
3U676WW
SJ3LS9D
H64MXAS
IVW082Y
U286NUJ
KSYBC4F
WB7LN4Z
UDIKC9W
BP82LWG
8SEGLDD
BJKDH2U
C7PG8SX
GRKD6IM
QPYR71J
JO3OJ3B
WP56PRR
27W9PNZ
CBQPTUA
EFRA9VC
FI76IAT
YODZN2W
JHW9ZVT
VNYJHR4
JVELKDI
10TYOW7
UOR4YJZ
5AK0FJW
I6QAD62
YLRGJV7
Z0U2QC5
3G5NKV8
ALZOV36
1YB7UO2
WPHKJ9X
E7CN260
76GHA9F
78O9FO2
FNQV5UC
D3HOS5T
VRKMD4P
U4EHUQ7
PWLNYU7
C0U4CW5
ASQ8E3P
ULKT433
BJIYVJD
ZY1U9AW
UH0FQNN
SG6B3CM
X3QMH2H
SFUGS3I
MF6EORX
FVV73OY
5QGV4AF
K5AYHF3
2G7FNQ9
882NY11
G9OR66A
G0WS19D
K7E39GH
MDHF540
Y0IBQ32
UXXGZ5W
DZT7KJQ
2FMYORS
18QO104
NAJH9EM
8J9EVGC
3MYYEL8
UCAU1NY
HNSLNCQ
BIG2QRJ
TES45G5
OFL6LZ8
OL57V6S
I97D189
E9Q4TIH
YV5REZF
61RV36F
2EUVFZ2
8V50C5V
EHYPJO2
5LKXIJC
NENP6ES
C3H14MV
HU5UYXI
AKQU5VM
RZFCJ91
FUJK0MQ
XQ6E9MF
K0KZ285
R2C8CE6
0GJ0PKT
9XIVMOV
MLK0RG5
LAICWSO
EFNGAHX
WNNK25E
1IAOAM1
HCNOO9R
21VRF11
P2E6UP8
LS46DMF
H3OODK1
CSPRF7U
9AXGO64
PI0J4IT
9A5H96D
2SUBWUZ
8LK9UAR
Q4L0U5V
S3YBYHL
23FF5VH
IHLRE1O
1D9IEAG
EF78QZZ
4QPJZF5
UWPHWRH
NMZIMUT
Q69UWL2
JCDQZTO
4WCE7BM
P38K65Q
SVC0JNN
A4JGROC
9X9Q9KH
0UDPOGP
4LLSP79
5T0D48T
W368GFV
45KW0ST
A6Z78P2
O2R8FQ6
IZP2SY3
S8AHSYH
72LWXV7
XMJA4BJ
4B54AAU
7P3D92D
DXJ3RPX
R9DLNUM
55JKUWK
2BFUO2H
WJ261PI
KLO2NNX
RKTIKPK
72SIAYG
KR1J0QW
PH21OTE
4WP771T
LL2DNMC
C1AHWRB
J2WTBMH
9LA3ER8
C6WYC8L
2BBKS23
LPL07OC
URR7L2T
0AWU60E
PEOIPW2
QF4AADA
XUOQJM4
2EH1Q2T
R3O4MBA
NWALEZA
K5SWJEF
YT2GWX5
UAH88Y3
3TDOERF
K6D7J2Y
R1G0FMC
862Q123
DSHLERN
XG26J5B
YX6AK5R
28M6MXR
OCUE7XO
LE4L54F
AXDBR5G
0WE9L4H
X0183N7
K55O3H6
W244W4L
A7R0OBK
4CII3QT
S5DUUQ7
LATRMY0
XHVS3OQ
PZ3JES9
64Q582P
RDVKMNX
WI3DQE9
2R7NMQ0
71WMSO7
M8FNPXH
E90HZBA
CPU1JCX
LEZP8FV
MDPNUQO
G0PJYDB
8APQ5W3
IV0RXSG
SO6MM2A
SUUNBRY
26DL3WN
ULUTSJ2
F0RLCTB
E1J696S
VUAYRVU
D4PH5MB
XYIG48I
QS2NOE3
Q0OFIP9
H1LXSY5
ZKR70U0
3XVAF3D
650DDQ9
57OZLQ5
EHKRQWA
EAPXR79
W3PGBFA
G2VB9KX
1QQXZQ5
RCU7ZV5
AA0DNHV
8ULR4N4
83HHDDA
IF5YYC6
C52HJ78
9B48OVW
W2UNCXF
LS0E97O
EPC1837
GIH16KS
XBDLP6J
KYI7J5F
ECQHVE1
Q9V6HF6
NXD3UEQ
F3NT4HK
UQ007TZ
URYIQQX
83P8PPD
XB7VY54
O36ZP5V
S1Y0WCS
SCN5AKO
42MK7T8
IXIZYJ1
EXEHSR7
YE2JK57
6NK4LXW
T1L8AFJ
PD39BIC
7D3YH2H
5W41XHU
MMCVYKR
XCF089A
B3P60JJ
FA46O4C
XHVARQJ
5BTGV9B
A5HR61W
9CUWA30
XEZOFVZ
HZ25GUJ
2GFL240
YYSIJK2
HDOMT2U
T4QVDZH
VXN8QPY
4PM65DK
XUBH0YC
DJZK3NO
81R49V7
CAHEEL2
901EWMP
OIIMYQM
XQ8JSPS
KWETY1C
UWQD09A
EY3812Q
ONGR9IN
I5M3IRY
U3YZDE6
J0ZHVFK
17XVVHD
45OP7GS
UVVPRQ3
VFFM7IN
CZ0EU0N
1WGE7X1
4AL9YG4
NM0G4AC
HUJQZ9E
IQ5B5A1
4EKWIBN
CPRSNTC
NP9D0US
W0IOEZN
4GSEE9M
1KAM8DO
8CVGRHB
8YNFDVH
OBA3YID
Y9QLRLO
NEWPQL2
7J1GAM9
Y8I0A2M
0BM02JW
TULS358
CNZ059P
OV4K0KY
5J83J3R
IKIDXCU
UH3JYVZ
BGECKDW
46D91O4
AP1ZKWI
XUJ56HW
S5Q8KVE
IXB0SH8
JLJMKN5
H08PMHX
WU1PQZ8
ULYRTSJ
8CIHXMM
N3PRNIO
NSAV56S
NS1BEUB
UEU5VA4
1HUAL80
TFY5SEH
VCTU8LA
OTCSOYE
55Y0ZM1
DFBR7WY
XBJ5CS7
DA52UBN
6ETH80Z
YO31UNM
6UFHE2Y
1XGSTKK
YX6SZB7
H4SNBBI
AJCTHBS
6OLENCQ
9LVA7RP
22JNLEM
EE1Q06K
8FF55BV
1CALT7E
PB9QYBR
VVXL772
37IUNL1
PWBTKUC
4W35MS2
09BLPUA
UWKR0ZN
AQW1ZWS
3AXYWON
CSAVZDJ
WR8NJJ1
EEYTXYD
919T0SI
L6GBLDI
XMJ5IFN
LBWNR9Y
TWYTLVU
N3JW8TA
L9LBNF6
A3F23NB
M1GKXY0
KZ5WY9N
UEW5KQH
28ID6QR
8LDB0D3
O6ECHAT
MCBYAGA
CQRJS2V
LH99DCU
RCXPKY1
S6XT6DU
LM4539B
2TA3YOE
L01IU6R
S7JX7V4
7I7DVNV
4IXKBH3
A5CXE26
D2UWYPF
00ED2U7
I0YVT5V
E5451OO
DXG04R9
OX4KQ6N
R8IVLUO
PPTX4D1
1H3X8CS
HG1Q7V3
K2SN6BA
YY408C7
2ZIWR27
XUIOBFB
6HUK63B
OS4WVQZ
YUKNHWF
J5GLO7J
UTKLVNA
XWG87VR
B9973RB
NPONYJ4
TL5SFGS
CW4QRMF
1473AKZ
68AOGN2
KNMOWAC
K0PDTFI
UST1OGC
VOQIWHN
TWINE96
T6LYDR8
4J0I4DJ
AFOT91G
VIDDP6M
L5QFUZ5
TMEJTTG
W2VL66L
8T814BB
3BGGR8N
NUK8EL2
W2IEGVZ
ZQTGNUN
GU6BPX4
TB14ZOM
K41ZPE2
GTYX2OU
L4XK40Q
TQD7VSE
DMJC8QD
RWXD4VX
QZ1XH02
LZ5U9MC
GWL9SCQ
AULLR7W
GNRN44M
T89Y784
QGKGYZE
5Y2SUT2
79E6VNH
M193C0M
4NSUHWB
E02F9LL
AGFO4SC
U2BKVIT
A8GLUUB
RI95WBS
DN9Q90J
K2J2BH0
JWLCPT6
NX5VA7U
Q12Y0G7
1P3EO6X
WZZGQMN
S3WC82Q
IN6WEEB
MH6E1EG
4POFDUS
SOJJOFN
9REQZXM
OF6N6GE
ARWJ624
XW56L9J
1CDVO06
E2KXQS5
ZD6VHPE
XCOOU6L
BJ98A1S
QHTCJRB
823YPPX
9GWIDNH
BECHTOL
BLXD16S
1FTJXTQ
RL77CFG
ELKU4M9
RTEX4YP
5PAAOVK
4USXUQT
YCDDV8K
UH6YTA8
6T64PD8
PY9LR2T
79YVEDC
T41UDA5
5DYNBWD
IRXO6LM
TVZU7X3
D9ABV41
HXCR11F
CWYQP8N
KZL5CFJ
VULRKBQ
ELDVD5V
6V5U1FT
MXY6EFQ
2QTV3BN
XROQH17
QX938RT
JASTW14
15F4XBF
5X5SNNO
W4JBX4U
GLEWP3O
9L3C7YG
7GHA9F5
M5ISVTW
O7DRJ0J
VFMQEKT
9NPSHTE
RKCZGKL
F0T2QXO
YJYQ4R1
IV6G4AZ
JUL2BEI
4JC5EWL
2ZSSFQ7
67RTOST
SE1XL05
TWH6X8S
Y5KUQ72
D9Q7AME
EVPHWNY
BLHIJUT
YPODQWN
T24X4Q7
T3CVIIY
ANFWYG2
LH4YKPT
HOU6M6O
722CM5X
07U28KY
MGGK22V
TJW56U4
NL982VR
35E2WAN
HS7PM59
XPG5T8D
KZMYNSA
BISKINZ
KVU14RR
M85U4H5
IHVYHOV
AR3E82G
3TD63OV
9YP9GXO
9IXB2HF
MFVJBBA
16T4PU7
L2PBLS3
QRAR9H8
IXXBXZI
429K5Z9
S84I70R
WUYTXR3
XRJVB87
9FJR7HW
WS2VP4U
40PXUY8
IYNV2A0
L0JP1CZ
Q2YCX9G
BWI4C1O
3C5XLQ2
BL6OIW1
AD5LEQZ
ZCOAURY
AN3E5SX
YLMOZZH
YZ8CEYO
2AGCV17
UWPHIXE
4A61EU0
W3Y2399
ZIOMOCR
72F3LBF
HZ6E9G4
RWTP7J5
LBJ3UQ6
4OCIQP7
OJTJCIK
4NNOLIX
10C77NP
CN3BQPA
6FB211B
XHV0D6W
19CVS8T
Z5SAFUI
VPTXR8M
OGC7QOU
6DA0RHB
JZGQ9F4
ZD9S59B
TRAE55T
SE2UJLZ
ZJH1NT9
00158SF
RXI57NB
RWRK2QO
TCVPPAU
ONBAAT8
5PMR7GL
T2KCT5B
M7VBE7Q
WSQUJZ3
AOYY0I7
PE5MUWU
G6DZ8BQ
7LAISZ7
HPTZET5
YAJ4D1Y
BP4Q6YM
8C7W35U
3SIW82S
SNX7TMD
GB3SVW0
TXFQNRZ
1Z5UI7D
7WEYKZH
YLWC13Z
3BUWNVP
8KTTP5T
X1Z9ZYL
SPBKT7L
DJ58B31
09SF8BJ
U94M9QA
9DR0LED
KTGW03C
S38C2Y2
6MRQHOI
2LM2HQE
6RETHMH
I62Q0N1
QDPTD4L
RPNYPUZ
ZE0840X
QGMYPPV
H7VOACN
Z47WMHQ
RRA64RB
SI4Y37D
1CKQ2D1
RGE1E1B
0527VM5
QW7RR1Z
QVRGNKM
RMYVUYA
8P0V9EV
V4IT32S
5VPZ71M
VDX6JQ9
E2VIBJ9
XXY4CUW
51PRI4B
IUKYQ84
LHCS3NW
12ULD6K
6B9PKMY
J1PE2LH
85VOYI6
RXVHR5Y
WW63EVB
NTZ0DO4
Q02ZZO0
1N1I9D3
HF566KM
0OKWSGT
1JQPZTE
YUFGOT6
FGZUN6N
YYIG7J7
I7AS7FG
TOQGE5Y
YTR1RAS
C6PG6F3
B737LPV
O7CNYXR
ELU5JWV
IJ0KINW
LNY70DI
0RA1TJ7
BE9C9GH
XLWSALW
5J214DA
ZAY9AO6
NYAC4JW
QJINB2R
LID91QL
ZREV0II
3CNBI6P
YQ0ERXA
RD8UH74
7QMSY15
2Z5BDXD
LVQOQMJ
PM9JCID
4MZ7RNR
7BVJ0JJ
DKXOYVA
RIJBQY0
QQMLBRL
LX44JBH
SP9QZQC
NAYF6WT
0SF9THJ
2AQJPUG
ZNOGX02
0GVVK4O
BICHDM4
84LJ0T6
GGKYJ91
SYXJDPI
KM92WBW
BP1ZRYT
48J7R3D
R0N8KQB
R40HB0Q
NQYW0UO
NNBEE4N
EORCVYL
VO7DU7L
BSMDTU3
Z0Q7B5I
LXRW0DX
UX2UG7C
23TZXEM
5Q7EA28
4OP267W
IQR90R6
26KZ6UG
D43NSUL
8VXC0KP
4R6XMZL
CHJOW46
7EWKRVG
E02SRSA
TG5OLTI
1X8OOAG
19NE7UD
JNURX93
6GFZ1YQ
SUJW8ZL
SWJW93J
PZ3D3C7
R8HJAFJ
ROMMMOB
E6E01PU
37R6IRA
TTIG07D
8JK864R
AWMLUNC
SBLSOHX
2O3SZE1
CJUYRIR
U19HSXK
2O8Y4B8
RFZ4VZ3
9IGEBUA
FYJEB6T
8KHY5U8
KMWX0PE
VLGSKYS
24TOT0O
F6NLUG3
GIY8VRR
TKPWG9S
BWWOQ97
L8L62WS
88UYEUC
K7KSY6R
Y49J35J
A0HDAR8
EV4Z9CE
G96H1E4
FHN68OH
59OD6D1
KR9CBZP
4EUV396
PX36PS4
6QXFEUN
7XOD2KO
YUF7IOK
YILHR1S
0LPU86Q
77WJ1Y8
GIZI7K8
YYDNEVU
DPCREV9
R7J59SN
12FFVJP
7R766TF
ML2PRYU
X8CZLQV
0MNR5UD
CTI030N
YVDTO7J
CCZU6K9
W7DZX3N
CDD3AG9
47VQO5L
NA7B47O
A8YQULU
8KHJ05A
GOYKXLW
GU80TBR
YRDVANJ
Y9EWAMV
9PNEE2F
ZD2T2TN
F2NPG8X
90D5FOI
0UN6FD8
O6ZK0YD
7TK7TW0
9XK954R
4CUUHCA
Y287QFC
5K4942K
Z7HHDWW
92K2TIW
LOSMAEF
L272MS6
XVZ19NT
0R71IPW
6IVMCSL
7CWGPQZ
IS9HM9B
1BGQ0QO
CE7W1M6
L5XTJ2D
5UIEM59
41E172P
24UB6ZH
LIPSJ0X
T89OMXH
EOSO5XA
HMNI2A4
5HI9QOJ
U9PGX5B
0113GGA
0YUEQDC
MUYO6WQ
SA7Q6X7
KILAG2O
E5QMDSG
J37T5TU
V2M67RV
AGCEQNS
5SU2R9D
9UDF79A
7IT94JD
PNPLZVG
X7LQZFN
Z0WF43J
XBCZL3K
LKC1YM8
6VUUH0F
6O1DY0Q
OA1QN3E
5CWTUZQ
4TI6EDU
13NINO7
AWDJ9ZX
X0KS7Z1
NM2NDF8
NDOE62J
B31GRWP
5FNQZXO
KSQYAB4
156UNZW
L0YLS97
3248ESY
1LA8K31
3DS2R1R
ZCC09M8
3RVIIDB
BQ98IMA
F5O1IW5
ACV00N0
2SQRTGV
09BFPFU
CKUFXNK
G0X1Y16
B39GOYQ
F63MEG3
GWBPNOH
KCOEGK8
YDLKC2F
J13J513
6MV6OZN
LZCBQOM
71TDJJI
Q3JXCC9
BU6SKLR
762GV77
GNU3R3W
KPGS2PO
XCMZXJY
1SDOH9O
T63G6NF
P7YW90E
BY74164
UPUHEKD
C9D1CO0
TWZMD8U
CSVFU7A
1QE0ZPM
MMR2WSM
4ZJ1D6W
PQ40DBH
R96482Q
OSH7BZX
FFG7BN4
APTC7BF
EU9KFEC
567WGES
JZFPWAN
EOHBQRX
EKHJUQU
Y7MFNS0
MM74FNB
ILNF1Z3
S4Q3KY1
2AP38XH
P2NGUA1
C6WIIT6
0FGY56A
VVD7ZN5
PRJGBV5
8CQ9KMZ
BT1931F
ON0JDY8
QPYW3X5
EY7HPPY
4IV1JV6
W1SL6Z6
13TGADT
OEHQMYF
UIHHW8Y
9UMU4NL
KUCRRA6
GTXO6XR
1EM1WKQ
X9ZNW2R
3EEO9H9
SYH4384
EDN2FC3
MUQAWH7
MUEEW34
OTS7HEE
5Z48IBP
0WQANSQ
U2X44WO
9YJ2PBJ
GPF3PH1
44MM9MG
ZSAK02D
1PVWU1X
U9PN5V2
I6LH52G
H4I0SUJ
DZB1TJ2
ME2EQ0W
4HVV4LW
5OU9TNU
T4X1DFN
0ZI4B9P
WILODN6
TW62QZN
MGYVAQM
5PP4IA3
L28W98M
KB3XQNP
UYZGDL3
4I3EU85
SH9CW1Z
F2OSTV3
YKIX2BP
ECB50MJ
U6E21CJ
AKIDQ15
H2CWP8B
4NQKL38
SBLEWPI
E4BW3JT
LAY1SO4
9HL17UE
5SMLRTA
SYZQGOU
8WVE7VH
5JJP78N
WN78UU1
RNNNRRY
EW1SP4E
1EFRTG9
091CMXV
K9M7I3S
PAMVUAU
DYH5YCM
N4XAE9V
JSR1Y8H
8574QZF
7Q8CV78
M1E8RIM
YTC5A9E
KS9M6VU
ZY40GNB
NG0T62Z
HTIOKSW
LZ65MWW
26Y4U91
7PX5GNU
2ZAXW8G
2JWPMC5
1L5CL7T
XOV5ZT9
TUQOCS7
3SQOTXZ
64RJP71
W928UMA
D7SBL4U
WLEGWTB
DYIRNSE
PM5EOY2
DEUH6A6
9Y6KDUO
S8L9AN6
C8RB3HU
A53B5XF
OPCDF1T
UQ8X34D
Y29HN3K
DUEQ0NU
143P974
24JRKQG
K9T1PM3
9PO9AGL
BC208BV
LMEF1MI
W65D6N9
VWFY8CX
X7TU5AA
E91JN9X
OYPMU62
TKX9GZ2
U9P5BAG
YABA62X
