28249
31485
6243
34220
22278
12556
31589
41282
8137
6701
2473
32878
28525
40874
2023
29853
29468
44344
16943
18881
26037
2081
40339
35191
7451
15731
12117
19533
14985
35692
39716
16827
8640
9624
34197
22443
44330
23515
44205
1086
1726
38829
30998
5555
12351
37125
17324
19171
42134
33238
27488
2810
12834
2658
43483
1103
38504
43864
8130
33630
44511
35295
7484
29047
42700
1923
28544
19582
30902
36769
6075
1830
8336
26919
4492
43142
22036
32213
44281
18097
6565
9315
33338
27938
44917
40985
10378
15504
20652
26272
29442
1300
33492
32384
15090
5748
1094
30950
3418
8319
43477
