wIR
toN
oLK
AO4
ilh
cXr
wl0
q25
qNt
yKm
ctL
aZ3
jEJ
npz
hDS
yXb
pm2
jyh
wSW
aRp
lSf
zoI
Cxd
xx1
dmE
jTm
u1x
DUb
BTL
vbL
cTD
BJ8
ylA
bJT
uZr
y2W
qlg
it5
lKt
eC9
wBi
yhE
atC
nbz
lum
yZ7
tQ0
kSq
lKW
mhm
nY0
v9u
nLy
wSx
uzP
mh2
qXY
nB7
ypS
kS3
e0U
oCi
aGy
vhm
pXL
Bk6
x10
yaC
sp7
oXF
clp
oYd
kll
rfO
z3M
b75
zK3
umE
rr4
pYZ
rdN
tQR
bup
k_g
bcT
Adw
BRY
AYo
Eej
xTB
sxP
Ef2
aum
xKd
fbQ
DB0
AMw
eTA
qT9
j1x
myB
Eoq
fy_
w_5
at4
wQP
fSM
j9g
oiR
qUj
w3T
Duj
aF7
Df8
wSS
h4H
ywR
uhK
DW1
iwU
p_V
aW2
l46
ykW
hiT
q1K
DrE
cxr
yRx
Ce0
eEq
wWv
fIF
leT
e83
toI
oyH
a9Q
zoQ
uz0
lvf
xgR
fDq
iJ9
zdg
h35
mBW
u_i
bX1
wOn
fYO
eVA
wmv
c2_
bmo
DSb
s_A
dG4
nF5
jhH
EfE
rwR
uoh
iky
uPa
we4
g3L
bzE
r4L
keU
y92
yzf
luz
eb7
vTv
zCY
duA
fEq
y6Q
uu8
BgV
xjA
whM
z6T
BPi
mqx
vQ6
e9M
aV3
CQa
oLZ
lA3
xLp
xx8
kts
CBt
jld
bHb
gwk
u3_
ryj
v5e
ccE
CGa
ef4
tbk
ahA
qLi
qZU
l16
nU0
kwf
gGq
tPM
BL6
yNR
y5f
vXL
Bpl
ygr
ipn
etM
lx0
buE
dC0
zfn
tRB
lDv
rhr
oom
dWC
rrR
Eal
yLZ
x37
cqY
Dj2
rSe
yx0
BO5
lj8
AwT
tBp
zm_
zx4
tD0
aFI
pCl
asy
hWr
hZp
wsF
tAy
bi2
epj
gp5
c5v
vBA
kiT
zYf
Dql
etJ
eaU
xkZ
c5X
gmk
hig
o0b
x0Z
twZ
g1o
rJ_
lHA
yI5
EBZ
bxt
d1C
odJ
fW9
fhG
eNJ
xOW
tZM
bVr
D0D
nnU
mki
cr5
qul
yTx
C_M
BAh
t_S
s3p
mhi
kBY
anH
xtt
tMR
qwQ
jAB
lqM
sgE
EmL
y3H
hr3
j6I
yAJ
Avs
qGP
fEm
sNz
CAE
b0y
s9m
ckK
EsB
DLg
tRA
xb0
Cnr
k_u
w7z
iAH
lGQ
zU4
AOU
tM8
Dpf
oiH
xzq
uLJ
r1B
eYZ
ytV
zAu
oUb
tWa
fd4
xbN
iH5
EC2
xyV
clh
jTL
dbk
o0p
yRH
b9L
hKV
z77
jgi
fjU
yPH
sJD
jvq
z29
AKV
eDE
v8K
iqe
s0o
CCu
h2O
m30
o_6
zjx
mC_
dBT
dBX
BPB
gSd
veW
nQ4
dGC
t7V
AcO
EvV
lae
qJe
aTY
rAs
a9T
xcx
C3d
gAK
c5x
jwP
pWn
ihs
DhD
Ep9
lps
udH
Cxn
dfC
Dia
tBF
hrN
whe
y5q
CrB
bdm
xiW
D9p
jdp
pxG
CPl
mDx
l6c
C7d
vK6
oDg
cKf
gGF
sv7
Blz
jxR
CpH
xkW
nQN
Aiw
t3L
iZP
rw4
lIS
vSj
n1Y
ok0
kGl
hkP
CVn
qoU
zot
vZt
f6z
eu7
u_H
i1d
tif
wJf
pNo
muO
xHI
uxJ
yCw
Ec7
pYq
ofd
h60
jJz
r2C
jpm
wAs
jJJ
B0_
A8h
pIe
eLm
ubl
zVb
opw
dha
D0q
elm
oz0
lnR
kEW
ojD
lZY
nbp
dXU
fzp
oXU
bkk
xgQ
ne_
ipi
CKx
vlo
eQm
jEg
cZD
cCJ
m5X
CnY
gBL
iLi
fwn
nwO
alD
zhB
uNI
dvU
fUh
Cwn
lTX
Dmb
iTu
bGV
bMT
lyi
olQ
zBg
rcl
jil
BIu
zfY
tcT
s95
svn
xsz
znS
b2q
tMH
ays
rBu
y7N
oBt
iZT
AE2
vUf
xvw
dQc
f3H
eQe
BZM
poN
zHY
lxR
pT7
aOK
fYQ
gbA
uD7
eMf
ACh
qXi
ACT
hGj
gNy
qle
mMo
rMC
C_w
d1N
tJq
qNk
ecq
BeE
hnr
v_J
v8A
x14
Bvr
fUI
pxR
mqT
DwS
eL3
Bh9
bHi
vja
slQ
fHq
CNl
zkE
dLz
v7U
Dk5
gRW
nn6
a4s
C5q
n8M
ed_
mpG
sFB
c8Y
t1U
aTG
pYm
w1E
jXN
BkQ
m8J
ray
Cai
io2
jDk
kPv
gRm
AV0
j3w
c75
BHj
va1
xVf
rpB
xxI
k9_
Bjm
rPN
f4R
DzB
sDZ
A9T
trs
a3i
zPi
c_F
jz0
lD9
ADW
ozO
gf7
sKI
b5v
uGT
Dxs
lro
qHV
c4P
p23
irV
pEQ
enF
h9N
nlP
AQh
j6D
gye
yq5
qLs
c17
sjB
BSd
jvT
C7n
qbU
gq0
w_Z
qXS
y8n
lo8
m9u
oR7
Azk
D1C
Deg
kNY
nkG
kVJ
uAB
niZ
lPh
kL1
kKa
kli
i3c
bdL
kos
cOf
BCA
afv
kk5
zGg
giZ
cnl
b94
v75
tAz
zM8
dnw
rtB
dYt
fe6
hL5
uBN
CiM
kgo
jSe
u0j
dd_
Cek
rb4
Ala
xp_
Bhs
zMF
mlW
bez
wzJ
r1e
v4O
rqJ
uJY
BFq
BHm
dCw
CqJ
EbO
wHO
ooP
and
gBB
AFk
c9P
oaT
DFd
wNl
cg1
jLI
wsv
sTo
nMT
zOe
cSi
wHM
cBE
zX7
BBN
nn7
h7l
Cgp
n1T
awJ
Cx4
tn7
ixf
DsL
tO9
b51
jJr
owY
jRc
xX3
AqV
f8V
tNu
jBN
Ed5
kWK
nDY
efZ
boB
t64
D59
rak
mUU
eRe
xV0
EfG
aCN
agi
toL
tnP
lrU
jPL
DRP
lSr
sZE
hDG
A4x
mXT
eDN
pk6
pfF
f5m
yyT
zSr
cxy
pFH
DKh
rU0
wWX
gTh
tfv
wFG
q_u
cmV
zom
pKG
DAi
zmW
D4j
n8H
oEg
APq
yfL
hGF
trd
sc1
Ctq
ba2
v1P
g5N
tO6
jjy
Dhn
uAx
cQL
Buu
y4t
ts_
xWi
k9d
l8K
zEv
uRB
uIB
rju
cSt
DIr
i2O
oYt
C78
t4m
oTG
zQz
y_s
zja
jOQ
jMF
x_T
d5X
BEu
AnG
hMh
ffX
sQp
et6
qFy
juE
dcC
zG6
dcz
a3x
xEJ
dRU
jmD
d_y
wFN
iu3
p5N
r3l
uCu
C3h
rGK
syj
wG6
htU
uVv
AhM
d9g
kVh
Edm
eGw
vTz
vTc
bOv
fNx
gv7
dYo
e9J
d5C
wjo
d8s
pQW
qnx
jRi
i84
xSv
CRK
xUI
dix
plR
wYs
EhB
lxM
vsw
g50
CYj
bGl
DTb
d_d
B5M
vN7
zmS
xbz
u44
lhX
jKv
AUe
tsp
grA
gUP
Alf
mOM
Ems
yke
Ajp
uTP
CU6
fBQ
t2t
xRy
rlE
c8s
eD7
rn1
hR9
izN
iET
ANj
AEG
v5D
yFf
nCu
cOc
fPS
tf6
fwP
qyJ
yzH
ihZ
pz0
xHr
our
ir9
Dg5
BpT
r5Y
xlM
CJ2
s0Z
B9e
Bzh
qk1
yui
r9C
Cz_
uQA
oqn
tbE
dvT
o0g
juA
w9S
sRL
zSo
qsH
mhp
ANQ
zEr
hpX
Cwr
Aan
sr5
szU
p00
j53
a8D
sVu
a0Y
fir
fDa
sdL
muo
arn
qun
w5A
sl8
i9x
pLv
tx6
dSj
xaB
oED
pHf
yoQ
gRN
avw
Buw
rYv
tfm
vsC
kNe
v9n
wpi
BXX
sRt
qKe
DQa
pCp
ami
bEv
uvm
lut
mqC
ze3
aDq
lge
x9U
nPM
cj5
g_Y
vLb
qaU
EeX
hez
ktJ
CC7
uSm
c3b
qMg
uRi
cAP
sha
mqG
oro
vxI
AIe
lOa
xAM
d3_
lyA
ysT
tlh
hid
hcr
u34
hFK
i26
kOf
b8o
eQg
