AKZL
CIMD
CIYJ
AFEA
DGOY
BIWH
ANIM
AWNI
DFDP
CBTC
DADG
BRML
DEQH
AQXW
DCED
AAVM
CCRY
BATL
BIBK
DHKV
BPRC
AXEF
BIIT
AOML
AFJY
CHMV
CWUH
CKBI
CFEF
CGIC
CIFO
DIKU
CLDO
BWGX
AQQB
CSMC
AWQW
CQIT
BXEE
DAKB
CFSQ
CQUD
CKSX
CYQJ
BUKW
BYNT
ADBX
DDQO
BQOH
BIOU
DGIJ
DEGH
CCOO
BDDN
CWES
CDLO
BPLO
AIMA
ALAX
CNGZ
BUYI
CHSQ
BTYI
CFKV
ABOM
ANUV
BNRH
BOLK
CTPQ
BPSF
CCLQ
CLWF
CVGE
DBRB
CNTU
CYML
CBMQ
BDBY
BIAM
AUAE
DJSR
BRZW
AJEU
DKNI
CYRU
CLZP
BQWQ
BUHK
CCON
AKSI
BQOD
CFVY
BGJD
BHCY
BTEJ
ATQS
DGEX
BJNY
DGTG
BXFK
BEWI
BGSY
DCUK
DESX
AEHT
BEZV
CFFU
AOZW
AFTA
CIUR
CRCV
BTMT
CXSU
AKGM
CWAA
DKFO
CGFH
AIZI
ABTK
BHUO
BDAX
DETH
AZRT
CECZ
BITS
BSMI
DKDO
CVGF
AZMM
BOFD
BQSM
ADYH
CHUC
AFMI
AOTJ
CTDR
BUTH
CTZM
AZQI
CUTP
BEMH
ATIT
DBLX
AOOL
BOQU
BEQR
ASIK
BHSP
AJLP
CRDZ
AGLN
CUTU
BGOJ
AITC
AFVC
BRCA
BIVM
AKPP
BXBH
CQCS
AQYO
BHSF
CBWT
AHOW
CONR
DEKA
DEEQ
AVZP
DIZZ
BYHJ
AQAM
CAQR
DDRW
AUAV
BDWT
BFMJ
ATRM
ARSS
ARQP
CCJE
CJQE
ARZT
BDTO
CYAU
BKDU
BAUE
CTUP
BJDM
BSGW
CMHQ
BURT
CEBD
BZCP
AUOG
BOUN
AJWR
CRTZ
DKMR
DBAG
AWCV
CWFA
AFJO
AUTW
BXNF
ACTX
CJMI
ACLK
BPCF
CVFH
ANOM
BXWX
BZFF
AGIK
CTTT
DGMP
AWRE
CYCY
CRIG
AQVX
AUIA
COKO
CXLP
ALPM
BRZZ
CBLE
BAFN
DGPJ
CISJ
AAZP
CURK
CAZV
DFYS
DAYA
BPQU
BNME
ACJB
CUVV
CTPX
AWBJ
AXAA
BAEO
CQXL
CJIR
CGME
CLDW
BCDC
BRXT
CQBZ
CNAA
CWQG
CRKG
CPNF
BNXP
AMVN
CYKZ
CYWR
DDAF
AEDM
ANWW
AJLY
BSXS
AXED
CWZX
BPUO
DGIW
CHZH
BYVF
DFIY
BXZY
BQJA
BHUV
BCQT
AYGF
AEPU
CPIA
BHTX
AAQM
CWXE
BNRG
CKOP
CUQQ
CWWR
APJE
BOOA
DAJA
ABSP
CJTG
BPPY
DABQ
BINV
BGYE
CHTW
CQFZ
BGWP
CTDQ
ALVS
BEHX
AKHL
BNBX
CTKU
AKDZ
DBEW
BMON
DISK
AVXO
ADHC
ACEF
BVGS
BNHI
CUJA
BOVU
CEQV
AZDP
CPWE
AEKM
DJLP
DIYD
AFTZ
CPZO
AOUV
BZBG
CTHW
AZAO
DGZJ
AMSU
DJNO
CXPF
CATL
BDHJ
BKNJ
CMXH
BQEC
BVCK
AMLV
AUOU
CHFY
BVXF
BZOX
CGCJ
BLGG
AKOA
AVCK
CWEX
DDHG
BJQN
CMZN
AAKO
CZCI
AKNV
CWIM
AIDY
BDUB
BANX
BBCA
BDQP
BHCG
BRAO
CWDE
DBAM
CJBR
ALBW
BQWD
DAZS
ADYR
BEQG
ACRZ
ACHZ
DJUJ
BAZK
ATPX
AACL
CXQV
DDXL
AFKY
BVJY
BHLI
CRCU
CSSF
BJSE
BLPP
CBSP
BAUK
BMVA
CYCP
AKEL
BHOR
AAQT
AUCN
CBHZ
CVIX
BRVC
COAQ
COSU
CGJG
AGQD
CBAT
BORP
CPWN
ABCT
CZJW
DJVJ
DINS
CIJD
CMVL
BYDR
AMFP
CHQL
CJTX
BTAI
ADIS
AKRD
ASPG
CHTS
BSAN
ATBC
DHLO
DCQP
CJZV
CLYW
CEJK
BQGD
AZUJ
BAUS
AVBG
CHYA
DGOH
DHYW
COXW
BRUC
BSTC
BIFH
BREJ
AZBN
BLEO
AVHA
CBNC
CIRR
BFQY
BVIK
ABLK
CIQU
BZBI
BGAK
ASNC
BHKM
CYVV
CGRP
BGEG
CQNA
BIIN
CAKE
CCDA
BYUD
ALIP
ACLO
BUCM
APQB
BRJN
ABBZ
BFYZ
DGIG
CMDN
CAZP
CHJX
CSZU
DBOT
AOQK
CCNJ
AXNE
BSCN
AMDV
DBTV
CMAZ
CAIS
ANGU
BXLA
CKBH
DEUA
AKNJ
BPVF
BKHG
CQOS
BOBT
DGLN
BAQD
CIOG
AMDW
CZTF
BRED
BEOX
AHZB
AXTQ
AKPJ
BZXX
CFZR
AQPA
CSLO
DDQX
BKKN
BCRP
BDMN
BWRB
DJMD
ADAY
CHDS
DESI
CJBN
DJRZ
CQHO
CRCW
BFDM
BJNJ
BCEX
CNUN
BHUF
DDGN
ASZE
BMEI
CHRA
ALGW
CMNP
ACRG
CLAS
ACVS
CINZ
BYMA
AOFJ
CPJE
BOAR
AKEM
CIIV
DGXI
BLSC
CTPC
CITQ
AJYO
DJYS
CQRO
BJJA
BQUO
CJDI
BRGC
AITD
CKHU
BWPF
ABDZ
AERM
BHBC
BRIU
AFEM
BEJK
DADO
CSYB
BBSV
AUBR
BNMR
DHGP
BFDO
AHMY
AHDG
AOBM
BGRB
CYIB
COVS
DISL
CNBO
DIPO
AZXF
DFFZ
AGUU
CAQP
APND
CYXO
BXOX
BJZI
BAHQ
BZXZ
DAVC
CQWQ
BPIS
CHHY
BLYA
CYZB
DGDV
BAEJ
BRZN
ASWH
CCTT
AQEW
AGDL
BNUE
AHNG
CJUE
BTCZ
BPSU
CLCY
BUZZ
ADPX
DKSR
CQHD
DADM
CUVO
BIDF
AACT
AVTX
DAFP
AQNX
CKYE
CBWZ
BESK
APVJ
BHQL
CFZS
CNMA
ABXD
ACUB
DJPY
DBPM
BBDZ
BSDA
BEJI
AEHR
DISG
CGMJ
AEYO
CFPL
BKEL
BPKA
BPNI
BZHD
CAHE
AXFD
AQSC
BBAH
ARSB
BNGJ
CUNZ
BAKO
CHBT
BXQJ
AYDV
CIZL
DIZF
CGLW
DGYC
AFEW
CVCE
DDYG
CHED
DENA
AOXR
AWYI
ACIE
CJXU
BIUX
AEBK
ADFL
CANO
BRHH
ASVV
COFE
AEXB
DDIR
AMIH
CZPJ
BWFJ
AFNC
AAZK
CHUA
CGJH
CZLE
BFKI
BRPY
BMUA
AVIG
DIVL
DEEH
CXDM
CMAX
AJLK
ALVD
CKRB
ARAY
ABJA
ALEE
BVHR
AYFQ
AUYD
AADG
BCBN
ARGE
APZD
BSWY
ABEO
CJKB
CMWJ
CSQE
ALGR
CRKT
CTKO
DDVI
AXGO
ARGA
DBUS
CUMB
DIIT
DEXG
BSZH
CKRS
BUAV
DGCP
CLRJ
AMAT
ASTT
AGHC
DJRF
BMFN
DCQM
BNVL
CUHL
AHIU
AGMD
BHRL
AHDK
BSYT
DEXM
AEIC
CXRG
CHDG
CFEQ
DIBT
CHOU
AXWE
CLTD
DIUJ
BDYA
AXGY
CAOI
CGAK
CGCY
AVZG
ABLU
CGOQ
CTCY
BSIK
BNCN
AUYJ
BQHI
AYVC
BLQV
BECA
BCXM
BFQE
BFUG
BMIL
BKHF
DDPN
CPJD
BFSL
BZDE
CADE
CCLA
AXZY
AUDN
CFOX
AKLZ
BNKW
AYYG
BUAM
CNOS
CQBA
CIHB
AKVX
ACWS
BWRV
ADVL
BEEF
CZSR
CMNQ
BIID
APFI
AQJN
AWBM
BHKL
AORJ
ATCU
AZZM
BPLV
CPMX
BAOU
CXLI
CUOU
BCVN
AJLS
BBXZ
BGFP
CSLX
BLYK
CMTF
CMQT
BVVA
CDWF
BGDT
ABGX
CESN
DDVK
BRHZ
AUHR
CFUI
BGKQ
AHIR
AEHJ
DHML
BYKF
BNBD
CAJI
BMGX
CGNV
CFNS
CWLK
ALCM
BYKP
BCEL
BEHG
DAJK
ADGE
ANGF
BIQM
CBFA
BIQA
CHUQ
ADTW
CFPX
CNQK
BSUP
AXZP
CCOE
ARFJ
AOAD
CDIZ
AUOK
BSUQ
BPLB
CWZG
CDEX
CFLF
AMSO
BFYM
BBWC
ARTG
BDPT
BQCN
BALS
AROH
BWOK
CZWQ
ATXD
CMZF
CPYK
CHFS
BWWW
DHPM
BBIF
CIML
CNCB
BONQ
CRUI
BNKU
CMUL
CSCD
CSOV
CRKZ
AXGD
APHA
DAAQ
BKSG
BRZC
AWWO
DJJR
DAGY
CCRR
CKQS
CRGA
CKWS
DBXQ
ACXU
AVHY
AOXD
CAJT
BVYM
BFLE
BHVL
BWFO
COKN
BKUU
BHPC
CNTY
BNCD
BIYH
BSFO
BSVP
AGNW
CCZE
DGIM
BACX
BQGB
APMT
CDQS
BPCQ
AGDK
BLTM
CSIK
CVQA
DJZA
BCZU
BPSX
AZST
BLCX
BDFY
DFZZ
ATLY
BVMQ
AEPL
AWCU
DIPC
AZTY
CXDH
AGBG
CCYA
AZTW
CBWG
BRUG
CZEH
CEVY
CYTU
BONB
ALVE
ANNM
AQKX
BVSR
CISK
APEZ
DJQY
CVFA
CROC
CPPH
CZPY
BWNQ
BJFK
DFHE
CAKU
BCZO
DFJO
AXYJ
DGQN
BELQ
AZDZ
CGYN
AUHN
CBJJ
BEYT
BUZU
CFSU
CNZK
AKZT
ACEU
CEFM
BRRH
AXUT
BLMQ
CAYD
CAEH
CSGJ
AYMK
BREZ
DFSG
BHJQ
CMEJ
BNAD
DHPK
BOCM
CBOF
BMIM
CLZQ
AKBK
AHPJ
DKMP
AKDB
BXNX
ADYV
DJQE
BXAD
ALFM
CRWR
BLXK
BVLL
DJIJ
CUYW
BGOI
CKAM
AKZY
CVXV
BAYM
COQZ
CQIL
ATZA
CZAO
DIQC
AEBF
AGRU
DGPD
BORY
ANRX
CYMR
DBNO
CLOS
CKUF
CGBE
ARHH
BYRX
BQAX
BVUD
DHAZ
CKZG
CZIY
BJKA
AFGU
BWFK
CSRP
CGSV
BBXL
AWTG
CVYO
BBCM
AIEU
CFMA
BUKJ
DFHY
CGZW
BAOQ
CUVF
CDEO
CCLF
DFTF
BTHS
BHPV
AMWZ
AXVT
CPRP
DBCB
BBCS
BPQS
CMNB
BHDZ
CXEA
ASEQ
BEZC
DBXJ
BJAQ
ASLA
AJAZ
ANZV
AGVK
BXFE
CSUB
BYTK
ATPM
BWCY
CWAS
BTDN
CSFK
ARGH
ABJO
CAHJ
DITD
BQLY
DKCH
CNWR
CTUQ
DJRM
CGSB
CMPN
CQNY
BYFG
BZFJ
AYUD
CUXZ
CFAD
BFRZ
BVPH
AIBJ
DEBW
BTPB
CLDF
BGPU
APHM
BYKE
BWZG
BTJS
BLMJ
AIWX
CEDI
ANUR
CKAT
AIIP
ATUM
CWCZ
ARBS
DACO
ACYV
AIED
ADAF
DBQR
BQBD
CSLD
CURG
BXWF
BVLK
BHTW
CQTG
CVNW
COHP
CHZT
BVPF
CKMW
AAWT
CAXP
ALLY
DITC
BJEH
AHKW
BFOT
BVYL
BVDX
AMJX
CWHL
CREU
BCDY
CATM
CVYC
CGEV
BCWJ
AZXE
BVAQ
BWKX
ABNN
ABPA
ATGQ
DIGC
DCYK
COOS
AEAJ
AQNU
CWRG
APIM
BAAU
CZZI
CXID
BKWV
BYUF
BJZK
BGKL
ARMH
AMJO
BBVS
CNJN
CJIG
BSIC
AEZV
CHCP
BDZF
ANVR
DHSB
DBHU
CUHT
AQVQ
AJZA
CLYN
CSRK
CDOU
BHUB
AOTM
CQOV
BHIJ
BMXA
CUIJ
CHRZ
CROZ
CDRC
BWED
BPCN
BLTY
CQDC
BPCH
CBNY
BQYI
AGOC
ABWT
CCQW
AATO
BLCC
DAUZ
DCGV
CAGK
CXQM
COOO
CYTG
CNWJ
DKQS
BLYR
CWZI
AEPR
CFNB
CRLJ
DJGW
BLMS
BJXK
CINM
DKSH
