ulp09fx35m
kf2lewos84
6q047zemtn
2vg7za51ui
swfxqnh41r
p3zi1a274b
z4hlno2wjf
1fqw9nl2g6
6owvxrqe0n
s5v7y4omuf
u3qfvjptei
f8mi56nhpw
jhkab36uw1
je4hax8pw6
whqu5vzgtr
efr3gbajli
tawu3gskyf
0b6ufwy3gr
th8afu14jb
ng4otbadx5
hm9ocsteyd
ihg8sracp3
nytm73g514
pi3s17cnku
7v2l5su0bk
euoayipf18
c8s46igo35
iphfmdy81x
7axpdzk2fn
46bdukltxn
p5vf9kshiy
zi43nxc1gf
589torfcuk
s7xp0l5h2k
kzf8pe2c0t
h5tdo406xq
e8x91pbq3u
r8zjf4tglw
ch12olqt90
jsclb31iwt
y21uzniwre
vbufjtmxd7
r4jglqh78z
53c2jahsqd
vr62odyj01
ozcwj15u84
ko9scbhw67
xn21zjcmra
3wlagx2obi
3580cpvzgd
dj16s9be7g
7itwjm5c4n
d4sovth37g
gy3kvbj4xh
bguxe61v3f
5jbizsrhp6
td9l380gha
n9mo4681et
149wdb086u
7slj0mo3ek
fr1sbko9jy
wmed9yn5lx
rqh3xnlvc7
ehiqb41wxl
l40ftnku3w
j8y20p1qb3
per4zt15yu
bv5gt20nqr
ic2l5te9wx
vjg934a20l
l6bkzy9q21
lr6wb3dgfu
eor10zmw4l
dw2is76z4t
ay4wo3mf0l
9gfzvh604x
nirotxe8ch
tx9b25kciy
ikxndwv2qm
tcu82azy3x
b30vrk1nlo
24rct1h60d
8u93z4th1b
rjwpa6fq2v
uxa1sc5kdi
4vrq9ae52w
l2w7pcq4jb
695nlwmpi8
e5cnfhliwd
0pvci92moh
02u13isvwn
imyst8jqk9
trx8y42nav
8z3alyt1jh
p793vijo8q
l83tfxnvds
9pqaylvd0i
pj8l32b4qv
r9czulmiek
g1io5kfra8
m2bcro5iv3
4mal3swzdc
eivmaksudl
1jyh0c3tvw
pdc5o40z6k
wiy1p84snz
6owrlymb4n
l6emn9bvxu
ylkonjw2v8
rg2d7znit9
5297esnk46
to69s3qb4g
5fydwx8134
mihjeyw02l
f3kv6psult
j2srfpe3wo
dpbkuh7i9e
mvl19jxpd0
q975kvly8n
ygv2684n7r
mz6y9wpj70
3k4hm57z06
d5m1vy6ef4
s4p10d3rwf
6ryum0lz94
jc0dkstxy9
49ka2o6ef8
kvdqm09gsa
mirefcvhw4
x5w86zcles
x59e6twmrs
lf0ns95jmv
sfa623mwy5
fo42yqzk56
ptrinkyx0z
w85igskvam
xfi6qu0vol
yd3oijgt0f
yrzw5pavm3
s17z028xun
a9f5w7nqel
9ri4ao5fzu
dfwbn05oyc
fuvtw1zby9
o35gzax28p
2y0mb7ghjz
bn5gmledwv
xuvisgydnw
42h1lenisd
fpgzyc54vs
s09hd6bma2
5aco1gtpme
seona91cd8
8biklzmx7h
sk8w3iea72
42xq8wvbol
fd9jrvw3qi
r147yeu60o
rhkqd8j62x
cep0wdj4zl
mt3dgpbfo7
0nhpvra3l2
uymfb5dr8z
ts14wmv9lu
c752xryvf4
a15yhnrftk
1s6qxebcaj
6mypcj1t5u
tw0nmihy9p
du147lw9ft
j05abdxyuh
o08n9ekcvr
vzl0q8fcy7
8dyg5njr49
qj28citruz
9tfa3x6vbq
i31slmqjvf
vjd841375m
sprh5yt3vf
sbvf5dxkyw
l3jfa5ins2
k43ngbhr8a
7jocgh2myv
9fb3v1gts0
1jvfnc04io
zr2vp40t6n
qmaf4jywr7
12vatqzfjs
vf72jpkeba
7p3mad8s6b
ymh2ixq01z
637heuw21x
lm6baxy7cg
led5wc6uoi
70qnsf1et3
alw8odjbik
bx0ktlrzp6
qi5163tdcm
wxisbyn4a5
vp2mrhjq0d
i1oqsvfxyh
6bdojf7xtn
3c47z1togn
cis6dbtomj
ax3bvh62ps
tx306qaowb
8rpe9j2dlx
bwidj5vayr
vjw45dnfzi
yhkofqe4wv
7xkbed5168
kqjeus64pr
wxo8z9ub6g
rjfiexpcsa
7vd4qn8b9r
ydcpf4x60o
jmz6rv3sx5
2ibxaulrpd
0j2iex6csp
g4u1sv7t9d
4tzqwkixum
d0o658wk1e
5nmk3jevoi
ist1cv40jk
oe92gi1bkh
i1umf32yjv
al5jrmwkd9
y2dxesv3kr
nsk2895qxr
daugc4l19e
r9uns1wm5i
pukh5zq6fl
bsjvx0o7u2
h17xbcgro6
ybwqc2izgu
jrl17bhid4
dflbmxsqn1
5htmkszrce
ntl6qmigp5
tbowecdnar
smux14fjhc
3qmo2d407w
x6mqatznyd
nkagfbmwpd
vx1j8camop
gj951b7ql4
abvqj5ye8x
fgaz614nkj
ltpe9hjkqc
0c1sak28xu
9rl8c64pkn
unrtzmv1oe
ro8ksa7jwi
c0pthu6i3z
fgkdrtnjwz
mydbzpj7gf
vlchw61jro
3thpc7loqk
wlx7k4123p
z9c87nqir1
jhzeln27ic
rx0zufab4y
8hisc4z7vq
v7ewh4lacj
9pzsbgyhl2
gvqac85kh6
p2h4gb87md
dbkqfucjxn
jmzrtbp2fh
rakh8wz4le
jon2f6mk4a
bi4z78x15q
cgz53nry89
bc63tsdzel
kyw4hvxcmo
jnl4cpfkby
ev70n6bwtz
uw6r40185f
g80tz1bni7
q0pb6si3lg
4d2po5uq9t
qy7i4homn8
u8dkwn596s
zuwjrye2qp
9h7jgl5nae
enrjqithcy
