49313 
97019 
50932 
83799 
31832 
35701 
20425 
14693 
60034 
97392 
9882 
17162 
96024 
94772 
81738 
36161 
57856 
93926 
78000 
10430 
75108 
16932 
51013 
101611 
86469 
37808 
58419 
37432 
105844 
17638 
105376 
69874 
74628 
67485 
13429 
22780 
101823 
95728 
70694 
56490 
19532 
99892 
3183 
1359 
23253 
60849 
38278 
8748 
77437 
97210 
81671 
96494 
87770 
102055 
31653 
69690 
84846 
78999 
25251 
78370 
46895 
66233 
107760 
61598 
45764 
24160 
14322 
69178 
8381 
103795 
67589 
90978 
24885 
97049 
92343 
48921 
25338 
39393 
98144 
76406 
70980 
24964 
64821 
81972 
91508 
40204 
26791 
15720 
69064 
94654 
85373 
5818 
108367 
87707 
73197 
47539 
13679 
63289 
98935 
10147 
75596 
52422 
24478 
77597 
78111 
47350 
57621 
20229 
59559 
66230 
88883 
78264 
