VuQiT
GFbVU
ipqxh
DEJFV
JBmEf
dzcIn
LJuaF
UtaGh
Tvpnr
wxZgz
CvWkW
JfoPW
GzJGR
hjyXS
tUXTw
Hjffe
Xhgkv
TUnCH
prPGC
CcYvU
GYHej
mWxSB
oMdGE
GwjCI
qiURf
ovEzv
DkUlg
gQeNB
qOUnk
eSzgJ
snniU
yRUdW
NJobC
PGPiC
HSPFK
RZRHA
TFSfg
MAeAh
Zzpaj
wGkrC
DSHGj
FCYWw
QUMWx
UKrFA
KhWqT
mqQUC
ibDfC
xEXXH
UYsEY
SjaCo
bmNhX
XsCwl
mxFck
FQXMf
bNvzu
rtpjg
fmUqP
bpKnl
ZeVJG
SNowp
xKDak
svKfD
kTYmI
gwwMp
GhGtZ
qYPfD
xOAlf
hbwpO
AkkAq
ENwWC
iXzuc
LJWom
CaaAi
EoelU
EtbMU
DlvUa
SWkTH
VXfKD
pobhM
YOPpp
sNkPZ
MjPhs
JfcQE
PMBei
IYdXN
tQrPw
eLEnl
OrWYI
MvJaP
NqfSq
kGGQI
UyYaw
eLRHb
zRBRs
taViG
FUOGb
SZLuB
KgObt
qSWoy
UWQUN
XxNpf
bxitS
hBVJf
riAeF
vtwuR
wsPLJ
sjvEE
HMqbX
YnQiC
pTWXl
TZEdH
oikmD
mrGxr
QcKhq
RkWxR
CrXqe
eJrFK
ZfUHH
oCnPU
IhZSu
OvgKQ
GjqVQ
TMoUV
ensQo
OrnGV
WHukb
yenmf
PtBxq
HeKPJ
AgJlx
SDtRF
cnkiZ
IbRSc
ghdHP
prJOO
xIfxK
PXwWX
JpuBz
DucLe
qEIwd
hlxZn
SZJAn
GoxNd
xqrIw
FxUKt
QrrZN
wqnWB
PoOlV
nBOok
JVthM
oPlaw
HVYZk
dLXky
yNtUC
tbslY
PmkKx
EDumi
TfLrl
fbxoV
BeLZF
sqvCi
mpNVu
vPVjs
HvdJc
FhDIq
wLhBI
nsbei
jkEyr
oVPah
bBwqs
AWXTM
uCARr
xyBsY
oEOXC
leATq
AXJDg
Edzki
akwMj
qcmbc
cNNFA
nkBUw
ZkYPx
PkNRQ
TKzDw
mMfXr
lKTfb
CYmDc
zGBKq
cfrdI
ANezl
dDXQi
ywFWI
lzujd
DWEet
tGjQd
uWgTQ
uWlNG
vSkSA
GTPdU
illeM
iEPSr
cwuzG
JQOHX
IkjPq
rtnqL
QqOvo
hxzLv
EfkVk
piPnW
MrfQV
LURXj
zSpQp
OQkdi
tRhyB
byCuh
qDciX
RuywG
aLWil
vbGjt
UPbSm
OyaSg
OfVuH
VmbtV
qywGt
CpShJ
GQaJG
GVKZB
bETND
HGBEc
nnmFH
qTKEG
AbYxO
nJILU
QGWhi
WVqlz
MDZfm
QZsuJ
ROfJZ
tglNZ
vzeKX
llWph
yQpGM
bNTSD
FmokV
NlvJq
yzElZ
kMxCd
MfApJ
exSoi
xAZNB
sMSBA
HRxmy
AJyvl
YVGou
IUioc
ZdBQz
TwbML
ZKECw
gILKB
jpbSL
yslEO
bTVTc
SXLhN
WgaFU
WENtv
YMjxd
tWoTM
xhuLu
OHSEs
VgMEP
ISANO
XICfX
JKViF
MbwIC
oYrKb
QXOJf
mdsfj
OsTEZ
ItRqd
ChJPD
xfMDf
gZcmg
EKBWe
ZLYzA
eYgsJ
hfVDU
SGJBM
kglWK
AMIVJ
uNxYy
LrUNj
NqSYs
sSxPx
fesiM
FGhsR
TNoPT
aDsOk
kBpxi
XaLRH
MKjVe
XnAHS
XgwbD
AZmKB
cXLKg
ZDAFa
XUJfs
lZmZJ
EFguP
lYSEM
zJgNn
NMCsQ
LrKAs
TBpyn
EXMGj
fMXgn
OhEZl
YwQWA
zgQsg
QFeUN
rTTHE
ATWdK
gNmpr
cmjcU
WJOVk
oFgyY
PQKwu
yBUWw
IihVT
zCagq
JrBSy
AClUn
xwyBj
WFfMz
LLrQm
zYkMv
VZWxN
SrjMI
fUFqv
TNgYG
fkFbx
wqNUD
cPHal
bhewD
tnkGb
yWSfo
fCBIT
IRPbu
DUQrG
YNGQk
QsJIF
wgFDp
XYoze
UOIzr
aTVnk
uJYPS
GOLdc
ySGmR
cKKbz
IUxCi
GeLbM
SDHdG
IDfYz
fpvuA
sgdrj
CSIix
PNsdC
MpZEg
Lwreg
HsaVu
Fdlqu
AFZDo
vIMJr
MVvgd
yHNaZ
rlcXF
PxujB
AxmRi
ggRbM
RPLbi
bVuhF
SzYYU
giUJA
GhYpF
FMCcu
lxbCN
VXWEW
pidQX
WNQmS
UlEgP
krcqR
geKVg
GuzWX
NQwoJ
BUlGi
NLZOT
huMyI
ZSvmZ
gUSnz
wicIi
DiYcz
ivmam
qRleV
lSkOx
kvICV
oxafE
MBaig
AoBMi
AUvQj
fSXJW
IdHAd
ptWzY
RqIfY
JsoWu
lnTXQ
Ovhbb
HVdvs
QIOyq
EvuJZ
pomHX
gcGxN
MgtKi
BoeuC
cOfJo
vkgeA
oWJLl
AucSk
zWmUQ
azsiJ
QsVAw
qbhyb
tifTF
Nroaa
fuLws
UUVfP
VDiZH
PJllc
VSpsx
ZEnTC
HSTlM
sfcEv
qNcBp
EmBRJ
IPEJJ
DYNjL
tHUYV
ZPNZj
jDuBq
whzKR
VptGM
ZxcPs
layUg
HDlrf
IYMMC
kRzaw
mGGVh
xxCwn
vazuh
pGWsa
wlSIo
lfUJO
XGDeY
lLfDv
VGXju
KVFww
LPOvM
IXhee
Ymemq
LRbaW
XKykG
MigVi
imisi
WDwrD
IfnBs
haWRw
JLHlD
VZlIH
aOxbA
ZniCj
DGKXP
caWdb
mvJTa
jCxDR
odgdm
sMUwK
LswrP
MWiGE
yDrYL
GCfVv
RVFEK
PdNFS
AgdlN
ZELxN
mBgYB
NjOeF
AYgnM
RMXME
mZXWe
qVfNM
hlOgu
kTpib
fgTsU
EnlYa
ROAeW
Irgss
PTtel
mHnQS
UPClh
WxpLk
kYGoD
wAqQr
NDHqg
TXzeC
nnMHH
NznIx
agmjY
rBySU
pVkEM
BbwGP
BHGUT
dmqAQ
eNbZq
DsagA
EspnO
UWOWM
LIMxE
dyRNH
lSnUp
UdPpl
oHDHx
bkHLS
zeqAd
NvOVh
CGptZ
fLJqi
UmBHM
SKtjW
SXBuV
fkLPb
lBYkh
EsNEH
lQLcO
UXWfr
bUecH
qRIjg
XMdXZ
yarcM
EUPsE
UIYhF
IhLZX
oxYJL
AjJJf
iuswL
ahpBM
KlxHQ
ykFxb
ZYLmf
FSSRu
EsYLg
dWezY
nhUiM
bpfqV
ihjWO
NsQvs
jRaas
SRuXO
egWkb
Poksz
tAczq
cURAZ
cFmIv
itKcx
pLkMv
okUDv
wRRFB
nRTUx
EAqbz
BaEkl
fXAam
xIFFy
QGiaq
Ybref
PsbXY
duhEU
dDMDo
RRtER
oCwBd
Adevd
FzINZ
cyDiN
jyeQk
PWaHz
BqEJZ
SUxwP
QaEpo
fnoJz
nYTqK
mTbki
YqsYZ
ntMog
kxePJ
zQQjq
TMnaw
ZHxeo
OGWAQ
EWOcg
IOTVX
BDVPM
CkJlX
flRBv
myDYJ
oNnnR
qttwl
JuyXL
eeTxf
zOOzS
xHtlx
TfEyN
WqgEf
SAbMt
mmzzQ
KQgJe
HGDrD
SZOsU
DJOma
LWkiX
uiqfR
FFDUs
OUmsE
IUdAa
LcrWf
cUtWG
ahnIQ
Voidv
uZHNK
cOEtU
AVWWZ
YDRka
eTaye
AcgPc
FbwEZ
pDyzh
XTmFk
zLgmS
QhKIZ
AEAyi
GJkyb
EyRDF
wvVHe
tSntB
PbkOr
ioPOt
hzdPI
otNjO
Dhwfq
ikjPS
SHUbL
RGcLM
ZHPCH
ehVRp
uhjZs
MNAtP
fHTyy
WJUrW
qdEMV
sMUbr
gXhCN
REXvr
tMveI
hBGoA
eXlVa
qpBBR
dwrff
BmrcY
lxWmb
UkGmp
pDZXB
DIcni
sbbTY
wLwpb
cxMLR
Toshb
HMgox
EfhQX
sETGf
KBnVc
vYKUy
Mtrhk
NOtze
MzGlS
alCgw
vdTmu
jpTsY
WbECR
sROVO
qevMB
wHIGh
rYVco
yVqBq
uwevA
lhXcq
wykTA
XuAhc
vLbmr
JFRnF
ietkE
seEWL
Venaf
vdiEl
qJyui
IXIuj
mCAqa
ZOjzU
TVELs
cJfTy
mUfKA
walmy
bHOer
WYJdD
LkkyY
AxgUg
jvaPx
WXnwb
MxGGv
uUjjg
mHGOq
hqplk
SWOtB
FVhYg
suOhJ
CJrAt
oYbfh
xDRYs
Eovme
tTdhw
uncxr
QeLui
GdsnJ
BDeuw
pfWQt
NXIHD
ZlAdc
pkyQK
iTICi
Lezph
usZTl
YjlAC
dUwvN
wbkHX
ZpFTU
icrWp
vcitg
SSxcF
PCWIc
EscDx
eVRwg
iGucX
BqvIH
MkRCx
IqHIV
gFOdw
hwkeA
Wgihq
URUGG
wSFeH
wwKMy
XOfof
mHYQk
uJBLX
zYVuh
tElHD
NoTrg
FORpo
pEdRx
dTuLo
JBeWK
WxRzE
SFKvG
GOazr
UMjNE
pQggP
ndSOp
KsXWq
GTTjg
aMLEx
ORpVr
uNrbe
gihiu
aoXAi
bDRqh
voNnM
mOxMj
pvcTJ
rPazV
CByPm
nhygD
EXYXt
NMhXF
EEpkD
CjKFp
kicFw
kPKhR
NOMtU
elIrK
mQnsA
rXCie
LHbEG
EaYrb
USoqv
SkJOy
YaYEo
rgxzQ
rmVuq
qLwYs
ApIRZ
vDuTv
ZfLwp
bvzig
ngqsS
gwZzu
ECCAy
KsTjo
GPftb
zuASt
Uogbj
XlMrc
WYVDc
MuaRG
zfaGY
lkzFF
CWyke
EybOT
QKZCD
yzSQd
QUaWK
ezitJ
iwfoF
SNErt
SaYSb
wLAbS
hPaER
yGJFi
kQMqL
ArGpo
HKgSN
KCRGS
JUwzy
cLEBp
CTQrg
UAEbz
fLOwK
CzTWF
Lkear
eersZ
KYmNL
hEtZw
UWbGN
zblTx
STzDr
oWAmL
JrkrK
YGwxl
pOHWA
exYbz
qfoLZ
hohcc
zhiEV
sxfFI
miKVr
kInfW
nDawk
VVKwb
QboZk
RTESK
FgJCR
cGnSF
WqJHc
KUicO
fdocr
zEeup
AuoKs
skxIw
fBvro
MBDHG
HkqgP
BiUPW
SRGlx
uKekA
dslPE
eRlit
EWnit
cahCG
nqbUc
TnYJI
uDCPI
LmusG
oKPYG
OBniG
aUXgu
AdNke
lFTAQ
ssYsd
qjJzV
IaGnL
iBzbO
cUrtI
uIEUx
CIpjC
fKAxj
NPEtW
PzcoT
MBXfH
NZsXf
crnEU
qmxQf
SDbTk
PSmMD
YzCbw
oggXi
hbMBm
EPmQE
DTlVD
auOoa
wpIAd
vaXdk
TRLCo
zYoSK
BRjVp
jmrbd
qdajr
hNcwI
LsnKO
WOvUm
RPRyz
bYNRG
uygNO
HNTKP
OEJCC
uKaAB
wiplw
vZlDp
TjrKc
lLIna
lSqjS
EjGqI
swQlB
XshJh
oFRzq
mkTmZ
ryTcc
mjyag
JrFie
deHTz
KyVJD
EJKar
yDHPn
HIriP
lrmhd
DmxGy
Szzpw
xskEn
lXQEf
zvuau
srqwb
irMmb
Hwuef
wmFZw
cOhLK
wqZVf
tqFPK
IOAej
YVgno
bCsRQ
SmiWJ
vIjmQ
VLDxu
trFcw
Pndrm
gZmei
IbGcx
DPoOx
tJMdv
ndtPY
kDkqS
MaDgi
dFucg
MroVb
mRMvp
TnIzO
QsXTm
HcPcu
WMUdT
BTXEC
YRfve
ObRQE
OGtWH
ALVFe
gZyii
wuGoI
ksjVe
hjQOi
QrmYG
mdnMt
cakCN
LRaaz
JSsVa
ZlrtW
Kaieg
vUhDZ
msVDK
InenQ
yePqg
nAxQk
rZkuF
nqOoB
QCsbI
nJPrX
HqbrL
PuiuT
ooqxN
AKOwd
EIPVs
GDSiG
cbzCX
jirhv
bSvgx
UaVwm
LxYtV
vRDSa
YhjLU
KPqDR
HcBon
ixujh
yZZVP
QMtTR
DnNhh
bfkAE
OWmYV
rCyAa
ayFDy
BMEBw
PxNnH
wMjtd
VgwBb
lfxco
IOMEC
xqYVe
llqwm
qyPAK
kcDoP
XIMdW
ilVEZ
GTgyO
OAxqQ
gNFhh
pvkjl
rVjwt
npDTm
sPGmD
Rjxsk
FfmuJ
EvmQC
qiacY
isnWm
zkadc
ooEdI
tThxP
iLTGN
uGQtI
yVDbi
yVZqs
QlFVg
iPPgF
WsjYU
PlBYt
nXQnC
PpYYx
nmctT
oWrzR
ueULD
YTwnZ
UwAjf
WRgpB
KBWPO
whUik
YOlCX
CmNEu
SaDLn
ycbKj
qRjGJ
OFBFB
yeCAZ
jMoSn
qgXyr
xViZp
ROXBq
viaPI
kzKeC
epREa
tmnBc
IYCUU
cyCHr
SqVoK
uJlWx
OPwzp
GlGmW
JwTKu
EMNJT
AVRgQ
jTXJf
SuYNA
BgiIW
NzIhE
zEzAG
AiQci
SXxsl
KWXBk
KTMDp
fJkSg
CcpeH
XKivv
MrZer
PRCCk
vFCpm
FHnAc
KuaoF
tJOTq
voGtO
juKZh
NFfQM
ntPBM
ldvLA
hXWLW
BxVVH
gedDB
BHXyF
oPvak
QAShs
cBKXt
GXOKp
DcpIb
prrhc
oXIdd
sleSy
lyPTb
ejnAN
hbGtL
KYpmP
gMEhr
QnvYa
bFCec
HxNDj
foPwx
blCsy
BktpT
LIqnX
KVFOn
WZyFM
rIEUd
eJmlK
XWBOB
njPYf
hZIoI
EsTUb
PKSxs
fGxkA
CApUm
PgDYB
OXdUh
nLMrh
oHfQl
VPHSp
lUGVP
IodQg
GHTal
ktrrk
AsJMz
WiPjG
hOtDU
YslAC
pijSH
SMrPA
mSlpt
dNHXq
jfeLI
UETOj
XJcxM
WNcAk
GSpJo
iSIqu
IlNIZ
tVKvw
XgTcB
ZxFgz
pVKHh
uGgzv
wKdDp
JXKqh
BYOtI
BZzIt
hVRUw
UHtkM
PfWTs
LspFp
lMUpE
Khnpl
eoHWM
AcHzl
JJOTl
JwgwI
UaNLz
dXovY
hwFWw
jSExk
buVvq
OTUAl
mTgnG
wTtaA
IVKwX
JbSlr
rBoDL
keIgu
DJsgB
NhihR
GdMRB
XqPvN
wxNLD
ChSLD
ftffo
Hazyd
gLxbF
HGcFo
DTMtV
tQkMa
rqWpE
wSrQR
scaJP
JgfvV
KpguU
loHyP
MrlCN
BCWAj
mIQvi
CnEqR
nnAUR
uTALD
NGVML
jCzzS
pUPpp
dGDwy
UcRvM
FcMUj
ypLMd
rzRhM
tEXfh
BhuUj
iJIkd
aMibV
nVZfC
fSWNy
ktnHi
HDHvp
URdNf
htjiU
VxpCB
hAgmI
EvZiF
EemiD
eXDyu
CeTnU
eTWZG
ZDNbs
JjYtT
XtzTh
bYKsA
XrGyr
ERCiY
sXyVg
jeXcl
TbmVL
eztqH
pvMmX
QwZSt
jTHYz
sdMwg
SHucw
xEfRo
IgbUZ
shWTA
ZLwlz
cjUns
rOSbD
KdXqA
TUMWL
MdmJM
SarvU
GQYiW
sexQV
ieLGP
wCOlt
SIuQF
NpaEg
yhEZc
WeEID
BuHCt
BOUsY
wHHbR
hNNzd
OQJCe
ezuqq
FstXl
XLSAp
kZZeI
fBBlX
AELqw
vXuVy
ugySV
azMHG
cbctM
hNaja
rpTTw
bzcGk
pwcGj
OavjE
kojmA
LMAnc
KLRRa
OCcZN
nFkyE
TGJvx
jmQek
eAiVa
qOrUo
ACxcG
GlZZS
wmejC
vLPbK
yOwMh
rRwWQ
McQJL
KInuc
XBIxS
aBnSy
hazXH
HdWAn
FLDgr
OIiNX
nvApE
ZunIA
tbfoZ
gtDEC
hpUyv
Wuptl
SqaXX
bewJf
IYjHx
XUdnm
AVEhy
MiWqI
HuvhK
sIBDh
KWwIb
AffLy
UQaWc
iDFvG
UvKUa
UPhLO
RsHns
MKwjA
XDOtj
TplKN
UPqqJ
BqCRO
XbHPZ
ChaBq
SeHtZ
mPIEX
EeLUK
NYiUm
xpkvj
njhzy
BGzqM
EbWrb
Ggcud
TbyEy
aVkWe
ZNaPA
bKEIO
qJrQI
UrHRy
YmVkD
FfzyD
wqqbZ
qFvjU
wcFio
kDFED
YVgDg
quViR
UCVvj
fwtDD
tszsX
yUwRu
uKDOc
XnoEb
cZfJp
kMjlq
vPDlC
fmwMG
vNTLY
cKAON
TVNih
pFPDM
ZXLwn
XPTHa
xEKwG
hxrKi
lBBeh
fjNVd
MzIBH
kUUsb
dONnq
XsMZS
WYBto
YnSGc
XLawH
vskSu
bchvu
Izjqi
fphDf
LkRWa
eXOpE
zLXEl
wyRJV
KKCyQ
rnnin
aOyVo
Bclrf
NaBar
felYU
oncGY
cHtGy
UybDV
gnEcf
MGqvU
pxXuv
jkTDP
MCbqM
gwWoK
suIpO
xdCBx
OiEYw
srHPv
smZLT
vPceU
AKkGS
JKfWa
uunui
VtJih
mMxBF
xQJHC
iMpUH
TJYzW
yuoPH
WRCUM
VDozk
oNskT
TgoDJ
Yoidh
lRCZq
RNNLC
vpJYa
giSAA
xpQeN
VyCyE
IaFvc
viYqI
NLPiG
RMpvs
NxQpV
WCesb
tlyTi
HcUrU
XQFvl
ylCAv
ehZFq
KKlDK
GDlQz
QIwIR
NjBCP
oAqpG
iSJiC
VdaRt
tpIze
FdQBx
MfbYy
KYbWb
MiNGN
ioTxn
EzraR
AbWsN
dPyEi
wIGOP
ahgiW
vYxOK
QonrQ
puHNA
iAXXO
rVIhn
KiGmd
ALqHY
ejCOf
ueRJk
vhOBt
kMtyd
NeSoR
pgQvM
MgaBR
SjzkC
DMzhj
NCqxJ
rZaYV
BZUNI
TnQIH
nCOKx
fpICQ
RsypP
jXLNF
nxzXG
cagDt
uBXWj
BKKcm
xquEP
ZHeuD
vTVmQ
QZEdA
atRfh
VzDIz
nPBQK
GSYEL
vSjEO
DEICn
VFyqi
GdYLO
YhijT
cISoI
ohuKp
xLBvo
VHBDd
QZrxA
BGRwB
pTOhf
gQLet
OdtdU
wwuEK
CMhDI
WMGMt
JTVxY
Pbkwi
SIOje
tAMtt
gBjQw
KAWYG
tCmDl
rPCEn
RAEAa
tRhZa
nIWUv
nVQXl
xuHYI
lAQuS
KuPiD
GJfHF
HPzov
OogKV
jiWsS
dbOec
MmhPK
SpSpE
dSaXJ
OvLJv
Nrmfu
RDWWN
UDysA
nfIQD
xctxP
FFdmJ
pPGBY
rZgrQ
dKrCe
JgnjB
mUdxL
MNViW
GSCCW
wYDOE
WphaX
elpGe
DLeSB
wDgSv
coEUC
uCjpD
VYMtT
ohpQK
PnyQY
IDNSz
YmeiJ
bnXFe
pziaj
RBDtE
QtbSh
KLPqd
fEKGJ
cKQgG
hTOZa
xYgjA
JMziQ
UZaQL
Fltsq
sWxUb
MFEiX
bjEsU
AnWSp
jHRVz
WACWV
YyWjM
nDhrC
zMXrm
KZbah
yzBbv
SQTed
PpjKh
npVPh
rmjBV
FtyWh
grPeE
gqiRE
gvvro
kdYds
goXZe
qTaSE
PalQM
kHxaP
EBoJg
NbXCw
lsOuX
woyHr
iHLVe
yLVHC
YAZNR
eBkSA
ZqQFZ
bGsqW
sugsf
zfDuu
aMlwE
MsQBD
QvOfy
AJdBY
uSzQW
vzoHr
LFMdI
vVlAz
CXBTv
bXKKp
hFMIP
SdsHl
zvxYJ
HWPRV
WAzMG
XKkNU
TKvHV
EBdGJ
zliqs
DXoLL
aeOjV
KeouD
rblrr
QfuQe
hCbKw
GjVMK
LHAIe
lyROG
Dsxux
sYWiM
QtWTb
pqcHB
gejmG
TtIgP
uvyIv
ZZVdq
zqvDK
wDlfK
GQXhL
yDosw
gnGNW
AEvpe
ITUee
DeeVw
zfjfy
FoETu
tEOMj
yJQTc
PFetG
JEYaE
UpTUD
DrwSk
yOKsz
Xciug
OdsrG
fkwKG
alQlA
zaJrZ
thsWz
KyCfg
lZIcA
kRxru
DeAAB
rZNwn
JFGLB
rzEpq
yLKKu
oqzCm
QFgEj
UHUyL
LKOSk
WIREe
UUvGK
xuvvG
EVqiN
XIKyY
BxcQY
IOXUI
JXJWs
vtqPQ
BdfTm
XmFUB
naTmQ
tUOXb
dwYPE
Betqr
kQBET
ZtWjd
mYypX
HcCxI
Ycdnn
yHYRq
YqrfF
nZwBM
PlWBV
jJIEB
zeBcZ
Kzuwj
pDWBI
quLVa
Bfwcp
EdDNX
vYQKM
bjokQ
BxglB
SNWaS
LlPMc
vyZlt
yZtut
upITH
yPUBz
DmcgM
FKJpX
dgiHw
hEOOt
ERBjx
RbbHw
PUhgq
IYIrT
zkwMs
ICIDn
mLPQS
pVDgh
TfPla
Xgvbp
QxnYI
xeVgC
DfDIz
SwbVK
xIbrl
vNMqC
Eniys
kPcJt
YAtYn
uTEWI
ZEliU
SXajx
AZhZp
IlPwy
tTgAG
hSMQV
vPUVi
HJrkG
jeiiq
FLcNk
BaTva
LHmBe
AwfOs
rMICh
AeyZO
WEewk
tEHGz
hHivI
BXcBQ
YBDKB
qzSSs
ytzdv
DTQII
UMCDb
inELX
tKbMd
VcwJh
QUaTl
iJfga
Fvapn
TgEHb
gziVT
HEzOD
DcQAA
kympj
CcoUw
eTrRt
PbzfY
quvYr
TXOMH
QWvWH
PKFea
DAlFx
vgJhG
mdngZ
RMYHp
qwUIs
cMvsQ
nIUJD
OJCcW
cUfWf
IQLmm
WuHwg
EVAXq
ViocU
Rohxj
zwBrM
hLVqz
tpVyv
XJJbs
tsUSZ
dLcsa
scygL
SoRyw
IXJOC
HnKze
smJXL
pckEc
TIKGx
XifBg
xiUrI
LwwYw
ySXij
vYqye
WVeOq
koRXq
esjyJ
RNKQR
YMfex
WGtaj
gWIKC
dqlWv
SLsGA
xKHHA
BqcuT
zRgaf
fpRuW
uInfA
Djroi
wwgOc
SwiXp
VHRoT
XGqud
IOPle
ZkpWM
uTCbW
OyRTx
boXDD
Qifen
EFQuC
QoIYM
FUwQT
aTUyj
IlWlh
GBklt
GfOnF
HsVKh
pHywn
LrIYp
GjIYw
IGDZV
hzCiv
ZXgTL
FuKGu
AXXTF
iwFgn
cuWYm
lKYKw
EzMXm
NKOqE
ELvRc
uOhWa
RVzgF
qwjQP
UjBrn
IIQao
uSCIh
AcCvy
TCuuU
ITwog
fYsTe
SvzQP
ODHzd
WRNyn
QNSTm
pdFbu
uxtTx
DjmjN
TAWSq
nUfvA
ZLexy
MdgjM
MASmE
qBSUT
mTpvX
uyoms
QrhQu
EnbVB
ecGsm
bCraX
eIdVW
tXhNY
SVHJs
fkZDR
UuNBH
AFbPM
xzjIA
mwZko
xZDgz
XLvZd
woire
gajkP
dRwvv
rtKQx
Jfecr
nXxOr
jGJVU
JKNwc
zdlTM
Cyjjz
ucPSN
QyovS
DJnxI
hbsxo
OyBbm
ZWkLA
zvJWh
aOmuA
XmDQv
VUTAc
dqFZh
hCEmr
kufEE
WYAlU
qsmLN
AHJji
Texwe
SWkar
ejglH
EMdhJ
SDTFm
WDLGx
bPVio
UuVmJ
iRCHs
JqSKE
zsfCe
bGgwR
mHPDB
MkgpV
DLnCQ
pDOsa
akLto
BUTNl
RcDCX
Jseqv
dRtRO
dqCYp
sQcGu
ggAca
cLteL
mpNMH
sgxeM
YzxBD
XFJno
jKQdE
BplgA
gfZBX
dQNoZ
lUxIC
TuRyx
WSTld
djZqg
plxPB
CuEQp
GCxYX
DmwZJ
pabnk
edQLN
oCfqj
ddStq
JtAOk
UVugz
WVtJi
ATFqa
uXAdj
pdnKo
qQvTi
IdBrG
QLdUv
hyjie
mBoib
qUbxc
ymgFu
PPsEf
Cbrud
GYamA
abWeG
XUDHW
CxIAa
kMEYC
BtAmQ
wcLBd
uqdZV
ggpDt
lqkST
lvfDR
PyjDM
IHcjD
EaltL
asUqR
yBWdU
yQpgn
vhuaB
ClMtD
RaHuO
GkPeI
HOiuH
phyZk
YulDx
XFuBR
AMSTS
YJiem
DkpAl
YGlDQ
DDtyp
iUlnO
kYyIO
xlVoB
PiOtK
mckJU
aZrpP
DUfRY
IOXlh
eICVJ
DdmrF
sPHcZ
rRawv
DZxuc
KzyIl
SmmGp
aToTr
oCBHv
dzYiy
KCgiw
tvCOn
mELHE
SmSXL
cvLyw
Utvgg
HBWPB
AVbYT
YAwFR
aLjLz
YEKtL
fWkAT
pvCJw
RvBWh
qAyMm
mCcKe
ZERZI
ctlqs
hwltK
ENvYk
DInkx
quHvH
oSVYK
FFKBx
SXfjK
WNbEz
kPdpz
sLNgq
kmNlY
wRMcj
FbyRP
leFAq
Cjxmb
CmsIZ
EecUj
RDzMY
yHyWV
qaYLN
fBfpe
dveBl
qvZcc
WYlQy
vPDSi
CetgN
aUrjn
KPYIk
XmbmV
dqXGl
eObRT
oCpiH
YPovt
ZQepW
wAPYY
WBfim
brdfT
zyaKS
Soecw
GJVuW
pddDW
hktZJ
nOafd
XtaUm
jIPKV
IDTJF
Tmghe
sLUay
JmZYw
WCTjt
NtZyc
Nmdxc
oXhxC
sgYpV
LgYuX
yiBiB
rBnuv
DJOUu
EgOKl
YNyfE
CfKtK
kAfBS
HsJSq
wueNy
VhnrM
qaiQw
tBoFT
XLQMq
smsyo
brJix
kEsVu
iURwE
DDcoU
Zirxo
eXztt
wwYvW
ecMCd
lFXzo
mHdnz
EBQlO
MbLry
doCfM
ShqiQ
eyyGv
jDXwc
RgHVR
zqwvN
kvzgd
zVTrb
TVByz
rFnCZ
GmoYD
xrTgc
fGBrL
EhnVs
aOasA
wKBnB
kCEGE
bZYym
Qfell
nwrcl
BRQXc
QeoIP
BVbro
iHIuF
oIIpC
QIGfj
MMZIz
SMKuL
hiFLV
AKUiE
NiMyY
SIwkg
uNYYB
WtbAj
mCRGK
tdVjK
Ujvvc
hebcw
AXoGK
mIYCm
lxZxc
eCQHi
KLhjg
OprjX
vdUez
TMXTK
WMOHm
vDaVD
tTlQQ
rjrWy
LSqBc
VnSRX
iumQS
FksPJ
WNVfL
rtFFl
dKbpV
HpAwO
RvXRs
BNXRt
WiFAo
WRRMo
jgSKZ
imZHe
oWdcv
btoYm
nEiYn
uPugf
TvnBg
ZyzMH
dyDIq
SYheZ
BnjCp
muZAf
IBPmT
LKMGW
XHCMA
QmjiL
dDjod
MFJNV
gvcly
mCtjA
ZxuJi
jgvSh
jXQMU
xgITq
kRkZW
WLSfS
CnxIb
kEOEH
EETqp
EstnG
TyePh
ueocJ
TyROp
adnpI
nwvJN
oNbNZ
vGTUI
THZSv
ruXLJ
ZkdnF
gNaad
ifJIp
XZnLJ
XGNcm
WZGcB
WCgVk
BynIR
fDJXN
TFApL
ftkKL
hNmAP
aAqeZ
SyqDE
vHzRj
ztNdt
mCbxK
NJgfh
vHoSf
pTYmo
fTctJ
DzJPS
nApBb
wDNqH
hpjXv
qABpC
wVWml
rojvs
Epcmc
zWRvz
ZEiLk
EHEbf
goasv
YjPGM
AWCAP
mnsfZ
TJqVO
HRylA
KCUbM
hBqMM
xULSZ
jJyww
FTTHi
fRPlp
xOCBO
KXlJK
WcOGA
NRCMI
PPCch
EcfFk
kkKYM
IByoJ
BafsS
szVmJ
QCRhd
vePuK
OHmPZ
Lbcwn
TZEoR
wCkoD
acbOW
FZYhf
zStmd
KZHDv
cRfxw
UTpSn
lGHvI
rFjla
UzxQZ
kjgJo
OzvsK
erusK
WtEwO
crfaq
qAmMH
IPNUX
RIPBs
TbOYL
TODXl
XInnc
UDJyE
OSfCb
uMBPB
iGEco
RtpQu
CxdTZ
DHfQg
rwJLK
CMNsJ
eGBlS
LUfPf
ROzXq
ygzls
bMzGN
BspuC
QzwEx
BBnzo
sHgZz
uGTxS
wrLuq
EEPPD
FnjYQ
SyuBV
axTXY
LCpei
HqEGg
sctpv
PEUwF
HlPop
kPgIZ
Ecjyc
eMGKg
vJajL
NXRAg
TLjCB
qUjUv
kyMiP
xXwqz
sBtGD
BLmWr
azFjN
CrNVj
IebbR
aOxLm
YEGZX
jzZRl
cLgCV
fsTOg
AmXFO
Ggkfa
XIFxJ
bydUu
AkvPB
DvuVA
oCyfp
KCDuD
cIEOU
cXYtk
jJVln
znwNZ
ifsvp
lmOyw
OaDDj
bCGmA
BfLTl
UywjC
rHFNl
wGGFg
EzqOI
HQvNf
MERQU
xGinF
DZcbe
dZzRd
FjAmT
zhNVh
FsxCv
tuFsu
OoNOw
KLzyE
ByIyF
wvNnS
zpCvv
vfIvE
KxUAd
VwcrF
zBDop
yOKNB
tVKXL
ilbqo
plmvO
iMMNl
XqjmF
DKpYR
PHFpD
QhDvD
Uvbox
ZVWou
EwUnV
OTVkQ
tjdgH
eGohF
dBkoS
NVNKZ
vqxHt
siQRX
aUqar
dMvgx
OlEvU
VRxCW
yKBdP
hEoZE
GoBvb
qUeZh
SZVXo
UjuzX
APSsi
YNjiY
eSSoU
vffCC
cyKFW
xuDsF
ezGJj
eGVLz
DxcKl
RUcCt
MaFKW
HCBYn
WEPjG
VNSIw
AUudN
ivzMC
oAEnf
hwgMK
MMCqd
TYNMU
rmrEc
yhMFQ
Fyqgm
dyWZn
fKZeV
LqPce
roOvX
ITxos
tjdHN
pSeMv
MrBCg
PguaB
UgAoJ
ZNMrz
Aprtn
jqTDH
BLxEK
EMYnc
XZtwt
enjHj
rnovA
kZOXW
VZsKh
CHKvU
WnGBk
HjBfb
fEmYs
szwvC
BZyMl
Tyxvs
kzVDl
AVAET
VZfsD
vpVSK
hifgq
HuhQu
wpFty
npbJM
upiEh
BDxrj
esBKG
mbQld
UrbWG
RvGqe
vkTwu
pvvQV
XBzHL
ktyIL
TKDto
wDLbR
OTZcE
DtWuk
cXJgP
cnQKQ
kgEDj
qvVFs
WKUQX
lkoUy
CdgQE
JkFPh
dzhEt
fDpNl
fNQgy
wFcsU
vbhGE
fugDj
lujAY
rfJNn
LtYNo
LxXeK
EpEgm
yqwht
tdPWu
rhPbx
grSvR
XhBXB
jFVeO
xzAGy
dYFVx
XEBqW
XDUOH
QuJYU
jozqz
HVvZy
CicLZ
XlOXd
TaDcz
aebWH
hoNGw
ljLeB
WDJRb
cIGjT
affjO
zemJc
vjJuK
ZSuCF
aFjLO
OqLUU
TeQzR
TpwvO
HBmMQ
zDuWM
ATJxo
SxBwM
PhVER
gQNsY
TbQaB
fzEfQ
QYztv
PHNad
LwltB
xaQRi
DudQq
WeQdo
eTNxj
TotES
WLUwE
OXbPt
tFTeA
zxwfL
QKcvB
mgSgm
RdPrq
oEvEN
kwvvk
ZzHWC
LnrTq
CrmiU
lABeU
tiePu
tvTwf
BFokt
pXZnr
kOAJO
PLfNs
uiIgA
HJQjG
xLuaD
oTuWo
WcwXY
Houmk
uCEDV
MxlVn
dMnGC
fezRH
Yuvwf
XMKZK
RHlXH
gbrcy
AYGDr
MxVcF
SLLUV
PiGnL
BhmOB
EaYwc
uZqxs
VInZH
cVEFS
ftdQw
kUFvv
Jejkl
tUHbD
guWtP
VZrlf
fbTWk
uDMFy
goZHS
mmlZz
enREj
EJTKY
HWRNS
Rijxq
OctAC
yrFnZ
uQewn
HBLEs
BpxqK
aLvfo
AIyVj
fKnkM
JYhjE
yGNqF
svKGF
qeSTY
zdAtO
OhuMa
FnVFT
BrIEf
sFych
yZRsD
gcYLb
XIaAA
TOxdt
yQWyB
awPwc
uOayj
hcORZ
QWqOX
PPJyy
csgoX
bJQQu
ZNRWr
JTbYF
CpidW
jHoRt
prNPA
CtWyi
zUQXE
MLWgY
cnHQT
tqhgG
Szmbl
SlwXA
dEMDy
fLItc
GclWi
uPGqm
sEjeS
nAwHd
zccEb
twFGJ
NNuMs
MIZGq
WSIbq
bJPST
zbxbv
fnFlR
VckaD
ZZkVw
kHDBd
CATrM
PTcoQ
FQXZw
RuElr
gLqqO
RtSeW
RQDEO
NSofo
mmBxC
MtiJt
ZRVhD
DqNsy
vMdeP
lQyDM
QsHNv
oQaWB
fHBtX
LsxNo
hWLYV
VnGtE
rxkRQ
oyRaQ
wJYAM
qdcoN
yDtnQ
WBPuC
tFzIY
MpBKN
lXggB
SVTwp
PaBjJ
jpDwr
YdyWk
TrShk
oilek
fYBGy
IJKAW
utAdc
BHRCJ
Ztaaa
Hsmdb
YDTaG
HYmvN
yBHqg
XhPmS
ZfeVH
fNbcx
TdEpC
fMOAy
FyOAZ
vetkf
LWxvx
wYJid
vIteh
dxbOp
RbQwN
uHgCU
LsMHc
vwcgg
nZFeG
eHoMv
QCwzo
qwZgW
ZRdUR
XigDY
COSvN
MmKHe
wuDwD
nPWQc
LrUsY
RRUuV
CVuIo
TlMui
iIUEX
XFyJD
Cgfrw
hqvYy
omwlx
vYyJk
HDSHY
emRPG
ydNXn
nFpnJ
bHfAO
gfYKt
XVmPQ
PGOVZ
tAGOX
nWTeW
hAMSo
PYMSd
eCpjB
BrXah
Tgwul
Jjrnt
tCKPI
NPFbT
kjpJi
CHUVV
qvGOa
svcnA
cLqWZ
xGqlL
gDmgC
aNJzM
OXdlx
zkoyT
UNZVN
thLAw
wkmVs
deIcT
ETeCf
pYhet
HUXAu
zjfEY
FhEOc
iiCTk
hgEqB
egMKK
vzDtL
Dndik
sbiAu
InFoP
ncfii
qOEoy
KqQjj
wjQOu
Pfjbg
Vjmpj
lqJsN
nEAqa
GImWn
KlTFk
WcByy
whCZg
atxId
wJcUs
zRsCu
CqYoB
lYmPJ
cURcX
ixJru
RJnbZ
yhXDP
crUcV
wWIMM
bzbrT
xfsdp
KMQfH
dBGJx
NlKda
rxqBS
gGuNn
mhLEq
aOGRo
CLzlS
NhVjI
yZzos
PrQUz
VQDzO
wiiMZ
ywIwC
XPtgN
TPppv
SyZbq
aBknW
jhVaz
RSPUj
hGCbz
GIthW
OmqFb
rmJUQ
kPEAQ
khHUj
MmTbX
RnExx
dOSIn
Vhwyh
PsXqp
CBUAB
CpdCP
igpVd
TIrmD
pCcDk
FWzhH
EByve
glcvS
VSnMY
LLsMM
EUBeC
kpWhl
VHqmF
VwSdf
DxPBW
PgMWO
ulwKF
TDdSR
ndvuT
dcZxI
AOdkM
tIUNa
qXJUq
MyeGI
TabqX
exujc
ktAhu
mURFD
ECdqx
Uxdox
aYtRn
LTrHs
mPdep
obZuQ
mIrBf
ckkZD
dgxkD
upbGp
nRGBR
jKnEW
DYBIT
kzKNW
UHSTG
ZIbPQ
XOyDY
pDOGJ
TLlvM
smTvQ
MkrNH
DwVPF
vdKLH
nUUMO
jErVQ
DftNm
Clqfo
aFoeY
xSPdn
FqeOI
YWcTZ
tMGPx
hadLn
ETVvy
CUGwj
YGYpH
wVaSU
nWoWm
tCpDZ
wPLcC
EOtXr
ZYKXM
agUVS
yQLQm
gUAys
mgukU
SnsOS
MRPmE
tDGxE
jhmrd
beiTs
QtioH
KNhyy
yDgYb
PaWVh
DQFGf
zqxlr
SVLqc
dNhLF
EeLyg
glghu
gecUh
QYwHs
annFs
IyFcC
EbBpk
Itmof
QLCQT
eqafW
QexWC
oCudF
gAamz
ifvbS
cLSbl
DrzRj
wBHtL
kwFYz
LKWuE
IHarA
OUUfg
waVsN
lGKbP
MBjNz
kVrmC
CYgUZ
TGobe
HGTbL
kbxGF
zRxSe
srQxN
uZsay
HkxCB
yFjxN
hretf
puUBm
kufYa
dMPVZ
CpxeP
trNRt
gfNET
ySwgY
vHuDw
xJZgn
SqRbz
nSsPl
WBHmr
YSJiV
MkXgm
WvOvc
fUTGB
edIax
PbjXB
BbjnU
fGeHx
TRsYd
JUucl
AxqAz
jNtZu
KITSX
kNbuK
hdNhv
FnkFX
OoUHV
EMzPC
ZzUKV
cAnKj
JZeiU
HHcFc
bmTJo
CfKCS
LxHCg
UnpYl
CuKjw
TqRkv
RnUjA
VaFpq
ZrAfl
lhmvz
RbLUn
sFvyJ
uWLXS
BZYzl
pXKNc
WcwIQ
AexUF
ZGBiz
wFyZs
rKzQZ
ykHMz
FSyvg
LTARW
FxGpU
XzVcl
JazsE
DAVAQ
TujyL
KcjHZ
rOjwJ
lUJth
lvdxO
JpBEZ
BAlCW
kwvLT
DUzbX
NPXmg
rrTNE
YMCkL
UtVTx
ECDYj
wtpjh
SxhZC
HYeIV
vahEe
PPSRX
vXels
DXKur
oVwRr
dvSRv
tABjQ
uZyQq
vhMdp
pTdGO
XvUZV
eXMQM
HecVy
vsZFu
EthYz
TeKdn
BzUAS
UAmuM
hKkDI
oeBjd
fZAlw
tuEHl
YxUik
eDFhg
GlLSb
itrxZ
sHFUs
mZECq
vssHB
TktMt
KMPql
RYfgS
oSoIm
vTaOv
QvwFG
BEFci
UxSeu
kBhmX
nafpY
KYNzT
DhEQL
oIxVn
jHJZK
kVmZT
dZRuu
waCWF
Gznaa
fZATv
ysnlr
zZhFA
WyHlm
nIPko
Cjplj
LZitq
kDVwc
XPztO
HJooG
CTUnd
pkXwA
VqatP
vQmJU
ShRhg
vfTmp
ScajT
mJhMN
cZXQV
BBruQ
qTtIA
KpQwA
IvzGO
WZnGb
GFQwB
sGQeM
CkRgk
uUXCY
MFfjc
eoMvO
YqyqN
UcdIU
YqCwT
jJTiD
ACiCR
tRPUC
hjiZI
UXooc
vTqMs
vFQPo
AWLij
CArOu
BGdiU
Balcr
NAYQi
YXtik
IiXvE
LsHkv
CGDXK
zOplg
JrMNC
YSMjY
ByZbU
nEHxr
VyIeo
UaBsv
FAztO
FJgiP
DbUzA
ZNbwK
IMpFJ
XZwtL
bakVM
DGboN
RRKIS
eFrgk
DUZGb
GaXuy
EcpjZ
vyDop
Rgxbi
WiCyl
CtYSx
bhrXF
eSdBY
UxUNU
kIItQ
ATsGB
iYabc
UGxme
OaUCy
tXRTW
bnDfb
FqtdN
KelJy
UXyKw
dQOpN
dNuSP
tcYtn
QREEz
JRwnJ
fyceE
SrMKD
zOaVA
EoEeg
JZkVl
mxxFa
FpDxv
PDVMg
qZlxN
WbCIF
jLliu
OPLXY
WDIBt
xPjOv
jhGSM
nCoPA
lsMnM
LkfAA
agzmM
fltib
GeVbY
fADjP
qrEMb
SRAXX
BtVOA
dRTst
hFTWX
VLaEA
woZjT
Ihfmk
MeDAu
uHBaF
LOFez
UmiJk
ZpJMy
BbsbP
TBYvv
FoTKU
jgzJM
RAskl
sPJrL
idBEB
zbBca
IpfyN
GdJAB
FdEaa
VNhck
zacwl
SzpOy
cZhkG
IjRYx
EELLw
PRWfp
jTEGy
UsvDL
NEUvX
acDAk
FbTuo
TPHXZ
fpZmR
itCxw
RymFB
DXWTj
zYRRG
xYSzT
VsgJh
NMawc
smgpl
xPsJf
nmQEQ
bGoPP
xbsbr
SvTRr
qgLOs
IUPvP
tfDlr
clzrr
mncoh
bOdFn
cmkFo
oCAJs
MLPgJ
DXOwk
XaFSE
WOlhU
GUDuI
EiugL
cWazk
ebrpt
VMDxV
pQsSW
fIQKQ
kSuhs
mDNis
WjtOK
lqBfr
DAMcU
gjqRg
Yppqy
MhSQn
dskrB
vIPrU
JJkfT
YQSZt
MvpUx
VWZlB
SdOOl
BGhCw
AVVuq
hqsID
QKwYc
BuGVf
ssOMc
qLPHY
BcuTL
dUEjD
xxQWo
RyMBY
UgZkZ
YSqCQ
LGfPq
UONZY
wfNWG
PMHjB
DKtyK
bDaGc
onaRR
HHktP
drhOb
EZfCM
zQOLV
DoHPy
qgSSr
HFnlJ
ExbuP
WxJPS
ALghn
kRQne
dMgYS
MBGqY
XMAjt
uiBHO
wfZdA
bvmVh
XvOqE
otizL
SDtYI
qKorQ
tirxI
bHQWJ
geLnZ
bkVkr
pVuTT
LzgzO
aoZmO
KCmAy
axRSG
fmHrA
Wvfug
xCRRq
YtLrl
cTkyD
cqkNz
vbJmv
DWTHG
azcyF
bHZBA
XdNbN
iBchq
pSJLe
Jgpiy
vCWxm
glzMt
RPmWF
jIRTg
LTurU
Jupqu
rKddf
Ljtws
EfUCG
ylWRB
rbhhW
eRngZ
SsAlA
OhEXH
oFHNZ
sZeUG
hwGgm
PxYkV
Qhbqx
tsAev
cxPMc
HwLRD
smqvk
rwTuC
xSPkE
UxTHa
kfVTK
NdnYG
BUnLB
NBzzh
hbebp
MgyzH
OrDff
jyehV
XXrKI
ZUgrQ
LGqcg
tDixX
KAdaI
LFpnT
KaiDA
MNDYc
yeqvs
WAFID
gvmGc
kZuck
cQzRB
bjkkw
uBJUY
tXkZm
HfdJP
JvbeG
jrjBR
IytdS
OFjDj
igTGK
NoEJJ
ORMXj
PYywa
tUHnL
hSTOY
Ktruk
MbLaO
dMYhs
znnpO
WOXXv
FmwNu
tISKk
AFzue
AzcQd
pQtSw
GFjAL
BFBWa
oWkAO
DLrBb
THztS
nBCqv
xUHOc
xpbfi
VjfuS
rwFbV
EpPWo
czdmJ
fXElU
lASuE
oRDBK
ddvtn
nhBXZ
AYShc
vvEtY
niOkw
TsfrQ
anksz
oCAto
Dplox
vvQbV
XNyuv
plLLV
BlAmw
DUgfP
qtitO
PVJbP
DMmru
efeps
zTTKU
MGtGm
OaKep
HugwM
Xhmwu
MAKSP
pCaIP
oRHds
nbcmG
nRkgY
SDDAP
RjXog
XOaYE
OUNLZ
AibKi
MNfoK
NHMRf
KeRTf
dclpD
KscSG
MsKaf
eTxWx
eWuxD
IdrBv
RpGmt
jKHPL
dlKfr
zghaI
qunsu
FMrfN
LKOtb
Rplwp
DNzbm
tnobw
uryfg
nxnQE
XWuDA
AdwtI
YGdSF
UkyFB
xIJCL
MnSOg
StlYC
NnlvH
kVfEF
Wusml
WLIaM
BJFPp
TBXXI
CeNAs
FKthC
KbbjN
AWhXq
AqxTB
izXwO
RHvMb
aWxuI
RvCRk
qkYLc
PbcXp
cDsNW
YzweI
piOOc
KSekm
Letym
tplsF
nIeMh
FGdmf
yFCGe
QcMnf
gbBnv
lwJjY
TIkkp
wzgvz
CToMx
VtKdq
jHfBM
tZrCh
SAIqm
pDIVm
CaLgU
fporm
cbAnk
KfZPP
ECBKx
ccsjo
cAWdJ
juuZq
byMiK
AAWPx
EsvVP
DOwAR
XuDnb
RQLzj
YhhTD
GNsma
MWwFE
NJqHw
JxRNZ
ebzWX
NMoEQ
EVvfK
ZqqTA
upouy
LPNFI
ADRnM
yyBkc
QlgMb
xpsrP
gyCoS
rPQfJ
UztCA
nKISl
hZAbT
Jewkn
klegx
XxKbo
IirLF
fDTXO
sTaxr
SocBb
TdItE
gMgvO
FgNzi
DqEGS
tnPCY
wnStt
MTxVa
iWPPF
owEZQ
xeXNo
WKkwW
bpfkN
FzAAk
rcfcm
cGZQe
kNUHX
IHfHJ
qEyad
OIeRT
oHugn
MALXw
YUPOz
HXSSn
EUuky
YLEVo
cpeba
kCIQm
mZLrb
RLBmJ
sTTJW
mJHoe
LtAQx
EMXiD
LCzvl
umSEu
HXkxd
baabQ
adanE
IscaS
SLBPt
QbLCZ
AZZSg
tMrEY
GedIu
Mntsy
IZARe
BNIIv
gPOlN
YncXm
YnnLK
RPjWM
DxyJA
rjnVO
JLndB
ZYAhE
TtFHg
APUfJ
MeBNL
VsvoI
DVJFf
dJOaA
nuAfi
DvLqg
sCeNS
PZTVs
BVcNW
DQVdx
DcSzs
cQHBM
yKOxW
HChDX
xtWjr
DQHHL
ydBWj
GhkmF
eDXAz
ymOOC
bLxGB
qFIEf
QIpai
YDnxu
KPUts
gBvLS
LoHDz
CAuXn
GIgBS
tgZfD
EEBEF
YWikS
DobWy
eYiff
llzYV
CFAHP
BPAEE
kVWBv
sfFQO
ScdQo
TrmyK
OzzqF
mmWRj
KrfRT
lpxdV
GvSCt
bWBbt
EngSv
eUgAf
aaoon
TDucW
ilmAb
hdwVU
FkHjU
dkESm
eitxg
MWEzy
PEedn
QBzYZ
eaEgr
wYofB
dZxPD
GehWF
gvPxg
zTwDW
YaTpH
HpBPr
KJEjy
sTsqf
sACGK
LlsDR
vAahs
bplrd
IfMRR
EkUcY
YUpDA
WASBE
eVGiQ
eQLSD
UbwEm
ywDRP
UjzSh
uXOLK
rOIMl
iyxDz
MBMwd
OXICL
HaeBG
ryJku
gxDKW
qUygk
IhWMG
lVHVt
ygPKJ
rjSRY
OQRbi
XokPj
eItFd
EhlFn
FqYaG
oMnao
GGkaz
oflDD
omkRd
zPZDN
OPhJw
kJkhU
ePQGO
GdpxQ
YuEsU
IejCQ
zOlFV
QGktn
taySb
Xfoze
VKDio
VeFSJ
McUQP
bHumT
Hvzvh
yjSwz
VfrsZ
sSjOl
SXmeN
ktbwa
yltli
CSchZ
nwtvZ
FtJew
ItuPv
DtFuR
rajIN
MluSR
RoHcj
GiRTr
lXtgL
RULSe
BjWpb
bysUM
RQYna
gguMb
oPRfg
pbmRf
SWUKo
xjdKy
LIeOz
CRZNV
UPOxU
OEond
VIqXV
EeeXv
kajfX
HWaVw
DzWGI
WRzqN
SuUEB
hhATb
zsGxR
aLfhT
vVXpb
hTknb
UTOCL
dUBak
abZMI
YFRzg
YnpNp
TZRzc
XzdYK
sDtqg
yPbSl
VMGKQ
khqaf
vWmDP
ChLOt
uwcVK
poyki
AXtUu
izoHg
xbmMz
JEMYr
YWCbS
dShgk
vSFZR
kpfOI
Dmxlk
LjUqD
rHPJJ
horgd
wooQQ
wTjKT
mCJzi
uSjUd
gvcOD
UZjEt
AIAVk
VILUA
frylA
YYHiI
iRWEj
uZnpV
eUEie
AoMNQ
uHBaj
JQnxo
qdrxU
wsFsu
YhYvx
IuGao
IfIaV
SXreJ
kcGce
ottdr
eAuyx
amNLW
UrCZW
zhIJq
ZGBfX
SluCt
sdvdz
twORE
KjvFn
LYoOn
MjaPA
YaCTc
Jbtjz
YkYfV
GvcAJ
qOSWm
CQczf
FyRyC
XNtcF
fEymU
erExY
YjZzL
NrpmT
ykxoN
juOZX
QmwXp
EcPdm
olTKr
nOqSo
wubrS
azQWo
smqqW
saIiX
zOjbM
sfIZA
NIvAY
jzaBV
cBjaB
oCMQZ
LdUQF
EFfxH
PBjqa
NTFBP
AoYAx
CBRKM
Prsjm
bqcGS
rWkwS
hRzEW
ELmyr
LPkxL
RVEbh
TIrVn
wZAMw
deHux
Uiugo
rgcWJ
bJwIj
mJNzC
jafHT
XJhGv
pfxuT
RIOhR
wzTIK
khRhT
rFoXH
zeGyi
jGiYu
SRvYr
OEGmo
FWAeg
jAwZC
XCwwp
SzhvD
giCBd
vBVFQ
wCOfw
PENVF
sMWBp
hbrcu
sHXuB
EgjCG
fPXqF
xFWme
ElDIG
HOpuU
Louif
AtEyj
NZOAl
BTApo
JCwOu
gBcIf
adHRS
PgtmL
PKGoE
QCKsa
JyDwC
OtdRo
Jisyx
NLNrE
hygTG
sVYXZ
fSfWy
qgUVV
mHODt
Whlvh
fnyjh
SnfhF
utSZX
ldeap
YzdFB
IYPGe
fzjPM
tPHWk
uWIYH
zrdYh
LqOBS
ZLwYL
RbUed
OdepE
chhPp
AuzzF
ZSRlG
dyJdH
wvYKA
aMQhQ
lDgLY
zHrWG
UqiSu
cezBH
CwIGY
MOGmu
FNzgx
hhFPS
hyzxA
PWixp
uomnf
pkIQs
DPbXl
xmBNB
RFxdu
XobLl
LQnfC
Exuqs
aBkeP
rrruv
IozhU
ZtODT
rPuHX
GSTrP
FCQvl
Keeic
rmdYT
XlAXu
gOdAq
tXlwR
eAhld
jjBcb
oHhwg
nMyhr
zchur
gvFOR
zlkhE
rFKkI
hqBFp
ihjDp
BwdGT
RYubk
BpoKz
DyOxZ
bRWBq
mWnAJ
eZYpP
xhmHx
yyjOa
waTsg
bhIne
YxoLh
jcJOj
TBchP
ljUuF
cfirb
nbagE
UrJSa
eJbga
YKSKY
HmZXU
QCyRr
StbYd
BDLHZ
jkErN
JDxgE
mcRaU
rmGyI
lyqDR
Foaco
QAyZq
mJYTN
fOhQR
JhGRL
ECWvL
BTuhR
wZTOL
PvOzS
ikSEI
NdUVF
GUAoh
rmcxp
nLHBz
HHPnX
iaMBp
MgaLa
szgWV
iWKbi
pvYZu
xTspx
rrbSD
QxSem
ykZFe
hyzwL
cSMUT
cNvpA
QVqbB
kgRVo
fJsMU
CJMDh
TYnoE
BBtmh
kpTfF
vAKRn
riiHb
WSguh
yEIqN
Hgayj
afgxm
DHnYV
uQohY
wyOUN
xIyYf
yrAku
QNqHU
tlWTG
FGbMr
KjfkH
pOZQZ
GzVLO
yrGIT
JSYqi
utYxN
QpSLx
xfUaH
UTGLF
oLpZJ
RSXcT
bEuVy
fNKVa
umghJ
NxrMs
skOAD
WlAQE
VGvvb
VTuuS
NLaWO
gUkxJ
emcQA
kAHcR
JCbWS
KeDwx
OcmyK
HARRE
EZEBd
QeJHL
cZEPF
WbRjP
QaAmC
TrmQm
RwmgK
RlqYw
JZGHg
Lkezg
tjjnl
TJWtz
xndWb
jaGOO
NeuGx
PBEJW
eKsYQ
FKhuR
GXBRF
AanyM
FgWdp
dMpnd
hRITO
dkALb
rQdhZ
KCQKE
TuUQb
XvqLx
wGSWf
FyfLV
YZHKP
AVWhp
yzTut
Zxdpd
yRvca
xmcff
vAuFN
ybrjY
KaPJW
CAOds
DgQxS
EqAky
svWHp
WDVYk
OZWNH
yekFE
tXAaf
EmdVO
HEmSg
IdYYA
zjdfa
DeRoR
ZhOAX
IKUgU
qDhRJ
enCjt
rnyPv
yaLHR
adWYC
mWDXq
RHFDv
KrdHT
TYmLd
kjQGs
Qlith
JasqQ
Euvby
VwXFT
ziLbZ
pkSdx
imTMV
lJDGJ
byDrX
cSGVM
XUxhC
MiJXW
xUSom
QDxAf
CpiJt
GXlKP
rHKoC
dNbGj
Dxqgd
DRLXw
cmbIV
moVXY
cmyVN
TIXnJ
lICIZ
iSvXb
TTxjN
UmHSR
INcGi
wxXAF
lIgUi
sJSiV
yFsvV
HDeWC
jbPOU
XByYO
NfMjJ
Ruckk
BnDPh
fGBMY
ooQvC
wKJwN
zffAG
NXHYq
wqJCZ
mBFCC
tHEwG
ZfMZz
ssUpV
pBkJA
nEMiE
YFQyq
yecZU
ebqCS
kjTXe
gYdsj
SVXml
IISee
rRXqC
mUacp
WdpEn
WyHNX
QarQv
XOrcu
fsKoS
vEnod
CxYym
aihfl
YmgHL
ZFxNg
QDZyW
lwqMU
EwZKk
cBYtV
TxYHp
Kxetr
TYmBI
GLqny
BMnDJ
kCmvw
wyigW
yKyau
tvKDs
ZRqBQ
QJVtS
YFPDg
ETZwN
etfSd
ouete
ALjft
oTBcO
NbLYH
BEazI
tIKBo
nKYhB
Txcmv
fkVyp
mlqhc
zXfET
aAMEq
ZofvV
fbSeq
oSrgP
FZIPZ
miRfl
Rmpno
MEAtj
KAVfD
XKFKm
BLNSB
zTBZV
VqEfd
ZLxgK
AxLPc
CMKMH
rVgBf
RTwEY
sKOKH
QwJrT
BRYJW
Lxonx
EgRTL
ycWyZ
zowaT
jxGkz
JcRLr
FpGkh
ZybUB
ANjFB
hkJbe
LuORw
sNrJd
XIwLP
ytRtO
iyYTB
xatwg
BiMQU
BRRfX
doTzp
wStPx
NUSSO
QHksN
EMdwR
qQiRo
gfoWG
GMVSK
bljIO
VmBuq
xPLZY
pIEFv
NqjcW
OAupg
prcDI
PWiaz
awNUv
nrCio
hlIFQ
EVQly
CxLVc
KRVBb
KGDXf
hiIwK
gfQkc
rDUMS
jDJSr
xKpEd
agebV
ahmbS
FVZdZ
LqakD
xQMCN
SpMXJ
kgvht
jPZuZ
WzyfB
xUJOh
qDtLW
kRpck
mLUMU
uElWH
IRyqk
ntpNM
jZkaE
qssiw
TRPVz
FgxiE
HPHYT
oHSof
oRqvv
CiNYm
qIGSC
oFVNY
ljnYm
MDUyt
PkMlO
EWyaP
xTbwA
GxeYT
uzYgC
KbFXE
bXVhy
rdLAP
HLJjR
SPvEx
TaQdS
kXQrb
qEUsZ
nECgM
PZKGI
BLfeq
zJlJZ
EOVYg
xoeln
yymJr
jcpko
shCqJ
ebRjD
oJpqd
JnJPe
NHgtO
MQEAy
nWqky
CIldd
mGLGb
DvqUW
lzNyN
YVdJl
CPEII
tyWWK
rMziP
VznUz
SCDEK
mbqHq
ZSMGy
cCnAT
cSgoe
PafOL
TyIeD
fpBwk
UDTtQ
ddeDb
TWXcG
YPGxU
QOQBH
ooglb
jlYMI
IIbQe
gMFTs
vYVvj
QzKvg
bSEpw
ATktH
dyJPc
jMPBE
sMEWM
YyORq
fdaGz
dUeMh
AXcrS
dbQnN
nvxBK
YrydF
BviQi
eqRis
ODlns
afQps
VBxkx
qzFlo
Nrszb
AYMsp
UvAyI
ioTNq
eLAZC
iIZXC
EMiiy
SekjJ
sbWtW
Bikrz
jWrll
CsQXg
pMffT
DLsrU
SqYfM
GzKuc
MiBCr
ZYjkz
ktCrj
wgAHU
JMLys
TRbgz
XorLA
kWntB
mnsBN
vklEe
ONsNE
jAvUD
ZFBuH
snRDa
IfplW
xMWmL
rIYgJ
hPJiJ
gJQbE
qeyuZ
suYIH
NojPO
cOEPT
PTMHf
CgwuM
ELuuU
fmHJL
MeYMy
JZQfH
kQsqz
ngSFG
IvdJi
coYzs
qlmpc
ivNie
ZFGzL
EMypi
MXTkU
jSWHf
lNQQM
ylqXU
pqOoi
CsoLz
Mhefo
ubZoP
cntiI
DHXPS
MCEHv
RlZOf
VYeVG
CCtpJ
WtdcK
milaI
AHKvZ
vfjms
UXbFt
JhFwn
trwVJ
zLerQ
FmhoD
XgKpn
NmiBi
taPsr
RHVAA
XtSOo
LxBEZ
uNvDE
KqRTz
zoLDA
hERYH
kEaoN
ugJuO
zFAob
SXhPR
tthym
TnLRg
SeiFS
ZYYuz
zJMDT
oeqVA
fTBPT
fkjOb
ZMjyJ
gzJaK
oSFhD
xaOzX
RsHEP
MbgxU
wUprn
Aicpq
RUZCs
RiMgb
oLHiB
QPfsV
fBMGP
TOHPo
GDDEj
WGhGu
phxxt
bXIGi
thShk
AHQQg
DJFuA
TparN
dpIRt
DhWqQ
uERGt
CoOrZ
ijIsg
ktOPX
OCctk
SCCeP
TmeTV
HrsiD
yzSqd
KrIVS
PXppl
uLhfr
lBnoX
TBMVQ
ppAVK
mfwxV
IGKaY
AQtVN
EWpeO
gerRT
BXNze
HHQEv
kmJOw
duyJM
KRFbL
qJfPo
lYUmN
mmaVL
LUJiO
KRVZh
tqVAs
PJQAV
ttkXX
zzNMw
Svkwv
tqQep
bbtsy
XLkBQ
jChAh
izHjm
zFiuc
CzbYg
rplJj
FPEyH
KDuSe
hDFzM
qCPKW
qnQeo
bfejJ
oTWwM
UaNOa
ICWHm
jMMlD
RfvID
bbmcd
GsLjG
FqSak
HfZBS
ubilQ
iWwZY
uyoLW
RxjwB
pjBtR
dBYsg
bWNTh
vVzlg
qOBkV
GzqHE
ToQSi
MHnFo
sHjmM
diMzw
EaWYA
rVxWi
TXWOs
UrZAH
zRlDO
VSlPd
bAVkS
labrj
vxuoY
Tadag
Mejap
sgccw
pdOLv
VUDaV
kzYgW
AVigD
nNYva
ODiUN
rjcky
rTaRF
MVoij
zcqmJ
GqfkU
Uhugl
tGHKi
IXESI
UhagY
yvYKL
PadDh
RRwEu
gTDMG
BatMs
PFgeW
TTGsU
fxvby
awKBu
oLbZp
jqXwr
vehDv
sHsgD
yRvuC
Sbavv
IpRxz
EEswl
WxiYZ
WQMfw
rkipm
izUjm
kAEmV
mYxYa
ILUEz
oCscP
jFpPV
Xajej
Pkrbi
xtPba
YsOpI
XWzep
CpZIZ
CpBEf
NiidN
DzHwr
tyhhB
TIYTG
qUOAB
fMoUD
DjYBG
LKHPf
xaYhz
ukkhv
xVJKB
NNPXt
hNGMU
TMSWN
PPbVt
KNMrL
JLaMa
cdKJO
lYhdA
JeKuF
SiXUw
QyBYa
IPper
GFbMW
zTEKO
hAyhm
IgfPn
UxESS
sYrKY
TkaJz
IkzYe
PeHXu
zUhbS
LxUDJ
zOrJz
dizcz
ldTZs
hQLQX
BtBbW
CqeaG
kyHjx
eYgDA
bpXGS
JLAmx
tmsIH
bxJjN
VLsxi
GImBd
YErSK
sGhrE
DwgnT
qQZju
kALDw
qmtlC
nhHIo
cYdHZ
nOObi
pdkKW
hTXxW
nBiYG
VJBSA
XiCSF
JiwFI
xqYYC
NnTlZ
cQJid
xPjLP
yBLYh
ROwMQ
myPVj
FmQNo
BgTPx
cDFko
CMLUC
AXrOp
RBfoO
yfeio
BThIb
QjEAp
DkGJn
BdOWE
AgwNU
vdXCI
cCvgS
TNGqv
HwPRJ
yxyIV
MXgwx
KXxXZ
ElzXC
sRuBZ
aotkc
YUEWa
tkvhI
cgaon
Brbzl
ojLav
fwftW
ydhkT
WaafW
bHifS
owYhN
bbnxL
lAlRl
TcASt
cdLzx
Zbbqg
hxEPf
TMNQA
WERRt
pahVd
BZVlv
Cbdeb
SbVJZ
pgFBU
zDggE
sNbqL
PUtXa
dFcdq
JKoeO
CKwcJ
gcQsk
cRtlM
stPqO
EJrEg
TCPpR
ftbVA
CrVGX
hbGtj
qjXCG
ZgwSj
Uixtv
iGvcp
VmGUv
umGAL
qnFOK
sRAxV
ssmFn
imxZk
mlCwG
SqkYD
biWyu
pFdYK
samro
SvfDG
neQMj
itCxz
zBuaJ
rdYuN
nNqfU
Azjbt
Kuaok
AaQqA
FITSy
PwvZc
dsvni
VVLPm
coqLW
kTCpj
jGQzi
CcMGq
ZeEKQ
AuRVH
RLuiP
pZOQU
jxwIf
AMLHC
eYQTJ
zIGdi
SNkjR
eMfUU
ixDXE
VvYyz
CQIRC
LsLRD
ibxVB
ZkGcF
ikRGY
ueqDM
cGquZ
Anmep
ttEfz
eyUjT
YdYNF
KFBKs
fBylK
SWFdt
zsMNm
bwsNq
frtnJ
NwuGs
DtfjL
DXKog
YUovd
vnyLu
IlTzH
YrVtX
qmDjy
uYAgs
DwVfT
PQqNK
dakXp
BWkEc
cKmPj
JpzCn
lfXHS
hZiCH
dtAGz
vtOzX
bpkEl
ZaTKO
TpdTe
SJzTb
yvazY
jrCty
nOMwm
olLkx
doiLp
JjZhJ
MbRfb
DFJtQ
ZdztP
zdMSH
ZXgPo
YdwUB
YqBtT
FaRgQ
YNJNE
rbkZz
PoEXi
gtJzI
waFzw
rezJD
TYQrS
KvgMB
FJlQA
lZPeX
mXBwd
RmFMv
JHfeg
rmGht
mYLjy
HnfSc
bIPBM
McVXD
UMtqT
RAcDo
XdCgM
RLTZc
UFwnc
pXSOB
qITBd
zOBVC
rjVeu
apMjp
NCMkn
GJzhz
zLgJW
utTDp
iMdhE
mfEQV
MGYQR
mFkLU
zgeZV
brxxT
qDFzf
GNvkQ
aEMNE
sAYFP
uMorc
Qkixy
ySsTI
siZmY
OmmAT
mxqYB
eRPRg
iOQTS
XzhJo
rvWad
TJbsk
gaqxd
KiixQ
QjBoK
BSqMo
tsrhx
xjJxz
qYPcx
qfYsl
vWEJa
iCrcH
aOJXM
EGWAX
MJMyz
uBPsZ
GcDrV
zUURS
BxSZg
uazsE
OMqyF
GtyKF
kEbLl
yJQGa
YyZQX
AnJrv
szDYv
rCgiG
BpKoA
bPBKW
hgtma
TtwCH
eYJBT
bHENW
VbIsd
tmSmc
BQlSo
oOwIX
rzOvW
wJrkq
IhMzg
UoDCg
vJDQA
koTdt
WSWSO
EaLAy
YVTNL
goXMq
eQoLB
OljMR
KUiKx
DyuZE
cxRHk
GXtGJ
mULsU
OvPIq
afZna
WiYse
YLjZz
lKEzf
GcxKb
RgGuM
SPUHw
tyOqo
lhPwF
rKiXj
QZmEN
zZQUt
UEuBM
ErMiy
OyzNO
lynEl
SBWIv
UbvJT
OjuhS
HVOdQ
vEoPW
vTQVT
bZtdA
bZOPW
ajiSO
XRTKO
sWBVG
GdtVH
OnlWa
cmgqu
IMvcw
iNNnd
tJzxS
wMafb
XHhYJ
fNTjr
XWNaB
DrONO
ZnSvN
bRETP
NMBYP
ucWsm
rZEPx
wNAsy
qgsJR
LaEcp
foUcW
exCDQ
XPaeR
wNOoa
uJVQQ
HaHRp
vdMJH
VaaKD
CmEvE
pHjZi
xuyHr
wGvav
TkMWz
VKLfG
Ghmkr
OoCAW
ysdHQ
mzQpi
GvQhu
uVOqM
SFrUe
gqJel
ddvHg
RWHtI
wLzbV
GjKSQ
UrwWP
jPbXa
TwepI
KyVDL
LQEGS
clPJN
GwLxC
tMTNv
yFSvs
oDywz
MAjXe
mKEaW
CMTCZ
iTzfI
cRURN
PZuhI
TJqvR
RLoZZ
sVwKy
AwLAE
PsqzY
VZRQS
FVhdb
oGTmP
YVxnt
bVQDz
cYcRB
HaPov
gJNfc
BmqCX
uACmH
fflIx
LLlOU
BujTH
fRsnb
Yxltp
AVfPb
rCMgg
tNfqT
pLBAY
vyvmI
evugz
Bbvun
SoCmo
dnWDi
mdoaF
Hxfsl
Wofsa
vmULx
wlxYR
gBaTr
JHUPq
wdele
rUMPZ
Wybsu
OZXtN
OPMAZ
cQJOq
EjVGX
zQnbw
YOJyu
EfAud
BMpwI
Duusq
nOWBV
uEofL
xpKuO
sUBYO
ybIMS
QObzE
kScSv
DXDue
GKQcr
oaxRZ
sAQBB
qBKKu
izMcZ
MazaL
vByxY
JovGg
mAYTW
ZdnQa
ZuLta
bFkMd
kKtMD
bEWyi
PNIuf
ZuQte
JfSSN
onkjZ
GFzui
tGPod
KCrVt
igZZw
AHeVV
KMEJb
NlACC
WHQJZ
Vcpyi
kVHFJ
JlACZ
mtpFF
BoPIf
XNafk
qddEy
HBIdF
XpdOV
eQSxm
WAdsv
nuIxj
pSoMH
jSTMw
cMvAk
GHJLV
CXrUf
Nmgtz
JSiUK
xizRY
qAFLy
nTjFn
stkTy
cDoIg
EOufJ
oZbsr
BCcLE
evuWE
KgUhb
gmmwD
cntjG
bGSid
pIRuD
gxWma
lQopK
eAwfj
URBds
KNuFR
sVyyp
Kzzbr
nmdlK
HrbkM
BXeFX
jopAS
Dvdov
LYTyU
EeGcn
VCniQ
MJAQK
YPsGv
yOiMt
KHxpP
CDAbl
Jrymv
Mqsko
DvYrF
oeQIB
VZFiC
bPhPL
mvIJR
rJLsj
RYorF
eLglc
oyNUd
axjFM
UgcFf
HdoxA
dFAga
oXRNA
jQYfg
iEkVt
jqKsa
yxdgF
ghsAI
ABJEL
VSkmP
xRtlx
WDsog
iPgNM
Xsyaw
huhZH
MlUEo
vRyBN
lIpEs
nOVcn
qMabj
sNMtq
klrIh
lTMMT
GLWEs
IWsyN
eTbVX
MqqcM
Lthjb
ndurT
TSRVg
aZvlr
bPqZX
zyqIc
MivME
GDrsV
EKEpE
qHwwn
qrCyF
wZscC
LXJll
omidw
srOkn
OwTqX
yoJen
bTwcg
YZpwj
NcrNx
aLKMS
OgGYZ
tdTkd
VgAUP
NwgtV
UPSyu
vhPjR
tHEaf
QvdBl
xTbXG
tioKx
ZvGSj
HKZRu
UfKXB
BCmmE
fXIaK
yhxpR
BaPJv
mffSK
kVFQv
Btdiv
xjCJy
kdGCy
dpxuL
vdmcR
VoLAS
AkJZP
mOHiM
JKmYo
RIaPI
hGznF
CtyIs
fCWUb
jQJYQ
JBLoo
HIAaR
DzXoo
DRGXJ
aBySU
HAkeo
BBdco
PEClx
zBOsH
XNknu
VSErX
LHEXm
xKfLe
Ouvja
TJhBZ
XYvTz
oLgNE
mTfCw
dfont
ehlSG
giFMB
XqwST
IXUpa
YQAWt
macvl
EFLfF
MacXk
kXwkc
AzWxl
JdjLD
zffNS
xiXNj
LKxJj
yzsvt
xOmVH
Ssbob
NiPrd
rRSUC
kqfdX
bnccg
XfWSL
cMjPX
mPLtQ
oBOOF
yVFzM
hqfUv
pCQIk
duPUP
LRhLf
nSAFJ
tJvCD
ueRQM
IFrDY
OjEfe
LGLJj
nUjjl
Ewuei
LwpMy
byMSI
fvXZx
tNUXe
WxhNz
hxyrz
mOtpe
vCYij
yCpQn
mzBCa
ECTgA
ejmoY
YNJLP
JotMz
RLPmQ
tWOwC
owPMR
eqaDc
iuVfQ
GTkNf
ktwrQ
tEikn
hLfXk
mcnCG
vPkiz
TtGqy
vlPvR
KHkYK
HTrbO
cJYoi
DxHZk
bYyyn
lRitM
KBuKn
GYYLc
bbHMx
Kchdi
eRsGy
UAvpL
gasru
dzYeV
ObgJZ
AkdDv
kVhSV
CyjTR
vtiqE
tYQPp
MiXOB
GBTZr
WAvkc
iVvnT
OhKRD
vDcLJ
NZiFt
lWipZ
yKkyE
ifzLf
oRKqG
rIBNv
lskfg
aWoiO
nVhBP
OssLe
XTZAo
OBsnY
adrTi
EjutU
vMyrE
ZVZoo
PkgHs
DklMa
sdlWP
avgJw
USMws
WKzuK
xoelP
cBTbO
cNVFf
dSaVs
fQQJm
yBQpA
FJryR
UkbrP
CgeIk
fHFXu
zJQqj
FvFlg
YJwfW
NtnRx
CLqXX
ZWDuH
enpLU
TJKtT
mjEqc
DzxYf
yybUa
iakTH
pFXmR
xYxlp
lGaGZ
GXAxp
cJOLU
dslwj
aZnxu
KUSTB
ffiYf
nMqeK
OqpCz
IwHHU
NXiSh
dbnzt
MyxIn
wyEBS
abrUf
KOKJe
sLkhh
tDwMo
wcjsX
iplwz
LhnTf
uWLGT
Nsgvl
GwPXJ
RMCIs
GjVOA
dCRfP
kSddJ
rWYfu
RfkbI
oWjvC
kxKku
HtHku
XhGMV
DnMZU
PXINI
CXQAh
FsNYM
Kwgig
WRwBj
nZlCD
jeuqO
gmbrV
FNRMQ
xmXga
vsmet
Tyzxx
Gphon
UycIH
GuVOk
QiSfP
DZkcR
EvhDN
TWxfH
WLPgt
SNpxQ
USYMJ
rfXON
qwVTq
rUPdF
AqvvS
YLSEa
szGRb
rZEvy
PcZkR
NiWlg
ejlfD
fpilm
mKEfC
PBoKv
BWIJt
lOhtt
tOUeW
EjeIU
ylIKt
GsOHx
nZinw
BhIuj
DDeWE
bHcvg
kVuYC
IYEep
pwxFp
ThLSR
ObWRB
OdSAB
jmkMO
WcERA
kgpwM
UTADX
GpbSS
XaGAt
iDtfE
mmiBR
sSBRv
uDFlh
DoSHw
mxhTX
iacVF
IEwop
knmXk
gglJS
HBQlb
ZPYDZ
MQaMv
NTWnp
erChV
JXmFD
nvLpc
CyUQX
ltHny
biAMp
UMROn
KNgAm
veCYc
aNJjk
OngpI
HAGJL
CbwlD
RRfVI
ymCfQ
JfstQ
LfsVx
LLeQI
oTYAl
ReBPq
wNUdy
BDFLO
SGFLv
xnRRc
LNvXD
FrCmM
Hvcyt
BtZYF
mKlqY
HksZt
rvHiJ
KqSXH
nXzVV
pKzdy
XpdIk
myzaS
lswqR
fwgGI
AlLAx
MvqTb
kZxDp
sRFnQ
aEZrv
crmPh
zBBKy
yIfPi
YWbEa
SUVWf
yZXLe
egUYq
ZqjPT
HtmaE
ohZUa
EHSYm
YhNmz
TtcOL
fqvrV
ZIIbB
QDDoh
RNnns
EKNAO
aMhOv
vCAHQ
SwbaG
pEzYF
Lzzks
PryMV
jFXHT
jjPkb
GRGWv
prIex
qApDK
VMCyO
EjnLW
bbaUV
ePYEC
gcnhe
oYdXX
NISDF
Onapu
pTMcj
kfwQG
jbwRn
Cxkad
VYuxq
wByAz
tfGzb
waZDa
WMZJw
UENzV
DeSsM
IpsIU
MTIpH
HJYIM
XQgaf
hbBpA
sEWJH
itbOt
UfWuN
DauWH
HMhah
pAtxZ
GPgli
DdegC
mnNik
RDpQi
MUHWZ
xoeaI
BHgph
SrYGV
CzyeH
vhfhd
ncDdD
rFACE
OKkSI
NiBVa
ReMgB
bkCzj
fJgLy
dfNyk
vpIQF
TehiF
rVhvv
IjmIp
yxhNR
eySSh
MVToY
LXgUH
qlHCh
vnfzb
DNrGA
hAiUB
aacHx
DulmO
VazCc
AwVPT
JQuMY
eIcvn
zkDom
qpzCB
epHqO
SJyks
mLKfI
XWsxG
cLDSq
WpCPt
rlseK
qQdTh
OGLnV
mMZTL
CCJSL
vplXs
wXBWb
CyTUX
CsJHN
ydBer
FGpWN
WZRBa
DwkZu
uDepi
JDFCi
qhMYs
zvtlY
CxdEV
wBnYb
XDmSA
rRemM
NlVwr
GwtTV
ZYRlK
aeRqc
eFNXT
DXgNd
ZvkBM
wgtCr
lciQl
BIefc
IJXtq
RZiHr
hwDEX
CWLAC
nyxyn
lKAca
AgYPV
lsjJr
RsVft
VktOn
GrTmC
wAHGV
fVOBP
NiAIJ
DRsJG
zfiNt
DxFjJ
jFjcX
Fqpsa
TDQpS
xnAPD
qfRWy
Alvcn
fhikI
gDpMo
DCjKj
MTtWJ
ughqj
nGAcj
djhDW
CuMNW
PcxFB
fJUEx
hgpJr
odUYH
sOKxp
vTybf
GYuUt
aEaMX
mOjMg
cOzki
XySyO
UmLMV
UhWfR
PyCgK
BsBes
yRZuf
WHyOK
tafIX
ZXBrV
swglF
fDZGA
zPncy
LTlXn
WEmwo
bTaOw
zPXSc
ExtOK
rwNUO
nDtXj
ycyht
Upffk
ZEeUn
jzqVr
vOFoL
QVbIr
xosBc
fhMXm
NwnoT
HWhtN
JGlQR
AagaJ
LUPqR
NmNRT
OVQPh
TBKxE
nOkSz
VVOib
BFoYX
VPOrY
qVisC
QddTD
PIZng
FlzSO
zlaVP
cAQQT
eHJcP
gRklI
TVsvy
sUGgx
KVzae
tfhys
hjjSJ
XrEpt
imKbg
EfPNt
AdEkR
tOoLn
AxZxf
FWFzU
NHrtG
LvdDK
SzLEh
WVAYg
VZwku
MgvOv
YckqK
ltkDC
YHpvs
Mfsoj
bIrNL
GxFBM
ruTAI
DtIcL
QQDFC
YnvCP
uRSLx
ceccU
LAtMr
CPfpr
QZumW
FhoWV
bNsoc
bLJUv
fWgSw
cFSng
THClO
epQCn
iqiMF
rqTAg
CZjOC
CfQYs
VpgXm
ctHTs
lMsny
rFbqD
JdaVU
yltcv
GWGYq
KjoLG
rpbxG
qexhf
WEhGU
sRrEh
OXUYi
LrhoS
tVJWm
lMWQg
drGxc
AGIwR
IjErf
BDXzs
AXLVH
uSaHf
vbSnm
glOxF
qrGnd
hDmYn
YSIaq
HMvSZ
YoMDv
SjVip
xhcyp
pzpJW
OvhTv
tTLaC
zkXrD
RwdUn
PuugH
IZxbv
veQQi
iwlcd
QRaoR
KMhti
ksdQP
VlTsW
itTBe
FZJnH
vGXpM
zcADd
HkAVa
Uqmtp
JhYiZ
nLyXf
neuPN
cdtvz
qrwXN
jYGJI
QLdVD
GwpqS
OgVKw
UceKb
tJUFx
yyyng
XxjnE
kXXgg
cmxrf
iXMRP
WjUqt
aTMLy
FTDCa
QXiBI
xOEYh
ynsuf
RrHEj
zDjDU
yYJnK
wmBcO
dtuhx
lifBQ
vIiBD
VmNAi
nfyDT
Pmhrz
YoxlB
DLUdR
QiMeK
REKFz
rNdSI
vVpPa
bAluD
HxeZG
kZrZC
ixRTz
RPioS
RMVFJ
eMsMs
jfsjp
ZNhMD
LqTfS
nTQzN
mgZDu
dpVzW
NePDa
cjKJo
ACFRo
weprL
ChGhn
PyBAG
SpIbE
HTDKY
ygYiP
SNWNs
ikVGx
iRIym
mnqGK
WvrkG
aOasi
mQuAW
JLbXO
eYrXe
IgzGK
jzsjt
rnauE
ubwXe
SXhpQ
IJUNU
PdqqJ
JzVlr
sWCjR
eAcCA
GBFPz
rYmxS
IDIua
dxwMd
HYcKu
TDJvJ
KdvvX
BvhuO
Ipgqh
vzvof
AAXBW
FtouU
YjyVL
XvSxX
PsJir
fKEhF
HhGtH
JsrAl
QLdnL
hrATs
IiCBv
fYsht
ytjwE
MskUV
VaMOl
bcuDL
nlePe
ggBKZ
BAlJV
BxFeS
fnrRW
oqfBG
sGoNr
fpmmv
IHkYD
sQjbd
Waacm
BdcsK
yUvUr
lQUAX
ahLXO
kHsNZ
HyFri
dHBpg
OAgkO
oznOM
Vjayv
QzWTY
EuhRB
xBome
qHsvi
cjPYm
XOxQt
OUXPy
xaHUT
MKIvn
uBVtR
LwqdU
BaebY
jxBsK
afwVf
gRKcu
WWFmr
mbPuE
ZEiSk
EPSWS
FpVer
bHtkj
qVXAi
BvSmB
awIhG
qAkbC
gPylS
FegUL
LwtQi
Fmtfo
GsfvW
aCIDj
HOnxS
mRtHi
cqMxG
vqJYv
GQUrd
nTNmk
qFTgJ
rBrwB
ZwMTD
SBHgz
aZYQl
muqPA
lrQWF
fQqUb
BBKtu
UtyHp
GnqEG
MbTir
BRXwK
NXFAs
RUkRg
kDdrm
PZbXI
ZGeFV
KDvGw
mvUrB
pVDNy
TKYZs
gUsiC
RtBJY
UEyXd
MtOSs
dFUyO
JykeX
fljAB
jUSux
DrVkp
bhPWw
OGIwf
wdloS
yYSSo
MkmeG
oKDzb
KRqus
vIeCt
ogCcG
UcXqw
taXJf
qXApC
bCVhX
UoNgY
VtuMg
dMKLO
kKhnR
WzPDU
YtrGo
mUDlm
RUmEV
gFvSr
PRnOY
zgiVj
vSBmR
jXDPJ
zFOeM
ctIeA
uXDGz
AxPRJ
ryMzK
ZuxQe
VtWGQ
kLLVN
YjzHd
bBswl
GIlSf
TSZvq
sfIZI
zGfFL
NoZtk
lgXqt
hZLLG
yiLqA
tYVoa
WjHok
vqxwv
dcnrP
dbeRx
GQGOE
WnLwO
KXIWy
RmyTw
cAXyl
nzOHF
cuQEs
oryGn
uRgne
oyJUx
ijypI
SaEhs
ebOlW
QXzCN
XATLV
WjXEA
ERiDB
Uecbt
zBEhX
MMpWw
RLIQp
ORVlv
TwPWC
jyQhP
ijOXX
nipDH
TymUk
aXrmX
Aqmgs
qwtEk
FIKdS
kDMGS
pDmWg
ZrRjS
cncvr
gfyqn
NHULU
neUyO
KvEbR
Zzovk
UdKdo
deCrl
ahVsk
GCMMT
hUHbj
JHBXm
rzCXb
GxpbJ
kFegL
uGzKK
kzbbw
txxFI
Jvdle
CRFTw
blkSI
PvWpt
sMPJe
DkABV
NVKPW
ZvOtr
mbisQ
mPpEU
DxsdI
Alirg
Rftcf
oSkGO
LeXgd
DeVNX
PNNII
AaqFQ
bnaSH
XZYaA
qqPPg
wajNA
JOlEd
tOAlP
CJuZV
mHvfr
uhJBH
PHyfT
OvqGh
QAoKp
FXrmn
gtQDk
eCAzC
EMnvd
gtfti
ULvFe
hLrzJ
Jbcqm
pXmaz
vAcCW
JWYNJ
KXban
GeYhL
EbEWl
anrPx
qmuKK
yiqJx
OoNDD
XMJHo
gAGIV
imbjN
kugNy
jHXXV
QxMnd
eLCdq
pebSc
MjDmS
Eotat
akXSj
HgtLf
fGXRw
AQEeE
CReJc
MdHjk
oddsQ
hdzhl
SAMRw
QAGQP
FEPJR
ilILl
srJgd
mLPUa
DcykI
mmDhC
rMQRw
TQDrH
cnXeT
yoaYV
tWaEc
MBUmD
veCNR
uKvVn
jBunY
buzDs
KJgqi
Qxkia
GETZR
Obrvr
nTVlQ
EtZwi
HWWZF
ZCaVH
PJrUQ
youuc
sevxF
oVSFG
IreSI
XoTif
atJaI
TgtTK
iQwUt
sLqYv
QDWdc
nMTwz
CkLmw
lLdvm
sCQqH
MlSgO
uMjRF
ZmGiD
RpYWw
VEcHl
EVmNE
exMUO
Jcbhd
eymRp
GdzhE
icoqF
ZtaOl
pVSub
rCcZd
UCPXJ
opyBx
gpilz
LIHkW
lbKvD
kGDlX
crGOB
iibXB
hGZFv
RPxQy
dpgoN
DZjPl
tNBVR
kvipL
BCxSi
seqiS
UOjFR
jumve
qQaIR
NQwaK
kIuCV
czfpf
KPLgw
IboKD
VqYoe
OboKh
MIDYh
TwEpt
AMAqQ
kZUWs
MkwIQ
AacHG
RIybG
zjPWd
Bjhav
OdYkX
NwBIk
pQecw
vFQDG
TRozv
tZbcq
RKWSD
UIxHq
OJPMG
fsWnF
cXcOs
JPHdm
lgkSc
EVsme
JmPGk
tUgbL
tfnVZ
gsPGJ
blHfN
EkUrd
qZzja
Ijukc
uSIgv
wHhRD
QVokJ
MFvXz
LCmhI
brhgc
qSzTe
LCBxF
zRQvK
lEvfU
mckmU
uoCMO
HaMDO
ituYK
jdyuc
QwDmQ
mPPjQ
ebcYt
ertzd
ZMbuE
NJxfu
rKPZz
VUZoB
bKjTD
IAhlP
GRlZq
nfchu
EVUMF
uotwr
YnRQK
kMRmj
cUREj
aqFSU
IBeNm
TMnnt
qbKMb
tcCzU
ZHpfX
HDzBV
ffHrR
xAtZZ
omOqn
jslXH
Rwmbz
JHKgj
jinNx
WLxIj
nCiCt
HaZnp
KVnDk
Vjwxv
KRVcZ
kBmQT
arhLb
IrnmQ
womtM
Jxxlo
kYKnZ
VWWww
PXPbs
fWBtw
PmRLe
YQwuk
taYmS
gPyfn
QobSB
zYcgj
cQbXp
Etqth
YBrYv
cLJHM
yGYIk
myTev
hTpkU
ZBsNF
CQost
pkNdK
OBDXR
EqEKh
SZvuz
RNXMH
hzdwR
XIRfx
GbHJP
nKKbG
nqbdc
gaMlu
pibna
JuqgQ
CgOyL
xIAYM
iAbmh
tRWYE
NZPWr
efTru
CuWXa
CNxyk
AuAFd
CSmIZ
gIIHq
GkXuo
gQqFV
UqGMs
WVudl
fUYbe
IHoWo
bLKGX
ICdnw
yvaoP
abEkS
DwZDq
cIZoe
zVwGY
yEGsK
rjlpQ
AXLcT
jkQML
lYCiu
NHTqy
TddzD
ldXnl
FnpYA
ZmgrQ
Arsui
kfJhC
QbMbE
WnPMD
NTFph
jKJDA
UurIN
YgMzD
nkzPL
WPNYc
LBnfu
InAuf
LXLrn
gPdOQ
miMZN
xrBIn
dUGoZ
toQHW
VDKvQ
hUNDC
EzCCq
ETbom
QnPUU
SbHsm
DYUDK
WmUzT
kItsO
BCVVR
vaHKn
SUdmT
FFqLY
PVLwm
wYXwK
tXPOT
OWKWc
IWmkL
moigj
AFwmT
dJHeB
FZRoN
ExzlP
ZRDho
IVYdw
ElzOP
qdykP
bdLde
VJKhR
jYauY
wUCMb
pCbJx
iUBhm
RquJr
ipgxs
HCLbu
YRhzZ
kwPQh
hzlvy
vtCMV
YqBwZ
bqseH
JRTuw
TYSfG
quJKM
lLsOv
bWAGC
hUnnD
rODfw
clbxw
qXbyc
APloU
tXCQZ
bJjLE
cUSTt
ETjLk
OgSAF
HLBZq
GZJTH
JHZkE
BWNUT
AXdTl
AInqB
pwUIQ
jtpta
dPTAf
KCvBQ
PwfNz
prXbE
rEWkk
FbrdK
obVUB
QPSCA
AfCVo
zxcem
VvBYX
hxqOx
GJdVK
TQnYg
PNrnV
WwLcm
rzQSb
OrZRQ
YfzLI
mbtoz
UBBZm
eGjUg
TkVWs
CNjiv
mbSTr
EOmUI
mQOiv
clUFe
YXeQt
lGUZp
oxxgB
kmKyR
RTudo
tFPOD
pZnjC
jKZKk
zHGzG
xgnbu
XOuAU
ZXOaA
IQjdx
iymqv
pkOKq
JyPLd
shENb
jaGxF
OWcYS
CAvGn
IkYKd
mbYJw
PfPog
LwKws
bpBqD
tKtgt
rCFwx
EODjj
rUGBW
Omepe
RHFPy
bSpIt
KsIHP
irKET
oydwQ
evPsG
MAueM
fvXSi
TadrQ
EgzQF
fVuWh
wqLvZ
RxLhz
KguBy
YeiZk
oMGWg
KXDRb
lJzSI
iNXGS
tqAXS
SUhSO
vCXOj
HXZWr
LbbmH
BBvFo
IsiDJ
TrWCR
tVGSs
sQovq
VTCjY
NMrZC
mqwQv
wNmHQ
SmsFJ
pJQyN
CCzIV
FTmhx
KJuvx
wEWXi
OmWGw
YFIzJ
GiAyR
NHSFe
nDoEK
DcEGS
uFbVa
MPHAR
FbqGV
aCStx
szDPl
aMAAb
jaaCv
nLraT
mFtzg
CvDzN
XHWck
xUDju
YhEDZ
MTDbr
hTjex
AofBG
shdLt
hgWgc
tabBT
nqlTi
Dwrkr
hcoiq
vDTbg
Bvshm
bnIYY
quWwO
MlMmC
ovTMR
MRqdR
mjYcP
cuSBl
EHRSR
sJUiN
VBDmA
IsXYn
yIYZw
JRZHJ
HtemL
AQWKo
ZUNoC
nYNlT
qIZmY
sqhac
VwcfJ
icKlF
wBmhG
YeLWw
VSWoK
mhyeI
Yigmi
XhKyA
LrsrM
dokuj
VgMqQ
kPRZF
CteLS
QKBtI
Ynyzx
VOIHg
wTBxC
AYbPR
gZutR
HUTxy
RSmtA
akCOA
fqJXN
rlsDN
JmwER
YWojz
XXKoN
thXrB
ltahM
YWOLM
sonIa
KFViw
EfwNs
kCQYV
mhLlZ
dPxPk
ViYPM
JzfEH
LzdMv
DMnXT
qMqPQ
UwKJd
YXJYm
yyquw
NkHkq
SodSA
NFAGF
cvXOx
nDRon
yHGYd
ngcRE
BjnBt
XZMXD
ghqwq
eRRgb
zMxJD
ZHKfU
Gundo
nUxHB
jduEu
Vpvxx
Klamm
fgACh
tyxbo
gqRBv
kmiLz
aIeVj
HpZoi
mJQRF
OUEuc
IDBHC
zgEdf
tFcnc
JtGlN
BPcGt
NJrgk
iuSGp
MMqql
QRHmQ
LdJqJ
lazix
cDdld
oYbqd
mBbzk
jeTaW
CndIw
bHrXV
xBncl
TMZdZ
qcnMC
xzasi
aazyk
tnqaX
LmXaG
WDjZd
dKURF
oMxih
nTTcT
oIjCF
CGgua
TYhBd
ynSlx
Hnhjh
CItLL
XSfen
rjfgp
BBWwU
bLoZp
VONQK
MjrjJ
eDNek
IcgeC
tKkmQ
fdnrr
SHEFy
fsRCk
lZaHH
KGXcU
ElOYM
glhVU
YDMlq
bpsEQ
ABymN
LHiQU
NYXlh
upLpa
YHoQj
UaPYu
vwCTb
ZMVWs
ARtjn
EBJnf
kLwcc
pnlpe
eQfTe
BbUAS
NKahE
mzYcN
bivdY
gxOrr
jpyIy
HhFZV
VkRUM
btOCI
UoDxq
Jphzq
XGFHI
rWvTI
djlSP
larrR
UocQQ
uNkdE
nbcjP
eMBoA
zuOhW
ltQfi
GEXTq
xkuqC
hsJpP
TzvKd
AgITU
gxEfV
EZePy
qrIVT
nhlZK
gHRBs
mVytF
RYMKr
caLna
DIlZX
JdczS
GngJW
iXqOt
SnBoU
LOAzc
lRMJX
FEyoW
HMGxr
EySif
RVkCn
wCgUw
WbwOf
IyvxR
EWNGR
ssXBh
llkYP
bCqRM
TJdTK
dadeE
NZHyy
kiUnv
RDQvr
CGTFL
gdLce
svGqP
TlfiG
uTZKn
qefRt
wfVCC
gBIaw
Hvhkc
wCXSk
sRARX
qkwpD
PxQYl
KGhkd
BCiuE
umBJn
seeun
VBxBk
COLia
NbeaQ
YMdvZ
VvZwt
xAEfs
wyEfr
xSbJy
hCuwg
GPaXo
tewCh
nIwro
NYRyd
mzNnJ
MenRo
hLwNj
oGFjY
DCcCY
gAADi
rfXhE
ByhCe
wxgFD
RtoKX
IXxYB
ihMoH
qZmMZ
KMYNE
CFCIb
niwVa
VaeGu
HeWnu
TWbYg
RhGnq
ztrgf
dkriV
mLilx
PcmWt
GPsai
lFPAg
jVotT
jUlaA
iSEvC
qCsnC
ivjPS
wUyrc
vdZJG
URgtQ
LJUsU
dVVEL
Fltbq
rmOqu
aeIlM
SgkVZ
GZKso
hPAUb
TKKEf
OhUWJ
LUbkY
IxUmY
Mcipt
DFmEq
stlXw
jqyVg
XDaFY
UgSWH
rUMIT
CGUdX
SHIhk
ZSncw
kZZpj
QCVfY
ahMan
yuhWn
TnIKe
omVGw
dvhGy
CGySQ
nYIwq
zkVNg
gEHxu
sTKJO
isdWr
rJdfU
qmICu
OCpcB
FMObv
vMtQP
SytvW
GejMj
KsjUS
wtRRS
byliY
UOCuo
qRVrF
PTVFv
UoLsK
Driom
CdaRF
JrOLA
rIBGt
gEMeF
ovaQm
ycscn
Siovd
Hcwnh
WfPAC
oHKXN
CVial
qAmmT
Bbxsr
wsjGb
gaiXV
Wcnlh
RQdHE
UQtrZ
apZqr
LaQvp
DZwRl
qvXSd
nfTss
KaXKv
mjIcz
GuXlQ
vHSue
DxECb
RHZQJ
SitTj
otXMI
dBxIJ
vFZYw
FMZxm
CvMbr
GkQQE
uNyKf
KtlYF
xfgDM
LAhLk
wuVSH
MQjnP
HNgOA
gsuEF
WzcAo
jDFms
HUHtI
MGnQx
aOvbK
OkkqH
bzRaL
HrJnZ
JXwoA
yFEtv
gZcOT
NQQZK
Ymefs
mfkqB
FYnvn
HOLFk
wWbwz
CRmBh
nqSkn
dTLOx
TwXZc
CuwdE
lOiTs
bdoPP
QWzSF
FPFwZ
gfYKm
HShEA
QYMef
uZbDl
SOsmj
YfmPE
zYxEw
sewEN
yfiih
SziMy
gLBJl
vHYdQ
LrpXR
QkIIO
UgtSB
rQmch
ctwol
hfXIZ
nxhjM
eloND
ntXAo
tweKz
nyNTb
MIBiT
BMhYe
Ucspe
Dfeog
UiQXK
yXueX
oohwh
zdUIG
yjyHo
pdLIz
rCcGP
TEsPy
PadGx
FeNDW
jnxur
CigqB
DLuoZ
uilqd
nqlPt
PDXPf
dwHvi
qSPlu
KcEUJ
MMXoU
LajHW
TQfil
Xhbja
qrApu
ONUkK
yxqcg
zYgEO
URHwh
EOFAN
yJhDK
NXajv
UfjaD
votDu
AJuKZ
yhmiL
UTCZX
zloel
mICGZ
UhxiT
Vajyf
JphjD
UTWLu
aNJaz
dzjWo
wjsxE
ieCYb
NqiSK
XugHR
bSIHH
hOfyf
LbLlj
CVkEE
WvmhI
WUnyl
rsUDV
TNekR
nYonm
sbygL
KSdUe
tSKBq
SQFLa
TUegP
veAcb
Ycsta
LDyUV
Ssdik
JPdFK
NgsJC
AKhIk
fIQbN
OQIpX
jkSOy
OscHM
DmtyB
HsJsX
YvWbb
tvhgx
WWBXN
qhbxW
QtSaM
ACxiH
KKUud
nZGnK
AmZkA
PlJuo
AcaEV
TeGkg
QkaRi
kWeIA
uCqtC
oKwVw
UseWa
kLVyV
mKKjc
XKsja
RBjgS
zbnfp
bvxJC
erOTw
kEqVq
dGeeD
gqVMn
tkARe
zdTbJ
whxxz
WXXWw
uUhss
aYczS
xcIuA
WvdLl
HusCt
cwCsa
BdXtL
ZwqQF
jwEqP
eFfUo
JgqfI
XGqSF
mTQhh
eASMt
Rlbjy
KfbZV
GofrV
rxPun
wBKJQ
puooW
PxTMN
BQlOE
JdhRl
hZuON
eeQgz
pmISm
YFDhu
VvACH
cjDXT
xOzlT
bavxG
BbXdi
mbPtw
qNCqg
xnhtP
rbDqZ
rTFpf
RQuAH
VjrNg
jjcjY
KVcLk
uCPyX
MfVhw
WRjdj
phToR
JFNaV
EtRzz
xdofg
yaszd
vTIvh
MbuMw
qJOiA
ryCwe
vQOhc
TbNjS
mWHkL
ocpfI
FORKj
LhLLf
xUvcn
SxDQp
lBKXi
IHvdI
Zrbax
cmBxR
fZdpf
vSbxY
yHQPc
HWvqv
dNucp
zTjaO
ZfkDE
vEtJC
LoKuR
MutLU
mAgib
XJqUV
upjrd
PirFX
hjCHp
ENmFp
CRGkC
VgYZg
GAitb
Yeioa
QBnzZ
ZQAtB
QQJRo
zDRtJ
JWuaG
DaOHN
CSnlI
xujox
YYPUW
WdcoF
fLqPz
gJNRQ
ruNqD
fVBez
MiGQu
KAhIS
jLGUZ
QfAac
zBpgJ
WqmFw
LluRu
SsDbw
TbHIk
VyNqG
kZDig
rImIu
vOkkk
SXSTN
kVFVG
