pFT
yZY
dS
suG
vmb
iQQ
ivZ
czV
kCc
ivx
gPe
vzs
own
bOC
ayj
iDk
vmD
wNT
bIm
rrv
afl
wFH
qug
hfL
vSo
iPf
imu
msM
qBx
mko
ona
lPv
wHY
zQa
wme
mFB
ove
ciN
oww
tlj
eea
dMC
bIg
ysv
aRF
qw
eF
MH
aEO
hUR
nNg
iqY
cVa
sWu
mZF
yqe
iVI
dbg
njZ
qEB
zYc
sNk
jOi
hPP
mFV
yEe
onG
oJU
vjc
tRX
uZm
wgt
tFs
weR
sSm
uXH
fys
eTS
veV
dQJ
znL
sQq
xfQ
dAJ
zGp
uxC
bcW
pLA
anZ
oKh
tKA
hbo
dJn
oUX
dPY
sKB
tCY
xLy
xcr
nYU
uzu
lNg
ouu
fYq
ePc
aNF
qGd
zyT
utr
bhS
dKi
yxe
xoS
ine
lKG
yhU
aoI
vVr
ddi
qHE
kUX
ulC
sTJ
iFh
jwK
cUn
jnR
aYs
bOz
dPy
sqE
yYI
uTk
qMp
skj
egh
dBL
ehb
dbI
qsy
kZF
kag
hWB
jIP
yAz
hVr
wtt
kMy
nnC
ylY
uZj
yIQ
kms
qva
ttb
hgq
hRu
ltS
xFQ
xti
gSQ
ifE
xky
zrp
ocl
riI
xDu
lrs
hej
rVH
gsR
gDs
wGt
pbn
nLP
wrr
jms
xeC
dCl
tVZ
ssZ
dEl
imA
vuN
zXG
pfB
qMf
jkw
aYW
vkI
zTM
bPA
gcm
lxG
hcQ
lNw
uih
cbk
dqH
cgj
xTy
wHO
uAE
bPo
dRT
vZn
thL
icj
fsS
nrW
ziU
vwh
tjw
dTh
iVP
jRr
wZW
qYn
ahq
dQX
sI
xVm
dpC
oLf
cfo
snf
eaO
pXg
xzw
oLh
jKc
yyR
xSB
nea
zKN
viE
hQY
hoG
mYa
pEE
cce
pcm
ubv
paw
erV
qWD
fs
cqe
xyO
dWG
iir
okk
oJD
cbO
nqd
jjV
urP
jbn
dsV
otx
odT
kPs
ouG
nWI
llK
xFw
xcO
uuj
tFq
gsC
tgA
udV
bKr
hfz
cyX
xAP
cDi
ucv
tFP
nad
ndE
oXC
gSy
xyv
eMw
tpm
sWe
zvw
oxh
eYM
ySc
dwl
zqn
zTF
peO
zws
cbT
yXK
opt
doU
ail
oJC
jHy
vOn
wdv
cGI
zoh
uqv
ujn
zhR
crB
whG
jAF
oRK
sSx
mTI
jJv
sAj
nEW
nZA
dXl
uzo
pfP
aLb
emJ
qpv
gkm
dTx
uwj
uwM
oSL
qyZ
xrd
ema
jqk
bBB
zYe
cuN
oND
cpK
ald
zlK
nve
sww
xUW
zVg
kqJ
glp
rYY
ygN
jGy
oxy
afW
laY
wmW
lrr
dBt
mKB
cIb
dpV
mtZ
oEU
whs
dQj
oVH
flA
tZX
tSv
iqs
ztX
ahB
atm
nOw
jCP
bSm
gQb
acB
bjK
hjN
efW
zUs
ttD
dPp
oKl
tqN
zoH
cAC
heX
sCS
fpM
rgq
hiK
ehN
sSV
jpG
mRG
ydn
yBH
iNG
zHJ
wEQ
igr
kar
oNJ
bXu
zBz
ape
cYL
zwX
sEz
zYO
hfo
ozi
gso
qpl
eaf
jKq
tQq
pGD
mJU
dES
uqX
oto
xZN
mQs
yAj
tKm
bbG
tHr
dST
zpW
xXy
zMs
uwh
opF
pMK
zfN
dHs
zyI
zEV
sAD
hjH
sRs
oxZ
DB
udX
ujt
huZ
sug
oek
zVe
xZB
xqc
jOv
jIM
hHO
tLl
jAR
cKQ
dJo
jtF
ejw
kOf
jHB
tNq
xGd
zwy
oLV
xqR
tiQ
hfM
onT
gbO
dVR
neS
dFQ
coc
hTn
cXL
nuB
pdl
qQq
vYq
zpF
zPg
tLi
uvz
uXo
iWW
cQu
pbC
efC
nlN
bNT
zbY
zvk
ucL
ovA
emx
zvs
iUu
mbt
orc
gSF
ymz
yZK
qBV
lAQ
fgF
dWK
ivC
yJc
yrd
gHC
gsX
zBO
jps
dXA
zNb
wjX
zbF
lSr
yIc
gux
oCF
fKi
qik
zkG
umf
bLN
dIt
gfU
ixu
nEh
jFT
tOQ
xxD
iqj
zcE
zDb
zcx
qcd
iFt
eOR
pEv
ura
bgL
emK
ztV
tRe
rHL
nSy
mLS
dRB
esz
fYT
kDN
piE
xSa
auA
jpI
iWY
cHv
zfz
lLh
olE
tbh
mZ
rSO
ztg
jNy
oOV
jum
zCI
oYB
rty
tVs
aIe
cGD
oRQ
ieT
yPW
sYy
oaf
dXS
cZw
gXC
jvW
zHS
iFG
yXi
orR
zpX
lNJ
uwP
ctB
tYP
yaZ
eca
cZd
bDo
hLu
fPc
osA
jGb
pif
tkP
kWL
jFI
hPl
dPS
dFv
zkS
rxI
zAH
oqW
jbI
voO
kPx
mCM
nQu
fPI
eeK
urO
dKv
dUl
cbi
zUZ
kLu
grQ
oIb
jqv
uqq
mtB
oev
pgl
fyB
zEU
dRS
ogQ
kDV
sgb
mQE
dAm
jgn
ufr
ojj
dCJ
jiS
oET
fXT
egp
xNC
xAK
jgS
zEo
bON
oIc
nQq
zLd
nCC
oRF
zHW
jAA
nHT
zOz
jks
urw
xdx
jix
aGl
xyo
wiE
oHJ
arR
owi
jdC
vxt
ixE
eqF
jJF
yvN
hDg
ufO
dyd
jxn
nxu
oTP
zzK
uqn
dVw
ivn
kwx
cCc
qiT
tHK
owu
jti
hFe
fFR
fFU
epx
jNA
kmC
oZa
owA
jkp
xHd
pNQ
gow
zoT
esq
tVy
rbV
mnu
jcs
oXs
juV
ehi
qYp
sal
zFY
zJS
hKG
wRq
eyG
oPk
jzk
elC
tUm
nuG
pbl
wKw
cPu
iWu
rRS
jrN
dNB
ugD
gCF
oGr
oPt
jrf
zMB
qpL
tXN
ehO
paE
zpn
qrz
hbY
bVV
wuM
elz
oPO
kJO
uvm
qBF
oxl
tcG
jyM
cdL
dDl
cjA
seC
xBF
zvz
zpZ
etp
otM
pSB
dWB
ufI
raN
dKl
dNZ
gEU
oNA
svS
yUn
eXH
mKD
pez
zOj
uBA
hJK
uew
zvu
oWn
tSL
xvp
sev
eqE
yBh
eiU
ess
rhs
dEB
zGY
zRo
izJ
zzB
zrl
eRb
nmh
aKY
oCe
dHA
oQa
dQc
jsa
dEr
imJ
pgN
xzj
pCY
jwB
skM
jjC
dRN
yjp
oVv
zzy
gVy
nv
cHS
dit
nqY
zTY
tOl
qMg
ipb
uwQ
oTw
oMU
yUt
zpw
jCT
teB
jKP
zFy
zSv
dGB
tOw
wjM
flN
cBN
ogd
yZo
yJS
dPZ
