6R8BC19I
E2NZWSMB
IAVHL5DB
N6MG29XM
CQ1PGP5D
HXYIGOLV
H6WTYW4B
OES7KU44
JRSJF0C8
LNUJ46O6
S91IP3GH
TCITNI0N
FZ2REE0C
R4AIHHJT
V5WKRK17
VJ7OGB35
NBO7KKAS
3D27CBP1
R0PX7JTH
PYT8X62D
M1GIIY1K
70KMD4F9
WNJUTGI0
OF73WVUT
11XMM1BX
E8HHWPUI
WWG5QIE9
89B2BQN9
OJUGG5W4
SLQIKLGN
VL0OP1QX
XU8U3WQZ
K8EFDCCY
R2Q5153S
TAT3Q2P2
K8EI05ZB
N3JCUAO8
TT170WEQ
HI1UQQ3S
N41KW7U7
Q2N7LPZQ
ESOUNXAL
3M3G1R61
7E1KTA9D
XVOKLOE9
EKQ5Q6GM
0D5OHV40
NO4I3P5H
C07JUC7L
221CTNLB
DNAPLM65
0WQBCO6B
AX7FRYJ5
OX9QW6DO
LM415T7J
NOXILYST
T1NPYP4C
PLEICYGX
4RA60VR9
ER28W7G5
V8K2JNJ8
