16114
109395
89674
103675
105066
71438
109682
104456
58980
60299
59007
7200
42499
107131
99244
93355
103971
87345
2422
81605
95023
30720
24264
49206
62484
107902
22588
76720
10035
62931
28194
59403
45141
66442
104825
109665
33803
98513
52442
43005
67309
44239
27536
60675
61355
110517
65896
40264
83641
41444
105113
53378
9626
76421
88834
42097
65873
109559
14577
43290
58145
19809
62591
76378
71542
15621
92506
49926
110739
67570
27072
95127
50366
49127
19235
24901
32589
43421
100373
24161
3784
37915
111414
63670
99395
102643
14411
59489
41345
36344
15185
37651
39293
110101
103284
82430
5849
11502
7386
90818
4446
11517
29903
35249
95997
19759
960
70599
44008
76444
60787
81247
105632
46535
108337
58040
5218
48565
38340
69393
91302
57033
74647
106304
103996
87222
55507
8233
98975
27734
79925
36017
110709
68317
78830
5835
62876
66915
103271
89805
82892
43057
79704
32020
39435
37817
61880
33438
84758
20224
72190
37884
22407
105849
33866
65293
24778
107996
11392
104892
82182
99838
108606
16925
58759
9386
69101
90606
22746
76128
62986
42715
51017
12476
96223
42379
24985
106171
95193
83320
52043
65385
10368
39495
27100
95826
10038
75428
62759
83639
58930
109873
15746
47074
58874
46810
105401
14393
110690
50121
13412
41416
92668
70297
34277
52583
74528
57242
17099
35442
96364
48961
48209
27063
62035
88919
49365
28164
60028
1239
101580
86121
6402
65902
96528
103282
28536
74764
18872
26517
89377
60382
52371
94190
49409
644
85145
31165
32110
74651
104870
79188
79066
95104
106940
48405
77179
87539
76325
20752
44508
103368
99241
109382
19569
8264
77646
21305
9722
108318
21009
10259
56360
24137
18081
96539
94245
78515
68174
63023
40031
107381
19094
104597
31557
27857
64393
97405
55640
37479
20653
21997
21467
96203
2940
4411
35506
94210
13675
26172
7574
95978
95178
19406
42108
6137
36791
58062
25050
6399
45648
5123
19897
39275
22670
31241
108400
44890
104150
27172
15976
29183
12226
5591
76452
43863
105791
600
48557
66574
90235
72595
82263
68610
24548
51816
13227
55872
35305
105645
28937
27870
93412
46110
83327
62316
93645
50029
48136
23990
89995
82350
55058
81887
967
6558
93285
110893
21656
50612
107918
10007
18245
89205
81358
50985
92964
94725
39999
88491
104341
90210
3590
95816
85895
24890
3162
100141
87792
27441
31007
85740
43807
22541
59705
70568
105784
51609
15753
12389
110449
39911
32232
81005
82751
4767
77915
58156
28880
64206
100883
44056
68422
1957
98453
51436
53116
85720
4744
40625
37332
53267
5697
14343
45500
105443
49208
91323
19687
68578
99034
49232
20489
61407
7792
82235
45921
73647
82376
21572
53803
51378
61546
50732
51616
100609
80770
67670
88616
18301
38647
110984
9048
27354
69473
10959
91780
96215
80130
36613
20710
101053
53546
10695
56647
30188
76843
13992
86540
8436
31697
100024
37148
59248
50529
16837
11068
83348
59006
34157
79275
93603
72803
84526
95740
40242
88821
17551
17913
92977
20603
2899
98380
23903
73282
27747
110942
76746
18268
102767
72754
91660
93161
54206
53565
543
27410
62771
99505
25905
83331
90578
16824
28027
25262
17483
64494
104326
30024
90294
49717
5334
21589
39379
110384
79003
49387
14563
81750
105241
37847
16058
44212
35318
62731
54070
26006
54707
5570
68050
43797
67691
45698
99653
68604
54663
58084
14464
11768
42684
62715
65689
62386
39479
22385
2486
68271
95346
70166
82671
28735
39840
47747
9650
33770
57521
54195
92428
33396
4929
71210
69235
29811
36711
30185
47366
98280
83278
26244
100602
21460
108650
17593
45728
49325
104786
54933
7366
3752
4144
63631
75639
6659
65267
80461
29874
96625
61796
110967
70214
34921
47179
19909
86123
17301
25426
2637
41973
91412
80292
69409
26975
98981
93511
106012
811
36541
74189
45209
9211
50025
72721
30177
16039
109949
61536
111519
76464
28815
63035
81492
21634
40079
36719
90354
76073
29518
25042
27426
78339
69003
71796
8444
75122
111500
107849
8826
106811
34497
53968
103233
19220
1222
2415
46429
70867
36851
50507
97150
110748
92128
45429
26951
105471
104985
99146
83682
81419
40843
59642
33187
50389
23102
62659
31397
16706
75504
77040
98135
64611
20085
60870
49584
80303
98582
20639
81430
18579
48400
51780
98320
63406
57376
61535
19055
48959
70313
63416
81934
35035
98416
66711
9188
48563
26957
77979
4120
47592
66898
71614
4470
12910
46070
101315
14584
84723
16864
70027
36043
72790
52073
110331
92899
100375
44862
102402
110418
72178
98869
98258
3975
75138
111142
9200
38175
87550
56070
60929
94565
8471
22150
98581
103572
26106
23156
29893
85036
76915
89457
80354
82661
74885
608
80817
35266
110606
39277
12630
92188
3724
56634
87910
19737
12156
101479
56613
12665
104208
100924
111367
73877
57247
51014
65682
50950
86866
20432
25241
56247
103302
107256
107521
109492
85929
111755
46492
47285
52306
108772
46979
3218
359
86243
51003
64446
81267
34485
37530
20824
72293
75110
5389
47358
6958
83634
10711
81561
88739
59817
5110
13459
63435
68950
110416
14666
13805
4161
97541
52561
49667
10307
84154
29339
87442
61448
54133
91042
47777
102784
102632
24877
109340
44077
66137
259
100130
70345
2083
48701
12770
85328
17039
49669
23513
36028
51057
14909
52559
19472
6535
104074
109908
111558
97804
22790
87903
57794
71675
69958
19771
108689
80089
16415
68505
95115
6130
87705
106330
97915
18814
101731
104965
8694
89502
97971
82629
3686
44720
40883
95176
94433
104127
101176
66467
16234
105519
43432
93093
59372
17502
65315
42893
23053
95959
56262
50924
23062
109796
10348
43842
92324
50427
102309
58294
87376
33038
37973
29998
109466
58115
48758
89423
91146
4999
53302
59334
6278
30873
34034
58767
100110
89247
96756
4833
9093
107711
67870
6002
92989
11626
2463
58256
29380
16327
6874
102226
32649
37752
79610
28912
42836
51072
103468
14832
44574
41700
97241
19779
60805
47766
34088
65618
59121
45304
95793
77576
39521
28423
54076
5043
68503
19912
65912
28606
83934
78245
78263
37874
31851
14668
70272
45745
44482
108206
72467
51611
15931
58905
52998
59563
78840
93920
55263
31384
107245
86876
1318
99749
14922
6509
63943
11548
6349
23330
46512
7643
48664
8918
69513
68310
64156
109495
41287
87282
72817
102534
39315
35626
6897
60241
2584
28812
41299
96661
106184
99805
56266
69556
85313
47997
4556
104842
36799
55117
19458
55088
86550
67705
49120
78305
65773
33961
60711
102898
101438
78967
6367
86627
51444
7912
77582
43438
87609
1040
49358
90220
83450
101602
15124
29963
68767
47156
34123
4635
34304
25805
78216
36268
62585
35018
66054
52126
33575
50911
95926
71546
1827
82388
49895
54786
58265
32192
56834
88415
94745
7433
15793
74323
6981
92775
13768
11385
17667
82290
103029
90923
74596
95690
50352
39332
100060
32411
108223
5197
37707
110276
2519
665
103661
111660
16924
84940
22715
20130
102034
43292
78345
39426
106113
6772
856
60275
94482
104530
13848
73326
70811
69286
26848
101296
46896
79542
5137
110076
98339
57882
37666
49009
70778
61254
34872
16710
35936
107108
87582
82023
16752
85086
31080
32582
101565
13478
65211
100280
83156
61075
80959
19443
15997
84784
33099
43378
94314
95568
65958
109525
55134
19021
53640
100608
29836
109698
10707
94579
46409
58830
52763
83027
88603
33827
42210
92117
12698
16178
105529
29089
50776
10655
94599
41022
36194
104440
45802
83133
38211
92905
8432
58208
11387
43860
103855
19151
33225
45480
42307
35392
8591
81167
25992
99015
96775
24508
81367
13220
109390
45964
11830
101521
64788
73679
10428
38023
16805
105980
41690
12153
99271
82768
