43484
28621
46124
46138
8736
43487
34944
16211
47628
8722
32266
43499
8723
28633
34948
42817
28629
46121
28636
43486
8726
42524
16218
32271
42800
42808
16213
8728
34956
47622
32264
28639
34957
16214
42533
32272
32267
8738
43483
8739
28635
28632
32262
8734
42539
34952
42811
16219
42529
42801
47635
42531
8735
34943
47621
16203
34945
8737
16210
8733
47629
46132
46123
16208
34958
47626
8731
42521
16206
32276
34955
32278
42528
42803
43495
42522
28637
32270
46126
46133
46120
32274
47620
34949
42536
43491
34947
43482
42806
47630
16201
42530
46135
47632
32275
42816
28624
16204
43496
32269
46137
42819
47623
34950
42537
32261
42813
43485
34954
42805
42810
46122
16200
46139
43494
8721
32279
28634
8720
46128
47633
43480
47631
34953
42802
43497
42525
42804
47639
16215
42815
47627
42814
46136
34951
43492
47634
28626
32268
16207
42523
32265
42538
28630
47638
16212
16217
46127
8727
43488
43493
32277
42818
42520
28623
8732
8725
42807
42809
46129
42527
32263
28631
28628
28620
34942
47637
43490
16205
47624
46130
34946
34941
42534
34959
34940
42812
42535
28622
8724
43489
32260
46125
28625
8729
43498
16202
16216
8730
28638
46131
28627
46134
42532
47636
47625
16209
32273
43481
42526
