oFK
9gO
GX6
id1
W_5
bQH
3k7
7dN
bZ4
N74
kP2
Tw5
xrC
_ZT
de3
G7Y
SKE
H9S
aUS
HW6
_4
vtW
g91
v1W
Nz9
fK4
siC
rIE
pz2
s2M
me7
sIE
jk7
hOF
GcL
dJ4
Q7N
U6N
a8W
h_J
ooB
w86
6JA
ndP
W1P
UN
Ie5
vvO
0cL
amN
obO
RPU
CXU
zwX
W1V
ShM
VT9
KhF
S4K
H67
oGU
ttX
ALM
qfE
Rb1
WAQ
l1A
80E
vkG
UnL
fBP
BiS
xpK
hIU
vEF
KN
eJ5
jd6
u7S
eHU
ZrO
lrT
9r5
DM8
4AO
PKM
H2F
mYD
BkV
uiR
2HK
WdJ
siM
SWK
XH8
5dN
_T6
oLS
KJV
cYD
x9Q
d0A
M9Y
USE
xa7
CKO
AVV
GmG
D6X
hpV
qzX
UxE
6oY
HW
CJB
GTJ
oEH
WiU
QJW
9WB
DZ2
2mK
71S
GUY
IUV
8ZO
