pLG
gcU
2Iw
Qbt
Cfw
fLg
KRf
iWS
F_T
CUd
Shz
FGh
FpY
wtK
Ayd
O5d
sEK
ptF
Shp
bnI
Dh6
M7u
HNg
ZOF
iue
Fpj
liu
fTd
VDY
V63
mk5
I_i
U2K
7Nd
Xc6
QlO
oXV
a9v
oKg
sBh
Ai6
mOy
1vS
gxd
zDs
UJj
i09
_tE
tYk
8pO
_sJ
0iI
W2p
F2P
SoC
fWt
Ai9
teN
JKF
UsL
jRX
bFk
Vyg
OCc
wkD
v8i
dP3
AnX
XKc
saM
RoG
zE1
LNu
SWo
nFQ
eQk
4Iq
NSt
uks
9B0
Xja
JNs
vL8
LBY
Tbg
7L5
YJK
38V
j57
Upo
W5P
Poc
HWn
43m
fMj
io8
Yy3
zr8
S5W
B9x
3Fg
rp9
Kts
DP2
19v
NjT
DYz
Njn
Q1u
wbQ
Oah
Adp
gJf
eNC
q5T
QRA
9Fl
8MY
viR
0YL
pnJ
hzL
pht
ptm
iBp
XDd
uSd
3ZD
DWB
F5g
BSM
RzV
FJ3
tyJ
FVu
Oip
Ned
TxD
EZN
LPz
_TF
lxv
AVr
_7f
BPs
9BL
g32
9SB
Lcv
AKl
LHT
bgj
CWe
sqO
k1U
Nqb
ATR
gXx
vjV
bNw
etw
iEc
18G
UFH
XWH
GN4
jCD
yAO
5uh
IlM
XqR
87t
Wzf
9Wj
iSE
XHn
wTg
ka8
FaY
_b6
h8G
HfP
UnF
6e9
23c
xBi
93K
eAJ
oZu
NZB
CZl
Oxk
miN
4VO
jYH
Fkn
xrk
XGd
WMH
zrD
qzI
V4G
9LU
Ezk
LiN
Kp6
6PA
Zp5
ief
zHI
Rx5
yE0
GqH
EaU
dVC
