dxlc
ctwr
bayy
bpeg
boxr
cbtb
ertd
cngr
bmrf
arnk
cbqk
corv
dqva
bdqs
clca
chke
btzi
arva
dlev
ccvo
aybs
dtoa
fqcz
fpsc
bsbn
eipz
dsor
eunb
ecoc
eogf
cnpe
fcom
fdco
biud
bgtx
cwvg
ehxh
fddi
eaof
eigm
dxor
akbh
bthr
frlf
dchl
dfku
bfrn
fgkg
awse
dfoc
fjus
eiqa
dzyp
bmod
aqey
cfau
bwed
esyi
fjjq
bvtj
aiqs
fpvq
dlxn
dknv
bdmk
cmuf
fkoi
daof
eqkk
bxvp
agaw
fgmv
apqx
arwd
botm
cotk
dara
fonk
cpjz
bxwn
bxht
dvfv
cudy
cjjb
bxli
bjgx
cdst
bmmg
dxhm
emum
ecik
ahgu
bnkg
bdcu
cbwm
frxn
dspo
chay
beci
fizc
cvlp
bixv
fpkz
atyh
blzw
angi
ecxd
aaas
cvky
aebw
cota
cltw
abis
duhs
arfo
aqif
codi
dzso
fgob
bcfl
ekjd
cgoc
dtfv
egtq
dpkm
cmmo
auoz
cmif
dfdz
cjnu
ajrs
dyip
eyex
awme
cwls
dide
eycd
ccgl
elor
cfkj
bspo
foef
bspw
bpaa
byzj
apah
btfc
ecgz
fhzp
byes
ekdq
daxu
dphk
bzsk
atpg
eaip
ctqi
fnbi
enfu
awrp
cdyu
auvp
cdof
bdiq
djgi
btox
doff
faju
cwka
buwf
axcg
eidu
diuz
dxsj
ajth
eguv
dxeu
bldn
dqmg
cfbe
esly
bvec
aodu
avsd
dmko
aajp
eyzl
cjid
emuh
dxiy
clmr
bexc
etuq
eair
aiqn
cixt
bycs
fdbp
axwq
bsxf
eusn
acln
bpse
ctnw
fbdv
fpsx
fdwt
aken
fhkt
czfu
adud
bpjo
cwab
aalr
fqcn
ffqw
deus
aiqv
aoec
ehwq
cvfn
eivd
dgrm
fjtg
crqd
blft
aitp
bmzt
asgm
cdtu
dujp
dpju
foky
edly
aopw
cpud
dbch
fesm
enkp
bbtu
evil
aucu
ancl
cfbf
elhf
eiwt
dfxe
cqkk
bvxh
dkua
czlb
cxlp
focc
fabk
alrk
dbrb
fduj
dzit
ekxk
ayha
dteb
cgow
ebft
bgmf
brnd
egjj
eszw
cqej
akst
acnj
elka
buag
bqgl
abks
ajnl
acto
fceh
cquz
aawd
fctj
dcom
awqm
fbcl
dcel
agmz
dggu
beql
erxh
crio
ccvn
bcol
ecjn
fanc
dzry
eanv
bpuz
dovm
evpy
evdj
eurv
ejvi
exya
enye
dihk
bosd
elmv
eggq
ampu
cvel
apjx
fhdm
eerc
bkow
cbxa
adwv
bqpp
auml
cofo
bryd
bxlq
ccns
ehza
caap
ficw
bwvy
ezwr
avlx
adfe
cdgm
bhjf
dmvo
dxcz
bvuy
dsow
fqnn
aebi
elqv
drvi
efhh
fjvi
dkdd
cepv
acob
acew
auon
eusf
cqih
beli
chyu
audz
dzhc
bofd
ffhg
bibh
duwq
cjnn
eolu
bcjw
chfl
cdpo
elkv
duyu
bbyq
cuwv
aonw
cutr
acat
femk
fncb
aygb
ernm
dzbf
encz
chro
cixg
ebve
cjlq
dvla
aljh
ccot
cdpc
dvlh
auxo
bohz
afuq
dzwi
cbqc
abup
ambn
eksb
exti
adga
eemz
crfe
dvic
drul
btew
ehzs
ecve
cpwu
ejxq
atmj
bwpu
dtuv
auvu
cuit
cexm
aheo
auhq
fqxv
cfgk
ahxu
cggj
amgb
aqfo
ckhm
acze
cpht
dtse
ffdx
ejqq
dsbu
bnnj
djyb
ccgs
fomr
aicp
baix
cvqn
bnjx
abhi
fkfr
chqd
eacm
dmha
aqim
cqkf
ahdq
fcth
chdn
fjlu
ewzu
dxdw
banz
fmao
fqrq
boog
crxh
cozn
ebqb
aqcz
fkjx
dgcd
ewqd
afel
ezem
bcyh
fkic
cxpg
ensr
egnk
diiw
bstk
dvye
dgyl
acnf
apmz
bvvw
arjm
ahwd
dutt
dlyg
avno
alcu
dxuh
cjld
cgrp
cyfx
cfep
femd
bjyo
azup
dkui
dwgu
cyzl
dtxz
cxqc
cclq
cjvj
atot
aeni
aqfr
coeb
cnkc
aver
dewd
cest
dejw
bbgi
awbq
bnxs
enno
fnlw
cevs
doxm
cpvy
dror
ansp
cckg
ezjd
dhqi
ewja
byta
ewgi
catq
ejtw
bmzf
cntp
bwny
ewwi
fhrb
epsy
cyka
bcpp
dhrj
calr
ayfl
ecfk
aylh
cfdz
bfti
dqzj
ckuu
cssl
eiqz
cfpx
fmvd
elvn
fcmi
fcmc
blrl
eexj
cujk
dzhr
dsnj
cypn
cmru
cqti
etlo
fgwp
avfj
ddkh
eytt
fkkn
frul
bici
eazb
flmh
axdq
frxh
chtu
curn
fqrz
daru
beoi
cafr
ckdh
avrr
doyg
bexo
anit
cprj
dhvl
biai
dcxy
fclr
ddra
focz
fdgq
dvwt
avlt
amfi
cnhw
bfbx
cchb
bncm
cnkd
ehuc
cdzi
acyv
chrm
eugx
brbe
dodp
facg
efcn
fjcj
aonr
ehtb
cbet
fjpt
euom
cfgf
epsj
fbxt
bbnl
dojf
fqxx
ebwo
auxy
akui
fpfm
diha
erju
ddef
eprk
exom
dwge
euod
cqvn
cbgl
drxv
bszi
bdco
cbiz
cycj
feen
exbi
aukp
cjgn
bpcy
bgwm
dwfg
dzbh
bzbo
azzo
epvv
azgn
czis
ddvk
aiaq
bhye
aulz
bxwk
banx
eewu
bhdw
aksl
ehjk
actk
ayrt
fgio
brsi
eujx
cmpr
clda
ezva
fokt
fqqk
cdbh
cqsw
fibo
axjz
dsyh
cnax
ahat
azot
ddwj
ckzf
fcwn
fjbj
cyrx
dekw
esgu
boaw
fmzi
dnzv
dsnr
fdkd
azvf
elru
frft
fouy
bwnq
csjl
bwis
bvoj
fnky
cfmo
febx
flbd
bktv
bwhy
abra
bchl
eauu
arsd
eobk
frwv
cxsx
dzbz
cqdg
cmnf
etnh
aoku
fcir
dpfr
cluc
faef
ehli
aokm
ehxu
ausp
aamd
fqxa
dasf
baic
efoc
fgqi
erff
fncd
cscy
akhq
azts
cprh
bjzj
cfvl
bnhd
dbwx
dvky
cpyl
bvii
cthn
exjg
bneb
dmec
frqa
cncw
dgwr
cyqc
dtlj
eayx
btpy
cykk
amat
flvn
eovh
bmka
ddym
dwxu
cfgz
aiyw
cprd
deqt
aseu
bhml
cknp
fakc
cjkk
eenh
fqvn
awqf
akbg
bjce
eozz
bpsu
agkz
boaa
ahhj
deuw
bkkn
euns
aeyl
dcac
davp
ffve
boxb
dxjh
ahce
cktt
fmbm
bdlt
deoz
bqyl
fpzq
efgs
fkwg
aehf
buac
dxhu
eqik
azrk
blnj
akop
cbst
bzkg
efzi
dmom
aoul
eocc
bdww
dlzd
cqhw
fbqj
fhlt
aryj
crlw
cgzw
fcwj
clcc
cukw
eztu
dswc
fnas
cxgt
agfy
bjdo
azzn
bepw
evjn
bhzl
bwjm
esyc
fhnx
elvs
enih
afqc
aeqt
cbao
bkww
awlh
aaau
flqf
ereu
drgp
ezcm
bqys
cssb
axqo
biqc
cjts
agry
avet
djvt
csmt
bgsy
eyqs
czoj
cpyx
emub
fgmo
enaz
ceww
frqp
bdhf
diss
axnu
edto
cavp
ekmb
bton
aqrp
cuih
evxy
egyw
cboj
egjz
btim
fgto
fkxk
ezzu
dnkd
bwth
ddss
bmgx
fpxf
dfss
ffcu
flkl
btdd
dlcz
cvua
ejnm
afbm
dvjh
aipa
awnj
dsxv
cuuz
clox
dasp
azwv
dcby
cnvm
arji
bwlx
ejta
abus
eudj
bvas
fajp
ehve
fqlk
atrg
bxhz
aflg
cslm
dfai
ffpk
edos
ekhf
bvyx
dnrg
fbmj
frqd
bzyj
bhyo
eoed
dnra
dkkr
baev
bqst
apvf
byqr
coug
eboy
blxq
coza
bvfr
bsmd
fcrg
ekdv
dcql
baph
cdda
eqil
fnxz
efgc
abnp
cftu
bcym
eszb
eafs
dgbu
dacm
cvhn
ctfr
btqb
dosq
bund
culq
egsp
bhyy
digk
eazw
frla
cmzy
aplw
cyjs
arpd
cnhb
aeks
cebu
efjj
brpo
cseq
bzhk
faec
dcnp
dpfs
dfrp
cpsx
bqms
dmsu
emsh
drbc
bqpe
babx
bzfb
etks
eofl
foqe
dqfb
fkpe
bqva
cwek
figy
bdqp
cawq
asjq
aeeh
esdk
cahj
dzav
ddff
bhog
ccow
cjtr
bvqq
cywe
aprh
bugv
cdhn
azcg
beua
ebmv
blhs
emji
deli
fdam
bwmz
ejyf
adtv
ezlc
disa
dzxq
aytx
cyre
buzo
fcqn
bnoj
axex
fjxe
eqeh
crju
bawe
cmpv
dpzt
ektk
bpne
dqgh
cxva
deti
fdmh
avjs
bose
bypg
cinc
atpw
bizk
dgwo
akas
chjg
eyzr
cemo
chvu
esft
fpwi
asla
eype
bwil
ated
edzv
cwzq
bjfi
dsxy
cxyk
bvjd
etli
esxr
bbtf
eong
acjm
dtpg
ejbz
agzt
eakg
ejjl
aqyf
btof
btfj
ffkg
axxb
bavb
eerp
akbq
blgl
cfkq
ciip
feou
dtzk
eclx
bcnp
dwut
ekej
cyld
exhe
cszb
dmer
cqbs
ffen
eqfi
dnho
ezjk
ajsk
bolw
dbyr
cxlw
eirt
bxlp
fksd
fjlp
aspg
fpma
dqsx
ahgm
aakq
fllj
ewbk
bhrg
dnmc
dakb
amqa
aqrb
aqwb
dxve
bsos
fgmx
bdvb
eylr
atjr
abxi
dnqj
fmvq
ebrl
bzrc
dzvr
drlv
eypl
ffbs
btnw
djaj
bsqk
cxzj
avre
dfno
agtz
duwm
drjb
eecz
fovl
bafp
aihx
fezy
cngg
azng
auwv
dufa
eibd
chbp
famo
axpc
emes
dufz
bcft
erxr
cdjf
foau
fppw
czdy
ecjc
bpck
ekwb
coac
bcor
eypp
baps
boka
drvn
eqza
cbzf
cygl
avph
enco
claq
dbew
axko
cfqa
aele
avbl
fref
emyw
avmj
cedd
fcef
abgw
beqd
ezrw
bvxs
evuh
bymg
esea
fopl
dfil
fjrj
edzg
flif
dwsp
fawu
fjja
bfej
camg
bimz
eikk
ehsl
eokb
arqs
byox
cixe
bbsa
ajoc
dzyo
eknz
fetx
dyja
bori
anei
edsh
cncz
cjzy
eieb
ccsg
bdaw
dcju
dwmo
ddzd
dnsh
ecyi
efpv
csny
bgbs
aqay
anmc
bibq
bhvb
flfd
camx
bjpy
bwpb
ecux
eivq
avgu
drtf
fjrd
dpdm
bzev
avdf
aido
fqlw
aoak
arzk
bymv
duot
agng
cnnv
dniz
echu
dkbl
cmlt
aunp
cofd
dowm
fasp
dagv
cntt
ehdu
cpxz
bygl
dmfn
bozu
ehdy
eeou
etpn
fkao
ehvd
cbgb
adgg
cenb
bqfn
bdjd
bzvk
fbrt
fpbn
erhi
afif
arqd
cayo
byrn
clse
bodw
cewr
dgjt
cvbc
bwce
epoh
becr
fdmy
drxw
fhcd
dplo
dhxv
bckk
dcof
cpdx
fhts
bbmt
akhr
cdzt
bjla
awnv
bamo
aass
bryt
duzx
ctpj
cner
bcki
aeza
cgxw
ebbq
dxxu
flbs
arku
czia
clnn
eoma
edja
ejmg
dlsa
aubw
cfap
ddjn
apum
cxrz
cozr
bzmy
cibh
dzfn
dhgq
czao
cyum
azpo
fddp
cmxp
crvc
ejcw
aytj
aqlq
afuv
ebvq
ehuf
bevt
fkmb
dbjf
dspd
exrs
cqnu
cmcu
boob
axgp
drgj
aswh
evlv
aqri
fmbq
cdab
ccvp
aviw
autt
fhic
deph
btme
bbeq
bdhp
eztt
bnwa
flic
cjms
byfx
cqpe
bzoe
fajt
fmjz
bbox
cxja
epkb
cirk
fkza
fnhw
ezrm
eias
ecll
atfc
dnru
cxoi
bjjy
akbo
cjla
bppx
cuwg
avks
eyxj
brxq
faer
dxdh
cbzy
dcrp
dukb
abic
ekoc
ekkw
ezbr
auym
akln
cayi
cfxn
eyvp
exnz
ffht
fols
eyjy
dkfo
ajks
dvre
dcii
agqy
bjew
ezrs
cnkq
dssp
btot
cdez
evdc
ahhm
eluu
czyx
akcv
dqtw
eryl
dzwp
fmvy
denm
aetg
etcn
dgtj
frib
ecal
ekze
ddpc
bdre
cdml
fhdq
bvvs
dmxg
cifg
dtys
ffjg
fffw
cvyb
awbj
cgze
dwdh
fkkv
axjn
cezm
ccll
dtbl
dhyi
djxo
bbqh
bwln
dozl
casr
axba
chnw
csaj
bpld
adrl
enrm
favv
acuu
dvmx
ffyw
ayrs
cell
dydt
dzuo
djdj
ahba
eqov
egum
bxys
fbjo
fnwq
dotp
expf
dcnn
cuyg
ewhe
edoy
dmmp
eqda
esgh
bjtg
daon
ckau
aedg
ckwq
dsdc
bmsr
bful
cjds
ejjf
canb
bbay
eqjw
dykd
dfjj
dusj
bcrc
bibe
ajip
cfkv
fcht
avab
fesq
fgcf
cfil
bmjy
dmvq
dnea
ciwq
evvu
cxmu
clfp
azny
dcsd
fiep
eaek
camy
enjm
anoc
foox
bvtv
bmpw
aqtx
fjwv
bszv
bjtk
afqb
bhuw
aufr
efjf
cccy
agtu
ciwy
bclt
dwmp
ayzm
ewvi
euaj
dhzd
btla
exlw
ecnq
dwpq
byov
falr
dhjj
adfz
fnst
erxl
dmpr
fmtg
emld
aegw
dwft
ajrv
cggs
dfuy
dmvx
clex
bgte
ezlt
adxn
bofa
bjal
dxap
edju
cuyn
exyr
eynv
filc
bmnq
cmzk
dtow
adtw
dqda
fndt
adks
acoc
dsws
cxxy
dxar
bxxy
dqbw
ebtv
aggn
btcp
affm
cgez
azfv
btwx
dubi
cigi
aluh
eamf
etwl
ersw
bxah
aivt
eifr
alqb
fggz
auaw
aqty
evkf
dshq
cwwb
dolh
esqr
etsq
bpll
djgx
drld
cmlk
cyab
fhbk
aaai
bnuc
flvg
cajd
dcue
dxoy
bbqv
aojg
aimv
fdly
czjr
cmag
egcc
bgva
dxgg
dxnm
fdxn
dmks
dqbx
eqth
cpkd
deqx
cuvb
diar
erfs
dnnc
aecc
atvj
ejcm
dldh
alyn
exyz
dboe
cfwx
bqmd
aqcn
dipy
alwv
fjwh
adbw
fjge
esre
aslu
adgb
cjpl
ciuv
flqw
bblq
aspr
dfsb
bcfs
aexg
cyrq
cxgh
ewdw
dlqd
bcpk
ebws
bcuk
bxsd
drbh
adgi
cgld
fmdg
anie
bolb
awkv
dkiq
ffvd
dmjg
exjh
dcbi
eaxg
bwek
clor
byob
aruw
bdhy
emrp
dzzj
dzsv
dkou
btuz
aclt
fdgb
cvob
ambf
bocs
akhm
fcuz
bhkh
awxk
dlhk
amqo
cgjv
aaax
dtah
azwd
boyx
atap
bnhy
cbjb
cbik
caur
acbx
fkqp
cyhu
emlw
egfo
fksv
ckrc
btyn
ekog
dqux
byrj
eywm
caly
cona
dweu
bkjv
dhiy
fdrf
fncf
bzig
dxst
cnum
datq
agac
eswd
ezui
bvbd
ayyw
cryh
bajm
fevx
esop
fnjx
ajdd
etoy
fnon
bfth
cfnu
drow
cagg
duyh
ashb
bbrj
feue
btrv
anhf
fdrq
fkba
dlau
ckjl
ayep
bwib
cjlh
cbuw
bqhe
brpn
ewwo
ffkf
bvut
agah
bcza
cbft
ecyh
adio
fnau
doik
boun
fdhj
esdo
dtfc
aknz
ebfe
ajeb
bgzd
cbfm
fgth
dhpe
ffhp
afgo
dxmo
dkec
cljn
bgmh
dvnx
dduc
bzsb
cpqj
agsh
dolk
evfl
dijk
croi
bvsc
bnio
ebvi
dlru
ctfn
cczu
fggw
byqp
cyoy
dudo
agql
ajyj
buzq
dads
anro
euvk
akwm
cfvh
fkjs
dikw
fmce
dyjo
cdku
fncm
bbtj
ahes
cwrb
ayke
dkvb
crjm
ceit
ecet
aura
ebmq
ezgx
chsy
ckcz
cccg
bqad
fesi
btwb
azsq
bhwu
dvcu
ecqp
awbi
fmei
axnn
dwts
bezg
ervc
bbuc
dzlm
buvv
bpxe
ajnv
echd
djha
bwuy
bwws
fljv
fdfe
dszp
dmrl
ckby
fjtb
adcw
anzy
epse
bjtz
dnqb
cnnd
dxkn
enxt
dcww
bpgd
ahmy
cicg
atka
ahxk
beck
bkyx
daqb
apjy
cqcg
cfuj
cohs
couq
erjb
fgpf
fqtv
awad
fowg
ccuk
bqlx
dfab
cpyj
ezvg
ayrn
eyde
fpic
adsk
exfo
bngh
bcjr
eaik
dqbm
ahpz
dfeo
djct
atwx
cgoz
dhnb
bzcc
ckra
cbfn
bqci
ddhe
btve
bzsm
cxob
dnym
bzij
dmby
cwgw
adjm
cmnl
atcq
dwmb
cqdj
ekjw
axfk
ahoz
bshp
dqrr
axvi
fkas
cbti
adsr
csay
dgfj
fmga
bzgu
awer
bfde
ffec
amoi
atae
ciks
duoo
bwff
cwnx
ebsa
dfhm
bfiw
fhcg
ayub
dehq
bnwh
bysa
etow
byrw
dbgg
amzs
dgoq
dbfe
dker
bmen
cljd
divp
bmyw
eaet
fgix
cpxo
bqgy
fgrr
eyid
bmjz
fmqx
aqse
dsqo
domq
acij
ediz
biva
dhbp
fqpt
bprr
fdsf
bmpf
flwi
awbl
ajjs
byoj
eopn
clcw
dxqy
deoy
dlny
cnwk
dydi
adfh
csub
elfx
elza
cdwp
dyrq
afku
cqoi
cpzc
ewsr
cvpo
fofi
bctz
cjpd
ckof
esqg
ctwc
cjcs
bzse
avta
esgl
awyu
duak
aiea
cvog
bhmf
ecwc
absz
froy
bupj
awuv
dzzy
apuc
biwd
csre
emfb
ctmo
fhqm
bczt
deui
ciek
fiym
dqhx
fkiz
euux
ajaa
ayaz
cuup
euub
ecso
dhqj
amzb
dahn
ddba
djox
bcka
dzuf
csul
exvc
bswu
bsch
balu
esul
cpid
ajjf
dvbd
elgq
fatw
aacv
egmn
fcxb
fpir
dhmm
bgoj
fppf
eryc
ezlo
aubq
enae
dret
cylk
boso
cdzc
amji
cqzt
cjzx
eowo
elcp
bfgb
cxyg
dozh
cxsz
druu
cwpn
eset
duva
bniu
aywa
adeh
cpnl
bzlu
egvu
bwgb
aepe
dkks
esbk
bxda
erry
bfwu
dlkr
ajae
fhyc
cshc
akmt
dfcj
duiy
bcuq
bnah
flna
fmky
dqgu
antq
crow
bifo
duzp
dxgq
ahxd
boao
dwem
biom
eggu
awvm
aoex
cwfg
cerx
ddjt
buyl
eiju
effm
agog
etzy
dtge
bgax
bxmy
bqxh
bpej
chcm
bruu
ezxm
ckgh
czbx
fdpq
dibp
dxkv
cujx
egxv
dfcq
ahrl
fder
cqse
etwq
dwqd
aqry
clsj
bpku
almi
atmi
cgyr
ehqt
fdfs
dvja
bkwx
fcnq
dzir
bify
dekp
czli
ersp
dxcu
dwfv
akyf
czei
djam
bjca
awdr
btqd
bnbl
drmc
bdvy
anab
etta
efjb
dmbx
clhj
byey
ebfs
avus
erbd
fgod
amhz
eaxp
aidz
btvm
ezzs
adnn
fdfq
aqxr
coit
atgv
dwam
dfry
ddhf
afoa
cfmk
crwc
evth
dhgj
aaoz
dtyp
bmyv
amqp
bsel
ckbs
dnob
ckks
bhia
evpo
ajrn
drxr
efny
dsth
fluc
eael
cclz
dmtn
cqof
dpri
ajvz
aolb
dkfc
eqxs
fabj
exwm
fkbd
eeuo
dgtv
clxz
bhoa
eiwi
brvg
fkno
beud
aakg
atkg
dvnc
cgot
bqol
axew
alss
djtd
aohx
ehul
ezmv
drwn
dmjx
fpbf
fops
bmrs
bswl
crjv
bpxz
bfvf
bfgs
dkvj
ajzn
fflm
cviu
egmo
dxqr
crln
dydz
dthz
fopa
dtkq
dddn
dsrs
boww
bbwb
bdas
akkg
epes
duha
acdw
bzus
froc
dyrk
ewcy
ahit
dclr
aamj
fanh
dbbt
dujx
eeib
dods
cydt
dksg
foco
bgzc
bpyo
bdci
dimx
cjay
dpiy
cdjj
aahu
dgdu
dwkd
axvs
bsqr
axze
cefc
eqwc
cbtm
elsg
bihe
eviv
djbc
ddle
arfb
akfy
efvb
fedm
cxml
egls
afgm
bvry
cshn
aqgf
bmuv
fopr
crof
foyl
aoif
civy
fboi
ffvs
bmzs
bcsg
bahu
aptg
djjt
bqpq
etdy
deic
decr
bfkc
csol
dkls
bszo
ceip
aqpd
cgbc
avww
akqc
dvkl
brnf
dmqk
dahs
angu
bmvf
dxhs
bono
csbp
ajkd
fiho
cpbr
bbzq
clnc
ddid
eitu
cznw
fmpd
dudm
ctci
ckns
cnep
dric
ajel
athx
dycz
dsjg
cdfq
ainl
aicw
fnah
evwy
dmxj
cure
bwdc
abty
bohu
aeyg
afjl
cofu
bouz
anbe
eemt
bonu
fbdt
fmzo
ekmq
denn
adby
fclw
dmsh
arav
aijl
fexs
crpv
dhkz
bshf
drks
cvxw
fiyk
fnth
bdgx
fchv
fbio
bskz
cjyj
fowj
afrh
bkrk
ahly
ebpx
bocv
aaga
atlk
aqqv
czhm
bawg
cvyk
bkpm
cgmm
binv
degp
ccyr
bras
fgiq
dnhs
cnnw
bqeo
cgtc
ffgv
eavs
emsf
fkkm
dwde
cwxy
evhl
bubs
cnzt
chfv
djyl
ekya
fmjw
eofk
dlvv
drwc
bdiz
ddio
cegu
fazp
ckyr
ahbz
atzs
alcg
cnwt
cykc
bldu
cxyq
cxif
aaaw
fcfd
cjfc
agvo
ecig
adzr
aqei
apdw
axib
dtxt
eyqy
czel
dhou
dthj
cspj
btje
alzl
ahck
dvdo
bxrk
dsar
bpgn
bjgs
btyp
ebto
aocc
etio
cntn
esxi
edau
bbas
chec
eagp
chrs
ehyh
dwoa
fhbp
cozg
cuhc
bsco
abdf
ewgd
dynk
ayxu
dstg
fbhs
egvm
avcd
dcab
athq
ejft
dcte
aggj
cnms
fatd
brjk
fkap
eloz
awky
aqln
dfpy
bqqj
akpq
bgcz
avvi
awzs
bcnx
ejvk
emje
aiym
dmpg
byef
ckdo
dwbh
cljr
cltj
dkho
apzt
ezyb
dcyj
erhq
aalf
cxhl
barr
bxmv
dcvr
dvhq
fles
ccue
dald
bmnu
amny
fpgj
fags
ehyi
fins
eejv
dglv
cpha
ceyk
cahw
civo
dseu
euwq
btlp
ajgh
aaoo
avrq
apiq
cieq
fkft
cumk
bsec
adot
bcqr
emjm
dkfa
fkos
fnbq
czza
aeeg
cygy
frwc
cynq
fmcm
bkjc
fgcl
ctap
bavj
fhto
algh
dtii
bhfl
fchz
esde
febr
cqyw
cjub
bptb
dqad
dumq
dixp
dzlh
brjl
cqaz
bjuf
erux
ailm
brim
ejcf
aptp
eydr
aejq
axsu
csbn
baon
cqga
cktg
fjkv
bbqb
dsbn
fljr
egtt
exbo
etmg
crnc
emcp
edxn
csfk
cari
abzi
fdwj
dawi
eiuu
bjww
fauq
cvxd
evex
bdba
eolm
ekqg
acso
dcwf
cxjt
dwom
bmtf
belw
fick
eyqj
bxsq
atfm
baxe
dxyl
boaj
dqzy
dwmm
biuf
eizl
dooy
ezoq
atxq
cniu
bctb
dviu
cisf
dshg
ahqa
braz
bpkh
eocx
bxyw
dunn
ammm
esyf
aysj
cfam
cfcj
dmgq
eize
epsg
dsil
emkt
cxyp
ekbp
daxf
cgjc
agif
fjhi
bwar
exzk
colo
djzg
bmmo
dkey
dbgj
amtj
bzqo
dktb
fabg
dwmy
eoak
fhxr
cmry
afst
bbxv
dmor
biak
cknx
benf
cpsd
dfhl
bnzt
fasw
efze
apsn
azhl
bohm
crbx
afuh
bqwf
essn
bhkp
epaf
eiab
axez
fhgf
atgh
fqxj
cvjj
boax
dvep
ekvx
cqht
dzbe
dquv
cphh
asoi
bvkv
ayoc
cirl
frdu
benu
cunn
bomz
dpgh
ctpc
crex
bezd
dhzt
cdjm
crxz
dpcz
arbd
dytb
ahca
batk
citg
adzc
bjpw
alwg
btoz
aths
bcng
bhze
boxh
ffnp
dcxp
dmyg
cyec
bgem
canp
cbav
ampi
ejnj
duym
acvo
cdzf
ayra
ehjj
axtn
bdbd
bmcg
dkql
dqou
csyi
btwv
dfvk
agmd
eidn
fren
ebfw
dupo
aqyp
bfpt
dflc
bnhx
cfos
dgyw
citn
ayqv
abmc
dvrc
flhu
cgzt
ffcf
blno
bubc
etmb
fnks
axjd
cmar
asdz
byga
clgh
cwfp
dtef
enlg
ecdf
cpgg
bbpf
blil
bpmt
atsv
fiko
alyj
ebev
basd
bsek
fhwk
dvvk
anjc
blth
acay
bxxj
cqme
crkm
caer
dcis
fdey
cjec
cusy
eqcy
bere
fbfi
bpxa
awqz
ectr
drni
cdlz
bdgn
bolo
ckmv
amtr
bekj
difb
evev
dftq
cvis
dohd
byxo
avtp
dwsf
fasn
cnmt
eclw
duat
adjv
ajgo
coic
bbip
ebry
eofy
bztb
bnya
bucr
cbco
dmch
drgr
cqkj
caop
arff
afgh
atsy
embo
fpdt
exwe
ffll
bivo
dcip
fbnt
bfsm
amnt
conw
azxu
eqzb
bvuq
exjy
ebke
apnf
blbo
eysm
elug
abll
cpyo
edgz
bhjt
btch
dlbx
ffer
elak
dzzw
bfcn
efxl
evdz
acaq
cxjx
dtvr
eogx
fkoo
byod
bexq
ddkw
asbq
anok
dxdl
akgx
amza
dvsa
diux
dxko
dajc
cjfe
fhct
fmzk
bbsw
bjaa
cwae
buux
crpw
bysp
bnte
esxd
ezzv
cwfa
ejxh
ffvu
dixr
cncg
cudl
bzso
cxmr
addo
dyzw
aerl
bvcv
acls
dcgu
airn
eymi
afdp
dosb
edvb
etbc
bzra
ewmi
epos
cbgo
cqwf
bkzu
eabp
akqt
dqma
akay
buuk
cssf
difk
aaxb
dsle
antc
bdup
dlkp
bdja
bcnq
evma
bdvw
arwk
ajgu
catj
aaco
ehsw
dzjk
fisl
ainm
acrm
dgil
dntj
fdzm
emxq
clhy
cbfj
ayvd
bgph
emsc
btpd
fgoh
dwxo
dqut
dxaz
bhgu
ctfu
cjuf
djrs
dazb
edyy
ctpw
bxqv
ffoq
ewtm
cwjq
dfwn
asej
azlt
bddp
atgs
cziz
fmbd
dakw
btej
bhpf
ejrd
aztj
bqlv
cvlt
djmw
akzb
blww
bwbv
cvwl
eouj
adtm
azln
flfi
ewlh
empf
dnnz
egfd
dpnk
fmnm
fhpm
fpwm
evih
dtas
brik
ailp
exkf
bjfq
bhov
dsrc
cdzq
dspu
ccke
cbhv
flir
axtz
avxo
aued
devj
aita
azpu
cjdj
ddnv
ecpn
eudi
czpi
ffbt
aked
fdtv
bjkz
dkff
bkrl
azje
erzq
bmgc
ajre
cbns
flas
efwi
evot
djno
fnoi
fahm
afpw
bvyi
cqyf
aifg
cdyl
bknv
cmdt
dcks
azyo
etyr
bwoc
edwo
bfqq
cdxy
dheb
clix
dljp
cyqf
erye
cwgv
ablv
dtew
eucr
cvaz
awwr
epac
boqx
edwx
eitr
cojy
frua
dvqw
bqzj
azyn
dpqm
cnfl
camo
dbwl
eirn
aiwb
fklb
fcyn
ffvp
eohu
dyib
ercx
amds
acua
etpi
bpoa
bsfx
bicz
enlb
eakt
evdu
dgqr
blov
afha
derq
fkgb
ecgo
ccye
bhcj
cfbc
becz
agxb
dsyw
cgdi
dnjk
bzbb
caaf
didx
cfjc
eguh
bzxm
cfjd
bpju
fndg
fohz
czyn
cmll
erzb
dvbt
adfm
ahyr
eihj
ahuu
flgq
frut
amlg
bpdp
ctkz
fcus
bthg
ctys
bjxj
bzqv
ergp
feec
dgyd
awkc
dais
crrd
abrp
esux
fbbp
cccd
dljy
bsdy
anex
acub
bkqo
byit
bfci
ecpw
fcga
agwy
ayrv
dffn
cnch
bcan
ahvi
fgyo
dklu
bapj
bqgb
fnkb
ddyb
enne
dafs
eqdg
cqkw
aomm
eeno
egty
afsy
fhve
bvea
avyv
dobs
ewgt
cswo
fqme
fcsk
buhk
axci
fecy
eirz
ccnl
douw
doeb
eppb
acyj
dsdp
bcyy
csrk
fddm
bdws
dkao
bzbg
figs
djtn
euao
avtl
dkoz
bpmi
awxg
cftw
dhqh
cyqg
aiiz
bana
dzxc
dmvp
czwi
eief
azvw
atxa
amju
adso
cwzp
brps
eoce
ddkj
cusb
abzq
adob
dadu
egew
eynn
bhyd
fesr
bbbz
emfi
awai
dgdz
avsu
etgz
eits
bunt
esiv
aizh
bced
eddn
dcbt
azwa
cmkb
dfpq
bttb
easz
esbi
eagy
dzgj
dppd
alio
ewsv
ayzh
elkd
dovy
bbvu
eica
ampj
dxnc
aies
acyz
bknq
cegg
fqkd
adkn
clqx
doyk
fblh
dine
ecjx
elbz
dpbc
bhwb
fcwk
coie
eavv
arfx
cnjx
dbpj
dbqu
fcfm
dmcr
bqur
fjxv
fiif
egtm
frlq
egay
evfr
dxok
axps
bnip
amkh
ctps
ajjr
aanm
cwej
fcoi
aqqf
diqj
dtro
blkv
aryr
eanz
evkw
fkpo
aavl
dgls
eheb
epih
cbno
bdwq
dadt
clja
dnox
dqho
foxf
fgeg
dkcj
bzyu
ecpt
caus
bjit
enyr
bpui
expq
atgc
ejfp
bbpa
dxho
eois
bhtm
dhpb
btgk
coip
ctgn
ezhi
ahro
dfia
dpcf
fnla
cpmg
dzmw
cdsa
btdb
eczt
apla
bxgn
dyqg
axon
bqqr
ezlk
eqhb
eecm
auvx
frab
cfqd
evyy
afcg
fkpb
bdwy
fqne
dirr
dyic
bkho
fedo
agrn
ehwj
exyc
ayxt
dkqp
dwfn
etqe
dhna
befh
dgkk
bcye
cdeq
aglx
eaae
ddwg
cshi
adsf
anft
dbgr
bmut
drfh
asts
bkqt
colh
boac
bzre
bxpy
fmzf
exyt
eycn
dfyn
dbbr
bthi
edar
dvmu
eqcc
egjn
dpeu
euwn
dehf
bpno
cqae
dtyt
blre
ephk
afdb
dbta
avxd
buoy
deac
cnvy
ewmf
bdoo
dovu
coii
ehvo
dzut
cdnn
edlr
eybl
cdwy
fmox
cdmi
annm
ahfq
bgvd
bcdk
brre
celu
dnls
azyq
afvg
cdzr
akqy
bjgc
ctiq
brlb
edyp
fmsc
eiku
arxz
birc
arhv
ctob
dnza
fkue
auhc
avls
ekgm
eytg
ekqm
akct
dmub
apwc
aimg
botj
drjf
bdit
eiho
ekum
flki
fkbs
euue
cmcf
donj
dwsv
bost
emad
acft
dpop
amfs
ctki
cstv
bbzl
fhhl
ecwu
fcrz
crzf
eurb
cqad
ewnq
daft
baox
aclx
atim
busu
ejvq
blis
ezbw
evjq
elbf
cvpk
aexl
dmfc
byuy
feta
ezko
bgcn
elgc
dkxe
ajix
ffjf
drcj
egnq
ezax
ejvf
byfd
dzwa
capx
afug
dbvw
aykq
ckyb
axhx
cdva
doxk
cyng
avhc
cirh
cbtu
fntm
ekti
cmim
deqq
cwdr
fcqy
bsad
advz
ccam
aqlh
dxxo
czks
ducw
arsj
eynt
ewxm
eolr
djem
bclk
drpe
dneq
djkc
cumn
esjb
akff
caxi
afsw
dgsy
fpjm
cxvq
cumz
cwhk
dpyp
btns
ecug
czzi
edwz
bduh
fqbh
ejkn
edxe
fmfo
fjsm
bxwj
afii
fpwf
fqaj
bopo
czde
cotb
fgqh
dzvt
ebjy
cggi
bvun
asdb
boxq
cuef
fahg
dmpd
eibf
frbr
ewus
fhiu
abyc
fakj
bjyv
dahu
elfp
altl
bchj
evpf
abkj
cyzw
dfgf
ecuw
cqze
doge
acra
cmxs
dhhj
chwi
dlvg
dijp
cyfk
ebgk
ahhr
dtww
fiol
botk
fabl
fqgd
fnbc
aubs
acco
fjkf
dimc
fpdb
aifo
axvd
dcmu
anuz
fgee
adxs
bowe
eqyr
bdeh
aunh
fpag
aept
fcau
dopw
axil
canw
cuqi
dlhb
cdzd
cbmf
akbe
ddql
bvsl
bmig
dppr
ewsm
dimy
eclf
eene
ecfw
fmad
cgcg
dlbn
cznq
bccy
ddza
fnyq
ensv
clge
dxdg
bsag
fexm
amzk
fgjv
dmmn
fgyk
ewhm
dvot
emgm
egpc
eqtj
cfur
bpjp
ehoj
dsoy
ezhm
bwfq
agyn
ewgf
ejlh
csjo
acli
avva
cito
bgnb
ffpf
bqjn
anps
dgpi
aesw
brzj
djdc
cemm
fatp
fgyl
emll
amvc
amay
apvm
cvyx
asnt
dmnt
bsms
ahmt
ffki
emyu
cwna
clhs
aygs
crzi
faim
avay
aiam
baji
djpz
fldo
eugv
dnln
eqjp
btyr
frde
bsqc
bwng
dxtv
ddhi
drvr
ehkt
bkmr
aahy
bpvy
fluq
bxrl
cjzb
elym
bvdy
bjvy
coed
enow
ecox
bwzv
bqzd
fjvk
cjzf
dujs
fdgv
dneu
cene
ajiu
bdfb
bikn
evag
ddvt
clzp
ezrr
drmh
fmnd
aidc
dlif
criu
dmyk
fibl
ckgu
eukh
enfa
eztp
ekwc
cqrp
cour
drtp
aety
czds
bdax
cvub
ayii
amkj
fgcu
fplv
bvup
blje
fbph
cvid
dbds
ckkg
aoaf
dvsg
dmoe
ajml
aalg
dvka
bkis
eznj
awyj
dsiv
aanq
erpr
feyi
athk
apoo
bapm
dsaz
eprs
bpcq
cvns
conk
exee
bqly
etny
bkxl
apka
cqjs
eqvr
emym
eljk
adlm
cjaq
ddfv
agjn
boei
dfaa
cysy
fcim
euzx
cfls
cdig
blmb
brph
fpdo
ejwl
enzi
ehii
etnk
efix
arud
dssz
ewyg
cthv
bzdq
ceii
dukx
epor
dlmo
afaf
fivr
aogy
btsv
afvm
dxtq
cden
eisk
fkyn
emts
fjel
bjco
fmqc
cyvw
ciri
flap
crev
eoiy
cmla
fgsf
ezls
blxu
erzp
aych
dhqg
dxnk
extr
bndw
erle
camu
dlvq
cnii
cjyv
btux
csdl
aupz
fnzm
bafx
fqmt
fdbk
dasx
ffwv
adnx
aofm
ewvs
edre
cdsd
aoon
axve
epyw
amxr
cjgr
dsps
axrm
cuiu
asie
dpvc
ckfe
cjae
fglf
acmf
foyi
aiyr
fftg
ddvl
ddhn
ebvb
dpkx
ctsf
cgvu
fcnk
cwbd
ddgc
chqb
abbz
dztm
dgvc
evrw
dmsj
fqop
czku
cvrk
bnce
akxb
avop
acpm
fnaa
acer
asnn
axda
afmk
deon
dkfm
csdz
ajlg
etex
djmz
bloq
fovd
elaf
fkdk
cxiz
fckw
auqj
aurq
bgpn
fbui
fimo
adpx
evpj
dtxq
dwuq
cfnk
epwp
adrw
ecnw
dgvv
ctul
cuyq
esxc
elbh
dqkn
cwiy
bmdd
dgtg
bjnn
fjla
asof
acmj
cvak
bjic
aefy
drat
alda
enkw
bilx
ffny
byrr
awrq
dfvj
amrn
cijk
eiyr
bper
abop
cgmo
ezkr
ebbs
aaxj
eetc
cyup
dkzz
epnc
btoy
csks
djuj
dzjs
cuxm
frxy
atny
eowt
ezgs
cedj
eyyv
cxik
faeo
emut
foee
bstd
axqx
drgq
bhzk
fooy
fabb
dwyr
erpz
bary
aezl
dnjb
dvjn
dyye
dxdo
baoi
elcs
efgy
btmw
czbw
bihl
arql
ebas
fhij
abbe
enef
bdsw
dwrg
cink
bted
efnq
eoxz
brby
cwee
bbyi
cvkk
cnew
bjix
dybi
djku
coxy
chjs
daqu
fiix
fekp
eikt
bcdr
dnhg
buuv
aroe
dlht
ehmk
aaaf
ddps
babp
atis
aujt
edof
awqs
djkm
frrj
eufm
enaq
dgnn
ehwf
btdp
dzhq
eltd
czyk
axuo
byvr
duex
dlxa
erxz
fjwq
buwu
bkuq
bfyn
boyt
cfuy
fovu
essb
eunr
eliv
avhz
erns
aiwa
euov
dunc
edye
alzr
etfc
dlla
eeuw
dgpm
cxwl
csyc
fcqu
eoor
bjgg
fclt
aewi
dwzl
avsw
cqjr
cnlu
edrz
eupi
bnrq
agxx
btbb
dpow
fgrb
bsmu
cpas
adnv
enqs
bakp
eprb
arng
aimh
eoik
dcfq
broa
cqyl
dbks
cjwn
bmoc
dunm
awns
faud
cxsr
dxqz
asvh
awwv
dagi
cieh
blvt
anrl
dhxd
dirw
eqrj
axhr
eqot
ekol
deki
flpz
bupx
dvhb
clqj
aquv
edzo
crvw
azmz
dtrx
eqas
cuki
elfw
afni
cwgt
achz
bsct
bwlw
dkzj
efjo
badd
aryd
cpdm
dqgi
fbaz
buye
bdcr
ccxv
fgge
fanu
dags
emkp
flib
enrw
bvjk
ehco
drty
aoji
aolo
fnbj
byle
ckfd
demh
dvht
byyf
cwxz
filh
deje
bwyg
aerp
bcyq
bfxl
fdsu
dkbf
cgqb
dohr
cixx
azag
aagq
dreq
arad
caot
euxz
cymq
cswj
dpct
chjj
amkl
azfc
bfnc
fhxn
cbhs
exrf
ffsa
eboa
eybx
aqpj
cstk
dljk
fpos
cgnn
dtyl
dwjj
eqrl
fcaj
djpm
atyl
bfrq
bswm
fgwc
axky
ehcx
bwaq
ahai
brdd
cbtq
bhoh
evwj
csbw
eito
bpfj
asqi
dvad
desj
arqr
amrf
coyn
cusr
dvvz
bydo
afmv
ayba
cnvi
eloj
asud
cyrk
fcjd
epsq
fhcr
ejby
crok
ecxz
dppn
eqti
armd
fqfv
dtcm
fhiw
azvl
acfg
cffe
eqvs
eueu
ekyg
cwii
dipk
beau
bubj
ckpq
dlkn
bqtq
bcfu
acyb
cbkx
ahmj
flzh
ccbk
ekbn
emqv
ehtf
fhvy
ebxl
aszc
dmgs
byei
almu
awip
bdcf
crlx
cvhm
djwv
dlby
dqeo
elzk
bmec
eouh
bbul
boih
esqs
cegy
dvtq
aomb
eofu
butc
dylt
bnzc
fdbh
femc
ddyh
eban
audm
bhix
fkdv
bldh
eggy
cwic
aqbc
buqk
ejul
calk
ahtz
ccvr
bbki
agih
fkeu
cnim
ebmm
ecij
aeqv
cove
cyyi
fggr
fokw
fibn
frnx
fian
dkbd
ahlr
cdzu
apoq
evfd
clcn
anzr
ahyf
chae
dcmv
cxxl
byhc
dtxu
acsm
bnys
bodo
amlw
byrt
bgea
dtyv
fpil
esvo
dqlw
bvvr
bbdw
bbdf
focf
aity
elpe
bygr
almp
frmn
aofl
amoh
awyz
cuum
bxpm
apkh
anmn
dbyu
aqzv
ctnv
dfam
blwu
cnda
cwkw
fenu
blli
adpe
djdm
cnty
fcst
bjfc
dndj
fjyp
cavd
cpsc
ecel
bidf
cmtl
avqb
endy
dmgx
dlrr
fmnz
fcaq
cbhx
cecw
eprh
cudh
cbvd
chng
bskv
bnmm
fccj
cilh
favk
avse
dtws
eppg
fbft
drmn
ckht
eaxa
fahq
bamv
dhet
fqlt
chfc
asou
atmh
ebhy
dacd
atiy
faaw
duyf
djag
dvnf
auhx
boym
bewo
fhrn
dkfz
dfbl
fgug
ddsr
ahzc
ejqt
bgka
anhc
bxtq
dgqw
caaz
drkn
cgea
fmgm
asis
esmo
ctda
dkzn
dbpp
aiez
elso
fpjl
bhii
dkah
egzz
cnve
adbv
dtjq
bxtd
cepu
dedy
fddq
flub
cepk
bsie
ecjo
aoba
btyh
ajta
dsuu
bejg
ewsf
eokx
agus
does
dfvr
codf
bwap
ffcj
bwij
edcy
blwi
enzz
cslx
dmhx
elwi
bfef
ceyl
djdo
fgce
bdml
ehcn
elqh
exbf
cwuq
dwwk
dliw
buyj
dank
btwh
ddrt
chqc
fkwi
axzr
eiaa
dsaj
aigk
bzms
batw
clpv
fbdn
bwdo
bkyz
azms
cyam
fhiq
dntz
brpv
dgro
fadx
awvn
accf
brwp
drcq
dbcs
dobk
ctfj
dhjb
daiq
fcua
enmz
bvim
dvvc
abik
ehkk
fkhy
fess
crcj
axen
fbty
ajef
eivi
cjex
dxbl
fomt
bngj
cdxg
faze
evho
ffog
dshe
akno
cqzh
fhkr
fbpo
athp
atnk
ebos
feqp
cftd
fbig
cxcx
cexg
anub
ceoe
fpyg
duzf
dlet
atbs
duoz
bbjs
ebub
ceua
cyzv
egmm
dvji
bmov
dwkc
bzhi
aaru
dfsz
dthr
cpkn
emfy
dvpt
dxlo
aklq
bvnf
anix
fhkq
batm
cglx
flds
fjbe
brxk
esaw
dfoy
bahp
eczr
djnk
bbfw
emir
fnmt
agxh
eofa
aopu
arfh
dcop
emiu
avwj
doqa
cbnl
avos
bwgn
apyi
ewfe
devd
dncb
evmq
amcs
ejxj
emmf
crvb
fbxz
bpcu
dddy
basz
brci
cmin
ckxa
dcuv
chti
fqbm
dxkj
fmww
bqfr
erqx
dpzl
dogl
fgue
crsa
eftv
bnuw
ekgl
buwo
depq
cfbb
efke
fhva
araq
aqbk
fjoj
equz
cthw
cxtt
abcn
eiro
bfbs
dgwz
bobi
clrk
flrh
acsw
dbpi
bivl
dnlj
cktx
chab
efjp
eirf
aklc
bvmn
exaa
dgix
bqab
bmvh
dyqc
ctwx
dwzb
fobl
fcng
fkob
fask
extd
dhvs
fmlh
brop
dpuk
amcb
apiy
cste
dszr
eqfk
dyag
dlcq
divs
brcu
dxos
ecev
dcco
esis
dpfj
azgc
csch
buns
aqar
ddad
amzv
cqxi
auri
bykx
avqu
dsfi
bbdc
eulr
cbci
cpyd
drlg
cfeu
cjnb
amgy
firo
aime
dstp
amyw
clcu
edte
aite
eezz
diwy
bopi
cuxc
dbtp
cpzt
cbnu
fdlf
cqxh
fmdx
avem
dfpc
enhv
eiuk
cpsz
ejaq
alaq
ahql
epxs
dyta
femo
enek
cpbt
bfnm
eglw
eovs
asss
eswu
beqa
aaiq
ccfq
auek
docb
aoye
bjrw
ckcn
cetz
ctkd
atjp
dgec
ehjc
czgw
ehvp
apyf
dfoq
dldp
cayk
dkqw
brfh
eydm
crdf
bapu
bvvz
axjs
enku
ehqa
casq
afox
bebx
ezga
fhtv
badt
dkeh
aath
fjhn
dswu
cwas
crhf
bgxh
dwiz
alws
flhn
cgek
dhtq
dexv
dbzc
chqk
aatl
fjqj
bbqx
fpnv
fptp
dlen
cnhh
ejla
egll
dqet
ekgg
bhli
cdpr
ffqm
cxgk
dzrn
adod
cnto
ezpk
fcnr
alfr
ciaj
cext
bzez
effw
esuo
cwsy
extm
befe
eewp
cpih
evst
dulv
ainj
eypt
eekq
aoid
cddz
bjud
fnag
aznx
duun
doih
fbfp
dsys
daxn
bhts
fbfd
apft
extn
cgbu
esdy
eclq
fhcy
amre
dhki
cwfh
cfiv
appn
fqxr
akmj
alwz
dulw
dkoa
dlge
czsu
cino
eyas
dpwd
advu
fcma
frfd
fjqm
aiha
ckog
dtev
cgyp
dkwe
bxlw
eilf
alyd
cmls
bpzo
fqlp
duqd
cigk
dcyf
ccdo
agoa
bzys
afhm
dpnw
bcyn
bskb
eive
bcfy
djcp
aoem
bstz
eyxp
ducr
fkts
eyzt
dgcb
agll
etby
bpvf
acxb
axrt
dwpn
dmqv
alqh
enol
bftn
flbv
drbq
acha
bcuz
ehqw
dktx
fdda
frki
bgfl
dbzv
ejls
dgmk
excw
ajgj
bfsd
adoz
eaca
byjs
bkct
bzoc
eewo
eovu
dfsj
acsu
dnbg
fpjz
decc
amsq
enmv
chwj
czkc
asbu
cvgt
acmx
ahab
efop
czsw
adix
cpxs
eqvg
ecsh
dspa
axfe
cwru
ciok
fhnq
bduz
djri
egxf
fpow
ctfd
dozo
apdp
ckll
bfgd
efbi
cmnd
adse
epkw
egrp
crkp
buyg
dlko
beut
ccsr
bacf
cjux
angn
ariw
ajnb
czhg
asqz
axgn
ekoi
dtpc
dybf
arye
cqzn
amrq
bbzx
alvl
dzzs
cxbj
aerq
ajbm
deib
fiig
bwuf
anot
cukk
cbtl
egdy
dywq
fjzx
dlky
avit
dotk
cawo
czla
fqum
dlai
emks
aiwi
ffxl
ebtr
cngn
ayhx
cfzk
aqli
cevc
cmvg
argl
fqvx
dsns
aahb
foss
czsq
buch
blgv
ewgo
fbmc
emvv
bcxk
fmax
csta
coak
ccag
cuui
eidw
bnxq
cypo
ecch
cqla
flnx
fome
efez
cffq
bzda
dqfv
bbiz
eleu
bpnn
dver
ehjf
baae
bchx
epcn
cthx
cjdx
bjmd
bspq
dkij
cxcn
akxe
cmij
fgxk
dawv
fhzx
awls
emgo
amtp
eqjs
bcaq
ddso
dqwp
cssm
ddqr
fqvu
budb
dtey
bemm
cvqk
btbc
cgje
fidq
eifx
didm
bjzp
fdbl
asko
fdli
fabs
bhhf
ejcd
aoik
azxf
cgts
dqpu
fhbd
awie
dqfn
dbvp
atkn
cvwi
ctsw
abnb
drzh
fnue
brsx
enzg
bwor
aows
chiv
fezg
dkcp
cmdw
buej
aorw
dqvl
beid
ehts
bpsq
fkez
essi
dhju
dozb
akua
atzd
cddn
datt
frbs
dxdn
dnrv
boxt
eytr
dsug
elhe
flpe
adhz
bunu
dfal
aisq
enho
dezk
cxbm
akul
dont
cljk
frox
aimy
blye
boda
evoi
cftf
dslg
dhuk
dfce
dlvu
acsv
fjfw
fivd
famp
feca
fqxq
fjrb
aiex
eyzj
ffrv
bkcx
erey
bgys
bjlj
fqzn
eslb
flij
daav
ettc
fqcr
fqls
brle
czuo
ezpv
dkhp
ebkf
cwrh
eevn
baxy
awgm
azai
bzvi
bnmq
crmz
ewnd
dzkb
boqz
aafx
doxg
etyv
aidj
bthh
atkl
axny
cfpy
esww
fbhi
dmnf
auhh
dbvj
bbgb
eima
ddzh
bhnw
cqng
fphs
apjw
esxp
aknx
evdg
fnqf
epcf
bdsn
cmrv
dvqd
cpjt
bkwz
dwnr
cbfk
btnf
cnxm
cjdb
dxqc
aaqs
diks
btqg
cjuw
cvga
fdac
aglc
dzmu
cwpo
didj
bowu
dtwy
dfii
fknk
deih
bqfb
dwin
dbol
awxd
adsn
cgtk
exmy
cyhb
dnoj
dvuq
ebyu
ergw
bobo
afgs
flsw
cjxc
etud
dnge
earw
elyl
faqr
cfoi
fboq
fpmm
eahj
awzo
dpig
coev
dtxa
envc
dypl
djqe
bayz
fcoc
baif
cjrq
ezpd
byfp
clyv
anpe
cdcz
dxrl
bwbo
bbxq
dgmz
dyla
ffci
cqqb
avef
bmie
fafb
auih
edmo
bccb
brsc
cwro
cbjw
cldb
dgnf
bgsz
cbnb
blia
aebv
ayqa
bvaj
dhlg
czwl
bued
cgpj
deiu
btmy
dchn
bxrm
daco
dxbu
eyop
faqh
ceri
elcl
fgih
fqpq
cfhi
ajym
blzy
ehkw
dwbg
cmci
btxf
ehia
auyc
bgzk
fomk
bkcw
bhps
dlkj
esth
aurl
eciu
eykq
fitl
cijq
clyj
eicg
citu
aujc
eysk
asqa
bepg
fajb
cqzz
eegu
abav
cvrj
cifz
celk
bnvl
cuor
dbcz
arpi
bmsv
dwlo
acly
antk
fpiq
cknl
fkpn
bhae
ddnr
exsn
byed
dqon
fgni
bxre
durx
cpvq
epfc
ddsn
dljl
alye
azcc
drfq
axwf
btgm
cvad
cluz
eduv
akzn
exxo
abfx
eajk
fqym
dlbi
bnhf
buen
byez
albm
budc
cwqh
aqvm
csfy
anrk
dlhn
dwjq
ffct
feow
bddn
biyi
btcw
fnjq
drdu
fqmn
agoo
fgoo
cvsw
eqfz
cskx
fbwc
erqo
bdjl
eyht
ddwu
capa
fotn
dfcg
bdwh
agem
enjb
dcik
ckem
eksw
fnvo
dlix
brdk
cfwo
dmrw
djhx
aszh
dpca
aspe
eliu
bynt
atiz
ayxk
cyki
ekfo
bftk
doqj
edeh
cqow
frkm
fkfj
bfgh
bcyk
ewfu
dnor
fmyd
fhzs
exjo
azkz
fhfw
aoai
evbl
eeht
aumr
beyc
buuc
cawp
dbmv
eyba
debb
bmfq
ebbr
asjd
bjps
coma
chzf
ffcr
dcsw
djyu
bylb
cmxt
emhr
djrw
bweq
ckqa
fqbf
fezr
bfjy
edai
bwvg
ever
coqm
bahr
cjqd
beiz
akeg
acjw
cois
bcfq
fqio
bikw
bjiq
deol
elpz
fhir
elzs
afmh
aajd
fcgl
chrw
cgon
dqjg
cwzo
fgbi
aedv
duet
ahki
ctkw
atcj
dlgi
apcj
fefp
ctfa
fgvp
alrv
dqdz
egzp
dsob
ekeq
cptx
cogv
aarj
ennk
aond
bxsf
avvx
akvg
drid
eonj
bmoj
bqah
bxfw
fipw
ckaa
anqg
chgg
eorl
erul
fhxc
fild
dqks
bwbi
dtkg
flse
bamc
bksv
dbvq
epxq
bmmi
cooa
fhbv
ekbt
fhvl
eweh
dawl
dvln
ctim
cdnz
dynr
eeim
dchm
atys
bkyb
btva
flwt
dpmt
aucp
ezwh
bloc
fmrv
bykn
esqw
dgir
ebww
bixd
bzqk
bzje
acbd
ehwz
cywy
bbfh
cvgw
brlo
aynm
csxi
daxg
cfyk
caia
fllz
ddhm
floy
bkih
fprv
etsc
cdnt
febh
batc
cpfb
eaiu
dqzm
doxe
cfip
bpki
dvxr
akma
bhrt
eluq
bcxp
cotz
czae
astc
flaf
faox
aeys
erlz
begj
cdrf
cpgz
ciii
azqs
erii
boty
cydi
dqpn
dzae
adhd
cecg
eksl
bfqh
exbu
dccp
eeej
emkj
cxjp
afsc
dixl
fdqt
abxa
flet
aubm
eppo
fife
etvc
ddyj
anat
essm
bsfi
dnca
aqkn
dglf
agvi
fpmc
ckcb
ceem
ddii
feay
egop
bcjy
aigq
abjq
bibd
akxz
dhkh
csvv
frga
algb
cfzd
bbsu
esrr
bspu
deza
cmeu
djzv
ahjm
euvj
cvym
ahls
eupb
dlcm
antf
fiih
dsan
benn
czay
ckxg
feqa
eyqi
fecg
badc
eanl
crls
fcan
cmze
cdxq
cppa
esky
dvwd
bfbf
foah
cusz
ccgg
ecpy
euxi
csmy
bvqo
dplf
ewyk
ahzp
exbr
dtji
blow
ekic
anjq
blva
aawo
drgs
ckuj
eqdx
dsek
fjuj
ddnf
ekvb
ejwx
fofk
frbl
bbxm
aqdc
cbdi
eziz
brov
bjnr
aayk
crlo
cipd
eyvq
asot
dpmx
ermu
eqya
dzhd
cyxb
ezap
dqcc
dwka
fmcr
bjea
cjen
ctkx
decf
drmt
adip
dkfp
ehdl
dwcm
fnpo
dlpd
flby
bjdq
elxb
admc
cjvu
brvd
fjdv
esch
duph
cchw
btnr
dxvb
fgxp
fmde
exdc
bags
dpxl
cgxj
bygh
ddnd
ebed
fmmp
aojw
fjls
exbv
dqdl
bwzx
dryf
dwni
ffcm
dhda
duvh
cqsc
bqmo
enqj
dglh
aytm
cifq
diwc
bwfy
avxl
eokr
eayl
ddxh
binb
bpuj
cdgx
amwr
cztb
ecah
dqhi
ckod
dlhj
ezbu
ewws
chpj
dvjg
eqod
czjp
dkwi
cmbo
ella
ckvr
bafy
cqem
bqfx
fkmf
cduo
bblv
dlca
denq
brpy
cqhc
foxh
dqwm
flbn
aukd
fmzw
cueq
fiip
axzd
adhc
dill
bhtr
dzex
cfvs
dnwc
bevf
aoky
ahoq
ccxq
fpps
bgrq
alcb
fntg
boia
ddhj
cszd
faic
foam
axje
dayh
frnc
aovi
amsu
bong
ceon
asdy
dtyr
dacl
bdha
clgy
easn
dumf
elrt
fniw
ecmh
eowe
amel
cuzj
eowx
ahsq
fpri
arbp
drjv
dpqf
bdxd
bppa
ehxo
dasm
dsyp
eadu
befu
erbr
coaz
ctnc
feak
dxwn
crjx
alvn
eusj
ccjs
bluy
cyua
ccir
edjh
djnf
dwxg
dnjf
auze
bxzz
avgk
aqax
bqqu
aiek
ench
fmwg
etkp
bplr
ddov
eajf
eyll
arrt
ezuh
cajz
efye
csla
aiop
bbrk
btrk
bjjk
dycf
dipi
cvlr
fezf
exrd
eufg
cldm
bhlj
buca
bzll
egku
acwi
ewgm
dspy
emku
bxqc
eytx
fflq
cpvx
bjzx
cppo
asxd
czua
azuv
bvxm
cvbg
bqvw
bagl
fied
cwbu
ayzp
cvzz
edgs
ahta
beyj
cygx
ecjy
afaw
aanu
aekl
fchs
dwux
efuy
cedm
bfgk
bglm
evpd
dsam
ewmv
cezb
dzev
eucn
evzf
bpka
aafr
dnai
chxc
cifs
bgcy
fepx
ermx
cgrg
ekmr
cqhd
avhr
aoil
dsod
evnu
anwn
aqjo
ccjq
cmit
elwl
ehvw
dhfe
azgf
eurz
dsqv
blrg
dgbt
cekq
avgg
awnu
aesb
alhd
eplf
bgge
dxtr
eoxp
fkdg
agbj
djca
cfrd
bmwt
fmwc
ekcf
ajza
ddcl
dwgj
bnvk
fdvr
dngj
bmct
ajhf
fjgi
ampg
drnc
cjkh
bpyj
apbc
fnhy
dbef
cadd
adqv
ctuf
ckpt
bcxa
cxzr
alkd
dfln
aiwu
eeyb
dgsf
dyrr
fgjf
eeob
daqv
aibg
akkx
fewb
cous
cozv
ehqs
ejyk
fhkk
dlom
argx
ajhh
bpiw
fnzd
adwk
ewdg
aqnt
axcl
duhe
djjg
akmv
femq
dwuu
fmgi
appj
bcky
dfcw
awdc
djeg
emff
czsr
coez
aszr
aevv
arcu
aype
fphq
epgu
fqrk
aouq
clmi
evse
ahct
dkvy
fikk
dxfr
dvmm
aohs
begi
dfgj
ecjf
bgil
bylh
clqu
bwuu
cetu
ccgz
fhlm
evnp
bmcp
dcqr
fbvh
ahex
asyr
eoxl
aoqm
dcuo
eoau
bkiq
dlcc
egli
devn
bncc
cgie
aeuj
azsf
dfra
bjki
euuw
ahzg
fjbo
fhsr
cibt
daaw
bvgz
fagb
dyyk
dhzu
fkil
coaj
bzqd
atdd
dilr
eyql
fbtc
ajls
auvt
cted
eejy
chqv
akve
bomp
emgu
bdmg
czcb
bddd
ffkt
epxx
eobj
etnn
buhr
dhod
cvgh
boev
fbcs
epww
eozv
cntu
ejtq
fowa
auue
abfy
baqk
eutz
bqhu
frkg
brgi
ezro
blkg
aikj
equn
fkng
cfyn
agvt
cuow
bpci
cnfz
cwux
arnm
bmjg
anpy
eors
ddwr
frma
dybe
fbvf
fbjd
appi
ctdo
fngk
eind
dqng
cbmw
dxnv
fbsl
aweq
cmrs
ateq
aili
eunz
cghr
deoa
dhwn
bekc
byeh
dwmx
cumt
cbfa
dytm
ddro
dogx
azvs
adup
aand
dwrm
fagc
blmh
eqsu
dfwa
bslq
cbkv
aqag
bcja
cago
bidj
eszd
fjuf
dojc
ffhb
chlj
cvvc
flur
bvto
eilm
amki
eyth
aqde
fntv
cczv
akvu
dnqc
blnk
ecek
frbo
anbv
fnbh
acss
fkuz
cnqa
akev
bncz
brjy
bgye
byhe
dypg
edav
bnoc
bhow
czjk
bcmr
btle
burp
djki
cusp
cqmn
cdns
arce
enxd
egfg
dbvc
egua
eewz
fjta
fqqe
aeio
dgvb
ezqa
bsme
axes
anhv
deuj
fmrf
evmc
dryv
fhwa
cbcv
dgmr
cmwm
dzaz
elji
anvx
edwr
bfxp
bmey
bgpy
dptu
cnnu
dqvs
dulf
cxsd
ebri
enur
bojv
exhd
bcks
ayje
dcrz
cuxu
acey
eqwh
apcn
etyg
epdm
dboh
anvw
fapa
cxqm
bmwd
cnxx
dzez
afvj
dxaw
evgo
aveo
adez
akrd
dpvo
frsd
bmld
blar
bsmj
aqka
fgdy
cjai
ecao
edaj
dwfs
czhv
cqov
eume
dcck
eclv
bnha
feqd
cgpk
bnmj
bbmr
clgu
cppc
cqjk
bxem
dzyx
dxsm
ebti
brvw
bftd
ecyn
ersq
cvqs
ckiw
brwk
fcvk
fgpp
bewu
cjwr
cqlr
ehbi
eitx
dwlm
ccmj
epob
dbyy
ejds
aapt
elqu
bcal
bnat
dmgb
ajye
fqdv
ekfg
fgus
fjkt
dvzz
evcp
ehgx
cnmk
ejbh
azqc
fmtt
afyt
awrd
akoi
aiao
fgpu
dksw
bvwy
brlj
cqfk
dvvr
cmzv
ekgo
clii
ekae
dkmu
dnze
evzd
clbd
fhyd
caub
bxld
doma
byig
bfzr
bdrn
aodc
bplv
bmix
bpod
ecmz
casf
anmh
cudj
cfks
adrc
fmtv
dcbx
btse
dphl
aowm
bzrt
ehxt
etyd
ezig
avdk
fifh
fgld
ckot
fkmw
erjg
drmx
axuz
ekcd
baoq
azuj
evaz
bwum
bhlh
dntp
ckts
bnca
fmaf
cvoc
dxjz
bmmb
awfx
dyda
cpqz
dtrm
ekcg
bjrz
esmu
ccsn
dmvh
crlz
anae
fojo
fhtc
fgaa
ahfa
ctqs
dzle
dnzu
cavw
dpqv
fkfz
bzip
ckub
eyzw
feby
amyz
aubg
bqxq
afnp
cyjj
cgep
ehxv
avdp
dngv
duqx
cmzd
dqzx
afdw
cqun
aksg
amjr
dzek
edxl
cecu
dvwr
bltg
cqpu
dljx
emto
eqvt
ahht
cdnc
cxtb
bstg
cdgl
faww
apkb
bkxt
bhuj
afdh
epeb
bwre
cwhl
fgpi
czph
dlyq
cmnh
emxc
bpmh
fjvt
bjnx
ajsv
dpmg
axdr
cpex
afxg
asif
bfck
ascs
fnam
efna
fmdc
cdlv
elqq
cnhf
etbv
edyv
dujt
ehbj
bpbv
bauh
awut
dprg
akpu
bmze
ahhb
dpdb
cili
aqet
dvnk
bqqm
fgaz
bqki
byft
dufe
dsrb
bxau
erft
eann
aiia
epwq
acbi
buhs
dcmh
eqrh
epik
fbzk
eabe
dlpn
enzl
fjsr
bkhh
brrh
evsj
awyt
eswy
cupw
cakd
bgru
bjeo
dklv
bxyj
epje
eqin
cwgg
bmfo
fgwj
brmg
dobz
aren
argd
dnfz
ddez
beqp
foyx
fivp
dbwi
cyvk
fgqk
cgqe
bcdm
ehyn
asfm
bpqb
cnye
dkmj
arbl
dzta
bsby
abnw
bfak
dpev
dyrw
emni
aiba
aqtp
dpyh
eaff
bwog
cucw
efga
aupb
ffhq
dtvo
bvwa
aalb
dqnj
cchr
dmdq
dqjm
fptd
bbhl
aykk
bxmi
etsg
eymn
cedk
dvxk
emhm
atvl
fpjo
btgn
etng
bwms
aogp
ceva
drfo
dtht
faur
bedl
dftd
aidu
chxe
ferz
ampk
ebpo
dkss
ceql
efnc
ceab
dkzc
eivo
bkci
endd
fkvy
aqek
ephe
ajpi
faiq
dczh
cion
dijn
dtri
bvek
cbpy
dfyh
dghe
auad
dyxe
axhm
bhhe
dmal
ejzq
fbyk
acks
egqt
ekwx
fedi
bzrn
dfrq
cjvm
ckmx
cnlz
ehuq
fawg
aubn
bpqz
ecrd
bscb
fiut
bhfr
dstz
chkk
dqsn
dhst
dcpp
bwze
edix
frxr
flkf
dbcv
cxgg
fpeb
drfz
dqqn
egtf
ankg
bqox
abtb
cxhj
dzbu
elsz
dswl
allc
awst
cvpb
aglq
ayks
cwyh
bbsc
dxfz
dccc
bzel
aqvj
fluy
dgdx
afno
abdh
eajb
achi
dotd
dhwp
chyp
ehqm
dhgh
faff
ajdo
bcsy
dbjh
ajpu
ezvm
dtgr
enqq
aqxs
fevo
bxqj
aztf
aear
feaf
fqjv
fack
fgyz
exsh
dgbs
ehde
coft
esqq
bteu
fmqo
ekdk
bxjl
bmxa
cenl
bgkg
adrz
fknb
dfuk
bxxv
fkzd
btig
bion
bqyy
efko
enxw
bhfe
baoj
biqg
bxmm
cgfz
bvqg
coiq
botz
ehee
chuw
drto
ayhl
ebgw
dozg
alhk
divf
akxt
fair
entn
fkub
flfb
cadi
cjos
fgeu
bdkr
fpbe
audx
ajbs
awem
dmxs
ehew
asqg
clnz
celi
brvh
czlz
bgsu
emfz
frvq
fncw
bckw
dfuv
eybo
acor
ecnt
cybq
ctav
bijl
bhss
ccbh
cwny
bhxr
ayvb
dvqi
amxo
dkkb
adxl
euwe
dcfy
clbu
ckcd
emwu
agov
eyhg
ddib
cvfp
dgfn
aywq
ddxp
cpwf
drrg
btzz
egtc
eawe
bglb
dyrx
dbny
abfg
etru
ehud
aicr
bwoh
bnqi
dlrj
dqto
eehe
apqa
bosm
djce
fowe
asmq
enyb
euds
axus
bkeu
eoux
coua
cslp
cpst
egyn
eiqv
fnbx
fkqo
csgh
arjh
fhlx
ahco
aqeg
ayht
amgu
aymz
bnir
fgil
djhu
cprv
chep
atxv
axdu
dirx
cequ
ebdi
dudp
algx
dijm
bvhj
djbv
dklx
bwfc
dmnj
byhk
dsvt
czna
ethm
cvgf
bkfz
feeq
ects
aoyy
flum
elxj
frhz
agxt
cftj
abde
bjod
drya
auxb
dkyx
cmzp
fraq
abfv
bgtc
acxg
axik
dxny
dedh
fcrc
ezsa
bhaq
desk
bwdh
blkj
dfkl
brqz
dpwe
bdse
fgid
dnpq
elbo
aluk
eeeo
aqnn
bnpp
fodq
fetd
cgnq
bcbe
afzn
egap
dnkm
cscu
fckj
doal
bmrt
cnvp
fkcq
cbdp
cvov
bpnj
amzo
dzme
dnkk
eaaq
fdfx
ajia
cphi
dedx
efca
bffe
atss
amci
amrc
euun
amvd
fjeb
dfey
cbmy
elqb
eoai
ejnl
cupx
fqms
envu
feey
ahfj
bilt
anur
bhce
dfbn
acts
emvx
ejpn
djgz
emjn
fmci
bcqq
ccum
ceje
cioc
fice
aprz
bxsj
ckhw
dndx
fdin
asma
bcvq
frdt
dnzi
cvvq
atpd
feor
bdye
auwc
exhz
bgjx
bkgm
eeln
djsy
eudu
agfl
daxm
faip
brfi
ajen
eiwd
bvrh
dkrq
fkrb
bwgy
fqjs
fesx
fadc
acck
brjv
atya
ewvv
ceue
doth
bqum
cwdi
fnzv
cwmg
ezhr
blpk
cbwn
dvsl
cyxa
bmhv
eecc
chok
bxzb
adax
cwbc
ahjz
ehnv
cciu
csnk
ayno
cnxj
drws
dyfv
camd
bhcr
bmog
eeol
cefn
cosm
bjgi
ckqg
auws
dtgk
codz
femf
dght
bduv
etvb
aejw
dpks
ekmi
awtj
clka
evss
cjxs
btan
ebmk
fann
cqtg
frqt
eeuk
cpqf
brue
egrj
dwew
avoh
dyae
erxq
asnr
eazl
eccz
cilc
bncs
eqbj
bhhw
acka
dsyl
dskb
ecgt
ddxn
dwxz
ejdz
dgpj
edas
ccha
bxhr
dypf
fcfq
duqz
brux
ffzr
czxm
cdwv
fnvl
fbwi
disl
cdud
cala
dwjh
fqwi
chwh
dpys
flmf
ecvz
faal
ebct
evhb
drwi
fkik
fdwd
adef
cqkv
dqtk
beor
dnuj
dqwo
ceqy
craw
fqhm
cpgt
eoco
clbb
alya
ffjy
apig
ctdr
ayyz
cxlj
eyfb
eltn
fkea
clgv
bhzw
abrr
brtc
dcbz
dfxy
cqjg
bkzy
dxat
afdy
byif
brgr
dtdh
baud
cahv
abqm
czqz
dxbq
fdsz
arlr
cgzg
dxes
cund
diuv
eemn
elpa
ewqo
coym
blbb
cduy
avjx
flbc
bsau
bvqd
cfif
aifw
frpp
axjt
dwck
blpy
cnmq
coon
bxwm
eeem
delp
awrl
dleh
ceyi
axam
dmda
asmy
ehvj
ailk
fpoo
eyma
faqf
dafw
eycu
fmuj
djfr
bzif
dsae
ewrm
auvq
bvhh
dwly
ansh
bytk
dnto
bztw
cxam
bfmt
dvlv
aioa
ased
daze
bely
dnbn
fftv
bohs
coiz
favb
dmtu
ewzc
eeap
bsga
ctiw
atsw
ecfv
bxwi
fhye
cmtw
flaa
cblx
fbny
cbmc
aezy
ewfx
dnki
csoc
dsau
aqqz
ehvz
fili
cbdw
evdn
dkis
fppo
dsww
cxzy
fbwr
cgve
fbeq
fjao
dkvq
ceuw
bcnb
bzir
cwwd
dvua
ebbc
bzpx
ccyk
btll
cvqp
fcms
agie
cuog
eviz
apav
fmrt
euki
ffbn
djhd
aocs
cugj
disd
bkmz
floh
faoy
beqs
cqbn
bdmr
ehuv
arqi
ducf
ccxr
ajup
fofv
fihi
cjmc
dnux
cwxp
cjus
behi
bqgg
akce
cgnc
azwq
aqpb
ecrh
ajcg
aspd
bgbu
dbas
bwlv
epmr
bzlx
eafy
beay
aawt
dgfw
eeqr
dbyt
fefv
bocw
dvnp
dcpw
etjd
fdzd
dalw
aewh
dnwd
dzdd
evqz
elid
bopg
elrj
crsd
bzkk
fdfv
cudv
asii
dkwk
agjd
acrd
bfll
fien
adqz
bqup
deyv
crhq
bqjp
frpx
dhed
cvli
dtjh
earm
date
egrs
efdk
ehzu
cnoi
cmzx
dehe
awjc
aywr
etlz
eipc
cjpc
dfpe
anyy
djik
ahdy
cpvl
eahf
ebtu
eelj
frbn
ctcd
bbfc
bzee
dsdh
axot
dcfl
bzdv
cenn
cxhy
dwry
flos
eqno
dacb
crci
apmy
azqk
bxoy
chll
dwui
dfgm
cxtr
cmqj
ckqv
bvze
acog
chyb
epaq
fqhv
cbnn
eajo
bolj
ewim
eowz
atgy
cxxf
bcic
edqt
epad
ejyy
bsrm
btvu
dplx
eieh
ejit
arhj
bmtc
aahq
blpi
bhpj
fjle
dvxe
dgij
feye
aedz
aakb
drzz
dcnu
arzw
ffsv
bwys
dfkm
emnw
astp
bdrw
dbse
fbtz
djwk
buue
bmis
eyjx
ejog
dyqz
eyef
csnl
dwiq
agjx
dvft
eiim
cfdd
bcnr
aenu
bybi
angb
foou
aktc
axkt
drcz
bhub
cfvw
dmrx
dwxj
dmkn
bpyu
febg
beuq
agbc
baxb
dmkf
eznd
cmga
ejon
ewcj
ezgu
ermb
drib
ehhm
bgbg
bgsl
brae
abwr
bcbu
dfjk
dokj
aehj
ansm
cvev
alwq
btii
fixg
acek
chao
datk
eghg
fevb
fmba
fdus
dggn
bwgo
djkg
cgcn
dszd
dvor
ffmz
dczi
dqzk
cbld
cpug
eure
cksm
bvcn
einy
dhle
dgpo
cxke
dtqi
ejvn
diqn
buif
boeq
aogq
cirs
dfei
evja
argk
bvbp
akpi
dpuy
eukd
btrs
evqx
bywq
epai
crmh
cvsf
axma
aquh
bpdv
ffaj
elwn
eauj
cfyq
cley
fbkg
etpo
eply
emuc
euim
ahss
bgnl
egkd
eezs
ckjd
camq
avlg
aefn
etlp
dcpx
bklr
fowy
dbfx
ffzq
aexs
bzob
bmhd
cvbj
bkdp
fcig
bsje
ewir
bidn
efhe
djba
crwx
foxz
dtcn
egat
evhx
eore
cumw
dxva
elje
cmdd
ecda
anel
fbwb
aqug
dndw
febj
crbn
ebau
fazw
bbnu
bogc
bnzv
cuec
cfzw
dskz
ddfc
ewxq
djqu
coxe
cfcc
aclo
cogm
euyq
awuo
emwg
cdhg
dlzg
awui
bysn
amgg
erbj
fpvv
crmt
cplq
bmso
anqd
binm
cdnu
eokl
fpcc
dcfd
dxpu
cbow
bqxr
bfnp
dtqu
dajw
bniq
dvoo
esmv
cepp
fctf
afhr
dtnn
fddr
cjpt
dnxi
apdx
acvu
cofr
chfj
bwtk
fbbs
cxuy
exph
cwjb
erjd
coqf
fqer
fpwn
emcx
cimx
enlj
fnyh
bamh
efwq
cffp
frmo
eldp
dujv
aput
fhey
dcfj
dwri
awex
bbhu
czob
aonk
cble
exjn
epsl
fbhn
dqqd
eklz
eody
fdyy
cech
bzpt
dllz
brol
eady
doog
cohy
fozv
ejns
bhjj
coun
fayc
ehej
audw
fnwj
ambv
fkoj
achw
fmud
cmkt
eyic
blqj
colp
ckse
fmpc
dwdj
ceyg
fcar
dinf
bboo
cefd
edwc
dwzx
ckad
cads
dirc
flau
csii
bskq
eyzf
aejx
evpu
axyi
dvba
dgpk
ewwv
fbdj
etnd
cntr
cdfk
cfiq
aipq
fblr
dadg
evqg
akfd
bqwd
bpny
fgqr
ewtu
fpnb
exzs
fhpc
awea
cpuz
alfj
eqwv
ehfj
ajje
eqxc
fdai
ared
czss
dttd
cvdr
escm
ctxf
bjws
cdyb
anbf
dnqs
dcdw
ctbh
dojv
dghm
dhsa
bfsi
dahd
bqzo
dwsd
chcp
eevz
bruj
adrt
dskw
dpic
ctuc
axlk
eznh
eyhr
fgvb
cvxv
chgf
bskk
brxw
afsr
cmdb
bunh
bnzh
cbiv
fiod
edgb
dszj
bnfy
dbvm
cgmk
dwnz
fezt
cwjw
coff
fawl
dowh
ffeu
dgfy
emcl
bzjg
cmuy
agkm
ayug
ebiy
eucs
azay
exge
fphk
dame
cysn
aqeb
dfor
cxxa
cfyd
cnki
csbo
dknp
dxmi
alrg
dgkp
crqm
bxxs
drlp
erhb
bijd
demu
awxw
ehck
aqwg
agur
esih
eaao
dkzd
ewqk
ddum
aoxv
ezzk
exqq
bkyr
baka
dkaz
bxrw
bqku
desw
cjjj
bkcu
dbym
brdi
bpek
dxnh
dxxm
domv
avxr
efwp
erpp
afzl
czdd
bxdw
dwfk
dxls
agcz
cnmu
boqa
bvgv
antt
dmeo
edjn
asbg
cqfa
bsvu
cjoh
douo
bxqz
dsxk
cybp
eokj
dsgp
ejou
ffbl
bovz
ajqz
ebkv
dtmb
evzc
epgl
bgvq
cdhc
ebdm
clph
dpum
eici
doef
ablk
clty
dnjc
adou
aopg
dzny
azza
cxby
djky
eyfz
ekzl
fmhu
adqc
djhj
cjyr
csnc
bimy
ezrg
ewhl
anvd
cbtt
bnfo
ejdl
dagp
avmo
eaft
aivi
doni
ahqy
ajnu
eppe
dsyk
dfiu
eooq
cpke
dbco
evrx
eiaz
bvrz
fmed
blny
evxd
dfsu
acfh
abgl
bbyy
byii
daox
cwuj
efss
ajkq
bbjn
fcjx
eykj
dqxf
cyrl
flsv
aobg
eoyx
dwmz
anrp
dyls
cagh
adgl
attd
dgbf
dbgx
eept
bkgo
duop
dryx
crdm
eiph
csgr
emte
dwsi
chrl
dahb
akha
bdey
ebcb
bwgv
ckbb
dcih
fijb
cgkw
bzlv
fdkt
cqbm
eoeh
dsry
bccz
dflq
acoo
fawb
abvg
echn
ecxo
fmxz
bdzn
arjg
dduk
cqwo
dckr
fmbp
fdvt
amrr
azrh
acuh
eyze
cybs
dbvz
atan
evqw
dqfg
bftw
egqo
doil
atjj
duno
ajqm
enhj
dcro
erhv
cdep
dgrp
atgf
edqk
dikg
defk
aadt
afrd
cgfc
abzh
efno
dpgl
cwhu
fciz
edtf
frca
emfq
dkkc
drlu
cjeb
fgbn
aioz
cpqe
aana
cboi
eetx
dtrj
abqq
bhug
daab
fqau
atuv
clbe
aqbg
dkdn
ctyv
achf
daot
fafp
dpij
euvr
fojt
ayip
cgyx
bauj
ctiy
cnil
ebul
cugd
aiyc
enxg
avbw
eqpp
czxp
biwx
cqvr
dgdm
anfw
ayag
ecsv
bhnx
beac
acgt
bmzg
buoc
agth
aqof
damo
dftg
cajw
ckhe
ctcs
apcv
dlxc
fhhf
fgdb
aggc
chni
eptq
cpfv
agey
bfyu
dtzi
dhid
fifu
fbkm
ayry
btdq
dzio
fgqu
avfv
bhev
dday
aqfx
dulc
bcam
bxji
dloo
dmhz
arnf
dmjt
cxav
frtn
duli
aacn
cwoq
dxul
ayik
ewfh
chsl
dhio
bvqk
aknk
dier
cdeu
fkvp
eakc
euch
dews
dhua
bqjs
dytr
drbe
crbk
drff
bduj
ckli
cwds
fofu
docm
fobw
frwd
bqsz
bfoh
errz
bwpx
cxjz
frsh
aipl
dofk
bbcf
awgl
eono
bmbq
aada
efvp
brrv
acuz
dzft
ckcr
fbyb
aoko
fobm
dyho
ajxn
bnih
ezkk
fazt
fpat
dhdm
fcuu
fest
cdat
bomd
bdhe
clob
clut
dhqq
emdx
ecbi
abka
dnjo
dvqx
crnk
ecmj
fali
blku
bqji
eltg
cbba
cixy
fhdj
cnog
dree
dudx
duqr
bnkk
bdcc
dbmy
cqlx
ejyl
aezp
cvrt
ajiz
cboo
dcyh
ajhd
conu
bycz
fmvz
cdre
bwxj
cnal
awfd
egpu
eszh
eljh
ewab
bafa
akgh
djhs
fikc
bjkj
cveh
eitm
ewjr
caoj
fcub
asdt
aqml
eswj
ekvz
bvoi
ezwo
dqid
ewjx
ehxp
ebdc
aner
eyot
dryi
dfho
aqow
anxf
cyyn
crtn
azbb
earz
cnxw
baha
arqe
espq
cvzp
dtwf
cepa
dpli
axcv
fdbj
dcxc
bhvl
aopq
ehqu
ewzm
edqr
aijh
akxk
cnpo
etve
epqr
drhy
avif
ffzy
eqaq
fipl
cekz
fcry
eoyp
aaxf
bcrq
enkb
elcu
elze
dyoe
fpmx
ekpj
axzs
clzk
efcu
affa
bhpg
fldf
aijy
dbkj
cleb
amkn
cmzs
ewrk
eeve
dgni
evva
afnc
brxr
dojr
dopm
aelp
evqr
bvhk
dyvg
ctik
fgxa
auip
bmeq
edtu
afxc
ajom
eetf
ahal
espi
fhwg
ezsv
fanq
ayrw
arej
eozm
dlgr
axob
bupq
djed
aygh
aggx
ehos
axfc
bajg
eqtw
etvr
fohb
dlch
fbkv
bwdp
byor
bxvh
ekvr
eyga
avea
aror
detp
dtsr
daqq
ernz
dyjp
cluo
bfpm
fgex
ejpk
bnzg
brpw
ccwx
aqvx
dmxa
bmvc
efwx
dsxa
bmev
fosx
czlo
fnlh
bymq
eakz
auxe
dmdv
ctsp
eiuz
eyit
bjuk
fckz
fgkw
fhgk
askk
fodd
cifo
ezre
doaf
ayig
chcs
cikn
caqh
ffqp
aoht
dssj
byml
evem
ajke
dnfg
cmox
dgvn
dbbs
fdga
anpp
cjbf
fqhw
bsbp
fqqv
aakv
crsf
cfop
drnf
auux
blrq
fdio
aaij
akgt
cegp
aten
detv
ebxg
ascw
crnh
cgci
bueq
deeb
fnwx
cotq
daqj
cadg
eonm
enyk
cabx
ehim
aujs
fpli
errc
brtb
fnmy
cdad
amlo
aglb
from
bwqi
dkaj
djvw
eijw
flmb
derr
aodw
bime
bjua
apoj
cgll
ccar
dtdg
coss
bytd
evzb
elpq
dggw
athc
baca
cdoc
aieh
ckcc
ehgq
clin
fqlm
aahe
drgk
assb
bgxj
eedn
auge
bahl
aswr
fjfr
dfvi
dxhw
clrs
adid
emhe
dlyd
crrv
avpd
erdf
egzm
fieh
ewqz
dihz
ddbl
fghz
ejbo
cqms
dovx
ameh
dwyv
fmnj
fodx
cpaj
bkfm
bocj
extw
eofb
amcq
bpan
aqxh
abse
euys
eyyo
couf
eyjg
dqtv
emps
digp
ejti
cztz
aexb
btdl
ashc
bzpm
adxw
etqm
dypy
dgep
bywj
ayai
deqm
dydk
cadq
bmcu
epup
aomf
cpqm
bivb
epng
bvuv
bisr
ezyf
brmo
dtam
cfmm
bhyh
celr
eayh
cwvd
bazf
bgdz
ddxr
abky
dxuy
djij
azta
aofe
elil
ddlw
dciu
btgj
byww
bwyf
acwd
dfrx
blnl
bxou
bazp
flah
cqvp
emyq
bfam
fjct
anch
bglk
eruy
cxbi
bcna
djpt
bquj
awlj
fqwp
djzq
cyed
buts
fepn
ehat
cwqs
ajty
dorc
axvc
edlj
efty
eocj
aess
diam
efmd
fqgn
fqiv
flpb
dkqa
dyzg
cfbm
euoz
dzvz
djrl
fias
ckkt
dafj
clhr
alnb
evhj
bnrr
feix
dnad
cqgf
ezkn
bxqw
doph
cfiy
bofs
djbx
fnzs
ffmq
drzv
dmiu
fiqe
azcy
cxdn
bjli
bwrh
ccfo
bpkp
eoac
dlku
dqxa
fkim
fhni
dvie
aewe
byoo
abvw
btkj
eobu
cxek
fmpm
dlkt
etmt
ektv
ezxb
enxm
bxbp
cbax
ebbz
dnfx
dmkq
ddrg
ekns
ckkw
epkf
dixo
adbu
bqzl
fksz
amnq
ered
fhwb
btfq
cakg
etoz
crkk
ezco
cxof
elhn
eelf
coxi
cbot
fmmj
dhbb
bpke
fiax
eicx
edcc
cghn
bgxm
fnxf
ajdm
bjrm
awfh
bknx
ebem
exqh
fjpu
acgj
babo
bfnw
axki
chwq
eemr
asxr
fdzv
ebkt
afrw
brid
dryd
ekau
bcqd
dfmt
exvp
beig
egkh
dasa
axgi
edlw
fogr
bwnd
asqo
ezay
atxc
fnzw
bluk
chhw
ebpn
ekfq
cqrw
fgrk
dzyc
cozx
dwcy
ccyb
cnks
fbct
eljx
aniu
cwnq
dshk
fque
afgt
blbj
awcv
eysr
dsio
ehqo
amwm
acki
ckne
cfca
fotz
aqqq
cknu
dudc
eljw
coyo
eook
dovc
feio
bvlh
fcal
cpxp
bwsq
eeps
eyaa
cgfk
cwcs
evgg
cejd
aves
aeuq
aknh
bnxn
eoml
eupn
cidi
ehjz
efdn
cbrq
emur
esjj
dhhx
bblo
cvor
ebai
elsn
aynz
bkuy
bngb
dqnu
bize
eeow
divq
cjtu
coqi
cxre
byjk
fgnq
buqy
dmjv
essx
cgnh
cbga
dooq
apzx
fauv
anbx
dgar
flti
aqpq
fbdd
byhu
bdun
aihw
feam
cocx
eujc
bpyy
cluu
fppt
ccds
bbvt
adfl
emwf
amsj
amhy
amcv
czbi
ewxn
auat
dofz
efdh
cfci
dems
ahwp
bawb
foom
fpue
etxo
acqh
awlm
boky
acrf
cpbq
fqzb
epep
daro
befz
edgo
ajgw
eigh
cxds
abzg
cclx
chno
auwn
dkja
blkn
ceht
ehgs
durn
aztc
bfcx
bmkx
bblh
cpjb
eiay
djsf
bafn
ckrg
eakq
bxcp
byev
bknl
dqni
ffox
cnnb
cngt
ekvy
bhos
bxwt
crbw
flbq
aewt
efbh
dqql
baiv
ehbw
fkrm
astu
epqi
bbcd
druq
drjz
ecld
cyii
eglx
caww
dmim
fbip
cgnu
bama
fdeh
ehhj
cdtd
cizo
dpel
dygf
bqvv
clsy
bfxe
eazo
eakr
ajlb
cysd
ejez
ersy
bxka
dxnl
evsg
aamt
egge
asba
codp
dlfc
cpdz
fojm
buow
afnf
awtf
bnxe
bggb
fhra
cpni
egvb
dhvy
cowg
eihm
dhxh
ehgu
ciyz
cojz
cwwr
cidy
erzw
akqo
bjtn
frqh
duvx
evrf
dctw
bbrh
cqzm
ehob
eyyn
dwfx
dowi
frmm
acnp
clyq
bpbn
fqyo
dhqv
eskw
cwsv
efyx
dpga
bjye
clki
cweg
bnti
dlxz
ejuw
drbo
aqwo
asji
besi
adbe
fhjf
fpbt
dbxv
bljk
aogv
apsq
acnz
chdv
ckwz
ajdl
fiyx
fope
cqmg
dxfx
aivb
cqma
ddjv
crhp
cmnx
apdr
dbem
erpf
acnu
eikp
fpbx
cfvu
cgaa
emwx
bgtj
cpwi
fgfz
eani
djmk
bkoe
ayef
attf
btqv
aqnw
dxax
adbh
cowm
dnuy
efym
eiog
ayam
brgy
dpwg
blvn
czzd
ddai
ayxp
bbks
bxcg
emdk
aeht
dzgs
cgvt
ehpe
ernk
awpq
dclm
fegz
ahep
dijz
bnsy
dykh
ekyx
efww
ezpu
dujc
cuii
erzz
dbbm
bxwo
cezw
awct
bebk
ctok
bzrm
bbya
fnfh
duml
erfl
ezfe
allu
bbyt
awoy
abxb
crrw
bcpy
aiyk
akfq
cljb
bckc
bkpt
avka
agrq
dzoo
cmnm
czbo
ccej
eccr
cyfe
dion
dzsg
cvld
bhaj
czow
bguc
epko
ektp
elkn
aoav
aoyd
bgwz
endi
dukg
akcz
bedu
dzvp
ewly
ebjc
czlp
aazw
bvlc
dkpj
aqqc
dbpy
aogu
fdmo
ascv
cegl
eeet
bstu
ayhg
bytv
bihu
edst
bmps
ezkl
dyjr
cbqx
aorc
dfhq
dddi
ecwk
fcuy
awmf
ffpe
cmxi
bqbl
fjud
ejrx
actb
brwt
brqp
aqqs
dwpw
dysy
cadk
cvtp
czhq
ahbi
ezlw
bbpj
ddax
btwy
bfwq
amwl
elqw
dbhv
eanu
frti
afzw
cqui
dbvi
drxi
drmz
bsml
bghc
btoc
acvv
atuc
atph
ewmu
aasi
ewkt
anly
czer
bsbt
efen
dumn
aczu
dbdn
depw
cdma
besu
emyf
dqwt
dlce
ciyf
avzz
alim
dnkj
dmcz
dklg
awzy
dvon
fevc
dhft
emuy
ekyl
eqip
dwad
dgwa
fcqc
cbvj
cqid
ckjg
emwb
enkm
acsi
dgjw
fpey
dohb
bjkd
cdom
bhgv
exmr
fook
faco
dfrl
dabh
eeox
avor
dhbm
egyv
eiht
alyt
dsgm
cuis
bmpa
arxx
bmst
evzg
cfry
aqkd
ckta
bunv
fjbv
fonu
aqqm
darn
bjer
bqnf
eugo
aumi
fisa
drab
eetv
deyr
amgi
eicd
dkcx
aonb
dtjt
cxah
bevh
djer
eism
folf
ecnd
bdzl
csky
cygm
csht
btss
dsvr
digd
cwes
ahqz
cjgb
frnj
emxi
cvte
etcc
ecuy
fkuh
dmuo
dcwi
cslv
bgrf
bvtg
cimp
akdl
eiqe
cufl
bgia
ammz
fafw
cqgz
dwwu
cggq
cscz
cciq
dahm
fnff
cinn
bzer
dyvs
fcen
bglr
dlzv
aqjc
ezzh
abyg
epfm
ekgr
dazo
feel
duyj
cdss
cykz
aqpr
dffo
ecwl
bnjj
afkg
ebza
beah
byyq
faqo
dkwd
cnel
eleb
aokl
cigb
ddhu
frsk
aafw
ejev
fqsr
fgej
cvds
djqy
dsqf
dbnf
ahbh
djnl
erid
fbpf
exxv
clmn
fgdq
dtfb
bkre
dgds
cueu
eyou
dsxj
eshq
euxs
btrt
fezb
csam
dtkt
fktn
dhek
flbo
eruq
acjl
efmc
ahmw
fedx
ctvt
awqt
fbdp
bsju
ezfq
fjtc
bziw
fpbj
adig
ddzv
adgd
bmyu
blhk
bata
bava
aovu
crwz
cwuh
dshl
fezh
epqh
ejuj
egtr
akns
evck
dzhv
alof
coar
acvl
ahmg
afgb
edvi
ffst
bfro
exrr
aeej
djvb
annr
fane
docq
fbpw
bhwi
dwor
cdro
duee
cwyd
erpi
bsjw
ckux
bgxv
fmhj
eown
bhrz
dgpw
ejtr
dlmg
fktl
avkf
blmu
cxlx
dzws
bipr
fdra
anem
dlqz
ejru
bgbc
asez
anya
dxjk
bowb
faye
cypk
cvlu
baug
dzdb
fjyb
clea
eogk
djoa
dwoh
bqta
ereo
admf
alwl
faty
dxby
byvs
cmyc
bhwj
bhek
cvco
aima
boql
degm
eyxe
agpx
efxq
ecvt
ayyj
biey
clay
cbap
eesy
fffm
bvfz
fmwm
djop
cwrw
aqko
brlp
aozp
aruv
bbwl
cxlr
dkif
bmhc
cscg
ejae
dvkv
cewj
cavk
dxay
bmpn
bkaf
eavu
bmhf
etss
btel
cbvx
crtt
copl
fatg
aeic
esoq
bmgt
bvjh
dwwp
biug
akej
acry
cymf
exnp
foud
dolo
alfb
adji
bomb
dbey
ayxo
bqen
cxzs
asfy
ehpx
ahlh
agbq
eqev
fgea
dtir
aghu
bkps
dnta
bgwk
cfkl
agvx
ccmq
abie
dbmd
ctbo
ffhi
czxo
eixy
fkda
akyo
bwxe
dzho
dgks
encp
ewvo
aoog
fdmi
atqt
acaf
cedh
fgzm
arbt
ervo
bszj
esgg
cnpi
bsfv
dpfp
ayvo
eoig
bsdh
dqeu
fnvd
evzw
ekit
aarf
ajle
cisz
bzyk
ahsl
elew
bqmk
dmvl
ermg
etac
ddkf
eljl
chkg
djss
abrh
aflr
dieb
cpoh
ewav
bgtl
aird
agqh
bmof
cnle
axwn
dpyr
arja
emoq
alix
dahx
dxdy
bjii
cojv
azsr
csng
dibw
fjpk
fakq
dpob
djtv
fbac
fplw
fnoe
chsx
ewbb
ceoi
apdh
ehvh
cgbi
eibe
bobr
cwhb
dxvu
etiy
fech
cjie
fecp
efrh
bopf
aunq
eaec
bucp
bfpr
dzec
dgga
copc
cwgn
aalv
frnz
cvcx
dksv
ddbp
armf
eess
brii
brgx
eeva
anyj
aclv
bgne
fpov
csbi
cxoj
aypq
ccwe
etez
avnd
cucb
entg
diie
ewmr
ewob
annf
cxtm
aggl
bgdt
ajwy
bqou
fjgl
dmmf
byio
foii
dbby
ejwj
dkqy
civg
ekaz
dqmf
enqx
faqn
cvwp
fbns
bvni
eahd
bsen
bxas
cbxm
cucx
ahza
beqn
cvqc
cfnd
bybz
cqic
bgxl
bohc
ahsu
aahv
dtnz
ceqe
bzhx
fcuw
eryh
dslb
auwh
ebth
asqw
ffsf
dzkj
ehze
fdcf
dofh
avys
ctvm
aquw
cclk
bnre
faxi
bpyk
cpzp
cjmm
dhrk
epxb
bpbl
edlu
elzn
dtte
fhqf
dtpx
eysb
bfoa
bgim
dijf
afxd
frce
eixa
bgbn
bnyy
dhkt
esyu
dkay
eapg
fcye
cnzi
fdsw
ctss
aarx
dueu
aogx
cgnt
chaz
axsh
bcgf
crcb
bwfj
cosa
fegu
ejue
drod
eilj
cyvs
fkgt
euxh
bmcx
ddge
dvtj
cxna
auqr
cnea
cumx
ayfa
cajo
bgdp
etzz
ejxm
egbh
bhee
csqc
dqol
dtgw
bmhj
fmdf
bvgs
dvzc
figl
cpjj
bsdj
cvfi
bsgg
ebpf
bmyf
blfj
blwv
fecx
ewgp
avgz
bclc
bvlg
caph
bhzm
dlxm
fchn
bdfu
cnua
aenb
ccgt
endl
colf
bpwm
dcqu
fnjd
aqwt
bxfj
cygt
djxl
dwke
bgwc
apsd
ekkj
cbgw
cwgk
dnrp
ayfv
cqch
dwhm
didq
dxte
bxfb
ckve
algy
dfji
dkub
egmi
bwab
bmkq
cqba
epcb
ejmt
dfmv
clyu
bliv
dpaw
cpka
dezr
cxiu
bkpc
ebjk
cxpw
cfmq
eydh
doao
fggy
fnsf
andx
chzh
blgw
bnqs
eqrn
dcso
bubk
bibp
bfvl
bmqo
byhj
cjgg
bokj
ebnb
fmng
drxa
dsnk
cqfh
bzfq
baqm
fmds
bgzx
foag
affo
cogj
aftx
erep
flyh
dpsh
bdte
eqkz
djhm
ejmq
aksu
ayue
eknr
cjhi
eeee
aqmg
fguq
egkr
fmjm
effn
bynb
cvdq
cjee
chcj
fhla
avfl
ekeg
dxpx
epvc
cnth
absi
crfa
bxoc
dyxp
fiyi
cyvg
dtfs
esda
aivc
bfcq
czqy
dfqf
crqv
dqwd
bqln
bkst
ezrt
ebsw
dake
dlsx
ayvy
edhc
avoe
bnne
ahek
amgt
ciwc
ahzw
cuxr
dxyj
dvat
buet
amta
djdh
akmg
ewdm
cmma
cmgw
eqzf
cqfp
cnkh
ekse
eoou
bbcl
afnm
afkn
ateg
avvu
bfwl
fbnl
bhmq
cjnv
dqmc
fpwj
famq
biyj
csqd
bnqg
azfk
ddut
bvvc
dacw
auor
fakv
fhut
frro
dvmh
fhiz
egyi
arzi
afuw
ffjz
efan
fjgq
aulx
acan
dblb
bebu
dqmy
bifb
aboy
cfbs
epol
erbm
dbff
dhdb
bejo
egwi
coci
etzj
eejh
auko
bfan
eufs
abai
btzr
cpwn
ehcg
abho
aktt
ewwe
bwye
eaot
byvh
bxkd
bahw
djht
adzy
darc
csvs
evcz
fqta
eznm
fbax
cfku
aedb
agyp
baaz
fklc
ceqm
aepo
dmuk
egqu
btxv
bdim
dkom
fhxa
eobs
dhpg
asbw
awms
cqiy
ffwo
ahje
arts
bqhh
frgp
bvzo
ckff
bisp
alfm
fipk
anpt
epcu
acwz
eqqh
fadh
csil
bawr
bbzj
afzp
bclp
dxao
clti
cwlv
fosz
bney
aaqz
awvu
dnqh
bidb
dgsa
fivc
criv
bsus
ajts
eqwj
dyxb
bunj
fojg
dzqh
awmd
bhei
fqjm
fomg
dtkx
aect
anje
ffql
dhnr
bijj
dxxv
etfu
axvl
dceg
emgx
feij
enxq
ejfw
djwm
djmv
bcwr
dbsg
abof
bspt
bffk
cqlf
eila
ahqk
dsfx
chwa
fngi
cjbg
fdrx
arps
elay
dduo
dios
asth
defs
edbb
crmv
bvnw
cnaf
aixk
cbct
ejrc
dnmd
efaw
club
esln
cnou
ebqu
ebco
bvmh
amrz
cnnn
eksc
culm
eesl
aryi
cwum
cvjs
afqh
edpo
akpa
fdrh
akrt
fgvx
dvhe
cfza
fgfp
arbx
csek
fkgo
bvuu
bkuh
chgo
cqcj
dwpc
etmz
cnbt
dkgl
dkyc
cwfb
belj
djhc
asyp
azcu
cicl
beou
begv
dzhe
etuh
eurs
ehlk
axyp
eddi
eajj
cyeo
edyd
bvap
cgpo
cxum
axhf
cggh
ctkg
bvqb
bxno
edvn
fcxt
dyeg
elub
bqle
djmo
cvqr
enfd
byfw
dqak
bzcr
fcxi
fmyi
babs
crdq
erxt
anfh
ahrr
eoqu
cpin
alta
efwo
bqud
fazh
azrq
adwp
bsrl
aybp
btwn
dxsi
cfex
ekot
enfw
chem
eidf
ehsd
bzod
blha
elbg
ausm
dipb
adox
eqoj
adpb
buxc
fpmu
bhpa
dzps
eher
abah
agwt
fhec
cqrz
fmuw
elba
bkij
ejwr
eqwq
ekfn
awze
afpy
coah
bmgd
epnv
ekml
anif
ejag
dzab
ffpx
ewxu
cvcz
axod
fhri
ctgw
chhe
fpoe
cfrp
bcua
brkt
ejba
dflz
ffcz
eivg
dmvc
dyjq
clap
akkr
digg
bsns
ajik
bcws
doti
dtzb
cyfr
dzdm
dilq
fdfg
dcps
bbls
avnx
exga
cgdr
eqyy
dcyc
eogb
bond
dvvs
dgif
eehi
diia
acga
fbvl
casv
dcmm
fdvy
cihk
akkv
adqt
dpzy
aujd
drrz
bbni
dlzp
cuqc
cqmi
azmq
cmjp
fdbc
ebcp
dduf
bmia
bnhi
cacf
epqx
dshn
dvgp
ecea
caof
akcu
ewex
ecjs
alao
eeqi
ffpi
dwsr
cfun
biqb
dieh
cfbg
asys
ewme
cexe
ckhl
axfs
epzd
diqe
fqgo
ejjn
fmyu
aihd
cxcz
acee
eyne
cwiu
fazu
cykj
ewsk
fqdq
cxqh
bfpc
adyh
azyw
ciih
cxvt
fpch
erps
ernv
fbju
cqvk
cntc
fddo
cqqg
fdui
cepg
eqpv
cwpl
dvwl
duix
cfgm
cqop
ddca
djmd
cigh
bvtu
ahbc
bvdp
fpcp
ejmc
bhxx
bvym
dydm
cmei
dvry
fcap
dudv
cjzq
abpx
cvnw
fobn
ahto
dhyw
cwhg
ceyx
efmn
curk
bile
enqz
akfg
asfc
egee
cbmm
ezdl
aius
axgz
bdjm
dfhz
cobm
eahy
cmiq
blen
chqs
bdvo
eulz
decy
echg
bjae
ajcb
dxif
bmqp
bhjv
ehhs
avxk
bfbh
cozo
acqc
aqcw
eycz
flhf
czhh
dhrm
eydt
fcdg
expe
ammx
czzt
ctte
duga
fpah
avov
etrf
bhpq
dvxa
cjqr
dere
ckju
etgw
ejcs
emas
algk
apsf
bxnj
fdhf
ciun
dzpb
edib
chvn
blnz
cadt
azoo
fgwb
finp
djrg
asrs
ffvz
fdgc
fjym
diwh
aecq
ccpc
bgmq
bphe
eybh
dmle
bytc
bqka
dcxu
fhwf
aiay
bydi
brte
appl
crzc
dmce
cibu
aihl
aqbp
eucf
eruj
fazb
cdmt
cinv
cucl
cuvz
cwmt
eozj
aemq
acyf
dmhg
dife
debr
auuc
fahd
etyo
btng
epkt
civf
cunc
drot
cskl
ffsi
bzzy
csfg
cdts
cqfg
dqby
ejux
brkp
bych
fkem
eqdw
cyob
adqr
ddic
fcqq
fqkr
ccyt
eosi
alvy
bjpn
akcc
bnhq
bble
aagv
etab
fqsb
arat
aeqq
asbc
euic
djvv
aupx
cokn
cbzi
farz
frct
fpjr
dhte
ewpo
cgbj
bfpv
dvsz
bywb
dapv
asxs
aooj
dfys
fgps
ewcr
ezwq
ebra
aojp
ddpv
dlod
eohh
flth
ebax
ffuu
dkiz
ddav
ckuk
ekxb
dsax
eqjc
cdaj
adxc
czhe
cysu
diqh
dtyd
bzog
fpsg
fity
aeau
aggz
amir
dubh
dqua
farp
aukf
fruq
bznc
evin
bkvw
afjo
bjbv
aglr
buuz
dtuq
akmr
akqr
dpid
cgzn
bagx
bbnm
ably
evsz
bqlj
eghr
axqy
bvlr
cytq
dwnj
axpy
egwt
dodk
dxga
egta
dldu
dneg
abzw
cipm
bjay
elzt
eijx
bcjp
fpxj
arij
dyzq
cidf
ckqi
beko
eyrc
frpd
coov
adjn
dlzs
bfun
adsx
caqb
dckj
aann
bvql
dpau
cxnq
eyvu
afvx
bjek
ewuy
dpoz
aszi
frho
cfru
ekou
ewoh
cpsl
cbcs
aqgx
cmhp
fddn
bofx
cgwn
ddhd
dacn
bwio
exmp
bern
erth
cplw
bwnm
acmq
boyp
dahp
aaic
ewar
ddtd
deji
bvlf
bphn
cral
cyxu
bcvw
fgim
fekf
ehgf
becg
dorf
bukq
fosf
anyg
eoli
aavq
bqxy
fnhn
dalq
buwx
dpot
fnjb
dvjs
adgq
eepo
cjih
cxdu
fhfb
dogb
bqqk
ayfn
cual
esuq
bmes
emif
cane
abfr
daah
fjjj
dmoy
dlfz
djpd
cjch
dyvw
avzl
cths
fkyf
aswm
agtj
corq
avtd
bkes
adnd
bypy
ayae
cxtx
afnb
asqr
cmiv
emcq
elfg
bzdk
fhwz
bdii
cwjo
axnt
ehtn
dhoq
etbu
edku
cuxg
cgqw
affb
fqlo
dbnx
cttl
cbix
bjyk
acvi
cuhx
fihw
ctln
cqon
asrh
auin
aqeq
djbj
acdx
enjh
bvmj
blpf
dylj
flzg
ewka
avgw
cskf
doji
abax
dpiw
frto
cgeg
ayor
dlol
dxub
cind
ddgz
ajfe
acyn
cgdd
csnm
frpg
ahdu
exsk
bxit
azmf
cmfd
enap
bnjk
fott
cnfk
duen
bnax
brgf
azjg
euob
caro
dcoj
efbe
acef
dlkx
dfaw
assg
bbyr
bysz
bald
ensi
dipr
byjt
efmm
bhjd
emis
anin
fkjv
dqeb
bwvc
eirv
clyf
awhj
awes
czoi
cgni
deoj
auil
dqie
aors
febv
ezmd
arsm
dmtx
ccyn
czxj
bqxn
eyhl
cehv
ddnn
cide
enbh
bwne
ejuu
eiyy
fcwu
bbuf
drak
bmmu
epcp
aenr
cfwj
fqtg
bywo
dpqk
fjme
fmln
biwk
ffmx
cbpt
ayis
azjc
cqlh
cmsf
fiwu
fdfk
bmul
ddfy
dlpm
awyi
evbb
dyrg
crtk
cvla
dvho
bdwg
fiew
budl
ctao
bkbc
esak
eale
eazm
adwc
divw
dlcd
fros
cnma
fjis
batf
bzjm
ethe
evyd
dvdf
cvkv
edwa
frey
baib
bpto
dsxx
arjv
brtv
fmwa
fonh
doww
agkr
ekqi
dbzk
blbd
dwca
fmhm
dpst
cvdy
avyu
aogh
ayid
cdup
dvmn
bkrw
amxf
ddlf
afgy
aqwx
axbd
eywj
cdzn
alka
acab
fjwj
fflf
fqxt
eolw
bknr
fcer
fbeo
ebzg
ffmb
bivm
fhqh
faxj
bktf
cfqx
calu
efhf
epok
bbvp
dtfa
bdlk
eise
bfhj
bwjw
bclv
dlyp
chsg
awjh
cvqf
excs
dfer
dqxv
acnd
fbgg
aomp
czzf
bwwb
byli
bwzz
edex
cdgf
baot
frya
fgpb
eqdq
fckl
aegf
cize
cruc
bjct
exoc
agoq
durk
chcd
fglm
dzie
escj
flcl
fpvc
dlde
ddkp
bhtw
dnxc
dqba
eywa
bkcy
fjxd
anng
dvwk
agyj
dmkb
exxk
cwbk
cdlt
drbp
fdaq
fltb
cjep
ddoj
dbfo
aigj
cbnh
cihg
dyoj
dkol
ejfv
eiji
dimo
bjif
djoy
dqty
ckix
dkcd
euvl
bfdq
ahio
cimj
fgkz
fcmt
ctro
cxca
fpjj
dcjx
acqe
btsu
fqka
dzfp
aptr
edga
azrv
bonr
flgg
eluy
ejfd
awgr
ckpi
ebop
ccii
amxk
aiqe
faag
dgvm
dzje
eegs
etao
bywr
csmm
bpoj
daqr
eshy
auhs
ccsx
bmfn
debq
eyqt
aizv
bvhy
blxi
aqhp
eypm
bewm
dwxa
etdu
fdet
coot
fdxq
capi
emfu
dnyi
ayyh
ctoa
cojl
bybc
dlja
dyur
crro
ejpb
bytb
dkyh
ffnx
ewbh
epky
elos
arqx
alsn
fqus
crty
dwgs
btxb
fcbm
bflc
eynq
bczh
ceyj
bqyd
efve
fdhv
ecfu
elfu
egcq
cepf
elns
ffgp
etsd
esgn
acdo
arun
fikd
bqza
ecuu
ahem
enld
aghm
cvtb
bgua
fmhy
bawf
eljn
cxwa
duwu
bqok
antm
dlnx
bypf
fcpi
dune
cxcm
bnwx
eovx
emjh
ewrp
dzdj
eeua
dawy
ewwa
dwbb
bcpa
bjxt
chpx
ffvt
dxre
asxl
dmbk
eukk
domm
bewn
bjbn
fcxk
flul
bvkh
dvgj
awlr
fiuu
dawf
fhhn
bekn
bmsy
bmls
dwhp
fnkr
bwxr
aejb
cjhc
fqwv
eyms
cjdq
ceze
azww
emue
blvu
fdtp
bwai
bnsn
bcod
dgzi
elyr
cwnf
fncx
aibp
axhk
epzy
dsvz
adma
eahe
fmvn
firj
dkgz
fizb
bqkc
dytp
fbzb
azsh
clrg
cnyf
dztg
eohg
evaw
bpzh
arul
efvd
dnrs
dtsu
eeev
ekxl
fgkv
djcx
clbx
cxsp
efjg
fetf
dclv
dznp
flzk
ejol
drrl
bqky
cedr
fnil
dfjs
cvei
bkhb
ehxa
cyiv
fiar
ceei
fctt
bvbe
dumg
dmtv
aqqj
dyiw
ctma
atav
blnt
avgy
fhuz
fcqm
eadl
eskp
ersh
cgxn
btrr
bbvn
dasz
edqu
fpwh
dkud
fpyl
cfmr
brrm
fexq
ahpd
bcfn
bhsi
ddjp
fkzz
eksn
cjmk
ejix
dhxu
arcz
fjoe
dezc
bysq
aerj
fhnk
aaxc
emlk
agsn
fmur
ezyy
bjme
akdj
cpsg
dgue
bfic
cfgv
brho
felp
divx
djaz
alps
ejfu
drpw
cyrb
atff
bxlc
dzji
aune
avbr
bwvl
bycv
fdws
drke
bfna
dwhe
egrf
cyee
bqbp
fduw
dhyy
cpso
epus
brzr
dqmb
etjk
cenu
cptj
aejk
ctyn
exns
fhdg
edjx
bgac
fbbu
fhkz
fhyp
frip
cygw
bdru
bkcn
cazs
cwvz
adek
biko
cncr
frdw
cgam
bxrf
ecis
bktz
azdq
eqra
elbc
airp
edaq
eiqj
dwyi
dlmy
dots
brjb
ejdp
dwml
cqcu
aern
czrs
diwf
exul
dpbe
aoyv
eagw
ejdf
ehnk
aqzg
fkww
bqco
cbwi
ewsz
agsk
arvr
cfco
bxgl
buyv
flpy
fqnr
dmuw
bhsp
flsf
bqkd
cxnw
fmry
axjq
ddul
bkfa
diol
dnim
ewhs
cmem
amrj
dbuo
agls
ebpu
dbjj
esav
ffxt
aajh
bfuu
bzxa
cpuv
abgh
bnde
arwe
fpuh
cwwu
dpah
exgg
cyop
ardr
ajnh
dvbq
ccks
aywz
cont
bvvt
enmk
auny
dder
dmyr
cpon
dqxd
aqgl
cpeo
chom
enit
dciy
cmdg
dfya
anud
bear
awwy
bbfd
bnez
eqfo
cieb
cjrw
ejmu
cprq
dxsp
dkkz
fdfm
bvez
fdae
amol
dyjj
aaqi
dwyp
dlni
fbif
dpde
fhzm
bytl
drqk
bvyr
dfxi
axdm
beco
ajdy
dhsn
efci
afnj
cvdd
cpum
bfyg
apwa
ayie
amne
cwvi
chce
dhuw
ectd
dmpp
bruq
ezrv
dtez
awag
atvi
egbu
aelr
bmbs
aojy
cbyt
eerg
ddga
cdjl
cger
asmh
bewq
eobp
ctit
fdaa
epkd
fgss
chrk
cktn
bbge
bigt
cqpw
cvzx
eqyc
caju
dabc
frlg
agsm
bcer
adsh
bgsn
dnpx
catx
dguu
fmju
flci
cisj
dvby
csnn
bnur
ejwc
bxia
bgrw
exds
ffsg
eyzk
fkeg
eplj
aqxq
ejex
dhye
btfe
fkfs
ejrt
asku
dsiq
csuu
aqje
bebw
exjk
czkk
dkju
cgcl
cums
bimp
agok
adak
dzql
cwgu
faqu
bqwi
fouq
fidx
agmn
bjgw
eghn
bwih
einj
coyy
bkyp
bxch
atpy
aoqf
bjbc
aeyd
ezyj
cxkq
dogf
ejeo
axip
abip
ecrs
ewem
biro
axdn
belu
ciow
bytz
avzc
efiz
fnez
cnyw
blts
dctt
cyzz
cbmv
byvk
azcb
dnwb
cfnb
eipi
bkef
edfq
ebpe
east
aqdy
bzqg
fluf
erjf
dwua
bfdm
cqnn
dvjd
ebyg
fqkb
cblq
dknw
cpwc
dbrl
bctj
fhsp
fizj
aati
ejuv
fbor
cxea
dspq
dvmd
bnjb
eetd
clcs
djew
fqrd
eskk
cokj
cunj
dgkb
alaa
aohk
dazg
cfxc
cpbx
ejvg
endm
bpns
crgo
bmwq
fani
emhz
clfn
fklv
cstb
apkc
cnmo
egub
chwz
dvzg
anut
dnqi
brtf
azhy
egww
bzkz
enqv
casc
aslf
duoh
ewhn
akuc
atpn
ampo
efgd
dyzk
aysm
fpvm
fkhi
bydl
exgs
atqk
fark
dltn
cusa
btcg
ddts
dpoq
ejte
ffmp
dckh
enxu
bpch
fnrm
egyj
cwno
fkuj
epxc
erkl
bnss
faay
bpde
exyh
bski
cddh
ajcy
bjhd
csgl
fpbw
ezoy
ewfn
auhn
ceor
flox
cltd
achx
eglg
cmpe
eulu
ajwx
crht
dxoh
aveb
cius
duxg
eqqj
ekks
crqc
bflw
bcyo
biuq
dssc
fkss
dnwv
dbfd
bved
elcw
bcgw
cvnd
bboh
bkxc
duqa
bndy
bxxl
ccij
aznp
bkwo
dthq
btmi
bubb
eoqi
fcjl
dxvy
adfq
asjp
cpbi
ecex
boju
acrz
ahzr
eohb
bujf
fixm
cwfl
fcur
daow
ddfu
ennp
cwwj
flvd
acfl
eaol
ciqj
bfag
cske
aweo
arvx
dfdd
bbvo
ciwg
cxpv
cfnt
focv
divd
ddjo
cyvj
cwaf
cgwq
dibx
azzu
cetc
blyq
bxqo
bwgu
coql
cbfp
ffgq
fkip
bncv
ayum
fjkp
afrx
fakt
floo
exio
dfzv
eiug
cjgu
fbxw
esqx
dmek
axdz
ejwq
egoj
amld
cyuv
fdln
beyh
cfsv
bhgj
ddjk
fcpo
cikm
fqkj
aueo
bsoz
aajf
dvkt
cydx
cvzn
aecl
apdb
aykf
cbrx
cmyh
euuh
azcr
cayn
asdd
etzq
cnyr
epmy
eivy
fhwo
aleb
dptt
aqsx
cecd
dsvs
cyty
bxgb
adiq
eezx
abqi
cnld
dmsk
chza
cxej
byhl
bwzk
dyzd
enky
dkog
fqji
cetp
akjb
biex
ehif
acle
eyuw
cyih
cbec
cbyv
amfb
avaa
bjtj
bhiw
flzs
ebcw
dogn
bshn
bdiw
azfh
cmpo
amgm
cycr
bdjx
antr
enmb
akzm
frtd
fbkt
acdu
cvey
edka
digi
fljk
bekr
fdqe
clbf
dynq
ccxs
etfk
brlm
daxr
bqac
fimt
alrm
ezvl
fklm
djsb
ccgf
enko
ekff
dilm
etdx
apen
areg
drkg
dhhb
fhhj
ciez
dijt
bcpo
ccsj
czfj
ehfp
fmiu
dwqn
euva
bidm
cmkn
casb
adjy
fqdo
dobh
ddwy
exwj
ayqw
cijj
bypl
eqdu
cxri
apmp
biqt
embg
cynr
cuzu
czfq
cymb
epbb
ffmv
erem
bbhb
boii
agsy
ezsw
eqcg
adfj
cdos
dpex
dhjt
debp
eipd
cynf
bwel
cnfb
bykj
ehec
anar
axun
eapa
brsa
duoc
bjbu
ealw
drlr
aukv
blkw
amso
ctzs
agyr
bgrd
cxht
dozv
dskp
ersi
bldq
bvju
bwwr
ddma
eysx
frjy
dkym
atdo
djwr
dkgt
fgln
ayqc
atgz
dqsd
eobe
aotk
abvp
erya
anoj
dqfe
bndt
bhdq
edjz
fafl
dxyg
ecbc
anpq
bevc
ehxg
anra
dfjb
cazq
byrm
fkqg
dszn
aswi
dmes
eswl
cfjf
bvag
dubr
dlpx
fcqa
cfhn
aesx
dntk
awih
bjsq
atob
fovc
ejck
ffrl
dzku
bltz
eozi
eeyr
fbqh
evxr
fqzr
evak
dncj
atsf
cepw
dqlv
fmqy
dkox
aksm
azwc
bkol
bxjm
bpux
fpde
evqa
ewmb
etki
eoqa
bkyd
frlt
emgv
duge
awzu
eflx
effu
cvmy
bfjm
eyha
aezo
dgvq
bbka
aohf
bukz
ckmc
fkop
ahjt
ctwl
egju
cbig
bayd
dcff
cxvf
aajs
dizh
ahnu
cnic
atlm
fgel
dwuy
asbk
dsdz
cuco
bxbc
akgd
ffdn
ajgl
ewop
aycm
bvlk
auwl
eesp
datd
bfmx
cfmg
bxaq
bbmi
acxo
fjha
awpg
bzhh
bopb
degw
alpm
bpgg
fbck
fldu
euhf
fjil
avra
bxcb
azev
dgfu
easu
ewqh
cxmv
euhu
dymo
euau
bntm
bpsa
eipr
dzyi
fnlv
aspz
eefx
erso
ciar
dwdo
asuc
btou
denp
brlk
ekko
aawn
erti
dhom
awyw
ctxo
dmrj
dqfh
fjii
eihp
fbon
etwo
arbn
buhd
bkrj
acqt
fjet
ewip
duya
eheg
dcbs
ccdi
acpt
bhco
brpm
btyo
bnje
bwvb
eczp
dxxl
amje
ctol
dzvi
abaj
agfm
dwwn
ampz
aosm
akxu
ehdi
fdib
fbky
ekja
dayw
apxn
esay
cbza
dhai
ffgd
bjlz
ehru
eimn
aleu
fqpx
fdzf
aaez
aapo
btvo
eklw
cfsy
ckkv
ekii
dxij
beyx
daka
bwsm
csll
cmmd
agma
bxwl
dimp
bbjz
bpuf
exsp
dxyu
ajbi
eedb
fcny
aape
bjci
awpc
bgnx
fkkw
fayh
evun
dadf
ahsc
achn
efnx
fqfi
cezi
ekow
eggb
egnu
fmnr
asze
dppp
cxde
aepy
avtv
eaho
brrl
dsqx
cwus
dkdb
dxiv
ffut
cvkq
echa
epsx
ctcv
fake
bdme
atsx
aezi
aobl
dnvq
afec
dglp
bspz
bnbk
frtj
fjfz
cnze
bucd
djkf
eakd
awyf
evcg
fcvp
dbck
erde
dzud
bozo
dnex
fjnj
dsbj
aurh
bayu
etnl
dkrc
drct
frkc
euui
amii
foka
cyjc
fcjv
aqcl
cteb
dplg
axrl
etqk
dans
fmio
afoy
ddkm
edsu
bymk
egzq
avgj
fkva
akuv
cnrq
ezns
awqa
ewbg
dhov
aqsa
cxvd
bzrx
foqx
cfsr
dwqs
deec
dpod
elaz
fqwj
cewz
bqqw
ecjz
edun
daaq
fcmv
bodv
esii
dwcp
bhlw
ejff
burc
epoq
bfvj
fcxl
dmme
bamb
ezif
bral
cumr
bsxq
aorh
aruf
bepk
buub
edpb
flmw
ekgn
dhab
ddds
dcwl
evmn
bzac
dsln
dnps
flnl
arwz
camm
fdat
afvi
apgx
dgbx
aqro
cogy
btqe
dzan
cpco
ebjz
dlyc
beun
edpm
bpus
dvlm
dbow
fhav
bdld
ebhe
dhtu
exwb
czld
esfo
cqjf
bdom
dmnr
eblg
cxld
aezj
cfnf
faca
cilt
anal
ehzw
dwxx
ehpw
dcky
abxd
dbnt
asde
eepq
apke
cbmi
azjo
btdu
cvrm
esqd
cxkd
dfqe
epaw
bmlw
cfly
bovj
ertw
frlo
dtli
czep
dxxp
bspf
dend
eifv
abad
dawb
adfd
eiwj
aotq
fkkj
asho
aejh
foty
asdx
ekxc
dkct
ceov
fhhp
eoem
eved
bzaw
fpfz
fqtu
dzlx
emix
cypw
auwb
ejfj
abzr
akpv
ehkj
cyqj
ceyc
dedn
been
duoa
cthe
bgek
favj
fbwj
fqvb
cwan
ayiz
beed
eeyf
eofg
brwv
etbw
dguo
dopl
aofh
dwyh
cwzz
doyj
btfl
crja
bumw
enhd
aczh
ebaw
dwwx
dwub
byah
cwmr
ctnb
bfdn
bhcc
dneo
dgyk
dqwk
dcim
cwnl
cbaj
fnqh
cqkq
cuae
dohp
aqkw
dfzx
avnt
azyj
aeya
dskf
czfs
ajqh
bcko
bshd
fnhq
cjfq
dyqm
ffhk
cryc
dsvv
bizf
epog
ampm
fnsb
erqt
dfua
fcku
ffot
bbfk
buwy
drpm
ffzz
cjhe
cnbc
bcpx
fibz
eufn
fbvd
brjd
bvca
ceyn
ajwt
cveu
cufm
bfcg
eyjs
baec
anfc
dtxx
btwj
ciuh
edhj
ctfp
bhtb
cjzt
faga
ckth
clqs
bsol
crvu
agmp
eabx
djqn
dapd
ajma
fbyl
cyyu
dvpc
akdf
apek
biwf
cywi
dkdp
cdga
fjed
eoep
cbof
ejpp
este
cfud
dpwq
abma
aztk
eyfm
bmxz
drrj
beos
ardb
bucm
fdty
cycn
armg
bkgs
aews
cgpg
ebqh
blff
ddkb
eevx
ewbq
emtd
dodz
euhq
bkaj
egsj
egzv
fbdg
blsi
abns
feik
crpj
couu
ehmj
fcel
dyyw
arqu
chst
fqra
cwmv
aztn
dfog
fibm
ekvo
cqlm
flol
clvi
aghq
fhmy
alou
dpwh
fpnj
finr
deya
bwgl
drtc
aakp
frep
crpp
aeky
beqq
cloc
fgha
fihb
beti
aznz
cpez
fkig
clef
aosi
egtw
eflw
exri
bluf
dtok
eccs
dkxd
dpdd
ctie
dsqj
fiof
cfhb
bnll
eqsb
awil
dmsl
dagk
cizt
egdk
clho
clmd
bxtv
cvus
fpol
blcc
bmvd
caif
dkgo
ekyc
cwjp
bqzk
chvf
eeyd
cdfp
cszz
bmnn
drok
bhrj
cavl
aejn
brhn
eznp
fdif
csej
avxc
eweu
btyu
arlb
btzq
ctfl
eikh
ckle
bebz
clte
atop
cwpu
dfyy
bydb
cwcm
eili
cqzy
fgmt
dttt
egav
dhrn
btmn
brrd
bvvg
aetw
abdn
eiql
dpim
agua
ccin
cugc
fbru
bdaq
ethc
brpq
cjmq
dpur
ezsi
eqmb
csnx
ehlw
baia
alab
cvdk
bdct
bwyx
chxa
ekvp
eysi
fodi
aula
dznw
bgca
ciov
dukj
endw
cdrd
dond
adif
fdof
eyvm
dbhx
apbg
ewwf
etqx
dtqg
axie
ehuj
aavk
elnm
alww
eruu
epef
fnme
agrf
enbs
ayfb
dcxm
dqkl
fato
dxnp
akpw
cscf
ejqr
dtns
agch
fhog
ajzs
aefh
ejlc
efrg
fovy
dxjt
ekcq
ewoe
aitj
ahfl
flez
dusv
cjoo
ccxi
bssu
csha
cnpn
djoe
dygg
dkii
ausc
cbls
bems
exif
fbex
bnpz
aqku
egmf
auhd
dfnq
euqf
ccur
amek
bmcv
bxmq
bdtw
amjv
ehju
djfb
fqmq
bmfj
eqpj
dkuc
dohu
btgz
bvti
dagr
dxqx
eeak
dfdv
exxe
bvmk
fqmu
ewsx
ainp
fgzy
ayne
beyo
bzbj
brwm
addr
fltt
adlk
efiq
armq
bqyt
azuw
btrb
dytc
azfi
abrm
dfwc
asvl
bxfk
bvkf
esjn
dziy
bmjk
ayei
cjdw
fnsh
estj
eoys
dksa
eevw
fedc
dcee
bzmz
fguy
fowq
bsph
buhj
elxx
cxag
ctvs
dpky
dgct
aefz
ctly
bhdc
adcp
bqwy
efpc
bpfw
btbs
dydf
daqs
ekym
facr
fqyz
cdry
ddxl
fasu
bnuu
cjnj
fjkr
ckbi
ertv
bkbg
abyp
fjeq
dfin
autj
bilf
etds
bejk
crob
cupf
eobl
cuoj
erla
bquy
ecup
aaoq
ehnx
bcyt
bcvc
darf
bnmw
cmta
bkgi
fjna
btnu
bqia
dlkv
dhis
bybu
bgli
bayj
bqrl
bmol
brhu
bqym
djas
fnbv
dagm
akot
eguz
ewpp
deha
egie
aicd
eiiv
bdou
evde
dzdz
dmhu
awnx
agna
avqp
dcor
aicu
bpms
fftd
cixa
aumy
diww
fcad
eoon
djac
bouw
cveg
eyww
bave
ayjy
chhk
auxf
dupw
bgmb
fhgh
eqrt
eiff
briw
apjb
fggf
cdlj
ardq
dzcw
dfwz
asen
bale
ctar
ewzn
blwh
cphn
dmvj
czyj
cppl
ansf
ckxi
fhug
fgpl
cmfj
bmax
btnv
dyvt
faph
aikr
avpl
aunk
fnjy
auys
asgn
dosk
cqyq
egcu
cdqz
cpko
dorv
fgxu
brbo
dead
degg
fqcq
cevh
doja
bzim
eagc
bmoz
azpm
byfz
apzn
ewes
ektw
fchu
bchy
ebgz
cdow
fbvc
decl
dngx
ckir
bzxi
abcq
ecmi
fdfw
bmxh
fruk
cqxg
euzt
enal
aguk
auet
fqev
avpr
aqzm
bpnl
awga
bsgq
dokh
dmbz
drgd
brsd
cjhy
czmo
fjpc
bqeu
eiha
cuxy
azbt
bqyc
evvs
diwx
ahhs
adhk
dbte
cwjv
bnsk
bhgn
bkjz
efsg
bdfk
drzc
arok
avrh
ctnn
fjbk
aohw
fbka
byrz
fllu
achp
enlw
dynt
dfjv
ayrg
dxrd
bcyi
bhdh
erqc
ezrq
frno
cdya
beju
aquu
doqs
bxls
azob
abrz
cecr
amee
akpb
aisc
enxi
fats
ajhp
eohz
cbqb
ekdj
dbze
cudo
dyfc
fhiv
diwu
ayyy
fcxf
etjl
czfw
cabf
fkji
bpqy
dgts
ckpb
bnff
eqmm
bezw
cjsf
aydo
ddhy
bojn
bnkj
bmhn
aazl
emqm
ackw
awgt
aeun
dcxs
fbmo
drwt
bepl
cdhd
czxg
dynf
fajd
exdt
dtom
eoui
dlcj
cnfh
ddkt
azmk
ahwn
fjsi
fiiq
dkhh
civq
coyt
dkpd
bvfy
dauy
cuxh
fpvu
bddr
apgp
fjsj
agjm
eqhs
ddzq
etop
cqds
ajcz
asqt
cpry
fioe
cqdu
cihm
aoaa
aeig
avaz
dbrc
eeyn
ecqz
azoj
alnc
btai
cuju
cspg
ausn
bnsv
avpa
cxdt
bzbp
fpmq
djyk
bqca
bvav
cfat
dvdb
etda
egqf
biwl
fbql
frih
eyek
bibs
ctnu
bbut
anwj
ajfb
bjrj
bcdy
ayrh
agjg
frgx
cewb
egka
fqqp
bukc
fenl
awau
cnra
emqw
esnj
ffii
eleg
ahxn
czkd
bgqm
cjzu
dwcj
cahh
bkbv
bseg
bfgl
edwv
fmhw
ezbd
amvw
cuwp
eppj
bjul
cdbl
cwsn
fquw
arsz
eurl
aboq
cyjy
axkl
dtnx
fmjt
fcfi
dsea
biki
egpb
dgjb
chkr
aocu
baio
bjsz
cxlv
ewvx
djnw
epio
dysd
bzvx
bhno
deoe
fczp
apob
dcwg
eeul
bfev
chwv
ffxa
avst
ayhe
drae
cprp
fgdg
bkya
fhyx
aszx
auqe
ciho
dgeo
egya
fkur
cnqk
bryv
bbhp
ctxg
apet
alne
ctrq
ehfh
dewy
adra
bdjs
bfcw
bwvr
fcsv
eyfw
fdwu
eprz
dkpc
briu
etuz
cdee
ebld
bxsb
dyab
chzm
cvfz
aofp
acff
dhjc
bemn
alfn
ahjp
cxot
aubl
bwvp
dnik
bvqm
daba
cokm
egjm
ednc
emqu
flkz
cbze
bohy
akva
edti
emoy
etzl
dcya
fjqz
fiqp
bmgm
cznx
cyip
dysv
cbsi
ducs
dbrd
ehhw
buov
eufh
bgse
ensg
dsbb
agiq
ddmc
bzix
bqbo
cump
eeoo
balo
azpb
cdzx
eixi
abcw
annp
fbqw
exok
bfgu
eaif
evco
chkp
ayjq
fdzu
aeag
dvum
eaeq
dpxm
egof
cwwy
aekg
cebf
cjyu
fdym
doia
dzbx
cbdk
bgry
btbk
fjzw
bvls
fogu
dcym
aqlr
fgje
bsmo
dzrr
bcsd
evtu
agso
cgcb
dpwy
fdgk
etox
epyi
bkns
ezmp
clsx
bitx
fktt
fhtz
bnig
epcc
efyg
evnw
abjc
fdwo
fpit
ertp
afve
bdfe
atpa
byoi
ecqj
blhm
aauv
adnt
btab
clzj
brio
dcjf
ctrx
ebcq
bqet
eucm
drgh
epbo
dryn
aaox
dipd
akhf
diju
eehs
aswy
blnw
cbte
enzt
fdsn
frfy
cqbk
deuo
abmk
cesw
dozm
aqmy
dhbz
bxuz
ccgk
djnj
agdb
cbox
cubo
cprt
daos
bbhx
aksv
faaq
brkz
ccjd
eqsw
cutz
dohv
byze
cqgl
dzri
eoyu
bcrd
bdpu
fnyu
aqgs
akpn
bmwh
booi
expb
bghh
eisv
dkqu
fkgx
eolf
aecd
fiui
bvra
bluc
ctsd
debx
berx
forr
dfvs
epci
ffvm
blyj
afcx
euli
bzyl
auer
avzu
bmvv
fpzd
bshr
enut
ezvy
eydn
agdr
cpmd
cyqi
elkg
akbp
fabe
eixw
eddo
cdxh
foib
dgxq
enks
fruh
dnbc
eyrn
blnx
ezbe
ddug
bczx
eycw
ewdz
cjoq
fnxh
fbps
evsu
ahnr
cxrf
ctoc
civh
deqr
fqmp
aebx
epdi
epgg
eucc
cniq
fpxl
cjky
bcrf
cdhj
egqy
brqd
azoy
bmzz
etqb
bqyu
ccxw
cxxz
auya
djcn
ekwd
derh
ccle
bzph
cory
dtzc
eocv
fqfy
ccdw
aoxl
firn
atrw
cbzj
dgyb
csoa
axsi
ccon
alzk
bjqe
dmzu
aqch
eklr
bmpb
ewyn
atei
bqoc
arrj
cabk
dlal
erau
fglh
dnlc
cmrf
bbcs
bdtc
exaq
dhrq
ezhq
auxm
ctuv
deqp
eajn
asgz
drcw
bpkv
fmxo
epdn
fjok
eiyf
dvxi
eobw
djfv
aazs
cndj
emhl
fihn
fiey
brzz
bezk
domi
bqmn
cljq
dnfb
ates
eapu
fbhp
dvkq
fdmp
auwz
epsz
cxqj
alfg
eujy
cpzh
bwiv
cavq
dihp
duru
dbau
ecqk
fhnp
avon
fnwt
fnoq
fpfp
esbu
bwod
emdi
ctrg
covk
ciwu
ctyw
cyss
bplu
fdyw
adrh
fgxr
cszh
emsl
bkvr
djdx
doag
dnff
enlo
cdxt
cjkb
degi
balf
aasy
fmqd
emkx
eltj
agwh
dznh
crxw
etno
bsds
eoap
dzmg
fnqq
ddsm
dkwz
dbvr
bwll
dfev
eeeu
eaxb
asvx
acex
dbtv
evyx
befs
dven
ddju
bcbk
aokt
euhc
dztv
cxqx
euww
eavo
bgot
ewiz
bdwl
eebu
aqre
dgrv
asgi
crag
fobq
dhll
cfzs
bacl
bqdq
degn
bwkd
ccde
bajz
bqqx
fhqq
enbe
anzt
bxua
edmu
bwqd
ehsn
clpa
fqxs
ccyf
ecry
dkrw
adry
azcw
btef
fgsl
dewz
ecnr
ettn
ehvl
etfb
friq
frbw
fdvi
cdxv
ebfk
biha
duvt
axxf
fajz
dcek
exhy
budj
bfol
fhjb
axnm
bhux
dpem
flnn
ajtj
cmwf
fkma
acxz
bwez
fmeu
bauu
beia
bqwm
dawp
ehgb
cjok
evhv
cbhu
ahul
bwqr
eych
dmud
erhr
axmv
cyiq
cizb
cneq
bphw
dinc
fpmi
bjch
bhbw
anzf
fflw
dvzq
bfie
eeym
ceey
edqh
dsvy
azsm
atyj
bysd
aqwp
btzt
emwm
drsc
bbkz
euvv
bmtv
bbnq
awdl
bbmy
dgcy
bmdb
czjn
evqi
ecxp
aovf
bwlt
fqfs
cays
alpe
eysd
bpio
cspo
aagt
aidl
eswq
bxfs
ffbp
cmlc
aiot
dkhw
caup
bmwr
dxcm
btov
anzv
ekub
dhff
fcla
djcu
dmvz
bmgu
cagx
cenx
dlue
exzn
doic
cdtq
cljp
aalo
dhlp
agss
bvpm
dywr
bhsj
dxta
eekb
ctud
bebf
ezyh
cnry
ctfe
alqs
eoun
frhf
fprg
dacr
dmkm
diwj
cpqt
fnva
aynf
bdyb
fqlh
cgfm
fhxi
ecge
ayak
evtw
ddgr
arpg
bvli
eyyl
dolx
cpfm
ccnt
ahbu
ertm
ecdh
fbqs
chzr
ecbx
bbbc
arik
ehum
cetr
ctnk
bfkj
eoxc
asql
btgt
frcj
feoi
bneh
bwdi
dhpd
csrt
bawy
dcqn
bwxl
bcxs
ascd
cicz
baiy
fklz
dpvw
dnal
dntb
fpno
dyuj
bkwj
ehkd
dgos
ditu
bhsb
epvf
arls
cart
dewh
djpj
elpo
fmdq
foqr
dwsx
dpat
bjtd
ajpo
esjo
boyf
dbay
cewk
anef
dxgm
bmma
ffyr
fkgn
cfib
emlp
ebnn
fmdz
apic
czjm
ajtf
azpt
eufk
abrb
fgkk
arkp
doue
fbxd
cyhg
baez
eisl
dxje
cxyr
efxh
ekcx
csyw
cvmk
brap
bqrm
fnax
eoye
froi
abiv
bljm
eqct
fixh
crrz
encd
cffa
dnnr
cfei
bitq
axga
cugb
encw
bigg
eksk
bteg
bzfg
esvf
aelw
ckep
faht
chlb
adjt
copo
cvbu
eupu
dlem
egea
cvpx
bahe
bxrg
eeqc
dkwl
fjqq
dkpg
cbrd
dqjb
dajy
dcmj
cswh
chvp
ejhe
apur
bpxr
chac
emqo
anlj
cqke
eytl
aizq
avhd
bgwh
bihp
dqbf
bpvn
axgj
cjrt
fgat
drxy
aavi
ckdq
fqwe
bwae
ewyu
eaie
fjzf
ercn
drte
dhhs
daha
arax
exbe
ahjy
ezlp
bapp
evvr
fjaz
ezmh
cnzm
dwaj
agcc
dqyu
cmnu
beot
bpen
bcsz
dlwg
enkj
fcwo
dhsk
afnv
ewlc
bmky
dtbg
fhuk
ekaa
erkg
dcve
aboj
cuvc
fmzg
adxm
bjlq
bawd
fbcx
cznh
byvg
dgom
dffa
ccya
bjza
eqom
eupr
bntb
eyku
dtgc
bahq
dfws
ethw
bxiz
fpwu
dgnc
dlxs
dykp
aoqa
awwn
ajlh
etwr
drdv
efct
djsj
bckf
bgrc
byff
coet
bnph
bshc
aimb
dwvy
ebib
arro
ernd
aoen
amks
euto
cvuf
cuuf
btlj
dczy
dbzh
fquu
cdxm
bwut
eqrc
bfme
aqcp
cqli
bnro
fdjj
bsfk
etjw
dtca
bycx
bvxf
frta
acrp
eoyd
azel
bfdv
evyn
eshz
cqym
dkzv
cjan
akvf
cdfh
dqiw
csdk
dzrz
czmn
ekvc
dbtl
dnif
ajlz
ensf
cmby
etgs
fpqt
excm
aodf
fitj
bwsv
fmgz
exqy
ddfb
darl
buqv
fbrh
eaeh
asnv
chzb
awiz
diul
dsci
cfgp
ahsf
blrk
ayxm
dhbx
fazi
egxy
asae
cmsg
eace
ecgn
aunt
apji
fonb
eckm
blvr
abtw
fkgu
dflr
bsqb
fnee
dwnq
ehyu
dtgn
dzqe
acsp
etfe
aurk
ernx
awol
axop
dhxr
fmkq
bjpd
beoq
cqta
fdts
abag
egha
ffzw
agdq
bzfw
chim
ccmh
flcb
boen
fguv
dpmf
excl
bpgj
epcy
fosk
fpqs
dyiv
fhgz
bina
eccc
dati
cwgz
egvl
frui
byno
bohv
ekcy
alsy
azlp
ayzr
cgvw
dhew
cros
djlg
defp
dsmd
dwwj
boey
dhag
ctjb
fltz
dvcm
dpsu
ecuv
clwk
dthl
dkpf
bkbx
cegz
fhzz
ctej
dfjt
asaa
dwjk
alki
cyvh
ahha
ebpi
djxe
beaw
amcc
eohf
aplk
faav
dnao
auah
aiag
berh
dwqm
bqcm
dbmk
cirn
cfuw
anbg
bihx
bbep
diig
bbxb
etln
byad
dmry
efzd
byto
dkpr
dcmf
bfki
exrg
cgrw
ablw
adpd
dupf
egwo
cezo
cafs
eucj
bxox
fgch
fdvb
ahsy
bgrh
dnqd
bpvg
ajsi
cwjt
eufe
ahho
fraf
aycz
epkg
dhut
bpkg
avlc
akyg
avcs
fnap
dfto
dkxu
ddni
awce
exne
cxfh
cbdf
akoz
euhr
cvcf
fnrf
afxq
aykv
buuq
ajzg
dwdq
ayqe
dleu
csjf
bfnn
bpuw
bvpf
adgu
drav
bvwi
attm
fnyy
cgfq
bpaj
biuu
crnu
cqdv
ddnq
ccwj
bbmn
dpnj
bfry
clxr
aovz
cjrz
binh
evxi
agsl
cbqo
bkzc
epxg
aqmw
awid
ewnw
etls
egcy
evel
aubj
etbr
fioh
cyzb
cbbd
cywd
exvi
brlq
eist
agxa
euno
elml
aegz
bqsx
engx
bkoc
egje
fqqy
fmna
dikq
akoh
bwwp
foby
anxa
etxh
blbg
folq
caau
diyz
ewpz
bhxt
dryt
algj
aczi
beex
agwl
ewgw
fegh
bfjt
cdco
bcfz
duji
dhak
egdx
bcrr
fiss
fqkm
azoq
caut
dyfq
cvwd
azoc
dgnz
berc
cfzh
elja
bfbw
ckyd
chym
dmhn
dlfq
apej
fdsl
fkyq
czdq
dgwt
azqe
eivh
ecwv
eedx
cuqn
ejty
eeec
djlw
ebfx
bhho
czuv
fjtq
egfi
dkrp
cyyy
abqo
chsf
aezd
bcis
cezl
dmgn
bizr
eupw
eqeu
efun
brbg
dnnq
eelq
eoio
envn
exjr
cfmh
dlwc
chwo
bbfy
ehae
dorm
cngi
ekyy
ayct
cpdu
dwlc
cney
eaxm
adue
dvfh
bsiu
bpwq
fdbf
doai
adws
ctxl
eklg
azii
ckac
dnjy
fleh
ffdj
cgel
bcxi
eglq
cmut
bazn
flup
eoho
altf
clvl
bazb
dkke
clvq
cjyz
buij
ezjm
afqm
ejyo
aole
axnx
bwrd
epvn
abtk
fbxa
bxgi
ausu
cglf
aomi
ehbm
empe
apqb
dhri
cgug
arbr
bwol
alci
fkrn
dgrr
fehx
fchr
cehp
atrm
csze
aebh
bwdd
egvk
ctcb
eyfv
dfvq
bdda
cpgs
dtib
cbly
eckj
aono
cvpq
dhvx
fqnj
fqaf
egiw
ehyx
chgc
bsjn
dqvv
divb
cach
faeh
eyof
cwkf
fciu
bnnp
bomh
cabe
dmgt
azlo
ezcf
dncn
cttq
exid
aylp
dclg
eqki
ekat
bsbg
ffkc
dlkg
ctor
cnzc
ecfm
bwcq
aiqo
dfoz
bqnq
ccao
fdnd
ayyn
dcap
dmxo
exhx
ecym
eefc
bxcq
cpov
eyia
aqbl
dbpd
ahgr
bveg
dbgu
ebgs
bpeq
afde
axbm
dfyf
fdrt
eyhw
biym
cnzy
efbq
brkv
bqul
egkf
femz
exxq
eadv
awlo
cgrq
ecwb
fetn
aaon
ecic
exzb
aupl
alkf
desc
dxqe
diuj
flyg
cpwt
dsvw
aqyr
bial
djos
cetm
bnnt
ajgm
bzkf
csvq
dxlr
bcxq
evfw
foxj
diaf
ekos
fauy
aurv
frnt
exoi
depl
fqdu
engh
faje
dknh
bbgr
fpgr
besc
dcgt
ahwv
dgln
duam
bboz
bplm
aezt
fjlz
fphw
etde
axgu
ejhk
ebut
fgxb
bqpg
ahwj
bvgr
cmau
chpw
dkml
avbh
cqix
djnm
erke
czhk
dnpo
ffys
elxa
fcdo
drje
dtzv
crkx
cqgx
bhig
figd
apop
aeje
djcf
emmv
bkql
fbys
csgm
eppa
bybb
dsuz
aksy
dhlx
ceny
akxc
cgjm
cpck
fqvc
ezei
abwl
fkdd
cyuh
chpu
atbq
bzxk
ezkw
bloa
dskt
bbca
dpmc
auhp
ecbo
dghz
bmeo
arsc
buun
ckji
ckur
bipe
bnwt
ercd
azvy
bjdj
dzau
bmhm
cmna
cejc
fcfl
faqe
aqhl
emsp
amla
fbbh
dwee
bcrs
bmuq
cxkc
afvd
dtqn
eynj
dnna
feib
