6611
40620
61510
50147
29742
34788
61417
24111
26493
6766
48943
11071
18604
9700
25170
45188
15533
47527
39382
34638
52019
12518
24252
60579
33539
43
9217
18482
46815
28780
35214
3493
3761
53143
43951
22328
32976
52848
45453
59939
21281
33659
29137
8991
64752
26721
43751
16896
3555
22426
6735
14942
47853
59101
8209
19918
7412
8864
37586
18673
26680
13250
66059
10331
36012
18497
16337
55708
27467
1375
64737
64882
5072
22559
58919
61295
34334
27192
38728
16580
34328
33135
40583
30919
64846
21256
10562
28703
63962
6441
40047
26311
18512
1531
45722
37938
13753
61932
48463
51736
12171
43377
50207
3856
18499
45435
62193
17158
62255
55441
21773
8405
65011
59804
22316
21371
61517
39410
735
38811
23268
62311
23438
21037
30896
57495
19143
4747
14302
58592
41433
33864
5267
9869
25486
49669
13779
13013
13168
39680
35285
7912
51247
41740
38080
44069
30609
65594
23316
26422
9851
19351
2995
54606
24003
36992
27045
51199
40798
51371
28917
65881
7026
44697
11314
12282
53036
64759
11829
16635
51055
19300
8943
23175
60615
4652
62085
32509
15985
2448
11837
54875
55587
17638
33994
44431
39306
63989
26934
53265
20970
10150
22465
30674
36031
12383
53012
57550
34649
8959
11344
61886
27597
45492
1700
41125
56260
56678
7275
8239
53152
50578
61434
36526
8495
51369
43224
66748
437
35336
5817
4885
63711
5491
32015
49338
47962
1841
42006
25426
63571
38892
60820
61245
15250
12874
27325
20211
14375
53685
6120
9713
65805
50468
23232
32444
47863
48294
48812
51072
44338
40188
44888
15032
62488
62127
33447
55657
3082
7144
16680
57221
3563
42769
55410
48938
15388
7674
41835
62418
16690
27793
34710
38846
47169
56735
56293
7933
51021
25527
7663
23507
50049
58881
39486
66159
35716
43939
65126
7308
49498
60343
32036
63172
60840
20024
36051
49184
61777
36027
22075
38258
9759
47264
9755
8510
4455
3867
15489
66620
13953
55788
19630
26532
42249
42201
39848
28572
29665
23192
28743
15540
10483
58717
56937
34346
43891
39783
11527
48647
10195
60497
40150
41987
52706
14356
21232
40197
1659
13406
41886
29396
36776
35244
8091
62946
32295
38235
22238
64934
33817
43031
42322
56329
9852
28598
62801
21762
64791
60336
26817
17010
54819
62445
34012
32695
14736
48795
33321
12816
13610
57191
26240
36458
49174
55542
49156
50033
16091
10643
42465
43886
12844
44397
13422
32358
63709
63248
37920
9251
60523
10015
377
33079
39552
1755
63436
18020
19516
52802
6666
48490
23456
59652
26039
37466
37398
64872
17928
11494
16839
44504
17209
14058
40677
32989
51037
35891
59210
49512
63003
63649
5558
58690
46761
37084
49172
46622
952
3379
7504
7725
11974
14979
6971
26870
50975
41322
12722
53778
22741
23562
18406
15944
54857
6973
10544
27736
60530
10159
50993
15087
43985
15821
2386
36435
61334
58706
59710
46466
27530
57972
63526
40164
10095
55166
6938
12748
30040
25374
36893
65050
14988
53954
23641
60591
39351
28403
9193
20913
14283
10874
7139
17673
17946
58466
28586
20154
30981
54965
1214
59987
7812
57497
38379
62888
37906
45921
12807
4522
19504
35803
35771
11053
4296
15405
19627
59514
7882
43858
52074
13188
12789
5648
14599
52569
11830
56318
51835
5796
52079
18911
43902
54342
59329
47544
32270
54076
43915
6234
11458
43446
37323
52078
15029
65043
39788
54184
33795
29111
44728
29692
41544
24870
64634
32101
7824
56529
44108
30765
39234
22131
28462
37644
35691
669
34412
29952
14720
30638
60375
8911
60542
61894
40866
15249
58508
38624
22547
5075
55213
470
9209
30857
20625
10872
43129
45618
44434
1821
23480
55194
39558
46764
65600
53221
59267
65755
12951
8895
52754
35238
28806
34820
34283
65697
10750
12467
55026
38
23042
41712
40429
48587
40338
1554
64670
23264
56477
51841
13933
24718
32558
35207
4589
27881
63021
41241
16850
32207
64654
42659
65365
26338
21677
20408
45854
43629
1892
65260
23153
9475
49943
18521
64747
45500
2116
23924
66721
9089
28009
55043
36244
65635
11212
33105
64642
6458
58798
39988
59282
45183
45416
14692
4142
42054
38797
4664
32365
6477
47021
57215
26292
46099
41942
30790
2987
19489
50125
46987
29060
10474
22911
22460
10734
54914
38352
17544
34364
2394
4224
58063
13923
41022
51727
42635
30740
62845
9861
28066
36865
8682
54935
11310
50579
11727
45714
28237
26036
64984
52583
20039
55676
48230
60306
39464
8542
61419
1087
62365
58570
65768
4807
4082
29978
58863
43835
49969
53148
62272
26653
62910
56708
18206
56746
272
66018
27514
31459
27853
60860
10462
5212
45228
28352
63338
22060
31785
4513
48261
25515
33700
38063
46492
10225
12935
9875
43007
48344
29134
27084
51872
840
51007
33758
50262
16192
38541
13637
9226
863
43706
54905
61239
55409
18117
6129
64145
20989
3414
63918
26954
16991
64925
39322
4264
3428
26
33987
38832
556
7822
41035
56416
62330
57379
41502
26732
43399
7990
20285
58311
54804
21498
45737
54746
37626
1282
9642
15218
23910
45306
53701
37802
53827
43161
42874
44487
58917
45516
60410
8162
44610
15278
22444
59554
7495
53368
6736
4649
5657
41947
56740
49505
31060
51361
19755
8771
22584
36872
58703
32266
21446
55927
12304
58514
48158
35838
55287
20371
10943
29604
9069
59159
5192
1905
45819
47619
25518
58064
38166
36282
3813
16229
41669
60558
11225
36951
33045
62706
40465
36672
30545
14305
62921
45774
10084
31130
57973
66303
13018
56145
59496
53342
29916
31628
1576
6643
24832
56797
2471
12933
10434
37486
52138
55731
23303
14063
21005
16960
23261
8598
42989
57751
23322
12494
57008
47643
3700
47918
24716
24895
22435
30534
32080
38680
54617
20267
56456
15414
42439
22107
9122
47670
40276
36857
20912
36390
25863
25794
21367
44445
60335
55512
47554
24581
35592
1800
16862
4973
66261
45719
29412
65088
48992
8871
8784
51820
63875
62677
2227
42434
18796
26631
7018
19447
62121
43478
65241
39196
16620
42349
36349
64959
5246
48911
44885
1034
56744
33454
1547
40877
43576
7323
9058
40560
2037
52287
52602
34186
10238
59850
43374
1963
36180
26111
16751
41996
42584
20089
31839
2450
62417
62770
57572
55648
41990
3880
3897
3280
54798
15756
51195
38616
11281
36905
58316
61183
52960
46310
37625
18301
18764
46500
41312
17028
52974
20946
45730
10981
1303
17432
44668
32816
65909
49646
20496
20980
38937
63453
42238
29579
26552
41879
22852
32128
38549
3862
16955
54088
41469
46593
48792
40670
15774
25562
10188
47845
32941
38759
35830
43358
14840
48236
61789
53806
24299
64003
44022
54472
28613
3475
59882
49183
58979
23364
11183
32952
42536
28931
28435
52274
27913
18135
60802
61060
27685
1462
24869
2957
27675
59409
50943
12998
5609
25592
23055
50638
21842
26322
20925
20088
11497
17126
57786
7060
61818
6008
59052
9958
58704
18557
47062
21700
48884
4034
41578
64306
7547
59626
19356
53870
10441
18567
10593
52607
37775
38182
44588
38603
48605
9094
64402
39862
3643
22280
50835
20616
50768
58314
28874
34175
7945
13542
43615
26782
10450
17444
28562
14833
1430
52055
43093
2478
65199
18021
14387
47081
15376
15938
15509
25178
49205
37243
45852
37816
21046
17587
32019
56092
37225
35083
27939
41253
62933
21378
53844
43528
13811
19718
56763
61257
49845
35636
45851
26885
51318
24628
49352
56152
6951
36691
14237
21478
48417
47383
27547
25647
62724
54197
62576
31075
28944
28799
16304
11571
59592
42051
66057
48923
51626
65042
59971
15907
38935
29383
36105
14707
14226
27630
42726
62241
4823
7196
24989
27408
11182
25300
30818
2641
37095
24340
34606
50864
19014
15127
24404
34655
48626
62234
59014
16087
18571
31453
43848
4330
36733
8749
56789
9310
53783
11379
18884
10692
45501
29663
3026
8917
29174
44058
58275
65947
65081
22253
58815
15221
54408
46163
8927
35424
53061
59704
10228
64017
36328
15838
25265
37412
53940
26319
59387
37154
56204
58742
56856
65207
55338
1261
23554
54508
21948
3481
26483
63243
13443
24332
43026
34070
60203
13716
56950
9750
66535
136
43056
10317
32903
4770
46913
62047
7260
6406
3254
46391
43400
1552
48915
44244
2264
34170
41459
34023
9590
62827
21847
60563
52296
33704
16915
7264
29822
26835
16609
4527
7427
14993
31918
52169
51704
7480
13642
15568
51459
58560
13051
47647
60930
33120
24829
13112
40880
4243
38388
11264
28269
39425
62479
8486
40782
29566
46400
14751
39379
56775
39694
21541
1572
37389
59031
9398
44468
32533
16028
54121
19364
14018
10785
37376
31668
61192
20629
18175
19796
20720
55785
4988
32271
38960
56959
17854
59131
22138
46794
53481
5173
24741
64681
15327
15070
42432
6539
29769
36789
6672
35744
8935
16005
39402
60279
63850
51032
38701
19386
5498
55498
38799
18111
3609
7834
46626
57668
11179
5186
10840
57408
28223
8515
59112
6002
57581
24012
54874
48817
50067
22097
25948
20891
3512
66478
3947
22503
10743
19866
26353
9468
12871
1363
46605
37182
40955
18825
45271
52921
56573
18861
39502
47431
43822
8925
60552
711
60983
13521
55567
15493
61706
28653
53791
12803
37023
63250
14272
39131
21986
50700
22737
10115
14890
24455
62833
7536
61492
24921
25850
12152
1094
49730
47184
25076
28976
25228
27389
40143
66225
13907
47972
35085
48809
21594
14625
20576
37151
48553
45919
8019
66343
41553
3243
54526
38231
18268
16987
52421
31148
58784
16488
32063
34102
55221
28365
11741
26436
63376
4775
62112
49601
16326
39226
2874
39771
48441
24959
2294
34308
60774
6752
22111
542
11515
50670
45278
47629
36416
32239
33467
52663
43537
29208
31563
7042
6489
42638
46036
62645
10281
30834
57398
50253
60001
23468
23453
63554
55644
5000
5370
60908
42945
2622
3405
39721
7969
6348
5355
12158
50757
61110
44316
26141
27603
2484
48169
54130
7956
15965
17791
51986
2706
28253
31052
35759
24462
59251
39737
23343
18537
47252
26187
25232
20881
32359
45895
48775
476
5913
60074
25354
32144
19417
59337
25833
14862
24499
22484
19773
29626
3907
16248
8726
21929
17753
26643
12668
36560
2277
10306
46277
58076
28889
41623
9151
20863
15607
11274
28299
63054
13966
44994
26674
49465
27356
39914
60212
36381
32661
28623
17940
53789
24574
6496
32477
13163
4603
22447
44018
8307
3770
61541
61124
42470
17
64350
27265
24814
19017
25568
20959
54017
9432
49467
63134
19910
32121
49401
52340
2639
54457
43634
12144
38686
14670
62962
1234
50726
59539
27044
17677
59208
53179
33975
30329
66081
14828
14015
64338
35932
48783
61817
2398
18839
53353
28441
54807
27275
27237
50321
1722
223
50137
64932
53473
9626
33494
40942
57879
22161
24620
23354
58315
4038
23519
63646
24405
1444
25645
26604
41081
46890
43772
61483
55984
21093
51332
12636
59079
14232
40524
61198
14717
32807
75
42861
49039
30859
52691
15251
12700
24837
60793
33103
38125
20205
39447
13643
43558
17787
35248
17353
46758
19744
40109
26023
25625
40651
1005
44409
28522
19158
29203
21327
33456
11479
23624
15130
30989
63000
25328
60968
19736
12683
52734
39421
66792
35045
56893
33414
64649
4745
32231
40544
44706
56785
43006
50706
15150
49861
28945
15086
4403
29327
60083
32925
31089
43456
35186
1528
33325
20236
1238
30017
52154
16435
26416
14913
978
37440
3618
26585
18132
27635
6249
54831
15924
24819
28224
34588
27850
51487
9097
2925
31465
23098
61676
12991
42825
30436
1048
58781
49024
57180
36048
56089
54073
65650
20335
63583
60613
48370
42080
31945
14139
56696
12063
6633
5453
9816
56795
16071
26136
3906
37970
18402
8203
55662
62952
52778
40121
29454
33873
24443
21787
39484
34402
4268
60695
52870
45201
2127
43240
3006
26080
24867
65077
47121
15132
12779
59491
61617
56270
25362
82
24974
43683
36223
41142
46173
51551
54578
13807
39276
4726
9185
47802
60762
42727
61409
57920
21747
9499
58835
40254
45177
1601
7640
37020
44758
10014
50103
31771
46225
9667
20114
24903
28576
61552
10185
55399
2090
24102
12501
543
64260
39195
13368
11794
65990
52295
13248
47259
2722
37911
7559
31328
41908
35465
241
61707
32221
22193
18514
45926
35240
32819
27264
17276
65665
8996
55636
39974
21599
59081
42919
36563
30732
22643
3012
42800
3213
45432
10547
34878
5408
35855
21635
24371
48330
46039
41165
12360
55750
43396
60554
10206
63789
51650
21489
59430
17997
62459
3239
12106
50085
51655
13242
17684
40711
28314
10859
35608
48384
12665
3333
55099
21235
52619
7620
51266
66228
64607
7020
37883
38390
41063
20608
65452
27
30364
34728
14027
38679
49121
26041
29162
27448
59660
46064
45113
51588
58618
25636
17931
46479
66742
59503
4209
42923
61357
57802
18548
1368
43044
53622
23635
19229
62015
35440
14411
9320
59793
44508
20462
62281
61349
27689
16139
58167
66600
16313
58102
20201
36807
5569
36958
52022
58923
66224
62495
50073
53202
5950
15760
7240
28432
15689
24132
47536
33342
58338
25769
20040
22763
4613
4767
50830
63912
288
31664
33093
51053
2300
9153
55793
36257
42554
53195
58766
17965
47029
2052
25619
41492
49689
38895
29491
43761
16714
50772
30503
41199
2795
37968
34005
9539
9397
36066
23308
50242
43759
22265
48098
4415
6840
62172
49051
51331
12967
50845
2514
61752
27274
37308
1948
11377
48303
11990
56872
54057
12727
29363
53738
49136
7404
49404
39544
18456
31924
58547
27066
64461
34509
48957
61520
23358
1251
14477
23291
23696
13847
43245
55251
6388
53662
40328
52434
30695
2610
36878
25488
36803
44647
31036
28835
30219
65023
4718
18883
3574
8678
45116
61942
56359
44859
35492
24672
12333
32733
44328
65393
55090
41073
31782
10202
16967
31018
36420
16558
920
51135
6557
59736
26591
6826
39334
9158
6542
35063
9981
33762
50926
59265
45586
12543
49703
6924
24985
46085
53547
45685
60396
599
26099
35072
3632
51089
29554
54363
34451
51951
39300
44507
61881
154
43786
65446
105
1006
1042
40032
8122
1583
45309
10551
56121
36151
29858
51667
750
2853
52334
17741
10564
64364
27573
42315
11083
15912
34993
9612
43346
30525
43937
48408
56975
9297
38905
5375
42459
66406
451
37551
25943
22564
27183
29666
52833
33150
1504
52735
52260
23163
22905
59243
20399
63842
24333
21945
54473
63356
17551
4185
4071
52399
55843
23265
14523
41425
47943
13336
28648
6360
14117
52015
59432
49203
16004
62372
30824
13289
33124
50720
66464
63463
53385
35633
29684
19043
20044
9245
61105
17300
9075
21126
57607
55861
18254
28732
19665
56438
18828
65185
59034
47526
36781
29087
13497
8356
33878
38808
12214
22616
27240
43104
16622
39482
55493
12833
34260
30801
34995
43495
40912
63044
31263
1857
19000
63900
16879
52514
21254
43918
36479
63473
62966
64703
65453
2318
46020
51390
63245
6215
49471
33785
19544
45625
35888
25431
46242
30169
29589
8228
55618
18694
25419
18288
22671
2611
54285
33489
46155
36417
10632
35896
53993
10271
33710
25484
34167
48535
1137
55055
53044
13421
17135
5286
1438
26341
14141
25531
27415
10177
28149
65632
52337
64648
20000
14676
61578
58172
23300
55723
50734
52014
46922
61445
41306
7641
60166
64216
47100
39641
3053
20014
34307
60799
38229
61579
1970
45994
62008
30252
60156
57662
5261
423
46961
63653
16232
18225
1519
46508
30043
25298
36056
63841
58736
57961
63066
44097
65735
57313
51261
47305
50200
13795
66788
18435
53057
12459
33721
35121
9479
26806
1009
26354
59684
42630
34556
51693
59516
44194
19249
52116
53347
61806
27312
65561
61373
32038
6358
56484
55100
42776
9254
57354
34895
55765
51293
32756
36333
43464
17240
58055
3731
430
18409
11765
62874
30519
66012
42309
39770
3059
6554
33835
33942
31743
15922
54918
40477
14422
8086
36825
49687
46927
30494
36645
17500
34208
20955
51057
47110
35486
3710
55071
44710
7678
19567
34218
62617
15160
36127
993
45344
9548
59126
4541
61691
18177
35529
29673
34338
64345
44591
60134
18130
15612
34787
62604
33741
727
61484
53518
36674
25480
51778
30050
1893
35513
13253
7991
5964
37038
29739
57013
60485
53436
34306
31748
27345
56264
41047
13228
22659
17413
38141
60539
6485
53106
6531
11130
48542
36940
9649
63981
42060
53218
14429
23255
1408
12903
49578
6984
28120
37599
66587
41842
51300
59852
18259
29896
30749
66613
56791
35151
40069
316
38217
7568
40753
33837
20795
38072
23662
58748
35443
3208
55335
44614
8684
753
63990
378
52574
47978
66136
42954
30752
56828
33726
54703
1560
38055
39861
23854
39274
17426
60747
37388
40261
45180
12770
64749
10707
49314
33829
10327
60917
42947
47683
29041
40526
63504
629
65687
41639
14040
5794
54785
45371
56830
57077
15212
5094
58283
34917
63898
51276
54157
57344
34395
52209
441
35077
4681
13545
24495
56360
31085
31162
43579
57355
14783
56997
4371
34276
40474
34679
22573
37302
58464
25779
10157
57245
19611
66482
29002
24343
49707
32526
8362
36817
57843
11534
10109
20500
22026
12283
15895
13895
39565
23587
46205
49334
28986
56312
12601
6709
53801
31495
43090
43286
62299
27460
60998
39709
64690
19835
3393
45710
4165
27940
20594
32040
1698
49181
38450
40673
24168
3373
61928
3703
35231
58930
40486
39965
54510
39956
56099
62394
64427
58218
62198
15062
22187
18870
34762
32323
25452
24925
18303
64818
61359
31116
3503
24568
21756
48137
41000
13798
39055
27975
22496
16220
9576
6819
10499
50933
57213
8627
10506
60685
43995
59135
60050
17265
14507
54454
64734
57815
59450
58160
21103
42033
4381
1241
65951
60995
5157
49245
53366
12210
24027
30263
18986
21343
54921
22057
1115
1270
58381
2761
65008
47282
63982
16542
10711
22685
19446
52609
3952
37353
37002
35489
40246
29892
37366
37187
48537
60488
31797
14697
8686
4786
19480
10481
14041
49736
45683
2790
48668
17771
58723
27899
39821
12078
40546
60944
3050
1618
4509
23324
57852
28668
56956
55625
65679
7941
30715
16911
45848
21008
1799
20409
43407
23967
62119
3305
9462
48458
13624
66566
5440
35338
51974
30543
18054
5736
2260
34535
35722
64486
14943
58152
32782
23401
56826
18102
34902
20920
38431
40901
10229
19692
609
57952
63728
53016
46786
50934
53593
119
739
60079
60147
63774
14759
41207
19774
3899
48332
50673
61590
65265
56586
28323
26022
39090
44983
8007
7283
1066
5010
17695
9068
35693
19152
3587
54800
41545
38866
31143
66009
40155
17565
10641
54048
47523
9393
47841
34321
41958
39086
28769
38461
56657
13002
39849
19719
31125
23567
15373
19721
38504
49093
47178
44643
27526
25697
31440
6157
35685
54512
336
11620
66724
19548
50438
54956
55185
482
8262
18009
45567
53135
9146
21164
26011
57864
18001
40631
56560
52859
53259
33444
36540
27882
39126
45227
33221
42499
46726
42100
34735
29761
5633
33172
5406
3752
57639
9073
27589
62307
8197
51536
58796
62883
34329
26040
65147
17855
62940
31374
20434
36996
27339
57136
61007
47271
13185
66456
58764
14476
5808
35683
35814
38089
11400
64615
13226
24259
18423
64376
18781
4202
32529
49752
51726
25972
33334
53568
11976
61682
2634
61009
11034
25751
31077
16045
54809
40929
57072
1158
27131
17970
27487
28926
29816
55819
24232
23157
11109
6665
21123
14696
55140
61406
7605
12828
2107
62603
59148
29853
23407
43571
6101
41907
59312
37064
47479
8663
7090
269
9515
60187
13627
62188
63814
37976
13616
49125
28056
57927
63282
5106
56421
50783
30959
35826
57082
12375
25186
6339
21725
10186
6522
49844
55659
5729
52198
21876
51907
19802
12358
14220
3671
60757
14328
42707
49321
23184
25954
6786
4768
25306
46946
17519
35735
9372
63558
65812
35106
51819
53151
40424
33204
45646
36219
43705
50716
29634
7576
58609
17893
47561
18347
12148
53565
64011
25638
17082
12849
39346
22646
66421
43987
54680
5544
2263
38950
45032
31030
50053
58095
21191
56160
41093
10964
52702
47622
10513
49201
45090
5114
47529
13225
19982
56445
6277
56824
49663
55639
28164
48311
59480
6076
36486
2594
58791
50577
28249
27323
3384
65411
147
60225
54707
32441
6419
22633
16288
15926
43230
31417
4715
14987
30736
33840
26486
38760
60957
39286
26068
49362
58846
62767
21625
10639
45904
53506
49410
52020
22433
62943
52108
37158
48268
31300
33405
285
58322
42993
36855
41562
63679
21543
43952
49896
25951
1281
46568
31636
31809
52437
61020
7395
8330
43166
16986
35549
16085
15503
41274
47017
64596
4237
25208
7971
5955
6476
32674
43568
53787
20162
30538
18436
2766
13492
59906
20519
6155
57194
11995
31754
24744
33644
64844
48554
62143
17433
12713
18238
17905
41993
11839
17267
50968
48076
29119
8028
43455
30456
30085
62550
49504
7946
34723
36782
57319
61277
30876
52866
42997
19237
23041
5692
2736
58995
33805
14029
3252
37673
3641
58608
60904
10329
30198
48352
438
36369
25982
61111
30660
29754
63323
25706
45878
2306
42296
26682
58734
1016
14858
52694
63780
47545
40806
45963
28031
14033
44448
299
43152
35945
64652
39231
57466
48390
25798
49099
6745
56485
62004
3153
28669
33579
9797
16706
37292
45652
5
44349
16502
51370
53387
26479
52549
47675
63275
51541
30516
32972
55033
49933
6165
29992
56125
4320
28532
1790
41259
43331
32039
