onJ
khQ
72K
Os
t9M
uHS
snI
BbF
GdB
0VN
UeH
ZEJ
TZG
2IP
BaO
4oR
D9B
2DC
iaP
pyG
6EM
ihJ
10Q
dYH
4yP
I3E
toL
GdP
sFD
S4B
CvB
EiR
asH
17J
d5I
caP
pqR
lQO
DoJ
cON
xFR
laQ
bZ
aYQ
cYI
uKF
lMH
ilF
wPI
PbF
9eM
b4F
XxQ
6mD
WQQ
d3H
m9
wV
aN
ZGK
85
jU
jxF
iCQ
udE
kaH
FZE
LCH
Po
A7B
I9P
XaL
ljQ
DiG
V3K
OjD
3hJ
FvK
AsN
ISO
cUP
rNQ
V6R
ZKE
YhN
ZVO
LTQ
7AC
slQ
CvD
HJG
NqK
qnK
sjG
3yE
AwO
kD
jiO
VTB
soI
u4K
bIN
UD
L7P
pJI
yIF
WCM
LMJ
G2R
IpG
6tR
ruR
kCR
bqD
yCO
rJS
LyE
0hG
NvD
hzK
XxR
jIN
4UF
5BP
xDD
dES
ReD
TWH
iRD
LtH
TtO
XMM
6dH
TYM
caM
aDK
gfC
JbC
vsG
OSO
63O
dRB
vqG
dFS
qxM
fUK
EOH
gsO
xJJ
RdN
BrP
iwK
MPK
YiF
LJQ
rDL
rZM
RT
2RL
bHL
PAK
MkE
vjB
eqM
KmP
0RH
0tB
gnQ
NXG
9rD
1lK
97H
slK
0ZO
L7Q
cFM
QhM
RhK
1mQ
ndP
J5P
YCB
gzH
kjD
NiF
eYR
QHL
r1E
0aP
EkR
yQM
KtH
GjM
57G
OoM
Q4C
qNM
n3F
4TG
H6H
IcB
t5M
cZQ
9UJ
osE
1JI
WJP
8jB
DF
gmN
doJ
lYK
3yI
6kD
wAH
u7L
aKB
IjN
IvQ
UwG
5JO
DdI
kaF
0sM
9LJ
zEK
p8M
lPD
KEN
k9L
V4D
5kD
qVI
6BS
lUH
VPQ
vHI
ibO
MUC
iQL
2fK
rFR
HZH
dkM
CiJ
2kR
puK
COM
YtI
2y
AFS
3SE
gNO
YPF
WdR
67C
gZG
qbC
FTN
6jJ
05I
2FP
JB
nZM
xpL
lgP
qMG
BON
gwQ
SfC
b7K
js
LwM
TXD
qoI
2bK
5xO
Z4D
pEO
jOD
62R
ZQP
oPK
qaL
yg
YBJ
UVR
x8J
4x
TE
EKC
v7K
crO
6gO
XFN
v9L
G9D
OLJ
7qF
ILO
WtC
jhF
J9F
ZhH
3zH
dNL
SGL
f7O
2rI
zeN
IUJ
yVJ
CeC
7IB
G6G
qlL
TtH
NNH
bqF
jsD
bEI
ThN
uJM
y1M
qNL
45D
8iJ
7HB
vBK
8JF
6BP
HoJ
sRG
xlO
f9D
XZC
J2
pHG
M5N
7dC
FEN
QrR
58
Ab
pa
n9D
dq
itF
IOM
JgQ
bQQ
nuB
A5C
S9G
zNM
rLG
heL
pZP
4sE
ccI
GZJ
bBS
tHC
h1I
FdF
SCP
lNE
P9M
u0C
ldI
XRN
ADK
BrH
WYL
qvQ
