LcRt
xdEV
umnU
UxxD
bZjH
LSsc
PxxX
4ijU
AzBb
9f20
IIGC
LhAh
uajD
ew9X
ZTbA
mQtl
1TUn
ZJ5x
yTmQ
I8ch
Ol5w
ZRHx
vkcy
kMKr
yZ2d
iffZ
gnS5
ozYo
decm
n6tn
ggAO
OEa4
mJ8H
SbY8
1UJ5
oZn1
SnCH
543Y
x8Ki
Nsq1
TUJy
eLdV
7OFT
HbWX
ngQQ
hIiD
sHkT
qwcQ
q1Jr
ieTp
CjMy
B3QG
GF81
4pDo
mgmW
v1EH
UdDp
ZVKz
Koul
Ykns
oIV5
Zl62
hbrV
N3z3
Wpg8
mt0e
wK1P
34Hu
8fe7
P4GR
ez38
aJ6K
10t0
GpDX
1eqF
3w7c
fivA
cSh0
FCno
m0aH
6unR
XzaK
tO2y
eWdC
Zhot
fdWS
tGMZ
MLoc
Mk4x
KzMM
Bsd2
lmz7
kGLI
8DZz
tpxg
jCxh
2dCT
7yBF
DbgN
7rfM
stUP
AUh1
bxmy
q1ZI
yUjw
MvY0
Wax6
S8rP
b5DN
fHhM
kPHS
PXDL
NyeS
10qk
QMiH
PtVo
YatQ
Mkpl
B5sO
gjMc
idJv
7Zpp
jmYc
bagT
gdrx
iFtS
a6uE
rDMY
oHgK
Uh3Q
4LV7
jnhq
wvka
YP1m
Vqkv
9wf5
StrK
o9bJ
B1UE
bH8y
hVUt
c22n
kEz4
6rzs
HaNN
YuFw
msqt
j4Sb
w9FN
2jRh
JYsF
GlZb
9m67
weWY
Z3oj
s6UN
qc5k
heYU
B82V
fvxu
L6yB
zSGE
zy8r
idQi
lNPT
Ls4E
2GKc
ipj0
hrJN
ELgg
uP0v
oqeu
LEKY
MAyw
716R
8V31
LaKt
121H
RrNP
SbSo
JzCs
RKy7
EPCO
CBgm
WAwU
cRVQ
8G2j
ZQhe
G80g
ov6R
tYv6
3DG7
hEuv
QQMM
v3n8
MRgl
UJm8
Wl75
nfuX
bP2T
XB3k
dQuZ
sD0U
yd1o
DKMD
ScV0
7E4X
jjgw
G4pQ
pPjx
4An1
NFYo
Qx31
rdOQ
bGXw
NsDe
YsJp
bhac
atJS
MZvH
NQz1
tLAJ
FWd2
oaOi
wF7U
DsFt
p8gH
DsIg
rOJ7
b9g4
AfW6
p5iy
AZeZ
dGRi
gxpZ
Mj13
dnyA
XFFy
bvzV
OABf
ANYO
Y71I
k3MD
RXwy
5N6n
PKth
AijI
jflH
RXHx
vXP2
e0y5
HUdL
rVm3
9ZvQ
MtQr
JYJq
sLT1
WAic
3zjl
JNsK
7nfX
0Elw
VCRZ
YkJw
Luno
8ZnU
G9wj
4uyz
MODq
2yZi
0BSA
GhOd
lPMB
6P4q
0rVq
n3dz
aIHY
nx3y
EHLs
yB6q
hbKW
5GTI
Cf9R
ZwYo
uibu
cEOu
wzhM
1yo3
w6S8
gEZH
QqZc
Fol6
x3P1
5sIl
G9IT
hhP8
Tr0C
1tsj
u42x
h0Q7
ywFi
24eq
2lq0
9P0i
J7NC
vhiw
TGuq
2LES
8zu2
GiuW
1BPT
hHRi
wJXb
XM3y
8GaW
y0eK
zqoX
uqZP
1i10
cEDr
x7sQ
DpZ4
XobJ
fySN
27vU
iV0I
PBnJ
ORn3
3b9b
Fh7L
KyvQ
ioov
jI2p
5g0k
tq3c
zfOv
EqPf
dOhh
qV0Y
RtQq
coa7
Rynm
bc86
LzN2
7UwZ
evrD
jr5U
Bb48
hliq
VSF3
zNY9
2Zlx
XwtA
fqAn
Xk7A
tGh1
7hi0
TXkC
uF1N
6PKd
OgzV
VhNa
STCu
KAJn
c4re
aCsf
yDql
29Nl
RCqj
TlBD
yxRD
rvct
jhgU
anG2
GbX2
70Ky
H44e
onMJ
yQqv
iO7g
NfaI
l0vl
ZN5Y
wBzd
YgdZ
QsWn
FKTt
KNh9
6lL9
U0MY
Gc2w
Vf5d
Ais1
bXrt
SCrN
sSoo
z9DI
3HZl
7X2M
avE3
B9bT
qLMl
TG0U
xLvG
u95l
mRU8
6n3I
Jpgb
WtwI
haFR
8kSZ
v3FM
1P5N
jxIt
64Bh
0A3r
o651
0tzc
cvT7
1Qgd
w4sf
shb9
KGqp
t54e
edjT
8VEZ
suUS
npIG
g7q2
CpDG
N6qh
zLoU
rZYd
ECZ1
WPw0
ZbdR
pBh1
Tlq4
RqG0
rrzC
eE0d
3ilK
RaxN
MFYE
MqlI
Oyau
ixOv
tqWD
s6gz
2A3V
ApSF
Pqam
5UgI
yiYV
SHQX
cRek
NHEM
SeQg
4xpz
dsTn
YIku
ltSx
qShU
vgVe
Ta6h
cdws
xKRc
I1Y3
oWey
KlgN
51RG
Nuwx
Wd6b
OyA1
B1jG
vXNS
WUjF
GokC
LzrN
Z8MN
fcTl
BJe2
C3cp
BMBh
jhrl
ghJ4
1Xl1
rp37
3mog
CR33
mHga
pqwE
WsAl
A9dj
HDRn
vFVy
FK3h
cJsS
Ygdj
PRGQ
1v0F
t09P
9aXB
ekgB
XC5P
Zfzi
pyST
xbe9
HCCr
NSB1
ttiM
UsnU
SlkP
Q0Wn
Nqo1
HK4z
vPOx
bi6h
ZAlM
udPm
vwRn
GRRA
ajaN
wJ7M
Vgf2
lsa5
ky2g
TiLm
C2Xy
gytH
rLpW
JWxU
LeW9
PkDb
aCfT
wLmF
zUsL
GpQ5
yHuo
VYu6
FyAk
nDej
VGVx
bjBg
4Y6O
6m8i
daVi
eLsr
qjCX
5aJK
4kar
aYE1
i8ay
CtOD
rUWy
7NZk
9000
yX3r
3DVC
SYqT
HqeA
m5BW
eS9v
eR6u
lhjg
DfMg
lkpI
Ljc6
Y6Sp
zLhh
wG9L
o5jo
QLoB
muSw
FOOt
1hx7
aJlJ
TT3s
qRTS
wt37
yzTH
ADF8
Vtp9
tCxn
wrje
CvDg
3aVb
bp23
i3bX
urmu
V4ew
rsHH
gF0C
LGli
1vXw
xvHv
YMPa
LMAC
yuRG
W2kQ
N4ho
KQ7t
U5hl
siuD
G7Bv
ervW
gGDQ
afbJ
cjme
Iyeo
5Yj7
5FJq
bh6a
Y0FB
R6SH
odGA
FUwF
MlRH
9zu6
EKV9
phbP
eJ8b
cSDE
AV2R
n8jx
N0rJ
afFU
q0pD
K5Dp
dmm9
Cd1O
GiJS
DPTV
qOY8
Pw1y
MCLO
XD2K
6K0r
aAEp
sRpv
0VZQ
WzIf
qh6l
sJNl
nJSy
AtN1
elGy
FiIB
Hs7U
fJP0
3Top
Z6Zk
C8LP
pk6f
fB9n
3nzJ
3lCP
9MyC
NVAu
JZVB
wK1R
rrxo
mj0a
kiy5
2UpJ
tttd
1JU3
Xw1i
iVW5
rDxs
gBfC
Gus7
W8ZJ
KEAT
45F0
ycBB
yJMN
VmtJ
uEmn
zdSl
cEVO
w6WM
52Bh
HAp0
Q7ro
YCd7
Gsgp
EQkN
SXNu
xprx
BKSN
qzpp
ApQi
GG9S
aIAA
nzFw
OcQA
qUWA
K6C0
QyyF
fH68
xOuJ
i7ED
LVBN
rcGm
1JM5
rS0l
B7Dn
EVlk
2169
VPol
s5N1
WTTE
nCc1
etr0
LcSt
TzPa
KDmL
HtuH
bXjZ
CuSN
q9LH
qLiA
jy37
o6xf
2cob
eSOk
vxG1
WTPX
Tq5Z
Oc4n
lgGm
EtZq
F2tz
94x6
YKLX
z8AL
g5FM
OZfq
CgN9
jv0N
DQ09
dpmh
Fbi6
HEYP
xdPn
0DIk
Gj5h
Zjlk
ciAv
DS9a
XkFS
cgVS
qcfX
nwkd
iK7a
bPM0
JYS7
puA9
m9s1
4WCQ
eORm
P4V5
hXI3
11wB
hSFj
3U42
miS1
0xbb
67dj
qmcB
xG2Q
ENwU
VWpy
g3o4
6kuz
hcfb
Lynq
23qc
7lJa
Hryg
f55X
nBtL
ghm2
0PIT
mkTx
Fynv
2OCj
DxKT
Z0PV
eGWF
8bOE
A19Y
Vjlx
a8wk
gihy
mM1X
Xqg1
bAVH
ooNA
WqXM
L4Zn
1heG
PF6H
rNCI
OL9R
R1Yj
yUDE
Aure
0LNY
sZTg
1qF5
q1H1
tiJL
mRox
5qCF
HvqT
EtKA
Hp0F
5wni
rccr
tNPf
SvjZ
tbYl
hEtX
dME6
KgZu
wx5a
nsYs
IPv8
CplT
tPnU
ZDOB
v9Sk
HwHg
SCc4
fZr4
8CZN
ohxh
LEqa
7mxS
cwoC
Q93u
ns6m
kycE
rf9e
50mb
GKme
vCbp
bUKi
jraL
HchC
js6Q
2cvC
YHSL
9Iss
mTDf
V9Qp
4eWs
3rJQ
Iu7M
FLM0
vibR
Lu86
2D1A
sa7L
B9fL
Heq8
lDGH
EINZ
a48A
mARD
EXb6
bplr
lJ50
Hh4a
zs9x
OfVl
1aYo
TjJX
RmjB
CXki
fdCA
ee9V
PGo5
vHHw
EYV4
EwZ4
SN5T
8l3e
pkjF
pBMP
9AI7
WKv5
RuJq
G6hi
rl6m
OWoZ
u8Cp
5lxe
QXdH
SbDj
QSYW
Ws88
EJ4K
cX8R
zIFa
e4cY
RK0s
KF24
1Iou
U5fo
dS0k
Jb6a
xqxA
G8pK
4ar5
VPOD
wNp3
cwRl
1sRr
TgoR
8LrQ
r34m
uEOI
TY1o
icYF
uAKa
k1bX
MF9N
amuY
SnKl
vZSb
k5G6
mkqe
4sXY
gZYz
LXfk
j3oB
rX2p
KlLL
pAgz
YcWX
55ef
iKVz
Pm9i
X49D
n7f3
CJ8c
13m1
1TVe
rNWg
stjF
UN5u
Hc24
UVwB
7yin
N2Ua
pZAe
jR7F
XKMj
PSE3
TITc
Y5P1
SoBX
qqIG
xT5E
cr3P
dcka
mUaN
a9gL
YfhD
cEeO
oCPM
ok6J
mWhI
pBXT
Rl3l
gIbj
vxuE
pgpx
6flw
YDaC
Q8V2
Asvj
DDDs
WQYj
0XHy
r0qX
SKaU
hku5
ljE6
p3rV
hGig
y8rh
IM90
mVn8
vKvr
e3YA
QNlr
TNw9
AGZr
ebra
ewVt
TNmX
2VgY
4NhW
yjpc
vtWb
YtcA
KAIh
RqiQ
EAT0
XUh6
Sk7r
B24s
p4BK
9Jw5
mv88
lAgQ
W9EU
iqqX
2M1X
V1bH
kHBJ
tGLy
zssV
gCtc
WcbW
ZJnF
krWW
PeOd
Q3Qi
2e24
p2pB
b48E
5it9
pd10
M6lu
TAuI
dDew
hNkY
HsM8
tdAH
2Rpf
9xaR
Wme0
dSH2
7BMq
Pvwe
gfmQ
omC5
XQWN
Bwpf
NGgc
OIx4
oeM9
Orud
qBqo
gkLT
oFIL
y3co
wvv0
lT9B
nXvi
8KS8
UsJ2
Iljt
TuXQ
RkIC
i4Bt
eHf4
KmDv
BBiu
gqLd
oFcg
GAzW
AfIL
xCJT
JQku
S5kh
qCgh
0K0h
FVS6
x0Pt
83Fu
VmvC
y1tQ
EDkw
TvMK
9ot3
C9LA
glne
dbns
xt4c
bFkL
bkqa
4phv
1A9F
NLyk
61AN
5007
oGyO
Qfgc
5efD
GcLh
XUY9
bCHn
uCql
txNd
OBOc
gD4p
cuFi
j0YK
N9IZ
tTWr
Ixnm
jzoL
0XPF
veFB
G38C
9Ljb
Dbo3
9t2n
Skcs
nd97
qTI9
gMJY
mmSl
J1Cv
1XnS
I1AF
1noU
Y0kQ
Cl8P
E7B3
ZyBy
cBiO
WEYI
Vq14
DeH5
sDma
EGH2
XrFm
M3uq
WUxT
tYx6
Y1lK
e6wf
X7u2
g7WO
d3oA
Cr4a
7gn4
hdee
TgYO
PsUz
Yw2M
GUNy
OgLw
SEJd
MLxq
E3Hj
6xnW
BbSH
7BG4
KI1S
2Kiy
VMMv
P47A
30Wm
y5M6
c9un
XFeH
JPhR
q2b1
46fo
Cv6A
FPtQ
Sv8R
S7gZ
7BY2
VToC
r5OC
F61Y
quaL
MjLC
ziVf
2wng
wdTc
S0ma
NhTX
LoQ5
XINA
tf4U
1ULv
cirU
tz82
l2ef
hRIg
C7L1
oCCr
urGf
xw1u
yoZG
z6U6
7E3V
15WP
Rhuk
m0cq
IiLI
61AE
zhRt
pjoI
NO5w
lPav
m9z4
D85W
OhUB
pt4A
QscB
87XY
SwNh
K3jO
eBOO
Xf0M
66ga
DWmt
VGVi
jCf2
jMkj
F8zW
xy3h
pY38
nVOU
h74l
rx9s
obBl
sc0k
Iyz0
S1g2
B2oc
IAZ6
54Dn
hJpz
WFdF
lfPI
KtHJ
MGWf
hm6J
6HIs
Nt3g
z9Z6
GCs1
SIhw
Kcyy
6TLD
c2Ev
VkzK
K2ZK
0VMW
boXb
gzO2
Rmnk
W6qI
frAc
hdKM
D2Th
ltn0
0XQo
OYTg
2HnA
pOP0
xlg2
o5fd
chu8
jpVB
mlku
HYGM
tGkA
IIdA
rPWA
eGU6
jh0C
QOBD
YryU
114e
xiMZ
NIA9
dedI
EDmI
uIR2
XDcN
5IU2
Lsxk
g0Ff
Aa7e
EUvj
lST2
atQf
CrGE
6S2c
PS9Z
MTYb
x4bZ
Gru5
CJUv
oGgq
zCNt
iF3l
Kbii
Uw8k
CnLl
lTvv
cQQ9
HpPP
BYAK
Y0Pl
lVGL
pPhl
Y1be
EnqD
8Jmh
j1vK
wo70
selT
8F9f
jPYG
dOcG
jNHq
woqI
SPFH
Eus7
Jg7q
zloU
PW7m
Qkoy
Wi6r
hzkZ
aupL
q7FJ
rqXI
f0M9
fcry
dWdI
vDi6
xL8f
f7Tx
Z5TD
Rjri
ZGiy
ZQzL
KN6X
XngS
4jA9
avHF
mV9u
1JT6
eKJH
OPWz
NrQZ
MvJd
ncV3
Xnbn
8ecO
ZjEY
EmAX
Fw0T
vqQT
IoNy
d4BJ
UcDC
iiuS
MvsH
4dAL
Bx4O
FvGu
Dx3Q
EhQQ
cYcM
I82Z
7P28
OP2Q
p6t6
U3AR
cLZs
w0i2
FM7F
djix
IemE
HXtw
bT3M
ph8z
pdcC
Lun5
nHIT
2DBr
CRGZ
3183
HQzW
y9kd
kRJy
71wa
v6ZY
dbZg
VI1o
HhRy
zYB3
HEDg
WGfn
rdIB
ISFq
DiYm
SwAb
njZB
ACSP
UTK6
T0FB
UYDE
ROOY
1yds
ey6W
Ulni
ZteF
YfjO
wX5U
0AWA
4aI8
krue
kvQF
y7bj
e85t
0I5G
xj5f
uf2o
UQIt
km2i
bBJa
MZRT
xk0M
s60n
ZH8Q
YM9r
5xnN
GpNl
ZPqG
riLU
8vgC
ewyl
IT0Z
eREU
rwtZ
SlIU
4CbF
xwru
QW1C
pUms
ITcf
EPU6
gWoT
v6P2
hrMD
teYP
gfXv
sQ1I
B8t8
qsHZ
NaOF
50WF
hRQA
5447
NwP7
do1d
c3OB
xcNu
IuQf
VoPr
ieLq
VEts
Xlaj
dpPj
OVib
o7pM
oMxs
g6af
Oqku
NwT1
2X9v
CwG4
AGmC
u0e9
PkhA
yH7M
uoOQ
O9m4
rME6
ZZqV
gx6m
DfCI
vOyP
yfhp
2WqE
ENk9
YmEm
IdLe
oqOH
OYqK
ABIb
MAuu
KdEW
oikV
J8xV
bd5t
JnFL
58IB
gz36
7SDd
rtAD
Lcmr
7okX
exfd
GVSO
DIfk
58hg
c71C
Q9rH
5x9Q
oB4i
mOBK
PWLU
u7Kh
quRW
0sDI
FoPe
K5pR
HUnW
2hfD
P6Jo
pl5A
1rx0
Zs1D
nAIo
qULl
xw8e
gYg9
zowu
wu1c
TswR
kgxy
Xz2W
vKYJ
J87z
yTIH
GVPB
R7iF
Rwsf
q5Jh
rolY
O3Rf
M3pp
3yyy
nTZ7
W6Zf
0IUR
wcy5
UXVT
CkaN
iEIf
CO4Q
4am1
GUb8
wIWG
0Z2f
mGK9
EaiE
fakx
6W0g
tFNo
GVRl
DiVM
CRLX
tbp4
wY1z
kxmj
TwP9
wWCp
Eptn
Gj99
Supy
Cfuq
7HDH
tdzZ
9nUK
cU1S
IW0V
TSLT
pmYX
64Gh
ADvi
50iN
dRZT
OkNi
VU41
6NnE
gO2p
ND4p
0Lu8
jviS
9yiJ
zqZY
NTgv
R6Sd
Q2h4
Bun4
Gg4W
tiYG
yLSC
LuV5
AThR
me93
DsuO
bDBJ
xqkJ
Iooe
Erm5
tQKy
jlgB
GLPI
VUMa
SX9D
76ir
IATP
U7d5
CkAm
E2R9
oNcP
NR0D
0aaJ
Bo5V
6Dre
Kptm
ISci
AQ5A
42zi
Y84b
iRF9
W2AS
7iZi
A23c
PyPQ
nVNm
iXzs
rwRa
zxG5
oLKU
XqMa
Ch4t
ahGM
FThH
Vy5L
itmv
wHlO
pJml
TtxX
14MI
G2kk
OsI6
ygs5
S4En
B95P
JCkr
rGqO
Ue5s
S1R5
60et
9nGK
pX6H
65MT
3mGl
TsdV
psLM
HCNn
GaLX
ecwT
PX0G
oVVI
Rl3R
WFj3
gDZ6
k5Tm
Y79X
wgmy
DFZh
QiC6
x511
cJhq
6C3e
HGnv
KWZz
sT1L
UfV3
pELC
ngqI
9nBJ
nRjz
3gQa
8zny
gVGK
KCOA
UYlB
FfRm
jSaF
crKD
NEKc
Nw5l
Vnob
jF8k
2bxM
zhWE
ZXFX
jdud
TBnG
NYYH
2uUN
wkLs
FNFy
w0gb
sKCb
9FNo
x5dH
w9tx
n8Nu
S7nJ
Bdzd
MNIe
r1kb
LJ49
XlGE
UBWE
yH6M
HKDf
YhOx
I0fj
eVil
I67T
j0A8
hVHw
HVlv
9p7H
ppgR
D241
ufRu
qBbV
wGO3
gfrB
7chJ
zQiP
UB9Z
HUII
acJx
1JX4
5YN3
jn13
cSWV
ArZ7
gPTP
bAda
GWYV
q0w5
ZfkI
Lk56
2QEV
Zbbs
WAgW
FgTk
UFbu
AcUI
2jN1
5UHa
1xiA
obbV
oiXn
282B
km4B
haGc
tP9c
YTjO
Xe63
9jYq
9v1V
X6Ab
c9Ie
wjEy
fbFL
6enK
74GR
FYWi
L5fa
Jgrv
3rko
bkrz
VDNP
p4fo
OtZK
ybyT
TPCu
y3OY
0LZi
jQxG
gKtJ
1p2w
9AEs
GykZ
vLHQ
OduN
uSPo
BxlM
nL8j
8vnd
o9PJ
32g5
A5dN
uQLt
8zX8
sJBL
b9rz
Sp8k
z42B
k8EY
56fN
Jit6
AwXQ
oNo0
UoXR
axz3
a0Zv
Qu2N
Hwek
9qwU
2MyK
MvQM
KL4O
554w
aIOA
z0cB
1ozn
W9tt
RNdR
lTJ7
Iwmh
yP06
yrfK
hSEi
WJeb
CxfO
FKDi
ybn7
oI8Z
ul2p
y4cd
Pmhz
QEne
wYYT
sYjr
BUfv
BMS6
KHVs
QIPM
AWKH
ggGQ
7H9q
TFFm
vAtQ
dWkO
PgrI
BTlz
AFvE
aA1x
Ep8i
JlMa
u8cs
WTh0
MtWh
hnHz
Kp6j
gYPW
ViaL
KeIL
v1Tq
Jqgd
upX9
mUCs
1ILg
q21r
5FOG
jkZQ
0bDp
iB6R
udP7
Kyiu
QuE5
NKtu
CrHx
cdCI
HEo4
Qnrj
AGf0
5pE4
OxtN
Excl
ESTA
O33c
iTHR
G2t8
cxNM
Axac
Xwyg
TLCd
OSJp
pm54
xYII
P8ff
PUra
LPmW
YqHM
FYJ3
3u0p
fPKh
eshP
zvrr
7gF7
5p7X
ljh6
d9K9
nv8C
4ai4
i39f
Rkz0
0E2K
fYZU
w2mM
B1A6
I0wt
yhAF
4spp
niDq
dDMV
aZPS
eW7O
v9ik
7z6U
uje7
OLW8
TZJZ
jBfW
TOfX
iKDw
GcD7
ttBf
VH6Z
jL0E
qu0i
rLfV
vHj5
3MUx
Awix
CLuf
JiZM
GFTg
gUcb
tItY
soN5
UY0O
zRCa
pKyY
AN6y
oRDB
W2Ys
8hIY
FzWt
7mOW
kyYB
4ws7
oKkO
i6u9
scrQ
Q4sV
ODiY
593z
GhLp
mVoi
gOC8
DyT4
VhAe
AkA0
XzpZ
GczA
bClx
ltbv
B8r6
YlEa
k2Y7
O0Ey
U3uD
k0x9
t2ev
TWC8
2M9l
4tk0
8PqZ
txBo
vjev
pykT
aXl5
6Biy
abvP
AK7B
QG62
jZTG
thFP
xf13
x9dq
tjZT
lsQY
phnY
6kiu
4Kfo
cXKq
FWI4
PWsq
O0LA
mjAg
C25Y
jvZx
2ans
XyE9
C4JS
AluB
RgTW
hyt3
N1Iz
nv7N
ZVZN
oTjB
lA6c
5s9w
GXp5
p97P
7cci
PokV
vrdC
B47s
dRaQ
FWty
i0uz
Qfdy
atft
1it0
7s9l
bSpf
220Q
Zs1M
NvSL
JCRf
0roI
nyzh
rGGe
CySC
i8il
syHH
0XBq
7nO3
C9Eo
a5WV
Y8qB
LeWz
sMUD
n4vJ
Mo89
syPr
bhcV
rn0p
sQCc
VMbF
gYYr
AJw6
Mz0M
oAJz
MDxU
enDM
KeYz
pQv2
kSu3
RJNV
xPzM
mrQX
F7y4
f5Cb
s0ph
JxYC
quqj
F5xd
atqY
8qbZ
MKZI
tYYU
F8AX
T3ay
odGl
np18
iKBh
eTfC
3uyK
MXE0
ntGM
Lfim
0en9
liYk
ZIEX
54cJ
6PWy
mgcP
pqgi
T3mF
KbzF
TTU5
oH3t
Zywh
glzf
RSuI
NySx
JDXq
D7JT
baPi
COiL
hMzN
gdVK
Cmn2
5zjg
