EQS
HGV
LOZ
GEB
CA
CTV
LAY
IRO
ETH
BLI
IAA
HGY
NQS
XI
HWD
NLR
KU
CYB
KFB
EHS
ISL
AKA
CKX
FCA
CJJ
JJJ
ABV
EFS
IVO
BJA
CAP
DWK
HQW
NNQ
ICD
FHG
DIC
DG
IAC
ETR
KDB
DXV
EYL
DSP
BJU
MSA
IAV
DHW
ERI
DZQ
IEG
BDZ
NL
ISK
ASQ
PY
EEH
GEM
JW
JXT
KAP
HQU
HCI
BSW
JST
JYX
AUH
IWR
LTN
BPX
GJY
HKG
ND
HZZ
CYL
EKO
MJP
DYV
EJJ
EPJ
ALA
FRN
JDN
CSU
LRV
BWX
NIY
IL
NST
DUH
MTG
JCQ
EGB
INE
IET
IZX
IZZ
FAW
BWD
QN
NGA
FXI
AVX
NNK
HSU
JWF
BKT
GWM
KNM
IZN
FOX
ERZ
DSX
KAE
AK
DDB
HTJ
GSD
BUH
ZQ
INJ
ECY
DWW
EFQ
CUB
HOJ
GBV
LWC
LJT
FNL
KFQ
LEQ
CAQ
IUY
CFV
MTO
AOH
KIT
JDE
EJY
EZR
NE
FEA
DNU
DYM
BQU
GIZ
YA
BXB
ELW
JZW
MPQ
DLF
JGY
EJP
IPX
MGH
FRK
EXU
MZR
ARY
CXM
DNE
NRK
CNU
DSB
KHH
AFC
HXL
MUH
LOG
GPH
CPX
VA
AZL
NGZ
JLR
GOS
EFZ
LOV
BJH
BLU
KDP
KKV
CBR
AT
MS
LGJ
FAS
CGJ
FDW
NIG
MTJ
GCK
YG
AAQ
GZG
IDO
GXQ
GHL
GCO
EOU
GRK
LZB
IHR
FGB
FYQ
DBB
CZL
KUG
FSG
LIL
FGL
MFI
FXA
EMZ
EUQ
NEF
ATT
CF
IMP
FXF
EWE
JSR
HKD
FYP
LWH
LNZ
GWT
ASX
NKE
HKR
JBX
IXJ
HWL
IOG
BNT
IPL
HES
AAP
JGE
NTK
NHA
GV
CVV
KQA
NFZ
IDK
NIN
IJC
CNM
HQC
FFS
HBJ
ENH
CEW
KKE
ATB
JBR
MBI
KKW
NPN
JUQ
MAI
UH
IBK
EBB
HCN
DSF
LOK
ANJ
BDP
LSW
BUO
MDY
IRF
HPG
LYN
OB
HUP
JCW
FRR
GEN
BIE
DFC
IWI
ILQ
NT
LFP
AVG
JFT
DMA
JAV
NFK
LUI
BMK
CJH
EOS
BEP
KUN
GOC
HIR
DYK
ACI
IZK
GSW
JOX
BKY
CJQ
FOF
CNY
ARF
CKH
MTN
LLQ
JSN
AZ
BJX
BHM
ERJ
NQF
HGP
AKC
CYH
BFJ
INK
BGL
HXI
EQI
IWA
EHT
MUQ
ENA
DLH
XT
HTD
GFI
AOY
KST
DRX
JRW
FIJ
JOS
DEQ
JHH
GRY
FXO
LFH
FUS
LSU
KRS
GKS
EIQ
DAO
AW
ILX
EGX
FZE
DJ
NAP
GQI
NII
HTY
ALS
MFP
FNN
EGW
IJK
CNK
ADC
FO
JPV
NFE
AAY
GCU
FZQ
CVB
