rock_1760
pebble_1401
hair_1923
rock_1261
pebble_1076
mush_1955
lint_1247
worms_1178
charm_1107
mush_1430
lint_1870
rock_1959
dirt_1710
mush_1104
mush_1477
hair_1809
lint_1657
worms_1571
worms_1786
worms_1001
rock_1407
mold_1620
lint_1411
pebble_1477
hair_1132
rock_2003
charm_1383
strings_1714
mush_1735
strings_1010
mold_1190
worms_1300
dirt_992
mush_1476
mold_1186
rock_1079
worms_1741
pebble_1593
pebble_1185
hair_1229
mush_1590
mush_1637
pebble_1706
rock_1173
hair_1296
worms_1459
mold_1653
hair_1000
rock_1947
charm_1345
rock_1170
mold_1596
pebble_1763
hair_1608
pebble_1048
pebble_1762
mush_1856
dirt_1435
strings_1518
rock_1243
rock_1206
lint_1811
dirt_1813
pebble_1190
mush_1046
pebble_1285
rock_1773
hair_1330
strings_1685
mold_2014
mush_1231
hair_1418
mold_2041
worms_975
dirt_1752
hair_1855
rock_1658
rock_1327
charm_1289
mush_2007
rock_1050
hair_1471
dirt_1634
rock_1848
mush_1088
charm_1630
hair_1212
charm_1597
strings_1576
strings_1924
rock_1597
strings_1622
charm_1440
rock_1512
mush_1704
mush_2013
rock_1194
charm_1238
mold_1985
pebble_1903
lint_1215
charm_1136
dirt_1484
charm_1829
pebble_1962
pebble_1836
pebble_1837
mold_1013
mush_1791
dirt_1719
charm_1250
pebble_1847
rock_1944
mush_1964
mush_1235
dirt_1839
pebble_1150
mush_1289
strings_1038
rock_1852
lint_1810
mold_1956
pebble_1439
pebble_1452
lint_1647
pebble_1960
mold_1443
mush_1546
mold_1156
worms_1836
worms_1492
pebble_1968
dirt_1165
mush_1407
pebble_1522
lint_1257
mush_1649
mush_1080
charm_1094
dirt_1738
mush_1908
hair_1753
strings_1633
lint_1030
charm_1995
mush_1017
strings_1525
strings_1049
mush_1333
charm_1089
dirt_1315
rock_1322
dirt_1039
dirt_1202
mush_1454
worms_1629
strings_1800
dirt_1735
dirt_1142
rock_1137
mush_1899
charm_1165
charm_1215
charm_1119
charm_1661
hair_1253
pebble_1667
hair_992
dirt_1112
lint_1381
dirt_1440
worms_1433
dirt_1402
hair_1306
charm_1415
strings_1416
mold_1286
dirt_1502
worms_1633
mush_1249
rock_1696
mush_1830
mush_1623
mold_1584
dirt_1497
charm_1738
hair_1752
charm_1352
strings_1862
strings_1846
lint_1056
rock_1165
worms_984
dirt_1089
strings_1254
worms_1581
mold_1710
pebble_1028
hair_1297
hair_1206
worms_1478
mush_1513
lint_1972
worms_1365
charm_1375
hair_1907
lint_1750
lint_1237
lint_1631
dirt_1828
dirt_1393
dirt_1547
hair_1689
mold_2065
hair_1801
mold_1926
worms_1043
mush_1226
strings_1669
worms_1333
rock_1988
dirt_1866
lint_1909
dirt_1327
rock_1572
strings_1310
worms_1284
hair_1526
rock_1626
charm_1563
dirt_1489
hair_1386
worms_1379
lint_1543
lint_1758
dirt_1646
dirt_1705
mush_1699
mush_1627
mold_1463
lint_1558
lint_1879
strings_1690
mush_2005
dirt_1953
strings_1061
mold_1828
hair_1636
pebble_1152
charm_1239
strings_1220
strings_1223
hair_1046
lint_1544
rock_1152
lint_1704
hair_1889
worms_1915
dirt_1416
charm_1082
strings_1070
lint_1077
pebble_1546
worms_1384
dirt_1580
worms_1486
dirt_1610
rock_1391
pebble_1736
strings_1511
rock_2002
worms_1235
mold_1950
strings_1255
strings_1657
lint_1587
pebble_1895
strings_1067
mold_2071
mold_1125
pebble_1785
lint_1132
lint_1181
lint_1212
worms_1154
rock_1143
mush_1397
pebble_1332
mold_1180
pebble_1544
charm_1723
worms_1368
mold_1510
lint_1167
pebble_1712
dirt_1789
mush_1525
strings_1340
charm_1966
mush_1570
mush_1987
mold_1969
pebble_1696
dirt_167
mush_16
worms_1669
dirt_184
mush_810
mold_1919
dirt_495
strings_582
mush_1098
dirt_1137
lint_1036
hair_1123
dirt_367
lint_1451
worms_1853
strings_1376
rock_1110
hair_1413
pebble_1474
mush_1360
strings_1493
worms_1625
worms_1526
rock_311
charm_2023
rock_1772
mold_1887
rock_1784
rock_1232
charm_1754
rock_1027
dirt_1807
rock_2018
hair_1817
mush_1943
dirt_30
rock_70
lint_1969
mold_1468
pebble_1804
mold_1793
dirt_1873
charm_1975
charm_109
charm_2044
hair_837
lint_19
strings_742
strings_1002
rock_1144
hair_207
rock_1216
pebble_90
rock_980
charm_1199
strings_1250
strings_1275
hair_1284
lint_1228
worms_702
dirt_1242
strings_1298
pebble_1114
rock_1358
dirt_1350
hair_1401
mold_1467
worms_1013
worms_1079
dirt_1181
mold_1799
charm_1511
dirt_1363
hair_1534
rock_1926
worms_1524
rock_1235
mush_1835
worms_1533
hair_1755
mush_2003
pebble_416
mold_1233
mush_1811
rock_614
mush_1350
strings_906
charm_2034
hair_173
mush_1012
worms_1795
lint_656
mush_1047
mold_1097
charm_1060
dirt_1558
charm_1424
pebble_1457
pebble_1227
hair_1476
pebble_1959
lint_1535
mold_980
rock_449
rock_1368
dirt_1154
strings_1227
worms_1538
rock_1832
dirt_1694
lint_1407
charm_1867
dirt_1860
charm_1570
rock_1957
charm_1614
pebble_455
hair_1776
rock_1706
dirt_1439
strings_629
worms_971
hair_855
worms_983
strings_573
mold_1121
dirt_1129
hair_1005
rock_104
worms_893
hair_1230
dirt_1151
rock_1251
mold_1413
lint_1359
mold_1046
pebble_1173
worms_238
mold_1490
mush_1433
charm_1389
dirt_1418
lint_1219
mush_1456
worms_1574
worms_1609
rock_1441
strings_1663
pebble_1839
mold_1747
rock_1104
worms_1308
charm_1981
charm_1267
dirt_1777
pebble_1668
hair_1811
hair_1388
dirt_1791
mold_1974
pebble_420
rock_1453
dirt_401
dirt_1592
pebble_1265
strings_1419
lint_426
worms_244
worms_258
rock_496
rock_863
strings_936
charm_1706
rock_1751
mold_1172
mold_1040
mold_654
worms_1172
worms_1212
mush_361
dirt_633
worms_384
mush_1165
rock_1252
lint_1120
hair_1344
charm_1533
worms_1030
pebble_497
mold_639
lint_1516
pebble_1601
dirt_1521
lint_1880
dirt_1556
worms_1681
rock_1535
dirt_1578
strings_1909
hair_1849
rock_1387
mush_1445
strings_1675
mush_1479
strings_131
rock_1793
mold_1447
rock_134
charm_264
dirt_1921
worms_449
mold_1627
pebble_512
pebble_637
lint_325
charm_251
mold_1407
lint_664
strings_717
lint_470
dirt_145
strings_1545
hair_816
mold_2074
hair_602
hair_743
lint_736
pebble_776
mush_813
dirt_1098
mold_714
lint_937
lint_1480
worms_769
charm_697
hair_1187
mush_1189
dirt_966
charm_1641
hair_1687
strings_1963
charm_1806
dirt_1656
dirt_1241
hair_1733
mold_1721
worms_1801
hair_1463
charm_1869
lint_1763
strings_1857
mush_1157
charm_1694
lint_1307
pebble_1042
pebble_135
strings_1580
worms_1291
dirt_1396
worms_1779
strings_1841
mold_1259
charm_434
worms_1834
dirt_453
hair_535
rock_690
dirt_779
dirt_152
pebble_987
mush_918
charm_635
worms_658
rock_920
hair_949
strings_1207
mold_732
pebble_1291
strings_1116
pebble_349
rock_184
dirt_1332
mold_1185
strings_1563
mush_1272
lint_1229
mold_1616
strings_1362
charm_1654
pebble_1052
mush_1494
rock_1776
strings_1729
worms_1438
hair_1036
hair_1640
mold_1909
dirt_1531
mush_1464
rock_1280
charm_1857
rock_1873
worms_1926
mold_2024
mush_1870
lint_1935
mold_1204
hair_1800
pebble_1576
pebble_1933
pebble_1813
hair_1877
strings_1776
lint_286
pebble_1726
mush_1358
lint_295
pebble_1255
pebble_627
pebble_1901
pebble_704
pebble_388
pebble_1197
mush_544
pebble_1262
rock_1210
pebble_6
rock_745
hair_36
worms_1031
worms_1342
strings_1210
dirt_844
mush_1458
charm_1463
pebble_1521
worms_1318
pebble_1433
hair_1502
mush_1517
mold_1597
worms_1324
dirt_1064
mush_1587
rock_1536
charm_1666
worms_1503
charm_1683
strings_1646
pebble_1677
hair_1694
pebble_1748
mush_1758
mold_1743
strings_832
pebble_1318
mold_1450
lint_1466
rock_241
mush_1801
dirt_1935
pebble_1779
hair_1168
mush_1823
worms_1166
hair_1840
strings_1853
pebble_1945
strings_1488
worms_1128
dirt_1425
rock_1704
mold_1784
charm_1973
strings_1522
strings_1501
lint_1627
pebble_1454
pebble_1702
mush_1819
mush_1762
rock_2024
rock_2034
hair_73
mold_179
lint_1617
pebble_389
rock_1901
mush_296
lint_1422
charm_406
hair_356
dirt_1922
worms_368
mush_483
pebble_620
mush_1753
dirt_780
lint_517
lint_596
mold_425
mush_752
mold_1056
charm_1079
charm_177
worms_1720
dirt_865
charm_1279
mold_922
worms_1361
rock_479
charm_52
strings_1097
strings_1076
lint_1294
charm_1585
mold_847
strings_1850
pebble_1517
worms_1494
strings_1552
charm_1542
hair_1459
worms_1515
rock_1699
mush_1652
mush_1529
mush_1632
strings_1678
hair_1622
pebble_1645
charm_1668
pebble_1872
mold_1769
charm_1146
rock_1715
strings_1418
pebble_1922
rock_1095
mold_1063
rock_1996
charm_1520
worms_1557
mush_2006
rock_1304
mold_1430
lint_1690
strings_1767
charm_1648
mush_1597
lint_1849
dirt_1342
mush_1565
worms_52
lint_1698
rock_1908
mush_1576
rock_1338
dirt_126
pebble_70
pebble_201
mush_174
lint_1899
lint_188
mold_13
rock_168
hair_194
dirt_341
pebble_166
pebble_109
charm_254
mush_415
charm_468
mold_1824
mush_432
mush_371
mush_1093
rock_532
strings_510
charm_402
mold_531
hair_519
lint_562
charm_525
worms_397
strings_599
lint_724
hair_732
hair_529
pebble_207
charm_161
mush_1002
dirt_51
mold_608
worms_665
rock_1063
worms_608
hair_477
hair_1157
dirt_1027
rock_825
lint_1144
rock_1080
hair_1317
lint_1062
mush_1338
mold_1208
mush_1352
pebble_1272
strings_1106
worms_1319
mush_1308
mold_1501
hair_1093
strings_1558
dirt_1438
pebble_1446
rock_1555
worms_1587
pebble_1577
rock_1742
hair_1579
strings_925
mush_1638
lint_1697
pebble_1537
dirt_1588
pebble_1058
dirt_1538
charm_1762
lint_1673
mush_1160
charm_1294
mush_1018
lint_1426
mold_1877
rock_1549
mush_1577
dirt_1552
pebble_1284
strings_1660
pebble_1253
lint_1275
rock_1416
worms_1858
strings_1959
strings_1825
dirt_1169
pebble_1615
pebble_1979
lint_1783
mold_2043
worms_1330
rock_136
mush_166
mush_23
worms_250
rock_52
hair_181
pebble_228
pebble_1917
pebble_316
rock_310
lint_430
mush_1662
pebble_287
pebble_281
dirt_394
rock_73
pebble_347
lint_740
dirt_567
dirt_605
pebble_1875
lint_797
dirt_735
rock_787
worms_464
pebble_845
strings_899
pebble_674
hair_1154
mold_1022
pebble_1214
mush_583
worms_955
strings_1172
mold_1147
charm_1255
dirt_1132
rock_1231
mold_1320
mush_1224
dirt_614
charm_1281
worms_1335
pebble_874
worms_1287
mold_1479
lint_1453
pebble_1361
pebble_1565
charm_1598
mold_203
mold_1229
dirt_1287
charm_1460
strings_1636
mush_1501
charm_1688
mush_1586
rock_1646
lint_1890
rock_944
rock_1169
dirt_1587
hair_1541
strings_1452
worms_1842
mold_1296
charm_1367
pebble_1498
pebble_1923
lint_1292
rock_1396
strings_1784
dirt_1113
rock_1684
dirt_1571
strings_1631
worms_1622
mold_1491
rock_13
mush_1659
mold_54
mold_69
mush_1923
charm_1687
dirt_1057
mush_71
lint_133
hair_1894
strings_51
worms_186
charm_167
mold_293
mold_110
rock_4
lint_1592
lint_1976
charm_166
strings_409
hair_155
dirt_522
rock_632
mush_609
charm_415
rock_333
mold_614
mold_466
mold_1420
mold_590
mush_358
worms_575
worms_289
dirt_782
pebble_671
mold_877
rock_738
rock_130
strings_885
pebble_802
worms_767
lint_1014
strings_1031
pebble_1105
hair_1047
mold_1081
rock_1208
lint_845
mold_1232
strings_1213
charm_1334
dirt_1224
mush_994
hair_1378
dirt_978
strings_1446
hair_1272
worms_1393
strings_1532
pebble_1590
hair_1061
hair_1573
lint_779
lint_1343
strings_1506
worms_1297
hair_1623
pebble_1425
strings_1637
hair_1625
pebble_1542
charm_1771
pebble_1715
strings_1634
mush_1635
charm_1695
rock_1729
dirt_1803
charm_1588
lint_1781
worms_1780
rock_1942
mush_1881
mold_1754
rock_1878
mush_1984
lint_1462
mush_1804
dirt_1774
pebble_1868
rock_1028
dirt_1108
mush_1007
dirt_1902
strings_1352
rock_1891
mold_1489
strings_1980
strings_1146
dirt_1368
lint_1354
dirt_1430
charm_1854
lint_1667
pebble_1669
lint_1813
pebble_121
rock_25
pebble_1956
charm_244
strings_242
mold_1922
rock_1977
strings_294
dirt_286
mush_355
hair_1444
worms_946
lint_1330
charm_1701
dirt_288
lint_1456
pebble_301
hair_367
hair_592
lint_345
strings_211
hair_611
worms_503
hair_431
mush_382
dirt_333
pebble_699
mold_804
pebble_783
lint_671
rock_682
lint_798
pebble_648
hair_451
rock_925
mush_952
mush_934
pebble_1022
worms_832
mold_413
rock_1033
dirt_999
hair_965
pebble_1043
dirt_1093
strings_645
dirt_1097
mush_754
worms_773
rock_1256
hair_1128
worms_1260
pebble_1310
worms_1171
mush_1233
rock_1215
hair_1015
rock_1367
mold_1477
rock_1362
charm_984
charm_925
worms_1231
worms_1482
mold_1444
dirt_1406
pebble_1495
lint_1365
mold_1448
rock_1214
dirt_1620
rock_1740
strings_1709
dirt_1303
pebble_1604
charm_1971
lint_1573
lint_1406
dirt_1413
rock_1976
hair_1029
mold_1846
dirt_1136
rock_1829
rock_1701
pebble_1525
mush_1114
hair_1548
mold_1673
hair_1453
rock_1068
pebble_1664
dirt_1477
strings_1802
charm_1105
pebble_1920
dirt_1655
dirt_1924
hair_1661
rock_1622
strings_1832
hair_1914
rock_1066
hair_1774
hair_1172
lint_1099
lint_0
rock_2012
strings_53
hair_1006
mush_1982
mold_1590
dirt_1810
dirt_1083
pebble_154
worms_1864
strings_374
pebble_444
dirt_1216
rock_1930
mold_274
lint_463
mush_75
hair_560
lint_436
mush_440
lint_648
hair_452
strings_89
worms_265
strings_637
charm_799
charm_452
worms_151
lint_774
lint_824
strings_935
worms_1003
mush_1014
mush_875
strings_384
rock_1112
mush_657
lint_786
mold_783
hair_1027
mold_1128
rock_1186
mush_1139
hair_1199
rock_1360
strings_1084
worms_1399
mold_1432
mold_1087
lint_1111
hair_1321
pebble_1621
lint_929
lint_1527
mold_1288
charm_1443
hair_1567
lint_1377
rock_1608
strings_1649
charm_1719
worms_1610
charm_1839
pebble_878
charm_1781
strings_1508
lint_1805
rock_1600
mold_1953
charm_1851
charm_1725
dirt_1729
worms_1861
hair_1669
strings_1937
hair_1665
lint_1303
strings_1072
strings_1879
strings_1056
lint_1605
mush_1683
hair_1053
mold_1243
mush_1214
hair_441
mush_1580
strings_1225
mush_1159
mush_1331
lint_1263
mush_1074
mold_1840
mush_1813
dirt_1779
dirt_1952
strings_1844
charm_1192
hair_1553
hair_1001
strings_1393
pebble_1329
worms_1387
strings_1349
dirt_1441
strings_1520
hair_3
hair_1004
mush_1599
rock_27
rock_22
mold_1792
mold_65
charm_31
pebble_1363
hair_81
strings_114
charm_38
pebble_129
mold_2070
charm_157
strings_141
rock_69
mush_1091
mold_2046
hair_175
dirt_95
mush_129
rock_274
strings_436
lint_326
lint_1636
lint_388
mold_450
mush_260
strings_300
charm_376
mush_679
rock_208
rock_299
rock_552
worms_1073
rock_607
strings_692
mush_773
rock_612
dirt_793
dirt_683
mush_549
worms_879
worms_965
lint_829
lint_833
lint_918
hair_869
lint_1108
lint_889
hair_1045
pebble_1248
worms_707
mush_1240
mush_1218
worms_1241
hair_1316
mush_1052
lint_1123
hair_1174
lint_1172
mush_1241
charm_1428
mold_1471
dirt_1201
rock_1410
mush_1440
worms_1034
pebble_1471
worms_1416
mush_1472
lint_835
pebble_1398
hair_1384
pebble_1509
pebble_1510
lint_1540
mold_1643
worms_1426
charm_1663
pebble_1564
mush_1535
dirt_1583
dirt_637
rock_1412
pebble_1458
hair_1556
dirt_1479
strings_1460
strings_1732
strings_1745
hair_1639
dirt_1683
mush_1617
strings_1842
pebble_1883
rock_1856
pebble_1833
mold_1819
strings_1920
strings_1961
dirt_1960
dirt_1842
rock_1576
mold_2002
charm_2024
charm_1665
strings_1500
rock_1503
lint_1868
worms_1882
strings_1212
lint_1715
hair_1929
charm_310
lint_1728
rock_494
mush_1783
pebble_955
mush_1657
worms_587
strings_1782
hair_771
hair_1136
mold_2048
charm_1271
pebble_182
worms_1214
dirt_16
charm_1311
mold_594
mush_1404
hair_1745
pebble_1481
mold_1740
mold_1141
dirt_1856
strings_1313
rock_1964
strings_1968
lint_1234
lint_1031
charm_1943
dirt_1569
mold_1703
charm_1993
hair_1051
mold_19
mush_1106
strings_84
worms_1126
hair_105
worms_1179
mold_104
mush_199
pebble_1459
mush_1887
worms_1185
charm_249
strings_19
mold_216
mold_163
mush_1087
mush_295
strings_271
dirt_270
mush_108
hair_235
pebble_261
charm_350
mold_267
lint_162
charm_383
strings_353
mush_213
hair_407
mold_530
mold_338
worms_271
hair_406
hair_298
mold_571
lint_221
hair_584
dirt_305
lint_668
worms_518
charm_774
rock_693
pebble_397
hair_1650
pebble_725
strings_824
strings_594
rock_864
pebble_921
strings_581
pebble_623
charm_898
pebble_320
lint_771
charm_983
pebble_1024
lint_853
charm_932
mold_1127
hair_1233
mush_1242
pebble_972
hair_815
lint_1033
dirt_1038
hair_1365
dirt_1279
rock_710
pebble_1256
dirt_1374
strings_1328
rock_1496
worms_1444
pebble_1515
strings_1304
mush_1569
worms_980
charm_1555
rock_1615
mush_1541
dirt_1575
charm_1662
pebble_941
hair_1698
worms_1539
lint_1734
mush_1757
strings_1305
mush_1851
mold_1668
lint_1753
lint_1857
lint_1800
strings_1773
pebble_1930
dirt_1703
pebble_1915
hair_1875
mold_1044
worms_1575
worms_1076
hair_1115
rock_1106
worms_1868
rock_1248
hair_1385
hair_1368
worms_1133
charm_1816
hair_1838
strings_13
dirt_1712
charm_1823
mush_1767
dirt_32
rock_1946
pebble_1455
mold_211
dirt_477
charm_532
strings_650
worms_1889
rock_152
lint_299
pebble_382
pebble_960
pebble_949
pebble_983
mold_1852
dirt_1582
mold_1591
charm_1401
charm_1141
pebble_1757
lint_680
hair_528
lint_1335
hair_1135
dirt_1178
mush_1071
lint_1224
worms_1712
mold_1126
lint_1858
dirt_1958
lint_1768
lint_1091
rock_44
mold_66
pebble_1926
strings_1590
charm_172
worms_218
mold_1293
lint_1780
strings_260
mush_1941
worms_1703
mold_2030
mold_256
mold_1311
hair_254
dirt_260
rock_327
hair_314
rock_254
worms_296
mold_40
dirt_214
strings_223
strings_336
lint_451
lint_298
dirt_457
strings_350
strings_493
mush_406
mold_118
pebble_380
hair_526
dirt_571
pebble_629
strings_470
charm_691
pebble_526
lint_560
worms_671
hair_552
mold_382
lint_768
mold_628
dirt_792
worms_739
strings_411
mold_689
lint_793
mold_435
rock_824
mush_874
lint_843
mush_959
charm_941
mold_400
worms_960
mold_947
hair_916
mush_638
pebble_1167
strings_848
hair_1144
dirt_797
charm_1101
worms_1070
hair_1026
mush_1119
mush_800
lint_908
charm_1269
hair_1256
mold_1297
strings_1142
lint_1214
mush_1187
pebble_1280
dirt_1237
lint_1290
worms_1351
hair_1167
mold_1470
rock_1431
lint_1051
mold_1480
mush_1411
dirt_1404
strings_1414
mold_1387
pebble_1434
hair_1507
mold_1608
dirt_1146
hair_1301
hair_1597
worms_1452
lint_1620
worms_1490
mold_1329
dirt_1627
mush_1732
charm_1650
mold_1823
strings_1734
strings_1662
worms_1631
mush_1765
worms_1119
strings_1943
charm_1616
pebble_1882
lint_1771
lint_1973
rock_2049
worms_1651
worms_1685
pebble_1218
rock_1961
mold_1282
hair_1282
lint_1977
hair_1398
worms_1918
charm_2030
strings_1901
strings_1512
rock_1965
dirt_1765
hair_1270
worms_1243
dirt_1650
mold_1378
mold_174
pebble_1413
mush_205
charm_137
rock_1721
pebble_30
pebble_1568
charm_1974
charm_441
mush_1730
dirt_515
charm_669
dirt_895
worms_263
lint_380
worms_949
mold_1098
dirt_279
strings_1950
dirt_1010
rock_1213
lint_490
rock_147
dirt_1061
mold_1177
mold_1336
mold_1511
mush_395
hair_1153
dirt_1156
worms_789
worms_1189
charm_921
mush_1848
mold_1548
mold_1856
lint_1773
lint_1127
lint_1195
mold_2004
pebble_1742
pebble_1296
lint_1211
pebble_1109
pebble_1257
mush_1939
pebble_1274
mush_1512
mold_1776
rock_1562
hair_1826
worms_1860
strings_1733
dirt_1498
mold_1544
pebble_1796
mold_1671
dirt_1208
pebble_1502
hair_1488
rock_2014
worms_1081
strings_1723
mold_1785
hair_2
mush_38
lint_14
rock_1519
strings_20
hair_83
mold_96
mold_80
rock_74
worms_79
strings_2
worms_1199
pebble_122
charm_9
charm_130
mush_151
charm_1635
mush_137
charm_116
mold_199
mush_43
mold_235
charm_1791
charm_154
mush_215
strings_285
rock_290
mush_121
lint_311
pebble_332
strings_306
mush_128
mold_184
charm_370
hair_382
rock_400
strings_392
hair_178
hair_278
worms_412
dirt_335
charm_317
worms_427
lint_449
rock_500
charm_508
pebble_538
dirt_310
charm_481
dirt_428
rock_588
dirt_484
strings_268
mush_631
dirt_635
charm_556
mush_522
lint_605
charm_734
rock_608
pebble_426
strings_711
worms_133
rock_784
mush_792
dirt_654
rock_826
hair_810
hair_812
dirt_142
mush_778
strings_797
charm_912
charm_963
hair_847
rock_965
hair_870
charm_804
pebble_717
charm_1048
strings_962
lint_1107
mush_1109
charm_1137
lint_1067
hair_1112
pebble_1288
dirt_972
lint_895
mold_793
charm_681
mush_1293
hair_978
rock_1290
mold_1031
charm_1494
hair_1201
dirt_929
mush_1246
mush_1441
dirt_1371
mush_1489
hair_1494
dirt_1395
pebble_1371
worms_1476
mush_1614
dirt_1511
mush_1296
strings_1687
mold_1745
dirt_1163
pebble_1756
dirt_1514
lint_1807
mush_1305
hair_1606
mold_1924
dirt_1545
dirt_1772
charm_1603
strings_1883
rock_1540
pebble_1764
rock_1934
charm_1562
hair_1861
worms_1769
mush_1629
hair_1786
hair_1137
lint_1964
dirt_1858
pebble_1423
rock_1713
charm_1140
dirt_1925
mold_1662
rock_1911
mush_1253
charm_1368
strings_1028
mold_1838
worms_1727
rock_1238
mold_1998
worms_1674
hair_1350
pebble_1462
mush_1549
hair_1492
lint_1677
hair_1747
dirt_1730
charm_1788
charm_1491
worms_1827
hair_1886
hair_1701
mold_93
pebble_1591
worms_1510
worms_1371
hair_1899
strings_335
hair_1833
strings_246
pebble_567
worms_197
lint_1881
rock_345
lint_429
rock_892
pebble_1889
lint_1718
rock_340
hair_601
worms_911
lint_1110
lint_1970
mush_1085
dirt_103
dirt_855
mush_976
dirt_1195
lint_1285
charm_684
rock_923
worms_1252
mold_1364
charm_1418
worms_1302
rock_1420
dirt_1253
mold_1458
mold_1226
strings_1201
mush_1428
rock_1176
hair_1472
mold_1029
mold_1749
charm_1541
worms_1620
mush_1620
worms_1913
mush_1795
dirt_1549
hair_989
charm_1088
pebble_927
rock_1303
pebble_1357
worms_1395
mold_1199
mush_1540
pebble_1625
worms_1364
pebble_1714
hair_1195
hair_1918
hair_1454
dirt_1247
hair_1450
charm_1357
dirt_1877
dirt_1702
strings_1737
hair_1902
hair_1771
dirt_1737
charm_1892
rock_1180
mush_1936
lint_1913
mush_1793
strings_1752
charm_26
mold_1692
hair_18
rock_103
charm_1423
worms_149
charm_151
hair_1619
worms_209
strings_1794
strings_82
mush_236
rock_10
strings_111
rock_238
strings_257
charm_247
worms_204
mold_44
charm_238
lint_247
dirt_1956
mush_351
rock_322
mush_318
pebble_310
rock_204
charm_290
rock_456
strings_407
pebble_408
rock_359
dirt_421
worms_393
hair_348
dirt_1476
lint_349
lint_540
mold_491
charm_555
lint_566
mush_489
mold_564
mush_550
lint_499
worms_493
mush_552
worms_561
pebble_655
worms_617
mold_555
hair_543
strings_626
pebble_672
worms_619
rock_510
lint_729
hair_791
worms_683
pebble_796
mush_812
strings_485
dirt_763
hair_806
pebble_924
worms_656
rock_847
worms_424
dirt_747
strings_967
charm_959
rock_893
charm_1044
mush_912
worms_754
mold_1023
rock_1151
mold_1001
charm_1232
lint_1082
rock_1234
mush_685
strings_1191
mold_1078
rock_937
strings_1215
charm_885
charm_1384
mold_1363
pebble_1279
mold_1095
mush_1370
strings_1260
lint_1372
rock_884
rock_1380
dirt_1391
mush_1496
strings_1494
hair_1191
dirt_1282
mold_1551
charm_1456
hair_1307
mush_1518
pebble_1530
lint_1198
hair_1482
strings_1456
mush_1255
lint_1515
pebble_1653
charm_1566
mold_1679
rock_1601
worms_1637
strings_1718
dirt_1616
charm_1692
pebble_1737
dirt_1707
rock_1816
dirt_1602
charm_1832
dirt_1728
hair_1571
rock_1867
pebble_1838
rock_1591
hair_1780
mold_1568
rock_1825
mold_1829
lint_1557
dirt_1644
charm_1106
worms_1887
charm_1288
strings_1984
lint_1075
hair_1248
dirt_1191
worms_1554
worms_1060
dirt_1214
mush_1810
pebble_1774
mold_1845
worms_1567
worms_1790
dirt_1920
mold_1899
dirt_1194
strings_1086
pebble_1087
strings_1947
pebble_481
mush_1601
mush_1465
dirt_1802
pebble_1955
rock_1499
pebble_1616
lint_1554
lint_1621
dirt_327
mush_1969
pebble_1701
charm_1629
worms_1647
dirt_1311
rock_1393
mush_1510
worms_1905
rock_96
strings_1
worms_1840
mold_2019
pebble_1834
hair_281
charm_346
rock_262
dirt_1936
rock_277
mush_376
rock_437
hair_127
worms_385
hair_312
mush_1896
charm_256
strings_431
worms_620
worms_612
lint_806
mush_574
worms_308
lint_820
hair_630
pebble_1046
charm_864
dirt_713
pebble_1156
mold_1154
mold_686
charm_1178
rock_2026
charm_914
mold_1092
worms_1217
hair_284
pebble_1358
worms_1196
worms_685
rock_1567
mold_786
worms_1118
mush_1390
dirt_1622
worms_1621
dirt_1700
hair_1680
hair_1012
dirt_1605
dirt_1685
pebble_1328
pebble_1479
lint_1866
rock_1798
mush_1274
worms_1719
pebble_1825
strings_1788
dirt_1957
lint_1266
strings_1759
strings_1288
worms_1892
mush_1877
worms_1699
mold_1753
mush_1862
dirt_92
strings_1983
mold_1945
hair_860
pebble_1176
worms_963
hair_987
worms_1040
worms_1464
mush_1376
hair_1204
rock_1627
hair_1652
strings_1886
charm_1452
rock_1447
rock_1527
mush_1043
mold_683
mush_1064
rock_1091
pebble_1084
worms_1805
mold_1638
mush_1029
mold_1719
charm_1188
mold_2068
worms_1434
charm_1756
mold_1911
mold_1515
charm_1976
pebble_1292
pebble_530
mold_1094
mold_1502
pebble_1817
mold_1885
rock_20
charm_92
dirt_1821
lint_71
worms_1843
mold_15
hair_1882
charm_102
strings_86
strings_71
worms_18
lint_916
charm_98
hair_147
strings_132
charm_141
lint_210
charm_155
hair_88
rock_181
hair_153
pebble_133
mush_1871
worms_98
rock_197
charm_403
mush_333
rock_303
strings_344
charm_421
mold_405
worms_480
lint_165
lint_514
mush_603
hair_513
strings_415
dirt_388
lint_602
dirt_583
rock_245
mush_285
pebble_304
rock_698
charm_738
hair_725
strings_675
lint_690
rock_798
worms_648
rock_464
lint_802
hair_667
lint_518
strings_641
dirt_781
mush_828
dirt_840
charm_872
dirt_861
hair_781
worms_700
lint_795
mold_938
pebble_831
charm_1003
mold_996
mold_692
dirt_997
charm_940
worms_746
strings_1050
mold_874
mold_1069
mold_968
worms_991
charm_928
dirt_1040
dirt_1065
mush_1100
worms_1007
lint_1100
worms_1033
worms_903
rock_1197
mold_1188
worms_1170
worms_1087
mold_1242
rock_1249
strings_1253
hair_902
mush_1113
worms_1277
rock_1350
hair_1318
worms_1236
mold_1225
dirt_1232
rock_1060
rock_1475
lint_1395
mush_1344
mold_1527
dirt_1451
rock_1553
mush_1488
rock_1406
mold_1586
rock_1424
worms_1534
mush_1409
hair_1516
mush_1593
strings_1617
charm_1656
pebble_502
dirt_1335
worms_1579
mush_1067
worms_1717
lint_1672
pebble_1538
mush_1718
charm_1495
pebble_1759
lint_1845
mold_1682
dirt_1840
strings_1835
mush_1875
lint_1882
hair_1842
lint_1803
mold_1796
mold_1957
mush_1954
pebble_1921
mold_2062
pebble_1719
dirt_1816
charm_1844
mold_1993
dirt_1826
mold_1008
strings_2818
worms_2895
mush_1353
rock_1045
hair_1656
mush_1740
charm_1952
worms_1895
mold_1851
worms_1555
worms_956
strings_1195
worms_1026
dirt_1517
mold_1715
hair_1535
charm_1512
lint_1369
charm_1469
pebble_1780
worms_1307
rock_1022
rock_2043
worms_20
mush_1770
mold_1815
pebble_399
mold_284
strings_476
strings_1699
pebble_1954
dirt_19
strings_1915
charm_1939
mold_800
charm_1096
lint_976
mush_1135
hair_728
rock_575
pebble_1222
hair_1056
pebble_707
strings_1342
charm_1464
pebble_98
mush_1387
pebble_1761
hair_1425
dirt_1317
strings_1550
worms_1495
mush_1232
hair_972
dirt_1653
mold_1725
dirt_1411
pebble_485
lint_1711
rock_1707
worms_1250
pebble_1465
dirt_1964
dirt_1527
rock_1023
mush_1755
worms_136
rock_2028
lint_156
hair_1649
strings_185
mush_68
strings_323
mush_77
hair_1723
mush_1863
hair_1915
dirt_1539
mush_460
dirt_1749
lint_489
dirt_171
lint_702
lint_612
mold_584
dirt_526
worms_535
lint_365
mold_160
strings_537
strings_928
pebble_197
mold_493
hair_996
mush_983
mold_1058
worms_1021
charm_953
pebble_871
pebble_929
worms_780
hair_1134
mold_1317
mold_1306
mold_1206
mush_1243
rock_1167
hair_1331
worms_1378
charm_869
lint_1327
lint_1460
worms_1398
mush_1684
strings_1691
charm_1057
charm_1764
strings_1753
strings_1743
charm_1850
lint_1796
charm_882
strings_971
mold_1742
mush_1779
rock_1994
worms_1064
dirt_1905
dirt_1686
strings_1871
hair_1637
worms_1907
lint_1743
mush_1626
charm_1811
lint_1906
dirt_1854
pebble_192
charm_1903
charm_1346
rock_1344
strings_376
lint_1170
mush_1752
rock_305
lint_254
dirt_1023
charm_783
charm_1154
strings_11
worms_1412
mold_1241
charm_1768
mold_1201
strings_1379
mush_1759
mold_1205
mold_617
pebble_1562
charm_1454
strings_1257
worms_1028
dirt_1314
rock_857
pebble_1505
mush_1543
rock_1927
rock_1020
worms_1900
dirt_1469
rock_1932
pebble_1884
mold_1175
rock_1830
hair_1266
lint_1117
pebble_1559
strings_1560
worms_1045
dirt_1938
mold_1339
lint_1081
mold_1696
lint_1103
rock_1145
pebble_1734
dirt_1623
hair_533
charm_1721
worms_1676
mush_1299
hair_1498
strings_1256
hair_1044
worms_1023
strings_10
hair_1660
hair_14
charm_19
rock_1302
worms_60
charm_1222
hair_299
pebble_26
pebble_1406
lint_72
rock_86
charm_108
worms_112
rock_1736
pebble_31
hair_102
worms_1116
charm_237
rock_176
pebble_159
mold_227
lint_182
lint_267
mush_164
mush_238
dirt_140
charm_288
charm_355
charm_311
lint_1199
mush_379
lint_360
worms_19
mold_350
dirt_313
dirt_386
mush_282
hair_386
strings_379
lint_222
mold_348
pebble_463
worms_436
hair_375
lint_368
dirt_263
rock_481
dirt_213
worms_458
mold_477
mush_527
dirt_503
dirt_201
hair_530
worms_386
hair_462
strings_463
charm_607
lint_599
dirt_578
hair_515
hair_598
mush_635
mush_654
rock_660
mold_156
charm_596
rock_511
dirt_629
rock_428
dirt_622
dirt_425
rock_613
strings_720
mold_679
mush_760
pebble_568
mold_725
strings_779
mold_739
lint_753
charm_842
worms_615
pebble_843
mold_661
dirt_705
pebble_817
worms_679
hair_862
rock_855
pebble_905
charm_887
mold_908
dirt_892
mush_950
lint_898
hair_898
hair_796
lint_844
hair_1013
dirt_953
rock_1077
worms_696
strings_680
mold_978
dirt_914
hair_1130
charm_1194
worms_547
pebble_1129
dirt_935
mold_1203
charm_1227
strings_953
mold_1210
mush_1077
worms_1096
lint_1148
dirt_1141
mush_1185
hair_1239
strings_1270
lint_1213
worms_849
strings_1209
pebble_1324
worms_1202
strings_1276
rock_1247
rock_1439
mush_1448
strings_1235
mold_1440
hair_1435
dirt_1442
charm_1083
strings_1470
hair_1412
pebble_1303
pebble_1540
rock_1339
mush_1503
charm_1540
dirt_1503
rock_1289
mold_1562
mush_1406
strings_1537
charm_1545
worms_1473
strings_1615
strings_1619
rock_1313
worms_1652
strings_1586
worms_1578
rock_1577
rock_1758
mush_1524
charm_1883
mush_1785
hair_1550
charm_1760
worms_1789
mush_1625
charm_1900
mold_1943
rock_1853
worms_1672
dirt_1740
mush_1621
pebble_1969
worms_1829
rock_2029
lint_1944
lint_1832
pebble_2194
pebble_1892
dirt_1931
mold_2577
lint_1889
hair_2309
dirt_1939
lint_2782
pebble_2050
dirt_2104
worms_2571
mold_2870
lint_1350
worms_2791
mush_1917
rock_1310
dirt_1297
pebble_2809
pebble_1672
worms_1103
rock_1583
pebble_1163
rock_1899
strings_1559
mold_1624
pebble_1359
mold_1385
charm_1436
rock_1511
pebble_1437
lint_1301
pebble_1905
worms_1628
dirt_1734
pebble_1186
mush_1670
mush_1990
charm_37
strings_1515
charm_2006
mold_2906
lint_12
pebble_312
strings_357
charm_1455
mush_914
worms_540
lint_497
strings_455
mold_1179
worms_146
worms_335
mold_1786
strings_709
mold_1646
mold_1831
worms_1530
pebble_1407
pebble_1327
rock_1665
mold_1996
pebble_1627
rock_1053
strings_1077
strings_997
worms_1483
rock_1596
rock_1156
mush_1169
mush_1720
rock_1425
rock_1857
pebble_1206
worms_1225
hair_1763
charm_1361
mold_1307
pebble_1264
mush_1748
mush_1630
pebble_19
pebble_1072
pebble_1704
lint_235
mush_1460
pebble_405
worms_355
worms_111
dirt_251
hair_1846
mold_327
strings_521
lint_370
worms_415
mush_98
charm_467
charm_894
lint_911
charm_740
charm_381
pebble_617
hair_926
mold_515
strings_1136
charm_1143
worms_1048
worms_1207
pebble_1143
mush_866
charm_904
pebble_911
strings_1320
strings_616
mush_1368
strings_1422
rock_1454
pebble_1526
strings_23
worms_1506
mush_1495
strings_1221
hair_1411
worms_1405
dirt_1680
charm_1225
pebble_1753
charm_1757
hair_1715
lint_1798
worms_1755
mold_1475
mush_476
pebble_1713
hair_1679
dirt_1961
mold_1907
mush_1916
worms_1508
charm_1214
strings_1981
pebble_1100
hair_1278
rock_1019
charm_1814
strings_1383
hair_1716
dirt_1675
pebble_1349
lint_1392
rock_1678
worms_1266
mold_112
worms_157
mold_229
mold_165
charm_1798
dirt_1678
mush_1876
worms_326
charm_597
pebble_1690
mold_787
strings_853
hair_607
rock_529
lint_164
dirt_179
pebble_1337
mold_931
rock_807
hair_1124
pebble_1000
pebble_1015
strings_1291
pebble_446
strings_965
dirt_1359
charm_1481
hair_979
mold_1353
rock_719
hair_1337
rock_1731
pebble_1297
dirt_1662
worms_1773
pebble_1957
rock_1748
pebble_1325
mush_1037
strings_1555
pebble_1179
charm_1174
hair_1627
rock_249
mush_1722
dirt_1352
lint_1309
lint_1878
hair_1396
dirt_281
charm_1702
worms_1870
dirt_1210
lint_1182
lint_1074
worms_938
worms_1074
pebble_1202
lint_1478
mold_1481
mold_1431
worms_1709
mold_2063
charm_1219
charm_2037
pebble_1857
mold_1026
hair_1391
rock_2004
hair_1702
pebble_1200
worms_48
mush_63
worms_69
strings_118
hair_1908
strings_126
charm_71
mold_1136
mold_127
pebble_164
worms_1376
strings_1684
mold_124
charm_47
dirt_104
pebble_213
charm_213
strings_162
charm_1766
lint_172
pebble_170
pebble_62
dirt_210
mold_244
strings_255
strings_149
strings_273
lint_331
worms_313
mold_330
mush_275
worms_267
dirt_353
mush_165
mold_343
charm_397
rock_1492
hair_200
rock_331
strings_417
lint_268
charm_357
dirt_424
strings_423
pebble_227
dirt_472
mush_475
rock_508
strings_535
mush_566
pebble_582
mush_435
hair_440
rock_483
charm_367
mold_553
pebble_607
strings_511
hair_565
mush_612
pebble_616
strings_563
dirt_597
mush_632
worms_589
worms_469
pebble_656
charm_624
strings_606
charm_690
pebble_676
mold_636
hair_752
mold_458
hair_676
dirt_620
dirt_400
dirt_788
rock_850
hair_762
hair_595
dirt_581
mush_829
charm_849
rock_866
mush_872
mold_565
strings_870
dirt_874
hair_655
charm_895
strings_688
hair_836
rock_991
mold_892
lint_905
dirt_944
mold_919
mush_926
rock_979
mush_980
mush_850
dirt_1019
charm_1073
mold_991
strings_1032
worms_1041
worms_919
strings_1001
strings_785
strings_1090
strings_989
charm_1147
mush_1127
mush_808
rock_1227
mush_1193
mush_1201
charm_1150
pebble_1335
lint_1316
mold_1391
dirt_1239
hair_1216
strings_1228
pebble_1378
mold_1466
strings_1386
worms_1306
dirt_1354
strings_1423
worms_1402
strings_1445
rock_1465
pebble_1158
dirt_1300
rock_1131
strings_1468
mold_1605
hair_1440
rock_1378
charm_1601
charm_1622
mush_1259
mush_1505
rock_1730
mold_1602
rock_1716
lint_1580
pebble_1527
dirt_1618
rock_1739
pebble_1790
mold_1841
rock_1671
charm_1822
pebble_1665
dirt_1793
pebble_1844
charm_1872
pebble_1820
dirt_1848
rock_1780
lint_1664
dirt_1762
strings_1932
charm_1942
charm_1984
worms_1831
strings_1897
strings_1149
mold_2039
pebble_2014
worms_1912
charm_2149
mush_1966
worms_1923
worms_2236
pebble_1899
dirt_2477
hair_2684
lint_1703
dirt_2780
lint_1861
strings_2372
charm_1085
pebble_2645
dirt_1825
mold_1181
pebble_1232
lint_1231
lint_1545
strings_1019
worms_1255
worms_1548
dirt_1744
mold_1767
charm_1700
mold_1881
mush_1850
dirt_2615
charm_1885
lint_287
mush_2640
pebble_694
pebble_533
mold_2020
charm_1098
mush_1918
mold_752
lint_1424
mold_0
strings_880
strings_888
hair_1066
rock_2001
hair_1181
strings_1135
dirt_812
charm_1201
mush_990
worms_736
lint_1804
dirt_919
rock_1482
strings_1823
lint_1387
pebble_1824
dirt_11
strings_1935
hair_92
pebble_1386
hair_50
lint_144
dirt_1640
lint_23
mold_198
dirt_1362
worms_333
dirt_216
mush_343
dirt_332
strings_121
mush_462
lint_1689
hair_331
pebble_326
charm_1374
mold_460
lint_613
mold_797
lint_1926
mush_846
lint_1903
dirt_379
charm_971
charm_1172
lint_606
lint_386
strings_878
rock_1026
pebble_1270
hair_1252
worms_1314
worms_1195
pebble_1366
charm_1501
mold_1656
mush_1300
strings_1111
lint_1489
dirt_1748
mold_1585
mush_1277
mush_1640
pebble_1832
dirt_1876
mush_1691
dirt_1910
hair_1852
rock_1279
strings_1527
dirt_1398
lint_1226
mold_1357
lint_1498
hair_627
mold_1517
charm_1643
strings_1472
charm_520
charm_1990
hair_1731
pebble_1304
mold_28
strings_6
mold_129
mush_1121
mush_1558
mold_1849
rock_1034
rock_1722
pebble_293
hair_1830
worms_227
mold_290
worms_328
strings_169
worms_293
dirt_204
rock_169
worms_286
mold_431
mold_385
worms_439
lint_1497
charm_511
rock_381
strings_1554
mush_374
charm_519
strings_659
hair_650
hair_605
mold_657
rock_650
dirt_486
pebble_709
hair_467
mush_514
mush_787
mush_531
lint_220
charm_829
hair_663
strings_719
dirt_806
worms_662
worms_714
charm_908
mush_916
pebble_984
strings_48
charm_1001
hair_764
worms_907
dirt_691
mush_993
dirt_908
mold_932
worms_1082
lint_996
mush_815
dirt_959
rock_732
lint_1197
hair_940
mold_1009
lint_1150
mush_1141
pebble_1261
strings_1187
dirt_1166
pebble_1238
dirt_1320
mush_1313
mold_1457
pebble_1376
lint_1443
rock_1421
worms_979
mold_1379
lint_1248
lint_1028
rock_1473
pebble_1612
dirt_1428
dirt_1671
pebble_1792
mush_1302
worms_1724
charm_1655
charm_1819
pebble_1251
worms_367
mush_1894
pebble_1440
hair_1892
mold_1932
mold_1875
worms_1640
mold_1219
strings_1510
pebble_1298
pebble_1911
charm_1970
worms_1228
rock_1871
charm_2001
rock_1294
lint_1347
mold_1789
charm_1910
lint_1446
charm_2013
charm_138
pebble_163
charm_1372
hair_108
pebble_311
worms_287
dirt_329
dirt_255
charm_143
lint_206
hair_421
hair_475
hair_1227
lint_53
rock_818
mold_890
pebble_1012
hair_1211
mush_306
mush_416
lint_472
lint_1579
mush_963
lint_92
pebble_1111
lint_444
pebble_1159
mold_1227
charm_1272
strings_1131
mold_1162
strings_1334
mush_1081
pebble_1647
worms_1553
worms_948
worms_1169
dirt_1465
strings_1271
mold_944
dirt_1063
charm_1121
strings_1177
mush_1859
charm_208
lint_1059
lint_1767
hair_364
worms_1809
charm_1932
hair_369
worms_490
worms_706
charm_1747
lint_910
lint_1029
mold_1034
charm_10
lint_1116
pebble_1149
mold_365
dirt_1071
mush_1237
pebble_1473
strings_433
worms_1061
dirt_1585
mush_414
charm_1529
lint_1037
mold_1451
charm_2046
rock_1887
charm_1061
charm_1193
pebble_1686
dirt_1011
charm_1830
pebble_1629
strings_1779
pebble_1322
dirt_749
strings_1458
charm_1930
strings_1838
worms_1451
pebble_1369
strings_1046
strings_1929
rock_1107
dirt_1836
hair_1114
pebble_1275
mold_1397
dirt_1726
lint_1576
strings_1284
strings_1005
lint_1945
worms_1897
charm_1212
mold_1762
pebble_1374
charm_1344
pebble_1660
pebble_1894
pebble_22
pebble_1769
strings_33
mold_1325
pebble_34
rock_35
lint_1600
mush_31
charm_74
lint_41
pebble_85
mold_1962
mold_90
dirt_52
strings_171
dirt_1223
pebble_1093
charm_69
hair_38
worms_165
charm_189
charm_14
rock_154
mold_210
hair_16
mold_200
rock_167
lint_131
strings_200
charm_292
hair_152
mold_302
charm_170
strings_205
rock_320
strings_314
charm_366
lint_278
pebble_359
mold_314
charm_389
mush_322
lint_354
worms_358
mush_185
charm_277
hair_185
mold_360
mold_396
mold_398
rock_335
charm_282
hair_408
strings_368
charm_437
mold_439
mush_461
lint_448
lint_452
worms_476
mold_482
hair_495
worms_259
hair_447
pebble_563
pebble_469
mold_535
lint_506
strings_373
strings_567
mold_537
hair_544
strings_554
charm_430
mush_399
pebble_624
strings_612
mold_550
dirt_585
charm_618
strings_533
worms_592
rock_594
mold_475
dirt_544
charm_644
hair_600
mold_688
hair_339
worms_577
pebble_744
strings_733
mush_668
charm_692
mold_733
dirt_649
rock_717
strings_710
mush_799
mush_743
mold_750
lint_839
rock_656
pebble_795
dirt_753
mold_855
rock_794
pebble_910
charm_762
hair_765
pebble_765
strings_896
strings_912
rock_901
mush_823
mush_937
worms_888
lint_882
strings_873
mold_950
mold_959
charm_972
mold_893
pebble_986
strings_952
worms_781
mush_974
worms_828
mush_953
mold_961
mold_954
worms_940
charm_1099
dirt_1012
strings_1022
pebble_1057
rock_1072
mush_1021
pebble_1101
pebble_897
pebble_1090
worms_1102
hair_993
dirt_1086
strings_1141
strings_1023
dirt_1139
lint_1245
charm_1118
pebble_1099
strings_1133
strings_1246
hair_1269
dirt_1246
mush_1311
mold_1484
mold_1300
mush_1220
lint_1358
lint_1278
mush_1363
hair_1403
pebble_1441
hair_1437
dirt_1278
pebble_1236
lint_1493
pebble_1470
hair_1456
hair_1441
mold_1577
rock_1557
lint_1564
dirt_1281
strings_1438
charm_1646
mush_968
pebble_1532
pebble_1519
rock_1697
mold_1667
worms_1564
hair_1635
worms_1423
rock_1733
pebble_1639
worms_1649
hair_1580
charm_1732
hair_1530
lint_1725
charm_1514
hair_1743
strings_1837
mush_1715
hair_1596
mush_1694
mush_1827
dirt_1767
rock_1882
hair_1742
pebble_1897
dirt_1849
dirt_1725
pebble_1935
charm_1969
hair_1749
worms_1701
mush_1930
worms_1910
rock_1662
pebble_1828
strings_1860
mush_2063
mold_2201
dirt_2360
strings_2001
charm_1961
lint_1895
mush_2318
mush_1957
rock_2202
charm_2591
strings_2654
hair_2625
pebble_1936
pebble_2773
pebble_1982
mush_2928
worms_2979
worms_2645
pebble_2556
mush_1700
dirt_1258
lint_1794
rock_2797
dirt_1929
pebble_1974
lint_1055
mold_2953
rock_1040
rock_3007
charm_2962
pebble_1395
rock_1371
dirt_989
charm_2438
charm_1385
mold_1734
mold_1820
strings_1951
charm_2720
strings_1016
rock_1999
mold_1714
strings_1281
hair_1847
lint_1046
strings_1426
dirt_1249
pebble_1614
mold_190
dirt_582
mush_1423
hair_1895
charm_660
worms_917
hair_922
pebble_1410
worms_1151
dirt_1483
rock_1566
hair_1433
rock_1113
mold_1900
worms_1062
mush_1384
dirt_1184
strings_1840
charm_407
rock_1795
mush_447
rock_132
strings_372
rock_579
mush_386
mush_665
hair_1057
mold_1183
lint_837
pebble_666
worms_860
rock_374
mush_789
worms_974
charm_1037
pebble_1004
rock_1171
pebble_116
lint_1173
dirt_834
pebble_1347
mush_1236
hair_1409
worms_1531
rock_1767
strings_414
mold_1864
worms_846
charm_64
mush_1904
charm_1091
charm_1991
worms_1600
strings_1976
mush_1151
strings_1652
worms_1005
mold_1171
mold_1289
mold_887
worms_125
lint_198
lint_237
charm_231
worms_1877
dirt_248
rock_281
charm_94
rock_95
strings_382
strings_1965
mush_442
dirt_356
charm_1252
lint_1157
mush_251
lint_569
charm_2018
dirt_362
worms_534
lint_1610
strings_587
dirt_579
hair_563
dirt_791
worms_869
mold_671
pebble_1013
pebble_449
rock_1125
pebble_946
mush_1381
mush_853
charm_518
dirt_1348
charm_1017
rock_953
hair_1545
worms_618
charm_1660
charm_285
dirt_902
dirt_1409
lint_1736
rock_1619
mush_1531
hair_1024
lint_1912
mold_1615
strings_1098
worms_1315
hair_970
rock_1718
rock_1843
mush_1709
strings_1926
worms_1807
mush_155
mold_1015
dirt_1055
pebble_1650
lint_585
charm_1450
charm_2043
mush_1048
charm_1586
mush_1039
charm_1336
pebble_1083
mold_1394
mush_1926
rock_1588
mush_1655
lint_1785
strings_1670
worms_33
worms_1732
lint_20
pebble_1949
mush_57
pebble_1878
charm_1442
dirt_64
mold_85
dirt_1899
rock_54
strings_73
pebble_56
worms_66
hair_984
rock_145
hair_80
dirt_164
worms_118
worms_106
dirt_215
pebble_102
charm_273
dirt_173
worms_189
rock_84
lint_195
lint_319
pebble_255
mold_294
rock_321
worms_34
mush_193
pebble_276
rock_380
charm_464
hair_373
worms_332
strings_274
hair_362
strings_430
dirt_538
mold_478
pebble_323
rock_557
pebble_422
rock_231
mold_572
dirt_588
hair_553
lint_273
mold_635
pebble_634
pebble_39
dirt_617
mush_622
dirt_665
mush_545
worms_642
mush_660
pebble_675
rock_760
charm_632
lint_603
pebble_809
mold_697
rock_870
strings_835
dirt_696
hair_785
mold_832
mush_891
pebble_873
pebble_903
hair_900
worms_636
rock_930
strings_980
dirt_674
worms_801
rock_1005
mold_1132
worms_998
dirt_977
mush_593
mush_848
dirt_875
rock_1155
mush_1170
mold_1358
lint_1143
worms_1341
charm_1419
lint_1404
worms_1157
strings_939
charm_1431
hair_1468
mush_682
strings_1417
dirt_1542
mush_1661
worms_875
hair_1085
charm_1617
charm_1180
dirt_1574
rock_1783
worms_1748
mold_1825
mold_2025
pebble_1570
rock_1820
pebble_1711
rock_1918
dirt_1029
mush_1702
hair_1522
mold_1231
strings_1536
hair_1275
mush_1386
worms_1582
lint_1526
charm_169
worms_1879
pebble_841
charm_2028
worms_166
rock_1036
pebble_771
charm_1156
lint_1260
pebble_722
hair_1673
lint_1191
pebble_1535
mush_1978
dirt_1867
mold_712
rock_1183
pebble_1234
dirt_1261
hair_1178
rock_1607
worms_1136
rock_105
mush_1521
pebble_1671
charm_194
mush_106
mush_347
strings_1278
hair_283
dirt_354
hair_478
lint_1437
dirt_229
mold_508
lint_549
strings_396
dirt_146
hair_132
mush_619
mush_627
strings_464
lint_1194
mush_577
lint_686
charm_588
mold_611
worms_672
strings_559
pebble_774
dirt_841
hair_849
worms_1488
charm_902
lint_730
charm_1745
strings_691
charm_777
lint_633
strings_913
strings_932
mold_867
mold_999
lint_993
lint_1089
hair_867
mold_901
pebble_586
mold_915
mush_911
lint_677
rock_1291
lint_923
pebble_1260
hair_1268
worms_1502
strings_1021
lint_1552
strings_1589
charm_1245
dirt_1189
hair_1486
rock_1753
lint_1671
dirt_1692
rock_1657
charm_1181
strings_1796
lint_1752
charm_1159
lint_1508
charm_1881
lint_1064
mush_1932
mush_1507
dirt_1429
mold_1967
pebble_1721
lint_1951
worms_1626
mush_1509
dirt_1768
dirt_1851
charm_1568
mush_25
dirt_1407
hair_1458
worms_1728
dirt_217
strings_61
pebble_1943
lint_63
lint_1760
charm_1886
charm_206
mush_465
mush_148
lint_248
worms_851
mold_891
hair_24
charm_759
pebble_838
lint_533
pebble_448
mold_254
hair_1069
lint_1061
worms_947
hair_1090
rock_1336
mold_1150
lint_1252
lint_306
mush_405
rock_1612
rock_1259
strings_1658
charm_1054
dirt_1509
pebble_1856
worms_1733
lint_987
worms_1820
dirt_1809
mush_234
rock_323
dirt_285
lint_1956
charm_440
dirt_1361
lint_488
dirt_1736
worms_1285
strings_473
lint_1168
lint_1632
mold_776
rock_577
mold_1033
dirt_290
strings_1185
charm_861
worms_1262
strings_1371
worms_1529
strings_1607
dirt_889
hair_1281
mold_1641
hair_1325
rock_1741
pebble_1059
rock_1042
rock_1936
pebble_1079
mush_1153
hair_1207
worms_1254
charm_1733
strings_1726
mold_1221
mold_1812
charm_1437
dirt_1130
charm_1129
mush_1309
strings_1348
hair_1824
dirt_1115
dirt_1081
pebble_1531
charm_1898
hair_1497
mush_1022
mold_1611
lint_1484
strings_1700
charm_2035
dirt_1819
mold_1271
rock_1373
lint_31
dirt_15
charm_1957
rock_1764
strings_39
lint_38
charm_1618
strings_80
rock_1522
mush_66
dirt_1009
lint_122
pebble_79
strings_133
charm_1403
dirt_105
worms_113
pebble_151
mush_67
hair_11
dirt_153
mush_84
strings_164
lint_174
worms_162
mush_168
dirt_36
mold_206
dirt_185
dirt_199
hair_89
strings_208
dirt_208
lint_214
dirt_224
hair_135
dirt_190
charm_0
hair_240
strings_244
lint_313
charm_252
rock_243
worms_276
worms_246
charm_378
charm_259
strings_238
worms_288
lint_385
hair_188
mush_289
dirt_392
rock_295
pebble_375
mold_392
mold_401
hair_354
charm_460
strings_129
rock_445
strings_487
charm_418
mush_254
mold_394
rock_517
dirt_429
strings_528
pebble_432
mold_494
charm_575
worms_309
strings_570
worms_417
rock_447
strings_550
dirt_606
worms_566
lint_598
dirt_624
mold_581
hair_648
rock_554
strings_460
strings_689
worms_664
lint_727
charm_656
rock_741
rock_503
dirt_485
charm_753
dirt_741
mush_771
dirt_731
mold_644
rock_686
charm_756
mush_788
lint_834
mold_659
charm_825
hair_819
worms_564
strings_834
rock_813
lint_852
pebble_782
mush_849
strings_763
worms_788
mush_837
lint_874
hair_801
hair_824
mold_824
lint_850
charm_846
mush_910
mold_798
hair_888
strings_910
mush_897
dirt_880
pebble_870
worms_882
hair_941
mold_884
hair_879
charm_996
mold_846
worms_890
rock_970
strings_944
hair_917
strings_872
dirt_964
strings_970
charm_1070
worms_996
hair_843
rock_1075
mold_993
dirt_947
pebble_1091
hair_1092
lint_1005
hair_1088
mold_1055
charm_1127
dirt_1124
hair_1107
rock_1250
rock_1273
worms_1168
strings_1118
pebble_1259
strings_996
lint_1259
mold_1035
charm_1380
mush_1205
mold_979
rock_1332
charm_1410
mush_1287
pebble_1323
mold_1252
mush_1310
dirt_1217
rock_1403
mold_1441
rock_1386
worms_1408
lint_1368
charm_1476
mold_1365
hair_1495
strings_1285
pebble_1555
worms_1493
charm_1480
lint_1397
pebble_1635
mold_1621
strings_1720
charm_1707
pebble_1722
worms_1328
strings_1440
lint_1708
strings_1761
lint_1331
charm_1777
hair_1735
hair_1609
pebble_1854
lint_1584
worms_1615
mold_1946
strings_1880
pebble_1893
strings_1919
worms_1792
mold_1872
mold_2027
charm_1874
lint_1823
pebble_2019
pebble_1952
dirt_1597
worms_2084
pebble_2150
worms_1878
worms_1707
mold_1960
rock_1980
pebble_2043
charm_2253
charm_2375
mush_1739
mold_2183
strings_2295
lint_2251
dirt_2413
mush_2012
worms_2464
dirt_2672
dirt_2841
mush_1981
rock_2654
lint_2730
dirt_2890
pebble_2365
dirt_2940
strings_2368
dirt_2405
mush_2929
rock_2865
dirt_1087
pebble_2475
mush_2649
worms_1148
rock_1127
mold_1780
worms_2901
worms_1357
pebble_2993
charm_1256
worms_1239
worms_1852
pebble_1224
mold_1921
worms_1279
charm_1378
worms_1298
lint_1192
lint_1458
strings_1396
lint_1665
strings_1093
rock_1528
hair_1713
pebble_1886
lint_1670
dirt_1030
lint_84
lint_1069
lint_1928
pebble_1161
rock_1377
mold_1712
mush_1745
hair_1423
pebble_1783
charm_1818
hair_1813
rock_364
mush_1483
hair_590
dirt_1372
worms_550
rock_758
pebble_1730
charm_705
pebble_1649
dirt_1433
strings_990
charm_1296
dirt_1138
lint_1011
charm_1358
lint_1013
hair_660
pebble_753
mush_971
hair_1303
mush_769
dirt_420
strings_1812
strings_1464
charm_225
hair_1781
hair_1796
rock_1955
mold_1727
pebble_1908
worms_1903
mold_1396
pebble_1518
mold_1629
strings_93
dirt_1522
dirt_1121
mush_1968
charm_124
charm_1492
dirt_178
charm_207
mush_357
worms_1822
dirt_374
hair_1342
dirt_76
dirt_594
rock_1564
mush_1602
rock_627
pebble_713
mush_702
dirt_650
hair_125
mush_626
strings_843
mush_762
lint_763
strings_774
rock_938
dirt_181
strings_1780
lint_1068
rock_1092
pebble_1132
strings_705
hair_1022
mold_949
mold_1191
mold_754
mold_951
strings_796
charm_1298
hair_1100
mold_1197
strings_902
worms_916
charm_1229
rock_1041
rock_1443
strings_1100
mold_1374
charm_1217
worms_1407
hair_1574
dirt_1780
mush_1425
rock_834
mush_1853
mold_1889
dirt_1724
pebble_1501
lint_1296
worms_1528
worms_1406
lint_170
strings_17
strings_197
charm_1739
pebble_1906
charm_1895
lint_57
dirt_239
lint_1289
rock_270
strings_421
mold_288
strings_503
mush_611
worms_1467
worms_1931
pebble_613
dirt_535
lint_403
strings_624
strings_196
mold_506
dirt_767
pebble_243
strings_608
lint_794
pebble_864
charm_807
pebble_342
mush_804
mush_689
dirt_939
mush_772
lint_1026
rock_1007
dirt_898
strings_1054
worms_842
mold_1086
mold_1114
rock_263
dirt_807
lint_778
hair_889
hair_830
mold_1316
hair_1007
dirt_1305
charm_1220
rock_1120
worms_1320
strings_1168
rock_1324
charm_1213
dirt_1329
lint_1370
lint_1063
charm_1676
charm_1746
rock_1467
charm_1595
pebble_1772
hair_1163
hair_1464
strings_1626
hair_1473
hair_1561
hair_1916
mush_1893
pebble_1377
strings_620
mold_1795
rock_1153
mold_153
dirt_330
mush_1672
strings_298
hair_471
rock_2031
pebble_1741
rock_273
pebble_1187
pebble_1201
rock_201
mush_1742
rock_1049
rock_365
lint_1468
worms_1772
pebble_1558
dirt_854
worms_517
strings_1596
dirt_1665
rock_2033
mold_1938
charm_854
hair_1261
strings_1826
hair_1164
worms_1174
mush_720
charm_1393
worms_1930
worms_1541
mold_1354
rock_1044
dirt_1171
pebble_1675
strings_1567
worms_1383
charm_1772
charm_1340
hair_13
pebble_1767
hair_19
dirt_1843
mush_51
lint_1
charm_57
worms_4
strings_1851
worms_76
strings_1795
lint_62
charm_1445
lint_64
mush_69
hair_95
hair_77
rock_1979
lint_109
lint_121
dirt_102
rock_118
strings_220
rock_1328
lint_208
strings_77
mush_216
mold_233
hair_126
rock_236
pebble_69
worms_63
charm_304
strings_227
worms_129
pebble_71
hair_244
mush_363
rock_198
rock_314
hair_315
hair_323
rock_237
rock_213
pebble_331
lint_276
charm_392
pebble_425
dirt_480
worms_379
charm_424
charm_617
strings_226
mush_409
mush_653
pebble_379
hair_631
pebble_640
mush_493
mush_300
lint_572
charm_719
strings_684
strings_715
worms_307
charm_688
mold_627
dirt_745
dirt_703
strings_798
strings_676
dirt_771
charm_658
mold_808
charm_847
pebble_816
strings_847
dirt_702
dirt_801
hair_693
worms_511
dirt_786
dirt_653
worms_858
charm_982
mold_822
worms_1011
lint_974
rock_963
rock_1100
mold_906
dirt_896
mush_1102
rock_853
mush_1343
rock_964
strings_1117
lint_1445
hair_999
worms_1131
hair_1348
pebble_1561
hair_1570
strings_1088
mold_1648
rock_1659
strings_1366
dirt_1596
mush_1439
worms_1656
mold_1434
pebble_1782
mush_1698
pebble_1725
worms_1765
hair_639
dirt_1871
strings_1530
strings_1712
hair_1857
worms_1871
mold_2037
lint_1641
pebble_1966
hair_1728
rock_1940
worms_1880
mush_2305
charm_2358
mush_1417
strings_1979
rock_2474
rock_2626
mold_1564
mush_1963
mold_1187
pebble_1147
dirt_1887
rock_1969
pebble_1861
dirt_2387
charm_1124
strings_1997
hair_1213
worms_1205
mold_1294
pebble_1315
hair_1520
lint_1853
strings_1974
charm_1301
mush_1366
worms_1924
hair_1674
mush_1328
mush_408
rock_1909
rock_520
lint_275
hair_1881
worms_395
lint_1394
mush_567
pebble_690
worms_660
mush_1992
strings_811
rock_931
hair_1035
worms_1598
rock_1089
hair_770
worms_1187
mush_1566
worms_1511
mush_1320
strings_1703
pebble_1341
charm_1216
worms_1191
dirt_1594
hair_1778
pebble_1356
dirt_1193
charm_1559
mold_334
pebble_45
hair_1017
rock_917
hair_85
charm_88
rock_89
strings_65
gravy_2356
lint_212
pebble_1708
dirt_100
mold_1326
rock_158
rock_121
dirt_252
rock_36
worms_388
mold_279
mush_338
mold_345
mush_655
charm_523
dirt_275
dirt_636
mush_736
strings_596
mush_230
dirt_200
dirt_663
rock_739
strings_571
charm_862
lint_60
dirt_766
rock_829
dirt_825
charm_900
strings_959
pebble_653
mush_72
charm_1068
lint_1021
rock_810
charm_1002
worms_1039
lint_522
charm_758
lint_849
mold_1143
dirt_1099
pebble_1192
lint_860
worms_1050
strings_1169
worms_1078
mush_917
worms_1201
charm_1429
mush_1382
charm_1092
dirt_1160
dirt_1158
charm_1270
mush_1273
strings_1121
dirt_1353
pebble_1483
lint_1512
pebble_1628
rock_1552
rock_1674
mold_1728
hair_1329
strings_1681
mold_1755
strings_1603
rock_1884
pebble_1663
worms_1832
pebble_1448
lint_1660
mold_1914
dirt_1185
lint_1887
lint_1924
brandy_83
worms_1067
hair_1869
pebble_1907
hair_1313
pebble_1870
pebble_1393
mush_1508
mush_1892
strings_1323
pebble_1896
strings_1639
lint_1483
charm_1500
dirt_1534
dirt_1872
mold_1424
pebble_1841
rock_2023
strings_1908
pebble_157
lint_54
worms_191
lint_310
mold_142
pebble_115
charm_200
strings_301
hair_167
mush_383
mush_305
worms_387
mold_332
mush_421
dirt_1878
lint_114
strings_408
dirt_363
worms_497
charm_517
charm_1145
worms_560
dirt_769
strings_661
strings_723
charm_576
pebble_767
mold_645
charm_399
pebble_836
worms_423
strings_569
lint_641
strings_514
rock_912
mold_857
strings_1029
rock_438
pebble_835
charm_879
strings_947
mush_1267
dirt_1269
strings_1267
dirt_1230
mush_1378
charm_1758
dirt_838
mush_844
mold_1426
worms_1543
dirt_1811
lint_881
mold_1904
strings_1398
dirt_1162
mold_1538
mush_1833
mush_1710
mush_1802
strings_1621
hair_1175
mold_1415
lint_239
dirt_70
pebble_41
charm_471
pebble_459
rock_1907
mold_1722
worms_441
strings_1119
charm_354
worms_1826
strings_479
rock_1470
pebble_558
strings_446
hair_838
strings_916
dirt_814
hair_918
strings_933
hair_485
lint_1095
charm_766
lint_1258
mush_737
strings_1318
mush_197
mold_872
mold_1025
pebble_679
hair_1040
pebble_1339
mush_1461
mush_456
charm_1834
strings_1696
lint_1836
charm_1840
mush_1349
strings_1719
heartofgold_2118
charm_234
ham_1872
pebble_1692
hat_1715
pebble_1554
rock_1504
lint_353
worms_1071
strings_280
charm_677
rock_1158
charm_1684
pebble_1301
hair_1294
worms_1358
strings_1874
dirt_1056
strings_1004
pebble_1801
dirt_1927
dirt_1105
pebble_1030
lint_1154
rock_1711
worms_1186
dirt_968
pebble_1925
mush_1498
mush_1544
rock_1318
dirt_1480
worms_1714
lint_1930
dirt_1833
strings_1819
mush_1750
lint_1203
rock_1418
lint_1625
mush_1891
ham_2114
worms_1713
gold_2171
gold_1825
rock_24
charm_33
ham_2171
mush_36
mold_1506
worms_59
rock_47
canofbeans_645
mold_1898
mold_16
pebble_43
pebble_66
hat_19
worms_75
strings_98
mush_82
charm_1789
mold_60
strings_140
strings_119
pebble_160
strings_123
mold_76
lint_112
mush_154
strings_1927
mush_104
pebble_101
lint_149
strings_160
rock_125
rock_48
lint_163
strings_180
mush_136
lint_66
rock_162
rock_156
dirt_130
hair_170
hair_145
dirt_144
strings_202
strings_232
rock_160
rock_141
lint_204
hair_168
lint_272
pebble_191
rock_187
dirt_232
hair_223
dirt_202
rock_275
mush_228
dirt_267
charm_239
mold_280
hair_221
dirt_258
dirt_247
mold_240
hair_282
dirt_289
hair_264
strings_261
strings_299
mold_306
mold_303
mush_377
lint_274
rock_343
hair_296
strings_266
rock_329
rock_399
mush_407
lint_332
rock_402
mold_364
strings_390
pebble_445
worms_396
mold_412
charm_432
rock_416
charm_429
strings_410
worms_419
mold_437
mush_324
strings_456
pebble_298
lint_423
worms_418
mold_473
dirt_447
worms_360
lint_432
dirt_494
dirt_468
rock_527
pebble_542
pebble_524
strings_529
hair_508
pebble_562
rock_543
hair_514
mush_354
lint_435
strings_555
worms_453
lint_531
mold_546
mush_607
dirt_560
strings_560
hair_499
charm_572
charm_598
lint_594
dirt_589
worms_556
hair_498
mush_658
pebble_581
mold_592
strings_642
mold_640
pebble_658
charm_678
mold_615
rock_674
charm_661
worms_541
rock_610
mush_732
lint_683
dirt_658
worms_613
pebble_701
dirt_710
worms_675
lint_749
mush_747
hair_684
pebble_696
hair_744
hair_626
strings_750
pebble_681
dirt_738
strings_741
dirt_700
strings_782
dirt_706
lint_750
rock_809
hair_309
rock_833
lint_777
rock_839
pebble_759
worms_742
worms_716
pebble_818
dirt_798
pebble_758
rock_871
charm_838
worms_783
dirt_811
mold_811
pebble_876
strings_891
rock_848
lint_887
hair_883
dirt_881
rock_776
lint_954
charm_956
rock_773
charm_992
worms_723
strings_851
strings_982
mush_958
pebble_937
worms_906
mush_1024
mush_966
charm_1031
charm_1019
charm_934
dirt_943
mush_1068
mold_1102
strings_1125
hair_980
pebble_1146
mold_1068
strings_1075
mold_1194
mush_855
rock_1219
hair_1079
pebble_1211
lint_1235
rock_1268
hair_963
strings_1145
dirt_1117
mold_1318
strings_945
hair_1290
hair_1286
hair_1097
mush_1178
lint_1240
hair_1265
mold_1248
mush_1332
mush_1319
lint_1413
rock_1382
mush_1413
rock_1269
dirt_1421
pebble_1469
rock_1333
mold_1303
hair_1020
lint_1430
mold_1402
strings_1480
worms_1447
rock_1481
rock_1345
dirt_1369
mush_1290
mold_1634
pebble_1552
strings_1614
charm_1664
charm_1523
hair_1462
strings_1478
strings_1651
mush_1616
hair_1517
mush_1478
mold_1707
charm_1670
charm_1742
mold_1604
rock_1489
dirt_1505
mold_1757
strings_1693
lint_1659
mush_1654
mush_1775
mush_1780
pebble_1800
pebble_1777
rock_1649
strings_1827
dirt_1672
mold_1844
mush_1790
hair_1797
mold_1939
pebble_1808
mold_1979
rock_1935
rock_1921
charm_1954
mush_1845
lint_1764
strings_1948
hair_1853
rock_1972
pebble_1918
strings_2089
worms_1896
rock_2355
rock_2020
strings_1803
mush_1989
mush_2108
lint_1901
charm_2297
hair_2197
rock_2438
worms_2207
mold_2363
strings_2428
mush_2346
charm_2483
lint_1848
dirt_2367
mush_2256
hair_2231
strings_2429
charm_2435
mold_2750
mold_2746
lint_2523
mold_2442
lint_2778
mold_2687
strings_2698
strings_1849
worms_2704
mold_2859
worms_2934
pebble_2997
pebble_2935
rock_2953
hair_2675
gold_631
canofbeans_1280
worms_2529
canofants_988
strings_2770
lint_2888
lint_1218
rock_1840
phonograph_1867
phonograph_529
brandy_733
mush_1952
canofants_1172
brandy_1712
strings_2383
strings_1094
mush_1556
phonograph_1530
hair_1868
rock_1129
worms_1245
strings_2931
heartofgold_261
mush_2899
charm_1247
hair_1585
phonograph_884
hair_1832
strings_1151
pebble_1636
mold_4
pebble_1245
rock_1616
mold_1765
dirt_777
strings_1656
mold_687
worms_414
charm_1157
mush_80
pebble_1122
strings_1389
strings_1562
mush_1327
worms_1479
hair_1863
pebble_1451
hair_1150
dirt_1482
hair_1374
dirt_1661
worms_1244
mold_100
mush_1480
dirt_1891
strings_1674
strings_295
lint_161
mold_1640
strings_523
worms_295
strings_681
worms_536
lint_663
charm_784
worms_390
lint_183
charm_329
mush_707
mush_942
strings_9
dirt_196
mold_1873
brandy_1919
canofants_2441
strings_1986
mush_113
charm_826
mold_113
lint_1044
rock_113
dirt_194
mold_813
pebble_1859
strings_138
dirt_223
mold_1559
strings_156
mold_249
mush_388
worms_269
phonograph_2253
mush_413
charm_675
strings_381
mush_711
rock_373
strings_653
strings_398
hair_881
pebble_977
strings_670
hair_818
dirt_346
charm_1432
worms_341
pebble_752
charm_1538
charm_1593
dirt_1431
worms_1454
strings_1273
strings_1882
lint_1322
hair_1532
rock_1509
gravy_938
dirt_1548
worms_1110
dirt_1148
dirt_859
cleaver_768
worms_1125
hair_937
dirt_1500
hat_1536
mush_1379
strings_1421
mush_1203
mold_1910
gravy_120
dirt_1245
rock_1912
worms_16
mold_591
charm_23
lint_1943
rock_124
mush_1608
worms_1382
charm_1987
lint_300
strings_1627
dirt_245
mold_292
worms_292
charm_93
worms_93
charm_401
mush_288
charm_178
pebble_452
canofants_300
rock_795
strings_483
worms_572
strings_633
strings_787
mush_455
hair_1542
mold_791
lint_431
mold_927
strings_879
strings_467
mold_778
rock_985
worms_728
lint_1047
lint_1032
strings_1155
charm_1014
charm_1221
mush_1292
rock_1002
worms_558
dirt_830
worms_1325
worms_1566
strings_1505
hair_1439
lint_1801
dirt_1797
pebble_1662
pebble_546
dirt_1798
worms_1866
hat_1736
hair_775
worms_1152
strings_1896
pebble_1209
charm_585
strings_420
hair_778
hair_227
rock_475
mush_885
mold_1417
worms_1797
rock_1860
strings_562
strings_1572
mush_1644
rock_1348
mold_1533
mold_2077
hat_585
hair_915
strings_1331
hair_58
phonograph_1387
charm_433
phonograph_1667
worms_70
charm_16
rock_7
mold_1958
worms_97
dirt_54
mold_1607
lint_105
lint_1332
mush_89
pebble_251
hair_106
mush_240
pebble_203
worms_235
dirt_226
mold_220
mold_150
lint_1320
lint_178
lint_327
hair_279
hair_376
strings_394
mold_341
canofbeans_1308
mold_454
hair_445
rock_471
rock_487
canofbeans_2256
strings_492
mold_498
mush_241
strings_32
worms_319
charm_538
strings_605
lint_701
mold_522
mush_604
dirt_718
lint_462
lint_440
hair_683
mold_721
worms_479
hair_483
lint_744
charm_565
pebble_760
rock_563
worms_474
strings_812
lint_886
lint_809
worms_763
hair_863
lint_847
lint_781
pebble_863
pebble_805
dirt_890
pebble_930
hair_797
worms_889
mush_901
mush_825
charm_1370
hair_1052
charm_1551
dirt_1073
strings_1034
pebble_974
mush_999
dirt_951
hair_1572
lint_1727
worms_1667
hair_1770
pebble_1850
charm_1426
strings_1664
hat_1088
charm_1921
hair_1667
cleaver_2528
hair_832
strings_867
hair_1792
mold_969
pebble_1597
mush_1025
canofbeans_114
lint_1233
pebble_429
strings_1428
charm_1800
strings_1659
lint_1410
dirt_1722
pebble_867
lint_1048
mold_1744
pebble_1822
mush_1537
lint_37
mold_17
dirt_31
worms_169
mold_1606
pebble_171
rock_218
rock_142
worms_176
charm_422
charm_448
strings_461
charm_495
charm_498
pebble_248
charm_574
hair_1018
dirt_540
mush_595
worms_340
pebble_628
mush_525
hair_165
dirt_21
rock_759
mold_817
mold_603
worms_538
mold_700
lint_957
mold_1476
strings_690
mush_1065
dirt_856
mush_1437
lint_693
strings_1196
hair_884
charm_1406
dirt_404
hair_1496
hair_957
mold_1196
dirt_1823
mush_947
hair_1906
hair_1812
mold_1566
rock_1212
worms_1163
canofants_136
ham_2454
gravy_2458
ham_2065
mold_43
pebble_1183
strings_540
mush_1741
hair_1924
mold_357
dirt_574
charm_654
heartofgold_11
dirt_1637
hair_539
hair_357
rock_1755
mold_1644
hair_1739
rock_733
mold_1356
strings_1024
worms_1580
strings_1441
pebble_1054
charm_3
gold_1907
mold_1371
charm_17
strings_828
dirt_45
mold_1164
strings_1895
dirt_57
mold_101
hair_96
worms_88
rock_1950
rock_90
mush_102
mush_142
rock_139
pebble_117
mold_35
hair_151
lint_193
charm_1809
strings_72
lint_191
charm_201
pebble_212
strings_1705
mush_180
charm_267
pebble_322
rock_294
strings_292
dirt_218
rock_308
hair_292
pebble_325
dirt_227
rock_242
charm_387
hair_217
charm_131
charm_396
pebble_360
strings_360
lint_382
strings_383
pebble_482
worms_224
worms_403
worms_454
charm_484
rock_530
charm_506
dirt_509
rock_339
mush_353
charm_144
worms_522
hair_504
pebble_571
charm_486
strings_317
charm_549
rock_605
pebble_596
mush_633
strings_628
dirt_532
mold_544
mold_520
charm_604
mush_529
lint_627
lint_626
dirt_608
hair_632
rock_681
lint_477
mold_677
charm_730
hair_603
mold_600
mold_632
hair_753
lint_658
lint_478
dirt_692
mush_764
rock_769
mold_709
rock_821
dirt_784
rock_849
pebble_647
mush_795
mush_839
mush_834
worms_708
mold_860
dirt_829
rock_885
mold_805
dirt_872
pebble_792
worms_830
hair_545
strings_860
pebble_641
rock_904
mush_908
lint_963
mush_915
charm_997
pebble_992
hair_858
dirt_899
mush_944
dirt_949
mush_1026
charm_884
charm_1028
mold_1152
strings_964
charm_999
charm_1295
dirt_1174
worms_918
dirt_1120
strings_940
rock_1196
rock_1099
rock_1356
charm_1513
charm_1309
charm_1581
rock_1202
lint_932
rock_1432
rock_1628
worms_1590
dirt_1400
lint_1336
lint_1702
dirt_1604
worms_1666
rock_1574
charm_1794
mush_1421
rock_1770
lint_792
dirt_1576
mold_1347
hair_1594
strings_1867
charm_1978
charm_1912
strings_1954
mold_1832
lint_1826
dirt_1445
worms_1808
lint_1932
rock_1828
lint_2010
worms_2122
hair_1905
mush_2004
lint_2210
lint_2194
hair_2789
mush_2963
pebble_2221
canofants_847
lint_1556
hair_1764
lint_1058
mold_2343
worms_1776
