DJOD
CFVF
ARNK
DBDF
AIXN
BMMP
BKKT
CVKF
CJCD
AGSK
CCCO
BQMU
CKMP
BFBO
BYEP
CBHX
CKUT
APNM
DHJN
AGFR
CYZG
DCBY
CTPG
BLPC
CLTB
AAZP
BSOU
CYWN
DHGI
CKZT
BWFP
DDYP
CISQ
AIQL
AAQO
CIJZ
AVZL
AKTY
AQEE
BFEU
BTVJ
CWDA
CLSE
CRZO
AHTM
BZSG
CXKV
CAXB
CBRY
BCWH
CDFE
AXZY
AGBP
AAPK
CHHO
AOBW
AEUY
ADRO
CAQP
APMY
AYNS
APKF
AVEL
BNGU
DHMX
AEQF
ARJY
BQWS
AGGH
DJBP
ALOJ
BBDC
BBRA
DIDJ
AWLX
ALGV
ALYS
CMPQ
CLEU
CFUA
CWWP
CBTC
BEET
CXLK
CXCR
DHVU
AZBB
CIUY
CXPL
DCCP
BAYG
ABTE
CFJA
AGYY
CMTV
CTZM
CPYT
CNRE
BJKL
CGSE
BFME
CTGP
AKWL
AQAW
BZCE
BVVO
CLQN
CCWL
BSTP
BAXK
AADP
DAHC
AIVQ
BCZW
CCKC
AIYK
BJXL
AVCM
CJNV
BTKZ
CJGL
BWEO
CASB
BMIB
BTUA
BOBK
AYWU
CGBV
AYSG
DGIH
CZHM
BJIP
CWKY
AUOL
BZKJ
AVXO
DIGW
BIHX
ADZU
DDYU
BVKH
BRQV
CYIN
BRUF
CPSO
AWBL
AVYA
CYLE
BSXE
CUJU
BLIK
ACNB
BRGS
BHUZ
ADZK
CUMR
BPDX
CTWP
CLUK
DJDN
DKKL
AAVO
BJUQ
AXJL
ASXR
CORQ
AXRB
BWIF
ALJV
AMYX
AGBR
BSOF
COUM
CMXA
BYJA
CAON
DKOR
ASYY
BVBA
DBIJ
DJLT
CMKR
AIVI
AOUQ
BBKE
DBPB
BEZL
AFZZ
CYGZ
CMDI
BHSN
AWSQ
CPPR
CIQY
CZXC
BNEQ
CSJJ
AVKU
CKIR
DKPR
BSUC
CFZM
AAFO
CMXX
CCVK
CSOX
AWEK
CXNF
AAJA
BPPF
CNYF
BTJY
BVCA
CNXO
AFPB
BITL
BANB
BVUH
BXGV
COBT
AKWJ
BXQL
CIVV
CUCT
CXUI
ADGO
AWTL
BXYW
CIQX
BKQP
CHMY
ACCD
ANPJ
ALDQ
BLHZ
AFBD
DCYU
BKDJ
APNJ
CLGL
CCJZ
CDMY
DEOM
BGSX
ABST
CBFW
CJID
BMCU
AVXA
CPCE
DBHH
DGYH
CAXC
CKVV
BPMU
AYBS
BPEV
AJGU
AOLU
BKZH
ABZF
AHRM
ATSA
ACYH
BUMW
CIDI
BVES
CJTI
CBDV
DDYV
DIFX
DAGA
BNOE
CHMT
DJIN
AVGL
AHEY
BVDI
BFAO
DIXK
BTDN
AVGP
CMLX
CEAY
ABQB
ATXZ
AUWC
AQNW
AGDT
CXVI
BMRP
ALLJ
DHBX
CNSG
CGOI
BZOI
BYUP
CSWL
CYGC
AHAZ
AXHG
AODM
AZRO
ASVJ
ABBS
BQBJ
CDZS
AKMP
BRMS
ASCV
CZVR
BHKU
BWFS
BPZJ
AGNG
AQNX
BYRT
ANET
BDHF
BLUB
AGCA
CCAC
DBRV
BBUD
CPCB
AZOM
CBGB
BCTH
CJSZ
BOXL
BXKJ
BHZJ
DJIB
DKDW
CYKB
AGOJ
DGGO
BOHO
ATFV
DCKD
DDGX
BLXP
CIYU
CZMX
COWV
DATS
CESZ
DJUL
BRZK
BKEX
CZEX
AHFX
AWVJ
BPAF
AZSI
DGLM
BFYX
AVJV
BANE
CCAV
CJGE
CCZK
BYEY
BHOW
AMBE
AKZS
AOAQ
AMMU
CONK
BJYS
BCFC
ANHN
CPFF
AHOI
CIYN
CICI
CCMV
CZVU
BLGB
BAEP
AYWX
CSOJ
AZEE
BFIP
CXUA
CBQH
CFYA
CFIC
CZGR
AMZM
AWIS
BDRN
ANVA
BZRO
CZLJ
DJCN
ALOW
DADM
ACEC
CWZK
AWIW
DFIF
CJMO
AZTP
DGDT
AMLC
CMQP
BTQC
CVNJ
BDXM
BBXT
BXBT
BGEL
DJGB
ADKK
CAOB
CJHY
BKQC
BGVW
AICH
CYYI
CWKJ
CIMP
BZZY
COOT
AOXU
CTKJ
BUVF
DJBB
AHQM
AAPV
COSI
CMJM
BUNJ
BFSP
BNPM
CWJG
CREV
BVMK
AOLD
CUIM
AXAY
BMZI
AHED
AHRF
AQGT
CMAA
DISG
CXVZ
CPXJ
BOMX
CCAN
CGRX
BZLY
CEQK
BIOP
AXNN
AMNR
BTYW
BYXM
BGUM
ARXX
CPPI
BHCP
ALBN
ADLF
CXDJ
COYK
CNDV
BVUF
BKJB
CEGK
CBJD
CQGQ
CKEP
BKPJ
CZSY
CMMY
DJYZ
BTBL
CNUK
CDYJ
ANXE
ABJC
AGVG
AZXU
AUQG
BSUV
CNKN
CDSB
BOPL
CRYT
DEDW
ARLB
DKPC
ABIJ
BUMG
BPES
AZAB
BAEJ
CWND
CBYN
BOYO
CQHC
AHKQ
DCNH
AIFW
CZBS
BZVN
AJPQ
CEIU
CQAA
DBAQ
CYCC
BKSP
AGTF
CDVI
BDIJ
BOTE
BJZN
BRQI
ABAH
BZYN
AXXJ
CHZZ
BAUL
COJG
AGNU
AOVP
AEBJ
BCEF
CHIR
AXWC
BBOT
AVDD
DEZE
AMDG
CGXI
AOAI
DHJA
AISM
ADQC
BDFX
BTIA
AUDD
CKWU
DHUR
ADRE
CPTZ
CWWL
AXCJ
DHDQ
CWDF
BBOP
AKTJ
AHOF
CFAE
CWCS
CCQL
ALYQ
AJXL
CLQB
CAOW
BPLN
CSAX
CTIU
DAAJ
BIWX
BEKV
BGIS
BWUP
BTYM
ABWH
BHDT
AELP
CJOC
CWZV
BAPT
BDZE
AXCU
CTOE
DJXL
CEME
BOQI
CLZI
BMQG
CYJM
CXMV
AKAG
CPIC
DCYV
BJPZ
CUGQ
CSZZ
CZHV
CZMB
CIIO
DFGP
APYU
BUNX
BPXY
AOAV
CJUC
BLOS
DCNY
CDSP
AGVV
CLJP
AJKQ
APCZ
CJLG
DAFD
AZJI
BCKS
BXFI
ABXE
BOFI
CDQW
CPZI
APUL
AIWD
CCMO
APFA
CHBK
AODH
BOJJ
AHFF
CZUF
AJCP
AZZN
AGPV
APFL
BSFG
BPLG
AUZX
BBAA
BOLR
ACXS
CGUB
CWSJ
AZKV
DIDQ
AIYC
BNXJ
APIW
AHTQ
CEJW
AJVM
BEVE
CYUT
AAUZ
AJFZ
CKIL
CVGI
BLIQ
CCFT
BVZG
CEUK
BQXW
DDPV
AMCM
BADC
BUFD
AKTO
BKZK
AANG
DFGC
CJKQ
AQGO
CQBV
BNYE
AFBL
COWX
DGGD
CSCS
AKTW
CLPT
BJBX
BBNR
ANMJ
AGBD
AOVN
CXZP
CRZI
CATT
DIKV
AEVQ
CAEN
DCUR
CPMP
CMXE
AILY
DCKR
AYNA
BMUP
CYVJ
AEXN
BXGU
CJHE
AVDL
BPIM
BFNZ
CVXS
DEKT
ABNL
APUY
CFVN
BNDL
BUEX
BDIQ
AEJU
CFIS
CTSR
ALSA
BYTJ
BHJQ
CUOV
AQXJ
BBTZ
CPRW
ACDL
CJQQ
CQGX
ALQD
AVHX
AMNE
CXLU
BIMM
APDC
ABGH
BMSE
CPZX
BHZF
BAJJ
CRCQ
ATWI
BCNW
DDUR
AXON
BXXO
DIYH
BRBH
BMKM
BYSO
AWIG
DDED
DILR
ANBX
BYYB
BRIA
BDTF
BYPN
CLDD
BSAF
AJRV
AUAR
BOVJ
BAVK
BQJL
CXHH
CGWY
CKVU
BMYJ
CLBR
AJSJ
CDFS
DBBT
BWTX
ASIV
CTDY
BRCJ
AYEU
AVZQ
CHJV
DDGL
CFMW
BFRT
BBSY
CMHL
CVEV
BUCX
AQWS
DDYD
BNKE
CKTY
AMJN
APNN
CQJE
AKZI
BIES
AYNR
BLSQ
BYLY
BVHL
BYRZ
AWRS
DKJT
DIMI
CQCG
CKFO
BHYD
CHNT
CZOJ
CBTW
AIJZ
DCEQ
BIZN
AMKS
AKJV
DBIV
BVZJ
CNJM
BKSJ
ATFM
BTXF
CMHC
CSVA
BJQX
CSLD
CCVY
BXUZ
AFFR
APSE
DDLJ
BDDG
CKOD
CTLM
BXDT
CBXC
BNUR
ADND
BFDG
CPTX
AIEH
APWL
CGKQ
AQSW
BQUM
AFVA
CBSJ
BCST
CGJE
BZZW
BDYD
CVCD
DJKA
ABTX
BNUF
AWJY
BZUA
CTAY
BYYQ
DKET
DKEJ
BPZI
AULG
CXVD
DJRN
DCQJ
ARVI
BPIT
BRAO
ATSZ
DKJQ
CIST
AOZU
BYUF
CLNV
ATFG
DCVE
CPWX
BEPD
DCPQ
BKVM
DINL
CAVS
DAIT
DGCX
BDJB
CQTT
BFUK
ADFH
AKBZ
AMPR
DCEW
COOY
BFTQ
BDMT
DDUS
BLZG
BOMT
AEBP
DKMG
DAJE
AINU
CXFQ
ALAW
DEIY
BMWJ
BDZD
AGMS
CCPV
BGIJ
BZIX
DEOL
ADRP
CHFM
ABMI
ARZB
AATZ
CWGY
CZDN
DJQY
CJII
CDVH
BMHA
BFAW
ANEQ
ALGZ
BFVJ
CHQK
BUUU
AXSU
CKDU
BGHM
CRJG
BGEJ
CXRS
AHZO
ANRW
DHUO
CTHA
BGTY
CRCK
BYCP
DECE
ABBD
CLSH
AYYF
BQKY
ASRH
BELA
BSFE
DCEG
CRZE
AJWS
CAFY
ALMF
CXRX
CZFX
AQQI
CQKU
DIMU
AWRM
AEUW
BTLE
CKAW
AVME
CQLU
ANUM
BSCQ
DJEK
CPEH
CVLB
AJZF
CAOD
DKDF
CAGT
BISY
BSWI
DADV
CAEE
CUFY
CKWV
BHDR
AUVT
ATCK
CVTQ
AAJI
CCTF
DIDC
AWHO
CPOP
BJVN
AVES
CZFA
AUIM
CKOJ
BVMR
AQXV
BQZY
AKUX
AFCA
AQXQ
AWQH
CPWY
BHXD
BGOY
CXDK
BJDQ
BWYG
AYAT
DGIB
CBPC
BWOD
CDCW
ASQF
BVZO
AWTI
AZHD
AHAK
CHQU
BSIL
AZQC
BTLW
BAVO
CHAR
DDZM
AEQO
COED
AGCJ
BEJS
AVKL
AVRX
CTMG
AUAG
ADCP
BOLM
DELF
BRTS
AKSE
AQWO
ATQV
AKXS
BXJN
ATMK
AJCW
CERO
BCWI
CGRN
BDPL
AJAH
DGAB
AFPO
BDOY
BLYT
AYOM
AGAR
DBVQ
BMSF
BUOE
ADSY
AHOD
DKLJ
AJGC
BRAV
BDIO
CYRZ
BGVU
CHJG
DFFK
CBQK
DJKF
AKIO
AFIN
AWBF
AHRC
DCZV
DEGD
ATAX
CNRO
BAME
APLA
CQSP
BZBU
DDJJ
ABRC
BHWB
ALMH
ALLP
CDHV
CICW
CPBB
AIFZ
AWBJ
CPVN
BLYB
DFTT
CNGX
CPTN
COUB
CZFF
BFDF
AYWD
BMQN
BOIH
CXWJ
COWS
BLIE
AVOZ
CDVU
CJIB
DEKG
CHAS
CEPT
CMFJ
DCAD
CCZU
BSUI
ARQC
AKRR
DIOS
BIFY
DCWR
BRZC
AEGW
CVME
BLHQ
CXBA
CYTY
CIFY
ACZN
CKXO
AYQF
DAMU
BIHU
BIAL
CVWY
ASRJ
DDKW
AMMQ
AATM
ARPZ
DAUY
CVUM
CCQA
ABKU
AZAJ
ACMT
BMGR
BFVX
BGFS
CBNY
ACSE
BFMH
BTIZ
AODC
DEGX
AEQI
BCPK
BNRD
AKPA
DDTI
ATWJ
CKEV
BZSE
BDKT
CSBW
CBVH
BPGP
BFLG
COTU
ABWX
BKSG
ARIY
CXVM
ALPU
CHEK
ANWY
CCSU
ASZO
BMYO
DIDF
CYWB
AXBH
ASCL
BLYU
COBS
AUJV
BVTX
AYDK
AYHU
CLBP
ACMC
BCIG
ABXW
CNEE
APOR
DDSP
AOHZ
BIDG
CCNE
DDMY
BJKR
DDPX
BGHU
DCDH
CSCZ
CRFU
DELG
CIXX
AIER
CSTV
DIZJ
CIJN
BTRL
CIJQ
CGTJ
AHLS
BXCJ
BGBC
BDJZ
CAXU
CGGB
AYEV
AHJF
CAQX
BPWT
ATLC
ABMC
AZBS
CCPE
AWTE
BKWK
AKDN
AVPU
CZFC
ABVS
BEWQ
BKKV
BUZG
CTYC
DGFC
AMTV
APTV
DKSJ
ADTF
CQRF
CCCV
CDYU
BMAQ
BDAZ
CXOS
CHSX
BFLA
CCQV
DHLF
DJUU
AAXN
CRCW
AEUL
CIGF
BLQO
DHVR
ACTA
CUCU
ADZZ
BUBQ
AFQS
DAZN
CSET
CIVX
CFGB
CIBJ
AFQL
CCBI
CXDS
AVXV
DFFP
DADW
DFSR
BVUD
BNSR
BCFL
CJTP
DHWR
BYVR
DISZ
CLQW
BKBI
CAIY
BNBR
DAYS
CDPH
COZI
BNVI
CJSD
AMAU
CFTB
CLSA
ASBM
DASP
CKTK
CVHO
CYAN
AAOJ
AQRM
DAIH
AHQB
AWNE
AFKA
DJAW
BWUE
BWXV
AGZQ
BPMO
BMRG
AJWT
BFNI
ABCI
CHDL
CJPZ
CMKA
BBGV
CATY
CFNB
