14399
16603
40268
10354
28390
40275
28387
42951
19644
12127
10350
14391
19645
9218
40274
14388
19648
28386
19653
16600
10353
27864
7267
16618
28388
9208
10348
9212
9206
14386
14397
12129
40269
19651
12128
19655
16611
42940
9202
14398
12120
40260
27876
7269
7271
12132
7277
40278
7262
16613
16610
10340
42952
27862
9213
28398
28392
27874
10349
9214
40266
16605
10347
14396
27868
27866
7279
14392
42957
9203
40276
40267
10357
12123
9210
42949
9211
40277
27879
42945
28394
12121
28381
10345
9205
14384
42954
42941
28396
27870
19640
16612
19649
40279
42959
16604
14394
12134
14393
19659
42947
10346
27860
9217
28395
9215
10352
10355
28383
40273
10356
16617
12135
28399
42953
7274
10359
42946
40262
40265
16616
7260
14383
16601
14385
19646
28384
27875
10358
16615
27872
27867
40272
7266
28380
9219
7278
27873
9201
16608
42956
42942
27861
9207
42948
16619
12137
12125
10341
14382
9204
28385
40264
40271
42958
7265
14389
28391
19641
27869
9209
14390
19654
12131
27871
19650
27878
16614
7276
40261
16606
12133
9200
7275
7268
27863
14381
12130
28382
42950
19656
14387
7263
7270
12136
27877
12139
42944
10342
14380
19652
7264
27865
7273
19647
42955
40263
19643
12122
12138
