30705
48362
6710
66188
16080
50227
49089
18908
49188
67368
99246
24924
76301
82938
7958
26020
29654
76821
94905
33054
28362
60986
39515
84745
3133
66417
45964
50513
88667
22702
71695
76481
37563
40184
58649
1725
4277
24959
54105
43033
25913
60945
13936
87954
70740
42125
30721
15090
92562
31099
38022
1506
56108
24039
11410
55318
62450
30985
72771
96418
63418
75808
79256
86460
75889
46712
37129
98455
8973
65791
14470
21599
61510
93968
5980
19788
10545
17937
85741
59912
68306
20814
32061
35183
23014
38032
22654
47767
20847
19647
76540
1820
55546
63334
42537
19025
70988
91856
4504
64684
79203
80319
32076
5275
28543
47919
26203
99718
43606
45759
12486
74158
89260
50531
3759
13871
28215
16034
48738
97038
14351
19055
73543
11672
94633
71265
1416
59676
16620
48417
23041
39439
14308
68450
11920
77221
13632
30535
59990
48098
53622
29202
41665
65399
22424
3184
48863
91698
27308
67355
86859
58935
93187
60705
33246
27298
91150
73776
29168
31259
82967
70013
46033
87704
71411
18145
80956
37478
45033
41115
91263
75307
21571
47827
24905
47631
41807
56333
63718
55362
71456
64576
98749
3938
43626
92599
58238
96784
25305
30117
9035
59849
27106
11595
45056
68653
88012
42369
37953
53342
59727
50544
22821
58415
1537
96865
59368
82183
67514
77523
63880
38147
27902
76558
45965
54594
30821
26735
43189
31991
1378
60049
3694
79964
5450
1008
32665
1978
34900
70966
98041
74299
28137
17502
12707
35874
40833
13399
97166
14442
31131
71458
52459
37655
79753
20665
36143
35042
50825
18043
20220
50558
93382
99566
73346
78797
76800
81261
7388
70079
55321
67103
48710
93614
58161
24691
14877
38068
91628
43045
9854
7191
5236
79185
56761
7998
77977
25807
22073
63811
74344
79650
84417
85156
41947
93780
86928
99907
82228
32327
2025
52740
79972
43155
68004
64640
93535
77235
19195
98388
31174
57562
24755
38614
93985
20360
32724
79028
83796
86682
59805
7919
24402
87039
40391
13423
37727
27228
40085
84808
42722
4486
41066
7811
4689
96221
19918
6492
96948
94998
6777
23251
98324
60847
90924
74888
14716
60787
38845
43835
12128
34460
7318
18928
77662
85380
68320
2226
75856
53571
72720
5175
30508
70509
57703
39964
67627
76478
22711
53791
30166
53921
23881
14387
30841
43178
46160
18998
19565
99705
11305
75422
34068
29755
45705
82178
55589
10830
88333
35605
47785
13092
77921
86465
80419
26606
2560
64260
27834
43316
87194
48617
29836
29143
66293
66102
70086
59705
2770
99415
65038
21379
48705
47102
33514
54527
96396
97951
29770
93897
27858
54464
65386
48269
85787
297
64329
42998
74069
29952
98326
60409
22407
11673
34306
46448
55780
56201
64608
6903
19854
51674
11381
76897
48584
71192
30212
62525
38507
21520
60529
16656
98364
31739
32343
25937
46420
83954
98159
27065
72447
92636
23564
93513
53965
23309
13977
61187
35816
2651
92602
60842
87562
57002
73002
52306
42996
99577
44732
42107
80117
57383
57511
84823
53424
36321
74204
21764
84619
67140
73601
74359
15389
53960
94572
26229
61681
59097
74977
51800
89542
10205
19720
97515
52447
76531
84547
1596
53486
64714
45812
32002
93876
6333
28886
42131
9217
28380
11510
88460
62083
49565
60189
88523
62440
63481
52788
55769
52681
76328
57724
50960
26962
24042
64975
4482
45439
8911
79247
6357
7642
9410
34832
92245
81661
85458
97299
76216
90628
61279
51803
95909
25909
75240
28193
84025
6404
69284
56570
47512
42997
77823
8614
4648
78731
32854
1141
38846
7603
34069
20404
70437
35625
31762
61215
2624
85879
49634
86642
57051
18996
37552
73918
8584
72264
58098
76770
41478
86140
58466
56450
70096
51754
29337
36119
92011
20813
66002
49648
29231
68824
29612
51502
86223
53713
89944
89763
80187
18044
31080
89179
69698
63619
53056
36238
14624
64709
20264
84365
62457
69294
68221
25319
92982
53220
71663
44956
10215
20915
35942
97734
28668
13028
38345
11459
95378
54558
34257
48314
81300
95815
68446
99124
40256
80856
38018
61374
79043
10433
56347
82935
61057
30359
44055
32738
47078
49618
98493
73669
31141
33528
24542
4559
32274
339
84979
42890
4900
73206
33070
10092
1326
66847
33225
97598
65667
800
83248
22412
7321
86645
4768
57028
8339
57470
59195
24399
90004
49861
58284
319
31747
59517
20731
1238
7921
48160
56183
48609
85663
94500
52005
69966
37797
82827
72859
4563
534
9651
34263
56241
24923
52856
93571
66070
8582
45385
64453
57675
40935
62805
94580
10111
79191
75588
1867
1132
94440
14641
61881
7835
32828
46991
39452
91281
39551
31116
17387
60291
43688
62646
13638
33409
83466
63852
74465
54547
12214
38329
56380
45675
36559
77539
84683
86734
72888
10061
45484
92922
85954
53590
52350
17460
15324
71664
28080
74156
578
51377
28884
84247
49609
22823
49548
24509
62516
43444
57093
96145
35612
48048
48170
74293
14369
36345
71170
92551
13397
26345
12685
5152
78030
74098
79898
41510
42734
78927
57979
37733
15405
91585
19409
28481
46612
82829
30541
97139
22920
53466
76115
45095
34958
52105
62631
72920
73139
66444
83682
7715
92200
20884
8050
48578
15016
1707
26175
39392
73552
49116
96363
27783
39977
7856
31249
11722
9796
32987
52862
61528
2215
86983
5634
1750
66005
32801
15118
42808
28001
90233
86765
65277
12781
76626
65724
8332
77556
87473
37519
10398
19297
78353
1445
19389
36029
70237
89767
28142
93024
43643
48884
65535
1724
34134
71631
85357
89670
23044
83719
65726
74130
65055
99890
74175
73778
94606
35886
45174
88723
29587
52308
9106
6918
2582
15126
9004
56129
3931
67143
34493
27278
2978
80769
6852
27730
38916
48942
99136
43414
6701
86299
32535
18374
51121
75873
35124
16083
75953
26027
99540
91678
5028
97143
63951
49560
91192
1621
74040
74540
5874
68213
32269
60226
31308
29655
1347
77644
916
76594
66415
52745
66185
66350
63385
42229
79660
13202
2444
63426
61042
30716
67004
58580
19151
10536
27586
46577
86974
6830
43956
72858
59269
81604
99813
4473
69282
65466
84851
32296
10198
4765
21484
9174
45708
27693
46078
8174
18534
1845
96598
83135
52046
63276
14819
86829
95954
82394
28256
7343
56140
60011
73173
50014
77021
79320
31156
65544
38792
20722
49433
23545
19291
84982
41756
5676
17177
18634
43922
29929
75424
2248
99911
78610
48383
13152
37850
30322
7093
26966
46198
31395
18501
84226
7221
7920
83207
54492
50763
20955
34214
49558
28252
90244
72739
81538
82850
75021
31720
85626
52980
82490
86036
98722
90014
61543
606
38871
45782
46322
74639
85450
64844
42520
87913
80177
59824
39423
46141
969
15620
22262
51778
89427
1703
86798
35643
37379
54134
18560
71639
65866
62405
76054
15963
30868
71714
67181
68272
95481
59562
12514
82526
54789
15880
87371
97328
82248
14055
21041
62381
36721
9435
47246
85425
8031
71964
38868
50106
54307
52711
97176
71349
34363
63557
79060
11475
93541
74318
63799
11830
19074
48948
92513
18826
62666
11081
69423
50759
51751
9800
33394
23346
23924
9807
91237
82247
9639
78832
85598
33397
3431
18715
18700
65110
35366
83256
14372
67561
14188
76584
24747
23305
77873
36373
63239
79577
89796
8450
44759
78831
45386
19796
84354
84801
18522
63543
96222
28344
47838
32098
26860
61902
29251
7350
57148
91433
92265
17153
26271
89660
54120
46638
75210
59540
88219
26304
89221
66067
51828
17032
63740
26906
46968
44248
82086
37392
17190
83782
39153
61306
86947
39688
43173
72326
61165
32699
73020
95422
22126
54950
88810
19610
35527
98988
96969
63644
14659
25086
99471
35378
8236
92055
71758
92997
92458
82750
72219
85229
94898
95400
77990
74054
18751
88279
54175
7445
90877
49938
64551
56455
12862
76274
54343
60102
92559
2992
51964
22719
16120
84312
24264
27940
30296
58089
48555
43809
37009
71322
76890
19780
88833
85055
94879
63627
65923
71728
35082
16381
28512
46391
26167
52096
59070
18377
14059
1783
14980
33171
54608
46920
79066
20199
61915
66135
52343
3514
86379
26181
98221
85639
23610
75591
65982
28898
83234
436
44765
75819
7770
58551
78700
45979
10713
20551
7359
44563
91178
67733
8197
86486
2866
45272
24090
22973
14151
69128
85069
53858
54066
39667
6966
14658
28815
54557
27805
44790
40179
20216
4737
99976
96736
10106
82631
75702
65926
97866
46547
68233
74399
87072
45206
64126
81028
70947
23804
15082
70692
16178
63161
95192
72221
57017
17686
24567
67110
29213
60828
4826
35989
73965
18690
74684
96922
82175
603
30502
27152
52725
84602
62415
35153
74627
42280
2342
33164
42408
39874
23187
82471
78191
29953
83851
60928
86061
77610
70508
27965
52547
87298
98189
16867
30262
9308
8632
78549
76261
21417
35772
68637
23945
12512
73385
55648
35041
97893
87570
83533
58916
68751
3930
25933
26648
71957
18720
72472
73432
71670
51551
41183
90206
23459
46284
27932
56113
92099
4143
3135
37847
15598
55127
25108
96610
74206
1562
7010
28259
4158
45619
73306
43136
92584
47758
80748
38342
44752
39138
51844
52730
70035
97064
44855
30867
76896
73048
39281
32502
9421
67183
12358
12558
37819
16972
27809
31655
5869
37191
43758
35489
10017
13611
473
47574
96825
57951
30662
28692
55233
88091
20615
71486
34674
55627
43737
19159
36258
76629
95457
23176
32250
40678
40245
21413
86336
11281
62467
84750
40224
81017
66580
96662
92700
31382
3716
38576
77180
8135
3927
81900
84961
35966
86420
28446
3029
43749
98037
92001
26397
54509
88604
54047
51364
19212
31177
23118
87335
49851
46936
19616
1933
12551
94118
63987
12472
14336
67920
84185
28451
91101
7018
53665
99627
66252
48953
93029
99045
43556
87226
69351
46346
33254
14612
69255
75815
57585
21726
37749
30686
95070
5396
17036
21403
69532
62242
80915
1452
82970
39916
2399
79233
69550
59087
89256
9061
32634
78112
77787
25181
62251
48641
87831
43664
41808
84415
23388
91702
2929
44501
82343
26596
46187
86045
31323
85353
75195
90333
91935
25322
90612
92554
15636
55878
35506
53718
76874
97897
67664
86106
55974
28397
43428
76922
64686
85873
47927
6722
17187
36798
14748
34943
31032
71635
71154
93526
41096
89790
9973
78789
24342
59093
7063
37994
91053
53493
54824
79715
25656
34057
14937
86930
48852
39861
36868
45723
67009
99581
89948
92149
41998
80777
60730
29538
22496
84541
50699
40511
95190
1479
28333
60177
45696
24943
83317
46652
29634
76980
2525
14674
25989
53282
29135
68953
39344
20162
15062
86008
93667
72189
10846
28671
3798
78272
67199
3246
17944
23297
87619
58987
11076
96123
71424
18310
1914
94682
65302
20593
91229
31621
31761
88477
4455
45044
21472
99140
82441
88807
41641
58853
51670
75268
90006
93282
76455
83180
90534
54331
23567
52272
57728
48002
97160
30944
95915
74992
26001
57946
57713
63261
4146
50527
51187
72830
52131
61254
80326
45818
99701
60831
55925
28658
19560
4620
91177
10229
70787
19646
95176
82884
50859
19844
82879
99611
86658
87645
75276
20720
24337
74166
49259
93279
39413
46337
21197
69916
40946
21862
32423
91183
44781
14596
60146
38321
1751
28534
13614
22745
99031
28464
44195
46394
49243
12974
66976
31381
87774
82172
79329
1000
52924
2005
85484
51171
59201
34660
54783
34273
77418
17215
97911
68795
64525
88780
60346
99662
39268
20869
31257
6181
82713
48644
3617
81688
70130
35198
8003
86742
16852
79337
34492
44980
69193
46502
89528
84067
70620
17523
25865
10959
57252
60835
581
97845
88936
33176
89770
2704
43635
7536
21122
71057
27237
77247
58871
66997
51956
53752
15762
15338
5024
98674
88094
92911
86088
68144
80999
23370
49547
41146
75624
19278
78764
26352
56460
40911
51200
30083
19492
46682
17368
75055
32127
67736
92146
7036
13557
84885
67758
7787
88513
54368
14185
28832
13942
62260
89472
15495
58982
37405
37792
26755
57695
20539
97213
6178
71938
72661
34100
2350
92819
58216
89233
2415
90127
69375
70394
57324
42901
3495
99173
50076
96134
45351
11230
32409
59602
6466
21475
67118
11588
32357
48459
22562
24513
26496
9987
23606
71378
84146
12811
61529
88814
55046
76381
67153
29860
37146
70169
82329
39867
51271
8785
71575
53667
20012
95642
50412
31983
25747
57827
74623
23902
71277
39973
48764
93884
46719
77111
17448
35209
18182
28865
38554
16554
34429
19949
10015
9296
28788
95040
48746
56314
23406
73283
16587
40755
61190
36961
27451
67893
31834
49482
77127
84789
627
79271
84148
57264
41784
400
46393
83477
62088
28488
75788
17088
15978
89131
89563
24939
47982
38496
18547
36337
54422
71880
13138
98896
76737
27768
873
75402
17813
76830
17161
61393
72316
57807
7836
28040
77870
50372
36088
11024
51609
82256
95071
38529
65900
74797
87513
67796
30554
95590
37401
24291
92710
47693
86976
12537
23214
6713
1701
95548
31387
34138
57809
58727
66659
96563
48241
79122
55499
49371
78820
44876
20503
82913
32575
95229
65541
40113
26009
97432
27689
99731
32730
5147
37026
70510
25559
12918
76361
16734
4610
8539
89490
34527
74779
2823
20040
67264
26165
79744
29709
88162
63387
3452
44532
35493
87081
46315
52556
56035
8006
24785
85070
70739
42548
60611
97736
28928
99742
3328
46051
34702
53300
4613
26975
11344
34042
2176
29102
3032
83286
10978
18324
29992
77468
28773
45918
6684
11978
84732
80106
96428
99542
70288
79274
90439
56745
4862
25268
10717
61762
70308
54658
49251
83254
58377
91546
66454
36930
14995
69672
67731
30961
33961
3429
25252
71112
13470
74533
59516
54618
63526
81554
83651
39719
85124
11303
66886
59871
30257
34258
91172
28573
96183
92283
23592
36440
45403
71302
22009
21854
18986
86210
32778
31490
70460
69247
4140
5793
70189
37440
34376
4714
49379
26076
53382
40533
5981
38134
43745
37908
35761
72845
92175
46894
91239
39827
11623
87451
9811
26221
85288
78876
38051
27864
99292
2614
31211
4460
33762
20989
76384
63949
46986
13337
49477
484
30391
8935
67088
49423
49017
57362
83328
82138
83829
14277
46226
9535
32150
41596
36380
60224
41991
83953
6540
82452
25847
95418
63616
3638
37698
98899
38912
1522
61126
34872
57916
11068
45082
84910
58197
66122
14640
17124
71348
61582
98345
32488
51146
67849
10442
27289
97623
45224
29555
43508
59104
19835
38508
80986
86888
10516
89512
64656
32776
53318
36849
5510
80270
3206
58658
58548
85662
90094
91734
70266
33375
68151
19894
61337
2954
69807
86944
20647
6106
49250
11707
56174
52971
32782
53251
38204
98886
55283
5818
23556
69833
34496
90661
93810
10123
40860
94619
1481
