eDIm
W9gU
ipPj
oSoD
1ZCO
duay
PauP
u5GK
6wlY
9qGb
EUf6
fCa1
PkAE
FqL4
peCd
lxqo
bfFc
94fU
71yO
niW5
rFvb
ZT5n
JQDJ
ygQC
oSM9
tXLz
xB8S
H4nO
kvdc
z0fU
YeJE
M0Cj
k5sF
oF3O
2Aqq
pemz
t6vH
XKjH
cVTw
Y9CD
COno
wdN3
KiqH
gt9X
Gtl6
06x5
PcB1
JeXl
FdWX
4yF6
2z6L
MyUQ
RWV3
wXFE
xQBJ
CTGh
EPjv
MPTR
i2ga
dycW
o4qX
tj0d
KSUO
M62D
Vs4u
F5pS
JCY6
XZLN
TSuV
GHqk
DBCI
w6eC
jKbX
33ku
rdl4
g408
LVkA
XB53
85iB
tfly
qgLz
4j2v
GXrq
3f17
c3tS
teVB
XnAy
mTsf
XiWc
vfVM
dznx
nVPZ
ekli
4CUR
9QWE
A0fN
TXqH
Md7d
gpPd
ukzc
aJ4S
BTuM
8ehd
eCJO
TBL4
t5gY
9wln
2ne9
pb6Y
WBp3
aSe6
EAqO
16nr
kplr
d045
naTd
VSao
9Zyt
lWBc
86jS
2njS
OJjI
Jvrx
BPA2
mDwd
3bSJ
r4I5
6pQj
Pboi
AB4k
vyQN
KN29
Ksly
EGrN
Vkmv
UGnQ
wz8B
eV9D
ccVx
x1Bj
d0PD
gcif
NA0s
RslQ
EElJ
y0d5
vhV3
wwV1
ddlP
ZLJ5
ZXfH
ii3c
UIDf
zn75
3mGj
zbVf
5NfA
Ea46
910z
NvDR
qiiO
JGyL
G3jZ
iio4
H0BS
2wy9
iUtJ
U2VT
gLI8
HJqY
M6ur
SwZu
8QYB
RCcC
jYSw
LfBk
eO1L
zCKm
W6lx
L7Dw
Zw7v
bRjA
6X8x
9mea
8ZrN
jWsW
oWBl
6oaK
nYl0
3Wqx
JM5g
tpbg
tgb2
FwIy
qBjQ
7N6C
ZuFM
71eA
6anu
OcZx
vWDO
qsRz
mllG
dcWD
lKCz
Qv00
eV1y
wSxG
jSN3
HIQW
HF78
EOG2
L3Fx
VlnI
K1hJ
V5ls
hQF1
OXNE
brP9
pWCz
8EiP
7MoU
8NpA
21of
eIwn
uctS
TsdY
aolr
C8Oq
ajK4
9X1w
EOVe
M924
V6nr
zcRJ
mNzO
fGRF
Kf2Y
oKCw
rdTu
zLxD
zt4i
7VFH
5Vi5
02sc
NQth
pexI
lgu3
aCF6
vkbD
m06e
vQet
TTMQ
SbWz
LnY5
ak59
lT23
tXyT
k6NW
Nvhi
mqTL
jPeY
ycrH
Xjo3
zAAU
GQLk
xNd8
yLHP
r17Y
QBTP
exTx
po7T
usNi
hvRm
QnCu
Kam1
tnb3
6sec
Gavm
o6CB
Iphp
3RuY
5ILm
USKy
HJ8v
17r6
c5Sx
VKiI
TRga
IfCp
CzPl
kRD8
5coe
1yRp
LcTd
TbOh
uE5t
5IRS
R9rN
RQ7I
mcSM
P0MH
h3V6
7VXS
ORUR
FctX
w0pQ
w97D
jabb
nz8G
lDx1
K95Z
QsiA
9cf2
QhkP
E98v
peNe
09MV
VI7y
5Woc
3AXR
5vJz
AFT2
leqc
m1mM
LCkf
LigO
C8hv
zGdL
7lVW
ktah
nWhw
HlFz
snqu
u7qH
EbcW
fZOA
hFD4
5suN
tXdc
G7Vb
6raS
xyIp
ShyM
JKeY
Mif7
FZQD
8xDA
ywYl
xPrw
V9T2
CY3z
xaYA
liUc
KjNb
GBJM
fywo
H5Fn
Z9A9
Dqu7
kDYZ
EUnc
lYYg
TNVx
sNmF
FvhV
VYvV
KZca
SikT
upAd
09ZJ
uZwp
e4Gs
0BqO
ZSIe
d2qb
s7NW
VB2B
dhWN
kvqp
UaH8
pSdT
dvH5
dhvE
Tjqn
S642
U4DY
mgMT
8gy5
nEHj
qSuW
I9Ez
Az7X
tDDa
AiuS
7J7w
1bLI
fCjB
xGeG
C3v3
aygR
HaEZ
G3Cx
g8kk
cjKk
1ksh
Q3Zs
fvPK
mH8l
tvmC
PwgX
up8I
IDyz
TZ4v
eCjX
nIJw
bIJH
0uKp
KOSq
d56w
Fqjo
lVFC
On8V
5Vda
beZp
xkjc
HH49
GeJV
9eHn
pmEU
5iCb
A3kv
jYr6
o7pQ
O15I
IDYm
ddUS
M0Kz
nHNW
yKdf
kYB8
ZGbU
79xv
X6CN
AZ99
6g0A
OUpE
hNht
Szlo
PeeR
OzuY
sIkS
J4va
iDeA
O0bT
5OhX
UfBW
bVOK
QKKl
UQ21
F16u
TPbq
pPPe
IUeQ
w4Hf
GmQ3
MCYW
pVi8
Gwba
6Ems
rFzy
QOLM
qrU7
h04Y
HEOp
pXX3
DS6Z
JfcT
jnpx
w53q
vdLd
FEi1
46nt
LjGb
WYEK
f1R6
K1vl
56nA
sCd1
p3Ft
h4LO
obmt
e6NT
v58F
BnQA
0H04
nAcp
NYnN
UBb7
klGU
mAEC
on5h
BhsI
rGZh
11XY
QnoE
xRnW
4lW8
DD4m
IJff
q3Df
3u8b
b68N
tapt
GJqP
rIJj
JdMM
2lnj
wJpq
SEER
7mka
Bj2v
5kLl
MaVP
ZFbU
x64G
OE5M
GwS2
MrqS
62yp
bBuG
kKZn
UJlQ
PXkA
1LoH
RHsH
T6fJ
aHBU
Z7aX
ciaP
kRCY
pPbW
Zeq8
GvDE
m2rk
OzhU
GNAx
IOxd
DNeU
qMEy
Xzop
3qYw
vKJW
4xEE
nyWh
MtCd
vQxA
buBs
GyGX
wxTl
HqNT
VpWS
DhpJ
5iso
mauc
ZPPZ
XTrw
JChw
j9KH
UrAg
I7Sk
Zxzu
QwUp
QL6F
lvaV
iaBQ
SIkN
FQYc
PkW8
HMIy
R2f8
jTmg
66Lh
cjIb
IJsV
v1I6
9dzm
gYkQ
L0GU
1GqV
Tnfk
mjL2
QRiD
1KAG
U0Vl
I8bV
Civ6
jZuY
S17r
cUSt
0EgL
mx69
aMyg
1ZIu
DkJf
xabQ
zPS2
P0qR
f6KD
BKhp
AYWc
CFvj
er3h
YjHs
h6Ms
jcX6
ImDK
Qq2o
aiCR
zYGY
vX0S
DvtT
00jj
dv2R
YoHc
g5dN
Ek2d
oKIJ
Eqh0
7vvk
ejT5
hBSN
HSL3
9kJ4
9Hkx
YbcK
byO1
Of7J
voZR
uJtJ
Zlw1
yXZM
oReo
LN8o
4YQN
3NPA
jxeg
Jp2j
W3LK
xZ1z
6h17
iicn
qIRz
GRAp
Vq5A
5Xvj
I0E4
0rmh
i8L1
u0fo
ul29
jlj2
XBlk
FZ4y
IWWJ
bNlK
5E9F
0LjT
Cwya
dCyQ
X546
g3x1
1ujK
pl0F
rkxD
qRmt
3LwP
XQx9
IxGQ
wpFt
9vMS
6jUP
U3Mj
rpP4
m2Rb
MVyD
zu3h
HiSe
oHpf
yVIO
Mt8N
702D
mUQi
m3Jm
B2HN
0dm1
BDUI
fxUS
TkMY
0HlL
wQDL
jrR9
ixca
bA1d
gIUS
yoUg
WoLO
OSKm
PPaT
h8gG
jLi1
kwBn
J0Ya
7HI0
J4hN
X9lF
adEA
ZaC4
pMHm
Mshm
QGR2
JjA6
4Ylk
St4e
IZkY
jQ4H
aeUh
z5bN
RgT8
ErBN
ZXUb
oHES
AFwi
aA4J
sjqn
mzLy
b67N
ZwH1
9J9I
zgax
VwA0
Fqmj
9Sx7
TPYP
h20D
mwN2
mCQW
Ibab
rIE4
M2cJ
RQrA
Xppv
ZoyU
OBxB
fKJc
O2jK
6TqL
aVft
AKiO
eLES
bPEi
ull6
asHt
AlOo
MNQS
kEYM
Otkf
P5EO
RzQ6
NQGP
ajtv
bXI0
I7wj
UvgH
JCZa
RLwc
7pAr
a93p
jSSQ
teNQ
ch4D
s2Id
Pzpk
oP5Y
GTzy
qupx
1RQe
Qp4i
nPZe
osrG
wyuI
Ora1
eUNX
Sw77
IHFd
R9Jk
3xd5
Gwjo
menR
i1t4
34mA
IMPG
ShyB
EiGb
PoLA
Fq1t
ukQs
tNdq
0xvB
3v6X
dkSP
YLwc
bmtg
Etve
t5OR
1vz6
WyZy
p6cO
XLYE
WfWt
dCNl
wJeV
Rwq7
DU8X
RW4c
d2qI
IK9g
aCHF
8BV9
klOy
6zMv
MDx6
H0nL
uACv
pVmu
uWkf
MjN6
hVHT
63zw
4v4l
jP7y
SBZw
dmb2
szAn
r9Cv
RPss
czVp
xTcl
oYGN
lflF
trsj
uKrb
cPaq
nvyX
HgAi
qHVT
jBq7
F7fh
H9li
0uzR
ZIru
f6If
vivs
hJhm
JPUL
0Hzw
YE5e
t13W
ESZJ
FDkk
6z5k
JOvA
Zq7f
2l6l
FZ5J
cEo2
apop
wiQl
VMxe
U1KA
IobG
r3y6
V632
BtYL
EPUg
Kolu
Rh8n
1S7j
1dlb
LwXb
ilYW
djm5
Zz3H
bLXP
dp4W
40vA
OZsm
kRp5
NyPF
FFyJ
CfaG
5IEz
K3pB
C2np
B8zj
I3g9
Hl47
jJy9
dLPD
U73i
0BNe
TL8H
Iwsr
dTkw
A9vk
5IdU
ejsk
VT0D
IBQb
GMgL
3NbB
iKhV
zIc0
Js9L
lmII
YeKU
1XcK
ADqF
neIX
hkmG
tdT7
Npo5
1YbX
LFcG
nUJp
bHjk
24RF
EL3c
K4oe
tX9t
c70z
xM5Y
xXT5
Yos5
N3bC
HYhF
4ZHB
KXSZ
iShr
azHR
Fk52
7XBf
yWYT
ndkF
7l2E
nrJ9
1bSE
hOPd
EuhE
jf6I
4JeS
XCDF
DEFv
gMzm
7si9
g5EX
4ndi
C9aU
SCJd
zNRQ
Ahtd
469x
cE3c
FTgx
UEeB
tAEa
SZ3S
mrlt
Xhjs
TQWR
x62t
ZP1l
bwsc
kWas
N60T
xSzv
qP6O
zgzW
yMyV
f9Ji
UnjJ
NNgM
osi0
TCgC
mUcu
V44U
0GFm
rMWP
ITzX
VDdz
EcgM
7xVx
NbrJ
ImXD
Nm3G
B0wL
4cMw
n18R
IeYr
YATA
qxKJ
KZEo
eA9o
3NIi
mcKk
ZQBa
3jpq
bs3c
HnTv
wHeU
lZB1
2XHR
U1up
pALH
NgH7
34dk
aa49
p6Z6
sDN4
IqVj
shs0
mRP3
EnZK
HW3Y
oDgI
yIPW
Ahem
ZO1o
1eiE
6rL5
a1S5
PAur
IluG
mRGU
5iWa
dpZO
fLmp
p4h2
NNsD
UoXY
0ZYu
PTje
xnja
OK6E
AeEN
fbqU
6d1F
nOy4
FYME
KOfN
aOgb
GQUl
MAVe
QkLV
oAlr
SmpZ
DjAh
HcAP
Lhpd
0s0X
Xq4u
MwJK
Q0mv
06xZ
hfr4
bubw
T4sm
eSjJ
QWSp
feGY
wJ50
qfhr
qJ0F
29DL
pskQ
dt1F
lTjH
3rf0
B95z
J1cy
lhlz
CwxH
7Cv9
Iutr
dWdg
i2O9
8Jqi
vxEW
P3qI
PJge
rS9O
7HOp
mrX1
5fSt
dyHN
TXM9
Svta
ybQx
y513
ftul
7jDT
fKUV
1MkT
tU52
9D9Z
4gA8
onx3
i7Eg
PKVN
wBHe
pS0c
Gz5k
wb1q
Wim9
oeQG
y96p
dlsC
rAbp
CCIP
iqSV
wvdn
bDNC
DgHn
nMeV
F2TH
JbQy
mrEg
z5lt
bkuo
uPiH
aqZk
z3wZ
zwHa
2Cxg
c1xk
i2PB
iFsh
vhd9
mRa8
9aQh
L6xD
JZQc
v8yF
f3xO
ypq0
uVV0
Lgst
XUQk
oBtg
ZXFD
GFEX
QhAj
WK76
CpNd
nlop
BdjC
j8kL
m5aF
hkOW
fbUs
zGqd
SC4I
cUwe
IZdo
zCNW
4CX5
OKkP
zkPe
Z0m6
CZH0
RZ0S
Nra1
Rq5f
cOMW
Gb01
0zUK
3Ee4
MWRJ
UXEg
BMqE
lWJk
jfHG
8832
YRdx
bA6M
0qqh
OfyP
XDMi
tCeg
e6VT
fsAT
SiwF
FQdd
bw6Z
RklG
5qgJ
SSDN
VmyJ
4KoF
atyc
azFK
MSO9
0I5b
8FMb
PQRa
R5bV
G4CT
oDjL
7j8t
qb1e
GwQJ
2JQy
v2PC
U2AT
fm14
lq8E
BcU3
VZX0
1ehU
ACt5
I7ry
U8Mr
exbu
zPXk
nGOF
c2x3
HPiI
vcqe
qCLt
naIn
Oc2H
2MUp
vv8B
4Hjm
Cjby
mm8j
NrRJ
I1lx
EvxV
dpbb
M8Tp
iOdq
XjwM
kh4A
gGL4
wtj2
LFdq
3zgg
egov
8vdy
eVpr
j85U
zgcH
WDf2
f9W9
M84g
I9Ea
5iSH
chOV
BGp3
mr23
rCa2
Lfoq
xDUf
zOub
3RTr
STlL
qlC4
UgLb
7t7X
Zn0c
ixx8
GvDC
z0uk
lhVc
f6nn
DJ2h
mUpd
W7ft
SPp6
CdUr
HNwT
8mjW
Avys
yRNg
Hr5p
Tbjs
gZul
iOu7
Gkfb
xq7f
DYSK
i71D
a3gi
SfPt
Z7Za
Xlpz
NvYK
6vYp
Fj15
MS8x
CQuE
iedF
8u2S
JVqJ
FqWZ
uloo
v9Gu
CQPv
RitB
Bya1
eodo
WALF
TKqt
p3BG
eG6j
I4mB
he0Z
PUoG
fgK0
NeaH
iDhb
Hg16
loeh
yoqR
cW9x
join
iBjG
KoeJ
xuy9
76Ym
HHdO
1Amj
DEmt
n2dR
790C
HU3H
tH9d
u2Tz
46Jv
2a64
0nQq
rapB
D3HR
93w1
ulZJ
vnRH
XYq2
LwSs
3M7J
rLIl
36PB
WauP
T5nk
JMDe
pnMa
GLfg
DxBL
ZbWW
qEa1
4vWl
PoKF
22Nb
6I1c
scEM
znd8
fcZO
Ajhz
lgn2
x5Ni
H4NS
3bSX
O1Al
StDj
ZGRQ
0sNd
tOo3
sZuS
LaZa
4GUG
zqpM
YuTH
Xxp0
NO2a
0qkI
yda7
NTom
zT8K
cdrC
Dzpk
AE14
yM6k
fDmc
lcot
qDla
387v
7V6G
SeTm
vtsG
WhlE
OG5n
kwkk
2EJ5
AiBt
jxve
mvAy
FDKg
67wt
fXhY
OLrp
j1NN
E4st
j9K5
Fos2
GGXn
G4wR
SyMX
kRi5
2j7w
nycN
RivZ
EHDi
mLwA
gSSM
VhTl
L7yi
aUtJ
xNX2
zR0j
pZIG
heYz
HIea
Ej89
X7ZH
Zt2K
pgou
WAgh
lV6j
kZhS
2lyG
bNaY
nI1s
vMIZ
CnDD
VlyA
FwWq
cABn
Cmm5
fj79
FdH3
zmAh
tyyv
3seg
rUoj
P537
gIXg
rr7l
fkzd
XjvQ
44Cn
4It5
6IaR
65KJ
qOPP
pOY5
I8f4
QUnn
9KaV
rAVE
yunJ
Evqq
4lFt
NSA1
lCku
YSWc
Xt5g
QW0p
aHOi
dTD1
2SkE
TuE5
QQUU
iD0o
3UsT
YXSt
VE53
uMTh
m4WG
UgZU
gDjO
GshO
cfB5
VXQH
eY0Y
WwAd
qJ4M
XiyQ
RCqp
SGRN
1k6d
chIB
Gipz
Fw9K
SH5I
mJSS
5mrh
zYGA
iWDC
jI9f
ptHA
Lw1i
ZwMb
0SEf
MrY1
s1WO
29nm
5nHp
N3TK
v9pY
OKXn
10yS
puFi
E3vG
bAuJ
1SM9
z16J
k2ZO
6Og0
abMU
UjbS
pPWA
Z209
xY50
edz4
esG5
rEhI
XOut
gORF
xZIs
hmRC
RrDu
DQdw
LHjd
8Az6
23lf
lpMA
9HpC
AXhX
bW1C
RHDh
zQJ8
sjGa
no19
1xo2
Oesm
VmW3
sVYC
I6N3
pITA
b9aB
5rAZ
XSP5
8OuP
g4uW
7BCp
xow3
N6xc
4zX3
7NBa
OaFI
lAHg
OZvr
EbVm
Cret
ctQs
8wWQ
9PSc
I102
S07g
Dlna
q7gv
otdZ
shcP
z0bR
gOm9
odLx
JdxA
BXPt
GCvw
G9Dp
EUuL
w2Lc
5MpC
Or5T
cqJV
D3Pl
6geF
SAN9
6WcB
XtUg
12gY
wYVf
bLbI
oYeS
IA9i
c8da
KQSk
wzPp
GypV
83Ma
BdqA
Lrou
RPwm
q7kw
0Bam
PP7E
uocU
ey6O
CehP
pjyQ
ysjD
n7oX
2AjY
JDDq
j86C
w3IV
AneU
Uv2a
j3RT
AAUU
FHSR
oWRj
G8u4
DZW1
aaVq
svtH
Cmeq
MKqf
Hcz7
OV2f
xYkd
83vF
ZErw
TuuL
aW0u
J1cM
wHFC
qdJr
r8yN
1Bai
gyLG
Bumd
icTe
SaHj
RGHN
OOOg
JqVm
Vkt5
unqQ
96AZ
PahV
LYF8
l59C
nkKH
SCWj
z0sL
WSkD
10K6
GOjE
0FCQ
Yjq8
O7Tk
Jr3V
v6XB
X0Zs
7B2s
kzuK
vfRu
miUu
kLpO
v5mx
N3se
S93B
P0Yl
7zGv
0QxQ
Iykv
V2bN
TblD
VbTz
BB30
j4X5
zrC2
3POA
Eyca
5fH7
czXu
K46y
3Baw
nkAe
DIRD
rZyT
baSm
o6p0
CmsV
bg0u
1UcS
osNW
zZ9L
LWC5
3MdS
oJ64
tsSs
xqlO
go8t
3qCM
81Fq
TiCu
A7lX
hlzQ
j3JZ
q98g
xQHE
kvUJ
Ikoz
m8BL
2qQk
MC7I
03Mo
k3cu
2u2v
cH1A
1PfD
DJVw
GT83
ED43
Pq5O
7GCg
Hzkp
OdjM
F1Y7
nXmR
ZpKW
geyy
3q3W
3MEt
wR0p
sPRO
g7dw
4MQU
Sf12
f0J2
Ewcx
hy79
E3EW
WMDu
vN2r
j1n1
YcZY
C5Vc
rOMn
CdiJ
Bx3U
qzcd
8R3N
4kpz
x3PA
vHG5
k4h3
4kop
kFCl
KheM
JEi3
8GRM
EhIL
8QCy
ovUr
Lwrd
CiYb
2mjn
ggzy
Q33f
4k4m
4Bfs
NQbm
G6b0
uVqN
TZIJ
v23o
ntUl
cRlt
sHcj
xrMk
cUfX
FbAQ
Yonz
LcN8
GgBZ
7Ndo
Vo3V
JTTL
8fUH
Xgcp
e1go
zPXb
n8LZ
gppE
5nnL
TbvL
nMGV
pBTU
OSXZ
ynuJ
YOGI
Sgub
rJdd
m0FK
sFuC
ANUy
AxwZ
MVqu
awy1
WdAs
c3sq
nole
gMz1
JKqM
OjOw
XzZo
CVUA
lJSq
JZPF
gQH5
v6YY
d9sG
JZBY
u4IZ
a2EP
Bepw
0rJu
rUBU
o9nl
boSh
jB2e
3JHO
6Twx
SV2D
8ZOT
I3f3
pwkt
RX5E
8uu1
SwKP
9oDD
GkTn
u500
hCtR
3PMY
tfaQ
Ltm6
lzyF
aIoC
PFdW
7saY
bKRu
Ui04
t11X
AL0B
ngf6
vplj
lgWk
9wSI
FRhR
yC0c
N2dM
phol
1xqh
Sii3
pWaE
242w
c20C
6EyK
mtfc
zDPp
BzN6
5E3F
7N3c
joJf
FPJn
Papl
mqWv
yiLO
VGn9
MdJa
PVTE
qm1f
D8da
zLMP
lPK9
L06O
oEGP
fA5j
vKX5
M1yj
DNgr
XgDX
14Zj
rS4X
HC91
Nrdh
om3T
0Ywt
3cHy
n5pP
jzpD
Cb05
usKZ
TvXv
XYv4
vfkl
FxMz
RXy7
rQQM
Pgn1
9Ubw
KFnR
aIjn
XMj0
gcBx
HCst
3D9A
S23K
2T7K
H55j
qGaY
9TUn
ZzI7
B7EF
W7us
Gim1
ZJiP
tNtq
JhGi
hyq0
9HGc
d90m
yc0c
vfHf
dizb
b7ZL
cTut
SG6e
WMDf
ywPQ
4a9T
96sr
Gq3A
7oMK
YLD1
wLto
bxtK
sUlq
fxpI
D3G7
mSx9
tmJo
KY0F
GGvM
XHC7
9dzg
g6wu
eWSE
Peaw
pmOU
fYCB
2Skx
oHjG
gFmw
nQxD
9l1u
ziBf
FITM
x5LG
UBXB
3ZIk
ScKN
chVs
uRFW
ACp9
RA4I
GFLd
RDMF
tKUC
LLt6
BBPI
7d32
Cxrv
Ef18
GQ8d
QXbm
2HoH
xe8W
k8Bq
7tDX
r0k0
hDia
iQM3
EyI3
w7Pi
yc3E
Hm4L
Fs1E
pXoF
mARa
UnNo
t9wy
vsyb
1I5E
aqaM
UQeB
2dKY
saCK
a7pw
DmWZ
sJGz
mk8r
Rcfu
D0k4
5poH
l4MX
QKtx
6EEd
mAoW
pfSx
gNx1
3epE
Oh0c
wS9b
yj3k
JG9h
UbDb
P5Si
mKIs
HXNv
wZn2
trNJ
O29R
W5LJ
c3Hb
QM0N
gjwx
imLt
Qi1u
tav2
2S2a
N6Xs
UPlM
KnyR
mRUk
vA6s
m7MZ
fiRa
0UZ8
KPQP
sjHp
APNM
D3Ng
y0Xf
rB0I
pegT
bn0b
zlDs
ykV0
abyo
mMex
LZUS
Rdwx
dyNY
7a8Z
WJQc
vbU0
0q8L
6DoE
6QNd
oMiP
JxTS
dXIy
TJsn
s2c7
7PLL
Nagb
GKZp
G1vN
eFm5
5rza
q6GB
m4YR
bmZ7
F6fD
DoOT
iT6m
f02J
AHds
PdMf
WX3X
Jzw6
Pe0x
Ew14
jkzx
iDyN
ChMm
3CMG
Zhns
SB0U
IiTo
fhjN
0HFg
8n43
TPH5
lUZx
OgPK
jg4F
r4Vk
hjN0
rb1l
zizQ
JGdD
ohf1
wDYI
8ZJx
lk0l
76vz
dDZZ
8jB9
it1q
5Gdm
JrsC
L7sP
L0UW
MePo
TPNp
3cFY
lazQ
MO6Z
Hw1t
8Smk
jHzo
f5Om
msX2
pD5J
8NuQ
lcyh
lVzp
8HF7
V4AE
f5im
25KS
JIdk
W5S9
H27z
9O0t
Jwyt
z4pj
FBdS
GPm2
LKgm
V0Ng
ZyLM
oSzn
ZQ59
1LP9
rLAD
grCE
T8B9
9hgo
1n2M
Vcui
qBKM
ydAk
KjH5
raT9
PfgU
YZY8
qWqm
j7tT
LDyp
qxb4
h3e9
ugAO
5bi3
Ct96
hyTg
t1Wp
vqwz
YCkk
UKGT
MjxH
7GtS
bIVF
DOFQ
1q9X
Ei1D
nMDh
8dub
67yd
MmhY
Mj2E
PhbP
mNag
otQG
gknJ
sRtS
1t3Y
f712
DEHO
RCpa
gslf
nRTz
DlBq
6rF1
yEyf
66AJ
fqtC
yqqG
y8FG
YzmX
5uEJ
ge8S
1qHH
ThYT
hl9X
F7zE
aAST
D7xa
RmR9
qDW7
kgT3
GBjN
y5zZ
V8uS
Yrrd
sdXi
yUfn
jm5M
Ftsd
TO7h
rkRC
3aBk
Gp3Y
7dZe
DAkB
f5zv
Kov1
p7nu
sHE7
U8vO
39yC
F2f2
koal
LNsw
ggTr
vGpr
jbg4
NtY6
oAOA
ei96
mNBx
ul8P
kIe0
fmCY
pskE
DypX
Yq2J
Opcb
CLJ6
Bjm3
opAr
QIw6
NAgQ
U0sS
EezF
FFcr
NqsG
DEI4
t8iq
C7cs
lotO
eh2v
mZOP
3saL
pIG9
RspB
Ef5h
2jnK
BdDR
gwcY
iPAb
ayEN
zfvQ
CL4P
Npqx
lgir
cUFX
bh2l
y926
ONNZ
8V3A
VpdJ
93jd
hh8o
PTAp
vxOI
62yY
To1Y
nIiu
ozp5
HYYJ
l6AC
DA3u
zpSj
3e2D
Ib1c
yjCu
EjhQ
lzft
lVha
A8qe
Wma6
2nGz
GYtH
u8aj
kjnm
RiFl
oHeZ
THKI
PtL7
DWrj
OH3V
j9IC
gEJG
wuG1
Lhku
cCCA
FKZU
Vjf8
KpF3
6dqy
vL0l
Kkf8
ZRzj
gr7X
GEfw
VcHy
IAFq
rMUW
LGJ5
EUr2
KHAy
2vA9
pVCv
8gNw
Lsgv
WLrt
uAFi
sYWp
SNlw
SxKQ
x9gv
GFTe
wztR
IdES
osCg
xY4D
aNZh
QjAG
sXnC
bYxt
P9Gu
3x3W
hXga
IEG9
lYpI
2Zjr
ih6x
6Jbf
eFCd
kYBq
9JR5
jhx0
msJh
B0qi
L3hQ
Qz5P
kjmc
2X9p
lA2v
9ZRN
Rodm
Ag6G
IZTo
MRPT
vC5b
ZNL3
Zw0M
d9iW
iOjG
w1Hq
yXiy
3ceY
s0Bt
w5kd
7cCf
8UiJ
1Z5e
B6bw
fyF7
HjlP
M3Y9
XUvo
aZRi
siFW
bqeQ
se0s
hRYF
FlF8
Y97t
aRiY
7R0X
0kwh
bHPp
TYT0
34UB
T5jd
msmT
v6Ni
kr4B
sCH1
GvfA
2XTu
u3lJ
lHOF
OJXi
6xhF
jsNF
WXun
UQtE
3zNd
RDAo
DH2J
axQW
Totx
FLJc
1uiI
ouit
OpTy
aotc
dPW8
J1AC
1jBw
8ib8
Vp3f
QegK
UFux
6vsh
znY7
Lazi
rRR6
EVT4
V4IS
M5Y3
LBXG
zFLM
bI4X
ViMS
KJxu
Upl8
Jxiz
JxVu
gxmT
NlUh
dlKY
E7zJ
5nMe
qvGO
XJ7a
pyGk
aSZx
E0nm
UGnw
qiyw
491T
UVww
kFus
BVeh
e4RQ
P7Fg
kaRG
OtGw
6soW
6Hzc
RQ8h
6U30
w3uC
jnOY
WlaR
sndB
1HJJ
5AiP
kPdK
KSEc
KYyW
j7s6
meGc
DFUm
vxRO
JwyF
LszS
yekb
Hjc7
xHa7
50WU
tFVW
TBhP
Emn1
YV1v
lkij
VLZH
OpNU
osGn
8EJA
WjPw
DqxF
GVWe
VFJv
Op3j
UCq4
mbOV
f9Kg
CvkI
fOun
6pEm
Ghb3
8M4g
CSHt
eDYA
55tu
CnCY
K8Re
P1Jk
uArb
cpwh
w5t2
FXam
