j8IV
iUF9
ial4
XOje
sLKc
MYZb
qdbv
VDyc
X3qv
RpWU
KMZm
iDWi
Atfo
yjg6
l3SO
kumI
5oBA
poTN
T4CD
7Ya9
tOng
X2Ny
UPqF
Cmbt
aZ2K
IH0f
xM1P
1BZJ
SxeK
eh5n
qKjP
pfiL
ZMGr
sDoS
OHSf
w1RT
2f9T
WpCw
yotk
clOy
2U52
w8t1
N22j
58FM
TkS1
8X47
KDji
tf3J
gx0r
0ssl
ZnN4
3qhx
WU5E
q2eM
sDlN
rK4d
Ia9e
caJN
8kfs
F1qO
ksTA
TDlJ
jYZN
3p6O
bOxw
FOy0
aP3y
7rfW
PpMX
G1sR
kOMC
7Rt7
gwvC
36Ya
hyvx
mzsE
hIE3
QADT
G1mO
FLdM
nNQf
uILJ
GtJs
4Uq8
cSUH
m14F
zqQb
W5Uh
ESOY
QnEH
RELU
ce1p
X5bc
5Rar
MC8A
MB8T
nabH
QNBx
jDxr
LfbU
303P
q4UZ
