51419 
85859 
73243 
24837 
68011 
11365 
68317 
56710 
93444 
29213 
26312 
55199 
34239 
14690 
103786 
76299 
50361 
101975 
67500 
47346 
58375 
68794 
89652 
47926 
43883 
36136 
79559 
38886 
12493 
89067 
64490 
92369 
77718 
32215 
15509 
53800 
51024 
66480 
33962 
94357 
7136 
77483 
41671 
18420 
72520 
97044 
4009 
13648 
38845 
23296 
11931 
69500 
104532 
82670 
98592 
9517 
12030 
71439 
54793 
88934 
80790 
80829 
10134 
16258 
40496 
65495 
50745 
102962 
31698 
81400 
106856 
13832 
74073 
96265 
88311 
73027 
82291 
11139 
29469 
31518 
80088 
70099 
94211 
31342 
83124 
4288 
74885 
27262 
1793 
74916 
25954 
64358 
18855 
62419 
12448 
53793 
91418 
26872 
64913 
