GHwk4X3D
lvEyMRqx
DWdWiHCV
WgQzcn1i
wIfuzUX8
aXqwXbTJ
ghesNvQt
c3Gn5RrF
6_b8FA1T
IrRNFTAh
PUkNlkKe
MUbASluL
RNMFTcMW
NR70zvJP
42Yk6cvo
DB6LuFm2
0dsXjfMY
qoH2W2Qc
TmxRMe1e
d9KgOl_P
q9DDXghf
VF7LA8sh
LhRSguNI
ZXH0dOet
IsLxEQJf
gWZnc1GN
h5gjfdKa
_Fr5Ks60
f_h2uYjc
ASiUmc_f
ni0aVoUl
Hi5OLTR9
yqUgwES4
2eMnOqmN
EzXXp6V4
hoLGZWTY
x8vX6Epb
08mluWgM
m9nmxdjd
kc6icSXA
VgKaVXNP
CCw3ilgP
SY7WRDiS
9e6k5idC
6I28XKAK
mHKC8IYs
pyVrWSie
fOlk7kTb
8_RpedQz
6yQ4PJEt
zWfpchIV
tmMbstt0
qM5ibEKp
m3P9EQVY
mr4TOV0p
P4m6qPuM
O8SU0AG1
r7no3O5K
EFP_6hDC
JBFGGEja
ZEy82D6g
RiILJzr_
3JWmsNvW
axKylcw8
risAjlz2
durnfllG
DU0PDSAd
OpXSJgTr
sUQD_L5e
pAGs_tHf
Y7g7sfnS
Jz0cIDjL
Nyhj_QHG
QnCmythj
bHVldS_l
yt1J7y4A
He81ixxF
Ez5aUzbJ
WddvenwW
IIsP8SMs
KD6beaHi
W3IeCRxB
5bubqiLe
0_OcUX73
tXvjgu2C
CPO99s4C
I1NMYWXq
4KzNTFJx
PoLOlbNB
JwLF0OOO
pfpjSBNm
6DTUhMH_
W5S2Lp7X
l6NPbEF3
Lgd6gfEc
btpjxywn
M5jE01Fv
7nI9ZYTv
PwWp_8Fc
viDsPkmp
5r9iOrhw
WWjNpWRZ
ulvyo7j7
_xLoIp7t
Kf9E6kn6
7mmCawfu
qy4DwXsa
6Xhl1IwM
h_JhdMiW
qjZs1JBp
YqWOhx9v
FRgzTsRE
7KMMjdxZ
DJuq0XKz
oVmOxuLR
SSqRrpE0
3n50SISY
3KauY4nb
1DtWx1I5
zYFZYLjP
Eau66Jzl
ZG48IGIM
ifsu3_hd
sAmn8w0k
LfUVbGuA
e1yYPpC9
6oq0X_Su
cMs5JUmF
jAbJhm4P
PLwBeEty
SCLnWf1f
SQ2kCb7D
XyxuUyD2
RGz0pMaQ
WSdWFVkr
QkVN6CUA
vxe3os5G
w6zBm3Ie
xfBK2D4E
ZCZ7LXP7
qslumWgu
3ig1kJJv
XhYTg55I
UAzG0G6a
a2UKglUv
PWR1FYcC
cBVpuo54
DVkYPw3V
_c99WLns
9yNKSCrT
dKWM1uyD
KwMRbA6n
yJbqz5x6
Ao5fan9j
XBaxnWWZ
