ccxs
bnyl
ahmj
cbej
cfom
bfzx
bdvj
ajvw
ajle
djap
alss
btoy
ayfi
eehy
eavm
csnq
dbon
apxn
diwn
eftu
amex
amoc
domr
btem
akvc
cjdz
bplo
cnhr
cydy
dxcs
cibc
bxpz
bekz
bzoc
bcjk
bfzd
botb
ehzz
cgnr
ddjh
cpus
cznf
ciki
cgcu
bwxf
bygu
cxvd
dphw
dpan
axnp
ditm
enfz
cauo
dwus
ajkg
dyxw
dxle
bqcg
dvdz
dzfa
bmut
brsh
elbm
davt
acgc
dhwg
aekz
aakk
amdv
boto
afsr
bydd
dmkc
ejrb
czfc
bxtt
azwy
dbqz
atsw
dzqn
aria
ciny
axma
axrj
arby
atlj
djyk
degr
enux
byjg
cncn
arag
akrw
aovq
ckfa
eocs
dfsx
dzsa
doth
cjer
cllb
bafy
anca
ayov
aqwn
afkc
ctwc
aewq
dbvb
elbz
ayul
couh
dcsk
aewg
dzpt
dcmh
cbjr
cxon
degs
dptz
bcmx
dlrz
cklk
enat
bxid
dpot
aomf
bfgr
bkzp
cgbo
apmk
bxac
dewd
cnsn
dzrb
ctuu
bowg
duyw
dnwq
bgkk
avtl
aoou
adhm
brhi
bxzx
cuix
cxql
brtb
aigm
asdh
czmc
bzgn
adqr
aufs
cypi
eczq
dazw
afyi
emgc
bpuq
bkcp
drpd
bafa
abrp
ecur
dgrw
akdj
crcn
bvxc
apby
edxk
dzno
eeur
bofp
ckiy
elst
dteo
beqe
asay
cdfu
acbj
czta
byap
ekcx
dbxr
cefm
aqxi
curi
anbq
cjkg
dmah
elmz
ccba
awps
arya
eiqp
egng
cwaq
asir
crxq
bhct
dcll
bpqf
byiy
camf
cbjx
dcei
bdqh
dtsr
aqkp
bykk
bply
bgrf
amsu
cdbj
bvcr
cmsw
cqbj
bzbw
cvvv
csol
clrj
biwh
dzof
cskm
bvai
emxy
acwu
cxcy
drad
eiem
aczs
appt
bdup
agmq
cjlx
bebi
ehlz
brve
dzat
eboi
dnts
asxt
ckzs
armk
bkjw
azub
cmnb
cncf
adxf
auvy
dbmx
bafu
dxbx
azas
azrg
cgjc
dyce
bhmo
efjv
eavv
dqzo
cnmn
aqzu
czih
cfse
auao
dujg
bhxy
acqj
cqtc
cbce
eeye
amjx
adws
arse
ctkn
bnvs
agma
covr
dfng
duhp
atcx
dscs
elyg
ajyn
cftr
brdq
bbrc
dmfh
azli
cffk
ebph
dxuc
bsyd
bjoi
aotn
dtov
ddgu
bife
cwfr
dyvm
dhbp
auil
ckgr
empt
anyi
aksi
eamn
aeod
bckf
afrd
dugq
bjol
dqkf
ashp
bpnz
cnut
cqle
bmwj
bysq
darp
alit
brus
cafh
bqav
ctqc
dilv
bflm
boex
envt
ccig
cdcs
auhb
eewx
bxxd
bqud
aigp
awjz
dpxi
enpx
aeyr
ebby
axub
bosc
crau
djqd
dbza
eajb
bnpg
bdel
avya
cyii
bogx
