S7R476E4W347
Y0T871M4Y905
B8P961L6O267
H0L706T4M839
G2E161M1A226
H5C441J1O164
A9H115X8E225
N4U751L9M229
S5Q463B1W390
F1C758A3T309
E3H481D7W994
I9S218F7O608
U7B988C5N773
N6D841I8T608
S6M852X9J379
F9X506B6Z000
O1M538O9C972
D0C355A7H011
S7T558U6S382
J9A596G1T201
P0Y475Z7Y245
Q1C179H1C044
G7G897F4V404
D6P799P8Z869
J7K242V9E105
Z2M998P8F813
N2Z723L0X168
V6E020T0U704
N9W013R9P597
S6O660Z6S649
B1K257U7S003
O8Z819Z0S040
F1W797A3S161
W6V231S6G428
X9R315C9P719
M8Z467M9R374
F0P939Y5G372
U8A856V7P658
M8J939B7U039
G8B727Z3Q983
D7O070S9H666
I7Q514K3U117
E1H358I0X196
R4O659I0X151
U9S636T1R028
R5X601S9O782
B9R019E7D720
P1Q356X9L899
W6L568K9V990
G0B691R4J876
W3I879L4B369
M2X407S0X715
Q7K878J7V111
S7M235F9Y695
X8J570A5E032
T1J044V1Y334
J3Z601T7B879
H6S667Z9W317
W5G519F6H270
Y1C138K4S471
S0L195Q6C784
I2B908L4L576
L0Z270I4X974
R8W974Q4C344
I0O280F4U140
S3C726V6B629
U1B003X6S702
E7K582Z4F424
S5S157K8C401
Y7T227R7C162
P0W677F0O494
O6X854M3U570
Q8C928P7G843
U9V806E9W312
V6Y483A4T059
G3L931L7I155
O0Z317Z1O529
X0N620K1E579
U8Q527T5R037
H8L433N4Q990
M8P460I5W210
C8H761C4N961
S6Q887Q3X469
E0G687X7F359
T8V715H2H167
U6T053U5A847
M7K243G4V952
H1F999G1F342
O1D206U1F201
Q4A628R5A519
J0I591F5I916
F6J329O4O324
J4D269Q3L981
N7F111Q7C445
T4K048Z7L296
O7B146U4C250
H3M181M0D344
K1U511R9T932
O8O438H5F757
E7X672F6Q146
F5N191K8W947
M9F831S1W780
O3O370X6Q249
B8V800A9N398
L1C736B0K395
J9U851R6D258
V1U521F2S653
F3O481Y3F515
L1B400P2T542
I7E344J0Z478
A2S981Z5M826
L8L506N4G339
H3H219C9Q712
J2M451K4X852
T5E257C7O142
W8V545K2S633
H5Z721D9P296
J8V353P2R977
O9R597F0U928
N4L133P6B799
F5O513D8J849
Y5J349J3D234
O6H349B7J106
H9O932A7L736
K5N560G3B155
N7T291C6X912
T0W006F2Z438
T8K724I3X964
C3W325Q0D199
Y8P867V7C268
A7Q277R9O414
M8E155K0S392
L8Z975V5L064
B9D787P8P865
B6H989F7S333
B2A197F6W847
U1J931X7W303
L6U144N8B800
L2P635O2B614
X8A549E0O435
E9Y294Q7R346
O5D048M0N849
D5Z550W0P399
L7F864U2E275
K6S151H9N325
W0C228C6Q554
Z2I486V1I517
