6601
4101
3101
3501
9601
7501
1201
3001
201
2701
1101
9001
3601
3901
3401
6102
2902
901
6101
2802
1102
1901
4001
3003
5901
2201
4102
401
9502
6302
4802
1802
1401
5502
4901
8801
5903
3201
8901
2202
3203
8101
5503
2702
7804
3502
7601
3202
7003
8701
1903
8303
603
2903
9503
8601
3503
5801
8401
2801
6203
7102
702
3404
9002
4903
102
601
803
2406
2103
1805
1502
7904
301
6502
9302
3903
3305
2503
9705
9401
7304
2705
6704
5101
2805
5305
3306
6303
5904
1604
9207
8407
9206
5602
4502
504
2601
4906
9305
805
6506
1803
2001
4801
7105
9007
7504
5705
2401
606
405
4401
5208
9202
2908
3205
5203
1108
3301
7002
3701
7207
9306
2806
6801
2808
8003
8704
3702
3004
6304
9004
801
8104
3506
8206
1303
7801
3005
4004
3607
9105
2809
6105
4407
7204
2306
2803
9905
6911
6807
9607
8005
1205
5202
6810
2906
3707
3105
5803
2709
3006
9406
3408
8009
1906
9909
1603
508
1705
8906
5908
5
6104
2706
7605
6607
1811
104
9005
5703
8305
1807
208
3212
8411
4803
6608
9404
6308
110
3801
2106
8903
1812
6108
5110
7409
3904
2511
6606
8505
2912
6407
4105
3407
2207
1003
7604
8412
8110
1311
2109
5506
3803
1213
1614
1411
1010
1613
4604
5403
7402
7203
7515
4710
9906
4215
305
8406
6708
205
9405
1210
7715
6802
3008
6706
8506
9111
303
1910
214
808
8105
6714
8609
3509
8905
2907
9915
2113
1215
6514
7412
9415
2815
105
6614
610
7309
9709
7509
5810
604
3812
2707
1015
9115
8910
9013
4111
7905
316
9418
6414
8702
6915
8212
7813
107
412
2516
5020
4507
708
7106
7917
6703
4218
6701
6603
6114
1506
7702
7113
3718
2716
6517
2614
3817
9214
8409
7809
6813
1820
213
17
9011
403
2003
8021
9316
7321
4505
