DSXJIEG3
5KD18ARH
U5RB6UCS
WQIVNJW8
1SNAIEOP
K6NIZCH8
CS4UPASB
RDY737VC
27BI53CX
LZDAKPFU
O6QA0A13
6P7AM97L
62385NT5
I9UXUVHF
YANA8RF8
EVERYTHING
FDMKJ37L
EDGR8JZE
VJS38VFC
Y9A9SW45
4L053H3I
CF6NBZNZ
BBTYWGQW
NSCYK51M
A1TXLBR3
8IE9E0WU
BQYG544A
QM5U4694
2WR5OLR3
UH60NDQ2
KY1YV1U3
SVRUCL4G
QL2XYDV4
KYUX2MQX
4991JZBV
KCPUPPJW
NU6OUPI8
6ENXW3NY
6G25VZCU
FU675JT5
DE7QTT8N
MA6B5O84
Z8HO4HJL
CMSSSKVU
086G8HSX
LAKVRF9J
14J0JV8F
MSMD33RT
Q530UKHC
DRU6XDGR
XALTWVKO
L8HHBUGM
CAWLJ4HZ
206CKX13
JKZ8J6KY
O9C74TEO
RRQV94WC
I7IERMB9
7FBM9ZQB
O94CG0GL
VL0HYPJU
HBGRDD3N
1XCTPXRT
JY2FMWN7
HYOKJ9FL
UNDEUJ4P
WKG1J6J6
2OOLKQ4M
ZM1S0MBZ
9NRJO9Y0
3J2OZYPV
LMC2DMTQ
JJ7TMZHV
I7OSQFJT
UVAHH2XO
98C6PEYB
XT7HI24H
F7WRLCP1
9G478YE0
EJI09VQ0
SJE8Y35I
156WPPOD
2KBLBO9M
NAY991IO
4K5B6PYW
HS8OJ7GP
PIBCBJH3
L2JQLWMO
3PP2Y08O
A1V9ARM4
E4RHCS8D
719T8RIF
VNHHVYWF
UX4JNVB0
C7IQEUOU
AADVNVL2
O0VU8K30
T3GSD0G4
V556XVAX
MOC83BX7
RKBDMOO1
XSFS88EN
YT0K3D0L
08I5Q9OW
VVELDRIB
QS7AD0J1
P87JBFGN
U16VVGR6
VJW0D9KX
K4ZT1ZRT
F1QMUI7N
C0Z5WWNQ
KHX9Z5P8
T66ZQVKY
8Q0UN3OR
X2C913EC
Y7FUOWTV
CHSKE4XL
V941WDI6
8TWRKZKU
DZVP653G
PIQ8G07B
6ZWT9Z2T
ECKQKEIJ
UMS96S5U
PK1LTGUN
UTN7S5W9
SPJL0PWF
B56031W6
XSWUKK5U
0B3BCOTT
XO48DQM0
JQQHEGM2
NNY0Z8YO
R2MRSV09
2MB046O6
3JC3BASH
NXBKBL66
QRME60V1
07IE0UAF
0PI8AFSA
XA5UUET9
H08NU7AD
BQAWQJID
3APOCLYA
MVIQ9H1W
G56D17KY
FHOFCLJ5
Z4929P09
P5DIQFAD
Y4ZOMJE6
0ZAAITT2
OZIOGLK1
JI2J9AOL
GJ2WVSRN
F0EBKSR4
U7DLBUEU
125DNAWB
OZAPXI99
PNCOI560
INJDO4S9
UVYASJMO
ONG95QEM
589L2IJU
ZQSMKUNI
94GR1E3U
JHFL7ST1
V2460C82
52SLM0BW
REM4C4LP
OIUDYK20
00RS4PB8
HDIE0SML
UYHN0C2V
YMG6NP6R
DBGQAW96
MS7G1OUG
TQUCOFTX
2QH4LQDQ
TXVNGN44
RZVZOJX4
QJVQ0U24
23JUMZDK
OYVTH24F
M25RXY3F
RBAIQ2OX
QH4PZ4Q2
RZ1UYYJ7
QR6X43G0
S351VF8V
OW2FQOBW
3XX4QZQ4
UKN98UX8
91WDQ019
BHWXQ5I8
BZZH9R8M
PV03CYZR
HQX2BSOO
5BOLRUF7
MK16GYM7
KPIWJXYQ
ETEBEXER
AGYRJWX5
WIFZ6VNV
WVYYDL6V
AF8Y885T
X19DVB51
SMOT38IW
9UHOFNCM
8ZZDXFGI
FSSY8VDT
N6V8LSGJ
ODBYHIAQ
1B2YYPC7
HN5JMTIS
KNRT014A
GSJ8ZXAZ
NPFPI50G
XTBXLBF9
HKMBASQY
QGYYZVWN
XIGBPXZU
WSWI97CH
O9S3RXZF
G896J6UE
FQLT6MAQ
YF2L51KC
V6T05M51
C0SNKDWF
FLKF3WU2
N0JCU2NG
A9Y2SFYU
D6VWS887
IZ48QID3
VTC4MGTY
XAA0O4NP
XXEDL7KY
UHAJ45B2
HX3SAVRC
MLPJVYV9
UYY9ZZCS
7U7899FR
G7WPMLKC
Z00Z15UD
1WVQ1L5I
V9RIG7GK
XUTIPS4K
50NKQTIT
7WT2I8L7
U6A6TIER
PX7BNI16
DYNGZO1R
QDM3M9Z0
9JR5R4BI
2U7RZAEC
XDBCSTKH
KS1XAB2J
UL3Y7ADI
FN6N46ZB
848UGX1F
H8FFBS6Z
S45B5A45
JMMZKLFL
NOTL7LJW
NUS9D3JL
PCVD466O
AXADX898
56CN5PBX
I3H9E7NJ
KNI05L38
TKXRWDS6
3BLPR30I
P8B7OWFG
C1CS9N38
FH6ZOLCV
TWK2YMHO
RDIWM6P9
YVRQYGQS
9VZGESMU
LCD5IZY4
HBTE5JBM
CSPSHC8P
6JK7KEVE
O4ETMAT2
ESN7Z578
AM5MSC45
OSKZP3AF
5CV28JJT
9MBJL08L
77WB538H
X6WAZO1H
65D6CMIV
9GUBPC30
V2KUG1MJ
QH4SST7Y
OFMSM5F9
C6NFPRYI
KC86UOY4
7VRUDWCX
OVIAK570
UWM2A4W8
49XDAZ26
2N1TVVCY
29XP36LL
W8D0BLYP
DZ23NJKC
8ZW0L4FC
Y052OJCT
16IFJUS7
PRUHGD8B
XJMMO787
8B725I9G
HN1RE9NA
0ZOTUPUH
OSQEG3B6
QX7SF5D6
P77342YX
AYM06ITL
H7WXS70I
7OPQ34JT
O4PFSW9E
JXAK1COL
QW3YSNUD
CRV6CA18
5GKZ2WLA
WEPE7JJJ
QHRA454Q
OJJFQVHJ
9DWWDLDC
S35IRF4N
PI431GNW
G0K9BM25
3P53SKVP
UOCKKGTF
4DATF4PR
VYUTCUL0
QY0XE8NU
SKONJBBN
GMOU90X3
HBG3OKEW
QRTDWPNF
L5VWBWWL
37BYQ50S
NO5OYNV6
33D83KIX
WR7D73F1
RZKRGAIT
U0VAKSV2
677OIFSA
R0HSDQIG
5XW43HGG
J2SVJTZJ
258DFHC3
S9DMZ67N
1NTPS8OR
MBYZW0JK
ZJ34SQX9
1YD6PKDH
0SFTZ1B7
GDWAKZ9V
S37X1F6P
L10YG6AY
PD1BPPFF
Y23AJM58
P20Z6VEO
5Q8F84QK
JJ7ACWCY
SV74KX7O
AMKSX3AN
HKQ7LAXN
8TJG16Y1
K5PYXWTV
XSDFZ2AW
0V27WREO
Y17WVOML
UILO63VW
29K94QAR
DQHOKNX8
A4GIA14X
150VT1D7
Q19MI3EK
COXRS3VO
VQPMBXUR
2VNQ726X
795P3QJN
Q0JWWVZ1
9OOUHOA8
A779EYK2
3ESJ1F3C
XD2JT39L
W4IJW4AD
XQN0CSC8
BW1ANQMW
PVCNAL6I
7ZJSBPC5
HN7VKXVR
95V1CVPI
81TJJRVT
UKAA18JY
T2E4GKCG
PAFRR6UJ
WZA2LBL7
0BJRNSYE
H7Y8B0OZ
AP8BY61X
ZS0PB3PD
LSK4LW7V
PB5N49H9
YNSEKVNR
G7JEYORE
IFU15E2S
SLN955EH
6GFCUHDW
V5UQD1EQ
5FWQ2S9Z
0YZZ5OD4
H0O6IIP2
N1V5R2TX
G8T2XT95
FRMUWZV9
68EX1XAB
BM5XN7L2
30R4IIGZ
6Z95UQ7G
95RGK40P
D6FRON27
NZBDNK0V
0L69LX8I
0ZUBXOE3
HSA71B1L
AU9LA0GR
0M6H3KSD
RP08ZTKW
V8FU6HVC
7QP9DG56
KTST9M0C
I5H4WON3
Q8P11ZXH
7OWWISDB
DZRR6TYX
K0QF2L2J
4O1NYXDV
LVJB8FG1
9LXYN3YR
IBOKA4J6
3RZYYK1C
7T0MRQ5W
J2LTSYPG
O4BZIODF
17VWL61W
570A5MQJ
C54E9D7P
7ZMDT46F
VDLB2UOE
IZN0OJOO
KZ2TR6HW
FKQIFMUX
VJMVPJMM
VBFLJ2BY
M65B8TU6
KSK7B2VZ
H121RVTD
K4P61S41
