18595
48061
87772
47852
48982
10799
52761
36460
49311
46140
67755
61567
83403
61026
37393
34661
89105
19078
92734
83585
2447
96804
31913
40144
42672
38337
80380
55424
23444
41726
78239
81739
21815
73740
51434
64231
59463
61514
12444
23450
74373
71497
61639
95631
59584
24417
38846
48142
97095
77488
53558
10834
58426
19275
62997
39454
73668
59353
63455
83593
30881
29397
73604
91233
87673
22628
28732
67777
44793
94855
55489
49622
6909
79978
94462
43785
66065
77075
55022
45660
30570
79878
21904
92764
5954
30795
58361
2548
26501
68349
3648
3358
45843
5478
39055
96068
37853
80580
20943
7486
63885
69095
51687
28633
8022
45050
70227
20678
12381
28878
35606
82027
2708
24856
69178
26042
19897
22094
76727
33491
3453
59122
40536
19918
53100
94803
81340
94379
31169
21758
61668
49818
71880
17544
73705
66969
37055
13500
44162
63541
52428
13234
32923
69887
72034
72075
75608
74125
96146
88350
52091
94284
18100
51979
79086
64756
70776
12051
40143
26969
95305
43919
31133
582
14238
42664
30756
66178
77988
39663
28242
91901
10199
94389
44693
33657
19139
19364
48277
65868
18235
58801
27554
77666
59429
56373
96176
75823
88989
7842
54120
88686
51765
18959
56346
4318
67469
40714
66772
96128
12101
78535
69614
76683
23596
57567
97235
22265
478
79180
39029
4890
82653
86264
50367
88036
66459
24076
48349
75895
47976
96317
15154
57418
67504
77351
17772
69046
34566
58628
21426
35304
82333
43128
3492
84397
10396
22796
37756
74055
86583
16654
77331
28696
101
82760
98029
50593
79554
36071
17394
54210
16116
64531
84835
31373
34202
37018
91893
814
68112
80433
36884
61983
77508
61090
69389
40033
47469
16355
61343
10338
23953
42962
30923
52742
94234
29147
25073
44344
81279
37945
3324
89178
55853
61607
51267
21269
97270
80772
40263
31394
76220
8877
47552
63491
12507
47286
96782
85711
45915
81795
67912
30314
62587
23048
54300
77245
27274
22538
58608
54733
65126
1386
94438
18120
25729
9586
1146
