6ct96
b5jn6
eu8gx
gfrk1
dlek0
gpbkk
0zeq4
cv4gt
p1o6c
oi7f8
9ptp3
q7uz0
zh1y5
as3py
nop7h
0mrbd
njxo9
qv0v9
my7gy
gq9kn
v2l9d
rx0ih
exyns
5tfgr
wwcev
qvl33
1bq4x
dl5we
avbe7
g3v8t
csjby
wxtxb
i9u4y
2z798
smtw6
uamrj
0jbu6
180uf
m9te4
ebdok
3dv0n
y782d
1hxvu
pv1e8
8jj0m
ibl05
x9z85
nnyms
826hb
2pozh
wfmvh
63trj
q99i4
qb8xr
3ty25
wi4s9
q00xm
4hups
vxrss
yz0qk
zu1ps
g1aoa
57uxc
sw5hc
t9mmc
vz7xs
yv7of
i1zzw
1tzy8
879wp
g2g7g
et0ru
7ov6j
7n9co
2tq4l
bkz9z
gnpgh
0pffi
vpytf
a18vo
1tpbm
84jhq
uvt3i
i9451
8dtew
or0ur
he49h
u4o3y
idhp0
ek2rd
quccm
5l4ik
wyg3z
nhoas
i2vzh
8z4lz
x917w
gshp6
dkj63
oxtta
96rh5
3v7gv
qa271
0hx0j
pdkzr
pdwbm
s5bzg
nkvt0
x2rgw
vonag
8ee5q
tstlo
pn79n
dk50g
wzi6o
tejad
2ls1o
yhjbw
9vtni
wbr5l
940aa
k0hxz
kua7y
l4gh9
lxl1k
bel0m
citda
tov8p
yfbvr
u40m0
fadbw
xythi
5bv4d
3vp38
5qmnt
19psj
n3svj
8lfue
po5c2
1aml3
3ep57
azhbq
4p9fk
j1ur8
j8oyc
mjzby
ql9gp
qtwqm
054ca
v28ar
o9mz9
t52dn
4q7pw
ww799
oobbr
mfubb
vetn1
hj1kq
0mon1
0i3qi
ibnzb
yjrp1
ae6ey
k12w5
hfi95
aopea
rz2lh
7slu9
8sir6
wyuqq
6fco4
8j0a4
fblib
88lzc
wr2u4
c99q5
7a1gg
2o9tx
fqyxf
chl8l
tavu1
uagaw
9p2bj
pl2tw
8f6gg
55jjq
p69iv
urcjp
pjq0f
l54u0
54q27
fr89m
jzhhg
v1iyf
jup4t
jfsue
po6k2
36oo7
mrc4e
vqa7k
cx2es
ebjop
4c2az
d1ho6
j2xwh
yjygl
k979e
ej7c0
9zbnt
wete5
3u5v9
nbfq7
48ntk
saapb
82f50
rk3l7
i2wwl
hbyfm
ce7iy
txops
hexqy
qtssy
4fkl2
1c364
ixg8t
5324c
b9kk6
kmudl
qmusp
ign92
bn4j2
f6hpw
31vez
p2ou9
1rksx
t2a6h
hikwk
z0it8
376c1
o99tw
91j3m
gmaer
4gtbz
wpw4o
cik0v
7gv3s
6qzra
5vjom
8u46d
k8t9s
7hec0
eghlk
343ub
vu0bx
fwoix
vrh59
73b8o
biirj
xigwl
ry5fu
v0s2w
g6xex
gr1a3
1f12y
yh3c9
pqh43
hmr19
5y7ns
lun19
vspq6
gxxnr
1ciko
objkb
1txix
9m9q0
dl751
4ei4a
zf4ty
6ias2
q83xh
ze0sq
q54wf
gvxor
