53472
83874
16852
20991
18896
51764
68268
11098
20338
3550
82302
2051
1833
1126
20316
42309
75208
3623
29191
8460
57397
47286
65502
21903
42990
58192
68354
22655
88525
90018
90959
15181
50788
55482
67610
25336
50836
79772
1649
52312
85123
38809
69236
23144
63826
105610
90699
1080
54780
56211
103642
36415
40477
63853
67987
46995
41952
14657
98859
84038
94284
68176
26993
5785
76443
100180
93153
40484
71238
40808
69430
9617
17516
94859
3951
27674
39659
99731
31766
49401
97236
71406
37304
95680
55659
74305
44930
11527
80973
37885
104168
75234
85708
68423
35367
44293
60455
46153
91895
73720
53806
38757
84631
100592
7894
46468
35634
89588
73982
61964
99442
55950
9031
87676
109461
16003
87179
50159
23294
90631
49195
70443
100371
31881
12940
30807
43165
90048
98800
28361
39874
63045
57700
101305
107002
28369
94715
58150
85140
27598
25045
24166
68399
25120
100628
82131
2662
51482
86689
87883
56026
74924
43172
98888
23122
80286
81999
101221
78957
48508
69048
80033
15286
99020
15600
10589
106232
64585
10995
87754
21335
82076
68363
87912
84589
54612
43771
36816
58109
60433
94359
87573
102290
48949
8579
50655
33673
21308
80272
90141
48332
71377
40033
36408
70391
53935
61250
57538
108720
95638
107646
79496
1520
14929
79367
681
16722
70724
33922
67739
49862
17798
34980
109534
86209
15335
33149
55955
77398
17175
13666
35269
91022
19753
4566
57176
49582
32419
65080
90257
68168
49387
27621
85933
82968
58024
45228
83939
56943
509
96853
86882
14292
4310
6811
57426
1868
8066
47322
60646
38057
38901
4293
62612
2501
57619
86212
103463
56325
78901
9763
99227
62294
10552
46535
77745
92828
66894
88885
16819
43599
111671
27434
83452
105371
13511
49917
36843
18939
13062
23250
71711
95100
64270
101644
96894
86582
9333
22341
33013
74511
37981
50729
11506
103050
7041
104618
13602
50311
108074
26344
104428
71606
59234
50786
41885
47650
64633
53936
70123
32310
11002
38142
95931
51491
73154
102710
97959
97319
30285
1052
8720
73890
100661
56501
1888
48941
44434
89739
29459
14091
14804
59682
82322
18180
14651
72788
40779
1546
23935
20711
24842
50072
59916
54269
41526
14423
81349
82066
66022
4555
78823
103268
35242
43702
102711
18586
92097
3158
12905
3259
17954
56614
100935
7208
16390
33212
49376
40969
344
21637
61268
50793
79898
43543
66623
56428
37451
32542
89917
35622
39820
16260
91493
65943
7400
11832
104714
61303
43454
74069
75165
7077
29055
84184
63618
92585
88003
8956
67346
90297
8003
5642
97219
51953
100555
15113
5896
6643
102773
53541
36095
18031
17534
60242
103917
21733
45533
7517
38520
9529
89128
108088
93981
77306
82074
96017
95066
91820
47744
97526
73136
40507
37747
89795
95498
103895
42661
72102
37681
102491
32346
28329
60898
68579
81862
107212
78304
104684
47113
40130
2469
52924
41590
87437
91951
9410
91651
62677
100543
55700
42706
104470
4442
7095
96178
54761
16092
55744
47343
70147
1107
60630
95548
18241
83109
22971
20718
56424
58293
101200
8293
106799
90757
32749
88452
102659
73664
20553
52401
76717
44671
31264
55675
28944
33203
9995
57187
34395
11552
78042
93875
27526
83365
13660
64079
107549
23520
32153
98550
3634
84297
108034
76437
3938
101899
78213
39691
58801
33523
73288
8398
51843
82445
29764
85739
42154
107565
85024
91708
83008
26513
40009
63025
84899
44454
54399
19537
59886
20165
9914
76139
89584
28052
47395
57745
15460
53457
82783
42991
4950
85952
45024
76685
49703
51883
9173
47901
27182
58755
101011
38248
20807
26356
97985
23373
71957
40300
77641
61372
67622
110185
39619
79072
57006
19184
22212
18336
53224
74752
31596
15221
43705
48275
93378
38340
82847
58195
31702
24611
106614
24904
94361
64756
73143
45865
62156
41102
48713
61345
66555
27216
93452
16105
43298
23931
104766
84848
27986
19580
42912
99815
16064
33767
27107
37933
20584
102396
16665
80832
95003
91569
47862
97090
84860
103437
49941
57823
71060
108712
93751
58568
28934
106978
45077
48647
58684
26311
105784
27218
89415
34418
27396
15146
11047
19326
10538
96656
27950
27009
93128
59360
49422
41488
21817
54647
99148
4531
50977
75228
44662
96847
64040
18099
66771
19056
17181
38641
111374
9740
312
32283
68842
10506
8749
2774
108512
369
45801
101766
8393
107723
7138
28463
70304
31261
29366
111605
64060
85980
39058
16015
79516
20361
6321
12051
20692
63352
53022
79889
111895
87641
109809
106291
39411
17839
38399
76068
47865
105691
19667
31294
18065
5609
11974
83039
101835
23440
31182
106341
89261
79423
47102
46021
56827
23323
42631
83767
86369
60207
56675
39789
22688
23439
23571
54158
65352
103444
16873
87831
94575
107275
110575
52583
40497
56702
89534
75656
8019
34301
23832
11267
65161
38999
31568
107329
95313
570
89450
97008
19732
35142
79091
45645
19722
54581
46543
86487
47209
29602
65414
102809
13496
677
74443
25078
6105
63275
29405
88226
45729
72179
49970
21578
83769
53548
51878
106112
107582
9230
14770
35294
94423
63658
36542
107273
2228
14841
20441
86289
9543
26097
76608
98832
60868
70680
98963
78593
14448
40726
41483
88576
58458
58779
5621
10504
74796
82728
65073
97388
37994
46368
74118
55501
10096
60351
110858
89498
49527
57021
42584
19157
43021
9276
66172
53051
103622
54602
38045
33886
27876
78210
43416
47494
45483
102642
66335
4770
91283
75889
67501
84751
107906
18796
46442
20067
12297
88093
90495
19264
10970
6793
67266
76087
9621
104575
43516
85078
80782
57386
53287
74047
94886
26912
8813
44935
37874
102332
92304
11801
59902
19110
87902
21852
110191
59441
54900
41505
94320
51195
11542
103349
74055
68371
66597
111299
3991
46424
63821
17607
76899
16171
6822
30958
95328
104805
68569
46576
84685
26282
82731
2832
86009
52945
87608
29344
16971
7611
71772
11428
26866
20284
86226
44030
84955
4378
109805
92848
48503
27368
101529
5259
87789
54736
64152
4671
87746
72435
27410
3739
44383
65252
55402
39915
54628
93783
88719
75739
4538
59320
50942
91991
111331
107486
83896
72339
9549
9086
46030
34329
88994
37480
6430
59972
5697
17415
47411
75645
78926
58828
96493
72737
30796
30531
78747
41711
63724
53238
7791
85628
49968
36225
