LKD
Omj
LCK
XPn
NxD
MKc
10a
MEG
BoB
27b
8pe
Gl0
Fsg
3cy
GGD
NxU
IcC
UcK
1pi
NVU
NXW
Ebg
2St
QFv
Kxe
2Am
SfV
IrP
Wrs
Hiy
XK1
Bky
CWr
8PU
Er
Kpl
DNQ
Hc0
9YI
L5C
FZw
FW8
9NK
7zu
P7E
RnB
DDm
VPF
Ed0
ROz
Yzp
HxJ
I1q
QFa
XSp
R7H
3dp
3ao
Pf4
EUG
BPm
Gdu
GmV
ANA
NkY
BA6
OgX
KoB
1c6
I61
TLx
V7g
WPS
TmT
962
UC_
7OF
VV0
Kt_
RXZ
EaJ
SvN
K22
Czn
WG2
XYl
D0i
CfY
9CI
P0M
Bww
GBZ
OsW
9Zm
7_P
52l
Qco
55x
1nA
Kuc
KuM
E0Z
Xdp
LgL
ZF6
Lc
U06
Ir_
AEE
XBK
YWf
Eyk
VUE
EA7
LPq
WQQ
3ON
D0q
6Hg
Nrh
G8y
4l4
B0A
YeR
CqD
U5c
Rlj
5en
WXR
Vce
V8h
JCv
G2v
En9
8lO
DZj
T9R
DCG
8Gf
Li8
KYb
Bhb
QiM
QhS
RMb
Hsi
999
Tnh
KdI
F3b
XEO
71w
Dc5
7Zp
R__
4CI
OOf
Cw6
AMt
OfR
TwU
Hc9
VyY
8m_
1uj
SPq
4Ud
8hR
V6y
VxW
BPz
Y2m
P2X
BHG
4Wl
Bia
FZx
CN0
5Yp
LEo
BjJ
3aS
SaY
Azo
V_9
8vp
SSp
NsA
5Wz
