101024
38523
72963
10782
16491
92858
73784
65787
110220
12581
47509
102217
115380
13847
105046
112870
101208
39000
33046
56847
38250
80824
45016
76560
71231
36463
107960
80712
93192
87810
24187
105397
30982
94393
33668
101251
64117
23928
76813
106572
4500
93696
27321
61212
4211
82896
11578
89308
27046
70757
11142
64755
10904
16688
71434
105403
4657
72949
115563
9384
30783
120512
111526
11981
91186
74381
81756
109024
95351
118539
47551
15334
24410
43600
43307
104145
102707
120669
19641
79061
115632
117097
13782
64026
24500
43818
11839
59673
101309
113345
113707
84537
21003
54305
66915
124940
85821
74076
59539
96168
45304
34571
35241
55167
18018
47027
44138
8210
103373
123039
28945
60518
106542
113788
114273
49931
123544
25999
39389
94151
78066
88232
64478
32207
108206
113600
49070
14949
65395
76700
111074
56136
124330
5206
4373
10800
55207
70369
14049
110366
98659
88229
102228
79439
63337
3399
99196
1730
38445
113991
41667
7226
6664
33325
54822
19952
70236
76377
104995
16064
109754
29243
33462
77397
116557
121766
115741
59733
123397
78914
14834
104258
82468
106661
49280
84335
40700
102128
72376
114125
15798
42551
10760
37290
46476
19793
65683
101015
90012
110293
114775
48639
82903
100689
36935
13499
4467
124583
55593
35647
67469
113918
62381
29934
7268
75203
13002
20640
39507
5368
66994
114512
80395
120576
24957
102079
42614
20697
88783
90795
97538
82780
59890
101823
8116
103756
17859
90993
111443
46807
106739
72940
23958
1930
5037
106155
40425
46588
38813
80243
105473
49229
47423
57617
91755
47178
85702
47081
83359
8069
115928
49607
92962
71008
7787
4852
93996
107937
105493
113992
92676
26584
87309
80215
23914
100372
59826
43111
90048
48997
85259
122028
61027
41094
119103
114554
30527
77504
28008
74206
4925
72887
45183
36801
60400
34046
106669
92595
75388
34668
83168
56290
106860
121215
122395
34411
63446
104486
103400
13569
12866
57658
64070
108448
5
15691
115282
47508
84729
61912
43352
112496
108370
97334
47232
123177
39788
17874
62198
48396
437
33251
92044
62845
22493
53611
6284
76124
88437
97813
47905
80149
63222
83254
70110
12785
10392
100236
114874
75577
94917
3769
90703
62812
47756
61761
117790
93279
33081
61417
44997
50673
59636
21781
68607
22722
94022
65461
13356
101824
93145
18102
17598
1999
21258
46068
56782
51725
41791
115418
27137
30490
4595
83162
99957
82001
70763
65458
67506
105300
68297
48845
92562
113
77400
107777
33593
48985
32641
17020
38989
2021
8761
41267
85186
2545
2076
76903
88246
121689
67569
69969
34667
79866
29519
107166
27810
15678
50582
2626
30045
34570
1458
56289
69874
100028
69568
29611
40809
29264
77916
106445
91952
113051
1183
19385
39525
50750
14012
29621
32980
36390
13
87290
89723
51567
35298
9094
82098
116765
115366
27777
1705
50707
6270
9330
58346
67847
93907
112641
60561
103953
78240
65523
51847
74302
20278
61283
19815
84640
100153
115140
45421
102687
69818
65261
16150
107904
71258
71892
32541
9659
106964
9099
56051
41837
86357
9735
119576
105225
1964
37429
89742
71778
100911
66576
86606
75208
32264
108132
59039
21089
99694
44629
38241
13516
33345
67341
103257
67060
80310
69480
76253
19286
116222
33552
116364
6599
97615
32993
31741
42233
37679
12175
48412
117977
2958
102584
124361
48368
36677
84294
23710
22193
58690
19871
108369
93370
96478
26214
71149
101358
32788
49918
105961
90289
16578
112562
82870
91296
51085
91313
52496
115795
21118
64805
114854
27577
107819
52842
23637
90155
111391
42169
3081
5060
115061
98143
36211
20546
91084
91832
50107
94852
2247
86202
88486
54428
64975
96513
49664
61999
23378
97983
123817
26899
105044
57203
17175
123735
103369
50718
5581
65034
44418
113878
7136
84038
65890
57468
66347
91988
26169
44539
73846
6579
95466
6910
876
42100
10091
5521
83661
71241
104296
26471
97733
113193
96215
52044
32451
15454
14303
25049
14574
53239
7181
114402
27048
99282
33501
24297
116045
38559
83486
38667
53848
101416
109386
56849
72983
13669
118985
96365
103297
20686
47090
17661
67906
75719
18389
77648
16019
287
123023
53445
8059
107293
16512
52783
7079
65400
66676
40494
33827
76282
48539
24235
58168
96592
80819
80435
16590
19067
104928
7749
100426
41250
22632
15847
104728
26646
9991
105402
44678
113893
31881
104860
35484
83885
114946
78616
67200
44267
7723
14994
23620
68338
93931
28652
91668
51249
85250
83455
109069
6333
105
88704
6334
124435
24109
103405
77892
67053
20854
74626
37931
53042
103679
89382
59351
25697
93649
8120
12986
71961
29622
89484
55992
20941
48653
19185
46932
106099
22755
34626
82525
121335
65358
85285
114403
98998
108358
108057
104787
49032
39998
75942
14373
31471
38287
120045
104479
12511
8972
7600
87720
61510
4597
9742
3443
80960
100216
13643
73300
4506
38945
63887
51298
6070
61901
115999
102152
24776
38127
1984
39814
90074
90729
25252
24462
91990
38
111557
109186
62465
36627
68439
9606
22109
114516
111073
93554
106284
108355
113029
90120
123225
113167
22838
124454
68527
77246
70483
79987
88358
100020
76543
179
36031
72287
2782
20371
84567
42565
82534
113736
68595
74696
90627
92897
34958
117275
52017
56100
77962
34082
60364
64397
58532
38522
105836
23475
3796
83431
23702
58939
6770
99862
13723
65491
14667
77370
47147
30655
61778
83048
31863
58995
100029
10230
23933
117654
100267
86772
24038
120559
35012
73598
94571
56875
104793
99305
23785
74039
75455
11525
73888
36436
105939
54667
115573
123185
21622
12699
8320
86976
30198
21807
55324
90295
104461
82165
95341
123322
98509
123783
10827
105762
101344
37871
44165
8446
95641
101743
542
7054
109084
5216
45835
122337
72214
104176
58468
123047
75595
104805
95531
89093
13816
56096
115969
31050
75209
95138
76851
68054
91234
110995
111385
73321
69040
63399
28880
3892
84028
71535
20388
79458
59180
64761
43192
88594
48056
75476
29017
89056
45283
86253
67823
14974
114824
27014
9210
29526
68560
48239
20745
99181
31476
40133
30418
109549
36555
95861
47694
74649
101419
1195
29677
70518
113971
114151
120987
67589
10298
8863
27213
17395
57499
31793
119228
64597
54469
123521
115619
82961
100293
76926
59859
101032
37878
106033
16949
110208
107436
37862
51485
11711
25395
51846
65012
35307
105100
43893
105490
2130
30998
119488
32337
118509
103055
109953
51932
65190
114060
32530
88006
54251
42327
15412
72863
56180
72832
110081
19628
45704
110586
88180
43492
65593
37974
75373
55242
65765
99696
15409
104957
3668
91751
19135
63674
124363
4493
8394
97177
75493
107076
96724
23286
77300
73734
8057
1908
107092
25263
2715
15408
94953
1398
79742
112638
107375
111399
29341
13082
82995
95342
72978
109640
89498
46101
54565
106313
61838
118095
26543
53099
124962
36777
9604
56661
124246
50176
116208
23183
73441
71447
123188
101067
82240
18135
78409
109634
83157
16999
73706
48950
29620
111850
24737
12007
23441
79367
87375
53619
45949
43443
110628
107120
16438
9557
123900
41972
119040
75316
89201
81886
13560
17344
35773
30595
123144
107532
78110
73927
93332
26036
96158
110933
48420
28450
56221
80138
31137
119447
54683
13026
89293
23470
7821
27531
24851
90209
88841
66421
44252
87329
116911
54132
54797
15435
108072
4361
42342
95265
81279
74072
25451
17513
82833
46916
97486
3681
60157
110723
13057
92630
106296
18114
81
109698
118157
5574
82986
119446
3572
48739
123132
72263
99779
18723
31046
84658
82871
96027
4810
42617
4604
76977
57832
27877
49891
16205
46783
71207
34808
68431
12892
35648
40366
82332
96015
25087
117962
50619
25323
18286
33871
83262
34792
65723
1243
67728
52309
54207
5865
7430
36732
58327
92945
120665
35840
112939
91961
39166
39357
11702
80786
10000
53236
27349
33794
93283
38388
103917
19023
50939
38286
25365
80133
123318
71975
101043
57418
93098
101360
7580
37258
78423
108679
27353
87471
108360
82526
121408
69012
64210
50839
4163
82684
49700
18487
116115
113822
85769
24348
28881
64337
36453
124510
61757
122903
115258
10504
28911
95034
48916
61573
26550
121659
93597
85896
72836
67075
35565
29249
57099
62299
67238
35133
45174
81085
75321
20669
53421
74792
89737
72341
123542
113227
52797
2097
54762
117078
114400
112273
116704
1717
106564
63720
34893
27083
37446
2232
18711
108592
12077
15659
52295
19138
95683
83865
21901
119687
112565
71273
70621
70138
112333
59261
19907
53516
63892
21733
87828
108918
111926
83178
100349
21483
76927
26262
121617
14414
30745
1806
69267
85894
73997
123092
104203
103778
58347
23502
60484
1253
99281
32436
85154
109583
32421
4321
122418
78680
46994
75100
31389
26769
124617
18311
13552
55920
78357
120790
14061
52700
98354
39203
117355
66369
109463
55229
7940
90375
671
4446
16284
29045
11478
1704
87726
116797
90664
33352
102865
99035
99732
112738
49870
84300
86687
34603
121516
59328
74150
6071
62991
74191
1987
110881
54200
36772
84793
83439
85555
87630
116048
73293
120214
122371
68088
40776
108291
117860
120738
651
59912
18559
37595
58833
64053
4479
14749
78764
23944
69141
101082
88755
9227
124950
26586
124434
30386
39516
22999
121597
2132
106095
100401
122905
94401
61752
10791
87594
57855
20557
90202
14176
108440
80868
108878
117081
70813
76938
55195
78415
88183
61070
105943
41939
64199
73445
57346
99728
124293
110607
45938
74761
110319
56733
73704
69363
110805
80107
82357
92848
35914
93509
93840
54649
32323
89341
80182
32428
44109
24442
10902
13941
58162
42572
124826
10641
86841
73798
29046
119933
121016
47401
45801
36285
90695
31621
46516
90474
63957
18585
10679
52185
58010
29671
119412
14025
22691
10570
71984
113182
65492
41425
3918
55459
107843
113019
13288
47543
12562
33044
8916
5565
40525
116973
58029
54368
26531
119546
76759
38246
122507
79687
64708
32157
32099
54162
54550
95002
72190
19840
119510
24376
95704
18927
70195
96916
1022
1365
9454
46876
3309
57687
46869
106995
70229
97679
78074
46570
60242
91375
878
84828
83296
11924
9292
15016
39229
115742
3190
72145
59776
23528
94312
44058
11869
120359
69210
123996
101971
56705
51134
48643
36246
101873
11248
63371
36527
66371
20225
113861
77683
120984
44566
50710
17479
79087
2999
22022
5662
101599
116199
73849
75202
46747
10027
30813
2653
49347
42092
122796
34226
43992
42290
122836
109819
123166
121988
39146
26523
97448
23499
85351
27785
44911
38825
40943
77231
51210
6957
23484
51783
58919
55067
61103
29010
109846
4343
29993
37742
99993
93897
115434
81060
98321
43716
45685
66436
62783
118480
37767
54716
3283
117669
111645
33388
123846
81670
91522
100528
275
18178
2158
32455
118452
108383
11378
43093
42858
61453
77457
15159
35286
110471
12608
80222
22256
60272
15225
107723
68999
6393
105131
114734
106865
119032
71156
29301
106401
106589
83017
79938
25015
38999
14504
39541
25693
18049
15693
1390
80387
91550
107460
55290
88775
98177
108653
89155
111904
121708
23657
25968
13999
66223
39147
72779
36833
25887
11189
110680
112371
16517
45265
57706
47970
16660
63793
24388
10266
9068
42263
64027
41073
117239
42430
21515
123399
122742
13630
88766
24099
102594
77765
93303
14562
68210
2710
37282
11757
53015
86895
17356
45397
65083
89537
96012
4933
120903
78945
80862
34339
118361
63616
43290
27956
116805
95898
81020
50636
119724
22140
115465
20008
86327
51071
45378
55713
54003
69075
115896
6904
11824
58586
60168
73968
46273
80659
11397
5785
104654
99276
91245
33747
55224
6439
35435
94381
84288
55481
68438
22548
10278
45344
52032
8967
60709
19680
7076
34952
11604
105419
120902
60899
73339
68964
15889
107970
41368
88179
64518
124995
78936
96662
37845
39514
120550
31118
32660
100683
86104
94604
9618
25050
3666
95804
89621
33243
108522
20976
66492
95423
95163
33840
84101
32805
38160
9739
1389
11988
131
124784
27798
71500
56389
17692
17061
113450
119928
93037
45215
59837
66524
86394
76451
80826
122877
60428
109645
61332
2764
14053
8565
43961
8276
12820
91516
45769
64139
99274
46312
9337
62410
65443
119810
86433
78514
3129
100152
18354
99596
44631
39933
14831
114525
34613
104797
2315
58886
98031
87905
42414
47652
96998
109991
111529
66232
45002
29758
20945
47125
90576
74470
73524
111750
33202
3845
87187
104726
49402
45690
99803
41618
78557
42268
74557
58505
48126
63867
39953
124035
88908
75764
97667
68495
105720
73267
53643
116521
119214
72442
16306
64429
26085
100724
25772
41979
23253
33892
87917
123339
81071
114922
88807
3786
123145
14169
39313
19992
118259
62158
113580
61895
54548
120937
94436
76580
67031
70931
35689
18887
117259
111353
64741
63580
121040
52873
66260
94897
58075
68382
28264
100059
79347
109468
92724
52763
54349
33752
40731
3874
98235
185
64958
60576
62440
44014
40236
65521
87436
34370
88126
17809
8222
46195
75510
62561
69788
97729
87426
103843
72400
118903
16891
33922
54686
123416
49631
14066
29737
24116
122012
59204
27501
67939
51234
37749
12528
46477
5684
33351
102540
60976
54008
41906
86942
108236
30377
76916
100804
116924
61664
39346
12401
54007
65369
7995
78420
81173
124461
100639
3498
107878
65851
43023
19178
107576
97050
118744
106466
74429
96842
83935
111949
95117
71326
75297
77753
45439
106499
82175
123571
101601
101395
62591
51691
117118
53485
30923
16396
69559
108587
91503
9734
79724
91641
115750
28756
94467
96130
14912
12697
113210
91150
2990
50810
103005
76437
54607
19108
40652
64890
54563
97696
69333
51573
115390
110713
14462
4966
109672
76019
67261
106530
110788
48363
51102
3074
46766
120632
94189
112
25897
116585
117130
27985
83836
4291
91476
65431
103710
13228
56184
119771
60075
103980
72314
90399
122918
65835
47112
110973
85135
123942
47457
40126
81360
68822
45805
124345
45379
92605
11835
32133
28283
75657
20185
23699
62703
102109
35943
80652
42767
5587
7866
323
43516
28706
15144
119160
30492
93570
50726
54511
113255
116436
15269
10858
110120
124945
47338
9433
63800
116693
89622
38607
38279
112228
12453
122115
3538
12399
118545
37412
89678
99672
16382
7444
53755
42886
88940
33918
105575
120642
8151
8900
82350
105672
61444
25754
100596
12512
57114
114541
97581
91494
93114
37859
83102
104206
36593
49473
29894
2584
37305
28761
85535
60737
116312
90353
1464
71558
5057
111128
101180
81624
113755
106121
92087
96541
33635
90255
121012
42852
100448
119578
12782
16937
74108
25621
94982
81717
55344
41942
84872
93878
66707
73178
51031
80259
36305
15247
53443
118605
24479
81333
31739
84068
101230
111294
21601
67795
121810
19667
66481
104575
5850
15205
94045
109240
17672
46368
33450
95384
121283
6711
98487
36876
124343
100847
22663
45565
92342
116790
104233
33231
62814
38427
29539
50059
35226
49261
77085
40289
106214
23307
119470
115455
24583
83454
34602
12195
2959
5225
54911
73758
36967
89231
91284
61784
70167
87457
4444
123729
26704
118375
61668
120422
104363
102583
50020
92167
68934
115887
90849
17958
93516
28717
100512
123393
93167
114429
67576
29708
116594
96394
70141
25658
50226
114392
40958
58541
114909
111279
91606
87325
35589
106004
114002
58486
114436
87175
102761
56515
64656
33273
35210
81255
61173
54961
19973
15079
63343
115117
54873
112394
84915
31091
62883
20681
49961
78542
1083
4598
22338
1991
56644
8286
55677
8209
4494
3778
85659
25244
71901
74811
64099
74018
37121
49243
120983
16616
46105
77321
5678
88454
63620
32846
110775
73211
94346
9358
80845
97604
35740
94954
57964
11779
72167
121963
65637
27427
107187
43391
42285
14503
29893
61630
109865
117835
90731
56975
57928
92637
55
89763
109352
98568
55931
108002
115902
15914
107676
83930
33939
67872
50487
52646
36123
97711
72904
31754
40833
118481
124196
90447
107898
4878
95982
28317
26504
94305
108205
29538
90126
115537
95667
89690
87869
29638
107423
11836
47797
103696
104926
56235
85245
82077
38096
106726
81733
56357
16454
122428
111677
82296
118535
11290
25569
37107
44530
84378
54866
67004
117128
6743
97219
38518
77019
91883
87550
94855
34790
10819
46573
30521
13785
82965
21174
68769
67596
40972
104643
19148
97097
22930
122537
1413
11941
56673
29088
34828
122216
117456
16120
78994
107762
17705
115479
108571
94572
90315
115226
15662
42107
60269
60160
43208
70438
16930
64993
13884
19945
46813
96955
16507
47359
50545
12347
68766
116788
47818
59350
97205
95181
57719
108767
63110
4492
25368
35339
21474
109948
90305
40453
57189
29906
32810
99699
80506
82256
90705
107805
58744
123555
9533
24368
91355
98900
77189
77921
6402
656
103525
39531
97388
10584
64030
9246
68472
77617
66507
62398
33782
9698
115565
50727
26485
13405
21742
11122
402
42201
79355
31521
53105
120860
69104
7269
96377
124020
63312
57022
124425
116399
50724
13428
47350
17167
43401
23407
40743
48373
28442
103443
6473
118815
57872
58961
4676
17739
16493
88163
102303
964
75654
55579
68549
123388
10032
47901
21182
71112
59880
74582
32745
75282
12382
59884
58608
25684
123556
45144
25845
50988
29729
122019
9593
35510
34755
84292
23298
71789
120189
25479
112109
109162
52254
89983
22465
98714
21893
81928
98059
70326
98919
60453
97156
110815
94734
123797
112380
121527
49993
58421
26278
97356
51009
10612
94116
44532
100709
96214
61468
94710
101138
3723
93810
37868
47377
283
68363
24532
101751
17009
68579
71162
32313
852
11432
100537
15688
29398
87081
7967
55598
4292
59759
23495
47327
50914
81770
95197
33829
117959
68354
76017
91132
114508
96495
87768
102437
100317
84761
8470
50651
39409
107113
8062
51938
32799
33464
84706
107400
100486
41674
104355
52909
75038
122421
2971
37207
30507
14768
87185
92381
117747
20605
91631
71019
8330
100515
36771
109051
67932
23199
92904
12156
24538
68606
54133
13983
104898
91060
123625
84712
47035
55685
21167
70103
29438
120065
85117
65938
24196
47635
38186
85903
121549
10376
84415
83073
89880
87774
34489
27534
112813
53288
44732
93647
14306
80593
62134
55647
100476
46218
5957
75649
96311
79955
103706
107766
112160
63978
88524
62207
9207
66291
25685
91289
66324
96999
122447
122075
93353
90727
83904
23948
96308
96642
43570
27035
33385
104994
66838
34740
114884
86444
100810
107398
23444
14113
81042
25090
94300
115547
73188
73623
72196
109398
55711
93079
52861
119270
29835
60933
16725
119598
54298
73707
113912
834
94777
75180
110679
94122
40557
45033
114361
122090
43531
4625
17254
60524
111499
33031
19932
115272
43078
111788
124650
44463
41890
106333
60820
116565
47736
102639
34118
97875
5076
56774
31690
76048
61894
25226
17051
49915
53019
73314
94264
118130
86004
88966
39075
62925
58998
91081
41462
27021
12998
31106
72184
101114
70692
84209
92855
27215
32889
99873
12304
16341
100548
68783
114307
111692
2926
102812
88815
11374
32160
82413
21695
347
28063
98078
8520
98563
115598
47357
80609
50224
27400
310
53691
67621
93693
124359
106874
6654
96397
115704
35042
58990
78638
44006
99515
86155
45964
60245
48655
14900
54159
90349
14707
12034
49178
32251
118992
82489
56800
63584
39293
56016
92011
118670
94892
74313
17432
22379
120685
12048
22817
44922
45662
74893
42215
51466
41453
75271
124821
105477
111827
40778
20852
49228
82112
43824
96889
74208
96278
108823
114191
99744
68000
115449
300
13241
3441
119185
12454
6048
41857
55744
27043
50072
4729
1036
62559
32795
43662
76587
65008
22092
96355
5364
77602
33513
50295
108420
88257
28483
20707
113667
113155
92285
111956
37118
80836
117165
31453
55020
109074
43104
50577
65985
27996
122987
81179
77015
64594
4127
62426
37848
4206
124311
35797
32080
110987
81833
61891
80967
21266
73149
95413
6668
30341
33244
71010
55085
56483
109343
23346
59876
74735
102591
39286
111928
62115
106854
32426
75627
103992
120998
48115
116260
78513
76605
269
6909
64585
58217
34721
113344
116374
93900
37114
44625
76056
110008
103948
88449
110740
74213
11765
51159
110988
118396
109785
40119
22783
62264
69790
109998
67706
38159
85917
109979
18686
53116
96928
124280
6565
12022
24862
6176
77037
43138
49257
48557
84802
8146
63130
87608
99953
20332
67916
62256
62874
22271
61413
8202
89257
55771
24822
67144
101124
37651
5486
95737
5276
12622
98252
87599
67342
21528
43127
34587
47669
108150
123752
52105
100441
61240
181
70366
80153
74734
101030
47876
37456
68212
14720
14065
5145
108735
119673
1264
46278
115670
6168
117582
119795
29827
61322
104290
80745
84579
92299
25724
60422
92138
37535
87624
9357
238
29306
110273
89417
82073
55082
71098
98148
55999
45332
124051
81307
1952
5800
3716
121160
46845
82177
88658
84965
75543
33969
88423
4899
74132
59298
52838
57270
103358
38729
54770
85545
2218
83088
120763
48252
95347
60743
102511
90675
49774
30610
61186
71709
762
27285
71127
82463
20979
81010
63859
51270
9592
7810
83464
26332
60844
1323
114196
122195
58621
3991
123112
100816
101176
6882
114624
106479
76983
66387
107129
3412
45526
72763
37914
59507
117826
20477
24563
4369
76733
80101
56191
43269
97074
111876
65866
105081
122388
96853
1490
108258
95876
117815
66039
69924
107414
44739
37320
64886
44394
20770
110350
65109
23061
103065
23259
26013
75694
60314
1120
106050
22327
8924
69775
100321
3402
88430
22715
80901
6502
27121
98678
86971
107199
121077
16558
13323
40872
69903
91350
108137
100986
314
61899
119119
21707
67510
6495
115960
83552
91536
97226
79707
61114
28345
85549
33631
114893
108611
77377
20790
31427
39665
36910
67074
22042
84696
120910
33058
99795
73880
23063
74268
77711
19555
23779
73791
94054
101521
4068
46621
71768
92591
109476
24799
97876
77314
8766
90947
44381
17628
94361
33888
4214
80403
54637
52639
26574
57011
78339
54187
52432
1980
7481
19709
60124
96837
82224
2841
71806
4172
98200
54454
61360
122673
83497
86872
67854
75563
3997
86005
26380
80051
34929
91780
41121
121852
15931
108832
71884
24615
44703
93797
120239
88201
96518
49052
40894
123064
7241
119440
109006
103636
118527
86458
8943
107432
22836
124382
94957
10488
115745
27454
78151
91228
21561
102219
42486
20847
74455
81969
34708
1909
85216
95251
62180
22100
17948
27396
115417
4767
113507
66766
94497
91941
77828
16545
117845
27399
26814
33229
26341
99499
35285
121108
122267
73052
27622
60340
103178
72992
119816
56793
33924
17123
107840
91987
37384
63934
120618
90777
15364
85922
77645
6517
44976
112987
85210
65668
30929
5992
112962
86538
51482
31398
95402
8852
117606
56158
19349
103
6800
44991
113906
108997
24630
48173
74281
115561
18011
9097
111637
61093
29092
53392
45318
18218
11986
41611
31470
100893
90651
99620
94607
14316
51709
95716
59896
32748
18255
53667
33019
32998
120497
88526
104199
118791
69667
108690
91706
100862
11050
94495
37896
65679
53649
11801
76288
54053
96192
93109
43279
32462
32272
73991
107949
30012
82814
18238
56167
110002
70245
99961
60394
63670
107446
43266
85175
81028
42336
2031
23134
118486
21834
27442
53010
53984
89980
2905
110129
66198
103582
68793
50754
85684
101992
89639
123043
98335
29603
21752
19232
57079
111887
61025
107438
75479
111932
79978
17827
22363
89779
31748
113862
79824
49195
115394
82634
56119
76982
101158
54241
31879
114994
116550
47722
93205
75147
174
77129
85941
79417
117688
37150
54169
106824
113434
81997
18785
89491
32531
105023
73680
33083
88951
42217
69501
5481
103508
92423
47331
70994
81985
105318
73221
26701
99375
89614
115345
103951
1469
106559
86425
80329
18629
6140
90512
91766
106131
19367
67999
63542
59777
8015
33204
50219
75564
113515
15425
64134
34261
107928
121220
54346
52314
112730
39813
19797
76565
5128
73685
85718
36868
18594
6091
107014
41913
111014
112897
13565
76956
52238
93763
57540
120526
20701
10369
5086
93912
27780
120621
23991
27525
73752
38337
82879
46510
54456
93430
33042
123551
10142
124040
61923
7186
26994
80509
2450
73724
103280
18680
19979
116313
104750
111171
36229
36669
110264
83351
60959
942
100685
119201
119674
13973
38892
35543
45612
43828
82758
105311
121209
122335
66796
14555
15000
93633
3233
121761
36389
30193
23373
88203
36045
20419
113686
97342
108093
57318
65735
88938
13593
107893
60521
2879
27125
25973
30765
109156
7230
71404
39995
70098
85885
79414
96016
122249
75464
53242
109593
69375
99108
111520
84456
27824
121683
93163
63535
124580
77869
120796
23200
105457
61512
101518
68968
4619
96467
2921
35162
35614
2859
101378
59230
117030
13990
124013
39295
92169
29394
114489
113132
23536
37890
21151
73584
65539
29367
110977
95098
14773
14180
78952
89300
59742
30514
23135
100658
41481
108377
57208
8890
121036
79270
110250
34566
47747
111826
124691
45742
116414
57808
30863
116161
43346
115824
72050
99482
24574
35428
19534
98254
39217
123060
84934
77585
124409
59748
6986
121815
119858
49935
78921
117768
83547
120741
1546
24716
16527
31834
39029
47741
32220
19671
110010
41010
89094
9947
9087
17892
34960
113669
111779
113593
6698
5718
77584
72999
17426
34329
85878
55538
112601
3103
78558
104286
77571
44941
21794
112595
48429
26992
81238
6905
67861
92211
13530
94318
115098
629
42471
124654
29662
18469
91570
65962
5181
22639
6510
56481
122781
32414
29255
50150
110864
51612
45758
47091
34887
17351
107012
85816
14681
6951
54591
78204
71317
83817
19742
34137
36757
62109
35746
110831
73681
12426
66602
57406
75660
26733
95999
113503
79472
34069
44204
20165
102413
11429
4863
62419
55358
44554
4818
698
70862
32789
60818
111025
15993
50470
66115
78027
21284
59922
90783
101690
81982
25259
72896
28086
92012
47745
56574
99626
33798
86830
92386
22979
90552
118387
26255
47210
7603
122843
52570
109543
6254
109987
16365
67332
59630
15506
110639
20535
102820
116124
67536
82543
2676
83197
8506
89165
74165
121626
7310
31384
36475
91991
86063
17613
61214
30536
32057
30506
15949
113651
90976
23799
123780
67442
18208
105745
47776
18285
87481
19483
117038
7141
27973
39887
24355
48903
35294
78842
105642
21203
70728
78783
83754
62359
68277
528
105207
82208
18605
31429
18395
9672
3298
68028
53211
5814
114878
66509
109086
103450
72789
13160
23966
43333
98635
45306
108905
68441
115886
47113
22816
45509
11261
73493
13012
12379
84410
62564
37476
121923
16085
17910
93008
31300
106747
93170
104955
30426
10537
16494
66540
121942
110994
101119
4663
30669
95481
51812
35803
102758
91548
60130
117525
100311
82115
18000
114384
105366
74825
122218
42915
117377
46304
25190
39364
51622
67257
72074
71176
30454
36416
113965
122386
106172
92692
73135
107796
55858
106286
107730
33856
69144
96574
89271
59056
59969
27223
94849
6079
121211
51908
99249
64978
91358
17182
78538
73709
59728
105435
8211
50665
82990
35956
96039
106991
60271
81517
52078
62868
29070
51744
2718
86520
37297
114889
71623
48900
35456
50500
79928
81590
50214
85611
105606
47973
37614
18124
53881
45506
960
104352
43248
26950
103146
113250
113352
76546
52268
55730
17539
9067
98243
66322
88601
100344
64903
119491
107121
35738
120039
11838
101841
48291
57581
86595
1527
21021
66140
35417
24958
58412
73304
74492
90797
21101
94109
28738
80350
59229
60789
5248
114473
95556
39733
80456
117029
8192
94319
116209
16973
5562
68462
67049
110569
26864
70307
91933
56187
115646
114626
96778
27850
94108
101203
10332
12298
58167
29938
48072
113750
123875
121745
78366
122467
46774
13172
36741
25856
60968
86504
4476
106084
101930
7895
114810
9121
44293
18822
121425
111272
67695
86782
71297
101372
77935
4259
85087
75125
108424
111497
46381
38320
19372
49156
74783
76948
124282
64289
87339
97274
55137
6129
80907
58812
9296
42954
104439
96058
21472
93718
113838
116663
77984
56811
60438
28617
66597
7832
10688
76393
5736
46020
64256
44540
72881
79884
91324
62917
123376
3832
47803
88190
95909
39402
25544
11935
68511
78141
112355
106196
88678
59313
56914
115859
92461
102893
79980
11743
57390
63126
97843
54438
41841
100597
20784
71910
52363
23251
91336
116385
84682
81914
31507
90801
74331
10306
30096
110875
43643
87184
23280
94419
122171
19691
25741
17071
70059
2443
25327
48401
100908
39378
21464
61614
108604
53694
108167
120114
55040
50241
49964
50417
35021
85068
117468
66243
34925
39078
36190
77533
17857
118513
2292
69093
97396
65277
21799
43970
11223
61939
110147
99885
12213
110167
78712
17364
81251
3293
73894
17869
36038
73393
114235
110287
114328
58241
41778
114183
30265
3609
122326
114081
4074
100251
55306
112040
114888
24383
30566
19390
58642
90056
124512
102521
59927
118881
116181
92072
124080
15403
80303
70770
115371
122988
109659
48771
90319
74160
86758
65832
89923
15606
50508
40577
116556
53869
67865
83345
32996
101285
81793
72008
66978
76035
64732
76609
31981
73617
93258
68346
29577
103933
78262
64725
77513
18773
61984
107834
118240
95753
116205
45669
113118
49519
91349
17881
39224
41572
32831
89325
98126
46414
109333
17745
52233
45897
4037
37235
14216
122360
12762
47044
11888
100693
85876
5423
5223
48337
40280
73421
65096
26420
91895
75587
112646
26669
27667
58020
115972
18034
10181
1489
65728
41317
76623
1127
7686
46636
30991
15750
110294
85237
106836
55817
5592
119173
66598
63385
109635
77121
82007
78963
479
124517
98250
79872
90981
118445
90341
55249
43027
39183
54492
52503
92875
43350
112956
82376
38702
53040
7205
115963
71461
67665
63051
124571
5870
27345
71190
34859
114072
28899
46122
12776
26791
95692
34188
94518
100132
94417
120611
74221
71875
3008
42183
88636
115877
38265
123712
100554
118366
98041
54338
10386
99635
28829
93524
41102
6359
55954
100116
48498
122927
26444
23411
91575
68538
64481
35984
110141
23997
58370
113931
22914
18657
18137
75028
28853
11813
16273
46370
99082
49017
2217
78644
96260
36618
115807
28187
59093
52161
101098
53931
70207
28460
49992
37127
108416
49306
115979
40855
115655
123187
98056
98371
39784
55213
41541
86936
27989
116378
74186
106731
41998
118804
60851
124999
18211
22170
89893
35129
23631
50003
10992
93892
118941
55633
66828
76831
50367
62467
51089
1576
80328
8335
90477
2357
87302
69586
97399
4841
101044
38771
6447
1632
104283
66586
43518
13836
67108
17416
43644
71308
115626
93010
80440
59750
59040
36623
82908
75150
83283
99918
24710
69843
48096
37577
56838
108103
41714
59709
33927
100444
109798
124904
58558
32174
51848
111563
27282
5899
46439
3645
81474
20354
69270
89813
82912
25729
22430
110270
95199
14060
44888
118974
81432
13221
119531
107820
60004
30787
79485
21855
66334
114478
13515
96402
25314
30646
67139
53123
25366
77951
63911
506
75565
34055
8509
99935
2034
23252
87681
903
104223
50359
88146
58858
19862
35619
4583
28339
22926
108668
93702
8743
44902
79698
57568
98862
50658
19373
103749
3630
89160
68490
26721
91450
7103
9651
54852
51359
61400
54827
117628
11864
106334
67705
82623
92116
85979
27328
74230
111291
60944
56655
17963
65381
107051
23667
33228
69952
52793
85577
105437
34464
76016
1694
105006
26689
37119
54746
76601
13881
63885
45400
3092
8130
42314
5144
20429
73535
97619
102302
70337
31064
111380
43890
68341
31929
18382
50797
59371
60052
37388
117754
24827
110055
9857
45398
56824
41154
86503
321
37403
23909
103200
70405
79533
90548
50937
3992
29035
99900
81168
64586
111527
92526
44802
11077
76442
52790
2567
87232
54340
118696
55104
118390
25623
35995
110279
11276
26289
6560
95445
64298
93548
35526
48006
73257
93464
90807
38205
50941
8425
57072
82068
26896
61962
10848
29119
97687
27315
31980
95008
28750
114575
67600
40161
21584
22290
14558
32424
15528
88479
30829
929
27875
18265
23162
71794
43362
4627
70365
61701
102015
75348
68927
99264
69044
122789
87245
118488
19450
30491
24607
87151
58870
41490
76787
52313
63246
34904
111502
114240
32289
24707
27612
34700
114123
10006
26533
3722
23077
47372
50193
60902
51252
107062
10180
59361
3385
112209
120775
109809
57903
34815
99604
79502
122761
28151
27305
53939
14623
106936
52319
100960
12574
16560
120878
46486
10585
21776
118554
82654
92247
105162
113497
8784
21814
68099
46664
109155
59123
2924
111831
91549
28396
119913
102020
42675
67582
119439
48908
40771
9952
10860
45520
69550
124160
53745
17033
47733
58552
68857
76098
122083
28407
51851
101019
51463
99214
57529
66127
40350
32390
29019
111169
83266
80931
85409
71607
112443
28231
79691
123591
15223
112519
33731
113393
85082
47244
88999
63870
122484
42782
23449
19825
105865
5710
26611
43357
18827
36591
18048
118044
119544
33439
63351
111720
38499
58127
66777
87052
80023
123594
18046
94027
57094
71868
39368
8826
18671
77458
13689
106331
86497
118615
40307
88970
121345
17380
93111
25248
66693
33839
54754
74205
7331
69968
86295
35967
87916
73180
103106
30124
41768
74456
81815
23312
26077
101662
6299
22742
45180
1624
18324
119854
78630
93555
38614
43421
121805
57823
109190
89623
89585
1211
3784
45080
54585
22397
39124
77515
87324
88998
52202
83651
75491
107742
24656
76872
2909
68936
50294
21573
34496
39466
92620
111799
50155
1891
77922
70522
67368
83125
120243
93140
74931
59162
18466
45574
38725
8871
101287
89912
39670
5453
8639
113479
71845
56626
69082
117050
36383
19857
49584
18484
41311
9813
40438
20540
105296
122689
69019
20175
120262
116187
2323
7330
87923
19024
54614
103138
24611
82012
42639
100734
117515
111664
39730
37536
124587
24088
78335
116979
118354
18514
72589
58845
14697
27620
16715
61731
53347
119955
54038
4085
93133
40812
117454
80989
102036
85019
104297
121849
36342
124075
115850
6603
8366
86008
108725
69962
89367
45803
72857
18334
3928
66565
99609
101418
29516
45622
60962
117342
79088
110937
12772
14100
116962
109197
116444
98894
9192
25334
25208
835
69288
67683
32259
73644
46505
61609
77977
123159
6659
12770
23846
118508
29379
17198
39743
120610
24499
86708
54191
78873
54010
112631
94844
66204
92037
11111
58550
47940
27098
71686
58021
78337
58944
28633
91301
69965
21164
14748
106689
76211
86109
32008
66107
112098
89317
87666
40183
33670
59463
22215
72528
55273
82754
85955
51652
112927
111501
29331
55720
74836
53395
46668
18552
108642
17396
35708
42304
78407
118495
7753
36359
91858
103370
2414
84566
7173
2451
51489
80843
30095
9444
86313
59212
84778
98308
46633
47512
88250
37362
100077
85957
61
13083
79705
17668
46406
48225
7209
43845
106097
118964
93883
118731
22559
40928
92817
104670
63564
45986
84079
22664
77943
33997
109321
11668
44124
91327
35655
76005
74094
85673
50383
34554
8776
5412
47479
112741
106885
82909
84018
69915
107953
56790
23676
83630
44789
29025
26544
4881
12903
69324
108308
118373
76840
55878
80059
6104
97922
23424
99926
3705
13563
65628
84651
5375
31240
26826
88319
123691
27186
51539
93417
55749
106253
116517
108849
29585
72421
100935
25761
83238
55352
66842
116591
53905
44810
79363
38755
18207
30912
99874
25692
5620
44474
59075
45694
106811
32583
80912
31135
93321
91499
96419
67769
111154
101728
99590
5614
9308
29573
121962
89090
108531
97260
43636
52682
52067
76834
43034
50323
3131
25540
109433
74527
78214
123258
54107
116075
111929
76386
102677
83940
54829
105227
40474
31703
90722
99106
124685
6514
45513
8332
90904
15030
59090
102255
38705
83797
21780
18332
76445
25810
24976
88118
8965
96336
103673
39572
88292
123502
48681
69692
98187
105020
123864
71636
68661
6045
94008
105364
85839
89364
122721
23304
5644
62575
108221
17037
114524
24102
24182
99534
1115
30438
111027
167
33718
69817
20141
123747
124036
97852
39175
5347
105994
92821
67974
116899
97253
119273
16253
98917
7383
24447
59299
74614
29726
73396
68755
67636
93814
47374
42361
62024
113608
87773
62222
43064
19516
121890
114826
121020
70632
40526
50154
40517
41670
109719
39535
94456
62647
83228
89877
37880
59693
94431
88928
46749
13092
86904
25201
43678
27806
74653
21874
47307
12055
24260
55412
54083
54158
88635
65315
11497
9426
124906
23990
71877
91471
68942
100885
87946
91865
107859
31113
104813
3455
118673
11409
46921
18226
45246
82624
73992
123937
115735
109232
84052
107006
6945
35411
7025
110613
108129
77410
72918
71346
102854
67199
120442
9807
38386
13955
42018
50603
110533
103723
24052
59523
72892
110330
31282
96647
116140
119052
15984
56870
22699
118612
53498
124602
51028
44243
42109
87852
10897
123254
85110
90855
117896
91475
116799
111316
84506
4403
17023
16244
94636
400
108677
69278
48551
38075
116989
122336
29809
60650
111390
77567
71618
58408
23854
56558
79471
4360
110826
71159
21279
74583
81673
69766
28859
21110
33923
13621
48610
63073
79242
58682
42768
112435
92311
12319
119539
57043
93605
24273
53893
45399
31766
57316
32804
56981
121907
11139
103396
38415
33957
1190
56246
2303
92790
110855
107202
32042
1911
102830
50886
85023
6927
41795
44622
121042
77932
34905
74118
105929
42821
110299
83405
100635
26923
34441
47740
119229
70915
31275
97686
84371
13952
90190
43060
6501
24987
103786
48301
67303
78395
14814
2712
71291
95047
114075
70602
94772
58317
59086
54490
86140
24633
23040
40745
42484
36450
92659
117349
41871
106618
77256
32165
49620
67550
4284
99718
82751
108717
79845
49453
45289
90851
43116
83091
17606
62610
17993
34086
118543
91447
124344
83685
46175
112258
87243
49972
99086
77500
122149
90049
101148
8014
73000
34561
38330
122533
12744
71803
103928
91694
104019
11857
110952
23565
39673
27484
43310
70371
121822
94667
47333
104205
25970
107879
16490
54405
90265
95147
124376
94212
123658
122067
44937
70446
38981
83265
46847
18489
106675
84166
16879
22604
108798
66775
9880
34940
62700
40318
73428
582
88103
25708
53163
63483
119251
55717
96317
56118
93255
110237
76748
22368
61367
72808
4760
102443
24122
97491
103570
115984
66808
119831
115037
25641
91732
45781
69854
50069
35905
50662
59760
88798
13231
4324
32300
31172
88538
98534
12415
44197
70126
79144
64019
34556
37948
101561
105382
101746
14780
50327
119300
101913
85907
29107
105552
35397
58554
71923
56102
63019
35423
10708
234
19379
89604
88505
121366
80286
39681
75176
83806
77686
38144
110102
13093
1524
82159
118324
83555
47710
58247
100590
70247
62751
36853
97168
5602
51287
56385
99322
51128
1015
70200
77018
74336
20587
29069
86092
13555
55503
107078
92933
24686
102240
2597
100765
40206
79977
7458
82331
58251
16965
2525
102191
86656
116239
102035
100379
107380
69250
41019
13295
90804
111539
108107
77561
5275
43262
83389
43528
34155
15493
57673
72891
87759
24965
39519
61221
21390
122494
105139
78402
43224
10042
34104
60301
119622
117015
86057
100420
12728
22905
11483
117703
69080
29427
76681
1430
689
68496
77269
5396
7879
25978
58056
106659
64441
124523
625
17231
109483
29365
34709
64517
55495
121769
6747
30852
20916
21684
97023
76080
61097
84653
92882
69686
121967
120312
42706
29898
56403
63802
7109
18399
72849
42938
46892
11200
39623
74552
53274
73269
61863
27658
21607
40573
57863
123784
104382
82979
97062
3592
101517
98604
40139
20802
82898
69247
83871
60080
16662
10820
112722
26114
117799
83636
16927
28189
23509
96465
11258
85633
27009
53744
44126
60545
43960
47934
52027
9096
2993
35992
68552
47076
46207
39897
28805
61715
30102
42823
116599
27626
43635
93919
57882
42204
123379
63904
30759
46831
32000
34380
90799
25042
29154
122982
23988
20017
728
65281
94267
98586
47173
102561
22757
40065
18273
41726
92494
96632
44887
107478
39263
26323
112953
96967
9691
106338
110571
84211
29172
100813
71491
90432
40322
14326
112968
26091
32677
64182
10937
119136
77216
110945
68700
57259
95260
7496
99271
56499
124081
120384
115997
83519
111860
37739
6354
50491
45200
123686
23876
107149
24398
84447
21417
72229
19864
4586
93506
78227
112682
122629
27955
5156
57653
85022
116477
36607
52486
79353
63034
1257
23237
29782
30905
102936
32193
20131
27498
76680
37149
63664
18856
98667
116562
120582
14888
741
2693
106607
67947
41356
29381
108501
4770
15372
74971
76957
19400
90291
114767
67667
122462
52190
39765
98193
123631
91041
108856
68332
6369
42437
122659
60812
91984
14721
9048
90700
87262
47063
21990
122296
9008
25452
67868
34387
51349
45154
114086
15143
14800
30243
95906
17236
40918
25074
36268
8719
53630
59406
103330
52219
86816
48967
35644
65280
1693
35405
113782
24274
102985
96659
114284
118326
32459
39855
104865
44268
63409
61449
45
73132
117045
60357
110480
63873
106187
60878
11107
39153
21248
49455
38924
36186
72911
106424
63411
65858
20747
91527
42273
100291
67885
12353
89589
116987
81809
102435
90768
81049
65165
66941
30329
96241
120035
107167
14635
104165
98856
1505
20927
39739
58109
61963
115796
33587
4647
68856
90618
26442
1335
63153
58780
71948
62799
95407
60334
62525
19537
86844
90945
10019
81791
95308
12729
74756
122000
117487
62901
62453
72719
68239
24301
44164
106830
87845
586
108583
83446
45872
68317
5984
121541
57793
119615
39902
21327
115663
40290
145
11545
100186
109221
26025
3659
32458
36804
80759
107228
102524
23233
123525
9587
42402
89042
1357
77775
119970
62112
80016
24060
61472
74990
84766
68830
74867
103003
110944
23541
76142
7618
103658
73753
36530
98445
84911
80988
121929
5544
7745
35608
104149
87790
69531
110314
14382
24740
64909
74038
65229
7422
108028
18398
78135
614
10244
62351
23174
5977
20184
114931
94181
65472
11191
117519
97984
99094
64358
380
12976
35009
63678
23902
7066
21727
94945
120711
21778
94342
88947
19032
38252
42145
53948
122244
113431
44023
108818
64650
5838
22232
2537
22375
54391
86131
122425
63449
84189
57715
67083
86857
120023
40509
71519
3568
63686
14578
9797
30423
64071
73090
119104
91604
2781
102564
37187
112961
19040
8504
121818
80890
121498
10852
78721
96010
113730
9404
89322
34950
102118
108087
90774
124222
57424
73075
103852
99979
61590
5834
104736
92142
70908
13226
28276
101536
36252
67151
4793
35685
62544
30836
106928
95028
7692
78596
54252
87880
56496
93406
55703
118799
119805
58592
62819
7238
57886
83826
88478
891
79470
95872
40908
76773
102571
86199
12555
20551
25954
36490
34579
63901
66183
67204
120994
81993
76895
110912
93621
26906
73486
56576
73563
15585
61612
63273
10061
9222
64587
75867
83922
103924
81606
109499
67096
119135
11282
104454
115782
67147
81389
50469
109210
112303
53830
68890
110047
48816
53779
52513
15268
90977
80421
118394
24687
45502
122653
35352
110506
50043
103372
68288
78167
91792
118837
70186
24474
87728
57235
68874
95778
33619
7087
40547
25530
72713
93811
56438
24006
4043
63683
42792
34685
62022
1995
28027
100141
36960
5698
111199
53014
22624
58449
16502
69127
51168
63263
108361
76864
573
94400
105123
89103
71234
29218
37486
111039
117858
10387
76305
87448
34936
92459
73972
90192
34802
117988
107366
88264
67291
53828
17710
47366
9758
117696
84858
51955
37285
50607
84625
61986
115121
39079
112009
6488
21997
55450
55789
2704
100896
16671
80089
2846
105395
31942
59000
121750
54896
117278
42901
75691
15118
117013
105586
114404
42085
37961
97531
64511
67016
15863
13308
29461
74314
24360
111633
24506
2686
33466
47302
51621
33311
82450
48710
21853
65617
79336
51534
122559
91083
70095
21463
8704
87891
40489
69236
43725
27854
23840
108309
12755
118392
67633
104047
119560
67515
56436
90641
124708
124358
116244
100393
81949
41246
117994
55348
102968
116719
68731
42286
40753
118051
1148
78653
34684
22115
19341
24576
113621
17357
54046
17348
52151
87263
7478
47966
84373
70536
43160
48714
78300
49662
69756
107429
34175
112306
74481
110752
83189
120768
74027
37708
53590
62417
41056
36963
111880
90005
102395
94879
92550
60189
76848
84886
110417
6028
4089
75897
65927
34172
26414
2379
113110
110620
109540
1790
113197
23843
23942
27936
105206
53775
39818
94354
64107
92746
67801
26718
55044
31076
14215
6967
35643
98930
70572
90964
114491
12005
123102
95656
121244
84253
60019
123935
23457
24883
13314
113652
51171
90860
60711
78527
41619
40469
97422
7660
6914
20014
101336
77024
17977
87200
5636
64419
85843
31104
36459
121184
80758
48463
37044
59816
83119
114514
56647
47642
39515
45013
3773
116566
59081
93060
31817
35748
30172
8274
110687
34039
4949
54477
80555
30896
5152
15930
66062
47846
100060
47030
29429
64506
481
89802
69084
39840
63543
119867
122105
20779
23
2560
109300
100256
58903
95090
67843
40568
25504
84174
110642
88316
92286
9475
117695
61681
6971
57880
105242
6485
90045
81893
92879
50586
107233
84187
100418
107271
86299
38468
52562
37253
1266
37730
48392
50102
46910
65021
35046
76964
61180
98497
65004
100632
37405
76456
122816
20250
110650
20423
45571
65208
49657
13616
119678
45545
107692
56439
102851
98812
4215
94795
24352
63706
36395
8032
21097
36162
17771
36257
57394
41916
54901
80274
83531
55861
113446
107038
100070
103830
78583
99810
115430
15967
97126
1340
93472
93905
86171
61748
111578
84029
67169
46893
55841
82768
100631
76274
4722
21437
104323
14195
83177
123173
64466
108797
68872
112174
38344
14636
9482
28434
23621
116519
90366
115215
119225
35713
118436
72128
77164
72875
30854
2779
49501
11531
67175
20407
60487
10932
3952
121662
58766
28506
74858
106904
46625
47792
87837
108857
71106
117102
64695
27904
39430
18193
73443
53719
77194
42765
118221
78900
33878
24768
7305
70475
29319
122498
25236
2654
47504
85192
22226
66059
90766
83378
19855
6261
61399
58865
37622
75896
87410
124292
37310
94717
60747
104945
65429
24806
75190
14808
116925
90897
100852
117425
110214
72264
11913
13250
22804
118014
80909
84406
36944
82939
81193
36674
113406
23989
69940
26015
32529
16161
6570
85413
737
1497
109608
155
73231
34840
8316
3744
84140
61840
59850
29161
112194
60980
28246
45261
91323
101039
56041
19392
102974
113307
56472
73152
110468
95474
44597
110597
118067
88084
107876
42309
59417
10779
51143
13541
84467
87404
44123
117921
77421
7624
95500
15957
72249
41935
101132
80785
888
90027
4986
66895
100099
82662
16628
56614
53136
8086
92192
114408
89327
27694
52586
15449
49858
108099
98441
83139
65608
1229
102513
43100
49210
83809
62178
11840
102698
2401
81443
73072
112536
16243
113642
33162
51636
77495
89727
118865
3707
90513
85838
16875
110596
20894
66533
42958
42651
124644
58793
14864
79465
72964
49605
102604
123915
53354
32663
46851
112257
48699
49319
95383
113263
82120
38209
19565
106570
123169
69184
117154
45368
60031
36981
6278
124903
20657
6888
5376
77498
36563
12376
29458
45653
85316
61405
729
46764
95317
91117
85953
74629
74057
340
82985
56735
83950
89419
49112
111158
96711
112037
34205
15339
16460
41140
110943
121080
775
19995
64788
70802
25651
29210
15559
88822
87459
71076
109335
12039
112479
96184
65729
38762
9123
71352
57019
65470
47386
65159
79053
34165
28220
87432
71408
86213
11680
107853
23908
44487
85013
121748
31704
74502
116507
5950
107059
43408
72717
21445
51391
26858
31169
23612
56991
10627
69095
104753
104679
51874
64476
97443
44465
25787
30725
53832
53765
83509
94896
16195
41993
39817
122962
108426
100661
6175
51323
4170
41172
13698
89565
51362
19470
22934
9336
10115
74079
54230
26954
108207
72617
5273
94969
8187
65703
84689
73895
51059
86975
11362
101450
4487
45810
48415
3259
121678
88195
38639
72009
108567
115320
101623
14008
101374
62957
20061
43950
57489
79703
43679
87725
54945
88436
38401
45373
57898
14072
101072
49547
65399
61712
63440
70343
111905
53299
95708
12536
35719
295
40239
64094
108470
38315
32843
90866
91279
4031
47291
95933
44387
49689
39605
51316
44676
63557
57614
76281
114318
84580
56823
117597
78004
48287
60237
14037
40685
87683
75676
8173
56518
124269
60259
99178
11908
114419
83620
108281
103484
74089
4322
76786
39363
37487
46684
30844
41190
117647
73397
123717
97701
46328
124016
4643
45328
39906
69021
52125
35481
50122
56338
113095
28762
78235
97965
29767
6812
24362
27982
43195
10884
1659
10026
57103
99048
59362
43790
69918
95465
30628
63931
90373
70356
75003
40747
74935
33854
16131
59291
85166
48587
65080
82794
67593
114077
110006
2274
86714
45821
5790
84841
87402
6208
11009
123508
29935
13269
106236
92343
80137
34223
113153
38687
45926
118649
116009
2344
99845
94551
22820
73074
72641
114829
93126
116803
36319
100550
92598
100126
7436
57451
73529
113079
16123
63769
64261
91264
36561
30659
69497
20649
14772
21375
8968
71872
45859
105336
65269
40831
108027
97180
48573
123745
17578
14289
31984
28704
98448
6586
94869
114622
83678
87025
102175
64971
46447
95211
32475
2294
657
47185
63499
99034
108010
18631
80385
87956
68034
55186
50964
79652
23834
36061
95417
37546
47166
78471
11688
96363
95642
6555
5440
70531
88825
71417
59926
70946
92203
3820
8174
66425
65895
99055
111787
53259
89143
58397
12464
109690
60990
24847
79543
47253
69470
60372
88317
81105
88669
57445
119639
108117
66873
23278
66840
110766
14812
63846
69405
92248
62225
35867
86571
38402
27407
24391
68278
23613
57762
3093
11194
96682
18413
112208
12385
60934
29820
66165
76975
19848
30959
35061
64544
22913
69685
83789
24713
42560
56930
104241
75864
53199
20983
100252
60024
172
85181
78
66320
77013
79648
35454
43318
84177
69189
113882
86893
41798
79974
20978
51413
21634
105074
101921
9117
115116
92442
120299
117405
21821
39737
114695
105464
21039
69009
54168
66010
1873
11748
40128
83075
40109
80532
44961
15696
46145
45059
53787
47821
75436
36351
48523
26671
89761
61271
49065
73728
88650
35498
120464
36993
101678
37555
119372
3485
108384
2051
89946
65371
53624
118501
93345
95943
114274
2101
96404
96238
54448
109742
79779
22733
101527
20138
9543
4624
90429
14010
38391
46285
104974
108786
89316
121301
55620
22647
90245
72660
97098
48601
81379
116153
57841
100525
15424
116439
89867
204
8555
107787
24503
44860
46010
77155
117889
120300
22224
51423
46407
42434
124403
75428
43593
109903
51956
89268
64260
116006
28692
77169
20263
89750
54858
52566
25066
51486
107087
28229
41002
4962
27781
68222
12389
50066
12030
74563
11308
80559
45674
111163
70461
46249
87107
106989
119592
85809
123907
15518
118455
51302
22455
3822
115457
120832
48732
65005
106283
98961
62715
41068
63379
71334
113449
18245
67820
90956
119763
17000
91092
105802
105305
91057
41702
1338
81090
117684
98648
51660
117255
114657
114521
50882
90923
123836
77712
90888
24679
80539
66783
67462
34160
14415
30489
70083
63249
102885
25861
74989
61587
83656
42969
68272
2198
38458
32430
60607
94003
96824
60403
13804
50624
104845
70429
30237
118812
21232
78789
60062
81716
35782
112475
54135
45127
89396
52542
69886
90409
37682
31944
33659
110484
110263
102721
57115
115451
70419
40405
43108
65784
16686
106896
61107
18739
81351
107285
9223
51859
91222
117108
113261
1079
61637
70806
67065
63968
57517
3676
2422
44098
55331
88325
112348
18638
111382
83372
88434
76819
31949
93002
115000
80124
102378
29469
101412
75340
94749
71090
362
17620
81703
95030
22865
78252
102438
22318
60547
30728
9757
61124
49152
90989
117596
57108
51303
106243
46920
52658
106193
85067
100262
92388
9060
9783
76259
118816
35223
117411
11733
38589
46816
70658
25560
75593
70724
67853
58863
123586
19109
116769
35393
85229
100482
50608
98705
122636
31297
66392
113664
73772
101404
17324
34291
25768
34028
89908
107324
122398
54260
81719
61902
17762
119704
29416
52788
46525
114051
49239
77191
94940
109848
70767
6152
116632
83394
24685
66021
37475
90905
52216
4477
64614
105556
43441
104839
50414
87776
11450
88266
9055
66159
110916
74272
63951
230
38414
122501
14454
112472
9271
115725
123372
25273
65453
69893
120730
33973
5155
60848
10850
100666
56519
41051
10293
18348
80816
11964
75928
62680
85571
51070
12255
103787
91682
48228
21735
104482
5525
40729
7937
89470
113775
69053
47416
61420
58154
60871
67218
93787
45202
57788
98158
65289
22240
110110
41872
93922
2938
48876
111728
27991
70548
121203
97640
84962
114865
118657
91983
29914
121437
2561
117878
110967
72506
105188
16281
79760
111213
13575
38658
47215
102682
111816
23210
82361
19223
31016
114371
78391
111602
123858
113336
98253
14011
74835
26316
119414
20498
22866
67099
23042
55632
96119
82095
55570
93820
66954
76985
36438
44778
68963
124698
71685
82163
33333
15735
42619
99303
73042
19096
93666
34203
32473
4879
61197
4913
40339
44646
113066
12416
112716
61308
94793
78062
70008
59765
88655
35921
100454
81782
105846
76574
27726
8566
20142
25031
115218
35192
97127
35278
89636
80599
63982
105897
99458
33632
52578
118871
26621
104602
51120
2915
38542
5182
45496
13303
5566
7311
77503
75104
62649
74511
97540
28799
65372
115763
88924
111254
55601
21983
55371
64803
96793
111551
25832
75423
54144
40032
61549
91003
1110
8544
62071
118391
58255
95409
35341
50578
15713
104789
11797
120379
79396
62959
110213
38838
8715
91672
39320
102882
50676
38772
104095
22854
21226
31012
22924
30440
92927
89044
42764
61491
51166
7799
120839
93144
59473
93733
97212
114715
6979
121733
46778
63221
104311
115284
102641
81054
116065
100313
25605
15737
73622
46559
103925
122837
46421
82217
419
110962
69783
109001
85712
51586
104646
3937
24016
13750
26207
60752
32236
14201
44358
97789
11383
68796
103103
84990
87086
78254
53385
116958
115348
113268
104143
119666
58186
944
90106
83583
112647
91847
68916
80441
48218
20042
71183
75580
1618
106062
59133
55373
110383
55160
29110
66239
99119
18816
69067
65990
19665
57516
83044
23056
54982
113718
54345
64989
43069
79054
54693
66784
77112
44689
105505
108314
92366
35235
67298
123628
38643
12570
4993
16766
97244
119082
48066
54973
31328
23532
34770
5176
45637
4281
15992
71591
123412
13227
6251
4746
68301
12902
13806
116020
2073
4530
105359
74188
82693
33478
38153
27289
87361
108366
31385
36295
112552
105371
75387
24978
7064
77039
43856
6291
12556
77333
111901
22547
49851
52100
16804
27293
23007
62669
36370
112237
77799
73941
93119
65394
81545
21630
105291
32112
29716
49255
8304
120416
44029
57831
70249
55396
113599
105680
76988
29444
73013
73286
67465
54174
115601
13122
50864
60660
23874
93561
68268
105639
8152
30001
39917
116558
73463
98991
6207
59235
94137
41268
115500
46704
79426
56189
26486
42167
35296
59755
102331
1843
5408
39987
11123
66093
98194
50151
56270
74175
123605
63272
85046
38876
83167
105882
62840
55105
49836
119753
121618
58312
99650
77988
22074
16676
81683
2398
21530
64084
91440
90242
123825
103325
108478
61582
75560
68584
4540
121268
10711
112444
25143
106258
84718
118681
23017
46475
112442
62387
84471
82717
49123
111518
93228
36174
92564
5434
118905
26616
227
342
63099
97649
97795
44697
101436
81607
43615
93026
37736
19284
39250
59668
114350
80851
56908
108848
54500
22211
59778
9277
37764
71351
80092
111854
91236
88210
98128
9559
15489
14573
18836
95822
59219
88661
60870
47916
77249
10072
20510
6804
56880
22728
99943
1295
100269
70494
30007
5270
116883
9922
23161
106554
17085
105459
96436
70750
92708
102308
117872
37422
53456
108138
6823
121486
89764
54357
106931
87157
74070
85795
58757
15141
101305
23266
22270
76628
96173
35724
58363
43147
122281
96695
108901
23069
101804
67919
24617
47824
106753
121395
86556
52031
71761
43044
82856
78663
70688
34521
78787
42103
122234
30287
2576
13596
108382
70041
5996
11508
78780
56353
3214
2664
55261
122457
51658
63805
71593
16368
95924
45188
76143
15494
58355
54925
19892
68592
47956
59240
93488
108495
85651
5910
44837
19911
25891
8360
103216
88943
109154
102337
83350
75817
52643
88982
71705
113000
57592
113829
44245
112891
113333
17022
123738
22044
65236
116780
17990
87439
98827
34877
9711
46256
61546
92429
36629
105497
100604
31750
28415
63165
63075
120825
112794
112907
59166
9713
19562
95016
26279
2575
86528
37164
57981
95082
40552
121219
53644
16258
107754
6255
18817
60480
93724
4004
106075
70796
52245
97660
64596
103417
53146
31351
42904
92878
75264
25078
53158
79207
60950
100032
29760
123503
93462
63362
116796
119584
115845
75875
50753
49480
108253
73187
6949
122342
74742
113335
45420
82214
100487
25625
122850
49411
58224
44171
64211
105441
78778
38303
75015
96629
27643
33428
66423
56652
75605
13042
12435
44529
120060
14976
91517
123366
67034
3510
26308
71718
100357
116564
52339
107885
51529
120403
83736
26539
98015
46936
15588
22319
32297
26065
72552
16740
1946
54376
111013
104632
78295
28536
102018
27526
88620
104563
81322
71717
68777
107048
69906
49831
80794
120551
52470
94991
70784
18923
49207
40788
118415
122935
47899
92847
80574
1975
74441
976
31786
18111
69408
78058
87124
54078
12826
31102
58718
8604
81411
43244
9626
20257
31892
100718
97230
120447
109968
87593
16884
15208
92021
19814
5806
100134
98396
71704
5625
61753
44489
116214
3224
2901
57924
120170
32596
47448
47535
99542
110521
37336
112805
74639
73795
71987
8747
100587
45901
65588
57480
94638
113527
57754
48103
66316
65233
104073
41079
95228
1094
29130
64500
29491
32205
93651
22665
60078
112041
38626
100159
116015
61814
70025
41230
60127
105223
117614
88187
62463
36210
8706
14722
114638
114111
25875
47241
13513
108886
55507
122851
19930
11899
81805
53473
33200
87547
83537
16729
25332
89151
54904
41816
95821
23093
77349
85074
30571
98012
63374
51312
115329
72149
10110
39465
123377
45232
87319
105331
92880
18400
111102
15589
55748
34605
61722
63237
105622
23970
10648
41337
48489
7526
8319
47927
52497
36213
21986
122016
2122
3760
56883
73016
114841
63574
58361
1568
25882
63492
7470
40390
95194
106750
66748
17117
42021
64773
5818
30105
33970
21117
111187
121331
70718
123850
48832
107422
104217
2570
55362
33315
57594
119894
17441
102852
692
111361
82967
59595
44491
69655
36197
21941
57803
56712
39404
60205
88472
118868
37099
337
15801
112447
46067
25390
28744
32731
115097
66031
57195
99419
95903
12956
98775
106764
80348
38995
111182
110684
104786
110745
62260
57773
21119
9949
37241
95193
33321
80459
121411
92936
92010
110863
25135
6593
14251
70774
105259
65824
24918
114256
91922
64308
27190
67844
50831
101869
91300
115046
57537
38869
80647
41917
92640
20994
112525
22250
88011
1665
112067
96374
85445
102956
36551
791
61631
11412
90833
42799
42989
113867
59560
34474
2725
39960
20322
72970
16504
4336
14632
54836
42656
37018
25666
19850
90436
108746
75861
66298
106601
100747
42074
42919
82170
106489
40806
84010
41355
27032
51169
113825
22006
67662
110206
122866
9128
81952
5312
60447
50225
101052
71501
124235
112585
18744
21981
6015
105934
15500
64195
36606
100588
90085
42949
81410
38331
44186
91670
13483
38037
5732
34414
63468
23999
48716
67304
121826
23032
44957
117176
89928
23598
35432
14726
92868
24076
60304
22201
45164
84814
58538
111306
85892
118454
120716
22285
1682
97848
43832
31632
59421
87761
113813
103763
93009
16408
21868
70379
46575
80331
43589
47281
93189
29475
24047
4839
9104
92718
77050
39328
6468
6655
27762
48462
99384
34326
24678
121717
123138
57846
85674
42991
123944
96124
123869
29087
13460
75239
72299
68300
102353
5106
26838
78048
6244
48079
81930
122365
55057
66160
4715
76166
113134
3848
90907
77518
115196
47621
33895
43805
33494
307
20357
120543
37409
98970
21594
111424
5099
110424
73796
39654
98238
25888
92382
100148
107421
40342
90214
76034
57890
113676
32490
57663
1680
100394
88095
27197
1101
103294
107522
10209
72693
38456
101356
82043
12472
71166
64609
31569
24448
44177
14654
13079
86143
4728
21291
43369
25077
81639
104564
11372
63476
7514
94399
34255
79763
72671
72435
51444
54445
66024
62679
15805
57909
49751
84008
75417
121712
97320
116524
66265
50630
109045
23391
64608
65883
44428
29079
62820
9936
71342
18081
87647
31738
94580
54253
107186
39760
15848
6969
101676
42206
98642
103946
123099
5029
89038
48237
93525
4836
42218
82275
31611
15310
10368
70700
89495
49562
83023
64249
78902
59854
85358
79679
112503
33125
63617
48638
53372
85009
109689
89240
60739
72135
11482
1522
18171
36043
63570
97068
113229
106231
68114
58316
58046
83434
69358
36238
121913
123515
21574
24482
18076
58662
50566
41769
36318
67644
95572
58511
116963
19669
117217
11426
53550
106980
7941
23195
18950
104314
29779
71856
47376
10682
25864
68591
102550
33537
22756
84404
19403
63611
87080
80526
74032
6841
15032
75083
83169
83191
72676
31233
44724
52871
56746
87722
112604
106614
26636
58828
32203
104271
25183
99890
58078
91781
59763
11566
20376
42125
15265
67902
103672
11041
16607
44645
57969
59079
27198
29703
49116
122823
18496
103204
11283
56613
113763
91808
47917
124557
109392
17780
68781
60602
6863
94314
69048
6798
100130
86873
51147
91253
34239
53638
11997
9889
74110
17476
99617
68025
68664
21964
52141
117131
93073
30208
100643
90793
11747
70747
91852
38519
89789
120829
81489
12971
77998
109881
30869
25232
35775
87577
67405
44934
74753
124810
27666
46389
72449
3235
78898
27808
123214
116193
11046
74093
71909
87497
18460
21321
58574
107822
64697
24278
86223
84870
66120
63601
106857
84688
9867
80614
60248
52708
12240
90667
124004
120740
63180
37062
58172
5632
98987
71125
59656
77463
31465
118178
94810
101400
116148
33596
60214
22326
105946
50041
33813
26472
100997
95813
79217
88598
23058
76161
12377
84758
105709
109952
43652
16445
106256
19824
108906
30290
122194
99311
16801
75754
31397
45057
11802
108181
120675
95277
104154
42834
13128
30509
111242
11974
93999
56126
7309
16647
87803
78276
18688
93703
121553
44628
32844
78935
81180
49244
42977
95989
103299
37091
87743
93723
64410
43557
5226
1902
35576
26966
30582
25409
24788
92555
27859
121532
61578
69738
954
124123
123928
11237
71967
55381
41888
18319
79587
116783
68868
15845
47184
4064
90328
39504
71762
11575
58038
109902
43054
46230
103634
32016
2788
106268
89321
5813
105405
117179
79784
112469
4490
87888
45359
70760
68384
2789
40053
8352
64867
15153
13146
63003
49679
54740
63451
114797
24189
46170
56074
76856
119833
43641
92588
82083
51836
49444
87266
113712
57634
10099
35035
6540
30826
102831
51626
44653
79335
27480
101166
66599
22619
49436
64844
28184
120174
119586
9195
82171
102429
106105
55724
100206
102587
120472
83587
113967
30983
26767
107477
112773
62869
112385
48288
51049
768
117604
119493
11602
12507
54416
40512
56722
63320
66590
16568
67413
111343
32457
84560
82581
84347
14694
62596
122815
24790
90514
118820
38390
118576
97202
75994
85627
62471
98907
4379
106323
105608
34838
6900
100831
16830
121365
40873
3094
84214
77534
66570
78673
53273
83090
81515
112648
14122
99982
13781
34761
124253
58450
47360
26470
55454
22496
107367
49996
21444
18026
96120
48312
32144
37656
66723
59687
123143
74041
62497
366
70386
83898
41471
54027
61736
104505
92166
58385
43490
55515
103245
69614
123431
13751
106003
63884
58379
4141
75422
16954
35383
123097
44459
107234
76221
5546
47531
120476
95586
120162
109906
116712
549
69672
100314
112749
122831
16823
51780
78179
123057
62335
57941
37611
123000
24989
45521
72616
99661
45815
75037
21059
34635
65649
7506
27816
69305
62617
103963
60833
31635
48002
34779
17580
118616
118788
52814
100781
11229
27408
74724
79990
97183
85272
116470
119899
9022
76854
22038
15636
86600
42413
58705
114269
82718
3121
91645
85450
35876
74421
34236
87197
44648
55422
41704
9899
33671
22009
32885
44572
46146
67356
114129
40382
115033
62055
72087
78709
59489
51510
55055
31740
122771
16363
68646
104263
71229
113177
60552
89337
48080
79487
66859
52260
102801
52822
115094
21945
67349
26396
7881
15094
59761
40823
70106
109596
87929
88254
50168
24240
59136
28793
103906
25797
98017
73203
74176
1250
124785
6477
42019
61943
16635
59801
75226
21690
124298
709
18258
9891
16425
120747
8738
21063
35070
81987
33184
116126
112112
123966
26546
9380
118660
74315
1850
116688
46593
46276
41396
45384
112635
81334
3352
82180
53910
54001
103047
65947
54029
45518
121318
8403
80744
121014
44334
69443
80194
86539
122948
122709
55201
100760
92026
56957
34750
20581
66274
48856
40246
73092
47443
47758
105842
40467
65024
96310
29077
27843
103201
26521
91859
59476
95858
95446
118574
42082
82325
96725
32273
71137
98779
63685
41093
105308
78755
26106
111179
116613
117583
15038
84626
20052
84717
97420
20775
87195
28013
44851
17571
100586
15976
13279
32723
99540
101914
6594
15104
10978
35761
104746
29251
90182
85479
42248
9847
115246
121018
116299
52716
4773
105115
45826
68805
80448
89075
16698
81890
46237
71119
47097
78496
118894
109999
44623
119953
78101
116339
52262
96089
6390
82129
51334
92529
119388
62843
84843
15521
22900
120727
40412
62499
21348
124493
122685
28718
9493
117465
57461
39491
1663
87113
55336
1848
49287
104411
36379
21831
12486
40296
64573
46585
72516
4903
72057
29094
1000
69897
112132
65102
28252
72606
11704
123545
65801
77733
73794
89296
98029
29706
58341
68864
83110
123029
54228
19179
94987
25004
99708
115805
108481
51308
12489
23600
91752
71433
81387
84015
99371
123659
98886
59599
78060
18492
14206
24481
1722
23068
70656
27243
62554
2602
18536
111819
20135
11079
53310
97757
103764
11096
857
118007
123359
115491
104569
22112
27107
39435
88672
1216
88236
116083
124208
106148
120333
103460
41878
62602
82387
6840
100866
20532
19835
5256
103286
111844
17287
110188
41699
28101
120797
94961
22964
49528
25307
62776
4334
79251
97746
51656
57798
106629
12278
37234
48740
42620
35482
114299
105648
97882
117866
118803
90719
64083
1005
93642
74698
92997
65009
97713
78791
106005
108637
73214
8402
2902
85330
79660
122164
21891
118295
27245
114545
110925
64713
80911
19730
123722
65606
95915
3720
257
20047
117155
50613
92615
11656
999
109804
72119
70321
39020
74413
13900
103157
52411
27281
27034
71074
113856
28129
29918
49431
109281
88779
106190
11932
86128
49476
92631
111833
47910
27339
124513
97940
50352
109560
113145
113186
22054
111985
53200
42257
69462
31121
119506
113692
92063
82595
20132
61577
98686
104925
103538
24643
98664
116416
41379
110540
122334
118689
115901
99372
68167
55295
121440
14854
50587
102442
59803
5450
94899
55220
117046
124108
44198
110906
97997
44195
63755
101567
18770
65324
21269
50
78190
19406
37069
68127
85776
32423
7863
17941
124448
112513
105086
118313
42227
65002
30770
85938
51014
90819
91402
101654
46092
75306
38083
112544
84152
43624
115697
28411
1761
15178
6282
28406
42857
70284
23180
101410
103847
50242
58720
27091
59609
43921
54900
66985
77268
2960
36969
33069
112111
62644
3435
70725
111324
94964
89415
82992
90132
116869
77384
46339
34788
105463
20035
18683
55884
7157
115032
62723
77506
120185
56429
60443
4274
58135
110091
7855
3114
33589
7034
41662
77446
97363
55702
22679
63814
45858
37325
26033
69791
22969
2593
16521
5294
39474
74564
60361
109427
71115
45223
48318
47100
113737
20838
29437
55539
60278
34722
78511
30294
15075
108831
118241
55433
18359
64592
91932
31502
39437
31204
13870
25379
120415
92243
66837
66801
55781
36273
100437
49644
93196
117900
79807
70263
24214
43710
87559
114135
68448
12348
107152
98183
2987
96060
13283
66050
74993
54732
65166
83319
15341
27568
83185
48388
60807
70462
107260
6876
106100
95557
106862
114788
12521
6787
15627
90333
121321
20304
28405
122939
43980
12877
2193
3173
106538
7719
9244
113010
33880
22300
21784
76424
12262
73616
72244
558
87294
44547
37593
124819
34075
108413
80209
110522
110896
106412
53348
73823
72174
113978
76520
8028
30720
44010
85987
47180
93537
84148
46037
58512
13036
71514
68834
68851
108392
64318
31193
3465
118330
50210
23787
90556
82039
24890
36461
28575
20703
79841
51816
116810
7476
64949
108052
12860
114677
24572
115556
3473
67311
41059
43867
99066
36304
15629
95288
124535
95555
77679
42807
75194
104992
37726
26503
46853
2813
120602
72194
78221
118866
92157
77143
67359
67484
78146
89646
53924
82388
23669
16526
75818
36157
64341
61907
17526
48730
123833
47514
110564
54913
9425
108316
55774
89857
87583
72022
58823
27415
14038
10785
66490
116721
61869
83108
23597
26943
53268
100956
119648
27385
75756
69123
13282
121157
71710
10322
97536
86371
28238
30463
117357
79315
93221
94512
63139
29950
27905
63610
102988
11081
17846
56175
100009
56178
2114
89354
13888
28292
101454
107648
31147
108927
55308
105108
94851
117940
27189
26282
25233
23223
124963
30934
121646
34946
76516
36867
66068
20550
104351
106908
72944
80434
9811
15137
46789
38593
66372
2777
45432
121277
29135
55004
54794
120029
3665
87704
55460
65422
18839
29326
111924
49084
14292
115238
58467
91951
15332
110918
104025
39006
15421
118119
89869
100170
66904
24581
93036
4305
73723
1521
25517
108853
75426
106269
117043
5496
42751
97124
112862
85961
86829
43204
33540
59944
107124
84971
54524
56264
50935
101594
109187
29501
7296
61082
78768
30615
122092
4452
84363
49006
88130
44822
7619
6323
101899
63230
121341
19507
7612
100339
79937
115222
91741
51989
101627
51158
53698
65584
19831
103427
53452
74013
118468
42999
48948
54077
81467
86513
115503
121747
99950
30630
73025
121741
79579
108838
112015
118294
7649
76
109801
