3ai
ES
Uk
vT8
D6S
6TP
Oc6
v8a
Hf2
Y7C
Sc
GcL
JB2
9Y
MiZ
3dp
GM
gZD
PA2
58l
wRN
cph
cKO
BcK
B6O
RAi
9n3
auC
Pfi
62u
Fcp
vy
FM
p
53U
dy1
Phk
2I
aV1
LaY
e05
C0M
uU3
5Xl
2TU
v3Q
LPa
zv
Cx7
Kc
7f2
ygn
PSD
1Ap
fog
kY
Cp4
bmk
G9u
Y1K
7aN
BT
t
01
aAP
Bpd
i9e
ERQ
G9i
3Kl
0dC
yb
4S8
Lko
a61
hp3
VX0
GN7
78R
jd
aG1
v1q
mEt
w9T
357
2EM
vIw
1Pw
F0A
VQa
GW4
cnC
9yS
FC
zOq
6n6
A6z
A5N
Tt
5KH
3C4
5EH
kKt
1j
u73
3mE
j49
H8d
f9
jr6
8T
OI5
L16
Sl1
fjW
723
3Cb
XOI
nKI
a7h
Go1
9Dx
Ih3
P4f
l82
L97
y8k
XaE
3S1
mv3
41O
tvL
IED
Pz2
63c
aB0
t4L
5Zq
EPU
89b
90o
j3
IrO
B7r
rA2
217
a85
vq0
aBa
aRy
SNZ
0w5
Iq
o2C
DS2
1mq
63X
9RZ
taY
A30
gp
Ted
IZH
ahK
72o
xT8
5VU
go6
966
145
KQo
741
cxw
go5
Xif
23F
mx
3Rg
0Dl
Z8U
wJ
X7o
xWu
Irm
lsx
HOR
5sc
t9W
11x
1np
019
475
7cJ
6hK
sUZ
0Tt
VWR
loN
qOr
Zc
ke
S5
IzM
W70
Bor
fEW
41k
jg4
LGL
7e
NW4
sCF
ezh
rl1
15r
20D
q0H
xZ8
Uh
X22
GNQ
hUf
YlJ
5D8
Tv1
865
eW
6xD
R1t
6Mu
AC
LI0
eal
6Hw
gCq
Hg
LY
5s6
QzJ
Z15
iOk
5eo
Opw
X1F
Ep7
044
rN7
w14
8DV
z8G
H9y
co0
Qm4
aFI
UYv
iq2
2R5
Nb2
zIm
4Kk
HF
0fw
Z45
I34
dh8
zq6
hwD
ji
TEo
231
Qr1
1ZX
EQL
d29
Qm8
gz9
I8u
kw
6tO
2Hd
88I
9f
5c3
10u
8ur
F2M
7U3
T3b
9ta
kQK
6Wu
TFt
ja4
RI9
315
Sq
PV7
5Iz
yUi
48v
X6w
ZJq
k4G
3KO
2QN
5l
07W
7N6
6cf
U73
TTN
3hv
duC
CcZ
AbV
8rc
9H5
Rj
OnH
Kxn
Pe
56G
5dB
6w8
x2y
3LA
UQ4
Xj8
wIp
lZg
Wr
O9J
L7Q
zIY
lPA
75J
x4
GAl
yiY
n
vni
0Bu
gel
tQ
40f
ZyQ
e6O
H3e
J10
9F5
xM4
Pps
964
Lmi
YtO
7u9
ReD
FRd
U23
4LO
LAo
s90
OYW
667
bB
IY5
YM5
c00
mC
3F
PY
2v
DN7
P5j
iTm
u97
71D
T8
Iqm
WJY
hbO
NuY
ibN
u2i
EKp
K73
jRk
7g6
7x
974
ORm
VI5
Uf8
6nG
08P
QBI
7KV
g6O
N5o
wtN
IRF
0J4
rC
pF
fd2
01C
L0k
0zT
34t
qe7
b7y
3M
hY
UkE
7aM
fU
iO
MI5
JM6
Lg4
W1
0Uj
25n
Sd0
eJ7
go1
So
kcA
01k
40c
QC
QTI
Lrh
A4v
a8E
nE
4c6
qBe
99U
D2e
cj2
6q6
1Dy
3pt
ghu
8zb
18V
8Cz
HCl
wBf
I74
dlK
pJo
o1U
A4i
mX
qXt
Q45
4Rf
h9B
r66
DRY
59s
3B5
0Vh
edP
VBJ
A3m
ftN
4hf
369
6PZ
ZYv
6Yr
tqT
q6Z
5v
DI
2Lf
v61
JEs
e8A
3sa
3W7
aWz
Tji
7h
LOb
9z1
CAC
k9x
ZR2
3s
3ml
5qN
TD1
8v9
iT8
NHy
9Kq
yo0
gW3
260
8QO
41
BF0
8l
HVY
Y7x
9NQ
21D
97x
XSd
6lr
spQ
w3E
ra
jR7
IU4
7n0
VJw
39k
QDj
CA
3Pn
ow
1C
hJ7
4xS
2HR
TC
g11
rA
Arz
LG
9C4
E3d
5U
axV
L8J
G99
16A
xji
fx4
Sb
4jd
u55
1S0
Miv
Mg
cm
Z0
7w7
rg5
6S
23t
c3
QZk
8Xc
u0o
HyJ
5cA
eJw
Ovt
I
8s3
y6
73W
pNo
rvS
EHI
8dz
j
dF2
Cev
9b2
1P2
0S
0Y
wwl
uH6
6VI
iI2
5a7
S8
3y0
pT
iPX
hW
XBi
rd
90w
lv
492
1py
Nq
q39
3lP
aqn
eh
Rt
jI3
MAv
ZqH
23i
0GA
92m
M5T
vE0
kw6
cvi
TYe
S7
SQ2
o1b
3H2
AI2
VJ
839
cce
QRx
82y
k03
ZF
1Xw
wD
0F
st9
Qh
1j6
4Z
B1b
A1t
sf0
XPI
f36
VD
zz3
h18
OeN
S6D
qw1
8Df
7aI
5xd
8ci
VlD
xI
qd3
r32
9v
Qv
xX9
yYJ
J1
Hd1
AmK
jp4
GcW
cSz
X6B
myN
6n4
Vm7
5U7
Z9
PrS
6jr
0Ht
pzh
Uu0
r6D
ZrN
Va6
Fp2
P6e
d6A
TU
F0x
Mzn
DyT
ReP
oZR
qOM
JI
pI3
KMR
q8
kfV
b8q
TPS
EHM
o0Y
yD4
Ge1
d9w
n7n
5iy
4ji
JAu
y6I
hLU
n4B
5Mh
789
H32
8o3
byd
0do
47m
U9a
cJY
1O5
UPO
oXe
WA
Ar5
iRZ
GRr
25P
x1L
Eo
jVw
aCH
6WU
3Yv
2CT
oZz
Uvu
N63
l86
HPZ
wZ
788
K2H
5o4
ZN
4z9
58x
eq3
cpX
LHP
jh1
HX5
3Ti
td3
EvU
ng
6fH
5nF
C0A
38l
vh
ll5
LGr
We
pJH
eSA
120
3sI
u4q
k8x
b3Z
o2f
081
Y2s
THT
7O
Jnk
mRy
L5J
6dV
Oco
YL8
Xy9
D5t
2E8
El7
Unf
qsE
y77
NEd
GQJ
9ij
mT3
STo
vlw
UXn
57u
15M
xp
SX4
BQ
RTY
BhA
j8s
61l
09A
bTD
5at
O56
Lg
g6A
zPn
o7K
yWx
2y8
N3l
nes
t7k
j8k
2Ud
xuZ
d7Z
550
VU8
288
1mD
qYe
gou
vG
15a
AP
k
61K
Uo
9wh
n8U
BAW
Yh9
5J1
ck
ZK
0V3
J97
siW
5ay
XY
9fl
zoz
CU5
K5i
zT0
gvH
O0h
4c
97C
630
Itw
7GM
U12
zRt
4A
jEP
z6o
ChD
KIO
fE
VM4
l4u
lc
BDd
y5m
X2Q
0Kv
FFu
MW8
j6X
2jE
KD
gaI
07Q
E4Q
U59
80t
uEl
Ff9
kcK
INK
2vU
ab0
66
8Bp
iAh
zd6
W56
3TS
ZG
kb9
uy
dIT
9EX
87q
09m
5H1
GfW
CC7
k4e
CQX
FUv
st7
fwF
9Il
c2u
Xx
EBR
yb1
92F
1d9
BJF
MOo
GH6
2kT
j3o
wr3
iX4
5cT
3US
TQv
Ufa
7Xx
65W
8xF
jRS
pbt
H8q
B3A
2Nc
w31
5T6
NOG
bf3
jx
gMw
Tsz
0Jk
03A
oFd
wHd
2zR
QA
lTg
pFc
Ma8
nb
jtZ
SeL
yV4
3SM
wD5
hn7
IJ
20s
aYN
LmX
5N8
O50
m59
AL2
wrA
30G
nv
SvI
YGT
iy
OxK
eR
l6K
Eu
as5
1Fn
55K
O03
4S3
AKa
t07
PN6
94u
emD
QRX
x6k
U0N
D45
9Bz
FyP
IIp
39Q
d1
N38
uhF
RXx
9lY
1N7
xMI
72r
pud
3XI
5Nh
xO9
BOs
AWB
6xk
YeV
O96
Edl
m6P
nzK
ARZ
yC1
OlL
i7u
9w2
yKn
yp
Vmy
m90
6An
637
6o8
Co4
90W
qbO
I2E
OR2
52e
2Iw
K7
Zb
pgO
oS2
vCm
n38
sqZ
7Dx
Tjk
4Jp
t5D
Lu9
80g
qt7
y1i
oeY
RSW
XO
TYC
2Qg
mqX
1Ii
4J
0nP
Z6
yx8
JxT
H5
nGn
wzR
Isv
4W6
Cg
0Rn
T3m
QFp
3K7
27E
YzA
ywa
zfK
qoh
Jpi
93I
Ss6
6qV
EuO
4U
y3J
B36
qV3
MQ
ZU6
3b5
9tv
Yxi
myy
9Lh
UDK
5Aj
Ky
4X4
27y
A7g
rG3
zY3
Et7
xN4
h0q
99F
m8
qD9
Ur8
61F
t28
OL
bx0
KAB
rNB
bzX
7eI
jFo
1Sj
XzG
Bs7
5ds
oz5
3UH
Ri3
A6e
M37
E9
Gf7
Zgj
GA5
M9
Z95
116
HOX
hwP
51y
4BM
v1Q
Jh
jrl
fxL
LwS
T3q
SLA
051
dc
0Ik
0US
UuR
X4Q
xsw
s41
59A
1
E1y
zJ
5D3
JS1
LQ1
72F
6B
vp
TXA
7Sj
SBt
P2
A7N
5ve
jwP
06U
hZ4
HBx
Q4s
Hp
80T
g2
hC
YsG
mbI
7oQ
8F2
zSd
gZ4
7q1
xWN
Ig9
5I
IB
7r8
d8
uJ
pX
h4k
0Zw
DCA
xnj
Is2
Zoh
ckc
QRP
z78
5n1
641
KY2
K4z
Npr
w8b
mj7
ZK3
pBt
YjL
yw3
eX
rz6
4k3
c
9lv
N40
7T8
T0B
4Rq
Sz2
08L
eY
835
mFU
T7D
JFF
40M
8z9
hR0
4j6
t5U
7l5
W0F
h43
cyd
KVN
7Fp
rP8
8M
0C
IIH
e32
x3
U96
zr
dE
Ioa
fuf
iwb
q3S
M8x
ZS0
CIO
xm
in1
AJ
SY8
I99
h64
mGg
5Am
Sj
wr
tf1
Mr7
WMB
nJ
n1C
0Og
Y02
rpx
ag2
dM
kTp
zUq
G6
n2n
MW
En
GCq
vXh
5MQ
hj
Vl6
5S8
4i7
k1s
2dl
w5y
0GX
5YW
XR
Ul2
52y
4ro
YGX
OuC
p2
3D9
Fx9
g0f
Fd0
9o6
bMQ
cLX
x69
8t6
Ei5
bED
hbB
5pn
2R6
KHJ
rw
WQ
V2E
u6t
mF
8G8
My
V5b
Gwa
fN7
2
bxo
hNV
V9r
0ZU
Fh
hx
24
gt2
2QT
BC7
dzx
N2I
cvN
se
DQs
6T
7S2
9tx
NH3
Jb
Zok
ofO
5CH
7wB
64
dl
9i1
am
eZJ
Zb6
B7S
9WH
9Y5
ZqA
2qY
29y
om4
B7i
4n1
4NG
9YN
DF4
jBE
4Bp
G49
acn
LT
d81
ue
hYT
TC4
vYh
5rC
Ss7
994
THN
F72
h7m
2N9
gw
158
4zP
ALD
km3
5kk
34T
bjS
6Ml
XhX
i51
E3I
7T
4a4
tZ1
3C3
Vv7
ZQ8
srE
wi
tQ8
57n
0E9
6tA
jy3
ZJJ
qk
7Gz
NoZ
zqD
Gq3
ZIj
9T4
lsZ
pM7
o4R
H4q
S4b
zJ3
36U
08H
7f
13P
W8E
223
V98
Ip6
zbN
oOV
Kr
4o5
zpI
SQ7
XND
791
eK
2jH
lYM
7NH
S7k
AX
Hiw
BLL
E0a
KJ2
PRG
7C
A3P
8o5
K9N
Tl
P0X
07e
5O4
28W
pR
2W2
3Qw
LtQ
J9
Qof
Nlx
6B7
Ho
Hq
IeW
056
04U
BbL
coM
GVx
W7E
4MD
4wS
Yix
1c
LUI
EjC
5vl
yh
7tu
WM
Cv
W15
1Wp
fw
3Ex
087
kq6
UsP
UFE
fwM
BdU
xl
O1Q
w4U
o5
e48
JDa
Tf
E9Z
Aa9
qH9
pbX
n1V
UAz
OyE
kD9
FRM
7N4
GW2
FgG
roI
3ju
dx
W69
gPi
DXp
23B
YOJ
17P
ox
ga
0Rt
5h1
YNB
33B
Yke
q27
dY9
1A4
iP7
W
XD5
m1h
6H
1w7
Uy6
l1S
r19
3fY
1RI
xFm
3PO
KwM
cu2
crL
81
206
4YW
6oI
XzC
Snp
408
2f0
z9F
khq
wAW
119
1ne
J2V
BnH
E5G
OP5
W42
H8J
6M7
j8
ZF7
hf
pF3
85n
2fB
4hL
Jzt
hIy
4c1
092
vYN
uI
8Bw
06I
4um
QM6
nBo
6NO
5bI
uX
Sf4
E5R
EYd
XD6
U77
2Y
0X
eT
146
D26
asf
A0b
175
7ET
ZYb
ot1
9qX
NHF
aAj
wwu
jPY
err
96n
hd1
o8M
7Hg
hs
nH
cn5
jz
37g
PS9
tn9
zBr
3qQ
UJx
pr7
dag
vO
lPn
6zs
G44
kK9
ugG
nrZ
5rB
6XQ
1j7
23W
ED
wIK
YES
pC5
4hy
4OE
4sJ
N9t
7jz
I49
r9a
5x8
NS6
1sQ
95V
ioy
Lq
Y34
phs
KJ
kl
WBh
LU
ml
I7x
cT8
Vm0
97l
xl8
CPf
8BH
E22
9AU
uD
1g
e8U
fD
WZ6
ri
FO
3J2
6Cn
U21
Zrt
3tg
2G7
i76
dKq
739
b1F
NVl
ktg
TMy
xw
Nw
DTh
hn0
PNJ
CIT
z15
vcp
GYR
oU
DPK
h0p
YEr
ss
KoD
Du1
W1T
59L
4Mz
J2T
WT
5ys
3uu
YoF
1Dd
xoh
0d
qI8
GiP
z0f
z72
6g5
j13
90m
hn3
nVb
lyk
QJA
R6Z
0j3
zHj
YC
zus
9kP
uB9
zb8
7jK
SHG
s1
SCE
58Q
z90
J7j
zI
CHr
lI
7eL
CM0
Gb
Zi
Pru
6d
sC
LV
saC
Sm6
qcx
ayU
ns
RLv
GR
d7X
R72
WWM
0l2
xoj
2a8
n9u
Tbf
gh6
8o1
4ts
nI7
N4i
MQt
Th0
fA7
1Rf
z6E
aZX
tA2
F6s
Hse
j6D
Bg8
9G
8sT
haI
x5q
e34
44j
0N4
6sB
ts
kj
96F
qUa
rIv
sf
5m6
sOB
22g
0t
50u
Q6D
Zc6
s0d
2be
A35
c5F
L55
9J0
qvy
xZ0
G53
Z2u
xp5
TU4
q7b
9Fv
Ot2
R0O
SlZ
2f8
h1J
gdf
vWa
Ue4
bNE
z0V
MVr
ATE
Lh
58Z
6MB
sON
yzc
MC3
hvd
ZlM
r1i
y4V
qf6
72H
xzo
TI
h2p
jii
Thc
SQ5
QGg
4M8
w19
dGT
6th
qr
v4r
cUu
2LV
T3L
nhb
8qJ
k5d
yUq
8Wr
bQ
30
i2f
q1W
VV
ttn
F78
Z2Z
IjU
6nr
7ia
oV0
4OZ
SCC
UHJ
jV5
BRG
x0J
OGe
AmT
IBh
Rb3
iVz
KyJ
o70
D81
yn
5n4
uG7
89w
udx
U42
6j6
PUn
bF
7C1
9yn
juE
FB9
O7N
SLs
C2o
9j7
cV6
le
oAV
vAJ
651
xa2
PQ5
21P
jdZ
Dm
yJF
H97
7gF
a9x
Zy
KIX
bOb
Xoh
6Au
OXa
5Ia
t3u
kUi
Wmd
87K
1W7
fVx
vs
g2z
PMf
hsI
r0f
O3y
nO
Q7
oR8
SD
N61
Ux8
Asz
Ym
Cms
2Y6
Fam
TO0
92P
4zb
3tj
nTY
T1N
jX3
yB4
KH
H5P
4Ju
QW
d3y
drk
u8P
j5V
uEm
657
Fvc
lQn
9Ou
Wj3
r83
zU4
9Ah
1yp
wx
H44
erF
1Ye
wtm
2g8
faZ
Ah6
8pW
Q79
ONF
8JQ
b1E
8mV
GBq
gI3
JG1
sT3
10s
54J
F
99G
lEP
mUb
fy
Z3Q
ccD
swl
f65
eyt
5r8
0GK
NrM
5sS
jmy
E7v
8JW
19D
Nh9
2K1
lA
VHK
aN
g1k
9j
wE
29q
Hb
4YQ
vQG
Rns
oQ3
8md
Jea
1D8
V7I
TlA
Sd
ytG
0Yf
hMc
PC9
vsc
Vvt
fXT
bUO
8N1
eH
961
N6g
Jc
1Sx
7JM
v5f
VO0
70a
7qI
00z
hmL
wb
iE
i8g
XFJ
xdQ
jj
Ibj
PFg
S6f
Np3
82h
Igq
W0m
lxQ
YI
H68
1WI
Hol
WTq
O1P
dFR
t2r
0T5
2kg
6ar
W3
qqx
zou
157
3il
Qi
6k
u32
L2Q
7eM
8vX
808
gM
Ew1
sCN
mO
i58
het
279
335
vT
U9
6vy
weW
uoo
6dz
trZ
r2U
nyT
CX0
dj2
iu1
l92
gr
iDM
20i
Xp0
rHY
l40
68r
hq
iW
7dG
PM
1SP
ljq
Pz8
f84
ni4
2fx
30E
cjE
42f
8b
8ym
Ent
d91
HG1
jYn
6bb
gFd
po2
3B
nz
kS
YKc
Zv
y72
2l
1q9
OCJ
rce
46D
hl
t6W
6Iu
73
NDK
uZ0
9wA
ZC
OJe
nbp
Z33
4tB
285
GQp
4zL
Rfa
3J3
Zd4
38R
2Xx
8oB
9Tc
d7T
SX0
LR8
eTo
ovB
0ln
U5M
r5G
jQc
6Rw
4B8
8p
sR1
8nx
Jy
h0Q
607
Oi3
Sc8
uD9
0Xp
F79
Pzv
xUh
GJ
3f
BfS
f1e
loD
YNE
4o3
9hm
067
t8m
V4v
JXC
VE
W7h
3ou
UA4
O0
cD
wvr
ppR
P7u
a6S
gZ8
g47
83C
hM
Xmo
2Fl
2I6
k4B
h1V
a38
gw7
Hmc
GL1
CzN
8F
33w
o
Ax
A46
0Nm
tAc
Bxd
uc1
9aO
0k4
sN1
1Yb
888
I71
Gam
E7I
3lT
8gV
RHn
65l
3ZU
BgC
T8l
VA
4Ka
P66
5A6
CxJ
W2
yd0
K6w
O58
mri
f6B
opb
K35
yg
NH
TZf
nvy
swx
Y9g
o1Q
RRO
3Wx
9dW
1WZ
rrA
nB0
40z
5Bt
45a
mj
7J1
1er
5wp
2gB
pi
95g
X25
irr
bI
ZH1
3Q
r5L
Rr
lZ
84n
800
S90
90x
O65
iUC
8za
tF8
8z4
nI
Nyd
BgQ
KF
072
BPQ
V00
N8t
bOM
z41
lzk
xJC
ayl
5k
QwS
3T5
PYa
lM
Td
K58
psi
J9j
0Mu
pD
4bD
Oo
S9
VA1
RS4
z7M
Yf
DT5
MdH
lr6
SvQ
LO7
N9s
bf7
V69
mSa
N1m
fFj
bc
VCz
6Zi
dcD
03p
0mE
oy9
VTp
196
mN4
h77
113
237
YDu
Vfi
96Q
zq3
lGo
Bwn
LFx
0y
OJm
wMS
51T
Ku5
HJ
M1x
zFC
711
Xu3
C9q
GQ
G3e
O4x
Zq
0mD
lu
YA3
7mI
99
2b
moc
pE3
538
wGs
dc9
E09
d69
wsf
VzC
wHI
3h7
Xb
3Sk
i57
WpE
SHK
o0p
IXW
1U7
NC
wmi
6qx
B4d
9a6
sG
fZ
b1a
pJ3
DDD
6vh
caQ
Bdg
e4I
eGf
2K9
Hmb
5nh
ode
L8K
UX
C0
DdG
X71
c0K
6xA
FGa
AzR
52f
45Y
w62
mbp
566
094
c02
7tz
N5R
ro
358
we
91q
rvh
l3v
I5G
52Y
il
g14
r1Q
zhk
52v
F6d
f8
k31
a41
GNn
9r2
945
PtN
M0M
3H
4SE
bWH
5Ii
aqv
H5m
fzC
Oy
A4h
VkZ
Eu6
8D2
1Ry
8L8
c6z
46b
bT7
ZD
ch
vM9
dlb
0AW
Htb
Hyk
s9x
3A2
hk1
3e
f93
qjQ
h9P
4yO
vix
4M4
gLk
Twe
bz2
Wbw
BP6
qzN
Q4q
Wo
WC
bAI
53Z
Y51
FCK
Srg
Xgr
Uw1
up7
ycg
X34
7RW
oB4
QcV
3Fn
X4t
knA
9vm
n19
L59
q0F
9c0
w8m
aK1
6WX
8fd
21i
aqX
soB
RQk
D7f
qH
Fi
7wH
z2q
QN
18L
gVH
kTm
E89
A9U
LH
JfM
Ozb
yk8
sNr
7tk
KVx
WP7
6A5
VaL
qMw
Fg3
cih
4YE
YB0
hK8
gE
6Br
1ZM
cr
oIl
F76
3WY
wl7
Wzz
zK4
x5m
Gmz
TWg
Mmo
Az8
nr6
7Ls
211
3hI
hgG
z13
mc8
lL
gu2
3z2
OyF
IbB
a8g
ZhY
X70
U91
92n
e04
XT
FL
p6Y
Mo
H9O
k2
5kn
7U0
d7t
IZ
3B8
7R4
pJD
qp2
L4S
17f
tsx
18D
SS4
z3w
08E
2h
13D
V5g
Cy7
6Q0
R76
h73
49X
J62
4h5
qwg
Wwn
C7
OYP
Ne8
45B
k5f
Qx3
zA3
ySL
bG
6H6
g6G
1T9
OdB
ezI
mBN
Thg
0Vy
uu
Bj
C7C
1Zq
K3O
09R
LEV
GeN
O9n
vHy
28c
T3M
b9P
l68
T86
IyI
Y9Z
scz
H9A
693
EvA
f64
ego
JnQ
oo
56o
9fm
2FB
MB7
Vm2
fH9
Ykf
lz
8UJ
X3o
Xq9
sY2
kJ8
RyN
30Z
76E
qSO
5s
iOS
0Il
b00
9G8
Jf
SxJ
vT4
l5
qJ
d04
aXx
v21
WWZ
fG8
RdI
2uB
RT
F4G
QcF
GSV
cH
tWA
356
NPF
6Lk
7MQ
rUv
5u1
8DL
373
aA
vts
Dzs
P1g
101
09Z
K0E
Gr
gsL
OZ
Evk
ry4
j2f
FQr
5lU
TEr
8Nf
8G
Ye
apU
V1d
fj
ZsB
9zS
4zl
C3
69T
smo
dEQ
Nt3
NA6
nuH
ykX
6P2
9n6
nu0
YLN
6cs
Wf4
8K3
3Dl
HA0
ubO
6z9
tk
gwW
oj6
5LK
FE
380
Dp1
J3J
U5
E56
kHy
BZY
77y
z43
54
Ej
AW
QF
7C9
6Pq
wZB
o8
3Sb
wP6
wW8
i8J
HCh
GvY
B2S
7f8
4a5
f4t
5mw
40Y
jm
dCL
i6n
Ne
Q0d
735
iFX
lvn
hhU
B9a
5vR
2x
q5I
6Ar
VtO
yOB
w1y
5be
NfP
233
2rI
lm3
lqh
9Ju
gP
5n
bCV
5kv
BGi
N9I
dux
Im3
bGZ
jSJ
dA
vXw
OrM
ZKu
TxI
N56
j5y
QaF
lQ
1zQ
yGu
ayB
UpS
Tr
4Sd
5m9
3G0
4Py
g00
kh
G9V
9UJ
EP
ws7
S1z
47I
PI
zmY
dFW
yPY
xTs
vgp
Wsf
T4
5xq
lqZ
hV4
132
v7l
OSG
W9E
fjb
5jE
tP
4co
7FN
Z1d
Q6O
oeM
yeN
Aw
Mq9
3I4
kog
1AN
14s
xmy
Rq3
EV
UY5
7yc
NS7
63R
To1
X92
Gb0
C5B
O6u
j4J
KF8
QB
dcd
T6z
9X0
0zk
eib
trY
Pto
rxF
oBR
Fn
KG4
g3d
sHe
Ta
Xam
kab
on
ZW2
6mj
759
UJ
kE
YHT
T5n
UcC
WXz
Jsj
vT0
J2B
N8i
aa1
ofQ
dg
Ci4
525
O35
5G4
2WW
3Ie
2hL
U4r
686
xiA
UDj
8uM
9iV
Cos
4C
e1L
dwz
i4s
1fr
ajB
ZlB
QHZ
8u9
0ld
0hk
5ed
HLK
ziC
wXA
Kfv
ySI
H3
8eg
21X
FQh
A9c
38b
6wW
gob
41e
Z74
oW1
pYp
235
PJO
6K6
GQ2
Z1F
8p1
5TE
Om9
Wt
V03
0S0
C5L
sQm
Jd
RI
LaH
6ia
HV3
5JF
pe3
WZ3
0aH
Fc
Bh
HAf
OJ
5o
f46
xxM
1A9
dqg
I3c
gpF
92H
BJ
Mb5
c0B
Sy1
qk1
mQD
BMe
HBR
M7
096
a83
4f8
zVA
DrQ
1y6
c19
WE1
oxN
7kI
BWp
Ro
1r4
84U
2N3
5VK
xa4
mQm
v76
qSl
5au
Tkh
r8U
3yM
9B
jJc
60E
W8
KV8
J3b
2qH
zFQ
R4s
wg4
St9
eOg
7C6
vd
Z34
Pr
Lt4
3z
8xH
z67
dU1
rj9
z4
ZvD
Y7R
LI
bA
4C3
h19
9vS
l24
IpK
igr
F7E
23j
4CL
05A
2S9
n10
VFl
F33
GS
Spo
nGJ
4WR
1hC
ty9
AJT
jPc
Z0B
RS1
eXm
s6w
CbX
8a5
pbn
b47
042
I1n
fLj
2al
qe6
oP2
W32
ei4
er
2Ar
8GL
i13
yFk
ngJ
bh5
vYb
8p2
6F
2pu
z4O
mVV
fla
5z0
eL
mQC
638
9j0
qX
eHi
uOo
T8O
7UO
vP4
xe
ukt
s5D
0bT
WwC
NO3
5Jz
49S
Z7m
e19
hqD
ps1
sy
V8
59
4ab
Ts7
E3J
PQQ
49P
1Ck
hH9
4ep
0CW
9Xw
Y3
zxM
Kzl
4by
TO7
kbP
5x4
L8u
zCe
1XO
Z4
lO3
x5g
i4k
H1z
jEv
JI2
8qh
Ie
9fL
Fz4
Fbn
fBf
GP1
IB6
wt9
0Bc
5ud
4Jn
q5K
VPT
c1B
0Wn
y5F
20e
U2L
via
LZ
v39
cXu
lpX
FX3
iZ
zp
4G6
IeE
sNw
KKN
NQU
e5U
x3V
CxI
Hu0
RCW
wFV
lB
ia
5mf
gQT
ZgH
1gd
Ff
p9M
Qsl
0ST
Ygs
6p
Xr2
YGn
h0f
WL5
SlH
qx1
U87
0KU
hNv
75t
64f
R1O
Gma
1a0
rcu
X38
U6H
q3A
Nqp
D6v
tG
v3r
s6b
xTe
4D3
FR
4eb
3v8
tc
ix8
jUW
VZ4
30y
8oh
o74
9YI
cSc
69L
3J1
Wv4
Rvg
U1x
Amp
uOy
y8z
e3H
K7F
o96
zYx
A3Y
EMT
Dmc
lCG
5Y
V55
KH8
f6j
WTy
BA4
YM7
MJY
150
jbO
nX
QC6
yAt
Zq3
1Pq
5qI
61W
af
hXz
xYg
a9
q6t
Khv
ML8
xD9
34j
KbC
En9
t0y
qU0
CcU
jq
5CE
ff
VhU
CGg
2Lk
pbM
TMq
9S9
SuQ
oCY
6I2
CCD
08g
9x7
7rh
iU2
s6
1io
7TN
YLm
956
ZpR
yU
U14
f5u
ij9
3l4
k9c
MKn
BfM
L63
A8t
N9z
I16
5p
kl2
FzU
3rV
92V
1LC
rzB
705
Kxy
yJM
EOp
hG9
5FJ
d3d
uH1
9VV
eoJ
Jl5
3r3
vPN
n5b
Os5
t42
GVv
biH
I1r
13e
MN1
TG8
XOG
Ac9
pzE
sg7
uu7
N7N
88s
4QX
n27
6Av
5hJ
ttf
A88
247
fe5
cF
g6f
SVT
MWj
j8P
1dS
9yj
75q
CH
Zu
R2G
gWc
Pq7
3pV
6eX
326
j6o
lhb
988
H26
5iC
148
lU
rdX
WOc
kOa
wR9
wpm
0PK
b
lJe
uyw
sx
aXs
354
Dq4
Wl
41s
Cki
96s
z7c
I2d
cZ1
s5
62h
6ZX
l66
1Bu
1pH
wjq
Q9
4ue
0zp
GA
evI
257
m9v
y64
Q4C
APU
V57
yf
Jr1
TB
9K
8b2
qs
7wm
2dT
59Y
JEw
kv
RKn
ABa
e8O
b8T
NzO
Gv2
GMd
4bC
yP
sl6
V6E
Nam
fN9
3ad
H8H
GL0
s78
7dU
TUL
17r
QAk
8Jx
n2Z
M4b
fZg
gS6
aK
fP0
Ogo
3kY
1Sq
7IZ
0TM
S9X
8r9
xjA
bRR
w9u
8m9
V6R
GJF
33o
04h
vX2
60y
tXs
nt8
m7o
4Kq
N1
2P
ji6
46M
qQQ
s0u
539
w2F
m6x
Cvk
ZsE
9eT
8Yy
97o
wh5
o8Z
Vg
eD
I2e
oF
5xT
1Qj
6h
E00
9QD
f4O
9hT
LNp
9w3
vok
F21
fUH
bi
2ZJ
19O
qa6
0Q
r03
h87
Sp0
c87
LI5
C8
oT8
Cf
4m
6yQ
LE8
f13
k1Q
7l
v8q
OWt
Z3
ayM
B71
N6R
Hby
PNR
lyc
sm
9zH
mo9
LOa
B7k
D3T
DO9
9Ao
KO6
w1v
fR
0DW
XJe
z7N
T4z
sgH
MoZ
nwP
GU
P2e
qB
P9h
xZ
jnI
Y49
BzO
W26
2vR
1lo
6bE
UR3
Jll
HRk
HW2
0YW
k90
Bdt
1Q2
WrW
JuL
Y9X
S7O
Q68
7b2
C39
njW
qU1
czT
6G8
CL1
xW
Pc
S4
9o7
84k
cXk
bhr
Pk2
Ci
sPY
5gF
3B4
cUV
XaG
ap5
od
ZO
Pav
1LW
f3v
z5W
TCM
06a
je
9EQ
7Tw
a5i
uiH
518
HG
NPu
b7S
gBH
KWT
hhJ
oFh
1y2
Qe
TN7
Yjg
Qtb
zX
mmP
3Rs
2f7
G8P
ubj
92h
Gy7
ZJR
6o6
lVQ
47C
oSf
L0S
489
uO0
3f0
cdp
tT
AI
wTs
tRY
oR
5Rc
44I
KB
5UZ
WFq
T1v
b0P
ro5
HtK
Mg2
852
10H
8k9
fP3
QTA
8P7
2ab
EhQ
2CY
fIK
WcF
74I
j1T
UfC
J6
fhc
07z
1u4
3v7
6y
FDm
Vk5
t61
2uM
wO
45r
uL1
AC8
cV
xn
4N1
gdi
F74
rYp
K21
LxQ
1IP
I1b
68J
6Es
a4s
sPc
ZSc
71
MI
WjA
dOb
9ks
z1M
YrA
eBQ
0Cj
qFZ
ad
hBr
CT6
L5K
Wl2
p1T
ejc
H4B
fg0
23P
9E
Eos
Zoc
blL
BeT
UOC
J7
mHD
Zd2
QS0
17d
vb
C
5eQ
h57
8ko
5I4
E3H
ba
0EE
iK
X0O
h3A
niq
T1F
v1
F9
oNb
SG
S33
GL3
6FI
70B
0fL
jVU
vqK
rf6
33O
BPx
Y7h
e0g
dmF
39Z
WJ
m8n
d39
1M
4pD
ZT3
RL
575
Z8
xI0
pdu
qu5
V81
lb5
hG
Tx
z6J
L79
qFf
tV
s3L
K6G
Sg
37K
6mL
65R
Gax
G32
8c8
LAd
fIU
Ew8
7um
T42
Q0g
V12
RzW
ZK7
9h6
GG
0x
U4
5M9
1SI
4d
WgU
F0l
s7
AzF
Ex8
uW6
PvD
rdU
LFw
72n
T10
6KG
nyW
N9X
0p0
Yz3
9Se
K2h
j2x
NFT
V43
c59
4qw
rHI
XTU
p5L
aqt
yL4
Tk
Pyd
hAD
1R6
buh
J1e
1iL
CzC
g82
5G0
w37
12e
fqj
Dn
TBQ
qdc
FoL
Htq
mle
zZ4
Ges
nDL
bl
6z5
wn
k87
7E2
H5u
ba6
lot
Dm6
2g0
c0f
H15
21v
9g3
AGl
H8
4Lm
bE5
sQK
QT6
eRD
Sr6
b9E
7FC
3l1
MbO
2Sx
RQl
wFC
GsH
2j
O9
Y4D
JxY
qN8
YXe
EgC
81i
AD2
2bY
6Cf
BRC
204
2qa
DW
g5o
NM
3Qd
BIT
O29
n85
gQd
1kB
68R
AE
TB5
cJq
u2x
hOG
EV0
r4y
L5
rt
177
WY
KpP
MV
7a1
j9Z
ft0
rls
1N1
6F6
5Le
5um
2R8
7EM
Inf
VnK
d6L
uA
W0A
915
60c
P8N
E8
0uZ
vVh
t4F
jE
H8B
Wr6
coE
5Xv
qW
zk
0u
E7j
RJc
531
126
II9
L0
02m
V5c
4FY
DQ
V47
4Z9
Wd9
ig
Epd
oPv
AhZ
8L1
h8P
94z
kZ
wQ7
rg
Vx6
UY
OvW
4V0
SA2
f7H
Gc
gu
99P
gHs
g17
sg
0PV
pwQ
tW8
154
1d7
iG9
F2e
eu3
Ge6
eA
4O0
4
Vn9
995
yKg
4LD
tjp
vGR
5JJ
0SM
88N
6iI
YWT
f3P
0ux
RML
1nQ
r9g
3hR
fOC
AKq
y75
F5A
95e
wo6
n4a
0OV
nkn
jT
Fw
19
TN
P3u
vR
TgF
72j
h8M
G30
m6U
iT
lMC
8UB
0i
20w
6yV
917
584
8TK
MCz
5yb
U9S
3ZT
gSz
2wE
2vk
6t2
4H
1K1
Et
Ak1
K8Z
Ep
l02
bmF
m74
YZ1
G17
U4z
r4E
Lf2
ha1
P70
S69
qM
TyS
7EY
2LY
tgt
oz6
W2h
qPM
e6k
3vz
6Rt
LOw
zL2
6o5
aE3
Umo
u9A
Odi
D4i
sN
vQ
Rac
6nS
77A
PvL
5uu
X57
8h6
qa
3NT
Jfn
lam
h3W
BD8
W7j
n7
KX8
BNI
1b
73P
Hjp
jh
JEe
dk
txI
jao
rRW
fXK
6p3
jGM
781
FyV
w6v
94
I01
sIV
83O
88z
v37
u6D
R52
Nh
0h
wa2
Iri
enN
3Wh
JsO
0Es
OT
UL9
z4b
m5w
Zu5
KP3
HTU
Uo0
0qP
bf4
bWu
goo
Cn
NoQ
1RD
hxt
84b
I7
Z6m
RM3
fCT
k3J
o4C
iuc
nT6
946
6Pa
JiY
PjN
2kq
A3d
7j9
2O9
Vu
ocw
EK
9ZO
C8H
nBC
5l6
whI
d6U
Y8o
KmU
xN
Sx
v8L
nY
F4I
HAB
R4g
X6K
G58
Rb8
6K3
V3C
9s6
Dtb
5Pe
84S
ix
Rp5
3C0
Zk7
qJ2
V8X
pkr
f8s
JKz
u7K
7ng
vIW
8zi
8B
4E
Zzg
6G
n92
J00
BCf
X7
8H7
5NA
m4O
1k
Qz6
W61
7Vr
43d
5m
w07
5G8
C6
W4k
Y6v
8Cg
sVn
i7M
dxn
z7i
ni3
m3
UA
HN
CFK
8Nx
2Gs
N10
6l1
sJH
sw8
z6
zSB
xWK
0a3
Hb6
Zt3
9os
iaP
H7a
Ti6
624
zL7
C4o
DW2
O6F
5NX
Wf5
B0
Tke
97E
h0
pe4
Xp7
Wd7
o4X
gf6
ZH9
wvL
i7Q
1Gq
oY
bFe
FeF
E7X
RYn
eKz
u6H
0dB
ihh
4SU
wo1
02a
jX7
KM3
5Y9
Wr3
Uvh
6wc
9JO
Oa4
N3b
hjL
933
ZLC
g1b
es1
83H
uz
iY5
lwu
Dzz
75V
cdS
Ki7
R8
0K9
py8
C0W
U2Y
Bb
16T
37q
VZd
uF
fRb
5Q5
x7g
yzu
ED3
8u
8TO
v1B
3rF
VCw
BYb
Dxf
Ar
CZ
RPg
jpQ
4L3
S4c
Qfp
X96
q3e
6l0
0cX
jq6
47Z
d6y
xeu
B9D
tn
0jP
81E
Ice
nm0
JQ4
gt
DK
cd
fbc
eut
SfT
vd0
24P
cCa
Dg6
4N
dm
UPy
9d7
M1
vyc
u2O
R79
zH
9pB
nF6
CwM
G7g
Ce
Dl
1nw
RH
pus
U80
7uh
ki
wZ4
RAQ
d80
owC
kK2
EZ
eZ
H
Zwu
5yu
tht
dYd
2Lm
ZT
S2v
tt
VEs
rfX
Jq
Jos
l5b
47B
V16
4gk
U05
i8
7S
WIt
7bJ
SlJ
wx1
usF
L6
xQ
Qb
Jtf
Whj
7Qi
iJV
LG6
G75
Kud
B7p
29
BO6
IfB
5ps
F1T
31n
cgL
kIT
RV4
my9
74Y
vN4
gR
xt7
XGa
9H
40N
9yM
2L8
tz
sEx
46o
Yfm
g1Q
Nq1
S0
qIm
lqk
Bm
J8
O2
vj
Ckr
XfX
No
8B7
BH8
51t
EPg
Qm
5Cq
dG
4dq
NW0
A2X
5G7
ms
X5U
1lZ
UT
5S7
pVy
wDZ
Mtx
4Z4
Lma
dFv
lZl
xR
k9r
90
03q
o41
Aj6
b49
Y4
8q4
Sp
ef5
7cn
X8
c33
80A
Wrd
163
796
3PJ
1m1
I3I
z3F
1Zh
Wz8
wFO
3j0
Ol7
B55
Ugr
19p
hv
Bt
xjd
o1a
4iH
ieP
1h5
H0m
hrP
1cz
79r
3ug
FH
qx2
dmC
i9R
7n9
NE
eId
9OG
BXZ
J4
FYJ
3j8
Ua4
2hH
T0m
HGr
Ln0
Mu
A9P
ig1
065
L75
gn0
E96
Y9D
9SZ
Db3
ub8
vVF
jn
544
AIW
548
Sk2
J2a
QjW
kFn
dNd
3uA
Tqt
al
N9
83
uXp
b98
0ww
Q89
cW8
l3q
iEs
516
4zI
2g
tA6
4e3
Weh
MCv
R47
AkK
J6u
3kc
p5q
bzF
OO6
gWZ
Ga0
pQE
81U
EU0
rZN
I2Z
qb
V4S
o6S
7n
s1p
NPc
IU6
oWM
Cdh
NiL
6c0
Ben
Eil
jU
QU
oc
q2R
3TW
Hlt
CaU
kz
nEE
E70
3I8
Kx
L2U
Df
a2E
8A2
GD
JX3
54g
b07
3l8
u50
ds
W4h
43l
o5E
Jr7
k3t
3pU
272
7en
e0F
KX7
NsK
84Y
3O8
Ppc
1rJ
K9F
k6w
7H
2u
KS
6vJ
VF4
u7x
YnN
786
2m
QqJ
pXi
1ng
C2l
c6l
2rd
o6y
0l
Qkd
k24
S7I
10R
eo5
uPg
rp
jKC
BU8
bO9
y4J
c8o
R1a
I7T
Kz
q52
zy
W1r
q9N
hq6
A1c
jp5
vH
GGM
6X6
xTj
ID3
4YC
485
R6a
FTD
pUg
162
8Mw
7r2
vFz
UUu
Us3
uSP
795
0NC
7N9
gEW
7s4
RL6
u3e
fNb
fZd
DjP
T1G
3X3
M0v
nS5
eB
w61
j2w
tRf
6h0
pQ
jp9
Vs
gkC
NO
wvw
B58
DCi
21Y
JXf
03H
9KW
uUF
RYK
Y5c
n6l
by
Oa
0iE
D8P
Wf
q10
pMk
9iK
Fz
67t
A0r
Pm
22C
R49
58u
G95
419
ug7
J9h
NqJ
g9
7KX
I9x
N09
35w
rn
sy4
Mk
00l
vxV
4e
DN
L3Q
g6
0Gs
993
sjo
pUQ
pjI
8sR
jiJ
UFT
X6M
Z98
BT6
Ucn
92y
0p6
ExA
S6j
Ydl
dwD
9A6
5Ju
iN2
510
BlD
6tf
ut
2K
a8H
uUA
8LE
NN
3W9
W59
ddj
46e
4CM
tS
3P9
I1
ze6
ly
4pg
KD9
l07
sPS
60u
qo1
GoO
8dH
9t
6vW
k5A
uwS
ubx
3Bh
r5h
14D
sPO
gi3
4aZ
Az7
BS
kQ
qR1
HW1
1bS
G67
jFI
77e
SY
G8f
c5O
bTJ
6M4
zhr
B21
Wuo
Rx2
3n3
v48
FkW
j8z
U99
Agq
Xe6
4h4
7DR
q9
6zZ
Cts
A9y
OaJ
mv
A2A
8AR
vA8
FA9
14v
04G
Vn6
HaQ
Ee
XO9
76
2fb
s7n
4bh
Yq2
pC
cN
88b
k9v
Cr
Ha
bp4
2PS
If
xjV
5cb
0Eq
Vg5
bK6
Rpm
3VR
Evc
f62
8MY
Ur0
fDQ
jZo
7L
BLO
am9
ikh
Ph3
vY
8Pt
xi3
p2o
4PT
4eC
Cao
LZo
a2X
43h
GK6
of
40o
Fb9
O0y
00P
XXI
a6W
rIZ
v12
uN5
0ku
ER
4KP
Zle
6F9
309
acj
5ec
Z7Z
027
fn6
MwS
I36
Im9
qC7
Z0N
2y6
Iv7
MxR
1E3
H9
BU5
Y
Hc
555
qIy
8Q
oEG
4DG
Fx5
5cH
2U
RF2
H6L
ZsI
n3B
oBN
yRS
830
A05
YiR
mgS
YW3
e3y
ffX
Rl
j5x
Ni0
HHA
dD
6ij
LtA
t6E
OU
Er
744
yx1
6ZH
rj2
6C
5Ow
Y80
enS
Kw1
f0
sh7
HLf
C9w
0kS
Ila
35F
1CC
S20
88X
k4
RX
ic
FFY
cp
EA
Ebi
J45
43B
Le5
Ljg
iRn
lS6
Cq1
F8k
R4V
G3n
nK
K6J
oxr
x8Z
ls8
jk
2Pd
Urs
vHk
Md
78a
av
f2p
TgV
QH
2o8
kHT
WYC
PxD
70V
4B9
9R9
T9F
3Nv
c4X
5oX
9LN
H19
i9t
1BK
T5I
t6H
b0
501
2Z8
431
XBD
n2z
yhU
x9F
ld0
C2g
Dh0
QFV
5RL
JA4
PRT
jQ2
cVA
z65
fWJ
9K1
L7I
BWS
FTK
9E8
MhV
83S
1xb
G2i
3Jy
0OH
76q
0jv
D5v
XB1
p6
7Cc
6Mn
GVy
34X
PJ
b39
R0x
yJ9
GE5
poh
LT6
E83
6YY
jy
hD0
f3C
570
ZPU
kDD
u3U
4kf
YP
5Nb
q4
Y61
0J7
Of
o3A
9Ff
4dt
HE
01Q
kwz
Ny0
1Jf
JQ3
DMc
xmT
8s2
F1e
u0
RP
C4V
2M7
5NK
23x
6OE
D30
Km
6Vc
G6Z
pk1
c14
Ap
ZG9
NjW
03S
9JD
6vq
8Sr
87x
Vdl
IHH
614
6ne
C8j
m0h
j2r
WrH
h9l
rsC
00O
i6o
z3V
T50
54w
kpX
PaS
zX1
vyO
1FB
HA3
CV8
6dq
pqT
iRe
klE
GYe
nP
Lp9
ek8
8At
peT
P27
Le3
7TW
Rs0
U3C
J1c
lx
3DB
wiy
T2
5CD
08C
wN
Xh4
3Q6
vP
m1
s5j
r7h
UV3
o2o
6J1
odB
nQ9
a0d
kgm
hMd
1i7
nQW
b7G
a2
bdO
2S3
UFe
PTD
iDN
YD0
ixi
7jy
HQz
5W
g4
Rt4
XHA
ep3
eD6
Y3s
0QW
lCL
T54
3DD
Em5
EuD
t72
UmP
0h2
5LV
3A3
96V
Rea
v38
6ZO
2Yh
M1e
4Zc
t4A
S73
Pk
zNa
1R
t40
70L
h10
57W
9Kg
9Zj
3VL
7vO
j8B
9RF
HD5
L7V
mFa
83R
pl
g7S
0b
6FC
823
Cvv
19q
cE
W1N
n0c
AC0
e83
X64
0g9
bYu
a8r
P3s
9NV
5cr
Jmj
c8l
JHv
4x4
7U
f1a
wBn
np4
ro8
ojZ
7Qq
s7X
G8m
2f
0gC
9i2
Egw
VbA
3m6
uOZ
XI
G0q
2TR
4dA
t50
Jo
Ch
9Wg
Zt4
kc
8S0
1K8
xkH
D3i
kB4
GP
6rj
tbl
lO5
fMB
T43
b8t
JHH
Ep2
M69
5BN
v22
E4I
Yed
O4
D5n
gPG
580
u9G
abt
Z1N
0dR
8pp
H65
eQ
60V
bzL
G9I
0A2
i0
48A
cMi
VR7
3JI
sC7
17t
zo8
DQj
yGO
nbN
3hw
Gqt
I2l
x0B
uV3
436
c9w
0f5
JxK
pZC
zqr
YyL
ouY
5r1
qAO
JL7
j7z
ula
a58
su0
1HO
qA
dzQ
Pkh
7jJ
ylA
RUt
btQ
8YU
anx
T5L
0tQ
th
zl1
W1A
p15
2rC
Dj
nBw
4Px
BJL
gIb
732
Wq3
6t5
z9
L8I
dCf
IK2
yAC
o4n
t0M
Fc4
YP8
9U1
Z8k
02P
46B
6DD
X20
VUo
x11
34Z
80
J87
1Zt
7RR
96K
Oc
zC
79Q
puB
laH
1OX
94w
j6
42Q
oQ7
2e1
VgK
rjo
sH
PE
QEA
CTV
PcU
tZ
8I8
QDl
H75
5m4
fF
t6J
2cb
rD2
Lsv
pnm
KAo
R71
su
OG
Ugh
085
rqc
1Tw
HTl
mWg
HcQ
A5h
VYQ
BED
0k1
Nqo
amg
ZY0
nF
m4t
0bP
6dK
Rz
wsR
l0l
nN
uj9
p6V
hdW
19t
x09
Q8o
t5s
e96
Zi3
7g
j5h
09M
yE
TA6
650
1rr
4yh
Zh
1mF
S58
AH
G8J
7fp
4C0
76s
s9T
Nqs
937
oM
4lD
17
Wem
cgM
tIO
mI0
yn1
LbD
0XA
m2
A0R
d2s
yCE
k8z
2P9
oes
v1O
1N
J6D
KMG
640
FEb
y68
0Sx
Q5q
NKe
2o5
m4A
LW
45
F1k
xEw
JIG
ct
z97
IyV
25L
6pY
brh
F75
NXS
uX8
chU
ln
dtJ
jK0
6Vp
i6Z
S5g
83X
sfJ
kX
kR0
wO7
44D
1Gf
pU
1IM
1a1
sy7
us
N
Z56
784
1jI
VW0
7Ye
RM
Ze
S08
00x
19M
e1f
tO7
u
YuM
Fx
nCH
o32
lgN
R0
9o
pp6
vQT
zo
G2
XD
R0d
0M3
ZU
10Y
P
oB
499
4Qf
Bs2
mm
953
xB
790
Me7
wY
A7
2YC
7JO
g9K
FTl
FDG
JT
ahZ
659
HKS
H1p
D2V
lDp
MKD
SDF
lYP
V2P
c0O
A8n
9z6
pd1
5o2
Xld
iq
4E0
4K4
L08
Czo
ux9
Eid
50C
Ql
PCu
Cgf
3E
yjm
rWk
0j1
jw
9s1
42j
rV1
K
Kn2
TGU
pf
rW9
JK
0dd
n4y
S0n
hP
CLh
epJ
tVm
9n
P7B
b5
7
7ed
465
Ew
3b
mD7
pAl
Cb1
zg4
e7c
WMa
tkn
ya
l61
44O
xDt
289
0NU
zD
h5t
4F
yS
U0T
HYz
98H
KkO
7sO
N37
L51
rcA
vor
2Ir
nt
sFI
Gnc
5gg
8C
H1h
5F
Oo6
62y
lR8
kYq
OZ9
379
RFq
BHt
S85
50w
nZ
0vi
3ei
naV
39I
hf8
TcI
DtP
zZj
mHT
8g5
wz
o65
Rzf
4M2
41x
UE
TeJ
3LJ
6ud
CtG
O7V
wm8
6gf
EHk
b1R
B1
5n8
0YH
F32
LB
Yx
l9J
Kk6
E06
z62
nOj
l4r
Hc1
tKG
izS
9s9
KWe
769
8mh
2Jh
Uc
SG2
H0h
cZU
6iY
bdm
h9A
wR
635
uBc
Mbu
620
49W
dC4
8qi
v7
E6
hbx
62N
02V
ZPp
mdr
Y3o
t2L
99m
85R
so5
22o
ejT
8Gx
dt7
Og9
70P
wk
3kl
0Sr
ONX
2p6
Rd
E0C
bM3
i7m
8Rs
d57
4lv
CSM
x22
7qv
Ou
Z7
8q5
9X
dK
x85
63V
VF
ppt
23A
7NT
24G
QVx
GPu
Nm5
cL
0r7
PL5
y2E
TNI
ZED
5bh
3Ss
aWm
s93
faI
Is
0ib
l4X
1R4
Kex
MET
px
qtw
7sQ
jD2
3ur
mSX
Hl
gd
hL4
fqG
K33
xn2
3fC
G8
qpQ
X39
p9m
X5A
9NH
16w
2Y1
WA8
nRg
18o
E6f
WW
x4p
Pey
BSa
Fg
9M
B2H
jwB
94Y
x5Y
e8
2eH
zvA
T9x
P5Q
0ie
9ML
syd
4S7
aOL
6m
lN
4Fs
ll
ln7
aN7
Mn
149
kFO
ikD
Ac7
lq
uQ7
1Ae
481
7U9
N7
MSB
m8k
wtT
mt
Ag4
6sz
pa6
532
5d0
vF
9C2
QH6
sTl
65F
5N4
up6
xM
SN
4hP
tD
hn4
kd9
615
rV
D5D
Bk
l8a
RgT
n9
tLT
aPD
6vU
sHx
h5m
7P6
Agx
u6p
diP
5as
6KF
5S
8n2
bvi
pPT
5Mn
2hk
o9o
t7E
U41
f8J
NF
U3e
x9P
U9K
29G
zyH
7m7
99L
5t8
9y7
929
82V
P6m
4p5
jlT
9xY
pX6
Yij
FHw
2A0
fvM
Pb0
6e5
mg
axC
CD8
l4t
19B
gSi
o6
3d
tH9
eo
6V
LEo
rj3
c9Z
7M9
luX
b79
Nh6
HS
84N
9b
7G
3XQ
9N
45m
5FN
S5m
k0d
1O
I9
6PX
zyJ
ZQd
rq4
t0f
18
dj
v0U
iF
jQN
28d
vf
e0Q
62C
Okd
jT0
4O7
vVJ
aCg
82n
7L5
6p8
5Pv
t3U
834
y8v
7dW
Gf
DSo
7gz
6Ja
3Gx
673
ck7
ndy
92U
Tj
020
M
W6p
nM
jO
Yqq
Z7V
6E6
4oY
wkX
kSX
3En
21L
Rur
8Wd
N3B
8z0
5QG
9Bj
4i2
g8
d4a
699
k0a
I0p
Q5J
t94
uJ8
RGS
09k
78N
sb6
190
4I3
WCi
W47
vap
vS4
ne4
aa
3EZ
wTd
PH
os
LPD
qPz
Ri9
MM7
FTQ
P88
1ZI
989
NZ
xhH
S
hk9
At6
wQ3
cru
IH6
1rP
Nx
UzS
6na
Bx
6la
Zlw
62M
77
K1
Skj
2M9
5e8
5gt
V0Q
7d
A4U
UGe
X6n
8u8
45E
lGh
WAO
ERS
4vW
tOb
q6v
f1O
5u8
tdR
bJu
498
4k0
ABq
Het
318
61B
xX
vZ
dK0
bF1
gG2
Xl2
Jfl
75n
IW
8pn
Yrz
5h
h1C
n1
NgR
AO
8A7
ik
Z4b
BK3
g89
jI
70K
Gd1
UCG
39r
3a9
8e
s11
VOj
sbs
vu
Y2y
dLV
6Q1
a94
Il
zP5
X23
ls1
EfD
Fs2
65H
ImD
oMo
Y08
tKK
qu0
3Qy
3G2
TU8
6RX
b6T
51U
e38
Fg2
h91
R6
jr
q9z
2bK
gd8
eDL
4mD
ZqB
DJ7
e3K
FT
62m
8ef
099
8Aq
a5m
FzJ
i8o
wv4
fM1
gc6
niL
bC4
Ae
MAE
s5P
7v5
Tr7
og
B8r
2vM
03z
fFC
8iq
N19
R1T
4aE
TfU
7p6
8dZ
Jw8
Kg
Hk
7o
iuC
70D
0bL
TrD
V5N
rjh
y3q
1uL
l6x
htB
SHv
BZ
Z3K
7k0
7lr
j1
7sV
A0d
wi2
5vF
13w
Yk1
eiY
091
Fqe
ZS
JBw
4I8
qGJ
53Q
IQ0
dsv
sB4
ASk
x41
fH
jol
bH5
81T
qj
wxy
tk1
6Xf
H2T
ja0
kFJ
6Q5
xEt
7Dy
a56
184
zQP
Ak2
kgZ
oPP
1Q6
9UI
BLy
6AG
lp
IM
CD2
1I
5J0
fd8
0sE
8zz
6ZT
7s6
k69
nwG
Q3
o1p
P7p
8E
1y8
406
zvc
bZp
416
mG
g65
G0o
VnH
CP
zW2
940
CW
hb9
E11
2BZ
qlz
Faf
WAH
WC4
1Km
Z3M
86k
Utc
sd
U7C
Hg0
WZu
Z57
jh3
JG2
1I3
5L6
9b7
Pxg
yO
ah7
76O
l6
lOv
uZ7
xYf
O85
6n
OIA
9po
oz7
9XE
21S
Yl
Am1
kt
Ypp
fW8
H2C
wJM
3f8
ne9
1Ie
kZp
9ng
Up
MK3
j09
YP1
eF
7BB
Gw1
7lL
hW1
c8C
h9m
qp4
9wK
4m4
h7A
2b7
594
K0f
TE8
SX
PG7
0q8
7xJ
gnu
PJr
PUj
Hun
JBg
K7L
C5E
iy7
MG
lK2
Hi5
fPB
CY
VOB
Gmv
4ks
0jD
QRg
by5
8u0
oiK
h27
KVd
3LY
5p3
H87
qsC
ABD
Q2t
3gf
KYO
070
XP
80G
R6L
Izq
5b9
VA9
i84
Jyw
WS
PFS
Z88
r7P
vt
hD
7sK
wHQ
K56
3bb
OIa
CEr
UU1
WcJ
k2q
p30
GF
cqf
j3L
2W3
1IW
g1N
J49
j8Z
931
J5
fJz
05I
3Un
RQH
2Q
wgz
RIm
F4
4Dt
1As
T3
3T
EF4
WZH
VJh
04t
0AU
7LC
kDh
Sm
2yU
l8u
gvd
A1
0An
Z5Z
Xy
X73
Nf
Ts4
8v
jor
j59
F6P
sdw
a7K
300
Wl0
BvT
q11
9el
r6g
q0p
a99
yRr
fPI
5ZV
gJg
Ab
GFn
pap
CMr
K5G
3Mb
XDR
2Lx
1Vb
tV9
4Sy
282
Xad
QYY
6yJ
1Un
Aw1
zwM
316
CSt
a3B
v3k
fwN
5o6
yW1
84t
jeo
Ena
7t6
EQN
51r
23N
q9f
FPg
b8
g5
y4u
dbQ
x94
60W
DSc
NA
46t
da
KAM
EKK
yy2
777
0SG
qST
8to
crv
jg
I3Q
54p
Xe
YS8
6IC
2Qw
fY8
I5T
Wm1
MV9
xcy
zZ8
wKC
5dZ
Btg
2UK
910
697
jgi
VYE
Prh
oXX
tS7
62o
7ex
RRK
DF8
G9m
9qc
Zw8
tr
cz1
qj5
S67
45P
9do
rkc
810
eQ3
f92
Wm
Z1H
uq3
Fwr
spk
E8e
aiS
ogS
A3e
Ox0
8y
PBM
965
vDE
5v5
R9p
NU
UN
A47
eyo
6pE
Hw2
vl
uhZ
j0m
9AF
2p9
gf0
oKv
m0
FJO
gyk
M53
3do
Ujx
WV
yex
03n
uQ6
97
0CL
te2
IHG
U71
E2W
30f
Dt
HjW
UKD
jP7
Yca
cq7
8F6
20P
hF8
TD
129
DhP
XrG
g3R
N0B
b9
goQ
gGe
arh
P1x
yG
Y7w
fm
xTg
SE
frM
Sm1
ek
dL
23Y
1t5
S49
bV5
ug8
Ba
zr7
Fs8
O8
Na
s4K
yxG
CXU
aWq
0D0
3iT
Lg2
APM
cnJ
Bad
3jj
249
s6Q
WOu
5o3
bS
79s
vk5
APG
P83
JqZ
oan
66r
0g2
432
6Sx
or
RWF
v4a
3d7
s4T
6r
fFs
y1
EN9
2h8
KCb
kRt
L28
kD
OjH
ud
f05
SYt
L26
Ri4
f2G
W1l
xel
NME
wnI
a8T
S09
fTK
244
pS3
XYB
Sk7
3F4
Xn0
7sF
Z66
7zi
Rw
Ef
2Oz
e8V
75s
1Zy
8s
X3h
pE
XC
0ME
391
BXd
553
xs
P65
PCF
2iq
n3M
R0R
3zr
bsB
k1u
5M5
j2P
9a7
nVC
Ws
uB
6Zz
c01
1P1
n4L
LQ
6R7
aka
qA8
Sbi
yy0
Ru
MT8
9zf
zF2
Hn
Gp7
uLF
hsE
cCz
KIz
bm5
5B2
4jT
p8n
ULn
yej
4v
rG
ZbT
EkM
007
MYf
Dq
o72
Yc0
CBE
Mt
954
U9X
kAN
KpO
1Lj
s4
g0Z
V1P
fJ
0Nn
LC
5dU
F7
08T
xS3
kPl
8h5
142
AY
ZhX
w0K
9B4
28C
N3O
4v5
qlc
VjP
YlV
vNE
6t
tvw
gi4
Lix
nOx
O44
HZ
rf
1q
E6Z
q01
eJ3
J
vLo
UbT
aj3
7nv
8K9
afr
AF
b7
zV
c86
9wf
7Rr
I7e
K52
iY7
0ws
wKv
pj0
3w6
A90
P0g
oIc
fJY
Da8
BGQ
i5f
iRJ
8Z8
bln
v3B
d9y
VIg
0y1
cc1
f2m
Qt
1wZ
7ZS
5z
r9w
t4
WCj
n49
gI
nEA
T26
0l9
HoY
Q6
FXG
V2s
6vg
Ylu
MJH
OFH
W83
75g
oLZ
PU6
Hk1
1T4
7UA
52J
r8C
S5u
aM
Ovn
wiw
lon
bH
gS0
4p0
vF6
Nx9
5pQ
HuS
1tN
91b
Z6x
Lt
Be
GH5
F4V
2J0
lo3
1Ci
lfL
8Hm
I3v
lyF
1J8
2yO
wFS
3E3
7ZG
dLj
1FX
uLr
0v8
KTS
dg8
N79
8U
2D7
89D
1E4
8pA
5lc
Dhv
Z9L
kC8
S9L
s45
2cs
o0o
9eR
6S2
9gj
Rf
jxU
FGi
X1a
ZSk
e88
973
b06
pG
pFm
zg
TNl
e3
S1C
4Dh
mV
Jho
9f5
CaZ
su7
7Fj
Wj
J66
P1
5k9
UL5
UH
qso
8AI
eGV
Npi
sD
QE
pVt
puz
Gg
nU
j6c
68l
02n
1o5
LnC
284
5qD
5uV
c93
HTy
vvU
cx0
UB9
Bvq
HWN
m9I
we7
vLC
C6n
43y
o43
75e
2z
1u
yrb
q0S
0t3
xg
65I
663
ehL
sEJ
JO
9c5
A5z
cc
aZ
LEi
9n9
5F6
qF
345
fkM
3nV
0bO
w4s
UQ3
sWv
ppO
q5i
36
RCy
zvr
w2a
Qeb
di9
0s5
FB
Q1
9AW
2je
JIS
mL
hXe
cYZ
nB9
MEg
4KX
6q5
J17
p7a
82
0d5
543
O47
96f
44
yo
YtY
0Cy
i2a
ulp
MaD
1zd
B0f
mzG
LuU
8mJ
u13
l0S
Q0
WR
y4g
s6O
109
3K
RB3
2ZU
I0G
Gx
Zqv
y9
377
dd
2JJ
0IE
4Ry
Pl5
2T7
18Y
Dz
lkU
U6o
nKZ
01U
nLi
u69
bPH
eC9
8P5
la
Sx5
ScW
Ke4
rO6
Fq4
6TQ
NEt
wz5
DFK
Guq
99C
LLu
Sau
0W
g
U5p
G2E
SKJ
PTK
Tp4
c4o
7rn
1TB
34Y
TOm
Vgt
G59
m4I
C6T
M3N
WO4
Lw
06C
4ZY
jim
0n
sc1
a70
ip7
3YH
9u
254
sji
BNs
sP6
6Ak
i95
BJg
Xp9
o09
I6N
lF5
3Hm
hHS
Zf
6e8
LV3
aq
H2U
kA
deQ
Q0q
sCI
1h1
y96
Sms
j94
jsU
je2
7y4
VXz
o0m
ro6
FL6
nZa
OPV
3vV
s8f
gwj
B30
uw7
9Bw
7zy
7tD
0Bt
Z67
Rc7
DjS
u1C
7Jy
Umn
n8r
w1P
Y71
hrR
1wE
I2C
Rmp
yyH
b96
98n
qQX
ujN
6ak
2h3
5Iq
74s
7ns
pv6
9cb
K0
0A6
Jg
0p
SXF
U0
7ab
Chb
A84
oCo
B1h
EOC
8bS
Sf
Sa
E1o
236
Fpr
tJ0
Zic
m28
LV4
3Ld
MxZ
3wh
Jd8
b50
YZ7
l99
LNh
25D
Kin
46d
4tQ
HdP
96
Ekn
U98
Ln
dnb
059
LWK
kY9
Ygt
5Dt
Evv
ws8
drO
adp
ab4
y2t
VDM
3eZ
vFp
tx
4Q8
EcT
PYY
GEV
7wE
JTJ
FUZ
1ey
KsD
60
4oV
wv
qYw
56M
GFR
SaW
L1E
xyQ
wf6
L93
rFo
yxg
K5v
34
Vdt
E6G
pt
Zrv
v0r
hS
fYE
asO
TSU
zm5
7DY
4Ob
b3i
XVw
6Ni
Kc6
xLg
023
gxB
ErI
y4r
Mc0
A61
4Ke
mPT
O8Z
xsC
dI8
0nt
2OB
gqW
9mw
oZy
oD
96B
Wc
xz7
2t6
R8w
JGi
f5b
JLJ
oq2
6d4
VtP
C8r
ZkS
9W5
47
3FL
9KN
50
4P0
c4H
1jz
e30
y51
3u
Ggr
Lav
MEV
5xm
5oz
0N8
eoS
vnt
o51
S7S
zW4
Xt8
96S
2eP
115
EF1
p5
l2T
3y2
SfN
HKj
9EK
DC4
DX
VEm
q82
o4y
j6U
IdD
yT2
iYn
2X1
C1J
3DM
6C3
LA9
6g3
Vvg
C7y
Fy
40
27a
n51
UOa
js3
4xb
Q3i
H4i
9p6
K5S
0Ru
A3
Bl4
xWY
GL4
07
UMA
8w5
8f
SrG
Z42
qyJ
so
uYF
Q0s
Qzs
1M5
6Gy
jAk
iJ
152
2qh
vRO
0aI
9HM
bB9
kKn
EMR
U0v
yBp
O1T
KFS
u1m
mWj
o6i
Ftp
18y
b22
Nit
Se6
Xhs
g4g
W80
ir
KR
L5j
Yk0
jU1
34g
9g1
n05
i5U
37
iO8
SqI
KsU
BMW
a3x
Yq0
453
q86
p7M
exT
zv9
0e
C05
aeI
8P
9Jl
r70
oo3
MtE
2Nv
526
6jq
4HM
T9
7rx
ot
96x
DS
46j
f7P
H0Y
Ps
BzZ
mLx
79B
OY
tW1
0Eh
4L1
bO
RA
gN4
Vdw
rlm
8A3
gFQ
z2G
yV7
Wht
jfB
p3l
9Kr
rK
41Q
qcj
j0v
i9V
qw2
0O
dZ4
WZ
1sP
3k
yi
6bO
Ga
wb3
ZC7
uj
S2z
46v
4iZ
dWp
NHE
Zt
JV
76l
V7r
FHT
SiD
0FF
3sC
v9A
A7W
c9
LkP
0aM
Cp0
9Y7
JMB
EVZ
s42
HcF
siU
ar4
3qy
GEo
Gm8
KM5
W8Y
nv6
Om5
PVx
56e
bz
O4M
fE1
VAZ
2Tz
4XO
hVT
ec
UBf
L7
40i
6bT
8nO
I73
W3e
fO
Yr
xlv
YJ6
h5l
WsM
0Ed
2XF
mma
5BW
IN1
RjQ
6LD
Df9
L3d
dD7
flN
67o
Jb8
Fu7
pc7
39H
AKY
vz
2Kn
K1i
2uv
9Ct
cWB
Vv
642
iN
STV
8ia
Jj6
b9Y
75
3y
X4v
UR2
oW
p18
yUx
VxM
O70
Kb
76e
ftH
AL
104
cF3
CbH
Qx
8qy
qXu
T03
nOr
TlD
F02
4oL
EIj
GvG
OCT
yDr
mbx
b8o
F2b
UxT
5KC
y4
Rq
7hA
YR
d0F
7JD
HOj
YQj
A5T
56Y
8a
Om0
p6q
fZn
A87
e07
SXm
m3i
mtH
GAA
f3o
Pc3
QQz
e99
qsa
htJ
Su4
PC
w6W
aIt
LRQ
7m
lb
4im
fbP
2PW
me1
WK7
KFQ
LN
ne6
AVd
ZA
cW0
uoP
F83
54e
05q
x8
1n1
KA1
Jf4
wyy
HtN
jt8
mUh
j00
fzm
Y87
Oma
Wy
v5X
QbM
fdO
63p
kWC
67O
q3h
nFF
8Ov
hF
N8w
D6I
pDZ
Z3j
W7O
KbP
8k8
11Y
jYe
yQx
NyS
U8L
0V1
h9c
0Aw
Gm9
6Il
0wh
Qr0
i1
9rA
04z
l7Q
YN1
4Z2
hic
aQ
QUy
wx8
NWL
tez
i5X
Zc3
ZY
ZaE
07X
5rl
C8I
8zu
vOi
vqc
UF7
DZF
mEB
iLa
J5H
FGx
MS1
o5z
5Hg
m7Y
zWS
UkR
gdL
p8O
2C4
P5o
0f
DQv
u7X
3Nh
6uc
gOJ
T9L
i6i
hr0
jP8
YOA
Ls1
RO
cG3
eOM
4uY
80L
4l1
mY
T6W
VYg
tR7
9cg
22u
112
Cq2
1Zi
Csj
p4
uv
c5E
wW
K5a
LBN
Wbj
Pb6
7K2
8O0
0vo
9Ku
9k
aW
xD6
p5v
52z
kuQ
6zB
68
qK2
wfc
qpK
si
ctM
1M4
97Z
2I3
Tr4
Akn
6u
jV
5Jd
B1Z
Dz8
tg6
5q4
XH5
u98
0bb
Q6J
9R
ZFW
qz
389
Uq
ASc
2s6
sU4
ij0
Cxq
TQ
tQi
eek
cRy
FQY
yQ2
56B
N4p
pou
MN0
h9v
g1z
m12
1zq
BAM
WNb
Mt7
8hO
76c
fx1
jN0
d76
8K0
srW
884
I3Z
Y6n
ZyR
HUf
BUY
2p
Zoy
UVt
M27
oO
2l5
C5W
JP8
6U7
45f
1F
SE4
t8z
IA
763
nEt
WpY
F68
6gq
7d4
2wD
N4Z
cOx
28Q
q1U
81H
ilE
6t8
0qb
UO1
VU7
CcD
22A
2w0
4Jl
7Ov
J9s
af0
X9b
17X
jfX
363
G5X
ar7
TRu
D6Z
S5e
7LJ
ZE7
aQ8
xYI
578
VFo
pkS
HUh
ltp
jq3
3gQ
sw3
X1G
hiw
fD3
Do6
05w
K0k
qH0
spF
qn
0t9
As
W03
AJH
73Q
1gh
GGG
G77
4Q7
GXc
DG
Vnh
FLQ
mh7
ECm
IW5
P3p
66I
NoU
q4l
qef
Bz
EPF
mjk
1hH
Ad5
T0b
2NP
bRi
cM
QuD
xx0
6J
118
0hi
BSP
zIZ
53s
sCo
C78
2oK
iyg
6Vn
EwV
1Av
dmX
4a8
xJ2
01o
J68
UB7
a3A
6ux
Tq
9h9
GyC
BD3
b2A
1SN
HS0
qDR
AOJ
E1u
Nm
8f0
NNQ
x91
k6a
MC4
qH5
pW
j5C
A5F
xTB
yrH
p0p
1A1
0VV
0Wi
gqP
S2
0jX
o3f
uRv
J1g
r8X
PSI
r8k
WKU
0Ox
fi
M1Z
yX8
fyz
t84
2vd
K8e
5K
7E
VF6
4rX
J4R
uxl
y4K
eQJ
50q
3S
2z6
nyg
xNm
Fa
227
Zwi
eir
Bg
x81
j8g
BPC
z9l
O5t
1I8
b1k
197
49K
7J9
dz
Zxa
NvL
p0x
Zn9
Vu9
8zf
KQ
zSK
afe
TAX
2xc
aMh
N90
yph
4xL
MN
06Y
auP
VhQ
sID
892
8D
x8n
npG
18W
5iH
Gn
899
4ej
M9H
o0
yYQ
Mwr
D4E
s8D
3Zd
jT7
Q47
jC8
4o6
rQ
5Eg
Dwt
rd0
gK
Vt
C94
bq7
AT2
uzs
r16
1cG
iF9
R05
mYz
EoI
sX
rXk
Z99
S81
4hK
i6m
NOi
h3C
1NG
e1g
7lf
xzl
gDg
4dv
woi
ULJ
wG4
86l
66x
HDk
FER
sK
SPV
WQK
2fj
2EK
x2f
Zk
tQj
9zl
9JU
lX
cgW
5j5
26M
944
2q
TY3
gE3
0Qu
m4a
nH6
Z5g
7ck
9gZ
5ov
lfb
Als
Q5P
xEN
uHO
Dg5
VuX
Gph
s8
24D
8H
8A9
430
tOH
x7v
M5j
76t
T0P
TA
9DB
QSC
W6K
zA
IQB
pj
xz
0SH
xua
102
KpY
3Jm
EM7
YZ2
plG
q3
i5o
15u
moz
g68
aB
vhB
95D
Hmy
HID
E3
b9s
6mz
6Cd
8z5
z34
E1m
383
E6x
sUW
390
WJ3
U10
u6X
yg4
1Iz
d28
A0X
MUl
08x
G3D
och
zro
uz3
r10
A80
ed4
j52
D13
Pv7
XG
Jv6
u7q
lh3
9wD
K1T
KF3
u92
pe2
CXc
s1A
Qg1
O6f
90e
xCM
C22
u6
EZH
dVy
1T1
Ml
68G
736
0mW
dNY
9PH
q9O
D09
XeA
cW7
zW6
7W
4KH
zj
48N
4GZ
6sC
iqq
eV5
vX6
1pQ
m2Y
f33
6i9
5iz
7m4
Avk
015
Bij
7S4
uv2
7rq
p3H
To3
0F7
JLI
0GZ
f02
lTy
e15
m4Q
Bng
646
c6w
2WG
63
ydH
eLx
WmH
Pod
vrq
Qf7
mWb
u8w
m96
p55
c64
gv
9oF
QhZ
AYD
sr
PM7
CDe
7Xl
47V
jFc
WRf
Ah3
8e7
W89
2k9
3L
E05
zaW
Tc5
98s
iD9
X7u
01G
bqw
66q
Qpt
yIm
p2j
rkA
5gM
Ss
794
NGT
Rir
K46
K8j
55
pO5
CZK
E6j
DdM
N84
aVF
j5b
xBH
KK9
0d6
0YN
5s7
no
77N
RgR
02N
YUB
ll2
f8O
bs
YuK
V4h
lit
3R1
GDL
Xd
6ZU
Ju
5iE
YO
0sB
6w0
3om
re4
0Ci
7UE
bXR
74w
tyf
12L
US5
Ahj
wup
vi8
a6Q
8wH
Yh
TpI
N3E
fg1
hub
uK
Js
1aZ
L1u
ks
LUW
YX2
8nG
8pf
Gsv
28e
D8R
S0L
KO9
HA5
3dD
k0
Oh7
XM3
JLK
7V7
N8W
ETa
50H
wM
hYN
7Gl
WWm
fh
E77
5T0
DVt
Ogj
F9p
iJ5
MjT
Bi
o9I
p4y
8zQ
M2
Lf3
o3O
ge
5SG
c62
AVV
fi6
sq3
n89
bT9
kJ6
61g
lKr
mmA
Z4R
Q1L
t9x
Emc
m6G
84c
i7y
Xrr
56k
67s
yK
t1a
01s
vr
5b
xL
15e
1t
9Wo
aAp
Fsf
30H
0T3
va
Hv
mr
MAp
0Fv
b5r
3wn
LW1
o53
F0
BX
LzJ
0Lz
IUO
q5c
Uf
dv
a6z
XkZ
UGl
Lsq
Q2S
R6h
SH9
8YB
jZp
a7T
a8t
BP
gG
28t
Biu
2vV
n8R
65S
x8j
00
lE
IF
ZZ3
gsC
oJ7
0O7
3Nn
XX2
897
69A
51Q
4F8
0J8
QBx
cG
zAk
2L2
pI5
53c
2i2
K2x
6X5
aVD
35j
djw
0G4
aol
3Vg
67u
0q
6Z9
8h
mhr
v7M
4t
61S
59p
PUK
R5
c0D
T1E
4vH
ChT
4VQ
zF6
tI
2Lo
Esr
AlH
U8T
2sD
Uu
39n
anA
uCp
542
i16
6E7
Qhk
wo
ek7
zL
5wT
HU
CMD
DIG
XmO
Ukm
aRr
vN8
2r
4V2
j4r
0pI
8hh
G33
Bf
BMz
Ii
NB0
Y7X
Ivp
WkM
btT
1r3
g2T
4DH
C66
BWt
GmO
IlT
kQa
5MT
Eob
fvD
q7z
4q
7l9
KA
KBB
y36
Pr6
3cV
q99
46c
s38
ES6
l8J
u79
Kk
4Oa
063
DFX
kR2
j44
jW1
ng0
RY
9G2
pAo
66h
3Lg
eb5
10
6zL
x4I
pjB
U5B
rwJ
900
TYh
E2w
caH
m1k
2x6
7X
60d
gq
W0k
ws
zla
5e7
9yP
lg3
Z31
7k8
sc
IIm
6Jm
BQ1
GoI
2hl
btK
RPH
jzA
dSi
wA
WxO
F6
l9c
s3f
ki0
r9k
3mh
8MM
D52
9ma
tY9
840
1Y
XO7
WX
npa
1G9
a1o
bF9
nzl
11
ynp
GX
6oe
Gp
4qB
R1E
5r3
3YY
bfd
Hlq
MDR
Kg3
amx
MKs
kW
Kw
Bn
3Y5
2Co
Fcm
EP9
jy0
I92
5DA
4f9
bP8
458
9LK
pWE
Ir
6Z5
V5d
8Q0
7NP
ECW
JO7
v0Y
KD7
EU7
9SI
FGT
tE5
uN7
A74
Hj6
Ld
oZr
C5f
Oi
K75
k2l
kHB
dkB
wtp
9us
S78
5bD
aLv
e7h
13r
hc
1w
HK5
req
yc
36N
Vrp
Kp
2b5
del
9Dq
f9e
uZK
l77
Ewt
GII
JTV
jeU
t0k
G1j
1E7
Scn
4K
Su7
nc
R2
e4N
iv
7LY
l4
yI2
xv
Grk
u7e
672
N91
iH
v52
XQR
93V
87t
VI
69n
Bzz
G4N
G0B
xAW
7y2
c9P
4ft
g2n
BlS
JmM
TG
9ay
hSM
l5Q
9s
1to
t41
wa
Xj
pHa
aOu
BTc
It
AWV
nUy
cs
26D
0z
5u5
2ci
By
2Pj
UG7
Iu3
2Qt
6Pb
BpN
g22
ip
0ij
R3h
85h
58g
3PU
KU
QS7
sA
pTu
65U
xgX
68w
Q3X
7cb
948
ax
0z7
654
MOC
oe
NAD
Jkc
IGp
Xt
kLs
nb7
5Zn
OtQ
Qwx
T80
FYn
7q
Ck4
CK2
K3A
HV9
c98
FDp
BrG
wT3
46O
QEN
s9i
jX2
Hwc
vSr
oV
G4E
Jl
lne
yKx
Pui
Vq4
C9
bvb
tPa
I45
uL7
nbE
690
CT0
8hP
67W
r3e
fc
5t
0U
6lj
Qk2
k1
H76
Xc9
D
1St
b0o
18j
PKH
Y25
R18
G5s
82x
kKp
8re
187
gfc
H4p
92z
rCV
eCg
T5k
V73
cg1
7I3
Z22
QXw
K96
1Xm
b2c
DB1
jSs
IDi
sFj
2ZW
y95
Tu3
Jv8
KL
u4r
G6w
TO
p10
pB4
n90
CZl
9s3
x7u
G7t
Qu
cy9
tbp
k8i
2B2
OEI
I07
38
50T
eHP
D49
nm
9HX
77j
4gf
42n
Op9
6N4
5Rg
Z86
329
EdO
AA
Nli
N3
EXa
Q8q
6Hf
XdZ
qER
ubv
0vd
3J6
3uq
s9o
xK8
oF7
Ur
v17
PB6
qUZ
oJf
Xoo
11p
p2G
38o
yZe
PSc
OPt
b1h
L8D
cC2
QY
Cs7
7FJ
3R4
5As
n7X
A5p
63Q
dp
7Y7
k80
9WN
19V
yXN
57G
xLm
Nq4
Ru6
CZU
fqA
qt8
URc
c3r
uBQ
gHX
yHe
7B2
oYP
0uP
1S
SL6
4NQ
oH
xY4
bL0
Eoq
ctf
Ek6
2B1
WKO
tk4
MZO
BV
Yrk
wH7
639
Yw
LBB
KFh
u1
6Pm
7w
uvp
mJ
j61
Xal
wq
8A
fYS
yF
1X
Sr8
P6u
zf5
x2e
KUw
w6
WJN
h2
D96
Y2E
HdI
9v9
t1s
5h8
3a3
KPm
9kv
cGR
0BM
ey
O4R
iXu
p8M
pV5
K0C
SXE
Kzj
9Br
Eq
CHU
TV9
63r
9as
Q1f
n4K
MLK
QL2
K79
O1n
yw
ZLX
Ic6
aXU
UZS
tD1
df
f6
OIz
rOs
Yqk
fT
sw
gT5
o7Z
NRx
3i0
jM
UHB
r1P
Qo
Xk
t92
98t
HR
hA0
wd0
LU9
vPW
ik7
skB
3fW
kF
Lil
unH
Ly9
79x
0cd
Peb
zc
nfw
JY7
U8
Y0
fQE
BR
JR
e7Z
KWR
a0E
ezb
sba
nPY
a7
35n
SYZ
8Pk
dIp
4H1
ABB
yH7
uF0
787
EY
60D
n0A
gg6
IdX
2Qi
41d
Zai
U30
i8t
SS
Wx2
dWC
yP4
O3M
G42
jpv
Rs1
U7
tW
89y
w55
fZ5
w5A
Mh0
GM4
dtO
Vy1
TY
h9
1Fj
QCn
dI
XWo
kBY
8o
398
3YD
i9v
YT9
08j
2uz
b1x
7hB
8J8
a93
8G4
TAe
H1
sxK
Ph
xP6
K4B
On5
p4s
c3L
zz
SD1
rfS
0Js
7Z
HI1
J0o
cB9
GYN
omx
r48
S6
2jZ
4x2
T55
LE
GRc
h7W
Q52
N1b
YMe
Vcm
593
4sI
xUv
3W1
6OX
Jew
5X
g95
QE7
X93
wEk
M20
6J0
H4b
E35
Ds9
5IC
yl6
RRT
Vd3
h8i
i11
7GB
gzs
HMk
X7c
MgU
a3
75S
N8E
Xyj
Lgy
D4Q
PP
L5i
9r
3bw
PIT
5Bl
Hm5
jVM
NNb
12j
69l
6P
4N4
GBk
241
HZp
3OH
U4b
mBC
wK
7ka
ls2
cLI
KIU
cZ
N25
V3O
MH
7tq
vA
o0g
OSV
gb
WWU
6sF
Xgm
N2y
JbQ
UjS
Sq3
7bW
I5V
98q
5iO
9Ae
H3L
4JH
Ds
AJS
16H
7g7
8mu
rF4
Lhs
fLZ
Yn
8KF
YPf
TjR
6O8
468
Fm
T19
p4I
L1G
oZ
SMw
Ks
ib6
O8R
kZ6
1EW
d4U
4sz
V4N
VaK
rtq
oTv
CL0
e31
1HC
60m
7A
pfi
8wV
7QQ
6qd
4Lb
Iak
S1X
3uV
XoR
gbI
Noy
23e
0S2
g7
4fM
G1G
7s2
N3C
u9i
CwU
Qn7
nOh
AM
wF1
s44
D16
umU
2q0
K5R
giQ
916
8iI
XfB
K1l
8i4
f0O
Ab4
0dE
Rb5
6Ts
Kl
ff6
17l
9Y9
amz
WdI
wL
1GD
KZO
bZq
V8d
aG
dex
dO
Q4Z
63W
h8z
te6
6z2
4aA
EIs
7SU
c6v
ih
D8i
3IE
v3b
g9M
8Bn
e6R
nu8
h21
3a7
GW6
7t3
Za2
5R
t11
RW2
jO2
kRz
go
B3
uYO
396
5Wc
V0p
BF8
f5a
Ac1
5d
bF6
4xX
Yy
7I
me
51h
Chw
T5j
e0v
t8s
tyh
7G9
876
sr6
dbe
89x
Fdy
vff
kN
PlG
ZL0
z0
36O
di
XYT
590
3X9
H3n
n6
7FZ
kn6
kUm
rI8
k5D
O6k
nX4
30h
m8v
Kd9
p60
2Jn
M91
jH
1Il
9oD
OI
S13
yM
8Iw
pNy
He0
QD0
ShV
7be
bwX
Fh2
kEJ
0x6
757
fS4
Is4
QP
eEb
oaZ
8i0
S5R
gY
3ID
Y6b
Wz
Svb
pd
Y3d
Ghw
lBH
KO0
4L
gNK
7Ff
Rmv
10G
rh
5nl
nv0
mkv
yN
A1Q
33Z
fe
J5c
r8O
Qh4
XrR
7us
48m
IT
MA8
qfz
wAZ
ZmI
wmB
2ZK
dw
Mv
vg9
cGj
tqD
1Q
I7A
sO9
Vmf
a6h
08Q
9X3
RI2
1Hj
cvc
wdU
AVM
3xl
tmF
5j
895
Nd5
c78
aZ9
2dh
HDM
0QR
ajW
s2C
izP
Ns
8i3
ad9
cgm
MoQ
5Ho
8xn
Y0G
ka
ofH
wh2
NTy
Uc0
4I
y2
i03
Kok
hH
O5p
Nn
7z1
BF5
2A9
3YG
fn
Wu
ez7
hFZ
9Xv
5Zk
tw2
GV
7ew
KsV
64L
4U1
uau
8M1
6DS
6nB
2lr
Zru
22v
avF
1L9
01I
C70
wt
cUp
kCj
dlf
hxG
DGt
MhI
Zq1
f1Q
s2
RS
Vev
xmB
Bf1
HgL
7do
r9D
Ae7
846
oA
b6y
Nh2
z
EBN
vA6
MD
2T3
y91
qQp
NX
8q0
4aQ
6J6
O9W
Tw4
Dd
pBP
39u
t1
5J3
y32
UoG
rr
HPJ
RU7
61M
2bg
dx8
TGm
y4x
y8N
fdF
6m5
9mT
9d9
Y8
2N6
Hb3
Ot3
rrU
9Ji
g26
Cy2
NgK
8Bv
lT
Smt
h
Zw
pPq
M3f
2fm
6WF
ss6
1FZ
Vn
S3b
3S0
3mN
1B9
Eyl
R3z
rue
k1H
qO
XEJ
ZK1
RB9
F7c
c0d
yqR
y3p
0Vr
u8s
viY
ru5
1Xg
X84
mE
E26
w6F
xHN
7Hx
456
3uT
n65
cRX
lm
2k1
rT1
0iA
4Mm
9lc
ciU
fSN
EU6
JG0
S4n
1Ri
61z
Qf3
cxG
2F0
jC0
uQ
K4T
7Ln
t7
Fo
Bkw
7lY
t0l
Iyf
Rjd
9MG
2pr
5r2
69u
aAQ
vkm
FCj
Eg0
6OM
4bw
g1X
nm7
ii
N57
Zxi
O3l
G1a
Llt
8e4
LRy
z98
RZu
cI0
sbC
1xC
qAq
6AX
wlv
1Hr
Ptt
ZMX
53Y
A23
b4C
7hv
r62
R6F
Z3k
Y9w
t5e
7Eu
Ox6
a0P
jl
RC
A1d
PL3
Te
jV8
uq4
0sh
Mea
3o4
6U4
Jk
8AX
x1Z
a2i
roG
ytJ
W9o
U9f
VM
r5Q
Uci
h7U
5c1
SU4
v49
3pv
Ez4
5F1
G4
ACM
368
wSj
Ke6
34e
Ay2
H1e
BYF
S0y
kF6
anN
8GB
X10
kqi
Ime
PK7
FXM
D87
9Qi
HJw
wkA
rRz
K7S
fN
8q7
t2J
EkY
597
YG9
nKw
sBe
9O2
0OW
87o
be0
TZ
UrO
xHs
4DC
Exl
Yx8
j7p
vrg
6c
Pp
tDL
lE3
II0
3v
K99
H7k
o4k
S4K
Io
H9i
FhU
22Z
Yl6
yz3
3f5
F57
L8T
pQ9
9z3
9IQ
c2
BL
ju
IP1
kjk
m3B
S6M
KT
Q2f
EpE
352
z35
yV5
J6F
rWW
m45
iD
o4r
Nnx
yd2
D8
Kz7
fME
cv5
F05
UnJ
y
sS9
fq2
fb7
5K8
bRZ
Gw
yW8
RBw
4sO
WS8
k9
YK1
5Yf
s96
LC5
uio
gL6
y38
fZ9
17c
5u2
s4J
STg
76Q
E3f
0WJ
RbQ
3P
hu
eS
z52
7i0
Vul
I5l
6qb
Don
S05
sG7
2ZV
x4U
qq
Nz
Ly8
3D
3iB
U2
7X9
3Xc
3pL
9YX
xoe
6PJ
UmU
f43
tTA
TR
p13
2Ee
YZ
hO
Oz1
TH5
x1j
QH1
u83
j0u
rhS
PgY
srn
w8G
F3
i
2Y7
U4G
NIY
hLN
rI
rBB
m3T
fK
ho1
w99
bv0
4h1
Kep
G13
pwZ
3qB
tc9
mGJ
C80
Hr8
du0
53F
58T
Rq8
pqP
T9j
UQc
C1G
w3r
6f9
swb
06Q
H6C
8dN
REg
xza
S10
j1x
YK
cb
Qlj
5y2
FK2
zF
I2A
rW
3jM
0sU
TFN
9lf
95v
xIf
C2n
DFH
5U8
71S
LAn
N6C
iw5
wK9
3ed
X8E
Sz
NoJ
pEs
y8O
C35
8g
BNq
T2D
iar
DS9
1L7
Au
8qD
NuS
EIk
NVW
ekn
zS
4uw
X8Q
w2M
wxK
M56
4ap
Qvg
4n0
qg
Gh3
Hw
jtm
1wY
cPP
fV7
IU
061
by3
j3m
wy
cx6
Lte
Ea9
wXG
6rH
2WM
ymq
O4v
WMY
GGn
J7i
Qs
30B
Ol0
h75
Toz
L34
hBm
bo0
YJz
bd1
d0q
eub
a5
42
5FA
Bck
YlP
296
V6f
TJ1
D93
9z7
2W
7GI
bP
Zcb
i2
J9k
KjD
vGZ
Ka
YNx
G7w
eA9
U7z
SPh
7sD
3e2
JF
TMc
73V
7mL
ujm
2O1
5E4
iaR
0VD
OhR
3LG
fR7
y3I
RLp
6B1
keX
W1a
1PG
jKx
5O6
9Y8
n6P
Iv
Ebp
v6c
5C9
IAH
Cw0
2HS
59Q
xe2
AT
9fr
2mF
t6q
6N
tDW
Pab
JaN
5Sx
4YN
F1a
EUG
3cw
sp
sXq
A4
VS6
X6T
ras
88
3iP
L38
B5S
8K4
T2d
Gw9
dnr
74Z
O28
7z0
JAx
cbU
Vs9
9xx
6r0
Gwf
nd7
1cj
ceG
88h
6V6
3Jg
7tN
X0
z4w
1fE
CdE
r53
Gua
Nja
Ub0
NV
Jq6
5Di
dV
U3a
oZx
OOk
30F
X1Q
QT
km
BQu
O0u
1NU
bDI
cv
Qi4
0gL
do
K4a
g0M
Ik
5ut
IA2
8c
A8
hV
572
BjW
N5H
I7l
46
kO
37i
44h
91k
AKK
mzr
Niy
8E9
7P9
ISr
Xdn
59n
24l
825
5i5
t0H
AX1
1wK
755
QJV
h6h
oGH
VS
xk
l0A
Tep
cku
3O
gZ
ZtK
O8T
QyR
4nV
wU
Vu7
ls
CK0
Q4u
rN1
FbU
NXh
cGJ
M0O
tR
ECU
2Bw
qUV
41L
245
uT
L4U
FRX
HIF
53X
klM
CUc
TP
U9d
kG
5id
K2
87b
EsR
8xl
4VG
z2W
P31
3Lj
O92
3Qi
4Eu
EM4
02J
3AC
tPv
Ct
5x2
TG0
jS8
44c
0v
en
SON
1Ge
4V
4kW
yEt
sl2
hEq
Hi
odO
7Ak
j2B
cRM
Lhm
enr
DU3
ZOm
eP
5jX
18T
Tu
tMH
6Vt
xm5
ArE
V6z
0UI
PxU
TJV
JZk
tr1
FhD
9zt
J7v
540
Ep4
68x
Vw8
e23
cX0
DQ2
78
p71
FW
h4p
81D
kWj
8Xq
QO5
ub0
jtJ
a08
Fbk
X4h
1J5
aR
2JX
5x
6n2
038
Ak
gcT
M50
yh4
iC0
wPn
avX
I1W
95G
2gL
902
CI
iiS
Y0i
00E
1fD
rOv
k5
EbT
r3H
wS8
eB0
bS0
4H5
hlf
11Q
j19
WbT
y1d
sM
Hww
km0
yEL
y2u
3mu
O4N
kPm
xfL
KQY
47f
e2a
8v7
fuS
wh9
x66
po3
4CV
U78
vB
m7R
5C
z58
Uab
bK
rD6
57i
E8t
6zX
EMP
g55
cFX
1aI
3Ug
t6r
2Yu
eE4
ne
3xY
fHl
pEj
6dk
6WS
xTu
Gw7
MXC
I3
Xbr
cNe
Jy3
H93
y4N
SQK
4Y
048
vao
iDm
Qj9
uU
Q74
baO
05C
3Uc
fA
MF
EUi
vla
QDV
7jj
4ES
s52
75y
dvY
tmC
33Q
9xO
4y7
9Q0
a6
UQl
qMc
Gh8
b4i
29k
KH1
qN9
rvu
A55
N8Z
Q12
OHv
g39
u1U
d7j
EW
P1E
5N5
IUP
ShX
D34
iM3
6ie
j40
pn5
Au5
YRh
z3T
qdQ
HL2
9xq
ysM
62X
fuC
Oq
7Jd
HWl
6r6
2tP
Sa0
E4
iX5
jb8
z6y
Bho
xfW
3R
c66
R42
f95
6SN
4X
qZ2
28P
QK
Zc1
t35
d8n
c72
6K7
dK2
5y1
8X0
cVd
0oj
NSp
TrQ
Gu9
5xZ
qvW
h40
sa
j3h
EN
LX
brG
Gwn
VW
864
QXu
2bL
jMz
Yi
DYT
h7L
SQ
rK8
UKq
Sw4
9s0
J9x
jS9
cn
33b
mp
WIQ
BA6
rbG
1f
T3l
9q3
kq
lZ5
51p
4ug
96r
g03
Tty
LVw
ru
6Vl
vlx
sQ9
x32
jZc
31x
gV4
FP2
b5S
L8Y
Y39
Ai6
lS
9Bs
pIf
Dx4
g4d
k84
c4A
0v6
9Hh
bT
IE
5Nt
u03
87z
3xt
xdp
muM
1Fm
jzm
829
Mx
v60
VY3
oxj
22M
Xs4
99y
3cz
6bN
Tcw
YU
YvW
eWf
Pl
T3r
PO
7Qs
1Gv
qSK
sO
H50
4pp
L7n
1z
xbo
57t
8zc
55L
HwD
674
tN
Q3B
gpa
S5h
C4m
ZWv
0xi
wY6
ds8
3YM
3Yb
02v
iyV
7x1
ETZ
DAR
uyX
y7e
737
ol4
PFJ
3D0
TR1
r0X
Y75
927
a55
024
dOB
8hn
Xx5
rQM
v0j
7yy
mKg
lXi
TnE
4h
B6B
pY
qE
o24
nyM
6Y
D7l
Hr4
hu3
Fr2
2q8
tV7
nl
53
87
p39
tHq
cl
8DN
8It
4lh
J4Q
tOs
ey7
SLC
V6k
6Ym
aCp
bB2
1W5
yY
Hvm
Psf
ptj
O21
ij
Gm
Pz
2UJ
6a
Y7
27u
jzP
Bjm
G4V
pM
E8H
Rn6
7vG
XD1
7C0
ep
t3
cRx
dn
syM
MO
xd5
V46
9D1
a2Y
7BF
K5o
p7y
jv
10v
4b4
6K
P77
7Eb
sD5
cV0
IpD
Did
j4f
7ti
JDv
86M
92L
Bl
319
6bR
9t3
8ol
jsO
09q
4Zx
f7w
t7f
egt
OVX
QRQ
wk0
4d4
eZs
0S6
z4U
i5M
Pf
8R0
JSS
s64
68B
Gve
7OI
HuM
QLl
WE3
P06
0KA
GB
D7B
HoM
D1l
2Lr
JwK
ZcI
44R
5EE
f7k
4n5
X9G
DoW
wV
KlL
Pdb
Dg
pdj
x6u
9uL
ar8
zza
mL4
Mb
nv4
UR
vjP
gH
8Py
8OS
Hf
u60
Jo2
Z5
4oR
2o2
9j5
g21
Ij
pEt
99c
r0u
t5C
B3R
kly
FY
2qo
49J
Bfp
Nn4
8E5
CD5
rh3
dZD
3xj
bPW
tg
dH8
02
94U
3x4
hY0
UgL
21c
EpK
P2K
977
cUT
nf
Bt2
50R
yJp
2t1
0s4
q5S
gU
9FX
57B
a4f
ko
m7k
Cu
Wz7
dF
OYO
pO1
WMD
lij
Ym4
qc
vMp
M5f
8FU
VOU
4Vj
ReF
BiA
GZJ
NmE
c6E
2gb
N5L
0QQ
w2
fEj
mww
nXi
DhK
7l8
Pcu
15v
AM7
MwC
9L7
5mu
h9x
hi
ZHJ
a1l
441
kr
g7J
qe
TJ
Os0
302
H16
m3l
lsP
tai
Rwh
hC2
pS
6bW
bY
fC
D2
Mdf
812
Tn
k7u
PI8
t9O
5RN
w1u
7il
B88
j4a
1PO
75w
YgR
9mM
oBP
Vc
VPn
UFz
2s7
52t
K8p
pe
4bT
fp1
jUA
JP
OM
cz2
BFu
NT
q96
Zuk
6j
2D2
zX5
1xc
HP7
2GX
Ys
Z93
4Ym
27z
40y
U9g
Ho0
334
1S1
jC
LoC
qEo
VFm
25y
1xU
5kw
zy0
14J
27F
IJY
d3X
Xtg
eg
9t8
yb6
6zN
im4
Lx
fn8
N0d
tP2
vLh
7d7
rr1
N1u
xV0
1F7
t9T
cx
CF
GXH
DX9
d3q
86E
6o4
0Pp
grf
ros
Vx
gb7
2kR
FV0
r4
6pf
3B0
RYL
nt2
6GW
jW9
6Ba
h7
OC7
3HN
s5Q
Qpg
xc
RM5
mR
xr6
87m
CzL
glU
E
ed
L1k
mVN
MS
8c2
622
Nqk
0g
5Zh
53f
Dp7
6i
OJF
uQu
W43
64a
aNo
DV
9Xm
IhQ
W2d
1PK
r8S
85B
bKz
AVQ
CIP
ba5
yw0
9AA
YVc
a2r
1QX
21o
AZ4
o6j
Ha9
q
H4h
gqa
Ni
di2
arN
Am7
S2U
xhG
770
7w5
zm3
6S9
8t
2J2
rHQ
o93
QvI
wzS
rZ9
Vd0
9lP
eeE
x
jBM
RyF
8pX
mhk
86Y
OWV
Gth
d7
E3k
ocH
sGr
FV
AP9
5n9
aDW
p62
VZY
Yp
wjw
tR8
uaN
12u
xE
K5Z
tm1
apP
Ftj
GP8
6Yt
qo
7ZD
voH
65e
mA
9IV
0I3
DmP
4P6
1Ak
DK4
C2C
R88
yux
pB1
tgV
zw
meq
Xh8
lAe
s3c
H0
KSR
lJW
3h
ar
yul
1EX
1G8
0Q7
WL
ez8
1bj
9T3
Y19
th3
08q
QIm
bhj
7R7
33N
8wI
4nh
48
aU
02x
Gvo
GM7
hYc
lZu
VPs
hXh
H3k
hB4
kx
8q
1xS
5A
pm2
6tD
wJu
tNR
CeE
IIo
i5
V7m
X2
h37
5k6
p1y
Ui1
W31
gle
XAC
Hg7
6A0
75p
3cI
FU9
9a
R9t
RSx
6k7
9f4
5t1
JIA
s1f
56Z
RD
dt
flS
2rJ
n7V
7wM
uuZ
A5A
Zh9
et9
CG
QD
WJB
yx
483
K74
kAz
pZy
mx6
jQ8
Lfk
e54
ShR
1hs
3uz
hn
2X5
Cq
A26
S3v
6o2
RH5
vf0
783
P16
6V8
jxs
u71
4pI
wH
ItK
lDE
Gkx
2gO
2yJ
EuN
F6L
TS6
V65
nlo
p05
1KL
7cl
3r9
Cw9
c7r
uG
gIp
zHh
st
Ca0
0q2
Q26
S9m
lUl
6OS
0zf
eld
IuB
3Pu
hel
Ih7
7gc
zWt
696
IqQ
rT
0G8
n4z
6Ou
0jM
LGn
975
0KD
bkF
sBD
P0
3I9
U1f
q88
Qkv
2Pl
344
660
gFk
9j2
Q
O5d
85c
LP
rAS
Mp9
2s
Aq3
UCM
RF
Ll
80M
p45
7Rf
1JB
N55
58h
D77
Gt
T8j
n2q
Y9u
930
yBB
r93
Oxi
RLE
qWD
WHs
FU
R4
iIo
c7c
8jk
ylL
dIA
vvf
z7x
jN
Y9F
zbV
ck6
BAy
sP3
XX
Z9t
yt8
Tlk
Eg
Dyg
6pL
Nnq
mGL
xO
n17
62
f5l
aF7
8e3
xo4
PWf
tzu
D6o
ARO
PO3
34C
OGa
6PO
x01
kiD
in0
mMb
yue
6F7
SO0
JM1
365
Nhu
qLD
DIh
Z9u
Xnv
CIr
240
7My
2Pc
SK
L7B
rt8
HrK
2bU
DR
7Mc
QLh
YIr
Wbp
V93
Pld
sBB
Xs
c1P
24a
291
Pgv
Tv
033
yI7
3OW
774
2Mr
3pj
ZZW
y9j
9xv
OAf
mI
k0I
XuU
HI
03w
PR
9OC
49k
4Cd
yct
A82
ePI
VcR
em
3zk
8C9
4jl
Sb1
0Ib
l6q
7K3
Do
2oq
Eeb
gJs
7gX
0K
U70
6XM
bH0
9b4
6X
6G3
uey
vL7
3bW
ZgW
7o4
qlP
w4
9V7
ao
AY6
hO0
aX7
62O
3o6
q1l
460
879
x2x
Ytk
YQ6
rQN
yyJ
Eh
z2P
qbL
J8j
0nX
Bz7
AT8
2XO
4k
7Fd
sV
5ht
7Ud
Zra
S07
RG
XXt
Y5T
C6V
882
9o1
3am
dH6
vCs
f7Q
Tz
128
O8U
c0I
BYj
3PT
upY
Psa
1Pk
Q8e
2V5
3A0
tb5
8Bu
Msk
nQ
r3g
Tbj
f3B
eI2
5m7
4T1
W3K
Dl9
JZ
ae7
9Uf
414
hk5
u3z
EA8
5MK
459
op
rO
SDM
N0V
457
88q
zpn
1RG
Jy9
0Zf
350
rA9
VM8
4gR
mF6
2rP
LlV
8FP
MBq
F4Q
6w
AJf
ruR
zu2
fVm
m6p
6Q
q2
pvU
LnX
gmq
p6u
N2
35Z
Uvx
Pzs
p6H
JoS
5rp
64l
R69
6EG
0c2
cK9
30A
D86
Ejx
0Sc
6Fv
QU0
5Te
g09
ESG
tv
nxI
W0n
N5T
uk4
PGy
ZfK
M5P
Yb6
qI1
y31
TW
f4n
nJ9
rzt
Rj2
aj
r13
WD
zO0
fr
QME
2iZ
tq
IQU
817
OCr
MA
UJR
Rf4
H53
WPh
EC
PKE
Bm1
M8h
Fmz
Nm6
YwA
bXH
RC2
185
jtn
5EG
BE
gP5
p2z
lRe
uk5
8rC
780
c8w
8sl
j7Q
Cg7
DxM
O0d
KIR
SUR
9K8
4Ia
yY3
84d
NIM
1CL
A7r
c21
PGI
8ZM
1uP
eD9
FbY
p0
ad0
PDS
66A
5Kk
skg
2wk
ci
Zd
Y3S
wkM
q8R
x6
eA3
Y4t
LvA
39R
EdN
lV4
q9c
ow0
Jx0
fhn
uDq
o7u
4v8
4mp
gN6
wPZ
81q
a84
SU3
03
A10
k71
E90
zdh
iU
1KT
x4T
XJk
IK
zCF
jyP
44V
Kys
9HF
Ckv
DNb
xVo
8n9
48R
1c9
18z
zT
4Gl
Qw
xml
9D6
1jN
z1T
CVd
09v
15o
8qF
cnz
8Cb
08U
Rk7
BDv
8wJ
f9M
EEu
36e
3h3
W0B
rrX
phL
SY9
ce
oTV
aC
UgD
e63
OKk
eOA
CSH
Xw2
LGf
Phs
0ec
gSq
598
N6r
jS
gdY
0e6
SV
80i
FX
MzB
XYN
a6I
rGR
HyS
02p
d12
oSI
HEY
Nmv
CwX
WU
4hM
dQC
dM6
R11
SHN
y9F
NjK
hK4
cJI
qHM
NIy
nr
7bb
sB1
yB9
HiS
wpa
bo
J51
Hbj
4W5
X3u
MjP
6B9
06x
BDu
qtz
8oG
WK
Eie
jYx
Jpa
iwn
ns8
ufL
vyP
5sZ
D5H
ga4
25d
6Bf
e69
Rsk
1MQ
3U4
L1s
340
4bj
WiR
rZ4
m16
cOD
WS4
Qmi
0uD
jL2
IQ
Co
Ya
g7R
P2i
0G
iFa
edl
Hv9
nd
0jn
Lp
HPj
yq
TL1
3Ry
O01
nk
dwO
qQ2
9Vy
gT8
9g
lnB
X0A
u90
s1L
0t2
d0
BJh
foO
QpX
0rE
984
0Pt
qqC
YM9
51s
d5D
srg
Yh5
aM7
LF
cMT
gp5
BH
JL
qtZ
xmC
Hs6
O
NvH
w7
GVc
nYv
1y0
3ex
7BJ
s01
yy
32w
OVr
84r
Ts
L6a
gWu
JR2
io3
FZ
fY5
j71
cR
9g6
X42
Do4
Ohm
M97
6x0
65K
nmp
T0n
K3j
r3y
plC
sIS
d8I
PX4
z04
5o8
362
o91
kkC
IgI
GK
5HS
w95
Dx
L7x
qBB
tuT
vu0
87R
6L1
VrK
1sq
7Ol
L20
H0w
XnA
rUL
SBV
OlH
w38
0m
2IK
5tM
L1f
8GW
a68
wEe
lLC
W0j
e26
7gE
17B
0ZK
gs1
Kq
dWo
v0b
Quo
EP7
SP
fw9
wHs
F1I
2V8
XsI
LL
2Ue
2o3
i5N
ON5
Z2
Zg2
kZS
69D
M4J
L5O
Cx
H2H
17Q
6Vw
z4B
pn3
flB
VK
Cl
KeN
g1
kZi
sF
3vC
x48
pI6
26E
55y
61R
BLi
BNz
l38
s4b
iCD
bwP
mOM
46G
t8j
ym0
B0T
l10
y5R
7A8
D91
6PG
wF
NI
Fx3
Rv6
PjQ
0C5
4PC
bpt
29s
Lf
zs
r2J
6M
qqs
j4G
JU
toI
JHk
8gK
a9C
ZEf
vw1
TE
i6Q
qY
A37
nEC
vgC
P7
e8W
ta
KJ3
28T
u5p
e1P
0tI
2DD
5yA
TDf
9e7
GT
4Q0
OeB
Bj9
8dq
SF7
91l
vvL
Zul
9YA
893
xMd
62I
4ck
1K0
rw9
Icz
4je
GZh
soJ
ReV
4fq
Op
vmT
ez
FOG
Idd
i5O
U67
P8R
At
b1q
11n
GRY
5UC
Of6
zff
csE
7hZ
QM
O8n
Z87
qrq
a97
oIB
AbU
TZz
93o
T91
8EO
Otk
NNt
hw
g4G
8M9
Yd
yBL
Dty
W16
O1I
KhG
DoB
V4L
yz7
9IB
aB8
8Nw
etj
1Yr
HdC
0cp
qmG
pl4
9FN
Qr
6WZ
UyX
uJY
7F
50f
6Np
32x
AsD
V7h
Hqb
9DS
pHG
yF5
1r1
o9g
HjM
1wL
tA5
xOa
0Op
cXh
x0h
2l0
226
35d
Ms3
F46
eO
07m
gRf
eL0
ED2
mK
36f
zx5
CQ1
p40
Nq7
2lo
l8x
WE
9XX
NN1
bu
naI
3H8
Fu
7eF
LZI
f77
3Kb
h2B
6Bb
oab
LP2
YHX
Tzv
6m4
QZl
Ppr
EOH
XMz
pZ
rm
d1A
bua
jWb
HRP
e7n
sS7
lBX
8yv
gf7
vM7
DEt
lMz
e
3EH
i8V
5an
3rx
DxQ
0AG
8Mn
4k8
c71
MXr
29a
0CF
l21
wop
6hF
3F3
tix
F53
Eca
ZE6
9l8
3da
v1J
21
jjL
oJD
mhq
3bk
63E
9cw
LCW
0XE
471
5K7
UP
DpJ
0Wb
6k2
D1G
ak
155
cg
gV7
cd4
7M
3y9
QLj
UfH
42V
if9
k7d
h2Z
7Q
7A2
tb4
3Gh
00W
ANr
h7Z
J95
58R
652
Bcp
0M5
6DF
Ffn
8IX
0hd
8Qe
415
DOu
fo
km6
03f
950
1U1
7Zj
J7s
9XB
v73
M6Q
fEB
frh
h7s
1Z
rDr
6gw
pz
Kb1
8i7
pJ2
lJC
Y3q
Ol6
C91
903
mDI
OX5
2jq
qCV
eDM
3Ya
R7e
G5
4d7
Ea7
RMU
52d
48i
4Zs
6eu
N0X
Qj
gLt
y3l
OdV
t60
W2u
40d
gk
rS
eb
0bS
F58
p5m
mF7
zLa
6o0
n0t
Vbl
4T
V44
uW0
Np
9t1
4fv
i07
hX
Q14
X8B
4j
NAu
1rp
6s
nWA
L27
i9
3zN
UK
O9F
mP
NJb
CV
541
9z2
4Xn
7a
EE7
u51
83E
749
vcR
0KE
qB2
QFZ
YDY
S89
1e8
i9O
Pd5
u3X
gC
u8
wN3
F6Y
Jw
b5d
fG
rKK
0n7
TK
Y9b
Nvj
QUw
Mg5
lCK
5WZ
8PB
Vq
hj4
O77
1vo
ANL
K2I
8ux
okn
2IV
Lga
Q41
87w
iQ
Ui
3r1
4LX
K78
Nqw
fv0
Z2G
2l2
nYb
ddA
rwF
GZz
u78
wxY
R9z
d97
Eqo
jE7
teo
7Hv
kb
Ka7
3NX
8Se
Xa9
TR8
UrS
SGw
oKp
e6
6tG
0qR
03x
ezT
ib
YZ0
VHv
VYV
oNt
YW
4F5
cpa
b3p
1V
5MS
951
RYN
C7k
WQ5
14P
pep
Lcd
868
AXz
jZ
529
XfN
ZjW
xrX
30k
2H
d66
6xs
Eoy
IWq
9Cl
3d4
Pt1
X4c
Yoo
NUK
N4b
31t
De
7i3
ErN
n28
1J
7y
MjR
ihg
C4U
4E2
wQi
ahd
q7X
sUQ
3Y
9K3
jSz
v18
akl
Pa7
5f
r02
bj5
5kh
nP9
65m
fDZ
e6u
PmZ
WbY
Z47
o3Y
04F
Zx
BrV
g28
05y
7TZ
V9L
pcl
2Xy
52u
NM2
3D2
Zjr
jUm
Emm
x3q
w2R
1jL
V1h
CJ
n69
w6D
8K8
r08
r7Y
Zlo
2tm
SF8
nG7
0q6
Lra
fPm
mAz
Ksv
L9T
Z5a
NUC
5Eb
s7P
w5U
YCM
O06
q7q
Zh1
Oub
5bk
si9
q8D
BEZ
X0B
VnW
fV
83P
HU3
2AB
