26544
2260
24562
37441
31994
26625
5290
12358
9265
29265
15279
14235
25540
18046
3517
23887
7089
35388
20797
21946
15855
14911
35739
12227
38865
9698
5883
16125
10738
22503
26630
36344
39146
38970
22886
14658
14340
7034
3572
30600
22043
33255
17981
10436
2552
38463
4998
37281
13074
30156
7978
39594
34402
36886
15432
30171
32880
9837
39542
39526
2662
19102
20739
7183
19776
39996
9906
33831
34031
4738
14278
29415
37204
23808
38750
33698
11530
28221
8343
4923
38255
27454
11143
10366
12777
16752
15914
19165
25390
27581
18342
14863
17090
26491
16343
10826
24026
32730
22109
14319
30033
27198
38263
10630
1253
24909
2912
27471
27549
12665
31858
413
38277
32068
972
2690
11660
25287
943
29445
4655
6827
32478
9279
13990
16572
11721
16612
14100
3235
8033
35543
23319
37989
9147
13604
14336
29979
25930
22695
21987
11799
6272
13164
1184
230
30766
27557
34184
21267
12676
35913
32237
37759
13369
6958
29645
32497
18194
2999
21498
4758
19401
34702
13865
39519
26500
19312
22855
29534
20560
5239
22303
26193
23275
35545
6667
29621
19058
22774
39620
28476
38775
34385
15598
10780
37624
38535
31485
9032
30671
7022
11429
15410
38417
25005
29987
37238
23019
1807
38817
14997
7705
5839
11744
19084
12416
32214
33821
21983
27904
2540
10208
26437
29239
1101
33740
39908
24235
31003
31409
35568
2469
20865
23404
23888
11440
27923
10066
37658
37626
2528
24321
8577
8317
23305
26857
13163
34067
403
30918
39912
34889
32594
9765
27506
36936
8399
34973
28336
22333
33243
19486
29657
34983
27608
30696
28910
39381
8503
29769
2684
1487
22495
6363
12757
34104
13651
39420
25795
1394
34360
35603
158
26352
33210
26692
1435
36357
27208
659
34430
12114
2562
12768
28576
37375
9006
12853
15733
30371
22634
25767
9822
8759
24288
28844
32784
9705
14040
1933
37194
2596
39499
15430
38987
1012
35169
2291
14237
31801
26783
6593
38342
38587
16519
34452
23685
799
21846
20449
17906
34629
11567
38242
5083
38937
21445
5513
16105
39261
36584
25871
33999
6233
25712
13389
11333
29192
15080
1257
11869
29013
24381
15600
13458
6808
14179
37860
28124
12923
18995
33335
1132
8807
650
13589
16336
21158
32740
32165
35197
17554
7921
6580
38131
34790
24130
20321
4708
21794
29090
26103
11971
31353
27806
1531
36918
23846
3035
9880
15456
35126
21915
32765
22683
10808
32585
8235
39621
9682
9752
7113
20673
14008
11088
18814
11211
8458
35128
27398
17751
20555
19907
38757
37521
4066
19882
38616
5841
20405
34480
19085
12473
10175
8434
9063
33021
30447
9736
35698
38218
28043
36483
27046
5652
17912
21928
5941
3953
26730
345
32319
14447
35302
11490
33732
22965
14796
6631
23923
24099
2201
32393
7512
9677
20679
1026
22609
19905
36150
25920
14943
37216
39696
21382
17370
31107
3146
15453
19399
20326
11197
10421
13570
17120
7955
38411
24619
21704
18364
9442
30663
39406
37642
1137
10648
28822
15794
12349
7810
12342
2854
4574
8626
15738
14150
24946
29349
24581
112
19357
4255
13207
23321
27354
22749
3379
15213
7275
7307
19260
2746
35391
25061
16707
32916
20788
15021
21588
1948
24520
32066
19766
39880
21367
37724
20192
2111
15433
15513
16520
34534
33553
11864
20715
2536
38846
8133
25557
1670
31472
26912
963
17259
73
35740
4433
14962
18660
26779
29984
87
5280
23432
38902
37687
18495
9636
20523
24679
24077
34666
5599
4045
15788
1872
30546
12695
28876
25745
3465
15415
9591
36407
11422
6356
25360
27567
2029
22677
37393
23419
16618
6605
31386
38097
228
26276
8655
13654
20382
30603
20025
8653
35773
13546
17004
17544
23385
31111
25457
32341
37249
36916
24098
37751
9296
11075
35655
20756
10605
33069
30417
8251
10326
18216
16034
5506
8629
30859
9651
623
15504
35704
23245
38689
12725
39159
28380
3490
14173
20072
34693
9028
3446
13971
6659
2274
36687
27460
12924
39475
15198
6178
29449
33129
38368
30124
20203
23965
14406
35924
14888
19556
14129
8090
5826
17219
25379
20693
39366
37313
22471
12398
35978
5632
16927
27287
33670
3750
6752
15136
9300
4247
4563
6928
12779
31089
17771
26409
36448
29204
37343
24406
13286
5687
37960
20381
19917
23117
21040
29341
24212
6725
17031
32038
31670
13786
3262
10728
9236
13643
19061
38195
2240
38506
28771
3519
20974
38833
38156
31666
35845
19648
14342
30952
31400
6822
24083
19078
27856
25330
25737
19110
37878
16054
1286
22427
9755
22489
29813
14231
24548
19491
28327
13883
26155
21099
6005
6880
17631
15591
18357
33139
6526
13201
32583
26996
24768
22012
30420
2409
12322
331
20119
4640
33758
24439
39682
22846
33748
3690
22764
29633
7304
33898
224
10836
34276
8432
17793
33055
32201
32954
27743
34237
26195
4979
1984
16267
10590
23103
16697
15025
30331
5201
19009
14655
10068
38427
28062
8930
21813
6210
267
565
18507
4401
5521
35133
9847
19573
2447
21831
38808
27207
944
8800
25214
28591
11511
1040
16193
20287
13225
4398
3649
2871
9404
24315
639
766
495
1273
21349
39101
22844
39386
35561
425
37414
16337
27657
8045
35307
21894
67
328
26045
34905
6202
36376
33460
2863
21592
14755
12002
25911
19070
35142
21188
10445
31247
14463
23362
7056
26657
15521
16158
8523
28139
10260
4535
11270
24841
3579
22579
32270
31834
5169
10549
23278
20891
31878
33132
28536
3696
13690
34028
16566
32984
3057
12855
14945
30046
20967
1892
26607
24062
33783
31402
31985
9728
39086
19765
8221
31276
12715
22246
9133
38873
20897
25175
26696
22009
16434
14544
19878
13349
37978
32550
35159
35890
30155
27297
1133
36701
31373
519
9335
35065
27866
21669
1483
3761
18142
3599
36573
307
36949
917
30541
19826
36250
27996
9622
10959
11742
2039
25118
38788
16295
5653
37666
18559
27462
35429
10566
21275
26886
26835
1716
32470
38017
24599
13147
37057
20676
23712
13255
34365
22362
22953
6331
29321
10827
34153
8794
36653
12160
13025
36030
17791
24059
1866
33989
25569
36169
1963
37783
19105
20355
31226
5130
39376
33671
28649
323
23513
14093
22519
9946
16127
37870
39994
27218
6512
19605
5297
7709
2549
16516
15679
26033
11477
19210
21295
9720
28878
30299
34977
27721
2414
29463
34837
29679
37511
29033
9582
1492
27812
25199
558
12564
11016
29355
29631
8963
1238
24568
18383
32125
35512
31945
21722
30605
31924
21691
10263
21000
37198
24397
19309
19599
39177
39821
14941
15643
35519
19103
34541
34377
21682
14857
27304
11873
31234
3013
31476
11025
15876
25132
12849
31117
33896
23694
26496
27073
1970
22463
32212
39775
36208
30342
10234
5890
20626
35553
38206
7340
38671
34180
30288
33043
22720
24755
23361
29036
24607
31525
30091
2345
27308
13177
23840
8960
24460
22856
35236
38534
26324
30849
13833
6599
33963
6147
14876
30548
13926
245
21981
9136
2432
21791
26089
28676
27407
14247
32820
27484
31700
13484
19255
5900
38939
13600
12191
14904
129
1857
35531
19323
12413
15234
25057
33198
6172
38900
32282
668
29634
35052
12448
24745
19955
15069
26691
16178
36365
25857
18250
25098
5913
19308
23360
11969
12362
17320
18898
30687
14672
35666
10683
152
14120
8806
142
26849
20718
29527
10547
26023
16673
29639
36241
2349
20953
5703
12232
30047
13732
47
853
36780
33034
3396
35221
6004
23196
18684
16869
35406
38732
27239
11875
38508
28883
30631
28313
15674
26134
3085
17708
6978
9134
39074
21549
12430
9139
9821
35629
33070
9808
29928
34738
26082
33974
24349
38282
24796
18288
5563
33799
29885
8682
28769
9905
36395
30448
6092
26774
25474
18311
14708
19036
26966
11304
35412
32266
1160
8375
12260
14881
22476
5982
8037
16512
21022
4072
25454
17301
21539
12067
27389
30101
7379
22484
18520
1809
37410
39142
19318
36731
39302
23913
25677
31228
15791
4038
36214
17561
1863
26240
20162
23279
30453
25002
23588
35895
4969
39123
29500
17724
37220
20331
36268
27256
12151
26536
33187
11395
33199
6966
21314
14930
38680
23022
4070
10700
29351
38658
13220
17122
16080
5504
25876
8186
36097
4475
21544
15000
31352
7995
38961
6592
14030
23696
1517
18151
17514
39147
26787
38376
24648
29195
8582
34151
13126
37816
14522
29135
5490
38157
5973
6437
36337
37524
9713
24045
10347
21641
17704
11282
22390
27960
12750
36660
24044
38086
25440
13067
29499
33986
32054
17765
18123
38631
9347
25206
32958
16998
15549
7614
18657
13912
19444
17682
26519
31931
28260
16688
36305
3333
26162
25418
21088
17350
27786
17732
30441
20713
5500
11785
22690
2119
18795
14060
983
15942
18443
10295
18809
22604
30048
34376
24997
36696
8292
30610
4525
32442
15908
30209
14300
16314
6294
18690
29485
1949
27049
13963
13560
32671
29489
24877
8834
30358
23665
16925
15956
12885
26933
34090
35941
24236
1152
11680
23954
10684
21838
37806
5100
8283
31420
423
13630
8791
35610
7132
21883
11264
36530
36926
8360
5090
32001
22881
4742
29338
39541
2740
18137
16110
28403
25283
1936
8185
32586
26641
34558
38264
18858
26844
17373
8824
29362
35118
5480
11396
22308
12830
3975
15852
31505
39607
23563
15683
24069
22906
7885
34669
29352
4300
34705
17033
33654
7664
7236
26891
12173
23825
33349
19053
7988
9944
2839
30937
6170
37811
11792
39721
29065
30863
9973
7422
32288
15459
13718
28981
17052
25865
22814
11999
17735
6663
6616
12045
23020
15619
17427
38789
27965
1681
27457
29328
11928
37225
1278
14689
37169
32534
4829
18446
16720
18859
16035
24351
10799
10453
9618
10840
27052
19629
8264
6302
35723
2843
1455
28326
21944
796
27067
33560
20006
13374
2116
2842
15475
26270
35230
31827
33251
33838
26044
39436
37029
35613
2851
11144
19489
32499
10686
3308
28586
5416
26368
31303
36340
36485
30250
9297
38751
39713
295
25615
13023
2904
149
34934
20595
1223
15582
20021
33870
18084
31395
18604
8349
3721
36908
25041
33549
11216
5339
2698
1712
36946
10043
17462
18715
27491
21945
25133
36462
9164
16551
30958
10309
18771
14147
27625
20505
31879
16039
37864
5216
881
32150
11335
14828
31262
6724
35757
28272
17238
32633
24668
27148
15354
24008
2355
10082
30878
38132
1025
37419
13661
11056
19852
34132
23793
1366
3307
24829
14420
28448
26014
2003
4253
39680
30752
37266
17480
25241
13193
9078
12006
34446
26710
27631
33047
39905
36466
8892
32457
27517
15165
31751
6582
13548
11102
7298
38067
5510
26512
26386
33472
9149
27450
3910
3700
29725
39532
14071
34154
38514
32296
32088
25406
10856
28151
9936
18410
26047
37212
2995
25042
28656
15451
19786
10404
5077
17761
11265
37155
25328
8088
6413
24887
29170
9433
36101
9173
21075
20460
35726
34672
21178
22669
26591
12819
37527
6108
34899
187
25614
8191
38015
20022
33217
111
34325
31575
27387
4950
20483
19928
8453
1554
25773
19886
31309
9523
37162
13753
1245
28441
22110
7046
31436
34330
12426
4723
31842
10812
32686
28537
8421
3543
25549
12660
37981
13068
11989
2190
14942
5475
22895
27704
2166
33803
37257
24571
26875
27322
32838
4863
12099
6287
39704
39843
22072
39871
20142
6474
2794
28300
4239
21351
12985
6612
8872
13530
2103
21612
10496
5
28276
26803
26468
39484
20655
7583
10363
33002
18245
21617
10852
21490
12305
12599
18929
36963
18785
35994
6776
4222
18610
17591
25907
645
36273
37065
34663
32451
16403
9463
22270
15735
19743
31562
14970
10499
27087
21144
22235
3191
5186
38119
15843
21127
20562
18480
30276
29457
13688
17331
22205
22213
25649
4579
745
12405
2045
38343
3886
19172
2420
32565
29651
17376
15963
27512
36583
13415
37891
31978
31953
22069
14337
3412
38719
23300
21269
5969
24374
38083
22761
30376
26328
22750
1164
1259
35882
26306
24831
28023
6274
33261
22015
22490
6256
6762
19726
21255
18180
12030
25798
36174
179
16886
24918
39774
33723
38327
15530
18431
34593
20773
25479
33752
34383
1877
23480
24372
39833
18232
12871
17891
9686
34149
35560
9129
10431
33535
8911
8329
37339
22631
30196
7233
16491
10571
31336
5518
36631
27663
2311
7721
3210
5925
6087
14877
1890
8450
20468
18985
39306
37827
28060
21537
17816
1900
19596
17030
7904
12689
14954
31411
7071
1762
31905
26767
21101
23788
12523
33790
3587
32461
34426
31027
10500
21412
593
4792
23054
13465
18112
24179
7574
33902
37168
4945
13978
4584
36787
35498
28892
35774
29542
2551
15630
14461
23850
27264
18855
11556
11322
37933
27056
11224
7508
11152
32036
10055
5371
21953
27628
27763
22161
14492
5333
2258
36595
11334
22583
11752
32612
12023
3189
15827
28890
9685
33241
31467
34976
31478
335
14628
31403
19906
20354
21405
16632
22641
23309
12500
29747
38013
31805
28638
19198
21246
38581
35146
33525
27769
148
26362
4277
3585
11437
14644
22756
30220
35710
3334
15830
19536
16228
16780
22335
39378
14786
19150
37466
25635
38322
4521
14593
26267
35435
35360
39135
23044
30596
34618
37374
16778
11061
1611
22465
30638
30458
26861
35050
289
4532
5353
1479
15816
29640
21920
31800
5403
26686
11235
33721
2164
14553
16136
35352
19178
12192
23941
36799
23324
17567
23803
12323
10245
11666
18807
36229
35026
39170
26483
22847
18805
12617
30804
32176
31339
23216
29031
6219
27373
7715
25606
28038
3753
20610
4424
28212
32400
32474
29638
10960
14454
36740
8779
7091
22900
39981
9010
10477
23989
17479
10876
36642
23147
1269
530
21891
10426
29953
16664
11557
38810
29083
14770
37101
4114
16546
6821
17558
17835
1034
19935
37482
10806
31675
8018
4505
30569
3074
29535
38085
5586
12956
10847
39930
30190
17245
5179
38257
37433
20301
26389
5608
17300
8853
37203
21149
18
24698
17346
17951
28559
8362
17505
36831
17762
2771
11943
12859
22412
17624
26901
15100
30112
12179
31857
38972
10235
10108
24060
15039
25757
31258
30385
2867
10974
27336
39264
24879
20241
17224
18037
27378
25169
32317
15961
79
28609
3529
22528
32624
32279
6171
13491
14579
4852
4389
9667
24318
7058
7406
38230
39333
28343
1427
7733
34208
32007
25620
19681
6055
34065
16455
2972
23866
23253
9912
4546
4202
1161
17484
7133
3502
9955
21900
5680
25470
15388
31729
34361
33468
26656
24560
20213
23408
2893
37680
15182
32475
851
8222
9200
31787
30063
31755
31547
1353
8370
21473
35746
17420
3429
30502
13703
22261
1859
1587
14778
10798
14156
21165
35434
9336
22037
29006
16867
15072
19371
34305
10810
30597
13895
28556
18340
30877
19394
5370
39332
24659
14609
26597
876
10346
38505
25191
5078
16784
11390
36922
589
26188
22278
8980
420
18728
7914
31724
34239
16708
22737
36062
6489
29496
26456
1230
31527
36615
29346
21798
22320
20589
3445
20556
1846
3745
1416
17911
23911
37645
22418
29632
23286
575
11988
32510
30199
18301
553
21839
31423
9468
10034
2206
13642
26562
37569
32348
36930
20878
30402
1423
13542
31222
37604
544
18655
28452
4199
4155
13977
30079
6973
34659
32634
6883
35894
3506
4788
18390
10384
22642
23437
30286
1031
21492
35460
4003
39444
3291
21050
4619
21586
32063
39578
27467
39096
29418
14917
3934
10631
34348
30341
20803
9270
20035
25302
4782
16587
5705
14020
13297
17961
24257
25940
4842
26814
2660
33645
15285
15206
36244
10779
6250
10527
16015
20637
9052
21440
5460
45
24163
20511
15868
20080
22164
27312
27162
19542
39601
35602
37206
20690
16885
24889
31070
6763
25262
37928
9294
37515
9071
7621
21030
5531
1061
12765
32737
30891
39790
31355
18329
14547
37305
2573
23777
6151
33983
32811
22675
34498
29488
6193
34260
28611
26740
16849
29797
31092
24031
12502
12560
20835
14177
3598
18513
34869
19194
23977
25834
15522
2710
7331
31313
19729
10660
18196
34114
29249
6223
27798
19449
3489
20708
14510
18497
13901
36718
21693
19723
978
27202
2574
39049
12732
2312
8505
23482
29123
5342
37567
12588
16630
3962
14895
35494
31401
12061
38700
15927
31369
30099
26820
6196
35238
15022
22374
31215
20077
28964
7153
30203
26388
29825
4034
31616
12899
33097
13277
12374
28255
33005
579
39037
17337
2406
33389
38954
4629
11165
26009
13951
14976
2527
6334
17542
29904
36982
89
18533
38211
16971
20074
1528
6429
16694
21379
30713
11035
27117
30454
12334
28761
32077
19112
31005
39250
2703
19282
21377
29454
26837
30055
2144
22244
931
3342
4200
11274
30635
22150
39585
16582
31204
37054
13494
14289
18567
26716
3873
15444
19771
14585
37760
21502
16165
20489
7292
21435
9573
30629
13449
29494
28661
33612
14488
26320
13666
30830
9319
16513
20709
33577
15167
11357
32589
24849
39853
28497
7005
19659
1136
35272
28377
9498
7913
24152
22237
31278
4976
15742
36979
17354
37835
33483
36069
8591
1924
19733
18916
18362
17647
37048
2208
39470
8576
6265
4121
11359
31307
22282
12922
4365
28303
34070
18611
14719
20346
29381
24749
35268
12601
6871
33274
12397
14526
9600
15922
31106
32311
21045
23003
8750
3264
27475
18588
24578
26236
34108
26648
6902
9508
14923
14417
37591
28148
9364
13748
4761
31894
13903
24107
33579
30550
29685
17572
39063
6075
3983
39284
31746
12700
8172
12711
31091
34386
22396
37031
27113
9374
38412
2873
27925
29552
26101
29730
23317
26475
13040
22716
16655
3353
32254
11846
25275
23479
18044
3728
31803
18442
18097
5853
5074
13314
16005
23666
24984
31663
17863
22189
33184
5015
13511
20392
16549
31973
33950
25654
16619
22093
6946
31002
21820
1125
22665
38084
13549
38549
18488
8531
37110
541
29829
2360
22539
17764
7085
30440
11908
7804
17800
39898
19016
12216
16176
17341
2764
22410
4583
7302
24289
436
36157
2435
3292
32155
14180
14292
29016
37122
13949
31274
4435
23483
37869
31208
35174
30656
22540
1856
36969
4892
15478
35735
1089
13061
33497
27744
36933
4980
24011
36978
15681
23488
27
13069
20977
18031
4542
23424
16182
17277
5459
1295
15653
20880
6487
23460
3276
10607
38989
33169
19024
2823
12582
35891
11657
11982
27538
10659
20296
26042
10274
18067
30095
22772
30773
36324
19145
36709
35604
7493
36149
30812
22438
35648
37363
23571
16119
38232
32840
11007
5221
26804
2175
21845
24167
6140
16433
8280
5875
34050
31961
35957
30563
4135
17010
13075
37019
21936
5983
27629
38632
19864
28994
24982
18968
1351
22488
37961
36216
14926
29814
1074
285
36764
2564
35355
539
3800
14415
36643
19301
36932
2639
20701
18378
15682
25494
14078
9845
19118
8511
8675
13712
39481
10308
35615
2341
21621
36381
4820
34266
8092
25700
5802
28186
19038
36507
1849
15450
18107
27868
31928
27766
37315
36588
25365
13382
8636
23812
21587
21108
37171
14992
1533
36520
29384
8890
809
37295
15095
13731
17110
7495
11273
27560
569
35713
19521
31333
12165
33742
32761
28754
18877
11190
39605
28076
36441
20649
26921
6873
27071
37113
17728
6500
13655
7424
26383
3450
35419
36835
38284
10297
21947
4480
32145
21922
15947
35495
17979
33807
28096
4285
21701
10267
15375
10430
27274
8988
26361
37084
20950
35080
38475
13723
38457
38809
27341
310
18162
20416
19007
32502
18937
33515
23893
7887
33715
9182
38167
23104
16362
5047
13609
1307
17115
9399
22395
24906
30334
38303
26939
5362
14240
4807
6441
16913
29781
26739
19325
37156
29917
6091
13778
19494
36425
14227
15137
15543
14583
3456
21421
30207
16719
6907
10859
21304
33329
30608
37902
24161
20986
36247
34101
31000
21150
21241
21016
18070
20045
26234
13039
12264
31100
19463
34413
25507
29985
33578
17431
23561
3135
14971
15132
2572
4973
4231
25140
14298
37794
16856
8730
26243
15014
11559
28471
27712
31495
26951
32073
30962
4093
13015
14015
8771
16820
28552
9998
34645
20435
10222
9094
27038
965
7345
26206
35694
1047
39365
7778
18661
22765
26191
28935
8043
16204
11954
35121
13233
23280
23096
2831
11561
11425
28990
28787
28304
30992
31246
15544
39938
1512
14061
31124
28893
3360
3584
5597
5742
14746
27034
15439
33689
17199
5303
12820
3105
35364
1173
17100
23664
9446
18536
32123
23063
27025
25664
19023
7577
14829
29859
27051
1668
8620
24020
30925
803
27232
11267
5401
32735
30553
34583
10217
13021
21978
9578
7626
14497
807
20362
25523
4243
22752
19402
19316
21844
16006
36816
26515
11342
8200
36470
37093
32050
35487
38278
2713
497
34822
8242
15721
5931
38815
32928
38443
8469
13992
35114
2652
30410
36805
20190
973
39114
13857
37224
6406
38351
20710
31267
13016
9007
13614
27897
4388
4071
29281
26216
37252
5743
20755
12513
33727
4847
9101
31016
28273
11301
36892
39950
20732
30480
21767
36782
35163
33704
28007
33456
1560
10786
35625
1880
4271
29746
14688
32310
31131
17145
38298
39398
12677
13388
24019
8559
5835
31099
5376
2496
765
9183
5729
6645
5406
15367
19324
37817
29875
7155
34554
12874
34058
22727
29155
4943
23276
7657
19186
6744
18421
7612
1266
20561
37987
17210
1503
22811
18904
31810
2878
2501
14119
17127
16920
8858
23193
14428
17374
33745
16662
29559
4356
7727
8687
16628
7725
9248
3612
31686
3018
13737
34
16282
27175
749
26313
38241
31367
2134
36332
8734
21643
18083
29605
24170
416
7322
9717
27301
18272
25317
27563
24186
15641
3363
37780
10120
35343
39028
9116
31225
6888
15698
743
7809
24435
18620
20554
37937
7323
23549
11563
7515
27008
2743
1774
12658
14777
34621
6102
17328
29058
3209
8583
22319
30336
30314
38003
15003
34320
21218
4201
28041
39971
3735
21991
8527
7599
6355
22569
143
24913
25383
20243
27740
2889
25808
30309
7326
26923
9980
3004
10167
14757
30624
19430
6903
6921
8113
23021
21449
2756
32645
24328
19468
16499
16384
7552
39882
39742
4854
30884
37264
23411
38801
14795
21911
2477
6247
10374
34951
33646
15944
5249
30317
38247
18011
3015
3484
6083
12954
23254
36265
8852
24840
24781
37118
9911
4263
28286
2526
1213
889
21400
21089
26727
18417
31465
15018
34974
32314
16248
10851
37934
23706
26931
7783
15264
21531
22094
28538
8233
26592
3885
10888
27682
4
4141
25734
36621
6825
38330
11194
28372
34565
2505
11123
11622
11826
39399
29246
14130
39572
8120
34469
27523
35367
6300
15728
26725
33903
20474
4865
14377
30051
11678
28642
5347
26140
15114
38579
17606
30971
25574
28689
1350
31275
29009
14969
39941
34804
23094
38507
28909
10920
20232
38733
2226
13591
36338
27879
35293
11887
35178
30642
10105
39885
9286
8929
15854
20745
23450
28595
33236
7836
27493
18247
12315
9975
39457
26575
8146
28102
14026
27127
15482
767
16442
3549
17297
35918
6773
14944
36789
28396
13947
25897
19173
2969
25235
9751
8945
24731
25996
21661
15017
19077
13351
33642
17956
34382
26593
38984
36945
39556
21897
18223
8290
28072
3845
21080
8647
38364
13442
471
20160
1078
26492
38128
15185
14122
7828
18229
376
25097
5874
25859
24366
27088
15579
4545
14659
13991
22349
10681
30191
38148
3839
7769
16328
17361
33563
28071
26317
38020
24603
16725
11958
13052
22654
33677
27174
36408
36400
29927
13424
30446
4547
20050
29523
36280
13055
18753
27716
9132
825
24467
11010
4967
21554
4136
11277
6527
23841
32705
35075
27104
29688
29734
35368
16378
3654
17134
20800
2777
31731
22217
14511
20421
36608
14378
10793
10829
24810
28561
10727
37637
5861
8104
26702
10781
22028
1923
11505
23473
32986
26786
28775
3611
30949
2417
2931
26798
9564
38314
7229
14239
7075
38155
7027
36358
7228
33427
4242
5217
23178
18942
14823
25277
2250
25019
6456
4283
10355
18079
39806
27063
30630
22689
6442
23763
36812
34233
6025
6753
377
27468
35770
7764
35779
38550
36115
34935
3001
23071
19832
12351
31343
3677
4280
28637
28601
31469
24400
25890
26472
29663
37706
13624
33631
34288
38079
17252
9630
27930
3726
6602
16656
34699
28170
7387
39209
13486
33946
32642
15074
19923
27735
201
6466
14126
14804
6626
36317
23028
28891
29721
37010
33369
11691
10315
3176
29453
24817
33256
5205
7858
11920
19606
27319
37201
5965
15035
13149
7952
6018
2327
12392
97
36187
13583
17702
31832
22544
27507
37202
11138
14685
25307
37689
9005
5920
27963
36534
10900
2286
3565
30544
37334
37091
35869
14169
11997
1746
39629
29913
13979
8908
4437
1994
19438
15426
31645
33115
15748
26846
27809
14631
23691
19365
19672
35217
18095
35480
17319
25431
27288
6477
8855
17534
37493
33889
39698
16170
5752
22617
28948
22017
36517
21265
17248
11892
11178
25669
38721
24117
24096
17590
32302
32181
26905
12071
39794
33127
39413
3651
34647
3314
26603
11555
9259
7004
8700
2171
26517
30824
37737
14495
24569
9193
14112
12507
5252
12796
32917
12960
28833
7607
36024
27615
19115
29228
22546
10349
30581
15177
18912
14624
13752
19127
39677
17699
2795
3458
14233
38209
17595
10592
3640
20131
30166
28930
18370
32777
30442
36815
32132
37643
17615
39208
23399
24874
39345
16614
34046
20036
16773
14013
35423
9061
3692
26571
19800
8063
9301
31742
17178
8897
362
38464
24042
11289
6891
26015
21553
16224
24818
39007
17063
37078
465
12296
18678
11842
30585
4676
15227
21237
22723
15215
33985
22355
28283
51
34489
35657
17111
37796
17783
33843
2079
19825
11519
11713
2463
30893
29364
29709
13853
2106
5690
14983
18099
29182
5570
6530
24123
23505
30645
32051
24310
15222
15306
10201
26485
11445
14329
17342
25984
33480
32436
7062
37985
3881
6319
35958
22952
27761
39886
23389
24884
27781
8096
19417
32961
26748
32835
7067
21390
38215
3058
5021
12714
27527
12217
25370
14868
32951
4127
4526
19742
705
30072
2951
34437
34339
10749
21652
12838
10165
35116
39293
35660
24720
29224
12650
9760
18543
33312
10028
13480
10171
23797
31483
25010
29285
20291
4146
7938
15253
38221
2038
39316
31627
35032
10901
3147
30015
24588
26233
11808
20768
744
25023
7481
22834
19439
32190
36848
30217
26394
36347
23180
261
27790
14159
28791
11266
4406
8767
8258
20204
32044
5688
21128
27719
7591
12462
27090
614
6094
28651
17128
36998
28196
18639
5609
3507
12910
24411
33415
22890
37908
3538
11771
7799
1564
22073
16717
531
8288
6789
24751
39160
6775
9382
14766
30381
1439
1430
11736
12396
10574
37234
2772
34736
34195
24006
31649
12870
1739
22496
25234
16440
37193
16258
26538
14373
10731
36399
1633
25260
33270
32437
3271
2444
24225
33062
32406
27839
3068
6420
5695
11381
2916
33593
34832
36283
31445
14703
867
26661
15084
33178
27501
31828
27696
18981
12674
2894
16530
4944
6683
3508
27037
8445
8611
23704
8147
17908
27554
37324
13206
18025
36920
26297
7035
10444
6208
34246
3684
37008
19918
7001
5665
24262
27626
9055
29428
19213
23602
4307
14965
27991
13545
26990
14575
6768
1053
1275
32613
20543
31512
23518
39204
5724
3125
23394
5035
334
37681
16606
36721
15601
23086
34752
28653
13000
26528
638
32779
32778
15917
2973
14835
39878
26119
17536
34481
37280
32911
16745
39280
16239
8184
30927
22169
9504
15483
557
13711
18978
34601
37345
34756
32131
16932
4700
19839
7754
30495
13117
18530
2132
15381
24271
10048
33207
1592
34805
33537
32888
19546
33939
31912
29302
12837
23223
12909
7031
37209
11552
20599
38602
39048
3997
10603
37829
10062
36864
30379
27681
20988
8218
24269
10318
29607
10303
6467
23806
19272
14350
13236
13601
39212
17390
38526
35225
39482
14057
7078
3703
15847
10485
30595
14533
15254
8439
17805
24079
38838
21361
21561
32075
21571
28783
6258
29073
35833
27283
9782
38136
9131
39681
26034
21133
24608
22867
24859
22158
13088
30828
5189
20955
19333
34569
26434
15895
37815
14352
9815
23800
25764
6984
25756
23005
31669
29643
30658
33808
12166
38274
545
15710
23559
16889
11026
37457
29241
5777
8380
6653
24256
13119
18712
4174
32950
25237
7943
25531
37368
4971
556
12764
1298
15769
17340
4418
25517
1906
35852
34244
11238
25444
24424
6849
12407
38946
16183
19952
13390
25805
17413
19220
15488
8252
18813
10474
7054
26943
3608
2378
9150
9011
24858
22403
36414
3544
23258
4020
10277
38582
26789
883
26824
27912
24471
7908
34945
13485
8723
34488
26620
6565
37830
1969
20966
38360
2439
22535
24228
33598
28789
18013
1111
1234
16907
12357
36980
19782
37984
16032
26225
5820
21056
26719
39921
36717
24417
12486
20996
19134
15528
6305
12126
34901
37159
1693
9400
36011
2393
25481
23728
37230
27943
22571
33262
37503
11177
7832
13851
37799
39346
15479
8649
24653
10093
3116
12642
32844
33755
8030
37791
2782
7282
28176
33378
11609
37775
13932
27111
11687
17353
39178
18053
10094
2301
2448
4662
24402
25771
22182
31145
11278
37082
19065
24931
19929
17559
9331
10243
20774
28082
2387
23034
22887
34141
10968
29458
29602
8607
16699
13386
9910
2817
1600
1105
3614
4559
3246
21160
24723
23205
18389
5136
5138
15096
13622
5589
7492
15708
31788
8571
12131
28811
29722
33326
25434
34571
1576
20959
9953
25959
10502
5944
12241
28218
21032
24486
39405
35609
14445
19699
23885
22555
14109
24316
35317
32870
28503
18472
23544
28713
21453
13124
18299
24682
23530
21723
9702
20122
21614
7553
15160
7141
21185
7299
39828
11243
36496
6625
24333
12439
39335
35054
19435
445
31126
12791
15298
9310
12256
26123
31716
35194
9174
123
8224
3869
18492
9631
12531
39773
28996
10401
17293
35646
5151
29948
38871
7841
19529
12598
14124
6427
17604
23760
7566
28534
39988
34802
14097
31585
10083
2092
5583
256
32644
346
3977
4562
33040
10969
17177
27418
25062
38566
22572
21463
11116
6794
9330
25575
15637
33463
22873
31082
5470
19068
24643
17659
