26
104
82
100
93
108
68
143
112
72
195
133
200
206
117
131
159
127
95
138
296
336
242
342
253
198
347
375
378
152
400
461
234
472
473
312
386
17
410
510
468
262
527
566
597
219
403
500
634
630
656
429
481
559
603
699
684
621
758
733
632
789
636
822
842
801
876
829
796
824
743
698
962
923
973
938
725
1081
1009
992
1107
757
1156
1053
512
1160
976
1180
1234
1073
1084
1183
1250
1138
1279
901
924
1144
1246
1313
1301
1223
1348
1409
1389
1173
1424
1344
1431
1358
1407
1491
1421
1360
1589
1495
1468
1403
1593
1608
1631
1634
1471
1280
1630
1717
1297
1543
1447
1754
1736
1607
1600
1653
1794
1764
1649
1676
1804
1799
1776
1731
1801
1870
1892
1858
1779
1792
1912
1768
1808
1869
1942
1829
1964
1980
2007
1962
1897
1919
1928
1998
1907
2004
2065
2025
2104
1908
2122
2028
1450
2027
2055
2024
2136
2132
2198
2109
2230
2199
2150
2191
2267
2098
2257
2177
2142
2152
2277
2402
2135
2331
2419
2320
2327
2276
2456
2233
2457
2459
2505
2409
2436
2530
2527
2543
2550
2440
2116
2567
2424
2379
2483
2576
2286
2549
2571
2547
2626
2573
2587
2631
2476
2673
2569
2619
2638
2691
2706
2590
2610
2732
2740
2784
2675
2744
2592
2805
2646
2794
2819
2841
2857
2855
2870
2701
2660
2816
2907
2708
2743
2879
2951
2914
2991
2883
2803
2922
2844
2993
2566
3006
3004
3035
3058
3012
2905
2950
3065
3026
3048
3080
3115
3123
3031
2898
3176
3166
3036
3092
3165
3043
3212
3147
3116
3220
3246
3270
3185
3079
3214
3242
3272
3192
3274
3061
3349
3342
3328
3288
3382
3379
3397
3310
3402
3378
3380
3439
3271
3460
3319
3411
3447
3467
3428
3444
3563
3255
3576
3197
3496
3285
3583
3584
3640
3606
3627
3470
3532
3659
3691
3612
3636
3561
3677
3748
3634
3682
3699
3642
3773
3715
3778
3767
3822
3757
3800
3643
3864
3859
3851
3398
3799
3848
3849
3926
3718
3890
3988
3717
3963
3950
3986
3845
99
69
120
3990
148
173
13
88
245
52
58
227
270
372
126
327
164
405
385
207
438
364
478
536
291
357
415
584
542
463
589
132
428
617
663
552
598
707
391
709
694
726
575
734
631
600
799
669
752
436
778
729
897
523
846
658
728
926
974
803
964
874
1025
940
986
1035
954
1040
1127
1133
993
1100
1151
942
1030
1175
1066
1200
720
1256
1068
1218
1315
1192
1331
931
1226
1190
1336
1176
1382
1286
1373
1399
1291
1395
1352
1440
1333
1070
1410
1464
1494
1416
1459
1502
1351
1418
1528
1548
1596
1478
1425
1622
1629
1617
1580
1650
1592
1688
1507
1570
1678
1552
1693
1157
1709
1698
1681
1713
1752
1457
1775
1605
1746
1658
1828
1818
1850
1811
1788
1769
1896
1714
1926
1765
1891
1860
1890
1967
1934
1951
1969
1989
1719
1814
1941
1822
2081
1977
2082
2102
2111
2124
2133
2030
2092
2074
1946
2183
2197
2193
2164
2017
1999
2201
2016
2232
2188
2283
2304
2243
2253
2213
2211
1993
2361
2306
2236
2278
2312
2143
2449
2314
2469
2477
2414
2518
2333
2545
2427
2621
2558
2657
2630
2488
2462
2602
2667
2392
2700
2723
2751
2694
2785
2439
2678
1956
2390
2843
2773
2909
2865
2935
2936
2832
2705
2953
2910
2828
2695
2827
2822
3072
2833
3021
3098
3027
2981
3126
3063
3138
3156
3081
3190
3019
3171
2939
3136
3017
3291
3175
3241
3159
3226
3143
3280
2632
3292
3396
3311
3298
3414
3419
3276
3441
3383
3442
3424
3230
3374
3420
3468
3494
3557
3524
3482
3540
3587
3600
3609
3410
3570
3590
3506
3625
3662
3626
3646
3681
3335
3387
3489
3692
3730
3754
3738
3727
3818
3750
3721
3479
3572
3765
3819
3856
3911
3876
3624
3896
3725
3893
3946
3808
3703
43
3865
3831
3996
57
51
3998
107
3953
145
3938
123
212
199
204
3976
275
83
205
297
188
224
158
352
281
233
239
175
417
343
432
368
300
315
420
382
408
467
486
484
482
513
452
446
457
550
534
121
535
572
524
325
433
593
606
508
557
582
578
528
577
363
655
673
760
624
724
764
610
692
595
787
721
828
581
863
862
607
934
856
969
681
977
963
791
910
941
972
885
1002
994
1041
1060
902
855
1033
1062
1064
1027
1083
1013
1145
1101
1096
1222
1059
1104
1018
1135
1228
1168
1209
1261
1302
1130
1001
1284
1322
1242
1299
1381
1247
894
1357
1332
1487
1444
1476
1318
1306
1537
1454
1545
1380
1427
1452
1586
1556
1669
1492
1721
1724
1572
1672
1789
1651
1806
1807
1671
1748
1823
1725
1614
1902
1834
1929
1824
1827
1910
1588
1723
1952
1706
2026
1426
2037
1837
2075
2018
2080
2066
1933
2002
2095
2158
2044
2163
2108
2186
2219
2036
2087
2250
2200
2265
2237
2210
2068
1898
2097
2301
2259
2308
2261
2351
2279
2326
2348
2352
2364
2382
2385
2339
2393
2297
2481
2474
2140
2430
2454
2520
2325
2521
2493
2533
2499
2539
2591
2555
2637
2596
2677
2441
2515
2463
2687
2335
2394
2516
2696
2643
2781
2747
2601
2798
2851
2689
2836
2671
2783
2852
2721
2861
2860
2774
2719
2947
2960
2679
2899
2918
2878
2965
2867
3030
2980
2938
2982
3095
3104
3103
2974
2923
2800
2915
3114
3051
3040
3148
3200
3162
3244
3219
3249
3025
3260
3248
3139
3269
3251
2968
3322
3256
3253
3334
3306
3339
3357
3362
3125
3266
3345
3283
3315
3372
3168
3395
3427
3375
3406
3399
3498
3347
3480
3459
3533
3596
3594
3514
3628
3201
3465
3604
3637
3430
3353
3671
3370
3740
3759
3680
3632
3772
3789
3693
3720
3790
3821
3807
3837
3843
3805
3752
3841
3846
3564
3648
3886
3920
3853
3844
3814
1
3933
3954
3992
3883
32
3989
3779
28
75
38
4000
7
60
79
137
101
15
162
106
3525
96
166
185
203
218
196
118
140
267
274
160
170
269
186
111
209
328
333
304
374
303
41
424
365
471
235
320
531
516
453
538
344
540
414
594
601
574
489
498
612
541
517
605
641
690
229
654
642
738
751
753
629
731
817
637
795
568
661
397
730
861
837
732
884
818
587
878
802
823
820
937
900
904
939
971
920
872
944
821
980
1057
1067
888
930
866
948
1077
1113
1202
978
1141
1052
966
1235
1210
1169
1224
1161
1216
1275
1251
1258
1108
1309
1252
1305
1288
1274
1335
1292
1006
1483
1499
1367
1086
1282
1361
1525
1559
1298
1558
1364
1383
1522
1597
1515
1612
1601
1591
1665
1564
1372
1324
1670
1568
1514
1696
1732
1718
1744
1703
1700
1730
1815
1838
1755
1726
1733
1839
1666
1852
1846
1760
1840
1884
1916
1924
1865
1680
1976
1963
1849
1984
1911
1991
1948
1853
1932
2042
2088
2048
2115
2079
1886
2125
1983
2072
2153
2119
2006
2175
2204
2223
1900
2154
2202
2292
2220
2349
2291
2372
2383
2384
1949
2311
2428
2148
2431
2453
2455
2395
2450
2443
2470
2316
2008
2179
2552
2464
2513
2508
2625
2639
2517
2458
2429
2686
2717
2583
2582
2524
2709
2652
2692
2728
2654
2528
2778
2745
2676
2755
2793
2806
2849
2862
2856
2738
2812
2779
2880
2777
2886
2776
2912
2889
2933
2958
2975
3023
2934
2996
3014
2994
2758
3074
3112
3153
3054
3154
3137
3157
2808
3117
2876
3189
3106
3204
2881
3195
3167
3304
3279
3235
3174
3052
3341
3321
3388
3250
3333
3203
3425
3316
3348
3239
3358
3438
3443
3434
3389
3499
3509
3452
3518
3466
3376
3504
3517
3542
3475
3432
3577
2854
3586
3568
3545
3615
3520
3660
3672
3553
3462
3621
3679
3722
3732
3580
3830
3847
3429
3638
3862
3863
3869
3810
3854
3878
3560
3764
3871
3573
3977
3973
3924
20
9
3649
24
3
3921
25
3867
54
49
94
85
3870
134
84
165
151
156
3674
177
228
161
3981
163
222
277
287
289
180
249
340
295
237
345
3964
288
254
306
413
349
174
359
273
465
443
383
371
499
474
518
425
379
562
492
448
613
564
591
623
503
664
546
439
247
667
671
741
644
555
649
505
502
798
782
819
811
672
774
852
762
887
805
686
747
933
943
953
1012
870
781
834
909
893
1043
1071
1095
843
1028
1038
1129
1015
1103
1143
1139
1154
1140
1106
1148
1198
960
1236
1244
746
1229
1063
1136
952
1370
1278
1267
1414
1111
1374
1412
1473
1328
1449
1230
1544
1186
1453
1557
1488
1615
1533
1625
1555
1673
1633
1635
1394
1687
1662
1742
1602
1767
1740
1371
1716
1766
1708
1663
1579
1329
1905
1879
1906
1920
1930
1923
1903
1763
1953
1959
1975
1842
1777
1987
1979
1958
1978
2032
2058
2061
1904
1817
1970
2039
2062
1966
2083
2014
2120
2103
2093
2129
1830
2040
2084
2159
2128
2130
2138
2096
1938
2126
2167
2165
2248
2244
2240
2180
2239
2313
2338
2073
2321
2251
2344
2224
2169
2401
2380
2110
2446
2432
2480
2512
2479
2398
2386
2229
2531
2519
2605
2506
2322
2551
2663
2360
2707
2529
2561
2737
2726
2742
2656
2787
2670
2792
2674
2617
2767
2780
2809
2746
2807
2595
2893
2840
2353
2903
2887
2826
2821
2961
2900
2970
2834
2904
2979
2955
2874
2749
3132
3075
3120
3000
2986
2983
2902
3149
3160
3208
3210
3044
3184
3225
3268
3170
3305
3351
3032
3327
3407
3352
3440
2917
3457
3336
3231
3224
3495
3515
3484
3461
3512
3453
3544
3503
3346
3589
3558
3574
3264
3547
3630
3641
3697
3312
3713
3529
3728
3566
3742
3775
3451
3823
3826
3707
3668
3873
3537
3884
3766
3852
3802
3881
3885
3723
3891
3965
3872
3980
3995
3997
3874
5
3726
3903
3918
3915
36
34
3945
3972
50
29
3899
10
154
171
130
3782
184
179
172
189
77
45
255
223
261
231
62
264
313
42
232
358
346
292
19
279
402
356
350
418
419
442
449
406
316
441
466
389
396
125
506
515
462
399
470
551
450
558
583
434
532
543
639
556
565
596
493
635
697
648
676
680
393
711
487
722
772
775
737
618
748
793
864
763
735
826
880
689
868
620
857
873
928
723
918
718
927
892
967
925
965
945
990
908
1034
970
1042
1008
806
1092
1065
1024
1102
1114
1039
979
1072
1000
1128
1142
1221
1120
1187
1171
1260
1178
1203
1215
1125
1259
1285
1294
1287
1049
1296
1312
1408
1461
1347
1345
1460
1470
1472
1290
1512
1529
1438
1293
1481
1510
1539
1465
1379
1167
1636
1238
1640
1707
1549
1626
1497
1715
1620
1704
1624
1737
1772
1826
1856
1739
1560
1821
1845
1921
1749
1971
1939
1661
2045
1889
2029
2101
2009
2117
2022
2127
1796
2196
2170
2067
2207
2100
2195
1778
1918
2205
2256
2214
2263
2281
2226
2262
2272
2341
2357
2299
2329
2208
2370
2403
2406
2421
2466
2472
2162
2433
2511
2514
2510
2490
2310
2366
2537
2492
2588
2538
2594
2599
2563
2575
1988
2362
2634
2655
2580
2307
2635
2662
2683
2791
2790
2838
2725
2772
2636
2399
2897
2847
2615
2890
2681
2906
2817
2927
2932
2526
2839
2921
2766
2925
2985
3022
2928
3003
3016
2913
3050
3046
3047
3088
3062
3057
2858
3067
3045
3089
3134
2957
3163
3141
2969
3218
3213
3152
3234
3261
3005
3223
3281
3229
3119
3181
3329
3259
2952
3392
3361
3454
3206
3326
3492
3418
3464
3486
3318
3565
3373
3579
3473
3559
3592
3365
3591
3619
3449
3645
3371
3661
3685
3635
3622
3658
3737
3623
3546
3696
3745
3793
3812
3667
3709
3908
3755
3909
3913
3528
3941
3929
3827
3777
3690
3952
3975
3914
22
3549
3942
3957
55
3617
3999
78
65
76
114
86
136
103
187
3910
3955
98
4
3935
193
282
214
322
268
302
259
230
23
168
329
390
330
71
411
422
459
370
387
369
445
238
427
324
525
511
539
266
520
548
571
537
567
488
423
460
670
708
609
604
736
627
716
563
514
742
767
844
808
848
800
592
899
588
745
854
921
981
984
477
879
579
996
907
1047
1037
1054
935
1005
915
765
1069
1150
1031
1110
1075
1199
1177
1212
1162
1255
895
1257
1080
1211
1262
1273
1289
891
1032
1362
1174
1386
1240
1134
1276
1353
1400
1326
1404
1397
1393
1401
1365
1442
1436
1475
1469
1413
1311
1445
1509
1520
1391
1542
1398
1516
1541
1553
1505
1204
1569
1523
1578
1613
1585
1657
1692
1582
1702
1571
1728
1758
1573
1462
1771
1441
1652
1485
1712
1621
1623
1701
1810
1887
1831
1782
1927
1973
1832
1848
1982
2063
1872
2070
1894
1965
2069
2094
1770
2156
2166
1947
2051
2246
2209
2176
2099
2203
2013
2300
2266
2289
2328
2078
2145
2182
2350
2388
2396
2359
2407
2260
2305
2319
2336
2426
2334
2471
2504
2147
2534
2417
2546
2448
2303
2564
2542
2523
2489
2606
2607
2584
2562
2387
2693
2568
2664
2672
2669
2763
2716
2565
2842
2577
2759
2771
2757
2846
2911
2848
2497
2762
2937
2623
2949
2941
2871
2699
2972
2944
2891
2959
2866
3001
2999
2802
3033
2954
2995
2964
2919
3042
3082
3087
3085
3083
3187
3191
3034
3084
3217
2992
3196
3145
3222
3164
3265
3107
3215
3294
3233
3038
3060
3228
3307
3297
3278
3245
3338
3302
3386
3369
3385
3363
3415
3423
3330
3400
2998
3450
3408
3500
3309
3485
3422
3469
3526
3543
3364
3505
3481
3394
3252
3601
3536
3535
3616
3593
3663
3631
3599
3562
3569
3678
3716
3666
3633
3705
3734
3719
3791
3675
3471
3803
3788
3550
3758
3850
3928
3670
3860
3888
3962
3857
3985
3958
3961
3905
44
3774
39
91
105
128
115
16
3513
3979
153
109
89
190
211
147
265
217
176
181
3761
311
323
332
182
271
381
398
318
339
3984
454
21
377
401
146
485
554
426
576
437
521
496
599
353
585
650
662
675
702
653
685
706
570
727
759
351
714
665
792
544
779
769
701
859
867
830
883
881
886
611
917
949
911
950
786
703
951
989
790
841
1011
1014
889
851
704
1051
1004
991
839
982
1061
1131
1109
1119
1233
1112
1249
1185
1283
1254
988
1295
1020
1263
1308
1029
1214
1325
1327
1320
1117
1337
1359
1253
1334
1300
1316
1339
1498
1446
1540
1566
1402
1307
1575
1574
1590
1641
1643
1500
1513
1456
1655
1237
1683
1647
1660
1338
1684
1611
1667
1750
1751
1727
1710
1756
1774
1805
1753
1745
1786
1841
1847
1738
1735
1864
1836
1880
1866
1511
1935
1639
1936
1881
2003
1857
2001
1868
1819
2033
2053
2015
1922
2020
2000
1937
2077
2076
1551
2131
2141
2060
2106
2206
2035
2252
2054
2255
2285
2172
2225
2254
2168
2171
2294
2274
2354
1802
2056
2437
2222
2295
2389
2597
2332
2589
2475
2572
2627
2343
2651
2288
2535
2665
2616
2688
2680
2452
2730
2698
2661
2648
2735
2754
2760
2685
2613
2724
2715
2801
2823
2769
2447
2600
2831
2859
2868
2916
2752
2894
2788
2811
2997
2976
3002
2789
2966
2943
2963
2804
3037
3073
3015
3049
3076
2768
2845
3133
3077
3146
3150
3151
3172
3127
2948
3194
3182
3091
3238
3267
3247
3202
3301
3323
3359
3178
3096
3367
3110
3455
3356
3108
3308
3390
3507
3490
3497
3066
3551
3508
3555
3567
3491
3582
3556
3534
3554
3404
3610
3620
3254
3650
3277
3651
3501
3618
3598
3688
3531
3613
3585
3689
3811
3588
3797
3855
3816
3771
3711
3866
3669
3770
3901
3897
3835
3923
3882
3916
3906
3940
3747
3937
3994
3936
3939
3934
3917
3974
3949
6
90
11
116
46
3943
37
70
192
167
210
183
141
236
216
3833
64
257
243
221
67
251
248
3686
135
102
334
376
366
280
416
341
451
241
469
337
479
308
260
338
560
507
509
435
590
586
392
657
651
501
622
360
682
647
677
615
739
710
431
700
695
794
797
464
756
845
666
810
833
678
659
832
849
983
494
882
850
1019
903
946
1078
998
1098
987
749
947
1079
875
807
1021
1121
1172
1194
1181
1137
1182
1245
1044
1184
1243
1281
1225
1277
1123
1342
1266
1149
1265
1323
1321
1023
1387
1422
1350
1458
1432
1191
1423
1319
1531
1535
1363
1349
1610
1524
1415
1565
1599
1598
1437
1637
1648
1527
1675
1632
1618
1699
1720
1759
1711
1682
1790
1773
1793
1644
1638
1642
1833
1686
1825
1816
1873
1878
1369
1854
1835
1876
1888
1909
1791
1968
1974
1877
1863
2059
2112
2105
2114
2046
2005
2238
2235
2271
2275
2293
1567
2047
2269
1944
2298
2323
2391
2284
2373
2408
2347
2435
2374
2376
2491
2217
1722
2460
2071
2425
1931
2509
2486
2554
2556
2468
2578
2494
2544
2570
2640
2507
2473
2642
2629
2711
2704
2712
2659
2837
2684
2495
2710
2877
2525
2942
2815
2702
2864
2892
2598
2885
3013
3024
3028
3039
2946
2988
3018
3070
2581
2863
3064
3179
3122
3010
2872
3029
3282
3177
3216
3284
3293
2978
3257
3300
3381
3331
3237
3041
3337
3295
3128
3393
3100
3413
3474
3435
3313
3287
3458
3523
3575
3541
3401
3655
3511
3664
3522
3652
3417
3647
3701
3657
3539
3744
3683
3702
3391
3749
3739
3813
3743
3446
3736
3521
3875
3753
3900
3898
3838
3792
3796
3927
3825
3932
3733
3824
3925
3982
3966
3912
3956
3842
3902
18
92
3944
119
48
73
113
80
129
124
201
2
208
226
3969
144
3959
244
215
178
284
3991
305
335
246
256
384
122
367
326
409
278
447
194
272
373
412
293
394
354
404
444
495
608
476
625
580
626
526
674
668
687
679
713
504
696
455
773
777
771
812
804
530
770
691
573
784
813
871
814
865
815
840
912
916
898
957
914
645
985
1036
956
913
1050
997
896
1046
1087
936
643
1089
1085
1045
1163
1090
1115
958
1195
1220
1241
1124
1165
1368
831
1384
1356
1346
1205
1392
1264
522
1417
1354
1420
1208
1411
1376
1434
1435
1479
1405
1056
1484
1482
1448
1550
1554
1536
1581
1616
1480
1627
1562
1603
1501
1747
1538
1689
1489
1787
1679
1757
1843
1795
1797
1785
1861
1882
1859
1519
1741
1915
1901
1874
1385
1943
1659
1955
1899
1985
1844
1875
1981
2057
1992
2034
2091
2089
2123
1961
1396
2157
1957
2187
2151
2245
2049
2134
2268
2282
2290
2050
2064
2342
2324
2345
2149
2231
2137
2369
2422
2212
2273
2355
2397
2415
2445
2318
2420
2161
2485
2557
2579
2536
2586
2498
2603
2620
2358
2714
2438
2765
2722
2496
2741
2824
2733
2622
2666
2786
2920
2973
2797
3020
2633
2977
2650
2987
3097
2810
3099
2989
3124
2703
3129
3109
3093
3056
3131
3144
3169
3205
3161
3186
3207
3155
3258
2990
2926
3221
3317
3173
3320
3180
3303
3299
3286
3368
3232
3412
3263
3158
3431
3325
3456
3340
3476
3448
3472
3384
3488
3483
3350
3433
3409
3530
3416
3538
3653
3571
3608
3493
3704
3527
3735
3656
3698
3595
3710
3706
3687
3746
3762
3211
3806
3817
3804
3607
3858
3931
3948
3784
3889
3795
3820
3968
12
3887
3987
3760
27
3785
61
3879
3970
31
139
3578
3993
53
169
149
220
56
74
283
191
30
225
290
276
301
314
309
331
3967
362
97
348
87
197
155
440
430
388
483
294
561
307
616
458
619
285
519
712
688
646
533
740
755
614
719
321
549
768
783
838
744
491
766
853
959
816
660
1007
877
968
1017
407
1016
1082
1094
1010
929
999
1118
1147
1116
835
836
1189
1155
890
1207
1179
1076
1239
1268
1232
1231
906
1093
1217
1170
1193
1355
1314
1406
1430
1433
1270
1272
1429
1467
1378
1477
1486
1443
1504
1153
1532
1521
1534
1330
1390
1563
1576
1561
1508
1375
1546
1455
1304
1594
1577
1654
1526
1496
1619
1587
1677
1584
1697
1780
1734
1800
1695
1694
1820
1798
1761
1781
1604
1729
1855
1960
1803
1867
1995
1664
1996
1895
2011
1940
2010
2021
2031
1994
1851
2043
2121
1990
2113
2086
2023
2155
2139
2173
2146
1986
2144
1606
2160
2185
2019
2184
1997
2227
2181
2234
2249
2258
2221
2242
2241
2189
2280
2118
2296
2302
2178
2340
2330
2371
2192
2363
2190
2405
2337
2287
2309
2418
2434
2461
2500
2467
2501
2381
2356
2522
2416
2442
2532
2559
2609
2540
2614
2641
2668
2560
2727
2604
2649
2731
2247
2413
2451
2795
2739
2750
2658
2736
2869
2818
2796
2814
2901
2896
2875
2908
2782
2850
2775
2962
2748
2645
2984
2956
2873
3071
3008
3090
2945
3059
3086
3102
3130
3011
3007
3193
3142
3227
2930
3209
3236
3135
3262
3240
3199
3140
3243
3344
3314
2729
3426
3183
3436
3275
3360
3290
3101
3487
3477
2924
3602
3552
3614
3463
3654
3519
3676
3629
3695
3644
3724
3296
3673
3708
3783
3516
3780
3786
3366
3836
3829
3868
3684
3794
3809
3801
3895
3894
3832
3877
3983
3377
3892
3611
3951
3861
3919
3776
3907
