mold_985
dirt_1872
worms_1302
pebble_1099
mush_1754
mush_1746
strings_1894
lint_1178
worms_1822
rock_1859
dirt_1901
hair_1903
strings_1231
strings_1186
strings_1249
charm_1544
charm_1403
mush_1623
mush_1919
rock_1703
pebble_1512
strings_1953
charm_1959
charm_1128
lint_1529
mush_1804
pebble_1052
strings_1386
pebble_1328
worms_1644
dirt_1466
hair_1226
charm_1876
mush_1605
charm_1145
mold_1172
strings_1075
mush_1771
dirt_1422
worms_1146
hair_1171
pebble_1645
pebble_1659
strings_1073
hair_1373
rock_1559
hair_1000
charm_1657
charm_1155
hair_1617
lint_1672
strings_1856
strings_1135
mold_1635
rock_1864
mold_1916
worms_1912
strings_1929
charm_1716
strings_1754
lint_1490
strings_1360
hair_1275
dirt_1489
lint_1591
worms_2035
lint_1746
rock_1741
pebble_1836
lint_1118
charm_1025
hair_1713
worms_1538
worms_1307
lint_1471
hair_1104
mush_1274
worms_1223
worms_1073
mush_1667
rock_1637
strings_1216
pebble_1290
charm_1015
charm_1729
lint_1860
charm_2007
lint_1076
hair_1857
pebble_1760
worms_1037
mold_1629
hair_1553
mold_1462
pebble_1153
rock_1371
worms_2037
mush_1485
mold_1421
mold_1008
mold_1000
strings_1638
charm_1582
mush_1242
lint_1597
dirt_1706
pebble_1716
worms_1931
worms_1102
rock_1506
mold_1423
mold_1156
lint_1586
worms_1615
mold_1917
mush_1167
worms_1556
strings_1836
lint_1681
dirt_1652
worms_1740
charm_1918
mush_2070
charm_1702
mold_1573
strings_1810
rock_1342
mush_1840
hair_1551
dirt_1313
dirt_1317
strings_1955
charm_1924
mush_1661
strings_1173
strings_1605
charm_1566
pebble_1616
pebble_1887
rock_1672
dirt_1650
lint_1408
hair_1513
rock_1068
lint_1054
rock_1128
rock_1084
mold_1128
mush_1253
pebble_1019
lint_1238
hair_1326
pebble_1456
hair_1822
mush_1514
rock_1130
mush_1614
worms_1953
lint_1889
mush_1940
rock_1574
lint_1685
rock_1300
mold_1007
strings_1155
mush_1154
mush_2030
charm_1895
strings_1317
worms_1273
charm_1090
mush_1884
mold_1627
dirt_1289
lint_1347
strings_1226
mush_1146
rock_1318
lint_1224
pebble_1509
rock_1898
pebble_1383
mush_1378
mold_1070
rock_1488
hair_1511
dirt_1453
mush_1344
mush_1674
mush_1597
rock_1673
lint_1641
hair_1579
lint_1769
charm_1471
dirt_1827
dirt_1126
lint_1491
rock_1079
pebble_1241
rock_1017
pebble_1434
mush_1463
pebble_1210
mold_1702
hair_1211
worms_1680
lint_1717
lint_1730
mush_1264
worms_1576
worms_1892
rock_1750
hair_1313
rock_1910
mush_1862
strings_1382
dirt_1785
rock_1911
dirt_1748
mold_1599
strings_1128
hair_1028
hair_1759
rock_1178
hair_1279
hair_1320
mold_1231
dirt_1148
charm_1446
worms_1752
charm_1869
charm_1085
strings_1219
mush_1574
lint_1432
mold_1131
lint_1535
mush_1991
hair_1833
charm_1719
dirt_1047
charm_1117
mush_1891
lint_1187
strings_1214
hair_1359
mold_1236
charm_1457
worms_1339
pebble_1445
dirt_1818
pebble_1569
rock_1716
mush_1297
mold_1433
charm_1533
pebble_1061
hair_1311
mush_2046
pebble_1879
charm_1663
worms_1619
mush_49
mush_2063
charm_1122
dirt_779
hair_1724
worms_129
pebble_1122
rock_1606
mush_1839
hair_1295
rock_1728
mush_1287
mush_1846
hair_1472
hair_1267
dirt_1370
worms_1432
charm_1378
pebble_1307
lint_1496
rock_1482
worms_1448
strings_1595
mush_1105
pebble_1461
lint_1470
rock_1170
pebble_1278
dirt_1554
hair_1621
hair_1751
lint_1961
mush_1803
hair_1533
dirt_64
charm_1589
strings_1888
rock_1243
worms_1285
dirt_1230
mold_1046
lint_204
mold_1112
charm_96
mush_1403
pebble_1497
hair_1425
lint_1613
rock_804
lint_1680
rock_1537
worms_1791
pebble_1581
strings_1624
pebble_1793
lint_1983
dirt_959
mush_1952
pebble_160
pebble_713
lint_1756
dirt_990
pebble_626
charm_269
lint_1138
mush_1324
worms_714
strings_1497
dirt_1213
mold_1714
pebble_1213
strings_1425
pebble_1426
lint_1049
mush_1113
worms_1621
hair_1578
mush_1505
dirt_1533
worms_1537
lint_1671
lint_1796
strings_1641
charm_1860
strings_1476
pebble_1336
hair_1810
worms_1450
mush_2065
mold_269
mush_361
hair_1883
strings_1613
dirt_1373
worms_1939
worms_596
mold_418
charm_1152
hair_1065
lint_1323
worms_594
charm_1891
rock_1484
mush_1182
worms_1120
hair_1436
charm_1247
hair_278
pebble_1831
lint_1726
pebble_1591
worms_1863
strings_1274
hair_1913
mush_1807
hair_1666
hair_1500
dirt_341
rock_1729
charm_1871
worms_671
charm_1825
worms_1006
lint_1020
mold_1073
rock_494
dirt_487
strings_1070
dirt_439
strings_1041
worms_624
dirt_1050
strings_313
mold_1176
lint_1235
lint_638
dirt_875
lint_1310
lint_1538
mush_1266
strings_1236
worms_1434
mold_1338
lint_1174
rock_1408
rock_1734
charm_1479
strings_1142
dirt_1560
rock_1285
mush_1918
strings_1609
dirt_1856
rock_1936
strings_314
pebble_1565
pebble_663
charm_390
charm_731
rock_1870
charm_1653
mush_723
pebble_910
hair_1066
pebble_1684
hair_1842
worms_1105
charm_1180
mold_853
rock_1021
mush_419
strings_1318
pebble_325
strings_1408
dirt_1390
lint_101
worms_905
hair_1540
pebble_1523
strings_1544
charm_1384
rock_1687
lint_1787
lint_1784
charm_1481
worms_1584
mush_1828
mold_1707
pebble_1839
rock_1404
lint_1660
rock_1336
worms_1832
worms_1229
pebble_1958
dirt_1701
mush_536
mush_176
charm_1892
dirt_131
hair_180
rock_903
rock_619
charm_1360
rock_953
mold_773
dirt_1086
pebble_244
strings_993
rock_542
lint_1326
rock_1279
dirt_1293
dirt_1056
strings_1372
charm_691
dirt_1281
rock_1205
mush_1246
rock_891
worms_1420
worms_1507
pebble_1144
charm_1546
lint_1873
charm_1685
lint_1824
pebble_1905
lint_1770
pebble_1843
rock_1718
dirt_1904
mush_1094
mold_1830
charm_1865
charm_1665
mold_1846
dirt_1675
dirt_1625
strings_1851
charm_1897
mold_1734
hair_26
lint_1024
dirt_141
worms_302
mold_1089
mush_381
mold_328
strings_1066
pebble_994
strings_1687
rock_138
lint_470
worms_622
dirt_43
dirt_1200
worms_448
strings_684
dirt_685
pebble_980
hair_861
mush_772
hair_1010
mush_1140
mold_139
pebble_1044
dirt_824
worms_387
charm_1366
pebble_494
dirt_1064
pebble_1227
strings_1333
lint_1417
lint_1041
hair_1488
dirt_1129
strings_1329
charm_1293
strings_1478
lint_1629
worms_1481
rock_1513
hair_1385
pebble_1576
mush_1691
lint_1841
worms_1516
rock_1831
rock_1573
rock_333
dirt_1783
strings_1343
hair_1611
hair_474
pebble_1054
dirt_1809
hair_1355
strings_1871
dirt_1397
hair_1588
charm_2004
rock_1337
mush_1720
mold_1453
mold_1035
mush_1959
mush_84
lint_3
mush_44
hair_68
mush_83
rock_1693
worms_431
worms_312
lint_429
hair_282
charm_563
hair_658
mold_61
mold_1659
mush_515
mush_871
dirt_646
mold_1847
worms_1059
worms_980
pebble_764
pebble_273
worms_1097
mold_594
worms_1125
hair_1136
mold_957
lint_1215
mush_1305
pebble_1302
strings_1211
worms_1217
dirt_1299
worms_1060
pebble_1313
charm_1458
charm_388
rock_1438
dirt_1576
mold_1362
worms_1653
strings_1578
mold_955
mold_1258
pebble_1777
strings_1531
mush_1139
rock_1711
rock_1788
lint_1709
dirt_1360
rock_1893
mold_1778
strings_120
charm_1574
strings_1912
mush_1989
charm_742
charm_1140
mold_1158
lint_1103
pebble_1747
mush_1411
rock_1290
lint_1468
lint_1494
hair_1415
strings_1783
strings_1597
pebble_1788
mold_1903
pebble_1753
worms_44
mush_2012
pebble_1018
rock_1959
mold_1516
mush_160
rock_1774
lint_91
strings_1897
charm_1844
mush_511
pebble_25
mush_652
mush_300
rock_209
lint_134
hair_356
mush_593
charm_883
mush_708
rock_510
lint_613
mold_885
mush_1004
pebble_884
hair_746
mold_1029
worms_1065
pebble_1098
pebble_529
worms_1203
mush_60
mush_1899
pebble_999
pebble_1214
rock_1231
mush_808
rock_1069
charm_1326
dirt_1258
charm_1252
worms_1274
lint_1304
hair_1005
mold_1471
pebble_1329
mold_1558
mold_1606
pebble_1782
dirt_1144
lint_1176
pebble_1761
strings_1695
pebble_1922
hair_1335
lint_1099
strings_1741
worms_1884
hair_1931
hair_944
rock_1372
hair_1839
mush_1962
hair_1775
dirt_1125
strings_1148
worms_1360
strings_1787
worms_1967
pebble_1555
pebble_1548
worms_2029
hair_1214
worms_2001
strings_14
charm_94
lint_113
rock_185
pebble_1917
mold_1922
hair_328
lint_319
mold_359
lint_425
dirt_45
hair_1299
dirt_1881
lint_568
pebble_182
mush_1325
dirt_453
pebble_511
mush_802
hair_491
charm_778
charm_524
hair_761
charm_805
strings_1891
charm_847
dirt_669
dirt_63
rock_854
charm_899
charm_917
mold_286
worms_813
rock_1009
lint_693
mold_628
mush_1212
mush_960
strings_1009
lint_955
charm_1199
mold_826
rock_988
mold_1235
hair_985
pebble_864
mold_1130
mold_1219
lint_689
pebble_1184
rock_1237
lint_1511
dirt_1114
dirt_1430
lint_1473
worms_1552
rock_1467
dirt_1504
worms_1310
rock_1526
mush_1481
hair_1589
strings_1593
lint_1668
lint_1056
hair_1489
charm_1703
charm_1605
worms_1638
worms_1792
worms_1541
hair_1336
hair_1430
worms_1659
hair_1762
pebble_1818
mold_1800
pebble_1677
worms_1769
strings_1716
hair_1804
strings_1884
pebble_1013
mush_1905
worms_1984
strings_1872
mold_1712
worms_1131
charm_1039
worms_1227
pebble_992
mush_1550
hair_1161
strings_1879
hair_1283
lint_80
charm_1279
strings_1618
worms_42
strings_1913
mold_1579
strings_206
lint_1650
rock_384
lint_1966
hair_455
mold_103
pebble_1613
charm_359
mold_300
mush_687
rock_612
dirt_71
charm_539
pebble_437
mush_795
mold_82
worms_684
mold_820
charm_172
charm_506
worms_974
hair_1040
hair_844
worms_1107
pebble_1200
hair_790
strings_1192
dirt_1239
hair_1237
strings_1161
strings_1273
hair_1203
worms_1415
pebble_1388
rock_862
pebble_1448
pebble_1117
strings_82
pebble_1457
pebble_1697
lint_1423
pebble_1693
rock_1457
mush_1075
mold_1485
hair_1716
hair_577
lint_1748
hair_1767
worms_1940
pebble_1947
strings_1734
charm_678
hair_1912
strings_1925
mold_1788
mush_1185
charm_1224
mush_1969
strings_990
lint_1840
worms_1312
pebble_1308
charm_1427
charm_1951
dirt_1198
pebble_1525
dirt_1473
strings_1242
hair_1613
dirt_1606
worms_1982
hair_1657
mush_1418
strings_1932
worms_1954
mush_1584
hair_56
strings_1761
lint_1701
rock_51
charm_1677
hair_160
mold_253
charm_1670
worms_80
strings_95
hair_330
worms_374
worms_445
pebble_1518
worms_174
mush_599
pebble_487
hair_52
lint_698
mold_298
hair_439
pebble_665
strings_758
rock_579
mush_332
charm_860
dirt_876
rock_149
lint_804
dirt_884
lint_1534
dirt_995
hair_864
mold_1020
pebble_951
mold_1017
mold_843
mold_1027
worms_1122
rock_1136
dirt_1140
strings_1101
charm_1162
dirt_866
mold_1165
worms_1284
strings_1171
strings_622
mold_1253
dirt_1041
hair_1281
mush_1323
charm_1120
hair_1231
mold_192
charm_843
lint_1213
charm_1509
pebble_1349
dirt_1325
dirt_1530
pebble_1408
hair_1518
pebble_1194
hair_1542
pebble_1564
mush_1657
mold_1648
lint_1644
hair_1517
worms_1790
hair_1671
rock_1768
strings_1312
worms_1715
worms_1364
worms_1862
worms_1876
strings_1827
lint_2051
dirt_1642
charm_2011
dirt_1773
mold_1834
worms_1249
mold_1140
mush_1591
lint_1195
mold_1930
worms_1071
worms_1762
pebble_1563
charm_1223
strings_1889
lint_1656
charm_1864
pebble_1796
worms_1952
mold_1500
mold_1693
mold_1914
strings_21
rock_1811
hair_45
mush_2061
dirt_1839
charm_92
worms_376
lint_1973
hair_1914
mush_1845
lint_573
charm_612
lint_435
rock_1844
worms_119
pebble_1399
hair_644
dirt_1953
worms_857
mush_813
lint_506
mush_733
pebble_832
lint_28
hair_986
strings_831
mold_880
hair_93
lint_672
charm_918
strings_979
pebble_870
mush_675
dirt_1030
hair_1163
charm_1168
strings_1193
strings_984
mold_546
charm_1324
lint_1038
worms_1266
lint_1351
lint_1294
dirt_1374
pebble_1287
mush_1399
hair_922
mush_1566
lint_1501
strings_1229
lint_1497
hair_1462
hair_1153
rock_1346
hair_1585
charm_1591
pebble_1602
strings_1387
worms_1745
lint_1751
hair_1738
pebble_1725
rock_1724
worms_1714
lint_1809
mold_1715
dirt_1709
mold_1657
rock_1758
mold_1252
dirt_1724
mold_1618
strings_1719
strings_1711
worms_1177
worms_2012
mold_1775
worms_1728
mush_1104
lint_1768
strings_1162
mush_1976
strings_1563
charm_1047
worms_1296
strings_1254
hair_1735
charm_1083
charm_1294
rock_1388
lint_1957
rock_1397
worms_1689
charm_1381
lint_1779
hair_1541
hair_1591
rock_1365
dirt_1580
pebble_1973
charm_1785
charm_1683
charm_1815
charm_1228
hair_1338
pebble_1780
hair_1298
mold_1810
lint_1577
dirt_0
worms_1835
mold_62
rock_1810
worms_112
charm_1362
charm_1910
lint_246
charm_376
rock_145
dirt_1552
rock_383
rock_1793
mush_179
lint_1649
charm_570
worms_352
charm_308
strings_394
hair_579
charm_633
pebble_536
strings_681
mush_335
mush_741
rock_706
mush_859
mush_611
mold_731
mold_670
charm_848
charm_389
mold_874
lint_830
worms_768
hair_85
lint_418
mold_857
strings_891
charm_583
mold_1039
pebble_823
mush_1022
mold_948
dirt_974
mush_1254
rock_1167
worms_1198
mold_1137
hair_1199
lint_908
lint_1086
dirt_1104
mush_1295
rock_1220
worms_1238
mush_1326
worms_1408
pebble_1285
rock_1277
mush_908
lint_1011
lint_1392
worms_1334
pebble_1402
rock_1412
mold_1412
mush_1524
rock_1501
hair_1501
pebble_1390
pebble_1633
pebble_1683
pebble_1150
strings_1359
mush_1531
dirt_1584
mush_1789
strings_1535
dirt_1039
hair_1742
rock_1737
worms_1748
mold_1611
worms_1743
mush_1690
dirt_1688
dirt_1815
pebble_1904
lint_1868
strings_1858
hair_1727
strings_1883
dirt_1938
rock_1817
pebble_1728
lint_2056
strings_1727
mold_1477
hair_1457
dirt_1958
lint_1664
mush_1410
mold_1870
pebble_1785
hair_1703
rock_1807
charm_1843
dirt_1383
strings_1845
worms_1950
pebble_1979
mold_1162
pebble_1247
strings_1196
lint_1953
hair_1227
dirt_1285
strings_158
pebble_1141
hair_1331
hair_1382
pebble_1521
rock_1956
dirt_1265
mold_892
charm_1607
rock_1350
dirt_1520
rock_1399
lint_1633
charm_1395
rock_1852
charm_1052
hair_1817
strings_1916
strings_1673
hair_1278
dirt_1400
strings_1040
worms_2039
charm_1851
mush_1647
mold_1769
worms_68
strings_1340
dirt_1599
mold_5
mush_217
mold_1644
worms_152
strings_276
mush_399
charm_341
mold_348
hair_429
mush_9
strings_376
pebble_439
hair_276
worms_524
hair_560
pebble_442
mush_29
worms_626
mush_1748
strings_331
hair_567
rock_643
dirt_598
lint_554
lint_211
mush_735
lint_728
mush_737
pebble_131
mold_621
hair_753
dirt_509
worms_844
dirt_599
rock_946
rock_741
charm_970
mold_881
hair_1078
lint_1173
pebble_204
pebble_1037
dirt_1023
charm_630
dirt_1127
mold_1218
hair_1094
mush_1227
mush_1396
lint_1359
lint_1381
strings_823
dirt_1283
dirt_1207
pebble_1001
rock_729
mold_1345
strings_1257
charm_1412
hair_1287
pebble_1091
dirt_1493
dirt_1419
hair_1519
mold_1254
worms_1500
mold_1601
lint_1602
mold_1506
dirt_1635
mush_1631
pebble_1490
mush_1689
worms_1575
strings_1516
worms_1742
dirt_1739
strings_1683
hair_1460
rock_1743
pebble_1923
dirt_1418
rock_1753
mush_1788
hair_1794
charm_1694
mush_1778
mush_2029
lint_1479
hair_1173
charm_1299
worms_1944
charm_1836
lint_1622
strings_1093
rock_1472
lint_1640
charm_4
dirt_1469
strings_1886
mush_156
pebble_1910
lint_1674
pebble_1832
lint_1082
strings_865
worms_74
rock_1835
charm_408
rock_77
charm_537
pebble_1026
worms_299
pebble_895
mold_1047
pebble_1734
dirt_1351
strings_965
strings_1227
mold_1248
rock_1437
rock_1521
worms_580
mold_1139
worms_923
hair_1026
dirt_1273
strings_1187
mush_1896
strings_1253
mold_1692
dirt_1636
hair_1448
lint_2042
mush_1848
worms_1906
rock_1546
mold_12
pebble_41
hair_39
lint_49
strings_1606
strings_1819
mush_1225
charm_1151
rock_140
strings_1722
hair_1369
charm_188
mush_216
lint_197
dirt_56
pebble_142
hair_1707
charm_111
charm_242
charm_143
dirt_249
rock_163
lint_1852
lint_175
strings_243
hair_266
lint_231
mush_106
strings_301
mold_283
dirt_407
mush_387
pebble_258
charm_382
pebble_506
mold_257
charm_337
hair_224
strings_526
charm_508
charm_545
hair_574
mush_630
lint_611
dirt_454
lint_551
strings_643
mush_725
charm_671
pebble_516
mush_844
dirt_520
hair_230
strings_636
worms_712
dirt_385
hair_782
dirt_534
hair_736
dirt_776
mold_751
lint_817
lint_821
lint_671
mush_1003
charm_1113
lint_1046
worms_710
strings_1169
pebble_904
mush_1209
worms_1267
mush_1157
lint_1333
lint_1291
mold_1381
charm_1418
mush_1491
worms_1195
charm_954
dirt_756
hair_1059
mush_1501
lint_1148
rock_1441
pebble_1513
mold_1394
mush_1560
mold_1392
charm_1542
worms_1076
charm_1482
pebble_1580
mush_1675
charm_1616
worms_1777
hair_1238
charm_1604
charm_1501
strings_1592
mold_1741
pebble_1918
charm_1698
worms_1818
mold_1464
dirt_1772
rock_1906
rock_1889
mush_1987
worms_2003
rock_1349
lint_1144
lint_1202
pebble_1032
mush_1593
worms_1241
worms_1843
charm_1921
worms_1664
charm_1956
mush_1993
mush_2049
mold_133
hair_1969
lint_1851
hair_256
hair_1046
hair_1111
charm_1218
mold_1120
dirt_1947
hair_1208
charm_1059
lint_164
pebble_133
lint_1931
rock_1335
pebble_1824
charm_735
mold_1610
worms_382
pebble_1756
dirt_1634
lint_1635
rock_1461
hair_1781
worms_1548
lint_1167
mush_1785
dirt_987
hair_1871
hair_1730
hair_1064
dirt_1877
worms_1180
dirt_1850
worms_2023
charm_1352
lint_1483
dirt_1256
strings_1365
mold_1869
charm_1073
hair_1962
charm_1484
worms_1440
worms_1170
mush_56
dirt_1647
worms_1221
dirt_1592
rock_16
worms_1993
mush_40
lint_85
mush_200
worms_67
worms_1211
dirt_1396
mold_163
dirt_231
hair_101
mold_214
lint_229
strings_172
mush_190
lint_66
dirt_109
worms_363
worms_318
pebble_247
pebble_239
mush_422
charm_383
lint_222
worms_308
mush_437
dirt_286
strings_386
lint_256
mold_467
worms_460
worms_217
lint_466
strings_468
strings_600
dirt_577
rock_587
mold_410
dirt_567
pebble_746
rock_380
strings_631
hair_799
pebble_697
rock_807
dirt_737
strings_550
charm_925
hair_882
hair_569
dirt_651
mold_699
charm_964
worms_943
hair_1001
mold_1037
pebble_906
charm_1012
pebble_741
mold_907
strings_1026
pebble_1142
dirt_1077
lint_1063
pebble_1101
charm_1096
dirt_1149
strings_1167
rock_1195
pebble_1136
strings_178
mold_1224
worms_1304
worms_1280
charm_1396
strings_1124
charm_1230
strings_1225
pebble_1401
charm_1388
dirt_1413
worms_1179
worms_1494
mold_1409
hair_1483
dirt_1429
lint_1358
pebble_1484
pebble_1558
rock_1478
dirt_1440
pebble_1463
hair_1463
charm_1554
mold_1640
worms_1608
mush_1717
hair_1681
lint_1753
hair_1624
rock_1694
rock_1766
lint_1736
lint_1835
mush_1642
hair_1825
charm_1656
dirt_1555
mold_899
dirt_1793
charm_1890
mush_1868
mold_1836
mold_1894
charm_1821
dirt_1944
mush_1784
lint_1897
strings_1547
mold_1122
dirt_1227
hair_1927
charm_1137
lint_857
mush_1479
dirt_1887
strings_1817
dirt_1550
lint_1325
rock_1122
dirt_1132
charm_1517
mush_1938
rock_8
dirt_1830
pebble_1451
mush_86
pebble_1714
charm_1496
lint_344
pebble_1275
pebble_553
pebble_448
lint_789
strings_53
mold_804
strings_1427
mush_604
dirt_258
lint_1699
rock_920
dirt_977
hair_605
mold_915
mush_303
strings_538
strings_1279
mold_1311
worms_1197
hair_1318
charm_1244
pebble_551
rock_1215
mush_1150
lint_1159
charm_1391
lint_1132
worms_1561
pebble_1519
hair_1332
mush_1493
lint_1401
pebble_1670
rock_1411
dirt_1922
worms_1132
rock_1958
pebble_1679
lint_1976
worms_1151
mold_1108
mold_1111
strings_1432
strings_1199
charm_1056
mold_1169
mold_1799
charm_1812
mush_1489
dirt_1682
strings_1514
strings_1350
charm_1881
mold_1181
worms_1637
charm_1896
pebble_1933
charm_1498
hair_0
rock_1915
dirt_18
charm_30
rock_31
mush_2011
strings_58
hair_8
pebble_114
rock_139
mold_91
charm_114
worms_133
pebble_49
dirt_1573
mold_188
hair_204
rock_182
hair_174
mush_163
strings_223
lint_248
rock_151
dirt_207
dirt_297
strings_1345
lint_354
strings_233
mold_367
dirt_1415
mush_397
strings_266
dirt_435
mush_1837
dirt_466
mush_592
mold_1435
pebble_459
charm_585
hair_376
mold_268
charm_636
lint_583
pebble_474
worms_239
charm_649
strings_653
rock_621
charm_704
pebble_302
worms_665
rock_693
hair_762
worms_683
mold_766
strings_588
charm_894
mush_829
rock_793
hair_610
worms_692
lint_912
worms_807
pebble_738
hair_952
strings_902
hair_933
dirt_926
rock_721
strings_986
charm_992
worms_913
mold_1058
strings_618
hair_910
lint_1134
rock_1121
mush_1066
mush_1172
mush_1278
hair_1021
mush_1109
dirt_951
dirt_1210
hair_1209
dirt_1252
charm_737
strings_1284
pebble_1325
strings_1209
strings_1321
lint_1314
pebble_1238
worms_1547
pebble_1344
strings_1165
lint_1589
worms_1589
strings_1090
lint_1455
dirt_1657
charm_1430
mush_1775
mush_1596
mush_1210
rock_962
worms_1879
dirt_1497
worms_1895
dirt_1631
mold_1819
mush_1644
hair_1866
strings_1768
dirt_1878
worms_1959
worms_1598
lint_1735
pebble_1762
lint_2020
pebble_1007
mold_1921
charm_1886
worms_1099
mold_1896
worms_1585
strings_1331
worms_1977
pebble_1895
rock_1857
pebble_1047
dirt_1891
mush_2008
dirt_1893
pebble_1053
pebble_1268
pebble_1593
hair_1070
worms_1168
rock_1851
mold_1196
lint_1814
pebble_1342
rock_1345
hair_1603
charm_1406
strings_1062
charm_1976
mold_1844
charm_1795
lint_1180
lint_1789
worms_1562
charm_1916
pebble_1765
mold_1746
worms_209
strings_144
mush_1370
mush_2033
pebble_211
mush_2036
mush_46
lint_2023
charm_326
dirt_362
hair_516
dirt_553
pebble_777
worms_1986
dirt_104
strings_303
dirt_992
pebble_1045
strings_1033
mush_1159
mush_1258
hair_1291
pebble_1385
lint_642
rock_315
dirt_1304
pebble_537
dirt_1470
mold_968
dirt_1499
mold_967
mold_1429
mold_1549
dirt_1447
mush_1656
lint_1968
strings_1812
mush_1575
strings_1347
charm_1847
dirt_1906
mold_1908
pebble_1953
charm_1088
rock_372
mush_1998
mush_2016
pebble_1169
dirt_1131
charm_1570
strings_881
dirt_1272
worms_1382
dirt_949
rock_1333
hair_1188
dirt_1217
mold_1348
charm_1265
pebble_1322
lint_1420
mold_1447
lint_1573
hair_1790
charm_1756
hair_1030
hair_1372
charm_1380
rock_1176
dirt_1092
rock_1420
charm_1963
strings_1690
lint_2057
hair_1018
mush_1271
dirt_44
charm_1889
lint_1404
worms_1947
strings_47
mold_998
worms_118
worms_1305
mush_25
mush_121
dirt_192
worms_78
charm_328
mush_180
pebble_166
pebble_65
pebble_1877
mold_155
mold_353
worms_249
worms_428
mold_449
mush_394
dirt_469
dirt_176
mush_362
strings_493
pebble_335
mold_340
worms_1969
pebble_540
hair_315
mush_576
dirt_528
lint_530
dirt_620
strings_587
mold_508
rock_670
pebble_479
lint_652
mush_759
lint_645
hair_680
pebble_700
pebble_733
lint_601
dirt_565
dirt_788
worms_642
mush_246
hair_839
worms_652
worms_694
rock_899
worms_971
mold_718
pebble_938
pebble_759
mush_975
mold_686
hair_951
dirt_1084
mold_838
rock_1008
pebble_1172
lint_1233
hair_1141
charm_1219
dirt_686
dirt_1186
rock_1229
dirt_937
strings_1182
charm_1109
charm_968
worms_1051
lint_1530
charm_1256
mush_1578
hair_896
mush_1432
lint_1523
dirt_1443
mold_1481
mush_1554
pebble_1540
rock_1535
rock_1582
charm_1329
pebble_1599
mold_1424
strings_1570
worms_1630
strings_1654
charm_1650
hair_1622
rock_1657
hair_1746
charm_1645
hair_1470
worms_1829
lint_1776
rock_1587
rock_1642
mold_1652
rock_1782
strings_1773
pebble_1781
mush_1887
lint_2006
mold_990
mold_993
pebble_1726
lint_2025
mush_1126
mush_1332
dirt_1270
charm_1887
worms_1808
mush_1852
mush_1658
rock_1362
dirt_1471
lint_1904
dirt_1943
worms_1411
strings_1737
mold_1898
pebble_1789
dirt_1641
dirt_1923
mold_1883
dirt_1345
charm_573
dirt_1147
mush_1688
dirt_1590
mold_1510
charm_1635
mush_1400
lint_1587
lint_1846
pebble_1964
mold_1512
worms_2009
rock_1931
strings_1927
charm_1420
rock_1937
rock_1275
mush_1984
lint_263
strings_197
strings_1452
pebble_1711
dirt_354
pebble_1673
mold_1749
rock_1593
charm_1462
charm_367
mush_306
mold_208
pebble_582
pebble_1977
strings_657
strings_731
mush_566
hair_486
lint_602
strings_583
hair_792
mush_878
charm_594
lint_904
pebble_1035
charm_788
strings_914
pebble_1226
worms_572
charm_435
strings_1200
mush_796
mold_620
worms_1337
mush_1171
mold_1221
hair_1282
lint_1023
rock_1523
mush_1468
pebble_768
mush_1192
dirt_1529
hair_1770
dirt_1287
charm_1282
hair_1734
hair_1840
rock_1419
hair_1394
lint_1679
worms_1372
worms_1063
mush_1997
dirt_1758
mush_1561
dirt_735
charm_889
strings_1763
hair_1958
dirt_1951
worms_1971
mold_1040
rock_1516
mold_1129
worms_724
worms_1315
pebble_888
strings_1367
worms_2013
mush_1507
mold_1386
rock_1010
pebble_1480
mush_2071
worms_1098
mold_1422
dirt_1623
charm_1135
pebble_1924
strings_1550
dirt_1899
lint_1122
charm_1735
mush_1184
worms_1044
mold_1722
hair_1240
mold_1792
mush_1424
charm_1856
mold_1425
mold_1099
hair_1288
charm_1051
rock_1295
strings_1530
mold_1609
strings_1653
hair_1179
mold_1796
hair_1044
mold_1432
worms_1583
hair_1456
charm_1687
rock_1432
dirt_981
strings_19
mold_64
lint_1344
lint_1465
strings_55
mush_1697
strings_1536
worms_1279
mush_79
lint_102
rock_1119
mush_125
lint_88
mold_101
strings_109
mush_229
mold_1700
rock_205
mold_119
charm_168
lint_170
dirt_168
worms_243
worms_105
rock_224
charm_154
lint_279
charm_217
lint_243
hair_245
pebble_276
mold_306
mold_239
mush_347
worms_298
charm_402
hair_390
mold_395
dirt_260
strings_131
mold_474
pebble_419
mush_548
strings_395
mush_607
rock_581
strings_476
hair_379
lint_474
mold_510
charm_609
rock_335
dirt_423
worms_275
lint_624
lint_697
pebble_734
strings_593
pebble_673
lint_729
pebble_743
mold_599
hair_800
charm_856
worms_992
pebble_879
lint_1028
dirt_782
strings_750
worms_1115
worms_447
pebble_336
rock_1044
strings_769
worms_1155
dirt_1116
hair_1132
pebble_677
charm_1220
rock_1187
worms_1188
rock_1107
lint_1014
hair_1216
strings_1190
strings_1113
dirt_1205
hair_1082
charm_683
dirt_873
worms_1157
charm_1250
strings_1304
worms_1355
lint_1384
charm_1476
strings_1342
mold_1452
hair_1337
worms_1331
charm_1314
rock_1496
worms_1327
pebble_1331
dirt_1363
mush_1686
dirt_1475
hair_1388
charm_1624
pebble_1671
lint_1667
lint_1517
dirt_1705
mush_1702
dirt_1699
worms_1707
charm_1747
lint_1773
rock_1262
charm_1780
mold_1744
pebble_1812
dirt_1626
rock_1730
dirt_1566
mush_1841
charm_1693
hair_1799
pebble_1856
charm_1838
charm_1769
pebble_1874
hair_1853
lint_1811
mush_1927
dirt_1914
lint_1900
mush_1569
strings_1745
mold_1745
lint_1954
worms_2006
dirt_2200
hair_1802
worms_1930
mold_2469
worms_1885
dirt_1579
pebble_2001
mold_2122
strings_1876
mush_1309
pebble_1982
pebble_1204
strings_1311
rock_1380
charm_1171
dirt_1290
hair_1508
mold_1527
lint_182
charm_1732
hair_257
dirt_1551
strings_1743
lint_874
charm_1054
dirt_2650
charm_494
dirt_1577
dirt_771
strings_1056
worms_1112
lint_1201
lint_1327
dirt_1095
pebble_59
charm_1320
mold_1075
hair_1777
dirt_1467
worms_1309
worms_1564
worms_1734
mold_1327
rock_1675
pebble_1802
pebble_1685
worms_1446
pebble_1863
pebble_1736
hair_1774
mush_1237
lint_1390
rock_1966
strings_455
worms_1353
dirt_1278
mold_1717
strings_1300
charm_8
hair_1882
worms_170
hair_132
hair_161
mold_1674
pebble_1294
rock_193
worms_254
strings_1409
charm_190
worms_190
mush_2028
mush_1145
lint_315
hair_367
mold_434
dirt_186
pebble_10
hair_444
rock_458
charm_613
lint_452
strings_350
hair_564
dirt_421
dirt_616
pebble_413
hair_870
hair_850
mold_1569
pebble_643
charm_1058
pebble_972
mush_798
pebble_1070
worms_1153
charm_1147
pebble_275
charm_814
charm_1095
worms_1252
dirt_1215
rock_860
pebble_620
charm_1208
strings_1272
worms_1428
mush_1469
charm_1379
mush_597
rock_1217
strings_1508
pebble_1507
worms_522
mold_1456
lint_1091
mush_1740
mold_1617
lint_1545
dirt_1744
pebble_1770
hair_1831
charm_2006
charm_1149
lint_1319
dirt_1865
dirt_1026
worms_1527
mold_1578
worms_1855
hair_1625
strings_157
strings_1878
mold_1342
mold_1
hair_73
charm_299
hair_502
mush_700
mold_1581
hair_720
lint_1092
rock_942
lint_404
rock_1083
hair_969
pebble_1941
worms_725
mold_1317
worms_1425
charm_951
lint_1254
mold_482
charm_1652
mold_518
mold_1865
mold_1473
lint_1112
worms_2008
charm_1893
pebble_1600
worms_1245
strings_1370
mush_1318
hair_1158
strings_1664
pebble_1783
hair_1364
worms_1803
hair_1649
rock_1784
mush_1706
hair_1033
lint_1240
hair_1741
mold_1367
rock_1086
mold_1466
pebble_1475
lint_1595
rock_1626
charm_1750
dirt_1595
charm_1305
dirt_1
strings_1833
rock_1777
hair_1032
mold_30
mush_2058
rock_49
rock_9
lint_50
worms_1361
strings_71
dirt_1956
strings_43
strings_77
lint_2044
hair_1661
dirt_72
dirt_23
hair_80
hair_65
mush_105
mush_96
dirt_195
lint_156
worms_9
lint_201
strings_56
lint_192
dirt_190
pebble_261
lint_230
worms_309
mush_120
worms_342
worms_1553
charm_405
strings_281
strings_259
hair_349
rock_258
mold_406
dirt_197
mold_75
charm_428
lint_380
dirt_470
strings_335
lint_443
mold_396
mush_484
mold_556
hair_368
pebble_486
rock_588
mush_620
dirt_569
mush_383
pebble_449
rock_639
pebble_595
mush_684
strings_463
hair_656
strings_661
strings_413
mush_787
hair_677
mush_648
pebble_662
dirt_707
pebble_709
dirt_663
mush_820
lint_620
mush_432
lint_656
charm_748
mush_842
hair_625
lint_741
charm_819
rock_792
dirt_725
rock_857
charm_877
worms_819
strings_570
dirt_827
dirt_825
mold_876
charm_851
lint_945
dirt_927
mold_779
charm_995
pebble_943
mold_782
mush_1031
hair_1045
mold_945
mold_1115
worms_1002
hair_708
hair_927
mold_1186
pebble_995
mush_1245
pebble_1292
dirt_1268
pebble_1340
mush_1397
dirt_1063
pebble_886
charm_1295
pebble_1330
mold_1340
worms_1423
mush_1349
hair_1221
pebble_1427
hair_1392
mold_1322
mold_1343
charm_1413
pebble_1467
dirt_1332
strings_1024
mush_1187
lint_1488
dirt_1366
dirt_1488
pebble_1543
charm_1491
mold_1501
charm_1516
rock_1563
pebble_1526
mush_1732
dirt_1663
hair_1658
charm_1510
charm_1667
mold_1373
lint_1782
mush_1592
rock_1688
mush_1833
worms_1773
charm_1788
dirt_1608
rock_1813
hair_1830
mush_1581
dirt_1842
rock_1800
mush_1906
dirt_1762
mold_1801
charm_1734
charm_1883
mush_1951
mold_1596
dirt_1673
lint_2011
worms_1579
mush_2054
strings_1849
hair_1967
mold_1863
rock_2087
worms_1983
rock_1914
charm_2102
rock_2297
worms_2243
pebble_1948
pebble_1999
charm_1935
worms_1731
pebble_2343
lint_2664
mold_1949
lint_2218
lint_2895
strings_2910
hair_2360
lint_2191
strings_2790
mush_2957
lint_1066
pebble_1157
charm_3038
hair_2741
rock_1531
lint_2902
mush_1319
mush_1231
mold_988
pebble_1499
rock_1742
strings_1880
lint_1898
lint_1623
strings_1573
lint_1498
dirt_1563
lint_1146
strings_1008
hair_1514
mold_1806
pebble_21
strings_1728
hair_1688
charm_161
charm_1487
mold_70
worms_1763
charm_1649
hair_1795
mold_284
hair_243
pebble_307
rock_560
rock_626
lint_649
hair_576
mush_836
worms_764
rock_1172
lint_394
lint_238
worms_1106
dirt_1182
pebble_1068
mold_1928
charm_515
charm_1121
hair_1239
pebble_1567
charm_1112
rock_1547
strings_1292
lint_1772
rock_1765
strings_1805
dirt_1106
mush_1382
hair_1823
lint_1908
dirt_1925
pebble_1115
lint_1069
mush_1763
rock_502
dirt_1377
pebble_1731
pebble_1898
hair_1964
lint_1519
worms_1827
worms_156
worms_1604
worms_167
charm_1628
hair_84
hair_182
lint_332
dirt_77
worms_403
strings_208
strings_141
strings_393
dirt_159
mold_1795
pebble_462
pebble_404
strings_273
pebble_466
rock_446
dirt_414
dirt_540
mush_703
hair_583
mush_1879
mush_410
dirt_688
lint_806
charm_1833
strings_696
mush_1023
dirt_922
charm_714
mold_774
charm_679
strings_998
pebble_372
pebble_837
charm_1068
strings_1016
lint_673
mold_912
hair_1052
pebble_1033
mush_987
rock_1149
worms_1232
lint_1287
mold_1267
mush_1226
mold_1360
hair_1352
pebble_1482
hair_1202
charm_1339
lint_536
worms_1124
pebble_1549
pebble_1582
charm_1521
worms_1533
hair_1577
charm_1528
hair_1099
worms_1700
worms_1605
dirt_1335
rock_1712
strings_1581
lint_1859
worms_1606
strings_1644
mold_1264
strings_962
mold_1329
mush_1162
mush_1810
pebble_1370
pebble_1358
hair_1401
hair_997
mold_1672
pebble_1890
charm_2010
mold_1904
mush_1676
lint_1575
dirt_1849
dirt_1494
charm_1784
mold_366
lint_1800
dirt_68
mold_786
mush_449
worms_1066
pebble_1027
mold_1275
lint_1223
charm_442
charm_131
rock_869
worms_1641
charm_369
mush_1603
hair_1904
hair_1133
charm_193
mold_895
pebble_1362
mush_1801
lint_1197
pebble_1479
rock_1013
hair_1247
lint_1866
dirt_1176
mold_1135
strings_1648
mold_1233
mush_1101
charm_1594
strings_1863
strings_1822
worms_1484
hair_1098
worms_1846
strings_972
hair_1575
worms_1365
worms_1437
mold_1144
hair_1050
mold_1189
rock_1428
dirt_1421
mush_1316
strings_1521
hair_1172
strings_1853
lint_1212
mush_1971
mush_1692
lint_1433
dirt_1263
dirt_1616
charm_1
rock_1313
mush_1798
rock_2
pebble_1305
dirt_1795
strings_26
dirt_40
pebble_37
rock_1391
charm_93
dirt_1060
rock_79
mold_6
dirt_32
hair_1650
mush_153
charm_60
charm_123
strings_1771
mush_197
lint_30
mold_171
mush_149
mush_207
dirt_110
strings_152
hair_146
mush_264
hair_157
dirt_84
mush_177
lint_269
hair_206
lint_202
rock_236
charm_370
rock_330
mush_328
worms_197
lint_286
worms_316
charm_411
hair_143
charm_395
strings_329
strings_229
mold_414
hair_398
mold_360
dirt_416
worms_386
mold_454
strings_452
worms_64
mush_382
dirt_465
strings_514
dirt_490
pebble_318
mold_572
lint_495
hair_546
dirt_524
mold_603
mush_669
pebble_485
lint_653
charm_529
strings_662
hair_627
worms_606
mush_538
pebble_683
strings_408
dirt_761
mush_685
lint_790
lint_706
charm_757
lint_491
mush_761
hair_454
mold_835
lint_835
charm_709
dirt_855
dirt_848
hair_755
mush_938
strings_781
dirt_898
strings_675
dirt_917
mush_1035
lint_982
charm_871
pebble_932
mush_1073
charm_837
mush_1142
dirt_905
dirt_946
mush_1020
pebble_1041
pebble_931
mush_1197
lint_816
strings_1080
hair_1119
strings_1084
pebble_1079
pebble_1060
charm_1157
hair_1180
rock_1085
charm_1064
strings_895
pebble_1232
hair_1069
mold_1021
hair_1262
mush_1351
worms_1237
lint_1257
worms_1212
mold_1118
charm_996
dirt_1321
mold_1284
worms_1347
hair_1285
lint_1389
charm_1240
mold_1353
worms_1392
worms_1441
dirt_1347
lint_1495
mold_1357
worms_1443
worms_1362
mush_1516
pebble_1474
hair_1429
hair_1447
mold_1436
rock_1485
dirt_1472
mold_1511
worms_1526
pebble_1468
lint_1222
pebble_1514
dirt_1327
mush_1670
lint_1518
dirt_1189
mold_1496
worms_1663
charm_1601
dirt_1596
rock_1669
rock_1569
hair_1698
worms_1626
dirt_1516
strings_1546
hair_1673
lint_1711
hair_1784
lint_1799
rock_1794
mush_1889
lint_1870
lint_1766
rock_1819
dirt_1750
rock_1842
rock_1632
charm_1905
charm_1866
rock_1820
dirt_1866
lint_1981
rock_1679
strings_1704
hair_1934
hair_2024
mold_1859
hair_1851
charm_2194
mold_1772
mold_2322
lint_2356
charm_1954
mush_2013
pebble_2015
mush_2584
pebble_2396
hair_1813
lint_2710
worms_2887
charm_2767
pebble_2756
hair_2467
lint_1631
hair_1606
charm_2482
mold_2794
rock_1024
strings_2841
charm_1760
charm_2697
rock_1551
strings_1285
hair_1386
rock_1159
dirt_1798
pebble_719
dirt_1275
charm_1523
pebble_804
dirt_1071
charm_2621
mush_1206
charm_1443
dirt_1464
lint_743
dirt_1605
strings_1553
mold_1637
lint_1750
charm_1524
hair_154
lint_1171
mush_1715
mush_1935
mold_1731
charm_2599
lint_1536
charm_849
pebble_180
worms_1937
pebble_271
dirt_1753
worms_212
lint_326
hair_380
dirt_347
dirt_441
mush_166
pebble_531
rock_1702
rock_657
pebble_1597
lint_203
strings_1928
lint_566
charm_745
hair_573
pebble_277
rock_682
worms_936
hair_700
lint_756
rock_585
lint_819
lint_390
mold_1228
lint_1012
pebble_716
rock_877
strings_1028
hair_163
lint_1255
mold_1326
charm_1292
hair_1391
charm_1236
mold_1229
lint_1416
dirt_1690
lint_1592
charm_1249
hair_1322
worms_1708
pebble_1851
lint_1935
rock_1444
rock_1667
worms_1139
mold_1379
lint_1802
worms_1121
strings_1404
rock_1948
rock_1454
mold_1651
lint_1419
worms_932
mold_1839
worms_1799
charm_1573
charm_1995
strings_1246
rock_1410
worms_1747
pebble_6
dirt_1542
rock_1152
charm_53
worms_24
rock_1856
charm_189
dirt_177
mush_112
mold_204
pebble_1925
rock_159
rock_40
dirt_256
mold_135
worms_359
rock_344
mush_354
lint_331
mush_2066
mush_254
worms_379
worms_394
strings_405
pebble_1718
lint_386
mush_453
worms_226
worms_578
charm_617
hair_664
worms_558
lint_208
strings_572
rock_462
charm_761
rock_731
rock_547
rock_756
hair_235
rock_438
strings_776
worms_739
rock_353
pebble_666
worms_838
charm_881
mold_901
charm_859
strings_863
charm_767
mush_1071
worms_874
mush_743
strings_918
mush_1144
mush_812
rock_1764
worms_1092
worms_1008
mold_1377
worms_1377
rock_1191
worms_1498
charm_1333
hair_1538
dirt_957
mold_1532
charm_1061
mush_1747
strings_1410
hair_1270
lint_1297
mush_2042
mush_1679
worms_1407
lint_2008
rock_1078
worms_1662
worms_1578
strings_1948
lint_1693
charm_1759
pebble_1638
lint_1296
worms_1470
worms_1834
pebble_1472
dirt_923
pebble_1665
rock_1567
pebble_1722
worms_1540
strings_1713
rock_1647
pebble_1699
pebble_1524
strings_1305
pebble_2004
mush_234
charm_241
mold_17
rock_1429
worms_248
pebble_1465
charm_1131
hair_244
dirt_1743
hair_365
charm_331
mold_1649
hair_1879
worms_457
strings_374
strings_139
rock_521
pebble_14
pebble_300
pebble_329
pebble_610
pebble_543
hair_497
strings_225
dirt_411
mold_520
worms_339
hair_748
hair_996
strings_740
mold_701
worms_486
pebble_1356
worms_1314
dirt_789
lint_943
hair_711
rock_1644
mold_1292
mush_1346
lint_1771
rock_1629
pebble_1110
rock_1204
charm_1564
charm_1867
rock_1227
charm_1440
dirt_1446
worms_1823
lint_1913
strings_1909
worms_1922
strings_1517
mush_53
pebble_139
mold_509
worms_1542
rock_451
rock_718
mush_355
charm_419
pebble_914
rock_382
charm_314
charm_1447
lint_1842
lint_1437
charm_1593
mold_662
mush_1616
worms_1826
worms_788
charm_1445
pebble_676
rock_1763
hair_1305
lint_1659
lint_1181
lint_1172
mold_847
strings_1035
rock_1924
lint_1060
worms_1476
charm_1383
worms_1502
strings_1584
rock_1351
rock_1218
rock_1306
mold_1716
dirt_1932
lint_1191
mold_1380
mold_1754
hair_1167
dirt_1811
strings_1201
worms_1651
rock_1154
charm_1148
hair_1409
worms_1083
dirt_1002
dirt_2
mush_2038
mold_1356
lint_1415
strings_1924
strings_1837
charm_47
charm_82
pebble_22
worms_27
pebble_73
rock_39
dirt_82
hair_1676
rock_1615
dirt_61
rock_99
rock_1939
strings_1865
lint_13
rock_132
pebble_102
rock_120
rock_98
charm_185
worms_144
mush_210
hair_175
mold_87
hair_149
charm_36
mush_231
lint_99
hair_100
rock_262
worms_250
lint_167
rock_202
mold_134
rock_165
dirt_267
pebble_259
strings_255
mush_288
mold_270
mush_265
mold_280
hair_252
worms_305
mush_276
dirt_284
pebble_283
hair_268
rock_304
lint_288
worms_313
charm_316
rock_309
mush_340
charm_377
mold_291
rock_316
mush_406
mush_317
worms_350
lint_338
rock_340
rock_357
dirt_403
lint_381
worms_406
strings_359
rock_419
hair_347
mush_450
mush_325
lint_324
charm_418
rock_434
lint_432
hair_426
dirt_461
mold_489
lint_498
dirt_498
hair_518
strings_423
mush_304
mold_535
dirt_503
mush_573
mush_494
worms_515
rock_578
worms_556
worms_591
charm_579
dirt_552
lint_403
rock_593
charm_577
lint_599
charm_628
worms_487
mold_607
rock_531
mush_672
mold_654
dirt_672
hair_620
dirt_710
strings_469
mush_777
strings_714
charm_667
strings_727
charm_771
mush_852
lint_768
lint_793
mold_769
rock_703
strings_663
mold_734
pebble_802
hair_805
pebble_833
rock_785
worms_616
strings_833
rock_844
hair_586
dirt_755
dirt_865
dirt_826
lint_795
dirt_574
mold_889
worms_934
strings_827
mush_928
worms_958
pebble_890
pebble_930
charm_947
pebble_883
pebble_854
lint_954
hair_918
pebble_755
rock_991
dirt_890
dirt_933
lint_937
rock_932
lint_947
strings_944
mold_927
dirt_913
rock_1061
mold_987
worms_1025
mold_976
dirt_1052
hair_1034
lint_1137
mold_1063
strings_1012
mush_1091
mush_1175
worms_1110
mold_1084
mush_1026
charm_1046
pebble_1217
strings_1188
hair_1140
pebble_1167
mold_1259
strings_1100
dirt_1244
charm_1175
worms_1380
charm_1071
hair_1307
charm_1185
pebble_1432
pebble_1380
pebble_1299
hair_1150
lint_1476
pebble_1274
charm_1353
strings_1364
mush_1240
pebble_1364
pebble_1504
mold_1490
strings_1458
dirt_1465
rock_1489
mush_1635
charm_1567
worms_1570
strings_1443
lint_1585
charm_1627
charm_1416
worms_1682
worms_1661
mush_1666
charm_1467
mold_1320
mush_1815
rock_1699
mold_1661
dirt_1619
strings_1746
rock_1634
charm_1673
mold_1524
lint_1893
rock_1553
lint_1801
mush_1911
lint_1917
dirt_1835
charm_1803
lint_1934
charm_1872
mush_1945
rock_1783
hair_1876
rock_1922
rock_1904
worms_1869
rock_1928
charm_1451
pebble_1907
worms_1998
lint_2033
mold_2024
mush_2116
hair_1837
charm_1459
charm_2252
dirt_2258
mold_2037
lint_2174
lint_2059
strings_1732
mold_2445
dirt_2194
worms_2396
mush_2591
hair_1952
mold_2524
rock_2391
dirt_2606
rock_2624
charm_2702
rock_1825
rock_2818
mush_2060
worms_2770
charm_2211
pebble_2734
mush_2052
dirt_979
mush_1082
hair_1200
pebble_1315
rock_2905
charm_2962
charm_1511
mush_2430
rock_2946
mush_1268
rock_1328
mush_1170
mold_1891
pebble_1515
rock_1762
rock_1182
strings_1505
worms_1719
lint_1919
mold_1091
worms_2011
worms_1475
pebble_1795
hair_1869
pebble_1931
hair_2969
charm_1014
hair_1938
rock_1088
rock_1171
strings_1715
strings_1276
worms_1082
pebble_1405
mold_645
strings_1103
charm_1062
hair_704
dirt_1308
rock_41
hair_1465
pebble_1672
pebble_1744
charm_1502
mold_1595
dirt_1734
dirt_1857
pebble_1397
hair_1491
worms_1503
lint_1855
mush_1610
worms_1572
mold_1889
rock_1540
hair_1915
mold_4
worms_187
hair_223
strings_286
dirt_326
dirt_1920
pebble_11
rock_214
rock_206
mush_1859
rock_714
lint_511
mold_852
dirt_377
rock_602
rock_1680
dirt_1045
mush_765
pebble_1160
lint_1244
lint_1373
strings_1267
mold_516
dirt_667
lint_1370
charm_1492
mold_48
rock_1530
strings_1368
strings_729
strings_1892
mold_1213
charm_1365
strings_1672
worms_1235
worms_1699
worms_1934
charm_1529
charm_120
mold_1748
hair_1878
worms_1499
pebble_1844
pebble_1730
mold_296
worms_215
lint_469
hair_249
lint_388
hair_526
worms_1610
charm_659
mold_266
dirt_1668
strings_628
worms_715
hair_758
rock_584
mush_920
rock_491
mold_583
charm_904
strings_103
hair_102
dirt_1065
strings_825
dirt_382
strings_777
dirt_1100
dirt_1368
hair_681
pebble_1414
pebble_948
charm_1424
charm_1828
hair_1647
strings_1502
dirt_1053
pebble_773
mold_1660
mold_1880
pebble_1571
mold_1335
charm_1882
lint_2047
mush_1696
dirt_1203
lint_1643
lint_1513
charm_207
charm_1831
hair_1468
strings_467
charm_21
pebble_1470
rock_1942
strings_1158
lint_1607
strings_605
mold_490
strings_1131
mush_1294
hair_1354
charm_1273
hair_1224
charm_1205
pebble_428
mold_1591
dirt_1632
rock_1307
pebble_1772
mush_1527
charm_1225
mold_1243
dirt_1770
mold_1159
mold_1697
charm_1176
mush_1214
hair_1816
mold_1597
mush_1836
rock_1138
mush_1643
rock_59
pebble_40
mold_1545
hair_104
pebble_156
strings_1946
charm_267
mold_260
worms_115
worms_277
worms_253
mold_88
lint_303
pebble_110
rock_320
mush_22
worms_346
rock_426
mush_545
hair_389
hair_509
strings_1346
pebble_1111
charm_393
lint_574
strings_1286
charm_566
lint_165
dirt_279
pebble_556
pebble_464
mold_622
pebble_512
dirt_630
mold_457
mush_588
rock_601
strings_278
mush_742
mold_740
charm_663
strings_644
lint_662
charm_647
pebble_876
worms_648
lint_685
lint_903
rock_610
dirt_966
rock_677
lint_1018
mush_1195
hair_980
strings_1001
rock_1186
mold_1187
mold_1110
worms_1147
mold_626
lint_1274
hair_891
pebble_915
hair_1396
hair_1400
rock_1447
hair_912
pebble_792
hair_1186
mush_1611
lint_1625
pebble_1551
mush_1465
mush_1408
worms_1633
worms_892
dirt_1524
rock_1874
strings_1401
rock_1502
strings_1885
strings_1629
mush_1870
worms_1985
charm_1304
mush_1260
lint_1984
hair_1924
pebble_1991
pebble_1952
lint_1067
dirt_1687
pebble_1413
pebble_1559
hair_1379
dirt_1337
lint_547
dirt_1279
rock_1376
mold_799
lint_1986
dirt_1319
dirt_708
lint_1950
mush_1393
rock_1591
rock_1592
lint_1683
strings_1628
mold_1410
pebble_1088
worms_1724
rock_1414
lint_1777
worms_1927
mush_1750
strings_1939
pebble_1741
hair_1959
pebble_1790
hair_1947
pebble_2008
mush_1719
strings_2
mush_1467
lint_76
strings_88
pebble_1458
rock_126
rock_1050
rock_1224
mush_143
charm_160
lint_138
mush_2004
dirt_37
hair_192
strings_1901
charm_459
lint_383
lint_488
hair_165
hair_691
mold_310
mold_76
lint_252
pebble_635
pebble_518
hair_843
charm_853
rock_484
mold_746
pebble_989
lint_958
hair_1080
mold_862
mush_1213
lint_1080
strings_280
lint_1065
pebble_490
mush_539
worms_1243
worms_1254
pebble_1361
worms_1388
strings_1275
strings_1549
rock_1653
pebble_899
charm_1623
dirt_1247
pebble_1267
worms_2000
worms_900
worms_1737
mush_1103
dirt_1942
hair_1249
lint_1938
worms_2014
worms_1239
lint_1721
hair_1554
lint_1741
rock_1949
pebble_23
strings_1499
worms_12
mold_1680
mush_221
dirt_96
worms_1793
strings_1730
worms_1845
worms_238
worms_1518
pebble_327
rock_472
worms_385
pebble_332
lint_281
mold_642
strings_383
rock_73
pebble_554
rock_751
worms_1558
hair_94
strings_871
rock_1039
lint_983
mold_887
pebble_1009
pebble_867
mold_371
rock_509
mush_1567
strings_739
hair_1126
worms_1761
mold_1588
worms_865
worms_1194
pebble_1773
rock_1621
charm_1074
mush_1710
rock_1636
charm_1901
rock_1886
hair_1190
rock_1366
strings_1355
mush_1730
rock_534
mold_531
hair_889
mold_1295
mush_1547
mold_637
pebble_153
strings_1684
strings_1240
strings_608
mush_828
pebble_1208
charm_1925
lint_1884
mush_1352
rock_1405
dirt_1402
worms_1624
dirt_1251
charm_1960
dirt_1788
lint_1733
hair_1109
mold_1400
mush_1475
worms_1095
charm_1438
charm_1802
lint_1654
charm_1080
pebble_1708
dirt_1538
mold_1656
hair_1772
dirt_1805
mush_1627
strings_1510
mold_1482
dirt_1880
charm_1150
worms_1054
strings_1701
hair_1893
charm_19
charm_1309
pebble_1833
charm_12
worms_21
charm_50
strings_39
pebble_17
mold_52
lint_45
hair_1079
dirt_35
strings_3
charm_1618
worms_52
mold_111
mold_112
lint_54
rock_129
dirt_89
mold_99
dirt_55
worms_90
mold_182
mush_139
rock_46
mold_164
charm_210
dirt_1546
charm_209
mush_238
strings_188
strings_142
strings_76
pebble_183
hair_202
lint_140
mold_126
worms_251
charm_284
mold_229
worms_245
pebble_52
worms_241
charm_270
charm_204
mold_271
rock_303
rock_194
strings_346
strings_279
mold_309
worms_285
lint_306
mush_324
pebble_356
worms_389
hair_285
rock_374
pebble_393
lint_342
strings_392
pebble_395
rock_389
rock_412
charm_453
charm_399
rock_447
strings_428
dirt_325
strings_415
worms_519
strings_497
charm_398
dirt_446
lint_489
mold_502
pebble_505
rock_519
pebble_523
worms_536
pebble_415
pebble_522
rock_425
rock_368
rock_544
mush_428
mush_584
hair_547
hair_575
lint_597
mush_636
rock_561
hair_571
worms_610
lint_607
rock_618
rock_460
charm_681
charm_668
mush_579
dirt_606
charm_676
pebble_534
lint_650
mold_633
mush_807
strings_627
worms_699
hair_540
strings_723
strings_718
charm_798
lint_755
worms_601
pebble_613
hair_670
pebble_781
mush_879
pebble_706
dirt_722
charm_835
dirt_769
strings_767
dirt_801
strings_838
mush_857
dirt_716
pebble_891
pebble_660
pebble_885
dirt_816
hair_837
worms_878
mush_997
lint_894
strings_759
strings_888
rock_830
dirt_861
charm_915
hair_914
dirt_915
hair_930
charm_948
charm_980
lint_967
charm_914
mush_1015
dirt_702
mold_898
dirt_833
mold_944
pebble_979
hair_956
charm_1000
charm_998
pebble_913
hair_1087
lint_882
worms_1048
mold_1071
mold_1086
worms_1013
lint_1145
lint_980
mold_946
rock_980
rock_1140
hair_1123
hair_1159
lint_1199
rock_1051
dirt_1162
charm_1196
rock_1151
rock_1200
mold_991
pebble_1224
mold_1209
lint_1183
pebble_1004
rock_1272
pebble_1171
mush_1343
dirt_1226
worms_1322
mush_1201
lint_1307
mush_1487
pebble_1312
charm_1382
charm_1231
lint_1292
hair_1274
mold_1474
mush_1601
rock_1435
mush_1607
worms_1387
dirt_1228
rock_1491
strings_1507
lint_1503
charm_1191
rock_1463
charm_1464
charm_1580
charm_1571
strings_1523
lint_1486
charm_1246
strings_1565
pebble_1608
worms_1601
strings_1500
mold_1565
rock_1628
dirt_1653
lint_1678
hair_1635
dirt_1600
rock_1650
mold_1666
hair_1639
mush_1739
dirt_1680
mush_1765
strings_1635
pebble_1615
worms_1597
hair_1709
strings_1703
charm_1800
mush_1774
rock_1755
strings_1762
charm_1806
pebble_1819
lint_1837
strings_1669
dirt_1820
hair_1834
dirt_1738
worms_1883
lint_1949
strings_1757
mold_1851
dirt_1821
hair_1870
rock_1740
mold_1766
hair_1917
dirt_1928
worms_1781
pebble_1954
dirt_1843
strings_2266
lint_2232
rock_1941
mush_2380
charm_2400
worms_1623
lint_2048
pebble_2579
hair_2359
dirt_2391
lint_2338
lint_2610
lint_2304
charm_1953
charm_2623
mold_2190
mold_2513
hair_2721
hair_2662
strings_2603
dirt_2733
dirt_2725
worms_2902
dirt_2582
mush_2989
strings_2777
mush_2554
strings_2038
lint_1436
rock_1585
worms_1690
lint_2793
charm_3034
charm_3027
rock_998
mold_247
strings_2943
mold_1195
pebble_2899
mush_1483
mush_1510
pebble_1373
strings_1824
strings_100
lint_1441
pebble_3010
dirt_1369
charm_347
rock_95
mold_994
mold_425
worms_2681
worms_617
strings_585
hair_1754
charm_1474
pebble_287
rock_800
mush_214
pebble_851
hair_1075
worms_836
hair_823
worms_689
mush_691
lint_776
hair_89
charm_1028
hair_1302
mush_1589
lint_946
rock_1564
rock_1169
mush_1257
rock_1709
mold_1763
lint_1051
mush_1602
dirt_363
lint_1022
charm_1359
pebble_20
worms_1738
pebble_34
lint_1794
hair_1807
charm_1834
worms_49
lint_1901
pebble_175
pebble_1906
charm_1742
mold_250
strings_72
worms_236
dirt_303
charm_513
strings_211
worms_502
hair_440
hair_217
pebble_477
hair_270
charm_166
pebble_1203
mold_484
rock_413
mold_624
pebble_678
pebble_578
rock_660
charm_606
mush_937
hair_520
strings_971
pebble_745
rock_744
rock_1073
worms_1126
worms_497
pebble_583
rock_669
worms_1166
hair_1107
pebble_493
hair_1271
rock_1059
lint_1260
dirt_1416
mold_1242
mold_1203
strings_695
dirt_1452
hair_1567
pebble_1345
hair_1362
worms_1422
mush_1665
dirt_449
lint_1911
pebble_1897
worms_1750
dirt_1868
rock_1450
worms_1024
mold_1808
charm_1708
strings_1000
rock_1452
lint_1871
rock_1211
mold_1909
hair_1874
mush_1364
mush_12
worms_1258
strings_49
pebble_1546
worms_32
pebble_1939
pebble_1418
pebble_1719
dirt_235
hair_170
charm_327
mold_216
rock_1838
mush_283
hair_310
mold_1553
pebble_319
worms_347
pebble_340
dirt_90
strings_353
lint_310
charm_179
mold_383
lint_2036
pebble_1535
mold_398
charm_492
pebble_347
worms_454
mush_563
charm_397
mush_744
mold_323
strings_512
hair_423
pebble_167
mush_763
charm_688
mold_809
strings_934
lint_889
mush_789
rock_293
charm_414
hair_920
strings_901
mush_1107
mush_756
charm_1105
lint_1106
mush_552
worms_1613
strings_553
dirt_1180
hair_1258
pebble_1733
mush_1694
charm_1776
dirt_1224
charm_1239
mold_1719
lint_1410
hair_1384
mush_1744
pebble_1908
dirt_1917
strings_942
strings_1623
charm_1946
rock_247
lint_1791
hair_46
charm_1086
rock_739
mush_1925
lint_2041
mush_841
hair_1592
rock_391
mush_1050
rock_1284
rock_1493
pebble_748
worms_1643
lint_732
charm_243
rock_1422
dirt_1789
strings_1315
pebble_1808
mold_672
charm_1900
pebble_1178
mush_1132
hair_1515
pebble_1398
mush_1995
mold_1670
dirt_1838
strings_1887
strings_1841
rock_106
worms_1807
strings_1166
hair_1325
pebble_1815
mold_152
rock_108
strings_1137
hair_1349
hair_1788
hair_164
hair_187
mush_287
charm_228
rock_24
hair_273
dirt_15
strings_275
mold_113
mush_282
mold_288
strings_262
pebble_263
lint_159
mush_379
charm_240
lint_270
worms_427
rock_122
mush_513
mush_443
rock_362
mold_324
pebble_398
mush_359
hair_135
charm_532
pebble_452
mold_466
strings_490
charm_514
hair_537
strings_375
rock_514
lint_585
strings_478
strings_620
worms_698
mold_629
mush_739
charm_446
lint_520
strings_649
rock_732
strings_576
hair_685
lint_316
strings_683
pebble_562
mush_882
mold_771
charm_803
mush_856
worms_475
dirt_772
strings_784
rock_789
rock_801
pebble_739
mold_671
lint_833
strings_803
pebble_818
mold_824
rock_798
charm_908
mush_634
lint_757
mush_981
mold_916
rock_894
mold_934
dirt_822
charm_989
charm_960
lint_1057
mush_1129
mush_1045
mold_1012
lint_1089
dirt_794
mush_923
dirt_997
mush_1186
charm_1018
lint_1150
hair_1129
worms_1123
rock_1209
pebble_1295
rock_907
hair_1316
pebble_1010
dirt_781
charm_1253
worms_1137
pebble_650
worms_1345
worms_1414
mush_1441
pebble_1154
charm_1640
mold_1515
charm_1507
mush_1357
dirt_1639
worms_1753
dirt_1372
mush_1600
dirt_1484
lint_1826
charm_1386
dirt_1624
strings_1714
rock_1789
hair_1821
pebble_1720
hair_1843
lint_1300
worms_1786
worms_1888
mush_1966
pebble_1915
rock_1843
pebble_1959
pebble_1875
charm_1826
dirt_1900
mush_2932
rock_2539
charm_1972
strings_2452
lint_1762
charm_3045
lint_1072
mush_1456
mush_2144
dirt_1915
strings_1529
rock_1697
dirt_1474
canofants_2217
dirt_1567
lint_1016
rock_2147
hair_1587
strings_1411
dirt_1694
pebble_1311
worms_1466
hair_41
worms_1995
dirt_1862
worms_1867
pebble_118
strings_1922
dirt_1082
rock_267
worms_604
dirt_462
charm_627
rock_627
mush_78
mush_704
dirt_712
charm_685
pebble_647
pebble_248
lint_1526
dirt_529
worms_94
lint_1807
dirt_925
pebble_1723
mold_984
hair_825
pebble_18
lint_1724
charm_943
dirt_1173
lint_1061
dirt_1103
pebble_1261
lint_1130
charm_1791
mold_1300
lint_1355
hair_1530
mold_1341
rock_1213
hair_3
worms_1676
worms_120
rock_1418
lint_200
charm_28
mold_278
dirt_154
strings_238
mush_1860
lint_922
strings_126
mold_256
pebble_441
mold_354
strings_470
charm_372
strings_1518
worms_562
rock_774
worms_593
pebble_542
lint_539
dirt_479
mush_644
worms_297
pebble_321
hair_565
dirt_582
rock_142
rock_554
mush_664
mush_778
mush_678
hair_662
pebble_836
worms_493
worms_781
dirt_560
strings_790
hair_741
charm_1005
worms_1033
strings_883
mold_836
pebble_654
mold_743
charm_953
strings_1064
charm_1300
charm_504
charm_1308
pebble_1126
charm_1317
charm_1001
mush_1329
pebble_1318
mush_1471
rock_698
mold_828
dirt_1195
dirt_1286
hair_1604
strings_1416
dirt_1312
worms_1646
pebble_1583
strings_1848
dirt_1521
strings_1615
mold_1855
charm_1928
lint_1084
pebble_1603
heartofgold_1232
rock_1258
worms_1045
worms_1981
charm_1648
mold_1241
worms_1602
charm_1642
hair_1410
lint_1194
mold_1463
lint_2063
hat_2164
mush_1924
mold_27
mold_1663
strings_1461
strings_1369
worms_2026
mush_119
rock_54
rock_1725
pebble_165
mold_78
charm_373
strings_396
worms_1436
lint_535
hair_441
charm_715
dirt_361
hair_737
dirt_108
strings_752
rock_1144
mold_579
strings_556
worms_864
dirt_693
mush_868
pebble_893
mold_871
lint_860
dirt_579
strings_798
charm_464
strings_921
mold_959
charm_1666
pebble_1359
strings_1309
charm_1092
mold_1396
lint_919
mush_1388
mush_1639
rock_1370
worms_907
worms_1964
lint_1878
lint_51
lint_1149
dirt_1277
lint_1396
rock_1406
pebble_1446
pebble_2006
mush_1369
dirt_1759
rock_1641
strings_1900
lint_1698
worms_1497
mush_280
mold_145
mush_586
mush_343
hair_728
strings_748
dirt_304
dirt_758
worms_1400
worms_1754
mold_741
mush_982
mold_598
mush_1057
hair_982
charm_866
charm_1035
mush_925
hair_1002
worms_1109
lint_1114
pebble_896
pebble_89
hair_1327
charm_827
worms_30
rock_1511
dirt_1280
hair_1749
pebble_1202
pebble_1816
worms_965
pebble_1893
strings_7
rock_277
mush_1863
pebble_1868
pebble_659
charm_1771
lint_242
rock_287
hair_1387
dirt_483
lint_615
mush_461
rock_1367
dirt_1009
rock_1386
pebble_1437
rock_1474
rock_222
worms_1184
rock_1312
pebble_63
strings_1004
pebble_1698
rock_1618
dirt_1434
lint_1624
worms_1686
strings_60
pebble_1700
mold_1192
pebble_1801
hair_1218
strings_1778
mold_68
dirt_1362
hair_1440
mush_1377
charm_1419
worms_35
mold_1414
lint_1775
charm_1364
worms_1942
lint_2046
lint_2018
dirt_1076
mold_1694
lint_1850
mold_1814
strings_1651
mold_1503
pebble_1855
charm_1127
mush_2048
worms_1035
gravy_1413
mold_1134
brandy_812
hair_5
mush_1811
mush_16
charm_1745
ham_934
mold_28
charm_29
lint_1339
hair_1110
pebble_1199
mold_16
mold_22
worms_10
charm_80
mush_68
mush_37
lint_44
rock_68
lint_19
strings_65
pebble_75
charm_74
mold_33
worms_88
strings_28
pebble_93
strings_59
dirt_27
pebble_81
strings_67
pebble_78
lint_122
strings_86
worms_98
pebble_100
lint_125
hair_113
hair_121
charm_155
strings_138
mush_186
pebble_132
charm_61
pebble_96
pebble_77
worms_158
hair_167
hair_128
dirt_91
hair_177
strings_179
pebble_190
lint_198
mold_162
strings_186
hair_92
mold_221
dirt_217
pebble_224
rock_203
dirt_241
rock_242
rock_170
rock_181
strings_222
strings_252
charm_216
charm_297
mush_293
lint_258
dirt_198
mush_351
mush_194
rock_221
worms_314
rock_336
lint_334
mold_308
lint_309
lint_337
lint_312
dirt_322
pebble_344
mold_349
worms_375
dirt_401
charm_286
charm_365
rock_385
mush_259
mush_492
charm_472
lint_285
mold_373
charm_432
lint_417
worms_473
mold_381
worms_472
pebble_467
worms_327
hair_490
charm_484
worms_476
mold_503
rock_473
mush_569
charm_546
mold_538
hair_457
mold_473
worms_553
worms_595
hair_460
hair_505
dirt_543
rock_568
hair_563
charm_531
hair_561
mush_649
mold_561
charm_618
worms_489
hair_533
rock_606
rock_659
charm_662
lint_559
hair_652
lint_612
dirt_624
charm_719
mold_578
hair_634
hair_676
charm_643
mold_512
rock_655
rock_689
pebble_715
worms_734
mold_659
mush_745
dirt_676
mold_719
lint_748
rock_728
mush_785
mush_809
hair_766
strings_793
lint_794
hair_768
pebble_727
charm_724
rock_799
strings_806
pebble_803
mush_846
charm_832
mold_745
pebble_874
worms_889
mush_875
mush_968
mold_810
dirt_545
charm_863
pebble_695
mush_996
strings_893
lint_898
rock_901
dirt_798
rock_913
lint_870
worms_960
rock_892
mold_878
dirt_910
charm_972
worms_986
lint_978
rock_949
charm_984
strings_968
pebble_978
lint_915
charm_1019
mush_906
rock_835
lint_1042
pebble_1020
worms_928
worms_1029
strings_931
worms_1087
dirt_1011
charm_1130
pebble_1028
hair_1121
pebble_1064
worms_1173
charm_923
rock_936
hair_1127
strings_1088
hair_1144
dirt_1078
strings_1133
mold_1200
mold_1216
lint_1169
rock_1142
worms_1276
rock_1026
mush_1289
rock_1242
strings_975
hair_1145
pebble_1300
mold_1297
hair_1220
hair_1329
mush_1371
mold_1334
mush_1451
lint_1393
rock_1269
strings_1422
dirt_1349
mold_1263
mush_1345
mold_1502
mold_1205
lint_1308
charm_1610
charm_1259
lint_1609
mold_1504
hair_1550
pebble_1666
strings_1389
pebble_1643
charm_1641
rock_1577
lint_1716
strings_1572
worms_1175
strings_1299
hair_1685
strings_1698
lint_1823
mold_1696
charm_1700
lint_1703
mush_1908
lint_1690
charm_1809
lint_1550
dirt_1581
mush_1782
dirt_1756
hair_1906
mold_1821
charm_1813
lint_2015
rock_1527
pebble_1892
strings_1870
dirt_1954
pebble_1987
worms_2036
pebble_1986
lint_2075
mush_2150
charm_2065
strings_2043
mush_2234
charm_1990
rock_1879
dirt_2205
mold_2069
lint_1974
rock_2156
lint_2079
charm_2311
dirt_2018
rock_2265
lint_2339
rock_2289
pebble_2421
strings_2443
pebble_2256
lint_2318
strings_2485
rock_1700
mush_2570
rock_2210
strings_2390
charm_2627
hair_2533
pebble_2344
lint_2582
mold_2552
worms_2639
strings_2576
dirt_2583
pebble_2821
mold_2432
hair_2443
rock_2094
mold_2677
pebble_2054
lint_2879
mold_2588
worms_2798
lint_2826
hair_2849
strings_2752
pebble_2934
ham_249
brandy_632
gold_17
gravy_10
canofbeans_3
strings_2930
ham_388
pebble_2852
hair_2871
rock_1598
dirt_1540
pebble_1903
worms_2519
hat_301
gold_1551
ham_1550
hat_431
gold_1653
mold_2878
cleaver_849
hair_1526
hair_1701
dirt_1940
brandy_1254
cleaver_474
mush_1306
charm_1269
hair_1824
charm_1711
mold_1148
lint_1872
dirt_1537
hair_1416
canofbeans_1146
charm_401
charm_1335
hair_28
charm_444
charm_1133
lint_663
worms_1349
rock_1721
dirt_1099
dirt_1482
worms_172
rock_1595
charm_64
lint_264
lint_1978
worms_262
mold_331
worms_1657
mold_279
rock_726
rock_112
hair_779
strings_261
hair_1091
lint_688
pebble_1455
hair_734
mold_708
mold_1823
mush_129
lint_1570
mush_1457
mush_679
dirt_1806
mold_1476
strings_41
dirt_211
pebble_119
charm_27
mold_1807
dirt_314
rock_189
charm_467
charm_568
hair_293
phonograph_1542
mush_1776
mush_714
rock_1064
charm_338
strings_652
hair_448
rock_671
worms_655
worms_747
dirt_656
dirt_242
mush_1638
hair_629
lint_664
strings_981
dirt_869
strings_970
lint_1521
mush_1523
mold_1468
worms_893
pebble_1705
strings_753
lint_1652
pebble_1841
strings_1163
hair_1901
rock_1814
pebble_1811
mush_2047
worms_1581
strings_1542
heartofgold_1454
worms_1671
mush_1842
phonograph_990
strings_1302
lint_1424
charm_1691
mush_1065
hair_1374
strings_45
rock_58
rock_56
pebble_962
rock_1198
lint_959
rock_1031
phonograph_1438
mush_1933
charm_307
dirt_360
charm_292
pebble_170
strings_367
pebble_432
strings_189
worms_2030
lint_226
worms_518
worms_482
hair_1935
lint_596
hair_109
hair_450
mush_578
mush_441
charm_687
worms_130
charm_822
strings_545
rock_821
mush_469
worms_525
rock_1016
mush_1127
worms_771
charm_1049
pebble_922
worms_956
dirt_622
lint_1120
mush_727
hair_1118
hair_973
dirt_1033
dirt_1193
worms_906
lint_1335
strings_1085
hair_1296
strings_1206
worms_1225
mush_827
charm_1270
mush_1337
strings_1492
brandy_106
pebble_1689
rock_1340
charm_1902
strings_1288
gold_1975
pebble_173
charm_1898
strings_54
strings_365
worms_1226
gravy_1717
mold_507
worms_1779
dirt_1250
lint_1160
rock_1508
strings_1358
charm_1862
lint_1079
lint_1510
strings_1042
mush_1544
lint_1549
worms_1749
rock_1714
mold_365
strings_1282
gold_1631
hair_1766
gravy_1490
gravy_1398
cleaver_251
mold_94
rock_1795
mold_170
rock_107
hat_1426
hat_2250
charm_231
mush_224
mold_89
lint_236
canofants_1087
dirt_1156
worms_235
hair_49
rock_1197
lint_314
mush_1741
worms_451
strings_198
strings_207
dirt_428
strings_531
pebble_252
strings_308
rock_508
rock_417
dirt_460
strings_584
rock_632
mush_686
worms_540
charm_700
mold_640
strings_579
mush_728
rock_700
mold_660
strings_333
mold_496
dirt_420
mush_860
worms_812
mold_693
mush_825
strings_775
worms_782
strings_792
mush_738
worms_837
lint_846
charm_657
pebble_871
worms_862
dirt_811
charm_862
rock_856
rock_855
rock_909
pebble_808
lint_926
lint_610
pebble_672
strings_916
charm_981
dirt_862
mush_985
rock_959
pebble_990
worms_1445
charm_1007
pebble_953
pebble_1662
rock_919
hair_1403
mold_687
lint_1714
dirt_1320
charm_921
rock_1787
dirt_1617
pebble_1746
strings_1477
dirt_1847
hair_1474
pebble_1158
cleaver_2478
strings_1772
lint_1763
pebble_1493
rock_1018
worms_1687
mold_1654
mush_1650
rock_134
mush_1876
mush_209
dirt_1559
mold_1033
dirt_252
hair_1838
hair_267
strings_253
charm_361
lint_297
charm_107
strings_293
rock_349
charm_9
dirt_263
pebble_497
mush_403
worms_560
lint_509
mold_894
mold_529
lint_413
mush_1576
lint_475
mush_770
hair_1314
rock_608
pebble_594
worms_643
strings_351
pebble_471
rock_806
mold_817
pebble_806
strings_815
dirt_810
pebble_1536
mush_1427
pebble_852
dirt_1548
mold_940
dirt_655
rock_1663
charm_689
charm_1592
rock_1801
charm_1761
rock_1853
mold_1853
hair_774
ham_822
charm_1602
canofants_1492
mold_1092
rock_1276
pebble_1552
worms_1759
dirt_1854
gravy_1766
canofbeans_1031
mold_179
hair_1324
mold_825
lint_333
hat_1536
ham_1752
pebble_500
strings_435
mush_330
mush_939
worms_910
lint_1301
mush_1299
hair_1223
pebble_1374
pebble_866
mush_1262
dirt_1495
phonograph_1576
lint_1395
pebble_1821
strings_1195
strings_1616
rock_1907
hair_1890
lint_1461
mold_1198
rock_1266
dirt_1911
rock_969
mold_1786
mush_1646
strings_1332
cleaver_1820
dirt_1564
rock_29
gravy_1678
strings_24
lint_1466
lint_1887
hair_37
mush_1958
strings_1780
lint_70
worms_97
lint_68
brandy_529
worms_1438
rock_124
mold_39
charm_78
rock_131
charm_43
mold_19
heartofgold_2414
mush_175
mold_117
rock_183
dirt_194
strings_128
mush_252
strings_191
pebble_137
dirt_140
strings_237
dirt_264
worms_230
mold_106
strings_122
worms_365
dirt_359
dirt_345
strings_102
dirt_200
rock_157
pebble_205
mold_402
mush_392
worms_410
hair_339
hair_411
lint_339
pebble_314
mold_432
worms_458
pebble_284
rock_394
hair_325
rock_477
dirt_485
dirt_491
pebble_483
rock_465
dirt_499
mold_527
hair_538
worms_586
mold_447
mush_527
strings_362
hair_607
lint_586
rock_418
lint_588
pebble_425
mold_523
charm_728
mush_380
lint_659
dirt_675
rock_590
strings_671
lint_717
mush_595
lint_723
worms_769
charm_806
worms_791
worms_661
mush_891
mold_593
mush_815
rock_816
charm_802
pebble_742
dirt_638
dirt_849
mold_867
mush_1007
mush_989
rock_882
lint_972
lint_867
lint_745
worms_1028
dirt_939
pebble_760
worms_885
pebble_961
mush_957
lint_1019
rock_1101
mush_1125
charm_1048
lint_1193
dirt_1088
hair_1037
strings_1087
pebble_1073
worms_825
mold_1155
rock_1003
hair_1309
charm_1201
dirt_1143
strings_1414
rock_1282
lint_1438
rock_1532
hair_1168
mush_1224
rock_1193
dirt_1594
lint_1374
charm_1661
charm_1477
dirt_1586
rock_1690
lint_1820
hair_1306
dirt_1091
lint_1862
worms_1815
rock_1747
lint_1727
pebble_1921
lint_1881
lint_1963
dirt_1671
mold_1633
mush_1705
hair_1936
dirt_1424
mush_2067
charm_1835
pebble_2082
lint_1628
charm_1975
rock_2030
mush_2141
rock_1792
mush_2330
lint_1994
charm_1989
rock_2330
lint_2600
dirt_2242
mold_2549
mush_2337
worms_2407
rock_2415
strings_2322
charm_2739
mush_2003
pebble_2667
lint_2770
lint_2848
gold_1022
strings_2558
charm_2330
ham_644
worms_2497
ham_915
mold_1686
dirt_1460
cleaver_372
mold_2799
mold_234
mold_258
pebble_2916
charm_2826
hair_51
rock_511
gold_1269
mush_1718
mold_1407
pebble_250
charm_366
hair_943
hair_2919
ham_1143
dirt_998
hair_394
rock_987
charm_651
worms_38
worms_1367
mold_1256
charm_1211
worms_1675
pebble_963
mold_1598
gold_139
brandy_2207
dirt_739
worms_1216
dirt_699
rock_90
worms_145
dirt_124
lint_1469
gravy_534
worms_402
pebble_221
gravy_1849
lint_111
hair_386
pebble_206
lint_2040
strings_219
mold_275
dirt_452
rock_370
charm_542
pebble_423
worms_443
worms_690
worms_43
dirt_691
hair_535
pebble_469
strings_429
rock_541
lint_691
strings_551
dirt_478
strings_870
hair_813
hair_817
pebble_967
rock_982
hair_715
