13877
89329
37031
4260
32794
71941
72987
2428
69778
77755
69419
88354
86758
44933
60534
81400
59555
50561
96433
49594
874
61886
74093
10144
85075
76983
62950
17414
73295
50954
24188
13651
38490
58115
25836
78818
45210
70061
39171
60048
52058
76672
50086
20856
91700
50653
32896
45001
63275
42008
64841
89125
46816
39014
62216
93079
69375
94079
89321
15139
3602
38555
14753
2976
15346
33583
66216
68769
86439
9107
61106
92658
5039
51264
77616
25889
68105
74004
10103
79934
64333
87166
67610
71447
30726
93290
64476
78351
49442
51157
15271
54082
66362
38497
57139
21948
70969
93363
38396
12357
95364
75726
22857
45885
24898
85970
53997
33419
4222
17904
71350
29743
89054
13762
18329
43533
53403
43191
88237
78911
79922
14202
66930
6197
29001
15008
49733
23462
90332
47564
77970
93259
82780
2745
35037
19674
82219
52255
14992
86768
84499
95278
13420
44460
24274
24758
39092
9708
36835
64427
46727
6582
94097
44687
5119
36113
1186
97884
297
56451
75505
7336
32914
41733
6896
14394
98573
83893
92082
83521
50835
40765
91588
9112
14134
32080
69695
81269
68683
137
13024
86183
6605
14181
61156
20446
68954
14630
6451
6591
3899
61814
76210
85363
75469
23798
89322
35428
43231
92315
82072
32018
5697
83597
81598
39802
61609
26821
11668
4394
47365
70570
80170
71563
21789
75662
38656
77059
65446
72533
58283
2117
72429
7533
54134
60025
34739
4809
59160
67431
8562
40689
46516
58067
73393
90202
28213
57161
97019
97410
16384
11243
44964
94373
99556
90810
72924
61781
59068
75487
56458
96097
62975
97072
98925
61082
10838
93926
788
12127
69154
55265
63464
29637
10360
62109
86747
97077
53833
98584
51839
74701
5437
34364
69880
11485
89116
23648
41803
51648
46784
72669
13903
10676
50695
89911
69435
44981
68012
16885
6810
51465
60744
9304
27214
70360
89535
16858
43439
62570
1197
37252
20569
78519
26352
96313
26794
21757
18786
53679
70895
65333
30983
96622
69648
33147
41509
25063
7154
94256
79866
6579
43926
40681
65839
83474
83410
24714
51718
49317
66387
9829
27527
55959
43876
95565
89639
52634
96558
23384
70927
9138
22150
84273
50307
79538
68758
53243
12989
93216
77215
69350
55033
10959
94197
10777
67126
49655
51411
92342
78569
21707
80941
10361
63452
581
34978
94208
72238
23822
19003
99569
15040
62666
28842
24175
45055
58282
28869
12621
98472
99535
33837
87020
77564
82197
16507
57567
9899
86074
5197
47302
78725
85623
42478
2812
22621
38814
68252
84995
15547
37690
29661
80110
14910
10637
79477
35591
60125
78697
69328
38839
94771
91631
31094
94760
18564
43946
21891
99748
12130
16077
88107
12943
59152
51042
36203
74737
90785
49387
77470
27882
42157
86363
65673
10673
66909
41576
55629
83808
18166
33453
90914
97017
26461
84440
30036
653
59057
90248
20524
61157
82469
24864
58062
4688
84990
70067
38917
9413
73116
9300
62479
86656
88658
92883
87435
68728
47764
82543
86195
21601
38383
44967
43336
98300
38858
32265
19432
56260
63530
16872
10614
33715
4028
75624
20835
34151
33154
71874
10851
72552
72569
28162
26576
52665
37165
59877
96402
49401
9610
72670
45795
83982
83863
68671
44535
82823
44158
11778
38078
77397
40184
26304
27970
18163
96472
38193
29612
67128
90600
38408
13901
33265
76036
64116
78390
54450
83616
37649
9047
42358
6360
47462
52256
2571
69308
18550
89470
35485
25043
10604
96786
83641
93174
23289
66299
6247
88900
18899
2457
26570
25478
53383
66405
75034
54152
98590
83857
66530
42213
55140
4424
92758
51864
23531
61086
2757
87342
11907
13014
72044
33385
59302
39884
42951
85604
65290
10265
78453
22385
47299
97614
34529
88429
55387
44477
53168
13458
82111
33698
27106
77933
12487
17080
35709
86753
93021
4134
10647
31941
22553
97398
335
57362
9411
75087
63956
43492
47710
40262
60416
88785
6787
68896
11271
13512
18498
38924
45692
85915
59198
63839
49841
32758
75471
23601
19019
69301
80061
86500
1813
71161
74010
939
39791
92709
82620
69189
20593
31886
44229
32681
35056
59748
42333
88064
27839
39830
46712
83621
44935
45482
41281
56182
28756
91203
92755
93102
60346
49410
52682
95269
67929
89737
88370
83348
70550
41130
91596
50635
81154
69251
81308
4379
48392
18383
54297
45373
46067
47671
2261
78880
92869
88161
83198
4933
24106
88741
69051
54951
58848
57935
96443
23223
28858
79417
8466
51819
28653
57119
50726
35115
94880
12702
47532
43895
99113
66041
48001
31821
64405
4289
10483
32178
17628
19349
64856
72937
71259
25108
71564
92030
83631
12945
942
70917
89162
88583
5913
69998
28028
926
51028
34541
4159
99019
80741
97211
61449
13401
69851
79838
18300
80584
65548
16530
36593
9244
76425
67118
50824
82175
39618
7798
84345
49657
21294
61908
59995
44011
22783
3914
38865
75279
16670
45909
13292
57752
89412
41965
43247
43039
2694
72958
50775
75802
26765
56033
64367
35094
95206
38346
71304
13183
38986
95159
59087
1591
16184
53242
57841
92071
60753
7732
84145
30125
50074
29074
70431
26534
66914
77828
10873
6791
44825
59634
20987
10188
17275
74622
80534
32430
82577
21900
42491
82134
13667
39157
46243
56034
25711
89439
96821
25068
79191
62767
59580
30402
79465
58584
97030
89053
51109
53909
1066
14677
14200
33552
98658
95562
18771
39797
81730
28275
92332
11071
54264
84789
24939
49214
21325
52195
34451
18068
91232
89668
64407
17368
77723
1097
61904
73767
27391
70991
9470
40376
95880
4404
46903
44391
58794
9819
39452
34714
88295
71104
89396
28579
40152
56529
61322
2011
33161
11963
78090
36791
19027
10394
27626
1506
41702
55573
62780
30548
31672
15730
43381
66398
1363
99241
87455
29311
27575
19725
66599
76900
84725
67408
75
10608
87877
13268
43763
6369
90705
42450
42674
99828
52335
98548
38916
67143
6767
74519
49925
92219
88168
84694
34580
93420
71997
82247
4522
12354
9464
27293
61375
51199
93934
74304
18954
96323
36968
81198
43591
73086
61244
70531
50918
59830
27806
32988
9858
11412
87313
79336
5054
88440
54066
238
36581
93704
81005
21369
10490
41128
82683
19022
25395
32500
37416
79793
98020
5468
16363
42887
52958
36714
76294
3182
15656
40730
28829
75795
24089
52545
64092
41927
58333
12159
22361
1480
90649
22602
85484
94827
15400
16255
39920
78711
28193
40440
54014
85109
9993
68993
4447
82927
44526
81371
1587
20054
67255
13317
29713
66867
85211
74494
4374
64292
19961
606
5130
15287
12891
73903
36907
32691
53736
64109
71964
3352
71186
96845
31219
68640
22979
57856
14547
8865
89464
59812
83281
54549
41905
34316
77413
19621
81316
6881
16898
82945
43041
33243
26483
89507
89174
92595
80115
87170
65857
16582
6394
8064
70073
17180
77869
51765
3118
14924
57677
67932
1376
70616
91517
15920
54542
92998
59298
48425
30066
7281
54
64986
27719
95592
18946
16176
50282
43752
52820
94853
18085
65887
82088
55520
83649
47616
23565
75831
43401
85112
25502
99908
68002
15272
61249
37076
96449
7220
35288
53352
80052
88671
31407
48731
71023
21056
49670
98818
64553
88920
3963
8524
32591
41713
73350
91037
45430
55523
26733
67970
54379
46068
69229
15865
35271
38581
85945
16287
40005
43704
14165
6321
50539
70250
88219
51489
51433
12753
92271
72618
75077
63902
79945
50977
71980
50843
7495
24243
98850
22010
52880
19988
28621
92684
97053
96573
94892
53299
40285
636
14984
35061
34699
50734
89688
49583
52268
2866
11028
74196
43400
69453
56550
29088
49277
77036
73786
75351
80607
92897
19343
75912
44719
57568
22904
8488
70693
11219
42602
81652
99607
47261
46846
37238
36831
77660
51398
71454
8631
98442
76823
95874
50158
27530
4889
6802
67153
95408
32604
26774
68564
8892
59295
92787
69177
60021
41050
54536
3081
99752
93351
27478
87858
15885
15867
44733
18357
91119
34181
10459
68213
40120
72857
83032
57625
516
79848
28860
71277
55051
2493
61881
75086
94337
89144
74158
16915
92545
37700
81567
91035
24401
60382
57444
63858
10134
50386
48815
14719
76775
94947
47403
85682
11121
85291
70251
48390
57
1561
11355
33616
36346
59433
9541
13880
81117
21673
81524
56209
66792
93629
78638
5801
97366
13558
78752
95931
95406
56004
33918
28330
90099
44798
21792
79472
90242
78207
32004
35636
72685
53514
33173
10196
6216
12785
41621
70429
26975
62306
6324
21163
28375
55780
24785
44844
42700
9445
80294
45859
20025
79490
410
76825
4842
94297
7099
97808
23015
29302
89313
7347
54218
86058
38609
60548
86409
47881
27633
41530
71881
96951
48637
67814
48631
51343
29838
56859
61802
9495
59525
469
97929
71381
10234
55056
94989
72571
73533
21961
49576
32895
9788
8465
25664
51861
32172
82710
16762
45459
29679
18791
17827
9539
66959
9876
6700
46650
90532
20439
78782
43482
7221
68804
69687
97129
73955
41398
72470
92610
61613
82520
44267
2538
54711
44583
43011
79309
79037
27178
18272
58994
52542
45005
60085
32384
35420
13506
93870
61252
98862
94741
22140
38845
93184
88399
11432
70132
32154
67127
23860
38726
40384
93633
8425
2728
33229
40988
46872
89052
37443
26445
22191
90483
66349
76213
6686
53745
42267
43362
26506
4559
48009
82118
24233
28624
76918
76704
62476
80086
79534
17878
20372
33366
13166
75251
8240
2688
38222
3892
70087
2762
60386
16742
58504
77115
99701
50911
16519
37563
53979
49806
90643
67484
8800
4228
20823
32873
8797
88955
84746
59572
39514
74315
35046
73374
66174
4460
61834
19422
59215
44054
24140
63666
34467
26384
2461
84000
42699
32378
79991
77286
25422
37070
6424
32897
36792
22891
67475
91646
47047
88683
38084
82161
81988
40664
69877
38526
74716
62183
17511
43716
85516
12031
71690
37713
79005
26262
44802
92830
1468
88059
84370
50666
42393
154
191
47801
41162
11033
8521
28671
85420
56812
30417
34322
29036
58064
72546
67306
43906
96943
99566
59560
92409
39524
48219
21830
41816
6303
73934
56129
96356
94205
29281
3122
38492
95896
16288
39575
48537
28502
64581
16281
96109
20418
33806
22687
9272
74740
52553
8901
95425
20773
97075
95167
25873
66043
72008
30345
17175
8827
670
31110
94843
39643
13215
41216
6727
11890
51238
62813
81805
29903
25076
3579
70246
36973
88153
82145
53294
13087
28076
67483
84513
505
17885
40327
33719
22733
61932
4035
13397
73517
75055
56100
15157
74199
45094
25990
39057
4479
74521
18246
7799
42808
45011
74409
38472
89859
66495
40030
73264
53005
51442
23255
59054
89023
19395
70622
22097
95778
63997
83072
72393
57268
16635
49821
95722
33230
68436
50997
15894
64205
35541
26658
22836
38837
12255
17760
22035
2671
57899
67138
9103
46396
84016
45977
34420
91935
47773
45293
60091
15751
40380
80851
56143
82198
90687
58953
17725
42279
4032
83280
63409
77
90189
35490
12541
95033
87481
95843
30991
25201
88250
82187
72003
26098
66100
83041
81326
79958
60299
7246
2795
52497
43425
28291
50212
95554
29203
37955
18664
33266
57240
50105
64814
85991
46159
97546
64902
57847
41993
71343
29791
69543
11293
7767
20135
71716
94127
3391
14897
20812
71904
28910
57474
64973
3964
68082
16031
71494
19368
21580
35437
79370
57174
42233
24470
78594
80931
94674
32811
59444
53558
66403
74411
44726
2546
49742
15941
36333
81284
26484
99111
95298
47338
70907
45543
3722
29516
74541
78953
84658
7342
91252
21170
2832
26762
69282
2151
90872
87968
88243
86067
15982
42908
69715
88500
85505
52878
4733
8367
89584
93470
37673
74048
57219
22042
762
78580
68584
91476
93854
25879
39295
21272
58688
56571
88668
34271
6706
10499
38227
109
31422
66711
29100
7815
26939
27645
98987
69516
38226
16615
70921
8338
96116
28959
18409
10732
53434
90752
95255
71811
24024
90174
42060
23546
33958
82386
60
38137
54507
84728
34773
18311
20220
28895
98591
80903
47806
70487
96727
37053
71929
16948
21718
98108
42781
42452
80798
14770
48041
58743
36407
49346
8761
44361
62795
31313
83766
24812
33907
21507
87656
68400
78420
10453
82537
39657
21662
18403
85495
54246
72969
84687
4192
9358
52219
53931
62913
46792
8144
25822
55362
77956
31976
47692
12662
91120
51580
70078
19503
31545
46145
94998
63583
51856
77760
41061
52414
12648
85305
48482
52840
45325
37697
38523
54778
54858
44750
47367
16057
33492
97265
11206
85994
47905
18384
62036
92685
94840
30428
35985
92223
90976
31847
40439
62987
84620
95014
45889
2498
93334
77231
81317
32697
38462
42568
45038
97666
30545
49795
55401
90571
35283
17990
24555
72351
86771
34256
99449
23499
80783
22313
14623
11369
90567
90839
11171
79589
99969
22545
42749
92260
32804
44224
92016
3909
38629
62318
93121
25825
40555
41577
5293
89326
41535
88448
59035
69084
1593
23125
76948
7516
92455
42255
16566
1335
84230
6599
82809
97224
88016
35246
20504
84501
93388
56378
31335
46995
43114
74773
51391
15715
82847
63682
89575
64184
14307
56128
53741
20692
10362
40480
25114
56554
11017
87432
29508
43827
97255
28003
37460
9855
29566
31691
92780
15043
31091
49570
98022
41247
96974
69511
49506
1064
99393
17329
99966
86173
81245
25647
43566
46094
26032
85304
95795
12108
77651
84304
64997
57408
62027
50606
62897
86766
57952
12410
66130
8785
25144
75242
97098
12043
1195
69067
83738
1301
3610
72757
55828
67281
75713
31767
98443
21510
36513
93799
35049
76343
82025
25838
66836
92150
40059
91757
10677
65494
81783
91852
61664
51252
10616
92619
53018
96856
71468
43339
94165
76933
51047
13006
25667
96657
29489
3372
84057
52070
61472
98114
93469
81138
38565
60131
94785
46129
9122
7073
39936
4401
45518
508
55604
12472
66057
40472
27631
83308
58564
87273
17603
90680
37231
16225
92761
67598
47011
44847
48830
99195
3679
71095
63775
98486
97379
72241
22923
22711
9801
81892
51210
81942
46510
41843
2028
53310
29716
97607
72871
36668
73757
15516
72511
51494
92255
99075
79959
32799
66799
77560
97223
40212
67068
81482
11039
1052
28932
58223
5115
21964
3297
43424
44244
4672
13852
83932
65340
38162
95412
9758
6445
68960
69922
88203
38064
70847
28897
41217
22425
21106
99291
10540
85362
43182
59418
4890
153
25102
62386
12291
33490
14592
9303
85442
41063
80788
90411
32331
30120
16660
26979
7930
36184
47870
25978
38505
49596
94110
72986
49658
13074
34984
89294
64497
47275
42792
95367
63027
12591
93088
52009
45858
56015
74748
83782
13224
68234
80146
29930
93916
37566
90955
79147
88483
90788
79514
28488
15548
94095
86264
47688
92924
15914
65999
9577
95670
72028
39011
10970
62566
61650
19293
11493
48459
53841
16326
21044
62647
51501
81855
6550
62165
76366
84528
47331
77334
36651
2429
58888
26677
9250
6211
52403
62929
86218
33574
10982
30762
71697
13358
56654
31500
15726
1484
68864
24143
26520
71323
81968
31199
28660
95952
84086
27325
61459
30652
87722
60018
96430
33650
3280
81356
22365
45504
66207
68813
38906
23127
30563
60119
30300
10686
96197
91392
97537
68126
60522
49609
83535
12741
58695
21282
20213
5642
61144
93404
94804
28789
47061
30842
15893
14168
7125
31099
34561
29578
43017
9039
54612
13188
27071
77832
55543
96501
94164
37779
64484
93339
37278
33426
9624
68521
28566
56803
25101
47586
35201
49675
33375
12004
34694
6809
69586
30731
79756
62340
87641
18604
70455
22669
77272
45032
20146
45562
19989
74269
7583
23816
75869
59909
13731
50970
50361
79478
44194
42945
98419
19909
10700
33402
65903
25439
33673
82065
23998
98054
74284
26214
48800
23876
33040
26599
52949
2576
12169
61383
37164
57855
45603
56282
69062
43310
74187
95601
77350
21584
39902
94436
59974
35160
13312
46945
24114
998
69395
3842
6513
35102
20335
70325
13034
59997
44536
74103
67534
34783
77440
56772
17501
12403
82345
18020
12666
12089
40687
13145
33724
26030
9266
54670
1528
90058
64076
69191
2454
6961
21637
58404
25430
78368
23589
26315
73174
75458
50292
50036
83828
37056
95569
17869
3424
63317
18897
70318
83009
28966
16512
34716
75782
57015
29084
5319
12212
49663
15081
51420
34138
15454
35773
71656
56923
3251
9770
52003
2752
77345
31068
63691
33946
76938
61561
701
52061
89999
9686
22312
38005
50971
94877
9247
55581
22575
40341
72922
21010
38896
23540
