7yIQmtyA
HtyIhEHX
HOKlZ2tb
YJSeqU7d
ijqnhicz
euRk4xnI
aejvs_xH
mZbdo4wi
Cb_olPUr
8GD2bjCN
2jaNR8xC
pcp5GpKG
XA3RquzV
J10Zwy9B
5VvB4edy
AMl3LjGq
AeIZQnzM
OL1PitWD
NvYnzppt
5zw9uguT
N9CrrCZt
UqVy_oS_
CQhv1x5X
n_yha8tg
8xMuYrQ5
cnoZbLVo
bxRbmdm3
q_NbxImZ
8QwhdWAA
eTW9Ng39
JRdj8OsI
uK1RixYZ
1ShYQNkm
8qDlOQao
ymf7dJCE
q9JSLHOc
UMwYiJ2Z
FYg2siFb
j2etVA2X
cmtnfUhj
GU22cVZ6
amTUf8KD
hm1TlHbR
mcb8bXg8
jSATQ0uk
YYTzH8iF
IRuJkkJV
tSA1Qv3c
bNGhe3ni
Nx2PjxV7
MttGxn1S
UjmkfXq5
cTdf3Jwt
gwUNAcw4
xUIOw3Tr
5hGh_lzo
9jgMK5Eb
kcV2oji_
fufr1Z3P
GOZrq5v2
Wh88Slfy
xmTkcUk9
iGVEFEew
U6WlDeT4
NWevmrXM
pFlWW6wx
s3KnSr57
YR8wMN20
P7yhI3uB
xKcBSrWi
CVxBDQTg
X1iy_I5q
1E6qSZ73
D9HSquDi
7FLMO7rt
34E2x6vg
_y4soGpA
uMZPRU7w
Y9YFYr3E
Mzj5dTT9
guUM2RkV
pIgwuYGt
ZpbBxhWe
FFnRa1G2
KTCFclr7
8fzF6S2S
knCER3Pz
VrYVv9GU
RDKfRf3k
2CU5b1Vp
1BsatF7d
EiHkqlzb
dE8tgb6Q
JU4ZjCtu
IKCnE_JG
KZCK0ml1
ubgoJMIK
THFSHjgA
qyRJ88z4
uTzn2TO9
_uOcYgGt
wdHh0jjC
fKVpS8Ck
Rhdfrrab
r_xTZzuB
2FAbVK5r
GS3rYFEv
DLkTuOJH
hdmFqrgS
xvnJrLq5
DB32WLgW
HaD6v51N
5YMhNQiW
yg8MQCuW
vZgX6w44
n0uJZvqd
ubmUdzFY
