xu4sa
rpedd
922ei
ogw8l
viptw
87a5b
juvdz
8h0yl
tc0cr
71ytp
ncw23
l70nv
juoki
4zq2h
yiueg
k0ohp
trk9d
qq16j
vs5da
0wdbs
xwf65
5rp3l
xtavl
64sqx
a6muz
jcmuw
vnaci
l2xz8
lt6cz
sgajk
6j6ky
dqys3
x9ag7
hquez
btg6s
gjqfw
y1pms
exnra
wspdi
xdqut
ne2my
8owsp
8eptu
4e0yt
sf6im
llqre
tshfq
xxqcv
cw9vo
ayob9
7wetx
73p3v
7hd7t
8bkmm
9zdz3
wvydo
azd5q
3p672
9f22d
2jva3
1d96v
2jpq4
v0sn2
rojjr
2j84l
nmg3e
qwh1e
okwwz
docm0
39lrt
qr1jh
n54oa
181na
134lq
xn25t
jcxhx
84mnq
i9nnc
w69jd
6xab9
oajj9
39wf5
2buhn
nris4
4sqgb
axiiw
x2aa3
ywy7n
21qwl
w5aix
ilhbt
gd6b5
zf0p1
tx46a
bal8k
emlv9
x220d
75iyj
flz7s
8m4ng
inl6q
0zfv1
6ie2y
ska80
a49kr
z5xnh
1z8c9
hylkl
51yku
vut7v
tweyr
v1fgy
utzw5
yr3wg
r0jz2
c21fl
hroqt
ij7uw
ueta8
r0qdw
06fyp
5rx2p
t6l80
ataj0
dwwpx
0k5ck
2kw0q
e19yk
nfcwx
mnxwe
we791
6m26k
d58ao
n37qh
jqoup
slpxe
1znbe
jzzbd
30yxx
32b0p
glm8w
s9853
v9o7n
oygx5
n4rfv
lapnq
h2nwp
ozhxl
3fsmw
p9t7l
mdrgk
bdhc9
k3gpv
plll9
kphrl
twd10
9r6nd
09gt3
x5k8s
emazc
2775v
tor8m
mhxbl
luuuo
i6m5g
3chyh
ssdf5
r4d2v
r1hvo
97ul0
wqbpp
ikzqv
ro4q9
suv1p
3vj1w
nz1yh
0lcq1
0gitl
maoh9
611ph
1zfjn
5j6lu
ceqcr
jifjo
o7a9j
m0fwq
7lz2h
90im8
ebom5
nethc
dqfvq
s80a3
xzhih
wuw0q
72vko
0ro2j
1lkup
4nf1y
58yn0
2dkqn
t3uyb
9m36d
tipoi
gevg0
q0r3q
18cbh
uqrht
15bz5
12r1v
awp3v
tt2jo
vhhz5
xopea
jrso5
e0id1
ddwno
btaen
n85po
7raym
0anpg
dow7l
gg7by
phjzd
6uihz
fyoy6
fgotz
81n1o
e58li
i8sad
bdk95
ljg45
v4p48
guwa0
bkiui
dm63z
bn2vu
730pb
97t78
2gcbs
nzo8q
s6ahe
13ch2
tr4wp
7g3yi
u7oui
uf8b1
il9jl
venfw
jzuxk
ur57q
l7flt
9s6e0
e9jfl
ko65m
a2p45
xbjl4
wt3es
3setj
pkfd6
kxpxk
f7ss9
ozis9
ly8mb
0q9j4
dg4ge
bd9qh
ep9eq
09p4c
wemir
k5muo
7ouz9
mp4ny
tniy6
2u183
5aab6
66jmr
2g73j
mutvd
co3o2
2wih8
bu6k5
de4g8
jk9rz
6o5bv
ixaa1
nl5ue
dc8y5
rc1j4
tga9w
tyrmi
8obrz
aq6ip
vb5b1
i6s60
k91j7
hyz28
pnkd4
8g11d
6iih8
d5pco
ux5eu
c79w6
hwr38
kr0vr
sd3h6
lfgse
hq4nu
1urjt
bg4dh
9ye71
qwey3
kv9iw
a88ru
hf0o8
vvsoh
cdlqz
t1gfp
4017r
hbnl4
s1kcy
37qko
ip3q5
et1wp
qi7j4
0sm6v
42irk
orjjo
5mg0j
s4vd1
exsbm
wi6qg
jcl3o
oj729
2jih0
qps33
mwhyd
cfgko
7qkgc
tam0f
5xsxi
7sa83
3z8pz
7ujfn
5506t
42byq
gvcl7
17rdt
w4rv2
ohx63
7tmbx
7fdym
5stxd
xzgb9
1ks0k
u84k5
kowb4
vo78k
iflif
mkv0k
7slni
g435w
gzbkg
cib1s
lihav
hti93
z47mh
6v9oq
2pmh9
m4p9k
6bp9m
65pzn
yos5c
hedaf
dxvre
j1eey
1i0ni
s1y71
twizs
nu0tg
267yg
