5EBBWTM
P5NWGJF
H4UOM7Y
WJYRKY4
OWR0PD0
01XY3R8
E9X0IE5
981HBJU
N7O15NY
FYZ1W1K
7ZQ4C9L
XH8ZMTI
J1O869R
X6N0DXV
MWTXWT8
ZHRF4O6
3SSCM7P
WKLQKUS
6AI93C5
P2LRKKK
JHBZFQW
S6T5Q4X
WHX98KB
UQV5B87
CUTR3J5
OLOQSL9
E6X8JNU
GJ0HYKB
8QN306X
WGKT3X5
20IBL8Z
848FNZ7
13UZ8DF
VHF7XHA
2NESHEV
EIPK1Z2
RO1T5Q2
NLZEC82
FMTP01K
U5P84DZ
JG49BE1
GQ9V6PH
UIUYKFC
CLPHUYM
AYJNC3G
UOEYUCD
6YR6KNT
VFSIZYA
FF7PWD9
IAG8O8F
HQ1UO7B
R1LHNK1
6RH49VP
WKM3MSS
TVSPYUD
DIGG4JN
UD5C0YC
G3P37T2
X8M1GD3
CJIVYT8
OMJSOI4
KRNNRKM
G667KI5
FB0P025
7HEKSCC
TFWXUZ9
R1C7NRA
VDAXLO7
5B0FFGG
39X141U
9034AE2
RCV74Q0
B228ICP
XEVWLD8
436EQXA
AQ1M1BO
QNLZGI1
YXDDEJ7
3ZGEC6E
JQBRWMO
UQY2S6D
275K46V
H5MCPEX
I154H2R
HP9QQQB
5NF6DR1
5L1OQJI
7D4IF4P
EYYX47G
DGJ0P40
DM3PWXZ
JMWYB1L
IK3C9Y5
EEW72VA
4WQQMGM
XA7M0J6
7TZBNXH
5VSQBN9
UOZ2ZJM
CY71PGI
LCIQ7YQ
64W5535
V3NFSNY
B8BMYHW
B9WEPJK
SQBTGHW
E9PPF9V
VH85VIT
8DD5QTH
I610GWP
MHY90N0
NBZZFXC
7182Z1P
G6BRXTI
SPWQKAK
S46N73R
OFGQNYB
OLERS3T
T3D5ZO3
HPNM26A
MFRCKK5
T6FBO1C
QJ3CS1B
AJYIQOG
Z58VLZ0
5THR4GJ
ASPRZJY
JGJSMMB
B4OJIKZ
S2J7GN0
HNH6OSP
ZHLIO9L
R6O6IYW
8QBSNTY
03Y7D5S
9770FX8
YZQP8Z1
R33R3YB
2QKXOXT
2QYONYI
UM6QVUG
5JWDWA1
9LOKO86
QYVTHO9
AS3PTXN
E6PHAAD
WFLHWY2
HT9JHGA
89QQ0J4
4Y0LDKS
DTPHWFN
09J6H5W
6JCVPQM
OGWQIKH
OR04VNX
2A0IJ36
ZX62F2Q
NL03MVM
7MRLJZC
W3YNO10
0FUZQVV
JZPLQDA
VB8MI79
MT1FD8Q
ZK8F3KJ
A2J70CZ
E01S2V9
4VSRXTP
3ZLZ065
WE9IXWG
XGCMURA
EXRUC1P
DTWMAPZ
4P4NC2S
DH7FOBQ
ZF88LNO
WRYMD8W
UV0FTKX
GFZETTK
R4AP2Y1
NQS0481
GOV4U07
2ESGHC4
QUU9EFV
TVPXSUO
IJYQR7T
DBV0TG1
LTDH25L
O07KUV1
V4LZ25A
HEVSR36
XPTQEKP
QWVT6OK
RXJ0IQU
P7GOM5R
IP1COEI
R8JFWM5
89TWZ09
K9N6XIW
IGQ61J0
B1F48MC
RGMPNJ7
ERFXOLL
5ZK1CT6
I55E6VX
JSYMS2R
VBCD9GN
BLUSYZD
2VPPQF3
CCZBCDB
8H217XQ
8FXLXDO
9DN8Y2V
H8MEWF2
V51E6XG
AP0AS7Y
AAHWHGE
6HBISYW
H8K0TN4
ZEH8NVJ
37K6EI9
BUGMHOY
VTVP1U0
AYUP8CQ
NHZ2E5V
K0S1F2X
L21GFET
8MVMERY
0ZI4WYK
80GBT10
BJ4JZ06
K2U66Q1
K6HMCB4
11ZB76G
L67HY2N
4AYD545
6E8KBTX
DNCRN0H
R6IC3BG
R543E3I
N5Z4T38
ACVX0T3
61TODIK
18Z6FRU
K2OER8N
3HZ2F3J
W6C57QF
OUFMLHW
C7FHEPA
14QA9WF
GE9AN2T
9TD44F8
OL3OR6E
TWSX3YF
7LIEPSA
MDX4SVM
AK8FL8C
T15NG22
H1ATH7A
E1KYT07
ZLAK4PM
O8F0N42
448XX64
6WGW0QP
XO9VOHJ
QK8O80Z
WUA5HN7
FA82J9V
D2RWW7G
2PJDQSG
8JZFS7P
ZANXRXX
BE3EXIB
DF1H4UE
FQ4AEB1
5D8CIUS
X15NZJZ
4EJIK4M
SB0PTB8
XSXQUUL
ADMEVC3
YOSFFVX
0Y61P5O
69SGMY6
4HVB0AZ
9YRQ8UK
D9VPEFI
LSY8J6D
EMTUR4N
R1Q2FTB
8PWMJU8
7WCDA41
UDLUH82
DL73RWX
I805WIK
W8UTSPK
BA0VG7D
GSIH9YO
UVYA264
C03V7EX
B94RSSM
3POAIKK
5NLUD7H
SY6KUQZ
FKL7N12
L04QCG8
2PMPZ26
1285SEU
86UQ2B7
7UB5KQC
5VSZIDI
OUC54V9
VQBRC2Z
JDT0VPS
GIKTUFZ
IJ09RMG
B0CVNPZ
UJVY5O2
F8D9SOA
0G73PRV
PKBBSAN
XHD1JII
DCVAFEH
KOTYSV7
0FZ99WI
JTH9JAT
GEQ5F5B
2FE8EOH
1NZ3DF9
NWKJDYL
SBQIV7Z
D64KAAD
7M3DRSQ
DHA7MV5
IJLOKYG
GS2RGYS
XDWOQ5J
4KM9CGY
UUVXL5U
N0OMZCG
A75NC2W
HVFJI9Z
J81OF7Z
Q590DGA
9TJ8DTN
2TL1JWE
9F5SGN1
2H3LFVS
TXWFEH0
YRFJT3P
WXQSLJY
I4VM1H5
B8FPQ4K
MT3SJYX
VG7OYBK
3KKA2DF
MYCLYMC
J7B5JLL
FSUCLFJ
YB0BDOP
UKID7WY
SH6BCA3
GZXQ8DB
T199RH0
24DCKEW
BFPUJ0V
WIWWHQD
HSUHQIE
ZIKY2EL
UW96U7S
FOZO4L8
5FDTVWQ
2R0ZX0U
M1PYZFV
XEAV73A
6285YI9
JQPTO06
YU3MUUK
T5X0QE6
GUJ2CC8
WXL2XZF
I86L4VW
5ORMRNX
EOVMKW9
Y2LGFNN
HDJV4UZ
MZX7MFS
VBOGPT9
IB1MJFU
2UYI63E
48QTRJF
IVRKCK1
J1SGVLS
EM7DR7P
YMOW8NO
5CIHYJB
W80D3PJ
QPUWK2B
SCY4VPG
U8LJ34C
MQUMGDI
7IYT5M4
MFFI6CB
FNW13ZW
ZW17QX2
OIPNNR4
S3UWEH1
ULFFXYV
5PR0WUM
8KELJLQ
4CDWV22
LVKXFIR
GQ5IDJW
IYL6W8N
YZMJKG6
6N6FZJ7
09H4E00
2I3KSU6
TSJ7DTW
E7WQG0G
SCRZEHE
9IVE3JV
F9BGEMY
URH6NNL
IXBZDL7
XRKGSN1
ZHA1Y8W
Q26G2EK
F03E8IX
G68GXDX
XKT8EQJ
PD5UA86
KVLHUC3
6WGYUSW
K4XFMTZ
RNGYYRS
9KH740Q
6JLWYLE
GFQRGC9
YR6NJ4W
WMMDUPZ
O7KDHRF
MELX6Q3
XV0DE9Q
Q7PFRZ9
KRHXLD2
O2SW5WP
MEK4Z3C
3S62W55
LWBF02Z
R8K9QVQ
MLDDEM5
LZGLHDP
QPWUV8T
W2XSQPU
G8CIT0T
VDNEXJ1
SMB446V
YK4N2IU
C3LY7AG
V9HU36M
WMXO5I1
7JV8S7W
L75CC79
QP44EST
I2K16PV
SN05IA7
8BCXE2H
VB04AEM
FGFGY4D
GW2TSN8
MBUJ69G
DCOOYBV
8ULPK36
JJ9JRW3
OED95WP
TJ5H8BX
HOTCFFZ
CA85HYR
2SKEY5F
SIIZ4RF
UEP7SLK
F4DABLS
9E7GT9P
N994XFF
4UFQ70Q
3S6SQ4A
4AD5HXN
Q16L0MP
5K9UPZM
39HIONZ
W2CUBBE
XD2JS7O
HUP33N1
GJN4QJG
SNSES9E
028Q5CI
CDPRERY
6AQLOEO
SRYGH8L
5EROSL4
TMAQNVE
69GWTWD
1M0JOVW
IL7KMCI
JJJA910
9RLME8E
YAPZ42G
DSJF4PF
48AOL43
4ETC6N0
B4KCQR7
D1LPV0E
SKZZYFR
YKCHKOE
76SVIO6
C386ZZG
EKIDHQR
8C9WJFO
BB0RCB0
E79USI5
P9X1JKG
E7C46RK
2J561Z3
FLRSGBS
VILH529
C1OAANL
2C7CZIF
BNH10QB
3RCX0D4
ZR7GYLS
BPPV098
TNKZXF3
5E1I6T6
KLB6285
C8XFUVF
1VDRG50
IJLNXLR
U9S10HS
LXVUJW5
4I3S0QW
40FH70Y
NG7DKVN
VACYQD6
F80OQ2J
LBBRE6U
H9V9QI3
FP924RS
XLH6APU
QRBLOMO
GPDY441
MMCW9MV
PX2OCFL
V3UM2J3
MJ8QH1C
IQME42R
N1D7WAG
NAPYO1H
MUUHSBA
8JQLW35
YXJS0BP
KSKDQG3
L7H220I
J4S26R2
N4Q1HHW
M7MMIBW
S6PXPDA
PM2CZB9
5B3SXTZ
VD78SO7
OZN9BPP
HXO1AV7
A624E6L
NQJ0RQC
EV0XU0U
EY9R622
ZOB2ZOS
0FB3TVO
6HR7GAD
AGVD1W0
IQVB4UO
LF2ZWYF
QY1Q4Z5
LPZ2Q5K
OJ9YR5P
CNYRKU6
GO3NB0H
IV6BSVF
VWM6ORB
T61VVM9
EF2L9C9
G0EYM44
LA8U9M4
Q6T7P1D
URL8YCZ
RHC3TEY
VXHN1VF
V6V705W
C6NMG7J
IMMACQ2
3AV2GLL
WD255YH
SZNBOCE
HY7LCFB
SA8JHZP
7CN7XRK
9TUWATG
W84JBQW
ASY2PDG
7LCFH64
TEQS5TX
AIQVJP6
4CZ18WM
DQY35P1
TD2QD3F
DTGCP77
G7O9VX0
FZETV90
4QH67VB
QCMYZ4P
QNRSCYC
7JGKMLO
YY63L6Z
PSZZWNY
3YOJQ8Z
AY561MV
5LTPVOG
5SF1AI7
K2DOXHN
