pebble_2009
dirt_1974
mold_1931
charm_2013
mold_1933
rock_1973
charm_2015
hair_1972
mush_2075
rock_1975
mush_2077
strings_1956
mush_2078
worms_2044
mush_2079
mush_2080
charm_2018
charm_2019
pebble_2010
rock_1978
dirt_1979
pebble_2014
mold_1936
rock_1979
strings_1960
strings_1961
strings_1962
mold_1938
mold_1939
dirt_1981
hair_1979
hair_1980
worms_2047
lint_2068
pebble_2017
strings_1966
mush_2086
lint_2071
hair_1983
mold_1943
charm_2025
pebble_2023
strings_1968
strings_1969
mold_1945
rock_1986
mush_2087
rock_1988
mush_2088
mold_1948
worms_2048
mush_2089
lint_2076
mush_2090
lint_2077
hair_1986
charm_2030
dirt_1989
strings_1973
worms_2050
rock_1991
hair_1990
rock_1992
strings_1974
mush_2095
worms_2052
worms_2053
worms_2054
mold_1952
hair_1993
rock_1993
pebble_2025
mush_2100
dirt_1993
worms_2056
rock_1994
rock_1996
hair_1994
strings_1978
pebble_2027
mush_2101
charm_2034
rock_1997
hair_1995
pebble_2028
pebble_2029
rock_1999
dirt_1996
dirt_1997
dirt_1998
pebble_2030
pebble_2032
rock_2000
mush_2103
dirt_1999
mush_2104
lint_2080
mush_2105
hair_1999
dirt_2000
lint_2081
lint_2082
strings_1985
lint_2083
rock_2003
mold_1959
hair_2003
strings_1988
charm_2038
rock_2004
rock_2005
hair_2006
charm_2039
mush_2109
rock_2006
charm_2041
charm_2042
hair_2007
worms_2062
mush_2112
hair_2009
mold_1962
worms_2063
worms_2064
dirt_2003
worms_2065
dirt_2004
strings_1993
mush_2115
worms_2066
pebble_2042
lint_2087
charm_2043
charm_2044
hair_2014
rock_2009
lint_2090
rock_2010
mush_2119
hair_2015
lint_2091
worms_2068
strings_1997
pebble_2044
lint_2092
mush_2121
strings_1998
charm_2047
mold_1965
dirt_2006
charm_2052
charm_2053
rock_2011
pebble_2047
mush_2122
charm_2055
hair_2018
mush_2124
mold_1968
worms_2072
rock_2013
mold_1969
strings_2000
mush_2125
dirt_2010
lint_2099
mush_2126
hair_2019
pebble_2052
dirt_2011
rock_2014
strings_2002
mush_2127
dirt_2013
mold_1972
hair_2021
mold_1973
rock_2018
charm_2057
charm_2058
rock_2019
lint_2100
pebble_2053
dirt_2016
lint_2101
worms_2078
charm_2066
charm_2067
hair_2023
charm_2069
lint_2104
lint_2105
strings_2008
mold_1977
mold_1979
hair_2026
rock_2024
lint_2107
hair_2027
strings_2014
worms_2081
worms_2082
charm_2073
pebble_2059
pebble_2060
strings_2015
strings_2016
mush_2134
hair_2028
lint_2109
mush_2135
worms_2089
hair_2030
worms_2090
strings_2020
pebble_2062
rock_2031
dirt_2019
lint_2113
pebble_2063
lint_2114
worms_2091
strings_2021
charm_2077
strings_2022
hair_2032
mush_2137
charm_2081
mold_1984
strings_2024
lint_2117
dirt_2021
charm_2082
pebble_2064
mush_2138
hair_2035
mold_1988
worms_2093
lint_2119
dirt_2025
dirt_2026
hair_2036
lint_2120
hair_2037
charm_2084
worms_2095
charm_2086
dirt_2028
charm_2087
hair_2039
strings_2026
mold_1991
rock_2039
lint_2123
charm_2089
hair_2040
rock_2041
pebble_2070
pebble_2071
dirt_2031
charm_2093
charm_2094
pebble_2074
dirt_2035
rock_2043
lint_2127
pebble_2078
mold_1994
mush_2146
charm_2095
mush_2147
strings_2034
lint_2129
lint_2130
hair_2042
charm_2096
mush_2148
dirt_2039
dirt_2040
rock_2044
strings_2036
mold_1997
pebble_2080
dirt_2042
dirt_2043
rock_2045
strings_2037
mold_1998
rock_2046
mush_2149
rock_2047
mush_2151
lint_2136
strings_2040
mush_2152
lint_2137
strings_2042
worms_2106
charm_2103
lint_2139
mush_2157
mush_2158
mush_2159
hair_2052
hair_2053
mold_2002
dirt_2046
pebble_2087
hair_2056
charm_2105
pebble_2092
hair_2058
strings_2049
charm_2106
charm_2107
strings_2050
mold_2005
worms_2112
charm_2108
mold_2006
mush_2165
dirt_2048
charm_2110
dirt_2049
rock_2056
hair_2059
charm_2111
charm_2112
pebble_2093
pebble_2094
mush_2166
dirt_2050
strings_2051
mush_2167
strings_2052
mold_2007
hair_2061
dirt_2052
worms_2119
pebble_2097
mush_2171
hair_2062
rock_2062
worms_2120
hair_2063
worms_2121
rock_2063
strings_2059
strings_2060
lint_2150
charm_2119
charm_2120
hair_2071
dirt_2054
mold_2012
hair_2072
hair_2073
dirt_2056
worms_2127
rock_2071
charm_2125
rock_2072
lint_2154
charm_2126
dirt_2059
hair_2075
strings_2067
mush_2180
lint_2155
rock_2075
strings_2068
mush_2181
worms_2128
worms_2129
dirt_2062
strings_2069
charm_2129
mush_2184
strings_2070
strings_2071
rock_2077
rock_2078
rock_2079
mold_2018
rock_2080
rock_2081
rock_2082
mold_2019
strings_2072
rock_2084
lint_2161
hair_2082
worms_2133
charm_2132
mold_2021
mush_2188
worms_2134
lint_2164
pebble_2102
worms_2135
mold_2025
charm_2134
rock_2088
strings_2073
strings_2074
mush_2190
hair_2085
hair_2086
mold_2026
pebble_2107
pebble_2108
dirt_2068
worms_2139
pebble_2109
mold_2027
lint_2168
hair_2087
strings_2075
dirt_2072
strings_2076
worms_2141
rock_2091
charm_2139
mush_2194
mold_2028
rock_2093
charm_2141
hair_2089
strings_2077
charm_2143
dirt_2076
lint_2173
mush_2197
charm_2146
dirt_2079
strings_2079
strings_2080
rock_2096
charm_2148
hair_2091
mush_2198
hair_2093
mush_2200
rock_2097
mush_2201
worms_2149
dirt_2080
rock_2101
strings_2081
worms_2150
lint_2175
strings_2082
charm_2151
worms_2152
charm_2154
pebble_2123
charm_2156
hair_2100
strings_2084
charm_2157
charm_2158
charm_2159
pebble_2127
rock_2105
dirt_2084
dirt_2085
hair_2104
hair_2105
lint_2177
mush_2207
dirt_2086
mush_2208
hair_2106
strings_2088
rock_2106
mold_2040
pebble_2129
rock_2107
mold_2042
strings_2092
hair_2110
worms_2163
pebble_2131
hair_2111
charm_2166
rock_2109
rock_2111
mold_2051
hair_2114
mold_2052
pebble_2134
worms_2169
charm_2168
pebble_2135
pebble_2136
lint_2187
strings_2099
strings_2100
mold_2054
pebble_2137
mold_2055
mold_2057
mold_2058
hair_2115
strings_2103
dirt_2095
hair_2116
mush_2219
hair_2118
rock_2117
lint_2189
lint_2190
hair_2121
rock_2119
worms_2173
charm_2175
lint_2192
worms_2175
rock_2120
worms_2176
rock_2121
mush_2224
worms_2177
lint_2195
pebble_2142
rock_2122
mold_2063
rock_2123
worms_2180
hair_2124
rock_2125
mold_2067
mold_2068
mush_2229
hair_2125
pebble_2145
strings_2111
lint_2197
pebble_2146
mold_2072
charm_2177
pebble_2147
hair_2126
charm_2180
strings_2113
pebble_2148
strings_2114
dirt_2103
dirt_2104
pebble_2149
rock_2131
mold_2075
worms_2182
charm_2181
charm_2183
strings_2117
strings_2118
rock_2134
charm_2185
lint_2205
dirt_2108
rock_2136
mold_2080
worms_2184
strings_2122
dirt_2109
mold_2082
hair_2130
hair_2131
dirt_2112
rock_2137
worms_2186
strings_2125
rock_2138
worms_2187
mold_2084
pebble_2159
worms_2188
lint_2212
lint_2213
strings_2128
hair_2134
mush_2239
worms_2189
dirt_2115
worms_2190
charm_2189
pebble_2163
worms_2192
mold_2085
hair_2137
mold_2086
dirt_2116
mush_2241
worms_2193
strings_2129
pebble_2164
hair_2138
worms_2195
lint_2222
pebble_2165
rock_2144
charm_2191
strings_2130
rock_2145
pebble_2167
strings_2132
mold_2087
charm_2192
worms_2200
dirt_2120
charm_2193
rock_2148
rock_2149
mold_2091
mush_2243
charm_2195
strings_2136
rock_2151
dirt_2126
rock_2153
hair_2144
mush_2245
dirt_2128
charm_2197
charm_2200
lint_2230
strings_2140
dirt_2130
hair_2146
mush_2249
dirt_2132
lint_2234
pebble_2173
pebble_2174
charm_2202
rock_2157
strings_2142
charm_2204
lint_2235
mush_2252
charm_2205
mold_2096
dirt_2134
pebble_2177
mush_2253
mush_2254
charm_2209
pebble_2178
mold_2097
worms_2208
worms_2210
strings_2145
dirt_2135
hair_2154
mush_2256
rock_2163
pebble_2184
rock_2164
strings_2149
rock_2165
worms_2214
dirt_2137
hair_2159
dirt_2138
hair_2160
worms_2216
pebble_2186
strings_2150
rock_2166
hair_2162
mush_2261
lint_2243
mush_2262
mold_2105
strings_2151
mold_2106
mush_2264
pebble_2190
lint_2245
rock_2171
hair_2164
rock_2173
strings_2154
worms_2221
pebble_2192
mold_2108
mold_2109
dirt_2144
worms_2223
lint_2247
strings_2158
strings_2159
mush_2268
charm_2222
worms_2224
strings_2160
charm_2223
strings_2161
mush_2270
mush_2271
lint_2249
mold_2111
charm_2226
mold_2112
worms_2225
hair_2167
lint_2251
mold_2113
pebble_2198
mold_2114
mold_2116
rock_2181
rock_2182
mold_2119
hair_2171
rock_2183
mush_2279
worms_2229
rock_2185
lint_2257
dirt_2153
hair_2174
strings_2169
strings_2170
pebble_2201
dirt_2154
worms_2231
lint_2261
mush_2286
pebble_2203
mush_2287
charm_2233
dirt_2156
pebble_2206
strings_2172
pebble_2207
hair_2175
hair_2177
mold_2128
charm_2236
charm_2237
strings_2175
mush_2292
worms_2240
hair_2182
rock_2197
dirt_2159
strings_2177
strings_2179
rock_2198
mold_2130
worms_2241
rock_2200
dirt_2160
dirt_2161
mold_2131
strings_2183
worms_2242
lint_2267
mold_2134
worms_2244
dirt_2164
mush_2301
mold_2135
lint_2268
strings_2188
mush_2304
hair_2187
lint_2271
mush_2305
strings_2191
rock_2207
worms_2247
charm_2249
charm_2250
lint_2273
hair_2190
lint_2274
pebble_2215
strings_2194
mush_2306
worms_2249
worms_2250
strings_2196
lint_2276
mold_2139
strings_2198
rock_2211
charm_2253
pebble_2216
lint_2280
mush_2307
lint_2281
dirt_2169
dirt_2170
charm_2254
lint_2283
pebble_2218
strings_2199
pebble_2219
lint_2284
pebble_2220
rock_2217
strings_2200
rock_2218
pebble_2221
lint_2285
rock_2220
charm_2261
mush_2314
rock_2221
strings_2206
charm_2263
rock_2223
rock_2224
strings_2208
mold_2148
dirt_2171
hair_2197
dirt_2172
strings_2209
lint_2289
pebble_2227
dirt_2175
dirt_2176
rock_2225
dirt_2178
lint_2290
strings_2210
strings_2211
mold_2152
strings_2212
pebble_2229
strings_2213
worms_2260
pebble_2230
charm_2266
mold_2156
pebble_2232
worms_2262
mush_2322
pebble_2233
mush_2323
mush_2324
dirt_2184
mush_2326
hair_2205
strings_2216
dirt_2187
worms_2265
pebble_2236
charm_2267
dirt_2189
dirt_2190
worms_2266
charm_2268
charm_2269
charm_2270
dirt_2192
hair_2209
rock_2231
rock_2232
rock_2233
lint_2293
mold_2163
hair_2212
hair_2213
dirt_2196
worms_2270
hair_2214
strings_2223
dirt_2197
charm_2274
worms_2271
dirt_2198
rock_2234
hair_2215
pebble_2241
worms_2272
dirt_2199
lint_2297
rock_2238
worms_2274
worms_2275
dirt_2201
mush_2333
charm_2280
strings_2228
rock_2242
charm_2282
dirt_2203
hair_2220
hair_2221
charm_2284
worms_2277
lint_2301
strings_2230
charm_2285
mold_2169
pebble_2245
pebble_2246
dirt_2209
pebble_2247
dirt_2210
lint_2302
worms_2278
mold_2170
rock_2250
worms_2279
mush_2341
hair_2223
dirt_2213
hair_2224
dirt_2216
rock_2252
mush_2343
dirt_2217
charm_2295
worms_2282
hair_2226
dirt_2218
strings_2235
lint_2308
worms_2283
mush_2345
hair_2227
hair_2228
charm_2299
pebble_2255
rock_2254
lint_2311
hair_2232
mush_2348
mold_2175
charm_2300
pebble_2257
worms_2285
rock_2257
charm_2302
pebble_2261
worms_2286
pebble_2262
hair_2237
rock_2258
mold_2178
rock_2259
hair_2238
dirt_2221
strings_2239
mush_2350
rock_2262
dirt_2223
hair_2240
charm_2303
pebble_2263
hair_2241
mush_2351
rock_2263
mush_2352
worms_2290
hair_2242
lint_2317
mold_2181
hair_2244
dirt_2226
strings_2244
worms_2294
charm_2305
strings_2245
rock_2268
lint_2319
dirt_2227
charm_2307
charm_2308
strings_2246
lint_2323
hair_2251
rock_2270
charm_2312
rock_2271
pebble_2269
lint_2324
strings_2249
rock_2272
rock_2273
strings_2251
worms_2301
mold_2188
strings_2252
hair_2253
hair_2254
mush_2358
hair_2255
mush_2359
pebble_2272
charm_2316
rock_2276
mush_2360
worms_2304
strings_2256
worms_2307
mush_2363
mush_2364
dirt_2230
dirt_2231
mold_2191
charm_2321
lint_2332
hair_2265
pebble_2276
hair_2266
dirt_2234
charm_2322
rock_2281
charm_2325
worms_2310
rock_2282
hair_2268
hair_2269
mold_2194
lint_2335
mush_2367
pebble_2280
mush_2368
pebble_2281
mush_2369
rock_2284
mold_2196
mush_2370
charm_2329
worms_2314
rock_2285
pebble_2282
dirt_2241
worms_2317
mold_2198
lint_2344
hair_2272
mush_2372
pebble_2287
mold_2203
charm_2336
hair_2274
dirt_2245
mush_2375
charm_2338
lint_2347
hair_2276
rock_2292
strings_2267
dirt_2248
mush_2377
pebble_2292
mold_2204
worms_2321
pebble_2293
mold_2205
pebble_2294
rock_2294
pebble_2295
strings_2268
hair_2279
pebble_2296
lint_2351
mold_2208
worms_2323
worms_2325
worms_2327
hair_2281
pebble_2297
dirt_2252
rock_2295
hair_2283
strings_2271
mush_2387
hair_2284
mush_2389
lint_2359
mush_2390
mold_2214
dirt_2259
lint_2360
mush_2393
pebble_2302
pebble_2303
dirt_2264
lint_2361
hair_2290
mold_2217
lint_2362
worms_2334
mold_2218
pebble_2304
pebble_2305
dirt_2267
hair_2292
charm_2342
lint_2364
hair_2294
dirt_2268
hair_2297
lint_2367
mush_2399
worms_2337
mold_2222
mold_2223
strings_2281
mush_2403
strings_2283
worms_2338
worms_2339
dirt_2272
rock_2306
dirt_2274
mold_2231
lint_2375
pebble_2310
rock_2307
lint_2376
strings_2286
pebble_2312
hair_2305
pebble_2313
hair_2306
pebble_2314
pebble_2316
dirt_2281
charm_2352
hair_2308
mush_2410
hair_2311
strings_2292
charm_2353
mush_2413
lint_2384
dirt_2284
dirt_2285
charm_2358
worms_2342
mush_2416
rock_2314
charm_2360
worms_2344
mold_2241
strings_2297
mold_2243
pebble_2322
hair_2318
strings_2298
pebble_2324
mush_2418
hair_2319
dirt_2292
dirt_2293
lint_2389
dirt_2294
rock_2318
mold_2248
mush_2420
worms_2353
hair_2322
worms_2355
mold_2249
dirt_2295
dirt_2296
pebble_2336
pebble_2338
mush_2424
mold_2253
lint_2393
dirt_2299
dirt_2300
pebble_2340
rock_2323
mold_2254
charm_2375
strings_2306
mold_2255
dirt_2303
charm_2376
strings_2307
worms_2362
worms_2363
hair_2328
rock_2326
rock_2327
strings_2309
lint_2399
mush_2427
dirt_2307
dirt_2308
dirt_2309
hair_2331
pebble_2345
lint_2403
rock_2331
lint_2404
dirt_2310
strings_2319
mold_2261
strings_2321
rock_2338
pebble_2350
dirt_2315
rock_2339
rock_2340
lint_2411
charm_2388
charm_2389
rock_2341
mold_2263
pebble_2353
charm_2390
lint_2412
pebble_2354
rock_2343
charm_2394
hair_2340
dirt_2317
pebble_2357
lint_2417
lint_2418
mush_2437
hair_2342
pebble_2360
rock_2344
mold_2268
charm_2398
hair_2346
charm_2399
worms_2379
hair_2347
mush_2438
strings_2330
pebble_2362
rock_2345
worms_2380
mush_2439
lint_2422
mold_2270
lint_2423
rock_2347
hair_2350
strings_2334
lint_2425
rock_2348
strings_2335
pebble_2363
mush_2441
lint_2426
rock_2351
dirt_2327
pebble_2364
pebble_2365
mush_2442
dirt_2329
dirt_2330
lint_2430
strings_2339
lint_2432
pebble_2368
worms_2386
lint_2433
strings_2340
pebble_2369
worms_2388
rock_2356
dirt_2333
worms_2392
worms_2393
charm_2403
mold_2278
hair_2355
rock_2358
mold_2280
mold_2281
mush_2447
strings_2344
mush_2448
charm_2405
lint_2440
worms_2397
lint_2442
lint_2443
charm_2406
rock_2364
charm_2407
lint_2444
dirt_2339
strings_2345
mold_2284
mold_2285
mush_2452
pebble_2375
mush_2454
mold_2286
charm_2408
worms_2404
rock_2368
strings_2350
lint_2447
strings_2352
rock_2369
mush_2459
pebble_2378
dirt_2343
worms_2406
mold_2289
hair_2364
hair_2365
dirt_2344
dirt_2345
pebble_2380
dirt_2346
pebble_2383
dirt_2347
dirt_2349
charm_2414
charm_2415
rock_2372
rock_2373
hair_2366
lint_2453
strings_2357
charm_2418
mold_2291
rock_2375
pebble_2385
strings_2358
dirt_2351
worms_2410
dirt_2352
worms_2411
pebble_2387
mold_2295
charm_2423
strings_2359
rock_2377
worms_2413
dirt_2356
worms_2415
worms_2416
dirt_2357
charm_2426
hair_2370
strings_2361
rock_2378
hair_2371
strings_2363
mold_2301
lint_2460
charm_2430
pebble_2391
pebble_2393
worms_2419
rock_2382
rock_2383
dirt_2364
hair_2374
charm_2431
hair_2375
pebble_2394
hair_2376
mush_2470
dirt_2366
strings_2367
lint_2463
dirt_2367
dirt_2368
rock_2384
strings_2368
hair_2380
charm_2435
mold_2306
charm_2436
hair_2382
strings_2369
charm_2441
pebble_2399
mush_2479
worms_2428
charm_2442
pebble_2400
worms_2429
strings_2370
hair_2385
hair_2387
hair_2388
dirt_2372
mush_2481
rock_2388
strings_2373
charm_2444
pebble_2401
mush_2482
pebble_2403
worms_2430
strings_2374
rock_2392
strings_2375
worms_2432
hair_2393
mold_2312
lint_2472
charm_2448
lint_2475
dirt_2375
hair_2394
worms_2434
pebble_2404
lint_2476
dirt_2377
mold_2318
strings_2382
worms_2436
mold_2319
lint_2481
worms_2437
mold_2321
mush_2486
worms_2439
worms_2440
mold_2323
strings_2383
rock_2397
pebble_2408
hair_2398
hair_2399
strings_2386
lint_2483
worms_2443
dirt_2381
mold_2325
mold_2326
worms_2444
dirt_2383
worms_2445
mold_2328
strings_2392
dirt_2384
pebble_2410
worms_2446
mush_2488
mold_2330
hair_2404
mush_2491
worms_2448
charm_2457
hair_2405
pebble_2411
lint_2487
rock_2404
mold_2331
charm_2458
lint_2489
charm_2459
rock_2406
hair_2408
mush_2493
strings_2394
pebble_2413
lint_2491
worms_2454
worms_2455
mold_2335
rock_2408
mold_2336
mold_2337
pebble_2416
dirt_2392
charm_2465
strings_2400
charm_2467
pebble_2420
hair_2412
charm_2468
dirt_2393
mush_2499
hair_2414
rock_2411
worms_2457
rock_2412
dirt_2395
mush_2500
worms_2459
mold_2344
rock_2413
lint_2498
hair_2416
mush_2501
mold_2345
pebble_2426
mold_2347
pebble_2427
worms_2462
charm_2472
hair_2419
worms_2463
strings_2406
worms_2464
charm_2474
lint_2501
mush_2504
pebble_2429
mush_2506
dirt_2403
dirt_2404
charm_2477
worms_2465
mush_2508
lint_2505
pebble_2432
strings_2408
worms_2467
mold_2350
worms_2468
pebble_2433
worms_2469
mush_2510
pebble_2434
mush_2511
strings_2410
mush_2512
lint_2507
rock_2424
mold_2354
mold_2356
rock_2426
mush_2513
worms_2474
pebble_2438
hair_2429
mush_2514
mush_2515
mush_2516
mush_2517
mush_2518
charm_2485
strings_2411
rock_2431
rock_2432
rock_2433
strings_2412
mush_2520
pebble_2443
lint_2510
mold_2366
pebble_2446
lint_2513
hair_2434
strings_2417
mush_2525
hair_2435
rock_2436
lint_2514
rock_2437
rock_2438
mush_2528
pebble_2447
worms_2488
rock_2439
hair_2438
charm_2496
hair_2439
hair_2440
dirt_2411
worms_2493
worms_2494
dirt_2412
worms_2495
dirt_2413
dirt_2414
mold_2370
dirt_2417
charm_2497
dirt_2418
dirt_2419
rock_2440
hair_2442
rock_2441
strings_2421
rock_2442
pebble_2450
pebble_2451
strings_2423
lint_2519
mold_2375
dirt_2423
pebble_2453
strings_2426
strings_2428
charm_2502
hair_2444
pebble_2455
pebble_2457
dirt_2426
worms_2502
lint_2523
strings_2429
mush_2545
pebble_2458
hair_2445
mold_2381
mold_2382
mush_2547
worms_2508
strings_2430
rock_2447
charm_2505
rock_2448
strings_2432
pebble_2459
pebble_2460
strings_2434
dirt_2428
dirt_2429
worms_2509
dirt_2430
mush_2551
hair_2451
dirt_2431
lint_2526
hair_2452
strings_2437
lint_2527
pebble_2462
charm_2510
worms_2513
lint_2529
charm_2511
mush_2555
charm_2512
hair_2457
mush_2558
charm_2513
strings_2441
lint_2532
rock_2452
charm_2514
mold_2386
rock_2453
pebble_2464
mold_2387
pebble_2466
mold_2388
worms_2516
lint_2535
mold_2389
charm_2515
charm_2516
mold_2390
rock_2455
mold_2391
hair_2459
worms_2520
strings_2444
strings_2446
hair_2462
strings_2447
pebble_2470
lint_2540
pebble_2472
charm_2522
pebble_2473
mush_2563
mold_2394
rock_2459
charm_2525
charm_2526
dirt_2436
pebble_2476
strings_2450
worms_2524
pebble_2478
pebble_2479
strings_2451
worms_2525
charm_2528
pebble_2481
lint_2543
pebble_2482
mold_2403
lint_2544
pebble_2484
strings_2455
charm_2530
charm_2531
lint_2547
dirt_2438
pebble_2486
mold_2406
worms_2528
lint_2549
rock_2466
pebble_2487
lint_2550
rock_2467
mold_2409
hair_2470
mold_2410
strings_2457
worms_2529
rock_2469
worms_2530
lint_2551
strings_2458
strings_2459
hair_2471
hair_2472
rock_2470
mold_2413
worms_2533
mold_2414
dirt_2442
worms_2534
pebble_2489
mush_2575
strings_2465
mush_2577
worms_2536
rock_2474
pebble_2490
worms_2537
lint_2553
pebble_2493
charm_2538
pebble_2496
dirt_2448
worms_2538
hair_2480
strings_2467
mold_2419
rock_2477
strings_2469
lint_2556
worms_2541
hair_2481
pebble_2501
lint_2557
lint_2558
hair_2482
mold_2420
hair_2483
worms_2546
pebble_2502
dirt_2453
dirt_2454
charm_2550
mold_2423
mold_2424
mush_2587
lint_2560
hair_2485
dirt_2455
worms_2549
lint_2562
dirt_2456
rock_2484
pebble_2504
worms_2552
worms_2553
dirt_2459
lint_2564
mold_2426
charm_2554
dirt_2460
pebble_2509
strings_2479
worms_2555
mold_2427
charm_2557
strings_2480
hair_2490
lint_2567
strings_2482
pebble_2511
charm_2561
mold_2429
dirt_2462
lint_2570
pebble_2514
rock_2488
pebble_2515
worms_2556
pebble_2516
mold_2430
lint_2572
mold_2431
charm_2564
pebble_2518
hair_2498
pebble_2520
rock_2497
mush_2596
mold_2437
hair_2500
hair_2501
lint_2573
strings_2488
mold_2439
lint_2574
dirt_2468
lint_2575
rock_2498
charm_2568
strings_2492
dirt_2469
worms_2562
mush_2599
mush_2600
charm_2569
dirt_2470
mush_2602
rock_2501
mush_2603
strings_2493
mush_2604
charm_2570
lint_2578
mold_2442
charm_2571
dirt_2471
pebble_2526
lint_2579
mush_2605
hair_2506
worms_2565
dirt_2473
strings_2496
worms_2567
worms_2568
dirt_2476
lint_2583
hair_2510
charm_2573
pebble_2534
hair_2511
hair_2512
lint_2585
charm_2574
lint_2586
rock_2505
dirt_2479
pebble_2536
dirt_2481
dirt_2482
strings_2500
lint_2588
pebble_2538
dirt_2483
pebble_2539
dirt_2484
worms_2572
mold_2448
worms_2573
dirt_2486
hair_2520
mold_2450
hair_2521
mold_2451
lint_2592
lint_2593
pebble_2541
worms_2574
hair_2522
worms_2576
mush_2612
pebble_2545
hair_2524
dirt_2490
worms_2578
rock_2512
worms_2579
mold_2456
worms_2582
rock_2514
rock_2515
lint_2598
rock_2516
strings_2512
mush_2615
mush_2616
mold_2459
lint_2599
strings_2513
rock_2518
worms_2585
rock_2519
charm_2578
mold_2460
worms_2586
rock_2520
pebble_2549
mold_2461
strings_2516
mush_2618
strings_2517
hair_2528
charm_2579
mold_2462
lint_2603
rock_2522
mold_2463
rock_2523
mush_2621
pebble_2550
mush_2622
charm_2584
charm_2585
mush_2623
worms_2587
hair_2530
rock_2524
mush_2624
dirt_2499
dirt_2500
strings_2523
pebble_2553
charm_2588
charm_2589
hair_2534
hair_2535
charm_2590
dirt_2505
dirt_2506
strings_2527
rock_2528
worms_2594
lint_2612
worms_2596
mush_2630
hair_2539
mold_2473
worms_2597
dirt_2509
lint_2615
dirt_2510
mold_2474
hair_2540
strings_2529
dirt_2511
lint_2617
strings_2530
rock_2532
lint_2618
pebble_2559
strings_2532
hair_2544
rock_2533
lint_2622
mush_2632
mold_2477
charm_2598
mush_2634
pebble_2561
charm_2600
mold_2479
charm_2602
lint_2623
pebble_2563
worms_2601
mold_2480
dirt_2517
rock_2535
mold_2481
worms_2602
charm_2607
mold_2482
lint_2625
strings_2540
pebble_2566
mush_2637
worms_2603
hair_2552
rock_2536
hair_2553
worms_2604
rock_2537
worms_2605
lint_2630
worms_2607
worms_2608
strings_2543
dirt_2523
rock_2540
strings_2546
hair_2558
dirt_2524
worms_2609
strings_2548
charm_2613
strings_2549
strings_2550
mold_2486
charm_2614
pebble_2571
hair_2559
dirt_2526
strings_2554
mold_2488
charm_2617
dirt_2528
pebble_2573
mush_2641
charm_2618
dirt_2530
hair_2562
charm_2619
mold_2490
mold_2492
dirt_2532
pebble_2581
dirt_2534
hair_2565
lint_2639
dirt_2536
rock_2548
hair_2566
mush_2643
hair_2567
charm_2622
hair_2568
mush_2644
pebble_2584
worms_2615
hair_2570
mold_2496
pebble_2588
lint_2641
lint_2642
worms_2616
lint_2643
hair_2571
mush_2646
hair_2574
charm_2626
strings_2564
pebble_2591
mush_2648
rock_2558
mush_2649
dirt_2541
hair_2579
dirt_2543
worms_2622
dirt_2545
pebble_2594
mush_2652
pebble_2595
rock_2559
strings_2568
pebble_2596
charm_2631
mush_2655
charm_2632
worms_2625
pebble_2598
dirt_2548
charm_2633
pebble_2599
worms_2626
charm_2636
worms_2628
dirt_2549
dirt_2550
mold_2502
pebble_2603
worms_2630
strings_2573
rock_2563
mush_2661
mold_2503
charm_2642
worms_2632
lint_2650
lint_2651
lint_2652
lint_2653
mold_2504
hair_2581
worms_2634
mold_2506
charm_2648
lint_2655
dirt_2555
dirt_2556
worms_2635
pebble_2613
worms_2636
pebble_2614
worms_2638
pebble_2615
mold_2510
mush_2666
lint_2658
charm_2651
rock_2570
mold_2511
worms_2640
pebble_2616
pebble_2617
strings_2581
hair_2585
pebble_2618
rock_2571
mush_2668
worms_2645
pebble_2619
mold_2515
strings_2584
worms_2646
pebble_2620
worms_2647
lint_2661
mold_2516
dirt_2561
rock_2576
worms_2648
strings_2588
pebble_2621
rock_2580
hair_2590
strings_2589
lint_2665
mush_2671
mold_2519
hair_2598
strings_2592
pebble_2627
mold_2522
worms_2652
hair_2600
pebble_2628
lint_2667
worms_2655
dirt_2566
lint_2668
pebble_2630
hair_2602
mold_2523
worms_2656
mush_2673
lint_2672
pebble_2631
mush_2675
charm_2659
charm_2660
pebble_2633
mold_2525
hair_2605
mush_2677
pebble_2635
rock_2588
lint_2675
rock_2589
rock_2591
mush_2679
charm_2665
mold_2526
strings_2596
pebble_2638
rock_2593
mold_2528
charm_2668
worms_2661
mold_2530
mold_2531
hair_2610
mush_2682
lint_2679
mold_2535
mold_2536
pebble_2641
rock_2596
dirt_2571
worms_2665
worms_2666
mush_2683
lint_2683
pebble_2642
strings_2602
rock_2600
pebble_2644
worms_2669
worms_2670
mold_2541
charm_2672
charm_2673
rock_2602
pebble_2645
mold_2542
hair_2613
worms_2671
pebble_2647
dirt_2575
worms_2673
worms_2674
lint_2685
lint_2687
mush_2688
strings_2604
worms_2676
charm_2678
hair_2615
worms_2677
lint_2691
pebble_2650
mold_2544
mold_2545
worms_2679
lint_2693
dirt_2577
charm_2681
dirt_2578
worms_2680
hair_2617
charm_2682
pebble_2651
charm_2683
mold_2548
mush_2694
rock_2609
dirt_2579
hair_2619
charm_2685
mold_2551
rock_2612
hair_2623
rock_2614
strings_2606
charm_2688
mold_2555
lint_2696
worms_2685
strings_2607
pebble_2656
lint_2698
charm_2690
lint_2700
charm_2691
hair_2626
worms_2689
strings_2610
rock_2617
rock_2618
mush_2696
strings_2612
rock_2619
rock_2620
rock_2622
pebble_2660
mold_2559
rock_2623
mold_2560
worms_2693
dirt_2584
hair_2633
mold_2562
strings_2616
rock_2625
worms_2696
lint_2707
pebble_2665
mush_2701
hair_2637
charm_2694
lint_2708
hair_2639
hair_2640
mush_2702
rock_2628
hair_2641
mold_2565
charm_2696
strings_2617
worms_2702
charm_2698
mold_2567
pebble_2668
mush_2704
charm_2701
dirt_2588
pebble_2670
worms_2703
mush_2706
worms_2705
mush_2707
mold_2569
hair_2643
dirt_2591
dirt_2592
rock_2633
hair_2647
mush_2709
mold_2571
rock_2635
mush_2711
mush_2712
charm_2707
mold_2572
rock_2636
rock_2637
lint_2717
dirt_2594
pebble_2676
mush_2714
lint_2719
mold_2573
hair_2651
mush_2715
mold_2574
hair_2652
mush_2716
mush_2718
mold_2576
strings_2626
dirt_2598
mold_2578
strings_2628
mush_2720
hair_2655
hair_2656
hair_2657
hair_2658
hair_2660
pebble_2681
worms_2710
mush_2723
mold_2579
lint_2726
lint_2728
mush_2724
worms_2713
dirt_2600
rock_2645
worms_2714
mold_2583
hair_2663
worms_2717
mush_2725
strings_2634
lint_2735
dirt_2603
charm_2712
pebble_2690
lint_2736
mush_2728
rock_2649
lint_2737
rock_2650
lint_2738
strings_2635
strings_2636
worms_2722
pebble_2692
lint_2739
rock_2651
worms_2723
pebble_2695
charm_2716
charm_2717
rock_2652
lint_2740
mold_2589
worms_2724
mush_2734
mush_2735
charm_2718
lint_2741
hair_2666
mold_2593
worms_2727
lint_2742
dirt_2609
worms_2730
mold_2596
pebble_2699
lint_2746
worms_2731
strings_2638
dirt_2610
lint_2747
hair_2668
dirt_2611
dirt_2613
mold_2600
dirt_2615
rock_2656
dirt_2616
strings_2641
lint_2753
worms_2733
mold_2603
charm_2722
pebble_2704
lint_2755
lint_2756
strings_2644
worms_2734
dirt_2624
mush_2745
strings_2647
hair_2676
lint_2759
mush_2747
pebble_2707
charm_2726
worms_2736
rock_2660
rock_2661
strings_2649
rock_2664
charm_2728
lint_2763
lint_2764
hair_2679
strings_2651
worms_2741
pebble_2710
mold_2608
hair_2680
hair_2682
pebble_2713
worms_2744
worms_2745
dirt_2633
mush_2752
worms_2746
strings_2653
charm_2733
hair_2684
hair_2685
strings_2654
lint_2768
strings_2656
hair_2686
hair_2688
mold_2617
dirt_2640
worms_2750
mold_2618
pebble_2720
mold_2619
hair_2691
rock_2673
lint_2771
charm_2742
lint_2772
dirt_2642
rock_2674
rock_2675
pebble_2725
mold_2624
mold_2625
charm_2744
pebble_2727
lint_2774
worms_2752
pebble_2728
charm_2748
strings_2664
mush_2758
mush_2759
pebble_2731
pebble_2732
mold_2628
dirt_2648
rock_2678
rock_2679
charm_2753
mold_2629
mush_2761
charm_2754
strings_2668
mush_2764
mush_2766
mush_2767
mush_2768
hair_2696
worms_2755
strings_2671
dirt_2651
mold_2632
hair_2698
lint_2780
strings_2672
dirt_2653
strings_2674
dirt_2655
mold_2633
hair_2699
mush_2772
mold_2634
charm_2762
strings_2677
charm_2763
dirt_2656
pebble_2745
mold_2637
lint_2784
charm_2765
lint_2785
mold_2639
worms_2759
rock_2688
hair_2700
rock_2689
charm_2768
strings_2680
charm_2769
charm_2770
hair_2702
worms_2760
mush_2774
strings_2681
charm_2772
hair_2704
worms_2762
lint_2787
mush_2775
mush_2776
hair_2706
pebble_2749
mold_2645
pebble_2750
dirt_2665
mush_2777
pebble_2752
strings_2684
charm_2775
mold_2647
mush_2780
strings_2685
worms_2763
worms_2764
rock_2695
rock_2696
lint_2788
lint_2789
dirt_2667
mold_2648
strings_2686
strings_2687
mush_2782
strings_2688
mush_2783
hair_2707
strings_2689
hair_2709
dirt_2670
charm_2779
charm_2780
strings_2690
mush_2786
rock_2698
mold_2657
charm_2785
dirt_2672
rock_2699
strings_2693
rock_2700
mold_2658
hair_2712
lint_2795
strings_2694
mold_2660
worms_2776
worms_2777
mush_2793
pebble_2760
hair_2717
mold_2662
dirt_2675
rock_2703
strings_2697
worms_2780
mush_2795
strings_2698
mush_2797
worms_2781
mold_2664
mush_2798
pebble_2761
hair_2718
pebble_2762
strings_2700
pebble_2763
rock_2705
worms_2782
strings_2702
dirt_2679
strings_2703
worms_2784
rock_2709
mold_2667
pebble_2765
lint_2806
rock_2710
pebble_2767
mold_2670
strings_2708
mold_2671
mush_2804
mush_2805
hair_2724
dirt_2682
worms_2790
rock_2714
mush_2808
pebble_2771
worms_2791
rock_2715
dirt_2684
dirt_2685
dirt_2686
mold_2675
rock_2716
worms_2793
lint_2811
strings_2709
worms_2794
rock_2719
charm_2792
worms_2795
dirt_2687
worms_2796
strings_2712
worms_2797
charm_2794
mush_2810
pebble_2777
charm_2795
charm_2796
hair_2727
mush_2812
mold_2679
pebble_2779
mold_2681
strings_2716
pebble_2780
strings_2717
strings_2718
mold_2684
mush_2813
worms_2801
dirt_2690
mush_2817
dirt_2693
dirt_2694
worms_2802
worms_2803
mold_2689
charm_2802
rock_2727
charm_2804
rock_2728
pebble_2783
pebble_2784
hair_2733
pebble_2790
mush_2821
worms_2806
rock_2732
rock_2733
worms_2807
strings_2720
mush_2822
dirt_2698
lint_2824
worms_2808
strings_2721
hair_2735
mold_2696
pebble_2796
rock_2734
hair_2736
worms_2812
worms_2813
hair_2737
mold_2699
hair_2738
hair_2739
hair_2740
charm_2808
rock_2736
rock_2739
pebble_2799
lint_2832
mush_2827
lint_2833
mush_2829
pebble_2801
rock_2742
mush_2830
rock_2743
lint_2834
lint_2835
worms_2817
worms_2818
dirt_2702
mold_2702
rock_2744
charm_2817
rock_2746
hair_2746
mold_2703
worms_2820
rock_2748
strings_2732
rock_2749
mush_2837
mush_2838
charm_2819
rock_2750
rock_2751
mush_2839
charm_2822
charm_2823
strings_2734
rock_2754
charm_2825
dirt_2707
mush_2841
worms_2826
dirt_2709
mush_2843
dirt_2710
hair_2752
hair_2753
strings_2738
pebble_2811
rock_2758
charm_2828
pebble_2812
hair_2755
hair_2756
hair_2757
mold_2707
hair_2758
strings_2740
dirt_2713
hair_2760
strings_2741
worms_2833
dirt_2715
hair_2761
hair_2762
rock_2765
worms_2834
dirt_2718
hair_2765
mush_2849
rock_2768
lint_2844
worms_2836
hair_2768
charm_2832
mush_2854
hair_2770
charm_2833
charm_2834
lint_2849
hair_2771
rock_2770
worms_2840
worms_2841
mush_2855
charm_2836
worms_2842
lint_2850
pebble_2820
dirt_2728
worms_2844
dirt_2730
charm_2839
rock_2772
mush_2856
pebble_2825
mold_2721
pebble_2826
mold_2723
mush_2859
lint_2855
pebble_2827
rock_2775
lint_2856
pebble_2828
charm_2842
lint_2857
mold_2724
lint_2858
hair_2775
charm_2843
mush_2865
rock_2781
lint_2860
charm_2844
hair_2777
lint_2861
charm_2845
dirt_2739
mold_2727
worms_2851
hair_2782
charm_2847
mush_2869
charm_2849
strings_2754
mold_2729
charm_2850
pebble_2834
strings_2756
worms_2853
worms_2856
pebble_2837
dirt_2742
charm_2852
worms_2857
hair_2787
strings_2758
strings_2760
dirt_2744
charm_2856
mush_2872
mold_2735
worms_2862
mold_2737
hair_2791
charm_2858
strings_2762
mush_2876
charm_2859
worms_2864
mush_2877
rock_2790
worms_2867
mold_2739
charm_2862
charm_2863
dirt_2746
mold_2741
strings_2763
strings_2764
mold_2742
worms_2869
strings_2766
hair_2793
mush_2878
rock_2793
hair_2794
charm_2866
pebble_2843
dirt_2747
strings_2770
mold_2744
dirt_2749
mold_2745
pebble_2844
worms_2872
charm_2867
mold_2746
mold_2747
hair_2797
dirt_2750
dirt_2751
mold_2749
hair_2798
dirt_2752
rock_2795
pebble_2846
mush_2882
dirt_2753
rock_2796
pebble_2848
pebble_2849
charm_2873
mold_2751
dirt_2755
mush_2883
rock_2798
dirt_2757
strings_2774
dirt_2759
mush_2885
mold_2754
rock_2799
lint_2882
mush_2887
mush_2888
rock_2800
mold_2755
mush_2890
charm_2883
rock_2801
strings_2779
rock_2802
charm_2885
mold_2757
dirt_2762
charm_2886
pebble_2854
mold_2759
dirt_2764
lint_2887
pebble_2855
strings_2782
dirt_2765
rock_2805
dirt_2767
strings_2785
strings_2786
strings_2787
worms_2878
mold_2760
pebble_2860
strings_2789
dirt_2770
rock_2809
rock_2810
worms_2879
charm_2893
dirt_2771
strings_2793
charm_2894
charm_2895
dirt_2773
worms_2880
dirt_2774
hair_2814
mush_2896
lint_2894
mold_2764
worms_2881
charm_2897
mold_2766
strings_2797
lint_2896
pebble_2865
mush_2898
mold_2767
hair_2817
mush_2899
lint_2898
worms_2884
worms_2886
dirt_2782
rock_2820
dirt_2783
pebble_2868
strings_2800
pebble_2869
dirt_2785
lint_2901
pebble_2870
dirt_2787
mold_2772
dirt_2790
worms_2890
worms_2892
worms_2893
pebble_2872
lint_2904
mold_2774
strings_2802
mold_2775
charm_2901
rock_2824
lint_2905
strings_2803
rock_2826
pebble_2874
dirt_2792
charm_2902
hair_2823
worms_2896
mold_2777
strings_2806
pebble_2876
hair_2825
dirt_2793
rock_2829
mush_2915
rock_2830
mold_2780
strings_2809
mold_2781
rock_2831
dirt_2796
rock_2832
pebble_2883
rock_2833
hair_2828
mold_2782
worms_2901
charm_2905
lint_2908
charm_2906
mush_2917
dirt_2799
lint_2909
strings_2811
strings_2812
hair_2834
charm_2908
rock_2838
charm_2909
rock_2840
charm_2910
strings_2814
mold_2785
pebble_2891
mush_2920
rock_2842
dirt_2802
hair_2837
lint_2913
mush_2922
strings_2816
strings_2817
mush_2923
pebble_2892
mold_2786
worms_2907
charm_2911
dirt_2804
pebble_2893
charm_2915
strings_2818
mush_2926
worms_2910
pebble_2894
lint_2916
pebble_2895
strings_2819
charm_2921
rock_2849
hair_2842
lint_2918
strings_2821
worms_2911
charm_2922
rock_2850
strings_2822
charm_2923
rock_2851
mush_2931
charm_2925
hair_2844
mush_2934
worms_2914
strings_2825
mush_2937
pebble_2898
charm_2928
rock_2854
lint_2923
mold_2791
mush_2939
strings_2827
lint_2925
dirt_2813
strings_2830
mush_2942
mush_2943
strings_2831
strings_2832
worms_2916
lint_2927
hair_2847
pebble_2904
worms_2917
lint_2928
strings_2836
worms_2918
charm_2935
mold_2798
lint_2932
hair_2851
lint_2933
lint_2934
strings_2837
lint_2936
worms_2919
hair_2852
mush_2950
strings_2839
lint_2937
rock_2865
mold_2801
mush_2954
dirt_2822
mush_2955
pebble_2909
hair_2853
hair_2854
pebble_2912
worms_2925
pebble_2914
strings_2846
mush_2958
hair_2856
dirt_2823
lint_2939
lint_2940
lint_2943
charm_2938
lint_2944
mush_2960
pebble_2917
pebble_2918
worms_2928
dirt_2826
worms_2929
mold_2807
pebble_2920
lint_2946
mush_2961
strings_2848
rock_2877
hair_2860
lint_2947
mush_2962
charm_2940
lint_2948
mold_2809
dirt_2829
mush_2963
lint_2949
mush_2964
pebble_2921
hair_2864
rock_2880
mold_2811
strings_2849
charm_2942
rock_2881
strings_2850
mush_2967
rock_2882
pebble_2923
mush_2968
hair_2865
hair_2866
mold_2812
strings_2852
strings_2853
charm_2947
charm_2948
lint_2953
hair_2869
pebble_2927
worms_2933
dirt_2833
strings_2854
pebble_2928
rock_2885
rock_2886
mold_2815
mold_2816
mold_2817
strings_2855
worms_2935
worms_2936
rock_2889
rock_2890
charm_2957
pebble_2930
mold_2819
dirt_2835
lint_2958
rock_2891
mold_2820
worms_2937
worms_2938
dirt_2837
rock_2895
mold_2821
worms_2940
hair_2875
charm_2958
mush_2974
rock_2896
rock_2897
mush_2975
lint_2959
mold_2822
hair_2877
strings_2862
rock_2899
mold_2824
hair_2879
mold_2825
pebble_2933
charm_2963
charm_2964
strings_2864
dirt_2838
mold_2826
charm_2966
rock_2901
rock_2902
rock_2903
mold_2828
charm_2968
hair_2884
hair_2885
mush_2981
hair_2886
mold_2829
lint_2962
mush_2982
rock_2904
mold_2831
mush_2985
charm_2972
hair_2891
charm_2975
worms_2954
dirt_2842
mold_2834
mold_2835
pebble_2938
lint_2966
lint_2967
lint_2968
rock_2908
rock_2909
pebble_2942
pebble_2943
strings_2871
charm_2978
pebble_2947
dirt_2844
charm_2979
strings_2872
charm_2982
mold_2839
lint_2971
hair_2896
worms_2959
strings_2874
mush_2991
hair_2898
strings_2875
dirt_2848
hair_2900
strings_2876
lint_2975
pebble_2953
lint_2976
rock_2914
dirt_2850
mold_2845
strings_2879
pebble_2957
dirt_2852
rock_2915
lint_2979
charm_2991
hair_2903
mush_2993
strings_2881
hair_2904
charm_2992
mush_2995
charm_2993
worms_2964
charm_2994
mold_2847
strings_2884
lint_2985
rock_2920
dirt_2861
strings_2885
rock_2922
mold_2850
mush_2999
rock_2923
strings_2886
rock_2926
mold_2851
rock_2928
lint_2988
mush_3000
rock_2931
mush_3001
rock_2935
dirt_2866
lint_2990
rock_2936
rock_2937
worms_2966
mush_3003
dirt_2867
rock_2938
charm_3000
charm_3001
mush_3005
charm_3002
pebble_2974
mush_3007
lint_2998
charm_3003
mush_3010
strings_2898
rock_2942
charm_3005
strings_2900
hair_2920
rock_2944
mush_3013
lint_3001
charm_3007
worms_2971
mold_2863
mold_2864
lint_3003
pebble_2980
mush_3015
lint_3004
strings_2904
hair_2924
mush_3016
mush_3017
charm_3011
charm_3012
strings_2906
hair_2925
hair_2926
strings_2907
strings_2908
strings_2909
rock_2948
dirt_2874
dirt_2875
dirt_2876
pebble_2983
mush_3018
hair_2928
lint_3007
charm_3015
mold_2867
strings_2914
mold_2869
mold_2870
strings_2916
charm_3018
rock_2953
worms_2976
pebble_2988
mold_2873
worms_2978
worms_2979
rock_2954
charm_3021
charm_3022
mold_2875
mold_2877
pebble_2990
hair_2932
lint_3011
mush_3023
strings_2920
mold_2879
worms_2983
mush_3025
mush_3026
lint_3013
rock_2958
mold_2884
mold_2885
worms_2984
mush_3028
charm_3024
dirt_2883
mold_2887
hair_2935
strings_2922
lint_3015
mush_3029
dirt_2885
worms_2986
pebble_2996
worms_2988
pebble_2998
pebble_2999
pebble_3000
mold_2891
pebble_3001
charm_3025
pebble_3002
worms_2991
pebble_3003
strings_2927
strings_2928
strings_2929
dirt_2887
mush_3033
pebble_3004
dirt_2890
lint_3024
dirt_2891
pebble_3005
worms_2994
pebble_3006
charm_3029
dirt_2892
hair_2943
worms_2995
dirt_2893
charm_3030
charm_3031
mush_3036
mush_3037
charm_3032
hair_2946
mold_2897
worms_2997
hair_2947
dirt_2896
mush_3039
mush_3040
charm_3035
mold_2898
mold_2899
worms_3001
mold_2900
rock_2973
mush_3042
charm_3036
mold_2901
worms_3003
hair_2954
hair_2955
dirt_2901
worms_3005
lint_3033
pebble_3016
rock_2976
charm_3039
worms_3006
dirt_2903
mush_3045
dirt_2904
hair_2958
charm_3041
lint_3035
strings_2938
worms_3008
pebble_3017
pebble_3018
mush_3046
lint_3037
hair_2959
strings_2942
pebble_3019
hair_2961
pebble_3020
mold_2908
lint_3039
lint_3040
lint_3041
hair_2963
mush_3052
strings_2946
mush_3053
worms_3011
lint_3042
hair_2964
lint_3043
mold_2912
pebble_3023
hair_2966
mold_2915
dirt_2913
rock_2986
mold_2916
mold_2917
charm_3046
dirt_2915
lint_3044
lint_3045
mold_2918
lint_3046
lint_3047
charm_3047
mush_3060
worms_3016
pebble_3028
charm_3049
pebble_3030
rock_2989
charm_3050
dirt_2918
lint_3050
hair_2970
pebble_3032
pebble_3034
dirt_2920
pebble_3035
hair_2972
dirt_2921
charm_3051
hair_2973
dirt_2922
charm_3052
strings_2957
dirt_2923
