6r
SR
cl
fE
120
13k
19E
1BX
1LE
1Zf
1mk
1r5
1sc
1uS
23S
2J2
3BF
3Jy
3bs
4cz
4tp
4zm
50u
52Y
5Qv
6Tw
6ZO
6Zh
6id
6jt
6ke
7XN
7vv
8_h
8b2
9PI
9RR
9Ys
9fj
A2S
A8J
Ago
ApO
BOA
Bb8
BfG
Bje
Bkv
Bl9
Bqr
CE2
CIV
CV2
DML
DRK
DjE
Ex5
EyV
FHf
FNY
FPQ
FSM
Fid
G17
GMI
GO8
GY9
HIa
HpB
Ht3
HyB
HyQ
I7H
Idk
J5T
JXV
JcX
JxZ
K7s
KAS
KB0
KNR
KXm
Kd_
LBc
LJi
LcD
LhP
LhT
Mct
Mov
NF9
NZM
NbV
Ncd
Np6
O3i
OWm
Opn
OvF
PET
PKh
PWz
QOS
Rfw
Ri1
S99
SPh
Sbx
Skw
Sqr
SzR
T2O
TCj
Tga
Tsh
U5B
U8B
UNX
Uc6
Ujm
Uxl
VCp
VKa
VfN
Vhx
W7A
WSC
Woo
WrR
X7n
XBw
XQl
XQr
XST
XWm
Xgx
Xkc
Xsk
YC6
YFX
YPK
YPi
YXS
Z0A
Zku
