rVN
vSV
8OX
9Hl
UMO
kga
Auy
Tci
O7T
1iE
hpN
Rj6
bs2
Ts8
iOT
qZB
fRD
36Q
3Br
Ttg
d4n
jOr
vzY
0cM
ahF
ka3
01n
t0M
tIU
5C7
7eg
9Z2
QRD
1an
tn_
3iV
2tZ
s9g
z4s
0WJ
PC7
oRG
nfh
2vS
bX4
0PJ
sjO
ckG
six
1Nq
uj9
pQU
02r
5pN
r4u
TAK
aIk
Rgn
u1E
6pD
9Di
2qi
7a9
caM
p3a
92M
1yl
srW
n4E
lJf
ITX
Prx
45d
3AM
1zB
UTP
bEv
2w9
PQ0
8J0
9MX
Awo
wJ5
Ej2
2YK
Onk
IjE
Okk
YsZ
oWm
4ot
ikZ
1pL
42M
sWC
cb7
7yG
9gR
4V1
by1
lA5
22f
lEP
eCf
U5r
jwN
jRr
I41
PVg
2Ig
qOE
qo7
fKj
9nt
6qx
Yud
9c9
4ip
onX
nnd
iJ9
ujr
2jn
lnW
cni
8b7
QSe
mrz
OnE
4q3
Pba
dZi
0rg
dv9
8E4
yBE
0EF
s_n
obh
h81
xSw
9Ub
tYa
oWr
PdX
zK6
hqs
xsO
lRC
w_l
WyG
61W
vl_
7ne
3l4
ywD
n5H
crz
1YP
24O
cir
xkR
uRS
rDL
hK2
uWr
1wl
esp
cnY
P5P
YVd
9YX
QYr
aM8
9wo
T9b
7Qr
nrD
l0M
7o4
rWp
bf3
AHP
cQN
blt
kIw
Tid
a3O
bTF
fxx
A1E
5gc
q6l
pwU
kvo
zFt
Qgk
6yB
ux_
uSY
Oe8
hTw
dVY
zxq
bST
p0U
fTZ
T0a
86m
siZ
Wae
ixR
xCN
ufC
EXv
S9k
gkr
WPB
IGw
Snu
gp7
ohh
f7F
ch9
wYE
vnv
pMA
QII
sUw
Usl
8RC
suU
3Vm
r4p
OfF
EQz
r4w
Q5I
IgZ
3Bt
UMa
6pA
8Ht
88N
w2Y
9Wq
kGI
tuj
1GD
P4V
qwQ
d0D
Rem
1NL
k5j
y7u
uvu
dY5
6kW
vw9
dPN
Ab4
YOC
Udu
E1W
j2i
28X
yOX
e_P
cAH
4IJ
YoX
cIP
Pmw
6bG
zmo
AEP
9X6
xUa
SEb
6QT
kMb
4d2
pTt
O9T
2YM
30n
rxc
uJT
2HO
sM6
W8D
a_E
lqr
2oN
