24468
81622
27654
3678
63041
37888
63179
80229
26039
35396
30477
15432
9588
80784
74109
60189
22916
9029
30202
10224
26176
81505
16327
71967
44544
39831
32348
21207
82581
38393
68946
46667
20685
89814
50935
77367
39920
39673
16879
11995
30272
4492
75201
68619
40058
38341
60268
62972
80995
82966
2052
39015
9450
89803
27505
32082
25874
23357
24947
46024
50048
77585
41820
67052
89850
57521
42958
80392
39483
53907
13617
65663
26247
56798
20564
82640
35874
57127
74267
59213
23163
7345
28862
55223
54541
12428
48196
57107
61816
62446
26688
57686
37676
30475
42573
70218
3168
51880
87969
5861
1163
72301
31435
65127
85334
68171
23849
4669
27154
69785
29770
88737
34228
45385
51321
11904
11918
9185
38430
38571
69635
86086
63015
43205
23328
24981
82382
19027
18085
43904
48092
65325
84571
16257
29827
89970
49312
31513
39624
66737
62353
15327
75830
65208
17429
28800
68606
74136
60670
16673
31123
61857
43069
38447
28096
31115
71609
40880
4160
29358
79286
87277
58273
74130
74723
23553
78169
64466
38839
15160
37032
87788
24834
37317
57596
49371
37276
76080
10352
61866
79015
22511
84357
50291
69320
72590
5547
77191
36583
49198
20985
81266
59816
68022
41187
21764
31890
66350
71714
13637
42902
9452
58521
18443
24585
49376
61869
81813
14305
6694
82069
49808
44610
80840
15636
43359
21045
38238
27232
40074
64304
11391
3510
1202
37846
29099
38498
53361
83041
88473
83783
46125
70059
44163
54472
79754
47060
32839
41570
24677
19263
18059
58684
47976
15549
14540
70331
70389
68509
87768
15876
5556
26880
23175
7099
63702
45047
52559
17883
18800
24098
64174
72266
18331
2866
19313
80665
73636
85792
43500
66799
23757
45389
32476
53017
50733
34604
74096
75679
75482
55647
68103
11947
68387
34733
50750
63890
53584
86071
75271
3057
67239
43913
6096
23280
81481
76485
62463
4811
32679
60514
80853
21329
480
64926
24878
85258
61622
60232
71954
40904
2655
78143
4863
56647
37009
74363
45106
48489
42127
50729
44603
83518
55574
3521
69711
46828
67947
64401
34920
10738
52705
85856
19625
81860
22613
55748
8049
85231
21603
71432
24777
31414
11250
29180
74570
41900
43310
48407
19832
18108
43009
54443
66749
77403
12261
139
5629
49090
58549
88020
67871
10130
77899
37797
49460
67800
70483
42976
44041
27651
54869
61966
79426
1823
53034
77753
14132
24665
86598
3701
79878
72394
17255
639
7787
2354
56210
88963
43180
21846
65121
31498
30832
34155
17416
81810
27724
5308
37433
22172
21897
54071
55522
24982
1767
89942
66171
85042
41198
88762
76388
64146
85511
63687
74851
19162
23830
23925
65720
1717
26643
37810
13645
73342
69056
22744
87748
1530
63385
36724
66815
47634
87356
54765
79463
66370
35010
20091
86270
70280
53875
78093
45628
81532
85684
21471
18063
57420
9249
56084
64318
88302
84252
22564
48000
47320
54134
77371
62645
88104
60316
88368
22964
74320
43374
77668
84043
35735
80300
81220
23702
23637
43801
81721
7553
69531
17397
44342
3581
81169
32518
63579
49827
88308
56917
86072
12956
37604
59913
56437
70935
72621
67616
60249
35662
16644
28873
3398
50728
21645
51996
5059
65841
82684
17321
73637
59685
52036
29817
75102
88486
13846
35154
53103
24095
31321
61787
52436
52285
7706
45829
81529
25747
76688
14629
35819
35433
37911
52044
45427
6465
82572
71858
82928
45997
30610
320
41615
87212
37724
31483
48775
78667
45914
83425
13063
12039
22210
88179
43324
61023
82383
61717
74905
11606
54787
13848
57883
42849
56966
59709
28956
34447
14050
18076
7487
73456
16235
16496
1590
50662
42609
13821
88162
64600
27706
30555
24752
7297
62066
66888
59776
21959
29697
52677
3565
12022
52751
27719
41528
40120
69002
58336
74709
82321
5464
49399
74019
16951
72598
54967
603
25373
58706
44674
67589
21267
77558
38767
71933
21274
27177
87509
46698
14068
15144
58561
15104
11676
35919
66315
37224
3799
56562
66286
61321
5829
58478
43385
42858
27082
21119
28700
57154
24112
51960
64734
82144
11069
55061
36812
63382
68470
32117
83218
1620
7105
24793
26739
23909
9614
55682
87715
689
33113
62025
68495
5555
15585
51359
37679
84270
10285
66057
67587
76216
66105
68674
49390
34848
8814
3588
38334
9319
34316
41918
5673
36419
27799
50229
72078
64390
78086
12999
33155
81385
9392
30720
12238
17658
50494
9531
72698
37200
54090
16506
5050
48547
3391
81918
60338
69349
71445
44246
70194
67108
65083
85617
2128
67106
31383
77626
84531
72434
71860
783
58918
32708
59234
69545
52499
41468
10699
3460
25097
57805
47202
20419
47788
56469
2058
25550
16316
31594
79428
22956
7286
51771
26221
80763
23555
77008
42981
65788
26555
8711
56971
66919
29158
29750
4691
14326
46687
16203
50074
50221
61398
74583
23949
62281
76752
59457
39369
39946
82042
72446
44236
60378
2868
42460
56132
35462
8471
21409
70418
45985
3775
64026
69248
2860
20843
83696
24014
53012
88176
73806
1858
33750
59437
40629
16661
37710
60239
28255
16402
26446
34032
16560
28325
65704
79322
44189
15266
56666
49272
54325
35971
73091
39793
14143
4842
12880
655
82180
82239
78189
39176
21013
71661
15151
18414
18837
73948
36653
49496
35187
38558
44624
47076
34329
79489
27832
52013
36143
40803
4758
64482
78307
22156
55560
7555
37841
12006
48133
61487
71782
55207
16938
81465
1314
67511
58963
64431
45309
42605
52221
59682
70765
67737
58427
31394
84184
41713
41110
66707
62086
48538
76868
42114
38255
78613
11844
23395
19898
48462
46766
27198
52771
78412
77023
36455
20926
56175
2790
58119
2704
72087
79654
11766
66880
43287
51833
70911
82223
58919
28059
52472
35887
87959
43691
20020
7214
49541
46142
59897
20699
49320
47409
14394
67689
28182
58619
84719
7384
10571
1148
51403
15069
85681
4042
50147
67600
82326
63582
31261
38295
2399
63881
71484
78779
20426
56902
38488
26470
68125
7527
20264
87890
42185
49194
66138
32427
54471
44858
81734
25619
1320
73983
19323
11661
61645
7876
21785
61146
81086
39900
44995
28771
3381
72376
74865
20872
10553
73969
76921
78328
67099
17181
37885
1464
41014
68378
82778
8499
80427
36263
38406
75963
81582
85894
23031
72971
62554
60172
85817
32716
69870
84842
77578
31889
11044
6068
37435
41591
14468
13674
35630
73384
51213
25404
66054
27470
49882
16034
44964
87459
45707
30334
44855
76928
412
35569
75474
43054
82759
30761
75379
74731
29654
15082
80090
88340
82641
8002
12910
19202
13817
8709
193
6151
84710
52928
34427
4003
47673
7907
60890
88187
67611
75477
49664
23551
41025
71005
314
64721
13754
64646
27033
63188
14969
33653
65025
40182
58329
9456
27884
37684
39335
65388
75403
60083
10382
28416
11013
25616
64365
1084
5604
45834
63304
43996
76406
6913
70082
77917
42510
79160
3908
37932
80507
74882
76014
57696
16377
14587
54057
17525
76128
1074
6968
35541
28549
6134
46528
53312
42031
25039
2219
1998
64777
13698
28500
66153
6989
65836
14135
37878
53535
84607
32395
61532
82799
15772
52209
87591
36426
65461
19939
75790
80672
52312
71749
16380
83436
46331
73546
12354
84228
63806
83181
14551
26236
69321
52491
14378
31466
31946
59262
48583
38882
35921
71204
53159
77629
44822
1706
87036
24067
58944
8397
68649
79630
56596
85166
48894
77803
28380
8333
66604
20049
35702
70001
58847
59672
15258
39377
31122
29695
85773
4301
79285
4253
67027
65743
81837
23297
12550
1347
3421
8572
85622
53277
56703
73825
59778
515
28568
22320
61699
56715
29991
70432
44882
50102
26384
48250
63895
78042
76759
46692
65395
70769
58834
47046
10059
31787
76179
32526
6689
78603
8845
4854
11424
19918
37361
75252
31968
19501
27194
66184
40543
60554
57732
54616
48173
22262
43051
47193
47446
66923
62901
73152
36308
61339
73558
38905
12446
35032
84359
61100
42377
42927
8916
53925
32677
63641
21984
16912
23973
44953
25911
11728
30526
34242
23215
42576
65259
13576
62896
61123
13351
36319
13036
4920
48999
70125
65829
28547
59968
8082
44456
80082
84398
70689
70143
366
79785
47950
41956
277
81308
89871
55735
13122
14054
36401
14706
29602
33253
88419
754
22700
82601
72603
39102
65496
14253
88715
7115
7044
73429
53039
24394
88785
59350
59755
68839
20753
12131
71814
74412
50257
65748
81367
67585
12845
68353
66356
61170
18084
60900
70211
41756
39058
47875
44462
62044
36731
58497
37114
62239
8993
60544
62640
30964
58513
11587
45586
22434
33699
24261
69663
53705
369
36836
58122
9640
61312
2582
87221
934
22365
34575
79010
55851
23514
28858
70463
18949
9402
57287
38375
75581
64299
9974
75352
25729
9694
38102
67327
26381
20139
65088
32467
67162
59537
76104
19360
41479
39821
12551
73749
53105
10759
1142
22739
82205
37576
86441
72319
15509
376
74042
58103
36951
22461
63797
51542
30676
22886
80289
26265
69778
22269
4448
4720
45157
38499
11789
169
83822
89751
66517
32034
83388
40288
31403
41304
6842
19088
78235
50462
38720
54920
34611
3482
51758
3955
74158
43346
53532
58476
43704
18144
50682
79009
59747
24093
33498
8784
74228
74281
73955
70350
21071
27562
66843
15141
68308
64572
26984
74812
13624
55445
69258
35456
80702
72354
61771
64218
29093
53667
81080
60482
63008
17468
71363
17981
37513
29125
18207
47621
28229
7212
85160
64066
39429
58832
47726
24859
68506
10735
82349
10381
58595
26226
47134
55595
6078
22331
7610
37235
10616
42521
18849
5044
47343
79177
84240
74140
62627
17752
52637
15453
64459
59887
66019
8414
77025
10030
19946
45980
78163
22970
48297
51862
89894
72630
16828
77434
54322
77398
61562
20945
59355
10896
12868
64201
41041
51902
23392
14569
9913
54548
17149
60705
71221
67127
89303
84484
28248
18607
63944
64740
21292
13968
11808
82503
53515
37548
6832
80929
59070
4688
68331
75179
18970
63517
61419
9336
49840
28979
41333
54337
87302
71440
7031
79852
57698
11380
4768
69924
28102
27282
30628
21928
31804
74100
45823
48494
23250
84615
84451
79846
51450
40129
85130
31524
1724
2577
33294
5809
18305
11230
73380
87407
84081
64113
52945
66066
72938
83692
38237
69316
38803
71506
63784
51480
77730
72973
62364
46921
84807
30921
21182
78509
52382
22852
37166
42898
49723
29625
82512
32774
18013
71414
50618
7122
70880
17647
1364
6
37722
20887
16786
73763
1553
58584
42892
10252
13775
37663
35337
3869
1473
28733
89476
8006
18433
16763
31726
4837
56173
54135
46386
59492
18110
32763
49571
49650
7707
9147
76790
50109
6248
68381
41042
29751
9375
84366
48442
61772
40198
82910
24087
40105
37463
50567
10325
60710
85436
6587
11468
15272
9152
46057
59040
80882
50500
47880
14932
72594
32092
39541
27913
60630
26849
40546
64242
7973
52988
47279
66487
16061
68025
1381
45680
82882
42429
18774
32516
14308
79870
79825
1064
43195
32776
66571
79928
35980
89188
71593
2391
59324
75367
5201
41273
27245
17575
74593
23969
13215
68146
78777
36778
19741
81856
63544
73748
33647
41730
78762
57239
56019
32607
31035
83321
1665
87677
70109
42945
68337
38875
37745
76428
5252
41351
69353
39679
7905
24738
71979
71196
76203
23321
79637
7446
44558
74539
67500
17971
79513
28622
75769
56756
89741
20578
69200
44148
49284
24449
55925
80476
71970
4679
37206
24836
84470
56811
74255
51692
65091
47867
18395
87982
29419
78999
77073
54931
36193
44496
80052
5811
69160
27808
84195
41287
20270
59961
14146
19855
23361
84616
24226
86438
33175
3663
42466
75231
75446
61548
60956
88690
35294
79091
60219
18564
24240
43683
87073
75734
89817
13819
73477
47723
60426
6531
80166
4121
82584
53549
3853
50045
31130
39344
77064
7928
33072
47956
15625
43851
22649
6090
80907
69736
57080
31916
80508
28146
16430
81315
33655
40684
38695
3819
62372
58400
36291
77586
18333
47498
33367
87281
51453
23764
45572
11648
76078
22358
47907
9437
72613
10330
61424
57987
44090
40155
47482
17753
42284
66371
42296
46050
30287
4551
57642
9999
51350
36720
73982
33846
32510
7989
40981
68582
42064
33926
17092
71089
22499
32636
88498
80122
3194
79323
14336
65166
44407
51656
25145
67763
17150
89120
6304
55052
78854
28843
83172
59322
17987
13468
50006
54580
74527
35282
15713
86820
82235
47284
22592
14243
45437
88945
34970
31303
59499
30175
57370
51531
74000
8232
56883
36232
58024
15695
35719
14539
22148
35535
64582
6357
16347
43714
18365
30466
10368
80129
88148
41504
67720
77595
56898
71532
81891
30087
27218
13538
25843
23432
30400
53710
69989
18193
49073
56916
85205
52746
30379
75760
23502
24714
82290
58493
56204
22105
32718
47514
44384
69399
18919
28891
59726
75519
87389
45574
59799
12288
11854
33849
28219
7022
27937
49232
21359
58555
75578
29446
81321
30330
24207
10186
25078
76849
22190
85737
81729
4868
19974
81334
86710
23304
40701
58924
24059
45289
61764
58905
47630
75026
40332
57140
70073
23347
32695
87876
32981
11538
71941
4817
68083
16011
62415
87124
26896
3196
39160
25194
7383
48568
78224
7037
88081
78838
627
63343
33597
43159
15046
54717
11436
30196
32225
27396
64181
36717
82010
24891
5527
66044
72561
8524
24148
14207
45945
31705
12344
35169
52257
67497
64714
88960
65371
12528
73344
45482
62859
41979
27613
53921
39810
83277
69287
57586
80684
46558
1065
9385
70839
1322
18141
25522
37108
9155
53356
75853
89389
2719
67030
59643
57656
21072
27842
1248
50713
61457
39412
60391
24896
70845
44429
15995
4147
20507
43262
20451
47854
75075
364
44698
42889
29174
78358
16902
44235
71168
63394
48226
26239
73605
64838
14303
36394
88290
88884
28217
34541
41413
74745
42022
19477
62856
21724
46260
78450
14152
33456
31030
78329
64601
69620
40375
42492
68179
62453
32873
4971
12962
26455
50642
64920
50846
74869
13202
66765
61655
71259
8725
33018
28886
4155
20254
54994
23068
23897
7753
6837
62746
47757
61118
65588
65847
25321
40777
47011
38849
56548
22583
62868
28863
79095
31708
67382
52251
59222
63661
27247
21447
53226
74506
79305
26004
20079
15360
30264
46510
82867
49069
64049
23086
69626
47033
10618
69085
9112
40418
73226
67892
12939
21193
54998
32171
19378
72625
29720
21489
88915
45935
34474
23632
25811
10069
62597
20283
89356
57275
75478
87547
51252
80034
58038
55629
36496
85092
58388
45963
2439
87866
24835
52094
53923
62623
33844
72578
25893
1819
37309
1277
27943
36149
53190
15746
28764
46525
79885
25411
26301
24349
79183
21945
71577
2951
11702
78635
71748
50392
31384
74354
77891
85694
35368
49898
81280
75946
13111
29556
64272
59589
4503
6010
50419
53553
38811
8247
14013
55882
41555
15714
84757
45917
4132
15557
12730
37372
688
89026
31936
1542
18817
19550
54503
65533
59754
42818
80194
79416
7596
25377
61788
13501
32324
79288
2681
58553
63696
24923
16708
16250
88660
19706
15252
48753
31780
29940
82852
87448
55267
16182
45533
38634
22090
55123
88158
73586
26511
42439
33892
66130
7524
41279
51020
20895
82288
89178
58743
59496
13527
88208
57372
48757
45499
56504
66152
85162
71750
84875
9522
66675
26215
2886
88765
56169
86427
2362
79708
74749
3930
12362
85256
44733
50725
84008
74389
45129
18989
82523
7241
43522
59595
26156
11972
19435
12040
23883
46323
55110
73939
42172
4570
19480
12802
27864
41015
76311
66849
62506
82149
54836
38586
30995
52610
38667
49292
6631
52269
50748
81625
55793
82754
62443
5343
27025
68772
34825
6586
46307
62686
47692
33564
83873
60550
6241
37790
71493
9533
13872
58775
20513
12596
9479
23125
10470
55710
16385
18310
65641
25713
4778
15384
72752
26944
70157
10084
38684
30454
2562
62974
78188
81441
78633
37657
26454
10888
66458
71423
68647
49348
57749
4716
27860
41815
62417
14189
58347
42888
79251
63883
45069
50799
65350
928
61449
84597
83487
48750
2030
8980
33353
47417
37204
18037
48897
66480
86519
75303
58770
61639
52243
42841
73905
87125
44065
46771
34131
65874
46780
42056
82657
26257
55672
16534
28304
60637
15469
69379
82133
32433
76693
72587
73678
77111
82418
76873
69211
60290
61019
58959
10922
6007
12914
62117
26036
78441
81149
54922
61020
64136
14423
37125
61164
32359
52362
70628
59420
76019
43622
89113
27228
49204
80834
54957
63445
81539
3706
17926
54897
48923
2250
50862
83546
23547
77554
61219
84012
71091
20821
33089
19025
12210
70484
21689
49117
83486
8069
46074
35072
35922
20034
53446
8600
873
7201
45873
57360
37852
12276
40946
7265
1980
78634
72674
43421
22329
49032
54305
45414
20582
81466
57782
45027
14341
2688
48387
25547
452
47590
83431
89657
48401
9403
74823
44271
40476
2516
20147
50222
28299
64265
49296
62456
6104
68059
32009
34891
10821
61703
57135
22548
8210
37081
2160
51184
81478
29766
50626
80176
51402
81301
24397
43377
24617
4905
49768
14328
384
40260
47600
74212
10846
29897
83043
36783
56980
45168
88028
31610
51910
53049
18658
8752
76765
54343
67692
17095
43804
11740
74126
72391
33953
60657
35362
3191
75039
20470
4482
45771
82310
32309
19033
79364
43267
2123
10051
74587
42598
25537
1616
56642
63850
78550
73360
63377
69140
49890
46082
87348
67838
9489
67792
37427
17914
13854
13760
1054
12701
83621
29563
7320
72972
33049
65447
54904
59462
21977
62346
78770
67612
89215
25350
29834
69796
55786
56279
40481
73199
62024
81196
48906
72933
23701
27406
62700
13400
30847
26248
49560
82395
19839
34919
84730
5102
48504
49455
60701
81736
11408
36205
45297
35539
87217
58545
81583
65592
45883
88071
72454
7852
5213
63859
48376
30979
74139
10641
4886
73566
17816
72770
66474
82819
63821
22245
52998
26332
10721
34983
36638
41494
76144
64227
84068
8866
3629
13618
15642
17233
65373
38683
65194
27372
4740
20777
13011
55045
12708
65431
86691
81889
40079
36531
53433
61049
36016
33204
53143
50453
28548
65802
64258
81870
72263
51660
62028
26374
19777
35626
85809
20342
85782
87443
49623
3973
35242
12096
59063
9607
55971
89355
57203
70361
37487
37503
10879
6705
6973
32086
24538
13530
18297
80714
38715
28761
71421
33535
62377
24402
77651
87562
42583
66061
67121
9118
60950
67854
36024
14432
88037
34706
74579
27705
53142
11670
34512
61442
68573
9587
85686
58761
37968
77646
77697
80080
58292
12204
16623
79438
11317
31221
49086
2808
47688
18969
80910
47412
75164
65620
32556
76631
33505
36692
37461
61634
60339
24786
16170
77690
75562
15084
75294
88485
47684
53307
27624
14157
37107
34653
45645
66095
10578
50196
17157
84968
74740
40034
81410
27352
36288
41901
32169
4649
44070
63512
59285
67478
76871
4844
88639
34091
8400
66327
83336
47767
22732
82645
63118
57260
11170
34532
75123
17709
67186
74483
67801
83445
38455
78
63742
47937
39423
41836
83052
85477
10847
57151
60713
79639
43001
44242
10936
26576
17478
35091
1492
33199
5528
33691
74241
38064
79194
43682
82771
16914
82884
63682
30857
53319
74543
17225
44227
31330
55229
14325
79139
43707
26609
23305
48650
27893
48705
60140
47381
65821
82431
82156
40680
24608
42691
59847
13106
2877
45453
3743
57540
26423
88669
35833
65787
7258
27393
25260
67878
11582
43181
44828
20604
70117
23194
69264
15494
78844
1274
45816
77075
17909
26943
73554
54197
13429
34130
5154
76234
34240
20763
18423
37327
40949
61448
73374
68352
30158
61357
11242
3812
81343
23760
2257
2480
20333
72275
35100
74220
74029
86152
34885
79763
59506
89849
47849
54862
26686
7723
63336
69813
83411
41124
39199
9764
28639
75202
60750
59800
33291
16358
39257
81601
23123
48853
17610
76539
22343
39747
18895
30288
36573
58421
83666
56578
44998
78125
77416
67150
61102
52906
19116
39066
67634
55247
53730
38604
14007
62814
55190
50430
86674
76049
88530
72894
50014
5857
57074
41177
16735
26099
23024
85775
73031
41398
54056
58284
36805
63844
48089
34373
45968
54327
80778
83490
34693
53330
72052
13749
49666
84052
55516
68297
75936
32017
40085
39401
52591
17254
23746
45158
74401
61631
69403
71486
84425
80861
77047
29558
56993
11639
88643
53493
68784
87399
45693
67249
77847
73975
16520
16492
51774
52349
41911
16604
69905
58512
38961
79127
60462
19644
39507
79549
87973
23071
37879
30074
29760
31917
79159
6047
30184
67066
15418
87310
84840
24635
57299
52197
19092
18516
15520
6148
22600
68094
64219
22621
43867
41683
28001
55307
43844
34637
55864
34243
61626
42992
70087
66068
28261
73279
35247
82089
79271
40362
64141
66828
88747
67490
2598
65657
47408
58352
84919
12063
59730
7525
21595
35071
69143
74294
77125
89678
10235
85992
80017
26492
57215
39351
41173
17302
41904
72764
61747
7186
57030
48691
49966
47987
16785
71961
24088
18605
22445
36734
80253
42973
38417
44497
12815
10834
41099
7419
51701
88069
70443
71792
33237
58997
16212
10716
54861
49170
20421
76007
58171
41471
28108
10058
65499
35641
43008
4542
49990
17820
69048
559
47812
9000
79591
60173
13166
37063
40581
83142
57613
83993
20747
58204
72368
63
44436
45102
4709
22291
68265
3697
9684
48962
9814
2266
9136
78293
82931
8451
66338
24593
51309
85072
50579
9294
60017
19677
26579
23683
77870
7417
19244
88950
8278
58927
46908
64994
46626
6669
38644
77810
85227
66431
74048
27814
56046
19723
14897
61605
36498
10893
145
89090
76365
50345
18522
52199
77275
74532
46291
59902
48893
43571
85914
7162
39281
25199
65184
46038
85731
88045
56389
1669
35931
45431
52419
78195
6079
10092
19018
18279
9663
21974
89714
80617
20372
83718
41789
68204
76134
33491
64421
31257
33935
10460
66464
46111
33
71844
51867
53180
31227
23824
53401
76589
44222
82842
59972
87899
8166
14945
12969
206
15717
51247
82347
73531
44728
43932
38055
36856
69315
51283
20621
13851
71668
67447
42482
22002
23387
81633
39529
46177
42661
26606
64344
17131
40935
88280
23477
6022
58338
67157
73045
2484
76264
78320
64251
7377
61386
63733
2192
2700
11352
76190
78895
84103
24130
67673
67874
43734
23468
20183
24403
1417
70539
18677
17167
28176
34858
84522
36843
26490
55418
72749
66404
64476
31370
50479
57946
22701
5412
72886
8110
74200
81314
71864
12440
75836
78360
45800
24070
64846
25897
9372
86682
68051
5227
4283
13685
32536
16035
43611
34573
64418
81106
87842
32797
7604
30352
87950
9217
79509
72924
79389
31863
76439
54761
19510
48157
58664
7511
37414
49948
42666
18355
76988
82614
48016
23269
39430
27665
80624
49779
5984
16833
14627
20949
84589
35623
37352
15032
29969
84021
14984
10437
46727
19533
85115
21678
11261
14393
32597
21472
41705
9353
22704
30870
46449
54732
55543
85912
37196
57868
57288
30686
49917
26202
88107
53888
1852
85645
15244
15894
15442
31355
20963
33399
82345
5123
46889
75909
42933
50072
52557
45930
38891
51623
65102
54752
48594
21545
12044
49335
81159
76186
43542
59692
2310
62345
62382
58585
70492
27126
47025
27917
86852
7005
42257
54207
43071
48291
72715
20086
31306
82501
25085
3376
12245
59248
63236
63780
60685
57711
79338
71420
74234
32800
31001
36540
60185
13523
69529
86370
7732
11927
48079
83554
10331
77206
42396
66897
86903
38551
24305
40429
42016
39239
42419
88493
51998
71806
43020
7984
45060
85631
22705
35193
49552
86699
41436
548
23374
62078
2726
46993
67201
33766
48100
72204
48278
41535
61114
23460
31628
8107
49293
72126
75451
57849
23865
69067
22658
86878
42354
72692
3888
1544
27683
67211
84272
68420
14184
69062
74222
26182
64964
41292
16029
45661
8870
38625
53971
42591
18196
22385
71431
30682
61163
12840
4613
3310
25720
78327
76603
12891
33486
38826
10835
32961
50253
87505
56524
72244
80448
22027
10539
72521
67666
74924
72963
24733
88265
82097
57727
74152
52296
67558
71861
75861
60872
82895
65521
73221
88878
20618
27852
42678
15875
61040
19391
2424
52598
5042
13814
65953
28008
47157
70852
84472
15261
75200
11782
47257
70770
65769
62045
13813
29393
23303
41953
46782
31677
86905
60202
36106
27629
10376
50628
75251
40010
13049
13867
80817
75497
40545
10321
18812
58081
45203
51012
53777
54402
3891
65414
19627
51928
8356
62322
76232
56081
18000
75780
67953
88801
25885
64558
2664
82699
88400
82344
11723
24688
4081
29831
37112
57381
33686
43630
68478
81995
22201
50366
79566
7918
79803
8773
1326
50839
44734
6138
32282
81970
89254
75066
59872
41969
23162
86097
50422
81031
78536
32047
66642
26705
41378
23437
7781
51748
64511
9546
24818
84185
88551
29881
4812
35599
18062
76294
74009
39322
81030
61727
40477
79603
22816
5671
70933
34020
33149
51860
80279
6708
33143
33198
51707
62120
57995
25205
39588
62698
69247
3910
45404
8823
5277
2112
21968
4816
56071
55156
59110
8518
3097
55520
58303
85959
4749
80719
58341
53881
11378
26659
87520
82106
68562
33777
55118
87000
51436
16190
23063
76241
77603
79084
40279
89995
17953
3015
41712
31326
46654
59637
54295
46218
84375
47047
14722
75938
19142
54519
59857
54225
86153
76359
31535
36057
38742
52604
43201
59432
53882
23866
71715
5231
55256
66026
32442
14769
39571
78648
65242
83626
2196
2150
65685
65715
61366
4369
86016
44399
32128
17664
57677
69475
80986
62310
64501
71517
82509
70329
47947
42192
2656
19008
35876
56061
53489
51974
56140
8615
88611
9763
89449
87499
65179
24086
21962
38332
79967
18226
17431
19864
58206
32672
56842
53893
89900
10606
29560
26070
25598
70023
25441
58627
12294
41943
89625
24657
53280
81722
29764
33380
46907
39618
57319
22036
16482
60752
72390
66135
27484
53145
17236
71345
64320
71928
3116
48465
51844
20149
37014
54999
36422
85472
84570
28296
79841
83031
80031
18787
48540
85888
74923
71276
43850
37518
86847
10798
10484
44577
7797
26305
42861
60733
45937
61201
61262
27286
15079
67436
57948
4514
19835
11877
62986
60899
8197
59722
12458
31401
57752
1758
10338
83791
45772
88852
80793
5298
67179
63097
77964
14409
17153
26803
19889
19586
51059
80317
73512
31862
50207
56128
17300
45462
39628
67911
78109
58856
89271
30587
78896
1260
11829
24663
47167
75133
4063
79622
26111
6019
89515
48780
70035
85723
67563
50470
79436
55176
72563
77417
71083
59244
9543
52055
27279
51181
39875
55842
29045
44289
13322
48950
39135
42319
75828
29647
83740
55789
26432
53092
65500
48424
86715
74278
78980
12161
78191
15753
72685
27346
87711
12483
60572
87998
67061
71784
50747
7442
21174
22306
15287
68557
61240
34946
84481
64691
40532
62857
9396
64510
31298
32310
52553
57388
21237
56436
67836
64959
58670
14665
637
48159
27149
224
19285
48577
30710
2191
86469
29894
5168
15101
56241
42595
38507
37424
63030
45525
56234
87093
55181
49085
80811
68760
9273
3882
27941
74671
22678
58957
35918
54663
69911
35628
16220
17526
78309
62042
4493
56454
65363
72536
6125
70972
88258
27550
81074
35250
343
16532
41394
5418
83082
53905
62847
83681
11252
45911
51231
77544
70275
53019
24892
24121
18854
58788
85320
51341
68746
63228
42984
48817
73476
34254
13130
54263
60923
6366
63231
25064
5941
73241
49379
13710
75655
50648
61405
22400
20785
53150
63791
56952
77324
79730
38
25921
29566
40718
78759
80181
68890
85956
38466
68218
58377
38830
43370
50955
19753
38284
48971
49802
44815
44933
75142
14115
81540
8159
79333
74208
82821
48368
17187
39918
5991
6410
54138
16168
65970
65931
49116
18842
7811
45260
76082
47238
32903
102
84033
53611
73455
89141
18046
89856
41552
33350
18644
31436
57528
11469
34827
76015
80445
71958
87653
16313
89511
42328
26759
17568
39073
81744
36549
3463
46103
48625
26591
39746
11055
49065
14597
34515
53140
7109
14040
45852
85836
36732
63832
67810
44366
84282
82738
80885
13424
20792
76801
31609
64463
88955
64492
42928
54267
35644
88426
75198
74934
50405
52646
78512
9950
44623
83612
28389
89603
17053
82155
8553
45035
85713
54804
4743
84377
914
57956
87305
62969
70260
89167
27464
32859
77396
46159
13752
64921
21172
2425
72499
44527
78910
80203
67793
37721
85443
41437
46871
46867
6169
7151
76338
60022
29644
58213
39784
31161
79297
69524
4419
4900
60016
45165
5977
15389
57770
2057
8807
18525
37389
53263
14226
63897
15728
60337
10832
19648
73954
35214
47314
89129
79172
89168
75180
18731
67914
58813
9866
6002
44863
20549
64896
13204
64021
1490
45545
12808
64596
80179
30831
10386
2791
76806
37017
84700
29340
47929
66756
73978
35753
17271
55728
12100
62667
65809
43048
55200
13776
17453
671
58765
61138
27552
9347
74863
125
71634
37510
34077
39059
27821
64936
89589
78466
2008
76446
9282
67707
34312
2222
4549
58815
64480
54067
22778
25069
29273
55472
63840
3053
69485
26457
40501
77288
50521
68456
6943
41474
60940
22418
42366
49367
85313
4807
64607
72158
59405
81701
38901
83963
1416
77999
17703
28396
55071
25927
63723
49575
49773
10762
66846
1433
75678
59831
42995
84913
89239
2333
44697
75908
30890
10974
81055
31188
5752
13065
44111
36301
15116
69887
84495
87536
7545
43466
19057
9937
51345
50694
19916
19692
38101
76438
28475
83401
7540
14110
39729
56970
68759
68537
86557
10905
34022
36704
31533
15212
79815
50437
37088
56290
60221
88787
49900
80677
6437
25873
59802
38440
5677
35406
82695
72059
58143
72908
28723
44326
22774
43084
33096
35173
61757
24696
32078
16150
48178
87451
63185
45756
22398
70453
61453
66532
27409
83576
39485
80381
37239
50379
67298
65895
10928
26799
42498
12652
66801
4247
32194
19179
17123
61689
64447
30198
13716
6390
85553
73064
44633
65134
22973
63548
15473
79142
41888
76462
68791
56682
74441
33251
22580
78677
78209
19068
65846
44139
47344
47696
76816
85844
20007
71422
24726
1888
5333
83762
10856
88191
10490
891
54986
39493
43445
21885
64338
44579
40506
70850
84318
78060
48038
72825
21692
55565
42790
64088
16831
41017
52265
52778
59686
88250
16090
33337
55324
61947
7429
88895
67537
38594
72344
49432
36920
23515
13876
72907
47428
58237
54006
26185
5124
68118
74840
75598
5894
83950
52379
55373
35915
11672
78693
49540
55106
27068
33267
35993
6848
83514
75374
67988
37310
89857
76629
382
42994
26295
60187
41370
21540
47152
41581
58465
17479
1766
41201
80336
83883
19532
31716
82191
20106
13396
60125
6621
54174
8217
77239
44678
28584
14304
2114
62243
14162
3722
68987
73503
82654
37801
18417
11700
19569
53696
47898
80037
53612
81229
79704
18858
40302
71925
23666
89862
17511
20415
16812
51648
15815
69015
10969
78873
28249
50794
13227
84408
69262
74396
81368
14407
15957
22137
8119
73169
65711
67242
71325
25370
40888
77923
85465
41422
73067
6314
29096
13393
57442
43053
31589
48093
77147
3506
59288
83860
50300
68307
31017
44270
73043
80670
82414
71547
57802
12041
36996
34223
40622
50717
9532
76526
79699
51194
27017
17998
1550
10164
19000
62777
47585
75833
81437
76386
29447
19324
42495
44760
39475
77365
52555
5
13221
76606
10155
66768
62867
44181
78134
83916
52428
40397
87288
39234
70671
35575
82742
38778
11963
63490
35548
66717
40601
4486
23237
66624
59296
48823
79540
15143
57304
4702
43610
80679
64157
70606
61046
15709
86960
699
56476
2336
71253
192
61258
87300
32037
39238
29934
76950
35638
39693
18702
46706
14532
69805
49126
44115
41360
24040
43646
34115
72681
47426
5850
32698
6003
80557
16572
29221
10696
20695
53720
75974
9836
71116
32936
20116
56551
27253
17103
44231
38650
69260
32428
75983
34750
12951
74714
57425
2321
48081
13273
18796
9647
10692
71554
69749
27335
7834
11429
74836
62118
79770
63996
46194
45229
22255
38836
28424
1073
53007
74185
12115
35166
45223
25625
77115
79570
20799
76305
29854
28637
73810
66334
47271
59557
44050
5079
36180
46761
43535
6630
55385
67048
88373
22870
6244
19961
18449
32375
41879
70064
40769
46703
61115
50131
33488
89414
59732
80456
17910
68064
35551
58644
69104
897
27822
27927
68450
64877
53168
21721
68525
36352
21988
8850
71098
70772
64015
35308
32907
60056
1303
22976
9605
10091
53456
35345
28893
10585
37295
7277
85950
20309
86080
26694
61533
27343
23032
9128
44547
54132
52838
84779
14530
75321
18353
18645
84965
25153
46206
11666
65577
15708
71521
26960
33327
9501
52139
37993
43449
77090
23398
23506
71336
68375
35552
57554
73104
12843
54124
44859
12048
2309
47997
29078
54157
55708
73704
73579
66497
24565
77875
70190
63337
80089
56115
73532
50067
62942
54423
34198
45929
51730
37877
61191
16089
47835
86654
52803
203
46674
81012
71998
23805
16200
82498
71797
1358
5056
32496
84461
73017
72220
58057
78540
16825
77103
47905
71790
52345
63181
76715
4200
58199
37744
39452
5300
72957
15436
12215
22191
37601
89488
47052
24343
80999
48587
29830
65714
16746
36318
78173
19730
5514
25238
46040
46599
27791
73214
57077
21772
24064
55342
1771
83765
51238
45420
76961
8520
31274
72956
33457
79268
57962
44131
34172
82529
55081
63081
72215
63376
56452
8776
5995
10464
15555
31007
59352
87705
8103
21794
79849
26278
42480
49920
3037
21907
8086
80965
59260
16713
83205
40728
88175
5959
16468
88549
27733
31494
15835
63279
77124
47035
41331
57271
78855
17215
254
33040
46917
52469
27118
45304
40166
24340
5497
46961
68326
45984
80147
16794
39865
89089
26240
20299
58099
87512
63067
71047
31657
191
21222
53654
63232
59979
22079
29297
48120
53810
74962
84342
56227
22185
84636
89255
492
39134
44751
39038
65745
82841
27450
35484
23289
76368
18748
61491
18096
85270
13354
18359
6742
49208
83856
73918
87905
63014
53129
87400
62158
47839
7432
20826
14122
26968
14213
50339
57715
48007
77653
40052
88010
69298
18519
80855
73069
751
55390
54916
2301
30649
89288
38467
68471
32320
57733
83575
9765
69290
69177
4966
3171
80107
37095
231
21345
47549
67773
49412
42829
46324
55136
75767
40312
54936
19357
82124
19555
43344
76309
11506
83320
41154
18465
4805
58579
3160
24652
78003
51574
51556
48652
55216
73584
54045
2357
41809
79492
31953
62828
72689
8751
6553
3263
52659
33088
40677
27397
37554
51581
13758
22207
51947
15308
34180
21335
62250
12718
85104
44853
67345
13006
75968
80277
66853
17480
25380
32890
16865
58989
13700
31970
66268
15508
35140
18499
44110
32613
28341
69274
48549
23804
7359
18995
5980
33803
72854
62174
17355
50390
59068
44640
47
77401
46875
76318
43140
67814
80119
65750
50971
28870
19525
21633
13583
81658
79829
46483
39556
63507
9714
69593
47066
51015
16736
89901
79521
66494
35493
20273
59284
89936
50250
33969
458
23483
11091
66797
81631
23769
66871
54111
33664
44735
50301
32491
43224
53831
52922
70951
57212
7570
57335
62528
69692
48544
2283
85745
66343
49111
87156
9733
64512
26098
19883
10271
38363
22549
22715
33218
61862
50559
8586
33871
51757
61684
75844
38410
5240
15131
29151
20210
13704
51268
61277
27959
3304
1633
85688
80246
73391
88136
54012
88424
14876
291
19411
52267
83668
48972
53183
39435
49943
9301
61911
76065
24914
52656
40460
29630
7774
38486
76063
59712
67414
25825
11011
24609
69354
39297
39893
15002
78439
63588
62562
32332
49152
32615
24367
14022
59014
22386
18349
24747
66476
33214
66342
54700
3377
43073
74800
6508
6358
34586
76086
74641
84996
3953
66488
51759
81285
53919
20869
85221
61259
29124
54928
11750
81693
21264
19103
85497
82327
78907
9606
72183
71880
46288
53822
65687
61484
51515
47520
22321
68107
57963
623
61745
84471
71388
5545
30167
82187
50188
76389
69750
83415
54072
29550
51168
84674
77009
28135
87134
79363
7790
88738
20529
58000
41786
8192
73946
78923
36896
68078
69215
26487
44374
20965
63904
69250
26740
48013
64694
81959
53756
2870
87514
52796
35959
17394
47256
15461
8966
85112
23628
39451
52256
33474
59409
36772
42540
85491
2144
83623
76239
32131
89382
55248
18660
73858
49855
55141
15844
77716
42070
5357
44330
21443
76587
28068
41447
54007
42199
86051
35796
74516
73697
81815
27482
87652
15498
3817
1052
25354
60023
85741
70950
77187
32213
28750
82350
28943
27093
44806
81580
72479
45949
38677
18926
57136
41543
11553
46802
12355
42518
60063
40943
75797
55573
84150
56525
75430
24950
24827
33500
61272
84183
13803
49758
16218
31630
67503
49426
29162
43213
4499
51760
18497
85893
23510
48977
31661
2502
56211
25098
74638
60288
51236
83893
50977
24079
71267
29008
26524
29173
59823
85821
38998
52205
84698
24964
57827
38110
18946
16328
19862
11153
63710
14396
45409
12929
33554
41353
44278
85677
31410
51300
37603
51995
48018
7250
47028
88484
15837
72937
79529
49479
17676
43326
58107
60960
65347
3174
85815
24980
63038
52493
8772
18705
70077
4712
16836
12219
12023
66910
59074
83196
54822
16370
11552
57485
2061
40998
46680
46389
55041
58060
62939
2693
33725
4732
9737
81596
21858
54253
30782
1593
13722
72279
58214
73500
84676
7579
30549
37471
49667
24185
3125
83265
25155
84226
32605
84988
25325
38763
83583
724
27790
40965
27416
5338
31904
78333
27249
80535
17667
51859
22614
8535
49961
42247
74189
40258
10320
88381
51074
52690
41167
78996
13862
25553
73101
48344
47789
61908
18058
10533
51705
4279
27511
76505
51808
65244
30609
81834
75835
8089
47834
77950
65728
49413
51339
3479
24984
15581
34283
71546
70672
1589
3958
44842
41779
78019
13922
66771
45975
61017
336
52275
71942
772
17228
71429
82809
26436
58186
70120
21661
66887
16716
14806
5255
43277
69822
16846
17956
30122
75917
71026
31781
81753
37029
62586
36218
34431
18291
38633
7237
46936
69227
52186
10407
47777
63649
11906
32168
18623
4038
53685
1151
35003
31488
30301
26927
22810
18049
9710
25984
85787
36284
76118
53236
88458
32956
33449
56486
47681
20067
72726
76504
81665
29007
45406
79487
52146
18611
85639
62715
38757
22768
87675
64823
46300
33095
52006
63247
30915
40076
36160
89873
28694
40175
72371
15871
80767
13176
69639
50760
5369
22005
52856
68747
4122
29815
14699
24570
69311
30711
80536
25530
35562
71326
18103
68015
44932
48882
83800
17098
32342
87719
58350
44356
51387
47773
84137
28290
46657
57318
35156
55233
23389
56802
81273
23576
45361
59581
23840
62348
83451
37286
78454
14882
79054
7489
42567
34230
48174
17020
53576
19463
79355
77943
6160
31785
32483
42382
29592
66955
68655
38563
69525
12747
66192
50734
8228
6383
46058
69967
70213
71372
76204
26246
63547
54240
11822
66374
39745
67101
32815
22494
48746
9604
63924
72882
11683
682
32383
14609
41757
43528
34063
8164
67273
80249
44747
73934
72418
18683
29676
52990
23314
24867
83722
10066
30464
50882
61951
85785
85363
71249
61332
52005
56705
83452
58276
49819
50230
85010
44714
59478
73412
62681
25956
24562
81921
1885
21125
29176
30036
56868
26932
4888
64979
76726
80081
29646
74150
29866
84198
60299
83097
6795
37287
856
18848
88705
86494
63969
14875
2337
15569
62051
41644
211
83314
24380
77210
74645
35873
53787
89177
21369
13431
5016
36275
2647
27764
7800
61161
20863
35657
7990
50097
34023
65228
65842
39426
79138
21819
34097
34074
60844
12938
11140
42852
4731
38865
34200
2256
24421
75609
7681
45046
85471
48690
42293
5026
72008
62058
17110
77345
51932
18910
17230
10733
79724
35219
31552
48548
63625
71307
68399
24138
53817
46711
13604
51335
44562
12043
70559
22928
40212
65762
28465
7373
81058
32730
31158
26133
75860
9398
47761
62816
60911
65093
31868
54381
26440
18294
42676
42188
27692
81751
39395
61797
29215
5032
39267
29814
42400
17772
15081
36916
71471
23256
77258
86132
13992
27557
43209
32990
8583
36454
56945
4883
25003
44889
87401
76431
45093
7007
15242
2991
87109
10027
72534
42279
47489
9610
51414
13126
2644
79987
50541
86019
83981
73358
72646
6201
48530
28186
68023
89149
9457
64120
58662
79672
79398
44190
21076
57137
12658
519
17122
81213
62029
75219
9370
63937
1742
21394
80764
87829
53443
27064
26701
72910
77495
75080
23047
45679
45620
42952
60616
46912
3641
80028
66306
50469
39733
26139
68868
26709
68455
71831
47885
32392
74801
27205
49915
49419
58897
26448
26758
6800
17270
4642
58653
36044
53771
51303
13066
61021
74674
53788
75013
3380
34331
49142
13545
71938
10294
16641
68815
12370
87814
27369
18937
29776
75065
73492
61320
87223
15691
39738
65007
6567
19194
28370
6754
3447
34933
34425
70831
50616
88597
50597
83434
24047
14277
35879
21111
53395
58486
40028
76677
70385
3087
83248
88074
11009
68992
16957
79875
26013
18704
86209
5557
66983
84879
77326
66785
37031
82266
25642
24392
48218
89920
17728
3724
