DANKDANK
HEAVEN
THERE
THAT
SO
IF
WORTH
LONG
KING
YET
WHO
SHE
JEALOUSY
DRESS
MISERABLE
KIDS
4Z4XRTU0
KKIVUOO1
4YZQFLG6
MS0NPGAH
8VQ3W0PF
YMKHJ9OF
85QGONRM
NF9DTZTB
8RHBBNLE
9PD70Q0D
659JIDOS
DLIHZH57
L0X4WDXR
I3SUVO39
E18Q1GX2
8TXHH86A
PAOTZZTV
278UL5KA
TJDJRC3Y
K3IC8B7Z
T9C7WZ0E
A52WXTQT
DQUWPV7A
093RAX8G
3VZLCPVR
I0DXPUFO
JEDNX1YU
ZB3QXG4G
PIBL81DO
BWJ86B8I
8N36BOPV
BGMHMDN9
RCDBZ6LN
OHEOLV5A
NL0JDRLQ
2SB1Z2N0
FYIFFLR1
X1RNCKT4
GJ3XL3A7
3BTJDEGJ
8JJG9EBB
QX8VO9QU
H2BPQ3B9
LCCUZT6V
F0002PG8
74EQDV92
T7HW8BLU
8ML21MRJ
6AGET1F6
XFN05FQQ
YN3WJADD
KJD88URI
EGPLX5OT
59I07S0Q
GXJ8HS3Z
F3SD4SKA
YZVT20OG
JRE4NN1O
Q2L5WCO4
QG0B7B7K
QBSBY9A3
N4RGUIMM
WP7BZ6Q7
X4D4K6KS
ZQ1LEKW0
RN7RGMMG
WP37K7ZF
UYTJ7YK4
AB07INZL
XABKFI87
SQSU7T11
RJ0SS7XN
2VY1QLJD
OLJG9M2W
XB6102O0
7IUUE81Z
SZ36OBMT
OW62LEJ1
MRLWUGG1
2Z5TMZQ3
U22V336F
D0QBR5C7
BE16POR1
B6UKQH0F
3PGR6XB5
9SIW21MR
OZKR2WFF
B31JII3Y
EUYXXH4Q
YSPL6SKJ
68N8IWEY
9OJXAOWH
QV4FVRHM
36JLT8OO
5DMO6JF3
UN1L3404
8RULQ3V6
A6S1VVA5
25U3WZVN
A8P8E0Q9
XIVYOFHJ
TNXGWEGV
Z02JNKVO
KR22IYHB
UIW8TUMY
NWMADJ0K
JNRICHK7
V8NR7W04
TM00RWGO
86TOJBS4
F9MGYP8E
SZ1LI8TU
W1BV3722
M0K0QWYD
DVLBMKGG
IBWM9Z36
W24EE0PG
IXSOLYEV
C7RULLJO
C5NK1K6G
AT3PEX5J
Z0HPEXXK
O8MHYMVA
ARVCAS79
487L880N
6YTZKSHY
XY0G60UJ
3HA1SEH6
62JP1RRZ
QTKMYA5U
3OCT4ENB
ESC029OQ
XUZU16QH
M7IEVYRM
IWQQN03S
GKHESWK5
2NIM6T1A
G17FWH8Y
3IFD6DDX
Q1OVQPPA
D5CDPNKG
1EIX50BF
SYOMSROM
8PDBKNSG
NHZ1H22K
XNAIPYAW
13AB4C5J
38A04592
TAMGDLX2
MMEN1OP9
V7PFXIRL
YMQX81OY
1MANWE8O
JOLP1MXG
U1UEC9HB
PWET8M0F
S6UG06Y0
BEQJSJK6
UDHBCOGM
1G314JA9
0R5BWWQ5
BM4MOQGD
81RGYSU4
89GQ3BSC
WTCROK9P
ID8KUGS9
VNKGIYU5
169W0OHQ
Q0VH02LN
KRZ6KJ09
3F05FH00
D1M7Q6J4
QQKQVVDM
F2RNTYT9
KUZOPRN8
PX7WVZEU
YSVYN3UT
70DYOQM3
33SJT87Y
HAPRSLFY
RPXJ7564
NINHT1DD
BWHXV4I5
G7GUIW9M
9LAF1PMR
EPOMEI3B
GQ21QAU3
SMXX1MX5
3JEYWBVV
YFIXNZ0S
SBMYASIR
8BTZSE7Z
4ZR59BRJ
NYAAHQQZ
5VEC9KJU
RDZJSAJM
IBI73XTO
A44MFWQQ
EBGHCXLE
F4E9P33V
2E4K85ZQ
DGE3FLHD
8V9ITVIT
UQK80LFE
I8H13442
RVNDA0NO
3IHO9590
WF1HDN67
B70WHT82
G3MMKIPR
GKACOO33
R5NAQSOL
1NNJHUFN
98PKETXM
I8I9ZRKX
55DUQHJW
36O3IBRW
PHFGRH1P
XN4W16J3
Z2DNFG3E
U6A1PJF9
498ZFGG5
1H0KRVBP
4YLRF8AZ
44NNI6PU
F19MR9KE
7FG7NSJD
7BHO25S9
JGGI87WA
5WFZETJ1
9BOWO82Y
8B0WQWIQ
AZ8HF8XW
VHT3XRP8
YAP4EJ52
8NW4IS6L
IOS4CMYR
QRJMAO32
RIR17TCA
V4MFRHL0
1063UJFM
SG5WTPC0
74NBTYZ1
M6ES5ULT
YDIUPLXO
NBGIEDYN
JTF2LXHP
CZ71WRB6
QEHSJIKB
0XQVRTYZ
JR97HNM0
7UOTKMAB
PH64651N
WGVDPW9F
PL5ULLKE
W04OTGZ1
71J1A523
MM5UU270
7P07ONPJ
0SBX9H2U
N0KKNYYJ
3T03NXY7
J738QFX1
MJ3IEA2R
IJBQWMYY
GZAP6406
DU1ZVFRW
IE775GFR
AWSY0I2P
1UE8HV8F
FJGS8UBE
0CHBUHTH
GGJYCOWN
6SNNZ9ZR
TJS8IYKY
2DBF1SUZ
P151K857
48784MTL
XYKSLOFP
Z3YT3GEZ
P77KEVQU
UXBV48RM
O54MMA2G
AFZ2VSDA
F8NR1R2I
JYX9APR2
HCMEG6II
CBM2E3WD
7TM084BE
WDQVP5I4
52OHLVT3
WFGPJGUF
C6ZK2PQK
925ORSK0
IPHPQSK9
S0EVRYT5
MGEFB9AI
HKMLVVUV
BLIS50B8
W2F82UZ3
KWY42DB0
HCV3B2E8
0JN2L000
16BN1KDI
3YAYNDHZ
UDB1NW3X
GLK0GMNZ
4CZ0IDBB
GXYWC1AD
PPVIQYWN
G9OHHT67
1Q7X6H6F
DR97OTV1
E5ZQN241
DX41B7OB
GJ4UPCE2
D47T5AFV
Z7M1C78E
5UCPBTV8
GCIHX1I6
P1NFVEAP
LBH4233E
KLWEYH2X
HBY10LA0
I1JWL048
K5Q6S78U
9XZ2D4XO
8WW1FI0M
SRNDWKUU
NPV3KHO6
DNS1WCK3
NSARAOAL
6F38I08S
LOK02YCH
YODYG9K9
SYR4WZEN
L44DUEKM
JPHLKWNC
KN07N34N
8VJAALLS
NFBVXU1G
OGKYAZUE
WUPTJ31W
WPPIFDP9
JTEPM9LL
FY9TZVP8
24ZE6A9R
HAUBUWG0
HS9QKCPE
6L36JM8I
FU4204EO
74OUMS4G
LLBH7KG2
KD2IE9E0
F2UQTIC8
KXAQGBNK
CYFAZ8VH
R454RYHR
1F6NBFBG
RZLN048X
9IUV9OBD
EGPMAHUQ
Z85OS6VP
KVLXW446
EZ5MELTH
N2KY72IF
VQTZQ9MJ
JG3S14ZA
BOA8FCBO
KH3OP063
8NMC9ACW
IY7U9ZQM
YISD8NWY
GAQHADZQ
MH2VODQC
FH9E0TX3
OP2DVLIR
P8HNBDUT
X0B05EJW
1JVM2X9Z
5EFQX8A0
5DUQB64R
EBXRFA32
8YIMDOO0
H7KYYKSG
E5GGNAP8
QRZ1GW00
EVHV20N0
N2LMSMNZ
9AVWMDIB
XRKZX16K
TXQB36YV
GYO04ERE
LHDVCSYT
X4GDY7G1
7AT2FDB1
Y7WKRMKD
YNI1UDFM
INV0H6NN
OPRC6IQS
7TGQ845Y
9J1D4DPD
3B85GAH0
15PJZMN2
75X1V9JU
FD0Z0Y6V
II2MDP8I
YNZWMULL
VTXF8JXW
JOVGGMP0
JVCC0VT0
1LHRTWB2
BPEE93Z2
DRWIW23L
XEY8FJEA
AHV04CL2
H9A0OJAV
ZCW2TUG8
NJARX23V
IVYTPTYS
6FFOESPT
FY5RDH7G
AJLY5C52
GY6ISFP2
USM8VI22
YFYMHB3J
2SAXTLFV
NOA2BELX
8ZM73LOD
JGPZEZ4D
8HIN2Y0V
Q106G7UI
KA0XPPOZ
8P2EOA5W
6V1N4V8G
F5MDO84U
UPYQ412Z
2ZL7ZCYT
TWV4H1UZ
4OQR1YWP
G17WLY15
5O7X9JTT
EKOUKIBS
2GDL4865
1K76H09O
AQ9ADNN4
KUYCHCWV
J9VQEWEX
L1L30239
KJ7577QX
F1HTULPD
NXJSD542
E4E0YF2H
WRMI0IHH
0CS9ZI68
QXXT174C
7UH8LRVH
GJNQTU47
LF5XZK5G
7PJGKHYK
ZB219XBQ
CR93GD6M
BEBKQ2IW
QPIPGAW3
QUFNDP2Q
EZAF7WOE
9U31GR5E
83GPNT3I
PVCLGXHN
9QNHOYG1
YTBMQRH7
SRQHJCGU
HWNEKIL3
S8PZP16Q
Y23JNZZI
9C3K19BZ
3XAE8O3B
K4T3E32L
D605K38J
KKRLGTXY
O60QOK7J
9O47Y8HM
E9HCGM7V
M8JCL6Q7
HWWNLLDL
TIAGVKN6
EWKPH39W
2L7PQB9M
K1CW3TCA
2OVRQ5RU
1M475BWC
MJGKLDTE
CVK4J6QB
VGKOI9O8
DHCA79KP
4AFVYII1
2PLCQBQA
6C3PYW0I
NT8W85XG
WHM0O4MN
5E3ZRJLZ
QR53W20G
HSNYUJPW
7ZYJOL10
D2MBM4CB
EG58HZ3T
80I1LOYQ
HFTQSX0L
CAEW00H7
Z8XTQ489
JN82T447
L0NBMEYN
CXVARNBX
TXNK42XV
Z2UHEYC3
B8NV6IFN
AJXLQLIY
UF1DOIRW
1HNZ58GX
X1RF6ETD
TR56NCM1
RF2OAEVJ
LDYLWQZT
SE56QQ36
7A00APL7
2EMKXZ04
2PXU3890
N1RO8V79
BEGCOVK9
HMUXZ06D
3XIXMIMQ
Z89GJRMK
N59GT7GL
2V5XR2O0
U42XYPJO
TL8JLT14
DVW6YWUQ
1TMXDX8A
6O7A9HSL
OW8X521I
778WF5P5
BSU299CZ
2FX98B5M
E7A32M5B
PIA77CAF
4DY4I84D
UD3JECO8
37EKWWXQ
5B36CZQT
C7JKMM1J
5FXOK7LE
J69KCW1C
13K90AGL
HGWBFPSN
WCHGV8QO
5WLKT0EX
73P0VTQM
SBAWJRC3
12MMWAYL
3F011R4I
QONT79DA
2WG869QM
9MVEL5KE
2B8V8ATR
32L4BMBW
3ELQSZGC
7YFLFNSF
PV8KTP4M
3RKCXNYL
UZRFF5C1
P6SXTX00
54HCLK8F
F8XRG42P
9GBCCZW5
NILI7BFS
2GOTN47X
K43E0KO0
OEG8S55B
6VDT1GWW
LWD7GU7P
8L2KPNXW
V0HNN0D9
QVNWJJ8Z
JDKFYABJ
A9LEYSLJ
2OXYHI1X
LBLS9LYF
VW63OJKR
CXZT9XXV
TRS7LUVT
CY5XNVSO
BK1QRZFK
KG6QE9H3
M5IRXLMH
KZU64LGE
JQFAXO69
RV0QV9PY
O593A60U
K3Q0QGVC
L3N9K9RW
PDFAQTWM
W1ZWJBBX
T7NOMAC6
4HIM14PG
561557BK
JA0VVQKE
QGRFIDFG
RAS59RQC
AS3CS7HG
CO6NMBCR
LTITKKGE
ZFVW2XUI
VXZFPSH2
H5UV4RP8
2SF5WIOC
N34ZCGH1
GK2WQ7UA
XL8E2GO1
ULABSCGN
F8VRCI53
61VROC9V
DI30PAN5
YPFQTNC5
NHK43QB2
4EDXRV9A
2O591S5A
MK5N6THB
K3Z4Q7HX
DUCH51B2
N3DXBUV4
C8MKPECW
MRJB5U7K
45UCR2QZ
GCOEXSLF
VWMZNABF
R1ATS07P
PXMPDY3J
LZ2BU1EJ
BCDI2VBX
BQ2TN83L
POE6SYJ5
Y0211TPF
8W8N8YXF
52W1H3XE
28MABU4X
GRNFN900
XARNXZL8
QS7715DA
BDORSNL4
W2WO1F90
Z0SPK73U
44BM1283
D0FW1HCU
5BXSXYAN
OICLLBC9
YV925YXF
2ROYRI44
9P4DEUVY
UQC0J3R7
C5UQOE0Q
8P4K8DFX
EZ9V5ADD
0AXWZC5A
Q1RPOHOD
F85KQFZL
DHKE05SV
QCZ1F0HZ
WMGXMDAQ
JMNFVITD
NXNQGCPV
I9PPW9WS
R6LYR0JU
HZI02GZ1
LNYX781C
UUBV97XL
8PBXQUYK
LZNUXZ2N
7PQX0S3R
Z1UOV3L9
GU1K85CB
B62Z1JB4
RESJNUEP
FLGUV10J
DJNBTY5A
DWI565YZ
SA5KKY3E
F8K5JVU2
4KV488T2
EQQSBUNA
AJ7DVYH9
G7W9FYL9
VC7M68Q7
UGZYH4P9
7ET6TGJE
HSJB9CYQ
DAPXSU5J
LNCIWDIO
XRQYPBKN
UYUVPK2S
M5TU6WET
3KS5CB0U
8LD8LDBQ
V2LGQNQP
6UDINJBI
FX6EBISW
IODDOJRL
IZ2Z5PMB
4JVLP0UK
0IEUMBFH
0FEX8G8X
F0TXCVTH
WYYRZSUU
ONHII5NU
X5N96234
MH9N1QR4
PSQCQ96F
2LVK7S74
7JUGRPA8
SW2FVOFT
1MAB9SZA
5BT0TUD8
SNZWR3UR
PQXYGRQP
0XUL0OSQ
J5VAR644
I1M0EHV3
TN9D0LLI
F0XJP0Y7
3S0LOHCC
M60EUZ89
8JC85LV2
MATVXP1U
J9KSO91K
5JUAXLIE
DMGZ9E3I
C91MINCQ
KAS9EK8I
SSWU6298
393SVJ26
X8VDL8ON
3PSTQTS8
UCZ8AK2U
CW8RSUQ3
5INN3N9H
ILN7B2IY
5KJ0BTDT
KF6KJGMB
ZEK2RVQS
B3ZVPDVG
NX2DTBBC
WQGGWMYQ
PK4WM6IX
MH94F5E0
5MJJ1F31
P3YIKRQB
XV3C9ESY
1YPNPWCY
FA2LB6DM
6IFK1Q7D
WPTMN2O6
E3YSNFV2
FTITH6K9
DZCLG9CX
RUOQN2J1
V6DBTZRV
KXEW71TV
YRM7YH0U
M0GQ4H30
Z76SIYIL
GHLIDG8F
2KH31SE7
Y8Q00J6M
I3PL8RQD
BS9VJIHJ
XZQZT50S
T3G7JT25
ZZ5RF0OQ
G2THW4QO
WGFYD5E0
XVVZVXEM
MK0OCX5M
VXVKPNO8
XB17CKVY
DXPR2ECE
HG9KMAUS
18H2FEUD
GMC9YNJY
V610DF6C
BQIF1H0V
1EI1L683
KAN8QSB6
MLL5HHO3
5J122IZG
YPXGOZCU
M4ZU5TZH
M3CES8XN
A9SAEFA4
D97WFCBB
6TF0T0MF
P0FT8TQX
AJT3HCGQ
QCFONGY5
16D7XOSQ
UM4K6219
7W00O3X4
96ZMH2NZ
SAYKJAY1
SK6UUTL9
OXQFA5P5
VPNKUJVS
XUWHKG9Q
TO4I61OF
Q05JB2DF
65YAQ4HX
HC07ST3P
PW2OEYIY
X2FQ5PAR
05XWPN3S
CVGHUKIB
8SG7UJT2
5MRB68NV
VIYXYFS6
NDEEW3RX
0HQ9065B
K1L5ITQ5
KPMG6OE8
UPSR15A9
BJD6QHIC
GYSXNEIE
0IGNV1F1
4PCBK0O8
GUSIPD76
YLL7O1EQ
FP2Z4O8B
1EBSOB3N
5OJK8HUQ
RKWQ87X0
UIMV365Y
UASEULDQ
78E3BRNG
F0G0CHF9
2AWFCL9D
SMDNKLEI
7P0RUEKP
8E2CRYVE
RDDG3FKQ
Y5YG1GRX
TUMMDUX2
VAS0U88J
9ZOM1PIX
E83N14UN
UIJVNIFV
OF3WD0J5
2E7G6VOT
N9HWFLNL
E7SXZIAB
YQ63L8YZ
3S04NXOE
7V93YZDL
JAA04C03
BGVYRIWZ
3OMTUW47
GL5TUZRO
LWRH350P
AFPVFQ0B
F69A9H7A
VMDJYKAH
TI2WXO85
S021GBE4
EWTVIU8K
V5ZA9BHA
06FFAYYW
TN65GKB8
HQTIWWRY
RKS1E9VI
8AOAHECR
7RNKFNT7
ESVSGTNA
7A3XKKKP
4X40X598
H2XPJFHD
NDRLTRAM
YJ5VY2LM
AEHKRMCG
G9U6B1LV
UXKGY5FJ
CK29KF6O
ZNSXVQ9T
KFBFU5EE
20BLSJV2
GZ24YT3U
3ZMOXJ9B
P8OLLI1R
50ZMG9G7
QH8PTZFL
B80VUH7A
M6RFGDI4
PMO3KUXQ
UIS2NQIJ
80SWPJVS
AEL15A3P
S77Y5XZ0
28P7J64J
70S8FXH0
A16ANJ9V
YBRGQ7F7
FYKZLU57
PORIASVD
W4G16K2N
KN44URO1
T0XKCI7S
76IH6TQN
SD8GVCAI
9JN2WEAS
EH4JAP3K
F3UWRSHD
HF0QB0O6
3PLTI4L2
B7E7FN5D
MCDN4EDI
MP8COQUU
1ZE8P5CV
K94KK9UY
HVBW0UM5
5N45R4OA
3E5VVDGP
1LGGEBO0
GKBFRQCU
FI2MBUZO
PXTT6UY6
6YHWKTJO
V3VB0SCI
O8FFOS1P
UNEKF7UV
2VZ63X3N
3IVN0UCO
87KYBP4K
Q9KX8BUI
BBLG9912
342DWKRM
Q9CVINYD
M3G5CPXL
I4X0O1ZN
52KI7525
LKDFX2VO
QQ2N8FLP
GYQJD0VC
M4G2T5FA
MDHX6W70
UMCRDYGQ
X3VM8O9V
FL15PRQ5
1C1VHSK0
BO7SWKV7
RXEJCE8S
Y3RHT719
DMI7W2MF
5VV6RSYD
CEG08HUM
4VTLMV39
4GHH36OE
BXXN56TU
P3JBBG46
FK5CG29S
5EEU9NJD
J7XB2TVD
H3A07AW4
9U1VCYT0
8QDD3D9L
4SO6Z4CW
0FFUU2H4
EQ0I8RW6
D9T9FS5S
Z2FAWNSZ
BEASCY5A
P3S2VUWR
2TGWQVVW
I7LRXPPP
PX9J1CLC
0TPQLC0M
XPMGOAH4
1ZYXWUQ8
UYV7PM8J
HHCKASQ4
O31PMNB2
OMR34LJW
KKDEXYXW
2JGW77XI
9II7DAL2
EMRQGFAZ
24RED79G
PAMJW7PO
CG1SILGB
R6A15GM2
QQQM7YKS
I6LRY5SP
TXNIYGNV
I2Y8S7YL
YYWLKD03
PEQ87KE8
Z7TPXA3D
O1LH26BP
03ZTEB99
GKQ1HVD9
4HQEE3T4
9PFUZIX3
KD4FW72R
ZI7WVMRV
CMCDF2GW
DCIG4374
D5EZ2OV3
NE42JYBL
1K0GXQBJ
BUR85S5O
Y43ET09N
H3O7EYHT
UHDIFHW6
AIIF0T8S
233VRX1N
04TWLYBM
EGQVOXG8
NCM72M2H
30TB69YP
WL41NIQ8
ASJUDDVT
OZCOEO4A
5LTC46LK
BFYGPN2L
R9Y36077
NK6QGQ3Z
T5I0ZOHR
Y18YDRDN
87QGNX1N
MTF3XMC4
KT9QXW7Q
91PGDW2B
Z7P517SY
RIC9IM8A
K89QDLJH
ZF5QH8J9
JDO577H3
JANI1NUQ
KIFK9BOQ
30BVKYI4
LXYFEKH1
ZBGZPMA7
G7ZYUF80
O34DN78H
JQN7BAII
GYJAL0BP
8PDYWQNY
TLNDG05L
HJ459NU5
SO1BL66Y
E2J8RUX8
8BU6DIT3
V6MI3TD6
96ENR4GS
1OL8KHG7
5KE4V9IC
BK8091HB
3ILDGCIP
UJRA8QNX
PEHIZL87
YQ4RVTBF
0I8P22AW
OBFR17S5
74SVEEEO
JN9YCZQK
TJ5HZXD0
7718G7KO
FNBJXCUJ
GU3UTH39
01HAY2BS
T4AG909V
M16IRJ9R
4E68ZPC1
X7JLUJ6B
2FLMKPZY
W7PS0F47
PUJKYXDS
2X8JYNFN
5NDD8SU7
O1WJO94Q
S16F95QL
Z1L9P29O
CL5EBFCM
ZA2IWLTF
95XDTCEA
H82TR4E5
FN6KD6TC
MTXCIL3G
TQ5A2YEQ
1UUYHP0X
16M7JWKV
RNUVYYKR
BCC4MG98
55VEUM77
GF4UPFG7
PNQQW2U7
KSPC7D98
25YTUF1I
8XA1D2FU
NCT6L3O2
QBA0RTNY
9VBJ6Y4S
FJQQND7B
GKVBFRF9
OST8NLQQ
NQE0AUN8
J31Y5SEU
6RT1FKZI
YY6UXTNW
Y88QF02R
DWMJGPBI
H1R14U9W
H53F1POG
9YB1OCVK
OCNN1PYN
G7C7OTIB
KAC2N40V
XGW5Y4ER
2DDT5GNU
MWS1SWCZ
46WGHKQE
2KBKQI80
5OJ3TU7L
B8C4HLJW
JC0RWY9I
XCDVBDQL
Y7M0SLTR
J6SL26OV
VCUPO5HX
ZH4YODM7
DPPEU3MN
4D8MRMQ1
951KBYRD
44BFVXV5
VK00MFCY
VOWP2723
9C8UP9Z6
KB5TCBMH
RH7BMPTF
6USFH2JU
2GEW7JJM
0T9Z59EU
XU1N18KI
48Q9UR58
ZL0KULM3
5RAP5QI2
ZS1XDRBK
SHADEM7U
MZE7IGS0
OHOBCKTH
05HUTZW4
2LL7SW4B
DOQLL04X
CTET8775
1O8DPWZU
PHZ280FH
ON0Q44AQ
EQWSE4OD
JQTO3BSM
VMMEVXVJ
VCW29CKU
JGQNPBX4
QG781WWO
OBOMFDGN
CZHGWNYV
OLJPIRIB
1KWI1DHW
56RFF0Q5
5CNLKZVY
GUC49OX1
2CI8E8TA
4BJZR556
R62PAKG9
5MLWSBP0
3PKMTHQA
E6FHTHP4
0JMCN3HH
OFWGVDR1
QXHY4I61
ADOW48PV
ZXJYSC8B
XA5OCQ1S
BSAVU0OD
FGMOFLC9
NB7QMEZN
9GV755U4
68PBWNYJ
GVIFC1EO
M0WS82BC
K06OYL4Z
3CNEYST7
Z5U6EYOX
0DNOVEC1
0WB1QXYT
R8ZAH7E5
EVRKLKSM
94Q2X5QA
NVBH64HA
I7ZRSAUR
4X9DSK3S
ZSG6RTCC
W4DEP9DF
MZXA3EQ7
27KIPFGQ
TTF0GU87
5JVIV2J2
RBMV8M89
MDUVG23R
6IGNA2SU
WQG7SG9K
T695XNXL
BGCQDF4U
XNYO4878
0YBP1TY4
PKDU15C6
I26765CK
RMYOGAE6
27W5LNG8
2EXE3420
MPNH526K
CQG1Y9P0
S9U8V8GH
RCU4DZKH
A3EJO3HL
FR7HG2C7
Z4XFP32H
SP1ZADAW
RCGOZEX0
3H473FXM
B8WBO01L
SJAT9ICK
KWSBEMNT
3O9Q5OHS
G4UH7XSV
HHXX013Y
F34FUTFV
0YH3VG7W
OGMD5BDA
6MIYAGVM
M4KMFPT1
H69QZ3O2
6SC4KLCL
KJK4EU66
GYKM417F
ZE1ZQM3B
KOS5S6HA
FKIC6RAG
HB7YINOS
5FAWWLX0
17AGNEIP
ONOA8XNO
H269IWJE
HUB7GXXH
T7DVPQOD
BGP8X3PQ
4PN5YNGA
XXOHH9MM
E2YTRXA1
FRNU6GP3
I4Z6SZM6
BJAWL5LR
OWRD8PJK
905JZ62U
2QHACL85
WSX5BTBK
92BIF9XZ
QXBB4TR1
A3PZJNPO
FB5PYNMC
AU2FBYTN
HA78HINB
LXLJ6710
PPQUW43P
SEIO9XZ9
9ME8R9JH
DTMFE54T
CFM6LX9Z
7GI5JGJN
WFR5B623
SK3I8GNL
QTM3WZAD
4LKQ24YJ
DSTDHCU5
XCXWFIU2
O2IUFA3V
56K5GZZN
G6BUXWA9
SYEVZ6UV
6RT7XVX8
4ITQDFF4
1UKBZJH6
9DX9NAR8
KHJS2ZWV
IF9T9Q3B
3DI7DEEY
HLWFSFB6
YHI7ZGBG
1P479OU1
AC8P6MBM
NOUW34SP
XN0OBB92
QJQ99PEW
0K0QBAIJ
LC5MOUCV
HDBIBFA3
CLB5KTCO
V2I24XQN
X50GJ1HK
V223TF5U
2DFFF93L
UEG5ZBER
GKXO1H8M
TF2TIOCO
YOEW39I7
812G0Y2P
04LZW46Y
QGBHI9LV
GCLGSPZJ
I5JTV1SQ
881X7GU7
1UDJOJAL
FXW5G91T
ZTA8PT25
U3KMBBT5
DWRLCYJ8
PG2ICIRR
DAOFH9IB
0TF26WPX
J3P24N9C
337SF0UW
KBMABR4Q
90ZEXNZA
HYQIIHG0
XEMR8NKF
BIZO6TXT
U273XY51
TZHF8CZ5
8479TWQ0
VRI4W75W
CQGG7R6X
NCCBJVFZ
TF6VK9BQ
WI0DKNOS
B4VUV517
PAEMOVJA
5H4LO6VL
EKOIUJW4
BSRCY9V2
VX7WYX5H
1850RFNG
R2GUSZX1
NWJP91KN
PAMKZGI1
LPFU41SF
8QPJ8F1S
7FA88BWK
KJNKC8B8
0MGVN2E2
GF5WXZ19
377T9SFM
DT9RVI7D
19QEEMGX
7Y6DGZ66
FOLMW112
UPFZKL83
UI00OSRG
55GRBJ7H
FGFMQFJ2
B3V4VZTI
WPHFTOZC
C1AR2WA4
UEBDKZ1R
W06TYZGX
FARCQQJ3
391TNUVI
7FW71AWS
PUH7RLA9
ZITXHAVK
NN6U933Y
Q84K2LHG
X9MQD3UL
PYL9GKR5
003LREN5
A0L85ING
IT335UAP
KDWAVWXM
G6OIK3CR
FZ9X5MEQ
GL4NQIXV
F91KMPSC
RVRSBSWW
JCOOHSSJ
E269Q7MU
8H7U3TOP
GG7C4DJC
6MSB5MYP
4MIXENOQ
C7X1EY87
B3JP2TDG
NZD6TM3D
WQX7QXZS
O5MXD1W6
CKHDCQDE
XVU0W5TL
4YH1PPJU
GD14XVF2
BRXIU2GL
CLSK2IVV
79J7WY12
1VU6C7C3
MNK91LST
J8KZDN4K
UO5ABC28
UATEWD7B
XIJBTHVV
9L6U9HSX
B3OW7YA9
PAA5UO0L
GRVQ13RD
MZYWSK9C
S3NAAYI4
68B1MEE9
F3BDKYHJ
PRGV4MSN
P9J455V0
QTYUHAUW
2H8MC2CV
CPPR8VXO
DA9PITLX
0VKJUH9D
HDTCSCBF
SKBNSCO4
L0CA11L7
BEZJBFJW
QMROCKC1
IYI7BK5R
PN1U6WTZ
02O5Y659
CLC9NHMZ
VMGGMT2A
YJUL2U8V
A8XH37E4
C7U7BV8J
P9T3FPZT
ZQ9AKJY2
KX025VDR
N2NCUCU5
5W6UOXHR
E29OEGZU
BZ7EODAM
FGTQC2XO
E789T1ZM
WEGZN9KT
K4LS7QPH
2MW103SS
64FLJ0JP
ZCOKRJI0
74HRDGBV
WZIGWN11
KE7OAEH7
7VNS5EJO
LUTNJ4IK
UGCTJG08
0RJWJOG2
SC0S8SSP
UR4N3VBG
CGRZ2PYI
KRYFD0DL
IELARZWL
LWGCKQKN
U4E99T07
HNY6Y0JT
H9B30DIP
7ELTXV2S
HHP7IBUU
ORFBK70Q
V8M6PR0P
7K3FXMYZ
KAYA760U
GEUEP8ZP
T1H89GBH
UGGWJL37
XNRAGSHW
NVK6DCKT
LP69Z0H2
MSXPE35I
TQQ2CC74
RW494HVM
0Q2UZS7G
R8FRTH6Q
LZDI57VM
SWX4067H
6CLONPTA
NCXF8DMS
0WP2X2KO
C8N4NRAW
9PEE9MG4
TY6KPF84
WUAGYNTH
QNZXPHXA
1V6H19X2
2H284BGD
LH53U6TR
1S98NV14
W2635NQM
GL9SKBET
9XEDO55Z
SFX0M5Z0
6HYN14AC
3W37RJME
ERMIHA68
WZFJJ18S
CKG4VV94
EW3E7U5K
C31JQB8K
79PLUHJX
FYWCF7IS
JXB604EN
2B045ZU0
8MYQFMBX
A9YB3R80
K7R1EWQR
UB05C8OO
BPJL4LQK
C5J2GJMD
R2HCY9W3
GT0JMZIG
PYVZK6E6
XZ2SLIT8
5ASFJIQ3
ZLH7IJS1
KYOFKLUI
EG0PPH6H
LQR2FS4B
IOKZGCPP
5PWGL6XP
OHJMUB3M
5Q91L786
D6ICDSWQ
MTPJH9MV
8XADAZ9E
FB69KM04
BOERKJHJ
JRY714AD
OEY2IECU
E9JCKT3K
PV5LIBOS
FQBFBGU4
30LQY0YA
UR104G1S
YKD44D17
3YLNHR8Z
NW8PSFZ9
RNKKUFQA
Y2URVZX0
KNB1RII6
KHBA27NM
OV9V4ML1
0NDTUQF3
2RLPB13Y
5MIH8XTI
53EOWREK
4A0COH05
XA2IV2V4
ZU2FJ87S
MDGAT5XK
JPQ0KMRM
RI4AUPKK
F645JA2D
9FP2PH5F
J0669JVS
NP8WAG1X
T9NPF80T
9BOYA8A5
H07XN96E
T3N55EU2
ZNOFMJMM
TTCIEL01
86ECDS9S
L5VRQBPB
YBEK3RF8
APD28ZKE
5LR29U7L
WYEQ6TRL
IZO7ZUXM
R7RDUOCK
UP3H4XGF
GJ6S0FE8
CE652G09
VL4LNDJ9
C3VYEI4H
M5YX6E1R
FB94SWJI
A3H4TD3B
KVSKSQ5Q
NYFE3EPV
7PUS5YHK
Q7CCGG07
X0W2B6S2
DFKDNA6N
6XJ4C5LQ
G885VISC
BOBVM5CP
MAONRRSW
XDMOE0IJ
PBG1Z78Z
RRSAVMNT
X0BNKC4G
KVEVCVC7
UXSIOW7S
ODCLX2VB
SM7VVNSU
T0RWAK4M
5D09DIYG
VBLLAX7I
FMDZAEBF
WOWT30Y4
CFEA8I6P
OJJCELC6
NTD78IJS
MRABAR8C
L2TKBKTI
QYKXUEP5
YWHRXHDE
YPDBGKOA
YUT1OOKS
NNCC4P0G
VYRCGDWB
JN5TCU07
OPN1EL47
0H24OC19
OMFMXLLO
N2O48Z9X
EIB8WEFF
V7I43B4H
KN04GW0U
OV4NJ71G
0WNPYK7I
ZEMESAJW
5PJ9HVFZ
C4SITXNN
SQ53TOIY
J20ELBEC
627YUZI7
O4DJR09F
DFQVSR2M
PSTKS7UO
X5VLLQLI
1IBEJEV6
QV0E1J5L
UXOBUVWD
HG0J7RI0
XLS1HU2V
OFZ5R99W
OMKR32IM
IK0K19OC
XNOHEB2E
NSUWWGBX
VSFUMZZ3
65KD8DDE
29LCTELE
Q5F2PO15
