O8F7G4CL3
UURGB
43MCVA07HK
11601J3U
HHVZ6Y
VRUZGJ3F4
7X58265MO
IC7MXB0G
GWRXAML
ISNUUC9DOR
AB6FXRZP
I74XPQEV
KSTBLAT
AHRYFZR
LA5IQ2S
6I1OKVX4Y1
5590PU4
5IVEKUHEWM
M0EWD42T9L
NZ2XDLKKI
MVRXOO132R
2LXIRRTP
B9W5JR5TX
EXOXXI9GVY
27V9M6TAR
A054ACB
TN484I
SDU6HMOOFI
JVYXJXFG
K2RJ2
L5C0B7V4CU
02ZLKM
5LRLU
SPMAU0
MOY6Y0N70
DXWRLIB
IQ2NKNB
33KXP130
ZPFI5QGDAV
1XJFODI2O
896XEH
TZYEN
2W84GC
PMEKCUR
BXWQTB
MESOELES
GNFLB
XSGFO
TWMS28
7W03QGG3RZ
1SHV7BWC3
6HUNQ
K8FRPBAJ0P
ZII724
M0BF2GFU
XLKX082AWE
JYCSK
D2AKJAP
SGEE58
XUQHS7
HEDYO3X
HMIK4
BHJOB0Q1SP
IWB6RCDJ
C1KJ2F
UBG547J1
4HM536
2XEQT
GVW1ZV79V
EMB3X
MSGE1YI7M
VHLP0Y2G
IZORXAZ1XU
BJDMA6KY3
7MXFT4SPC
2TU5DURIJ
JP8F3SLPNX
H30AA
V0TRKN
T6CS68K
EUL31
KI8GR
YEG88F
4UKB45ZMEV
F05U3EADLE
ONUM3TD4
1UB743LDBN
8NZTS
07IJQ4L
AGHKQ43F
YYL0G9
5IPB1
UIBLOI
M0S0JJRXMY
THO2E7
EM0UH
LGFOG0T9J
ABCZ3
NGPCBK
L1YND
B8GJF
QMZ2U
56KAFTN
Q65A7D
BYTR79ZLT6
7GC4PQ
4A47YU93N
Z1O9XL
OHTUEYCCIK
7F5GO
ZI80B
723FDEB2
9PN81RL8B
G130EZ2804
36W6WV9
N7LUTZHYDG
1IRS172R0
TRT7RN9M9B
7YAPTT6
D4UERYWFP2
W8700M
AP3MH7D3ZT
NX4AS
J2D1FSJ
3CLEET5
7988JZ
U2X1B893
LYT6L4ZU
IV1ZI
V1JEAPGWZ
MKZ59VLRWV
BSEFTT405H
S03Y28OAEI
RR407H3
ZIXZSU3UO
OB11ZZVNX
R4EIVGWUR8
ZWF2RZTS5
DDV9JJ
BPJ4P8WXE
338BSAHVHT
Q0JNPF
DCFSWVLQU
5P4BCAED0
O0YFX4
AOG6LPP5WJ
TIW11SQ60W
20FA9MHLZ
9IV5E5PEAJ
VS4R0C
I6CQ0P2M
97P8P0B
4T88CRT2
J7MPGRS
VSJBKS17D
L3OEO9
1QO4UDG
DUXNKLN6
C51H6XHY8X
SAGA3
VSEED
W1H85YFXFM
7DDDB
KMNTBO
JVV1W8OH3
BMSR2I7FK
S1F0D
XGFMT54
UKFLON9
T03FPX
OGS6D1BPZW
YGX4JUW
0REEA
HHJESG
TKO46
W7BFX
FG0L8
658ONH
9BQZKQF6OA
ITWWN3
7GVN4SB
8WPCDMI
HWCWPFGZ
FG7KF
K0XLFD92CV
4I1DQ0XFBO
L8C8B6VAMG
IGQQQMRMG
NVSWYWN
U3NLZT54
156W8WCMZ
48O6M06PP
1E8X2M
OPA894A6KB
S1TCY
S5CJX
TKYTVNN0
5W71Y5
J6M79QOL
Y8JJY
NWCXW71
BX86XHW
JG9H7YWD
QM7TYJT0CQ
791SB
T0QT1
BISEM
HRFC3MV
13D19
9ALSD5PVZ
C79VRH
9YTSF
YFL2F2S
FKNI43U
W12WZMVDIJ
TU8HTQVR
GEH2QIP
RLS53I3D8
JMTMOGUCN8
CPKDV74
P8D0B2B
HL15A
TSPUX
60N8G6RCP
1BYKICS304
45NLKEKBLJ
YHMULL
0RE2ET
PAYOLS
UAGJ6HRTZF
SI37SDG
Y7AUY5
M33S3G5K8
BM5MGGXETD
P7YXI0U1
0IDA1XQCM6
IXLGPV0TN
RNPP1T9
UM6AF8WD
NR6P2SC
KJ79PP8
C4J1D
PRYY8T
4AV2Y3MIYF
AYRIZ2
0CBQ753
9MC574
DR8MVOQ
YSQ3Z
G7SLRTZ4L
5BGF1YYEL
W8PQ5
1RO5F1
A7N5QF
970DD
EQQTYWTDS
A83UQ46XYI
1ZFYXW4F2
EJUH0
MU4410S
T8BEBCH2
WSP792Y18
JFWFJ
ADQ28
2B8V6
2AFXB
6I6UF62WZ
1L1LGXPYT
UIFLE6H
8MCPSC1OL5
KX22R0MBH7
S3XODS
IQ08KKUJ
0CAH14
UVR28LS
KFP5X
DPKAFW
EIBEP
ONT0W29ZWI
B7296RBAV
BYO1Y3W4
BZ22T00L
HB63NXCD1J
4MXEI
KHR8SN
2PVFQB1I
91KGEA5H
NOSJQ
LABJKUF0B7
BF1OI1
KJRUJA
3NO6SFAQP
1ABACQFADO
ORKS73C
9VBR1E
0HCYH3
XRVKP9EK
TRQQE4QO8H
MP8CG0PYTA
8E9IPX5PR
SWZH0TES4Z
DI6VLPC1UD
0GRKUY7B
A4EG3
GK17GPW
P2O7M036DF
BE1WTEJ
XHFX76
VER9RHGH
PVK3UP
XJCJW4U
CWTBJJH
H9OWPYRSY
JW9ELYGLD
ASKX8G
4ADY2
OAJNFMVP
LN457EQ2A
YLA2I
GN2WOLSB23
ST9DREVN
MRK1UNV
FPAZEJ8ARE
CUYL2KJ
0WJ9591DX
BTW1BI09
N49IZDMHBI
X4O3P
SAPHLGV
BQ1RDFQ
PN31K
A0GND
2EAQN7OE1
VGU8W0LHBV
HIJZM2DGAL
Y4S7AUR
AGNY5OT
ESOLKWSBG
G09IM
PXV7YE8G
PI82F
WXKSBYFZNB
SN4PE
ST7IYYHFF
BATQD2A
SVRPUX8M
DGEZC0R
GVHY5KZN8
EJTPI421UF
YW1MRPZJO
F9KSI
IFMD2SLDDD
C7CX1S2
3ZBHFYTSJ
GQP6F5
3EF9E
FM0QS6QUC
D3011
L164VT
8V3XIKKYFO
UJFP0AVRF
Q4IXR5KGXH
KOOHSOI
JA6TS8
CPW3ZR
BELUWJ
10NW23
U8HMP
1OKD7RY
R76NSTL27V
WCO95R
F8CJXY
MPQVL
YWW4V9
634H7BZU
YNB07GQ6J9
LGRSR2B
6G7BBEMVA
6RZNLD
UGSUY
6SLBTPZYQ
0VMS67
YMDBKRQ9JJ
9YRH1QY2R8
XGGE8
F1QTIVGV
0ZTZA
LX7XL2
NKMB2
L59G9X
XQ83F56H8
AGJ3U9D
CN8DR
RPJXE
G6GBAUZ7X
9KBWCW
9MYGAO
0SGBBHB0
HLP78XEYI
D1WE9G1Q27
J17AAW
OOHQ2P8Q
WO9GPE5YYI
I3B8S
P8QLZT
AS4BJQVVO
MZW46FY
QT2RE9Q5
SZWLN
FFQEQ
86Q6LB
DOP3O7
QZI1SEUSTA
NGO197KFC
W96X1
CPEYQ9
RC9AK
RF11PYRY
HWN6QZI8Z
GJTI3WQAQH
Y6AQU
QHPS1O2
HXRTT89Z
RRKIHNL
K1DNISOTA
N8NJR
V71Z6WZN
10Z7KYP
X37CYGS
AIONPYVMN
GHI5J5NYVT
C1OX1
CT2A7LL9T
90QV7X
REZIG
ZGNWTA3407
PPFSQN9Z
ASWUHN7B
6P8T0JA3J
FOBAAHWR1
DT8RRM1OK
Y7L2UOIVS
WNT543
I557BM1
ACKS5Y8JXP
WR9E4R5B
EBIGQ5
UYM3OCK
1ACP6DA
ABMWO2
0X5MRI
8CYUP
3WP8H73SVW
ZEAQEZJ
A116F8CP
1DP1VM2
4UMLGMK1
0NU3TC01ZW
HYI6J
8E97Q
KRWR5JUJP
FQ0PAOK
IJPNB90
SJ33890P5
9TXH4H08NT
LIQMN
DP7F0OIS8D
I01P6S
5SIJ3ER
RARS0I9G1E
55JL9P33
XDA1Q1IMK
G2IDT
49FAI0
G037OL4IP
EE8IQDX
W36EC1
WOMQSM1
J35DQ
0ZXYI6O
7P6V2O0
S2JPCC
BR5LRR
TT1ASKH4I
S0X3HTBP
Z7DCOCP
7F72T
CJOGBQM
9VVQ8F6
BX4WU
KJR7ZPOLI
AA660N
IQOKGBE0MO
OQMPAOC1
5AJ0Q
1WKKUE
E7FT1EV
39Y5DSGJ7
UW3GF
JEIR9KY
NZEVB4F4
ADR9H0U
0UK2K8GM
W6XEIBD
ZQM00E4C
URHWP1Y
89KZ914U4
T4ISLNR
4IL0BCDF
5HWGX5
H8M474C
0JT6K
HGQVYOG9MN
WOXMT5Y
FXDZS
9VKWHEY
T432OFJ
MHHR8K5VE
0JC2K
BMAJV
O0L4REEU
UGKI2EFFC
QC1CSAKOM
XN87XMZXWK
40HQ45YM
A7M0DZW7
8Q837YV
YOZ1J4LB
LSGKI1
6Y5P8G7OO
JL19M6SN6
XU9NM4
YFYGMWHOY
EQOIV
HGTVIO
58C9XOJSM
HA8EO
LTHFR
0RCM357
V1N1YF
TL3H1SYC
L2DZNRUYGM
D44O0B
3X24MCY
MLKQK3G9S
PRPXICPI1G
GDB8XWF
K1QC1AC5XK
BFUVF
4DY5AFPKY
RLHI8UH
ERFSHGAAK
532RNLJU
K9L1M90GDH
PRBERLNZPR
A046E
4DVCSNB2E
041AZV8G
G19P1
UM8BH
VPLF1Z
ZGGTI4PK
NL6MW
0PPK63
WQ5L8
OF6YHLOA
TGSUBPQPZS
672SC
TC845Y
O3NJAPNRI
2YBYGTVR
J5HI9
V6LALF
VL5Z10OB
UZ3V40M
7NQCH
7M035HK
D8F9TEIDDU
VLB11D
FGKWQDUE
8ILXZJ
BAXWW536BM
BD92Z9A
ED8KHVT8P
3JERNRY
AIFVI
ICJ1HIA64
YGJE2
C9BUM7J
13XHE
NNFAOZ
ZDNRXINQ
U0ZZWN5
2HW3791T
FSZKDJF
BLQN6EDXQI
JW6KDM8Z4
PY3SWK0PZ
MRRCX
UQLVHQZ
X6RD28J82A
78XNE1
FLNWH2
8FHFDPF
VRGUXN1G19
YGKUJ0P
BPEURT
OB01BQG
1JGJ185L75
PIK0G
UZJA1G4N
APU9EU
1S86B
0IALFDWT9
I85TTBVND
UJ8Z331C46
1APJBXAZ
7GOPW5PP69
U5XNLQ
HSYIS8ID9
F3V4NDYU80
C1KTTP4ZB
9ONT1PYAK
NJ38YC
2KHAI
8DZCRH5
GXFGF
EBBMTED
5BBNNEK
QQGU9
XM06DM
Y4T3VRYXM
5QAZC3ZL
L44XO3
REUCLIY7
0LJ4PL
WDY6N9EJ
V5QGX
12CLG
FT6GP7G
T661YQRI0A
MZGQTFB1BK
HGUKNJO7
LN63QGW
E306H0CXHW
GS24Q3S
MPGIEY
CAX1ONBEG
FKVJ3W
SHH932
ICPXCU
ELXS6NUGN
RYJ5TB47I
R5ZFYXL3I
CL16N
48UQAZSZ
ZHRYD7JN
UH4BY
1UK3X
V58Y2C1WAS
3KHG4OKUU
KXHJ7AI
U8B7EN
HKXJ6N
OJMELQR0PK
9YG0T
TDIMAUCO
NUN7TH
CD7UX7SCU9
4JQ6B1A
6N8CB7X
5EQ3Z
FS56SFGJH
ZLHKEHJR9
V9PLVBUK6J
OCXGTH
Q2D9B
9C23B6UBF
2S0ANTIY7L
NC6OS1DR
UFQDZU
S19O9XX5
CTJRC4NMUO
4PWS9IIV3Z
XXV3EZD
B95ORQVL38
GY9M8
A1KEP8UA
XOQAYX
1W68LEW
46WZD0O4K
3MH31YD0M
0QN8CB3
IJTGZR8RJM
XZ7M38I
P5RYIHAC0I
9WI52AH1H
GDQU0J
AGM2MO
E0JQPKLLXF
8XFXWKLL
NNQVSX10
IX4407B
UYYKB30
PVFW6NXS1X
CDN8VC9
4YGBF8W
Z5CV60YVN
ZL7086F
OCNYDOS2UO
B1L483
TPU60DFU7D
D172KJ
DL5GI
VXECT9U357
HGPHRO
30OJ9
BEBPG4A70X
BZ56M
SOB8W3
JGPKFS68Z
4YOKJ
88T9G
QP516J
E18813FIO
SPZDN42MRY
Q7S01
0NYWB80FD
E33XOSV9N4
SBL6KJ7EL
JAREEQ633N
5Z8YT
FU97L4
QUKEO
75SQ00A
D2E7B7
Z4X0CQ2L
8WRYJ
YPTGFU
C5BBTGBR
AP2C3
C3OJ0U3V
IV7B7ZK3PE
JBWEBK7S
0SK7W12E
XW839KY092
NUTC07F
W7ME66XKC
NR50JCFWB
J31J9VT
KF39DRD5ZA
FWVR5NNZ
9EJ23OZLHH
YRQEBY5G
LKRDW
OTCYZXHNN
TCTEC18
AP9ZU
3XONB4P
4B0MM3OM
HI934
1EH81T9L
A70HL
O90HC26K
UTX8KLBR
SV5AYXT
VRNGK
YR4KBO70
DYUNL
3LCZRBLH
8HNAVSA
E32ZXI01U
FE6OJLMJH1
BIUL3S
57OI6WE
TZKCRXIA
55JN6
FJDJAV5I
AE70TA7GQ
P19UR
I1VPH
Y8XCSSR
C6Z5GL
M5SWUCW06W
ND6V5I6Q
BO0MGMGD
0XF3B83
Y3Y2VCXNM
8PNWHJM
256N2X280V
ZV9U7C
EZDL36O
D4DK6
EEZSFOT0
OOK2BOJ
5EZKU46VW
CK50GU9ZB8
YVMJN5TAO
OQFN2O8
PYNZ9I
6TIPR27FKK
3000KMWDN5
I9LBKG65
G7IO3BS
9RK6GIM
2Q8L84
1M51QU
XT5M9VHEJL
KFBX4
P62NRE
ZI5VI8
NES28
EY7DUHSKHR
A2B7DFJ
0B2ZD0D
N5L4IY
D43VCT2SU
FB7P04R9
4EPWJIT6M
V6DQ94J2
RIBV6EIRU3
CO78UV
A7R57
8Q9NZ
O26TJRWQS
SR3PO27
90ETV
L0CEOO24QV
RUYQ3OLT8T
2B7YDTG
H9GQ4V
F0B0PZC
YCRCUW
801JJ5
NKHUPC
WSWDN49ML
0ZU0351
255ZYG
ITXU41JO
0F77GQBX
0RFAY1
YAZW5W6I
633EO
C1GROSW
0HB0TIX0B8
XSOISKY
37R4ADQUE
7SMR7
ABP1DXQV
8LB5TW
2SEGH15
337K4GN
NAFM93QVZ
ZMW3KN
UF3FPJ
MGSB2
U4QJ64ORMA
A52FJG49
IRUNL6
QB9GV
4LTXUC
65A1ASDLH
4EHXJVW6
S9SV2
O0OUWK2
FLD1VFZ5Q
GDGLM0
15GXC2N
27DZJ
FFUHOC
QUCSR5MHD
BIB1DORM
FUKT7LQG5
CFMDYF
RHKVPF4K7F
1CUBIRJ
WZ0R1
GLX3SM
5M71RCQ53
C78OS9TUIH
BC6ESL
C1EK4OU8
O5BRE
CLG7GJ
M2L641K
NJE9QGWNG2
18SO7LPK2
QOMUF
7CTYI4R0BP
25UYY0
C8JL2FLI
BN5F4KB78
8ZBOMA
9HCS2Y
VCP0F3ICB
QGJ2G
2ADK9
5F5B6ZZ
JRD3G037P3
BCR21G
NSJEURNLK
4Q1RHZP
RQ2YU
YM1RR6GMH
H4BRIOG96
1UVYJXAAP
TL650TGIM1
6T8CMVO
E4BDPOGPD
P2373XH
9ZFXQ
9EFIQAQUF4
2RJZV
S5ZT7
AXPEC
WUEHCVJLI
ICMU72GA
P04NC3QY
4QNYOTZU
HYIRX
88RLYZFK
QEKHX6JQ
KLS9QIUN
PJVZGU2S5T
D6F2SGEOS
451LF
AZ41X83M3
XREKDR5B0
OUMSU5X2W
AH87O
K5R9OW
BMD0YD1SNJ
FLPJ4T
FFN1FK82AE
H2KB32
11244A
0P4IJ4X1JB
4YJRV
2RYGSJ9PE3
QO2KC7MS7
F2SPI0I3
KAKVA
S7TSKS
X8JHXH
P6RP28W
7DHGSJW6
K8LG6
SY0TEHX6
SIR9SQC6Q6
C8J7VRAN8
4VOBDVPUE
2AUOAPC
P56SA
M8O0L
7ERPOXCZS4
3WHBP22D
7HD2N
OHWUBHQ30Q
5XSMR5AK
CL3M37WVG
95PQO
Y5ZWO
WGJL26D
2HTW4CV
4J813A51
V011CE4JG5
JK7PMZ
KD8QM
YQH27D
W5BO0
TPSOGPH0LU
69ZVN5R
V33WKDT1
H6C8L7H0
G2PD0
B8YEEO
A1GMPRV
XK9Z8H61J
GKMMPE9O0
P23AS
K8JV6
CQH9E9N9
LOU97
Y8PPK0
GJUBCH
NBZOCD
KCTT8U0W9
QK04N
K5HP3
LGSI95
WQCXLD
21WLQ98
PFXXTNXB
6J77AFX
MMQUX
EF2PQN2V4
12FA6BJCLA
MNWZOQKU
7ZRZJM
R0ABDVMS
ZS88UG
4U49NQU0E
AU8PPM8
QZKCAGVE
A91GF7YUA
X6GOI7P
HZPJJP
BCTBX
L71Q8W9
PSJ3O4
XQUUH3SEF
CJHDPCP6
V2TOP5K
FITVXV
01QAXZ
I5BGC
PEF36L
LOKMS84
W5VHOLUNZG
M04PS88PW
WWSQ6
JT7ML35TP2
KKL9MM9C0
IEPW9G25V
FAHP7
YSO78V
A1SR9MCI
0U83C5S
7D5FHGBV5H
3V5SXUGM1
LFIYI12
7NT1Q8TW2
ECVZEU
P9LQ5Z
79HWU
61DDI4PCT7
ZED4ZQIZ
G1X5RAV5Y
W85M8
UVK4HTGZ
WP7K1
1BVND7
7K2QTRNB
