22
28
83
130
157
204
262
301
318
331
339
416
464
493
504
536
549
687
729
749
784
794
820
838
871
874
908
968
976
1000
1113
1147
1205
1229
1238
1248
1267
1271
1281
1292
1326
1331
1349
1354
1377
1388
1399
1422
1485
1528
1575
1593
1611
1675
1690
1701
1702
1732
1758
1810
1814
1816
1884
1886
1921
1958
1994
2040
2064
2105
2118
2174
2211
2250
2261
2315
2353
2385
2411
2489
2557
2623
2708
2729
2731
2785
2787
2802
2828
2865
2877
2880
2884
2885
2893
2937
2946
3037
3039
3077
3090
3182
3206
3208
3213
3229
3247
3250
3268
3294
3296
3297
3306
3323
3338
3415
3466
3554
3598
3615
3621
3713
3737
3742
3778
3791
3940
3949
3954
4028
4052
4082
4090
4104
4125
4146
4175
4236
4253
4320
4333
4336
4359
4427
4545
4576
4664
4737
4757
4766
4777
4780
4789
4819
4835
4850
4862
4864
4872
4893
4898
4902
4910
4916
4918
4964
4967
4977
5015
5019
5062
5084
5102
5152
5178
5274
5291
5397
5414
5431
5434
5439
5467
5484
5499
5572
5589
5669
5693
5722
5760
5804
5847
5961
5978
5989
6012
6016
6054
6158
6166
6176
6199
6215
6224
6286
6309
6313
6329
6453
6472
6486
6705
6710
6716
6746
6761
6778
6784
6786
6808
6810
6875
6895
6905
6908
6941
6983
7031
7035
7046
7073
7079
7095
7099
7113
7161
7166
7167
7225
7277
7306
7342
7432
7447
7473
7507
7511
7514
7539
7559
7575
7591
7606
7626
7669
7687
7705
7816
7861
7955
7985
8075
8100
8101
8163
8164
8179
8180
8194
8221
8248
8257
8262
8264
8346
8353
8379
8386
8400
8403
8434
8457
8508
8542
8557
8603
8621
8660
8697
8721
8738
8778
8779
8790
8804
8852
8862
8866
8932
8982
9117
9154
9211
9271
9282
9358
9373
9427
9492
9530
9550
9564
9568
9569
9603
9674
9768
9795
9824
9872
9884
10028
10051
10077
10092
10169
10200
10287
10293
10349
10380
10422
10432
10437
10486
10532
10560
10606
10627
10668
10732
10744
10746
10752
10785
10790
10807
10837
10875
10880
10896
10900
10924
10940
11007
11017
11030
11032
11050
11071
11083
11110
11126
11135
11143
11156
11176
11189
11217
11238
11268
11318
11327
11421
11425
11446
11522
11559
11562
11605
11634
11649
11666
11673
11684
11704
11717
11733
11760
11823
11956
12005
12007
12061
12157
12190
12207
12224
12239
12241
12243
12259
12283
12430
12562
12567
12589
12655
12667
12700
12702
12727
12795
12798
12808
12815
12859
12867
12868
12872
12883
12908
12915
13027
13040
13056
13143
13188
13190
13191
13205
13242
13246
13284
13320
13323
13348
13435
13453
13482
13489
13511
13529
13547
13564
13657
13710
13711
13730
13743
13802
13839
13920
13922
13942
13947
13968
14008
14049
14065
14115
14193
14196
14283
14292
14335
14359
14369
14382
14391
14394
14436
14464
14501
14510
14539
14558
14604
14627
14678
14683
14779
14790
14806
14808
14818
14821
14842
14849
14864
14904
14983
15012
15027
15102
15108
15146
15218
15255
15265
15317
15355
15375
15386
15410
15436
15468
15477
15493
15524
15624
15634
15636
15659
15676
15709
15738
15777
15793
15803
15804
15830
15856
15872
15917
16002
16013
16180
16186
16227
16250
16260
16270
16340
16360
16374
16398
16443
16477
16522
16590
16595
16681
16708
16780
16790
16807
16819
16889
16963
16970
16980
16981
17026
17055
17077
17122
17130
17163
17166
17171
17189
17191
17259
17290
17298
17341
17356
17402
17419
17459
17463
17505
17506
17549
17568
17582
17664
17668
17713
17764
17793
17818
17835
17838
17847
17875
17894
17895
17910
17912
17934
17953
18086
18103
18139
18191
18211
18252
18267
18269
18327
18352
18353
18362
18447
18471
18480
18490
18502
18513
18550
18610
18613
18637
18655
18662
18769
18828
18837
18856
18867
18951
18990
19001
19006
19064
19111
19166
19219
19233
19250
19254
19264
19310
19328
19370
19379
19428
19442
19520
19531
19553
19583
19603
19645
19651
19655
19661
19680
19694
19699
19722
19730
19797
19812
19839
19857
19909
19913
19951
19994
20004
20010
20094
20109
20160
20213
20246
20247
20251
20264
20268
20270
20289
20302
20320
20366
20368
20382
20413
20443
20623
20625
20685
20774
20876
20891
20948
20972
20999
21002
21029
21035
21258
21273
21328
21365
21374
21377
21380
21433
21447
21468
21502
21538
21591
21594
21633
21638
21654
21663
21668
21680
21682
21707
21769
21866
21918
22009
22028
22067
22089
22117
22132
22308
22355
22395
22419
22456
22462
22483
22535
22566
22569
22593
22607
22658
22673
22681
22684
22796
22840
22842
22846
22861
22875
22877
22901
22904
22987
23008
23015
23048
23088
23092
23104
23166
23184
23194
23241
23287
23301
23312
23316
23353
23369
23390
23422
23465
23466
23560
23569
23614
23646
23652
23659
23662
23665
23759
23771
23793
23836
23926
23942
23943
23963
23978
24016
24028
24045
24052
24137
24140
24164
24177
24226
24334
24369
24375
24384
24393
24397
24426
24452
24469
24536
24545
24567
24581
24664
24670
24672
24694
24710
24767
24773
24797
24823
24913
24915
24934
24937
25051
25096
25109
25223
25253
25316
25358
25515
25540
25541
25560
25563
25592
25599
25616
25665
25674
25719
25744
25745
25819
25863
25866
25870
25884
25927
25965
25997
26011
26014
26039
26043
26100
26108
26133
26156
26183
26191
26218
26225
26258
26273
26287
26338
26356
26419
26446
26453
26458
26464
26467
26519
26531
26533
26555
26587
26617
26678
26726
26768
26787
26817
26895
26904
26911
27000
27013
27036
27102
27121
27144
27160
27165
27171
27208
27214
27282
27292
27335
27367
27383
27428
27490
27512
27515
27549
27561
27574
27577
27598
27608
27610
27668
27692
27741
27749
27791
27824
27849
27897
27927
27980
27985
28008
28012
28030
28075
28079
28127
28147
28161
28205
28234
28243
28275
28322
28336
28347
28378
28392
28432
28450
28485
28525
28548
28596
28597
28649
28685
28695
28723
28728
28751
28789
28798
28841
28892
28901
28902
28903
28947
28956
29042
29043
29054
29060
29066
29094
29105
29106
29159
29165
29233
29234
29324
29325
29366
29432
29479
29534
29544
29585
29617
29699
29711
29733
29747
29804
29814
29835
29857
29873
29939
29966
29982
29990
30014
30015
30076
30084
30103
30116
30139
30144
30190
30194
30223
30278
30286
30310
30400
30408
30412
30492
30500
30508
30514
30525
30544
30631
30697
30733
30749
30764
30792
30820
30836
30867
30888
30928
30933
30936
30951
31091
31100
31114
31128
31141
31167
31201
31225
31247
31250
31254
31272
31333
31342
31359
31365
31405
31429
31442
31461
31464
31481
31490
31507
31517
31599
31665
31698
31755
31778
31788
31809
31822
31833
31859
31907
31928
31978
31986
32016
32060
32087
32167
32179
32188
32189
32235
32248
32335
32349
32351
32359
32411
32429
32499
32502
32503
32508
32526
32529
32595
32616
32643
32671
32692
32769
32818
32821
32839
32912
32914
32937
32955
32968
33025
33150
33157
33175
33202
33205
33206
33213
33285
33352
33405
33410
33413
33448
33475
33479
33495
33523
33535
33544
33573
33588
33590
33607
33608
33631
33659
33672
33693
33721
33726
33737
33740
33825
33828
33859
33862
33917
33972
33988
34008
34039
34047
34057
34060
34111
34118
34127
34132
34170
34217
34228
34232
34235
34276
34300
34323
34355
34374
34389
34405
34434
34443
34453
34458
34481
34574
34583
34675
34687
34699
34726
34747
34761
34776
34779
34812
34873
34879
34893
34900
34963
34969
35009
35013
35122
35154
35273
35325
35368
35419
35420
35455
35476
35504
35533
35566
35587
35596
35599
35644
35656
35781
35817
35828
35858
35875
35901
35985
36014
36049
36091
36101
36105
36119
36142
36196
36202
36234
36239
36271
36284
36296
36340
36384
36404
36413
36460
36495
36497
36503
36510
36557
36737
36766
36776
36783
36809
36814
36823
36833
36837
36919
36928
36934
36959
36979
36994
37003
37065
37078
37106
37197
37205
37229
37277
37279
37306
37334
37336
37359
37368
37378
37399
37430
37439
37442
37462
37482
37497
37521
37534
37567
37569
37583
37591
37681
37742
37763
37788
37814
37831
37851
37852
37875
37888
37891
37893
37926
37946
37995
38001
38052
38060
38173
38181
38210
38227
38256
38281
38283
38289
38291
38306
38343
38348
38406
38410
38422
38470
38477
38488
38489
38542
38629
38649
38650
38691
38706
38714
38723
38747
38758
38763
38770
38787
38886
38907
38918
38943
38951
38985
39111
39130
39153
39160
39172
39190
39193
39197
39204
39268
39304
39340
39348
39416
39418
39452
39461
39471
39488
39556
39559
39630
39658
39659
39687
39699
39707
39715
39726
39742
39754
39764
39779
39806
39812
39830
39866
39877
39911
39936
39962
40027
40119
40141
40166
40194
40200
40207
40244
40253
40271
40303
40334
40384
40387
40388
40453
40470
40473
40478
40492
40515
40554
40585
40603
40624
40672
40673
40687
40693
40717
40817
40849
40857
40883
40928
40959
40969
40971
41008
41029
41060
41088
41090
41096
41119
41122
41185
41407
41412
41436
41497
41519
41537
41599
41658
41666
41777
41792
41795
41796
41807
41822
41834
41838
41942
41987
41989
41998
42004
42024
42027
42037
42040
42064
42075
42094
42152
42259
42283
42299
42368
42388
42414
42417
42457
42474
42516
42528
42575
42645
42708
42722
42723
42756
42796
42857
42893
42903
42913
42917
42921
42923
42962
42998
42999
43003
43010
43019
43028
43158
43161
43196
43206
43207
43250
43283
43288
43335
43357
43359
43447
43472
43520
43538
43618
43678
43689
43692
43751
43756
43779
43797
43804
43822
43840
43909
43912
43916
43938
43979
43988
43999
44010
44044
44072
44076
44085
44093
44128
44178
44230
44410
44438
44442
44531
44544
44567
44598
44651
44667
44672
44694
44706
44779
44803
44832
44858
44868
44893
44895
44907
45066
45152
45167
45179
45195
45216
45218
45227
45236
45295
45331
45343
45408
45433
45438
45454
45615
45622
45628
45650
45725
