Zu
ans
aPk
bhX
bmK
bFE
bLF
chC
cja
cnh
cpP
cRD
dlS
dne
dpB
dsj
dtp
dxB
dSp
dZJ
edI
egr
emh
emH
etn
eAs
eGU
eKR
eXZ
eYp
fbJ
fiu
fuM
fNv
fOI
gdW
ggs
ghH
gCm
gDC
gKe
gSY
gTx
hrX
hvX
hQa
hRK
hTs
iac
icX
ivR
ixq
iCa
iEG
jcX
jer
jhl
jhZ
jDa
jGr
kcS
keP
kGb
kMC
kMX
kQA
kUr
lkP
lts
lud
luo
lwh
lxn
lYI
mBs
mBH
mZX
nfo
nxF
nAg
nDq
nFk
nGh
nMa
nNs
nRt
ocJ
omo
oFx
oLd
oWN
piS
poy
psm
pvU
pOh
pTW
pYY
quv
qyV
qzY
qBp
qCY
qVC
slT
snZ
suL
sRh
tay
tly
tot
tru
tMk
tXc
uhy
usq
uAQ
uYR
veq
vud
vvD
vxE
vyi
vFQ
wfa
wBF
wCL
wEh
wEW
wFn
wJk
wZM
xgr
xtt
xtA
xAB
xIw
xNT
xOs
xSu
xYh
ydz
yxP
yTv
yTT
yUI
zmC
zqr
zvh
zvs
zxJ
zyi
zGq
zHA
zYO
Abw
ACR
BGD
BHU
BOJ
BPu
Cok
Cpq
CsB
Cui
CyL
CRQ
CUp
CWR
Dff
DrD
DvU
