THIS
GRAB
PLAYERS
COME
DEADLINES
D0EMAVM6
Q0PTSPXO
9LDQFTZ8
925EDXTT
7ERFQTXW
GRQ21Q7G
QRB5R6DY
MSF3V874
OPO9U2AO
F69JONAF
U607DNAK
W2FJIFHX
A74CEJRD
M80WKBAD
7H7YWNSF
Z7W9DRCU
PX7INTQI
WAR69JYJ
AQLBMRP3
VVR5THZG
A46FAKM1
29UZDLTJ
8V8IH03N
1YLAF6N1
1N2V8KJH
0G1ER7JU
IT3OUSVQ
851F8E2D
N10ULE9C
HJM1651T
EDX1WLKH
IS96W5KG
9SM4RP2L
T7WT52K7
G6VL3VPP
2D0UOTKY
G6YI7THW
GP62KV5A
54MEUYLC
XDHRE9NG
GABWASVZ
G57DBC6I
APKA5DT7
RKKWLKZA
AVEA76QH
XW0B6QDQ
URHK3HQ0
YYEB91M0
CKN3IK2A
ADA8HTRR
6HQPHATV
YCDB8JJY
KUPQXMYF
QN4KP59J
7H4XRFON
VA8Z36Y1
14TX3TJC
U7M5R3FY
5REI2VII
13LYF8R2
VUTYD4MA
8UNZA5P8
EXLYGRRM
3MVNONR3
N2LHVTCO
IDP5PY33
US16GOZ9
1XK9DOZ7
4GNSOGXR
XYOU9M3Q
GCGE7DSA
5MV4P0VQ
8HQC4FOF
TTR86KR8
P08XWJXE
JFJ0G9HH
PKP7K13T
9TPHHURP
UYGSJ2KP
K0KRD2OM
ELCNEFPV
A7096C9U
U7H9IALM
EDE1ITVD
H8GHURXM
4IZGMLE5
S4GMY264
5FN771Y4
OHXEI7AE
V1I5RMWQ
38BFE3X6
ID1XDW54
7TS9NVDU
0ZDQPCJ5
1QKLYMZH
L4LUYV12
GXMC905R
J5HSJOPK
Y4VX3XOL
0793OLIY
F5N6N41M
G8VW4JQB
QMSIQC3S
W5TOQOZ4
7NIP1SZQ
XT89FH0L
TLA4C36P
UICU4L0F
6E5LGFPP
VXZQW8Q8
7XTSB8CO
QJL0Q70J
0DZQM6EE
4YALCCUX
FWAUQQOG
WHURAIKB
OM26ERO6
6H6RVDJS
PFNYXD3W
CJ37BFHM
UZSTHLJC
B0FO29I9
HEAUVZP3
DTPDYKSB
VVEWF8LX
K1CYVJJ4
36U94IET
DW6D1Q80
47K087V4
WFJU8CAL
2CRX8CAG
60TRCAVU
UUWJFVBS
JIQ8LETG
HAQQVN6C
GIKVVN44
YX0D5EQH
88J0W8UX
VT40DG66
GJ768TET
5FJN1NLZ
OY2M6KZI
847W9XEQ
NOHO2E25
MHTE5E4C
1I7PRROG
B47Z8BXP
3B1O1CQD
QW8YMFJY
0IFB28RT
J8R2VTBR
J6RS1I66
EQN945J6
TUQN6K6Y
O3DV6WY6
XHBX9YO0
P7W61SFN
E9ZR85WH
IZL51YZN
4ZN3MLD4
MTHMA7LJ
ZHVQOROC
JB2QB85H
QICFMQ78
EPNCF7WT
M79TUCBB
O1UP5PTA
SV8BIRV2
LGF489TK
FNC3CC21
KXHK8I6U
NA032HTR
O8PKLXQZ
MHYJ14UR
3RZOY4GJ
M4O4Y3HX
CF6HWHZR
68TFNTQI
1LXGZW7E
25SM8PNH
20F8ABRD
DGCGI4PA
3WCI06EB
S4G931AI
35COO52J
0NSI76D0
LE3DLN5R
ZXCZCV65
TD2XVXCE
R3TZS6XU
RMW164J6
BF7WALCY
W6H98DIV
E0OG1N5P
JLRQH2AR
RP2D4VCA
4YD4ET3Z
0CIURN3U
DJDMPYBQ
D0WGMCQS
ISS6PHPT
RL8PCBP1
ST5RHPM5
JCTXOZ6A
1DZTZ5UY
4IHJ4P8H
Z5ESQGJ6
QZ06X60S
G3DVQI52
QNBRYAOP
8J6Y8VOB
YTXOH5GN
UBT7SODI
4RTE749B
I97X6XLG
WUS2WDVN
9OMB3RJY
UAXU1GJY
GRTYTEOW
GHHQLHPL
4E402IH5
02N5U37R
SHWY6UKO
W9584Q21
4WLICTY5
8V9DTZLH
QHBFKFSV
X66HSYRS
8X6XMARS
XJDA7J8I
DRTKVQ5M
WDV329B5
JM6JJWUK
VHGGD48D
GGBC11J2
AW69P2NP
RM8NUGTG
5SMU0Z55
DZIUZY3U
4UL58OBL
SBYVHRS8
ESVN1H90
0YSY6HPN
FXVMVR9Y
QYLK43BQ
WYGTKGDN
VD4WGD3Q
JMECIM97
P1M7X1AC
Y4PXY9XT
IR227AKH
BE6ZPH8H
62AZRJRX
O02VAU04
8X6OU4V7
VM3T4I6S
GYFB2QO7
YBSHQWCF
R9R84R8J
EXQOC6HR
3CGJKDKH
F82MEP8M
IW95ECM2
QZ8Y12XO
6PKBRX77
OUBC6Z69
GVKZG760
CZKLAT01
UVLDSECN
701DE5DE
IVPPFN4G
38K84LT2
SBMRSSLB
XKC38MLJ
QYRE5XDC
RP5M7BKG
WARYNZ9R
RCUB2HPB
5GBH4OEE
5JG036OF
66603W4Q
CDZYEJA4
NE67A3IO
RMN0NPK2
1I58ATHV
98LOYNS4
72G8OUZ9
5QMAT2IV
QMRXUGFV
9VBOO0NV
SG902RSI
NWZ7YH7P
F5Y8AIYC
7RS50VGP
ZFJNU1EG
T7IDWUB1
YPQBPW7A
F18CI8OX
QP4802SU
TY6LQJQ8
MUUKH4RF
SPZ714X4
OG67VHBE
ZG6Z3NXQ
XR6T7OCV
D56UZJMG
A6C291RW
LLQTOAWH
W52BEWVU
OTYA51VT
Z003TMZG
8AJKUSHS
Y6XJSAXM
YHEJXSEC
ZIN1NHT3
6XM4V3CR
O3S1IWMX
NXEHBCP4
TSQBVBK7
7O3P3MSK
KTCSQBWF
5QIDO405
VH9QHQ1M
NG55S99I
KJXGXQ5R
6CQO97P8
JZJ2TVZU
8F2J7WPB
CKVGJ8U5
DMJ8NX2T
IGVPH6GW
M8YHUI7M
7GFNINVC
NPFOOQNF
P198PM3O
VUWR4WA6
A4RN1EPP
BSN887Y6
VFYU42Y3
07Z54YER
2TX0VMPF
6KUC5WX5
2PG2BYFZ
TXFIZ1UH
NFTGSWDW
UHPX81B4
A2TDWZO8
CPM210XB
RLMSMKY0
IH7LWCUM
KZT58WK5
EQ3HUV30
X7Q5N66D
04ETSLWV
N6N23J2U
7R5TLIYF
9O5ARTOK
RHDAQCC6
IDC23GX4
YW531CW9
9G8HAI4U
MSVTUKIZ
ILUVK6ZF
WW302S9X
5ZNQDA5H
QZM2H03U
828GH7HQ
FBEIDD4Q
E5W05N91
HOVAX866
CSOH4QL1
ANECF81W
UQNP4US9
TP0WHS3C
C8LE6H7G
9L1YRD4B
Q2ZY4V4N
FS2XQL3S
1QA7J3C9
WQEK66QN
LIUCUYK2
WWOKW1OU
7JQ2JCQI
WJQR15VT
PKXUF1MS
7G1JDYXQ
3UIYJ62H
OUZ9QWFC
UOSDLE84
LFOI9A6U
Q7GM9R1L
NBXT8YJ0
TQJ5EBU2
S3EZZECQ
RMCYC23K
BS9QS0OH
39SY1FYU
BGX0LBVH
ATIYUCDI
3725MCOZ
XASE7H5B
DYB17KK8
OVU9LB1T
TEPICNWU
I2JATQ8W
725ZRSUT
MPK70TJ1
FM3T9XZG
1WRRONTV
Q34Y8KYV
0Y5SFYV7
NRW9RT3K
WZXEVA0H
WUHF3J7K
N82JRL7G
BPGUXFUU
0CU1TLGI
TDYMKLW3
DAYQ381Q
T5TLLD75
4IWGNHET
S8V3C8CZ
Y1Y1MAFZ
T291DIXE
U22VGZHM
Z949QD05
JRHIK1F5
V6DTWPHG
9A5ZP7UV
7XMGA8KN
2PTI50AM
85Q0EFSB
EZW8E15N
TGZD14SS
VJHCLOO4
R353CSXY
2R5GKOJR
57GK8VG4
SSQ2I3JQ
4EVUL7VO
B6SMZZ59
AOY4LPTV
L2QKJD6K
BLN111NX
M6JGECGY
FVNKOF1T
ZVHM2HAV
56ZR1CX1
4DU97P1Y
E617GVQ5
92G7WBNF
Y752WOW0
XM1YG0EZ
DQ5QV16B
ZDQY6RSQ
GFUK2E3C
B9J8TXMW
D5IVQ049
RD57WLGB
DXK1OEOS
YI521293
G9BF0MET
Y2MJA9HU
XRUSVS3N
DYVXFPY5
RJSI6HUB
4V3JA7EP
CKWM71YM
VDFXY4UM
087813SR
RVKYTVRO
UOXMDA9U
NL1FOF53
UH5OVACE
68AFC05L
0DWFUDES
N8UH518C
5967FHL2
UMHQICCI
37EU1AQ8
PV56DDKE
SWHOIRUW
W6G9B7LL
71TRQ45P
OC2KG3S8
Z4YS4N30
QB9U3V3F
UVHQ1MA9
4OH1SXIV
R2NZ908R
XWPAX2S5
1KXUZTSY
4VIE63WY
OBFBYAME
8K9U0B4N
VQSZSFYN
SQ1R88IQ
NTUU7MJF
BLBHDDR4
Z45XXXPQ
QBE0AASF
C6U4RI7L
1X2PYO1M
XK7571VR
N3PUS2V1
F4GIEJQO
6Z9TRMWL
K18BRVOP
F42J976G
9VBQBEGJ
4FVBFHLM
6RZJM5IF
770MWO0B
588UOCYS
L2NCE4F3
TFN5ZSOC
S2ABDXEG
0PDE2H8M
RKMIX91H
L1M7JHE7
6GNJ1FZB
CR6QBYQ6
QZJ7HRJ0
RNXZFW3X
LS7RC6P9
194TMNB6
HWOGXOI8
PRTI46SZ
V5ZNT0VQ
IW5AG6GF
50LA439K
FXWV97G2
FXF4WAUN
ZU2Y8SD9
WF9UG6AC
8N9GZ401
HKCMF9VI
UBQZ447W
MWXFB50K
Z9AIBASU
BZ8Q0BJO
BDPT7UXV
R4K2IVKS
IYFUUDUB
N83SCBMV
INPGGLP5
4MVTUTEV
901BLDAS
WXRHHUI4
X9RAK9BD
N252ZD33
M542Y9OC
L2MLHROY
QMLGTLU1
KGT8DP3J
0GGY39WK
S12X68AM
RFGVNTI3
KD6FNBZ8
4V0XZPWF
M2ZDFZ4I
3PASUT8C
SBHPZCXC
N3ND6SWQ
NBEVPNS0
N3W0BQZJ
FP7M5NOX
JNFYC3PW
2OZAY1CM
AWC5YQPW
KW47MMCF
2N5KPUHL
ODDPOZJK
J9AN5N2P
NSTJ1U3L
IAGUVO0W
GK491PIE
MDTOF3RH
RZBHS64E
VKKATERQ
AEP2ZC5E
IYFN5BVC
FORNIQUQ
F30K3YAZ
H3IQRHC2
EGAZJ0PW
L81E9FAA
20VOLI17
098VK92R
IDM3D59W
K0TF1KZ6
PXQA2M1F
8VXVKBTN
XKOPUFZQ
H3HIGTPF
AVLPTBO5
D7RP0XWV
V9P3ZQZW
EH2V468X
7IGU3LPO
UFR26QUG
NQCFT5XX
D3M2TXVT
NQ1YF7IW
GD743HQE
3XKCQB3V
EKVYXD8O
SNS0MI8T
SPLYXVVF
V1UA954Q
U1FFW5PW
D8HATQSA
9OEI0BG2
WCZ5SXKZ
992BGH30
RDC31OKD
3I9BA1VB
JOHQL1PB
S9NHNMBC
MLPZBO7E
YD83G5QV
I7IPUD0S
PCF35Z48
HT2JS7OW
CSQW985U
UVE9S0M6
AD04AP3J
6L9ZD0LW
2RT2UB7K
FH73V6ON
5XW6FO1S
UEAS1QFG
52P3E8NN
375NI60Z
5R8OWFE3
GIH6XFLI
6PHEW4DB
CFZ76KQ0
82TZTIE6
WX7H71N4
5O72W1A1
PUOMKD98
9KTJMQOG
4TNV6Z47
EST5F1CK
86X9CNOU
HCB5RJI0
ERMY4MZ1
HS0Y6FSD
L37CMUTI
K87UCDA4
8Y87Y60Y
FTEGGS4T
SR31K9RK
Y5JDYGQD
VQUA6U2A
LPWWAXQE
JM92SPCM
5NBF972A
MZ8UJVXF
YFP57ZG9
GOT9IAAY
M9IKQKMQ
93CR740R
Q33XSHMR
HJYJ17X4
1ZX70SMD
N7F8BWRC
K7JMWITU
DY4U2FMW
KZYVHC44
9P1H83HF
U4O5BSBY
4JY9JTH7
93BHVJBO
0PX0V4CQ
4KN2JTC6
NEI7PARC
PJES1UHX
XJ4FUBCW
VOHNLAK1
NL45MIZZ
6KUA3QTK
K855IWXZ
GK1OYCUE
G25O44WA
KDNSKGGW
UFS9DT4E
CLWRBWTA
ADF47MK8
E1U3XVB3
MA692HOV
2PU44W1L
HN8W89WP
L2UY10VU
2HSA1F23
PS5PLM4T
Q1VGIRZD
W7ISBOLJ
THQ2L0IG
3LV5T6IY
M7XI5SYM
GYYSGOND
ZLCICQOK
EDWQBSHY
MDM1MLHN
83SDNUNV
ENMT209Y
2PRIK917
RNHI7D6V
LTZGFMVJ
UX88XVZ3
USQP5RMZ
Q7WB0ZB3
BYPS86BT
OBAAWZ78
VLR9URWJ
ZT26PDS9
N32LLPLB
LGM23GNR
46LJVP6X
VZV1H5W0
0KLI9ERE
L64QTAWE
XGTQ3YM6
YDFQTKI7
GFHCW79O
JPOT56CZ
2H6Y6QH0
J27CMZFV
34F00IE0
T5Q838P7
8ZQTNZ8F
82FQ0S9V
EZ5S7RLG
9JVWM22F
VB1AUYQQ
TSJ7BCQ9
7O3Y171M
W8HAM0Z5
D7EK4EXU
MYME9C9I
K7PDJNW4
MMVP3AVG
JM9M47I6
YFWREZBV
D7GKLIO3
WOJ6TT6N
C9S2U7TY
LD5TU7LW
A5VKXHWT
S9PWJ4DE
PTANDNTT
LQR6WIQK
DT2S8QU1
K6FO9V49
YGHIGTR7
QPCVXNU5
HO9YFLXS
ILUAAVMF
827678TS
ZOWORZCS
G9E992Y3
2WFPTHSJ
91CK7WT5
C0U4CPED
SB7EAYM2
DY1JKTEX
QGOF9UW6
Q2K8D25X
FZ21X26C
KVX9FQI9
2351I6WR
UG7IF7IR
ZCT3H6MD
SVPH9Z5K
YKIMUU9W
KRB23VNO
ENPJ87CI
PO7OFHCK
OU4DR3RJ
F1ESO10F
D03BXC97
0U4IN7DX
TOGTXB4P
SFA5804A
G24P3EZY
Q12NCBH9
68SK57IY
PYZO6PAC
OCBG6V8T
86ZQJZP8
YJZ0HOLV
Y3TZLYS1
O9L8KJXM
1RU8T921
OBYN67VG
AZREJEBL
V9ACOB2J
TRKLYCAF
YHGSPU45
U422O231
HKC4V7H7
75AY7SA1
18IGVT0M
DY8W80SP
14H8PNTN
0ARFFR6U
9WC47CX5
F2FBC1SK
EALUELNT
H99KHSWY
JCBEAIXE
492J2LQ3
PML5U1JE
VSDSGIG4
V5SZLY2G
HQ5SXBDC
3L9H9A6L
BVWNA8WE
EEDQ1L0T
OJSY2OB0
3WVOGKLB
HQSQJ4A3
A7NEVTTN
SKQPZ1SU
TO6TO3WT
YF56HPJE
ZSM31OLM
FI32O54F
95WZA9PT
72Y9JZSD
2QK4DKAG
CFSH8L4Y
BOXIH421
8YJLMD86
XSGX3KCY
AVECW3W9
IYJU58AV
EPLFKBMX
321BBFT2
NDTRRP7G
K2FBK7TL
WKEEJ53T
RER7AP4J
KSDHYAXW
D01ZDN1V
Z27WKFQR
ZQ6H20LY
E65LS6E7
CVJ9ID0B
H0AZAKMB
EBSDSB6D
HH58E11S
NWJQ9YPB
HBK9Q4FK
UEEGOVAY
967H6CAQ
P8M5IRRZ
Q51OARDB
2YHCQDEV
URRJMB8O
DX9PBHEQ
D8RNMJHV
904R2Q2V
51T78Q3W
VZNIP0CA
G9LWX7UI
IZK5HBON
L4DUKEDC
RF3WQT0I
H6RQULT5
UPS7NCIS
AHK28BD6
WFCYG920
33D7SPQ1
Q6G8JQQO
U23GCQSO
AERMG7TK
AGOLYICK
A0X0MGSF
KRJ6WAD7
BKWN3Y7R
0Z1CMP0O
BNZKCIIW
YR0UOBUD
JQ5NP9S7
6A1MV6X9
8K6TFMUX
FSSWCL2K
AEKB3NHB
I4GVL8N7
APO073MV
ST9473W3
10GSFX3J
HIR3E7XR
RPQMEG85
5HNXZHQV
BNYXHY4L
EIVOA3YS
LFMS55ND
6UTR09EX
ELSE0CUE
EO6Q93JK
2Q2EV9CH
3DJB7NML
FJCU3QDU
IWFVSE4U
HH5KEC7F
9I5M979Q
EN6OQZ0I
0FFDF35L
QFDZFNID
0IG8WY9B
33G0Z3M9
SB6E1OLI
89KSJKH6
VOQH0TH0
OGP0WX35
ZPWKMUCK
JCVHQ97H
DZWSD8N4
PPT72I8Z
92SC2MZP
XYPNN93Y
J5IHJN8Y
WXZD58Y7
ONSSIMK8
IRUPOUZW
DK76PYJQ
PSOTKRZ7
B7QKCG8F
8KOL8CQ0
XHX2NVR0
6FU5UWXX
UW24UWJU
RTY21KYK
YJ5KOQ8C
R6YPA0GA
0X8GUQWS
T4FBV3T8
E2PZOJYC
HSSRHZUT
52MV3ALO
CA0LUFT6
LV69BFMS
2IRTCT8T
E2L09R4R
V29XYQRT
IT3KC4LW
D9NZ4L74
PMXOE55M
A60XPKBA
XB32G4S9
4TJ9EAI7
ZYS2XHQK
D62NK4SX
XBCFNE9O
AKS38JOO
ZH1CIPVP
8RW9IH1G
D0E614ID
84SE6LI2
UYRZRM3X
PK2YC1ZW
ZHSIMUNE
KINR76SL
T3B06ZQV
Q86NPEH2
IIZ4R7BG
F4A1K3R8
1NGATRSX
X3THK26P
CIXCOONC
0JVUVNBB
CL2OP10I
JQVAI7XB
8NS0QNV1
6ESUCQTK
J06T25LO
HDL0RN1K
BA1RQQ4L
GAF8P4IX
HSETGEIS
WDG8ZL02
8XK0L5WL
4K3A7H5P
TX1D6394
NWSXYTZG
O8USTTRG
05AD7U1D
45PRFYRN
VUA3IO25
RZCH87UK
0HYV3XH4
AHBYWPFZ
6J8FLZJG
TQJDKJ4R
FFVCU2LT
QC24VUVP
1JYUJ74G
ALDNK0KW
M9YVBNZ2
2FR4HAHP
Y6HPH9KT
8ELB1XTW
8MPNRW04
9CQ6RLEI
MJ1VQWBR
HBGZZGHO
3U957TIT
CST3ZZRP
FW24VSPQ
5AHH4DYY
ACLX45AM
QGZW9NM3
OCQAH363
Y21Y8IQB
8IX8GHMB
KLXZD3GA
61CJMMJE
NKU39FXN
N2N2WSBN
YMHD1EOJ
VC42DSCJ
LYTB5EEW
AGBG1S2N
2JCVFNA2
1GH0YQVH
87MQMBVW
U5RCTVPF
NCO9D87N
XFQYKAFX
I9NMG0CH
W3WY3U7U
FVMEXZG1
2HG0FQER
JWN2XYV4
HPH3WQJX
537VSR62
W8RPK7EZ
598HO2FZ
3JE8BMEB
009VWUZW
7YY5CMGY
QDRG185N
JT0704G9
7IJO75K4
JVDVIBWS
FOBXZ715
R79409QC
YR3QX6ZK
FE7MH9GP
WZVF5NVM
BTMEFT4X
ZKTH8FM1
DZHEICBT
5XCBRJAI
XVQ33NW9
EH1OFN4U
LE6IV4U3
8UKKCEPG
MNT39PNE
V5X66GDD
X0IZ0IBU
NPMK6TRU
MCJPVNVL
EQ7R3C4U
X12YQ2ZQ
LHB6S485
OYHU7Z2U
KG4HJPZC
VXFBFM1Q
W3UDJ07K
068DCRAD
RBSWHW35
25QYR838
NQC71IAF
2INS22HN
NMSNJXT4
EFK0U841
FXEVNXH1
IGEUIAR3
YAVKQX3L
A369RNXL
GAIVUFXA
S53NVDNA
UE438X09
5Y7MEHGB
OY561L3V
JT0WSR37
7YM32TV9
F11JS5X3
FRJA9W9T
IOJFLNBO
F8B54JDC
1S1HI04Q
Y31L2UQ9
MA76I0QE
94DJ800I
RCR5FQS1
ZBE17E60
AJVA4JGU
3FFDM61F
6TU2G1WW
VGQEEG9R
KAK8BEKC
J2HXUT3A
L4T4X11M
XI0X3NNA
08D6KR9G
QXLI67QP
WP2I2Y0D
6UX1UDL4
MC01GPIA
I70GHUU2
Z0M3S5SZ
OGLTGMZX
0X62RMXV
FF4CJVY3
I6IU7AFG
BND8EH2L
BRVQ2S1M
5UHMBBYT
D35D97YQ
QJ1BTLDF
YRQH6FI1
WXYHDLTC
KFKUSK88
UDY8IXR9
TMJMI3D7
IMKT26OL
S8PSPFV0
D3WZNX8M
TWBRCE3Q
MIY2YQSG
P0WOJ9NY
CK5QGT9T
J5K5VH90
VMHWH0I7
RZSUFJNO
PC0FIZHQ
OHACUTW3
TEXDVFDJ
JUQ47IAI
N8P5OLGH
5O03UV1U
Y91NBR5G
0RDMO18T
G6RG92AG
7J3B994S
CXXEKQTJ
GZXNS4G9
E7T81PIE
AQT7MMMP
0MIKXBX9
OPT3VOA2
ZS07HMB5
LR225GF2
PBR44ANE
9Z956FCU
KOZU654M
3GB9MFPM
W1YMYG8D
X7F3N1FM
LXC7UKUX
ZOAJDYV6
1DCKMZM1
OKPIUXDY
38RFQ7KI
8AZRP2DD
8XKRGG69
VKSN3K4F
R8I5OWW9
HO3SF032
SAA7I832
6URASR5G
UV2MN1L3
AL48NQSY
1K1WP9JR
2QP41BDM
H5Y83OSW
VXXQDRP8
Q6NBOQY5
9Z7UE3HU
VQHBIU25
8OQTVJCR
K1CRIXWN
HRQKY59Y
7DVMUUQ9
PA1G76IP
RCFKJWSE
WMZQLMAT
SO66L2R5
0O82J0TR
LLUX75J2
PKMICYVC
J505SIQW
XJB5QRJJ
SBA0RN6N
I9IVBK3B
PB6FR6PM
W5JQPWPS
1ZY6HA11
EKAMBGYE
B497JYWW
3R86J7CJ
MGIHIURH
3DMHH3J4
P2NC691A
WM49NZPY
GRVG8B7R
EQ1OLEAP
UZ9I21HS
V2WW1QC4
NEINKYDH
NQQC5128
XHZ1QDXE
Y9ZS3NDO
OKLT8296
JRGEI52S
VACBRVYY
V302YFQZ
6O9W4YBE
7GWQK2F1
35XZFDWQ
NWSE8SUM
BKXNA9BZ
0Q8FNM0I
GWNW2J9J
BNR76DQQ
3LO8S9OY
5HMRSD33
YIHDS2EP
4PL78AZI
L8GIWP8E
AHX4E74P
135J6V0Q
3ZQ10DJW
YNS5DTA5
EN2VUORJ
MV1TYHAZ
1TNCMCWN
Y6OL2C2Z
ZP5QYMW3
C9L6UAVH
N5B2HV9C
QOQ1W2SD
B4NSUUG0
LNVYLPB2
PO4HUGE1
8XZOUW07
QZTN1V3L
517SFZZH
NKR1K0X9
WS0PZ1PA
VACAL7K0
4J4QUMVM
PQ6IIUV6
N5ULOL53
IUL06D1C
ZS1LKWSK
4RDKKV1P
GNRD8F4C
W7C6F0RZ
E5PI53QG
4DRQ3WGC
PDLEPO0A
9QYN41R4
SSO705UQ
UXE99K0V
94159HID
ZSOTX0SU
LJUUWT3O
H5QSNC3E
1H00CSVZ
LGHZ8JG9
MXB2YICO
UPD9G2YM
7CS71SE7
PPL9FC6P
T9HJO8LB
JNQ1AZV7
FUQANOXG
MG8XDHCR
OOCZ19OO
XHA72FVO
MPVSMQKR
DV0M8CNG
UKGETRO8
17OOLLGE
QSXKBVLL
FLGLOARJ
D5EI3GCZ
MEU9MDRB
6AG9H955
A91OJVQV
MTOX3ACV
4EE9044K
2KCXVZV8
KELGSO1O
6DHT2X7I
91JTWRYD
OHC8Y296
H5HAK0FT
5WJ259NK
GKLNPJX1
2AWVN3VG
CRQCMDT7
HRK4YYKS
NA0B6U5C
SAKCBJFC
HD77KP0W
OE85MUUU
D8A2NFNS
5TY24FU6
CMO2TX9R
4XJ77K56
HRD3KB9Q
1G04WBT2
QAGZXP2G
X12RH4ST
QZ1H38HU
5GED3M6E
66J6MVXC
IV7YP2BP
FP3I43SA
GVPJQ6LW
5K86WEX9
P8XY59M6
QSPQ3IL2
K91ZNO7V
3LC4JHQ1
WD37TQHT
M86H4KDP
T85T7KHO
R3WEKXGK
MA0WH1U5
QHHA2WDZ
IYQAF2T5
FE1UFBR2
QVN0RIVI
3E6WSORQ
RIAGI1IJ
9BNJU05V
GCQPPLUU
12UDO0BA
ST6DP9RI
6ASS56LI
GEJA5R8E
R6SAJ74W
K3DBPOCR
J5B02QMG
YUKCFPFU
8BPXXR98
B4M43MQZ
E9NZOJ83
HXK5TB8R
V0WEBZPY
8XXDBXQV
4V8NDW50
M5MLQX6J
GFKVZTZR
WZLVK4Q3
BHLZU55Q
N4LZ3DWD
MBQVP7W5
9AU9X0ZL
B5S7JCXR
25LQIC86
09ON1VC8
MURTXVNI
XN1CJEQ0
7DTESIE8
3TUMFU4E
PPPIL2SC
2LY3T6HK
U4H0WBR2
AYTXI2E3
1DLZGQXU
K85PFDP0
2KCTOL0T
G7LWTUQH
QKYBXFDQ
17GBQ85F
9B8A2BQ3
KH1E9TCK
YCI7X236
HHQLT599
I0YMMYP9
X5FXFN6F
Z8NVWES6
WWHAFCAQ
LUSIBTH9
AOTHX7YK
3F25FUS8
RSQ5UL69
WBW5DDKO
BM4GKE55
WKHXBR43
Q4LHX3DI
60Y4T0G9
5PEDFC1G
3YAM166H
JX104OG8
VH5RWY9V
NR5COP02
KC3UO61E
X6PZET6M
M8LZMGA8
3BV66853
XUT6RIZO
QV194AUM
3J5GBW00
E9G8LS3U
U8A56AY0
JY8NSEKJ
4S21W1D3
RI7M929I
JK6YDNF4
CS5FKEXE
5NW5U1U1
G9P8QGOH
93GNKB77
ZE52131D
BGM7XPMJ
M2CUABLY
H0LSH7RE
VX3VP9XI
38T05XY8
KN5SRLQM
P8AEFM29
QG83G4HP
R1F1V7X1
IID1IK0E
KPTNADBR
X12Y8QZX
DGY70EDI
C589JB6U
8Q6DK8J2
X43RF6MK
PAEZKHAJ
EVNUMT85
CVVAGN87
7494Y5UF
F0NLGD3Q
GOARFD1A
HYL6NO6V
5CKO3UJC
3OADEC3E
B5ZDU0HW
PUPERX4A
EXUNP8RP
X5RVZ2L4
JL37C35V
FAZWE7Q0
JXSFOIWQ
11W9L1NB
7TJBTTV4
ECGIOVOZ
SA6WF470
EZG0IPYN
Z88ISMS8
L3NPHBAZ
OZ1K1MSQ
L1LF99P8
G4CR3OOP
W1DUFW7F
AQZGSO99
TEWIBNC1
BX9JV9K8
B590X0US
3P93GYR6
8RGXSZGW
1ZQZ7VEZ
U5QHXWM4
UIMUXUCY
05AOVDBV
8CY26SMY
QBPHUFOR
GKLZ3WZY
S8O77ZVO
RFPBD9WG
OE8A498M
UNM0VBYZ
93Q22BDK
KC640GLX
P8GZEJA6
IZS5LQ8D
MMKWGAJP
KD2P3F5N
1DQZ2XIY
WOBY8Q2D
EF8FOVMN
GAQV80N3
AUVA672K
9OST9OHE
M9UFPW3F
QEOXAKUW
B0D366SU
N4RYWQTK
N173IMBW
OV4EWCXR
R43TQMRS
1UIB70PT
4PJUR57Z
RGVEVRAP
XF362654
S965GWL3
5ZZGJMWL
DQW97EPL
OWQ1PNZ9
5SELL54E
WR7K69HG
BQM0X9EI
D3NI9VBF
GXDSPRLI
AFOA0146
DK9L83U8
7MYT03CW
50QA4XZM
SO3943PV
R32957LN
6MKEP7KK
MF8HC4DE
KDZEZEFK
JMBE5UB8
6P2RZUNR
S0PB48N6
77SHGARY
B0JR9IGK
ZH23GDZP
UHWMLYTL
BNIEVO9R
5XIFUMUP
VJOKU17D
3ZOUGNPV
3XRVO6Y5
UEETJHGQ
ZUXN93LJ
CECB3XE6
RLTD1GU4
DPBN3VNO
F9ZK5Q86
PPF8UAHU
PDJ06EJ4
62JH7R5P
N594XYNH
S74LE8I4
L1LEIDGZ
NNHATNBI
XJFYJ83V
BUL9MR50
2493HN1N
64EQKEDC
ZZTRUR9V
GGLXIEWJ
3JCJAJ5M
UD4TV931
6IZVDKYG
WOD6MTJM
ID41L4FF
EANMBIHI
HSG44B12
VCDTV48O
4DRRN8DS
M62ZGRYP
HJGD2O7F
7MEYD1N3
BAOT8O1S
FZ5S3T5P
BA196YT8
