1
12
18
31
46
51
62
64
67
79
91
97
113
132
135
143
149
174
219
225
254
259
262
270
284
294
296
303
312
324
350
357
381
389
413
470
517
548
552
573
576
597
624
643
645
660
665
671
681
682
709
734
744
764
772
773
779
783
804
825
827
833
864
907
919
920
929
955
967
975
976
978
981
984
999
1012
1014
1026
1031
1039
1040
1045
1046
1074
1082
1085
1091
1093
1118
1129
1157
1175
1195
1215
1222
1225
1226
1235
1251
1262
1267
1269
1297
1335
1348
1365
1389
1395
1417
1420
1436
1438
1443
1452
1486
1487
1506
1528
1552
1570
1597
1601
1602
1613
1619
1637
1644
1654
1656
1677
1678
1684
1713
1739
1740
1742
1745
1746
1752
1764
1795
1802
1820
1824
1859
1880
1881
1892
1893
1899
1905
1915
1923
1926
1932
1943
1957
1958
1981
2018
2033
2038
2040
2044
2049
2072
2080
2093
2122
2135
2136
2143
2146
2147
2161
2185
2191
2197
2198
2201
2203
2224
2240
2241
2259
2276
2322
2328
2330
2353
2354
2357
2363
2364
2366
2395
2425
2457
2460
2462
2480
2486
2488
2495
2497
2538
2547
2549
2559
2560
2576
2588
2591
2592
2604
2606
2607
2610
2619
2632
2637
2650
2654
2662
2679
2683
2689
2694
2695
2698
2713
2746
2776
2814
2822
2827
2828
2874
2894
2916
2964
2978
2995
3028
3031
3040
3042
3049
3051
3061
3062
3089
3096
3111
3152
3165
3171
3176
3180
3219
3223
3224
3235
3253
3254
3261
3263
3272
3327
3333
3339
3341
3359
3366
3381
3386
3391
3403
3404
3406
3419
3423
3430
3442
3452
3460
3475
3488
3493
3495
3507
3510
3517
3528
3534
3556
3558
3572
3574
3597
3598
3635
3654
3671
3702
3703
3706
3709
3731
3756
3794
3812
3822
3831
3841
3843
3853
3861
3908
3923
3925
3926
3932
3943
3949
3964
3980
3983
3993
3999
4009
4014
4021
4059
4063
4068
4072
4107
4130
4139
4146
4159
4171
4179
4194
4205
4209
4217
4218
4240
4247
4262
4273
4278
4280
4302
4308
4325
4349
4354
4359
4366
4384
4386
4403
4406
4425
4442
4447
4463
4467
4476
4490
4514
4515
4522
4529
4545
4564
4584
4599
4633
4639
4660
4684
4687
4702
4710
4719
4722
4753
4762
4767
4793
4796
4817
4833
4855
4916
4934
4941
4943
4972
4984
5017
5019
5030
5045
5049
5059
5062
5067
5076
5077
5117
5122
5129
5136
5138
5143
5148
5156
5158
5161
5179
5181
5204
5232
5240
5248
5279
5297
5310
5316
5321
5325
5347
5352
5360
5363
5366
5384
5393
5416
5437
5440
5445
5464
5469
5475
5481
5491
5498
5499
5515
5524
5533
5558
5566
5573
5638
5642
5646
5647
5655
5680
5681
5683
5685
5708
5711
5713
5729
5742
5745
5802
5807
5817
5832
5843
5844
5845
5846
5848
5855
5861
5864
5867
5931
5940
5963
5967
5968
6001
6038
6050
6054
6113
6140
6141
6150
6155
6156
6160
6166
6171
6172
6219
6220
6222
6224
6228
6237
6240
6242
6248
6257
6266
6276
6290
6302
6332
6339
6353
6376
6383
6387
6396
6398
6416
6421
6433
6436
6443
6462
6471
6473
6517
6525
6535
6545
6557
6559
6586
6592
6596
6638
6645
6647
6651
6666
6680
6681
6705
6710
6739
6743
6746
6751
6773
6798
6802
6821
6827
6832
6848
6862
6873
6878
6880
6894
6908
6912
6926
6938
6940
6948
6949
6956
6958
6959
6967
6972
6999
7005
7029
7042
7050
7051
7052
7070
7089
7097
7128
7164
7176
7177
7182
7225
7227
7231
7242
7266
7283
7310
7321
7324
7333
7347
7348
7357
7369
7371
7374
7376
7390
7392
7395
7396
7415
7467
7470
7473
7482
7490
7514
7516
7530
7548
7551
7566
7575
7588
7589
7593
7602
7616
7634
7664
7672
7698
7729
7731
7745
7768
7769
7772
7789
7803
7817
7865
7898
7904
7926
7970
7986
7989
7996
8010
8045
8075
8080
8108
8109
8117
8139
8157
8174
8177
8184
8186
8192
8213
8228
8235
8241
8253
8255
8262
8276
8282
8288
8292
8300
8306
8317
8336
8350
8353
8402
8427
8460
8465
8469
8505
8510
8520
8522
8540
8550
8560
8576
8587
8616
8618
8621
8639
8642
8649
8652
8691
8698
8702
8707
8717
8747
8750
8774
8809
8813
8815
8822
8829
8831
8842
8846
8851
8868
8914
8927
8940
8948
8953
8964
8967
8970
8984
8989
8997
9015
9018
9031
9041
9057
9062
9063
9079
9088
9089
9093
9097
9098
9114
9116
9126
9140
9143
9150
9155
9185
9189
9210
9225
9244
9247
9253
9256
9259
9300
9330
9344
9345
9348
9355
9364
9377
9378
9380
9390
9397
9407
9411
9412
9417
9431
9433
9437
9450
9458
9483
9484
9488
9500
9512
9528
9530
9540
9547
9554
9597
9598
9611
9619
9625
9632
9656
9662
9664
9670
9671
9690
9700
9730
9754
9756
9759
9772
9774
9788
9802
9831
9841
9844
9863
9866
9877
9885
9886
9896
9906
9907
9913
9924
9930
9934
9935
9964
9978
9979
9991
10001
10038
10046
10048
10054
10055
10061
10066
10069
10077
10092
10100
10104
10105
10124
10125
10130
10138
10145
10155
10159
10175
10187
10196
10233
10242
10245
10260
10269
10290
10292
10331
10344
10357
10359
10381
10392
10404
10422
10428
10446
10452
10458
10466
10470
10474
10481
10511
10573
10589
10610
10612
10613
10617
10620
10622
10634
10650
10656
10658
10661
10663
10665
10683
10686
10700
10702
10728
10732
10741
10746
10751
10757
10766
10773
10786
10790
10793
10795
10812
10816
10836
10839
10845
10862
10880
10888
10907
10912
10925
10927
10945
10962
10970
10981
10985
10987
10988
10996
11001
11034
11037
11060
11064
11088
11090
11098
11110
11122
11132
11136
11164
11166
11169
11177
11180
11206
11210
11212
11223
11226
11245
11249
11255
11260
11266
11291
11294
11295
11306
11319
11344
11347
11364
11365
11368
11396
11403
11420
11423
11429
11446
11506
11516
11518
11519
11531
11533
11534
11540
11547
11548
11587
11595
11598
11602
11605
11610
11616
11620
11634
11636
11646
11653
11669
11670
11672
11705
11727
11733
11740
11766
11769
11771
11797
11810
11821
11834
11855
11865
11866
11873
11896
11899
11915
11928
11937
11946
11955
11958
11961
11962
11965
11970
12007
12016
12018
12033
12034
12045
12057
12097
12098
12107
12122
12125
12126
12132
12141
12168
12172
12181
12192
12217
12220
12240
12242
12248
12261
12291
12296
12306
12331
12332
12349
12357
12372
12375
12397
12410
12418
12434
12438
12461
12483
12494
12497
12505
12508
12527
12531
12532
12543
12556
12557
12559
12571
12584
12586
12587
12595
12597
12608
12620
12622
12632
12635
12643
12645
12646
12708
12751
12755
12767
12870
12881
12884
12899
12920
12927
12929
12941
12953
12957
13036
13072
13082
13124
13127
13168
13199
13205
13213
13218
13222
13265
13271
13282
13288
13304
13305
13325
13337
13345
13352
13362
13369
13370
13386
13425
13431
13439
13442
13444
13451
13458
13460
13463
13474
13496
13502
13508
13517
13522
13534
13545
13548
13552
13562
13583
13585
13589
13601
13603
13606
13617
13641
13650
13675
13676
13678
13681
13709
13716
13723
13727
13739
13771
13776
13800
13805
13819
13833
13843
13844
13880
13937
13953
13962
13967
13975
13986
13995
13996
14003
14017
14029
14033
14049
14050
14053
14064
14068
14073
14082
14098
14104
14114
14129
14155
14160
14167
14174
14182
14190
14211
14218
14222
14223
14229
14239
14242
14247
14252
14254
14263
14264
14272
14289
14295
14318
14320
14321
14326
14335
14339
14344
14348
14358
14361
14365
14375
14378
14397
14401
14405
14414
14425
14440
14456
14459
14517
14527
14531
14538
14568
14574
14595
14623
14635
14638
14676
14682
14685
14696
14704
14737
14739
14749
14751
14756
14758
14764
14803
14806
14808
14817
14829
14837
14861
14862
14869
14870
14877
14894
14929
14931
14934
14948
14954
14974
14984
14993
15007
15026
15031
15056
15091
15093
15097
15104
15107
15110
15114
15118
15120
15130
15133
15165
15212
15222
15245
15268
15276
15291
15312
15330
15341
15348
15362
15365
15366
15371
15393
15399
15428
15438
15462
15468
15495
15498
15500
15525
15535
15555
15567
15582
15587
15626
15627
15647
15648
15653
15656
15662
15664
15693
15695
15699
15714
15733
15753
15755
15759
15764
15772
15812
15817
15829
15833
15838
15850
15869
15879
15883
15891
15894
15902
15924
15934
15943
15947
15983
15994
15996
16001
16024
16041
16044
16045
16049
16066
16071
16076
16091
16092
16106
16121
16134
16138
16155
16158
16174
16178
16184
16196
16204
16207
16211
16223
16225
16236
16241
16259
16261
16267
16281
16296
16301
16313
16319
16328
16352
16353
16355
16358
16359
16363
16365
16366
16368
16369
16389
16392
16438
16455
16490
16511
16515
16528
16540
16575
16582
16583
16586
16589
16592
16593
16613
16614
16615
16620
16640
16650
16669
16670
16679
16682
16701
16704
16706
16714
16724
16744
16782
16793
16804
16829
16830
16845
16847
16873
16875
16876
16890
16921
16922
16939
16940
16946
16984
17009
17013
17016
17044
17054
17065
17069
17070
17073
17075
17099
17104
17116
17166
17169
17170
17183
17190
17197
17205
17209
17214
17217
17255
17259
17283
17296
17305
17312
17327
17334
17354
17359
17362
17393
17399
17403
17408
17460
17461
17487
17491
17492
17493
17512
17548
17557
17603
17616
17617
17634
17644
17646
17649
17664
17668
17681
17697
17724
17725
17727
17743
17751
17754
17761
17768
17774
17776
17781
17802
17803
17811
17822
17823
17828
17849
17853
17854
17866
17867
17884
17894
17900
17906
17928
17933
17943
17953
17957
17961
17995
18003
18020
18055
18059
18065
18067
18069
18077
18080
18084
18099
18110
18147
18159
18161
18206
18228
18229
18238
18240
18246
18249
18280
18315
18362
18369
18373
18374
18388
18394
18400
18404
18408
18413
18417
18427
18433
18435
18450
18454
18456
18463
18499
18501
18510
18514
18516
18530
18540
18589
18596
18598
18602
18625
18630
18641
18650
18657
18670
18683
18696
18702
18708
18712
18732
18736
18737
18741
18743
18763
18775
18783
18794
18807
18820
18830
18854
18856
18858
18886
18887
18890
18896
18904
18912
18940
18954
18955
18958
18960
18961
18991
19013
19025
19036
19064
19066
19085
19089
19131
19142
19157
19174
19186
19193
19207
19210
19240
19264
19308
19319
19335
19336
19337
19338
19343
19347
19352
19357
19368
19389
19391
19407
19421
19429
19430
19437
19439
19440
19444
19446
19454
19472
19476
19513
19520
19528
19552
19574
19579
19580
19593
19606
19615
19618
19624
19632
19643
19644
19645
19674
19675
19679
19687
19691
19703
19704
19712
19726
19727
19741
19755
19759
19772
19799
19804
19810
19811
19812
19862
19865
19868
19883
19891
19922
19931
19933
19938
19944
19967
19980
19992
19993
20019
20022
20031
20045
20090
20098
20105
20109
20120
20126
20145
20153
20158
20196
20258
20269
20280
20287
20296
20304
20340
20345
20348
20363
20364
20377
20405
20408
20409
20431
20438
20456
20458
20474
20483
20485
20492
20496
20501
20529
20538
20546
20579
20580
20585
20596
20612
20635
20640
20654
20655
20657
20686
20692
20698
20700
20721
20747
20750
20765
20788
20810
20841
20850
20853
20864
20871
20897
20917
20931
20939
20957
20975
20990
20996
20997
21004
21018
21021
21036
21037
21048
21056
21059
21063
21070
21097
21136
21166
21181
21184
21186
21193
21195
21209
21223
21226
21239
21255
21278
21280
21311
21312
21318
21335
21347
21382
21384
21403
21405
21414
21421
21425
21429
21433
21438
21441
21442
21446
21452
21473
21480
21494
21513
21515
21519
21551
21566
21602
21651
21655
21663
21664
21678
21680
21695
21729
21731
21735
21738
21746
21759
21765
21779
21793
21796
21817
21835
21847
21852
21889
21907
21910
21918
21924
21933
21936
21946
21961
21969
21974
21990
22004
22019
22035
22037
22043
22044
22050
22055
22073
22081
22082
22092
22096
22097
22104
22125
22150
22193
22208
22243
22254
22287
22338
22346
22357
22387
22397
22398
22407
22411
22424
22433
22434
22462
22478
22492
22506
22518
22543
22546
22549
22578
22583
22589
22602
22612
22674
22693
22705
22722
22735
22744
22745
22760
22773
22780
22785
22800
22809
22838
22847
22857
22866
22869
22871
22894
22895
22952
22978
23018
23021
23025
23032
23033
23036
23044
23046
23052
23056
23072
23100
23115
23137
23140
23144
23155
23160
23164
23187
23192
23196
23229
23238
23243
23251
23252
23261
23265
23272
23281
23292
23297
23306
23307
23308
23310
23314
23343
23354
23355
23363
23364
23366
23390
23446
23450
23458
23464
23473
23478
23485
23496
23506
23518
23531
23539
23546
23547
23585
23593
23596
23598
23600
23608
23609
23621
23627
23629
23646
23647
23648
23667
23673
23677
23684
23697
23702
23706
23718
23730
23736
23745
23752
23759
23778
23779
23792
23793
23799
23814
23834
23838
23848
23859
23860
23888
23901
23913
23922
23947
23948
23967
23970
23978
23979
23983
23984
23991
23997
24007
24015
24023
24037
24038
24045
24047
24050
24052
24055
24060
24061
24063
24065
24101
24114
24127
24130
24163
24176
24183
24186
24188
24209
24228
24253
24271
24286
24297
24309
24313
24320
24321
24322
24328
24345
24371
24380
24411
24419
24430
24438
24453
24471
24472
24481
24484
24492
24509
24510
24513
24519
24521
24524
24543
24559
24560
24563
24568
24573
24582
24584
24595
24611
24612
24628
24650
24684
24713
24715
24716
24731
24740
24743
24764
24789
24796
24805
24815
24819
24829
24857
24861
24866
24873
24880
24891
24903
24937
24948
24950
24954
24970
24977
24980
24991
25023
25055
25065
25066
25076
25080
25081
25083
25087
25092
25100
25116
25123
25134
25142
25158
25166
25175
25178
25183
25214
25226
25241
25246
25255
25257
25261
25262
25315
25348
25349
25350
25353
25361
25370
25379
25385
25386
25391
25392
25403
25405
25422
25428
25429
25432
25444
25449
25451
25457
25476
25485
25486
25491
25510
25515
25517
25538
25547
25588
25619
25635
25642
25649
25664
25669
25673
25686
25700
25721
25728
25732
25743
25746
25749
25819
25820
25834
25871
25884
25889
25909
25918
25927
25991
25992
26009
26018
26022
26038
26039
26056
26061
26088
26093
26107
26118
26124
26189
26213
26225
26230
26240
26257
26284
26285
26292
26293
26295
26304
26314
26330
26349
26360
26366
26371
26372
26373
26382
26384
26400
26443
26451
26452
26456
26489
26506
26509
26518
26524
26527
26536
26569
26576
26582
26616
26626
26640
26642
26657
26694
26705
26712
26716
26723
26733
26745
26765
26768
26779
26785
26796
26799
26807
26814
26821
26835
26838
26839
26841
26846
26852
26859
26868
26871
26872
26885
26912
26918
26933
26949
26979
26998
27008
27009
27045
27058
27070
27083
27089
27090
27093
27106
27123
27127
27132
27133
27137
27152
27154
27183
27199
27201
27204
27210
27219
27225
27238
27243
27248
27256
27269
27280
27303
27305
27314
27326
27341
27353
27358
27369
27370
27385
27396
27402
27413
27415
27440
27447
27456
27460
27476
27482
27485
27502
27566
27568
27607
27617
27627
27641
27643
27645
27678
27693
27694
27699
27713
27717
27721
27722
27723
27730
27741
27749
27762
27770
27771
27788
27792
27796
27800
27813
27857
27873
27889
27893
27894
27900
27913
27932
27935
27948
27954
27962
27966
27970
27997
28007
28020
28022
28027
28036
28040
28044
28052
28056
28071
28075
28088
28104
28106
28109
28112
28119
28137
28154
28162
28179
28180
28202
28208
28217
28220
28231
28251
28256
28276
28280
28285
28287
28295
28297
28329
28331
28339
28374
28376
28378
28389
28400
28403
28420
28449
28456
28465
28484
28489
28498
28502
28503
28511
28537
28555
28571
28574
28631
28636
28639
28663
28665
28673
28675
28679
28707
28752
28790
28800
28803
28821
28828
28843
28858
28876
28885
28900
28905
28918
28931
28934
28947
28952
28969
28979
28993
28999
29016
29059
29060
29078
29091
29126
29145
29147
29163
29203
29227
29242
29248
29255
29256
29264
29278
29290
29294
29313
29349
29357
29361
29364
29366
29383
29393
29397
29408
29411
29422
29454
29464
29476
29487
29491
29503
29542
29547
29557
29562
29583
29589
29603
29611
29612
29629
29644
29647
29678
29695
29705
29717
29721
29758
29759
29763
29770
29791
29803
29807
29820
29840
29856
29862
29870
29907
29915
29916
29921
29926
29927
29941
29977
29986
29995
30003
30009
30010
30025
30032
30037
30055
30083
30095
30117
30123
30130
30141
30166
30170
30198
30204
30211
30217
30225
30229
30251
30275
30278
30279
30290
30293
30328
30335
30339
30345
30363
30367
30371
30372
30404
30406
30420
30424
30434
30435
30442
30448
30457
30492
30494
30510
30523
30527
30530
30532
30542
30550
30554
30560
30564
30577
30582
30609
30611
30614
30617
30619
30647
30662
30674
30689
30695
30706
30716
30723
30735
30746
30756
30758
30791
30838
30887
30892
30901
30941
30944
30945
30952
30959
30968
30986
30989
30994
31005
31082
31095
31104
31125
31127
31129
31144
31145
31153
31171
31174
31176
31180
31187
31225
31239
31243
31249
31266
31280
31286
31319
31327
31345
31349
31351
31354
31365
31375
31376
31377
31379
31381
31384
31389
31406
31410
31412
31418
31420
31436
31444
31448
31452
31455
31459
31489
31494
31496
31504
31534
31535
31543
31546
31553
31559
31588
31596
31601
31611
31629
31634
31658
31666
31678
31696
31705
31707
31712
31735
31737
31752
31769
31773
31788
31792
31800
31801
31805
31809
31811
31813
31832
31875
31880
31883
31892
31905
31912
31913
31928
31955
31960
31975
31997
32043
32060
32062
32064
32088
32091
32096
32107
32112
32126
32139
32151
32161
32171
32191
32192
32201
32223
32229
32231
32238
32245
32251
32264
32276
32280
32281
32290
32307
32313
32332
32351
32353
32360
32395
32407
32414
32417
32447
32484
32490
32518
32520
32527
32535
32546
32558
32560
32580
32584
32602
32620
32630
32637
32648
32678
32684
32701
32709
32728
32744
32746
32792
32828
32837
32842
32866
32871
32899
32903
32958
32963
32967
32973
32985
32986
33008
33027
33032
33058
33069
33071
33073
33079
33107
33117
33122
33123
33128
33133
33141
33150
33154
33161
33173
33179
33184
33194
33207
33224
33225
33233
33252
33276
33316
33323
33327
33348
33352
33386
33391
33396
33405
33415
33426
33433
33443
33452
33469
33512
33520
33523
33561
33573
33581
33597
33603
33609
33614
33618
33620
33656
33678
33680
33689
33709
33721
33743
33746
33747
33754
33756
33761
33787
33815
33822
33830
33837
33850
33854
33861
33865
33878
33894
33895
33899
33910
33920
33989
34019
34021
34042
34043
34073
34082
34089
34090
34095
34109
34121
34123
34124
34125
34140
34152
34160
34171
34178
34188
34192
34223
34228
34236
34237
34293
34294
34309
34339
34341
34353
34361
34398
34409
34412
34413
34424
34429
34435
34444
34478
34480
34494
34503
34505
34522
34542
34544
34563
34577
34598
34603
34614
34641
34646
34666
34672
34686
34691
34712
34722
34723
34744
34746
34751
34777
34808
34824
34831
34833
34841
34843
34894
34896
34910
34928
34929
34944
34955
34961
34972
34982
34997
35012
35017
35048
35050
35055
35056
35066
35072
35091
35112
35116
35117
35118
35121
35122
35129
35139
35143
35154
35155
35157
35158
35159
35163
35164
35197
35211
35220
35227
35236
35257
35263
35272
35288
35293
35296
35316
35322
35354
35364
35383
35388
35392
35407
35412
35418
35421
35440
35446
35450
35470
35473
35478
35482
35497
35499
35515
35531
35535
35555
35561
35575
35598
35614
35616
35629
35630
35634
35644
35652
35661
35666
35689
35691
35707
35711
35717
35734
35736
35759
35769
35818
35826
35830
35856
35869
35870
35901
35902
35914
35927
35933
35937
35976
35979
35981
35988
35991
36015
36031
36044
36057
36099
36113
36120
36122
36164
36177
36186
36202
36203
36210
36233
36242
36249
36258
36283
36295
36297
36301
36319
36326
36329
36331
36335
36346
36361
36368
36383
36385
36389
36394
36426
36438
36442
36453
36456
36459
36475
36487
36520
36535
36552
36557
36559
36565
36570
36588
36622
36623
36642
36660
36687
36721
36748
36749
36759
36763
36767
36802
36836
36860
36881
36883
36893
36924
36933
36934
36954
36973
36978
36983
37009
37032
37040
37046
37051
37055
37061
37077
37078
37083
37114
37115
37145
37154
37161
37164
37186
37191
37193
37225
37234
37237
37246
37268
37276
37279
37289
37294
37299
37304
37307
37312
37320
37325
37346
37352
37353
37368
37395
37400
37432
37448
37456
37463
37498
37500
37517
37547
37553
37576
37579
37585
37596
37603
37616
37630
37642
37649
37654
37657
37675
37690
37696
37704
37710
37713
37714
37715
37719
37724
37736
37749
37752
37759
37772
37792
37818
37837
37841
37850
37862
37864
37869
37874
37877
37884
37910
37919
37920
37924
37932
37939
37941
37942
37943
37959
37980
37995
38015
38021
38028
38042
38049
38058
38067
38068
38073
38087
38091
38099
38103
38105
38117
38147
38155
38159
38161
38164
38205
38213
38222
38226
38253
38264
38267
38299
38308
38310
38313
38314
38346
38360
38372
38411
38439
38443
38450
38452
38460
38476
38495
38496
38512
38513
38550
38551
38565
38574
38577
38590
38615
38616
38617
38626
38630
38634
38670
38673
38674
38691
38708
38713
38733
38766
38767
38768
38780
38785
38790
38810
38811
38812
38813
38814
38829
38866
38869
38873
38892
38898
38899
38914
38928
38948
38959
38976
38988
38991
39000
39009
39029
39059
39090
39099
39103
39110
39114
39119
39160
39164
39176
39189
39192
39203
39206
39225
39227
39228
39247
39248
39253
39259
39263
39292
39318
39340
39341
39345
39355
39357
39358
39400
39423
39433
39440
39443
39463
39522
39530
39539
39556
39557
39572
39577
39591
39592
39608
39613
39620
39631
39645
39648
39684
39697
39700
39720
39731
39737
39743
39744
39745
39754
39759
39760
39783
39788
39790
39801
39804
39818
39859
39907
39941
39942
39950
39981
39989
40004
40027
40031
40033
40049
40075
40077
40085
40092
40111
40127
40156
40160
40180
40184
40208
40220
40242
40253
40264
40273
40278
40305
40311
40321
40326
40335
40367
40370
40384
40404
40424
40446
40449
40452
40453
40481
40486
40514
40527
40544
40545
40556
40558
40571
40575
40585
40614
40615
40625
40627
40628
40633
40652
40657
40678
40680
40683
40694
40695
40708
40715
40734
40737
40743
40760
40761
40769
40783
40800
40804
40822
40825
40837
40845
40856
40861
40872
40902
40908
40918
40931
40939
40942
40951
40954
40963
40970
40989
41009
41012
41018
41040
41064
41083
41084
41107
41181
41219
41237
41241
41247
41255
41291
41303
41304
41305
41313
41321
41332
41343
41344
41358
41367
41374
41390
41400
41414
41416
41420
41439
41457
41464
41476
41483
41513
41515
41524
41544
41551
41567
41568
41578
41589
41603
41615
41621
41622
41637
41639
41661
41662
41681
41683
41693
41722
41740
41748
41756
41762
41764
41774
41785
41797
41823
41843
41847
41878
41928
41960
41971
41976
41978
41981
41994
42003
42011
42013
42026
42051
42055
42071
42076
42077
42083
42097
42101
42102
42115
42135
42146
42154
42185
42201
42214
42220
42226
42233
42246
42264
42327
42328
42329
42346
42349
42353
42360
42364
42373
42375
42379
42417
42428
42458
42460
42476
42493
42504
42516
42524
42525
42538
42564
42573
42578
42579
42615
42627
42628
42653
42679
42686
42707
42717
42761
42762
42768
42781
42782
42803
42809
42822
42827
42828
42863
42867
42891
42935
42940
42942
42945
42958
42959
42989
43002
43009
43013
43035
43058
43065
43073
43084
43116
43125
43133
43177
43178
43223
43228
43233
43235
43267
43282
43290
43292
43330
43333
43342
43350
43382
43429
43433
43435
43452
43458
43471
43481
43483
43486
43493
43499
43508
43526
43560
43564
43601
43616
43621
43641
43660
43679
43702
43708
43725
43756
43757
43770
43773
43804
43826
43832
43835
43838
43839
43841
43842
43844
43850
43856
43862
43883
43897
43899
43910
43911
43912
43918
43919
43931
43949
43967
43973
43974
44002
44008
44016
44021
44033
44052
44063
44067
44132
44137
44166
44176
44179
44196
44205
44206
44207
44217
44233
44238
44247
44263
44286
44289
44311
44321
44326
44347
44369
44376
44390
44404
44420
44423
44428
44444
44451
44470
44520
44529
44534
44552
44571
44587
44649
44656
44664
44690
44694
44697
44702
44733
44739
44741
44747
44777
44787
44790
44793
44794
44805
44812
44818
44823
44839
44861
44875
44890
44900
44907
44921
44924
44956
44957
44967
44971
44993
45005
45013
45014
45015
45063
45071
45078
45086
45098
45144
45151
45169
45170
45210
45214
45218
45225
45242
45290
45292
45295
45298
45312
45331
45347
45363
45375
45380
45385
45391
45394
45410
45430
45439
45458
45460
45467
45503
45540
45566
45568
45573
45587
45598
45599
45607
45614
45619
45620
45627
45631
45637
45654
45657
45660
45662
45665
45691
45695
45710
45718
45739
45750
45753
45761
45767
45792
45794
45798
45820
45827
45831
45837
45852
45854
45856
45884
45891
45893
45894
45915
45934
45937
45960
45968
45972
45978
45986
45994
45995
46006
46027
46042
46052
46070
46076
46079
46088
46097
46114
46133
46136
46172
46182
46183
46214
46229
46242
46250
46255
46271
46274
46275
46280
46286
46294
46310
46320
46340
46348
46349
46360
46367
46369
46380
46395
46450
46457
46477
46487
46489
46494
46501
46527
46541
46551
46558
46593
46613
46633
46646
46664
46666
46671
46696
46703
46719
46721
46722
46727
46731
46734
46740
46755
46764
46771
46791
46797
46801
46817
46819
46820
46822
46829
46830
46843
46861
46868
46882
46890
46891
46895
46899
46927
46937
46940
46963
46974
46980
46987
46993
46999
47005
47008
47009
47034
47036
47039
47040
47046
47061
47063
47064
47083
47084
47103
47110
47120
47139
47196
47197
47201
47204
47224
47235
47242
47263
47275
47338
47348
47363
47372
47381
47406
47420
47427
47438
47443
47473
47485
47497
47504
47530
47554
47557
47559
47561
47582
47617
47631
47654
47670
47687
47704
47713
47720
47725
47734
47738
47744
47770
47785
47814
47820
47823
47833
47842
47869
47879
47889
47934
47939
47942
47947
47964
47965
47989
48000
48001
48015
48016
48031
48034
48037
48050
48060
48063
48068
48069
48075
48080
48087
48093
48112
48115
48119
48165
48184
48189
48207
48250
48258
48264
48277
48289
48298
48300
48304
48332
48356
48357
48359
48374
48409
48419
48421
48426
48442
48452
48455
48467
48468
48469
48483
48485
48499
48533
48548
48561
48573
48590
48599
48604
48607
48623
48626
48632
48649
48665
48669
48670
48671
48678
48682
48685
48704
48716
48728
48738
48746
48752
48777
48780
48782
48790
48804
48810
48811
48822
48838
48844
48859
48861
48877
48880
48885
48887
48898
48900
48923
48931
48934
48993
48994
48999
49003
49015
49018
49028
49034
49037
49046
49055
49114
49117
49129
49132
49173
49188
49189
49207
49208
49210
49221
49229
49233
49251
49252
49262
49292
49312
49314
49324
49339
49341
49364
49365
49370
49412
49429
49458
49468
49497
49499
49505
49516
49518
49528
49529
49543
49549
49575
49579
49586
49618
49624
49627
49630
49632
49643
49671
49705
49711
49714
49716
49718
49724
49735
49756
49758
49781
49788
49798
49808
49825
49833
49852
49853
49864
49869
49872
49877
49881
49884
49894
49943
49946
49954
49956
49957
49978
49992
50001
50003
50011
50017
50019
50029
50038
50044
50080
50091
50118
50136
50142
50160
50170
50171
50178
50189
50203
50205
50214
50223
50240
50242
50249
50264
50274
50292
50307
50312
50318
50323
50327
50328
50332
50341
50351
50355
50363
50367
50375
50384
50387
50406
50430
50442
50443
50455
50461
50479
50483
50487
50494
50497
50514
50523
50525
50563
50572
50588
50597
50605
50606
50610
50612
50625
50627
50632
50649
50650
50656
50657
50691
50707
50718
50721
50735
50739
50740
50748
50781
50786
50787
50792
50810
50813
50831
50834
50836
50838
50839
50841
50866
50882
50895
50901
50908
50946
50958
50961
50967
50979
50983
50987
50988
51000
51004
51041
51077
51092
51098
51099
51103
51109
51118
51140
51184
51187
51198
51207
51210
51214
51228
51258
51262
51295
51309
51310
51314
51331
51345
51353
51355
51359
51376
51379
51429
51449
51457
51474
51479
51480
51490
51492
51496
51506
51550
51581
51586
51597
51615
51639
51640
51652
51669
51676
51682
51684
51689
51694
51699
51710
51713
51754
51759
51768
51786
51792
51804
51809
51815
51832
51843
51868
51881
51884
51885
51887
51891
51911
51959
51968
51974
51983
51985
52000
52003
52008
52018
52057
52060
52070
52072
52073
52091
52094
52099
52114
52134
52146
52165
52173
52202
52204
52207
52210
52228
52245
52255
52256
52258
52277
52318
52324
52327
52333
52334
52351
52353
52372
52385
52390
52400
52427
52442
52452
52462
52496
52497
52502
52506
52510
52517
52521
52523
52558
52564
52566
52588
52604
52610
52615
52619
52625
52634
52636
52640
52643
52672
52714
52746
52757
52765
52769
52801
52808
52824
52852
52867
52873
52874
52882
52893
52918
52928
52929
52942
52945
52952
52953
52964
52973
52974
52975
52978
52996
53000
53016
53017
53019
53034
53035
53044
53068
53077
53107
53122
53150
53152
53171
53219
53221
53230
53246
53248
53267
53280
53324
53325
53344
53354
53359
53373
53378
53389
53390
53391
53394
53408
53410
53434
53442
53444
53459
53500
53514
53521
53537
53546
53550
53562
53581
53588
53591
53594
53647
53659
53668
53669
53674
53679
53690
53703
53707
53717
53726
53742
53764
53772
53779
53781
53785
53836
53848
53872
53885
53896
53906
53913
53927
53936
53938
53941
53942
53959
53985
53989
53993
54011
54036
54047
54049
54051
54056
54074
54090
54092
54103
54114
54137
54161
54166
54174
54188
54210
54217
54223
54253
54264
54274
54280
54288
54289
54296
54325
54326
54350
54353
54385
54393
54407
54414
54454
54458
54467
54471
54477
54486
54500
54512
54513
54571
54576
54584
54586
54626
54638
54644
54657
54669
54706
54715
54747
54751
54778
54782
54796
54799
54801
54806
54813
54818
54829
54833
54842
54872
54886
54890
54894
54906
54940
54941
54946
54950
54965
54970
54972
54977
54990
54998
55004
55017
55024
55043
55051
55061
55063
55071
55080
55083
55106
55112
55143
55162
55174
55185
55239
55242
55243
55253
55256
55264
55270
55277
55281
55295
55325
55353
55354
55360
55376
55405
55408
55426
55436
55439
55446
55457
55459
55483
55492
55498
55499
55503
55510
55516
55528
55535
55540
55543
55547
55554
55561
55598
55600
55604
55619
55623
55682
55704
55705
55726
55727
55728
55729
55739
55769
55774
55793
55797
55816
55818
55820
55824
55828
55831
55834
55845
55853
55860
55867
55882
55885
55895
55900
55901
55904
55912
55915
55917
55918
55927
55930
55942
55953
55959
55965
55966
55971
55985
55986
56002
56003
56006
56007
56015
56030
56036
56091
56139
56155
56156
56163
56167
56169
56173
56185
56187
56189
56194
56231
56241
56242
56267
56273
56280
56294
56300
56301
56305
56307
56345
56349
56350
56376
56398
56399
56401
56402
56408
56412
56435
56460
56463
56476
56484
56488
56494
56513
56528
56540
56545
56550
56560
56565
56566
56587
56589
56622
56677
56678
56704
56708
56711
56719
56722
56737
56743
56750
56775
56789
56802
56813
56833
56847
56849
56859
56867
56876
56895
56899
56951
56955
56967
56990
56992
57027
57036
57039
57042
57049
57057
57067
57072
57088
57091
57093
57094
57111
57117
57142
57143
57145
57164
57166
57169
57194
57203
57211
57217
57225
57231
57245
57251
57266
57287
57318
57328
57330
57340
57349
57351
57362
57373
57414
57416
57424
57425
57431
57435
57445
57468
57481
57511
57513
57516
57534
57540
57541
57551
57575
57582
57587
57614
57633
57643
57655
57658
57680
57681
57692
57715
57720
57726
57729
57752
57764
57775
57781
57787
57811
57813
57816
57822
57861
57862
57864
57868
57871
57876
57904
57918
57921
57935
57946
57976
58038
58050
58055
58084
58089
58090
58113
58134
58135
58154
58165
58166
58175
58180
58183
58196
58232
58259
58271
58273
58285
58290
58296
58298
58304
58314
58321
58334
58347
58359
58367
58390
58395
58437
58452
58466
58474
58480
58489
58502
58511
58583
58587
58595
58606
58610
58614
58634
58644
58645
58658
58660
58674
58696
58699
58705
58723
58724
58739
58746
58765
58775
58777
58790
58804
58827
58829
58845
58846
58859
58865
58881
58887
58907
58916
58919
58923
58930
58941
58966
58968
58995
59013
59026
59033
59042
59085
59095
59110
59112
59115
59121
59128
59134
59146
59148
59152
59162
59165
59226
59236
59256
59281
59283
59284
59288
59305
59311
59328
59330
59375
59387
59389
59390
59425
59429
59461
59469
59475
59479
59481
59483
59496
59525
59529
59552
59570
59579
59600
59611
59615
59622
59647
59648
59651
59663
59679
59691
59696
59711
59716
59720
59746
59750
59759
59773
59789
59797
59805
59819
59854
59877
59884
59906
59908
59935
59952
59960
59962
59965
59972
59981
59985
60029
60045
60046
60048
60057
60062
60071
60078
60083
60086
60094
60099
60105
60109
60114
60115
60123
60137
60145
60178
60179
60182
60198
60225
60236
60243
60250
60255
60268
60269
60273
60297
60298
60299
60327
60342
60346
60357
60388
60404
60422
60444
60456
60459
60479
60494
60511
60524
60558
60561
60567
60569
60581
60619
60643
60647
60659
60665
60667
60675
60693
60695
60697
60705
60725
60746
60753
60754
60771
60775
60781
60792
60865
60879
60883
60897
60912
60920
60932
60945
60956
60959
60961
60989
61016
61019
61023
61027
61033
61036
61045
61060
61064
61065
61073
61077
61086
61091
61138
61139
61151
61155
61166
61174
61199
61230
61234
61243
61266
61286
61290
61301
61320
61330
61332
61348
61377
61396
61398
61400
61410
61428
61439
61456
61460
61464
61477
61489
61505
61507
61512
61515
61539
61546
61547
61550
61554
61564
61586
61589
61598
61604
61614
61637
61646
61679
61708
61725
61728
61741
61743
61753
61754
61770
61786
61846
61858
61891
61900
61923
61952
61955
61957
61982
61995
61996
62016
62021
62025
62031
62039
62041
62046
62049
62063
62069
62070
62096
62100
62114
62123
62130
62149
62154
62167
62177
62178
62180
62185
62188
62195
62210
62213
62222
62225
62227
62236
62254
62272
62281
62283
62300
62320
62334
62335
62349
62379
62390
62392
62401
62404
62406
62407
62411
62433
62439
62490
62498
62523
62524
62536
62548
62563
62620
62621
62645
62662
62675
62676
62692
62693
62697
62702
62724
62792
62798
62832
62859
62860
62870
62871
62883
62884
62921
62926
62927
62928
62929
62968
62972
62992
62997
63013
63019
63052
63065
63066
63067
63084
63103
63109
63114
63124
63137
63152
63171
63174
63194
63224
63237
63260
63263
63281
63288
63292
63294
63301
63303
63314
63320
63336
63350
63364
63381
63393
63394
63411
63413
63431
63439
63441
63477
63483
63494
63515
63522
63544
63557
63568
63582
63601
63609
63611
63618
63619
63624
63631
63633
63639
63657
63661
63677
63682
63685
63690
63705
63715
63726
63743
63744
63764
63766
63768
63773
63775
63810
63827
63834
63837
63842
63848
63853
63857
63865
63869
63887
63891
63916
63928
63934
64017
64022
64070
64081
64092
64105
64117
64126
64127
64138
64148
64160
64162
64170
64172
64175
64177
64225
64228
64233
64244
64250
64254
64280
64281
64307
64322
64325
64342
64348
64350
64363
64366
64367
64373
64383
64391
64402
64403
64413
64436
64469
64470
64472
64498
64504
64523
64536
64541
64543
64544
64556
64560
64565
64582
64583
64640
64662
64685
64710
64713
64716
64763
64774
64822
64828
64832
64847
64860
64889
64892
64908
64933
64940
64965
64979
64996
65004
65023
65028
65033
65034
65035
65042
65044
65058
65078
65100
65141
65157
65165
65167
65180
65182
65185
65188
65193
65211
65216
65224
65242
65252
65254
65271
65301
65313
65314
65319
65322
65337
65349
65408
65416
65423
65431
65438
65450
65458
65461
65489
65504
65526
65533
65534
65543
65563
65581
65587
65597
65607
65625
65627
65639
65667
65690
65706
65707
65718
65769
65778
65793
65794
65802
65832
65839
65840
65847
65851
65872
65877
65883
65927
65931
65941
65945
65963
65964
65965
65972
65976
66001
66005
66009
66014
66028
66029
66030
66041
66054
66067
66072
66076
66082
66085
66116
66120
66140
66149
66153
66170
66180
66186
66188
66201
66205
66207
66208
66209
66211
66234
66251
66265
66266
66280
66291
66292
66301
66313
66322
66326
66329
66336
66346
66373
66377
66389
66417
66426
66442
66462
66466
66477
66478
66483
66484
66504
66520
66526
66527
66562
66581
66583
66595
66602
66616
66617
66633
66638
66653
66663
66664
66669
66693
66697
66714
66735
66741
66765
66780
66791
66795
66796
66821
66835
66842
66844
66845
66858
66900
66930
66945
66971
66974
66979
66997
66999
67021
67024
67037
67039
67076
67098
67117
67125
67159
67164
67165
67169
67185
67188
67195
67199
67204
67215
67219
67249
67255
67260
67267
67280
67281
67299
67339
67340
67342
67343
67354
67379
67419
67424
67428
67429
67450
67452
67455
67485
67489
67502
67546
67551
67561
67567
67596
67609
67644
67649
67650
67666
67671
67679
67685
67690
67739
67745
67758
67800
67814
67820
67829
67836
67846
67861
67885
67894
67900
67901
67907
67910
67918
67932
67965
67967
67969
67977
67980
67999
68023
68028
68038
68041
68053
68056
68058
68061
68072
68082
68109
68127
68129
68135
68144
68156
68158
68162
68169
68175
68177
68178
68180
68182
68193
68210
68232
68236
68249
68309
68321
68334
68335
68346
68365
68367
68383
68386
68406
68433
68437
68450
68468
68477
68478
68509
68511
68522
68550
68561
68562
68591
68607
68608
68612
68632
68638
68639
68648
68660
68668
68670
68701
68708
68714
68716
68727
68731
68734
68763
68769
68782
68790
68794
68804
68815
68822
68844
68857
68875
68932
68956
68961
68985
68994
69000
69005
69010
69018
69025
69030
69047
69052
69059
69078
69081
69084
69088
69090
69093
69100
69118
69120
69121
69130
69140
69143
69156
69158
69168
69200
69211
69224
69226
69233
69247
69269
69309
69350
69371
69373
69399
69411
69421
69422
69459
69478
69485
69501
69503
69505
69516
69528
69557
69578
69591
69594
69615
69644
69648
69650
69651
69653
69654
69674
69682
69692
69703
69706
69710
69722
69727
69732
69735
69744
69771
69783
69794
69798
69814
69835
69841
69843
69846
69848
69862
69871
69882
69896
69905
69945
69963
69981
69986
69988
69993
70030
70033
70048
70053
70057
70093
70104
70115
70132
70134
70137
70144
70145
70147
70161
70162
70165
70173
70177
70179
70184
70186
70187
70192
70195
70198
70215
70235
70255
70263
70288
70290
70322
70323
70343
70390
70396
70404
70414
70430
70458
70480
70484
70489
70490
70491
70492
70493
70496
70547
70550
70570
70585
70599
70609
70611
70635
70646
70655
70663
70666
70670
70682
70684
70687
70697
70713
70725
70757
70759
70762
70765
70771
70776
70783
70786
70793
70800
70823
70833
70850
70853
70863
70867
70882
70905
70919
70947
70953
70959
70992
71007
71027
71028
71045
71060
71066
71079
71089
71093
71106
71110
71111
71123
71124
71129
71134
71144
71185
71186
71198
71203
71212
71239
71247
71283
71290
71293
71325
71349
71350
71368
71401
71404
71418
71454
71472
71527
71542
71557
71564
71569
71572
71583
71591
71593
71595
71602
71608
71640
71651
71682
71707
71726
71731
71736
71770
71772
71804
71805
71825
71840
71914
71945
71947
71964
71976
71994
72008
72057
72067
72069
72073
72077
72078
72079
72090
72109
72127
72140
72167
72178
72184
72187
72191
72209
72217
72227
72242
72246
72251
72254
72256
72268
72276
72279
72282
72299
72308
72328
72329
72351
72358
72371
72380
72386
72389
72396
72404
72410
72413
72429
72443
72451
72461
72470
72501
72504
72507
72517
72532
72536
72537
72549
72564
72575
72590
72593
72597
72606
72613
72638
72647
72685
72691
72705
72707
72722
72724
72729
72753
72766
72770
72772
72777
72789
72796
72806
72813
72821
72823
72824
72838
72843
72853
72863
72869
72878
72885
72889
72894
72914
72916
72923
72926
72933
72936
72952
72967
72969
72983
72985
72987
72990
73060
73069
73081
73083
73089
73090
73109
73112
73113
73121
73123
73128
73131
73150
73159
73196
73203
73213
73219
73260
73276
73278
73285
73298
73300
73318
73320
73349
73355
73360
73369
73381
73383
73395
73396
73399
73447
73469
73476
73478
73481
73493
73499
73500
73501
73510
73519
73542
73543
73554
73562
73577
73591
73615
73631
73632
73634
73638
73645
73655
73660
73667
73682
73683
73702
73711
73720
73721
73730
73733
73737
73740
73759
73772
73821
73822
73830
73859
73866
73872
73873
73898
73899
73904
73918
73934
73938
73956
73959
73961
73966
73974
73976
74007
74021
74039
74070
74071
74078
74092
74099
74140
74144
74148
74167
74176
74191
74194
74201
74205
74206
74217
74219
74226
74242
74245
74251
74257
74262
74280
74285
74295
74314
74316
74326
74328
74342
74362
74408
74416
74418
74435
74436
74444
74469
74477
74489
74492
74507
74516
74517
74535
74542
74548
74550
74554
74560
74572
74578
74614
74619
74623
74635
74653
74666
74668
74678
74691
74695
74711
74734
74750
74755
74762
74808
74811
74819
74825
74828
74843
74863
74869
74890
74897
74919
74920
74923
74931
74934
74945
74986
75013
75046
75047
75051
75052
75080
75088
75102
75104
75106
75113
75119
75151
75168
75206
75212
75224
75252
75256
75279
75284
75317
75320
75328
75349
75359
75363
75380
75425
75435
75436
75438
75447
75450
75469
75484
75493
75500
75514
75529
75559
75585
75588
75590
75593
75595
75600
75604
75611
75614
75615
75626
75639
75651
75658
75659
75671
75730
75749
75761
75763
75767
75785
75790
75799
75806
75807
75811
75820
75821
75824
75828
75846
75855
75856
75860
75891
75892
75901
75907
75914
75918
75927
75933
75941
75946
75970
75976
75979
75981
75983
75991
76009
76014
76038
76039
76088
76091
76094
76114
76121
76131
76136
76146
76152
76183
76188
76201
76210
76223
76232
76233
76239
76242
76253
76262
76268
76274
76278
76280
76282
76289
76292
76305
76312
76322
76335
76346
76358
76383
76396
76406
76407
76420
76425
76426
76440
76443
76451
76454
76460
76472
76479
76482
76513
76523
76526
76528
76529
76573
76584
76601
76624
76633
76635
76651
76654
76671
76680
76691
76719
76743
76753
76761
76766
76767
76768
76773
76782
76786
76794
76818
76823
76838
76849
76862
76866
76877
76892
76905
76909
76918
76929
76955
76979
76987
76989
76994
76999
77002
77007
77015
77027
77030
77037
77039
77049
77088
77110
77114
77119
77127
77149
77197
77198
77213
77225
77230
77238
77239
77248
77259
77273
77278
77283
77292
77296
77299
77304
77310
77313
77318
77320
77338
77342
77348
77363
77365
77398
77404
77413
77414
77418
77488
77499
77507
77519
77528
77548
77558
77560
77569
77586
77608
77617
77642
77647
77648
77653
77661
77677
77690
77712
77718
77725
77737
77750
77768
77774
77802
77804
77865
77873
77912
77923
77933
77935
77943
77949
77951
77967
77994
78000
78035
78038
78046
78050
78057
78073
78081
78101
78114
78116
78142
78163
78171
78202
78208
78232
78238
78258
78261
78270
78271
78277
78290
78305
78314
78322
78333
78344
78357
78372
78377
78387
78397
78399
78404
78413
78417
78439
78461
78467
78473
78474
78477
78480
78514
78522
78529
78546
78564
78574
78591
78629
78631
78651
78654
78655
78663
78676
78683
78689
78690
78693
78715
78716
78720
78723
78728
78734
78746
78754
78778
78788
78808
78820
78821
78873
78874
78878
78882
78897
78904
78916
78931
78942
78965
78974
78975
79001
79002
79019
79035
79049
79053
79058
79077
79079
79086
79149
79179
79196
79210
79229
79242
79252
79263
79270
79298
79324
79336
79337
79338
79339
79351
79352
79360
79379
79384
79404
79414
79419
79436
79439
79448
79456
79461
79471
79491
79515
79522
79526
79528
79530
79568
79569
79577
79590
79594
79603
79629
79639
79674
79677
79689
79696
79698
79707
79713
79727
79736
79747
79748
79753
79755
79796
79797
79803
79807
79819
79821
79859
79892
79897
79898
79909
79928
79930
79935
79938
79952
79953
79971
79974
79984
79986
79990
79998
80001
80019
80024
80050
80079
80114
80138
80150
80151
80154
80159
80169
80211
80213
80216
80230
80243
80288
80293
80304
80315
80318
80340
80341
80366
80376
80378
80386
80407
80408
80412
80414
80462
80473
80475
80482
80495
80508
80511
80540
80542
80546
80550
80551
80571
80572
80584
80606
80621
80633
80640
80644
80656
80690
80691
80709
80718
80744
80772
80790
80816
80822
80826
80828
80829
80847
80855
80859
80864
80880
80899
80902
80908
80922
80927
80933
80940
80944
81002
81005
81018
81031
81033
81034
81037
81040
81046
81058
81068
81073
81097
81098
81110
81119
81130
81136
81156
81159
81164
81176
81181
81190
81211
81218
81244
81245
81252
81260
81264
81274
81275
81285
81292
81296
81304
81309
81313
81322
81323
81334
81350
81353
81367
81377
81388
81416
81429
81459
81464
81466
81482
81493
81497
81530
81533
81535
81538
81556
81582
81607
81617
81646
81669
81681
81715
81717
81737
81744
81746
81758
81762
81774
81785
81798
81803
81810
81817
81869
81881
81903
81922
81925
81935
81968
81976
82007
82013
82014
82015
82018
82057
82078
82079
82092
82098
82106
82110
82117
82128
82146
82154
82164
82165
82179
82184
82197
82206
82242
82243
82258
82271
82283
82289
82290
82360
82380
82382
82399
82403
82418
82425
82449
82450
82468
82552
82556
82559
82583
82586
82592
82619
82632
82658
82663
82667
82669
82677
82681
82701
82705
82723
82733
82737
82776
82791
82803
82813
82816
82829
82831
82857
82858
82861
82868
82875
82879
82881
82883
82897
82908
82930
82995
83006
83008
83010
83015
83024
83047
83049
83055
83077
83083
83084
83109
83125
83142
83157
83163
83168
83197
83198
83216
83239
83243
83248
83256
83259
83260
83305
83313
83320
83334
83342
83355
83362
83363
83369
83380
83395
83403
83426
83431
83438
83470
83479
83500
83519
83538
83548
83570
83586
83605
83607
83637
83642
83643
83656
83665
83672
83675
83696
83707
83710
83721
83724
83751
83766
83768
83770
83771
83775
83789
83791
83802
83806
83808
83813
83814
83817
83820
83844
83859
83867
83870
83927
83931
83933
83963
83972
83997
84020
84026
84030
84047
84054
84056
84092
84097
84108
84117
84134
84179
84189
84190
84192
84227
84275
84289
84291
84292
84299
84310
84321
84323
84324
84343
84346
84353
84355
84371
84372
84378
84402
84411
84414
84445
84451
84460
84477
84487
84497
84499
84505
84515
84517
84520
84523
84530
84542
84548
84550
84552
84554
84576
84599
84636
84649
84656
84666
84686
84693
84714
84715
84719
84726
84727
84734
84741
84745
84771
84796
84807
84842
84857
84858
84871
84904
84924
84925
84926
84950
84954
84958
84961
84973
84977
84986
85023
85026
85068
85087
85108
85118
85131
85144
85152
85157
85182
85184
85220
85221
85224
85234
85246
85249
85291
85292
85310
85315
85320
85324
85332
85335
85363
85391
85406
85427
85440
85448
85452
85464
85486
85498
85521
85529
85531
85596
85598
85603
85607
85608
85613
85614
85618
85623
85654
85680
85687
85689
85694
85697
85701
85714
85732
85743
85744
85753
85754
85757
85762
85798
85805
85837
85839
85856
85858
85859
85864
85866
85874
85877
85879
85880
85895
85898
85909
85912
85913
85939
85945
85947
85958
85965
85975
85998
86004
86012
86016
86088
86098
86108
86122
86170
86174
86192
86224
86235
86238
86243
86256
86260
86271
86276
86282
86300
86305
86309
86315
86330
86355
86361
86362
86364
86376
86390
86402
86413
86430
86431
86464
86468
86489
86502
86515
86518
86522
86529
86530
86542
86544
86586
86616
86654
86661
86663
86678
86686
86689
86690
86696
86698
86712
86722
86733
86739
86774
86785
86786
86790
86802
86810
86815
86819
86824
86842
86862
86875
86879
86885
86890
86897
86909
86917
86931
86937
86955
86967
86979
86992
86993
86994
87018
87026
87038
87047
87075
87096
87117
87126
87134
87144
87145
87148
87155
87172
87193
87196
87224
87230
87231
87278
87293
87315
87325
87364
87368
87400
87414
87416
87421
87432
87439
87449
87452
87458
87496
87501
87526
87541
87567
87573
87579
87600
87610
87614
87629
87639
87664
87669
87679
87681
87685
87694
87720
87724
87736
87744
87748
87749
87759
87764
87785
87824
87856
87892
87893
87901
87909
87918
87938
87993
88015
88026
88036
88070
88076
88099
88100
88116
88127
88133
88143
88149
88159
88166
88169
88195
88198
88214
88224
88225
88229
88234
88241
88263
88289
88292
88316
88326
88346
88353
88358
88396
88456
88476
88477
88482
88486
88487
88505
88513
88543
88547
88550
88554
88596
88601
88614
88635
88649
88663
88678
88679
88686
88691
88703
88706
88711
88719
88725
88730
88774
88780
88795
88805
88838
88844
88858
88864
88869
88871
88893
88899
88920
88935
88953
88957
88971
88980
88987
88998
89015
89034
89038
89041
89058
89062
89063
89067
89075
89105
89109
89114
89127
89133
89141
89148
89154
89156
89169
89181
89207
89227
89251
89252
89264
89267
89268
89287
89288
89293
89300
89317
89338
89348
89358
89364
89382
89387
89391
89400
89410
89411
89415
89421
89485
89486
89502
89511
89528
89545
89551
89578
89590
89615
89653
89662
89687
89700
89701
89706
89711
89722
89737
89739
89761
89765
89800
89801
89806
89812
89831
89837
89839
89845
89873
89888
89897
89898
89908
89923
89925
89934
89935
89940
89967
89968
89979
90015
90038
90041
90056
90100
90102
90120
90131
90171
90177
90178
90182
90198
90232
90236
90249
90255
90263
90284
90285
90290
90293
90296
90297
90318
90335
90341
90346
90360
90402
90415
90420
90445
90449
90480
90483
90493
90511
90520
90532
90543
90556
90557
90561
90567
90577
90583
90606
90648
90656
90670
90683
90697
90709
90761
90763
90775
90817
90832
90836
90850
90855
90860
90870
90872
90893
90927
90943
90953
90973
90981
90983
91000
91003
91017
91023
91044
91046
91052
91109
91116
