2
15
20
28
42
62
70
81
84
88
94
99
116
139
145
163
170
180
183
192
196
200
207
220
223
236
254
255
256
265
283
300
314
338
341
349
379
397
446
463
479
488
501
514
521
523
532
536
546
555
607
608
611
612
624
626
628
629
636
662
696
719
721
755
763
775
784
810
812
816
822
823
855
873
884
905
910
946
953
964
977
979
982
995
999
1013
1014
1017
1035
1038
1065
1108
1109
1121
1169
1175
1200
1208
1212
1226
1233
1241
1247
1255
1260
1274
1281
1292
1314
1320
1332
1334
1345
1357
1371
1375
1420
1426
1443
1444
1465
1468
1477
1482
1506
1522
1523
1525
1542
1548
1555
1565
1620
1649
1662
1665
1669
1686
1694
1703
1704
1718
1720
1730
1737
1742
1749
1753
1757
1770
1778
1780
1784
1797
1799
1815
1838
1862
1893
1953
1976
1977
1987
1993
2016
2018
2053
2069
2070
2131
2137
2150
2186
2192
2193
2198
2214
2236
2242
2255
2280
2282
2295
2301
2302
2303
2306
2393
2398
2429
2430
2438
2448
2473
2488
2516
2533
2537
2577
2592
2601
2602
2612
2646
2665
2693
2696
2776
2786
2793
2797
2805
2816
2817
2848
2850
2853
2888
2908
2924
2941
2948
2953
2958
2966
2968
2974
2978
2988
2998
3003
3031
3043
3064
3073
3079
3122
3126
3155
3160
3162
3183
3194
3204
3217
3222
3236
3238
3246
3263
3265
3266
3269
3280
3289
3302
3323
3348
3366
3393
3407
3415
3425
3436
3470
3492
3499
3500
3501
3509
3512
3514
3531
3541
3553
3566
3567
3571
3590
3592
3608
3614
3629
3632
3650
3674
3707
3712
3722
3729
3764
3765
3776
3787
3816
3830
3840
3842
3852
3876
3883
3902
3903
3928
3929
3940
3946
3955
3991
4004
4020
4027
4046
4065
4068
4074
4081
4089
4104
4125
4131
4133
4142
4149
4186
4190
4197
4229
4230
4251
4301
4310
4315
4316
4328
4335
4342
4344
4348
4357
4370
4371
4373
4375
4399
4408
4423
4428
4430
4481
4484
4488
4502
4503
4529
4541
4559
4606
4610
4612
4613
4618
4631
4639
4644
4651
4657
4658
4661
4662
4663
4672
4711
4716
4721
4722
4729
4763
4781
4784
4785
4797
4803
4810
4818
4843
4861
4868
4877
4878
4888
4901
4908
4918
4933
4935
4957
4964
4982
4989
4990
4997
5013
5017
5051
5061
5088
5107
5112
5128
5132
5136
5151
5172
5176
5202
5224
5230
5235
5264
5270
5275
5278
5298
5302
5306
5314
5361
5378
5383
5384
5388
5400
5418
5453
5484
5489
5491
5509
5519
5536
5540
5544
5548
5552
5572
5583
5590
5596
5601
5604
5610
5620
5636
5655
5656
5681
5717
5763
5764
5777
5788
5793
5820
5830
5834
5844
5865
5876
5880
5909
5919
5932
5933
5944
5951
5968
6037
6043
6045
6048
6049
6052
6061
6063
6074
6136
6142
6143
6155
6156
6157
6158
6159
6161
6168
6181
6271
6297
6298
6315
6324
6327
6335
6337
6338
6358
6362
6369
6383
6404
6412
6419
6427
6432
6447
6490
6513
6550
6564
6568
6587
6598
6611
6621
6622
6625
6642
6657
6665
6669
6677
6684
6712
6723
6734
6746
6747
6761
6764
6782
6790
6794
6798
6824
6835
6839
6849
6879
6892
6916
6917
6922
6927
6936
6953
6977
7013
7015
7038
7054
7123
7135
7141
7142
7173
7177
7189
7194
7199
7212
7230
7252
7266
7274
7287
7299
7310
7344
7348
7372
7386
7395
7403
7404
7425
7429
7432
7452
7459
7461
7465
7484
7488
7496
7500
7507
7525
7548
7553
7554
7565
7570
7575
7601
7616
7630
7641
7656
7660
7675
7678
7683
7698
7712
7722
7729
7740
7744
7753
7760
7761
7772
7774
7777
7816
7831
7832
7845
7849
7852
7857
7864
7884
7898
7907
7922
7926
7973
8001
8013
8036
8061
8068
8083
8143
8187
8196
8204
8224
8247
8266
8270
8287
8316
8337
8350
8353
8356
8361
8365
8411
8413
8416
8427
8430
8431
8436
8442
8444
8448
8449
8468
8489
8490
8521
8526
8533
8536
8541
8542
8567
8571
8628
8630
8642
8649
8658
8665
8666
8676
8708
8710
8716
8727
8739
8745
8757
8780
8789
8797
8804
8805
8813
8840
8876
8899
8905
8916
8942
8952
8969
8992
9015
9016
9018
9034
9039
9041
9047
9056
9080
9102
9108
9150
9170
9191
9195
9197
9209
9223
9229
9242
9244
9247
9250
9251
9276
9289
9306
9310
9330
9341
9342
9346
9350
9352
9354
9366
9369
9380
9430
9440
9454
9470
9475
9483
9507
9516
9552
9566
9585
9587
9595
9604
9641
9659
9675
9702
9709
9735
9741
9754
9764
9783
9801
9852
9895
9952
9978
9984
10015
10032
10033
10042
10046
10058
10063
10065
10085
10093
10155
10180
10192
10199
10209
10224
10225
10227
10243
10247
10248
10257
10261
10292
10298
10323
10337
10341
10348
10376
10390
10405
10427
10434
10447
10450
10478
10489
10494
10495
10502
10516
10593
10608
10614
10619
10636
10645
10649
10654
10666
10704
10730
10735
10756
10765
10767
10768
10778
10783
10794
10818
10833
10858
10861
10862
10880
10898
10904
10925
10945
10949
10950
10969
10976
10983
10986
10998
11018
11027
11030
11069
11083
11090
11108
11116
11121
11124
11125
11126
11131
11146
11164
11173
11183
11192
11245
11247
11276
11284
11295
11313
11330
11341
11345
11354
11389
11403
11431
11463
11525
11533
11553
11585
11596
11636
11651
11655
11659
11683
11688
11706
11729
11733
11734
11760
11761
11766
11769
11788
11790
11802
11803
11809
11834
11849
11852
11862
11868
11893
11947
11964
11973
11993
12013
12024
12056
12073
12076
12102
12115
12167
12176
12185
12199
12214
12222
12225
12241
12289
12304
12336
12357
12367
12377
12399
12427
12437
12439
12447
12454
12475
12493
12511
12531
12567
12591
12598
12610
12642
12657
12664
12670
12697
12721
12723
12728
12730
12761
12764
12787
12789
12791
12841
12861
12894
12914
12931
12936
12949
12974
12977
12987
12994
13031
13036
13065
13080
13083
13088
13091
13121
13122
13133
13137
13156
13167
13188
13205
13211
13214
13244
13271
13276
13285
13289
13290
13304
13317
13340
13362
13364
13366
13368
13387
13393
13401
13403
13416
13439
13460
13468
13509
13519
13535
13547
13575
13622
13631
13649
13658
13686
13695
13720
13765
13766
13770
13791
13820
13854
13881
13932
13960
13973
13997
14004
14018
14046
14050
14062
14067
14086
14090
14097
14099
14104
14105
14116
14124
14140
14187
14188
14192
14197
14209
14210
14214
14228
14229
14246
14254
14264
14311
14330
14339
14350
14358
14359
14367
14388
14404
14416
14418
14425
14443
14445
14453
14457
14474
14486
14503
14525
14531
14532
14535
14539
14592
14607
14615
14617
14656
14679
14680
14681
14706
14718
14723
14729
14732
14751
14808
14815
14817
14834
14865
14896
14907
14913
14921
14964
14966
14973
14981
14987
15011
15036
15041
15062
15070
15073
15076
15077
15090
15104
15112
15113
15115
15128
15129
15162
15168
15173
15174
15194
15212
15229
15242
15249
15258
15268
15288
15298
15315
15323
15335
15340
15342
15343
15344
15348
15351
15366
15377
15382
15390
15412
15420
15424
15470
15479
15507
15536
15578
15593
15637
15672
15696
15700
15731
15732
15734
15744
15754
15792
15798
15806
15819
15834
15847
15867
15879
15894
15899
15902
15906
15915
15930
15933
15953
15959
15980
16011
16027
16032
16044
16046
16057
16067
16075
16109
16129
16137
16151
16154
16156
16171
16191
16207
16222
16237
16238
16255
16259
16265
16279
16285
16291
16292
16341
16367
16374
16407
16418
16423
16453
16457
16467
16478
16480
16487
16500
16526
16528
16532
16539
16557
16559
16604
16644
16657
16659
16669
16678
16683
16690
16699
16702
16705
16718
16727
16735
16739
16747
16758
16771
16791
16816
16829
16831
16836
16839
16840
16846
16855
16898
16907
16923
16934
16936
16938
16943
16954
16967
16978
16981
16983
16985
16994
16996
17003
17005
17006
17015
17085
17097
17109
17112
17158
17177
17211
17213
17222
17239
17251
17265
17268
17269
17280
17281
17285
17330
17379
17390
17416
17417
17435
17441
17447
17453
17457
17461
17498
17504
17531
17537
17550
17555
17576
17579
17583
17608
17609
17618
17628
17656
17659
17671
17674
17694
17714
17738
17740
17743
17746
17795
17805
17808
17827
17830
17834
17847
17876
17884
17924
17930
17934
17943
17964
17970
17971
17975
17993
18003
18010
18049
18065
18073
18074
18078
18101
18105
18117
18143
18149
18155
18168
18171
18175
18203
18205
18218
18228
18234
18237
18261
18283
18289
18299
18300
18302
18316
18319
18334
18344
18369
18373
18376
18412
18423
18425
18433
18436
18447
18466
18479
18481
18492
18511
18514
18524
18555
18562
18568
18582
18606
18612
18627
18635
18641
18643
18658
18677
18693
18695
18702
18704
18707
18712
18717
18729
18733
18740
18761
18787
18791
18801
18810
18811
18813
18821
18852
18860
18900
18905
18932
18933
18943
18950
18952
18962
18971
18973
18987
19020
19022
19039
19067
19068
19072
19089
19095
19126
19147
19161
19163
19181
19207
19208
19214
19215
19220
19224
19259
19275
19296
19302
19306
19317
19372
19379
19384
19397
19435
19451
19455
19470
19495
19500
19524
19529
19561
19570
19583
19589
19592
19602
19628
19639
19640
19653
19683
19684
19690
19710
19730
19749
19753
19760
19762
19781
19788
19806
19847
19867
19952
19961
19970
19981
19984
20015
20037
20053
20055
20071
20073
20078
20082
20090
20110
20134
20136
20164
20169
20172
20199
20237
20250
20255
20275
20313
20320
20330
20338
20344
20380
20404
20406
20423
20466
20476
20492
20501
20510
20538
20549
20564
20565
20576
20585
20586
20596
20606
20617
20623
20647
20674
20742
20746
20753
20778
20798
20807
20818
20855
20903
20912
20942
20959
20971
20989
20996
21009
21014
21018
21019
21029
21031
21053
21055
21062
21065
21066
21068
21074
21079
21133
21137
21172
21185
21208
21222
21236
21242
21247
21254
21274
21279
21306
21307
21315
21338
21342
21353
21358
21361
21383
21386
21388
21392
21402
21419
21428
21453
21458
21463
21466
21503
21511
21538
21541
21550
21557
21578
21580
21596
21599
21613
21614
21615
21620
21653
21654
21656
21660
21662
21666
21667
21670
21677
21707
21720
21725
21734
21739
21743
21822
21824
21852
21863
21878
21886
21895
21916
21927
21957
21962
21976
21984
21999
22032
22034
22039
22041
22088
22148
22153
22158
22182
22198
22216
22222
22223
22276
22298
22304
22328
22340
22341
22353
22356
22366
22391
22407
22413
22426
22435
22464
22470
22492
22497
22508
22524
22526
22550
22555
22558
22568
22571
22572
22576
22584
22605
22612
22629
22639
22663
22700
22797
22807
22815
22827
22862
22870
22873
22875
22879
22945
22946
22984
22985
22989
22994
23002
23007
23030
23032
23043
23055
23062
23088
23100
23106
23108
23118
23141
23146
23148
23154
23162
23175
23197
23201
23205
23211
23219
23236
23259
23269
23271
23320
23328
23357
23364
23391
23397
23398
23447
23472
23475
23485
23502
23507
23515
23530
23544
23553
23558
23574
23598
23610
23636
23643
23651
23674
23677
23723
23728
23737
23740
23779
23805
23806
23833
23836
23865
23875
23883
23896
23924
23940
23944
23991
24041
24058
24063
24064
24066
24092
24095
24106
24114
24119
24124
24126
24127
24141
24143
24149
24151
24173
24174
24177
24178
24187
24204
24213
24215
24217
24231
24239
24295
24301
24316
24333
24343
24377
24378
24408
24423
24446
24471
24482
24486
24488
24500
24532
24541
24547
24565
24567
24570
24573
24577
24579
24592
24608
24616
24635
24643
24673
24682
24691
24694
24695
24703
24711
24721
24737
24764
24777
24798
24815
24839
24858
24861
24862
24876
24897
24907
24914
24917
24931
24942
24953
24962
24967
24985
24992
24995
24999
25004
25045
25062
25063
25070
25094
25100
25114
25120
25168
25220
25230
25288
25289
25308
25326
25348
25352
25356
25369
25391
25405
25422
25428
25434
25445
25448
25458
25481
25495
25497
25503
25525
25526
25527
25532
25561
25576
25599
25600
25612
25613
25616
25622
25643
25683
25706
25736
25738
25754
25760
25765
25771
25781
25803
25809
25822
25833
25845
25851
25867
25868
25883
25894
25896
25912
25917
25922
25934
25958
25971
25987
25993
26001
26063
26068
26123
26125
26130
26132
26153
26157
26166
26168
26170
26186
26187
26198
26203
26217
26223
26238
26246
26257
26290
26291
26293
26300
26310
26314
26315
26341
26355
26374
26376
26384
26387
26390
26395
26417
26421
26429
26434
26453
26480
26522
26529
26552
26572
26574
26600
26620
26629
26631
26640
26667
26674
26698
26703
26704
26719
26743
26747
26828
26860
26867
26876
26877
26878
26885
26889
26892
26895
26898
26906
26927
26929
26949
26962
26981
27054
27074
27086
27093
27096
27099
27107
27121
27133
27158
27159
27182
27194
27199
27230
27246
27255
27268
27286
27327
27330
27331
27345
27356
27358
27362
27379
27385
27401
27429
27436
27440
27444
27474
27476
27477
27478
27485
27486
27516
27525
27532
27545
27568
27577
27593
27595
27603
27627
27636
27645
27648
27655
27666
27670
27675
27686
27693
27695
27707
27711
27713
27747
27752
27799
27807
27821
27858
27862
27870
27891
27905
27933
27942
27953
27957
27968
27973
27984
28031
28042
28044
28045
28070
28082
28097
28134
28156
28164
28176
28188
28194
28218
28225
28253
28270
28278
28280
28294
28297
28309
28338
28346
28350
28357
28379
28411
28422
28435
28459
28472
28493
28498
28505
28534
28540
28549
28564
28589
28616
28620
28641
28663
28680
28702
28713
28740
28753
28760
28765
28778
28781
28783
28807
28809
28877
28884
28897
28900
28936
28943
28954
28962
28971
28986
28996
29003
29017
29030
29039
29075
29088
29099
29118
29124
29129
29134
29153
29161
29174
29180
29191
29196
29206
29207
29233
29238
29240
29250
29256
29263
29282
29315
29320
29322
29331
29353
29366
29376
29391
29404
29409
29417
29455
29458
29464
29467
29480
29502
29554
29586
29587
29604
29615
29626
29627
29635
29643
29674
29698
29708
29718
29736
29777
29806
29816
29823
29837
29848
29850
29866
29879
29888
29905
29909
29912
29915
29948
29978
29990
29993
30016
30018
30021
30031
30035
30053
30086
30122
30129
30140
30167
30193
30245
30252
30256
30260
30266
30283
30285
30326
30346
30347
30357
30372
30374
30382
30393
30431
30438
30461
30481
30486
30517
30521
30530
30555
30573
30580
30595
30602
30633
30654
30665
30675
30704
30717
30728
30729
30737
30759
30768
30808
30816
30855
30885
30886
30887
30904
30905
30909
30924
30932
30953
30957
31010
31014
31020
31036
31040
31064
31065
31082
31088
31098
31108
31112
31113
31115
31126
31146
31152
31157
31176
31183
31188
31221
31272
31291
31308
31320
31356
31368
31378
31384
31393
31396
31405
31407
31422
31429
31441
31442
31444
31449
31455
31494
31521
31536
31551
31557
31573
31585
31592
31614
31628
31637
31650
31653
31673
31683
31687
31716
31722
31723
31736
31745
31749
31777
31782
31791
31823
31849
31898
31944
31947
31955
31957
31969
31990
32008
32011
32015
32046
32048
32058
32074
32097
32104
32116
32118
32126
32146
32159
32193
32211
32216
32223
32269
32277
32283
32304
32318
32361
32372
32384
32402
32404
32408
32422
32447
32458
32464
32479
32488
32492
32520
32524
32525
32552
32561
32577
32606
32627
32638
32644
32650
32676
32687
32691
32693
32702
32713
32719
32758
32762
32769
32787
32841
32844
32846
32847
32849
32851
32854
32876
32883
32897
32900
32909
32936
32939
32953
32996
33014
33024
33033
33035
33039
33053
33054
33058
33061
33065
33082
33091
33100
33131
33137
33143
33157
33160
33166
33185
33196
33204
33227
33230
33237
33242
33317
33325
33327
33351
33355
33375
33397
33426
33428
33442
33444
33462
33463
33469
33494
33509
33510
33544
33550
33554
33573
33587
33588
33606
33609
33636
33641
33655
33661
33679
33734
33737
33754
33759
33766
33769
33770
33777
33780
33785
33789
33808
33847
33876
33878
33893
33921
33949
33954
33975
33982
33995
34017
34020
34049
34064
34079
34088
34093
34094
34098
34099
34120
34131
34141
34155
34159
34166
34187
34200
34206
34214
34218
34227
34242
34243
34248
34258
34292
34294
34297
34302
34322
34323
34344
34350
34359
34372
34387
34429
34439
34488
34499
34504
34507
34533
34543
34545
34561
34566
34569
34571
34578
34579
34598
34603
34607
34623
34690
34696
34701
34704
34740
34771
34778
34788
34801
34818
34840
34841
34851
34859
34882
34888
34894
34928
34937
34945
34946
34971
34992
35001
35009
35012
35054
35056
35057
35092
35140
35145
35156
35165
35166
35177
35192
35204
35210
35234
35247
35260
35285
35300
35330
35331
35353
35369
35385
35395
35398
35399
35401
35437
35478
35504
35534
35559
35579
35589
35600
35609
35617
35622
35626
35646
35650
35658
35661
35682
35693
35697
35701
35727
35729
35756
35765
35766
35778
35791
35792
35793
35822
35825
35830
35835
35839
35852
35854
35858
35863
35876
35877
35883
35907
35920
35926
35932
35934
35942
35967
35972
36005
36008
36011
36039
36040
36042
36052
36087
36104
36108
36111
36140
36159
36165
36181
36191
36192
36200
36300
36302
36316
36327
36329
36355
36362
36378
36401
36404
36419
36440
36457
36464
36468
36473
36474
36484
36491
36497
36501
36506
36513
36536
36566
36576
36578
36581
36626
36651
36667
36676
36685
36702
36706
36713
36717
36729
36734
36768
36770
36778
36790
36824
36832
36839
36849
36870
36874
36894
36905
36925
36935
36937
36938
36944
36959
36965
36981
37009
37015
37018
37021
37025
37027
37028
37045
37068
37082
37100
37114
37175
37179
37189
37195
37196
37197
37205
37230
37255
37256
37261
37282
37284
37292
37307
37333
37352
37364
37367
37380
37389
37394
37445
37510
37523
37525
37533
37537
37544
37545
37574
37578
37590
37594
37603
37623
37634
37640
37679
37682
37695
37697
37704
37755
37766
37773
37786
37799
37834
37844
37854
37875
37889
37896
37906
37938
37942
37943
37956
37957
37975
37984
37991
38023
38024
38039
38042
38048
38050
38078
38107
38110
38116
38123
38125
38129
38136
38138
38163
38181
38196
38203
38223
38239
38244
38260
38273
38332
38350
38355
38360
38363
38385
38388
38398
38446
38455
38461
38462
38474
38478
38484
38489
38499
38509
38518
38539
38545
38556
38566
38582
38585
38607
38613
38620
38623
38625
38645
38688
38697
38705
38722
38744
38745
38772
38793
38816
38832
38850
38852
38854
38870
38871
38895
38899
38901
38926
38946
38953
38982
39021
39025
39041
39077
39079
39088
39090
39104
39107
39172
39174
39193
39207
39219
39223
39228
39231
39235
39253
39265
39266
39279
39319
39336
39346
39375
39388
39395
39400
39405
39425
39427
39429
39434
39451
39461
39468
39480
39489
39495
39530
39531
39538
39567
39590
39638
39644
39653
39684
39707
39709
39715
39720
39724
39731
39755
39765
39768
39771
39773
39789
39791
39795
39803
39807
39826
39828
39834
39842
39863
39896
39903
39931
39943
39949
