aaaa
aaad
aaaq
aabe
aabw
aacq
aacv
aacw
aadm
aadp
aadv
aaec
aaff
aafu
aafz
aagr
aagt
aahc
aahk
aahm
aaht
aahu
aaie
aaih
aaiv
aaiy
aajh
aajk
aajq
aajx
aakd
aakp
aalq
aamt
aamv
aaoi
aaou
aapg
aapq
aapr
aaps
aaqc
aaqe
aaqg
aaqv
aarb
aarf
aarj
aarr
aarx
aary
aatc
aatf
aatg
aatj
aatk
aaty
aaup
aauv
aauw
aave
aavx
aawe
aawg
aawh
aawq
aaxc
aaxf
aaxk
aaxt
aayc
aazd
aazm
aazn
abab
abac
abau
abbi
abbm
abbt
abby
abcd
abcg
abcv
abec
abeg
aben
abeu
abgc
abge
abgn
abha
abhn
abiq
abjc
abjd
abjz
abkf
abkj
abkq
abkw
abky
ablb
ablt
ablz
abmb
abon
aboo
abos
aboy
abpl
abql
abra
abri
absn
abtb
abue
abuk
abum
abuu
abve
abvv
abwa
abxa
abxd
abxo
abxu
abxz
abyc
abyd
abyp
abyu
abyx
abzc
abzg
abzp
abzv
acaj
acam
acaq
acbd
acbu
acby
accj
acck
accz
acdc
acdl
acdt
acev
acey
acez
acgn
achh
acht
acih
acii
acij
aciq
acit
aciw
aciz
acjk
acjm
acjn
ackb
ackm
ackq
acla
acll
aclq
aclr
aclz
acmf
acmk
acms
acmu
acne
acnh
acnz
acpo
acpq
acqg
acqo
acqu
acrc
acrd
acrr
acrs
acrt
acrx
acry
acsc
acsg
acsm
acsn
acsq
acsu
acuq
acuw
acvk
acvm
acvy
acwi
acxn
acxt
acxu
acxv
acxw
acyf
acyg
aczb
aczc
aczn
aczr
aczt
adak
adam
adbt
adcl
addd
addh
addi
adds
addz
adej
adev
adfe
adfg
adfl
adfm
adfr
adgf
adgo
adgp
adhi
adhj
adhl
adhq
adhr
adiq
adje
adjj
adjo
adjz
adku
adld
adlh
adlu
adlv
admf
admk
admo
adng
adnh
adno
adnz
adoj
adot
adpl
adqa
adrd
adrm
adrp
adrv
adsl
adtc
advc
advs
advt
advz
adwc
adwo
adxc
adxe
adyd
adyy
adzi
adzr
adzv
adzy
adzz
aeag
aeap
aeaq
aeaz
aebe
aebn
aebp
aebz
aecl
aedd
aedf
aedp
aeds
aedw
aeed
aeef
aefg
aefp
aefx
aegb
aegl
aehi
aeif
aeiv
aeix
aejl
aekd
aekj
aekp
aekr
aeku
aelf
aely
aema
aemb
aeml
aemw
aena
aene
aenf
aenl
aeoi
aeon
aepj
aepw
aeqi
aeqk
aeqn
aeqz
aese
aesq
aess
aeth
aeto
aett
aeub
aeuc
aeup
aeux
aevh
aevm
aevp
aewh
aewl
aexf
aexi
aexs
aexu
aexx
aeyt
aeyy
aezj
aezo
afab
afaf
afag
afaj
afat
afaw
afbc
afbe
afcd
afcg
afck
afcn
afco
afcp
afcr
afcz
afep
afeu
afev
afez
affd
affv
afgn
afgs
afhb
afhk
afho
afhq
afhv
afii
afij
afje
afjf
afkg
afkr
aflg
aflh
afma
afmd
afmi
afmy
afnn
afns
afnv
afob
afoj
afot
afpa
afpb
afpm
afpt
afqj
afqy
afrh
afrk
afsf
afsg
afsp
afsx
aftm
aftp
aftr
aftu
afun
afus
afuz
afva
afve
afwf
afwh
afwp
afws
afxe
afxm
afxx
afys
afyy
afzf
afzp
agam
agax
agbh
agbo
agcd
agcf
agcj
agct
agdk
agea
agel
agfj
agfv
agfz
aggb
aggh
aggq
aggt
aggv
aghs
aght
aghv
agia
agip
agja
agjb
agjk
agjq
agjw
agjz
agkf
agkq
agks
aglp
aglq
agls
aglu
agly
agma
agmg
agmh
agmn
agmz
agnq
agou
agpk
agpq
agps
agpx
agqm
agqp
agqt
agqu
agqv
agqy
agrh
agrl
agrn
agrx
agsb
agsi
agsk
agsv
agsz
agti
agtj
agtk
agtn
agtq
agtt
agtz
agua
agvh
agvo
agvq
agvr
agvs
agwc
agwh
agwk
agwu
agwv
agxk
agxp
agxr
agxv
agxz
agyj
agyl
agzg
agzu
agzx
ahae
ahas
ahay
ahbr
ahbz
ahcp
ahct
ahcx
ahcz
ahdc
ahdf
ahdg
ahdi
ahdn
ahdt
ahea
ahee
ahel
ahet
ahfp
ahgi
ahgl
ahhe
ahhz
ahik
ahin
ahix
ahjj
ahjl
ahjq
ahjr
ahju
ahjz
ahkl
ahko
ahkq
ahkz
ahlt
ahmm
ahna
ahnj
ahnk
ahnm
ahno
ahnz
ahod
ahpj
ahpo
ahpv
ahqx
ahrg
ahrj
ahrk
ahrl
ahrp
ahsj
ahsl
ahti
ahtj
ahtl
ahtp
ahuh
ahun
ahur
ahuy
ahva
ahvh
ahwd
ahwz
ahxj
ahyn
ahyu
ahze
ahzv
aiaa
aibj
aibp
aibv
aiby
aicb
aicg
aicn
aidd
aide
aidf
aidi
aido
aidz
aiec
aief
aieo
aiew
aigx
aihm
aihq
aihs
aihy
aiih
aiim
aijf
aike
aikj
aikq
ailc
ailr
aimb
aimw
ainl
ainn
aiob
aioe
aioi
aioq
aipd
aipj
aipp
aips
aiqb
aiqw
aira
airk
airl
airp
aisb
aiss
aitj
aitx
aiug
aiui
aium
aivn
aivp
aivu
aivz
aiwf
aiwg
aixt
aiyh
aiyx
aiza
aizh
aizj
aizu
ajad
ajal
ajav
ajaz
ajbc
ajbd
ajbm
ajbr
ajdl
ajdo
ajdv
ajec
ajfc
ajfh
ajfl
ajgj
ajgm
ajha
ajhf
ajhm
ajig
ajih
ajjf
ajjm
ajjn
ajjp
ajjr
ajjv
ajkb
ajki
ajkv
ajkw
ajlj
ajlk
ajlv
ajmj
ajml
ajmn
ajmt
ajnh
ajni
ajnk
ajop
ajor
ajos
ajpy
ajqe
ajqi
ajqm
ajqq
ajqr
ajqs
ajrf
ajrg
ajri
ajsd
ajse
ajsh
ajsk
ajsp
ajtc
ajtf
ajtg
ajti
ajtl
ajtz
ajuk
ajuz
ajvn
ajvs
ajwm
ajwq
ajwr
ajwt
ajwx
ajxg
ajxx
ajxy
ajza
ajzb
ajzf
ajzg
ajzm
akat
akau
akax
akbe
akbj
akbp
akbz
akch
akcv
akcy
akeh
akeq
akfe
akfi
akfj
akfl
akfq
akfz
akgd
akgh
akgx
akgy
akhr
akhs
akik
akil
akip
akit
akjf
akjj
akjv
akjy
akkf
akkr
akli
aklv
akms
akmw
akns
aknv
akow
akpl
akpn
akps
akqc
akrb
akrf
akrp
akrr
aksd
akse
aksg
aksm
akss
aksv
aksw
akti
aktl
akud
akvc
akve
akvo
akwb
akxd
akxh
akym
akyu
akyx
akzc
akzh
akzq
akzt
alac
alah
alaj
alay
albc
albd
albk
albq
albr
albu
albv
alcc
alcg
alcj
aldd
alde
aldm
aleb
aleh
alev
alfa
alfc
alfo
alfr
alfy
alge
algp
algq
alhc
alhu
alis
alit
aliu
alje
aljn
aljt
aljw
aljx
aljy
alke
alln
allp
allt
almc
alnn
alns
alnu
alnx
alnz
alos
alpc
alpr
alqb
alqc
alqm
alqt
alqy
alta
altf
altr
altw
alud
aluk
aluq
alvc
alvk
alvr
alwd
alwk
alwv
alwy
alxo
alzb
alzh
alzw
amah
amax
amay
ambg
ambx
amca
amcd
amcp
amdl
amec
amed
amee
amep
ameq
amfc
amfs
amga
amgn
amhj
amho
amhv
amhx
amic
amii
amjd
amjg
amji
amjj
amjm
amky
amld
amln
amly
ammy
ammz
amng
amnn
amnu
amob
amoc
amoz
ampk
ampl
amps
ampz
amqg
amqk
amqu
amrb
amrc
amrl
amsh
amsz
amti
amug
amuv
amvq
amwa
amwk
amwp
amxe
amxj
amxu
amyq
amyv
amzd
amzp
amzt
anae
anag
anao
anbn
anbr
ancr
andb
andk
aned
anem
anet
aneu
anew
anfd
anfk
anfo
anfr
anfs
anft
anga
angn
anhj
anhn
anhz
anic
aniv
anja
anjq
anjw
anjz
ankc
ankg
ankn
anku
anly
anmc
anmi
anmk
anmx
anmz
anna
annk
annq
anof
anov
anpk
anqg
anqo
anqr
anrd
anru
anrw
anrx
anrz
ansa
anse
ansq
anss
ansu
antc
antf
ants
anty
anua
anvc
anvl
anvz
anwb
anwo
anwr
anwx
anxv
anya
anyg
anyh
anyj
anyr
anys
anyu
anyv
anzh
anzp
anzq
anzv
aoaf
aoal
aoat
aoaw
aoay
aobd
aocc
aoce
aocm
aocs
aodr
aoef
aoeg
aoeo
aofg
aofy
aoga
aogc
aogr
aohz
aoib
aoij
aoje
aojk
aojl
aojo
aojt
aoke
aokr
aokv
aolr
aoly
aomb
aomq
aonx
aood
aoon
aooz
aopm
aopw
aoqd
aoqq
aoqw
aorg
aorp
aosj
aosp
aosr
aoti
aotp
aots
aoty
aouc
aoue
aoui
aour
aouv
aoux
aovk
aovm
aovs
aovv
aovz
aowc
aowf
aowx
aoxh
aoxv
aozi
aozn
apad
apau
apaw
apbb
apbh
apbm
apbx
apbz
apca
apcm
apdi
apdk
apdo
apes
apex
apez
apfq
apfx
apgd
apge
apia
apit
apiu
apiz
apjc
apjn
apka
aple
apln
aplu
aplw
apmc
apme
apml
apmn
apmt
apnc
apnk
apob
apod
apoe
apog
appc
appd
apqe
apqw
aprb
apso
apts
aptv
apty
apug
apuh
apuj
apvm
apvo
apvv
apwh
apwk
apwn
apwx
apxq
apyi
apyp
apyq
apzm
apzu
aqas
aqax
aqbj
aqbt
aqcf
aqch
aqcm
aqcw
aqcy
aqcz
aqdz
aqeb
aqee
aqet
aqev
aqfa
aqfh
aqfp
aqgb
aqgd
aqgf
aqgk
aqgp
aqgq
aqgx
aqhp
aqhv
aqiy
aqjp
aqjs
aqjz
aqkw
aqlb
aqlc
aqlu
aqmi
aqmx
aqnl
aqnm
aqnp
aqnr
aqnw
aqny
aqof
aqoh
aqpp
aqpr
aqqj
aqqq
aqrc
aqsd
aqse
aqsu
aqtj
aqtv
aquk
aqve
aqvn
aqwg
aqwz
aqxa
aqxc
aqxj
aqxk
aqxn
aqxu
aqyl
aqzh
aqzl
aqzs
arai
arbe
arbf
arbk
arbm
arbw
ardm
areh
arei
arek
arel
aren
aret
areu
arex
arez
arfd
arff
arfh
arfi
arfl
arft
arfx
arfy
argc
argd
argt
arhd
arhi
arho
arih
aril
arin
arjb
arji
arjo
arjz
arkb
arkf
arki
arko
arld
arli
arlw
armt
armw
arnn
arpb
arph
arpk
arqe
arqg
arqk
arqt
arrh
arro
arrz
arsj
arso
arsr
arty
aruw
aruz
arvc
arvd
arvo
arvt
arwc
arwd
arwf
arwz
arxc
arxh
arxi
arxx
aryb
aryl
aryv
aryw
arzd
arzm
arzp
arzr
arzs
asak
asam
asav
asbn
asbu
asby
asca
ascb
asck
ascm
asdc
asdi
asdu
aseb
asek
asen
ases
asfe
asfg
asfz
asgb
asgj
asgo
ashi
ashj
asib
asik
asjh
asjo
asjq
asjz
askw
askx
asla
aslg
aslq
aslw
asly
asma
asmf
asmn
asmo
asmu
asnc
asng
asnh
asns
asnu
asoq
aspa
aspb
aspi
aspr
asqw
asrj
asro
asrr
asrs
asse
assl
assp
assy
asti
asua
asuf
asux
asuy
aswe
asws
aswy
aswz
asxf
asxq
asxw
asyc
asyn
asys
aszc
aszh
aszp
aszu
aszz
ataa
atab
atao
atbj
atbu
atby
atcb
atcd
atck
atct
atdc
atdf
atdg
atdi
atdk
atdr
atdy
atec
atef
atek
ater
ates
atev
atex
atez
atfc
atfl
atfo
atfx
atgd
atgf
atgp
athg
athh
athk
atho
athx
atig
atih
atiz
atjb
atjc
atjd
atjk
atjt
atjx
atkb
atkp
atku
atlb
atlj
atlu
atmh
atmk
atmw
atnq
atnv
atny
atod
atoj
atot
atov
atox
atoz
atpf
atpl
atpn
atpv
atpw
atqj
atqm
atri
atro
atsc
atsf
attj
attu
atuc
atur
atvn
atvp
atvt
atvw
atwh
atwi
atwn
atxp
atyp
atyz
atzh
atzv
auab
auau
auaw
aube
aubo
aucj
aucu
audc
auea
aued
aueh
auem
auer
aufm
augt
augu
augx
auho
auib
auic
auix
auiz
aujr
auju
aujy
auka
aukt
auld
aulg
auli
aumf
aumh
aums
aumy
aunl
aunp
auns
aunu
auod
auos
aupo
aupq
auqh
auqx
aura
aurg
aurs
auru
aurv
auss
autc
aute
autf
autj
autl
autq
autw
auty
auvc
auvx
auvy
auwf
auwj
auxa
auxf
auxm
auxn
auxo
auxt
auxz
auye
auyo
auyx
auzc
auzd
avad
avaf
avar
avbm
avca
avct
avda
avdi
avdl
avdm
avdr
aveo
avfo
avfr
avgk
avgo
avgq
avgr
avhd
avhi
avhp
avhq
avie
avig
avin
avip
avja
avjh
avjj
avjo
avkb
avkp
avky
avlj
avln
avmw
avnc
avnp
avoo
avos
avov
avpn
avqc
avqf
avqi
avqx
avrk
avrp
avsa
avsu
avtr
avuc
avul
avum
avux
avvf
avvo
avvt
avwg
avwl
avwu
avxa
avxf
avxj
avxl
avym
avyz
avzu
awab
awaf
awat
awax
awbm
awbo
awbp
awbu
awbx
awck
awcn
awcx
awcz
awdj
awea
awet
awez
awfh
awfj
awft
awfv
awgo
awgz
awhb
awho
awhp
awhu
awid
awie
awil
awim
awiv
awiw
awjl
awjp
awkb
awky
awlm
awlr
awma
awmb
awmj
awmm
awmu
awnk
awnm
awnz
awoc
awoh
awon
awou
awox
awoy
awpw
awqg
awqt
awqu
awri
awrw
awsd
awsf
awsx
awsz
awtj
awtm
awtn
awug
awuj
awve
awvn
awvr
awvs
awvy
awwa
awwl
awwn
awwv
awwx
awxb
awxv
awxw
awya
awyb
awyf
awyn
awyv
awzd
awze
awzk
axae
axag
axav
axbb
axdj
axdr
axej
axen
axeo
axep
axer
axes
axew
axfd
axfn
axfy
axga
axhh
axio
axiy
axjb
axjj
axjm
axjo
axkd
axki
axks
axlz
axmm
axnd
axnj
axnu
axoc
axoi
axow
axpa
axph
axpl
axpo
axpr
axpv
axqy
axra
axrq
axsb
axsh
axsx
axta
axtn
axtr
axus
axvg
axvj
axvp
axwf
axxh
axya
axyj
axym
axza
axzg
axzv
axzw
ayab
ayae
ayao
ayav
aybg
aybh
aybi
aybp
aycj
ayct
aycz
aydc
aydl
ayeb
ayef
ayej
ayem
ayeq
ayfy
ayfz
aygf
ayhc
ayhi
ayhv
ayhz
ayiq
ayit
ayjb
ayjh
ayjp
ayjx
ayki
aykp
aylm
aylz
ayme
aymt
aynh
aynq
aynv
ayog
ayok
aypl
ayqf
ayqn
ayqw
ayrq
ayrr
ayrv
aysc
ayse
aysh
aysl
aysq
aysr
aysv
aysz
aytg
aytk
ayua
ayuf
ayuj
ayuk
ayup
ayur
ayve
ayvh
ayxc
ayxg
ayxh
ayxp
ayxw
ayxx
ayxz
ayym
ayyu
ayzc
ayzg
ayzj
ayzo
ayzy
azag
azai
azak
azal
azbw
azcg
azci
azcq
azdj
azdk
azdn
azds
azeg
azel
azey
azge
azgg
azgv
azhi
azho
azie
azij
aziu
azjq
azju
azjy
azko
azkr
azkw
azmc
aznk
aznu
aznx
azoa
azob
azoc
azom
azop
azoq
azoy
azph
azpk
azpn
azpu
azqf
azqn
azrb
azri
azrl
azro
azsc
azsk
azsv
azsy
aztb
azth
aztj
azug
azux
azvc
azve
azvk
azvu
azvv
azvz
azxb
azxq
azxs
azyy
azzl
azzv
azzy
baad
baaq
babh
babi
babk
babl
bacd
bacj
bacl
badg
bado
baej
baem
baen
baff
bafy
baga
bagd
bagr
bagw
bagz
bahi
bahn
baho
bahp
bahv
baja
bajg
bajl
bajq
bakc
bakk
bakm
bakr
balf
bals
bamc
bame
bamk
baml
bamo
bane
bano
baod
bape
bapw
baqf
baqh
baqp
baqu
barr
batd
baua
bauf
bauj
baur
bavk
bavo
bavw
bawe
bawf
bawn
bawp
bawt
bawy
baxl
baxq
baxy
bayn
bayr
bayu
bayw
bayx
bazh
bazj
bazp
bazv
bbao
bbba
bbbj
bbbl
bbbr
bbcf
bbcx
bbdc
bbdf
bbdj
bbeb
bbel
bbfw
bbgb
bbgl
bbgo
bbhj
bbib
bbip
bbiu
bbja
bbjc
bbjf
bbjm
bbjt
bbjw
bbkc
bbkh
bbkq
bbkt
bblh
bblr
bbmk
bbmn
bbmp
bbmy
bbnq
bboa
bbob
bbph
bbpp
bbqd
bbqz
bbri
bbrv
bbsp
bbtk
bbtl
bbua
bbuj
bbuu
bbuy
bbuz
bbvl
bbvm
bbvy
bbwe
bbwx
bbyv
bbza
bbze
bbzl
bbzs
bbzz
bcai
bcbi
bcbw
bcca
bccx
bccy
bcdp
bceh
bcem
bcep
bcet
bcex
bcfn
bcgd
bcgg
bcgj
bcgo
bcgy
bchp
bchx
bcia
bcil
bcio
bcip
bcjf
bcjg
bcjh
bcjj
bcjp
bckd
bckj
bckm
bcks
bclr
bcme
bcmk
bcna
bcnb
bcns
bcoi
bcon
bcoy
bcoz
bcpc
bcpv
bcpx
bcqc
bcqg
bcrx
bcsf
bcsp
bcsq
bcst
bcsx
bcth
bcts
bcul
bcuo
bcuu
bcwb
bcwd
bcwh
bcww
bcwx
bcxa
bcxd
bcxw
bczf
bczk
bczy
bdaj
bdaq
bdat
bdbe
bdbp
bdbs
bdcj
bdcm
bdco
bdcv
bddd
bdeo
bdft
bdgc
bdge
bdgm
bdgt
bdhb
bdhi
bdhj
bdhk
bdhn
bdhq
bdii
bdip
bdiq
bdkt
bdkz
bdlc
bdmk
bdmu
bdmx
bdnk
bdnn
bdnq
bdnt
bdoj
bdpk
bdqg
bdqy
bdrb
bdrr
bdsa
bdsf
bdtc
bdte
bdth
bdtm
bdtt
bdum
bdvi
bdvp
bdvs
bdwg
bdwo
bdws
bdwu
bdxn
bdxo
bdxv
bdyg
bdyn
bdyu
bdyy
bdzn
bdzp
bdzw
beaa
bead
beae
beaf
beaq
bebq
bebr
becc
bece
bedg
bedw
bedx
bedz
beeq
beey
befb
befg
bege
begl
bego
begp
behf
behh
behi
behn
behw
behy
beim
beit
beiw
beji
bejp
beju
bekf
beks
bekx
beld
bels
belt
belv
belx
bemd
bemh
bemi
bemp
bene
benj
benl
beno
bent
benz
beoa
beon
beot
bepc
bepd
bepf
bepm
bepr
bepv
beqi
beqz
bera
beri
berp
berv
besd
besl
besm
besq
besv
besw
betj
beum
beup
bevm
bewc
bewp
bexh
bexy
beye
beza
bezb
beze
bezr
bezv
bfad
bfah
bfcj
bfck
bfcs
bfcw
bfdj
bfdq
bfdt
bfdy
bfed
bffh
bffz
bfgb
bfgd
bfgl
bfgv
bfhe
bfim
bfja
bfjq
bfke
bfkh
bfkr
bfky
bfmk
bfnf
bfnv
bfoc
bfpn
bfqq
bfrg
bfrp
bfrs
bfrw
bfsb
bfse
bfsl
bfsm
bfsq
bfsw
bfup
bfuw
bfuz
bfvb
bfvc
bfwc
bfwk
bfwu
bfww
bfwy
bfxb
bfxd
bfxe
bfxn
bfxw
bfyh
bfym
bfyu
bfyy
bfzf
bfzi
bfzs
bfzx
bgae
bgah
bgan
bgar
bgau
bgbg
bgbq
bgbt
bgbu
bgby
bgcj
bgcr
bgdb
bgdh
bgdk
bgdn
bgdr
bgdz
bgea
bgeh
bget
bgfa
bgfq
bggu
bggw
bggx
bghp
bghz
bgia
bgid
bgii
bgin
bgiq
bgiy
bgji
bgjv
bgjy
bgkr
bgkv
bgln
bglp
bgly
bgmf
bgmo
bgmq
bgnq
bgnr
bgob
bgoc
bgoq
bgov
bgpa
bgph
bgpk
bgpp
bgqa
bgqi
bgrm
bgrp
bgsd
bgsf
bgsv
bgsy
bgte
bgto
bgvd
bgvp
bgvv
bgwd
bgwg
bgwi
bgww
bgyd
bgzf
bgzh
bgzi
bgzk
bgzt
bgzu
bhah
bhan
bhav
bhaz
bhbf
bhcc
bhci
bhcu
bhcv
bhdf
bhdg
bhdh
bhec
bhej
bhez
bhge
bhgl
bhgm
bhgo
bhgp
bhgu
bhha
bhid
bhii
bhim
bhiq
bhiu
bhiv
bhje
bhjf
bhji
bhjw
bhka
bhkd
bhko
bhkq
bhkx
bhky
bhlc
bhly
bhmd
bhmf
bhmn
bhmo
bhnc
bhnj
bhnn
bhnw
bhnx
bhog
bhoh
bhoo
bhpd
bhqa
bhqb
bhqc
bhqk
bhqq
bhqt
bhqu
bhqw
bhrc
bhrf
bhrn
bhrx
bhsl
bhso
bhst
bhtg
bhtz
bhua
bhug
bhup
bhva
bhvt
bhvu
bhvy
bhwc
bhwl
bhwm
bhxd
bhyg
bhyj
bhyl
bhyz
bhze
bhzl
biae
biba
bibb
bibd
bibo
bibw
bice
bicv
bicx
bidd
bidi
bieb
biey
bify
bigf
bigg
bigt
bigv
bigw
biha
bihg
bihh
bihj
bihw
biib
biig
biik
biis
bijc
bijh
bijx
bikd
biko
bikw
bile
bilf
biln
bimm
bimn
bimo
bimq
bimt
bimv
bind
binp
biob
biom
bioq
biqf
biqh
biqu
biqv
biqz
birh
birq
birs
biru
bisl
bisp
bist
bisu
bisw
bitn
biuq
bivg
bivo
bivs
bivt
biwd
bixj
bixk
bixr
bixz
biyc
biyi
biyq
bjag
bjaw
bjbc
bjbl
bjbs
bjcj
bjcn
bjcs
bjdi
bjdq
bjds
bjdt
bjdu
bjdz
bjed
bjew
bjfb
bjfh
bjfi
bjhk
bjhp
bjht
bjhu
bjia
bjie
bjiq
bjir
bjis
bjiy
bjjx
bjkb
bjkk
bjkn
bjle
bjlf
bjls
bjmj
bjmo
bjmp
bjno
bjnt
bjny
bjoa
bjol
bjox
bjoz
bjpl
bjpo
bjqb
bjqn
bjqt
bjqx
bjrc
bjsm
bjsp
bjsr
bjta
bjtb
bjtt
bjtz
bjup
bjva
bjvp
bjvq
bjvu
bjwj
bjwl
bjwy
bjxs
bjxt
bjyt
bjyv
bjyx
bjzi
bkaj
bkap
bkau
bkbd
bkcc
bkch
bkci
bkcs
bkcv
bkdf
bkdi
bkem
bkeu
bkfv
bkfy
bkgi
bkgv
bkgw
bkig
bkik
bkio
bkix
bkjm
bkjt
bkki
bkkn
bkld
bklo
bkmd
bkmf
bkmm
bkmp
bkng
bknr
bknt
bkog
bkop
bkpt
bkqd
bkqg
bkqi
bkqw
bkqx
bkrg
bksh
bkso
bkss
bksx
bktj
bkud
bkux
bkuy
bkvh
bkvi
bkwd
bkwm
bkwx
bkxj
bkxo
bkyg
bkyh
bkyi
bkyk
bkzo
bkzr
bkzu
bkzz
blaj
blar
blay
blbg
blbn
blcs
bldc
bldi
bldr
bled
blfh
blfn
blfs
blgg
blgi
blhc
blhg
blhr
blih
bliq
blis
bliw
blka
blkb
blkl
blkp
blkx
bllh
bllx
blma
blme
blmg
blmj
blml
blmq
blnd
blne
blns
blnw
bloy
bloz
blpl
blpv
blpx
blqp
blre
blrf
blri
blrs
blsc
blsh
blsj
blsw
bltd
bltn
bluk
blum
bluq
bluv
bluw
blvh
blvj
blvt
blvy
blwu
blwz
blxb
blxk
blxr
blyb
blye
blyj
blyn
blyu
blza
blzj
blzq
bmai
bmam
bman
bmbb
bmbc
bmci
bmcm
bmcq
bmcu
bmcv
bmdp
bmec
bmeh
bmeo
bmfm
bmgj
bmgz
bmha
bmhb
bmhi
bmiq
bmir
bmis
bmit
bmjg
bmjj
bmjs
bmjx
bmks
bmky
bmld
bmlk
bmlr
bmlt
bmlz
bmmn
bmmp
bmmr
bmmu
bmnl
bmnr
bmnt
bmoe
bmoj
bmon
bmpc
bmpl
bmpn
bmpv
bmpz
bmqa
bmqd
bmqh
bmqk
bmqq
bmrh
bmrk
bmrm
bmrr
bmsn
bmsx
bmsy
bmte
bmtq
bmtz
bmue
bmuj
bmuu
bmuz
bmve
bmvk
bmvs
bmvv
bmwc
bmwf
bmwn
bmxb
bmxh
bmxp
bmxr
bmxx
bmya
bmyf
bmyg
bmyj
bmyq
bmyt
bmzi
bmzt
bmzy
bnae
bnai
bnaz
bnbg
bnbr
bnbt
bncz
bndd
bnde
bnds
bndw
bnex
bney
bnfb
bnfc
bnfe
bnfq
bnfs
bnfv
bnfx
bngi
bngk
bngl
bngw
bnha
bnhi
bnhn
bnid
bnij
bnik
bniu
bnjf
bnjk
bnjr
bnka
bnks
bnla
bnlk
bnlm
bnlt
bnlw
bnmf
bnmq
bnmv
bnna
bnnc
bnnh
bnno
bnnq
bnod
bnof
bnox
bnph
bnpl
bnpt
bnpw
bnqi
bnrf
bnrs
bnsq
bnst
bnti
bnts
bntt
bnul
bnvp
bnvv
bnxf
bnxm
bnxt
bnxx
bnyj
bnyu
bnyx
bnzm
bnzs
bnzv
bnzx
boab
boan
boap
bobg
bobj
bobn
bocc
bocf
bocx
bocy
bodd
bodf
bodh
bodj
bodm
bodo
bodr
boeg
bofl
bogy
bohk
bohl
boie
boim
bois
boiu
boix
bojb
boje
bojq
bojs
bojz
boka
boko
bola
boll
boly
bonj
bonr
bons
bonw
bonz
boob
boog
booh
boos
boot
boou
bopc
boph
boqh
boqm
borh
born
borq
bors
borz
bosf
bosr
bosv
bosx
botl
botz
boua
bouf
boug
bout
bovr
bovv
bowe
bowo
boxe
boxh
boxm
boxs
boxz
boyb
boyt
boyx
bozg
bozj
bozu
bpae
bpbk
bpbl
bpbm
bpbu
bpcb
bpcd
bpch
bpcj
bpcm
bpdf
bpdo
bpdy
bpef
bper
bpev
bpex
bpfa
bpfv
bpfw
bpfy
bpge
bpgr
bphj
bpia
bpic
bpie
bpin
bpip
bpiv
bpko
bpla
bple
bplp
bplw
bpmc
bpmd
bpmf
bpna
bpnu
bpnv
bpog
bpoi
bpoj
bpov
bpqs
bpqx
bpqz
bpra
bprb
bprz
bpsd
bpsg
bpsw
bpsx
bpta
bptk
bptm
bptn
bpua
bpub
bpue
bpuk
bpvi
bpvj
bpvm
bpvp
bpvw
bpwa
bpwb
bpwc
bpwl
bpwn
bpwo
bpwu
bpxc
bpxd
bpxj
bpxo
bpxs
bpym
bpyn
bpys
bpyt
bpyu
bpzb
bpze
bpzf
bpzk
bpzl
bqav
bqba
bqbf
bqbi
bqbu
bqbz
bqco
bqdw
bqeq
bqeu
bqey
bqfa
bqfc
bqfe
bqfq
bqfx
bqgc
bqgh
bqgt
bqgx
bqhd
bqhr
bqht
bqhy
bqia
bqib
bqim
bqiq
bqja
bqjd
bqjs
bqjz
bqke
bqkg
bqkh
bqkj
bqkm
bqkt
bqlk
bqmb
bqmn
bqmy
bqnk
bqnl
bqnq
bqnt
bqnz
bqoh
bqoj
bqoq
bqos
bqpw
bqqd
bqqg
bqqt
bqqu
bqri
bqry
bqsf
bqsm
bqsr
bqsw
bqsy
bqtb
bqtu
bqtv
bqux
bqwj
bqwq
bqwr
bqxa
bqxq
bqzh
braa
braf
braj
bram
braq
brar
brat
brbe
brbh
brbn
brbt
brcd
brce
brcf
brcj
brco
brdd
brdg
brdm
brek
brep
brfj
brfq
brgg
brgl
brgo
brgx
brhk
brhw
brig
briw
brje
brjr
brjs
brjv
brjx
brjz
brkg
brkk
brlh
brlo
brlp
brlr
brme
brmj
brml
brmt
broo
brpg
brpj
brpp
brpy
brqf
brrz
brsm
brso
brtb
brtc
brtn
brtp
brts
brtx
brvc
brvl
brvv
brwi
brwp
brxr
brye
bryp
brzm
brzq
brzs
brzt
brzv
bsaa
bsae
bsah
bsao
bsaz
bsbo
bsbu
bsce
bscp
bscy
bsdf
bsed
bsel
bsev
bsfb
bsfj
bshp
bshu
bsia
bsje
bsjx
bskm
bsko
bskx
bsli
bslj
bslu
bsmf
bsmg
bsmi
bsmn
bsmo
bsmq
bsms
bsmt
bsmw
bsno
bsnp
bsoo
bsov
bspq
bsps
bspz
bsqb
bsqc
bsqv
bsrw
bssy
bstb
bste
bstm
bstq
bsts
bsug
bsuj
bsuo
bsuy
bsvq
bswq
bswt
bswx
bsxc
bsxo
bsxq
bsyi
bsyq
bszh
bszo
btad
btbc
btbj
btbk
btbz
btcf
btcg
btcj
btcm
btcx
btdq
btew
btfe
btfq
btfu
btfv
btgl
btgu
bthc
bthf
bthi
bthu
bthv
bthx
btib
btih
btir
btiu
btiz
btjh
btka
btkf
btkh
btlx
btmw
btmx
btnq
btol
btop
btos
btow
btox
btpr
btpu
btqa
btql
btqn
btqw
btqz
btra
btrk
btrp
btru
btsb
btsm
btso
btsy
bttb
btun
btuu
btuw
btvj
btwz
btxa
btxf
btya
btyg
btyq
btyx
btzl
btzv
buax
bubd
bubq
bubs
budb
budi
budn
budp
buem
buer
bufv
bufw
bugb
bugd
bugs
bugu
buhj
buhn
buho
buhw
buii
buim
buis
buiz
bujb
bujd
bujn
bujp
bukc
bukf
buko
buky
bulg
bulm
buls
bumd
bumo
bump
bums
bumt
bunb
bund
bunt
bunu
buot
bupa
bupi
bupm
bups
bupw
buqn
buqy
burc
bure
burj
bury
busg
busy
butj
butl
buvl
buwj
buws
buxf
buxp
buxw
buxx
buyp
buzb
buzc
buzf
bvah
bvaq
bvav
bvba
bvbr
bvbw
bvci
bvck
bvcw
bvda
bvdb
bvdf
bvdm
bveh
bvet
bvfc
bvfk
bvfm
bvfp
bvfv
bvgn
bvhf
bvhj
bvhp
bvib
bvie
bvig
bvil
bviu
bvix
bviz
bvjv
bvjy
bvjz
bvkn
bvku
bvkv
bvlm
bvln
bvlo
bvlv
bvmn
bvmw
bvmx
bvnb
bvnw
bvoi
bvoq
bvpb
bvpg
bvqi
bvqk
bvqt
bvqv
bvrl
bvru
bvsg
bvst
bvuj
bvup
bvuq
bvve
bvvv
bvvz
bvwd
bvwv
bvxk
bvxt
bvyf
bvyi
bvyo
bvyv
bvyy
bvzc
bvzv
bwaq
bwas
bwat
bwau
bwaw
bwbh
bwbp
bwbu
bwbv
bwcf
bwcm
bwct
bwcz
bwdh
bwdk
bwdy
bwfe
bwgi
bwgk
bwhb
bwhq
bwhu
bwih
bwii
bwjl
bwjm
bwkj
bwkq
bwkv
bwla
bwli
bwlm
bwlx
bwmd
bwmg
bwmj
bwml
bwmw
bwnk
bwnm
bwnu
bwnw
bwol
bwpm
bwqe
bwqw
bwqy
bwra
bwrk
bwrs
bwrt
bwrv
bwsp
bwsy
bwtd
bwtp
bwtr
bwtw
bwtz
bwub
bwuk
bwuo
bwvf
bwvg
bwvq
bwvz
bwwg
bwxp
bwxz
bwyr
bwzg
bwzh
bwzw
bxar
bxaz
bxbv
bxby
bxce
bxcm
bxcn
bxdn
bxeh
bxej
bxer
bxfe
bxgq
bxgy
bxhk
bxhr
bxhu
bxib
bxih
bxij
bxik
bxjb
bxji
bxjk
bxjn
bxkp
bxku
bxky
bxlq
bxlu
bxlv
bxmd
bxmf
bxmk
bxni
bxnj
bxnx
bxof
bxog
bxot
bxou
bxov
bxoy
bxps
bxpv
bxqa
bxqd
bxqe
bxqg
bxql
bxqx
bxrs
bxst
bxsv
bxsw
bxue
bxuh
bxuu
bxuz
bxvn
bxvo
bxwk
bxwl
bxwp
bxwv
bxxc
bxxe
bxxv
bxyc
bxyi
bxyl
bxyo
bxzp
bxzt
bxzw
byag
byaj
byaq
bybf
bybh
bycn
byda
bydb
bydj
bydw
bydx
byez
byfc
byfe
byfi
byfj
byft
bygo
bygu
bygz
byhr
byht
byie
byig
byin
byiq
byit
byjc
byje
byjh
bykc
byky
bylp
bylq
bymd
bymf
bymm
bymx
byno
bynv
bynz
byoc
byou
byqj
byqu
byqw
byrm
byro
byrt
byrx
byry
byse
bysl
bysm
bytc
bytg
bytl
byuk
byus
byut
byuz
byvb
byvo
bywj
byws
byxp
byyi
byyj
byyn
byyt
byyx
byzb
byzg
byzj
byzr
byzu
bzba
bzbo
bzbs
bzby
bzca
bzch
bzci
bzcn
bzcv
bzda
bzdr
bzeb
bzei
bzet
bzev
bzew
bzex
bzey
bzfd
bzfi
bzfl
bzgb
bzgi
bzgq
bzhj
bzhm
bzhv
bzhx
bzia
bzib
bzij
bzit
bzjj
bzjp
bzkg
bzkk
bzkl
bzkm
bzlc
bzln
bzlo
bzmd
bznc
bzns
bzpa
bzpl
bzpv
bzpy
bzqa
bzqc
bzqe
bzqi
bzqj
bzqn
bzqo
bzqy
bzre
bzsc
bzsi
bzsq
bztp
bzts
bzva
bzvn
bzvq
bzvw
bzvy
bzwl
bzwz
bzxd
bzxr
bzyc
bzzh
caai
caan
caay
cabe
cabo
cabp
cabt
cack
cads
cadx
caeh
caev
caew
cafg
cafh
cafk
cafr
cagf
cagk
cagl
cags
cagw
cagz
cahg
cahm
caio
caiq
caiv
caix
caje
cakg
caks
cakx
cakz
cald
calm
calt
camk
camp
camt
camx
canb
canc
canj
cany
caol
caow
capc
capu
capx
caqc
caql
carh
cari
carn
cars
case
cass
casu
catd
catg
catp
cats
caue
cauk
cavv
cavy
cawc
cawn
cawo
cawz
caxa
cayr
cayw
cazk
cazv
cbad
cbah
cbaq
cbbc
cbbj
cbbm
cbcm
cbcp
cbcq
cbcs
cbdb
cbdc
cbea
cbeq
cbeu
cbfp
cbga
cbgd
cbgq
cbhn
cbhp
cbhq
cbhv
cbig
cbiw
cbjd
cbje
cbjs
cbkf
cbkm
cbkr
cbla
cblf
cbln
cblu
cblw
cbme
cbmo
cbmv
cbmw
cbnh
cbnk
cbnl
cbnn
cbpc
cbpe
cbpk
cbpl
cbqi
cbqj
cbqo
cbra
cbrr
cbru
cbsu
cbto
cbub
cbvo
cbvr
cbwe
cbwj
cbwl
cbwv
cbwy
cbxg
cbxw
cbyp
cbzj
cbzn
ccad
ccbi
ccbn
ccbs
cccg
cccm
ccco
ccdb
ccdi
ccdo
ccdr
ccdv
cced
ccef
ccep
cces
ccet
ccex
ccgk
ccgl
ccgy
cchj
cchl
cchm
cchy
ccie
ccig
cciu
cciz
ccjj
ccjy
cckc
ccki
cckk
cckp
cckt
cckw
cckz
ccll
ccma
ccmi
ccmq
ccmt
ccmu
ccmx
ccnu
ccoi
ccou
ccqk
ccqo
ccqu
ccqx
ccrm
ccrv
ccrw
ccsf
ccsh
ccsk
ccsu
ccsv
ccsx
cctp
ccts
cctx
ccun
ccuy
ccvg
ccvi
ccvm
ccvx
ccwf
ccwg
ccwl
ccwm
ccwr
ccwx
ccxl
ccxv
ccyd
ccyh
cczh
cczl
cczo
cczt
cczw
cdah
cdak
cdar
cdbd
cdbk
cdbm
cdbo
cdch
cdci
cddl
cddm
cddr
cddz
cdej
cdet
cdew
cdfb
cdgx
cdgz
cdhe
cdhl
cdin
cdir
cdiz
cdjj
cdjt
cdkd
cdki
cdkk
cdkn
cdly
cdml
cdmr
cdnb
cdnh
cdnp
cdnv
cdnw
cdoh
cdoj
cdoz
cdqc
cdqy
cdre
cdrf
cdri
cdrj
cdrl
cdrt
cdrw
cdrz
cdso
cdst
cdsz
cdtn
cdtv
cdtx
cduv
cdux
cdvb
cdve
cdvg
cdvi
cdwi
cdwm
cdww
cdwz
cdxe
cdxw
cdyb
cdyc
cdym
cdzl
cdzo
cdzu
ceah
ceap
cebe
cebx
cecm
ceco
cecz
cedi
cedk
ceds
ceeh
ceeo
ceex
cefa
cefi
cefl
cefm
cefq
cegc
cegd
cegi
cegp
cegw
cehc
cehf
cehi
ceib
ceiz
cejd
cejt
cejz
ceki
cekr
cell
celz
cemh
cenb
cenk
ceof
ceoi
ceoo
cepu
ceqc
ceqn
cerk
cerm
cerv
cesb
cesq
cete
ceti
cetp
ceuj
ceuz
cevc
cevi
cevu
cevy
cewe
cewi
cewk
cewn
cexn
ceyn
cezw
cezx
cfah
cfau
cfbc
cfbf
cfci
cfdg
cfdj
cfdq
cfdt
cfem
cfeo
cfew
cffb
cffn
cfga
cfgb
cfgj
cfhc
cfhx
cfia
cfic
cfiz
cfjd
cfjf
cfjo
cfks
cfkt
cfkx
cfly
cfmm
cfnk
cfnn
cfns
cfoa
cfod
cfoe
cfow
cfpg
cfqp
cfqr
cfrg
cfri
cfsa
cfsc
cfsr
cfte
cftn
cfug
cfun
cfup
cfvv
cfxb
cfxh
cfxr
cfxu
cfyi
cfyl
cfyx
cfzd
cfzg
cfzt
cfzz
cgag
cgam
cgbs
cgbw
cgcs
cgcy
cgdb
cgdc
cgdh
cgdi
cged
cgey
cgez
cgfg
cgfn
cggl
cggz
cghd
cghr
cgia
cgji
cgjp
cgke
cgkw
cgld
cgll
cglm
cglp
cglt
cgma
cgmo
cgmp
cgmt
cgnt
cgom
cgoq
cgpa
cgpf
cgpr
cgpu
cgqe
cgqi
cgqu
cgqw
cgra
cgrg
cgrj
cgrm
cgro
cgsl
cgsp
cgst
cgtc
cguf
cgul
cguq
cguz
cgvk
cgvl
cgvn
cgvz
cgwo
cgwp
cgwy
cgxa
cgxd
cgxh
cgxi
cgxt
cgxu
cgye
cgyh
cgyw
cgzb
cgzl
cgzr
chab
cham
chat
chaw
chbe
chbo
chbq
chca
chcr
chdc
chds
chdy
chdz
chef
chfu
chfw
chhb
chhy
chia
chiz
chkh
chki
chkp
chkv
chky
chle
chlw
chme
chmg
chmk
chmt
chmw
chnl
chns
chnx
choa
chol
chpd
chpq
chpr
chrv
chsa
chsf
chsl
chtc
chte
chtg
chtk
chts
chtt
chua
chuq
chuv
chvk
chvq
chvs
chwf
chwj
chwm
chwo
chwu
chxc
chxn
chxu
chyd
chyg
chyh
chyv
chze
chzv
chzx
ciab
ciad
ciap
ciaz
cibf
cibg
cibs
cicc
cicj
cico
cicw
cidh
cidp
cieq
ciev
cifg
cifi
cifm
cifu
cifw
cign
cigo
cigu
cihj
cihl
cihm
cihp
ciig
ciiw
ciiz
cija
cijh
cijs
ciju
cijy
cijz
cikb
cikf
cikv
cikw
cimq
cimu
cimy
cimz
cinq
cioj
cior
cipm
cirs
cisi
ciso
cite
citn
citz
ciui
ciuj
civa
civg
civi
civn
ciwm
cixb
cixk
cixo
cixy
ciyc
ciyo
ciyp
cizg
cizi
cizw
cjak
cjan
cjav
cjax
cjaz
cjbg
cjbp
cjcf
cjcx
cjdi
cjdl
cjdr
cjdt
cjem
cjep
cjev
cjfp
cjfq
cjgb
cjgd
cjgi
cjha
cjhf
cjhi
cjix
cjjl
cjkb
cjkj
cjkv
cjlo
cjlr
cjmi
cjmz
cjng
cjnm
cjof
cjoj
cjpb
cjpj
cjpt
cjpx
cjpy
cjpz
cjqx
cjrv
cjsb
cjsc
cjsh
cjso
cjsq
cjtc
cjtk
cjtx
cjue
cjvb
cjvl
cjvt
cjvu
cjvv
cjwc
cjwn
cjws
cjxd
cjxe
cjxs
cjxw
cjyb
cjyd
cjyn
cjyu
cjzh
cjzw
ckab
ckau
ckaw
ckaz
ckbh
ckbo
ckbu
ckbv
ckby
ckca
ckcl
ckcq
ckdh
ckdo
ckdr
ckdt
ckeb
ckeh
cker
ckfc
ckge
ckgo
ckgp
ckgz
ckhk
ckhn
ckib
ckie
ckif
ckiq
ckir
ckiy
ckjd
ckjj
ckjn
ckjp
ckkd
ckkl
ckkn
ckku
ckky
cklh
ckmb
ckmn
ckmp
ckmr
cknq
cknt
cknw
ckok
ckom
ckph
ckpi
ckpp
ckpx
ckpy
ckqa
ckqn
ckqy
ckrn
ckru
cksa
cksc
cksg
cksx
cktb
ckug
ckui
ckus
ckuw
ckvc
ckvd
ckvf
ckvg
ckvh
ckwt
ckxa
ckxv
ckxz
ckyc
ckyi
ckyx
ckzb
ckzg
clan
clbe
clbj
clbt
clcd
clcf
cldg
cldq
cldw
clec
clfb
clfc
clfs
clfz
clgr
clhb
clhe
clhj
clhq
clio
clje
cljn
cljq
clju
clkf
clkl
clkr
cllb
cllh
cllr
clmt
clmw
clne
clnj
clns
clog
cloh
cloo
clop
clos
clox
clpc
clpt
clpx
clqc
clql
clqt
clrf
clrm
clrq
clrr
clru
clsf
clto
cltw
cluc
cluh
clum
clur
clvo
clwb
clwm
clwp
clxb
clxf
clxl
clyf
clyk
clyv
clyx
clzi
clzl
clzx
cmab
cmao
cmbw
cmch
cmck
cmcl
cmcq
cmdq
cmer
cmfd
cmfk
cmfw
cmgk
cmgp
cmhp
cmia
cmjo
cmjp
cmjw
cmki
cmkr
cmkz
cmlj
cmmg
cmnh
cmno
cmnt
cmnz
cmob
cmog
cmot
cmou
cmoy
cmpl
cmpo
cmpp
cmpr
cmqn
cmqo
cmrl
cmrn
cmro
cmrq
cmse
cmsp
cmsr
cmsu
cmta
cmui
cmur
cmus
cmvq
cmvz
cmwa
cmwc
cmwm
cmwp
cmwt
cmww
cmwx
cmxs
cmya
cmyf
cmzk
cmzl
cmzn
cmzz
cnap
cnaq
cnas
cnat
cnbd
cnbf
cnbi
cnbv
cnbw
cncs
cncv
cncy
cncz
cndr
cndz
cnee
cneo
cnfi
cnfj
cnfz
cngv
cngx
cnhe
cnhk
cnjf
cnji
cnjo
cnkc
cnkm
cnld
cnlp
cnmg
cnmi
cnml
cnmr
cnms
cnnf
cnng
cnnq
cnok
cnoo
cnor
cnpa
cnpf
cnpi
cnpn
cnqa
cnqe
cnqg
cnqh
cnqq
cnrf
cnrl
cnro
cnsa
cnsb
cnsk
cnsr
cnto
cnub
cnuf
cnug
cnuh
cnup
cnut
cnve
cnvn
cnvq
cnvr
cnvs
cnwt
cnxl
cnxm
cnxu
cnyp
cnzb
cnzi
coaf
coap
coat
cobp
coce
cocj
cocn
cocp
cocs
code
codk
coea
coed
coel
coem
coen
coep
coez
cofd
cofp
cofq
cofy
cogi
cogx
coha
cohe
cohl
coho
cohw
cohx
coic
coie
cojb
coji
cojr
cokr
coku
colb
colx
colz
comc
comn
comv
conn
cool
coop
copg
coqa
coqc
coqo
coqz
corf
cosf
cosn
cotd
cots
coub
coum
coux
cove
covw
cowe
cows
coxc
coxd
coxk
coxn
coxt
coya
coyd
coyk
cozm
cozq
cozr
cpad
cpaf
cpao
cpap
cpau
cpav
cpbi
cpbm
cpbt
cpdi
cpdw
cpea
cpeq
cpfa
cpfk
cpfq
cpfs
cpgk
cpgy
cphe
cphi
cphs
cpib
cpic
cpip
cpja
cpjb
cpjs
cpkd
cplg
cpll
cpln
cplo
cpmh
cpmm
cpnh
cpnu
cpnv
cpnz
cpoc
cpoe
cpop
cpos
cpox
cppm
cppu
cpqo
cpqr
cpqs
cpqz
cprg
cprv
cpsh
cpsn
cpsp
cpsx
cpte
cptl
cptp
cpty
cpuc
cpui
cpul
cpuv
cpwl
cpwo
cpww
cpxi
cpyh
cpyj
cqab
cqam
cqay
cqba
cqbo
cqbz
cqch
cqcn
cqdb
cqdq
cqdr
cqdt
cqgc
cqgi
cqgw
cqhi
cqhy
cqia
cqie
cqit
cqjb
cqjm
cqjv
cqkh
cqkj
cqkw
cqkx
cqlf
cqlg
cqli
cqlm
cqln
cqlw
cqmj
cqnd
cqnf
cqnl
cqof
cqop
cqos
cqou
cqpf
cqpk
cqqc
cqqn
cqrn
cqru
cqrz
cqsb
cqse
cqsj
cqsn
cqso
cqtc
cqtr
cquc
cquu
cqwf
cqwi
cqwx
cqxc
cqxd
cqxe
cqyc
cqyd
cqyt
crad
crae
crai
cray
crbb
crbc
crbj
crca
crdc
crdp
cree
crey
crfj
crft
crgf
crgq
crgr
crgu
crgy
crhb
crhu
crhw
crik
crim
crio
criu
crjp
crjr
crkd
crkm
crks
crla
crlb
crlj
crlv
crmd
crmf
crnh
crnl
crno
crnq
crob
crod
crok
croo
cros
crpb
crpd
crpg
crph
crpl
crpm
crpp
crqa
crqi
crqv
crqx
crqy
crrj
crrq
crrt
crsb
crsj
crsp
crsq
crsw
crsy
crtc
crte
crtp
crtt
crue
crus
crux
crve
crvg
crvn
crvx
crwb
crwm
crwv
crxd
crxe
crxs
cryh
crym
cryn
crzi
crzk
crzy
csaa
csab
csad
csaf
csaj
csbd
csbk
csbp
cscj
cscn
cscy
csdc
csdm
csdr
csdx
csec
csee
csej
csel
csem
cset
csey
csfj
csfv
cshm
cshy
csib
csik
csjl
csjz
csko
cskr
csku
cskv
csll
cslp
cslr
csmb
csmc
csmq
csmw
csne
csnk
csnn
csnw
csod
csou
csox
cspj
csqm
csqo
csrg
csrp
csrs
cssd
cssf
cssr
cssy
cstj
csts
cstx
csty
cstz
csud
csuf
csun
csux
csve
csvv
cswp
csxk
csxn
csxp
csxu
csyh
csyp
csyy
cszd
cszm
ctam
ctap
ctat
ctav
ctbh
ctbj
ctbn
ctcj
ctcq
ctdu
ctdw
cted
ctel
ctew
ctez
ctfs
ctgz
cthd
cthe
cthu
ctip
ctis
ctit
ctix
ctjb
ctjg
ctjx
ctkf
ctky
ctle
ctlf
ctlg
ctlk
ctlp
ctlv
ctmy
ctnm
ctnn
ctns
ctoc
ctod
ctoe
ctog
ctpk
ctpt
ctpu
ctpx
ctqf
ctqn
ctqt
ctqx
ctrc
ctry
ctse
ctsf
ctsg
ctta
ctuh
ctuq
ctur
ctuv
ctvk
ctvn
ctvo
ctwp
ctww
ctwx
ctxc
ctxx
ctye
ctyg
ctys
ctzf
ctzk
ctzu
cuad
cual
cuaz
cucb
cucx
cudd
cudj
cudl
cudw
cudy
cuee
cuej
cuer
cuey
cuez
cufm
cufx
cugd
cugg
cugk
cugt
cuif
cuio
cuji
cujm
cuka
cukk
cuku
cukx
cull
culx
cumj
cumo
cung
cuni
cunj
cunt
cuoa
cupj
cupn
cupq
cuqi
cuqp
cuqz
curg
curu
cutj
cutl
cutq
cuts
cuua
cuuk
cuux
cuuz
cuvd
cuvi
cuvn
cuvp
cuwc
cuxd
cuxo
cuxp
cuxr
cuxv
cuzb
cuzc
cuzy
cvag
cvai
cvak
cvas
cvbe
cvbf
cvbo
cvbz
cvce
cvci
cvcy
cvdt
cvek
cvez
cvfg
cvfh
cvfj
cvfm
cvfu
cvfy
cvgc
cvge
cvgi
cvgp
cvgw
cvha
cvhp
cvhr
cvhs
cvhz
cvia
cvis
cvjb
cvjm
cvjp
cvjr
cvjv
cvjz
cvkk
cvkl
cvkn
cvkp
cvkt
cvkv
cvlg
cvlx
cvlz
cvmg
cvmw
cvno
cvnw
cvoc
cvpd
cvpy
cvqc
cvqi
cvqk
cvqp
cvqv
cvqz
cvrb
cvrp
cvru
cvsw
cvtb
cvud
cvun
cvve
cvvh
cvvr
cvvw
cvwq
cvwr
cvwt
cvxa
cvxt
cvyl
cvzn
cwac
cwaj
cwcj
cwcp
cwdm
cwdv
cwev
cwfa
cwfg
cwfx
cwgi
cwgz
cwhb
cwid
cwil
cwim
cwio
cwir
cwit
cwiu
cwjd
cwjg
cwjy
cwjz
cwkc
cwkf
cwkt
cwlb
cwld
cwlk
cwly
cwmr
cwms
cwns
cwnv
cwoj
cwpn
cwqc
cwqg
cwqk
cwqo
cwqr
cwrk
cwrl
cwsf
cwsi
cwsk
cwsl
cwsn
cwtg
cwtx
cwut
cwuy
cwvo
cwvq
cwvu
cwvy
cwwa
cwwf
cwwy
cwxy
cwym
cwyn
cwyv
cwyz
cwzk
cwzo
cxag
cxap
cxbe
cxbl
cxbv
cxbx
cxcq
cxcs
cxdi
cxdz
cxez
cxgf
cxgt
cxhg
cxhh
cxho
cxhs
cxig
cxix
cxja
cxjb
cxjh
cxjn
cxjp
cxjw
cxko
cxky
cxmv
cxnk
cxnm
cxox
cxpa
cxpl
cxqe
cxql
cxqu
cxrd
cxrt
cxrz
cxsq
cxtg
cxto
cxts
cxtv
cxuf
cxug
cxup
cxuq
cxvc
cxvn
cxvz
cxwj
cxwp
cxwq
cxwv
cxxb
cxxh
cxxi
cxxs
cxya
cxyg
cxyz
cxza
cxzb
cxzc
cxzh
cybb
cybe
cybx
cybz
cycn
cycu
cydb
cydv
cyed
cyes
cyet
cyex
cyff
cyfj
cyfl
cyfr
cyfu
cyga
cygj
cygk
cygn
cygo
cygt
cyhu
cyin
cyit
cyja
cyjd
cyjg
cyjy
cyka
cykg
cykj
cyld
cylf
cylo
cylx
cymc
cymd
cymf
cymi
cymm
cymt
cynk
cyns
cyoa
cypj
cypn
cypo
cypz
cyqd
cyqh
cyqx
cyra
cyrc
cyrd
cyrr
cyru
cyse
cysi
cysj
cysn
cysu
cyts
cyuk
cyuo
cyuw
cyvh
cyvo
cywf
cywm
cywo
cywr
cyxe
cyxi
cyxt
cyyn
cyyp
cyyr
cyza
cyzd
cyzf
cyzg
cyzn
cyzo
cyzp
cyzs
cyzx
cyzy
czai
czal
czao
czaq
czbl
czcv
czcw
czdh
czdn
czdt
czec
czen
czfk
czfm
czgc
czgi
czgl
czhi
czhk
czhm
czho
czhq
czhs
czhy
czia
czif
cziq
cziu
czjh
czji
czjl
czjq
czjx
czkh
czkm
czlq
czma
czmc
czmh
czmw
czmz
cznc
cznd
czne
czno
cznx
czot
czov
czpz
czqb
czqj
czrs
czrt
czrv
czrx
czsm
czst
czth
cztz
czuh
czuu
czvd
czvf
czvo
czvu
czwp
czwy
czxy
czya
czyi
czyw
czzr
czzx
daae
daam
daar
daat
daav
dabn
dabo
dacd
dacn
dacu
dadh
dadl
dadt
dadx
daee
daeu
daew
dafn
dafs
daft
dagg
dagh
dagm
dago
daij
dair
dais
daiu
daiz
dajc
dajp
dakb
dakc
daki
dakm
dako
dakq
daky
dale
dalg
dalh
damg
dami
damz
danb
dand
dang
danp
danr
daog
daoq
daoz
dapb
dapm
dapr
daqd
daqw
darc
darh
darj
darz
dasi
dasw
datf
datt
datv
daty
daue
dauh
dauw
davn
davu
dawn
dawr
dawt
daxf
daxo
dayf
dayp
days
daza
dazc
daze
dazu
dbae
dban
dbbd
dbbg
dbca
dbct
dbds
dbeb
dbef
dbek
dbfe
dbfw
dbga
dbgb
dbgf
dbhb
dbhf
dbhk
dbhn
dbhs
dbhv
dbhy
dbid
dbim
dbjb
dbjz
dbkg
dbks
dbky
dblv
dbmg
dbmr
dbnc
dbnp
dbof
dboo
dbos
dbow
dbpc
dbpq
dbpt
dbqc
dbql
dbqs
dbrb
dbrh
dbrv
dbst
dbtg
dbtq
dbtr
dbub
dbuq
dbux
dbvl
dbvw
dbvz
dbwj
dbwk
dbyg
dbyu
dbzd
dbzf
dbzl
dbzp
dbzw
dbzy
dcab
dcaf
dcaq
dcbf
dcbj
dcbk
dcbq
dcby
dccb
dcck
dccv
dccw
dcda
dcdx
dced
dcep
dcfb
dcff
dcfq
dcft
dcfu
dcfx
dcfz
dcgg
dcgl
dcgo
dche
dchn
dchu
dciq
dcir
dciu
dciv
dciy
dcjb
dcjm
dcjw
dclf
dclm
dclz
dcmb
dcme
dcmf
dcmz
dcne
dcnf
dcny
dcoe
dcof
dcog
dcoh
dcpe
dcpr
dcpy
dcqc
dcqf
dcqn
dcqx
dcqz
dcsa
dcsi
dcsk
dcsn
dcst
dcte
dctp
dctx
dcua
dcuf
dcuh
dcul
dcuq
dcva
dcvd
dcvo
dcvt
dcxa
dcxt
dcxx
dcyo
dcyr
dcyt
dcyx
dcza
dczd
dczn
dczq
dczw
ddae
ddaw
ddba
ddbo
ddbt
ddcb
ddcn
dddg
ddeb
ddec
ddef
ddfe
ddfp
ddfu
ddfw
ddfx
ddgg
ddgq
ddhl
ddij
ddis
ddiv
ddjg
ddjt
ddkm
ddks
ddlc
ddlr
ddme
ddmi
ddmo
ddms
ddmy
ddnk
ddod
ddof
ddoq
ddox
ddpi
ddpq
ddpt
ddqb
ddqw
ddqx
ddqy
ddro
ddrv
ddry
ddsg
ddsl
ddsu
ddto
ddts
ddtt
dduf
ddux
dduy
dduz
ddva
ddvc
ddvn
ddvw
ddwd
ddwm
ddxk
ddxu
ddxw
ddya
ddzh
ddzt
dead
deaf
dean
dear
debd
debh
decc
deci
decj
decs
decv
decx
dedc
deds
dedw
deej
deey
deff
degd
degl
degm
dego
degp
degv
degw
degx
dehd
dehe
dehv
deia
deii
deij
deio
deiz
dejs
dekc
deke
dekp
demf
demh
demk
demu
demv
demy
denc
denf
deng
denj
denl
dens
deoa
deoh
deoq
depa
depd
depj
depk
deps
depy
deqo
deqq
deqv
derg
deri
dero
desf
desg
desh
desq
dess
desx
detu
detv
deuj
deuw
deuy
devh
devx
dewb
dewo
dewp
dewu
dexc
dexg
dexj
dexo
dexu
deyl
deze
dezj
dezt
dezw
dfae
dfaf
dfar
dfbk
dfbo
dfcc
dfch
dfci
dfcq
dfcw
dfeg
dfeh
dfej
dffo
dffv
dffx
dfga
dfgf
dfgq
dfhi
dfhy
dfij
dfio
dfip
dfir
dfiz
dfjl
dfjs
dfjt
dflb
dfln
dflp
dflw
dfmb
dfng
dfni
dfnw
dfny
dfod
dfos
dfow
dfpi
dfpo
dfpy
dfqm
dfqn
dfrx
dfsl
dfsm
dftk
dftq
dfuh
dfuj
dfuz
dfvd
dfvh
dfwd
dfwj
dfwo
dfwp
dfxa
dfxd
dfxy
dfya
dfye
dfyi
dfyx
dfzf
dfzp
dfzu
dfzx
dgan
dgau
dgba
dgbe
dgbf
dgbg
dgby
dgce
dgch
dgcw
dgda
dgdh
dgeq
dgfe
dgfu
dgfw
dggq
dggv
dgij
dgjd
dgjj
dgjo
dgjz
dgkj
dgkp
dgkx
dgln
dgmf
dgml
dgmp
dgna
dgod
dgog
dgph
dgqe
dgrd
dgri
dgrr
dgrs
dgsm
dgsn
dgta
dgtq
dgtv
dgty
dguf
dgul
dgup
dgus
dguy
dgvk
dgvp
dgwb
dgwc
dgwz
dgxu
dgxz
dgyb
dgyj
dgym
dgyy
dgzf
dgzg
dgzm
dgzn
dgzt
dgzw
dhap
dhav
dhay
dhbe
dhbh
dhbm
dhbw
dhca
dhct
dhcw
dhdl
dhdu
dhef
dhey
dhfi
dhfn
dhfo
dhft
dhgc
dhgd
dhgl
dhgm
dhhm
dhhp
dhid
dhii
dhik
dhiq
dhjc
dhjn
dhjt
dhjy
dhkd
dhkj
dhkp
dhkv
dhkz
dhla
dhlc
dhlx
dhmr
dhnj
dhnu
dhoc
dhol
dhor
dhpx
dhqa
dhqo
dhqp
dhqv
dhri
dhrj
dhsi
dhsj
dhsu
dhtw
dhuf
dhum
dhut
dhuw
dhvi
dhvr
dhvz
dhwa
dhwt
dhww
dhxc
dhxg
dhxk
dhxx
dhyx
dhzg
dhzj
dhzk
dibc
dibj
dibr
dibu
dice
dick
dicr
didh
didz
dier
dies
dieu
difa
difd
difs
digc
digi
digk
digo
digr
dihb
dihp
diie
diiy
dije
dijh
dijm
dijn
dikg
dilc
dild
dile
dilp
dily
dimb
dimf
dinf
dino
diod
dipc
dipp
dipw
diqg
dirq
dirs
dirt
dirx
dism
ditc
ditd
dite
ditm
ditn
ditq
ditu
diua
dium
diuq
divs
diwj
diwm
diwn
diwo
dixm
dixz
diyj
diyn
diyv
diyx
dizi
dizn
dizt
dizw
djab
djao
djax
djbr
djbx
djcd
djcg
djcs
djct
djdd
djdq
djeh
djeq
djex
djfa
djfc
djfm
djfn
djfr
djgi
djgq
djht
djia
djij
djip
djis
djje
djjf
djjh
djjw
djld
djlr
djma
djme
djmh
djmn
djmp
djmq
djmw
djnd
djnk
djnn
djnu
djob
djov
djpz
djqc
djqn
djrl
djsa
djsf
djsg
djsr
djsu
djsz
djtf
djth
djtn
djtu
djue
djvd
djvh
djvn
djvq
djwk
djwn
djwx
djwz
djxa
djxc
djxe
djxj
djyi
djzc
djzg
djzm
dkaa
dkak
dkal
dkan
dkda
dkdi
dkdp
dkdy
dkem
dken
dkeu
dkfl
dkgw
dkgz
dkha
dkhl
dkhs
dkir
dkiv
dkiz
dkju
dkkj
dkkm
dkkz
dklt
dkmx
dkmy
dknf
dkng
dkno
dknp
dkoi
dkox
dkpa
dkpb
dkqo
dkqv
dkrf
dkrr
dkse
dksv
dktc
dkti
dktm
dktu
dkur
dkvm
dkvp
dkwb
dkwu
dkxk
dkxr
dkyk
dkym
dkzi
dkzl
dlan
dlau
dlbs
dlck
dlcl
dldb
dleb
dlen
dlff
dlfo
dlgg
dlgp
dlgx
dlhh
dlik
dlin
dlio
dljb
dljc
dlji
dljm
dljy
dlkq
dllb
dllh
dllp
dllu
dllx
dlmb
dlmz
dlnn
dlnv
dlom
dlpa
dlpd
dlpe
dlqw
dlrc
dlrd
dlrg
dlrl
dlrt
dlrv
dlsw
dlsx
dlto
dltu
dltw
dlua
dlub
dlui
dlvb
dlvd
dlvq
dlxa
dlxl
dlxu
dlxx
dlyi
dlyq
dlyt
dlzf
dlzw
dmcf
dmct
dmcy
dmdf
dmdi
dmea
dmer
dmes
dmfb
dmfl
dmfm
dmgc
dmgr
dmgx
dmhd
dmhi
dmhk
dmho
dmhs
dmhx
dmhz
dmia
dmil
dmin
dmjf
dmjg
dmjp
dmjz
dmkp
dmku
dmkx
dmla
dmle
dmli
dmls
dmmk
dmmq
dmmr
dmnl
dmnw
dmoc
dmod
dmol
dmop
dmpc
dmpf
dmpk
dmpp
dmpu
dmqg
dmqp
dmqv
dmqz
dmrb
dmro
dmrr
dmse
dmsh
dmsk
dmss
dmtl
dmtp
dmut
dmvr
dmvv
dmwb
dmwl
dmwx
dmwz
dmxc
dmxg
dmzz
dnaa
dnak
dnbc
dnbq
dnbr
dnbt
dncc
dncd
dncg
dncx
dndq
dnef
dnek
dnes
dney
dnfj
dnfw
dnfy
dnga
dngd
dngh
dnhl
dnhu
dnib
dnik
dniq
dnir
dnix
dnjq
dnju
dnjy
dnkc
dnkw
dnmd
dnmt
dnne
dnni
dnnm
dnnx
dnog
dnon
dnot
dnou
dnpc
dnpe
dnpn
dnpr
dnpu
dnpw
dnqg
dnqo
dnqs
dnqw
dnrk
dnrv
dnsc
dnsj
dnsk
dnst
dnsu
dntg
dnto
dntt
dntv
dntw
dnud
dnuf
dnva
dnvf
dnvj
dnvr
dnvs
dnwf
dnwm
dnwq
dnww
dnxx
dnyr
dnze
dnzq
doac
doad
doai
doal
doas
dobo
docs
doda
dodc
dodu
dody
dodz
doep
dofh
dofk
dofz
doga
dogf
dogk
dogn
dogq
dogs
dogt
dojj
dokb
dokd
dokj
dokq
dolg
domc
domk
donn
donw
doom
door
doos
doot
dopl
dopn
doqh
doqk
doqs
dorb
dord
dore
dork
dorm
dorr
dors
dorx
dory
dosa
dosc
dosg
dosi
doso
doss
dotr
dotz
doue
dous
douz
dovi
dovr
dovv
dowu
doxh
doxk
doyf
doyp
doyq
doyu
doyx
dozb
dozc
doze
dozo
dozt
dozu
dpaa
dpap
dpaq
dpaz
dpbl
dpbt
dpbv
dpbw
dpca
dpch
dpcj
dpck
dpcy
dpcz
dpdl
dpdy
dpef
dpeg
dpew
dpfb
dpfc
dpfm
dpgk
dphk
dphr
dpil
dpin
dpiw
dpjh
dpjp
dpjz
dpkb
dpkn
dpks
dpkx
dplg
dpli
dplk
dpll
dplp
dplr
dpmm
dpmr
dpmt
dpne
dpnj
dpnr
dpnw
dpob
dpog
dpoh
dpov
dppd
dpqd
dpqo
dpqt
dpqy
dprd
dprg
dprn
dprt
dpry
dpsf
dpsp
dpsv
dpuc
dpui
dpup
dpuu
dpux
dpvl
dpvu
dpwa
dpwe
dpwh
dpwn
dpwx
dpxc
dpxl
dpya
dpyq
dpyv
dpyx
dpze
dpzy
dqaa
dqab
dqaw
dqba
dqbe
dqbg
dqbr
dqch
dqcn
dqct
dqcw
dqdc
dqde
dqdk
dqdv
dqeb
dqeq
dqer
dqfb
dqff
dqft
dqfv
dqgb
dqgn
dqhm
dqhq
dqhw
dqib
dqih
dqit
dqiu
dqiw
dqjc
dqjd
dqkb
dqkd
dqkj
dqky
dqlj
dqll
dqls
dqly
dqmf
dqml
dqmm
dqmp
dqng
dqns
dqoc
dqoj
dqpo
dqqq
dqrb
dqrg
dqry
dqrz
dqsa
dqse
dqsl
dqsz
dqtd
dqth
dqto
dqtv
dqtx
dque
dqum
dqus
dqvb
dqvi
dqvs
dqvw
dqwa
dqxd
dqxo
dqxu
dqxw
dqxy
dqyf
dqyj
dqyw
dqyz
dqze
dqzf
dqzo
draf
dral
drbg
drbi
drbo
drbs
drbw
drco
drdh
drdj
drdx
dred
dref
drej
dreq
drfh
drfl
drfp
drgd
drgg
drgo
drgx
drgy
drhg
drhl
driw
drix
drjk
drjt
drju
drjw
drkm
drkn
drky
drkz
drle
drlj
drln
drlx
drml
drmn
drmp
drmr
drnm
drno
drnx
droq
drpw
drqh
drqq
drqr
drse
drsh
drsw
drsy
drtn
drtr
drtu
drtv
drtz
drup
drvh
drwu
drxb
drxj
drxn
drxo
drye
dryt
drzm
drzz
dsad
dsan
dsax
dsbj
dsbk
dsca
dscs
dsdj
dsdk
dsdp
dsdv
dsdz
dsed
dsek
dsem
dsez
dsff
dsfv
dsga
dsgf
dsgq
dshd
dsib
dsip
dsiv
dsiw
dsjf
dsjm
dsju
dsjw
dsjz
dskl
dsll
dslx
dsmo
dsmu
dsmx
dsmy
dsnc
dsnl
dsny
dson
dsop
dspa
dspg
dspl
dspu
dspv
dsqe
dsqm
dsqq
dsqr
dsra
dstb
dstm
dsty
dsul
dsvn
dsvp
dswd
dswr
dswv
dsxe
dsxf
dsxh
dsxj
dsxo
dsxz
dsyp
dsys
dszi
dszj
dszr
dtat
dtbm
dtbs
dtbv
dtcc
dtcl
dtcs
dtdo
dtdy
dtec
dtff
dtfg
dtfi
dtfk
dtfp
dtfr
dthr
dtip
dtis
dtit
dtiu
dtiv
dtjb
dtjf
dtjg
dtjo
dtjs
dtks
dtkz
dtla
dtlg
dtlq
dtma
dtmd
dtmj
dtmr
dtms
dtnf
dtnj
dtnp
dtob
dtoj
dtok
dtol
dtoy
dtpf
dtpv
dtqj
dtql
dtqs
dtqu
dtrj
dtrm
dtrq
dtsc
dtsd
dtse
dtsg
dtsm
dtsn
dttc
dttm
dttw
dtug
dtup
dtuy
dtve
dtvk
dtvl
dtvp
dtwl
dtwy
dtxd
dtxg
dtxu
dtya
dtyc
dtyo
dtyp
dtyq
dtys
dtzd
dtze
dtzf
dtzq
duaf
duah
duar
duau
duav
dubu
ducd
duda
dudg
dudh
dudk
dudy
duej
duen
dufa
dufv
dufx
duhu
duij
duio
duit
dujb
duje
dukh
dumq
duna
dunl
dunr
dunu
dunv
duoc
duox
duoy
dupa
dupe
duph
dupv
duqf
duql
duqo
duqu
duqz
durg
duri
dutf
duto
duuo
duuy
duvc
duvi
duvl
duvo
duvq
duwk
duws
duwu
duxa
duxm
duxo
duyu
duyz
duzn
dvaf
dvai
dvar
dvbi
dvbv
dvck
dvcm
dvds
dvdw
dvei
dveq
dvfg
dvfh
dvfl
dvgd
dvgk
dvgq
dvhi
dvhk
dvhz
dvid
dvik
dvip
dvit
dvjb
dvji
dvjm
dvjq
dvjv
dvjx
dvkm
dvkn
dvlc
dvli
dvmp
dvmu
dvnh
dvno
dvob
dvop
dvpa
dvpk
dvpy
dvqh
dvqx
dvrl
dvrw
dvry
dvse
dvsf
dvsi
dvst
dvut
dvvj
dvwc
dvwp
dvwr
dvwu
dvxj
dvxq
dvxs
dvxz
dvyb
dvye
dvyj
dvzg
dvzt
dwam
dwas
dwbw
dwby
dwca
dwcf
dwcq
dwdv
dwdx
dwfj
dwfs
dwfu
dwgh
dwgt
dwht
dwip
dwis
dwit
dwji
dwjn
dwjx
dwka
dwkd
dwky
dwlr
dwlt
dwma
dwmh
dwml
dwmn
dwmp
dwmq
dwmy
dwnh
dwno
dwnp
dwok
dwow
dwpg
dwpw
dwqc
dwqg
dwqn
dwqs
dwra
dwsa
dwsp
dwtc
dwth
dwtv
dwtw
dwuc
dwvm
dwvr
dwvu
dwvy
dwwz
dwxf
dwxh
dwyx
dwyz
dwzd
dwze
dwzj
dwzp
dwzu
dxar
dxav
dxax
dxbd
dxbi
dxby
dxcu
dxdp
dxef
dxel
dxez
dxfg
dxfq
dxft
dxgl
dxgp
dxhf
dxhm
dxhr
dxhs
dxhv
dxid
dxig
dxih
dxiq
dxjd
dxjg
dxjm
dxjs
dxju
dxjx
dxkj
dxkk
dxku
dxlb
dxlk
dxlx
dxme
dxmg
dxmo
dxmr
dxmt
dxmv
dxnw
dxof
dxoi
dxoo
dxpf
dxqg
dxqu
dxrv
dxsd
dxsf
dxsg
dxsl
dxsn
dxsq
dxtq
dxtv
dxua
dxva
dxvg
dxvm
dxwh
dxwn
dxws
dxxi
dxyj
dxyn
dxyw
dxyx
dxzg
dxzh
dxzq
dyau
dyay
dyba
dybt
dybv
dybw
dycg
dycj
dyck
dyct
dycx
dydd
dyde
dydq
dydy
dyem
dyey
dyfi
dyfo
dyfs
dyfy
dyga
dygp
dygr
dyhg
dyht
dyin
dyji
dyjk
dyke
dylb
dylc
dyle
dylh
dyll
dylo
dylx
dynq
dynx
dyoj
dyph
dypi
dypm
dypy
dyql
dyqr
dyqy
dyrm
dyrr
dysb
dytb
dyue
dyul
dyuu
dyuw
dyuy
dyvo
dyvp
dywd
dyww
dyxa
dyxh
dyxz
dyyd
dyye
dyyn
dyyw
dyyy
dyyz
dyzn
dzaf
dzau
dzba
dzbe
dzbq
dzcl
dzcm
dzdh
dzdi
dzdk
dzdo
dzdp
dzdt
dzdx
dzeg
dzep
dzeq
dzes
dzfd
dzfm
dzfu
dzfx
dzgl
dzil
dzit
dziw
dzjm
dzkb
dzkd
dzke
dzkg
dzll
dzlq
dzlt
dzmf
dzmg
dzmj
dzmr
dzmw
dzmx
dznf
dznj
dzns
dzoa
dzoe
dzpa
dzpg
dzpi
dzpm
dzqn
dzqq
dzrb
dzrc
dzrh
dzrl
dzrs
dzrx
dzsd
dzsh
dzsv
dztf
dztl
dztm
dzto
dzuz
dzwl
dzwn
dzws
dzwu
dzwz
dzxj
dzxk
dzxm
dzxu
dzyh
dzyp
dzyv
dzyz
dzzc
dzzh
dzzu
eaaf
eaan
eaav
eabt
eace
eaci
eack
eacy
eadl
eadr
eaek
eaer
eaet
eafa
eafj
eafp
eafu
eagg
eagt
eahe
eahi
eahr
eahs
eahy
eaiq
eajk
eaks
eaku
eakx
eaky
ealb
ealp
ealt
ealx
eamf
eanc
eant
eanx
eany
eaoh
eapg
eapj
eapv
eapz
eaqq
eaqx
earc
earo
earv
earx
easy
eatb
eauv
eavg
eavj
eavo
eavs
eavt
eavu
eawe
eaxi
eaxo
eaxx
eaxz
eaya
eayh
eayw
eazz
ebac
ebau
ebbg
ebbl
ebbu
ebcj
ebcl
ebcy
ebdi
ebdk
ebdl
ebdm
ebeb
ebed
ebeu
ebfc
ebfg
ebfh
ebfk
ebfl
ebft
ebfx
ebfz
ebge
ebgg
ebgh
ebgi
ebgr
ebhf
ebii
ebix
ebjb
ebjc
ebjd
ebjh
ebjq
ebjt
ebkk
ebkt
ebld
eblh
eblm
eblz
ebmb
ebme
ebmj
ebmt
ebnb
ebne
ebob
ebos
eboy
ebpc
ebph
ebpn
ebqd
ebqf
ebqs
ebrj
ebrl
ebro
ebrt
ebry
ebrz
ebsb
ebsh
ebsj
ebsl
ebsp
ebsw
ebuc
ebui
ebul
ebun
ebvi
ebvj
ebvw
ebwc
ebwm
ebwp
ebxg
ebyc
ecam
ecap
ecaw
ecaz
ecbj
ecbo
ecbs
ecca
ecce
ecch
eccj
ecco
eccp
eccq
eccr
ecde
ecdl
ecds
ecdu
ecdw
eceh
ecei
ecel
ecfb
ecfc
ecfy
ecfz
ecge
ecgl
ecgn
ecgo
ecgy
echf
echm
echs
ecii
ecik
ecin
ecit
ecja
ecjj
ecjt
ecka
eckp
eckq
eckz
eclb
ecma
ecmh
ecmu
ecne
ecni
ecnp
ecns
ecnu
ecnx
ecnz
ecoi
ecoj
ecot
ecoy
ecpa
ecpr
ecql
ecqo
ecqv
ecqw
ecsc
ecsi
ecsn
ecso
ecsy
ectd
ectm
ecuo
ecur
ecuw
ecvh
ecvo
ecvx
ecwb
ecwc
ecwo
ecwv
ecxe
ecxf
ecxt
ecxu
ecyb
ecyn
ecyx
eczg
eczp
eczs
eczv
eczw
edaa
edae
edai
edax
edba
edbl
edbz
edcf
edcg
edcj
edcs
edef
edeu
edff
edgg
edgj
edgq
edgx
edgz
edhc
edhy
edie
edif
ediy
edjt
edkw
edlg
edlt
edlx
edly
edmc
edmi
edmo
edna
edng
ednk
ednn
ednr
ednz
edod
edou
edpb
edpi
edpk
edpn
edqc
edqg
edqk
edql
edqz
edrf
edrx
edso
edsq
edtj
edtn
edtp
edts
edtz
eduy
edvc
edwb
edwf
edwj
edwp
edxg
edxn
edzb
edzs
edzt
eeaa
eeai
eeam
eeay
eebh
eebm
eebr
eebs
eebx
eecd
eecn
eecq
eecr
eeda
eedd
eedf
eedq
eedy
eedz
eeei
eeej
eefc
eeff
eefh
eegn
eegs
eegu
eegx
eehd
eehl
eehw
eehz
eeiu
eeiw
eejg
eejx
eeke
eeko
eelb
eeld
eelk
eelp
eelx
eely
eelz
eemy
eene
eenj
eent
eenw
eeod
eeoe
eeoi
eeol
eeot
eeox
eeoz
eepn
eeqf
eeqj
eeqk
eeqp
eeqs
eerb
eerc
eerl
eeru
eesl
eesz
eetd
eeto
eetp
eett
eeua
eevb
eevi
eevv
eewc
eewe
eewf
eewm
eewq
eewu
eeww
eexf
eexn
eexr
eexs
eexx
eexy
eezj
eezy
efai
efav
efax
efbc
efbh
efbl
efcl
efdg
efdh
efee
efef
efet
effe
effp
efge
efgk
efgw
efhq
efhw
efid
efii
efim
efje
efjg
efjm
efju
efjy
efjz
efks
eflk
eflu
eflw
efmb
efmj
efng
efnj
efnk
efnm
efof
efol
efop
efor
efpf
efpp
efpq
efqa
efqo
efri
efrq
efrr
efso
efsx
eftd
eftr
efub
efut
efuu
efwc
efwd
efwl
efwq
efwu
efxk
efxp
efxw
efyc
efyg
efyj
efzz
egag
egak
egas
egbu
egca
egcp
egcs
egdg
egdz
eges
egfk
egfo
egfv
egge
eggu
egha
eghf
eghj
eghm
eghn
eghp
egit
egjq
egjx
egkf
egkj
egkr
egks
egkx
eglo
egls
egmg
egna
egnk
egns
egnv
egnx
egnz
egoa
egoc
egoo
egos
egpb
egpe
egpf
egpi
egps
egqc
egqf
egqj
egqp
egqt
egrc
egrg
egri
egrj
egrk
egrq
egrv
egss
egtg
egtt
egtz
egub
eguh
eguk
egus
egvc
egve
egvg
egvj
egvs
egwf
egxa
egxi
egxp
egxq
egxt
egxv
egyv
egza
egzu
egzv
egzx
ehac
ehav
ehbc
ehbl
ehcg
ehcy
ehdg
ehdk
ehdr
ehdu
ehee
ehei
ehes
ehfk
ehfu
ehfy
ehge
ehgp
ehgu
ehgw
ehhw
ehij
ehir
ehiy
ehjb
ehjc
ehke
ehkk
ehkm
ehlt
ehma
ehml
ehmt
ehmw
ehnd
ehns
ehoa
ehod
ehoe
ehox
ehpb
ehpm
ehpn
ehpw
ehpy
ehqk
ehqr
ehqv
ehre
ehro
ehry
ehsd
ehsl
ehsr
ehsw
ehsx
ehsy
ehtv
ehub
ehug
ehut
ehvc
ehvf
ehvi
ehvl
ehvt
ehwa
ehwm
ehws
ehwy
ehys
ehzb
ehze
ehzj
ehzm
ehzx
eial
eiao
eibo
eice
eicl
eicn
eico
eicq
eidk
eido
eidq
eidw
eiea
eiew
eifa
eifd
eifn
eifx
eify
eigl
eigr
eigx
eiha
eihb
eihd
eihm
eihr
eihu
eihw
eiie
eiig
eiil
eiix
eiiy
eiiz
eijc
eijf
eijs
eijx
eijy
eika
eikb
eike
eikm
eiko
eila
eilb
eilc
eilw
eilz
eimd
eimn
eimr
eimu
eimz
einc
eioa
eiod
eiol
eios
eiov
eipb
eipg
eipz
eiqa
eiqg
eiqj
eiqv
eirb
eisa
eism
eisy
eitv
eiua
eiue
eium
eiuo
eiwl
eixi
eixj
eixq
eixr
eixy
eiyi
eizi
ejab
ejae
ejaf
ejan
ejap
ejau
ejbe
ejcc
ejcf
ejck
ejcm
ejcy
ejdq
ejed
ejeg
ejej
ejeu
ejey
ejfe
ejfh
ejfq
ejfs
ejgd
ejgh
ejgs
ejgx
ejhg
ejhs
ejic
ejij
ejiq
ejja
ejje
ejjp
ejkb
ejkq
ejlj
ejlw
ejlz
ejmg
ejmk
ejmy
ejng
ejnn
ejoi
ejon
ejoq
ejox
ejpv
ejqa
ejqi
ejqt
ejrj
ejsj
ejso
ejsq
ejsx
ejtr
ejtu
ejuo
ejuu
ejvj
ejvn
ejvu
ejvy
ejwt
ejww
ejxc
ejxf
ejxk
ejxy
ejxz
ejyo
ejyp
ejyx
ejzb
ejzc
ejze
ejzn
ejzy
ekab
ekbc
ekbs
ekbv
ekcg
ekck
ekcr
ekcv
ekdc
ekdd
ekdg
ekds
ekeh
ekej
ekel
ekeo
ekew
ekgc
ekgf
ekgi
ekha
ekim
ekit
ekiw
ekjk
ekka
ekkf
ekkr
eklf
eklh
ekln
eklo
ekmb
eknh
eknn
eknu
ekny
ekok
ekor
ekov
ekpq
ekpt
ekqh
ekqv
ekrf
ekrl
ektz
ekut
ekuv
ekva
ekvc
ekwb
ekwn
ekwo
ekwp
ekwr
ekwx
ekxe
ekyi
ekym
ekyo
ekzf
ekzk
elab
elaf
elas
elau
elbw
elca
elce
elct
elda
eldb
eldd
eldj
elea
elec
eled
elel
elev
elfd
elfk
elfo
elfr
elfz
elgi
elgo
elhf
elhg
elih
elil
eliw
elix
eljb
eljh
eljr
eljt
elkb
elkf
elkp
elle
elln
ello
ellz
elmb
elmc
elml
elmy
elni
elnt
elog
eloy
elpi
elpl
elpx
elqq
elra
elrb
elrk
elsa
elst
elsw
elth
elty
elux
elvd
elvo
elvp
elvv
elwm
elwo
elwy
elxa
elxd
elyi
elyo
elyr
elys
elzd
elze
elzi
elzv
emak
emam
emar
emba
embg
embp
embq
embv
emcd
emco
emcp
emdl
emdm
emdn
emeb
emet
emff
emft
emfu
emfz
emge
emgl
emhr
emie
emim
emip
emjr
emjs
emkh
emkx
emls
emmw
emmz
emnb
emne
emng
emni
emnj
emnl
emnm
emnv
emoa
emoj
emou
emow
empn
empq
emqe
emqg
emqi
emql
emrp
emsa
emsi
emsj
emsk
emtm
emtw
emud
emum
emuu
emvd
emvl
emvp
emvt
emvw
emwe
emwo
emwp
emwq
emwu
emxc
emxk
emxo
emyq
emyr
emzc
emzh
emzw
enad
enae
enal
enau
enaw
enbk
ence
encg
ench
enco
encr
endc
endg
endu
endv
enei
enem
enfd
enfg
enfh
enfm
engo
engq
enhn
enhr
enin
eniu
eniy
enjn
enjy
enkh
enkt
enmo
enmt
enmx
enmz
enng
ennp
ennt
ennv
ennw
enox
enpe
enpk
enqk
enql
enqr
enrl
entj
entp
ents
enty
enue
enup
enuq
enva
envd
envk
envs
enwi
enxh
enxr
enyd
enyf
enyo
enzi
enzj
eoaq
eoar
eoba
eobb
eobs
eoca
eocm
eodb
eodo
eodq
eoef
eoep
eoes
eoey
eoff
eofh
eogb
eogh
eogm
eogz
eohb
eohq
eois
eoiv
eoji
eoka
eolh
eomb
eoms
eomv
eooc
eoou
eopi
eopm
eopo
eoqi
eoqo
eoqy
eori
eorl
eorm
eosf
eosu
eosy
eoth
eoto
eour
eout
eovg
eowk
eowl
eown
eowo
eoxc
eoxi
eoxj
eoyd
eoyk
eozb
epas
epbc
epbg
epcf
epcg
epcm
epdd
epdf
epdw
epea
epen
eper
epex
epfg
epfk
epfn
epfq
epfy
epgi
epgn
epgr
ephb
ephi
epho
epif
epih
epin
epir
epjf
epjq
epjx
epld
eplu
eply
epmx
epnc
epnh
epni
epnp
epnq
epns
eppa
eppg
eppl
eppr
epqg
epqq
eprc
eprd
eprg
eprp
eprr
eprt
eprv
eprx
epsc
epsn
eptd
eptf
eptl
eptx
epud
epuo
epvk
epvp
epvr
epvz
epwg
epwq
epwz
epxc
epxo
epxs
epxx
epyc
epyf
epyk
epym
epys
epyu
epzc
epzf
epzl
epzt
epzv
epzx
eqak
eqav
eqbd
eqbk
eqbv
eqcb
eqcp
eqdg
eqdi
eqeh
eqem
eqfc
eqfj
eqfn
eqfs
eqfw
eqga
eqgs
eqhg
eqhh
eqhp
eqhw
eqil
eqix
eqiy
eqjr
eqjw
eqkh
eqki
eqkr
eqku
eqky
eqlb
eqle
eqlf
eqlu
eqlz
eqmk
eqmt
eqmw
eqno
eqnu
eqog
eqoi
eqoq
eqor
eqow
eqpg
eqpj
eqpk
eqpm
eqqf
eqqi
eqqm
eqqo
eqqp
eqqs
eqqu
eqqw
eqqx
eqrx
eqsg
eqsw
eqsz
eqtc
eqtd
equo
eqvk
eqvl
eqvr
eqwc
eqwn
eqwo
eqwq
eqxi
eqxq
eqxx
eqyr
eqyt
eqzq
erag
erap
eraq
erat
erau
erbi
erbp
erbs
ercc
ercl
erdf
erdv
erec
ereo
erep
ereq
erev
erfd
erfl
erfp
erfq
erfs
erfy
ergq
erhe
erhh
erho
erhp
erhv
erij
erir
eriu
erja
erje
erjh
erjm
erjs
erkg
erlm
ermf
ermj
ermk
erms
ermz
erne
erng
ernn
ernv
erol
eror
erpg
erpp
erpz
erqa
erqk
erqo
erqq
erqw
errc
ersa
ersp
erta
ertf
ertp
ertt
ertv
erty
ertz
erug
erun
erve
ervf
ervm
ervn
ervr
ervw
ervz
erwa
erwz
erxp
erxv
eryl
eryn
eryt
eryw
eryz
erzp
erzt
erzw
esad
esai
esba
esbb
esbl
esci
esck
escr
escz
esdi
esdq
esek
esem
esfj
esfk
esfm
esfv
esfz
esgh
esgn
esgu
eshi
eshl
esho
esis
esit
esjh
esji
esjl
esjt
esjx
eskc
eskk
eskr
esku
eskw
esld
esln
esly
esmi
esmo
esnq
esnw
esnx
esod
esoj
esow
esoz
esph
espi
espu
esqm
esqr
esrq
esrr
esru
esrv
esrw
essx
estc
esua
esug
esuu
esvg
esvi
esvp
esvy
eswb
eswc
esxx
esyb
esyg
esyw
esyz
eszd
eszh
eszw
etac
etal
etaq
etbe
etbh
etbn
etcj
etck
etco
etcw
etdd
etdf
etdp
etei
eten
etey
etez
etfk
etfs
etfw
etfy
etgc
etgh
etgu
ethd
ethu
etic
etig
etiq
etiw
etiy
etja
etjq
etkj
etkk
etkm
etkw
etlc
etle
etlm
etlx
etmh
etnj
etnk
etnr
etnu
etoc
etod
etoi
etoo
etpf
etph
etpz
etqb
etqf
etqz
etrj
etrp
etsg
etss
etst
etuc
etun
etuq
etur
etuv
etvd
etvf
etvg
etvm
etvq
etvu
etxk
etyc
etyi
etyw
etzj
etzw
eubd
euca
euch
eucp
eucw
eudf
eudo
eudu
eudx
eueb
eueo
euer
euet
eugi
eugz
euhi
euhm
euia
euib
euis
eujg
eujl
euko
eulc
euli
eulm
euly
eumd
eumk
eumn
eumo
eumz
eunt
euoc
euoj
euon
euoo
euov
eupe
eupm
eupv
eupw
euqb
euqg
euqm
eurf
euru
eurw
eusb
eusc
eusp
eusu
eutb
euts
eutw
euua
euuq
euvk
euvs
euvy
euwj
euxh
euxo
euyh
euyi
euyj
euyl
euyt
euyu
euzi
euzr
evam
evar
evcf
evcj
evck
evdr
eveh
ever
evgc
evgl
evgo
evhc
evia
evim
evka
evkm
evkz
evli
evll
evln
evls
evlw
evly
evma
evmd
evmh
evmr
evnf
evnu
evny
evnz
evov
evoz
evps
evqb
evqu
evrg
evrk
evrp
evrw
evsf
evtg
evts
evtv
evuj
evuq
evuz
evvd
evvn
evvw
evxc
evyk
evyl
evym
evzb
evzc
ewae
ewal
ewax
ewaz
ewbc
ewbn
ewbp
ewca
ewcb
ewcy
ewde
ewet
ewfa
ewfk
ewfm
ewfu
ewfv
ewgb
ewgj
ewgu
ewgv
ewgw
ewgz
ewjr
ewju
ewjz
ewkd
ewki
ewku
ewkx
ewli
ewlp
ewlv
ewmh
ewmi
ewmk
ewml
ewmm
ewmq
ewms
ewmv
ewmy
ewnc
ewnq
ewns
ewod
ewoh
ewom
ewon
ewpb
ewqa
ewqe
ewqv
ewre
ewrm
ewsm
ewts
ewtv
ewtw
ewuh
ewuk
ewul
ewvd
ewvv
ewwc
ewwj
ewwq
ewwz
ewxd
ewyv
exac
exbw
exbx
excg
excj
excx
exdj
exds
exdt
exei
exem
exez
exgb
exgd
exgg
exgx
exhe
exhl
exii
exip
exjf
exjg
exjp
exkf
exla
exle
exln
exlz
exml
exne
exnm
exob
exon
exov
expl
expu
exqs
exqz
exrl
exrr
exrv
extx
exue
exvk
exvq
exvr
exvz
exwd
exwg
exwj
exwy
exxb
exxh
exxw
exyo
exzh
exzj
exzt
exzv
exzz
eyaa
eyaj
eyax
eyaz
eybi
eybs
eybw
eybz
eyci
eycp
eydh
eydj
eyea
eyec
eyel
eyes
eyet
eyew
eyfc
eyfd
eyff
eyfn
eyfp
eyft
eyfx
eygc
eygd
eyhg
eyhh
eyhj
eyic
eyjj
eyjm
eylj
eyll
eyls
eymd
eymj
eyna
eynb
eynk
eynm
eynr
eynw
eyoj
eyos
eyot
eyoz
eypw
eypy
eyqa
eyqb
eyrw
eysb
eysy
eytj
eytw
eyuc
eyue
eyuh
eyuk
eyux
eyva
eyvh
eyvn
eywg
eywh
eywj
eyws
eywt
eyxt
eyxv
eyyb
eyyc
eyyv
eyzl
eyzn
eyzo
eyzw
eyzy
ezae
ezao
ezaq
ezbi
ezbl
ezcc
ezcd
ezcv
ezcz
ezde
ezdn
ezej
ezep
ezeq
ezes
ezfa
ezfi
ezfl
ezfo
ezfq
ezfs
ezfx
ezgc
ezgf
ezhe
ezhg
ezhi
ezhp
ezhq
ezii
ezir
eziy
eziz
ezjd
ezjf
ezjn
ezjs
ezjy
ezke
ezki
ezkq
ezlz
ezmf
ezmu
eznh
eznn
eznp
ezoc
ezoi
ezos
ezpf
ezpn
ezqw
ezri
ezrx
ezsk
ezsy
eztj
eztm
eztx
ezty
ezuo
ezvb
ezvc
ezvv
ezwl
ezwu
ezwz
ezxi
ezxj
ezxx
ezyp
ezze
ezzh
ezzn
ezzt
faaa
faak
faaw
faay
faaz
faba
fabe
fabk
fabm
fabz
facb
facg
fach
facj
facx
fadw
faef
faeo
faet
faev
fafq
faga
fagc
fagd
fagz
fahc
fahr
fajk
fajv
fajw
fakn
fakv
fakw
fals
faly
fana
fanp
faox
fapb
fapi
fapn
faqb
faqe
faqp
faqt
faqz
farc
farf
fari
farm
farp
fate
fato
fatv
fauh
faui
faun
favd
favk
favv
fawd
fawg
fawl
fawq
faww
fawx
faxk
faxr
faxx
faza
fazd
fbad
fbae
fban
fbaq
fbas
fbau
fbbe
fbbl
fbbm
fbbp
fbbu
fbbv
fbcs
fbdh
fbdj
fbdl
fbdm
fbdn
fbdr
fbdw
fbel
fbgb
fbgl
fbgp
fbgq
fbgr
fbgu
fbhq
fbht
fbif
fbin
fbiw
fbiy
fbjg
fbjr
fbjt
fbjw
fbjx
fbkf
fbkn
fbkp
fbmb
fbne
fbnh
fbnu
fboc
fboh
fbpv
fbqi
fbqt
fbrl
fbrn
fbrp
fbrv
fbrw
fbsc
fbsg
fbsl
fbta
fbtc
fbtj
fbto
fbtq
fbtw
fbtz
fbuj
fbvd
fbvf
fbvq
fbvr
fbvs
fbvv
fbwu
fbwv
fbwy
fbwz
fbxc
fbxd
fbxi
fbxj
fbye
fbyk
fbyl
fbyv
fbzc
fbzm
fbzn
fbzv
fcaf
fcan
fcbw
fccd
fccs
fccy
fcdg
fcdr
fcea
fcec
fcef
fceq
fcfq
fcfr
fcfw
fcge
fcgw
fchq
fcix
fciy
fcjf
fcjn
fcjr
fckb
fcki
fckl
fcle
fclv
fcmc
fcms
fcmz
fcnb
fcnv
fcoa
fcom
fcow
fcpl
fcpr
fcpu
fcqg
fcqv
fcqx
fcra
fcrh
fcri
fcrr
fcrz
fcsb
fcsn
fcsz
fctw
fcub
fcuh
fcuo
fcut
fcuz
fcve
fcvf
fcvs
fcvw
fcwc
fcwf
fcxt
fcxw
fcxx
fdab
fdar
fdat
fdaw
fday
fdba
fdbh
fdbs
fddf
fddi
fddq
fded
fdek
fdet
fdfk
fdfw
fdfz
fdgg
fdhh
fdhq
fdhu
fdiw
fdjh
fdjm
fdjn
fdjv
fdjy
fdkb
fdkd
fdkp
fdlf
fdln
fdlo
fdlw
fdmf
fdmg
fdmo
fdmr
fdnb
fdnk
fdoi
fdoz
fdqd
fdqk
fdqu
fdqz
fdre
fdrf
fdrh
fdrn
fdrp
fdsf
fdsi
fdso
fdtb
fdtc
fdtj
fdtm
fdtn
fdub
fduh
fduj
fdup
fdur
fdva
fdvh
fdvi
fdvn
fdwq
fdwr
fdxd
fdxe
fdxl
fdya
fdyw
fdzm
feae
feaf
feak
fear
febc
febe
febf
febj
febm
fecb
fecl
fecr
fedo
feel
fefg
fefz
fegn
fegy
feha
fehl
feih
feik
feis
feja
fekc
fekf
fekh
felb
feli
felv
femd
femg
femh
femw
fenc
fenh
feni
fenj
fenq
feoa
feob
feot
feph
fept
feqa
feqm
feqo
feqp
feqr
feqs
fers
ferx
fery
fesg
fetu
feua
feun
feur
fevi
fewb
fewg
feww
fexc
fexd
fexe
fexk
fexs
feyg
feyi
feyl
feze
ffaq
ffas
ffat
ffau
ffca
ffch
ffci
ffcp
ffcv
ffcz
ffda
ffew
ffex
ffey
fffu
ffgf
ffhb
ffhd
ffhg
ffhq
ffib
ffin
ffjr
ffkm
ffkp
ffks
fflh
fflt
ffly
fflz
ffmd
ffmg
ffmn
ffna
ffnc
ffnf
ffng
ffnz
ffoe
ffoh
ffom
ffop
ffoq
ffov
ffpg
ffqb
ffqs
ffqt
ffrk
ffru
ffsa
ffsh
ffso
ffsr
ffta
fftg
fftn
ffto
fftq
ffua
ffus
ffuu
ffvl
ffvn
ffvu
ffwk
ffwn
ffwz
ffxa
ffxe
ffxq
ffxv
ffxx
ffyb
ffyn
ffzg
ffzh
ffzr
fgaf
fgal
fgam
fgaw
fgbc
fgbs
fgcb
fgcc
fgch
fgcl
fgcn
fgco
fgdk
fgdt
fgel
fges
fgfc
fgfk
fgfm
fgfq
fgfs
fgfz
fggh
fggq
fghf
fghq
fgib
fgiv
fgjb
fgke
fgkm
fgkv
fgli
fglp
fglu
fgmg
fgmi
fgns
fgoa
fgoo
fgou
fgox
fgpt
fgpw
fgqm
fgqs
fgrt
fgsf
fgsl
fgsu
fgub
fgul
fgux
fgvd
fgvv
fgvx
fgwa
fgww
fgwx
fgxs
fgxu
fgyd
fgyl
fgyo
fgze
fhad
fhbx
fhch
fhcn
fhcp
fhcq
fhcy
fhdi
fhdp
fhei
fhel
fheu
fhfc
fhfi
fhfr
fhga
fhgc
fhgh
fhhs
fhht
fhhz
fhid
fhiq
fhix
fhiz
fhjj
fhjk
fhjl
fhjq
fhjs
fhkf
fhkl
fhko
fhkt
fhky
fhlk
fhln
fhlt
fhlw
fhmb
fhmh
fhmk
fhml
fhnm
fhok
fhor
fhpc
fhpe
fhpl
fhpq
fhql
fhqn
fhqx
fhrq
fhru
fhsz
fhtf
fhtj
fhto
fhtp
fhtq
fhtu
fhtv
fhuk
fhuq
fhvm
fhvp
fhvw
fhwb
fhwg
fhwh
fhwi
fhwn
fhwr
fhwu
fhww
fhwz
fhxa
fhyc
fhzd
fhzh
fiaf
fian
fiaq
fias
fibl
fibw
ficf
ficg
ficj
ficl
fics
ficy
fidc
fidd
fide
fidy
fiee
fief
fieh
fier
fifg
fifl
fifp
figj
figv
figx
fihm
fiiv
fijb
fijm
fijt
fikc
fiki
fikl
fikq
file
fimp
fimt
fini
finw
finx
finy
fiol
fiot
fipc
fipw
fiqh
fiqr
firs
firx
fisd
fisi
fitg
fiti
fitp
fitq
fity
fiul
fiun
fiuq
fivm
fivo
fivw
fivy
fiwd
fiwx
fixu
fixw
fiyh
fiyo
fizc
fizk
fizr
fizt
fizu
fjaf
fjaq
fjbd
fjbf
fjbg
fjca
fjci
fjcv
fjdc
fjdd
fjdp
fjdq
fjdz
fjej
fjfh
fjhg
fjhw
fjin
fjiu
fjiw
fjjc
fjjd
fjjg
fjjy
fjjz
fjkc
fjkd
fjkv
fjla
fjlb
fjln
fjlo
fjlt
fjmi
fjmw
fjna
fjni
fjoc
fjon
fjox
fjpp
fjqb
fjqf
fjqg
fjqv
fjra
fjrb
fjrj
fjrk
fjry
fjsd
fjsf
fjsi
fjts
fjtu
fjub
fjup
fjuv
fjuw
fjwd
fjwk
fjwo
fjxk
fjxn
fjxp
fjxw
fjyc
fjyk
fjzc
fjzo
fjzy
fkab
fkac
fkai
fkbh
fkbu
fkce
fkco
fkcy
fkcz
fkda
fked
fkee
fkeh
fkeo
fkes
fkfx
fkgl
fkgm
fkgo
fkgq
fkhc
fkhe
fkhj
fkid
fkil
fkiz
fkja
fkjo
fkjz
fkka
fkkc
fkkh
fkki
fkko
fkkv
fklf
fklk
fklm
fklv
fkmc
fkme
fkmq
fkmu
fknb
fknc
fkne
fknl
fknm
fknv
fkoa
fkow
fkph
fkpj
fkpo
fkqy
fkrc
fkrh
fkrp
fkrz
fksj
fksl
fkta
fktb
fktd
fkte
fktt
fktv
fkui
fkup
fkuq
fkuv
fkvf
fkxn
fkxp
fkxs
fkxw
fkxy
fkyj
fkyy
fkzf
fkzq
fkzr
flai
flam
flbf
flbh
flbj
flbo
flbv
flbx
flcd
flck
flda
fldm
fldo
fldu
fldx
fldz
fled
flev
flfa
flgj
flgv
flhb
flhd
flht
flif
flil
flio
flir
flki
flkn
flkp
flkt
flky
flla
flld
fllh
flll
fllr
fllv
fllw
flmi
flmk
flml
flmo
flnr
flnx
flof
flol
floz
flph
flpk
flqn
flrf
flrr
flse
flsg
flsk
flsp
flto
fltp
flty
flui
flul
flum
flvb
flvq
flvt
flvu
flvz
flwi
flwu
flxb
flxp
flxr
flyf
flyh
flyt
flzk
flzr
flzv
fmaw
fmba
fmbs
fmch
fmcj
fmcm
fmcp
fmcv
fmdc
fmdg
fmdh
fmdt
fmdw
fmdz
fmeh
fmek
fmfy
fmgb
fmgh
fmgp
fmhv
fmig
fmiq
fmjp
fmjw
fmjz
fmkn
fmlh
fmlm
fmlz
fmmq
fmmu
fmnr
fmoc
fmof
fmoy
fmpp
fmpy
fmqn
fmsv
fmtp
fmtw
fmuc
fmuh
fmuw
fmvd
fmvi
fmvl
fmvu
fmwa
fmwi
fmwl
fmwo
fmwq
fmws
fmwy
fmxa
fmyg
fmyh
fmyl
fmyr
fmyt
fmyy
fmzd
fmzn
fmzv
fmzx
fnaa
fnab
fnaf
fnap
fnat
fnbo
fnbv
fncb
fncf
fnch
fncq
fndj
fndq
fndr
fndx
fnec
fnef
fnel
fnem
fnfa
fnfo
fnfq
fnfv
fnfy
fngc
fngk
fngy
fngz
fnhc
fnhe
fnhi
fnhj
fnhk
fnhn
fnhp
fnhy
fnig
fnim
fnjc
fnjd
fnjh
fnjm
fnke
fnkk
fnku
fnkx
fnls
fnma
fnml
fnmp
fnmx
fnnc
fnnh
fnnn
fnno
fnnv
fnoo
fnpe
fnpi
fnpk
fnps
fnpt
fnpy
fnqg
fnql
fnqq
fnrl
fnrr
fnrt
fnru
fnse
fnsh
fnsj
fnsn
fnsv
fntu
fntv
fnui
fnul
fnum
fnup
fnuq
fnvj
fnvk
fnvo
fnvq
fnvv
fnwu
fnww
fnxa
fnxb
fnxp
fnxz
fnyf
fnza
fnzd
fnze
fnzn
fnzz
fobb
fobc
fobq
foby
focd
foce
foci
focm
foco
foct
fodd
fodk
foea
foel
fofi
fofm
fofo
fofz
fogb
fogd
foge
fogq
fogt
fogz
fohf
fohp
fohz
foif
foig
foiu
fojg
fojr
fojs
fokb
fokt
fola
folh
foli
folw
fomb
fomv
fonm
foof
fooh
fooz
fopf
fopj
fopl
fopn
foqa
foqo
foqt
foqy
forh
fori
forl
form
fosa
fosj
foss
fosz
fotf
foti
fotm
fotn
fotq
fouh
fova
fovg
fowe
fowo
fowq
foxg
foyi
foyk
fozc
foze
fpai
fpaq
fpav
fpbg
fpcc
fpcg
fpci
fpcq
fpdf
fpdl
fpdm
fpea
fpem
fpew
fpfb
fpfe
fpfh
fpfo
fpgq
fpgr
fpgs
fpgv
fphh
fphi
fphr
fphv
fphy
fphz
fpid
fpif
fpjq
fpjw
fpjz
fpkd
fpkp
fpkr
fplb
fplm
fplq
fpml
fpmw
fpnd
fpny
fpoe
fpom
fpoo
fpoq
fpoy
fppk
fppm
fppp
fppt
fpqc
fpqn
fpqp
fprp
fprr
fpsb
fpsy
fptn
fptv
fpuh
fpum
fpuu
fpux
fpve
fpvl
fpvo
fpvp
fpvy
fpwo
fpwp
fpxb
fpxc
fpxm
fpxu
fpyw
fpzp
fpzs
fqac
fqat
fqax
fqbc
fqdd
fqde
fqdh
fqdq
fqdr
fqen
fqfe
fqfs
fqfy
fqgl
fqgv
fqgy
fqgz
fqhk
fqhu
fqhz
fqko
fqkt
fqky
fqlo
fqlr
fqlu
fqoy
fqpg
fqpj
fqpw
fqqd
fqqk
fqqm
fqra
fqrk
fqsh
fqsm
fqsq
fqsv
fqtc
fqte
fqtm
fqua
fqux
fqve
fqvm
fqvv
fqwe
fqwo
fqwp
fqwr
fqwt
fqxb
fqxp
fraa
frad
frak
fram
frat
frba
frbd
frbg
frca
frcg
frch
frcl
frcm
frcn
frco
frcv
frda
frdl
frdp
freg
frel
frfb
frfm
frgc
frgf
frhb
frhh
frie
frik
frje
frju
frkc
frkl
frli
frls
frno
froq
frpl
frpo
frqj
frqm
frre
frrw
frsh
frsj
frsm
frso
frtb
frtm
frtn
frug
fruq
frux
frvc
frvm
frvq
frwb
frwg
frwq
frws
frwv
frww
frwy
frxc
frxs
fryd
