CL
JZ
Xl
1DJ
1Sw
1W6
1kX
1pd
29E
2Ap
34z
36C
3LU
3_5
3qM
3uR
4qG
529
5H6
5NO
61k
6Dq
6G2
6PZ
7LP
7ps
7sV
7zO
8YL
8gM
8yS
91h
9vK
A0z
AG6
AH4
ATz
Aer
Af4
B8I
B9w
BIC
BKk
Bg4
Bno
Buy
CWK
CuJ
D_f
DnK
E1F
E4B
ECg
EEH
EIb
EWG
EdO
Euc
F78
FjD
Fmy
Fo6
FsE
G8G
GEx
GI1
GQd
GTE
GbU
GeE
Gh7
H5z
HKD
HS1
HjZ
IDC
IGh
IH3
IxZ
JAE
JDq
Jiw
K3D
Khu
L9a
LPN
Lt1
MTS
MXR
MrT
Mv7
N0o
Nfw
Nud
OUJ
OZF
OZm
Ohz
OpZ
PVG
P_4
P_O
PoB
QcJ
Qyq
RBu
S3y
S87
SFY
SzK
T2o
TDL
TTK
TV7
Tov
U3D
U5Y
UKA
ULH
UOQ
UWb
Udc
Ut1
Uuu
VOz
VUO
VXv
VpB
Vq5
W7c
WBt
W_p
WcQ
WfD
WgJ
XPe
XxA
Y0A
Y4d
YDH
YKe
YuH
ZBa
ZTO
Zjg
Zjp
