47619
75091
16870
40141
79982
83286
26230
59020
68991
61362
68195
49433
33664
27659
30468
23441
70125
81092
81094
39084
89682
36417
76042
19944
55147
43393
47678
23955
74867
27460
80994
33338
56169
60333
59049
15981
15259
80276
53635
78680
2932
65480
60074
86782
72099
34393
64312
64063
74215
82524
5179
9905
3850
33382
56567
41955
8669
29981
54598
19990
55917
54866
30332
82523
33046
8738
81474
53612
27480
77705
84138
72987
48609
21425
1189
56276
62884
18471
37241
41797
33078
34254
55041
55660
77643
31142
45884
69090
69328
76256
66522
48170
27405
20332
23884
57737
86172
86399
30585
71526
43984
28970
45134
18498
19667
37398
3849
57241
19557
89055
75913
17932
71902
23657
14847
72394
75018
87409
85441
55869
33540
63622
82061
88078
7752
18077
64028
44460
47913
29849
72895
24962
68541
71427
28984
48212
78557
21550
2729
4720
36784
42772
24827
41818
31258
13760
20841
30057
8358
1649
55852
67291
78844
25335
64551
40054
6859
11042
34243
71318
34674
10811
57687
37040
51341
55538
12806
6997
88725
61531
21428
73330
79497
70028
11779
23068
78216
73172
82785
73974
25508
73419
71051
35731
85218
63460
34179
9100
8472
84718
66681
67711
12050
25443
15400
16564
9139
79210
12793
73045
22386
59957
37483
16513
41394
70836
81436
9712
68552
53526
21915
17631
58754
59763
85602
54299
12167
57450
60248
42375
2992
47580
42528
51007
31610
86704
39546
41670
46896
80514
15517
45946
27601
82973
61172
68704
11327
59665
42588
54612
79226
22049
46953
68714
28878
80778
89884
46869
89504
76612
6041
61421
63979
5905
30707
29368
29828
44961
41651
42322
82699
82482
29782
7760
78350
50264
50803
29045
86211
41475
56921
85658
57655
40765
76983
28590
79925
2266
16028
63467
68957
42723
60611
20218
77104
76488
67738
42823
70597
6744
54339
33648
18000
37307
77800
36065
37664
63268
56727
30939
63027
10733
70245
80507
27071
66367
47527
15990
60899
59212
34722
71441
63940
87181
52028
43810
67576
31311
13307
24958
29678
12619
30577
3027
85993
89787
66817
8629
23026
49159
63329
9186
23724
77831
4998
60365
38171
2912
47477
33728
61664
87361
78456
65665
42405
22065
51165
35955
68672
26492
42861
2934
24473
24576
61837
17195
8266
33553
14237
6981
20211
192
47327
47243
32504
15634
86400
11513
85224
50313
80393
62250
53605
36224
34234
30327
39677
52128
76316
31406
54617
6229
23459
8948
63153
31078
58284
31684
39583
3287
35962
33482
88189
88732
41165
43502
24666
14644
74533
85046
63365
17022
37314
15571
11853
86158
41036
68289
34978
68051
7249
891
81749
81438
20478
28029
76470
25364
61306
88483
76183
10285
39901
80712
13254
24739
43001
74863
31995
48326
75169
31619
22262
46631
70932
950
74
57334
15139
4711
13567
2019
28810
16851
9711
70887
80903
50458
59220
87392
58175
11946
38147
49733
65703
83744
82730
7665
85359
4500
20083
30999
70852
83788
76625
67778
59228
74649
85636
14643
7959
38988
26640
1404
41642
35658
17092
73078
45348
39567
13510
14006
51450
76168
63626
6532
45253
18902
7509
13526
15147
30209
80041
51340
43898
74763
56031
67602
59832
60814
87956
16254
61988
25601
78859
41376
43834
52401
25182
28349
69101
68218
64600
23002
55499
88850
2227
74831
11751
1820
78512
72709
74481
30783
77155
53779
55106
57013
89174
10727
25656
80794
8611
88550
25679
47260
23305
3548
63141
43668
15214
47417
65190
59616
28250
41785
16794
35009
57711
50316
53381
79475
26403
59449
23056
56389
23837
58187
35863
9506
86692
25797
31929
17007
38549
6352
5418
33632
88739
49845
78779
77709
51542
72126
62112
73400
85428
31662
29605
85910
59652
23213
88724
57637
51383
84693
9254
9924
8045
42492
81239
51275
26726
87805
85639
65354
31364
3900
59711
71570
41563
11325
62137
12008
20355
49843
78315
13595
77293
33457
52791
32075
64940
8749
27721
78430
21712
20066
75769
88972
75428
81035
56822
58412
46240
66029
48217
31118
41708
2560
42754
66902
32287
3104
15227
72988
62090
84827
78118
33689
14561
74938
1282
9847
81334
50812
53822
34080
11358
63110
50457
62844
53894
5876
4849
32744
43405
58094
60496
42317
47368
24402
23783
53116
79896
53300
25431
52138
43815
6409
11472
43497
86866
44614
83199
8296
2088
88108
68597
14112
59518
74859
39499
77558
20150
39201
26535
65178
73451
69283
10168
59786
86458
39692
12099
52681
49211
36956
62938
39153
44557
47639
54511
50276
31819
33247
61429
81164
26209
61861
5817
89752
36985
74783
54905
11934
44997
16923
75318
35531
38100
76709
26968
2434
47099
16109
86101
27809
87374
57384
72602
69015
5736
37334
47815
47843
36390
70196
5025
89969
78896
64807
37526
42807
63985
14498
39050
89556
69175
8996
16576
78890
86086
36514
82837
15280
44934
18428
7525
78013
81578
18374
75416
33575
58058
43514
85885
38826
63991
20567
78268
30341
17995
79340
61497
3244
17285
65645
42236
24746
38731
19521
45963
41398
24885
73198
64427
44640
46961
37056
16921
31412
64017
56215
36349
24450
26979
66813
74535
17524
62635
62542
88084
86207
64587
87464
4502
86328
13744
4890
81829
31782
43887
45330
76419
63935
4430
25162
23297
89181
56018
69181
29600
71508
24956
43350
28695
45396
3064
37318
20435
89491
16673
73104
54753
29976
10995
11163
60765
82510
60219
73884
46198
80977
68378
14985
14841
47671
77010
65948
89235
75986
29688
55548
68157
2999
2943
57297
35701
31517
76774
79273
18821
69406
54382
88562
31878
31884
86268
83480
43304
78080
70455
7786
2406
60488
85163
13934
51013
30653
11911
3183
63085
55044
38000
82856
83835
27575
78669
73422
30978
1149
38967
50704
13745
69414
19871
70035
84965
41633
46026
26124
41592
8136
11786
81099
11998
34131
84785
25035
38968
82964
40415
46957
41815
71413
86480
44984
12191
21415
16350
37252
66618
14984
61582
78766
439
29857
8230
63501
14582
77382
6823
7315
71492
21403
5140
70617
75113
32179
83055
73903
60712
83365
65536
34955
25696
83484
27504
87543
89800
67848
34529
21642
13742
32816
61372
46522
18765
87870
10849
55429
9549
67093
13151
11760
28203
76237
30358
43120
60420
42672
46795
52908
78554
8171
51593
4168
80405
41521
60744
10412
65544
11090
36126
70713
56671
7969
36727
80154
21334
29950
35552
8582
76456
30566
75255
29521
72934
76452
54430
32357
920
44955
5534
9341
17288
76449
54914
58650
65711
34803
25312
67075
10220
23933
8416
74447
13533
89134
39729
68174
33962
22643
56006
4131
24572
25397
1659
81295
53791
52656
30212
46447
59516
5787
7346
63454
35927
25536
40504
2367
35389
42551
22959
52429
64632
35781
4211
35143
86351
44760
69788
5908
67311
44333
87925
73577
59855
35984
69965
89386
804
32022
86995
33582
81643
34647
50713
50449
44247
49590
82636
71697
48770
3590
84147
59536
59526
43133
49033
74407
62900
17478
88489
89768
66330
82087
67702
72163
52273
5117
8604
83646
5084
52625
19506
38600
11875
11272
87612
79661
83974
24545
11942
5191
8961
18773
42751
26774
29496
74364
65069
68450
26889
65262
17551
747
49357
79371
11570
8107
21912
14825
38804
86895
58159
12693
22203
53387
73279
25824
27196
8417
42765
26984
42201
2005
34936
8458
21097
39483
599
54368
21427
38763
65507
77490
83728
19858
79141
15954
67740
87526
21871
5412
18770
269
54758
47361
63839
88671
29457
2386
20981
52211
89864
22846
57305
66529
76621
43080
2402
77405
39798
14696
27216
4051
45933
80784
1737
14568
11460
28395
36949
81590
82943
87108
21209
51229
64995
16250
49020
68090
44741
55314
89471
88106
35763
9443
58059
13828
46023
43360
60748
62956
80613
42945
47127
2805
3564
18748
82224
60391
39097
56057
54000
57825
2952
28674
54952
41554
31487
45104
80869
46736
65883
77452
32337
37491
63269
40538
62830
66814
23710
35957
10741
14915
45074
4015
21547
19305
62532
78849
7401
5567
23245
3032
75362
80137
14284
87855
43811
38818
17340
43401
72262
61038
44053
15899
10105
24026
85902
20163
55151
73819
71847
75671
35386
46348
22572
79394
24057
54876
19894
43913
7013
46987
6241
56178
42768
36768
61616
11091
53977
26903
87598
29636
69409
23214
61961
42556
51277
62791
78420
21817
60380
83137
26113
56678
13878
7015
16367
33833
77149
80952
89828
15781
50336
39044
12701
55535
34008
40039
84040
7306
68774
28368
41051
9537
22918
68962
30725
75983
49661
57252
40145
15480
47034
62239
28486
8151
35276
87579
30220
62740
54518
26867
75156
8205
66378
63143
42750
42855
43325
3596
47690
24922
35417
70481
44323
49666
22075
13687
69405
12845
37247
7799
59135
34062
28566
63746
68431
67212
42717
193
16883
54637
83045
4033
37029
38693
50666
17685
43409
27444
50456
68534
40131
41794
18574
32499
5890
39357
6661
46343
47931
86491
60481
83931
853
12025
50514
2101
77114
79145
27020
42682
48453
77735
46154
6678
87146
54675
39464
59783
81009
87642
33803
8308
13812
48043
77917
69591
25006
48993
28735
24653
9271
12207
88721
82814
9225
40966
35317
78505
36775
64268
79103
4840
41454
51324
45423
62088
40205
83813
12354
30738
16972
55300
1057
73160
17275
51195
35536
27412
89598
67937
15445
65466
74659
73703
80298
47867
44991
17808
89634
4115
59300
65246
4133
23271
16069
86645
7386
23236
20266
80262
32252
28217
44487
84117
20106
888
19702
56946
37405
39687
63892
44069
82431
34169
68413
45908
71069
85627
76767
51763
68885
34999
22662
40373
70663
78853
43969
52824
41321
16373
19368
27679
27141
75157
18444
58755
73254
75786
52405
12899
18078
4647
78241
3525
26375
13473
11351
70933
55028
1261
48284
37773
67948
53814
74558
58525
86
7544
889
37864
17917
80787
52191
58868
26507
3640
5096
57960
45638
5549
6249
11987
46377
85367
54481
26902
82758
71517
34406
52695
66161
58813
57420
52648
79591
13717
19559
18472
27850
40078
52651
21079
18948
71939
7571
84947
12725
47796
87166
22362
68374
1975
9632
60776
64817
48104
60933
29882
4181
9656
83885
59821
75960
57764
57909
30247
75610
33523
53578
26381
56729
20731
86984
26959
86553
54821
36730
66014
17173
30664
23843
27361
32609
78661
18403
78165
71338
16631
75031
86921
18267
13946
28363
14386
36146
50488
79088
4929
30754
78899
72673
3624
8383
18914
82275
63634
27279
7739
7365
13979
64026
26125
10805
50521
66298
68381
70547
47933
22873
20886
60444
40668
74404
50306
68529
84121
6585
67510
28381
8094
82345
78514
51345
71971
662
51468
4901
16871
84672
50953
54026
12170
32495
70490
34336
78932
35155
62807
6358
47542
20714
50243
79556
5703
80625
89310
76710
48245
6150
28026
80643
74246
73782
62474
74193
51861
57168
25046
32572
27484
17117
36575
45493
56541
4552
47743
62066
57572
4388
1226
53704
26417
35203
59934
79513
89878
6680
21961
46921
25583
14784
64412
62111
84169
63857
10186
66175
87573
25771
3215
17207
40490
86343
81501
11490
76951
46462
87408
71100
28267
76678
48808
38473
72123
80032
81268
59584
55168
20054
55521
36822
33692
59853
28711
16207
9315
17244
68220
83416
63191
15588
37689
55082
84392
60678
41045
24817
4417
55536
587
70059
64277
21758
37052
32294
52577
4113
14441
77885
72763
65985
22797
11457
42982
47708
61537
63615
51064
8008
78657
18069
28460
10530
31295
30643
72774
47833
56171
1555
7102
63157
16922
16051
46032
44424
74292
52022
52720
67237
7990
66086
50371
77209
14057
14566
35242
199
10303
52810
65666
55662
75263
84463
48153
5181
69921
81524
1573
79953
47508
64514
38925
40591
15491
85326
68515
81456
65362
45319
87298
77332
16795
67066
85707
6499
87932
31951
46492
25060
21066
29993
4072
792
60038
34987
13638
63083
32966
38288
16938
26360
20679
33638
10017
17619
65456
10151
19776
17302
16308
37268
7805
58753
1588
20694
35684
7522
89317
54333
37420
57567
62084
21662
79520
3836
86024
24731
55824
6913
58433
88900
24017
54317
30286
35427
52157
28891
28509
23871
82923
5909
55653
23890
11796
78658
55694
52269
22905
79847
34877
8807
67750
65433
23920
31652
76353
36245
82449
37953
88869
69256
87141
47601
71350
54327
87779
58250
2549
39708
41790
69686
44473
40386
85307
46920
38384
40034
75016
13963
34594
76102
82057
9746
25271
88330
25846
68715
62667
16342
519
13191
2231
55137
8681
16130
42731
88773
83374
36399
87493
75457
16722
8715
31284
89157
14037
22886
68322
10258
25140
89280
49208
59397
49223
53792
1924
3352
44986
30109
3202
8155
19187
52379
15090
13048
36247
51670
65143
15972
80358
6196
35703
30008
44909
43165
82528
3436
77473
85146
66630
32030
59709
13672
26316
36812
39244
2616
54045
39186
64716
88928
45141
75266
57531
76009
60239
7301
9760
33709
9240
78349
27957
65212
83274
77638
86156
56460
63764
65121
29718
54755
50992
74174
73426
76820
65321
33198
22644
58738
58244
70227
76089
86168
75723
45187
4208
15803
22614
18897
44532
48092
66264
66680
16943
89579
56013
86531
52823
72077
56260
80592
29433
59688
55396
51907
87357
59608
16263
8658
53722
28111
41209
70189
84768
88132
8653
2790
71454
38097
75903
49518
13630
32014
2029
46376
36321
27653
83924
44268
16296
42059
56941
24078
65344
10767
38599
39452
35061
24311
14613
29242
3795
7843
12582
535
35332
32780
58995
21809
24544
28191
59664
51400
78255
8314
48490
34383
79644
20554
58015
66982
83692
42769
69155
9054
82684
45259
84625
22344
2645
53139
20057
39562
46061
16025
32095
31181
86299
73875
88941
78468
58489
71964
7629
18789
42462
5157
51018
17874
34089
59946
30465
26939
69358
74098
58329
17144
19156
17172
36794
37659
19575
82001
45725
31170
38562
23095
22145
35862
65973
17307
68089
70154
5772
77157
76018
55966
65477
68726
17935
32649
13663
86239
78608
68262
58803
26128
84696
8930
52504
66894
47031
23647
60423
62453
15463
9979
38532
39386
18639
25741
4530
79467
33086
61916
33419
44224
39117
27668
75394
51518
77767
57464
25637
74406
15221
57282
28313
33526
65020
89742
74892
34443
16268
34985
33681
58448
42248
54953
54750
39865
57554
24367
85444
44733
43921
59987
38751
76807
23580
6106
86275
83881
57179
10976
30841
18408
5627
23375
77377
29209
53219
13050
76601
40014
16571
18560
53920
73990
75101
70763
39031
34946
10230
48125
16213
67846
85765
87249
31394
2743
54682
45831
32067
66458
64521
42373
46556
68869
42314
59913
89051
89731
85688
50570
83635
20937
40667
33880
42550
29538
29852
56909
25326
83742
38899
84436
70936
40569
69129
29876
4945
7280
42474
37423
6877
25557
39654
41863
24726
55882
33663
61511
27347
26459
13834
44841
22170
72890
23151
32956
42043
49077
7933
45001
88190
71211
33020
67701
5195
4010
27631
88568
63800
34137
16572
58680
73465
19504
88583
37182
38409
56930
47248
34884
21671
57092
6632
2224
50070
39669
74969
60460
12347
7921
7698
5031
76100
73801
18371
19206
73690
50148
34072
52851
84354
73614
57106
31419
76248
23036
13897
19248
87782
22669
9214
38646
76967
65341
22793
85302
50159
62462
47161
16834
2687
74486
58380
18366
26053
68642
28315
47844
1714
62839
54163
62148
52432
19778
18313
21478
10391
10639
71658
1721
57047
65821
61978
22750
26513
29843
40502
26047
83261
52709
17374
29845
81840
55295
38700
13333
53438
18601
6714
13218
1814
66292
9535
62068
73162
41211
65904
82264
17675
19162
56786
77976
76585
82359
82586
10652
13984
39777
76935
80080
61908
7105
69689
11194
62883
48182
40475
41354
16521
39043
31387
58635
54683
27124
35625
39782
848
40700
9212
56480
17355
66278
40884
62272
55935
13503
49186
4688
33558
88234
31206
62023
37069
6112
12494
11857
47194
58109
76920
22385
75592
52352
14647
73271
20122
10469
40878
63554
32622
20486
87377
43060
55182
6395
58181
19742
39470
85732
32814
27289
5044
82948
60281
71644
73719
44538
30728
2578
19529
63174
12826
35568
64701
87296
16589
88908
21922
67656
25558
83245
7064
25726
79568
29861
87151
20753
3084
11519
71798
62640
48643
31889
44288
79075
21436
50239
17866
48441
52757
31079
80317
3799
69651
74002
65253
42229
88611
61580
84574
71764
76505
26357
69635
87691
73715
31586
75234
58790
78479
43563
8968
74638
16465
11356
89098
81211
12975
4490
32792
20994
1388
29511
28070
34446
78695
18924
83640
41849
68977
25052
45456
25331
41809
39594
55563
51868
84001
23484
40674
27875
86969
10344
58389
4233
43147
76724
14280
60185
9170
49279
64279
48112
70390
62319
20056
19282
26409
25549
83009
70750
10485
63561
82904
86218
51686
57184
83779
24440
6287
64733
75649
55650
31469
44321
37557
50370
43597
16685
4307
456
85908
86018
30995
68664
48433
50431
79026
12610
31416
11935
57957
89595
14641
35379
17939
23418
48397
38815
66270
79546
10519
13379
50246
66457
64597
336
10490
64537
33788
81952
16216
58839
45732
61993
31309
18020
51594
44583
10585
55325
56799
70065
40529
26601
16421
73747
47871
17111
33160
64878
26440
82558
68687
89391
76421
6207
51728
88148
33796
50750
15901
42820
35362
80689
3415
57657
52571
22052
18550
86443
46239
18950
24705
74738
50291
10661
63203
37510
15300
54519
4938
7930
65442
44568
86453
19955
70581
30634
24188
9367
27993
39419
47995
30499
37362
73031
72463
12929
65724
43017
41618
70396
37102
12226
73817
17452
85430
17800
26632
41297
25406
27012
62535
83487
50411
48130
63614
30307
50859
59132
69099
23829
38419
62149
78643
24064
41706
51606
66428
15530
88936
15392
69641
20460
36750
48739
10294
13594
12325
9661
10845
52793
80898
19932
76260
36042
66721
26704
78081
46038
51855
72269
83509
37917
81712
57146
11206
60710
20706
6365
65518
34740
49387
78314
44617
59495
52830
10671
6689
46999
57254
28791
10112
76130
13184
39079
79434
61079
11193
87763
73541
72559
57006
42803
79370
54137
69881
35235
49747
69594
59887
85600
6813
77457
14205
87263
71327
4484
36736
32719
64936
62610
54699
48543
57032
42383
23473
9922
79478
74842
86189
30951
86979
31672
8325
24319
57402
56536
51181
1493
17240
37390
70918
2735
60982
67947
33845
77552
13418
22281
24408
64740
86631
74146
55622
65087
36749
2136
75871
66486
52323
16878
21064
83884
60517
88961
10276
77950
74507
23805
38212
25191
33118
42175
25480
9940
53788
60059
32351
55427
86695
17057
34835
80941
68884
45326
84721
3154
70073
69282
13157
71799
2914
8128
17649
88351
59096
50510
75111
15971
55495
17023
25506
85344
70788
83324
39447
78807
26622
42668
66122
12074
16857
2921
89566
8872
17162
224
52726
19585
75346
70224
38058
4995
68667
49999
33403
6045
52596
76600
52229
47938
36097
48946
48134
40662
89418
29739
43138
34384
9550
14234
82534
4537
54729
63347
52206
61781
8704
53050
8491
86659
84717
18170
80144
46272
87462
70446
11273
56017
36004
52857
70503
82674
73386
5294
46781
10166
16891
19833
64870
71679
53291
21365
20301
85316
31199
61949
60264
83823
28493
49708
80600
70801
28481
52771
23830
73315
53889
43533
33629
8356
68952
69630
75429
83117
50302
42241
13936
3909
24298
63970
81885
84904
13244
50628
61021
47112
41970
35930
17840
32350
26266
20579
29548
76115
85863
53065
47865
85395
60202
46705
80165
58994
39284
54041
671
8999
253
63434
63855
67186
12636
32677
11659
42784
43452
66115
54924
44835
18281
37575
47791
75941
76339
16135
58865
16485
77380
64833
20309
1945
37273
45437
83221
77825
22755
23429
20736
78569
38792
8467
37298
13115
60912
79729
47254
5837
30674
15867
46446
43678
50882
89870
4602
39299
89724
52669
81556
56370
77021
80293
60269
3601
49067
85903
33919
46076
4754
34533
37569
37486
74713
45329
65829
35164
43187
38163
26670
67663
16610
77697
19205
89638
49864
35219
59046
18779
78548
52795
20713
73645
68632
32433
63690
67745
25880
80773
11517
81186
88442
14837
76620
70787
28729
80609
60022
12558
43318
57544
48553
79625
63003
53442
83996
15036
15450
45351
344
2480
82688
24845
43364
61033
70578
64628
18495
53374
60742
484
398
21879
7631
51539
74474
4400
38690
32614
13908
82287
39553
14035
16205
72261
16247
17448
51388
79574
59729
44917
84913
87097
53346
83727
73058
73898
62871
37071
85848
78924
2024
64193
62700
44255
80617
25622
80701
64996
85278
2849
76124
19125
2521
59599
22492
71877
45037
75326
30338
80533
28234
42457
79093
18459
38871
88034
3777
76366
19823
22779
2473
12528
35944
54260
3829
86996
31730
48522
13453
9414
78966
38624
83387
19288
28257
32192
30663
35452
68801
54244
64439
87694
61432
53443
21196
42291
58685
80930
86740
32032
25770
28326
64838
28622
22109
11829
42283
7735
16382
52744
61780
1915
59806
45514
41823
26327
85833
13132
85152
67494
51706
77952
11279
18382
71533
40100
61896
59060
63207
2390
66107
35498
18662
79175
47665
38675
19392
87892
83600
56118
67025
47486
39671
33464
74333
22433
12165
16554
47165
22617
3867
78305
58908
59539
87575
7051
87791
56059
58922
77932
43307
25259
62823
73410
61878
87483
36374
71713
9369
75821
53042
21506
25799
76523
85852
55640
76756
80874
81245
51617
11360
54764
31911
72184
28910
46025
68503
53361
52295
43753
36715
5892
59567
41960
85016
45680
55
58029
1341
87569
20090
44818
6476
7356
74155
26751
3006
78942
104
88390
14982
52617
8877
51022
27240
44282
29606
47514
39089
13890
32434
64612
72141
41074
12203
76883
12006
4342
27617
22547
43128
78278
86463
85282
35308
73857
33461
34015
34729
64500
55772
48974
22531
4948
47702
8646
42776
88631
552
70745
68163
28295
13019
68910
47922
30382
80122
81329
60382
61149
35970
58612
75665
12789
48017
19222
45515
11219
49057
54669
8386
89111
79816
7480
55090
79253
62077
42673
77526
38883
72336
85068
11357
25907
47154
86277
86988
48646
30771
30563
17799
11599
87889
4069
74143
40431
30186
35268
50519
75253
29004
9306
32129
22998
32722
43576
6779
47067
67709
20520
26344
57780
60664
66104
75502
87812
85071
78642
5926
67363
79317
64293
81093
38027
15956
10434
4785
71509
26772
52292
69831
60508
74359
63043
44897
86165
15826
32135
66296
50736
18309
79361
29127
69931
65569
28170
36726
82200
40026
77101
44042
19214
41042
11709
50981
35621
62166
66765
66150
42854
87554
73350
64610
68855
71125
62303
30618
62288
43262
3390
40341
12020
40326
3273
31064
84115
37279
33167
3841
53108
57267
57387
86718
26604
10000
85936
87087
17158
3379
75287
60693
46035
3959
12959
67004
33021
73894
64808
59260
59098
23628
3679
9025
89453
35790
36028
74066
87314
16854
47466
7971
32124
44700
46251
35051
42493
25944
4531
83866
22114
18831
5477
52610
30078
75951
36635
7688
38193
18285
85811
56324
45421
80595
52289
36845
60977
87924
114
52063
22819
11855
30676
26502
8465
17645
69982
54458
47376
36869
65806
38151
62370
38023
26974
43213
81509
71071
84414
76594
89105
77098
30253
5451
62633
15618
84460
85225
74708
20191
10873
19691
12075
71506
59002
55919
54380
62232
23482
82537
34754
62867
816
80626
33813
13956
10454
43191
30054
35767
82802
7726
35971
78984
68282
37637
54874
83297
85549
53322
84
30636
80491
65340
80225
72001
3098
53897
77849
45113
83623
53651
46186
87677
18599
65269
68590
36006
53378
11641
45008
37795
47961
6175
57819
22224
69857
25737
61756
17845
81347
33209
65051
86867
54087
66054
4423
84704
52930
3
80762
13610
84125
2232
66216
58158
23599
74919
73171
43102
31534
1018
70082
7171
48686
68761
81746
49287
29089
86629
84430
9353
37524
23507
47073
10580
17167
70539
26072
14410
28634
89084
24187
60150
31327
6025
50764
43282
16273
38576
83753
23414
60289
37512
17102
50642
58625
34600
87773
67168
50196
24257
33491
31692
60988
77755
78008
85487
29692
77141
79866
25224
6163
25879
10059
17245
35809
32118
42036
26315
26760
45857
52493
9631
77978
19879
55683
72612
80228
46919
7257
69554
46103
72901
27550
12402
35363
711
19196
3146
87769
42343
45337
58037
6718
15460
18161
34121
68459
79284
42282
43602
78410
53732
27742
57109
6404
16275
51433
70436
84805
31599
79800
19662
81249
64245
3627
58701
53232
50565
47177
15188
1570
80753
62315
6245
79241
33188
18458
25609
86974
13445
16058
86579
41401
23719
73022
77477
10389
17222
33959
29250
5629
22299
16629
46474
42118
70861
38014
58722
39491
7878
77388
2047
82666
20722
63527
32012
30469
35260
52484
436
137
14286
7142
45086
48782
62599
72906
43094
82838
9079
54892
44332
57552
33164
4379
58772
86341
49430
80590
24603
14004
12437
83182
85222
78574
48179
27521
40575
9211
8553
14970
63185
81871
56382
89862
36078
8893
3397
58602
44874
11419
64315
20361
70954
64937
16863
27503
74418
47098
89990
69946
76732
62087
19405
35807
81575
33063
27854
47802
82094
20818
4627
29124
80550
29824
15926
7915
39420
30132
4884
80918
13729
12617
7286
8150
24091
32280
74984
6815
12551
33250
26552
14782
78884
75765
73618
23329
8840
7294
44826
73352
45067
62915
33494
37167
22240
30478
85333
9432
36149
69828
57911
10596
60902
27151
27070
78525
72844
56892
52837
77548
49776
56675
35144
20834
56653
16189
56517
86415
14978
38084
6403
31153
74541
9400
54718
4883
75240
14537
68193
21323
5472
88539
65928
74416
38038
27684
85398
74182
27456
49613
1958
29085
4974
13941
27387
9674
83983
17166
46049
36180
60344
40788
60123
54309
20733
67438
6778
76606
15452
85346
72671
38352
64373
76269
40163
85245
43797
2364
7141
58345
47231
46940
72231
41951
42651
8555
80796
49699
41200
43823
28839
71340
13299
46750
57529
17738
1995
48418
40220
44620
58569
23616
28147
73403
7669
35735
31430
65974
54926
81886
26574
36134
12311
55895
1333
15886
35582
41698
34957
34971
661
68119
64400
56756
67173
86583
3043
44548
28041
86022
40387
40191
2532
32154
86402
46139
18843
11478
79895
82634
71777
51528
63182
19627
9017
72759
82805
81711
55915
15483
25105
27664
62280
42981
17080
10998
4146
71862
42038
64012
46436
54810
8770
39699
72063
88173
18439
16389
50594
22226
25919
31386
75593
19253
80241
83213
24548
10010
63077
53864
65484
79695
73469
31120
14030
44790
74279
74300
50494
30705
37498
11092
86945
82987
36400
84472
48001
48379
63516
67831
66339
7376
70804
35929
33908
32113
22297
73303
88202
22389
35602
18176
52494
69604
48728
26461
14593
44258
62777
22970
70850
42742
87621
6538
7587
85032
51358
39925
31526
25515
55816
71972
61828
15735
25812
78693
68416
30513
10223
72481
45354
55064
20018
7032
59614
48230
7154
4478
46814
25150
72274
66260
39826
65667
37958
4194
30265
30135
68407
86241
35983
67931
11648
48519
27229
83385
36130
57979
19711
89366
69683
21306
67259
84896
9788
41347
73515
43143
45182
87061
13811
63819
17957
72976
84405
39849
57518
37454
2511
83342
55176
30321
33754
40620
32125
8371
59091
63490
9864
28205
32152
35140
81892
57166
38612
74129
74294
87939
10904
80512
81687
43613
79565
36957
53699
17596
26807
3726
47366
38259
20671
84683
34468
28077
16675
87729
14103
3739
55807
16623
67712
30968
79560
40249
69827
78711
8459
73001
45889
7506
79869
16285
25882
31638
6319
87507
40948
84546
67582
75024
22295
12463
28442
8454
45342
26706
87007
78336
72120
44312
58307
53867
76314
16545
62133
40280
45336
4047
47923
45640
70373
7874
64340
87788
78244
66629
65924
26618
77970
16147
12278
24924
39004
109
67182
15011
88835
54001
9207
59027
29159
46252
36080
54932
51306
12440
52304
74891
67721
28491
24657
72277
50357
75267
39142
49215
4644
13864
57580
84735
12462
19712
61196
27263
46104
61114
25337
24350
51786
42612
25424
53862
19385
66351
66068
54324
53373
12276
34934
63929
89060
33770
29246
12168
2931
10796
70122
60550
65114
79300
27191
50575
55702
17129
49228
33886
68891
43190
60790
56319
62483
59689
84714
26975
29181
39694
80653
62848
28246
80858
6609
9220
66880
2488
71362
7982
76040
79124
16642
22495
8153
49126
37149
66534
82199
7829
39522
69618
22654
81453
55714
33527
21237
32561
63430
52282
21371
43762
46570
56044
80644
58629
82647
72891
61009
72620
42657
42563
19842
86534
78891
48
11341
9070
27855
24955
47193
49120
41630
46043
85879
60597
25825
23040
61758
5740
56084
12972
48145
50145
66445
59182
77371
25787
53205
31048
54173
20307
39456
42813
89266
62416
4556
51117
86244
26156
16618
52642
49225
76795
10861
29936
77216
70179
23480
26402
54089
86690
74971
66274
84450
886
44137
59284
31296
54712
18874
23685
85376
31185
73227
86762
25822
54326
22683
42456
16986
24959
35861
42470
12675
11704
34983
27572
1564
62744
12842
37218
25180
30347
27117
49688
78473
20702
925
9456
78183
27277
37514
48631
39428
45918
61873
2086
50161
87716
64478
61119
25982
77072
44204
14597
13551
12656
7096
54177
13433
21495
9761
46756
39980
42300
69603
3159
22968
43989
56996
50241
23049
76525
17655
8514
32636
4767
17335
24405
71786
602
41369
82754
25628
51344
6966
61893
86450
26523
28060
51586
78972
67288
36218
44186
37770
3051
37870
88205
64224
30198
57152
44157
30278
58835
19578
23228
38338
36156
18380
48082
56091
71891
44673
54609
65807
31675
61440
59503
3776
47370
15049
11668
48327
82143
11797
4424
62911
70149
87804
22382
1331
51773
26017
11006
65166
49958
24433
44725
27137
72121
14293
16310
86509
17128
62140
15265
68240
47297
44647
58834
7127
44884
12957
68682
54294
32399
12339
28865
7830
143
48448
11178
12059
61563
77019
33765
85567
2712
63628
16322
23982
84320
40817
23848
54552
31636
54992
17824
3741
48581
17583
37763
54781
21125
74422
55613
8301
30808
59286
88809
26071
51359
34162
61076
5155
23707
6832
34708
77570
21679
89706
39167
88432
16281
50021
73193
85895
78878
4244
49167
49898
63724
66921
77967
68435
77453
85074
28201
83004
77187
22561
26251
59398
87271
3494
5593
9427
28570
47374
23035
7515
43391
29959
1964
45481
21340
69880
64283
10474
13362
60913
53345
87131
89332
39430
26193
44173
34556
43171
81375
9251
75116
46761
9675
17359
24413
61143
76722
24592
59875
89463
29504
71186
72687
44815
54797
46161
31554
40783
47741
87413
13731
14034
69806
43628
59742
75133
12023
35038
31735
29975
33121
70175
22909
84671
42370
68983
61575
48599
37693
61886
75669
85805
12211
23494
88354
66000
58797
34293
25610
51832
88243
77265
18615
77095
15873
9261
34801
30698
51011
77035
1750
23124
37480
37817
27530
80732
48804
49817
11783
64608
32932
52736
56284
13555
82101
75744
25952
37244
11667
39315
66241
9208
7675
60727
3805
49103
62528
14832
68000
60845
16339
36591
51371
40579
63760
81026
41097
28595
43697
30203
49772
74970
80975
83930
22359
55174
31865
34819
4790
311
53714
16209
7648
60825
61579
61379
63419
69968
29337
11607
36989
83474
88154
81889
2321
57664
59418
58128
82412
19954
19481
42844
44718
6610
25613
77303
86795
57886
24585
68037
43689
25749
35532
21635
75651
3193
15967
21825
34440
14750
27963
56772
28256
87682
80312
34656
45541
23332
56807
76982
44161
48286
57812
36928
89403
22938
35176
59720
39730
81414
51456
27278
35456
59341
73415
55740
3046
41848
36442
73512
46113
7392
26844
27440
22498
10160
76833
10758
82124
57698
5333
23021
33414
83219
86998
51631
6430
25138
66364
2157
82848
69112
81740
17453
60351
43790
75329
73494
1323
47009
5166
26613
9002
56368
40013
76164
56249
40578
9817
728
21535
65318
73770
82100
74288
60756
48514
84562
76088
71378
53831
76799
1014
46308
3571
55104
61120
12808
12083
1195
83922
46500
53827
86439
49232
40626
58445
39995
86425
54701
445
63822
31103
57846
61493
84650
87547
25320
55113
67957
85596
46973
29474
48452
76739
50184
37867
43219
70901
9477
9475
60174
87099
82127
74217
75850
19164
6721
61832
71754
7030
51948
84452
46638
2102
51038
60848
50135
15996
81584
55671
47767
55504
45767
23794
44866
21660
44604
79717
16272
38264
78400
41513
49247
22241
988
77739
33566
35720
1954
19861
70078
22133
79401
33537
5111
48758
78209
39395
17964
69273
87963
68257
72500
44482
74342
41242
52790
1651
34588
42899
20480
58291
60568
89110
750
15014
79267
47710
43557
44210
62723
9294
73019
42293
27759
70026
78035
52561
18991
85077
38783
35713
42169
61417
13838
58279
73524
68822
14367
33815
47800
56905
89538
20546
26469
78054
39363
48996
1935
67914
82376
88890
6271
89988
46540
46517
35116
60927
60947
43178
3165
715
16066
23727
14052
60480
11700
63833
77289
52137
2674
30875
12280
73239
63001
26250
86915
31887
77204
84400
35153
30301
26438
83819
11121
28100
26046
21723
52528
41222
39236
11346
40973
11155
38331
20235
69489
78179
44877
55761
32540
37155
45478
36814
80208
13273
3979
47701
49481
49248
16892
23453
17086
59144
7302
36779
47516
49510
3561
85264
87508
35348
25815
68900
40436
49844
58452
52044
35162
77738
19605
9766
70318
87819
50193
3017
86140
18234
68467
10243
37977
15382
9837
63759
62463
73928
77531
7794
16901
22491
30536
35915
47555
9934
10306
74109
45688
57243
9927
37735
10511
67344
79098
62274
15531
3896
13599
27205
75341
31080
59410
75395
77397
19561
5286
26942
6662
31706
69370
35846
70263
83122
55643
42269
7193
59086
33384
25661
43812
60373
11734
45960
46493
29165
48794
52766
75110
28948
87173
19031
86601
63915
66509
45795
74646
13750
40452
11401
38917
31266
3085
50450
1075
67413
59645
35111
40089
27634
84013
15529
44744
75901
47848
70653
867
60093
32275
65000
75012
67342
17228
25670
12906
59745
50701
28101
9654
76694
81596
52542
78196
20532
86802
6702
61363
63848
77593
14556
80902
35581
48787
71923
53541
33665
45366
30804
37837
6793
70865
73854
82152
53515
51393
46448
73082
58510
32569
27592
5250
84157
72746
11628
49229
70642
70839
35896
85234
73585
24285
35797
32144
53936
75738
47699
20203
43800
11153
76050
80917
20238
28967
2845
23166
32327
86735
76868
4539
50871
12548
89279
63740
5169
89320
39434
82060
19953
34253
28428
36265
75794
59565
44724
7146
5261
20863
70590
69638
68073
40986
44379
33099
24033
85250
27745
79587
27285
24520
62413
3467
18162
5152
79282
57510
68428
28866
6184
48386
38013
1049
38916
7912
39367
30731
13428
55993
76980
44192
59157
74393
75136
22565
64383
21549
62074
5514
79559
51424
31545
50818
38484
3630
43136
60012
30408
21113
65669
47174
49714
36236
73852
85325
2878
50681
34366
49073
42703
37186
19693
52427
41661
84023
63768
57327
50562
15238
55488
51585
35575
88676
57171
44146
85276
12646
79864
64519
10779
82493
18536
10174
8137
14109
55098
14679
43651
39103
70723
11422
80884
87733
22258
54266
7437
47292
58303
82415
65991
22574
44633
24082
48463
84614
59903
50984
87393
55129
83527
13932
56219
48261
75781
64034
14402
37137
28118
20351
64114
6754
81288
624
69001
89658
24849
473
38185
81720
25274
39317
15715
86448
2580
39935
51741
3822
9333
87456
87319
34269
51249
42767
43677
19054
18580
59030
57899
4684
14897
79015
77519
75966
79555
75271
16684
52347
8519
29454
23001
67861
4503
4774
164
71341
14279
33238
27675
58631
24437
22084
46219
31740
63291
58413
9560
49344
10630
72483
20830
1608
87722
53499
6486
11821
61395
76169
79359
57513
14823
78475
32328
76055
77918
5886
81500
88616
29886
9651
76699
32669
3910
35734
57411
27979
82339
26743
35015
14547
69654
63481
82895
73285
69561
84207
11916
10753
56545
18090
64544
55555
60658
33111
32162
10419
55228
27158
43024
68742
51382
25454
12049
50086
73670
52616
5273
5571
37755
39610
35780
7795
41607
43283
4881
48032
61028
83989
21092
68540
78880
38250
59421
68004
15646
62256
20481
14806
51442
19811
7887
22331
66377
80763
7455
62750
89664
57465
67838
66653
85220
73889
17658
84083
75947
7185
80457
67919
23825
73337
67485
85695
72299
36818
35307
43590
30435
64536
37411
71531
83963
15664
29193
47197
53059
10107
48040
79047
35010
4185
49301
73138
79490
23282
87276
32364
42824
7276
43491
15714
31572
54985
21780
5784
86642
21370
76640
2482
42568
15497
72706
63815
45334
48438
26324
28334
74275
30037
11246
58601
54553
59677
60609
3672
72332
55517
7161
24513
39550
21789
89452
70976
50022
21505
23115
77692
53962
80304
755
48598
20472
56664
73219
19026
73499
41792
32369
13165
78068
39631
81171
58012
14366
77855
64484
15712
48256
85604
51561
22264
71038
15022
47756
52438
45469
89567
70252
54255
31069
27760
22622
4206
85524
39095
38928
8642
53157
25414
36541
73098
47341
29437
84893
25079
38429
31725
84715
51236
13790
72935
6950
77535
14357
27170
23386
29334
48889
16295
88347
49839
45212
63147
56701
17125
14123
3707
24368
10946
73305
78143
18697
19907
57280
54679
66226
25619
60789
29382
10784
34629
49931
7144
38976
22568
6180
15177
2184
60283
30140
57306
58918
54768
72542
73440
19038
5237
16253
48886
5513
11593
70050
50191
62951
83704
65
55345
56365
40606
24590
19090
52748
10550
39410
4797
65055
33837
67630
28762
73985
63445
12834
89816
72704
69060
49894
57293
58900
62552
53110
69598
12131
6883
32767
67992
1611
9859
762
46818
24198
72507
25412
49500
33862
42006
73213
27250
54149
60701
32414
6593
33533
88122
56369
19614
9334
64261
23894
22088
42067
57266
18317
5015
13921
56422
32104
82225
45965
9686
19485
2274
49286
51590
60851
9420
65050
6730
10668
10299
32968
77984
85347
28877
96
75033
8955
546
27260
62737
53427
64883
22328
45557
74004
46815
42978
44489
36167
13211
35573
5255
49992
44361
56654
84273
32358
71147
10035
75816
40255
66785
45229
7644
17915
47172
60523
26750
69213
54234
25268
40893
63714
81876
59402
83849
80310
81191
89222
65153
84694
28719
51913
55026
59867
89707
56104
23733
30668
22127
25484
8026
70683
71992
89960
38412
66868
74192
47544
64819
17225
40912
23983
25878
56923
76881
61068
75643
53919
25135
83433
55626
57367
46527
71881
37679
47520
39928
38111
45384
50207
22059
22183
83254
29008
43146
57145
57255
89989
18811
35467
84795
7666
18236
54749
24237
50622
68531
4197
63655
11076
40133
3286
35195
43572
21728
54115
35224
24266
58679
88703
11058
40172
62874
51432
44264
31363
18806
56052
83954
66051
9160
81615
38226
59240
25931
49359
22652
2989
61308
75994
8499
87465
19055
24740
23598
56601
9896
61691
26451
11254
39566
57754
34557
84214
55079
13036
51901
50620
86077
74176
56550
73504
67980
82630
43344
71669
42969
19633
34630
83567
25203
15350
59984
82780
60359
21130
38854
58143
33711
17763
57649
27417
31758
45492
41937
77898
82326
32161
54561
48310
22319
19896
68823
48339
21803
20724
1179
59431
61083
28647
7940
49706
30779
159
69332
31273
39241
16141
52119
56871
75602
6248
84381
57553
4959
45982
84802
61220
15519
9700
29311
67010
70998
42094
88874
44308
29011
63556
89013
73564
24624
64535
39047
825
88765
63208
71804
48290
30611
54288
80279
26961
51677
56108
36282
45391
37062
40444
35679
42485
53692
19846
58293
36427
61307
12293
45470
81776
33396
62941
86854
67319
50866
68151
8588
14529
8505
89316
81664
35757
13044
26868
83519
16832
25705
58741
86501
17058
69677
16498
70808
78950
50328
1273
83011
2478
81778
15167
55006
6887
46804
87544
41876
7962
28430
70744
32076
74729
17578
81213
37433
65059
14921
30902
75387
48387
25672
50110
14173
45654
28040
31340
19663
77635
22944
61621
27056
16338
55162
46324
67538
49059
84791
73849
11713
60409
41829
65244
17205
44434
43412
16393
50311
53994
78392
43726
76592
86779
43278
64183
6373
62619
37203
8962
29706
25243
29597
9374
82618
74117
78361
36123
24180
84345
16283
24486
82691
19007
21022
58161
78133
20385
6332
42552
43078
81904
22856
4564
8609
43422
35316
68334
87185
68549
73800
20677
60759
7784
46355
35403
66309
79983
15874
67267
18650
10360
21752
81240
51715
41852
66177
29226
25112
5834
25994
38303
76778
56565
19768
68361
6577
79491
4344
55222
6017
59785
1025
59508
52459
4204
41353
15525
38388
50847
76553
79091
37570
51879
85157
67924
2149
17442
31391
62865
18577
26702
19976
56591
60221
15550
74723
73016
16385
5303
28654
60348
57532
15418
71179
10451
654
23219
25031
37154
74976
87458
57271
4192
36450
58709
37141
82860
32094
84266
85645
30069
1423
31264
36198
22247
52670
58615
77626
25706
45108
44963
15127
23573
74241
14735
21620
33310
637
70367
9803
28304
37001
27669
68323
50391
10054
69252
67174
7697
58326
69841
79593
27885
68922
74992
31500
34146
41317
27734
39210
21650
18673
80431
