CI
CK
DN
DS
EL
JM
KZ
LD
LR
OC
OW
PR
QM
SB
SM
SV
SZ
TG
UJ
WR
XU
XV
ZG
ZQ
ZW
AAZ
ABH
ACQ
ADD
ADE
ADX
AEG
AFP
AGN
AGU
AGV
AHY
AJV
AKH
AKM
AKW
ALV
AMB
AMI
AMT
AMV
ARL
ASE
ATI
ATL
ATS
AUG
AUX
AWG
AXH
AXJ
AYH
AYM
AZI
BAK
BBZ
BDR
BEP
BEX
BFF
BFJ
BGH
BGV
BIJ
BIP
BKY
BLO
BMA
BOB
BOE
BOF
BRK
BRR
BUA
BVQ
BYL
CAL
CBL
CBM
CCF
CCG
CCP
CEZ
CFT
CGM
CGU
CHX
CKE
CKO
CKX
CLC
CLY
CNI
CQN
CQR
CRD
CRJ
CRT
CSK
CUA
CUP
CUZ
CVV
CWP
CWZ
CXP
CXR
CXS
DAC
DAS
DBW
DCB
DDP
DDT
DFG
DFO
DGL
DGU
DGW
DHR
DIV
DKM
DKY
DLQ
DOA
DOM
DQD
DRH
DSA
DSS
DUD
DWI
DXM
EAO
EAS
EBS
EDR
EFC
EGQ
EGW
EHG
EIG
EJR
EJX
EKK
EKL
EKU
ELU
EMD
ENG
ENS
EOL
EOU
EOX
EPS
EQL
ERA
ESA
ESR
ETI
ETO
EVP
EWB
EWH
EXU
FAO
FBN
FCV
FEB
FEK
FEW
FFE
FFH
FHC
FIO
FKB
FKP
FKR
FLA
FLB
FNM
FOX
FPR
FRO
FTR
FUR
FWC
FWH
FXC
FXG
FXN
FYD
FYM
FYX
FZJ
GBD
GCR
GDL
GDQ
GDX
GED
GEK
GET
GHM
GMO
GNN
GPQ
GQP
GRH
GSU
GUX
GWK
GXG
GXK
GXT
GXZ
GYZ
GZO
HAR
HBG
HBV
HCL
HEK
HFK
HKE
HKR
HMA
HMG
HOX
HQI
HRL
HTB
HVC
IBL
ICY
IDH
IDP
IEV
IFS
IHA
IHL
IIJ
IIO
ILQ
INU
IOL
IOY
IQY
IQZ
IRX
ISD
ISW
IUD
IXH
IYA
IZZ
JAG
JAJ
JAO
JBE
JCU
JEA
JEI
JFU
JFV
JGP
JIC
JIF
JIL
JIR
JJL
JJT
JKA
JKB
JKG
JNF
JNP
JOO
JSP
JSS
JVJ
JXW
KAV
KBA
KBH
KDR
KDZ
KEV
KEW
KFR
KGU
KHP
KJB
KJC
KJD
KJI
KKG
KMI
KNZ
KOY
KRF
KSD
KVE
KVI
KWF
LAH
LBF
LCB
LEM
LEX
LGI
LHC
LIW
LKA
LKD
LKW
LKX
LOJ
LRW
LSI
LSL
LTG
LTP
LUH
LUR
LUW
LUZ
LWP
LWW
LYJ
LZF
LZU
MCA
MCC
MDH
MEM
MEW
MHC
MIZ
MJU
MLN
MME
MOI
MPR
MPS
MPV
MQB
MRA
MSC
MTN
MTT
MWO
MWR
MWU
MZC
NAF
NAL
NAO
NBW
NCH
NDZ
NFX
NGS
NKG
NKP
NMI
NNO
NNQ
NOL
NOU
NPO
NQU
NQW
NSA
NSN
NTG
NTK
