0
8
16
29
56
63
71
122
135
157
158
168
172
199
219
221
225
234
257
269
281
304
319
346
356
375
388
390
401
407
414
434
442
529
539
555
576
577
643
644
676
690
694
698
712
721
788
812
815
816
817
823
865
895
907
951
965
1011
1016
1041
1072
1075
1081
1083
1097
1115
1124
1127
1135
1143
1149
1163
1166
1176
1179
1196
1203
1214
1268
1301
1312
1331
1422
1432
1465
1474
1499
1545
1547
1556
1557
1581
1604
1622
1647
1651
1660
1669
1728
1732
1748
1780
1794
1799
1811
1814
1817
1826
1853
1854
1905
1939
1994
2024
2037
2050
2100
2104
2107
2158
2186
2189
2220
2268
2271
2330
2334
2340
2341
2352
2374
2375
2410
2426
2443
2460
2480
2511
2517
2537
2541
2587
2609
2671
2696
2699
2718
2721
2725
2733
2737
2752
2790
2796
2821
2829
2834
2839
2842
2890
2907
2913
2943
2947
2977
2978
2995
3016
3025
3039
3040
3070
3131
3133
3141
3148
3161
3169
3184
3194
3206
3209
3247
3251
3252
3253
3267
3280
3282
3290
3324
3340
3382
3436
3442
3443
3464
3467
3470
3478
3510
3514
3528
3533
3556
3573
3578
3597
3608
3626
3643
3661
3680
3688
3689
3705
3712
3721
3724
3726
3727
3731
3744
3754
3756
3780
3787
3827
3840
3862
3863
3898
3918
3924
3928
3947
3959
3966
3986
3995
4023
4070
4096
4098
4128
4151
4253
4256
4264
4267
4273
4289
4290
4300
4304
4321
4352
4356
4376
4383
4428
4467
4482
4483
4501
4506
4512
4542
4549
4585
4601
4615
4651
4709
4711
4713
4720
4733
4752
4801
4805
4822
4830
4836
4866
4872
4878
4883
4922
4943
4949
4961
5020
5022
5031
5056
5063
5068
5092
5108
5121
5134
5140
5158
5176
5185
5190
5202
5238
5249
5289
5294
5338
5359
5382
5391
5398
5424
5428
5440
5453
5462
5483
5507
5531
5548
5596
5612
5613
5681
5702
5704
5737
5739
5752
5773
5779
5784
5786
5822
5827
5836
5845
5868
5888
5905
5909
5914
5927
5928
5942
5946
5947
5962
5969
6016
6021
6027
6049
6059
6065
6088
6101
6117
6132
6200
6210
6237
6260
6275
6304
6351
6354
6370
6395
6403
6418
6446
6452
6458
6468
6482
6492
6517
6606
6622
6633
6640
6645
6648
6682
6690
6691
6706
6733
6748
6791
6804
6828
6859
6875
6932
6957
6976
7000
7032
7073
7080
7097
7121
7129
7203
7205
7208
7259
7278
7304
7305
7314
7324
7344
7383
7399
7422
7434
7447
7482
7492
7506
7537
7539
7556
7584
7623
7627
7658
7675
7683
7686
7711
7721
7724
7727
7798
7814
7829
7873
7880
7890
7907
7926
7933
7946
7966
7971
7974
7986
8032
8067
8070
8082
8085
8100
8112
8132
8148
8154
8162
8163
8178
8194
8230
8234
8275
8286
8287
8320
8363
8382
8386
8388
8417
8434
8452
8461
8485
8541
8544
8551
8566
8576
8586
8590
8603
8635
8636
8650
8655
8688
8740
8784
8790
8820
8827
8838
8845
8848
8860
8866
8871
8879
8887
8905
8917
8940
8951
8954
8978
8980
8985
8991
9007
9010
9049
9087
9089
9096
9147
9156
9170
9172
9177
9182
9199
9232
9233
9235
9237
9260
9277
9279
9294
9295
9300
9305
9312
9336
9338
9341
9349
9370
9386
9406
9409
9466
9477
9481
9498
9504
9518
9534
9583
9602
9610
9617
9619
9653
9673
9677
9678
9702
9705
9736
9752
9770
9792
9804
9823
9841
9842
9848
9849
9855
9883
9890
9893
9900
9907
9930
9951
9972
9986
9990
9999
10007
10013
10034
10038
10045
10051
10054
10092
10125
10136
10142
10154
10175
10195
10196
10217
10228
10234
10252
10254
10266
10278
10315
10325
10336
10346
10360
10372
10386
10392
10395
10399
10412
10427
10435
10466
10472
10490
10498
10499
10528
10549
10571
10578
10586
10619
10631
10639
10668
10676
10683
10710
10722
10809
