rock_2055
rock_2056
worms_1933
mush_2014
lint_1978
mold_2079
rock_2057
hair_1931
mold_2080
lint_1980
dirt_1980
rock_2058
worms_1935
rock_2060
rock_2061
lint_1981
worms_1937
dirt_1982
mold_2082
lint_1982
strings_2009
charm_2050
mold_2083
strings_2010
rock_2065
charm_2051
mush_2017
strings_2012
charm_2052
mush_2018
rock_2069
dirt_1983
hair_1935
charm_2055
pebble_1992
strings_2014
worms_1942
mold_2086
pebble_1993
strings_2016
mold_2087
rock_2071
rock_2072
dirt_1986
strings_2017
lint_1987
hair_1937
lint_1988
lint_1989
strings_2018
worms_1944
dirt_1990
lint_1990
charm_2057
charm_2059
strings_2020
charm_2060
strings_2021
pebble_1996
mush_2021
strings_2023
charm_2061
pebble_1998
pebble_1999
mold_2094
worms_1954
strings_2024
worms_1956
charm_2062
mold_2097
charm_2064
charm_2065
lint_1995
worms_1958
rock_2086
rock_2087
mold_2099
dirt_1993
pebble_2001
dirt_1994
charm_2067
lint_1999
worms_1965
mold_2102
dirt_1998
charm_2070
hair_1944
charm_2071
mold_2105
lint_2002
mold_2106
rock_2091
worms_1968
pebble_2004
mush_2029
strings_2034
lint_2005
dirt_1999
hair_1947
rock_2093
pebble_2007
charm_2072
mush_2031
pebble_2008
dirt_2002
pebble_2010
lint_2006
charm_2074
dirt_2003
dirt_2004
mold_2109
worms_1970
dirt_2005
charm_2076
dirt_2006
mush_2034
strings_2036
charm_2077
pebble_2012
rock_2099
lint_2011
hair_1951
pebble_2015
rock_2100
dirt_2007
mold_2113
hair_1954
mold_2114
lint_2014
mush_2038
lint_2015
hair_1957
dirt_2008
dirt_2009
hair_1958
dirt_2010
pebble_2018
pebble_2020
lint_2016
strings_2042
hair_1959
hair_1960
charm_2078
lint_2017
dirt_2013
mold_2119
dirt_2014
charm_2080
charm_2081
rock_2101
hair_1962
worms_1974
pebble_2024
pebble_2025
dirt_2015
rock_2103
hair_1963
charm_2083
worms_1976
charm_2084
dirt_2017
lint_2021
pebble_2029
rock_2105
strings_2046
charm_2085
rock_2106
dirt_2020
dirt_2022
mush_2045
hair_1968
lint_2024
rock_2107
charm_2088
worms_1981
worms_1982
worms_1983
pebble_2031
mush_2049
mush_2050
worms_1985
worms_1986
dirt_2025
mush_2052
mush_2053
pebble_2034
rock_2112
worms_1987
worms_1989
mush_2054
rock_2115
mold_2127
lint_2032
rock_2116
pebble_2037
mold_2129
charm_2092
hair_1971
rock_2117
pebble_2038
lint_2034
lint_2038
hair_1972
pebble_2039
strings_2060
pebble_2041
mold_2133
strings_2062
worms_1994
worms_1995
worms_1996
strings_2063
lint_2042
strings_2064
hair_1976
dirt_2033
charm_2096
lint_2043
dirt_2034
strings_2065
lint_2045
worms_1999
strings_2067
hair_1979
lint_2047
worms_2000
mush_2065
dirt_2038
rock_2128
hair_1982
dirt_2039
pebble_2047
dirt_2042
mush_2066
charm_2101
hair_1984
lint_2051
mold_2139
worms_2003
charm_2103
dirt_2044
worms_2004
strings_2072
worms_2005
mold_2140
mush_2068
mold_2142
dirt_2048
worms_2006
mush_2069
strings_2075
hair_1989
dirt_2052
hair_1990
dirt_2053
rock_2135
pebble_2051
charm_2106
charm_2107
lint_2056
mush_2071
worms_2009
rock_2136
dirt_2054
mush_2073
charm_2108
rock_2138
mush_2075
dirt_2055
hair_1993
pebble_2052
mold_2150
pebble_2053
strings_2078
mush_2077
mold_2152
rock_2141
mold_2154
strings_2082
lint_2060
worms_2017
worms_2018
rock_2142
worms_2020
mush_2081
dirt_2061
dirt_2062
mold_2155
lint_2061
rock_2145
pebble_2060
rock_2146
pebble_2061
rock_2147
mold_2156
lint_2062
worms_2022
lint_2064
pebble_2063
charm_2111
hair_1995
pebble_2064
mush_2085
pebble_2065
mold_2162
mold_2163
mush_2086
mush_2087
hair_1998
rock_2151
strings_2086
lint_2067
rock_2155
worms_2025
dirt_2067
mush_2090
mold_2164
mold_2165
hair_2003
worms_2027
hair_2004
rock_2157
mush_2091
worms_2031
pebble_2070
strings_2088
pebble_2071
dirt_2073
worms_2032
lint_2070
mold_2171
lint_2072
hair_2007
strings_2091
mush_2092
lint_2073
mold_2174
pebble_2074
mold_2175
dirt_2076
mold_2176
mold_2177
mush_2093
charm_2114
rock_2168
pebble_2075
hair_2014
worms_2040
mold_2180
dirt_2079
lint_2078
mush_2096
strings_2100
dirt_2080
strings_2101
charm_2115
mush_2097
dirt_2083
dirt_2084
rock_2174
rock_2175
pebble_2078
dirt_2086
strings_2105
strings_2106
charm_2116
rock_2176
rock_2177
strings_2107
hair_2017
strings_2110
worms_2044
dirt_2087
lint_2079
charm_2118
lint_2080
rock_2178
hair_2018
charm_2120
dirt_2090
hair_2019
worms_2046
mush_2099
rock_2179
strings_2114
hair_2023
rock_2181
lint_2082
mold_2189
strings_2115
charm_2121
strings_2116
lint_2085
hair_2024
charm_2122
mush_2101
charm_2124
charm_2125
pebble_2088
worms_2048
worms_2049
dirt_2094
lint_2087
rock_2184
lint_2089
strings_2117
worms_2052
worms_2053
strings_2118
mold_2193
lint_2092
charm_2127
rock_2186
strings_2120
worms_2055
charm_2131
worms_2056
worms_2057
lint_2094
charm_2133
hair_2031
lint_2095
mush_2103
worms_2059
rock_2187
dirt_2098
mold_2199
mold_2200
rock_2189
pebble_2093
hair_2032
mush_2106
charm_2136
mold_2203
hair_2034
hair_2036
charm_2139
charm_2141
worms_2065
hair_2037
strings_2131
worms_2066
lint_2101
pebble_2098
rock_2192
mush_2111
strings_2137
worms_2068
pebble_2099
worms_2070
mush_2112
dirt_2108
mold_2204
mush_2113
hair_2043
strings_2139
charm_2144
lint_2105
charm_2145
mush_2114
pebble_2100
hair_2045
rock_2196
charm_2147
mush_2115
pebble_2103
dirt_2111
mush_2119
rock_2198
dirt_2113
mush_2122
pebble_2108
lint_2108
pebble_2109
worms_2072
mush_2124
strings_2146
rock_2201
hair_2050
dirt_2116
hair_2051
mold_2210
hair_2052
worms_2074
dirt_2118
dirt_2120
mold_2212
mush_2126
dirt_2121
mold_2214
worms_2076
pebble_2116
mush_2128
pebble_2117
strings_2149
rock_2204
mold_2216
mush_2129
charm_2164
lint_2118
dirt_2125
mush_2130
worms_2079
charm_2168
rock_2206
rock_2207
rock_2208
pebble_2118
dirt_2126
mush_2132
strings_2152
worms_2081
dirt_2128
lint_2120
pebble_2120
strings_2154
rock_2210
strings_2156
charm_2169
mush_2135
strings_2157
charm_2170
hair_2066
lint_2121
lint_2122
mold_2223
mold_2224
dirt_2133
worms_2086
rock_2216
lint_2125
worms_2088
mold_2227
mold_2228
pebble_2125
hair_2071
strings_2162
pebble_2127
worms_2090
rock_2221
charm_2176
lint_2128
pebble_2128
hair_2075
charm_2178
mold_2232
strings_2164
pebble_2130
mold_2233
charm_2180
charm_2181
pebble_2132
lint_2130
strings_2167
strings_2168
mush_2145
pebble_2135
charm_2184
rock_2226
strings_2171
mold_2236
worms_2098
mush_2147
mush_2148
hair_2079
mush_2150
hair_2080
mush_2151
hair_2081
dirt_2140
lint_2136
pebble_2137
strings_2172
worms_2101
mush_2153
mold_2240
hair_2082
charm_2190
lint_2139
hair_2085
strings_2177
worms_2104
charm_2193
strings_2178
mush_2157
lint_2142
rock_2234
hair_2087
dirt_2144
charm_2195
strings_2179
rock_2236
charm_2196
worms_2107
dirt_2146
worms_2109
strings_2180
worms_2111
mold_2244
strings_2181
charm_2197
strings_2184
rock_2240
charm_2199
pebble_2141
rock_2241
rock_2242
worms_2113
worms_2114
mold_2248
hair_2089
mold_2249
hair_2091
strings_2187
dirt_2152
rock_2246
hair_2092
charm_2204
strings_2188
hair_2093
rock_2248
strings_2189
hair_2096
mold_2252
lint_2146
dirt_2153
dirt_2156
hair_2097
mush_2163
lint_2147
pebble_2145
pebble_2146
hair_2099
worms_2118
hair_2100
pebble_2148
rock_2250
dirt_2160
worms_2120
mush_2167
mold_2256
mush_2168
rock_2252
lint_2150
charm_2211
lint_2151
dirt_2164
hair_2102
rock_2254
mold_2258
strings_2195
charm_2214
charm_2215
charm_2216
mold_2261
mush_2172
dirt_2168
pebble_2154
charm_2217
worms_2125
mush_2174
mold_2263
dirt_2170
dirt_2171
mold_2264
mold_2265
dirt_2174
worms_2126
mush_2175
charm_2219
worms_2127
mold_2267
rock_2258
dirt_2175
charm_2220
hair_2104
rock_2260
pebble_2160
hair_2105
mold_2270
dirt_2177
strings_2198
rock_2265
strings_2200
strings_2201
mush_2183
mold_2274
pebble_2164
worms_2133
rock_2269
lint_2158
pebble_2165
mush_2187
lint_2159
lint_2160
worms_2136
rock_2271
strings_2204
strings_2205
charm_2229
mold_2280
worms_2138
pebble_2167
mold_2281
hair_2112
pebble_2168
mush_2191
mold_2282
dirt_2190
rock_2275
pebble_2169
hair_2114
worms_2143
pebble_2170
dirt_2191
pebble_2172
strings_2206
charm_2235
hair_2115
dirt_2192
worms_2144
dirt_2193
worms_2145
lint_2165
hair_2116
mush_2195
mush_2196
strings_2208
hair_2117
worms_2147
pebble_2173
charm_2236
mush_2199
worms_2149
rock_2277
mush_2200
pebble_2175
lint_2167
rock_2280
lint_2168
hair_2120
worms_2151
lint_2169
mold_2288
pebble_2179
dirt_2198
dirt_2199
mold_2290
lint_2170
dirt_2201
pebble_2181
charm_2238
hair_2127
pebble_2184
rock_2284
charm_2239
mush_2205
mold_2294
dirt_2203
rock_2285
charm_2241
rock_2286
mush_2206
mush_2207
rock_2288
worms_2158
hair_2128
rock_2290
mush_2209
worms_2160
hair_2133
pebble_2188
hair_2134
rock_2294
strings_2218
dirt_2209
lint_2180
charm_2245
strings_2220
mold_2299
rock_2296
pebble_2189
rock_2297
mold_2300
lint_2181
worms_2163
dirt_2211
lint_2183
rock_2298
strings_2223
mush_2212
rock_2303
dirt_2212
pebble_2191
pebble_2192
strings_2224
pebble_2193
rock_2304
worms_2166
dirt_2213
mush_2213
rock_2307
lint_2185
pebble_2195
charm_2247
lint_2187
charm_2249
charm_2250
hair_2138
charm_2251
dirt_2217
hair_2139
dirt_2218
strings_2232
lint_2191
hair_2140
dirt_2219
dirt_2220
lint_2193
mush_2215
mold_2306
mold_2307
strings_2235
strings_2236
rock_2310
dirt_2222
mush_2216
dirt_2226
charm_2254
rock_2313
dirt_2228
mold_2309
worms_2170
rock_2316
mold_2310
worms_2172
mush_2218
charm_2260
rock_2317
worms_2173
worms_2174
charm_2263
pebble_2205
pebble_2206
pebble_2208
mold_2313
worms_2175
mold_2314
hair_2148
pebble_2209
mush_2222
hair_2149
strings_2241
charm_2266
hair_2150
rock_2321
rock_2322
dirt_2237
pebble_2210
dirt_2238
strings_2243
hair_2151
mold_2317
dirt_2240
mold_2318
mush_2225
mush_2226
charm_2271
hair_2153
charm_2272
strings_2246
mold_2324
lint_2205
charm_2274
charm_2275
mold_2326
mush_2229
rock_2328
strings_2247
charm_2276
hair_2157
mush_2231
hair_2158
charm_2279
lint_2208
mold_2331
mold_2332
worms_2186
strings_2250
rock_2332
pebble_2217
dirt_2247
hair_2160
pebble_2218
hair_2161
worms_2188
rock_2336
charm_2281
hair_2162
strings_2253
hair_2163
strings_2255
mush_2237
charm_2282
rock_2337
worms_2195
dirt_2250
mush_2238
hair_2166
worms_2198
dirt_2252
rock_2339
charm_2284
pebble_2219
worms_2199
mush_2240
mold_2335
charm_2286
pebble_2220
hair_2169
worms_2202
strings_2257
strings_2258
rock_2347
lint_2214
worms_2206
mush_2241
rock_2348
pebble_2224
pebble_2225
pebble_2227
strings_2263
dirt_2256
lint_2216
worms_2209
charm_2290
charm_2291
dirt_2261
worms_2210
strings_2267
hair_2179
charm_2292
strings_2268
hair_2180
charm_2293
pebble_2231
worms_2212
mush_2248
charm_2294
rock_2357
rock_2358
worms_2213
lint_2221
lint_2222
strings_2270
worms_2215
hair_2183
rock_2361
mush_2252
strings_2271
worms_2216
hair_2184
mold_2345
rock_2362
mold_2346
rock_2363
pebble_2235
worms_2219
pebble_2237
mush_2255
strings_2274
mold_2351
mush_2258
rock_2367
strings_2275
pebble_2239
pebble_2240
worms_2222
mush_2259
rock_2368
strings_2276
worms_2223
worms_2224
pebble_2241
strings_2279
mold_2356
dirt_2268
worms_2225
mush_2260
rock_2370
strings_2280
worms_2227
charm_2306
mold_2358
mold_2359
worms_2230
hair_2191
dirt_2277
worms_2234
worms_2235
dirt_2278
strings_2289
rock_2373
strings_2291
charm_2313
dirt_2281
pebble_2250
mold_2368
rock_2375
mold_2369
strings_2293
mush_2270
pebble_2254
worms_2240
dirt_2285
worms_2242
charm_2318
charm_2319
mush_2272
charm_2320
pebble_2259
dirt_2288
strings_2294
worms_2244
charm_2322
worms_2245
mold_2372
rock_2378
charm_2323
mush_2275
charm_2324
hair_2199
mold_2374
hair_2200
strings_2299
mold_2375
pebble_2264
lint_2238
rock_2380
strings_2300
lint_2239
mold_2376
worms_2249
dirt_2295
lint_2241
mush_2277
lint_2242
dirt_2297
mold_2378
charm_2327
rock_2382
mold_2379
dirt_2300
pebble_2269
mush_2282
rock_2385
pebble_2270
lint_2243
hair_2203
hair_2205
rock_2387
strings_2303
hair_2206
pebble_2272
rock_2389
mold_2383
pebble_2273
strings_2306
pebble_2275
dirt_2303
dirt_2304
charm_2336
hair_2209
mush_2286
mush_2287
charm_2337
rock_2392
dirt_2307
lint_2254
dirt_2308
dirt_2309
dirt_2310
dirt_2311
hair_2213
charm_2341
pebble_2280
rock_2397
lint_2257
hair_2215
strings_2317
worms_2265
mold_2389
dirt_2315
rock_2400
strings_2318
charm_2344
lint_2258
pebble_2284
hair_2217
hair_2218
rock_2401
dirt_2316
strings_2320
lint_2260
hair_2220
charm_2350
mush_2298
hair_2221
worms_2271
mush_2299
worms_2272
rock_2407
mush_2300
charm_2353
worms_2273
charm_2355
rock_2408
dirt_2320
mold_2393
mush_2302
worms_2275
hair_2225
strings_2323
worms_2277
mush_2303
strings_2326
strings_2327
strings_2328
lint_2264
pebble_2290
worms_2280
worms_2281
worms_2283
dirt_2324
dirt_2325
rock_2413
hair_2228
strings_2330
lint_2268
dirt_2326
strings_2331
mush_2311
hair_2230
worms_2285
charm_2359
lint_2270
lint_2271
rock_2417
lint_2272
strings_2333
dirt_2330
dirt_2331
mush_2314
mush_2315
lint_2273
mold_2402
charm_2363
dirt_2332
mush_2316
mold_2404
strings_2337
lint_2275
rock_2420
dirt_2333
pebble_2300
pebble_2301
dirt_2334
rock_2422
mold_2407
strings_2340
mold_2409
rock_2424
hair_2237
charm_2367
mush_2319
charm_2368
mold_2410
hair_2240
mush_2320
hair_2241
charm_2369
charm_2370
charm_2371
charm_2372
mush_2321
lint_2280
strings_2344
dirt_2338
lint_2283
pebble_2306
mold_2414
pebble_2307
pebble_2308
dirt_2340
worms_2295
charm_2373
charm_2374
strings_2349
lint_2288
strings_2350
strings_2351
pebble_2309
dirt_2341
pebble_2310
charm_2376
rock_2431
pebble_2312
dirt_2342
hair_2245
hair_2246
hair_2247
lint_2290
mush_2324
hair_2248
pebble_2314
dirt_2346
dirt_2347
strings_2356
dirt_2348
pebble_2316
rock_2434
worms_2300
mush_2328
mush_2329
mold_2420
mold_2421
dirt_2352
strings_2360
mush_2334
mush_2335
rock_2437
charm_2387
pebble_2319
pebble_2320
lint_2294
mush_2338
pebble_2321
charm_2389
charm_2390
mold_2429
strings_2367
pebble_2324
charm_2392
lint_2297
rock_2444
rock_2446
rock_2447
hair_2261
lint_2300
charm_2395
charm_2396
dirt_2363
hair_2263
strings_2375
lint_2301
worms_2310
mush_2344
strings_2376
hair_2264
charm_2399
dirt_2364
charm_2401
worms_2311
strings_2380
dirt_2368
rock_2453
pebble_2329
rock_2454
charm_2403
strings_2382
worms_2312
mush_2348
charm_2404
worms_2314
dirt_2372
lint_2306
lint_2307
hair_2270
strings_2384
strings_2385
rock_2456
dirt_2373
charm_2405
mold_2437
lint_2309
strings_2388
rock_2457
lint_2310
pebble_2334
charm_2407
pebble_2335
charm_2408
worms_2317
hair_2278
mush_2350
strings_2389
rock_2462
strings_2391
pebble_2338
strings_2394
mold_2445
pebble_2341
charm_2410
strings_2395
pebble_2342
mush_2351
pebble_2346
strings_2399
pebble_2348
mush_2353
pebble_2349
charm_2415
lint_2314
mush_2354
mold_2449
hair_2283
worms_2324
worms_2325
worms_2328
pebble_2350
pebble_2351
dirt_2380
rock_2470
mold_2451
strings_2401
mush_2355
strings_2402
pebble_2355
lint_2317
lint_2319
charm_2418
hair_2286
charm_2420
hair_2287
worms_2333
hair_2289
mush_2361
lint_2321
lint_2322
worms_2336
strings_2405
mold_2452
hair_2290
worms_2337
worms_2338
dirt_2382
rock_2473
lint_2329
charm_2421
hair_2291
rock_2475
rock_2477
hair_2292
strings_2409
mold_2455
hair_2294
mold_2457
mold_2458
pebble_2364
charm_2423
worms_2344
pebble_2366
rock_2480
strings_2410
strings_2412
lint_2334
lint_2335
pebble_2368
charm_2424
charm_2425
lint_2336
hair_2300
worms_2350
mush_2365
pebble_2372
mold_2460
dirt_2393
mush_2368
strings_2415
hair_2301
lint_2339
mush_2369
mold_2461
lint_2340
strings_2416
mush_2370
pebble_2376
dirt_2395
lint_2342
pebble_2377
strings_2417
strings_2418
lint_2343
strings_2419
lint_2347
strings_2420
pebble_2378
pebble_2379
lint_2348
pebble_2380
rock_2483
mold_2465
rock_2484
rock_2485
strings_2425
charm_2431
hair_2306
mush_2374
mush_2375
charm_2433
mold_2467
hair_2307
worms_2360
mush_2377
rock_2486
strings_2427
pebble_2384
dirt_2404
pebble_2385
hair_2308
pebble_2386
rock_2489
rock_2490
rock_2491
pebble_2387
charm_2441
pebble_2388
mold_2473
lint_2356
worms_2364
strings_2430
hair_2310
rock_2492
dirt_2407
worms_2366
lint_2357
worms_2367
lint_2358
lint_2359
mush_2380
worms_2369
pebble_2392
rock_2493
mush_2383
mold_2477
mold_2478
worms_2371
charm_2447
rock_2495
pebble_2396
dirt_2414
dirt_2415
hair_2314
charm_2449
worms_2374
lint_2364
hair_2315
mold_2479
charm_2451
rock_2498
mold_2480
charm_2452
rock_2501
charm_2453
worms_2376
mush_2389
mold_2482
dirt_2418
rock_2505
charm_2457
dirt_2425
lint_2367
lint_2368
pebble_2405
worms_2379
hair_2322
pebble_2406
lint_2370
dirt_2427
pebble_2407
charm_2463
mush_2394
rock_2509
lint_2372
mold_2487
strings_2439
mold_2488
rock_2510
mold_2489
pebble_2409
pebble_2410
charm_2467
strings_2442
mush_2396
hair_2326
mush_2397
dirt_2432
hair_2328
lint_2374
lint_2375
mush_2399
dirt_2436
mush_2400
mush_2401
rock_2514
charm_2470
rock_2515
dirt_2438
worms_2383
strings_2445
lint_2379
dirt_2443
mold_2497
dirt_2445
pebble_2413
charm_2473
hair_2333
mold_2499
strings_2450
hair_2334
mold_2500
worms_2388
charm_2479
pebble_2414
charm_2481
rock_2517
mush_2407
strings_2453
pebble_2416
worms_2390
pebble_2417
mush_2410
hair_2336
pebble_2419
pebble_2420
hair_2338
dirt_2447
rock_2519
dirt_2449
mold_2502
rock_2521
mold_2503
hair_2339
mold_2504
charm_2487
dirt_2452
rock_2523
pebble_2423
mold_2506
mush_2416
charm_2490
pebble_2426
lint_2391
strings_2464
mush_2417
rock_2525
worms_2396
mush_2418
worms_2398
dirt_2454
hair_2344
mush_2420
mold_2509
mush_2421
charm_2492
lint_2396
dirt_2457
mold_2512
pebble_2429
lint_2398
mush_2423
mush_2424
mold_2514
charm_2493
mold_2515
strings_2469
dirt_2459
mold_2517
mush_2427
lint_2400
charm_2494
rock_2535
strings_2472
dirt_2460
strings_2474
pebble_2432
pebble_2433
dirt_2463
mush_2431
hair_2348
pebble_2434
mush_2434
mold_2523
dirt_2465
mold_2525
strings_2479
pebble_2436
hair_2352
mold_2527
worms_2408
charm_2496
worms_2409
strings_2481
hair_2353
mold_2528
worms_2410
worms_2411
lint_2404
dirt_2468
pebble_2440
rock_2540
worms_2412
hair_2356
charm_2497
worms_2414
lint_2406
strings_2489
pebble_2443
strings_2490
strings_2491
dirt_2471
worms_2417
worms_2418
hair_2359
lint_2407
worms_2419
lint_2408
charm_2501
dirt_2475
worms_2420
charm_2503
strings_2492
pebble_2446
rock_2546
hair_2361
strings_2493
charm_2504
hair_2362
pebble_2447
lint_2411
strings_2495
mush_2441
pebble_2449
rock_2550
mold_2533
mush_2442
rock_2551
rock_2552
strings_2497
charm_2508
strings_2498
mold_2535
mush_2443
mush_2444
lint_2412
mold_2537
worms_2425
mush_2445
rock_2553
rock_2554
pebble_2454
worms_2427
pebble_2455
mush_2450
rock_2557
strings_2503
worms_2429
mush_2454
dirt_2485
rock_2558
dirt_2487
mold_2540
strings_2508
mush_2457
charm_2513
dirt_2490
strings_2509
mush_2458
charm_2515
mold_2541
worms_2434
strings_2510
dirt_2491
charm_2517
charm_2518
rock_2563
mush_2460
mush_2461
rock_2565
hair_2375
mold_2546
mold_2547
mush_2463
dirt_2493
mush_2465
lint_2424
strings_2513
strings_2514
mold_2550
mush_2467
worms_2439
mold_2552
strings_2515
dirt_2495
strings_2516
lint_2426
mush_2468
rock_2566
charm_2522
pebble_2463
dirt_2498
mush_2469
mush_2470
rock_2567
mush_2471
dirt_2501
charm_2525
worms_2443
dirt_2504
charm_2526
hair_2382
mush_2473
mush_2474
pebble_2468
worms_2446
pebble_2469
mush_2476
charm_2527
hair_2385
mush_2477
dirt_2508
pebble_2472
lint_2436
strings_2525
lint_2437
mold_2564
rock_2568
lint_2440
worms_2453
lint_2441
hair_2392
lint_2442
mold_2566
hair_2393
rock_2570
mold_2567
dirt_2512
strings_2529
lint_2444
charm_2535
rock_2571
strings_2530
mold_2573
pebble_2478
mush_2486
pebble_2480
charm_2536
mold_2575
worms_2457
mold_2576
charm_2538
mush_2491
worms_2461
hair_2400
rock_2576
rock_2577
strings_2534
pebble_2484
mold_2581
dirt_2517
rock_2581
mold_2582
lint_2449
rock_2583
dirt_2518
strings_2539
mold_2583
charm_2545
rock_2585
pebble_2486
dirt_2521
rock_2588
hair_2402
lint_2452
lint_2453
charm_2547
pebble_2487
charm_2549
charm_2550
mush_2498
mush_2499
pebble_2488
strings_2543
charm_2552
worms_2466
mush_2500
dirt_2522
worms_2468
lint_2455
dirt_2524
lint_2456
worms_2470
mush_2501
lint_2457
mush_2502
rock_2590
mush_2504
lint_2458
worms_2471
strings_2546
rock_2592
hair_2406
pebble_2489
rock_2593
charm_2553
charm_2554
mush_2507
mold_2587
lint_2462
mold_2589
dirt_2530
dirt_2531
pebble_2490
mold_2590
charm_2558
pebble_2491
strings_2550
dirt_2532
mold_2593
lint_2465
mush_2514
dirt_2534
charm_2562
charm_2564
dirt_2537
mold_2595
strings_2554
lint_2467
mold_2597
lint_2468
lint_2469
hair_2413
pebble_2495
strings_2556
pebble_2496
pebble_2498
hair_2415
hair_2416
worms_2483
worms_2484
hair_2418
mold_2601
strings_2557
mush_2519
hair_2420
strings_2559
charm_2570
pebble_2505
hair_2422
lint_2473
lint_2474
hair_2423
mush_2522
dirt_2539
lint_2475
charm_2571
lint_2476
pebble_2507
mold_2603
rock_2601
strings_2564
mold_2604
hair_2424
strings_2565
charm_2573
worms_2491
dirt_2545
rock_2605
dirt_2547
dirt_2548
hair_2425
strings_2567
charm_2576
hair_2429
mush_2527
charm_2578
rock_2606
worms_2494
strings_2570
dirt_2550
worms_2497
mush_2528
rock_2609
dirt_2552
lint_2485
pebble_2514
worms_2498
dirt_2553
rock_2613
mush_2530
worms_2500
charm_2581
strings_2578
hair_2436
worms_2501
mush_2535
mush_2536
dirt_2554
rock_2614
worms_2502
lint_2490
strings_2583
pebble_2518
pebble_2519
mold_2612
worms_2503
rock_2616
mush_2538
worms_2505
worms_2507
dirt_2557
charm_2585
strings_2588
worms_2509
dirt_2559
mush_2540
strings_2589
mush_2541
hair_2443
charm_2586
lint_2493
lint_2495
strings_2591
mold_2617
mold_2618
hair_2446
worms_2512
pebble_2524
worms_2514
pebble_2526
pebble_2527
dirt_2564
pebble_2528
strings_2596
lint_2501
mold_2623
strings_2597
charm_2597
strings_2598
hair_2451
mold_2625
charm_2598
rock_2622
mold_2626
mush_2552
dirt_2570
pebble_2532
hair_2454
mush_2553
mush_2554
charm_2601
pebble_2535
rock_2627
pebble_2536
charm_2604
mold_2633
strings_2602
strings_2603
pebble_2538
worms_2522
lint_2512
strings_2604
charm_2608
charm_2610
mush_2559
charm_2612
mush_2560
rock_2631
worms_2528
mold_2638
dirt_2577
lint_2518
lint_2519
strings_2608
lint_2520
mush_2562
lint_2521
worms_2532
strings_2609
charm_2615
lint_2522
rock_2633
charm_2616
mold_2640
dirt_2582
rock_2634
pebble_2543
lint_2524
hair_2461
mold_2641
charm_2617
rock_2636
mold_2642
hair_2462
hair_2463
pebble_2546
pebble_2547
pebble_2548
dirt_2588
rock_2639
hair_2466
mold_2644
mold_2645
dirt_2589
strings_2612
pebble_2550
mush_2566
rock_2641
pebble_2552
rock_2642
pebble_2553
rock_2643
charm_2623
strings_2614
pebble_2554
rock_2644
dirt_2592
charm_2626
charm_2627
hair_2471
dirt_2594
hair_2472
charm_2628
mush_2568
dirt_2595
rock_2648
mush_2570
mush_2572
hair_2473
dirt_2597
strings_2618
strings_2621
strings_2622
charm_2632
pebble_2559
dirt_2599
mold_2649
rock_2652
rock_2655
mold_2650
worms_2542
dirt_2601
charm_2636
dirt_2602
mold_2651
worms_2544
mush_2575
mush_2576
mold_2653
pebble_2567
hair_2479
strings_2629
pebble_2569
strings_2630
lint_2532
hair_2480
hair_2481
hair_2482
hair_2483
charm_2640
worms_2551
rock_2660
mush_2579
pebble_2574
charm_2641
lint_2534
rock_2663
strings_2632
mush_2580
mold_2655
charm_2642
strings_2633
mold_2656
strings_2634
strings_2635
worms_2555
worms_2556
pebble_2575
strings_2638
mold_2659
mold_2662
worms_2558
charm_2645
mold_2663
pebble_2576
strings_2639
hair_2486
dirt_2609
strings_2641
charm_2649
strings_2642
dirt_2610
hair_2489
mold_2668
mold_2671
hair_2490
mush_2588
mush_2589
hair_2491
dirt_2611
dirt_2612
dirt_2613
strings_2644
charm_2651
strings_2647
charm_2653
rock_2667
mold_2672
charm_2655
pebble_2583
mush_2592
mold_2674
hair_2493
strings_2650
mold_2677
dirt_2614
rock_2671
pebble_2586
worms_2567
charm_2657
lint_2540
lint_2542
mold_2678
charm_2658
hair_2494
charm_2659
mold_2679
mold_2681
charm_2661
hair_2495
dirt_2616
worms_2573
dirt_2618
mold_2685
dirt_2619
mold_2686
mold_2690
mush_2600
mush_2602
strings_2655
pebble_2595
rock_2678
mold_2692
hair_2500
hair_2501
pebble_2598
hair_2502
strings_2658
pebble_2601
dirt_2621
dirt_2622
mush_2604
strings_2660
charm_2667
mush_2609
charm_2668
hair_2505
worms_2581
lint_2551
strings_2661
worms_2583
dirt_2624
lint_2552
charm_2669
pebble_2606
mush_2611
strings_2665
lint_2554
mold_2697
hair_2507
mush_2613
lint_2555
rock_2682
rock_2683
hair_2508
pebble_2610
worms_2588
mush_2615
dirt_2631
worms_2590
strings_2666
strings_2667
worms_2591
hair_2515
mush_2619
charm_2676
dirt_2635
worms_2595
worms_2596
lint_2560
lint_2562
dirt_2636
rock_2688
hair_2521
mold_2705
rock_2690
mold_2706
rock_2692
lint_2568
charm_2681
hair_2522
charm_2682
dirt_2638
mush_2620
charm_2683
pebble_2622
pebble_2623
mold_2709
worms_2604
worms_2605
dirt_2642
worms_2606
hair_2527
rock_2694
mush_2622
hair_2529
mold_2714
strings_2674
worms_2608
rock_2697
pebble_2625
mold_2715
pebble_2626
charm_2687
lint_2574
dirt_2645
pebble_2628
mold_2716
lint_2575
charm_2689
strings_2678
charm_2690
strings_2679
pebble_2633
strings_2683
strings_2685
strings_2686
mold_2717
pebble_2635
mush_2628
mold_2718
mush_2629
worms_2616
charm_2693
mold_2720
strings_2687
hair_2536
mush_2631
mold_2722
charm_2700
lint_2580
charm_2701
lint_2581
pebble_2640
hair_2538
dirt_2650
strings_2688
strings_2689
pebble_2642
mold_2723
pebble_2644
charm_2705
mold_2724
lint_2582
lint_2583
charm_2706
dirt_2653
lint_2584
strings_2691
worms_2622
pebble_2648
lint_2585
mold_2728
mold_2729
worms_2624
mush_2638
hair_2543
pebble_2652
mold_2730
lint_2588
worms_2626
pebble_2653
hair_2544
mush_2641
mold_2731
dirt_2656
charm_2709
hair_2545
rock_2705
mold_2733
lint_2591
charm_2711
lint_2593
mold_2735
worms_2629
hair_2548
mold_2736
worms_2630
pebble_2659
mush_2651
mold_2738
strings_2701
mold_2739
charm_2718
hair_2549
mush_2652
mold_2741
hair_2551
strings_2702
mold_2743
dirt_2665
worms_2634
strings_2703
rock_2708
hair_2552
hair_2554
mold_2745
strings_2704
mold_2747
mush_2657
dirt_2668
mush_2659
lint_2600
mush_2660
hair_2556
hair_2557
mold_2749
lint_2601
mold_2751
dirt_2673
worms_2641
pebble_2674
mold_2754
mold_2755
dirt_2675
rock_2712
lint_2604
strings_2713
pebble_2676
strings_2714
hair_2561
pebble_2677
pebble_2678
dirt_2676
mold_2757
rock_2715
mold_2758
lint_2607
mold_2759
lint_2609
hair_2563
dirt_2677
dirt_2679
strings_2717
worms_2647
dirt_2681
charm_2730
dirt_2682
strings_2718
worms_2648
worms_2649
pebble_2681
dirt_2683
mush_2670
pebble_2682
rock_2720
pebble_2683
mold_2766
dirt_2684
mush_2671
worms_2652
pebble_2686
mush_2673
charm_2732
hair_2569
lint_2613
charm_2733
dirt_2686
lint_2615
charm_2735
pebble_2687
charm_2738
charm_2740
rock_2727
mush_2677
mush_2678
rock_2728
strings_2727
lint_2618
mold_2775
rock_2730
hair_2573
rock_2731
hair_2574
worms_2659
charm_2744
mold_2780
rock_2732
mush_2680
pebble_2692
worms_2661
worms_2662
mush_2681
rock_2733
mold_2781
lint_2623
rock_2734
worms_2664
dirt_2692
strings_2733
worms_2666
pebble_2695
mold_2784
hair_2577
pebble_2697
mold_2785
mold_2786
mush_2684
rock_2736
pebble_2698
strings_2734
worms_2670
lint_2626
strings_2736
lint_2627
mold_2787
charm_2750
worms_2671
worms_2672
dirt_2696
mush_2685
mush_2687
lint_2630
hair_2584
mold_2791
rock_2739
mush_2689
strings_2739
dirt_2698
worms_2676
pebble_2707
lint_2632
dirt_2702
strings_2742
pebble_2712
mold_2793
pebble_2715
mush_2694
mush_2695
worms_2682
charm_2759
mold_2794
mold_2795
worms_2684
rock_2744
mold_2796
worms_2685
mush_2697
mush_2698
strings_2744
strings_2745
dirt_2705
strings_2746
mold_2801
mush_2700
strings_2747
pebble_2722
mold_2802
strings_2749
rock_2747
lint_2642
pebble_2723
mush_2702
rock_2749
pebble_2725
hair_2595
mush_2703
mush_2704
charm_2765
strings_2751
charm_2766
lint_2644
charm_2768
dirt_2716
mush_2706
hair_2596
rock_2753
pebble_2727
dirt_2717
mold_2805
charm_2769
worms_2692
dirt_2718
hair_2598
charm_2771
mush_2707
pebble_2730
pebble_2731
charm_2772
mush_2708
dirt_2721
strings_2756
strings_2757
worms_2693
dirt_2723
dirt_2724
strings_2759
strings_2760
hair_2601
mush_2711
strings_2761
strings_2762
lint_2648
charm_2775
lint_2650
mush_2713
dirt_2726
strings_2764
strings_2765
lint_2651
hair_2604
mold_2811
pebble_2735
worms_2696
worms_2697
hair_2610
mold_2812
charm_2779
strings_2767
rock_2764
mush_2717
mold_2813
mush_2718
hair_2614
dirt_2731
lint_2655
dirt_2732
charm_2781
hair_2615
rock_2767
rock_2768
dirt_2733
pebble_2737
charm_2784
mush_2720
mush_2721
lint_2659
worms_2701
worms_2702
pebble_2739
mush_2722
pebble_2740
mold_2814
strings_2778
mold_2815
worms_2705
worms_2706
rock_2770
charm_2787
pebble_2741
mold_2816
worms_2709
rock_2773
rock_2774
pebble_2742
charm_2788
mush_2727
worms_2712
worms_2713
strings_2779
charm_2789
charm_2790
pebble_2744
mush_2729
rock_2775
strings_2780
mold_2817
mush_2732
strings_2781
pebble_2747
pebble_2748
charm_2793
charm_2794
dirt_2738
mush_2733
pebble_2749
charm_2795
pebble_2750
pebble_2751
pebble_2752
rock_2779
charm_2796
charm_2798
dirt_2739
mush_2739
pebble_2753
rock_2782
rock_2783
charm_2800
rock_2785
worms_2720
lint_2664
worms_2721
pebble_2758
worms_2722
strings_2782
charm_2801
lint_2666
pebble_2759
strings_2783
hair_2628
dirt_2743
charm_2803
strings_2785
mush_2743
pebble_2762
hair_2632
charm_2805
worms_2725
worms_2726
charm_2808
strings_2787
worms_2728
mush_2744
mush_2745
lint_2671
pebble_2765
mold_2824
rock_2793
hair_2635
hair_2636
pebble_2768
mold_2825
rock_2795
hair_2637
lint_2674
strings_2790
strings_2791
worms_2731
hair_2638
rock_2796
hair_2639
strings_2792
worms_2732
strings_2793
worms_2733
lint_2680
rock_2799
charm_2816
hair_2642
mold_2828
lint_2682
worms_2735
rock_2801
pebble_2771
pebble_2772
worms_2736
pebble_2774
pebble_2775
mush_2749
dirt_2749
lint_2687
worms_2738
strings_2795
mold_2830
lint_2688
worms_2739
lint_2689
worms_2740
dirt_2751
strings_2798
hair_2644
lint_2690
mold_2832
worms_2742
strings_2799
dirt_2752
mush_2754
lint_2693
hair_2645
strings_2801
mold_2837
charm_2823
worms_2743
lint_2696
strings_2805
dirt_2755
hair_2647
dirt_2756
lint_2697
hair_2649
mold_2838
lint_2698
rock_2809
worms_2747
dirt_2757
pebble_2785
mush_2757
lint_2699
strings_2808
charm_2825
pebble_2787
pebble_2788
pebble_2789
dirt_2758
lint_2700
pebble_2791
charm_2826
dirt_2761
worms_2749
mold_2839
pebble_2792
mush_2759
mush_2761
strings_2813
dirt_2762
lint_2702
pebble_2796
rock_2813
lint_2703
hair_2653
pebble_2798
mold_2841
strings_2816
mold_2842
charm_2830
worms_2751
mush_2767
hair_2656
mush_2769
pebble_2802
mush_2770
charm_2831
hair_2657
hair_2658
mush_2772
strings_2820
mush_2774
mush_2775
dirt_2763
hair_2660
lint_2706
charm_2832
mold_2845
rock_2817
mold_2846
dirt_2765
hair_2661
dirt_2766
lint_2707
hair_2662
pebble_2803
pebble_2804
hair_2664
lint_2709
charm_2836
lint_2710
strings_2825
dirt_2771
rock_2820
mush_2778
rock_2821
charm_2838
rock_2822
mold_2851
mush_2780
mush_2781
mush_2782
mush_2783
rock_2823
hair_2669
pebble_2806
hair_2671
worms_2766
mush_2786
mush_2787
pebble_2807
strings_2830
mush_2788
hair_2672
worms_2767
strings_2832
strings_2833
hair_2676
mush_2789
lint_2720
mold_2853
worms_2768
charm_2841
hair_2677
mold_2854
strings_2834
strings_2835
lint_2723
lint_2725
pebble_2811
mold_2855
mold_2856
rock_2827
hair_2678
dirt_2777
worms_2770
worms_2771
mold_2861
mush_2795
hair_2680
mold_2862
hair_2681
mold_2863
mush_2796
worms_2772
worms_2773
dirt_2783
dirt_2784
rock_2831
worms_2774
charm_2848
hair_2685
rock_2832
mold_2864
strings_2842
lint_2733
lint_2734
rock_2835
lint_2735
charm_2850
dirt_2786
strings_2843
lint_2737
mush_2797
lint_2738
rock_2837
rock_2838
hair_2689
mold_2867
hair_2691
strings_2845
strings_2846
strings_2847
lint_2742
strings_2849
hair_2693
mush_2800
lint_2744
dirt_2789
mush_2802
mold_2872
mold_2873
mush_2803
mold_2874
charm_2854
mush_2804
strings_2850
pebble_2820
lint_2746
mush_2805
mold_2879
strings_2852
dirt_2791
dirt_2792
mold_2880
lint_2749
lint_2750
charm_2859
mold_2881
pebble_2823
hair_2703
mold_2882
worms_2789
hair_2704
pebble_2824
dirt_2793
lint_2752
mold_2884
mush_2808
mold_2885
lint_2753
charm_2863
mush_2812
mold_2886
worms_2794
hair_2706
charm_2864
dirt_2795
worms_2795
charm_2865
dirt_2797
rock_2847
strings_2860
mush_2813
worms_2798
dirt_2798
worms_2801
worms_2802
mush_2814
pebble_2830
mush_2815
worms_2803
charm_2866
mush_2819
rock_2852
lint_2758
worms_2805
worms_2807
dirt_2803
strings_2862
dirt_2805
strings_2863
mush_2824
rock_2854
charm_2868
charm_2869
dirt_2809
hair_2714
strings_2866
strings_2867
worms_2811
worms_2812
dirt_2812
dirt_2813
hair_2716
mush_2829
charm_2875
worms_2813
pebble_2839
charm_2877
worms_2814
mold_2898
rock_2860
dirt_2816
lint_2766
strings_2871
mold_2899
worms_2816
mush_2835
hair_2718
strings_2873
dirt_2821
hair_2719
charm_2881
rock_2864
dirt_2825
hair_2721
hair_2722
worms_2818
lint_2772
strings_2876
lint_2773
lint_2774
lint_2776
hair_2725
rock_2867
worms_2821
mush_2838
rock_2868
charm_2887
rock_2871
strings_2878
charm_2888
lint_2777
worms_2824
pebble_2851
mold_2911
dirt_2834
rock_2873
charm_2891
lint_2780
dirt_2835
mush_2840
worms_2829
mold_2914
hair_2733
strings_2880
mold_2915
mush_2842
mush_2843
hair_2736
lint_2784
mush_2844
rock_2877
lint_2785
charm_2895
strings_2883
mold_2917
charm_2897
worms_2834
rock_2878
strings_2884
worms_2835
mush_2846
charm_2902
mold_2920
mold_2922
mush_2848
mold_2923
charm_2904
dirt_2844
strings_2887
dirt_2845
mush_2849
lint_2787
dirt_2846
mush_2850
mush_2853
lint_2789
mush_2854
charm_2906
charm_2907
hair_2741
pebble_2861
mush_2855
mush_2858
mold_2929
worms_2846
worms_2847
hair_2743
lint_2792
worms_2848
mold_2931
charm_2908
mold_2932
rock_2884
lint_2795
mold_2935
lint_2796
hair_2744
mush_2859
mold_2936
charm_2911
pebble_2865
mold_2941
strings_2891
worms_2852
lint_2800
charm_2912
rock_2888
hair_2751
hair_2752
charm_2913
mold_2943
dirt_2852
lint_2801
strings_2897
hair_2756
charm_2918
rock_2892
strings_2898
strings_2899
charm_2919
worms_2856
worms_2857
charm_2920
mush_2868
dirt_2853
mold_2945
dirt_2854
pebble_2868
hair_2760
charm_2922
strings_2901
worms_2858
mold_2947
strings_2903
pebble_2870
charm_2924
rock_2896
pebble_2871
pebble_2873
worms_2863
lint_2804
pebble_2874
charm_2925
hair_2763
rock_2900
mush_2873
pebble_2876
lint_2805
mold_2949
strings_2906
rock_2901
dirt_2859
hair_2765
rock_2902
hair_2767
strings_2907
lint_2807
strings_2908
lint_2808
strings_2909
dirt_2861
pebble_2877
dirt_2862
strings_2910
dirt_2863
lint_2811
strings_2911
lint_2812
mold_2952
rock_2908
hair_2772
lint_2813
charm_2929
pebble_2884
charm_2931
worms_2873
rock_2911
lint_2814
hair_2776
charm_2933
lint_2815
worms_2874
lint_2816
charm_2937
strings_2917
pebble_2889
worms_2875
worms_2876
rock_2913
dirt_2873
rock_2914
mold_2958
pebble_2890
mold_2959
worms_2880
pebble_2892
strings_2918
lint_2819
charm_2939
mold_2960
dirt_2876
charm_2942
pebble_2895
worms_2882
worms_2883
hair_2785
mush_2881
mush_2882
hair_2787
rock_2918
mold_2963
dirt_2879
hair_2790
lint_2825
mush_2887
charm_2948
rock_2921
worms_2887
pebble_2897
lint_2826
dirt_2886
hair_2791
worms_2889
mold_2966
mold_2968
mold_2969
pebble_2898
dirt_2888
mold_2971
worms_2891
worms_2892
worms_2893
hair_2793
pebble_2902
pebble_2903
mold_2976
hair_2795
worms_2896
charm_2950
rock_2923
mold_2977
dirt_2896
charm_2951
charm_2952
mold_2978
worms_2899
mush_2891
pebble_2905
mold_2979
mush_2893
hair_2798
strings_2929
worms_2903
rock_2925
rock_2927
hair_2799
mold_2981
pebble_2907
hair_2801
rock_2928
hair_2802
mold_2982
strings_2932
charm_2959
dirt_2904
lint_2833
dirt_2905
rock_2932
mold_2984
lint_2835
dirt_2906
pebble_2913
dirt_2907
lint_2836
rock_2936
mush_2900
mold_2985
mush_2901
lint_2840
dirt_2908
charm_2965
mush_2903
mush_2904
rock_2939
hair_2806
pebble_2917
pebble_2918
dirt_2910
mold_2988
rock_2940
pebble_2919
rock_2941
hair_2808
pebble_2920
hair_2809
rock_2943
hair_2810
pebble_2921
hair_2813
lint_2851
rock_2945
strings_2940
mold_2991
charm_2968
mold_2992
pebble_2922
dirt_2915
strings_2941
mold_2993
charm_2969
pebble_2923
charm_2970
mold_2994
lint_2856
charm_2971
rock_2946
lint_2857
worms_2923
mush_2910
mush_2912
hair_2817
lint_2859
mold_2995
hair_2819
rock_2954
worms_2925
strings_2945
mold_2997
strings_2946
rock_2955
rock_2956
worms_2927
strings_2948
pebble_2929
lint_2861
dirt_2923
lint_2862
hair_2823
mold_3002
worms_2928
charm_2979
mush_2919
dirt_2927
mold_3005
lint_2865
mush_2921
rock_2959
dirt_2928
strings_2952
dirt_2929
hair_2827
rock_2960
strings_2953
dirt_2932
hair_2829
charm_2984
strings_2955
lint_2867
rock_2965
pebble_2937
hair_2830
dirt_2935
rock_2966
strings_2958
pebble_2941
rock_2967
strings_2960
pebble_2942
mold_3013
lint_2873
mold_3015
charm_2988
worms_2935
worms_2936
rock_2972
pebble_2947
mush_2930
hair_2833
hair_2834
mold_3018
lint_2876
lint_2877
lint_2878
mold_3019
dirt_2942
lint_2880
hair_2837
worms_2939
charm_2993
mold_3021
charm_2996
charm_2997
dirt_2947
dirt_2948
charm_2998
mold_3024
rock_2977
worms_2944
hair_2841
charm_3001
pebble_2953
worms_2946
lint_2885
strings_2969
lint_2886
hair_2843
charm_3002
rock_2981
charm_3003
dirt_2955
strings_2971
rock_2982
worms_2952
pebble_2955
strings_2974
charm_3006
rock_2984
hair_2848
strings_2975
mush_2941
lint_2890
strings_2977
charm_3008
mush_2942
dirt_2958
hair_2857
mush_2943
strings_2979
pebble_2960
mush_2944
worms_2961
mush_2945
dirt_2960
dirt_2961
charm_3010
hair_2858
mush_2946
pebble_2961
worms_2964
worms_2966
worms_2968
dirt_2962
strings_2982
pebble_2963
rock_2996
strings_2984
dirt_2965
worms_2969
mush_2949
charm_3013
mush_2950
worms_2971
pebble_2964
worms_2972
charm_3014
pebble_2966
hair_2863
rock_2997
rock_3000
rock_3001
mush_2955
dirt_2970
dirt_2971
pebble_2972
mold_3031
charm_3018
charm_3019
rock_3002
dirt_2972
dirt_2973
lint_2899
pebble_2974
hair_2866
dirt_2975
worms_2981
lint_2901
strings_2991
charm_3020
worms_2982
rock_3003
strings_2993
dirt_2979
charm_3023
mush_2957
worms_2986
lint_2906
charm_3024
worms_2987
pebble_2976
mold_3034
mush_2959
dirt_2982
rock_3006
mold_3037
charm_3026
mush_2961
mush_2962
dirt_2985
mold_3040
strings_2998
mold_3041
charm_3027
worms_2989
strings_2999
pebble_2978
hair_2875
charm_3028
lint_2912
charm_3031
mold_3044
strings_3002
mush_2965
worms_2990
rock_3010
rock_3011
strings_3003
rock_3012
charm_3034
worms_2991
mold_3046
dirt_2987
dirt_2988
worms_2992
pebble_2985
mold_3047
charm_3035
mush_2967
lint_2915
pebble_2986
strings_3004
charm_3038
pebble_2987
mold_3050
mush_2969
rock_3014
mold_3051
mold_3052
dirt_2990
rock_3015
worms_2996
charm_3040
rock_3016
lint_2917
rock_3017
strings_3005
lint_2919
dirt_2994
lint_2920
strings_3007
lint_2921
worms_2998
strings_3010
worms_2999
worms_3000
pebble_2992
worms_3002
mold_3055
mold_3056
lint_2923
strings_3011
worms_3005
strings_3012
pebble_2994
pebble_2995
strings_3013
strings_3017
rock_3021
lint_2927
rock_3022
rock_3023
pebble_2996
charm_3047
worms_3009
rock_3024
pebble_2999
strings_3019
hair_2888
strings_3021
worms_3011
dirt_3000
strings_3023
rock_3028
rock_3029
charm_3052
lint_2929
lint_2932
