a
aals
abacuses
abaptistum
abasedly
abassi
abastral
abating
abattu
abbate
abbotships
abbr
abdominalia
abdominohysterectomy
abdominoposterior
abends
aberrantly
aberuncate
abevacuation
abhenrys
abhominable
abhorrence
abhorrible
abient
abietineous
abilo
abiogeny
abiology
abir
abiston
abjectedness
abjectly
abjudicator
abjurer
ablactation
ablare
ablate
ablatival
ablauts
ablegate
ablepharon
ablock
ablutionary
abnegations
abner
abnormally
abnormous
aboard
abodah
aboideaus
aboil
aboiteaux
abolishable
abolishment
abolition
abolitionising
abolitionists
abomasal
aboon
aboriginally
abortionists
abortively
abos
aboulias
abovementioned
abradable
abraid
abrase
abray
abreactions
abreuvoir
abridgeable
abridgment
abrotanum
abruption
abscissin
abscondedly
abseil
absences
absenteeism
absentminded
absmho
absolutistically
absolvers
absonous
absorbable
absorbedly
absorbs
absorptiveness
abstaining
abstemiousness
abstentious
abstracters
abstractionism
abstractively
absurdly
abulomania
abumbrellar
abundances
abura
abuse
abusee
abusing
abutment
abvolts
abyes
abys
ac
acacatechol
acacia
acad
academicals
academization
acadia
acale
acalycal
acantha
acantholysis
acanthoses
acanthotic
acanthus
acanthuthi
acarol
acate
acatery
acatharsia
acaulescent
acca
accelerates
accents
accentuates
acceptability
accerse
accersitor
accessibility
accessing
accessit
accessively
accessor
accessoriness
accessorizing
accidentalism
accidentiality
acclamations
acclimatized
acclimatizes
acclivous
accollee
accommodating
accommodationist
accompanying
accomplished
accomplishments
accordable
accosting
accounsel
accountant
accounted
accounters
accouplement
accoutre
accoutrement
accreditation
accreditee
accredits
accrescence
accretal
acculturate
accumulation
accumulativ
accurst
accusatorial
accused
accusive
acecaffin
acephalism
acephalous
acerbated
acerin
acerous
acervuline
acescency
acetal
acetanisidide
acetary
acetbromamide
acetimeter
acetoacetanilide
acetonate
acetous
acetyl
acetylamine
acetylbiuret
acetylcyanide
acetylid
achenia
acher
achievers
achilleas
achilleine
achingly
achira
acholia
achondroplastic
achromatophil
achroous
achylia
achymia
acichloride
acidemia
acidifiant
acidifies
acidimetrically
acidly
acidology
acidulation
aciform
acinaceous
acinaciform
acinetae
acinose
acinus
acipenserid
ackey
acknow
acknowledgements
acknowledgments
aclidian
acloud
acmatic
acnemia
acoasm
acockbill
acoelomate
acoelous
acolythate
acondylose
aconitic
aconitine
aconuresis
acopon
acorea
acosmistic
acousma
acoustician
acousticophobia
acquiescently
acquisited
acquittals
acraein
acrasias
acrider
acridine
acridinium
acroama
acrocarpous
acrodontism
acrodromous
acrogen
acrogens
acrolein
acrolithic
acromania
acromiocoracoid
acromphalus
acropathology
acropolitan
acrosarc
acrosporous
acrostical
acroterium
acrotisms
acrylate
acrylonitrile
