52
99
116
192
297
305
314
370
375
379
382
406
591
610
660
663
682
718
756
765
817
927
1066
1121
1227
1272
1273
1286
1561
1608
1671
1715
1760
1765
1772
1782
1927
1938
1940
1993
2040
2056
2110
2151
2153
2155
2160
2187
2198
2212
2254
2349
2426
2429
2463
2531
2533
2575
2580
2589
2642
2645
2734
2745
2835
2846
2871
2874
2880
2902
2913
2938
2950
3045
3172
3207
3314
3316
3319
3349
3382
3386
3433
3455
3559
3566
3580
3623
3625
3676
3683
3806
3816
3828
3858
3893
3927
3958
4012
4148
4231
4314
4331
4339
4346
4372
4397
4484
4533
4570
4590
4665
4681
4714
4792
4825
4869
4885
4890
4896
4903
4970
4982
5003
5032
5037
5074
5133
5172
5229
5239
5270
5332
5426
5532
5559
5597
5633
5701
5716
5741
5775
5804
5887
5893
5938
5961
6066
6194
6247
6311
6439
6556
6600
6854
6898
6919
7008
7041
7112
7131
7134
7172
7187
7204
7208
7313
7401
7489
7494
7551
7585
7600
7605
7664
7723
7820
7823
7849
7979
7982
7996
8122
8161
8171
8236
8247
8291
8307
8344
8400
8527
8613
8632
8634
8639
8739
8756
8766
8794
8953
8978
8979
8987
9011
9033
9043
9047
9058
9231
9274
9278
9315
9319
9352
9367
9386
9399
9452
9503
9514
9534
9586
9634
9728
9750
9780
9784
9915
9963
9981
10094
10096
10164
10169
10210
10228
10295
10325
10330
10345
10377
10388
10585
10591
10603
10616
10653
10659
10679
10711
10743
10780
10819
10856
10868
10998
11076
11104
11208
11215
11224
11333
11475
11491
11534
11657
11725
11741
11827
11876
11896
11906
11942
11968
11979
12017
12026
12046
12067
12087
12207
12216
12224
12265
12303
12375
12378
12494
12525
12547
12662
12779
12814
12866
13008
13010
13030
13033
13059
13078
13084
13097
13115
13124
13141
13196
13287
13302
13359
13407
13427
13437
13467
13482
13508
13511
13548
13577
13592
13644
13652
13660
13683
13709
13711
13735
13785
13862
13868
13879
13954
13967
13969
14002
14027
14032
14049
14099
14103
14104
14234
14260
14312
14321
14331
14333
14366
14374
14420
14424
14433
14593
14619
14652
14671
14731
14741
14753
14754
14945
14983
15015
15047
15078
15200
15252
15382
15385
15405
15524
15575
15585
15635
15801
15812
15868
15883
16038
16046
16069
16071
16089
16134
16174
16239
16311
16362
16378
16442
16485
16504
16516
16535
16575
16602
16620
16714
16793
16861
16896
17036
17079
17102
17165
17210
17229
17234
17240
17325
17327
17335
17338
17409
17434
17470
17622
17627
17684
17732
17787
17809
17832
17864
17866
17887
17983
18076
18111
18113
18189
18197
18206
18230
18260
18351
18416
18434
18583
18586
18613
18621
18629
18647
18689
18723
18750
18751
18755
18823
18842
18917
18939
19004
19089
19135
19138
19176
19221
19255
19269
19291
19371
19410
19448
19472
19482
19501
19505
19540
19541
19609
19616
19636
19674
19709
19764
19794
19795
19806
19953
19996
20246
20377
20401
20415
20427
20439
20474
20511
20518
20545
20552
20577
20578
20591
20663
20690
20717
20738
20809
20830
20840
20861
20894
20903
21004
21106
21194
21232
21247
21269
21291
21310
21313
21374
21434
21471
21485
21497
21549
21582
21588
21596
21673
21727
21822
21832
21859
21873
21892
22022
22047
22066
22077
22079
22104
22117
22317
22349
22354
22361
22421
22468
22469
22490
22502
22525
22533
22570
22599
22657
22681
22702
22714
22839
22866
22867
22903
22981
23030
23061
23133
23185
23216
23250
23260
23285
23303
23315
23374
23476
23567
23574
23576
23645
23650
23667
23672
23673
23705
23778
23806
23831
23847
23859
23913
23923
23963
24001
24016
24082
24100
24161
24216
24245
24260
24301
24371
24406
24419
24444
24455
24510
24526
24583
24602
24606
24647
24648
24712
24739
24746
24799
24800
24828
24841
24913
24953
24986
25062
25114
25272
25301
25332
25342
25358
25367
25389
25418
25464
25490
25493
25516
25590
25592
25628
25657
25673
25700
25719
25768
25888
25965
25996
26022
26099
26202
26319
26328
26350
26425
26430
26437
26442
26479
26587
26613
26666
26723
26772
26792
26864
26986
27124
27157
27208
27222
27227
27240
27241
27255
27273
27293
27450
27495
27504
27518
27521
27663
27668
27713
27763
27884
27891
27910
27915
27949
27967
27983
28080
28093
28100
28156
28207
28252
28273
28306
28359
28451
28459
28483
28551
28554
28639
28683
28782
28793
28804
28876
28900
28925
29020
29062
29093
29112
29140
29157
29183
29271
29272
29297
29327
29366
29420
29429
29471
29554
29579
29613
29614
29629
29669
29712
29715
29763
29838
29911
29948
30020
30033
30066
30074
30130
30147
30167
30256
30265
30316
30338
30358
30441
30479
30499
30581
30583
30684
30695
30706
30761
30837
30877
30919
30933
30938
31053
31064
31074
31179
31290
31414
31430
31583
31585
31593
31602
31726
31731
31854
31873
31879
31885
31918
31919
32054
32193
32216
32270
32442
32446
32458
32470
32518
32544
32622
32642
32716
32726
32739
32818
32962
32983
33014
33185
33210
33214
33255
33285
33326
33361
33374
33425
33455
33462
33509
33514
33543
33578
33715
33743
33764
33774
33785
33869
33878
33952
34028
34041
34043
34047
34086
34140
34144
34177
34215
34276
34293
34352
34365
34442
34445
34546
34553
34557
34588
34654
34683
34714
34782
34797
34801
34803
34845
34887
34904
35028
35047
35104
35129
35284
35326
35327
35353
35359
35386
35404
35412
35432
35469
35512
35519
35573
35584
35608
35662
35756
35767
35784
35855
35882
35894
35934
35994
36010
36055
36086
36098
36246
36263
36353
36415
36438
36452
36460
36487
36491
36495
36502
36530
36535
36591
36599
36630
36639
36681
36690
36731
36745
36783
36806
36835
36872
36976
37011
37038
37071
37087
37130
37171
37182
37211
37257
37265
37269
37332
37337
37350
37354
37377
37552
37554
37562
37592
37626
37717
37751
37826
37838
38045
38061
38098
38125
38140
38290
38304
38331
38362
38386
38412
38532
38549
38555
38558
38567
38588
38636
38703
38721
38754
38762
38774
38794
38880
38980
39071
39072
39117
39131
39170
39227
39292
39337
39387
39441
39480
39634
39675
39684
39695
39750
39789
39979
39985
39992
40206
40207
40244
40247
40252
40268
40269
40278
40343
40445
40474
40508
40512
40521
40523
40555
40557
40559
40564
40605
40728
40744
40848
40938
40979
41034
41109
41190
41249
41409
41483
41494
41497
41508
41519
41558
41563
41570
41647
41649
41663
41721
41750
41834
41865
41867
41873
41902
41910
41950
41959
41965
42039
42092
42131
42199
42206
42218
42269
42284
42310
42322
42327
42332
42345
42401
42403
42436
42548
42601
42628
42670
42755
42778
42798
42805
42837
42892
42941
42974
42980
42990
43025
43044
43169
43196
43233
43289
43363
43406
43439
43465
43666
43667
43699
43708
43721
43749
43806
43808
43936
43977
44062
44097
44122
44128
44162
44167
44187
44262
44563
44688
44689
44693
44746
44837
44865
44871
44878
44937
44965
44988
45042
45053
45093
45165
45183
45199
45212
45220
45277
45447
45466
45492
45507
45514
45611
45622
45630
45641
45652
45725
45737
45762
45845
45910
45911
45972
45992
46051
46064
46082
46096
46097
46128
46230
46251
46256
46263
46265
46270
46284
46286
46287
46300
46346
46354
46502
46513
46554
46584
46603
46648
46667
46739
46787
46796
46815
46866
46895
46908
46952
47048
47062
47311
47399
47429
47479
47579
47585
47698
47741
47964
47994
48031
48102
48157
48204
48213
48251
48264
48372
48487
48520
48547
48565
48572
48611
48622
48637
48761
48763
48788
48805
48811
48870
48884
48917
49086
49098
49138
49152
49158
49178
49188
49201
49256
49418
49512
49566
49630
49639
49666
49669
49709
49726
49738
49763
49850
49989
50026
50045
50080
50104
50106
50129
50139
50154
50177
50205
50225
50345
50382
50392
50411
50456
50469
50546
50591
50677
50716
50788
50915
51009
51011
51030
51082
51098
51115
51152
51196
51269
51276
51291
51295
51339
51399
51556
51557
51577
51578
51684
51694
51729
51743
51747
51757
51772
51809
51875
51882
51895
51980
52007
52016
52037
52190
52191
52195
52221
52252
52264
52274
52291
52306
52316
52370
52390
52391
52441
52442
52503
52517
52620
52666
52680
52779
52796
52806
52826
53044
53069
53119
53166
53188
53256
53366
53406
53412
53429
53540
53613
53678
53684
53717
53741
53765
53779
53805
53826
53833
53844
53852
53866
53918
53922
54092
54138
54230
54254
54260
54293
54302
54418
54430
54593
54612
54626
54704
54705
54770
54785
54823
54849
54913
55029
55036
55072
55165
55203
55218
55250
55260
55284
55318
55342
55395
55484
55607
55608
55729
55750
55798
55816
55851
55872
55886
55949
55955
56014
56041
56075
56086
56216
56219
56290
56337
56376
56416
56454
56496
56552
56578
56583
56659
56706
56768
56799
56802
56856
56935
56982
57006
57025
57042
57173
57193
57285
57325
57358
57401
57402
57423
57426
57466
57486
57548
57567
57665
57681
57700
57702
57711
57727
57738
57770
57791
57852
57857
57868
57933
57940
57948
58005
58006
58114
58215
58237
58336
58376
58409
58456
58496
58539
58566
58637
58661
58706
58726
58772
58842
58861
58899
58956
58966
58991
59106
59184
59197
59281
59318
59320
59347
59408
59412
59519
59647
59658
59712
59718
59792
59808
59842
59846
59860
59862
59877
59879
59885
59904
59905
59918
59991
60054
60116
60119
60209
60226
60440
60566
60604
60615
60630
60659
60671
60688
60719
60745
61007
61113
61114
61130
61132
61153
61257
61423
61472
61523
61535
61587
61608
61636
61650
61654
61745
61781
61787
61854
61917
61960
61969
61979
62018
62056
62120
62123
62154
62197
62198
62214
62310
62324
62331
62403
62436
62447
62457
62501
62511
62526
62592
62611
62646
62719
62742
62859
62891
62912
62945
63197
63214
63220
63232
63277
63356
63394
63395
63495
63573
63578
63641
63658
63707
63731
63762
63899
63912
63972
64005
64082
64091
64113
64115
64153
64181
64251
64283
64307
64472
64480
64485
64495
64562
64632
64740
64747
64874
64889
64970
65025
65076
65148
65176
65223
65328
65348
65370
65372
65434
65453
65460
65491
65653
65718
65720
65895
65897
65968
65969
66095
66110
66114
66153
66235
66269
66282
66309
66335
66397
66463
66530
66557
66674
66699
66757
66761
66762
66786
66878
66924
66928
66929
66996
67164
67213
67227
67282
67475
67507
67585
67634
67637
67660
67661
67710
67717
67843
67850
67942
68156
68188
68203
68212
68236
68279
68282
68307
68425
68458
68472
68522
68564
68609
68619
68634
68715
68725
68746
68773
68781
68783
68830
68845
68928
68960
68990
69010
69090
69100
69110
69270
69281
69557
69558
69580
69675
69891
69906
69917
69941
70000
70007
70034
70067
70082
70121
70139
70192
70238
70271
70298
70301
70359
70360
70375
70474
70500
70527
70613
70672
70692
70741
70743
70810
70840
70885
70898
70979
70999
71085
71205
71234
71263
71266
71340
71356
71397
71430
71494
71511
71571
71596
71602
71787
71789
71815
71824
71845
71883
71887
71974
72007
72011
72045
72063
72078
72086
72121
72157
72278
72281
72326
72339
72394
72409
72419
72430
72469
72548
72582
72653
72710
72724
72752
72781
72840
72865
72897
73163
73181
73201
73212
73218
73242
73245
73268
73300
73357
73417
73431
73468
73489
73536
73571
73602
73623
73667
73722
73731
73734
73837
73841
73844
73902
73937
73975
74036
74043
74219
74255
74266
74303
74445
74745
74775
74789
74842
74875
74883
74951
74978
75028
75088
75140
75239
75322
75328
75359
75361
75375
75461
75465
75467
75485
75494
75532
75545
75607
75617
75649
75759
75894
75921
75934
75944
75958
75967
75982
75998
76043
76102
76132
76286
76420
76500
76506
76588
76666
76703
76740
76752
76763
76917
76939
77010
77028
77030
77116
77168
77355
77390
77410
77425
77454
77479
77523
77529
77553
77558
77591
77603
77611
77688
77691
77731
77738
77753
77778
77818
77832
77836
77883
77964
78005
78014
78016
78237
78255
78301
78320
78325
78422
78442
78481
78488
78510
78515
78527
78531
78712
78721
78728
78775
78805
78821
78863
78938
78965
78986
79044
79058
79263
79278
79316
79323
79325
79326
79370
79506
79507
79515
79518
79522
79524
79554
79634
79690
79758
79776
79841
79926
79988
79999
80017
80034
80054
80057
80061
80072
80077
80150
80188
80243
80258
80325
80330
80440
80476
80484
80495
80545
80572
80575
80595
80651
80700
80755
80775
80796
80843
80905
80936
81081
81087
81093
81103
81123
81183
81309
81336
81392
81432
81446
81455
81522
81680
81701
81737
81757
81820
81825
81943
81974
81988
82171
82201
82264
82357
82454
82465
82513
82516
82529
82572
82598
82623
82644
82806
82882
82896
82915
82920
82935
82945
82977
83022
83048
83075
83225
83367
83377
83402
83490
83518
83542
83556
83571
83583
83607
83660
83716
83780
83804
83816
83825
83848
83882
83887
83888
83894
83984
83998
84078
84113
84122
84137
84139
84154
84165
84185
84211
84395
84420
84465
84520
84526
84615
84638
84679
84734
84750
84866
84882
84897
84938
85048
85051
85105
85168
85244
85249
85299
85342
85392
85402
85412
85413
85415
85455
85462
85479
85524
85604
85605
85705
85744
85832
85833
85936
86115
86184
86186
86219
86421
86469
86547
86583
86612
86643
86663
86701
86722
86749
86776
86781
86991
87022
87071
87096
87117
87125
87131
87164
87189
87240
87350
87373
87395
87452
87480
87575
87628
87675
87719
87756
87819
87842
87856
87929
87931
87947
87969
88020
88110
88132
88164
88198
88237
88282
88307
88343
88423
88461
88504
88529
88547
88565
88601
88611
88624
88642
88667
88679
88767
88780
88881
88939
88972
88994
89062
89099
89125
89127
89170
89176
89191
89213
89250
89274
89291
89463
89548
