750
903
1177
1637
1670
1729
1890
1910
2401
2495
2709
2818
2856
2874
3201
3816
4030
4245
4406
4640
5103
5186
5362
5464
5518
6070
6443
6486
6659
7252
7351
7510
7623
7708
8214
8883
9179
9203
9477
9561
9841
9842
9868
9901
10090
10209
10380
10476
10979
11035
11045
11403
11483
11668
11787
12077
12456
13560
13577
13970
14007
15022
15981
16006
16030
16457
16568
16695
16727
16746
16929
17007
17111
17698
18150
18883
19071
19266
19491
20085
20627
20915
21005
21638
21837
22049
22280
22709
22718
23546
23635
23858
24130
24147
24507
24834
25083
25194
25200
25519
26962
27064
27113
27236
27241
27335
27388
27415
27512
28223
28298
28406
29112
29425
29514
29524
29555
29777
29845
30265
30393
30530
31006
31215
31512
31651
31690
31705
31725
32154
32220
32484
32563
32582
33213
33582
33896
34094
34149
34421
34465
35199
35623
35736
35988
36235
36259
36321
37126
37323
37377
37774
37910
38021
38220
38479
38492
38647
38672
39065
39084
39222
39335
40069
40485
40533
40986
41335
41759
41830
42097
42327
42485
42543
42618
42791
42870
42915
42932
43175
43293
43414
43430
43550
43617
43704
43976
44028
44237
44263
44583
44640
44711
44901
46166
46265
46805
47650
47929
47936
48136
48388
48635
48746
49262
49733
49976
50074
50357
50645
50940
51031
51036
51489
51708
51930
52069
52523
52813
53405
53408
53577
53777
53925
54003
54632
54647
54747
54787
54871
55136
55650
55686
55689
55692
55775
56049
56140
56160
57268
57384
57641
57776
57799
58117
58164
58570
58729
58749
58795
59686
59705
59948
59997
60156
60193
60443
60563
60807
60933
61315
61873
62393
62476
62631
62923
63876
64293
64512
64629
64747
64852
65018
65091
65157
65451
65467
65788
65795
66118
66386
66387
66667
67845
67852
68160
68329
68668
68940
69207
69212
69867
70538
70668
70714
70732
70738
70948
70997
71740
71796
71806
71998
73053
73228
73261
73834
74309
75181
75411
75908
76008
76128
76460
76523
76593
76695
76699
76933
76958
77548
77848
77850
77889
77904
77991
78276
78459
78612
78694
79260
79284
79394
79451
79481
79749
79822
80093
80296
80505
80639
80855
81010
81050
81103
81676
81842
81991
82224
82383
82878
82961
83410
83438
83479
84108
84128
84385
84490
84632
85213
85277
85845
86453
86707
87007
87341
87453
87652
88552
88825
89222
89903
90041
90122
90250
90787
91023
91024
91043
91090
91235
92267
92734
92764
92963
92965
93377
93676
93837
94263
94316
94369
94427
94472
94580
94588
95063
95992
96010
96276
96319
96408
96422
96583
96838
96981
97305
98149
98205
98361
98480
98544
98669
98817
99028
99093
99297
99350
99808
100193
100698
100896
101195
101209
101391
101659
101660
101931
102252
102447
102641
103338
103351
103371
103492
103495
103983
104526
104568
104688
104867
104886
105311
106204
106536
106597
106736
107297
107678
107725
108217
108439
108702
108729
108770
108812
109015
109508
109745
109903
109987
110042
110107
110425
110550
110781
110797
110856
110892
111048
111500
111586
112150
112464
112533
112584
112610
112747
113095
113370
113452
113507
113809
113944
114069
114596
114911
115001
115183
115250
115572
115763
115840
115972
116384
116496
116632
117133
117224
118099
118354
118518
118541
118743
119201
119294
119488
119756
120725
120803
120890
120894
121245
121378
121458
121460
121560
121799
122168
122199
122400
122500
123578
123961
123962
124407
124912
124980
125021
125057
125514
125777
125900
126155
126421
126533
126614
126770
126958
127564
127705
127780
127791
129587
129872
130367
130640
130714
130894
131526
132199
132386
132653
132820
132960
133682
134608
134949
135109
135177
135307
135611
135857
135884
135954
135987
137095
137656
137722
137898
137900
137921
138015
138633
138645
138716
139180
139198
139448
139537
139604
139723
139868
139899
140057
140265
141243
142244
142306
142363
142672
143461
143898
144015
144728
144839
145091
145265
145430
145893
146191
147157
147745
147923
148072
148294
148486
149133
149326
149350
149495
149533
149567
149906
