AABE
AADI
AADU
AAEW
AAGH
AAJC
AALM
AANY
AAOW
AAPL
AARH
AASL
AATX
AAXN
AAYE
ABIB
ABJL
ABNN
ABPE
ABPK
ABQT
ABUD
ABUG
ABWT
ACFY
ACHH
ACKD
ACKF
ACQO
ACVC
ACXG
ACXS
ADEZ
ADIA
ADKS
ADNT
ADTS
ADZA
AEBC
AEFT
AEGE
AEKO
AERK
AERP
AFCA
AFGA
AFJI
AFLA
AFOW
AFZB
AGEI
AGEL
AGIO
AGJV
AGOV
AGYT
AGZE
AGZI
AHAB
AHIU
AHJO
AHLK
AHME
AHRI
AHZZ
AIEQ
AIJY
AIKB
AIST
AIXG
AIXJ
AIYN
AJLK
AJNM
AJSV
AJTD
AJVQ
AJYY
AKDE
AKDR
AKDU
AKEZ
AKJT
AKMM
AKMX
AKUG
AKVB
AKXS
ALDZ
ALGT
ALNC
ALOM
ALPK
ALPL
ALUT
AMAQ
AMBG
AMGV
AMHA
AMMQ
AMNF
AMPE
AMPN
AMQW
AMSL
AMVP
AMXR
ANCK
ANIA
ANKZ
ANOQ
ANQZ
ANRM
ANSG
ANVE
ANZD
AOBP
AOKO
AOSY
AOTM
AOXL
APAE
APBQ
APEP
APFV
APGK
APKI
APLD
APLK
APQK
APRH
APUH
APVO
APVU
AQEC
AQEE
AQEX
AQGM
AQID
AQME
AQPY
AQUB
ARDW
ARME
ARZA
ASAP
ASBT
ASFX
ASKL
ASKR
ASKV
ASKW
ASLY
ASMA
ASNT
ASQX
ASTD
ASTS
ATAA
ATCN
ATDW
ATJW
ATKR
ATLV
ATPM
ATUN
ATZN
AUEJ
AUGX
AUJQ
AUNU
AUUM
AUZD
AVDF
AVFX
AVGM
AVHQ
AVIG
AVLM
AVPN
AVRP
AVSU
AVVU
AWCQ
AWDV
AWEF
AWJU
AWOH
AWPJ
AWTH
AWZU
AXCM
AXEH
AXFS
AXHR
AXJI
AXMA
AXML
AXMU
AXNP
AXOS
AXPD
AXYT
AXYY
AXZT
AYIR
AYMK
AYPC
AYQF
AYRX
AYSH
AYUX
AZFU
AZFW
AZIZ
AZLW
AZMO
AZTY
AZYR
AZZF
AZZK
AZZO
BACE
BADI
BADK
BADN
BAFT
BAGG
BAHL
BAJX
BAKQ
BALS
BAMG
BAPI
BARY
BAUX
BAYJ
BAYK
BAYX
BAZH
BBEE
BBFK
BBFZ
BBGY
BBMA
BBME
BBMN
BBTD
BBTQ
BBVE
BBZN
BCAU
BCBN
BCBP
BCHH
BCKD
BCKI
BCNZ
BCPH
BCVN
BCXO
BCXU
BCZD
BDOO
BDQN
BDTB
BDTP
BDTR
BDWO
BEDR
BEEF
BEIM
BEJS
BEOE
BEOL
BEQB
BEQN
BERT
BETX
BEVK
BEXJ
BFDX
BFEB
BFFY
BFIO
BFMR
BFNQ
BFOW
BFPO
BFRQ
BFRW
BFTV
BFUG
BGBS
BGBX
BGFP
BGPI
BGRF
BGTM
BGUR
BGXJ
BHBU
BHCL
BHHO
BHJR
BHKA
BHKO
BHKW
BHLN
BHOI
BHOX
BHPU
BHSG
BHTJ
BHUB
BHUP
BHVQ
BIBW
BIDW
BIIZ
BIOF
BIOX
BIQA
BISV
BITO
BIUJ
BIVC
BIYZ
BIZW
BJCA
BJCJ
BJDP
BJEC
BJFG
BJIG
BJKI
BJMT
BJRU
BJRV
BJVQ
BKDE
BKFK
BKJD
BKKM
BKMB
BKOV
BKRQ
BKTN
BKVC
BKYM
BKYW
BKZO
BLCS
BLDE
BLGM
BLHP
BLIY
BLPG
BLQP
BLSE
BLSZ
BLWL
BLWT
BLXR
BLYK
BMCQ
BMEX
BMKX
BMNJ
BMOC
BMQD
BMRZ
BMTJ
BMTY
BMUD
BMYJ
BMYL
BNGP
BNKM
BNNJ
BNPT
BNSB
BNTI
BNUO
BNUP
BNWX
BOBV
BODP
BOFW
BOGN
BOIZ
BOJA
BOLC
BOPM
BOTF
BOVD
BPAI
BPFV
BPKL
BPOD
BPPP
BPUS
BPUT
BPVG
BPWC
BPYO
BQAM
BQBQ
BQCL
BQDT
BQFU
BQKB
BQMH
BQSF
BQTK
BQYB
BRGQ
BRJC
BRJP
BRLO
BRMF
BROF
BROK
BRRX
BRSM
BRSN
BRWH
BRWO
BRWY
BRYA
BRZS
BSHD
BSLF
BSLN
BSPV
BSQB
BSTT
BSYI
BSYK
BSZO
BTCW
BTDE
BTFS
BTGN
BTPC
BTQI
BTSO
BTUO
BTXI
BUCK
BUFI
BUFQ
BUKE
BUNG
BUNR
BUQT
BUTJ
BUUH
BUVK
BUWR
BVAK
BVCM
BVED
BVFT
BVGG
BVGW
BVHJ
BVMZ
BVPE
BVRT
BWBK
BWCE
BWDV
BWEK
BWIY
BWKN
BWKZ
BWMD
BWMU
BWOC
BWYR
BXHX
BXKQ
BXMX
BXNU
BXOZ
BXPJ
BXRS
BXYO
BYDI
BYDL
BYIG
BYKT
BYLF
BYPO
BYQY
BYXW
BYZK
BZFI
BZGV
BZIZ
BZOH
BZPK
BZZE
CAAF
CAAZ
CABF
CADD
CAFF
CAFQ
CAHP
CARU
CATW
CAVE
CAVS
CBBR
CBEA
CBHB
CBIR
CBJJ
CBMA
CBRE
CBRJ
CBVC
CBVO
CBYO
CCBO
CCDK
CCDT
CCHW
CCNX
CCXS
CCZQ
CDCK
CDGK
CDHD
CDHE
CDLP
CDUM
CDVH
CDXH
CDXM
CEAB
CECB
CECY
CEER
CEES
CEIS
CEWG
CEZD
CFBB
CFDZ
CFGF
CFVT
CFWU
CGBD
CGHC
CGHH
CGLQ
CGMZ
CGNR
CGNV
CGRS
CGSG
CGUJ
CGUR
CGXQ
CGZT
CHAA
CHCO
CHEG
CHJE
CHLX
CHMA
CHQB
CHRG
CHRH
CHSG
CHUD
CHWQ
CHXW
CIFB
CILV
CIOM
CIPD
CIQT
CIUC
CIUE
CIWK
CIYA
CJAK
CJBF
CJDG
CJFE
CJNK
CJTT
CJVV
CKBV
CKEF
CKII
CKNQ
CKQS
CKVN
CKWC
CKWJ
CKYB
CKZF
CKZG
CLCR
CLDF
CLHF
CLHS
CLIG
CLMN
CLQK
CLYX
CMDM
CMEV
CMFA
CMMH
CMNB
CMOJ
CMOS
CMUT
CMYH
CNAR
CNDI
CNFD
CNMH
CNOH
COHI
COHP
COQD
COZU
CPHF
CPIX
CPPT
CQAK
CQNS
CQPF
CQPK
CQSV
CQSX
CQZJ
CRJF
CROI
CROM
CRUL
CRUT
CRYT
CRZO
CSED
CSGJ
CSIX
CSWT
CTAF
CTCE
CTCY
CTIP
CTKZ
CTPY
CTTU
CTUQ
CTWB
CUCY
CUJF
CUTS
CUVB
CUVI
CUVY
CUYN
CUYU
CUZD
CUZL
CUZM
CVCE
CVDT
CVEE
CVIK
CVJJ
CVMR
CVOK
CVQW
CVVZ
CVWS
CWCZ
CWGA
CWLN
CWNS
CWPS
CWPW
CWQQ
CWRG
CWXS
CWZD
CWZY
CXHL
CXKO
CXMG
CXOM
CXRA
CXRG
CXXR
CXYE
CXYG
CYAR
CYCR
CYDV
CYGJ
CYLP
CYPR
CYRY
CYVD
CYVZ
CZAR
CZAT
CZEH
CZFU
CZIS
CZKG
CZNS
CZOE
CZQA
CZTI
CZXI
CZXJ
CZXU
DAIO
DAKV
DAOK
DAQT
DATH
DATY
DAUR
DAXA
DAZE
DBCX
DBDH
DBEL
DBMX
DBNZ
DBPK
DBRK
DBRR
DBYW
DCBQ
DCDX
DCEO
DCGO
DCJB
DCJH
DCMP
DCQL
DCTH
DCUU
DCVN
DDES
DDHX
DDIP
DDKJ
DDME
DDWU
DDWZ
DDXC
DEBW
DEFH
DEIB
DEIM
DEKQ
DEKU
DEOD
DERA
DESE
DEZH
DEZO
DFFA
DFGT
DFHU
DFIG
DFIV
DFJP
DFMX
DFNH
DFOI
DFPG
DFQE
DFRD
DFRS
DFSD
DFTN
DFXD
DGCP
DGGS
DGHY
DGMU
DGPD
DGRQ
DGWG
DGWV
DGYI
DHGI
DHGO
DHGV
DHLL
DHNB
DHNG
DHQQ
DHRF
DHTP
DHVG
DHYH
DHZA
DIDU
DILQ
DINF
DIOQ
DIQK
DISY
DITE
DJCY
DJJG
DJJY
DJKS
DJLK
DJNH
DJQH
DJRG
DJSU
DJUY
DKCW
DKFL
DKLJ
DKMM
DKNB
DKQZ
DKRL
