aaaa
aaad
aaaj
aaas
aabg
aabi
aabp
aabu
aabz
aaca
aacf
aacg
aacv
aadp
aadq
aaeb
aaec
aaed
aafo
aafz
aagi
aagp
aahe
aahg
aahl
aaht
aahx
aaih
aaio
aaip
aajb
aajt
aakb
aakz
aame
aamz
aana
aanc
aanz
aapf
aapt
aaqg
aaqr
aaqw
aarh
aarn
aart
aarx
aasu
aatd
aatf
aatp
aauj
aavl
aavm
aavp
aavr
aawc
aawd
aawi
aawj
aawz
aaxt
aaxu
aayk
aayx
aazg
aazo
aazq
abag
abah
abaw
abba
abbo
abbr
abch
abcm
abcv
abds
abdx
abeh
abep
abew
abex
abfe
abfr
abhe
abhf
abhi
abhn
abho
abjb
abje
abjg
abjv
abjy
abjz
abkm
abko
abkp
able
ablg
ablk
abma
abmg
abmk
abmn
abmt
abmz
abnd
aboc
abpc
abpl
abqe
abqg
abqj
abqq
abqu
abrf
abru
absb
abst
absy
abtm
abtu
abud
abuf
abuk
abuq
abuv
abve
abvi
abvn
abvp
abvu
abvy
abwc
abwh
abwl
abwv
abww
abxa
abxg
abyd
abys
abza
abzr
abzy
acan
acas
acaz
acba
acbj
acci
accm
accp
accr
accs
acdc
acdp
acdv
acdy
acei
acep
acey
acfg
acfh
acge
acgg
acgp
acgu
achg
achj
acie
acij
acis
aciz
acjn
acjo
acjs
ackd
ackw
aclo
acme
acmi
acmm
acnt
acob
acor
acpf
acqu
acrk
acrs
acsl
acsn
acsp
acte
actg
actv
actw
acvm
acvn
acxc
acxp
acxr
acyc
acze
aczs
aczt
aczu
adag
adan
adat
aday
adbe
adbf
adbl
adbu
adbv
adcd
adcf
addd
adeb
ader
adfd
adfo
adfv
adgc
adgd
adgj
adgm
adhc
adhk
adhv
adhy
adig
adil
adim
adiy
adjh
adji
adka
adky
adlb
adls
adlw
adlx
admp
admt
admw
adnh
adnn
adod
adoe
adok
adom
adow
adpb
adpg
adpn
adpw
adqn
adqp
adqz
adra
adri
adrn
adrt
adrz
adsl
adst
adsz
adtl
adtn
adtp
adud
adup
advb
advg
advj
advv
adwp
adwt
adxo
adxt
adyg
adyl
adys
adzc
adzf
adzm
adzw
aeac
aean
aebc
aebj
aebk
aebu
aebz
aecb
aecf
aecu
aecx
aedd
aedr
aeew
aefh
aefj
aefs
aefu
aegg
aegi
aegw
aegx
aehg
aeho
aehy
aeia
aeiz
aejb
aejt
aejw
aeka
aekb
aekh
aekr
aekv
aelf
aelo
aemb
aemt
aemx
aenc
aenm
aenp
aent
aeoh
aeom
aeop
aeor
aeoy
aepc
aept
aepz
aeqb
aeqj
aeqn
aeqv
aerj
aerm
aerr
aesz
aetn
aeto
aetv
aeur
aevo
aexx
aeyh
aeyl
aeyw
aeyy
aezb
aezk
afaf
afav
afbf
afcc
afcd
afch
afcr
afdc
afdo
afdw
afes
afff
affl
affo
affw
afhg
afhp
afhr
afhz
afie
afip
afka
afkb
afkn
afko
afks
afln
afmh
afms
afnc
afnh
afni
afnu
afoh
afol
afom
afox
afpa
afpq
afpv
afqc
afqk
afqm
afrc
afrs
afrt
afsg
afsi
afsu
aftc
afti
aftj
aftq
afts
aftu
aftv
afuk
afuy
afvb
afvp
afvw
afvx
afwg
afwi
afwl
afwm
afxl
afxt
afyb
afyh
afym
afzi
agad
agag
agah
agbc
agbh
agbj
agbz
agcf
agdt
agdw
ageb
agec
agem
ages
agez
agff
agfo
agfu
agfx
aggd
agge
aggi
aggo
aghh
aghv
agib
agit
agiu
agjt
agju
agka
agkj
aglc
aglh
aglj
agma
agmi
agmm
agmr
agms
agmz
agom
agoq
agos
agoy
agpp
agqi
agqt
agqv
agrb
agri
agrl
agru
agse
agsj
agsn
agti
agtq
agtw
aguc
aguf
aguk
agup
agur
aguv
agwb
agwd
agwq
agwr
agxb
agxf
agxz
agya
agyg
agyq
agyr
agyt
agzd
agzl
agzm
ahai
ahap
ahar
ahbi
ahch
ahcj
ahdy
aheq
ahet
ahez
ahfg
ahfl
ahfm
ahfr
ahft
ahfy
ahgx
ahhd
ahhe
ahhk
ahhn
ahht
ahhu
ahhx
ahie
ahjj
ahjv
ahka
ahki
ahkx
ahle
ahll
ahlt
ahlu
ahmj
ahmp
ahmx
ahnc
ahne
ahnf
ahnk
ahox
ahoz
ahpj
ahpq
ahpr
ahps
ahpx
ahqg
ahqp
ahqy
ahru
ahrv
ahry
ahsa
ahsq
ahtj
ahtl
ahts
ahtv
ahul
ahum
ahuu
ahuz
ahvr
ahvx
ahwh
ahwo
ahws
ahwv
ahxe
ahxg
ahxt
ahyt
ahzc
ahze
ahzk
aial
aian
aiaw
aibd
aibs
aibt
aibv
aicg
aich
aicu
aicy
aide
aidl
aiea
aiei
aiek
aien
aieq
aiff
aifn
aifq
aigb
aigc
aigh
aigk
aigm
aigo
aigu
aigy
aihj
aihs
aihv
aiif
aiin
aijc
aije
aijo
aijq
aijt
aika
aiki
aiks
aild
aily
aimi
aiml
aink
aioo
aiot
aiov
aiox
aipj
aiqe
aiqq
aiqs
airc
airg
airs
aisn
aisp
aist
aiuh
aium
aiut
aiww
aiwx
aixb
aixj
aixn
aixq
aixy
aiye
aiyg
aiyj
aiyp
aiyq
aiyw
aizc
aizm
aizx
aizz
ajal
ajao
ajaq
ajar
ajas
ajau
ajbt
ajbx
ajcb
ajce
ajcu
ajcx
ajdd
ajdl
ajdm
ajdx
ajdy
ajeg
ajel
ajen
ajet
ajfc
ajfi
ajfj
ajfv
ajfw
ajfx
ajfy
ajgd
ajgi
ajgm
ajgq
ajgs
ajgw
ajgy
ajhh
ajip
ajiu
ajiv
ajjp
ajjq
ajjs
ajjw
ajjx
ajka
ajke
ajkj
ajlp
ajlt
ajlw
ajmh
ajni
ajns
ajnu
ajnv
ajog
ajoh
ajol
ajqx
ajrc
ajrh
ajrl
ajro
ajrp
ajtc
ajti
ajtl
ajtn
ajto
ajts
ajui
ajut
ajvb
ajvm
ajvn
ajvy
ajwa
ajwm
ajxw
ajxx
ajya
ajyc
ajyj
ajyo
ajyq
ajyt
ajze
ajzk
ajzl
ajzs
akam
akas
akbn
akbu
akcs
akdi
akek
akeu
akgb
akgl
akgu
akgw
akha
akhe
akhg
akhh
akhm
akho
akio
akjf
akkj
akkx
aklj
akly
akmj
akmq
akmw
akmx
aknl
akpk
akpx
akqg
akqr
akrg
akrn
akrs
akrt
akrv
aksf
aksk
aksl
akso
aksw
aktg
akti
aktl
akud
akue
akuf
akuo
akuw
akva
akvb
akvg
akvh
akvn
akvv
akvy
akwk
akxw
akya
akyq
akyt
akzg
akzh
akzr
akzw
alab
alae
alai
alav
alaw
alax
alay
albb
alby
albz
alca
alcn
aldk
aldl
aldu
aldv
aldy
alen
aleu
alew
alfd
alfp
alfx
algi
algo
algp
algt
algy
alhl
alho
alhz
alic
alig
alip
aljl
aljq
aljs
aljt
alju
aljy
alkn
alla
allb
alld
allh
alln
allz
alme
alms
almu
alng
alno
alnv
alnz
alos
alpb
alpc
alpf
alpx
alqa
alqf
alqg
alqm
alre
alrk
alrs
alru
alry
alsc
alsk
alsu
alta
altc
altl
altp
altr
alud
aluk
alus
alwi
alwl
alwm
alwz
alxg
alxh
alxl
alxp
alye
alyq
alyv
alzv
amaf
amah
amau
amax
ambn
ambs
amch
amcr
amdb
amdr
amec
ameq
amev
amfp
amgg
amgk
amgm
amgs
amik
amil
amiq
amjd
amjz
amkf
amkk
amlx
amma
ammi
ammn
ammp
ammr
amnn
amnt
amof
amog
amor
ampq
ampr
amql
amqt
amra
amrp
amrx
amso
amsr
amtb
amte
amtf
amtz
amud
amuy
amvx
amvz
amwx
amxg
amxn
amxw
amxy
amyh
amyp
amyw
amzb
anaa
anac
anao
anbl
anca
ancn
ando
andr
andt
andv
aner
anew
anfp
anfr
anfw
anfz
angb
angc
angp
angt
angu
angz
anha
aniq
anji
anjo
anjq
ankd
ankt
ankw
anle
anlv
anmm
anms
anna
anng
annr
anoa
anoz
anpk
anpl
anpq
anpr
anpt
anqf
anqp
anqq
anqt
anqy
anrm
anrx
ansh
ansm
antn
antr
ants
antz
anua
anuf
anux
anvf
anvr
anwj
anwl
anwo
anxc
anxr
anxs
anyi
anze
anzg
anzk
anzl
anzn
anzv
anzy
aoag
aoal
aoax
aoba
aobc
aobo
aobr
aobu
aobx
aocu
aocy
aodb
aoei
aoep
aoet
aoex
aofa
aogn
aogs
aogy
aoha
aohe
aohf
aohl
aohm
aoil
aojr
aoka
aokb
aokr
aokt
aoku
aola
aolk
aolw
aomo
aonb
aonx
aooj
aoon
aooq
aooy
aope
aopl
aopv
aoqf
aoqm
aoqp
aoqr
aord
aorg
aorn
aorp
aosg
aosh
aosi
aost
aosw
aotg
aott
aouk
aoup
aovb
aowj
aowo
aowt
aowy
aoxh
aoxl
aoxo
aoxt
aoxw
aoyn
aoyr
aozb
aozc
aozf
aozl
aozp
apad
apai
apav
apax
apbw
apcb
apcp
apcu
apda
apdi
apdn
apdq
apdz
apef
apei
apeu
apfk
apft
apgb
apgq
apgs
aphi
aphs
aphy
aphz
apik
apiu
apix
apjw
apkk
apkv
apkx
apky
apmt
apmy
apog
apon
apou
apoz
apph
appn
appp
apqg
apqs
apru
apry
apsa
apsn
apsx
apsy
apte
aptm
apud
apug
apup
apvc
apvi
apvr
apvt
apwg
apwv
apxq
apxr
apxx
apyb
apym
apyn
apze
apzj
apzl
apzr
aqaj
aqap
aqar
aqbu
aqbv
aqbx
aqca
aqcn
aqcy
aqdf
aqdi
aqdn
aqdo
aqec
aqed
aqej
aqfe
aqgl
aqgm
aqgt
aqgw
aqha
aqhd
aqhi
aqho
aqia
aqie
aqif
aqij
aqiu
aqkj
aqks
aqlj
aqlk
aqlv
aqlz
aqmc
aqmf
aqmg
aqmj
aqmk
aqmw
aqnc
aqng
aqnj
aqnq
aqoa
aqol
aqoo
aqpb
aqpc
aqpd
aqpk
aqps
aqqh
aqqs
aqre
aqrf
aqsq
aqtc
aqtd
aqtf
aqto
aqtr
aqtu
aqtx
aqtz
aqum
aqun
aqvd
aqvg
aqwx
aqxf
aqxi
aqxp
aqxx
aqzr
aral
arao
araq
arar
araz
arbw
arbx
arby
arch
arco
arct
arcv
ardp
ardr
ardx
ared
arek
areq
ares
arfg
arfn
arfo
arfu
argd
argk
args
argu
argz
arhk
arhp
arhr
arhx
arir
ariu
ariv
arjf
arjh
arjs
arkc
arlh
arlk
arll
arlm
arly
arma
armz
arni
arnq
arnx
arof
arot
arpa
arpk
arpl
arpt
arpv
arpz
arqe
arqr
arqt
arrt
arsf
arsj
arsx
artd
arto
artv
arud
arui
arul
arvd
arve
arvj
arvm
arvq
arxa
arxh
arxk
arxx
arym
aryw
arza
arzi
arzj
arzl
arzr
arzz
asac
asak
asap
asaz
asbe
asbz
ascj
asck
ascn
ascu
ascv
asda
asdb
asdk
asek
asen
ases
asfg
asfh
asfn
asfw
asga
asgh
asgo
asgu
asgy
asgz
ashm
asij
asit
asjq
askq
aslq
aslt
asml
asng
asnr
asnu
asnx
asoa
asos
aspc
aspr
asqe
asqm
asqp
asqs
asrm
asrs
asrw
asry
assw
asub
asud
asul
asun
asuu
asuv
asvj
asvo
aswe
aswl
asxb
asxd
asxe
asxk
asxy
asyu
aszv
atac
atax
atbq
atbw
atbx
atbz
atcj
atcx
atdq
atdu
atdx
atek
atey
atfk
atfn
atgf
atgk
atgt
athh
athi
athv
atia
atim
atit
atjs
atkj
atkk
atkp
atkr
atkv
atkx
atld
atli
atll
atln
atnn
atof
atog
atop
atot
atpg
atpk
atpl
atpn
atpp
atpq
atpr
atpx
atql
atqn
atqo
atqr
atqz
atsf
attk
attl
attr
attt
attu
attv
atup
atus
atuv
atvn
atvs
atwa
atwd
atwg
atwh
atws
atwv
atwx
atxe
atxf
atxo
atze
atzq
auad
auam
aubh
aubp
aubt
aubu
auby
aubz
aucr
aucs
auct
aucz
auds
audu
aueb
auej
auem
auen
aueu
auev
aufn
aufq
aufx
aufy
augf
augn
augv
auhj
auhl
auhm
auid
auin
auiu
auja
aujd
aujf
aujo
aujs
aukn
aukz
aulm
aulo
aulq
aumd
aumf
aumm
aumr
aunh
aunk
auob
aupb
aupe
aupf
auqa
auqg
auqv
aurf
aurl
aurq
aurw
aurx
ausb
ausr
auta
auto
auuf
auuh
auuj
auuk
auus
auut
auuv
auvf
auvg
auvj
auvz
auwb
auwq
auwv
auxf
auxm
auye
auyk
auyp
auze
auzk
auzu
auzz
avam
avbb
avbj
avbn
avbr
avbv
avbw
avca
avcj
avcn
avdn
aveh
aver
aveu
avga
avgc
avgf
avgw
avhc
avhg
avhw
avhx
avic
avij
avik
aviz
avjn
avjs
avju
avjz
avkj
avkp
avkz
avln
avlu
avme
avms
avnc
avne
avnf
avnn
avnu
avoq
avoy
avpe
avpk
avpz
avqd
avqf
avqg
avrf
avri
avrl
avrw
avsg
avtd
avtr
avuk
avum
avuz
avvc
avvn
avvq
avvx
avwf
avwm
avwo
avwt
avxg
avxj
avyh
avyl
avyn
avyr
avys
avyt
avzd
avzo
awad
awaj
awam
awao
awav
awcs
awdg
awdl
awdo
awdq
awdr
aweo
awfa
awfd
awff
awfj
awfk
awgi
awgq
awhb
awho
awhq
awhs
awie
awiu
awix
awiy
awjg
awkd
awkf
awkm
awkt
awlc
awlt
awlw
awmn
awmy
awnr
awoa
awoc
awoh
awop
awou
awow
awpg
awph
awpi
awpl
awpr
awpx
awqd
awqi
awqj
awqk
awqm
awqx
awry
awse
awsu
awsx
awtg
awth
awts
awum
awuw
awuz
awvc
awvd
awvt
awwa
awxd
awxg
awyb
awye
awyh
awyq
awyy
awzb
awzc
awzt
axaa
axaj
axan
axas
axat
axba
axbb
axbl
axbp
axbz
axcf
axcu
axcv
axdb
axdl
axeh
axel
axem
axfc
axfm
axfn
axft
axgd
axgk
axgt
axgx
axhz
axii
axip
axis
axjq
axkb
axkj
axkl
axkm
axkt
axky
axla
axlh
axln
axlu
axmr
axnb
axni
axnk
axok
axop
axpy
axqd
axql
axqt
axqw
axqz
axrc
axrg
axrp
axsc
axsr
axss
axtc
axtp
axtz
axub
axui
axvh
axvo
axvv
axwa
axwn
axxa
axxi
axxl
axxs
axzc
axzg
axzm
axzx
ayao
ayap
aybi
aybn
aybo
aybv
aybx
ayby
ayca
aycd
ayci
ayck
aycs
aycu
aydp
ayef
ayek
ayeq
ayes
ayev
ayex
ayfa
ayfh
ayfi
ayfs
aygt
aygu
ayhe
ayhz
ayib
ayid
ayim
ayje
ayjl
ayjp
aykf
aykn
ayle
aylw
aymj
aymo
aynh
aynj
ayny
ayoo
ayop
ayot
ayou
ayoz
aypf
aypm
aypz
ayqj
ayqx
ayra
ayrc
ayrr
aysf
aysm
ayso
ayss
ayti
aytm
aytq
ayty
ayur
ayuy
ayvu
aywj
aywn
ayxb
ayxj
ayxo
ayxx
ayxy
ayyh
ayyk
ayyn
ayyq
ayys
ayyx
ayze
ayzm
ayzp
azad
azbs
azbw
azcc
azcf
azcg
azck
azcz
azdh
azdq
azdx
azdy
azex
azfe
azff
azfg
azfu
azgh
azgn
azgo
azhk
azij
azis
azjo
azjs
azjy
azkc
azks
azkt
azlh
azli
azlp
azma
azmb
azmd
azmj
azmp
azms
azmx
azni
aznq
aznw
azoi
azok
azou
azox
azpb
azqg
azqz
azrf
azrj
azrk
azsn
azsv
aztd
aztj
aztk
aztl
aztm
aztq
aztr
azts
aztu
azve
azwa
azwh
azxg
azxm
azxn
azyc
azyh
azyi
azyk
azyn
azys
azyv
azzg
azzm
azzt
azzv
baab
baal
baay
babf
babg
babh
babj
babq
babx
bacc
bacu
bacz
badp
baee
baet
bafk
bafv
bagj
bagx
bahm
baif
bail
bajf
bajj
bajo
bake
bakg
bakk
bakn
baky
balb
balk
balt
bamf
bami
baml
bamp
bams
banv
baoi
baom
baou
baox
baph
baps
baqa
baqe
baqf
baqk
baql
barf
baru
basg
baso
basr
bass
bate
batm
batn
bauh
bava
bavd
bavq
bavs
bavv
bawl
bawv
bawx
baxc
baxq
bayq
bayy
bayz
bazr
bazu
bbaf
bbah
bbao
bbbh
bbbm
bbcj
bbco
bbdd
bbds
bbdt
bbdx
bbef
bbfj
bbfk
bbfu
bbfx
bbgk
bbgo
bbhd
bbic
bbim
bbiq
bbiz
bbjs
bbkk
bbld
bblp
bbme
bbmh
bbmj
bbms
bbmx
bbnk
bbpf
bbph
bbpk
bbpt
bbpv
bbqd
bbqe
bbqf
bbqg
bbqp
bbqx
bbqy
bbrf
bbrp
bbsk
bbsq
bbsr
bbss
bbsz
bbtd
bbth
bbtt
bbuj
bbul
bbux
bbuz
bbvk
bbvq
bbwh
bbwk
bbxi
bbxt
bbyf
bbyj
bbys
bbza
bbzw
bcak
bcav
bcaw
bcbh
bcbl
bcbn
bccq
bccu
bcdc
bcde
bcdf
bcdp
bcee
bceu
bcgr
bchb
bchd
bchf
bcid
bciu
bcjp
bcjx
bckc
bckk
bcko
bckp
bckr
bcks
bclg
bcll
bclv
bcmq
bcmt
bcnb
bcoc
bcox
bcpc
bcpx
bcqn
bcqr
bcqw
bcrb
bcri
bcrl
bcrm
bcsd
bcsf
bcsg
bcsm
bcta
bctn
bcug
bcvb
bcvg
bcvt
bcvz
bcwb
bcwd
bcwf
bcwj
bcwt
bcxs
bcxu
bcxy
bcyg
bcyn
bcyp
bcyw
bcyz
bcze
bczm
bdad
bdah
bdaj
bdaz
bdbh
bdbn
bdbz
bdch
bdcj
bdcw
bdcy
bdcz
bddl
bddy
bdeh
bden
bdeu
bdex
bdfi
bdgd
bdgg
bdgi
bdgn
bdgs
bdho
bdhx
bdhy
bdip
bdiw
bdiz
bdjo
bdka
bdkl
bdkp
bdku
bdlh
bdlq
bdlv
bdly
bdmc
bdme
bdmk
bdnk
bdnp
bdny
bdoi
bdou
bdpd
bdpi
bdpk
bdpn
bdpx
bdpy
bdqs
bdra
bdro
bdrx
bdsg
bdsh
bdtf
bduc
bduo
bdur
bduy
bdvl
bdvw
bdwv
bdxb
bdxe
bdxh
bdxo
bdxs
bdyb
bdyi
bdyl
bdyo
bdyt
bdyu
beab
beai
beaw
bebh
bebi
becl
becp
bedn
bedx
beeg
befe
begg
begh
begs
begy
begz
behb
behc
beht
beid
beie
beil
beim
beiw
beiz
bejh
bejj
bejt
bejv
beke
bekf
bekq
beky
belg
bely
bema
bemd
bemm
bems
bena
benw
beny
beph
beqj
beqr
berf
berl
berp
besk
besw
besz
bete
beth
betl
betr
betv
betw
beuf
beuh
beul
beum
beuq
beuz
bevf
bevr
bewz
bexr
bexx
bfae
bfam
bfaq
bfar
bfau
bfav
bfbp
bfbw
bfbz
bfct
bfcv
bfdh
bfdr
bfdt
bfef
bfeg
bfev
bffg
bffh
bffp
bfgg
bfhd
bfhk
bfhv
bfin
bfiy
bfje
bfjg
bfjq
bfjr
bfjv
bfkq
bfkw
bflg
bflz
bfmf
bfmo
bfmq
bfmv
bfnq
bfns
bfny
bfoi
bfop
bfoq
bfor
bfox
bfoz
bfpd
bfph
bfps
bfpt
bfpw
bfpz
bfqh
bfqp
bfqx
bfqz
bfrf
bftm
bftq
bftr
bftu
bfug
bfui
bfuk
bfuq
bfut
bfvn
bfwb
bfwq
bfxe
bfxr
bfyl
bfyn
bfys
bfzb
bfzm
bfzn
bfzo
bgae
bgag
bgam
bgaq
bgav
bgax
bgbd
bgbe
bgbj
bgbm
bgbs
bgci
bgdj
bgdq
bgds
bgfh
bgfn
bgfw
bggp
bggs
bghp
bgif
bgjz
bglf
bglp
bglt
bgly
bgmg
bgmj
bgmr
bgmw
bgmz
bgni
bgnw
bgoe
bgpa
bgpd
bgpj
bgpo
bgpp
bgpr
bgpu
bgqd
bgqq
bgrf
bgrw
bgsl
bgth
bgtj
bgtm
bgtx
bgut
bguy
bgvo
bgwn
bgwo
bgxg
bgxq
bgxt
bgxx
bgye
bgyh
bgyl
bgyn
bgyq
bgzb
bhaa
bhay
bhbf
bhbq
bhco
bhda
bhdd
bhdh
bhdq
bhds
bhdu
bhef
bheo
bhew
bhfc
bhfh
bhfk
bhgk
bhgs
bhhk
bhhp
bhht
bhih
bhik
bhio
bhiv
bhjf
bhjh
bhjw
bhjx
bhjy
bhkn
bhkt
bhku
bhlq
bhlu
bhmi
bhmj
bhmm
bhmn
bhmt
bhmw
bhnh
bhoa
bhol
bhom
bhop
bhpa
bhpd
bhph
bhpk
bhqi
bhqu
bhrd
bhru
bhrz
bhsc
bhsi
bhsm
bhsw
bhta
bhti
bhtn
bhtq
bhtu
bhtw
bhua
bhub
bhuc
bhue
bhuf
bhus
bhuv
bhwf
bhwn
bhwo
bhwt
bhxj
bhxw
bhzh
bhzo
bhzx
biar
biaz
bibl
bibz
bicr
bicv
bidc
bidj
bidq
biei
biej
bieo
bifr
bigm
bigt
bihe
bihh
bihr
bihv
biic
bijq
bijt
bikb
bikf
bikh
bilj
bill
bima
bime
bimq
bimu
bina
binc
bioi
biol
bion
bioq
bios
bioz
bipk
bipl
bipm
bipt
bipw
biqd
biqj
biqr
biqs
birs
bisc
bisi
bisq
bitl
bito
bits
bitx
biuf
biuk
biup
biuq
biur
biuw
biux
bivt
bivx
biwa
biwb
biwo
bixo
bixq
bixs
bixt
bixx
biyn
bizf
bizl
bizr
bjaj
bjbu
bjcf
bjdf
bjdl
bjdp
bjek
bjel
bjem
bjex
bjfc
bjfm
bjfn
bjgs
bjha
bjhn
bjhp
bjil
bjjm
bjjo
bjjz
bjkm
bjkx
bjlb
bjlg
bjli
bjlq
bjmx
bjmz
bjnh
bjni
bjnq
bjnt
bjnz
bjod
bjoh
bjoj
bjol
bjoo
bjoq
bjot
bjov
bjoz
bjpd
bjpl
bjqj
bjqt
bjrv
bjsk
bjsr
bjsw
bjtc
bjtd
bjtg
bjtq
bjua
bjuo
bjuq
bjvg
bjvu
bjwb
bjwn
bjwo
bjwy
bjxi
bjxj
bjxq
bjxs
bjxz
bjyg
bjyh
bjyk
bjzn
bjzx
bkag
bkba
bkbd
bkbk
bkcc
bkck
bkcw
bkdg
bkdh
bkdp
bkdx
bkeg
bkfa
bkfk
bkfo
bkfz
bkgh
bkgl
bkgp
bkie
bkil
bkim
bkip
bkiq
bkir
bkis
bkit
bkji
bkkr
bklb
bklg
bklp
bklx
bkns
bkoc
bkoj
bkpp
bkpr
bkpt
bkpx
bkpy
bkqa
bkqg
bkqi
bkqk
bkqv
bkre
bkrg
bkry
bksd
bksl
bksp
bksx
bksz
bktg
bktl
bkuc
bkud
bkug
bkuu
bkux
bkuy
bkvh
bkvl
bkvz
bkwb
bkwc
bkwe
bkwn
bkwu
bkww
bkxg
bkxr
bkxv
bkyl
bkyo
bkyu
bkyv
bkyx
bkzc
bkzi
bkzq
blae
blaz
blbr
blce
blck
bldl
bleg
blen
bleo
blfh
blgg
blhe
blhx
blih
blio
blip
bljm
bljt
blkg
blkw
blld
blln
bllu
blmd
blme
blmh
blms
blnj
blnm
blns
bloa
bloc
bloi
blol
blov
bloz
blpc
blpp
blpr
blqk
blqt
blqw
blrh
blrk
blrm
blsu
blth
bltj
bltp
blus
blve
blvh
blvj
blvv
blvw
blvy
blwo
blwq
blwv
blww
blxc
blxe
blxw
blxx
blya
blyb
blye
blyg
blyk
blyn
blzc
blzi
blzm
blzr
bmac
bmap
bmbc
bmbh
bmbk
bmbl
bmca
bmcj
bmdi
bmdj
bmdo
bmds
bmdt
bmdw
bmee
bmet
bmfa
bmfm
bmgs
bmgv
bmha
bmhg
bmhq
bmhz
bmic
bmif
bmiq
bmit
bmiz
bmjc
bmjf
bmjg
bmjh
bmjj
bmjs
bmla
bmlb
bmlf
bmlh
bmlk
bmln
bmml
bmni
bmnj
bmox
bmpa
bmpd
bmpn
bmrn
bmrp
bmrq
bmry
bmsk
bmte
bmtm
bmtq
bmtv
bmui
bmum
bmuy
bmvd
bmvh
bmvl
bmvr
bmwi
bmws
bmxh
bmym
bmyz
bmzj
bmzl
bmzq
bmzv
bmzx
bmzz
bnah
bnai
bnam
bnaw
bnbm
bnbz
bncd
bncw
bncx
bndj
bndp
bndx
bnel
bnev
bnfy
bngi
bngk
bngo
bnhe
bnim
bniq
bnjc
bnka
bnkg
bnlq
bnls
bnlt
bnly
bnmf
bnmh
bnmo
bnmq
bnnq
bnob
bnow
bnoy
bnpg
bnpr
bnqb
bnql
bnra
bnrx
bnrz
bnse
bnsk
bnsm
bnsy
bntt
bnub
bnug
bnuj
bnum
bnus
bnvd
bnwl
bnwt
bnwu
bnwy
bnxc
bnxf
bnxi
bnxl
bnxu
bnyb
bnyc
bnzc
bnzg
bnzn
bnzr
bnzx
boad
boal
bobj
bocg
bocj
bocl
bocn
bocy
bodc
bodt
bodw
boea
boeb
boep
boeq
boet
boeu
boez
bofi
bofm
bofo
bogu
bogx
bogz
bohp
boin
boio
boir
bojd
bojl
bojn
boka
bokf
boks
boll
bomc
bomf
bomg
bomu
bomy
bonn
bonz
boom
bopt
boqb
boqe
boqr
boqy
borj
bork
borv
bory
boso
bosr
boss
bost
botb
bote
botx
boux
bouy
bova
bovb
bovi
bovk
bovw
bovy
bowa
bows
boxq
boye
boyl
bozb
bozk
bozu
bpal
bpap
bpaw
bpax
bpbc
bpbp
bpca
bpcg
bpci
bpcu
bpcy
bpdc
bpdx
bpem
bpep
bpet
bpfb
bpfd
bpfm
bpfw
bpfx
bpgg
bpgi
bpgj
bpgu
bphb
bphh
bphi
bphj
bphn
bphw
bpie
bpim
bpjx
bpkq
bpkv
bpkz
bpla
bpli
bplt
bpmk
bpmn
bpms
bpns
bpof
bppg
bppi
bppr
bppy
bpqb
bprg
bpsh
bpsk
bpsu
bpsz
bptc
bptk
bptt
bpup
bpvl
bpvs
bpvx
bpwd
bpwg
bpwo
bpwu
bpxc
bpxr
bpyc
bpyz
bpzc
bqai
bqap
bqat
bqay
bqbb
bqbl
bqbt
bqbx
bqbz
bqcj
bqdd
bqdk
bqdq
bqdt
bqfc
bqfu
bqgj
bqgu
bqhp
bqhy
bqhz
bqie
bqim
bqiu
bqiy
bqje
bqjo
bqjr
bqkk
bqlb
bqli
bqlk
bqmk
bqml
bqmp
bqmt
bqmu
bqnh
bqni
bqnk
bqnn
bqnv
bqol
bqor
bqot
bqpc
bqph
bqpv
bqqd
bqqf
bqqs
bqrq
bqrs
bqrw
bqrz
bqsk
bqsq
bqsy
bqtb
bqtn
bqtp
bqug
bqut
bqux
bqvj
bqvq
bqwt
bqwv
bqxd
bqxi
bqxl
bqxq
bqxv
bqyp
bqyv
bqyy
bqzg
brak
bral
brav
braw
brbe
brbo
brcm
brcs
brdc
brdk
brdq
bref
brem
breu
brfp
brfw
brfy
brfz
brgv
brhd
brhg
brif
brih
brii
brip
briy
brjb
brji
brjs
brjv
brkm
brlg
brmh
brmn
brmr
brmt
brna
brnf
brnx
brog
broh
brow
brox
broy
brpa
brpc
brpj
brpn
brpr
brqf
brqh
brqn
brqr
brqz
brrq
brsn
brso
brsu
brsw
brti
brtj
brug
brus
bruy
brva
brvi
brvn
brvq
brwd
brwk
brwl
brww
brxl
brxn
brxr
brxx
brym
bryn
brys
bryv
bryz
brzh
brzm
brzo
brzw
bsac
bsaf
bsak
bsav
bsbb
bsbp
bsbq
bsbw
bsda
bsdi
bsdu
bsed
bsef
bseo
bsev
bsfy
bsgb
bshh
bshj
bshs
bsig
bsit
bsjl
bsjx
bskb
bskf
bsle
bsll
bsmi
bsmp
bsmr
bsmv
bsnc
bsow
bsox
bspd
bsry
bsrz
bssf
bsts
bsur
bsut
bsvp
bsvu
bsvz
bswf
bswg
bswt
bsxa
bsxn
bsyd
bsyg
bsyj
bsyk
bsyx
bszh
bszm
btab
btaj
btar
btat
btaw
btbg
btcb
btci
btde
btdl
btdr
btea
btfk
btfl
btfv
bthh
bthi
btht
bthw
btih
btij
btja
btjj
btjp
btjt
btju
btkd
btkz
btli
btlj
btlx
btma
btmb
btmi
btmw
btmx
btnd
btng
btnn
btoe
btoi
btor
btpa
btph
btpi
btpw
btpy
btpz
btqk
btqo
btqq
btri
btrs
btsc
btsd
btsm
btst
btsw
btub
btug
btur
btve
btvg
btvi
btxd
btxt
btxx
btza
buad
buao
bubq
bucc
bucf
bucr
budl
buds
buef
bufa
buff
bufn
bufw
bufx
bufz
bugd
bugk
bugx
bugz
buhn
buht
buhv
buhx
buio
buip
bujz
bukk
bukl
bukn
bukt
bulc
bulh
bull
bulp
bumf
bumh
bumv
bung
bunp
buof
buoh
buoy
bupg
buqf
buqj
buqr
burf
burk
burw
busk
busv
butw
butx
buue
buvr
buvu
buvw
buwx
buxa
buxb
buxk
buxn
buyn
buyr
buyu
buyw
buyx
buza
buze
buzo
buzs
buzv
bvan
bvba
bvbe
bvbf
bvbj
bvbo
bvcd
bvcz
bvdj
bvdu
bvdz
bvef
bvfb
bvfs
bvgo
bvgx
bvhj
bvhu
bvhw
bvhx
bvil
bvin
bvir
bvjb
bvje
bvjq
bvjx
bvkc
bvkl
bvkn
bvku
bvkw
bvlg
bvlm
bvlv
bvmf
bvmn
bvmq
bvmv
bvnd
bvnk
bvnr
bvnz
bvoe
bvor
bvox
bvqg
bvrf
bvrp
bvrr
bvrw
bvsb
bvtq
bvts
bvtx
bvui
bvuo
bvut
bvva
bvvc
bvvk
bvvn
bvvo
bvvq
bvwh
bvwk
bvxe
bvxu
bvzb
bvzg
bvzo
bvzs
bwag
bwbt
bwbu
bwbv
bwcg
bwdh
bwdi
bwdn
bwdp
bwds
bwdt
bwdy
bwea
bwen
bwes
bwfe
bwfk
bwfs
bwft
bwfx
bwgc
bwgl
bwgv
bwgw
bwhb
bwhe
bwhm
bwhs
bwic
bwit
bwjl
bwjz
bwkp
bwkx
bwla
bwlp
bwlu
bwmv
bwoe
bwon
bwow
bwpf
bwpn
bwpw
bwqb
bwqh
bwqj
bwrd
bwrh
bwry
bwrz
bwsa
bwsx
bwsz
bwtq
bwty
bwuh
bwup
bwuq
bwus
bwvc
bwvp
bwvs
bwvv
bwvy
bwwz
bwxc
bwxf
bwyg
bwyq
bwys
bwzf
bwzq
bxaa
bxag
bxan
bxaq
bxau
bxav
bxaz
bxba
bxbk
bxbm
bxbu
bxcj
bxcz
bxdl
bxeb
bxeg
bxeo
bxes
bxet
bxfd
bxfj
bxfl
bxfn
bxfq
bxfv
bxgh
bxgk
bxha
bxhh
bxhi
bxhz
bxih
bxip
bxiu
bxjh
bxjz
bxkp
bxkv
bxlc
bxle
bxlj
bxlp
bxlu
bxmg
bxmh
bxmo
bxmr
bxnl
bxnn
bxoi
bxol
bxpk
bxqp
bxqu
bxri
bxrw
bxry
bxrz
bxsn
bxsv
bxtb
bxti
bxtu
bxug
bxux
bxvc
bxvh
bxwl
bxwm
bxwz
bxxf
bxxm
bxxn
bxxy
bxya
bxyx
bxyz
bxza
bxzk
bxzm
bxzn
bxzt
byag
byai
byap
byas
bybe
bycb
bycs
bycv
bycy
byda
bydn
bydu
byec
byee
byeg
byfj
byfr
byfx
bygc
bygd
byge
bygi
bygu
byhg
byil
byix
byjg
byjj
byjl
byjv
bykg
bykl
bykr
byks
bykx
bylf
bylh
bylu
bymb
bymg
bymm
bymt
bymu
bymv
byne
bynl
bynw
byoe
byof
byog
bype
bypi
bypj
bypr
bypw
byql
byqy
byrh
byro
byrz
bysa
bysf
bysh
bysn
byst
bysz
byte
byti
bytl
bytp
byub
byul
byur
byut
byvg
byvj
byvl
byvu
bywk
bywz
byxh
byxn
byxt
byyd
byzg
byzl
byzs
bzaw
bzax
bzaz
bzca
bzcb
bzcd
bzcg
bzda
bzdf
bzdg
bzdi
bzdz
bzea
bzeu
bzfj
bzgb
bzgi
bzgt
bzhb
bzhf
bzhi
bzhu
bzif
bziu
bzjp
bzjy
bzky
bzld
bzle
bzli
bzlo
bzlu
bzmf
bzmi
bzmu
bznc
bzne
bzpk
bzpm
bzpr
bzpv
bzpw
bzqe
bzqq
bzqx
bzre
bzrm
bzro
bzry
bzsh
bzsl
bzsp
bztn
bztt
bzuf
bzux
bzuy
bzvf
bzvv
bzwi
bzwn
bzwv
bzxm
bzxq
bzxv
bzxz
bzye
bzza
caak
caap
cacl
cacq
cact
cacz
cade
cadl
cadw
caee
caeq
cafd
cafk
cafz
cagl
cahg
cahs
cahu
cail
caip
cajk
cajq
cake
caki
cakj
cakk
cako
cakx
cald
calh
calm
calq
camo
camp
camr
cams
canc
cane
canj
cant
cany
canz
caoi
caoj
capa
capb
capn
caqp
cari
casi
caso
cata
cati
catj
catm
catq
caul
caum
cauo
cavj
caww
caxd
caxg
caxn
cayb
cayk
cayn
cays
cayz
cazi
cbad
cbar
cbaw
cbbw
cbbx
cbby
cbcl
cbcq
cbcv
cbdf
cbdy
cben
cber
cbes
cbfb
cbfh
cbfl
cbfp
cbfx
cbfz
cbgb
cbgf
cbgk
cbgu
cbgy
cbgz
cbie
cbil
cbiu
cbja
cbjd
cbjq
cbjx
cbjz
cbkb
cbkj
cbkn
cbkx
cblc
cblj
cblk
cbmf
cbmg
cbmo
cbnr
cboa
cbof
cbol
cbom
cboo
cbqg
cbqj
cbqv
cbqz
cbrb
cbrg
cbst
cbsx
cbtq
cbuc
cbul
cbum
cbuo
cbuu
cbvq
cbvt
cbvx
cbwc
cbwn
cbwp
cbws
cbww
cbyr
cbzf
cbzj
cbzl
cbzo
cbzr
cbzt
cbzw
ccap
ccav
ccbb
ccbe
cccg
cccj
cccn
cccr
ccda
ccdf
ccdg
ccdj
ccdp
ccdy
ccen
cceo
cceq
cceu
ccev
ccfw
ccfz
ccgh
ccgl
cche
cchg
cchk
cchv
cchz
ccik
ccjs
cckc
ccki
ccks
ccla
ccmt
ccno
ccnw
ccoz
ccpg
ccpq
ccpv
ccqb
ccqc
ccqg
ccre
ccri
ccro
ccrp
ccrt
ccrw
ccsx
ccte
cctg
ccth
cctk
ccts
cctu
ccum
ccux
ccuz
ccvs
ccvu
ccwj
ccwn
ccwx
ccxc
ccxd
ccxx
ccyp
ccyw
ccza
cczc
ccze
cczn
cdat
cdax
cday
cdbw
cdcl
cdcn
cdcq
cdcu
cddc
cdde
cddx
cdec
cden
cdeq
cdff
cdfg
cdfi
cdfp
cdfq
cdfs
cdge
cdgi
cdgv
cdgw
cdhq
cdhz
cdia
cdjc
cdjf
cdjh
cdjk
cdkc
cdks
cdkw
cdld
cdlo
cdmn
cdna
cdnt
cdoq
cdpd
cdpw
cdrp
cdsa
cdsn
cdsq
cdsy
cdtg
cdth
cdtl
cdtx
cdub
cdur
cduw
cdvc
cdwl
cdws
cdxf
cdxs
cdyk
cdym
cdyn
cdys
cdza
cdzd
cdze
cead
ceak
ceas
ceaz
cebd
cebk
cebn
cebr
cebt
cebx
cecf
ceck
cecn
cedl
cedr
ceds
ceeq
ceev
ceex
cefa
cefb
cefd
cefh
cefl
cefw
cegc
cege
cegj
cehh
cehp
ceia
ceie
ceip
ceit
ceiu
ceiy
cejm
cejs
cekf
cekh
cekn
ceko
ceks
celh
celk
celo
celv
cemd
ceme
cemh
ceob
ceoy
cepa
cepb
cepd
ceps
cepv
cepx
ceqd
ceqx
cero
ceru
cesq
ceti
cetj
cetl
cetm
cetq
ceuc
cevg
cevo
cevv
cewm
cewt
cexb
ceyi
ceyx
cezd
cezg
cezl
cezr
cfac
cfad
cfaj
cfam
cfbo
cfbp
cfby
cfck
cfcw
cfdb
cfde
cfdm
cfdx
cfea
cfee
cfef
cfek
cfex
cffq
cfgz
cfii
cfik
cfja
cfjh
cfjv
cfkb
cfkz
cflp
cflw
cfmc
cfmq
cfmt
cfnf
cfnk
cfpl
cfps
cfqz
cfrb
cfrq
cfry
cfrz
cfsf
cfsn
cftq
cfub
cfuq
cfur
cfuw
cfvd
cfvg
cfvt
cfvu
cfvx
cfwc
cfwq
cfxh
cfxt
cfyg
cfyh
cfyu
cfze
cfzh
cfzj
cfzk
cgad
cgag
cgao
cgas
cgat
cgbl
cgbs
cgbu
cgcb
cgcf
cgdu
cgdz
cgea
cgec
cgef
cgez
cgfe
cgfq
cgfr
cggb
cggd
cggm
cggv
cghb
cghd
cghk
cgho
cghr
cghw
cgig
cgjj
cgjp
cgjs
cgkg
cgki
cgkj
cgko
cgku
cglf
cglg
cglh
cgnq
cgnt
cgnx
cgoi
cgom
cgph
cgpu
cgqp
cgqq
cgrt
cgsf
cgsm
cgsq
cgth
cgtl
cgua
cguk
cguw
cgvd
cgvm
cgwc
cgwk
cgwz
cgxb
cgxu
cgya
cgyb
cgzh
cgzi
cgzl
cgzs
cgzu
cgzx
chaw
chay
chaz
chbb
chbq
chbv
chbz
chcd
chce
chcg
chch
chcn
chdc
chde
chdj
chdq
chdr
chdw
chea
chec
cheg
chew
chey
chfa
chfq
chfs
chgz
chhk
chhm
chhx
chih
chim
chiq
chji
chjl
chka
chkk
chkn
chkq
chlb
chlf
chlg
chlm
chlx
chma
chmm
chni
chnt
chob
chon
chpg
chpi
chpj
chqm
chqs
chrj
chro
chry
chsr
chsv
chsw
chuj
chum
chvg
chvi
chvo
chxe
chxh
chxl
chxn
chxw
chya
chye
chyj
chyq
chys
chzb
chzx
ciab
ciaj
cibk
cici
cida
cidl
cidm
cido
ciec
ciej
ciem
cifi
cifr
cifz
ciga
cigp
cigv
cigx
cihy
ciih
ciii
ciij
ciiq
cijf
cijk
cijp
cijt
cijv
cikb
cikj
cikt
cikw
cilo
cilw
cimb
cimd
cimg
cimk
cimn
cimp
cinw
cioe
cipd
cipn
cipr
ciqp
cirj
ciry
cisg
cisj
citc
citd
citi
citu
citx
citz
ciuk
ciuv
civq
civs
ciwl
cixn
cixp
cixx
ciyh
cizf
cizj
cizs
cjag
cjao
cjap
cjar
cjav
cjbg
cjbi
cjbu
cjby
cjcd
cjck
cjcl
cjco
cjcu
cjda
cjdv
cjei
cjek
cjel
cjey
cjez
cjfz
cjhe
cjhk
cjhm
cjhy
cjia
cjil
cjiq
cjiv
cjjd
cjje
cjjf
cjjm
cjju
cjki
cjkq
cjkr
cjky
cjlq
cjlt
cjme
cjmi
cjmm
cjmp
cjmr
cjms
cjmz
cjne
cjnn
cjno
cjnw
cjnz
cjok
cjop
cjpa
cjpe
cjpn
cjpw
cjqe
cjqk
cjqs
cjqu
cjqy
cjrd
cjrh
cjrp
cjrs
cjrw
cjrx
cjrz
cjsc
cjsd
cjsh
cjst
cjsx
cjtd
cjtz
cjui
cjup
cjux
cjuz
cjvi
cjvy
cjwe
cjwf
cjwg
cjwz
cjxm
cjxz
cjya
cjyy
cjzb
cjzf
cjzm
cjzo
ckaj
ckar
ckau
ckbq
ckbr
ckcg
ckcy
ckde
ckdn
ckdt
ckeo
ckfn
ckfq
ckft
ckfw
ckgi
ckgk
ckgw
ckha
ckhb
ckhv
ckib
ckie
ckik
ckim
ckjp
ckkk
ckks
ckkv
ckkw
ckky
ckla
cklb
ckmd
ckny
ckom
ckoo
ckpj
ckpm
ckpn
ckps
ckpu
ckpz
ckqb
ckqc
ckqk
ckqt
ckrc
ckre
ckrw
cksp
ckti
ckue
ckur
ckus
ckvb
ckvi
ckvp
ckws
ckwu
ckwv
ckxf
ckxg
ckyh
ckyn
ckyu
ckyw
ckzd
ckzi
ckzj
ckzt
clai
clak
clam
clbt
clbv
clbw
clby
clcg
clcp
clct
clde
cldr
clec
cled
clep
clet
clez
clfb
clfs
clfv
clga
clgb
clge
clgo
clgt
clgu
clgz
clhh
clhr
clhs
clht
clhv
clie
clij
clje
cljg
clkk
clkp
clks
cllk
clln
cllr
clmv
clna
clnb
clni
clob
clow
clox
clpf
clpk
clpo
clqk
clqm
clqs
clqu
clqx
clrx
clsa
clsf
clsq
cltb
cltl
cltn
cltz
clun
clur
clvp
clvw
clws
clwx
clwy
clxb
clxc
clxd
clxq
clxw
clza
clzb
clzc
clzf
clzk
clzl
clzo
clzp
cmaq
cmbi
cmbv
cmca
cmce
cmcx
cmdm
cmeb
cmet
cmfb
cmfg
cmfn
cmgc
cmge
cmha
cmhz
cmia
cmie
cmjl
cmjn
cmjq
cmjw
cmkk
cmlf
cmli
cmln
cmmc
cmmf
cmmk
cmmp
cmna
cmnc
cmnq
cmns
cmnx
cmny
cmob
cmoo
cmou
cmoz
cmpj
cmpo
cmpq
cmqu
cmra
cmrg
cmrl
cmrp
cmrt
cmrw
cmsh
cmsw
cmsx
cmua
cmue
cmup
cmvh
cmvn
cmvs
cmvw
cmwy
cmxd
cmyk
cmyp
cmyt
cmzn
cnad
cnbc
cnby
cncb
cnci
cncm
cncn
cnct
cnds
cnee
cnek
cneo
cner
cney
cnff
cnfl
cnfv
cnga
cngg
cngw
cnha
cnhc
cnhn
cnho
cnhp
cnhs
cnib
cnin
cnjf
cnjg
cnjj
cnkf
cnkq
cnld
cnlt
cnmj
cnmk
cnmr
cnne
cnni
cnno
cnnu
cnot
cnov
cnpt
cnqv
cnqw
cnrg
cnrt
cnse
cnsi
cnsj
cnsn
cnsu
cntb
cntg
cntp
cntr
cntz
cnud
cnug
cnvk
cnwb
cnwi
cnwk
cnwl
cnwx
cnwy
cnxa
cnxb
cnxj
cnxk
cnxo
cnxq
cnxs
cnyn
cnzf
cnzi
cnzr
cnzw
coag
coaj
coap
coat
coax
cobc
cobq
cobt
cobz
cocb
cocd
cocg
coco
cocr
cocu
codb
codc
codd
codi
codo
codt
codw
codx
coea
coek
coem
coeo
coes
coex
coff
cofg
cofj
cofn
cofx
cogk
cohe
cohf
cohg
cohm
cohn
cohp
cohu
cohv
coii
coik
coil
coim
cois
coiy
cojp
cojr
cojx
cojy
cokn
cokr
coky
colh
coli
colq
colv
comp
comr
comt
cone
conj
conz
cooe
cool
coom
coon
cooo
coov
coph
coql
coqq
coqt
corg
corr
cosb
cose
cosu
cosy
cotg
cotw
coug
couh
couv
couy
covd
cove
covl
covx
covy
cowq
coxm
coxq
coyf
coyh
coyl
cpab
cpad
cpah
cpcc
cpcf
cpcg
cpcr
cpcz
cpdq
cpds
cpdx
cped
cpfp
cpga
cphb
cphn
cpig
cpio
cpjf
cpjj
cpjr
cpkc
cpkh
cpkk
cpkn
cplb
cpma
cpml
cpmx
cpnq
cpns
cpof
cppu
cpqn
cpqs
cpqz
cpra
cpre
cprj
cpru
cprv
cpsb
cpsc
cpse
cpsf
cptg
cptk
cpty
cpua
cpum
cpus
cpvm
cpvs
cpwh
cpwj
cpwn
cpwx
cpxc
cpxe
cpxt
cpye
cpzd
cpzt
cqbv
cqbx
cqci
cqcj
cqdb
cqdf
cqdg
cqdv
cqew
cqfk
cqfn
cqgl
cqgm
cqgq
cqgv
cqgx
cqhh
cqhq
cqht
cqhy
cqhz
cqii
cqin
cqiq
cqix
cqja
cqjo
cqkj
cqkt
cqlc
cqli
cqll
cqlo
cqls
cqmb
cqmj
cqmu
cqnt
cqot
cqoy
cqoz
cqpa
cqpf
cqpk
cqpw
cqqq
cqqx
cqrq
cqrw
cqsc
cqse
cqsn
cqsv
cqtk
cqtx
cqui
cquo
cquq
cqut
cqvd
cqvh
cqvk
cqvl
cqwi
cqwj
cqwk
cqwt
cqxg
cqxk
cqxm
cqxo
cqxq
cqya
cqys
cqzp
crau
crba
crbg
crbh
crbq
crbt
crbu
crci
crcy
crdi
crdk
crea
cree
crek
creq
creu
crfc
crfk
crgt
crhb
crhd
crhl
crhv
crhx
crhy
crin
crio
crkl
crkm
crks
crkv
crlg
crlj
crls
crlv
crmd
crme
crmf
crmm
crnr
crny
crph
crpj
crpk
crqc
crqd
crqu
crqy
crqz
crrt
crru
crsa
crsj
crst
crsy
crte
crto
crts
cruv
crvo
crwe
crwq
crwu
crwv
crxc
crxi
crxr
crxt
crxu
crxw
cryg
crys
cryv
cryw
crzc
crzh
crzu
crzx
csad
csag
csak
csbj
csbv
csbw
csct
csdm
csdv
csdw
csfg
csgn
csgo
csgt
csgv
csgz
cshn
csht
csik
csis
csix
csjl
csjy
cskd
csko
cskq
cslj
csll
cslp
cslu
csma
csmv
csmw
csnf
csnl
csns
csnv
csom
cson
csos
csow
cspe
cspp
csqg
csqh
csqk
csqp
csqu
csqv
csqx
csrd
csre
csri
csrm
csrn
csrx
csry
cssa
cssr
cstp
csub
csuh
csul
csux
csvb
csvc
csve
csvv
csvz
cswa
cswe
csxc
csxf
csxj
csxk
csxm
csxo
csxr
csxw
csxx
csyc
csyl
csyn
cszf
cszk
cszp
cszt
cszz
ctam
ctaq
ctat
ctbb
ctbz
ctcf
ctci
ctcm
ctdv
ctej
ctfr
ctfs
ctfy
ctgd
ctgh
ctgt
ctgv
cthu
ctif
ctin
ctiq
ctiw
ctjc
ctjg
ctjk
ctjx
ctks
ctlb
ctlo
ctlp
ctmf
ctmk
ctnb
ctnc
ctnf
ctnl
ctnq
ctof
ctom
ctop
ctox
ctqb
ctqj
ctqz
ctrb
ctre
ctrn
ctsa
ctso
ctsp
ctth
cttr
ctua
ctun
ctut
ctvs
ctwb
ctws
ctxa
ctyb
ctyc
ctyf
ctyh
ctyo
ctzm
ctzu
cuac
cuaf
cuat
cuau
cuaw
cubj
cubs
cubx
cucg
cucy
cudj
cudl
cueb
cuey
cufc
cufd
cuga
cugf
cugp
cugq
cugu
cugx
cuhd
cuhl
cuht
cuhw
cuhz
cuiz
cujn
cukp
cukt
cuku
culb
culm
cume
cumu
cunu
cuny
cuoc
cuok
cuom
cuoq
cupc
cupe
cupr
cupy
cupz
cuqi
cuqv
curm
curs
curt
cusa
cusi
cusk
cusy
cuts
cuty
cuub
cuuz
cuwr
cuww
cuxf
cuxp
cuxu
cuxx
cuyd
cuye
cuym
cuyq
cuzk
cuzn
cuzo
cuzp
cuzw
cvbf
cvbo
cvdb
cvdg
cvdh
cvdk
cvdl
cvdm
cvdr
cvds
cvdu
cvdv
cvdy
cvec
cvee
cvei
cveo
cvfn
cvfv
cvga
cvgj
cvgk
cvgr
cvgy
cvho
cvhq
cvhz
cvii
cvir
cvjl
cvkd
cvkg
cvkp
cvkz
cvlb
cvll
cvlq
cvls
cvlt
cvmb
cvmd
cvna
cvnb
cvnc
cvnj
cvnu
cvny
cvod
cvoo
cvow
cvpb
cvpi
cvpn
cvpo
cvpq
cvpr
cvpt
cvpx
cvqf
cvqx
cvrc
cvrd
cvrt
cvsc
cvsh
cvsm
cvsp
cvsz
cvtg
cvum
cvvb
cvve
cvvi
cvvq
cvvx
cvwd
cvwk
cvww
cvxw
cvyv
cvyy
cvyz
cvzf
cvzh
cvzt
cvzw
cwaf
cwai
cwal
cwan
cwar
cwat
cwbj
cwbp
cwbu
cwbw
cwca
cwcs
cwdb
cwde
cwdi
cwdn
cwea
cweb
cwef
cwem
cwen
cwes
cwfb
cwfj
cwfk
cwfq
cwgc
cwgf
cwgs
cwhn
cwho
cwic
cwiv
cwjg
cwjn
cwjx
cwkl
cwlm
cwlz
cwmb
cwme
cwmi
cwmq
cwnn
cwnq
cwnz
cwod
cwol
cwpa
cwpq
cwpr
cwpv
cwpz
cwqe
cwqg
cwqp
cwrk
cwsd
cwsj
cwso
cwsp
cwtc
cwtr
cwty
cwtz
cwuk
cwum
cwvb
cwvi
cwvt
cwvw
cwxf
cwxr
cwxw
cwxy
cwyb
cwyc
cwyk
cwyu
cwzl
cwzm
cxbj
cxbp
cxbx
cxby
cxce
cxcn
cxcq
cxcy
cxdh
cxdx
cxdz
cxed
cxei
cxem
cxey
cxfc
cxgm
cxha
cxhb
cxhl
cxhm
cxht
cxhx
cxif
cxig
cxii
cxik
cxin
cxiu
cxiv
cxix
cxjk
cxjs
cxkb
cxlg
cxlm
cxmw
cxnj
cxoe
cxof
cxow
cxrw
cxsg
cxsz
cxte
cxth
cxul
cxws
cxxa
cxxc
cxxv
cxyb
cxyp
cxyt
cxzy
cyam
cyar
cybe
cybl
cybq
cybv
cycd
cycq
cycu
cydt
cyey
cyfa
cyfb
cyff
cyfo
cyge
cygr
cygx
cyhe
cyhh
cyhp
cyhx
cyir
cyja
cyjb
cyjm
cyju
cyjz
cykh
cylf
cylk
cylp
cyls
cylx
cymx
cynu
cyoc
cyop
cypb
cypd
cypf
cypk
cypl
cypw
cypx
cypz
cyql
cyqm
cyqy
cyrk
cyrp
cyrq
cyrz
cysg
cyso
cytm
cyts
cytz
cyug
cyum
cyuq
cyuu
cyuy
cyvd
cyvf
cyvr
cyvt
cyvu
cyvy
cyxg
cyxk
cyyn
cyyt
cyzi
cyzl
cyzu
cyzw
czax
czbf
czbx
czcb
czcd
czck
czcw
czcx
czde
czdm
czdo
czdq
czeh
czej
czeo
czep
czfc
czfd
czff
czfo
czgg
czgi
czhb
czhm
czin
czir
czjj
czjm
czjy
czka
czkf
czks
czku
czkx
czln
czlo
czlq
czlr
czlw
czmg
czmk
czmn
czna
cznr
czoh
czou
czpm
czpn
czpr
czpu
czqa
czqk
czqo
czqx
czrn
czro
czso
czsz
czte
cztf
czth
cztk
cztw
czug
czus
czvh
czwq
czws
czxc
czxd
czxf
czxp
czyb
czyn
czyo
czzz
daae
daat
daba
dabf
dabt
daco
dade
dado
daec
dafe
dafi
daft
dahp
dahq
dahr
daht
daia
daii
daio
dait
daiw
dajk
daka
dako
dakq
dakx
dalc
dald
dals
daly
damm
danb
danc
danu
danv
daoj
daor
daow
daox
dapb
dapg
dapl
daqc
daqe
daqi
daqp
dara
dars
dasb
dasg
daso
dasy
datm
datn
datp
datr
datz
daua
daub
davq
dawd
dawv
daxb
daxc
dayg
dayk
dayo
dazb
dazd
dazq
dazw
dbah
dbbb
dbbl
dbci
dbco
dbcy
dbdo
dbdv
dbec
dbed
dbei
dbem
dbfh
dbgq
dbgs
dbhb
dbhf
dbhi
dbhm
dbhu
dbia
dbic
dbig
dbii
dbio
dbip
dbiq
dbiw
dbjm
dbki
dbkk
dblc
dbls
dblw
dbmf
dbmh
dbml
dbmr
dbmu
dbnc
dbnh
dbnl
dbnu
dbnv
dboe
dbos
dboy
dbpo
dbpp
dbpx
dbqe
dbqo
dbrc
dbrf
dbro
dbrq
dbrr
dbrs
dbrv
dbrx
dbsc
dbsm
dbta
dbte
dbti
dbtr
dbux
dbva
dbvg
dbvo
dbvp
dbvu
dbxo
dbyo
dbyp
dbzj
dbzl
dcak
dcao
dcbb
dcbe
dcbv
dcce
dccf
dcch
dcci
dccx
dcdn
dceg
dces
dceu
dcex
dcff
dcfm
dcfs
dchb
dchc
dchk
dchq
dchv
dchw
dcim
dcjp
dcjs
dcka
dckb
dckp
dclb
dcln
dclv
dcme
dcmj
dcnd
dcnh
dcnw
dcod
dcoi
dcos
dcot
dcow
dcpf
dcpo
dcpp
dcpz
dcqb
dcqn
dcqp
dcqw
dcqz
dcre
dcrh
dcrq
dcry
dcsb
dcsl
dcsq
dcth
dctw
dcun
dcuv
dcux
dcvj
dcvt
dcvu
dcvz
dcwt
dcwx
dcxh
dcxi
dcxk
dcxr
dcxv
dcxx
dcyp
dcze
dczw
ddaz
ddbi
ddbr
ddck
ddco
dddy
dddz
ddec
ddee
ddex
ddfg
ddfn
ddgb
ddge
ddgj
ddgk
ddgr
ddgs
ddgt
ddgw
ddhm
ddht
ddia
ddid
ddja
ddjc
ddjf
ddjp
ddkc
ddki
ddkq
ddku
ddlo
ddmd
ddmm
ddnc
ddnj
ddnv
ddny
ddob
ddoj
ddom
ddop
ddox
ddpd
ddpy
ddqg
ddrr
ddrt
ddse
ddsv
ddsy
ddtd
ddtt
ddtz
dduh
dduy
ddvh
ddvs
ddwc
ddwy
ddxa
ddxy
ddyd
ddye
ddyi
ddyl
ddys
ddzi
ddzl
ddzp
ddzs
ddzx
deab
deae
deak
deao
deap
deau
debm
dech
dedu
deff
defn
degg
degu
dehe
deho
deib
deif
deig
deil
deir
deix
deiy
dejo
dejp
dejr
dejs
deke
deki
dekl
dekp
delb
dele
deln
delv
delz
demk
demm
demv
denz
deos
depn
dept
depw
deqg
deqj
deqm
deqr
deqs
deqy
derg
desl
desm
deso
desp
detf
detj
detk
detl
detp
detx
deuh
deui
deun
deuq
deur
deve
devh
devu
dewd
dewe
dexb
dexi
dexj
dexr
deya
deyz
deza
dfad
dfao
dfay
dfbc
dfca
dfcc
dfco
dfda
dfdd
dfdj
dfdk
dfdm
dfdn
dfdq
dfeo
dfes
dffx
dffy
dfga
dfgb
dfgi
dfgn
dfgr
dfha
dfhf
dfhj
dfiw
dfjf
dfjw
dfka
dfkj
dfkn
dfks
dfkt
dflf
dflh
dflx
dflz
dfmi
dfmq
dfnv
dfob
dfon
dfor
dfos
dfpm
dfpx
dfqk
dfqr
dfqu
dfrc
dfrn
dfry
dfsg
dfsh
dfsi
dfsq
dfto
dftq
dftw
dfud
dfvm
dfwt
dfxg
dfxl
dfxq
dfyi
dfyj
dfyn
dfyx
dfyz
dfzb
dfzh
dfzk
dfzl
dfzu
dgas
dgav
dgaw
dgay
dgbb
dgbc
dgbt
dgbx
dgcp
dgdx
dgeb
dgej
dgem
dgex
dgfj
dgfs
dgfz
dggi
dggz
dghl
dghz
dgif
dgiz
dgja
dgjl
dgju
dgjv
dgko
dgku
dglo
dgmd
dgmh
dgnk
dgnm
dgnu
dgnv
dgoe
dgop
dgor
dgpn
dgqh
dgqn
dgqv
dgqw
dgri
dgrj
dgrl
dgrq
dgse
dgsf
dgsu
dgsx
dgti
dgtm
dgtx
dgua
dgud
dgum
dguo
dguz
dgvd
dgve
dgvq
dgwd
dgwg
dgwk
dgwm
dgws
dgwz
dgxe
dgxo
dgyf
dgzl
dgzm
dhal
dhaw
dhba
dhbn
dhbs
dhbw
dhcg
dhcj
dhcu
dhdb
dhdo
dhdr
dheg
dhem
dher
dhes
dhew
dhez
dhfz
dhgb
dhgf
dhgw
dhhe
dhhw
dhhx
dhib
dhio
dhit
dhiw
dhiz
dhjf
dhjn
dhjs
dhjt
dhjv
dhkq
dhkv
dhkz
dhlg
dhli
dhll
dhlw
dhlz
dhmr
dhmt
dhnh
dhnk
dhnu
dhoj
dhol
dhoo
dhor
dhot
dhov
dhpk
dhqp
dhqr
dhqz
dhrc
dhrh
dhrn
dhrq
dhrr
dhrv
dhrz
dhsc
dhsi
dhsj
dhsr
dhsv
dhte
dhuj
dhum
dhuq
dhvb
dhvg
dhvo
dhvp
dhvv
dhvw
dhwf
dhwh
dhwm
dhwr
dhxa
dhxg
dhxj
dhxr
dhyo
dhyp
dhyu
dhyv
dhza
dhzg
dhzz
diaj
dian
diay
dibn
dibq
dibt
diby
dicl
dicp
dida
didb
didk
dief
diei
diet
dify
digt
diha
dihm
dihq
diht
dihu
dihy
diie
diip
diir
dikj
diln
dimo
dimq
dimw
dina
dion
dioo
dipq
diqw
dirw
dirz
dish
disk
diso
disq
disr
ditc
dite
dith
diti
ditj
ditp
diug
diuh
divh
divj
divo
divp
divs
diwc
diwi
diwz
dixa
dixd
dixi
dixn
dixr
diyi
diyp
diyu
diyw
dizd
dizp
djad
djao
djbi
djbj
djbu
djcf
djck
djcp
djcz
djdb
djdd
djdj
djed
djew
djex
djfs
djgd
djgm
djhf
djhn
djhv
djhw
djik
djip
djjg
djjq
djju
djjv
djka
djlh
djlj
djll
djlq
djme
djml
djnq
djnz
djoe
djoj
djor
djot
djou
djox
djoy
djpc
djpm
djpq
djqo
djqw
djrs
djrw
djry
djsg
djsk
djsu
djtj
djtn
djtt
djul
djum
djvw
djvx
djvy
djvz
djwn
djxz
djyl
djzd
djzj
djzl
djzq
dkab
dkac
dkak
dkav
dkax
dkay
dkbj
dkbk
dkbr
dkcn
dkdh
dkdy
dkeb
dkeo
dkfb
dkfe
dkff
dkfg
dkfq
dkfr
dkgl
dkgo
dkgt
dkgz
dkhm
dkhn
dkia
dkif
dkik
dkin
dkip
dkje
dkjh
dkjn
dkjo
dkjs
dkke
dkko
dkkt
dklk
dkmy
dknn
dknu
dknv
dkod
dkpe
dkpm
dkpp
dkqo
dkqw
dkqz
dkrf
dkro
dkrp
dkrx
dksc
dksq
dksu
dksv
dksy
dktj
dktr
dktx
dkue
dkvd
dkvt
dkwe
dkwh
dkwk
dkwr
dkxp
dkxt
dkya
dkyb
dkyh
dkyk
dkyn
dkyw
dkzb
dkze
dkzq
dkzx
dlab
dlan
dlau
dlbe
dlbl
dlbt
dlcd
dlcm
dlcp
dldd
dldh
dldp
dleg
dlet
dley
dlfe
dlfy
dlga
dlgc
dlgf
dlgg
dlgh
dlgp
dlgq
dlgs
dlhk
dlhl
dlhv
dliv
dlix
dljm
dlkz
dllf
dllq
dllr
dlma
dlmd
dlmk
dlmz
dlns
dlpd
dlpy
dlqj
dlqm
dlra
dlrr
dlsy
dltd
dltf
dltg
dltq
dlue
dluf
dlur
dluw
dluy
dlvi
dlvk
dlwj
dlwv
dlxj
dlxq
dlxw
dlxy
dlya
dlyf
dlyh
dlyn
dlzt
dlzv
dlzw
dman
dmaw
dmbl
dmca
dmcn
dmde
dmdf
dmdg
dmeg
dmeo
dmep
dmer
dmev
dmfb
dmfr
dmft
dmgq
dmha
dmhl
dmhn
dmhp
dmia
dmiw
dmjx
dmkh
dmla
dmlz
dmmf
dmmj
dmmn
dmms
dmny
dmog
dmos
dmou
dmoy
dmpa
dmpc
dmqm
dmqw
dmqx
dmrg
dmrt
dmsc
dmse
dmsn
dmss
dmsw
dmtg
dmtt
dmtv
dmul
dmur
dmve
dmvl
dmvr
dmvv
dmwc
dmwh
dmww
dmxl
dmxv
dmyl
dmyn
dmyu
dmyx
dmzb
dmzd
dmzp
dmzq
dmzr
dmzs
dmzu
dnae
dnar
dnau
dnax
dnbt
dnbu
dnbw
dnbx
dncb
dnco
dncq
dncv
dncw
dndt
dndx
dneg
dnem
dneq
dnfv
dnfx
dngk
dngp
dngq
dnho
dnhx
dnin
dniw
dniy
dniz
dnjg
dnjr
dnjz
dnka
dnkb
dnle
dnlh
dnlq
dnnk
dnnm
dnnp
dnnq
dnob
dnoh
dnom
dnoo
dnoq
dnor
dnql
dnqz
dnrb
dnrf
dnrk
dnro
dnrr
dnry
dnsa
dnsi
dntd
dnte
dnue
dnum
dnuy
dnvc
dnvk
dnvl
dnxd
dnxm
dnxw
dnyd
dnyj
dnyn
dnyw
dnyx
dnza
dnzn
dnzq
dnzu
doad
doae
doao
doap
doat
dobd
dobg
dobr
docc
docn
docy
dodd
dodh
dodl
dodw
doea
doef
doej
doeo
dofb
doff
dofj
dofx
dogi
dogk
dogw
dohv
dohz
doid
doig
doik
doin
doiw
dojl
dojp
dojr
dojw
doki
dokk
dokm
dokt
doli
dolt
doly
domt
donr
donv
dooj
doom
dooy
dopg
dopm
doqf
doqr
doqs
dorb
dorh
dorp
doru
dorz
dosb
dosd
dosv
dotd
doth
dotl
dotp
dots
doui
doup
douq
douv
dovb
dovf
dovs
dowa
dowy
doyn
dozf
dpac
dpah
dpbc
dpbh
dpbl
dpce
dpck
dpcq
dpcu
dpcv
dpcx
dpcy
dpdh
dpdn
dpef
dpem
dper
dpez
dpfh
dpgb
dpgn
dpha
dphi
dphr
dpib
dpin
dpjk
dpkc
dpkl
dpkr
dpkt
dpku
dplb
dple
dplf
dpli
dpln
dplo
dplz
dpmk
dpmz
dpnn
dpnq
dpnu
dpny
dpnz
dpod
dpog
dpoi
dpon
dpop
dppb
dppf
dppq
dppr
dppw
dpqo
dpqp
dprf
dprq
dprv
dpse
dpsu
dptm
dptp
dpve
dpvs
dpwg
dpwx
dpxb
dpxl
dpxt
dpyb
dpye
dpyk
dpyy
dpzf
dpzp
dpzy
dqaf
dqak
dqbm
dqbn
dqbs
dqbt
dqcc
dqcf
dqch
dqci
dqcu
dqdr
dqeg
dqeo
dqez
dqfe
dqfl
dqfq
dqfs
dqgb
dqgm
dqhd
dqhh
dqhp
dqik
dqix
dqje
dqjv
dqkg
dqkp
dqkq
dqks
dqkx
dqlo
dqls
dqlw
dqmb
dqmf
dqmj
dqmx
dqnm
dqnv
dqnx
dqny
dqnz
dqoi
dqpe
dqpg
dqpj
dqpl
dqpm
dqpp
dqpx
dqqe
dqqt
dqra
dqrc
dqrq
dqrr
dqrx
dqsd
dqsu
dqsw
dqtb
dqtp
dqud
dquf
dquj
dqun
dqus
dqux
dqvt
dqwc
dqwe
dqwf
dqwm
dqwx
dqwy
dqxe
dqxi
dqxm
dqym
dqyn
dqzb
dqzc
dqzg
dqzp
dqzu
drab
drac
drai
drbb
drbw
drbz
drca
drcb
drcf
drck
drcx
drds
drdw
dreh
drfm
drft
drfu
drfx
drgj
drhh
drhl
drho
drhx
drig
drjf
drjs
drjz
drkn
drlf
drly
drms
drnj
drnm
drow
drpf
drqi
drqo
drqu
drrn
drru
drry
drsd
drsp
drtf
drtl
drub
druc
drvl
drvq
drvv
drwk
drwq
drxj
drxv
drxz
dryh
drze
drzk
drzw
drzy
dsaa
dsad
dsak
dsax
dsbs
dsbu
dsee
dsef
dsei
dsep
dsex
dsfd
dsfx
dsge
dsgf
dsgh
dsgq
dshm
dshr
dsin
dsiv
dsjz
dskb
dskj
dskr
dsks
dslk
dsll
dsls
dsmc
dsmh
dsmk
dsmm
dsmp
dsnh
dsnz
dsoh
dsoq
dsor
dspu
dsqa
dsrc
dsrg
dssf
dssn
dssy
dstd
dsti
dstz
dsup
dsus
dsvg
dsvl
dswb
dswd
dswg
dswm
dswq
dsxf
dsxi
dsxj
dsxl
dsxr
dsya
dsyx
dtab
dtas
dtau
dtbc
dtbe
dtbm
dtbw
dtcf
dtcz
dtdb
dtea
dter
dtfh
dtfm
dtgy
dthw
dthx
dtia
dtic
dtio
dtir
dtjl
dtjs
dtkv
dtle
dtls
dtlt
dtly
dtmp
dtnu
dtoa
dtok
dtol
dtop
dtot
dtpb
dtpe
dtpv
dtqk
dtsc
dtsi
dtsl
dtso
dtss
dttm
dttr
dtux
dtvj
dtvn
dtvz
dtwa
dtwc
dtwe
dtwn
dtws
dtwv
dtxj
dtxq
dtxw
dtyc
dtyu
dtzj
dtzn
dtzs
duag
duaj
duap
duaq
dubi
dubs
dubz
duch
dudj
dudm
dudu
dueb
duec
dueh
duek
duel
duem
duen
duez
dufn
dugb
duhp
duht
duia
duiz
duja
dujy
dukc
duki
dulu
dulz
dumf
dumg
dumj
dumq
dune
duni
dunk
dunq
duoa
duof
duoi
duom
dupb
dupi
dupu
dupw
duqk
duqu
duqz
durl
durz
dusb
dusf
dusg
dusj
dusm
dutd
dute
dutk
dutp
dutr
duuj
duuk
duum
duuu
duwj
duww
duxa
duxd
duxf
duxq
duyh
duyk
duyr
duys
duyt
duzl
duzr
duzz
dvaq
dvar
dvbb
dvbd
dvbg
dvbm
dvbp
dvbt
dvbw
dvcd
dvch
dvcx
dvda
dvdb
dvdp
dveb
dvem
dver
dvev
dvex
dvff
dvfw
dvfy
dvgd
dvgf
dvgh
dvgs
dvgx
dvhb
dvhm
dvhw
dvhz
dvin
dvjc
dvjw
dvkd
dvkt
dvld
dvli
dvll
dvmk
dvne
dvnk
dvol
dvom
dvou
dvox
dvpt
dvqm
dvqs
dvrd
dvrx
dvsh
dvst
dvta
dvtb
dvte
dvvg
dvwh
dvwp
dvwx
dvxj
dvxn
dvxu
dvxy
dvyf
dvyp
dvyz
dvzd
dvzr
dwaz
dwbb
dwbe
dwbf
dwbv
dwcp
dwcu
dwcx
dwda
dwee
dwek
dwel
dwer
dwfa
dwfx
dwgn
dwhh
dwhi
dwhu
dwia
dwio
dwiv
dwjb
dwjm
dwkg
dwkm
dwkn
dwkt
dwkw
dwkz
dwlk
dwlo
dwlp
dwlr
dwmd
dwmj
dwmn
dwmu
dwmz
dwne
dwnh
dwnn
dwno
dwod
dwog
dwoh
dwok
dwom
dwpb
dwpc
dwpe
dwpl
dwpw
dwqc
dwqf
dwqh
dwql
dwqy
dwrk
dwrm
dwro
dwsf
dwsq
dwsx
dwtp
dwtu
dwue
dwuf
dwup
dwuv
dwvc
dwvi
dwvz
dwwa
dwwq
dwwx
dwxb
dwxc
dwxj
dwya
dwyn
dwzi
dwzk
dwzw
dwzy
dxah
dxal
dxap
dxaw
dxbd
dxbp
dxbr
dxbs
dxcf
dxcg
dxck
dxcm
dxcn
dxdc
dxdh
dxdp
dxdu
dxdw
dxen
dxep
dxeq
dxfd
dxfo
dxfw
dxfx
dxfz
dxgl
dxhf
dxhs
dxin
dxip
dxjb
dxjd
dxlh
dxln
dxlq
dxmk
dxmv
dxnz
dxoj
dxos
dxov
dxoz
dxpa
dxpb
dxpi
dxpv
dxqw
dxrd
dxro
dxsf
dxsh
dxth
dxtk
dxtu
dxuo
dxuy
dxvc
dxvi
dxvr
dxwr
dxwt
dxwv
dxwy
dxxe
dxxt
dxya
dxyb
dxyk
dxyq
dxzb
dxzi
dxzj
dxzr
dxzt
dyap
dyat
dybd
dybn
dybx
dyca
dych
dycn
dycq
dydk
dydl
dyen
dyer
dyfh
dyfj
dyge
dygn
dygz
dyhi
dyhm
dyhw
dyhy
dyie
dyjh
dyjk
dyjp
dyko
dyma
dymg
dymx
dymy
dyne
dynx
dyoe
dypa
dypf
dypx
dyqa
dyqd
dyqj
dyqx
dyrd
dyre
dyrt
dyrx
dyry
dytk
dytp
dyts
dyub
dyul
dyuz
dyvg
dyvh
dyvy
dywg
dywr
dywv
dyxd
dyxi
dyxn
dyxr
dyxt
dyxx
dyxz
dyyq
dyyz
dyzc
dzaf
dzbg
dzbl
dzbn
dzcf
dzcs
dzdf
dzdp
dzeh
dzei
dzfb
dzfh
dzfo
dzfr
dzge
dzgw
dzhc
dzhl
dzhm
dzhn
dzhs
dzif
dzje
dzjj
dzjm
dzjv
dzjx
dzkf
dzki
dzkj
dzkv
dzkw
dzlc
dzlh
dzlj
dzlm
dzmn
dznp
dznq
dznv
dznw
dzoe
dzpf
dzpv
dzqc
dzrl
dzrv
dzsb
dzsi
dzsq
dzta
dztb
dzth
dztk
dzto
dztu
dztw
dztx
dzun
dzuv
dzve
dzvm
dzvr
dzvt
dzwl
dzxc
dzxk
dzxp
dzyj
dzzb
dzzc
dzze
dzzg
dzzl
eaae
eabt
eaca
eacb
eaci
eack
eacq
eacr
eacv
eafb
eafc
eafl
eafm
eafo
eafy
eags
eagt
eahb
eahe
eahg
eaib
eaie
eaih
eail
eaiw
eaja
eajc
eajg
eaji
eakb
eakk
eakv
eala
eald
ealf
eals
eama
eamc
eame
eamm
eamv
eamy
eang
eanh
eaog
eaok
eaoq
eaor
eapm
eapt
eapw
eaqd
eaqp
eaqv
eaqw
eaqx
earc
earv
easo
easp
easv
eatl
eatu
eaub
eaug
eauu
eauv
eaux
eava
eavb
eavg
eavl
eavm
eawc
eawi
eawm
eawv
eayi
eayl
eaym
eaze
eazf
eazv
ebad
ebbc
ebbh
ebbl
ebbq
ebbr
ebbv
ebcc
ebce
ebcg
ebcw
ebdh
ebds
ebdu
ebdv
ebdx
ebed
ebei
ebep
ebfg
ebfp
ebfs
ebgb
ebgg
ebgo
ebgw
ebhk
ebhv
ebic
ebie
ebij
ebiv
ebjl
ebkc
ebkl
ebkr
ebld
eble
eblf
eblz
ebmx
ebno
ebnv
eboj
ebol
ebom
ebop
ebor
ebpa
ebpd
ebph
ebpo
ebpv
ebql
ebqs
ebqy
ebrj
ebsa
ebsd
ebss
ebsv
ebtd
ebte
ebtq
ebtt
ebub
ebup
ebux
ebuy
ebvb
ebvg
ebvj
ebvo
ebxe
ebxh
ebyd
ebyg
ebyr
ebyz
ebzg
ebzm
ebzv
ecaa
ecae
ecaj
ecam
ecas
ecbn
ecbq
eccc
eccg
ecch
eccu
ecdg
ecds
ecdv
ecee
ecer
eceu
ecfc
ecfd
ecfl
ecfm
ecfx
ecgk
ecgu
echk
echl
ecis
ecjb
ecjh
ecji
eclb
eclc
eclm
ecmt
ecmx
ecnt
ecnu
ecny
ecos
ecou
ecpf
ecpy
ecqc
ecqd
ecqh
ecqs
ecqx
ecri
ecrj
ecrt
ecry
ecub
ecug
ecui
ecul
ecur
ecuv
ecvr
ecwg
ecwn
ecwz
ecxb
ecxk
ecxu
ecxv
ecya
ecyb
ecyc
ecyh
ecyi
ecym
ecyz
eczg
eczk
eczt
eczy
edaj
edao
edav
edbc
edbi
edby
edcg
edch
edcl
edcv
edcw
eddg
edds
edeb
edev
edfb
edfu
edfv
edgk
edgr
edhe
edhq
edkh
edkr
edku
edle
edmi
edmn
edmq
edmu
edne
ednw
edoq
edpf
edpo
edpv
edpw
edpx
edpy
edqj
edqu
edrq
edsd
edsh
edsj
edst
edta
edtb
edtd
edtp
edtx
edud
eduh
eduo
edvw
edwc
edwk
edwn
edwv
edxq
edyz
edza
edzd
edzp
edzt
edzz
eeaa
eear
eebe
eebm
eebn
eecc
eecn
eeda
eedj
eeem
eeez
eefi
eefo
eeft
eefu
eegi
eegn
eegt
eehc
eehv
eeic
eeid
eeif
eejf
eejt
eejx
eekm
eekv
eekz
eelk
eelu
eelw
eely
eemb
eemc
eems
eemv
eene
eeoe
eeoi
eeom
eeor
eepi
eept
eequ
eeqx
eerc
eere
eerj
eerp
eert
eesf
eetc
eetv
eety
eeub
eevb
eevd
eevh
eevi
eevr
eevw
eewa
eewg
eewm
eewr
eeww
eexn
eexo
eeyl
eeyy
efai
efbm
efby
efcu
efda
efes
effn
effp
effw
efgj
efha
efhb
efhm
efhs
efie
efio
efiz
efjb
efjs
efla
eflc
eflm
efln
eflw
efly
efmn
efmp
efmw
efmy
efna
efnb
efni
efnp
efnq
efnv
efow
efpf
efpp
efpu
efqk
efqw
efqy
efri
efrq
efru
efsw
eftj
efug
efus
efuy
efve
efvu
efwe
efwu
efwy
efxl
efyc
efyj
efzf
egaa
egak
egat
egau
egbm
egbp
egcc
egcg
egch
egcp
egcx
egda
egdf
egea
egee
egey
egff
egfv
eggp
eggv
eghh
eghj
eghm
eghu
egit
egiv
egix
egjg
egji
egjp
egju
egki
egkj
egku
egle
eglo
egmz
egna
egnb
egoe
egpj
egpk
egpn
egqb
egqe
egqv
egrd
egro
egrv
egrx
egrz
egsc
egsf
egss
egtb
egth
egtl
egtt
egtv
egtx
egtz
eguc
eguf
eguk
egun
egup
egwq
egwy
egxg
egxk
egxr
egxz
egyq
egzb
egze
egzk
egzs
egzx
ehaa
ehag
ehar
ehaz
ehbu
ehcg
ehco
ehcz
ehde
ehdj
ehdt
ehdv
ehep
ehew
ehey
ehfe
ehfr
ehhc
ehhd
ehhk
ehhl
ehhr
ehib
ehij
ehim
ehiq
ehix
ehja
ehjm
ehjv
ehkl
ehkn
ehkp
ehkv
ehlh
ehll
ehlt
ehmd
ehmp
ehmt
ehmv
ehnc
ehnp
ehnq
ehnv
ehny
ehoj
ehoo
ehop
ehos
ehot
ehou
ehpp
ehpu
ehqf
ehqx
ehra
ehrd
ehrg
ehsq
ehsx
ehtc
ehtd
ehtf
ehtu
ehub
ehue
ehuj
ehut
ehvj
ehvs
ehvz
ehwb
ehwf
ehws
ehxd
ehxf
ehxg
ehxi
ehxo
ehyx
ehze
ehzo
ehzu
eiab
eiag
eiao
eiax
eiay
eicg
eicr
eidc
eidf
eido
eidu
eieg
eiei
eien
eier
eies
eifg
eifk
eift
eifv
eifw
eigm
eigs
eihs
eihw
eiib
eiid
eiil
eiim
eiin
eiir
eijr
eikd
eikf
eikp
eilh
eimh
eimk
eimo
eimv
eina
einl
einv
eiof
eioo
eiph
eipq
eipt
eiqh
eiqs
eiqw
eirj
eirs
eisa
eisg
eisj
eism
eisq
eiss
eisu
eitc
eitq
eitt
eitu
eitv
eiuh
eiwb
eiwc
eiwf
eiwh
eiwm
eiwr
eiws
eixg
eixo
eixv
eixz
ejak
ejam
ejar
ejbq
ejbw
ejcc
ejco
ejcq
ejcs
ejee
ejeh
ejei
ejey
ejga
ejgh
ejgj
ejgm
ejhh
ejhz
ejis
ejiv
ejjo
ejjq
ejjy
ejkh
ejle
ejlx
ejmb
ejml
ejmm
ejng
ejnt
ejnv
ejnw
ejnx
ejoe
ejoi
ejoj
ejok
ejol
ejom
ejpa
ejpn
ejqk
ejqq
ejqr
ejqt
ejrl
ejse
ejsh
ejts
ejud
ejum
ejup
ejvc
ejvd
ejve
ejvw
ejwb
ejwc
ejwi
ejwm
ejwq
ejwt
ejwu
ejxd
ejxg
ejxr
ejxu
ejxv
ejyb
ejyx
ejyz
ejzq
ejzv
ekac
ekah
ekar
ekba
ekbi
ekbs
ekbw
ekcf
ekcj
ekcq
ekdu
ekef
ekel
ekep
ekez
ekff
ekfi
ekfj
ekfl
ekft
ekhg
ekhi
ekhk
ekia
ekjh
ekji
ekjp
ekkm
ekkp
ekkq
ekkx
ekle
ekli
eklk
eklv
ekmd
ekmh
eknm
eknp
ekod
ekoe
ekol
ekpb
ekpe
ekpk
ekpt
ekpv
ekqk
ekrd
ekri
ekrv
eksf
ekst
ektl
ektw
ekty
ekua
ekvn
ekvw
ekwo
ekwp
ekww
ekxv
ekyc
ekzh
ekzi
ekzw
ekzy
elat
elau
elbh
elbq
elbr
elbs
elch
elcu
eldb
eldh
eldn
eldo
eldq
eldw
eleb
eleh
eleq
elev
elff
elga
elgb
elgh
elhg
elho
elia
elid
elil
elis
eliu
elje
eljg
eljo
ellb
ellf
ellj
ello
elma
elmk
elmz
elnn
elnr
elns
elnu
elnx
eloc
eloe
elou
eloy
elqa
elqj
elqr
elqw
elrr
elrw
elsd
elth
elti
eltj
elua
eluf
elur
elvp
elwa
elwu
elxe
elxg
elxp
elxt
elxv
elyk
elyq
elys
elza
elzi
elzm
elzr
elzt
emac
emae
emaz
embh
embl
embr
embz
emcq
emcu
emdp
emem
emes
emez
emfa
emfd
emfg
emfl
emfo
emgy
emha
emhy
emid
emiy
emjh
emji
emjr
emju
emkh
emkj
emky
emli
emlw
emlx
emnf
emnj
emnk
emnl
emnu
emoc
emoo
empe
emqd
emqr
emqy
emrf
emrp
emru
emsf
emsz
emtc
emtj
emtk
emtm
emul
emuz
emvi
emvm
emvp
emwa
emwh
emwj
emws
emwx
emxg
emxu
emyb
emyd
emye
emyq
emzf
emzk
enaa
enab
enac
enas
enav
enbd
enbq
enbz
enct
enda
endp
eneh
enev
enex
enfd
enfk
enfn
enfq
enfr
enft
engv
enhj
enhk
enhl
enih
enjf
enjp
enjw
enki
enkp
enkz
enla
enlb
enlf
enln
enlt
enly
enlz
enmb
enmq
enmt
ennb
ennz
enoj
enok
enpm
enpr
enqc
enqi
enrl
ensf
ensn
enso
entg
entq
enum
enuo
enuq
enut
envd
envu
envw
enwi
enwr
enxf
enxg
enxn
enyg
enyo
enzh
enzm
enzq
enzr
enzs
enzt
eoal
eoaq
eobm
eoby
eocu
eodc
eodd
eodt
eoez
eofg
eofw
eofy
eohd
eohf
eohg
eohi
eohk
eohr
eoii
eoip
eoiv
eojj
eojk
eojs
eojz
eoko
eokp
eolf
eoll
eolr
eomr
eooc
eoor
eoox
eopl
eopv
eopw
eoqi
eoqp
eoqw
eorh
eorl
eosm
eote
eott
eotw
eoud
eove
eovk
eovt
eovu
eown
eoxe
eoxp
eoxx
eoyg
eozc
eozn
eozs
eozv
epae
epam
epaq
epau
epbd
epbj
epbn
epbq
epbr
epcd
epce
epcg
epci
epcw
epcx
epdv
epdw
epej
epel
epfb
epfg
epfk
epfm
epfr
epfw
epgg
epgu
epha
ephe
ephm
ephs
ephx
epih
epij
epjr
epjz
epkf
epkn
epkt
epku
epkx
eplg
eplp
epls
epmb
epmc
epme
epml
epno
epob
epoh
epov
eppi
eppp
eppr
epqe
epqh
eprh
eprx
epsb
epse
epsx
eptb
epuf
epus
epuu
epuv
epvt
epwa
epwf
epwh
epwi
epwk
epwp
epyo
epyt
epyz
epzi
epzm
epzr
epzv
epzy
eqak
eqav
eqbl
eqbt
eqbv
eqcd
eqch
eqci
eqcl
eqdp
eqea
eqef
eqeh
eqet
eqeu
eqfg
eqfz
eqgy
eqhd
eqhj
eqhl
eqhq
eqia
eqiv
eqiw
eqjb
eqjd
eqjm
eqjn
eqjo
eqjt
eqkb
eqke
eqkk
eqkl
eqkm
eqkr
eqkw
eqla
eqlm
eqlq
eqlw
eqme
eqmg
eqmw
eqmy
eqnb
eqnn
eqnt
eqon
eqoo
eqos
eqpx
eqqb
eqqe
eqqh
eqqi
eqqj
eqqr
eqrf
eqrl
eqrm
eqrs
eqrt
eqrz
eqsj
eqsk
eqsm
eqtb
eqtf
eqtp
equg
equi
eqwi
eqwj
eqwp
eqwt
eqwu
eqxd
eqxn
eqxu
eqxx
eqyy
eqzu
eqzz
erag
eraj
erbh
erbj
erbm
ercl
ercp
ercu
erdf
erdh
erdi
erdv
erfd
erff
erfr
erfy
ergb
ergh
ergj
erhs
erhy
erie
erio
erir
erje
erkl
erla
erle
erlz
ermd
ermf
ermi
erms
eroe
erop
erov
erox
eroz
erpb
erpn
erpo
erqa
erqf
erqk
erql
errm
ersg
ersp
ersx
ertc
ertq
erue
ervo
ervq
ervs
ervu
erxe
erxi
erxl
erxs
erxx
eryp
eryq
eryt
erzd
erzh
erzr
esbk
esbr
esbv
esbz
esce
escu
escv
escz
esdf
esel
esfa
esff
esfh
esfq
esgb
esgd
esge
esgo
esgs
esgu
esgz
esha
eshk
esid
esih
esij
esim
esji
eskg
eskv
esla
eslc
eslm
eslv
esma
esmi
esmj
esmx
esnh
esnq
esnv
esok
eson
esoo
espz
esqn
esqq
esqx
esra
esre
esrk
esrm
esrn
essc
essk
esta
estb
estg
esth
estw
esuu
esvo
esvp
esvz
eswh
eswj
eswv
esww
esxc
esxd
esxl
esxp
esyq
esyt
esza
esze
eszu
etag
etat
etba
etcg
etci
etdf
etdi
etdy
eted
eteo
etew
etey
etfg
etfl
etgd
etgf
etgi
etgu
etgy
ethl
etho
etir
etiw
etiy
etja
etkc
etlb
etlc
etld
etme
etmg
etmq
etmu
etmx
etnb
etnf
etng
etnm
etnz
etoe
eton
etop
etpa
etpi
etpo
etpw
etpx
etqi
etrb
etrv
etsd
etsh
etso
etta
etth
ettj
etuc
etue
etuw
etvj
etvn
etwc
etwz
etxn
etye
etyr
etyu
etzc
etzn
etzs
euam
euar
eubj
eubr
euck
eucn
eucr
eucs
eucw
eude
eufv
eugk
eugl
eugp
eugu
euhg
euie
euif
euim
eujy
euki
eukk
eukn
eukq
eukr
eulx
euly
eulz
euma
eumh
eumm
eumn
eumz
eunf
eunr
eunt
eunw
euny
euop
eupa
eupj
eupk
eupr
eups
euqa
euqd
euqi
euqz
eura
eurd
eurg
eurk
eurq
eurw
eusv
eutd
eutg
euth
eutr
euuf
euuk
euvd
euvh
euvp
euwd
euwo
euwq
euwv
euxs
euxx
euyk
euyl
euyq
euyu
euzd
euzt
euzu
evae
evas
evat
evbf
evbh
evbz
evca
evcz
evdd
evdi
evek
evfd
evfi
evfq
evfs
evge
evgr
evhb
evhj
evhq
evhr
evil
evjd
evje
evjl
evjs
evkh
evlb
evlh
evli
evlo
evmi
evmu
evnh
evnq
evoh
evol
evot
evow
evpk
evpx
evqt
evqu
evrj
evrt
evru
evsc
evsh
evsw
evtd
evtm
evtp
evtw
evuc
evuf
evva
evvh
evvv
evvx
evwg
evwl
evwx
evwz
evxc
evze
evzn
evzp
evzu
ewam
ewbb
ewbe
ewbi
ewbn
ewci
ewcp
ewdi
ewdl
ewee
ewei
eweu
ewfk
ewgh
ewgk
ewgl
ewhk
ewhl
ewhx
ewhy
ewio
ewir
ewiv
ewja
ewjc
ewjr
ewjx
ewjy
ewkc
ewkm
ewla
ewlq
ewmh
ewmm
ewmr
ewnc
ewop
ewpi
ewsr
ewta
ewtk
ewtm
ewtw
ewur
ewuv
ewvf
ewvg
ewvl
ewws
ewwt
ewwx
ewxa
ewxd
ewxf
ewxm
ewxn
ewyj
ewyk
ewyl
ewyq
ewzh
ewzs
ewzx
exaj
exbz
excf
excg
exct
exdb
exdp
exdt
exem
exfe
exfi
exfv
exga
exgd
exge
exha
exhj
exho
exhp
exhz
exib
exic
exid
exik
exip
exjh
exjq
exkj
exkk
exkl
exko
exlh
exlp
exls
exml
exmm
exmp
exmw
exnv
exol
exon
exos
expa
expd
expe
expf
expq
exqk
exqr
exqz
exrl
exsn
exsy
extn
exuo
exvd
exvh
exwf
exwi
exxa
exxh
exxr
exxy
exyo
exzd
exzf
exzj
exzp
eyad
eyai
eyak
eyar
eyay
eyba
eybh
eybv
eyck
eyct
eydf
eydi
eydj
eydn
eydt
eydv
eyec
eyew
eyfb
eyfh
eyfo
eyfr
eyfs
eyfw
eygg
eygu
eyhl
eyhn
eyhw
eyhx
eyid
eyij
eyjd
eyji
eyjj
eyjm
eyjq
eykd
eykm
eyko
eyna
eynh
eyno
eynr
eyoj
eypv
eypz
eyqa
eyqc
eyqh
eyqq
eyqx
eyri
eyru
eyrz
eysm
eysq
eyss
eysz
eytw
eyum
eyuq
eyuz
eyvn
eyvq
eyvz
eywn
eyxj
eyxl
eyxo
eyxx
eyxz
ezar
ezbb
ezbz
ezcg
ezck
ezcs
ezcw
ezde
ezdl
ezdm
ezdv
ezdz
ezev
ezew
ezfb
ezfn
ezfp
ezfq
ezhc
ezhg
ezhp
ezhu
ezhw
ezia
ezih
ezit
ezjn
ezjx
ezkg
ezkr
ezku
ezlj
ezlm
ezlq
ezmk
ezmu
eznb
ezne
eznr
ezns
eznw
ezop
ezpd
ezpi
ezps
ezpw
ezpz
ezqd
ezqi
ezqu
ezqz
ezra
ezrc
ezrt
ezru
ezrw
ezrx
ezsb
ezsq
ezsv
eztb
ezts
ezua
ezug
ezuj
ezul
ezup
ezuv
ezve
ezvl
ezvm
ezvv
ezwc
ezxr
ezyq
ezyx
ezyz
ezzj
faaa
faab
faae
faal
faar
fabn
facg
faco
facp
facu
fads
faeg
faeq
faet
faev
fafq
fafz
fagu
fahb
fahg
fahn
faid
faig
faiz
fajc
fajm
faju
fajx
fakb
faki
fakn
fakq
fakv
fakx
faky
falh
falm
falo
famh
faml
famm
fanb
fano
fanv
faoj
faop
faot
faoy
faoz
fapa
fape
fapf
fapt
fapu
fapx
fapz
faqr
faqu
faqz
fard
fasd
fask
fati
fatr
fatt
fauh
faul
faup
faux
fauz
favc
favm
favq
favr
favu
fawz
faxa
faxm
fayb
fayf
fayq
fazi
fazl
fazy
fbal
fbbd
fbbk
fbcv
fbcw
fbdk
fbdn
fbdq
fbef
fbev
fbey
fbfa
fbfp
fbgh
fbgq
fbgx
fbhf
fbht
fbhw
fbia
fbie
fbik
fbjf
fbji
fbkb
fbkr
fbkt
fblg
fbli
fblj
fbls
fblv
fbly
fbml
fbnb
fbnc
fbni
fbnw
fbor
fbpm
fbpw
fbqk
fbqs
fbre
fbrk
fbrv
fbsc
fbsd
fbsi
fbsp
fbsv
fbtq
fbud
fbuk
fbuy
fbva
fbvh
fbvj
fbwh
fbwt
fbwy
fbxd
fbxi
fbyy
fbza
fbzh
fbzk
fbzm
fbzo
fcac
fcau
fcbc
fcbh
fcbt
fcbx
fccy
fcdb
fcdg
fcdr
fceo
fceq
fceu
fcfa
fcfm
fcft
fcfv
fcfz
fcgf
fcgl
fcgm
fchr
fchz
fcim
fciq
fcis
fciu
fckb
fcke
fckf
fckg
fckj
fckq
fcks
fcml
fcmq
fcmx
fcmz
fcng
fcnl
fcoh
fcox
fcoy
fcoz
fcpc
fcpk
fcpm
fcpo
fcqs
fcqv
fcrs
fcrv
fcrz
fcsd
fcss
fcsx
fcun
fcuu
fcvb
fcve
fcvf
fcvg
fcvp
fcvv
fcwd
fcwk
fcwl
fcwx
fcwy
fcxb
fcxg
fcxh
fcyc
fcyl
fcyp
fcyy
fczr
fczs
fdbv
fdby
fdck
fdcl
fdcz
fddo
fddu
fdej
fdeo
fdez
fdfd
fdfe
fdfo
fdfr
fdfy
fdga
fdgg
fdgs
fdhe
fdhh
fdhv
fdig
fdiy
fdjb
fdjc
fdjd
fdjk
fdjy
fdkc
fdkk
fdks
fdlg
fdml
fdno
fdns
fdnv
fdnw
fdof
fdoi
fdon
fdpj
fdpm
fdpr
fdqp
fdqr
fdrl
fdrs
fdsd
fdse
fdsi
fdsx
fdtx
fduc
fdup
fduq
fdur
fdvb
fdvj
fdwi
fdwr
fdwz
fdxj
fdxl
fdxo
fdyp
fdzb
fdze
fdzs
feae
fear
febp
febv
feby
feca
fecf
fecj
fect
fecy
feda
fedd
fedw
feek
feeo
feff
fefu
fegj
fehe
fehu
feip
feit
fejb
fejg
fejl
feju
feka
fekc
fekl
feld
femi
feml
femt
femu
femx
feng
fenl
fenv
feoj
fepp
fepz
feqj
feqn
feqq
feqx
ferd
fere
ferf
fesg
fetp
feue
feuq
feur
feut
feuy
feuz
feva
fevb
fevo
fevs
fevv
fewl
fewy
fexm
fexo
fexu
feyr
feyt
fezr
fezv
ffaf
ffar
ffbs
ffbv
ffbx
ffbz
ffci
ffcu
ffdo
ffes
ffeu
ffew
ffez
fffy
ffgi
ffgq
ffhb
ffhs
ffht
ffio
ffjb
ffjo
ffkc
ffkp
fflf
ffmb
ffmc
ffmk
ffna
ffod
ffoe
ffof
ffoq
ffox
ffpf
ffpq
ffqk
ffqy
ffsf
ffsl
ffsy
ffuh
ffuo
ffur
ffve
ffvg
ffvh
ffvv
ffwa
ffwi
ffwl
ffxg
ffxj
ffxo
ffyj
ffyk
ffzl
ffzq
ffzr
ffzt
ffzx
fgaj
fgaw
fgax
fgaz
fgbl
fgbs
fgby
fgca
fgcd
fgce
fgcf
fgcp
fgcz
fgdd
fgdl
fgdn
fgdo
fgdu
fgeg
fgem
fgeq
fgfi
fggf
fggr
fghf
fghv
fgim
fgip
fgis
fgiy
fgjd
fgjx
fgkk
fgkp
fgkt
fgla
fglb
fgle
fglo
fglw
fgmt
fgnd
fgnt
fgnx
fgoc
fgol
fgom
fgoq
fgoy
fgpb
fgpf
fgqp
fgrb
fgro
fgrr
fgrs
fgrw
fgry
fgsl
fgsn
fgsq
fgsu
fgta
fgtl
fgtz
fgug
fgvi
fgvl
fgvp
fgvs
fgvt
fgvw
fgvx
fgwj
fgwz
fgxb
fgxv
fgyu
fgyz
fgzc
fgzg
fgzo
fgzt
fgzx
fhaa
fhax
fhbc
fhbi
fhbu
fhbz
fhdc
fhde
fhdg
fhdh
fhdj
fhdp
fhea
fhef
fhej
fhez
fhfd
fhfh
fhfq
fhfw
fhgr
fhgw
fhhh
fhid
fhif
fhin
fhiw
fhjm
fhjw
fhko
fhkt
fhlf
fhlx
fhmc
fhms
fhmz
fhnr
fhoj
fhop
fhor
fhos
fhov
fhpa
fhpg
fhpj
fhpv
fhqe
fhqf
fhql
fhrc
fhre
fhro
fhrq
fhsd
fhsh
fhsp
fhtf
fhth
fhti
fhtk
fhtl
fhto
fhtu
fhub
fhui
fhuu
fhuy
fhwl
fhwo
fhxa
fhxi
fhxj
fhxw
fhya
fhyk
fhyl
fhys
fhzi
fhzo
fiag
fibl
fibm
fibq
fibz
fico
ficr
ficx
ficy
fifc
fifm
fifn
fifp
fifq
fifu
figb
figd
fihq
fiid
fiil
fiit
fiiv
fiiy
fijj
fijk
fijq
fikn
fikr
filh
filv
fimh
fiml
fimt
fimw
fimz
fink
fino
fins
fiol
fiov
fipw
fiqp
firs
firx
firz
fisc
fisv
fiud
fium
fiuz
fiwi
fiwj
fiwv
fiwz
fixg
fixj
fixs
fiya
fiyc
fiyk
fiyl
fiyr
fiyv
fiyy
fizc
fizd
fizg
fizz
fjap
fjat
fjbd
fjbh
fjbq
fjcg
fjcj
fjcs
fjdi
fjdm
fjdz
fjea
fjev
fjew
fjfj
fjfm
fjfn
fjfq
fjgc
fjgd
fjgu
fjhv
fjhw
fjig
fjik
fjil
fjjb
fjje
fjjo
fjjr
fjjt
fjkg
fjkm
fjky
fjlb
fjle
fjlf
fjlh
fjli
fjln
fjlp
fjlq
fjma
fjmb
fjmm
fjmr
fjmv
fjny
fjof
fjpc
fjpe
fjpz
fjqp
fjrg
fjrl
fjrp
fjsc
fjtb
fjth
fjtm
fjud
fjuf
fjuk
fjve
fjvf
fjvi
fjwj
fjww
fjxq
fjyk
fjza
fjzf
fjzs
fkah
fkak
fkan
fkau
fkbb
fkbd
fkbk
fkcf
fkcv
fkdl
fkdm
fkdp
fkdy
fkec
fkeg
fkep
fkeq
fkfr
fkfv
fkfw
fkgo
fkhf
fkhk
fkhq
fkhr
fkij
fkin
fkjc
fkjf
fkjt
fkju
fkki
fkkn
fklb
fkli
fkms
fkmu
fknp
fkoh
fkos
fkpc
fkpm
fkpp
fkqa
fkqd
fkqn
fkqp
fkqq
fkqs
fkrc
fkrf
fkrg
fkrw
fkrx
fksk
fktb
fktc
fkui
fkus
fkut
fkuu
fkve
fkvg
fkvn
fkww
fkyd
fkye
fkym
fkyq
fkzg
fkzo
fkzp
fkzq
fkzs
flaa
flac
flaq
flbb
flbh
flbp
flbq
flca
flco
flcq
flda
flde
fldj
fldn
fldp
fleb
flel
fles
flew
flff
flfm
flga
flgh
flgv
flgy
flid
flij
fljg
fljh
fljo
fljt
fljy
flll
fllp
fllq
flmd
flmg
flmv
flnl
flnm
flnx
floc
flqa
flqi
flqq
flqy
flrd
flrv
flrw
flsd
flsf
fltb
fltg
fltk
flub
flui
flul
flvm
flvr
flwi
flwv
flxc
flxl
flyu
flyx
flzc
flzj
flzt
fmad
fmam
fmao
fmaq
fmau
fmaw
fmbb
fmbf
fmbn
fmcj
fmcy
fmda
fmdh
fmdn
fmdy
fmes
fmfh
fmft
fmgd
fmge
fmgf
fmgi
fmgs
fmgt
fmgv
fmhg
fmhl
fmhs
fmht
fmid
fmie
fmii
fmio
fmis
fmix
fmiz
fmjq
fmjy
fmkd
fmki
fmlk
fmmj
fmmn
fmmw
fmna
fmnq
fmoa
fmoc
fmoi
fmom
fmop
fmos
fmph
fmqo
fmqv
fmrh
fmri
fmrq
fmrx
fmry
fmsb
fmsg
fmsj
fmte
fmti
fmtp
fmtv
fmuv
fmva
fmvp
fmvu
fmvw
fmvz
fmwc
fmwo
fmxb
fmxe
fmxh
fmxw
fmxy
fmyf
fmyh
fmyq
fmza
fmzq
fmzy
fmzz
fnah
fnak
fnas
fnbf
fnbj
fncb
fndk
fndu
fnec
fnem
fnex
fnfa
fnfk
fnfs
fngi
fngj
fngm
fngu
fngx
fnhi
fnhn
fnhx
fnib
fnim
fnip
fnjf
fnjk
fnjo
fnjp
fnjt
fnki
fnko
fnle
fnlj
fnls
fnmd
fnmn
fnmq
fnnq
fnob
fnoc
fnoh
fnoo
fnov
fnpt
fnpv
fnqf
fnqh
fnrd
fnrg
fnrp
fnrz
fntm
fntz
fnud
fnue
fnup
fnuw
fnuz
fnvf
fnvh
fnvj
fnvo
fnvq
fnvy
fnwt
fnwx
fnwy
fnwz
fnxa
fnxo
fnxq
fnxs
fnxy
fnxz
fnyy
fnyz
fnzc
fnzn
fnzq
foaf
foal
foam
foap
foav
foaw
fobj
fobs
foci
fodi
fodn
fods
fodt
fodv
fodw
foee
foer
foez
fofa
foff
fofr
fofu
fogm
fohc
fohq
fohw
fohx
foid
foif
foin
foir
foja
fojz
foka
foko
foln
folt
folu
foly
fomb
fomc
fomj
fomt
fomw
fonk
fons
foog
foox
fopp
fopq
foqa
foqe
foqg
foqh
foqy
forb
forj
form
forq
fosd
fose
fosk
fosq
fost
fota
fotb
fotg
foti
fott
foui
fouq
fouz
fova
fovb
fovf
fovn
fovp
fovq
fovt
fovz
fowh
fowv
foxb
foxp
foxu
foxx
foyb
foye
foyi
foyn
foyq
foyw
foza
fozs
fozy
fpag
fpba
fpbg
fpbj
fpbm
fpbq
fpbx
fpdh
fpdn
fpdq
fpdw
fpdz
fpea
fpec
fpfi
fphd
fphl
fpim
fpiq
fpjf
fpjs
fpkb
fpkc
fpla
fplo
fpna
fpnb
fpnq
fpnt
fpnu
fpor
fpou
fpov
fppa
fppw
fpqk
fpqq
fpqv
fpsj
fptf
fptv
fptw
fpui
fpuj
fpuk
fpul
fpvl
fpvy
fpxa
fpxb
fpxl
fpxo
fpxr
fpxs
fpxy
fpyd
fpzf
fpzh
fpzx
fqaf
fqal
fqaw
fqbc
fqbt
fqcf
fqck
fqcz
fqdk
fqdz
fqeq
fqet
fqfc
fqff
fqfm
fqfn
fqfp
fqfq
fqgk
fqgo
fqgz
fqhx
fqiw
fqix
fqjb
fqje
fqjf
fqkm
fqlb
fqln
fqlw
fqly
fqms
fqmz
fqnm
fqnn
fqnw
fqoi
fqoj
fqop
fqpa
fqpc
fqpd
fqpe
fqpf
fqqn
fqqo
fqqt
fqqu
fqqw
fqre
fqrg
fqrl
fqrn
fqsd
fqsn
fqso
fqsv
fqtu
fqug
fquw
fqvg
fqvk
fqvq
fqwr
fqxd
fqxe
fqxl
fqxm
fqxu
fqyi
fqyj
fqyt
fqzg
fqzl
fqzp
fqzs
fral
fran
frbg
frbm
frbz
frdi
frdu
frep
fret
frfk
frfv
frgc
frge
frgf
frgh
frgi
frgk
frgs
frhh
frhk
frig
frii
frik
fril
fris
frjt
frkc
frke
frko
frlf
frlo
frmi
frnp
frnz
frog
froj
froo
frpa
frpe
frpr
frqm
frqu
frra
frsi
frsm
frst
frta
frtb
frtl
frtt
fruw
frvb
frvt
frvy
frvz
frwn
frxb
frxh
