1982
3342
3384
3837
4231
6547
7045
7730
8423
8840
9171
9554
9919
9938
10226
10409
10563
10831
11753
11810
12098
13326
13587
16109
16442
17674
19018
20595
21413
21781
22579
22835
25812
26698
26866
27031
27177
27385
28277
31476
31480
31769
32154
32446
32725
32895
33479
33722
35328
35544
36674
36878
36942
38143
39047
39489
39805
39827
40247
41071
41360
41972
42252
42542
43251
43979
44572
47104
47378
51656
52505
52743
53947
54031
54222
54885
55541
56008
56595
57125
59026
62318
64578
64949
65817
68892
69053
69488
70048
72437
72492
72662
72765
73226
74604
76054
78200
79598
80516
80823
81742
82478
83947
84306
85378
85495
86665
87514
87699
90006
90739
