117
158
189
435
473
568
717
742
762
898
995
1010
1078
1082
1109
1124
1149
1210
1262
1367
1370
1440
1600
1692
1777
1793
1904
1997
2040
2118
2199
2272
2292
2305
2554
2569
2590
2648
2681
2719
2778
2802
2917
2972
2973
3013
3053
3091
3414
3462
3529
3567
3706
3794
3797
3916
3920
4403
4418
4452
4555
4570
4620
4636
4653
4661
4667
4886
4964
5025
5035
5046
5054
5189
5195
5217
5309
5311
5328
5330
5337
5372
5470
5471
5527
5571
5734
5739
5790
5826
5933
5969
5973
5993
6257
6258
6307
6398
6506
6518
6600
6606
6648
6939
7114
7247
7311
7318
7408
7489
7498
7524
7571
7574
7584
7664
7744
7754
7848
7959
7982
8070
8093
8160
8196
8271
8273
8276
8304
8326
8408
8799
8890
8945
9030
9080
9209
9327
9563
9702
9743
9769
9851
9873
