a
aah
abacisci
abacist
abacli
abacus
abature
abave
abaxile
abayah
abb
abbacies
abbacy
abbas
abbasid
abbate
abbatical
abbe
abbess
abbest
abbey
abbeystead
abboccato
abbot
abbotnullius
abbots
abbotships
abbr
abbreviatable
abbreviately
abbreviating
abbreviations
abbreviators
abbreviature
abby
abcess
abcoulomb
abdal
abdaria
abdest
abdicant
abdicated
abdicating
abdications
abdicator
abditory
abdomen
abdomina
abdominales
abdominalian
abdominals
abdominocardiac
abdominocystic
abdominohysterectomy
abdominoposterior
abdominoscopy
abdominous
abdominovesical
abduced
abducent
abduces
abduct
abducting
abductions
abductores
abducts
abear
abecedaire
abecedarian
abecedaries
abecedarius
abed
abedge
abeigh
abele
abelian
abelmosk
abeltree
abends
abepithymia
aberdeen
aberduvine
aberr
aberrancies
aberrant
aberrants
aberrated
aberration
aberrations
aberrator
aberroscope
aberuncator
abessive
abetment
abets
abettals
abetter
abetting
abettors
abey
abeyances
abeyancy
abfarad
abhenries
abhenrys
abhiseka
abhor
abhorrence
abhorrency
abhorrer
abhorrible
abhors
abichite
abidance
abidden
abided
abiders
abidi
abidingly
abiegh
abient
abietene
abietin
abietinic
abigail
abigailship
abigei
abilao
abiliment
abilities
abilla
abime
abiogeneses
abiogenesist
abiogenetical
abiogenist
abiogeny
abiologically
abioses
abiotic
abiotically
abiotrophy
abirritant
abirritated
abirritation
abiston
abiuret
abjectedness
abjections
abjectly
abjoint
abjudged
abjudicate
abjudicating
abjudicator
abjunct
abjunctive
abjurations
abjure
abjurement
abjurers
abjuring
abkari
abl
ablactate
ablactating
ablaqueate
ablastemic
ablastous
ablated
ablating
ablations
ablatival
ablatively
ablator
ablauts
able
ablegate
ablegation
ableness
ablepharon
ablepsia
ableptical
abler
ablesse
ablet
ablings
ablock
ablow
abluent
ablush
abluted
ablutionary
abluvion
abmho
abmodalities
abn
abnegated
abnegating
abnegations
abnegator
abner
abnet
abnormal
abnormalcy
abnormalised
abnormalist
abnormality
abohm
aboideau
aboil
aboiteaus
abolete
abolishable
abolisher
abolishes
abolishment
abolition
abolitionise
abolitionising
abolitionists
abolitionized
abolla
aboma
abomasa
abomasi
abomasus
abominability
abominableness
abominate
abominates
abomination
abominator
abomine
abonne
aboon
aboral
aboriginality
aboriginals
aborter
aborticide
abortifacient
aborting
abortional
abronia
abrosia
abrotanum
abrotine
abruptedly
abruptest
abruption
abruptly
absampere
abscessed
abscessing
abscessroot
abscise
abscises
abscisins
absciss
abscissae
abscisse
abscission
absconce
absconded
abscondence
absconders
absconds
abscoulomb
absee
abseiled
abseils
absences
absentation
absentee
absentees
absenter
absentia
absently
absentminded
absentmindedness
absents
absfarad
absinth
absinthes
absinthian
absinthiated
absinthic
absinthine
absist
absohm
absolent
absolutes
absolution
absolutism
absolutista
absolutistically
absolutive
absolutize
absolvable
absolve
absolvent
absolvers
absolving
absolvitory
absonous
absorbability
absorbance
absorbant
absorbedly
absorbefacient
absorbency
absorbents
absorbers
absorbingly
absorbs
absorpt
absorptiometer
absorption
absorptions
absorptively
absorptivity
absquatulation
abstained
abstainers
abstainment
abstemious
abstemiousness
abstentionism
abstentions
absterge
abstergent
absterging
abstersion
abstertion
abstinency
abstinential
abstort
abstract
abstracted
abstractedness
abstracters
abstracting
abstractional
abstractionist
abstractions
abstractive
abstractiveness
abstractness
abstractors
abstrahent
abstricted
abstriction
abstrude
abstrusely
abstrusenesses
abstrusest
abstrusities
absume
absurd
absurdest
absurdist
absurdity
absurdness
absurdum
abt
abthain
abthainry
abtruse
abubble
abuilding
abulia
abulic
abulyeit
abumbrellar
abundance
abundancy
abundantly
abura
aburagiri
aburst
abusable
abuse
abusedly
abuseful
abusefulness
abusers
abush
abusion
abusive
abusiveness
abutilon
abutment
abuts
abuttals
abutter
abutting
abv
abvolts
abwatt
aby
abyes
abys
abysmal
abysms
abyssa
abysses
abyssinian
abyssobenthonic
abyssopelagic
ac
acacatechol
acacia
acaciin
acacine
academe
academia
academian
academic
academically
academician
academicianship
academics
academies
academised
academism
academite
academize
academizing
acadia
acadian
acajou
acalculia
acaleph
acalephae
acalephe
acalephoid
acalycal
acalycinous
acalyptrate
acana
acanonical
acantha
acanthad
acanthial
acanthine
acanthite
acanthocephalan
acanthocladous
acanthodian
acanthological
acantholysis
acanthomas
acanthophorous
acanthopodous
acanthopore
acanthopterous
acanthoses
acanthotic
acanthus
acanthuthi
acapnial
acappella
acapu
acara
acardia
acardite
acarian
acariatre
acaricide
acaridae
acaridans
acaridomatia
acarids
acarine
acarinosis
acarocecidium
acaroid
acarologist
acarophilous
acarotoxic
acarpelous
acarus
acatalectic
acatalepsy
acatallactic
acataphasia
acatastasia
acate
acater
acates
acatharsy
acaudal
acaudelescent
acaulescent
acaulose
acc
accable
accadian
accede
accedence
acceders
acceding
accelerable
accelerant
accelerated
accelerates
acceleratingly
accelerations
accelerator
accelerators
accelerograph
accelerometers
accendibility
accensed
accensor
accented
accentless
accentors
accentuable
accentuality
accentuate
accentuates
accentuation
accentus
acceptability
acceptableness
acceptance
acceptancies
acceptant
acceptavit
acceptedly
acceptees
accepters
acceptilated
acceptilation
acceptingly
acception
acceptor
acceptress
accerse
accersitor
accessability
accessaries
accessariness
accessaryship
accesses
accessible
accessibly
accession
accessioned
accessioning
accessit
accessively
accessor
accessories
accessorily
accessorius
accessorize
accessorizing
accessory
acciaccaturas
accidence
accidency
accidental
accidentalist
accidentally
accidentals
accidentary
accidential
accidently
accidia
accidies
accinged
accipenser
accipiter
accipitrary
accipter
accismus
acclaim
acclaimed
acclamator
acclimatable
acclimatizer
acclimatizing
acclinal
acclivities
accommodative
accommodativeness
accommodators
accoucheuse
accounsel
accountability
accountableness
accountancy
accountants
accounted
accounters
accountment
accounts
accouplement
accourt
accoutered
accouterment
accouters
accoutred
accoutrements
accoutring
accoyed
accra
accredit
accreditate
accreditations
accreditee
accreditment
accrementitial
accresce
accrescendi
accrescent
accrete
accretes
accretion
accretions
accriminate
accroached
accroachment
accruable
accruals
accrued
accruer
accruing
accts
accubita
accubitus
accultural
acculturated
acculturating
acculturational
acculturative
acculturized
accum
accumbency
accumber
accumulate
accumulates
accumulation
accumulativ
accumulatively
accumulator
accupy
accuracies
accurate
accurateness
accurse
accursedly
accursing
accurtation
accusable
accusal
accusant
accusation
accusatival
accusatively
accusatives
accusatorial
accusatory
accusatrixes
accused
accusers
accusing
accusive
accustom
accustomed
accustomedness
accustomize
accustomizing
ace
aceanthrene
acecaffin
aceconitic
acedia
acediamine
acediast
aceite
aceldama
acellular
acenaphthene
acenaphthylene
acensuada
acentric
aceologic
acephal
acephalan
acephalia
acephalism
acephalocyst
acephalus
acequia
acequias
acerate
acerathere
acerb
acerbated
acerbating
acerbest
acerbically
acerbitude
acerbityacerose
acerbophobia
aceric
acerli
acerolas
acerous
acertannin
acervate
acervatim
acervative
acervuli
acervulus
acescence
acescent
aceship
acesodynous
aceta
acetabula
acetabularia
acetabuliform
acetabulum
acetacetic
acetaldehydase
acetaldehydrase
acetalization
acetals
acetamide
acetamidine
acetamids
acetaminophen
acetanilide
acetaniside
acetanisidine
acetarious
acetarsone
acetate
acetates
acetazolamide
acetenyl
acetiam
acetification
acetifier
acetify
acetimeter
acetimetry
acetine
acetite
acetla
acetnaphthalide
acetoacetate
acetoamidophenol
acetobacter
acetobromanilide
acetocinnamene
acetol
acetolytic
acetometric
acetometrically
acetomorphin
acetonaemia
acetonaphthone
acetonation
acetonemia
acetones
acetonitrile
acetonize
acetonurometer
acetonylacetone
acetophenetide
acetophenetidine
acetophenine
acetopiperone
acetopyrine
acetose
acetosoluble
acetothienone
acetotoluide
acetous
acetoxim
acetoxyl
acetoxyphthalide
acetphenetidin
acettoluide
aceturic
acetylacetonates
acetylamine
acetylaniline
acetylate
acetylating
acetylative
acetylbenzene
acetylbenzoic
acetylcarbazole
acetylcholine
acetylcholinic
acetylenation
acetylenediurein
acetylenogen
acetylfluoride
acetylglycine
acetylic
acetylide
acetylizable
acetylize
acetylizer
acetylmethylcarbinol
acetylphenol
acetylrosaniline
acetylsalicylate
acetylsalol
acetylthymol
acetylurea
achaenocarp
achafe
achalasia
achaque
acharne
acharya
achates
ache
achech
ached
acheilary
acheilous
acheirous
achene
achenia
achenium
achenodia
acher
acheronian
aches
achete
acheweed
achiest
achievable
achieved
achievements
achievers
achieving
achilary
achillea
achilleas
achilleine
achillize
achillodynia
achime
achiness
aching
achiote
achira
achkan
achlamydeous
achlorhydric
achloropsia
achoke
acholias
acholous
acholuric
achondritic
achondroplastic
achor
achordate
achree
achrodextrin
achroglobin
achroiocythemia
achroma
achromasia
achromate
achromatically
achromatin
achromatisation
achromatised
achromatism
achromatization
achromatized
achromatocyte
achromatope
achromatophile
achromatophilic
achromatopsia
achromatosis
achromats
achromia
achromobacter
achromophilous
achromous
achronism
achroodextrin
achroous
achtehalber
achtelthaler
achuete
achylia
achymia
acichlorid
acicula
acicular
acicularly
aciculate
aciculum
acid
acidanthera
acidemias
acidhead
acidic
acidifiable
acidific
acidified
acidifiers
acidify
acidimeter
acidimetrical
acidimetry
acidities
acidize
acidizing
acidness
acidogenic
acidology
acidometer
acidophil
acidophilic
acidophilus
acidoses
acidosteophyte
acidproof
acidulant
acidulated
acidulating
acidulent
acidulously
aciduria
aciduric
acidyl
acierage
acierated
acierating
acies
aciliate
acinaceous
acinacifoliate
acinaciform
acinacity
acinarious
acinetae
acinetarian
acinetiform
acing
acinic
acinose
acinous
acinus
acipenserid
acipenseroid
ackey
ackman
acknew
acknowing
acknowledged
acknowledgement
acknowledger
acknowledges
acnode
acoasm
acock
acocotl
acoelomatous
acoelous
acoin
acold
acology
acoluthic
acolyte
acolyth
acolytus
acomia
aconative
acondylous
aconelline
aconin
aconital
aconites
aconitin
acorned
acorus
acoustic
acousticophobia
acoustoelectric
acquaint
acquaintances
acquaintanceships
acquaintant
acquent
acquest
acquiesce
acquiescement
acquiescency
acquiescently
acquiesces
acquiescingly
acquiet
acquirable
acquired
acquirements
acquirer
acquires
acquisible
acquisite
acquisition
acquisitions
acquisitively
acquisitor
acquist
acquital
acquits
acquittals
acquitted
acquitting
acracy
acraldehyde
acranial
acrasia
acrasin
acraspedote
acratia
acrawl
acre
acreage
acreak
acred
acremen
acrestaff
acridan
acrider
acridian
acridid
acridine
acridinic
acridities
acridly
acridone
acridophagus
acriflavin
acrimonies
acrimoniousness
acrindolin
acrinyl
acrisy
acritan
acritochromacy
acritude
acroaesthesia
acroamata
acroamatical
acroanesthesia
acroasis
acroataxia
acrobacies
acrobat
acrobatic
acrobatically
acrobatism
acroblast
acrobystitis
acrocentric
acrocephalic
acrocephaly
acrock
acrocontracture
acrocyanosis
acrodactyla
acrodermatitis
acrodontism
acrodrome
acrodynia
acrogamous
acrogen
acrogenous
acrogens
acrogynae
acrolein
acrolith
acrolithic
acrologic
acrologies
acrologue
acromania
acromegalia
acromegalies
acromelalgia
acromia
acromicria
acromioclavicular
acromiodeltoid
acromiohyoid
acromioscapular
acromiothoracic
acromphalus
acromyodic
acromyotonia
acron
acronarcotic
acronic
acronichally
acronyc
acronycally
acronychal
acronyctous
acronymic
acronymize
acronymous
acrook
acroparesthesia
acropathy
acropetally
aerating
aerations
aerators
aerial
aeriality
aerialness
aeric
aerides
aeried
aeriferous
aerobiotically
aerobium
aerobranchiate
aerocamera
aerocartograph
aerocolpos
aerocurve
aerodermectasia
aerodonetic
aerodontalgia
aerodontic
aerodromes
aeroduct
aerodynamic
aerodynamically
aerodynamics
aerodynes
aeroelasticity
aeroembolism
aerofoil
aerogel
aerogen
aerogenes
aerogenic
aerogenous
aerogeologist
aerognosy
aerogramme
aerograph
aerographic
aerographies
aerogun
aerohydropathy
aerohydrotherapy
aeroides
aerolites
aerolithology
aerolitic
aerologic
aerologies
aerologists
aeromaechanic
aeromancer
aeromantic
aeromechanic
aeromechanics
aeromedicine
aerometer
aerometry
aeron
aeronaut
aeronautical
aeronautics
aeronauts
aeroneurosis
aeronomic
aeronomics
aeronomist
aeropathy
aeroperitoneum
aerophagia
aerophagy
aerophilatelic
aerophilately
aerophilia
aerophilous
aerophobic
aerophor
aerophoto
aerophotos
aerophysicist
aerophyte
aeroplaner
aeroplanist
aeropleustic
aeropulse
aerosats
aeroscepsy
aeroscopic
aeroscopy
aerosiderite
aerosinusitis
aerosolization
aerosolized
aerosols
aerosphere
aerostat
aerostatical
aerostation
aerosteam
aerotaxis
aerotechnics
aerotherapy
aerotonometer
aerugos
aes
affiancing
affiants
affiche
aletap
alethiologic
alethiologist
aleukemic
aleuromancy
aleuron
aleurones
aleurons
aleut
aleutians
alevin
alew
alewife
alexander
alexandria
alexandrine
alexandrite
alexias
alexin
alexines
alexins
alexipharmacum
alexipharmical
alexiteric
aleyard
alezan
alfa
alfaki
alfalfa
alfaqui
alfaquins
alfarga
alfenide
alferez
alfilaria
alfilerilla
alfin
alfione
alfonsin
alforge
alforjas
alfresco
alfridary
alga
algaesthesia
algal
algarad
algaroba
algarot
algarrobilla
algas
algates
algebra
algebraical
algerienne
alienability
alienage
alienate
alienates
alienation
aliency
aliened
alienees
alieners
alienicolae
aliening
alienisms
alienists
alienly
alienor
aliens
aliesterase
aliethmoid
alif
aliferous
alifs
alight
alighten
alightment
align
aligner
aligning
alignments
aligreek
aliipoe
alikeness
alilonghi
alimenation
alimental
alimentariness
alimentation
alimentatively
alimented
alimentic
alimentive
alimentotherapy
alimentum
alimonies
alin
aline
alined
aliner
alines
alining
alinota
alintatao
alioth
aliped
aliphatic
aliptae
alipterion
alisma
cacheting
cachexia
cachexic
cachexy
cachila
cachina
caching
cachinnated
cachinnation
cachinnatory
cacholong
cachou
cachrys
cachucha
cachucho
caci
cacimbo
caciocavallo
castilian
castings
castrations
castrator
castratory
castrensian
castrum
castuli
casualism
casuality
casualness
casualties
casuarina
casuary
casuistess
casuistical
casuistry
casula
casus
cat
catabases
catabolize
catafalco
catagenesis
catagmatic
cataian
catakinetic
catakinomeric
catalase
catalatic
catalectic
catalects
catalepsis
cataleptic
cataleptics
cataleptize
catalexes
catalin
catalineta
catallactic
catallactics
catalo
catalog
cataloger
catalogia
catalogical
catalogist
catalogize
catalogue
cataloguer
cataloguing
cataloguist
cataloon
catalowne
catalpas
catalufas
catalyses
catalyst
catalyte
catalytical
catalyzator
catalyzer
cataphatic
cataphora
cataphoretic
cataphoria
cataphylla
cataract
cataracted
catechetic
catechetically
categorical
categoricalness
categorizer
categorizes
catelectrotonus
