22674
33024
42338
1723
3838
78463
38286
26921
7652
73833
24066
69630
52227
18856
11813
85426
2490
75371
62078
12127
2232
50609
14601
19663
37950
58071
82112
60936
25948
11955
27150
27815
57639
5147
65177
86696
61350
44807
4271
22106
74528
7741
46412
5228
82537
73602
36750
2203
25676
32921
9290
47312
43005
68370
48772
77196
5822
37941
64448
9965
18858
39082
73817
21025
8096
49067
25464
31737
68620
64685
26716
5113
66488
1565
73845
8842
23667
24309
58186
1065
8932
2261
41003
83429
19415
39271
46279
38164
38263
51762
16880
61488
85223
58858
57846
51212
12231
54820
38330
19832
6443
3845
18005
13612
87113
46979
37810
55419
63014
66107
24926
60788
48710
41847
40443
52897
15715
46124
77078
76748
74252
22639
19834
75506
56412
24698
18059
4800
10176
4114
67204
72713
84409
50022
1574
47611
68519
34044
27659
81247
39078
79299
42125
73206
60713
7497
18850
13269
40502
67656
53541
21351
82856
45957
12361
43096
43647
29638
46183
12193
529
12190
74566
69635
69123
15181
47044
58717
29978
11535
54236
30199
1770
10995
38265
84613
43447
83500
50549
74518
39740
85865
31534
42985
32187
43303
3832
75393
16800
78188
17990
85131
14411
65558
86814
54537
87455
40023
24611
71470
50043
16145
24631
84527
12411
80164
51049
18976
74364
84037
73995
16633
83067
21524
72378
57719
61046
54686
25595
58437
15837
37885
17943
45752
34384
16208
15308
18722
58766
2731
18627
63883
46102
31748
75922
32314
42142
84161
26449
62166
17149
36135
22073
45390
5424
12761
35120
48130
39567
27315
15798
55928
25649
22452
67037
74010
50058
10695
36909
63675
81903
60952
63876
77107
10887
38041
48535
33516
46511
43339
40497
40368
65259
9652
21377
85328
70695
59099
3728
77303
37032
68202
62937
35205
50368
46220
3869
26384
68311
82324
15616
53963
72064
70423
63329
11073
86363
33074
46314
7707
83040
21914
53928
56778
66699
6013
373
3003
7744
47710
70419
68806
50773
56604
13750
84057
18662
73183
9701
67543
65863
20477
54953
6135
60588
68181
19463
1140
45359
11517
43881
39514
4691
39202
73988
83312
68698
57054
69326
52237
41187
9773
12578
25816
22127
5029
10471
19335
38124
7142
37223
70072
27136
55223
10117
21489
23786
5761
18035
36384
61713
44701
24754
34934
42070
69586
46636
26172
10747
38297
51082
63788
28971
49543
19657
17235
26200
59637
51730
12329
41086
80427
80590
51635
56927
17362
65669
35986
35544
7955
52116
30798
78700
45990
43243
33676
7227
52208
38114
76746
38965
44134
67303
24435
65695
52151
28222
42602
68595
75590
26038
64104
211
4966
56143
45128
22682
61465
76651
9854
57367
28495
63188
41068
51673
17297
48689
7815
27478
3000
42863
50220
19563
27977
51727
14954
58441
66705
23961
62865
18437
46210
47580
80746
51700
1843
16426
3673
61069
27399
72116
30473
57932
72353
52568
62644
31142
21366
33509
52233
69797
7976
16105
61377
22810
3120
67251
79897
18875
82256
64037
18837
5796
46671
11863
85447
55450
50616
49827
81290
49380
25873
2698
29430
19773
41584
18293
63624
85687
46540
82264
3805
70930
65484
53509
15072
57888
28172
55109
3461
62266
40207
3689
20184
54821
51175
14740
70022
1088
82432
935
20724
72867
18859
38990
66352
77081
7365
26470
85362
32708
59610
51583
23108
36887
15196
53030
46899
3820
61517
9366
29554
26254
60247
53469
27871
29420
47871
54743
23466
46121
58751
75112
63792
59727
21017
438
10393
9132
14724
57894
74164
49793
50211
73347
75664
5701
53650
7259
49275
51816
20338
12410
45609
30406
51685
78581
4992
78171
10594
15025
84610
18812
86340
48416
24762
62117
50253
85818
67793
5404
78375
15845
54051
33967
17841
24760
26692
7323
71409
50369
81198
68220
67264
16130
76763
65241
85663
35811
28373
33447
73317
19593
76904
32446
45548
67121
59047
26106
17937
34746
12474
9502
45627
53492
43952
25196
74131
66483
51941
8268
22824
37060
23101
66755
69323
48206
54080
61153
28353
30828
61295
77071
14694
7216
4974
31418
24876
8960
6703
63109
71436
62919
79132
35214
42607
43012
7703
87180
29503
27556
29973
24102
69539
30702
45648
5155
22821
54318
6283
69622
61449
73123
82970
82870
68136
34332
15175
73797
68671
2940
4240
71935
17189
59952
36461
26790
13655
25016
68026
51266
1654
39618
18654
36305
60464
64328
36516
65242
29456
77123
51846
52013
69041
12052
14566
73804
58024
1969
42047
15336
15992
69514
2086
18158
61340
38092
31598
39046
68046
17505
70767
85071
55750
12040
32107
58614
1573
13523
26932
10427
60798
4959
19742
67152
68068
60878
85690
21756
61149
82900
9656
5996
19486
18759
63688
59673
156
17885
42034
55350
1363
27792
44529
63337
65374
36969
15245
12344
44096
86580
37101
66184
45631
4175
16573
83976
30233
29879
29352
41294
53767
36408
43067
47853
53240
73493
83531
3987
76111
53327
63349
37777
29159
34624
14563
15900
25791
46586
72425
20046
74239
9004
39285
25049
49263
45118
77844
79855
17880
57143
49921
38203
4382
64522
82080
87327
62827
4716
46371
28880
25558
55671
57434
58381
10564
44759
4383
1031
62044
25333
26985
62331
64371
35291
17581
66973
1910
60302
37756
61745
65471
522
11587
2258
71106
10741
36130
81901
54237
81609
49710
31144
75739
82469
34092
22947
5325
8192
34372
82403
41031
49321
52171
1808
16694
14869
46110
18667
31615
74944
29139
72792
60538
12872
5104
81162
37491
23606
15294
22938
4519
36197
55810
2367
8052
62528
59304
55039
70633
69730
83136
76611
53604
14934
29620
45684
79714
23355
58515
5209
67697
28080
73467
7651
10966
41947
84967
43721
83986
5146
49934
35096
71389
8316
83496
48432
37848
52884
78677
82385
68736
5636
78178
42061
38909
23478
64254
1247
33583
74835
72868
18203
64745
13045
42653
39107
47068
10221
81664
12756
26703
7235
15941
78939
45663
17798
77351
6182
14205
44832
36850
79380
51662
83035
48662
44539
82296
64839
86233
57732
78384
72166
55987
49763
16853
71773
69563
13590
56896
42561
78339
13668
41945
39138
34114
36499
38374
23446
29260
22411
36564
34488
32398
38145
2378
81260
23413
4853
77442
56288
27289
80634
22019
76485
20429
15319
34219
34933
2461
73929
49242
31196
3905
78613
31071
96
84917
46864
26650
75122
13341
56116
74731
34227
84696
32974
86718
73544
14618
40244
69170
40635
11313
6676
44215
66323
804
81913
63156
24294
87367
417
66313
12651
14113
64558
65926
80761
54327
55837
19280
24062
82085
27537
63977
17156
18869
15277
82576
76312
78978
40021
52488
29786
32787
67424
9787
62563
11663
646
33889
23481
80090
3924
52611
27368
70552
26137
38841
355
41733
44507
81076
43256
87024
56127
66355
32013
22743
54239
70258
60228
34946
83713
15717
56738
70349
42167
67681
57009
45354
15089
24898
1464
41307
24087
73001
58296
65671
11699
9429
4350
81106
16544
82866
12915
65354
31857
41885
41747
4144
55095
43544
19621
31251
7125
65233
28055
74413
11472
60495
69349
33671
41190
20899
80507
58020
5014
18505
12325
582
7336
67636
16456
6940
49180
1319
17257
30548
33601
82397
42141
30540
46287
15868
63712
7911
74298
52497
39738
6871
14914
36220
27985
81760
12066
68450
84925
11528
53144
75191
24304
2931
4146
50380
23017
56932
27220
6049
48971
7037
16584
46179
20998
58899
79624
61890
35436
65139
81758
52597
48198
16035
17428
74408
75731
276
46132
78639
36692
30552
2811
32015
53398
86428
18978
48117
51562
71488
66328
31271
41437
25345
67888
44399
22295
38085
12351
70308
48475
68358
8739
80150
32677
28692
2479
26695
49941
50527
63067
45028
16763
37723
23810
69013
27117
81929
8294
49670
31303
1459
52898
77839
45183
37896
50538
3822
50544
24780
4790
48231
54706
54219
48256
83187
54171
72654
1382
32173
42730
9285
78018
69591
69639
56951
36016
75713
20552
59993
62122
59912
44972
14062
24404
24636
57592
46074
21178
39284
83839
67704
85016
47140
20665
70383
55849
983
51463
35596
43748
3004
13412
28736
71125
64038
44527
14560
79902
20886
68151
6390
32415
2914
81937
68778
38056
22211
43196
60432
81672
68963
20029
84971
4334
65643
13314
42454
66526
39962
4630
54730
73832
44607
60709
69890
72469
28120
33572
21778
59627
59200
60972
39280
75943
1775
80006
64191
29612
85747
41539
5593
37377
51114
84947
82887
14370
69785
26954
4583
69846
44377
258
5555
27208
4564
87269
65518
23493
76567
41963
22871
54100
16441
1165
55397
10032
17202
21815
55439
64899
27432
86343
4766
31140
22508
66547
77177
66630
15721
67498
24220
73986
22441
7195
30675
25359
65442
75986
63332
51337
57365
14275
37814
13141
37729
55243
7737
3344
67352
16678
49904
45510
83617
83864
28100
57129
19604
17550
67392
19381
3542
84627
25005
79170
18111
33737
56242
56539
6917
58354
86425
2525
19975
15110
68569
35902
62104
86722
25162
5173
4629
71517
38649
77920
73662
27973
74114
22614
33251
34212
18473
27172
6463
44531
24811
10745
37543
419
74425
3908
76458
74995
7157
64569
63919
60161
56568
3008
6845
56026
77615
15968
41935
51830
57869
75471
4934
37589
16532
77981
25924
81486
20898
26507
43265
86203
203
30789
83186
47784
29256
55391
22200
69629
44406
25571
57874
40939
82724
69484
70528
34080
76322
7748
80395
61365
51188
44523
40714
76520
75257
39568
61841
77570
48618
25945
49775
3032
68461
13971
17966
20172
4608
8176
65422
72106
9444
26129
44538
60774
83347
20812
85932
24814
70203
40931
2623
3931
26207
6691
72335
20991
86564
68714
81926
32111
4637
45186
37951
79916
10320
24995
82848
51945
18565
51698
36809
9436
2613
85683
21680
7713
28254
63798
20706
13584
25379
71456
47652
50187
25640
38213
74550
7104
51590
59456
23024
42902
729
66729
51570
40666
46363
44777
31047
22284
79288
64075
33544
44189
47398
46607
57441
25424
42846
73980
31285
51557
7635
40184
21076
48674
47947
61514
26361
51045
5419
54286
80903
25607
1337
79054
12644
1472
72976
56307
47413
12031
6357
36502
48111
70224
31947
46385
27645
44657
81521
34301
17238
59118
23358
38971
9175
4424
38378
62976
9041
50428
24885
68937
5054
12751
2277
73088
81046
6410
11530
80155
68648
81184
35036
75566
35918
39687
27887
78528
14360
16582
66102
82501
51197
22693
59168
46806
64332
84987
55753
22792
83153
59205
44665
8212
84862
69076
71660
24069
32422
20006
84503
23944
36129
40724
33504
20651
1193
45678
80679
63463
7372
62929
64384
53201
2545
81109
505
518
71427
83622
16300
47063
5017
19882
21706
79726
6840
78237
50810
48018
10276
546
13078
43577
41170
29986
52258
83254
2953
2082
35672
77864
68018
3598
83453
74527
42727
13155
28592
61447
82142
14276
74661
6028
78795
86149
57861
67170
75568
55775
26219
18669
8801
85087
13386
14349
64023
84563
86788
45033
84337
71386
68745
50348
9911
63466
64376
53169
2876
5951
3947
1886
55388
49854
63886
79373
84170
69308
53276
25167
52284
86121
81355
59295
47717
25410
58620
71245
32606
12520
76641
71765
21181
56802
67232
20889
17808
58491
10676
30870
50683
65482
38981
66043
62145
66514
35312
1096
46239
68223
34077
79919
23318
19520
51516
80242
14888
11148
19635
63492
74616
48125
5140
46431
79797
79197
8287
30125
55381
52403
20434
50792
43646
25447
47491
52509
15831
2653
50886
26758
42534
39429
67737
53384
43995
80156
69147
55963
79885
24797
72750
43625
47780
84952
75539
29507
62415
67098
9555
81177
33072
45518
81679
19407
26885
60669
75537
71854
14227
68632
52718
31727
56931
64503
69344
39147
47465
18905
52550
1786
80822
14960
76594
45875
44072
19901
27901
14745
49682
43158
19968
16197
36999
3637
70266
64210
39168
68132
52063
39817
12319
56313
54276
24677
12067
30533
63024
39126
75125
1604
22921
68070
55613
46066
1330
8973
3934
53849
38000
64708
11455
18004
15846
1766
85784
67060
45463
32706
300
60274
43743
4724
59699
55668
49130
15201
87290
51480
38236
44954
56321
64886
4084
35139
37889
9882
84883
64276
54288
33441
76953
4132
41467
36798
65998
26412
30830
17955
28835
10203
66307
17623
60220
44484
36916
49117
19137
27578
81230
44826
44482
44221
80967
1295
54136
2910
48807
41518
63097
83111
19927
15779
5805
24668
49145
83230
9500
64557
64497
76830
48233
4167
6140
24311
43321
34816
4617
66886
58043
34489
33125
11028
49343
45265
49404
84951
47394
82468
51759
10527
49668
71921
38178
11573
16327
9552
49665
23257
50627
86140
41908
10972
6590
82822
23395
83080
47925
3485
25823
40043
30697
40145
62893
65009
77356
46494
71267
33776
8787
87095
30783
75989
67299
18041
5488
50562
22746
13481
73921
27891
82749
63071
81966
71330
10947
35591
52972
28768
86809
25966
24251
48568
16082
28566
83489
29974
11066
47343
27317
24536
15312
69655
60779
27708
49988
52066
31656
31779
37341
79920
16703
29292
71952
69443
4181
12839
65444
86019
56699
58309
17684
60106
48307
75801
22984
37048
51244
20314
47224
85429
30671
15017
41807
35336
17722
60244
25958
65790
39729
67201
53258
37673
62524
29473
13615
79780
28846
62998
32268
80259
15539
73509
52975
77461
83011
55264
46311
75031
47009
86750
82837
39685
37464
44588
30026
21061
11709
70709
29279
6474
71240
39715
25964
7218
65846
57939
12843
69447
68226
5493
20285
68069
55552
81625
29545
83584
2265
55421
40438
17970
4738
18292
16302
27458
37061
5472
3397
70372
83961
64370
74829
34127
29390
67074
12091
58128
80356
64382
32707
37105
12213
75429
48398
748
25060
69219
28974
85216
57663
75297
5382
22455
22022
80895
41721
28508
82991
64179
61500
10566
81027
32110
57430
22624
33539
24858
4418
66948
61948
85601
52268
87319
22260
87172
49919
5669
18146
44429
22928
78911
72136
41140
12467
17299
6030
20339
65724
65056
58301
35445
7820
55977
6539
64211
21905
3683
66960
358
43029
32989
47468
71737
73578
17922
45723
55497
69360
42086
71075
82594
33894
40631
58224
77646
7661
44184
59274
41062
46474
51176
56384
77540
86530
28388
58583
43619
37196
62228
53140
11703
51555
46048
59999
19979
75103
43955
85964
8823
4214
15972
74892
34369
47307
32926
30566
39813
45786
82014
59089
22143
14343
79710
7623
42037
35581
79109
10094
40033
34171
48934
54810
4117
50982
6532
6834
17419
69627
81540
62291
80623
38233
23381
86509
28184
86115
81847
56528
62665
40598
37578
70154
7513
4923
10022
117
63633
5693
42664
19713
42673
19956
16308
65763
15001
21545
85544
9100
54889
65802
62981
63104
71740
32680
32451
76205
55502
3203
40155
56031
37509
25550
7213
50675
30854
701
73396
39536
72459
19763
6179
59377
37940
8016
18411
86622
80759
82593
67834
71883
75288
35840
84413
64518
62199
60533
63576
30790
23219
73848
78881
41672
71937
16033
15523
32218
13015
28722
65861
21479
4859
9134
80412
12281
31292
80765
54275
18891
84399
21585
3943
47221
82237
45515
80049
16622
36870
81560
70131
84368
60218
51302
55637
27027
81661
5157
47913
45935
25022
43090
42026
78222
19502
52851
60313
5732
37345
50742
12584
25755
26244
57179
45071
71511
72135
51033
68906
7884
6571
59038
70888
49624
48207
23899
51867
81696
37635
29062
16580
28087
27428
37870
23727
72018
59692
53623
37757
58140
42408
63964
80132
19924
51326
55627
51787
43053
17163
61485
61084
71928
6593
45155
31192
65556
13943
35834
64809
80938
1147
39265
82746
75185
19301
37651
26785
76666
52471
29355
60738
49113
72767
83440
40449
55582
14132
40881
39819
40398
4090
61121
22364
44025
24950
24683
33824
21260
19204
58217
22190
53961
10846
17851
29181
77185
62548
81369
27845
52436
17637
19432
66818
397
55948
28968
56041
79283
49790
17406
19261
61741
81397
68488
53207
34167
84628
59690
8134
32586
63702
73711
15749
30188
10592
77122
73012
40042
9119
85424
77328
43897
11696
72576
79766
51514
31066
2767
15203
19414
17024
24586
32607
60449
86360
24538
55739
21889
42777
45133
17259
21669
37980
20117
28558
42425
74440
78857
84921
8088
62360
66121
1073
25708
52953
62221
61669
58913
27798
38685
51614
72149
45780
49007
14431
58647
79660
40853
72238
4141
12077
41335
21112
86664
57862
65919
49262
73485
12601
44133
261
37668
17530
53662
3875
50853
23562
26726
37046
71594
73964
78753
86191
20010
66533
25021
44365
21267
24922
23199
25148
18256
48452
56157
51156
10825
33761
13480
34910
28369
65324
51714
48058
18107
74441
25025
25134
47151
19106
64929
60284
43519
74701
7767
13487
51752
19350
29132
84773
5642
4456
4901
16237
28837
49074
58064
45775
12755
63341
1821
39774
13842
49784
64643
6523
59492
31146
61562
51338
83960
4076
43077
21832
69838
82337
84663
57083
57602
68274
19759
33137
80688
289
83476
62864
29039
63653
25870
6969
76451
43366
76369
56488
54885
54545
59639
59605
50403
26018
50109
34208
24546
74763
27403
1792
10054
87419
36826
16037
1691
14088
81394
3603
82335
84879
71497
38527
85480
69060
6720
66036
1697
1126
5825
57098
21134
6460
75910
86046
68033
21279
86966
78519
35111
5186
56866
5442
36075
23407
87334
76589
69929
19179
46324
18327
54852
48349
56410
68678
33054
18710
41264
19292
26956
34062
49244
33717
25834
9387
55965
51132
73570
31738
41752
31825
12763
75726
59373
58967
50995
80433
14693
51696
68559
72858
38175
22235
1080
44372
11437
37899
4490
6737
41098
51503
61557
48744
77042
68660
53592
50557
14551
41851
66686
42678
72283
69136
63326
43006
49521
82028
67802
75650
83760
62105
44164
1226
60472
57641
39806
21915
22008
24553
74071
42812
83172
57866
35746
41838
4078
16337
68472
33144
86168
24718
54416
29838
40171
43685
23390
60971
78425
31946
39927
265
22711
84820
52981
55046
15186
46644
17065
13720
36326
85851
69167
16724
68282
17547
14700
44533
50735
86172
63727
23892
36639
50279
6716
18100
31312
66353
76736
34124
55072
46713
85345
30959
62703
52298
6694
74678
24592
31876
24213
18250
2248
6765
21978
70164
47232
75808
15943
39621
43724
58972
48758
85689
40774
2133
64221
31580
37165
26486
22170
68056
26373
22644
13850
16939
6016
54448
10775
14406
77991
51646
38597
50021
46501
74569
35530
25387
26049
30136
40286
61108
5542
26747
57792
24356
71891
32575
67111
27028
14757
32495
59780
52397
67068
72256
58980
44875
45358
74282
7630
67993
54427
43367
21483
69908
12764
32447
47911
45152
71889
86053
28642
52688
51518
80292
12870
53296
71749
64494
75417
12579
57458
67463
75613
30122
62760
66869
50492
82048
11396
11170
49270
14846
29418
82089
47946
62994
6416
73503
74047
44810
41444
31883
10198
63894
40162
74389
33208
30961
16074
3454
35470
11539
22385
13874
38914
414
69098
74381
68755
15920
62853
7327
72497
87067
22606
49662
80855
87331
25346
13387
61462
9601
59467
65717
56417
44988
5363
67300
29151
48795
68708
85952
384
38779
63353
44181
33405
81759
27304
81421
27809
42280
28259
26637
73223
42271
25380
66099
59079
33925
16956
77148
53451
69036
34981
70744
82238
72902
72233
2702
12117
15185
4962
54405
32652
15083
23221
86177
74293
55337
44491
45590
82456
47362
25644
30124
26560
34217
23668
53979
79333
57548
17170
26965
74830
72667
32758
6388
51572
49445
62687
6436
67076
25415
85222
51808
47670
7695
17667
84019
74905
50389
67455
49452
37611
37493
86777
59484
24817
10194
1496
25493
68219
84391
38884
60340
68106
5812
20061
66745
67186
20931
49169
29005
43201
4491
23999
73757
3768
52826
53072
68825
65969
10359
30243
16930
55492
83910
60450
77782
1743
17076
11320
2005
84907
8819
3417
85853
23197
66838
83045
66692
54752
86341
9177
52796
30261
46366
49156
20831
42313
14708
81658
10909
1899
57575
80312
41573
46922
31038
29547
76922
27363
79490
48605
4788
47781
64135
28505
13059
44901
53557
62118
8768
70813
13252
4892
23906
40772
86650
45151
10541
23547
76726
1263
5603
50478
55591
42367
29952
84530
60512
12392
65625
18460
81981
44169
4819
32428
14313
25241
38243
6719
43693
74572
18823
5161
13158
85914
17716
74646
78103
5453
82150
30385
43144
1824
19685
86767
68637
50487
43345
75165
53438
24509
26923
73382
75847
85236
86670
12083
68022
71426
60048
41848
68484
13080
87135
11596
36812
3173
66731
80847
29753
34458
5445
62041
27248
7042
79572
488
21378
9793
15888
8229
64966
78759
58033
21447
16728
5167
87264
59534
57900
81643
8396
22147
35161
63968
80527
27314
24678
77319
80310
73429
30057
5777
33888
53237
36020
69809
35035
37294
30465
135
33887
86888
31165
20661
77374
70850
11065
3304
56875
48123
53118
25872
6373
32162
41006
87164
71942
4763
49998
11416
51921
47501
81508
7136
71633
13796
30200
19400
37388
51826
51606
17705
73835
40011
39462
17015
70642
2998
31060
42826
57131
74041
31082
53563
7981
4336
7941
66900
68561
80148
20624
10050
3356
79343
47347
76564
63082
10515
1342
43255
74246
80670
51048
55685
76268
12509
56464
20233
44187
86586
33427
39369
75902
60434
59466
34738
86946
33678
29866
71782
29708
46539
66631
26623
49748
934
25633
14922
23941
24199
79562
44855
41988
24915
76739
22513
19271
77523
16157
6781
33914
34374
35379
44757
40938
84923
46728
31550
61130
43320
19889
41153
61047
7930
64723
6967
20328
15550
80517
58319
77044
29007
57903
48743
43775
27489
85558
14747
78800
53518
85031
400
2757
3814
79867
52643
65179
42123
74987
68723
68720
53817
46737
49257
77692
50536
70699
30149
87093
44796
72218
52380
65048
56988
76291
23690
39288
24639
22158
22872
42634
73504
76302
85028
28890
65808
73329
73216
1558
82320
10070
20965
35464
15947
5899
17529
40667
84630
65141
35815
31461
3011
70312
78814
27813
12792
36633
71298
41766
79967
56935
11933
50670
22892
70502
35740
56755
54425
42648
34186
54412
28610
20239
71365
3935
28199
58801
76229
3021
51032
31897
41075
42309
78300
86293
41633
83663
5532
30728
37607
13704
2636
38910
83824
22835
17919
36333
2599
2716
44267
6445
32804
4591
16483
12095
1149
74848
53001
69962
30647
10373
1324
10905
71824
63368
78487
51013
9816
3162
59796
45425
12160
60720
70564
84001
11691
23591
9664
63498
83562
59921
47612
30593
79545
33616
81079
86998
55770
58416
72241
10811
28511
12981
17634
42441
17984
71152
19547
81480
43541
30700
39260
76373
17162
491
15423
56529
58297
51036
48682
78628
39414
58032
82627
57298
4097
28048
3224
6364
37620
25629
80849
83777
1
24183
71652
63012
11352
86472
7650
37985
31026
52391
30086
13160
68718
6429
1774
24189
8082
12996
76769
8864
47965
71669
18134
28384
70333
9517
2539
52077
27468
46893
9117
78444
59158
60828
52484
7175
37143
26025
34095
25273
33349
84347
23532
68053
44941
56021
27774
20705
767
41910
51414
82895
44991
66215
27990
80271
82965
15313
61196
36508
63887
34468
7980
50133
24735
66486
17805
78162
61658
16646
5967
62356
17281
84734
16032
63084
49970
79473
42121
39984
43094
11888
70877
31820
13353
48227
67036
45846
79063
40707
10457
21436
42712
86120
4536
67782
80050
48752
72762
82806
46169
37905
84704
80697
39217
51174
29262
45907
62076
47596
59778
25475
19540
10219
13477
64781
165
57194
51832
81258
31631
76579
1423
54186
30625
11282
121
86492
19120
21176
76430
32282
65022
38416
67466
32897
50102
76310
59633
12450
40212
87382
24774
3025
77635
4705
79808
5330
53083
45474
68618
3377
10837
60611
3586
49034
86766
72908
55653
16501
75317
39793
10628
72303
19473
26185
32154
23937
78090
41247
16273
39513
1713
22287
11229
34381
85193
53848
42867
54816
25559
69230
9595
56691
46161
49460
81500
35960
38850
87396
47658
27681
17591
38899
74954
40349
86848
65647
39684
18675
65672
69761
74551
59068
40929
53940
61480
72781
15127
38758
13165
3675
74257
86648
28063
63291
12209
72676
22575
76799
81505
24815
78517
81998
66967
46298
85833
60816
66804
13504
28760
8110
58302
11521
16135
22449
64813
16816
30290
53704
67042
68843
20904
54334
27251
73277
48667
84669
8267
34028
15963
59760
30846
78348
29270
76188
64686
81619
19313
46290
53085
41028
15990
54345
28240
77201
26396
30657
58814
29884
12727
39682
10206
20467
58315
74327
54902
3293
44345
40176
15030
45947
86639
53948
48660
1967
77181
61216
66140
58632
25420
31457
64471
20830
29209
24012
60280
9887
55041
13415
43112
34426
80842
68934
19155
85733
64553
6543
75380
23314
31468
36630
38352
26451
1768
79226
80998
28342
16649
13679
12958
71931
25572
60368
45502
38420
50542
14086
2844
76982
52064
65126
66672
47173
40549
54732
27619
48626
29153
39779
38632
74903
48584
21069
72747
22747
49372
4429
67500
84466
39757
19877
85897
2003
5879
49226
64342
36606
77106
84322
65618
34786
74977
36556
74873
30622
10516
52120
7979
84910
72191
4762
5516
26482
9087
65458
73938
72861
11551
87266
70973
41295
15358
55464
74247
37536
83442
76514
10726
36690
21193
20139
75101
52060
6214
49600
33382
80538
16254
19740
6447
77353
12833
15483
52805
4133
57437
75994
81052
15137
78216
1805
51521
23622
21644
1793
87271
604
40587
22101
7196
75719
65208
58155
49402
77241
3121
34425
47317
45490
32369
81911
12507
44688
83340
31807
86759
48787
25142
81771
20806
12851
46470
81058
64888
21876
27930
60887
71666
74092
32512
11973
78278
29447
9526
48260
4665
31103
53452
33149
72033
45289
86909
55518
85535
49191
32202
42741
79431
10277
25062
44263
57388
53033
40950
20530
5737
51539
37715
66634
86599
33408
55361
33167
67211
11484
83209
51124
80603
42828
14432
64383
82452
76582
8124
61051
50737
45391
60478
80656
32274
17833
71656
3604
18636
49338
41220
26162
27352
22307
45491
29195
35616
78642
9109
38472
46530
79318
49843
29825
40746
62542
50373
26291
52965
38689
36329
48681
56106
78741
26301
61217
43827
60399
61825
62448
20344
74193
23098
52837
9770
61135
61673
32382
21305
20763
18653
20316
58242
61410
59976
44177
61342
63927
83775
7782
19134
2978
46461
43526
72257
54279
83427
74609
25089
51935
46191
1100
57485
9368
48844
61845
21227
53634
55414
69689
36178
6838
83159
16856
28481
24571
74264
72495
15981
51706
5733
49096
35798
40336
965
17938
68565
14475
43435
49029
78161
45348
41632
66063
32710
43508
61065
66243
14255
57106
9827
4278
38830
55566
11491
77841
12936
55248
69300
28831
36380
53168
84753
76124
8077
64827
48059
60483
34821
50328
66962
56496
11281
42398
34150
33089
38089
54908
17042
32263
59124
82243
59716
2222
71948
55949
79081
78509
27576
70059
6637
42765
4009
37938
48714
12910
22299
9469
87351
55173
45821
5820
80870
19101
72280
76722
34548
10734
52307
60996
42438
26217
43618
58812
54818
69839
57658
36964
51457
32754
34930
45778
70283
82497
86376
86947
46561
65430
34480
29318
60163
19406
7914
41196
55772
81536
21558
64024
60454
2700
21008
20141
43042
389
53907
57961
3819
58598
27691
29073
74967
63568
66532
68640
49956
2712
63447
24224
62677
67250
27059
36176
11154
78307
85409
78637
15956
3995
4095
36927
82840
14100
61949
53783
36191
65014
5046
51008
41824
32750
4725
40654
64264
85857
26031
11612
22535
86915
51182
23418
28895
25294
48254
52647
79091
41232
39164
6150
39769
13794
44092
68085
47252
80323
17256
46626
66922
27073
26381
29697
46453
78845
41965
60948
78960
77505
62019
56771
55632
78556
81504
63986
18463
51612
68800
13384
20217
68972
13430
14683
29767
74647
86725
8414
73974
34611
51080
65348
34569
81428
56249
81017
77747
70533
50832
82412
71099
12923
26576
35362
55764
43125
18402
85458
8633
20602
12754
43103
26026
18367
14760
63032
5364
4924
39185
13088
66655
17552
58606
20558
2974
66991
12485
39216
63373
80927
70098
20681
42550
57234
83016
71759
65161
12499
46615
67691
14920
55103
22029
86103
39469
57145
40691
44453
62402
26587
12713
45815
80326
65633
55498
18707
23908
42598
11847
38291
37158
32139
40309
7274
23514
26272
8167
33591
6875
17908
31653
3706
19906
39989
36035
42263
9815
6826
25766
37516
63059
37023
76498
61651
69209
64490
55390
45101
11438
12807
58232
40868
29242
56025
52195
74306
22881
34135
52326
20379
6810
24446
75647
75248
9751
25774
5832
85597
14075
69045
68695
83104
50385
65713
40590
29910
78760
33426
77232
36670
58661
70801
3164
34575
26819
60859
15813
42110
1547
48930
35535
31150
12417
7181
25564
37259
4124
81234
84827
927
73118
55732
76844
44212
45189
30811
5144
56312
60974
69877
3062
77569
60954
66288
20659
39704
64491
57849
67683
30344
67562
83987
38651
25047
32297
5621
53904
39695
77207
46657
28477
574
62124
45918
60589
18491
58303
45236
24644
57164
2631
72601
61349
44286
38573
75119
32357
66348
44469
57771
31600
81924
37284
40474
2842
13677
18841
81996
57759
25132
893
36362
1177
34464
84205
39676
12287
66004
26924
71624
48576
56189
38341
50366
46527
61459
87188
9886
57320
47618
3580
53789
87295
47175
5895
56512
41962
44911
78514
54981
79191
46779
11430
40730
18860
84051
66366
14966
10394
22185
54695
38426
49563
74387
3512
79687
56219
41971
49550
15932
50450
43762
21355
78726
57501
42149
41002
65338
86478
33406
36421
77563
77045
82191
41167
75796
48675
42080
677
52435
20236
23555
47078
10246
9472
38894
31596
57576
14067
32729
42046
11231
80252
9983
65508
33289
35346
40421
39062
34570
75278
50247
38381
7305
73697
7197
3764
86962
28731
68494
26318
69154
73104
48492
81843
36472
4138
86942
8349
63418
13634
54994
70617
72553
29446
1747
24635
9720
82961
40998
15816
48474
1417
58079
68665
56202
67659
30567
18232
65027
8642
71332
60702
2164
50888
74737
66596
74183
8315
39830
82578
17843
79345
76839
56676
6318
8322
81150
24957
54819
6586
50218
37762
23334
74972
80020
3725
77813
42236
7500
44483
26266
36911
41215
77013
68044
22685
42404
13338
68521
75620
63154
73979
42282
19259
40897
22844
24937
42324
85445
7159
81892
20009
57422
80660
64883
57910
52021
48178
52581
85185
44313
69105
83147
71587
78824
8468
19294
41698
69122
62193
50877
58551
83139
66912
29919
16565
87124
63724
69616
4014
27934
69058
29055
42433
2093
24108
79004
15537
25680
9883
14879
83931
307
45928
52382
375
3550
61780
52243
71751
48439
25102
63511
29281
14445
43798
16575
80752
3204
52725
1955
38333
2514
4467
50164
59663
70609
34196
87308
37208
62427
35127
14116
57987
78122
22410
21078
39068
36528
85265
53483
48575
26319
27134
47322
50838
28818
62468
9671
38974
75543
34222
32603
25026
44627
49178
83086
6907
29481
78589
7950
43517
57115
56240
25645
29414
58914
9981
77533
41577
21928
69311
73383
1499
18880
86674
63126
2098
84064
13945
11616
84517
77837
21010
36311
3665
80983
85838
64786
34942
34659
35674
25220
3398
68771
19322
47742
708
83010
60489
42810
11692
8672
9716
76383
15879
76985
62941
17414
30016
28180
32507
49556
64666
62820
39241
48268
73631
69
59924
85695
48712
67319
52950
14380
11856
13800
23813
57301
61364
83095
86854
13021
82574
55058
59048
37380
24895
44062
78084
87280
42850
57508
77327
32171
78802
2815
82321
26948
67786
32799
59675
66317
64722
34749
16363
10570
53485
38382
73076
84658
82217
48733
48914
59276
54441
43565
39834
86646
1513
60598
5804
59285
29667
15714
69127
47554
2061
10943
25413
2544
36900
75908
81647
2107
23580
50926
35115
31685
37036
85975
5339
11603
1396
22267
4377
63997
36429
14279
46672
12657
78497
79061
29662
20368
30283
26210
24078
1818
57606
55024
1683
48283
78653
23249
16828
35898
1714
72140
37250
11012
43013
18306
20180
25095
59754
13747
2976
32462
47254
83565
77805
9984
49339
44468
44090
6186
3856
56118
27982
69697
37828
55159
19256
251
29052
22875
66936
25482
34657
10974
20780
72883
72860
16407
47503
78959
9445
76311
56399
24716
1001
80995
31499
77900
42720
75515
3990
29326
49245
16679
70517
14117
57174
33262
4918
40414
19457
79877
33295
21170
84758
63656
84918
8705
40434
79253
55784
28877
81977
39215
79237
47382
8878
29820
87312
30525
80284
21884
15939
60182
79181
3009
74491
13511
45881
73043
82106
11040
17411
16403
9765
46084
18770
78707
61131
80819
16183
77969
27343
24025
65019
32270
35676
51724
79344
558
10199
58227
82923
46435
17538
1959
66367
23946
18514
52190
54587
70035
13529
70515
65109
2025
40914
64149
18813
10599
68138
75631
23512
30916
77627
74726
16392
67432
39458
50207
14761
50897
85907
7345
2790
16559
84360
9029
40857
58653
52669
40130
37869
13125
27695
84317
41694
77818
39508
71837
24110
24280
56535
79783
63542
33178
36211
79696
73365
78387
78352
2332
11956
61152
19033
25535
23569
23680
74447
60037
65543
62950
49769
22953
35057
20516
40230
19205
49267
46117
17271
18257
49900
47882
17108
65002
68651
66362
31230
11797
13576
81634
48389
50205
66208
87431
63453
75057
1652
44355
18126
81780
46346
38136
1602
18617
62726
52248
11837
72954
24916
15359
86207
82618
39974
75099
52266
12881
27620
25921
25481
53898
4882
30036
22793
44996
2253
28588
2112
29853
38154
72151
36050
52338
4275
11736
84909
8451
43790
55830
86598
35808
10121
29940
64625
71949
35144
44624
59461
27858
45554
31107
80318
58513
44379
5103
84830
61983
2318
40320
79786
8689
26270
15434
46491
45842
24595
10470
37511
45029
67189
25181
63796
25378
55628
42818
55742
55527
42807
3707
56686
36501
75047
63449
26410
60615
48597
73165
69343
67609
10840
60012
18671
80608
41133
20698
84282
36601
26267
41856
72092
780
65481
9750
28340
76689
43436
84339
48356
8614
68140
81189
25811
56940
54095
78580
3243
14181
62754
75270
24341
21459
142
66202
52132
62890
11901
24222
26351
35708
66441
29373
13186
29527
11171
56363
44838
12057
77653
31492
49462
16224
51030
77899
21019
69508
49250
17569
86826
30499
84930
82222
37974
16431
63182
73024
23560
74561
5405
52255
54738
84168
30822
22194
61971
13316
52873
33730
63660
56141
7302
55587
8723
63770
67887
57566
25121
77053
84724
668
71471
2756
16700
61646
68227
68060
20514
47910
51121
11908
7896
22017
79328
47325
74912
53980
37892
60686
20545
31752
81067
41377
2125
75553
63245
37746
54379
35407
57915
83742
12914
72433
75397
72185
40323
61621
57996
64792
14111
83778
6378
68715
79437
8117
34299
33896
79236
53468
71277
69474
20690
54463
65843
903
44157
62227
21005
13466
59928
8676
58749
5565
84342
20839
61160
15619
26334
54947
21895
73342
70398
67555
21979
39256
1350
15391
67380
85703
34763
16311
11230
85708
63686
52009
71581
59533
14986
65222
72837
38494
8023
75249
31575
58602
79817
15756
84487
10133
13102
71962
51226
59747
12432
51251
9023
49492
14421
38825
59651
51274
64541
49792
41544
73046
62499
80734
56065
50242
13975
60546
78025
45900
17931
73716
64506
40515
65387
10247
13773
13667
23603
53513
40927
75608
67810
51186
83396
35013
49061
73148
14642
79581
7960
37629
3053
46321
48202
82849
60626
14484
61339
4473
80568
69718
68147
69743
784
7300
12371
79139
36374
25074
54536
34928
7317
81920
37798
86439
37191
61181
59270
70042
35953
11870
79052
48168
52936
56792
15744
71345
19503
57004
4654
60953
82313
26147
12568
68848
84906
33806
62678
3791
68467
13124
41968
58267
6070
54026
85661
83431
77004
28149
36830
73476
6203
76516
2945
58837
13981
50898
57563
14424
4431
73829
2431
27872
35784
50440
21156
76278
2348
40009
12686
18171
106
34211
78050
67736
28185
67909
13563
23264
56859
37530
87257
37365
11571
71509
6936
65094
28781
42358
19221
36720
54493
36968
21122
69010
73233
5340
31349
83366
49798
7370
87096
17960
16780
10285
32407
10653
32292
71726
53786
33357
5554
77227
62860
32579
67071
739
13942
84271
70130
14591
41837
49713
71040
45188
32749
20894
19352
22899
69883
37525
2308
3899
76859
11117
72722
64990
82021
83092
12762
19460
77691
24769
83038
67795
60861
38049
889
70490
36140
86328
78685
7573
18864
13962
39871
43635
55335
2575
68161
27168
80025
48497
9947
46213
52726
18641
5964
53172
76872
58488
47992
47169
33497
67748
14470
10224
27243
6080
51327
77337
4024
48487
1156
4162
25182
10436
52121
21521
11779
1929
63317
54639
86954
51579
40016
87332
75260
68351
68313
43246
3607
67131
48866
78139
81555
73905
36209
61893
54151
38437
54794
59506
72830
45346
33756
22145
86313
18558
21738
84083
33195
14095
31990
19705
71545
51741
77795
31786
48891
21071
39535
31785
71143
76316
49740
3731
62610
71440
21240
43603
66581
41191
9900
16945
49664
26245
66649
79138
67149
75377
83271
2177
5320
83034
81363
70317
19528
84192
79129
58784
76656
85801
41666
4990
55957
80491
43711
50108
70150
72322
66049
26464
27229
74049
60718
28628
56250
27714
55700
42304
26691
19649
82061
15307
51542
86412
16151
80727
11758
85256
57693
33250
31519
4752
61010
32559
51289
46288
3391
46950
73521
27558
3236
58197
19530
73831
60984
27064
56651
45196
32562
13432
87430
55969
28888
17355
67581
70835
23954
35367
59988
60799
1798
65961
66636
82451
20744
18234
55001
71352
60212
8691
52010
47845
42638
52702
82140
35853
41989
54008
37144
9563
24776
7845
20147
60068
5977
58877
45177
78645
72568
48496
12364
71544
47967
32825
47407
10353
6884
58178
3588
60073
45710
46140
63564
39076
28060
38384
53661
6045
10583
8961
33185
43070
37422
32073
22381
74174
57173
8866
63412
15306
83490
20206
51722
70616
61004
15150
67638
82474
4979
50552
34206
37743
78966
7597
42462
34494
50507
16883
86064
37946
80360
63037
12975
60359
67856
67324
3948
49412
12665
19623
9536
77529
21529
21785
38373
38935
23251
3926
15258
59275
11906
49760
75072
73793
7048
10551
4785
4284
31306
82355
7913
61053
54691
84691
17006
74500
25449
55734
63520
49119
67362
55460
13494
44124
85760
43650
76958
8143
44577
21232
65559
19798
70804
35804
77265
47129
10969
66395
41078
26180
54464
56808
78128
32090
39971
9227
65514
83377
78134
68393
4708
85697
30936
12454
86975
27118
41341
204
20843
30609
66956
58332
78799
33273
25465
81292
30633
27925
58042
59096
55791
2746
14738
78169
20419
38644
45009
61058
66048
68411
2309
8442
26337
81764
86830
32556
68041
12438
79387
48593
57213
11423
26095
35867
74932
56987
23383
30987
81120
33212
14692
46275
63528
67825
70288
85007
61545
9627
74941
45923
40250
64627
57433
39888
3549
36880
41875
71781
10080
29448
69196
48768
15909
52367
26192
72587
46928
82182
51170
71505
44282
22807
13257
37272
32379
76482
39197
64941
83357
31799
86270
48921
47645
68003
61929
28809
9833
75521
10275
27710
30523
65152
20591
87156
19558
79978
9133
27486
59839
65425
12368
63586
57165
15804
2608
12604
17873
64326
60551
41490
61622
24733
39702
56155
42804
59438
34214
70421
37752
7937
72526
62693
81740
46785
34825
17961
47971
43061
5392
64420
50491
56522
35961
65548
46516
74715
1390
50501
66940
79264
25338
11255
53005
220
48602
56655
13476
81040
75325
1703
14941
30109
48
41194
62011
21202
60169
1075
29918
11686
14357
70456
52783
15421
24298
45465
66431
72164
63582
19871
71493
2964
32097
18420
36053
24670
9775
84573
21189
69305
30207
39264
17109
26729
26745
80157
48204
32410
39402
83694
56536
75293
65178
62276
9561
51908
45084
71794
17132
43735
69301
70076
6432
