s
C
O
A
K
q
f
6
X
I
M
r
_
R
o
J
w
W
Y
F
T
u
1
H
2
p
9
m
Z
G
z
i
V
v
D
5
0
8
P
B
t
zO
x
3
7
N
T4
4
j
h
hw
g
S
n
k
EO
cn
xP
d_
lN
xT
gp
d3
CU
JQ
56
U1
I_
rw
Q
l
D6
d8
bT
V_
ou
L
nY
T2
wY
uM
v_
y
qC
q4
U
r1
aw
lJ
i_
B2
qG
kN
qE
I5
gw
E
AQ
JV
lH
38
XZ
EL
q0
bY
TV
HT
CY
XY
U_
FM
gt
eQ
hE
k9
FV
M4
B0
vS
pC
hI
dy
U9
dq
q2
kM
jO
IQ
gV
S2
MV
fT
H2
rU
u6
O8
uH
eY
zQ
sD
nK
R2
nP
AH
M3
aX
DY
zU
48
A4
jt
G3
pv
B6
N3
HJ
ES
OT
R0
GR
nw
sx
aZ
nM
nF
xY
aN
j5
c2
R4
u3
l8
ms
IO
cM
h4
wS
R7
fM
zJ
uX
s9
vR
NW
aF
GS
fL
y9
gH
mP
mX
oB
H_
gF
ry
kx
h8
y_
bD
wH
VY
gM
pu
ij
cA
ps
R9
nA
kQ
hp
aR
q9
p_
pZ
dw
yC
MZ
pR
C_
rG
G4
V6
eR
jq
PZ
jZ
p1
vx
I2
dt
SX
MN
QS
ST
EP
ER
G0
DI
GV
F3
fA
IL
oO
wQ
LT
lD
M_
oP
dS
JU
W8
o3
QU
bI
gX
nD
mu
rP
pW
oG
M0
Y6
o6
V8
w4
dF
p9
dP
nr
nU
oH
n2
fH
DW
t0
N5
fw
aP
TY
jW
vH
rB
iF
pJ
V0
ny
C0
mo
oR
gG
lS
bc
qP
eW
Q8
oX
eH
Z8
an
mz
FX
dN
bt
wz
l4
AX
f9
ko
LW
j7
eq
uN
A9
U3
Y8
o_
rt
iC
pO
fZ
W1
mH
GX
pB
yK
by
CM
fN
kA
cQ
dX
H7
UY
aU
k_
S6
MS
k4
e4
oZ
V4
gv
gi
DK
FQ
qT
K6
10
iI
LM
HY
aS
F2
tN
K1
DR
xy
bN
OZ
zM
fm
jT
cD
D9
pz
jB
qV
hB
CD
e_
HO
q_
NY
t4
b0
qR
mK
X0
e3
I9
ks
mr
W3
vM
CH
sW
HI
np
hP
r5
yD
b7
vX
kX
58
eZ
pG
hm
CS
vB
Q3
L2
KZ
sY
ax
n3
cF
HL
a4
B_
T3
dp
MT
ET
v3
rY
O5
BS
eN
jF
i0
n_
n8
S0
S4
Q1
sE
L0
BU
ft
BH
MP
HR
bi
cm
jQ
mS
af
X8
jk
c7
qY
S8
pw
cd
WX
cT
eS
gm
z3
T1
yB
ap
vA
GW
az
57
DG
N7
L3
OX
RU
EX
hF
JM
r0
BY
U5
er
iz
c9
RZ
VW
E9
H1
E8
Q5
sM
vE
ow
tu
cV
hz
EM
p5
y0
cK
vP
s7
ox
wF
uD
oz
g0
J2
pr
s2
C5
IR
BN
fh
m9
yz
J7
v2
zT
yZ
n4
dx
rK
iD
GI
bR
zP
ix
kr
cq
zY
ew
i6
SY
FZ
ky
dJ
as
pN
CV
wM
j4
bd
au
GM
kO
M5
op
RV
gx
D7
kH
P3
X7
L5
pV
DX
tz
AN
fE
yY
KV
pP
cf
yL
c0
14
iW
jI
wZ
x6
BJ
KQ
19
tE
df
F1
bP
sA
aD
iJ
zC
f3
uv
uz
JN
mC
mM
QV
vU
sR
or
wG
o5
A3
ar
nS
ez
X4
q6
jp
40
BD
rF
P5
ds
z6
j1
CR
mU
a7
nR
bW
g_
PX
W2
qy
eh
nN
wN
aL
I6
f_
JR
IV
qr
r9
HV
mE
x3
RS
IY
i4
hM
kC
vQ
CT
O0
K2
uC
wE
FR
eD
g4
i3
kS
J6
wR
VZ
pH
mJ
nX
mZ
m1
lq
FJ
wO
q3
N9
J9
dn
QY
KY
AJ
sF
h7
HP
aO
RX
kR
AZ
sO
DH
pF
fS
xC
rx
w8
W6
lw
R_
rO
bB
gQ
uT
sJ
C8
O3
NQ
TX
M1
qt
uP
x9
fy
ct
B5
yF
dE
DN
rX
cE
s0
bp
eU
gN
k6
AO
LY
ae
h2
rs
iv
FN
B3
v5
jC
hA
SU
J1
nG
yH
GN
iX
zR
b5
LV
aG
il
q7
gW
p2
m6
ef
DU
mB
B9
rA
w0
h0
zL
lm
gO
f2
YZ
16
tZ
l1
gU
K_
mR
al
tJ
a0
gn
cU
zW
a8
e7
bw
dM
hC
W7
gh
uV
cp
gK
59
e9
W4
K3
r4
e1
z1
vz
G9
O2
Z5
bG
Y1
ho
D8
xz
aQ
A0
N4
px
12
dB
g7
NX
fl
bn
kB
q1
O9
f8
GL
PQ
bL
mn
yP
hy
ns
t5
eC
kY
uF
NT
HS
en
mT
KW
EQ
eu
aY
q5
z5
ik
rJ
iB
zH
L4
Z_
OS
E4
fn
tv
KR
nL
jP
cv
H3
zF
ao
AI
b3
MU
A_
AT
Y3
ls
k5
x4
ty
qN
gu
fs
BQ
xD
dj
17
g6
sT
78
p7
GJ
sK
eK
iA
EZ
qH
WY
AD
o2
bl
TW
kt
A2
s4
CE
nQ
x0
GO
V3
xF
FP
u5
lW
de
ce
iG
pT
PW
tV
S9
y7
qJ
jm
90
ck
H4
X3
ip
nI
xO
eL
aJ
hU
qU
tI
23
iL
EK
CP
hZ
hu
d6
aH
LO
tF
fR
47
dA
DM
HK
sC
wT
g8
m7
Q9
EF
oJ
80
oD
pD
wI
br
xK
uy
cZ
27
gA
m4
oQ
cJ
r8
zX
l7
sP
qW
vw
jw
FU
H9
vF
jE
N1
xW
xI
SW
89
gE
C4
M7
T0
hO
CZ
CG
bg
dD
qL
oA
my
E7
vJ
o8
uS
J5
MQ
c4
dI
tD
IJ
JX
oI
lX
t_
sH
T6
rS
b8
I0
CK
R3
CI
70
u1
ad
hv
S1
j_
lM
A6
fg
jH
DE
n6
jn
t9
kI
wA
kz
ay
fr
fY
qS
TU
qQ
xJ
hq
rQ
io
c1
oY
Q6
gq
dG
LZ
zA
HN
tB
iy
dm
hY
tY
kD
h9
D5
gR
iE
gY
AK
bX
n5
is
M2
FK
V9
zE
ag
s5
FI
s1
j0
wx
nu
R5
v1
Z0
o0
xQ
aq
go
xL
bZ
fQ
cO
nZ
vG
BW
tC
c_
wC
IT
aK
DQ
wK
N8
P1
30
iK
KL
fF
lQ
S5
K7
LN
EJ
J3
GP
d2
hH
i5
bC
gB
G5
kT
iP
B1
gI
50
nx
M8
IP
yA
E5
sw
jR
D2
it
jM
i2
lA
a2
cu
xR
iV
kK
y5
lv
EH
p6
IM
13
B7
P0
iO
qu
oL
st
LX
tO
eP
AS
u9
ey
z0
R1
qv
dO
FY
a5
C1
vZ
IK
BL
D1
w7
t6
xU
jY
KT
BF
oT
T9
lr
e2
JP
di
yO
R8
vL
PU
uL
ly
o7
lK
68
hD
aB
IS
gy
uI
AC
p0
15
fW
h5
w6
46
cC
H6
I3
pt
K4
qw
X6
mv
b_
rE
qs
L7
S3
69
MR
67
tM
W9
K8
bs
mq
bS
25
F9
bJ
37
AY
PR
dL
vW
mI
u2
hk
jv
vV
z7
rN
A5
gS
kJ
kZ
tA
EW
EY
jl
lG
HX
pX
nT
S7
hK
DL
kv
iY
jG
ku
f1
y3
lp
L6
fD
cs
bx
DO
nz
e5
tU
Y2
r3
P9
uY
nB
vO
f5
lu
a3
C9
y1
ah
F5
eJ
EI
jD
co
HU
gZ
bz
cS
OU
FT
U6
yW
rT
lC
iS
w5
mQ
BI
sQ
z_
mV
MW
s6
eX
cj
cB
jy
gs
yE
T8
gC
oV
d5
eA
4_
v7
49
bU
P4
f0
Y0
v6
aC
dV
qD
am
oF
tG
7_
i1
X_
aE
h6
rv
34
y2
bj
gk
bO
b6
I4
rI
qI
aM
xX
i9
BC
z9
mY
c5
u7
CF
kV
aV
fK
dv
Z1
L9
rM
aj
O6
dC
OY
A7
dl
BZ
oK
E3
yM
8_
V2
bh
iq
G2
r7
ac
U4
uJ
QW
tQ
cH
tR
ak
mt
kl
PV
NZ
iw
qB
KN
U8
Q7
x7
yS
eg
W0
oN
PS
mw
k0
C7
DS
jS
AB
ek
RT
R6
oq
cX
in
fq
rD
29
QR
tx
c6
3_
k7
pL
yI
x2
fP
y4
nV
hR
eV
lY
ex
z4
m0
Y_
wB
lE
F0
bH
lL
eG
cz
jV
GK
zN
bF
E2
JK
E6
MX
AM
vI
CX
uA
mD
js
zI
kp
fJ
u_
ab
hQ
lV
P_
yJ
bQ
eE
wV
qF
p8
zZ
iZ
fx
fk
tT
iT
s_
eO
n7
DT
rR
l2
im
fX
mF
fU
sV
sU
tH
bM
lo
yT
fj
wP
r2
pY
tX
bu
uw
UV
DV
sZ
VX
FW
D4
RW
mG
G1
qO
GH
uK
kU
ir
sz
MO
G6
jN
dZ
ep
vy
j2
dh
AP
g1
d1
g5
OV
FG
LS
FH
hG
nC
vT
OP
lF
zS
bE
uO
a9
jK
E0
kF
Z2
IN
eT
s8
OW
E_
z8
su
G8
LQ
L_
mN
j9
BX
hi
jr
fz
l_
tS
Z6
A8
ht
EG
z2
tw
NO
no
k8
EV
dg
cR
bo
m8
dH
d9
iH
tW
pQ
q8
eI
ej
BE
dk
nH
NP
du
cL
ch
IW
P2
I7
av
t2
jL
LU
kL
C3
f6
v8
rV
DF
oy
lU
xN
KX
w_
BR
O4
OR
cW
Q_
BO
j6
BV
qX
gz
aI
yN
B4
sS
bK
pq
KM
nO
lP
BT
jA
mA
HM
ot
H0
yR
GY
do
0_
6_
RY
hs
s3
AF
rz
jJ
yU
y6
A1
cw
lR
W5
rW
D0
lO
xS
vD
h1
U7
t7
x5
be
20
O_
C6
wX
ev
pI
1_
eo
cG
oC
oS
U0
eB
NS
i7
sB
i8
J8
uZ
JL
gL
CO
Y9
mW
39
LR
hn
2_
l6
JY
M9
Y7
w1
w9
hT
K5
U2
FL
GU
qK
AL
ei
KO
tK
k1
fnp
AG
bq
NR
dK
hN
hV
sy
xE
uQ
Y5
w3
x1
Z4
t1
jx
SZ
oW
B8
X5
tP
v4
P8
X2
hl
sG
hx
36
zD
QT
n1
JO
qZ
X1
wJ
TZ
wU
g2
mL
k12
jz
P7
lB
h_
kn
dU
GT
JT
KS
sL
hS
n9
zB
wW
aT
GZ
o9
kG
ju
dz
O7
NU
nv
uE
f4
t8
M6
ln
lz
AE
CL
fp
PY
u8
9_
BK
dr
cx
qM
BG
V1
bA
ru
V5
CN5
CN
S_
hj
vN
l3
lt
HQ
F8
m3
AV
iU
v0
oE
cI
45
QX
a_
m_
l9
G_
y8
zG
pE
uB
wBC
CJ
dR
F6
dgh
sv
DJT
EN
kw
tL
nq
24
BM
kP
UW
wL
I1
uU
vY
vAD
m5
wD
eM
f7
kq
hL
b9
T5
du4
sN
IZ
cr
fi
lI
v9
g9
oU
P6
L1
nyz
CW
mvV
qDP
xM
AR
JVX
bk
d4
ai
W_
et
mO
uG
a1
fA0
sI
mRW
diq
iQ
mvG
DP
pL3
oM
J_
18
FO
gr
N6
BS2
xB
fC
jQ4
OQ
c3
LP
CQ
T_
IU
cY
O1
iN
MY
QZ
D3
N0
gj
Q0
zV
pM
I8
KP
eux
JS
c78
BDR
mqE
DE7
kE
nt
eo4
gT
e8
UX
b2
t3
xA
muv
p3
JZ
Z9
gB6
pF_
U50
nE
hr
qG7
qz
aW
sAX
ry9
HW
mEI
35
ot3
lHX
NV
H8
kOY
G7
iR
X9
hJ
k17
e0
bV
u0
N2
JMQ
fhM
v40
DZ
aqX
uR
iM
lx
DG2
BP
rO1
nJ
jU
coS
es
dmt
uyQ
py
xV
bcC
sQW
kW
gP
dpP
AU
m2
J0
xI0
uW
dQ
hmG
fV
aE0
km
K0
dlI
gJ
ILW
u4
lE8
pS
SV
L8
hQY
tQ4
V7
p4
nw7
fpY
imR
yV
os
Y4
T7
pWX
fo
hm5
gj_
hX
xG
PT
bvK
Q4
evJ
yR4
Z3
fu
bv
yA5
iDV
l0
rZ
gY8
yM_
nW
ejA
uw9
eF
zW6
i30
vzI
28
l5
uDH
fO
rLR
e6
el
CN2
rH
LZ1
ux
cP
oGN
ov
r6
akZ
ikS
bm
F4
DJ
xB8
fsD
fG
ivS
uS8
owJ
bf
iGU
rGK
fhW
aR2
N_
yY1
xH
gsD
P13
CRX
C2
pF8
zLU
5_
kv6
qx
mnt
mp5
tuY
rC
j3
GQ
dY
x_
fI
79
km2
pA
yG5
WZ
cBO
EU
F_
dS9
FPV
d0
UZ
Z7
k3
dv8
mG6
hyO
LO9
afE
yB1
CO1
jxB
rW4
c8
hW
jI5
pL7
dn6
m2_
bgk
avK
AM4
vN9
F7
dT
mHZ
o1
ltN
hqt
CV6
CJ_
aCN
dsF
lEI
AK_
DI4
h3
OZ4
pC7
o12
pU
nHW
gmX
yX
gl
KU
jX
gjB
ad_
exH
bgD
cg
cy
pFU
mx8
DPS
mp
fpV
bNU
efv
fv
rL
H5
AW
fl_
kyK
CHI
wOS
pK
vH5
kJ4
IX
60
den
nxy
bU1
26
BFI
cl
LMR
DU0
dW
HZ
cB9
jFU
lZ
WYZ
cpP
E1
muT
k2
KQU
gAK
fhr
rS_
x8
by7
bjD
q38
oyz
MOU
vY_
aA
EJ_
d7
vQ2
fB
lY5
vK
o4
kzK
kwK
a6
zFV
dhm
cqE
LU0
IPS
fMR
egK
wy
ek6
kuP
em
b1
r_
aY0
fV9
al2
cfI
CD5
ci
stP
iu
nBG
wO8
g3
MTW
bDW
msG
b4
cI3
dms
qPU
tY4
dwy
tFN
dK2
by9
diW
mpW
i47
opW
rDX
PZ5
AU3
aO1
qKZ
rw_
dl0
vB4
n0
xZ
aCQ
boy
lT
krv
JW
qWZ
cDK
cNX
sT6
TX8
dXZ
cl8
gD
wFL
cN
sX
oyU
EK4
dn8
mxD
zAL
QZ4
xBN
mU_
w2
kS4
klY
D_
Q2
BJU
QSW
b35
gn6
JM3
yQ
lq9
BJL
X7_
fY7
cKN
bzC
er9
pA6
B20
oQV
w5_
eh2
ah0
yG
eNP
qrY
xE7
oCY
sz3
uV_
mF1
ms1
FS
es1
kmp
aE6
pZ1
eh3
v28
OR_
oyH
tKU
wyK
PU3
hoP
wLU
coA
lnC
S25
QY1
sZ3
wyT
is5
m79
FS3
fkL
ksK
M36
pwx
hy4
jV3
235
qA
eC4
kE5
mMX
bqA
MQR
vK1
lU5
O7_
pDO
nG5
ftv
j8
op3
DNS
mwP
ksw
kxW
aeH
JT0
fjm
jI2
djN
IY6
vOR
H5_
cv9
zK
kz6
kwH
adG
aH_
K9
jwA
dsy
qrG
mx
dBL
aNS
JKV
wLZ
380
qHO
cuL
RS4
giZ
iv6
RS0
prV
lxI
htM
dU1
ln3
fwY
f16
ls6
fyO
GI6
vDI
klQ
nOZ
dqI
hij
oG0
tF8
mIV
cAE
xJ0
xEP
IW3
jD0
AS8
htQ
sFR
dj5
ciH
ipA
gw8
tH5
ehu
LTZ
quU
J4
bMR
hpK
syz
dOW
nrX
cht
dDE
HM3
gOY
cCD
nC6
vwP
hms
aOX
ivO
jo
EK3
jkq
nM9
vy3
ln7
fwF
bq4
qxJ
lEU
oyL
DI3
jJV
myY
bct
gX9
oAO
wJT
wU4
tMU
vC
tQY
hL9
oDZ
U89
jl2
jDQ
ctx
eKN
pH2
mIX
lG7
vH0
qtz
BSU
eT6
J14
fv7
DOY
AJ5
tBR
ek4
dIY
alp
dIR
jrz
am8
cCI
bwT
LV0
lXY
QS6
gju
zBR
iV6
ptA
cT5
fqw
xJN
uN7
iyE
dwF
AZ3
COU
gj4
sTU
xQT
at
J45
rS3
jr4
ghY
pt0
p50
pt8
DN9
FRZ
buM
ET7
yAD
eg2
cex
HKY
vO3
qU_
CDX
vY8
bhv
pQV
gY7
biR
kp4
JT8
UY5
mF7
iS2
UV1
AM_
OPU
qAR
uOR
pwL
cR3
pDE
V60
a16
qN3
zR5
bfG
bW5
lw4
lMR
rDP
mES
tBU
rD9
bEG
jtv
eyS
cw0
prw
MW9
acP
jsN
muH
jrv
kM2
nA5
JL1
CWZ
cCQ
sHS
MV7
uFT
bnR
aX7
pS7
flR
pJU
diI
no1
CLZ
juL
arJ
moD
nC4
qE1
eY1
CZ9
tCL
iP7
BOY
qBK
acv
iuY
O5_
vJQ
dpZ
bX6
DK2
d90
uBU
aKZ
arz
sJO
uO5
eW2
bBF
kL_
ADX
aC5
ptR
yFT
jwY
qCV
nCD
gjO
uy4
zD7
hBL
rA1
fP9
MQV
evY
CL0
flG
lA0
psy
dxC
pAP
GIW
buF
w67
jEX
NS9
iwT
quw
nX9
bIW
169
tZ4
BQ2
fw1
pP3
jMP
fO_
xEL
wK9
eBO
oGQ
KO2
luB
ar4
aY7
DR9
dQX
eSX
vyJ
clU
qru
k59
kZ2
vDG
jMN
uzY
gpM
jD6
fO7
xO0
qr3
EGX
bm2
Z79
q9_
wL7
ox8
oAT
PUY
ghR
hj7
eJY
RU_
av9
370
yMP
hMO
nPS
pHO
pX3
qIR
zKX
lK5
xBF
yA1
oGX
FV6
rEF
bVZ
i90
lUW
uvw
hqY
xCR
oxU
sZ6
dDO
MOP
S4_
gxI
oqW
efI
fsW
s13
gW6
IQ3
flE
lqZ
AYZ
ERZ
bcd
jtR
rvQ
MT_
wGQ
sK7
sWY
cIV
hFP
uM7
pB7
rJN
bV8
jA3
jwZ
vQU
rKW
zS7
cfQ
rA5
uz6
uAW
yT9
eyP
jz8
CI4
cH6
bjS
gtw
L23
FR_
lpx
ab7
jp7
a69
cT3
RY5
hF8
GT5
luQ
kmz
gtx
rL0
juN
mJ2
oIQ
aLW
vz5
oz1
coT
uxT
wQW
ozF
hn_
cQ7
grZ
uwC
uR0
eLV
lsD
mxB
tM8
gzQ
jwJ
eF5
kmL
sJ0
fX_
bo8
cAW
glI
fl4
lTW
rvW
oq1
zNS
cnQ
ow1
hZ0
jHI
iBS
bLR
O60
fRZ
duA
RZ3
ox3
jEJ
RTU
aLP
BCR
amO
km7
sJ5
fAS
zAT
uvQ
hAB
wAC
K23
LT1
boS
iJU
tuE
oy6
abu
MNP
coB
INU
iDT
gX7
o34
uCK
iqw
lt0
mrZ
krx
FPZ
IK2
wFN
oH0
ajI
bn3
UW7
JY5
bAQ
rHU
L16
tZ6
UZ5
mS_
by5
pGT
KX7
LMN
dxW
wC1
wL_
FL2
JNU
mns
bnT
gX_
BEM
CUZ
fzG
blS
wS2
xyP
tCO
pHQ
lnQ
bI9
LOT
tCU
xy9
bR1
hoS
C3_
RY1
epJ
oGJ
coq
qrv
tTV
uMP
v19
guS
kFN
qGM
mX5
ruW
dwO
swx
lP8
bPQ
rvO
acH
aCZ
CJK
xyV
vAF
jN2
lmW
hlZ
mCX
cm1
ejV
bno
pqW
uB7
lMW
lN8
tH8
dpS
svA
qJ4
vB2
tyM
rHO
EY4
fE4
do3
fXY
aEG
hM9
CFL
dl5
cIJ
RT8
rFR
fGU
lFI
hK0
G60
qyN
nov
yzZ
wF8
cl6
E38
mHX
pI0
av1
nz1
gRY
aCV
vwA
alD
biQ
zP7
gQ0
xO7
qtH
nwQ
kX3
ltG
rvD
fGH
sT0
eBH
j90
dxM
isN
hJX
GX6
mzH
pt7
CGR
MVZ
HY8
BS_
gjm
OY9
K25
dey
aEH
B69
hm8
dF2
kw6
dLO
rvB
gCM
IMX
bD6
bG9
iAH
gpx
e49
FY_
bg1
nqL
itI
jW6
DR1
auv
jnv
glB
iCV
ky2
BJ2
jsV
cMX
fuV
hA1
rDU
GX3
IZ8
vRY
cBD
iFU
fY4
MX3
E17
jnp
oyP
bgy
yFW
LQ4
iEU
kA2
NOQ
iJS
gqz
bcM
rDS
qtL
puW
szB
uNW
op5
dN7
HIX
oSU
GL2
vyF
sX_
yGI
dH0
tZ2
AJN
KT4
xN3
BY3
nU5
Z9_
BN8
yNY
jWZ
bGR
eu3
vHZ
agJ
nJL
mAX
ap4
mDI
HQ8
bxX
EO3
dM3
jEV
CHV
bS8
xzR
vQ3
w80
bFX
xB0
nvK
fR_
OT9
eM3
lP7
bV5
qAU
BU5
aA8
qO4
hr3
irY
eq6
H27
HY6
kAZ
iyO
o49
lw9
zMU
dr5
aDF
uJQ
ikY
cor
ajS
GZ0
ADY
cIP
VZ6
q7_
gx3
hy_
NU3
mMN
oxI
bxJ
dzB
nVZ
dkv
ez2
kz2
LS2
zGX
gC_
hGU
bkP
dJP
tX3
yS6
gT1
wyI
kAG
OT4
fpE
ko4
mW2
eA1
nwM
DQS
JK5
EMS
aZ1
tL0
kmB
mot
eFV
wHI
do8
eFN
qPZ
cp0
fhz
rwO
AV7
kEV
hno
ev9
eY6
dZ1
tyC
gFV
vPX
atx
bm3
jmN
I6_
SW1
fv4
rE3
avA
mzE
JMR
xyI
PT2
qxT
BE9
cg9
mKL
dku
GMY
zDO
iA4
jkm
jyL
jlz
bk6
hvG
gAY
XY1
ouv
sQR
sS8
giB
gU2
fP1
iDL
yG3
dn5
wK_
dFK
fK_
wCF
syF
bRT
hlt
yBP
oM4
HMU
fmI
oA_
gD1
y34
iU7
FTY
TZ8
CW_
EY1
jm2
CFK
KN4
cmM
cz2
jyK
n18
evz
aEN
kzN
ilH
uT_
crL
FI1
pPU
pLM
rtN
O80
nHI
HJM
fs1
dZ7
bku
agD
I9_
CFT
wKZ
RTW
byS
M2_
ctB
oS4
fCO
CH0
QW3
jJ0
KQ4
nLO
fMZ
jkF
nDV
dK4
iLP
sM6
bGO
z24
cX0
hW8
cQT
kAL
GOT
vwK
csz
aIZ
btY
tB1
A70
nU9
vW3
yGU
aS1
nUX
dhE
CGJ
nM7
lO4
j49
dY0
psC
nX2
GOV
xP6
N38
lPU
l69
pqP
I25
pwR
qyF
juT
eCK
ls8
euY
xDH
cnN
blO
uCY
cjs
nK5
dvK
hzM
cty
fNT
rUZ
JQ0
dz4
coM
i50
aJU
qZ4
uv1
PV5
qV6
p30
hrt
go2
R25
iAE
qL3
iox
KLX
oGT
EOZ
jqQ
zB6
sK4
crW
bL5
vwW
coX
CP4
iG8
gu9
mzO
isv
dFH
vwX
YZ1
eCS
dvL
LQ3
djA
fAJ
lHI
dQ6
bzU
DX8
yLW
yDF
yQ6
pFV
sT9
iwK
tBW
tA7
am4
KN3
dw5
JZ8
nO1
qw5
em3
ckS
pwJ
ajT
fBX
AH4
dL6
dls
V25
euP
HQ0
uJZ
dBI
eiz
cmJ
wKL
ADR
fC_
oPT
LM5
bq6
b6_
LY9
qS8
nqH
iI3
sO7
FV8
lC_
afL
opU
tIQ
yHL
lE0
vxD
bDI
DH3
cmr
sDI
AIY
sY8
FJ0
bhQ
eL5
zEP
rMY
zAB
gox
pM7
nzE
oMY
wJO
qyP
aiH
iyX
m4_
cO1
FN8
y13
eHZ
CZ4
dO8
rvI
iwz
iuG
bBN
rJO
kov
irW
cpz
lX7
mGV
nI0
GW7
iQY
dpU
jzA
nyP
CV5
hDO
zB2
myT
kwA
ky4
ae_
kPY
HQ6
zHU
qLT
hM4
D7_
aCG
mNU
FNV
vwM
zZ_
MN_
aFY
iJO
nGT
pHT
jK0
mvy
bL0
ahj
wL5
hi7
zTX
nDO
dS0
jkO
FGR
yGN
cgG
kt6
eE4
HRT
AB7
etV
PR6
lC0
u25
CD2
iL2
GN_
sHJ
fEO
bkY
fF_
xHK
w38
z5_
wBU
zDV
xHY
tFJ
dT9
L40
d18
wDS
cn5
GKS
jX8
b58
iB4
uL6
bZ1
u12
bP2
hnZ
aM7
dEK
jqT
dfN
BX4
hER
qGK
lsG
eR0
r78
OPT
TVZ
yB4
zEY
GIQ
qKM
nJX
ikn
BC7
BS6
rwZ
oEJ
vM4
gqR
otS
bnE
eiv
DY6
JK2
lFN
sI4
nK0
vV1
d69
btQ
apu
iFH
nr7
KT3
fjz
dp9
AJK
aoN
LQS
cey
L13
rEI
yT1
c34
fDP
hjM
arS
izJ
BC3
ms_
uFR
aF8
dyU
vM8
cij
uyA
xy4
pIV
tJ_
xUY
gl_
d24
ixY
f58
cEY
uDM
aKS
hF2
bSV
euC
rzQ
sy6
hm0
iHU
fAP
N1_
f14
cmz
jmz
pS8
q57
HNQ
tu2
LMX
js5
knw
jo0
ilv
dOX
fyK
MRV
oSY
pBM
gp0
hqx
jrW
dwx
uI5
aI6
uT0
pxN
owx
nzO
qtP
uE7
jvO
pFY
uUX
wDJ
hl_
eiq
rMP
bIM
sA8
sLM
fo0
fxC
aOP
kCQ
qs4
auy
50_
afT
dlP
AFU
rtF
yKM
pqu
cmT
JOW
uvZ
GM_
ACY
eo1
drS
ftG
t10
bC1
z7_
ouZ
DIO
iqY
wU7
nB1
egP
hly
aBK
vJR
cer
n58
uGK
xzQ
auN
iOX
oLW
cI0
cm9
hrC
xJQ
SU1
lvP
TUX
oW6
iB6
eEZ
gHJ
uyH
fS6
cyQ
i49
nG0
bs0
bo5
eI1
bfB
lD3
tJ9
txz
ghw
mJ1
nFP
oY1
c45
uxY
cv1
MU7
C15
