AHWX
AXLF
CWLL
CIMD
CJNQ
ANJA
CVUD
ANIM
AULI
CFZP
BNCQ
DHWG
CIYJ
CXSW
BQWE
DAZQ
BIBK
DIKU
BRAN
BNCK
COAH
CAET
CNWG
ABMK
AOML
BNRH
CRUW
CBJD
DHKV
BIIT
BJCW
APQH
ACAY
CTQA
DBBS
BOLK
BNWW
DJXZ
BBPW
DKFJ
ADNG
DKEP
BXVO
AWSF
BEDH
AQDH
CGFV
DFCG
CBSN
CFSQ
CPLO
CLST
DIOS
CBGS
CTUW
BMKL
CIFO
ARUJ
BBRO
CARK
BPLO
AORO
CTGC
AVSM
AOSL
ADWI
ALXX
AFTV
DCOE
BTIM
BWIZ
BRRR
DBED
CAPB
CZYB
CLUX
AVTH
BZWD
CUGF
BRLL
AZMF
BNQA
ARJJ
CWCI
CXFZ
BQYE
CVDL
CRGC
DJSR
CKJX
CCON
AKMN
BBDO
BWGX
BGVN
BZMT
CNJG
CWYJ
AIMW
DGEX
CFFR
ALCG
BNZP
CLWE
BYMQ
BXFK
CZVL
BEWI
CHVI
DCUK
CYRT
BDTD
AVFP
CTXS
BTRB
ALNW
BJNY
BVKT
DAWE
CXSU
BGSY
ADEW
DKFO
AKMH
AOZW
CPZD
CNTQ
CFFU
CCHY
AZRT
AQBR
AAPK
BSWI
DBIB
AIZI
ABTK
AROV
AEFI
BTXB
AZWZ
AVVA
DCFB
CYUC
AEHX
BJLW
DEYO
ATBL
CHUC
CYYY
BUDV
BDCD
DANH
ABVD
DCXT
BPEE
AVOY
BUME
ADGB
CLDL
AZUG
DEDY
ADYH
CHIK
CMLA
CVGF
BUTH
COGC
CAOF
AKJK
CZCT
BVJW
AZQI
BLAH
CHHH
CGGZ
CQQC
AITF
DDAU
APXS
BZCG
AZTJ
BYHH
BIMZ
AKWG
BFHE
BVFZ
CADA
AXUK
AXUF
CGGH
CBIZ
BSAC
CRYY
AAIM
DCEX
BHEC
BTRT
ANGY
BIVM
CEIM
BKTR
ACIY
DIMH
CJTR
CLHK
AEVY
AVEG
DFLL
AVZP
BVJO
ATRM
CYQE
CZCW
AXEI
ABOA
CAQR
DAZW
CEXG
CSUT
COMM
AWAH
AINO
AGNX
AVTN
AXYG
BPEL
BDWT
BKYN
AYRO
BJNT
AAFY
CCKH
BYEJ
CFNA
CJQE
ARZT
DBNU
BAUE
AUAJ
BTYC
BQXG
AWFN
COOG
AHMQ
BGZX
BTFO
DHNW
DKMR
BMAI
AJVT
BNXL
CNVY
CFJX
CCJX
CUBD
BEZA
AUEY
DBDL
DDNJ
BRUT
AVVO
CHDA
AOVB
BPQU
AOVF
CEBD
DJSA
CNFP
BHVC
CWBV
CULV
BFTS
AGFE
COBK
BYPD
CKZQ
BCMQ
BXNF
ASHV
AUTW
BGPO
CDMX
ALPM
BAEO
BKEA
AGIK
CTBE
CTMQ
BAFN
CSWR
CPFL
DKAX
CEDW
BDUZ
CVOY
CURK
BKHX
CCJT
DHAN
BFZI
CMHV
BQUJ
BGZM
BLFG
ASFI
BYXV
CDJU
BHNR
DGPJ
CXHN
DCAK
ARYO
AEQC
CAOQ
ADTF
CXWF
BTCB
DGIW
BECD
ATNU
AXFQ
AZAM
CAWF
DAWK
CTZX
BNXP
BGDQ
CZSX
AIGO
BCQT
ASSJ
CRQT
AQJW
ALYC
CJIM
DDUN
CNIZ
CSAQ
CUQQ
BEVW
BSAK
DHKD
ADCK
CTBA
ADHC
BHUV
APVR
BSYV
DJJN
DGXX
AWXC
CWXE
BBQB
ATKN
CPGK
BOQC
CBRC
BGWP
AQHC
CWWR
CKCP
BINV
DAJA
CFAP
ACIO
DCNW
AUXG
DCBU
BKDG
BQFY
ATEF
DISK
AOFR
DGGT
AJEM
BQJW
DIPD
DCIU
DFIE
CNPA
BEMC
CSCU
CBND
BANI
CHTE
DKJV
CQYO
AOWC
AXXY
AKEC
BWXD
CICS
BDPF
ALBA
CIWB
AQWP
DAOP
BFSW
ASPW
CQPN
CFBS
CRCH
APCV
DDDN
AJJT
BLSO
BNMW
AUHA
DCAV
BTDM
BQSP
AYTD
BQEC
AVCK
DACP
CPZV
CGIL
AASR
DAPK
AJOP
BSMS
BHBN
DFOE
ALAP
CEUM
CUQI
CFBO
BEQG
AMNK
CIFG
CQWN
CSKI
DEVR
DDYQ
DCOD
BHCG
BVXF
AXYZ
BOHA
BDUX
BLAD
BVDO
BILK
BCZK
AGVW
BALG
AIEO
DGNB
CXCH
BDQP
CBQC
ASZM
CHAI
AGZG
BMAW
ARDL
ALNV
CMVL
CWDE
CSPA
BOLD
AUTC
DBAM
AFKY
BFKO
DJCM
DEDB
DKHN
CLFE
BPPH
AUVM
AQZX
BBOT
BLBU
CMZX
AACL
CFHF
BRPV
AYIQ
CUFI
BLJA
BWSG
BORP
CPWN
CKCW
BTCF
BUVE
DDQM
BYDC
AMXY
AGJM
CZJW
COZT
ACRQ
AJSA
BNCI
CUXK
AOXB
CSHR
DETB
DCQP
BVKE
BXFG
DHMI
BTIA
DECS
CHQT
BTAI
CSJY
BGPP
AZKV
AUJU
BESR
BFXY
CCNR
AJYN
BCZB
BSVZ
ABCT
ATIY
AUIV
BRAG
AKII
AGYR
CHJX
DHYW
DKRY
CIQU
CEAI
AAQO
CXKT
CIFT
CCWK
BOTZ
ANTV
CWSH
ANXW
AZVG
BKVO
DFMZ
ACCX
BGEG
CNVB
BJKU
DCTO
CDJO
BREJ
CPUH
ARKQ
ASTG
ASNR
CYYO
AQXH
ACLO
DCYU
BVIK
CDUS
ALOD
AEDA
AXJG
BDAC
CWNK
AULE
AQGC
CVTW
BILN
AKYL
CDPO
BSXO
AKUN
ATTF
CFET
ATQC
AMLN
ANHS
DIAT
DFMV
BFMD
BMJA
CYJZ
BJDN
AMQJ
CCQM
CABI
BDDZ
BIGP
BHSQ
CNKU
AGUP
CVEG
CQGT
AUWO
DGXD
DGIG
CAXL
ABFQ
CAIS
BOBT
AMDV
CSQW
ANJX
CVCO
DEUA
ASVF
CMAZ
BAWT
DDZX
ASFU
AQJP
CECL
ANRT
AXRA
CCAI
CLLL
BDGM
BRQB
CPED
CCSB
BVHZ
DCLE
DJCO
AGZF
CJFV
CWRD
DDFA
AXTQ
DEFX
AHZB
BHUF
CVIY
AILG
DEQT
BQEA
BYQV
BSLR
AKUQ
AKYB
CFYY
DGZX
BAYD
BQYV
DIME
CRDF
AKLO
DIAG
BGUA
BBML
DDNM
CFXQ
COEF
BCHE
CWHZ
BBAX
AQYI
CPRA
ASBE
BAQD
AEBL
ACRG
AVWH
CPFQ
CLOV
BLCR
CSGU
BUGY
AZVP
DCSQ
AOAC
CMQB
DHVR
CJJO
BJAM
CNZD
AMRU
DFLC
CLOC
CKTG
BPER
AOPV
CKHU
DBME
CCHM
DCQH
AFEM
AWDH
AUWJ
CQVX
ASHU
DIXC
AKKF
BQIG
AHSR
BDAG
BMMZ
DECX
AGMZ
DHBG
CITQ
BDGY
AMMB
ALGW
BFUH
AOIH
ACLB
DJDS
AXVL
BBGX
BNFY
BRFE
CCUM
CEQK
BMST
ATWR
ATCJ
BGQT
BJYQ
CYCX
CXAL
CCQE
ARXL
BHJA
BMYF
BBSL
BAEJ
DJKR
BHDO
BEJK
BYBJ
BWPF
AINM
CXKD
BRCQ
CKSJ
BKVI
BSPP
BBSV
CKVL
ADML
ADYA
CVKO
BWUK
CMJC
BEWC
ATDQ
CIQQ
CMKF
ATDE
CZYE
APND
AGJI
CYIB
BSKD
BVUQ
BSZD
CGUL
AFVD
AUHD
CDTN
DDWH
BYCO
CMAL
CDNA
ATPE
AQEW
ALFL
AYUG
ARVB
AYIC
CJUE
DGDV
AQFV
BQMV
CJFR
AJST
AFWD
BSYO
BAXI
CJKD
CAZE
ACYK
BPSU
BCYO
BFLH
AABN
BIMJ
CKWI
AUVO
DADM
CFNY
BVEH
BACZ
BQTJ
AHAC
DFYQ
BBHH
BFBG
DJPB
BZYR
BMOS
AUGR
CROB
ABXD
ADSF
BDLT
AZGN
CKYE
BYGB
ANCJ
AXKC
BFMH
CBWZ
CLJW
BZON
AYYT
CDIW
CGSS
BAKI
CDNH
DIBS
BNVV
BEJI
BNGJ
CIYA
BCKV
BDEP
ACYE
BCCX
AOIW
BAGH
ALGN
CBVR
AYBM
BZTG
ADFL
DKDH
CXIZ
BZHD
BACE
CAFT
CKMD
DEFS
CHED
BKZO
AIYH
AZYC
CJRB
AKVB
CJNK
BFKB
CJXU
BNTI
BRTA
BCID
BFTK
DGYK
AOXR
CCAY
AHHX
ABXW
DJQH
CPIB
ALER
CTJA
CFEO
BLGJ
CTMJ
BAHG
AGFD
CFRS
BCAJ
CMAX
CTPY
APQK
AAFK
DHTF
ACKT
AQTK
BXTH
AAZK
BFYQ
CSKF
DHLL
AKDR
BVHR
CBRS
BFKI
AVCE
DCQJ
ASKL
AXIV
CRZV
CBXX
CXDM
AVMY
BAYO
CZBC
ABPK
ALEE
BYZK
CHUA
DIVL
CKRB
BHBU
CXOB
AMIO
ANYV
BSIB
CUVQ
CAAZ
DCBQ
AADG
AQKM
AQYB
AGEL
AJEW
AQJV
BDZP
ARPL
CRKT
BAUX
AQBU
AOQU
BSWY
BUUH
BOZR
AUKS
CWSE
BWGS
DEBP
ARAS
ANJQ
DFUV
DKCW
COJA
CMWJ
CJCY
CUMB
AZAA
AMAT
ASRI
AGHC
DGCJ
DEXG
BMFN
DFLX
ACJE
CGDB
ASJB
CTKO
CJUX
BNVL
CKRS
BASU
DATY
CECY
CFWU
CTZN
AXOS
AERP
APGK
DEDK
AZPL
AEIC
DIUJ
CNAR
ALSH
ANHL
DJBQ
CXUL
AURW
BNOP
BDGV
CSIX
CCJZ
BUAM
CAOI
AKFS
AVZG
AJJI
CDVL
BCXM
ADJJ
DJUC
AXZY
DKIR
APEG
CYRK
DEXM
AKLZ
COHO
CXPI
BXYA
BDYA
DFSY
BPWE
ASTS
DFVS
CWCN
AFWF
AILY
BRPZ
AYYG
APVZ
CFOX
AKMM
BISZ
CJUA
BAAK
COPS
AWZU
AJPN
CIHA
AVDD
CTCE
CHPP
CNOS
BKDE
CPCK
BUTG
CMNQ
BUVY
DACV
CSKA
BSDI
CADE
CIHB
AOZX
CFLO
BCZD
APOC
BEHW
BHOX
BQSD
BHKL
AICV
BIWO
CPMX
BVKS
BQYB
DFLT
BEOE
AUHR
BPLB
AFWM
BKUG
DDVK
BLGD
CJYE
DKQZ
BXRC
BEOL
BGKQ
AHQP
DJJI
ADYC
CBKC
BBGY
COAP
DAJK
CNEB
AGPF
ABSV
BIEP
DIDU
CZJN
CWLK
BTUO
CAXZ
CHUQ
DHKI
BNGP
AGAR
CXHH
CMUT
AJZD
BSLF
BOYX
AWQG
CWKL
AOAD
BNYY
DIJG
BJNL
BKSC
ATJQ
BWYR
CTGI
CJTD
CDEX
ADTW
DCVK
ATCN
AVFW
CJMT
CXYE
AMSO
AUCR
CQAK
CFVO
BYDH
AZBY
AVLM
BQCN
CRKZ
BWHU
BYGW
DAGY
ASLY
AFUP
BSNT
CRVA
CIKY
AYQY
BFLE
BIDW
BWWV
BBHW
APHA
AWWO
CIBO
DENH
CBOJ
DFZK
AOXD
CSPV
BGEL
CBIA
AEBC
DHPM
BVQL
CEER
CBPY
CHGN
ACZR
CTIP
CZUN
BVYM
CFSE
AUBL
CTHP
DJJR
DFJP
ASXY
ATMV
CADN
AYKZ
ANHT
BTKL
BHJR
CZQA
CAJT
AVHY
DGVN
BSVP
ABRH
CVPH
BQOL
ADDZ
BPJV
DKJA
BUVM
BIMD
COKN
BGOL
BHPC
CNTY
CXCG
DCDX
ATPN
ABUG
CVSL
AQEH
BACX
AZST
CXUJ
CUIG
DAOQ
AFVZ
AZLW
BXNW
CKEF
CDTB
BOZL
AFUV
AQWZ
BTRQ
DAAX
COHI
BBAU
DGUP
BKKT
CATB
CZLY
BHPU
CVQA
CRJJ
CGHC
AHKL
BEYO
DFCA
DJZA
CKNU
BUPL
BVMQ
ASKW
AFZV
AGDK
CJQY
CSIK
BBBI
BVSR
BHHG
AGBG
BMBN
AXBC
AQBL
CKUK
BURR
AQKX
CMZS
BESB
CYTU
CLFK
CRQG
COME
ACVH
AHHE
BAGG
AMHA
DCQE
DJSZ
ABOP
COYT
DHNB
BCJK
DFSG
AKHH
DJAJ
CPPH
BCZO
CFSH
CROC
ADUI
CXDU
CMDZ
ANVN
BGEP
CVZS
AMSC
BLMQ
AGMH
AWPJ
DAUJ
BFFY
BRBS
BIMR
DISY
CEAG
BSVL
BFMR
CZKH
CUKW
BYTR
CAWE
ANEU
APXP
DCUS
DHNC
DJKS
BHJQ
CDUM
DCGE
BBFK
BWTQ
CAEH
AZIA
CYAP
CAYD
CAEC
BIDK
BWMU
CZEM
DKBC
CLZQ
BKMD
AWAA
CFXD
BYEW
BXEP
CFIE
BNLM
CSOL
CZUJ
DFER
CHUD
CYRY
BXAD
DFDM
CQBV
AKDB
ADBL
ADHJ
CSYC
BMIM
CRWR
DBSC
BFKX
CHOI
CVWS
CKAM
AGRU
ACMC
DHYH
CPRJ
BTTS
CJJR
CZAO
AJVQ
CKWG
CYMR
ADTE
CMDH
CRKS
BJXS
DKKR
CZDN
CLOS
CTRI
BZCA
AKUG
CQSE
AIVX
DKLU
BQAX
BYRX
BPAC
BPGK
AMGA
BKAX
BKKM
AMWZ
AHEL
AOVG
BMLK
AABB
ADKS
ADIA
COQZ
AHHD
CFHY
CEWO
ASLN
AROK
AZFW
BHTQ
BYNG
CTZO
COQD
AFAH
BEIV
BDTR
AXWL
CURU
AEVP
CANT
DFNI
DKDN
APEP
BBCM
DJWZ
AVKX
ASEQ
CXEK
ABIB
ABXF
AEGR
AVUT
CUKF
AUZD
ARAT
DBCB
BWIB
ASGK
BHPV
BXPJ
CXGH
BJIG
ARWS
ASLA
ALPL
AWON
CATW
ARIT
AOWV
CKDL
CITD
CQHL
CRWK
BVPV
DDSC
CXEA
DFOI
CSUB
BCKI
BXFE
DJJW
CDDY
BRLO
AZON
AHMB
CDVH
BMNJ
CEAZ
BBGC
BZEJ
CTDG
CXVY
CUVB
ANZV
COKA
DJRM
BTCP
CJUD
BVMK
BXQN
DCVN
BGTM
DBTT
BVPH
BSTR
DKBR
BJOO
CTCH
AFJA
CQNY
AGEC
BMUD
CXYT
AXBB
BYFG
BHSG
CWPS
BOPJ
AINC
AVPN
AIIP
BOIZ
AGJV
BWYL
AIBJ
BZFJ
DBPK
CRZO
CBSG
BWHH
BNUP
AJAV
CCNP
DJLS
CNMN
CQSX
ACYV
BIZU
BPKS
BTJS
CZNS
DFYI
CLWT
ARBS
ACLG
BTAS
BJSO
ANUR
BAOD
AWZK
CQJA
BDUQ
BNYM
AJVS
BOVD
CHVN
AUGX
BYDL
DJSN
AXRM
APJI
DBQR
DFUK
CGBD
AIED
BSYR
BWIY
CNGW
CKBV
CVNW
CKGG
BSOA
AHJO
ANBB
BOLR
ADZA
AXVE
CADD
BJEH
BKTN
ASNT
AXTA
BZMV
BXWF
BCWJ
CXUP
AOCP
CAXP
ASLC
BVYL
DFQJ
CVYC
ACFA
CQMD
CYLS
DAUE
AHWI
BHTJ
CATM
BJCJ
AHKW
BNWF
CZKB
AGIH
BQGW
AIAS
BUTB
BUWR
DEDP
ALGS
DELP
CZCU
CDIU
DIZR
ALEN
COYC
BUHH
BJZK
BPBO
AZIZ
BZYH
AEBP
BZNA
CYGJ
BVEG
AWYA
DDWZ
APOL
DBKR
BXGZ
AYMB
BKWV
BPME
BPUR
DHER
DFNJ
DEFM
AATS
CPPT
AEZV
CQTG
BMNI
BYYQ
AYJL
BPCR
BLFX
AEJX
AGPB
AARJ
DADS
BRZS
BUCS
BFBQ
CLJR
BBVS
DGMZ
AFED
AMPN
BLXR
BDZF
BMSL
BDZK
CIWK
ALTQ
DFGF
DEQI
BJMT
ACRK
CSRK
BQSF
BGRZ
CROZ
BARY
BCWA
BLTY
DKLY
BHEI
AXNQ
DDSD
APDL
BKYW
BOJA
ASDV
CDHE
BROL
ATEM
BMTY
DHMG
AFUB
CAEA
BJKI
DGED
CYTG
DDES
BRWY
BVEY
AFCA
DJGW
AQAJ
BNPT
ANOR
BCWX
AZZF
BLYR
CBVO
DJFF
AUSY
BQYI
BWCE
ACSV
