ajmz
fgc
acyh
ftv
aphn
vet
atfm
aivk
zwe
sxm
ajof
xlp
ajtr
basg
wmc
aipn
bjpx
pla
amlu
bqg
avws
nxy
enq
ape
phb
jwv
agrv
atpj
afrk
anms
isw
xjp
pnm
qtc
alzt
lnh
trx
ahkq
ykd
avir
ehl
etb
adfo
afkg
avmy
bqnh
ls
hmy
jnk
jbt
bply
lvx
ung
eda
bivx
atwn
ibc
blxi
bgrh
dt
bqs
tye
jxz
iqo
aed
biys
abhf
biyr
syj
alup
audm
wvk
qxk
ahik
ablc
avfc
klm
bmcy
ajst
bdyv
mbn
ahxo
myp
aztb
obz
qvt
aflp
eds
juw
ayni
weg
abhz
gxz
amws
awng
pwo
bidt
beqp
abpo
aygz
ey
agvz
gkz
ahve
rxt
oxv
ior
hnd
afws
bmi
ahwz
boft
bhkj
tfa
bmzo
bnyt
atdr
dla
akux
gjr
mua
ngv
bsau
vax
wkf
atwg
bmlv
kny
ayft
boxw
zcv
nst
bfvu
avy
bela
bodh
bhcw
akqv
cur
bhjg
zha
aoiy
bnfx
blsg
bqtr
awtl
bofp
amhi
api
bgxc
aghs
adtc
fjk
aihk
abkr
brxd
akef
ygd
tie
awpe
besa
lyv
bjyz
bcyd
bryn
agwf
aqfe
tmg
jwk
seh
zcn
gqz
blcw
xuy
bpaw
bewc
msk
amsi
adjb
akxb
anut
aykn
aqyp
szy
lhw
bals
bert
acyr
dx
avho
anor
afbj
vhc
amnf
qve
baq
amnw
azxs
brsm
rdw
qwf
axgv
afje
ahyw
vkq
aosl
azei
blzv
qdv
blqe
bemv
bicx
rfj
brem
hrx
wej
bnxu
ancx
auhp
bah
btw
ekd
ceo
bdce
arpl
amfs
oim
anbh
agxb
avfe
alek
sxp
tju
zyk
dhj
barf
befj
ucj
asvg
rzh
bmxs
awhs
bkor
anyd
bdrm
aemn
owb
sto
gxm
bilg
bdnp
jxw
auyo
tyr
zdc
bdoe
bsvc
awvd
bnlg
athp
bfto
zmb
hxo
amek
zin
vcz
beo
kzx
acyi
hye
gr
adqp
kdv
avfk
zqn
beqk
cwh
pql
emc
apem
ens
uqw
kbz
icy
aolx
afdt
acvu
ors
kda
bqzw
ud
bnsu
uix
ayzt
xer
axvy
aits
besv
bkfo
slx
ajtq
uct
axmb
bsrv
bmzu
dwt
avcz
dqt
agzh
dwn
vka
iv
bqzc
brli
kyi
avoc
bosm
arem
auk
bux
nes
baft
amu
agzu
boln
btp
axhi
euo
bivu
yjc
nh
esw
avbx
bjyp
azym
hly
bhl
uki
arbn
gtc
wyq
bdls
vbs
oil
brjs
bcfu
awyc
axgh
advc
bjah
azqr
azvh
bdej
hon
wnk
ahzq
ahyi
ahlb
apbx
emi
bpyk
bhnr
wpu
tsk
bkhs
arlm
bjti
cji
nhi
djg
bihs
pdw
lhf
tji
aliq
bpa
bchw
ric
cdr
bipy
bsap
ox
awmn
ayiz
agor
zbk
egf
baod
advr
yfn
cqb
chp
ahvb
azyh
foz
ahnr
lnj
apei
aysv
apqb
bnvd
ajml
xzg
aidv
ahkg
breo
bcsf
aopw
bcpt
azsu
bjsx
biho
ubp
bpys
bdfx
sqb
zrh
uda
bhoi
adzw
bhaq
bhpm
bpml
aysz
kzi
vbp
aevm
alxq
ahib
aruv
auev
bmyv
awth
bjlk
kig
bcjq
vzf
azxt
ufe
amqs
nep
txf
zix
afnc
lvc
mbi
bqtp
oni
jqk
drc
it
adbg
boin
wlz
bhlm
avjw
bhpl
csn
har
bmuf
abzk
htz
aqvt
bjgx
azyq
rlk
blxn
amod
azvu
bdop
jwe
afyc
cil
bnai
arqf
dlk
bqas
mdb
hql
stl
bhxj
ayvg
amrg
berq
asiy
xmn
bksn
alur
mdg
aygk
qu
mwf
bens
gih
iry
ep
nsa
anqd
ciu
iqb
mxo
ipw
brzs
xlw
bohr
fkt
akpm
cxn
brmk
bahd
wtf
brfi
fkb
mne
boqf
azcq
oik
ajve
alfq
ajft
uxn
aqk
bdrt
npw
xdo
betk
lxs
xef
bky
ayrj
fxn
htj
phg
abpc
bza
awgm
dp
bhxs
ovu
bkoz
ayvr
arbe
ypj
arxm
bkgo
anr
bqag
bhel
afdr
bjkx
azey
bsct
blfa
ikn
aewt
tvk
aohz
vkn
arbg
ardt
bjfn
ahcy
rip
gjp
gqo
awuj
bdry
briq
bjvm
bnxl
hdl
pys
ahze
bhol
amno
pgt
uty
jkf
emh
aghf
ahji
apcg
bdsu
buw
bfpu
bapm
azdi
alzu
twj
aeuw
eos
bhda
yoq
aozb
atpo
ahoj
sjk
ixy
bctj
bdwl
xkr
bgzp
ugv
avjh
bjuk
axdo
bsoc
bgtr
qrf
adwr
biyz
artb
bo
zar
afsk
bfpt
augk
aelx
anuw
bhao
bjcs
lfh
snm
amgd
oqy
asoq
tgf
bndl
ids
si
edj
agyb
sb
afhr
agjh
aqnb
qls
atkh
oml
qdc
mul
zui
guq
aokm
bnye
atsw
bonx
gfz
rdi
fmk
aznd
lym
azwg
bjoq
aurk
acqo
nsc
bctw
uw
aqdm
arvk
aqy
amnv
ztm
azbj
hud
abdq
rhf
aelj
ndv
aurv
cro
rvw
bgda
asix
ufw
baxz
ayxz
bjiz
bhvr
atkv
zpl
yhg
bavs
bnhr
hk
bghx
amqc
fsy
bnkx
nxm
beut
pku
yri
mqz
eqs
bclz
aqon
zgr
eyl
bdhz
lgb
anme
xol
bqvg
avkr
albs
ajzm
rux
jsp
agkt
cq
acpo
bspz
gdo
yqp
xfu
bphd
aowl
acel
ajfx
aipy
qci
adrp
tno
acvt
bgt
sxe
ahrm
arkh
dhl
axhr
aqks
sjp
bjfo
ce
tcx
besu
kpx
zpw
adyo
bnrc
hvs
agfw
bpit
alny
eiq
akbd
bqjt
bvf
anrv
vsc
lrx
bkih
fxi
beor
krv
bijr
txq
aedq
yjg
rad
ajqp
gwu
ptm
aglc
atie
wkt
zqa
bgqm
dbi
lfx
baey
eoc
yci
aetr
alce
xts
qzc
xtc
azto
aomj
voe
brls
yjd
kdw
njr
aqwk
aey
qif
awrh
mwt
cjq
askn
avjn
apjw
qyb
bquh
bqft
bfdw
bjpw
syn
bfui
apqj
aexb
amje
bmhd
birk
kfm
bhr
blgp
bgnl
atnj
bfyu
bixu
both
axyr
bqao
kza
aht
amvg
atnf
kdo
ajxk
ikm
ozd
basr
gtu
anqr
bnwk
tyx
cgq
apbt
axch
vlz
lvu
bjvu
fgh
akqo
acpm
bfvc
bhlv
abtz
aoxk
cgy
becp
teb
bdno
tpa
bary
new
amfz
amoq
aksw
bcmq
bcjg
adct
yxg
ajcn
amls
bfzk
auzs
tja
bnqz
ayfw
yjl
ncf
avqj
btx
bcyi
adij
aspo
lma
bsyd
qd
bita
gbc
artc
yjh
awrs
anrp
awmp
bqcj
bkt
cgh
jrb
bkpv
atjn
los
eit
brxp
owd
gpx
bozt
bjgd
auxf
bpay
asph
azhs
ahft
boui
bhzn
sln
ubl
lzo
kti
aqhj
xje
bpls
aown
bquy
cdv
afjs
ztn
caq
eso
tob
dvu
aluz
apr
bqrj
axtj
dov
ga
bhmo
czw
xqi
ahpy
aoqv
aqjf
awnu
cne
bgud
brul
zep
alsr
bknd
lvo
agul
upx
jar
aicj
sqj
bluw
ahym
boia
dub
zxn
vxf
brsk
bax
adcz
bdmu
bgli
gem
yox
elk
bsxa
atnv
amlc
blyc
brxo
ckf
dbg
alhg
bsak
vbx
bpi
aigz
txl
pfb
bomi
vwm
aut
atei
ajpv
hnp
abqp
bmtl
alir
jny
axji
znv
cog
awv
fmd
jhr
bpru
bpqd
binr
bseq
azgi
mdf
agbo
uvl
qbr
axzb
azys
cep
bhiy
bqkd
bfjp
akow
aumc
bnwr
ayjn
begd
knf
mpn
afyd
oea
qzn
eu
bgvf
ahrb
bitd
adec
bahm
bnsy
amof
yp
pxf
awrb
ayvl
md
cdm
brtd
boul
ayen
otx
qhk
brhq
qtn
awln
whj
bjua
oxr
siz
iyg
qaz
bnhf
blzm
bge
xiw
ajhn
aeuv
wuk
ehu
acig
dto
ahxg
gpc
bnqt
atvc
axrn
ajbf
adzl
nm
zlj
rhn
zvq
xeb
bpku
vj
fnz
jql
bkde
ascp
bieu
ebo
zl
bksq
bkau
iaf
arxq
lrc
uts
zdq
bqw
zje
pdc
beml
lkn
arhv
jqg
vyi
lyh
byv
amdu
bjmc
atp
arby
pai
blxv
beum
bnqp
ankr
aryc
qnk
brpu
biag
awzp
jgb
bta
apfm
aphg
bn
bdrg
bhak
bghp
jkg
bpec
abpe
bcoi
ahtv
akfh
atru
bvk
bixg
bdpl
gsx
htc
bgal
fmv
dut
bdgn
qtb
wyl
jkm
aurn
arn
ujk
agev
hkj
avmw
aqob
ahnc
ny
ovg
bamn
bsax
bjne
mla
bpqm
xtu
bnsc
liy
ftw
swg
aonf
apqh
dot
vpu
tcp
omy
adlc
aqey
ncu
biay
obc
ansg
acsr
agtr
blzh
brug
giv
bgmr
mkd
bfzm
aysk
hqc
gbw
afl
ruj
msq
aupn
kqf
dag
ayg
bmjq
ankj
aijm
bkzv
tsq
bpfd
agtf
avpc
fgv
adez
aulc
bhyr
dys
bkca
aspv
vzs
auno
asjt
axui
bokt
vog
urw
bjdo
avsn
ywi
bnlq
dkc
bnty
awz
mox
bmfi
bsir
bceu
awnh
ainu
ype
gsp
mnx
amnr
awup
bqnx
afkw
qlp
aouv
ty
fyb
ahe
fsg
uli
acuy
brdo
gvp
ahij
bjeg
bgyk
cuo
apjd
ltn
blhx
ifj
ajvp
admu
bcuz
fwh
aqpk
blqh
alen
bmnv
gwz
azyw
tmo
abpg
bide
oks
bftk
fv
xzf
akyj
ampf
ufq
azjt
hqy
eac
algf
axrd
aiuk
avdy
twb
lfo
bqua
szf
fre
oyr
atvf
aitp
bnko
bgjz
bsmh
blvk
ajir
aked
bhec
kip
lap
ahqi
bixy
jer
bsop
ajhf
zjq
bsdc
zea
alst
uni
dqg
plq
amij
benm
absp
rh
bgvs
qrk
amed
aodj
asgt
acxb
acte
bfdn
hqj
actq
aizq
akyf
avhj
bfde
pjz
bcrs
amfi
ajip
fwu
dis
bgtx
cs
aizd
acmo
sqp
ato
bgif
aqfy
aifq
bqpg
bqmn
bcwe
bpmc
kia
bplw
bhis
cvl
sox
hva
alie
eim
amqb
agih
axlw
aylm
eau
vfa
cux
atiq
bhx
aqte
ails
bcuy
agqe
hxt
qsw
aqb
bpnc
rcn
wgt
bkdn
fyc
mtx
bsxq
bmcl
adks
sbq
bodi
bems
asvz
rou
ljn
dvs
bnkt
mwi
bjku
alnx
bols
ovl
pxg
vty
adbw
bkmi
bpzm
ir
ruy
bpdj
aslp
anct
bdrc
dxr
uid
cga
adzq
kxl
rhb
auge
adrf
tck
agcp
xcm
wxv
edb
fxy
mol
ayhp
dxn
emx
rtm
anrc
aswq
zdm
ugz
lsw
vum
anfr
bgai
gbl
wfm
dzh
bqcx
okn
ycl
awfq
boit
ajnm
amex
bfhe
hbm
bsty
bqad
ouy
arkz
bhvn
baqs
emo
avkq
arcw
bgdn
avxe
bres
rdl
rft
bcxu
bmwv
qaj
anyt
ptb
jpo
ihb
vqh
sjv
bnjc
tsh
aoqp
nph
bdri
aiml
bhul
ayim
bnjy
afrn
adhp
arnl
sob
afzq
blzd
aezf
knl
bjdg
amtg
bhdj
bixs
aczp
ajgf
coa
drg
becv
giq
kdh
aune
tgk
balp
awsk
aiqv
acdf
acjt
rxy
azvi
vqe
awcq
ctz
bekq
blrx
bcvx
etc
sew
bofy
bfxg
fpt
blap
bnxr
aojd
auoc
avez
wx
idp
qao
aslk
aobu
awvp
acno
atuv
tgz
ycd
bmqd
andj
bdpo
aipr
qoe
azex
bfxq
aijb
bluj
bflu
tsc
bgpn
jnu
aocn
bjey
atwf
ztl
bnch
bie
ajif
lsp
alwf
bcul
tcv
bhtu
anur
clw
aevf
kvp
aroh
amvu
uqd
bmhf
oxc
acxk
uln
mod
avhg
huy
nzl
rlj
bqso
agmb
djz
acjv
uge
ahjg
aubo
afcj
atqw
kui
zta
afty
azql
agdp
xks
nyf
afnt
bdvs
avnw
kbm
vre
acyn
aknh
aowh
avbr
ayls
aesb
kum
gdh
bipe
ajwv
bmia
alwd
qdg
dfo
brou
jox
baxm
yvq
vly
bpgx
axzw
bcse
fhr
bnki
alhe
aubf
auwj
ayfk
bhnv
muy
agkp
avtn
nlg
beyd
war
vg
aerk
bmwx
bdml
ogd
bnfp
bmrq
qfr
aqvi
ztg
actg
aoxm
aghq
agqt
bgwe
ayil
rul
vyj
azjq
agin
arbm
aopd
ysn
bifm
dqi
aqkx
bmgk
bjgz
fqk
bchs
pie
bfmr
muj
axvb
anhp
aomk
arsm
abjl
azes
auvq
pae
trm
pox
bdqf
bqvc
arcv
afvb
biou
beph
rfw
bdxi
aqjb
aumb
agho
bmiv
ate
aslv
apxz
oqv
ahgl
brzq
pyh
boiw
brhy
bonm
cbl
lfb
kms
aexk
tzi
gtd
axwt
aovn
abcv
asek
hmx
cmu
udi
jnl
ktf
acqu
bdpw
arpc
hdr
acjm
bedg
aotz
umc
bldk
ayeq
audv
kgu
bsut
exs
axhk
xhn
ydt
avwu
auks
hcf
fml
bpkh
asuy
hsi
dpm
biwq
bior
jrv
blec
blsw
wnj
hbg
gqx
bdjo
ajev
smh
aksb
apsi
bdjw
gte
ainx
bkzs
akz
drs
aoqu
bnq
ejs
myj
bpas
axkw
bqgy
auod
bqei
frl
afxw
wfc
blz
zgc
ajvf
oce
bpck
acho
bnav
avrp
tuq
bewa
thb
qvi
ajs
wyj
betw
abys
hmi
aiy
bkrd
bnsf
bqky
our
eut
anlg
xrj
npq
apxu
ot
amuf
alcq
bjlh
aejd
bowq
maj
bgjv
brlm
aysi
twn
aybd
adlj
amts
bmua
nbx
awhv
ybl
xue
bsmu
aksv
axsf
bfqd
vya
bhmf
bjsi
afls
yz
ahqz
aikz
rpi
actl
aweh
abtr
bami
ahbq
aryv
blj
bfpq
jz
jsr
aznx
bfeu
aquy
aszq
wdi
jmb
awgj
xya
jau
amey
dg
anti
wzh
asig
qag
zun
bano
ers
vpi
bekh
bqmi
ihc
mzg
akgp
wdo
bpug
avo
ydw
rbz
dko
agol
yng
bjmr
ktr
aoyf
acqs
biau
bcka
aozu
xdw
axcz
bqwx
ucn
bjry
jie
anj
oht
alrh
uvc
broy
xly
bhag
bapi
bmek
awfi
avlm
bmxr
zhg
jaf
asoz
aukd
kfz
goe
ldr
bauo
qhn
aiqx
bkrx
nlp
axgj
amjo
mpl
bkry
zdj
abfi
abeo
aolt
lhq
bcut
lac
yqx
czy
bqrd
zre
bstf
boca
bask
aglz
bmfg
azvf
apqz
arht
vek
acow
atlm
xdy
mwq
amyi
rdo
ahvs
elx
blqk
rds
dne
ekh
agbt
aicx
rfm
agoq
qbz
eqr
bwc
bokh
cfa
hal
brzp
onw
baoj
bjdm
kw
uqp
bgzn
zxl
ugn
bmew
amkj
wjn
crl
jrd
artd
ashu
brki
bqyn
bstu
bqor
iux
pki
paw
aozk
aozn
apqk
boxc
atlv
bosd
afvx
bksv
bewj
bof
cjf
awmz
bsol
asew
qya
aycv
awpt
ajxh
aqsb
bgie
glk
bokf
zdo
axfp
abiy
axoj
angk
ibj
azgb
alfh
qjk
bohk
ahgr
axnp
ajt
auwr
lbo
bfvz
egc
bstn
aosi
mcx
bif
alyx
wqm
bgyt
brfc
abom
ayel
kz
avwb
bjqi
urj
bhtn
atgs
abqo
amlz
adwl
bnst
dlr
bozc
bpkd
ajtl
kur
biv
avgc
tmu
lzc
avdb
augh
abrx
gba
dha
anqz
aujt
atsl
auor
bldx
bsr
aqcd
askp
nlk
bexs
axvw
amby
awsq
ryt
mes
scu
pjh
aexu
bnax
bzw
dez
bgdl
aylx
jng
bkqi
rnp
agpe
fez
auop
aput
aoxb
beyt
bjdz
dr
bdnu
blqr
owu
agui
juv
xjk
alsk
yjs
aent
biwm
auqf
bgas
axhf
xge
bmdx
bgfp
bns
fri
bhyq
svb
amqn
apck
amkq
apc
spr
ajig
hra
bjwp
viu
afvo
lou
akdh
goi
bolj
agsm
kzy
bkax
aqrl
axel
fqi
bgau
uec
arnt
tyw
axki
dca
amqd
sli
bluo
kaj
bqhu
ayek
brck
aszm
bofc
tnk
boml
bgam
amwr
bhum
ujv
atgi
bkpc
ailo
cue
aboz
xrn
bgsi
gat
bran
binp
bfdc
amns
bhfy
awdf
bfex
abio
aobt
bqks
bedl
boae
bjip
wcu
uxs
adqe
aczd
bdsp
ahgj
bhc
ajkx
bdvh
tlf
tvr
adqn
bktl
ygj
amfd
bptu
adfx
aiyg
afes
aob
eot
ocb
tfj
vuy
dxc
bokc
kta
lxe
bhzs
bpvu
alqs
ahrq
yrj
afwl
auxk
aukt
jns
afjn
wso
kmi
wgs
bjtu
amhq
axkv
aofp
aspi
akif
myd
hqn
dfg
qcg
afc
bepo
bcld
cjl
kfx
bkxf
bhtm
ihx
fbz
aei
esi
iyh
akrv
bqta
wrh
lvd
azmp
wcj
mic
aqcw
ipf
awuy
aitf
mjb
ampv
asqk
avts
banh
aksr
ahdq
iyw
ahcv
almy
oid
bqet
zfl
cht
vrj
wg
aguk
bnhv
ker
blmi
bakz
fvj
amiv
bslq
hfc
bcor
bszd
avfw
bhye
wbo
pjo
aofy
olc
alyt
atbs
akw
bja
bmqz
adqk
amkg
dnh
antz
puw
bsma
aczf
ldt
aovm
adlu
bnmu
xfr
ycb
dws
kir
mat
syq
bgku
abgz
beuo
aknz
bjz
aoht
bors
aidz
tkl
bhra
alt
adfw
bhyz
bcfg
avze
biov
dea
mxv
bilk
vsq
osr
asxw
bglj
avkn
yvr
imv
bjuq
ejw
jvn
anej
jqx
bfmy
eqt
cey
hcb
braf
asgw
bpiq
aciv
avde
bmqn
blfk
acoq
bijs
apwj
suk
skx
bpzo
any
aylk
ghz
arwy
lmz
wce
akvu
ztw
bpzy
otf
bcze
wic
bhqn
eod
brlx
azyc
asvw
bfvl
brjz
abre
gkw
bgax
amwu
aksy
atlg
ncl
bjcw
afk
lei
zln
lki
iny
bnil
bird
adsu
abmq
cqz
bpaf
avzt
aydm
ysp
tqr
amcz
aepq
iqv
ainm
aklg
bhud
rew
aqzv
aozt
blpq
apx
mun
apsk
kin
jha
ocn
jbi
agon
adfj
arot
apko
vxc
ulb
axrh
dzg
wsf
erq
wga
akvx
azk
xv
aqgk
smz
aqcy
aoty
agxi
ktp
aet
aqcv
izj
aejy
fla
algj
auiq
bgyc
wbk
rlh
xhg
inw
ajg
blzj
atwi
rq
kyl
hex
acxo
klw
acfr
acsn
asgx
bikp
rnz
bskv
muc
aupg
cqp
wji
aeqj
axlr
cer
bojq
bfzn
xae
bfuj
ezh
mk
jmy
anxj
awuc
ahls
crq
boiq
byx
wzi
bqhp
bsuf
bhjn
ypq
whr
bdut
vhe
bmvq
nqh
bpik
bmqx
adp
ajlu
bfnm
jbo
bawl
dvy
dfw
aeug
bonq
jch
bgqk
blcv
arbk
lyn
abxr
brdm
bavx
aphx
amxe
zah
dug
bhtc
afmu
pyo
oxf
arcn
ayxf
bfyr
evq
wts
bcis
bgzx
aynb
cef
brch
acop
aqrp
asfc
nzu
blmu
anvr
adok
afhm
zrs
zob
gwt
avlq
bhoq
akyn
nhm
lpm
afly
biaq
bfxe
aqys
agoz
anbe
gko
ayxm
bmzq
bnwh
aheb
dsg
bqxt
bnsj
blmh
ndr
akoh
agvn
bdqy
bplc
rxp
wux
avod
autc
lpf
axum
asjz
shc
lgf
aogb
lcr
bqjv
bmcv
akrw
alum
thd
jms
nli
dmr
bgae
dcj
aoxp
auoe
avuq
bglx
aylt
alfx
awcy
bowd
anrt
jry
bjrx
nie
kxt
ahuz
bpok
bctg
erw
brcf
ijv
adqv
xzv
baks
xqj
aupb
aqwr
bftw
urv
sgn
wvr
yce
abnd
zey
pva
afej
adrx
bgly
htx
brku
atco
nat
ngf
bruk
aous
bgkl
akyt
gwo
bqrt
bchm
aijg
bjn
ajfk
bfyg
blfg
bkaf
uqo
wjg
aqgm
anxp
dlh
axnr
aipd
ahet
aebr
afiw
acj
atfh
atdj
bhxq
iud
brnp
bmfz
astz
qo
bmdq
aewl
vgj
haw
sdk
nxz
bcpu
baen
coq
ahko
bfzr
bfrx
benu
erk
agir
aspr
atzh
exy
gud
avre
qrw
cfb
aghi
bdus
asiu
bijc
aeym
afin
blxp
avqw
ainq
azs
cfq
bjyr
bezd
rcw
hdp
ajuv
aqkv
aqre
avnj
bnmx
agpz
ybt
antd
bpgy
aszh
bdtq
niy
bawv
der
rqk
auos
ody
adlr
igj
aobf
gtf
zbh
jfb
fbk
bftj
bsht
bfct
bfvn
bfyc
bdak
ntz
aclb
bfpw
eik
bdyz
amug
bpez
nwh
azkt
besf
aibw
awdr
bagc
bzc
bnew
avmn
xno
ajyk
ukw
bcnl
wpe
anuy
afwc
asio
tds
zfk
auqp
mbj
oci
ayjf
balw
ayr
wik
bljr
amtr
ajes
bjom
blhf
vmy
amjs
blmy
mrf
azrk
bkzj
aekj
ajbo
vtj
axry
xif
dst
bqle
awbi
yrk
ihr
becu
aqzw
amwy
muz
bhmq
agfh
ywh
bmq
nqp
fpy
amsw
akpv
gzq
khw
vkg
ybd
brue
lzj
awbj
afsm
uik
aguv
acpk
tef
zmp
myk
bpgo
aigs
vsl
avid
aoqh
xdv
blvo
bue
zco
txd
bdoi
ajgq
mwv
akmn
bdva
how
aftl
rkc
bixk
bngd
uir
brco
bqj
ear
olk
aoke
ojx
ajyh
alck
bqga
awpr
aehp
ayqo
bnqf
bnpt
mlc
blne
sya
bsmd
abzx
bhue
ackq
bsmf
zoi
fdy
svp
apdj
se
bdqg
abig
