37441
14235
24562
12358
5290
26625
9265
9698
16125
7089
15279
29265
23887
35388
18046
3517
15855
2260
38865
25540
31994
36344
21946
14911
12227
22503
26630
10738
26544
35739
37281
22886
20797
3572
5883
33255
19102
4998
14658
38970
30156
39146
20739
38463
15432
2552
13074
17981
7034
7978
39526
36886
22043
30600
30171
4738
9837
10436
2662
39542
32880
8343
34031
37204
39594
19776
9906
10366
29415
33831
7183
16752
39996
27454
4923
11143
34402
14863
14278
14340
11530
10630
33698
28221
12777
23808
10826
19165
18342
17090
32730
15914
16612
26491
12665
13990
16343
38750
14319
1253
38263
25930
27198
27471
24909
27549
22109
38255
972
2912
413
25390
24026
31858
32068
29445
11660
9279
2690
943
37989
30033
4655
21267
8033
25287
6827
16572
27581
9147
32478
6272
21987
230
35543
22695
11721
14336
3235
14100
13604
38277
1184
29979
35913
19401
37759
23319
18194
30766
21498
32237
27557
26500
13164
19312
11799
12676
32497
13369
2999
23275
29621
34702
20560
26193
29534
5239
25005
39519
29645
34184
6958
38775
19058
4758
28476
10780
6667
39620
22774
15598
38535
13865
35545
38817
22303
1807
11429
9032
34385
37624
5839
30671
38417
7022
31485
1101
12416
27904
14997
7705
37238
23019
22855
26437
33740
29239
15410
31409
21983
32214
39908
24321
29987
2469
24235
33821
10208
11744
8317
2540
37626
26857
11440
19084
34067
37658
2528
35568
403
20865
31003
23404
13163
10066
8577
12114
28336
23305
34983
23888
32594
22333
27923
19486
27506
39912
34889
33243
9765
8399
36936
6363
34973
39381
29657
30918
27608
2684
25795
34104
22495
1487
8503
12757
35603
29769
34360
34430
1394
26692
26352
33210
30696
28910
659
32784
1933
13651
158
2291
12768
30371
14040
39420
1435
25767
28576
15733
9006
9822
2562
36357
37375
26783
2596
37194
34452
27208
9705
28844
15430
38987
31801
16105
35169
1012
24288
15600
22634
14237
11567
799
17906
6593
8759
16519
5083
38587
34629
38342
15080
21846
12853
20449
39261
11869
39499
6233
38937
5513
36584
29192
25712
38242
14179
25871
33999
23685
13389
1257
28124
13458
17554
11333
1132
7921
18995
21158
26103
33335
29013
32740
35197
16336
24381
34790
650
35126
39621
32165
6580
6808
29090
13589
8807
21794
37860
12923
31353
8458
20321
11971
1531
35128
4708
18814
38131
11211
9880
21445
24130
3035
32585
15456
27806
8235
22683
10808
38616
27398
23846
28043
9752
20673
36918
11088
9682
34480
14008
20405
37521
32765
17751
38757
8213
19907
10175
38218
7113
5841
32319
9063
8434
21915
33021
19882
12473
19085
9736
30447
35698
14796
36483
5652
20555
5941
4066
11490
345
2201
33732
35302
39696
26730
14447
27046
13570
7512
20679
32393
6631
31107
23923
36150
3953
17912
19905
39406
25920
10648
24099
22965
22609
3146
17370
21382
11197
38411
10421
21704
37216
15453
1137
1026
14943
7955
19260
20326
18364
4255
12342
24946
17120
19399
14150
37642
30663
8626
4574
24619
9442
7307
12349
7275
27354
7810
19357
9677
23321
15794
112
22749
28822
15738
24581
13207
24520
19766
3379
2746
15433
2854
16707
35391
15021
15213
29349
21588
32066
20788
23432
25061
15513
14962
39880
20192
1948
16520
34534
33553
5280
25557
38846
2536
4433
73
2111
21367
37724
8133
1670
20523
26779
29984
26912
31472
34666
87
18495
38902
24077
18660
11864
37687
3465
4045
27567
32916
24679
35740
17259
1872
25745
11422
15788
12695
30546
9636
22677
25360
36407
21784
6356
2029
28876
31386
23419
9591
37393
26276
20025
20382
16618
37751
228
13654
38097
963
15415
24098
5599
8629
8655
9296
36916
23385
11075
17004
37249
13546
35704
35773
18216
30417
20756
32341
30603
10326
35655
33069
8653
8251
39159
3446
25457
36687
30859
623
10605
20072
16034
12725
15504
9028
28380
23245
9651
5506
34693
14173
13971
30124
33129
29449
38689
27460
31111
3490
6178
39475
15198
5632
19556
20203
6659
38368
12924
23965
14888
22471
3262
12398
17544
2274
25379
5826
27287
14406
12779
20693
35924
35978
16927
37960
14129
39366
17219
33670
6752
26409
37313
4247
31670
3750
15136
9300
13786
31089
24406
17771
6928
36448
5687
20381
19917
4563
37343
8090
29204
2240
17031
13643
38156
30952
10728
23117
13286
29341
38506
6725
21040
22427
20974
28771
24212
3519
9236
19648
38833
22489
31666
15591
19061
6822
38195
35845
25330
19110
31400
27856
14342
6005
18357
25737
32038
6526
9755
19491
22012
37878
16054
14135
17631
19078
13883
14231
32583
28327
24548
33139
24083
26155
12322
2409
1286
20119
21099
13201
331
30420
32954
4640
33758
33748
26996
16697
33055
29633
24439
39682
224
22846
22764
8432
3690
6880
16267
6210
10836
34276
1984
27743
7304
32201
34237
29813
5201
33898
4979
30331
38427
23103
9847
15025
14655
26195
10068
21813
19009
17793
27207
38808
28062
267
5521
16193
21349
565
10590
8800
11511
944
8930
22844
25214
21831
4398
1040
2447
20287
19573
35133
28591
1273
20891
2871
9404
3649
39101
18507
39386
495
37414
13225
27657
639
766
24315
4401
35561
34905
16337
35307
21894
8045
12855
33460
2863
67
23362
328
6202
19070
12002
21188
10445
14755
35142
8523
36376
10549
26657
25911
16365
5169
31247
24841
425
26045
28139
3579
21592
10260
32270
31834
32984
34028
4535
16566
11270
23278
31878
13690
16158
14463
3057
15521
19878
3696
24062
9728
28536
20897
14945
7056
9133
19765
31402
30046
26607
33783
22246
8221
39086
31985
1892
22579
3599
519
37978
2039
26696
38873
35159
20967
16434
9335
22009
31373
25175
27866
36701
27297
35065
32550
18142
1133
30155
14544
13349
35890
21669
31276
36949
27996
19826
30541
36573
9622
1483
11742
3761
26835
10959
36250
38788
38017
35429
37666
6331
917
12715
16295
25118
18559
36653
21275
28625
22953
23712
24599
32470
29321
13147
20676
25569
13255
9946
34365
307
22362
37783
26886
24059
27462
5653
10566
1716
1963
10827
33989
12160
36030
17791
37057
29033
20355
36169
8794
16516
5130
1866
323
14093
15679
28649
33671
13025
31226
39376
19105
27812
19605
37870
39994
2549
8963
16127
5297
2414
26033
22519
27218
23513
29631
34977
558
9720
30299
34153
37511
27721
31945
9582
12564
19210
7709
11016
6512
25199
19599
11477
29463
34837
29355
32125
37198
21691
30605
1492
21722
18383
31924
35512
39177
34377
14857
14419
21295
28878
35519
1238
10263
24568
39821
31476
15643
11025
34541
21000
32212
14941
27304
23694
24397
30091
15876
3013
1970
21682
27073
23361
35553
33896
25132
12849
7340
19309
26496
30342
31234
20626
33043
39775
29036
19103
5890
31525
38671
34180
36208
22463
11873
10234
9136
24755
26324
22720
23840
6147
38206
2345
21791
30288
22856
24460
245
30849
35236
14904
8960
13177
30548
27407
31117
14247
24607
13833
14876
19255
28676
837
2432
6599
27484
33963
13600
35531
21981
13484
32820
32282
13926
12191
27308
129
25857
668
26089
18250
38939
12413
5900
23360
25057
29634
19323
6172
1857
31700
16178
24745
33198
17320
18898
25098
12448
15234
14672
38900
15069
36365
30047
19308
26849
152
30687
14120
3085
10683
8806
19955
36780
35666
853
2349
10547
20718
35052
11969
142
26023
33034
12362
26691
5913
36241
17708
5703
16869
23196
6004
29527
12232
27239
29639
16673
20953
35406
47
13732
11875
3396
35221
38732
30631
15674
9134
21549
12430
39074
34738
9821
6978
8682
33070
33974
32266
38508
26134
9808
18684
26082
5563
14708
28883
38282
33799
29928
24796
30448
35412
24349
29885
11304
9905
26774
19036
9139
26966
36395
12260
18311
35629
18288
12067
1160
16933
8037
14881
21022
16512
18520
22484
22476
6092
28769
4072
25677
8375
25454
25474
17301
21539
1809
38658
31228
5982
37410
26240
39142
19318
30453
7379
36665
23913
15791
1863
23279
36731
36268
23588
25002
17561
14930
36214
4038
29500
39302
20162
26536
4969
27389
25876
7995
17724
35895
39123
11395
21314
6966
33199
37220
10700
12151
23022
27256
26787
13220
31352
16080
33187
14030
29351
38680
38961
20331
21544
39147
24045
18151
36097
8582
4475
23696
5504
24648
4070
8186
14522
5973
13126
1517
15549
29195
38157
29135
37816
9713
33986
17514
5490
37524
38376
38086
36337
17704
10347
9347
12750
25440
22690
27960
22390
6437
29499
32054
13067
15000
7614
18657
13912
11282
34151
25206
26519
18123
16688
38631
16998
32958
21641
20713
14060
11785
24044
17765
26162
17682
19444
27786
17732
34090
28260
3333
5500
22604
34376
2119
36696
31931
18795
36305
30048
30441
8292
30610
18443
15942
18809
18690
21088
30209
10295
24997
26933
15908
4525
16314
6294
27049
29485
1949
32671
983
32442
29489
8283
5090
13560
21838
36530
15956
23954
8834
30358
24877
16925
23665
11680
13963
423
24236
1152
10684
35941
12885
34558
17350
13630
11264
22881
37806
21883
29338
31420
1936
14300
11396
35610
36926
16110
2740
8360
38264
5100
36739
18137
7132
39541
32586
26641
25283
35118
8185
28403
17373
31505
19053
8824
18858
7885
22308
34669
12830
23563
8791
12173
5480
15852
9944
4300
6170
3975
33654
15683
29362
32001
39607
34705
7236
26891
24069
30937
7988
12045
17052
29065
7664
28981
23825
33349
32288
22906
11792
9973
11999
13718
17033
30863
7422
31761
39721
22814
25865
17735
2839
6616
27457
38789
15459
32534
27965
4829
35230
18859
37811
14689
1681
10799
20006
37225
6663
11928
18446
15619
29352
24351
37169
35723
16035
28326
9618
21944
10453
27067
1278
29328
19629
33560
1455
6302
27052
2851
2843
17427
8264
796
10840
2116
23020
31827
2842
16720
15475
26368
30250
39436
33251
35613
1223
19489
26044
37029
11144
33838
34934
32499
3308
26270
36485
10686
10043
36340
15985
11216
13023
31395
13374
38751
31303
20021
25615
295
9297
2904
15582
39713
28586
18084
2698
16551
36908
20595
18604
149
27491
3721
21945
1712
8349
36946
33870
20505
17462
16039
25041
36462
8452
18771
14147
33549
5216
5416
30958
881
31262
37864
17238
31879
5339
14828
9164
24008
10309
18715
25133
35757
2003
24668
6724
13661
38132
32633
15354
1025
27625
27148
2355
37419
11335
7298
30878
23793
32457
28272
34132
1366
19852
11056
11102
27517
32150
31751
10082
28448
37266
3307
26014
17480
12006
39680
14420
36466
33047
24829
30752
25241
4253
8892
27631
6582
11265
13193
9078
33472
15165
28151
26386
39905
39532
14071
5510
29725
34446
38067
26512
9936
3700
34154
3910
37155
27450
12819
32296
25328
26710
32088
18410
10856
25406
38514
9149
15451
37212
29170
26591
2995
26047
28656
10404
1554
37162
17761
19786
25614
36101
9173
8088
20460
21075
25042
35726
22669
37527
21178
8191
6108
34672
9433
34899
34325
6413
33217
38015
27387
32686
20483
5077
187
9523
24887
1245
13753
31436
31575
19886
19928
8453
11989
22110
8421
2166
25773
34330
7046
20022
12426
3543
12660
4723
28537
10812
111
5475
27704
31309
14942
37981
28441
24571
22895
13068
2190
22072
6474
25549
13530
27322
21612
12099
26875
6287
37257
4950
21351
4239
8872
33803
12985
28300
32838
4863
39704
5
20142
27014
2794
39843
33002
6612
18785
39484
28276
18245
26468
2103
26803
7583
9463
35994
18929
10499
6776
10496
12305
10852
17591
21490
4222
12599
10363
645
18610
25907
27087
22235
39871
36273
34663
18480
36963
20655
14970
22270
31562
21144
37065
29457
16403
17331
15735
21617
19743
38343
19172
21127
30276
25649
15843
36583
745
20562
2045
32451
15963
4579
27512
3886
2420
22213
38719
14337
5186
32565
29651
23300
38119
3412
31953
13688
12405
13415
31978
37891
22069
1164
22490
22015
3191
17376
5969
33261
30376
35882
22085
38083
12871
24374
34593
22750
6762
26328
16886
26306
8450
28023
21269
6274
19726
24831
25798
12030
38327
24918
15530
21255
179
39774
23480
6256
18431
30196
33723
34383
20773
34149
18180
25479
1877
33752
9686
1259
10431
9129
7233
35560
5925
8329
8911
37339
18232
10571
22631
24372
28060
36631
7721
24895
7904
14877
29542
6087
39833
33535
18985
2311
1890
36174
20468
27663
37827
21101
3210
1900
12689
5518
21537
39306
19596
31336
26767
22761
17030
14954
7071
23054
31905
13465
16491
28892
1762
3587
23788
10500
34426
17816
4792
32461
593
37933
18112
4945
4584
33790
24179
33902
21412
36787
12523
7508
2551
23850
15630
27264
7574
11152
11322
31411
31467
31027
27056
14461
22161
11556
13978
18855
27763
21405
10055
32036
27628
11224
37628
14644
35774
12023
22583
21953
35498
5333
37168
5371
36595
3189
22641
335
19906
23309
33241
34976
11334
21153
148
15827
20354
11752
28890
14628
21246
9685
31403
29747
27769
14492
31478
31805
32612
28638
38013
26362
3585
2258
35146
4277
16632
12500
35360
16778
39378
15830
19536
38581
39135
22756
16780
35710
30220
26267
37466
26686
19150
11437
25635
19198
3334
14593
35435
38322
23044
11061
30638
16228
22335
4521
30458
5403
34618
11235
14002
1479
33525
289
14786
26861
37374
26483
4532
21920
22465
31339
19178
33721
23941
30596
35050
10769
10960
12192
2164
29640
16136
18805
5353
1611
35352
15816
12323
29031
23324
18807
6219
10245
12617
22847
39170
23803
3753
36229
17567
28033
32176
32400
21891
11666
4424
25606
10876
36799
14454
36740
8779
7715
32474
30804
29638
28212
23216
22900
29083
7091
9010
36642
23989
17479
14553
16664
1034
29953
10477
1269
530
23147
14770
20610
27373
16546
38810
10806
8018
10426
37101
28038
39930
38085
39981
31675
17558
17835
10847
26389
4505
29535
28559
30569
30190
6821
19935
8362
17300
3074
37433
24698
5586
21149
22412
5608
5179
37482
28609
8853
37203
17245
17951
38257
10974
17346
17505
36831
30112
12179
18
12859
12956
2771
26901
6171
17224
17624
15100
15039
20301
10108
11943
17762
25757
16762
10235
7058
31857
30385
32279
24060
28343
27336
2867
39264
38972
18037
31258
27378
7406
32317
25169
22528
20241
4852
4389
13491
32624
14579
3529
15961
1427
34208
32007
15182
9667
38230
19681
23253
7733
25620
23866
79
3502
17484
6055
1161
24879
24318
4202
31729
23408
16455
34065
7133
4546
9912
39333
15388
25470
9955
21900
2893
34361
20213
30063
8222
17420
33468
9200
30597
851
24560
1587
37680
1353
31755
14156
31787
8370
28556
26656
30883
14778
21473
13703
29006
31547
21165
22261
1859
10798
22037
32475
19371
30877
35746
9336
35434
16867
10346
15072
16784
14609
34305
10810
5680
19394
5370
18340
8980
26597
6489
11390
25191
13895
26456
589
36922
876
31527
21798
31724
39332
22320
16708
34239
18728
38505
22278
1230
11988
29346
32348
29496
420
7914
3445
24659
20556
36615
36062
17911
23286
22737
20589
29632
1846
37645
575
23911
1416
13642
5078
30199
22418
4155
10034
31423
2206
21839
12196
18301
37569
9468
10384
13542
30079
28452
1423
31222
37604
26562
35894
34659
4199
30402
18390
544
14917
32510
39578
4003
32634
23437
6973
30286
553
36930
13977
20878
4788
35460
21586
39444
6883
39096
21492
3506
4782
34348
9270
5460
32063
3291
29418
30341
3934
21050
4842
20803
25302
20035
22642
1031
13297
27312
26814
16587
17961
21892
10631
5705
33645
10779
4619
14020
16015
9052
20637
39601
24257
21440
25940
20511
36244
15868
6250
15206
24889
15285
31070
18329
10527
22164
2660
19542
16885
24163
20690
5531
37515
23777
6763
7621
1061
45
35602
25262
12765
9071
21030
9294
26740
31355
37928
20080
37206
6151
27162
39790
16849
27798
25834
22675
32811
34260
14547
12502
6193
32737
10660
34498
31092
6223
30891
14177
24031
28611
7331
18513
20708
33983
31313
37305
37567
15522
23977
12560
5342
13901
2710
29797
18196
19194
34869
3598
20835
36718
16630
34114
19723
19729
19449
978
3489
28794
14895
23482
12732
27202
39049
2574
20077
29123
35494
15022
21693
14510
29249
12588
18497
26820
8505
22374
3962
31369
15927
13951
35238
29825
31616
6196
5921
28964
7153
12899
4034
31215
12061
39037
38700
38954
26388
2527
26009
30099
13277
17337
30203
31401
579
33005
29904
14542
29454
33389
2406
33097
17542
28255
16971
14976
4629
11035
32077
2427
12374
6334
38211
36982
20074
2312
16694
7292
11165
30055
12334
6429
31005
30713
1528
30454
19282
18533
39250
28761
16513
19112
2144
21377
30635
89
16582
31204
27117
34234
11274
4200
2703
3342
26837
22244
19771
26716
22150
21379
931
37054
18567
14289
15444
29494
13494
16165
30629
37760
33612
33402
11357
9573
21435
13449
3873
39585
14585
15167
26320
13666
17647
7005
30830
32589
20489
20709
33577
39853
9498
35272
1136
7913
1924
31278
21502
14488
20346
24152
24849
33483
22237
28377
24749
36069
19659
36979
28497
35268
17354
8591
39470
9319
18916
37048
19733
12711
28697
18611
37835
15742
8576
9508
4976
18362
11359
28303
14526
21045
33274
34070
2208
18588
9600
12397
6871
32311
29381
26648
4365
8750
26236
12601
27475
23003
3264
29685
22282
6902
24578
13748
31307
9364
31894
4761
34386
37591
15685
28148
39063
30550
24107
33579
14923
2873
14719
13903
17572
34108
9374
31746
22716
8172
12700
6075
22396
14417
23317
25275
31091
38412
29552
26101
27113
27925
13040
13511
26475
38084
37031
3983
32254
29730
3728
16655
3353
24984
22189
18442
10252
23479
18044
5074
23666
16005
22093
33184
12177
18097
31663
3479
31803
17863
5015
16619
20392
31002
16549
18488
13314
33950
11846
17800
25654
30440
38549
7804
541
22665
13549
5853
6688
6946
8531
2360
13522
17341
31973
17764
1125
29829
21820
7085
13061
16176
37110
22410
3292
36157
2764
2435
31274
436
14180
37122
1856
4583
11908
14292
39898
12216
32155
22539
36978
35735
1089
7302
31208
4892
30656
37869
13949
15478
24011
36969
18031
15681
22540
5459
24289
27744
4980
35174
4435
23488
36933
23424
20977
10607
20880
23483
4542
3276
27
10659
16182
15653
35891
17277
13069
38232
38989
22438
6487
2823
30812
19024
18067
12582
33169
2175
26042
10274
36709
5221
22772
20296
30773
11657
36324
1295
27538
36149
19145
35648
7493
37363
26804
32840
11982
16119
31961
35604
16433
37019
11007
37961
17010
6140
8280
23571
27629
1351
23460
5875
30563
24167
21845
39481
35957
24982
11423
19864
4135
34050
38632
13075
22488
1074
14926
18968
31928
35355
5983
29814
36507
36216
2564
14415
18378
11120
36643
28994
10308
539
285
20701
15682
14078
9845
19118
19301
22307
15835
21936
21621
36381
35615
1849
19038
5802
25700
34266
4820
8675
25494
36932
12165
8092
13712
25365
2341
27766
36588
27868
2639
8636
21587
29833
37315
13382
15095
21108
23812
17110
14992
18107
8890
37295
809
18877
36520
29384
1533
4285
36264
28186
11273
15450
36835
7495
569
27560
26383
13731
20649
28754
11190
3450
33742
7424
6873
37113
31333
32761
6500
36441
13655
37171
38809
10297
16583
10267
21947
27071
35495
20950
17979
39605
17728
32145
30928
35419
21701
15947
38284
26361
28076
15375
32502
4480
27274
8988
33807
10430
35080
5362
38475
7887
38457
33515
20416
9399
27341
37084
33715
23893
33578
28096
9182
16716
23104
38167
13723
1307
5047
16362
13609
14240
18937
17115
18162
15137
30334
4807
29781
16913
38303
21421
22395
6441
11498
310
19494
37156
26243
36425
29917
24906
30207
6091
15543
10859
6907
30608
36247
20986
19325
21241
21304
14583
37794
3456
31100
16719
34101
13039
14227
19463
21016
33329
25507
13778
12264
21150
24161
34413
20045
29985
26234
23561
15132
4093
18070
26951
37902
16220
32073
2572
4231
3135
4973
27038
14298
11559
1047
4947
25140
34645
16856
30962
14971
8730
14015
28471
16820
10222
13015
27712
20435
8771
26206
15544
31000
22765
26191
9094
28552
31495
7778
28935
23096
35121
8043
39365
13233
3584
35694
28787
28990
23280
31246
5597
18661
1668
15439
11425
14061
31124
39938
16204
1512
7626
33689
28893
30992
23063
17199
3360
9446
1173
3105
14746
12820
11954
5742
8620
11561
35364
32123
18536
27025
29859
23664
27034
19023
5401
5303
34583
2831
24020
30925
11267
7577
25664
32735
30553
17100
14829
27232
11650
38351
9578
803
10217
14066
20362
6796
19316
37224
27051
2713
807
33293
26515
11342
35487
36816
25523
4243
8200
32050
21844
38278
36470
37093
27897
34822
32928
22752
16006
5931
8469
8242
2652
13614
15721
13021
4388
38443
13992
6406
9101
35114
29281
13857
35900
13016
36805
9007
31267
38815
20710
5743
39950
26216
24019
31016
12513
37252
18778
33727
5769
973
11301
20755
28273
21767
4071
1560
30480
20732
33704
12677
36892
35625
13388
35163
31131
33456
28007
1880
36782
14688
17145
10786
4847
4271
9183
38298
5835
29746
6645
5376
5729
19324
32310
31099
39398
7155
37522
5406
7657
2496
1503
8559
22727
765
6744
37817
23276
4943
12874
17127
7612
19186
1266
34058
34
29875
2878
34554
18421
17374
18083
33667
23193
22811
20561
18904
2501
14119
37987
16920
31810
17210
9248
14428
29155
8858
16662
26313
749
16282
4356
7727
13737
16628
3612
27175
7725
36332
8687
18272
38241
37780
11841
31686
7369
8734
21643
29559
29605
3018
2134
24170
416
27563
7322
15698
25317
27301
31367
20554
6888
9717
37937
35343
24186
20243
743
9116
24435
22319
15641
30336
23549
10120
38003
18620
3363
12658
1774
7809
20735
7323
3209
34621
27008
7515
2743
38247
17328
39971
8583
4201
30314
34320
11563
3735
21218
28041
15003
14777
20297
6355
2889
22569
24913
7599
15583
7326
21991
25808
143
27740
16384
6102
24328
9980
26923
8527
8113
10167
3004
2756
3040
25383
6921
7552
21449
14757
32645
23021
37264
33646
19468
23411
2477
39882
30309
21911
4854
19430
30884
16499
3484
3015
6247
26727
38801
6083
1213
24840
14795
15944
39742
24781
18417
10374
8852
23706
9109
9911
37118
12954
4263
28538
21531
10851
31465
36265
2526
34951
21400
10888
15018
15264
22094
32314
23254
889
21089
6300
6825
28286
8233
28372
27523
4
4141
7783
14377
39399
37934
26592
11123
11194
16248
11826
34565
2505
38330
27682
26931
14130
8120
34469
25734
39572
33903
20474
26725
30051
11622
29246
11678
25574
15728
14969
36621
28642
17606
39941
1350
5347
38579
27879
15114
29009
33236
2226
4865
31275
10920
34804
30642
30971
26140
36338
39885
35923
20232
13591
28689
8146
38733
10105
28909
18518
11887
38984
8954
35178
15854
38507
16442
23450
3549
39457
767
28595
12315
25897
35367
18247
27493
9286
26575
35293
14944
14026
21661
17297
28102
7836
28396
24731
35918
6773
36400
20745
2969
8945
15017
34382
36789
25996
15482
19173
26593
27127
30191
8808
13947
17956
1078
26942
18223
13351
20160
19077
8290
36945
33642
28072
26492
3845
21080
21897
13442
15185
38128
29575
14891
27088
25859
376
23932
4545
5874
7828
3839
15579
471
11958
28071
24366
18229
17361
9751
38364
29927
14122
4547
20050
14659
24603
13991
38148
33563
16328
16725
26317
22349
29688
36408
33677
18753
13424
27174
29523
10681
22654
17442
7769
38020
825
21554
36280
24467
9132
31731
25097
35075
27716
4967
20800
13055
8131
29734
11277
25617
17134
4136
23841
32705
27104
11010
16378
35368
3654
22217
14378
5861
37637
20421
28561
14511
10781
1923
36608
22028
30446
23178
10829
32986
10793
23473
30949
26798
10727
26786
8104
26702
2417
26399
28775
25019
36358
6527
14823
11505
3611
32947
4242
7027
38155
18942
6456
25277
38314
30630
14239
39806
5217
2931
2250
9564
7843
7075
30415
4283
35779
38550
34233
6442
377
10355
18483
27063
27468
18792
35112
13173
3001
34685
23763
36336
38079
8893
6602
35770
36115
36812
6753
34935
7764
12351
31343
6025
3677
19832
17381
24400
28601
13624
33631
25890
3726
34288
19923
37706
9630
16656
6626
15074
7387
6466
29363
27930
29663
28637
4280
33946
27735
23028
17252
32642
34699
11467
14126
26472
13486
29721
14804
10315
37010
13834
37334
201
24817
3176
36317
11920
28891
28170
7858
2327
11691
33256
27319
13149
17101
5965
12392
6018
29453
37201
19606
33369
31832
15035
22544
11138
27507
1803
27963
36534
7952
37091
25431
16877
37202
5920
97
14169
9005
10900
3565
6477
1994
2286
14685
17702
37689
23691
25307
1746
39629
15878
13979
13583
30544
33115
15748
35869
15426
19438
26846
19365
31645
4437
19672
35480
26905
14631
32181
8855
18095
27809
35681
16170
28948
35217
17534
39794
37493
33889
12071
24096
39413
22617
36517
21265
17319
17248
21513
38721
5752
22017
8908
18086
39698
10416
17590
14495
25669
34647
11555
26603
24117
2171
32302
11892
37737
24569
3314
7004
29228
8700
30824
28833
5252
27615
3651
12796
14112
32917
20830
33127
15177
7607
9259
36024
19127
9193
23399
3640
14624
18370
14233
10349
13752
39677
3458
2795
17699
19115
17595
32777
20131
38209
10592
9061
30442
23540
23680
8063
39208
18912
22723
12507
34046
32132
22546
28930
35423
14013
39345
9301
12296
37643
19800
20036
26571
16614
16773
465
35657
31742
17615
37078
362
11289
8897
30166
39007
21237
24818
26015
11842
17178
15227
32297
21553
18678
28283
10699
16224
15215
17783
30585
2463
34489
4676
6891
24042
18099
29364
2079
33843
22355
30893
51
11519
33985
11713
27781
29709
8032
5690
17111
3433
19825
14983
2106
32961
29999
15222
24310
29182
14329
15306
5570
10201
24123
17342
7790
6530
3881
33480
23505
4526
23389
22215
11445
37985
26748
6319
7067
35958
7062
10406
24884
19417
32791
39886
25370
27527
14868
8096
25984
12217
26485
32436
30072
705
34339
32835
38215
12714
3058
10165
10028
35660
28494
5021
22952
23797
39293
19742
10749
25054
12650
18543
13480
2951
18045
34437
21652
20768
12838
25010
29285
23015
15253
21390
39316
24720
2038
31698
29224
4127
31483
20291
34329
35116
24757
24588
35032
32190
38221
4146
8258
9760
17128
30015
744
10901
7938
31627
7481
30217
27514
26233
28196
36848
19439
20204
26394
32044
261
23180
11771
11266
27790
3538
1607
8767
4406
6094
27719
12462
37908
36347
18639
27090
21128
14159
614
7591
12910
5688
6789
2721
28651
3507
12870
27839
531
33415
22890
1564
12396
8288
22834
30381
5725
5609
3147
14766
24411
37234
36399
16717
22073
1439
9382
34538
25260
34736
10574
11736
1430
14373
6041
24006
2772
26538
39160
1739
4684
24751
38315
34195
31828
6775
37193
33062
10731
18007
32437
16440
16258
22042
25234
2444
31649
6420
33270
22496
32406
12674
34246
24225
33593
1633
3271
2916
4688
34832
36283
11381
18025
14703
26661
22853
15084
33178
27501
10145
7001
5695
27696
867
3508
4944
9055
26295
8147
23704
16530
36920
6683
8170
31445
5665
18981
8445
37324
26297
5724
7035
13545
13206
29428
14575
36721
19918
8611
23602
26990
1275
24262
4307
27991
27626
20543
19213
5035
6208
32911
6768
23518
334
31512
10444
26119
39204
23394
3684
28653
3125
34601
13000
32778
37681
9504
32779
26528
1053
16745
2973
18978
14835
34481
34726
15917
14965
23086
30927
39878
16606
638
17536
8218
37280
39280
15483
34756
33537
19839
32131
10062
13711
10048
557
2132
16239
33939
8184
7754
4700
1592
16932
22169
18530
24271
3997
31912
12837
13117
11552
32888
6467
10628
21786
29607
23223
38602
36864
39048
19546
16462
10318
23806
37829
14350
7031
13601
10603
21571
17390
24269
14057
13236
14533
27681
35225
38526
9131
21561
38838
37209
30379
27283
5968
15847
7078
32075
10303
21361
39212
30595
35833
26434
6258
17805
6036
24608
10485
39681
4960
21133
8915
22867
26034
13088
24859
14404
14352
28783
19333
545
20955
30828
38136
7882
33808
23800
22158
31669
15895
37815
25756
28309
23005
12166
9815
4174
29241
16889
32950
29643
25764
5189
30658
6984
6653
37457
8439
13119
24256
5777
11026
8380
37368
34244
4418
15769
23559
9782
17340
29970
38946
1906
8442
12764
25531
19220
556
12407
13390
25517
18712
25444
24424
4971
16183
6849
1298
38360
19952
15862
2378
22403
7054
198
18813
8252
17413
10474
23258
11238
26943
15488
26789
4020
36414
10277
9150
24858
883
34945
13485
3608
27912
33598
9011
34488
24471
24228
2439
38582
1969
6565
7908
20966
1234
8723
26225
37830
26620
22535
19782
18013
23605
1111
26719
3544
36980
5820
12357
27943
39921
21056
2788
34901
37984
36717
20996
32844
12486
22571
6305
16907
36011
16032
9400
2393
37503
19134
33755
1693
15479
7832
13932
7282
37230
15528
24417
26824
33262
25771
8030
12642
28176
29458
3116
8649
37799
19065
11177
10243
11687
39346
37502
36382
24653
22182
22993
37791
18053
2387
33378
2782
10093
2301
17353
20774
24402
17559
31145
364
23034
27111
37082
4662
11278
2448
4456
16046
10968
22887
39178
34571
8607
9659
9910
1105
16699
636
5136
1600
3614
24723
13622
4559
18987
8571
33326
5138
9953
15096
2817
7492
1576
13386
25434
23205
29602
28811
11243
12131
31788
21160
28218
15708
514
10502
22555
20959
5944
14109
35609
18299
21032
24316
35317
24682
23885
23544
5589
9702
32870
306
15160
23530
24486
7553
28713
6625
445
22391
36496
31126
39828
19699
7141
7299
39335
13124
12439
39405
19529
26123
31716
20122
18472
28534
19435
9310
12791
12531
10401
8224
19998
12256
17604
35194
18492
5583
7841
9587
35646
9174
35054
29948
14097
6427
12598
39988
39145
9631
346
39773
14124
22572
23760
38871
31585
24643
21463
33040
10083
7566
25062
32644
1887
3869
256
9330
3977
17177
10969
11852
17659
22873
38566
6794
33463
31082
27418
11116
15637
39707
18729
28996
25575
5470
