ajrm
cfnq
cpfh
abxu
alvw
bzkk
bmrs
cbqq
cdaf
bmqh
bwrm
btak
afrs
agjj
bygk
bdyc
asfg
bvob
auqk
cvmm
bbto
biuf
bhmr
bidg
cbgo
ciof
akfg
aylw
ckbx
cpnn
csye
amcp
clds
crxn
ctau
cfji
ahob
bnuj
aahd
bulg
anzq
bzsd
chmm
cjil
ccwr
cdha
bgdk
aycz
agjy
clom
adev
baqi
ccjs
avtx
cuoe
cflq
amgg
clok
aysx
bbpi
agoc
bpde
acps
azgj
adoj
cpto
chrj
bste
bnrv
bggm
avhg
brdp
axrp
coha
cqby
bbgo
budr
cjqd
avty
coek
bgrt
cuas
auaj
almt
bmwq
cgjp
axvh
bubu
cocv
ckfe
akbg
coly
ceow
ckmx
bspk
bhli
bktb
byid
afyn
crcc
cblj
cmnw
bwgb
csrm
cdnd
chao
cjno
aytd
akpf
bsyl
akej
caty
cdfy
cdhf
cicu
amri
cfvg
caan
cdro
avsj
cill
akhg
awrr
buae
afgv
cskc
aupe
anhf
auoj
aazo
bfsi
allm
ahsh
bnze
bmpu
akdg
bdmd
buej
cgia
akrg
agyv
aube
azcd
agep
aveg
amlk
cgst
atjx
