('i_7018', 4460, 0.03, 1.58, 118.08, 3883.3333333333335)
('i_18891', 11983, 0.01, 38.99, 80.75, 4176.0)
('i_12104', 7700, 0.01, 17.56, 88.64, 7108.0)
('i_12442', 7902, 0.02, 15.74, 127.83, 5604.5)
('i_20781', 13191, 0.01, 14.39, 133.36, 11897.000000000002)
('i_51455', 32581, 0.04, 36.13, 115.87, 1993.5000000000002)
('i_2469', 1564, 0.02, 48.69, 127.06, 3918.5)
('i_13834', 8781, 0.03, 6.56, 66.14, 1986.0)
('i_23256', 14763, 0.04, 13.85, 88.69, 1871.0)
('i_18572', 11777, 0.01, 33.38, 96.39, 6301.0)
('i_24133', 15327, 0.01, 30.67, 127.26, 9659.0)
('i_46183', 29238, 0.04, 17.62, 110.43, 2320.25)
('i_13272', 8438, 0.06, 20.63, 116.56, 1598.8333333333335)
('i_27220', 17289, 0.04, 3.42, 124.99, 3039.2499999999995)
('i_32035', 20378, 0.04, 31.89, 94.7, 1570.25)
('i_26177', 16634, 0.02, 47.25, 81.17, 1696.0)
('i_16767', 10646, 0.06, 14.5, 111.79, 1621.5000000000002)
('i_11983', 7620, 0.01, 13.61, 67.82, 5420.999999999999)
('i_49088', 31088, 0.02, 37.32, 115.63, 3915.5)
('i_12623', 8019, 0.06, 6.32, 114.72, 1806.6666666666667)
('i_33546', 21318, 0.04, 60.46, 110.02, 1238.9999999999998)
('i_2981', 1895, 0.08, 30.87, 127.61, 1209.25)
('i_13196', 8382, 0.05, 27.59, 102.95, 1507.1999999999998)
('i_25493', 16198, 0.07, 6.49, 100.6, 1344.4285714285713)
('i_8565', 5437, 0.03, 12.99, 57.91, 1497.3333333333333)
('i_42949', 27192, 0.06, 11.91, 88.54, 1277.166666666667)
('i_30930', 19689, 0.05, 20.77, 128.71, 2158.8)
('i_5453', 3453, 0.04, 17.37, 63.4, 1150.75)
('i_19461', 12362, 0.12, 2.2, 124.48, 1019.0)
('i_20992', 13324, 0.04, 30.08, 103.59, 1837.75)
('i_9973', 6340, 0.1, 5.38, 121.5, 1161.2)
('i_14344', 9096, 0.05, 57.05, 107.53, 1009.6)
('i_36215', 22991, 0.1, 10.34, 120.99, 1106.4999999999998)
('i_51324', 32501, 0.09, 20.1, 115.15, 1056.1111111111113)
('i_46106', 29190, 0.05, 15.04, 66.72, 1033.6)
('i_33975', 21599, 0.08, 3.03, 91.61, 1107.25)
('i_37679', 23894, 0.13, 3.81, 110.9, 823.7692307692307)
('i_5608', 3555, 0.11, 23.77, 114.74, 827.0)
('i_12129', 7715, 0.12, 28.74, 124.96, 801.8333333333334)
('i_26707', 16976, 0.13, 10.41, 125.96, 888.8461538461538)
('i_41262', 26141, 0.1, 28.04, 120.64, 925.9999999999999)
('i_5206', 3289, 0.1, 11.54, 88.04, 765.0)
('i_37995', 24104, 0.03, 29.26, 110.05, 2693.0)
('i_20043', 12720, 0.11, 25.62, 116.07, 822.2727272727271)
('i_11478', 7297, 0.08, 44.12, 113.39, 865.8750000000001)
('i_19857', 12600, 0.15, 7.45, 112.41, 699.7333333333333)
('i_13618', 8647, 0.1, 23.27, 103.64, 803.7)
('i_32341', 20567, 0.19, 4.36, 135.9, 692.3157894736842)
('i_27363', 17388, 0.09, 23.53, 84.44, 676.7777777777777)
('i_43429', 27498, 0.06, 8.09, 52.1, 733.5000000000001)
('i_18125', 11487, 0.15, 27.93, 125.68, 651.6666666666667)
('i_25199', 16006, 0.09, 13.44, 78.22, 719.7777777777778)
('i_8002', 5079, 0.12, 0.49, 84.52, 700.25)
('i_7451', 4729, 0.07, 36.57, 79.51, 613.4285714285714)
('i_41610', 26369, 0.13, 36.52, 131.95, 734.0769230769229)
('i_15812', 10051, 0.16, 21.07, 121.66, 628.6875)
('i_30213', 19220, 0.17, 32.62, 135.31, 604.0588235294117)
('i_45877', 29050, 0.07, 36.7, 126.57, 1283.8571428571427)
('i_32432', 20626, 0.07, 56.62, 103.37, 667.8571428571429)
('i_13720', 8708, 0.15, 10.65, 102.2, 610.3333333333334)
('i_25599', 16273, 0.08, 29.31, 126.19, 1211.0)
('i_33229', 21125, 0.12, 59.97, 134.44, 620.5833333333334)
('i_45478', 28792, 0.12, 58.73, 133.92, 626.5833333333334)
('i_46939', 29722, 0.02, 50.02, 61.67, 582.4999999999999)
('i_869', 559, 0.2, 4.84, 118.43, 567.9499999999999)
('i_38945', 24697, 0.02, 20.47, 40.44, 998.4999999999999)
('i_6219', 3947, 0.08, 24.44, 68.95, 556.375)
('i_50150', 31765, 0.18, 28.04, 133.07, 583.5)
('i_31427', 19993, 0.11, 2.76, 68.92, 601.4545454545454)
('i_12086', 7686, 0.1, 12.4, 61.2, 488.0)
('i_47546', 30094, 0.13, 21.91, 83.81, 476.1538461538462)
('i_33042', 21010, 0.1, 38.49, 94.3, 558.0999999999999)
('i_50021', 31681, 0.16, 51.82, 132.08, 501.6250000000001)
('i_13126', 8332, 0.09, 44.17, 97.0, 587.0)
('i_37919', 24055, 0.12, 10.7, 66.68, 466.50000000000006)
('i_3026', 1926, 0.12, 15.32, 68.81, 445.75000000000006)
('i_6383', 4055, 0.15, 48.83, 132.42, 557.2666666666667)
('i_12221', 7772, 0.12, 36.48, 112.82, 636.1666666666667)
('i_378', 246, 0.19, 17.64, 102.38, 445.99999999999994)
('i_27852', 17701, 0.18, 6.68, 103.81, 539.6111111111111)
('i_38013', 24115, 0.09, 14.14, 54.13, 444.33333333333337)
('i_32235', 20507, 0.14, 58.28, 119.31, 435.9285714285714)
('i_44686', 28298, 0.09, 57.28, 97.77, 449.88888888888886)
('i_8180', 5195, 0.25, 3.57, 105.27, 406.8)
('i_46201', 29252, 0.17, 46.83, 117.68, 416.764705882353)
('i_9429', 5988, 0.2, 6.77, 114.63, 539.3)
('i_133', 86, 0.06, 4.73, 32.71, 466.33333333333337)
('i_47902', 30322, 0.2, 53.8, 131.7, 389.49999999999994)
('i_19278', 12239, 0.19, 50.97, 124.58, 387.42105263157896)
('i_28974', 18424, 0.29, 11.52, 133.87, 421.89655172413796)
('i_2950', 1873, 0.16, 2.48, 61.62, 369.625)
('i_47851', 30292, 0.18, 36.24, 103.13, 371.61111111111103)
('i_48200', 30518, 0.21, 19.41, 95.7, 363.28571428571433)
('i_12685', 8058, 0.25, 3.18, 90.4, 348.88)
('i_37009', 23475, 0.21, 38.56, 127.03, 421.2857142857143)
('i_20273', 12858, 0.18, 1.42, 68.51, 372.72222222222223)
('i_32444', 20635, 0.19, 0.27, 65.07, 341.05263157894734)
('i_775', 498, 0.16, 29.84, 108.02, 488.62499999999994)
('i_8728', 5540, 0.16, 25.34, 87.14, 386.25)
('i_42917', 27174, 0.27, 12.54, 119.12, 394.74074074074076)
('i_30520', 19418, 0.28, 32.14, 126.51, 337.0357142857143)
('i_25494', 16199, 0.31, 5.16, 128.89, 399.1290322580645)
('i_247', 163, 0.2, 8.1, 97.19, 445.45)
('i_999', 644, 0.24, 12.36, 104.94, 385.75)
('i_24587', 15615, 0.25, 16.97, 95.49, 314.08)
('i_39332', 24945, 0.26, 25.03, 111.43, 332.3076923076923)
('i_18457', 11705, 0.33, 11.09, 112.85, 308.3636363636363)
('i_13716', 8706, 0.14, 48.93, 92.01, 307.7142857142857)
('i_17327', 10992, 0.08, 25.87, 51.78, 323.875)
('i_29747', 18912, 0.2, 17.65, 80.58, 314.65)
('i_48804', 30913, 0.21, 24.47, 87.35, 299.42857142857144)
('i_25504', 16205, 0.24, 14.18, 91.01, 320.12500000000006)
('i_33541', 21314, 0.15, 50.76, 97.31, 310.33333333333337)
('i_27745', 17631, 0.27, 19.01, 113.68, 350.6296296296296)
('i_13521', 8588, 0.38, 14.42, 127.82, 298.4210526315789)
('i_32812', 20865, 0.35, 19.07, 134.34, 329.3428571428572)
('i_33010', 20991, 0.34, 28.17, 129.29, 297.4117647058823)
('i_15985', 10146, 0.25, 5.83, 77.5, 286.68)
('i_15688', 9970, 0.27, 17.29, 106.36, 329.88888888888886)
('i_33814', 21497, 0.37, 14.91, 121.13, 287.0810810810811)
('i_33982', 21602, 0.39, 20.9, 133.1, 287.6923076923077)
('i_51198', 32423, 0.04, 39.36, 51.06, 292.50000000000006)
('i_26956', 17119, 0.11, 23.72, 54.77, 282.2727272727273)
('i_48262', 30560, 0.21, 18.55, 82.85, 306.1904761904762)
('i_37699', 23908, 0.27, 1.11, 86.69, 316.96296296296293)
('i_11617', 7378, 0.43, 11.38, 132.11, 280.76744186046517)
('i_1286', 817, 0.24, 24.22, 105.38, 338.1666666666667)
('i_18174', 11521, 0.36, 27.95, 127.73, 277.1666666666667)
('i_33087', 21038, 0.41, 1.84, 108.16, 259.3170731707317)
('i_14889', 9454, 0.31, 36.96, 123.5, 279.1612903225806)
('i_6695', 4251, 0.1, 60.6, 87.74, 271.3999999999999)
('i_900', 577, 0.21, 59.54, 114.56, 262.0)
('i_44861', 28409, 0.07, 53.74, 75.16, 305.9999999999999)
('i_45436', 28761, 0.48, 0.42, 123.63, 256.6875)
('i_35178', 22364, 0.32, 20.05, 108.92, 277.71875)
('i_27722', 17618, 0.3, 47.32, 122.9, 251.9333333333334)
('i_29884', 18999, 0.31, 45.39, 122.88, 249.96774193548384)
('i_20914', 13277, 0.33, 11.5, 94.04, 250.12121212121212)
('i_30769', 19585, 0.44, 16.45, 123.77, 243.9090909090909)
('i_32965', 20960, 0.42, 6.7, 112.48, 251.85714285714286)
('i_13671', 8680, 0.4, 20.98, 130.15, 272.925)
('i_17940', 11370, 0.24, 38.48, 96.09, 240.0416666666667)
('i_21707', 13797, 0.23, 36.39, 92.13, 242.3478260869565)
('i_16520', 10481, 0.41, 31.71, 128.9, 237.0487804878049)
('i_45452', 28773, 0.39, 27.06, 129.46, 262.5641025641026)
('i_20883', 13256, 0.12, 32.2, 63.05, 257.0833333333333)
('i_25682', 16321, 0.37, 30.64, 120.82, 243.7297297297297)
('i_47836', 30281, 0.38, 23.49, 132.79, 287.6315789473684)
('i_37553', 23817, 0.12, 15.55, 43.85, 235.83333333333334)
('i_46579', 29491, 0.11, 15.99, 46.15, 274.18181818181813)
('i_2765', 1758, 0.24, 22.94, 78.33, 230.79166666666669)
('i_21913', 13935, 0.24, 21.03, 76.54, 231.29166666666669)
('i_21177', 13450, 0.22, 34.61, 85.51, 231.3636363636364)
('i_17532', 11125, 0.31, 53.23, 125.06, 231.70967741935488)
('i_6357', 4039, 0.19, 26.28, 72.35, 242.47368421052627)
('i_8037', 5103, 0.29, 47.33, 113.93, 229.65517241379314)
('i_10305', 6551, 0.11, 50.36, 75.58, 229.27272727272725)
('i_8245', 5236, 0.11, 4.76, 28.9, 219.45454545454547)
('i_19085', 12118, 0.28, 19.2, 79.64, 215.85714285714283)
('i_27726', 17620, 0.52, 9.21, 119.48, 212.05769230769232)
('i_48947', 31007, 0.48, 31.49, 133.01, 211.5)
('i_19542', 12413, 0.37, 37.63, 120.09, 222.8648648648649)
('i_47251', 29918, 0.29, 19.37, 93.58, 255.89655172413794)
('i_4952', 3126, 0.13, 48.12, 80.64, 250.15384615384616)
('i_51352', 32519, 0.36, 5.95, 83.39, 215.11111111111111)
('i_23553', 14954, 0.28, 23.53, 84.14, 216.4642857142857)
('i_26744', 16995, 0.48, 23.14, 122.98, 208.00000000000003)
('i_6592', 4185, 0.54, 4.81, 131.75, 235.07407407407405)
('i_996', 642, 0.39, 22.8, 104.85, 210.38461538461536)
('i_8015', 5089, 0.31, 41.83, 107.75, 212.6451612903226)
('i_23242', 14757, 0.62, 2.53, 131.23, 207.5806451612903)
('i_7126', 4526, 0.57, 10.73, 130.72, 210.50877192982458)
('i_17749', 11261, 0.34, 50.54, 131.34, 237.64705882352942)
('i_26225', 16667, 0.35, 39.0, 112.61, 210.31428571428572)
('i_12238', 7782, 0.42, 26.48, 115.02, 210.8095238095238)
('i_48456', 30682, 0.59, 12.48, 133.08, 204.40677966101697)
('i_43742', 27698, 0.5, 27.52, 128.76, 202.48)
('i_6610', 4196, 0.45, 1.96, 95.42, 207.6888888888889)
('i_35545', 22598, 0.27, 17.97, 73.78, 206.7037037037037)
('i_17814', 11304, 0.34, 27.23, 94.54, 197.97058823529412)
('i_5450', 3452, 0.41, 29.81, 115.05, 207.90243902439025)
('i_13688', 8692, 0.43, 15.69, 102.09, 200.93023255813955)
('i_10420', 6618, 0.5, 29.0, 131.67, 205.33999999999997)
('i_9797', 6231, 0.36, 55.79, 125.67, 194.11111111111111)
('i_44459', 28153, 0.4, 9.75, 90.13, 200.95)
('i_9566', 6077, 0.52, 20.98, 120.94, 192.2307692307692)
('i_36991', 23464, 0.62, 1.89, 129.28, 205.46774193548387)
('i_30203', 19212, 0.32, 21.73, 82.64, 190.34374999999997)
('i_1667', 1059, 0.61, 14.74, 129.04, 187.37704918032787)
('i_35708', 22696, 0.65, 1.7, 133.32, 202.4923076923077)
('i_49416', 31290, 0.27, 31.12, 83.67, 194.62962962962962)
('i_9016', 5726, 0.64, 17.04, 135.48, 185.0625)
('i_48805', 30914, 0.16, 53.92, 84.02, 188.12499999999997)
('i_6553', 4164, 0.57, 6.49, 117.91, 195.47368421052633)
('i_21876', 13911, 0.47, 13.36, 100.02, 184.38297872340425)
('i_42729', 27059, 0.32, 62.18, 123.63, 192.03124999999997)
('i_6146', 3903, 0.09, 5.93, 22.29, 181.77777777777777)
('i_26036', 16538, 0.51, 0.86, 116.91, 227.54901960784312)
('i_1304', 828, 0.16, 23.55, 53.06, 184.4375)
('i_25016', 15886, 0.61, 13.05, 132.46, 195.75409836065575)
('i_22082', 14037, 0.22, 39.2, 78.89, 180.4090909090909)
('i_6814', 4331, 0.22, 58.88, 98.51, 180.13636363636365)
('i_38798', 24599, 0.09, 16.98, 33.17, 179.8888888888889)
('i_9004', 5717, 0.5, 36.48, 127.06, 181.16000000000003)
('i_50066', 31711, 0.62, 7.61, 115.66, 174.2741935483871)
('i_16952', 10759, 0.46, 5.71, 100.88, 206.8913043478261)
('i_37063', 23509, 0.64, 9.04, 128.0, 185.875)
('i_15671', 9958, 0.25, 0.81, 47.02, 184.84)
('i_3643', 2313, 0.58, 1.33, 105.54, 179.6724137931035)
('i_21208', 13470, 0.38, 40.36, 106.12, 173.05263157894737)
('i_3703', 2345, 0.33, 29.39, 86.26, 172.33333333333334)
('i_36420', 23115, 0.49, 39.65, 127.2, 178.67346938775512)
('i_6227', 3955, 0.47, 34.06, 115.9, 174.1276595744681)
('i_40461', 25640, 0.23, 48.8, 88.18, 171.21739130434787)
('i_3849', 2434, 0.7, 7.7, 131.44, 176.77142857142857)
('i_39997', 25356, 0.49, 12.23, 108.03, 195.51020408163265)
('i_43649', 27641, 0.12, 20.08, 42.25, 184.75000000000003)
('i_17868', 11333, 0.37, 55.02, 117.86, 169.83783783783784)
('i_42334', 26813, 0.34, 42.46, 104.0, 180.99999999999997)
('i_28356', 18026, 0.15, 41.46, 67.4, 172.93333333333337)
('i_29193', 18551, 0.31, 46.81, 100.16, 172.09677419354836)
('i_50559', 32034, 0.32, 16.15, 71.76, 173.78125000000003)
('i_51627', 32689, 0.62, 23.94, 129.05, 169.53225806451616)
('i_21561', 13706, 0.43, 47.49, 121.36, 171.79069767441862)
('i_29621', 18829, 0.48, 29.29, 110.09, 168.33333333333337)
('i_14624', 9284, 0.08, 22.5, 36.18, 171.0)
('i_34829', 22139, 0.56, 17.97, 111.38, 166.80357142857142)
('i_27554', 17511, 0.3, 31.74, 80.94, 164.00000000000003)
('i_11516', 7317, 0.48, 24.37, 104.96, 167.89583333333331)
('i_18127', 11489, 0.68, 7.42, 117.92, 162.5)
('i_50455', 31974, 0.59, 4.18, 105.48, 171.69491525423732)
('i_23161', 14706, 0.24, 1.83, 42.42, 169.12500000000003)
('i_34545', 21954, 0.17, 62.84, 89.98, 159.6470588235294)
('i_27837', 17691, 0.57, 26.13, 119.49, 163.78947368421055)
('i_26771', 17013, 0.37, 24.69, 84.05, 160.43243243243242)
('i_41630', 26383, 0.36, 26.48, 84.87, 162.19444444444446)
('i_8671', 5504, 0.41, 42.74, 110.59, 165.48780487804876)
('i_45797', 28998, 0.29, 39.15, 84.92, 157.82758620689657)
('i_51698', 32743, 0.41, 59.45, 127.22, 165.29268292682926)
('i_6589', 4184, 0.59, 14.16, 110.16, 162.71186440677968)
('i_29355', 18655, 0.38, 16.82, 77.94, 160.8421052631579)
('i_33394', 21231, 0.38, 21.98, 83.88, 162.89473684210523)
('i_51167', 32403, 0.46, 0.76, 71.16, 153.04347826086953)
('i_3704', 2345, 0.51, 44.16, 118.43, 145.62745098039218)
('i_15531', 9870, 0.66, 6.74, 112.74, 160.6060606060606)
('i_16504', 10468, 0.43, 47.74, 114.65, 155.6046511627907)
('i_45467', 28785, 0.66, 13.01, 107.92, 143.80303030303028)
('i_40358', 25574, 0.44, 14.17, 76.74, 142.20454545454544)
('i_43326', 27437, 0.79, 11.73, 127.47, 146.50632911392404)
('i_40983', 25959, 0.09, 25.16, 38.17, 144.55555555555557)
('i_50884', 32236, 0.4, 34.56, 95.89, 153.325)
('i_24470', 15543, 0.85, 3.06, 127.08, 145.90588235294118)
('i_17938', 11370, 0.67, 7.09, 102.15, 141.88059701492537)
('i_36400', 23101, 0.85, 0.53, 118.33, 138.58823529411765)
('i_35748', 22722, 0.68, 33.12, 127.21, 138.36764705882354)
('i_5173', 3268, 0.4, 49.21, 105.92, 141.775)
('i_36752', 23315, 0.33, 63.56, 114.39, 154.03030303030303)
('i_32319', 20552, 0.74, 17.18, 116.93, 134.7972972972973)
('i_50190', 31796, 0.6, 52.98, 134.18, 135.33333333333337)
('i_12264', 7796, 0.49, 9.99, 87.53, 158.2448979591837)
('i_9', 6, 0.56, 44.92, 123.85, 140.94642857142856)
('i_22540', 14328, 0.24, 50.15, 81.99, 132.66666666666666)
('i_14060', 8927, 0.24, 3.02, 35.94, 137.16666666666666)
('i_38258', 24271, 0.84, 9.59, 121.42, 133.13095238095238)
('i_50617', 32069, 0.48, 0.85, 65.22, 134.10416666666669)
('i_38399', 24352, 0.86, 2.1, 125.03, 142.9418604651163)
('i_686', 439, 0.72, 10.35, 110.39, 138.94444444444446)
('i_43404', 27481, 0.85, 13.7, 129.08, 135.74117647058824)
('i_28196', 17918, 0.75, 10.99, 110.4, 132.54666666666668)
('i_16951', 10758, 0.19, 27.12, 54.71, 145.21052631578948)
('i_28932', 18393, 0.22, 8.56, 37.41, 131.1363636363636)
('i_39005', 24736, 0.48, 44.03, 106.42, 129.97916666666669)
('i_29363', 18658, 0.52, 40.37, 116.14, 145.71153846153848)
('i_3945', 2492, 0.11, 53.49, 67.93, 131.2727272727273)
('i_16939', 10752, 0.66, 32.91, 119.72, 131.53030303030303)
('i_23049', 14645, 0.39, 11.83, 62.43, 129.74358974358975)
('i_25324', 16094, 0.78, 22.03, 121.66, 127.73076923076923)
('i_34909', 22191, 0.82, 25.83, 134.06, 131.9878048780488)
('i_18718', 11871, 0.61, 30.27, 108.38, 128.04918032786887)
('i_10075', 6411, 0.37, 16.71, 64.59, 129.40540540540542)
('i_20768', 13183, 0.17, 31.66, 54.11, 132.05882352941174)
('i_37544', 23809, 0.65, 51.58, 133.71, 126.35384615384616)
('i_20745', 13168, 0.94, 3.88, 123.12, 126.85106382978725)
('i_19947', 12659, 0.8, 20.17, 122.09, 127.39999999999999)
('i_44049', 27892, 0.55, 10.94, 80.35, 126.19999999999999)
('i_10319', 6560, 0.54, 33.49, 103.37, 129.4074074074074)
('i_40518', 25677, 0.73, 38.26, 130.88, 126.87671232876713)
('i_46761', 29610, 0.38, 61.16, 108.98, 125.84210526315792)
('i_26025', 16531, 0.44, 62.87, 118.41, 126.22727272727272)
('i_21168', 13444, 0.83, 15.46, 120.17, 126.15662650602411)
('i_50478', 31986, 0.25, 15.77, 47.1, 125.32000000000001)
('i_50858', 32222, 0.97, 4.97, 126.01, 124.78350515463919)
('i_1951', 1238, 0.76, 10.6, 105.06, 124.28947368421053)
('i_37624', 23858, 0.79, 32.18, 133.59, 128.36708860759492)
('i_43836', 27755, 0.23, 59.36, 89.16, 129.56521739130432)
('i_36673', 23266, 0.77, 28.99, 124.49, 124.02597402597402)
('i_47619', 30139, 0.49, 57.56, 118.6, 124.57142857142856)
('i_43904', 27799, 0.38, 49.57, 95.75, 121.52631578947368)
('i_3191', 2032, 0.72, 20.21, 107.98, 121.9027777777778)
('i_40063', 25395, 0.23, 10.45, 41.03, 132.95652173913044)
('i_46390', 29372, 0.78, 34.82, 130.57, 122.75641025641025)
('i_49553', 31382, 0.59, 62.24, 133.74, 121.1864406779661)
('i_11464', 7287, 0.72, 12.36, 98.5, 119.6388888888889)
('i_3834', 2425, 0.63, 23.08, 98.63, 119.92063492063491)
('i_22521', 14314, 0.98, 17.83, 135.08, 119.64285714285715)
('i_23308', 14797, 0.93, 16.04, 130.35, 122.91397849462365)
('i_39276', 24908, 0.7, 47.64, 132.11, 120.67142857142859)
('i_8639', 5486, 0.61, 11.64, 89.28, 127.27868852459017)
('i_23291', 14784, 0.5, 5.23, 67.48, 124.5)
('i_20284', 12862, 1.09, 6.94, 134.06, 116.62385321100918)
('i_18385', 11659, 0.45, 61.86, 115.99, 120.28888888888888)
('i_48369', 30623, 0.48, 49.48, 106.27, 118.3125)
('i_36638', 23247, 0.62, 41.29, 121.65, 129.61290322580646)
('i_44386', 28108, 0.55, 7.22, 72.37, 118.45454545454545)
('i_5466', 3463, 0.78, 44.49, 134.01, 114.76923076923075)
('i_5845', 3710, 0.92, 20.27, 128.05, 117.15217391304348)
('i_25991', 16512, 0.5, 16.01, 73.63, 115.23999999999998)
('i_40430', 25618, 0.48, 2.66, 59.85, 119.14583333333333)
('i_31956', 20330, 0.25, 48.69, 77.06, 113.48000000000002)
('i_34182', 21719, 0.74, 14.37, 101.28, 117.44594594594594)
('i_10454', 6640, 0.66, 9.67, 84.34, 113.13636363636364)
('i_13809', 8767, 0.24, 10.07, 37.92, 116.04166666666667)
('i_3097', 1974, 0.18, 20.47, 40.77, 112.7777777777778)
('i_46264', 29296, 0.54, 28.65, 90.3, 114.16666666666666)
('i_46150', 29219, 0.44, 13.34, 63.27, 113.47727272727275)
('i_22000', 13991, 0.36, 25.37, 65.69, 111.99999999999999)
('i_25361', 16117, 0.7, 39.27, 118.35, 112.97142857142856)
('i_28439', 18085, 0.36, 21.97, 66.74, 124.3611111111111)
('i_46571', 29486, 0.87, 12.64, 109.88, 111.77011494252874)
('i_42249', 26760, 1.17, 0.07, 131.4, 112.24786324786326)
('i_34879', 22171, 1.09, 8.23, 134.67, 115.99999999999997)
('i_41920', 26563, 0.87, 23.41, 123.07, 114.55172413793103)
('i_6770', 4303, 0.84, 14.91, 109.54, 112.65476190476193)
('i_20266', 12853, 0.48, 27.81, 81.37, 111.58333333333334)
('i_17026', 10807, 0.71, 9.55, 89.0, 111.90140845070424)
('i_20411', 12943, 0.98, 26.2, 135.44, 111.46938775510203)
('i_51750', 32773, 0.78, 45.91, 133.24, 111.96153846153847)
('i_24239', 15397, 0.16, 23.2, 41.37, 113.56249999999999)
('i_36445', 23131, 0.7, 57.25, 134.73, 110.68571428571428)
('i_41575', 26349, 0.8, 8.79, 95.5, 108.3875)
('i_27184', 17269, 1.15, 5.5, 132.39, 110.3391304347826)
('i_26492', 16845, 0.09, 16.0, 26.58, 117.55555555555554)
('i_35322', 22453, 0.71, 52.08, 129.65, 109.25352112676057)
('i_26443', 16813, 0.32, 25.65, 61.03, 110.5625)
('i_48611', 30784, 0.72, 37.92, 116.94, 109.75)
('i_39712', 25184, 0.61, 4.86, 69.94, 106.68852459016394)
('i_1057', 686, 0.87, 27.03, 121.45, 108.52873563218391)
('i_13560', 8610, 0.88, 27.91, 121.6, 106.4659090909091)
('i_49693', 31466, 0.48, 38.2, 89.51, 106.89583333333334)
('i_35009', 22252, 0.68, 52.71, 122.34, 102.39705882352939)
('i_18472', 11714, 0.77, 45.86, 126.23, 104.37662337662339)
('i_42832', 27122, 0.91, 14.28, 106.75, 101.61538461538461)
('i_45926', 29081, 0.98, 15.45, 118.78, 105.43877551020408)
('i_26690', 16965, 1.05, 23.63, 130.17, 101.46666666666665)
('i_47987', 30380, 0.32, 34.5, 69.75, 110.15625)
('i_14674', 9320, 0.97, 26.96, 125.29, 101.37113402061857)
('i_46088', 29180, 0.47, 63.47, 111.18, 101.51063829787236)
('i_12415', 7884, 0.74, 46.77, 121.2, 100.5810810810811)
('i_47970', 30366, 0.26, 42.82, 70.87, 107.8846153846154)
('i_1957', 1242, 0.52, 18.45, 70.86, 100.78846153846153)
('i_21714', 13802, 1.11, 15.33, 127.31, 100.88288288288288)
('i_42675', 27025, 0.76, 50.97, 126.79, 99.76315789473685)
('i_37470', 23763, 1.02, 29.34, 131.09, 99.75490196078431)
('i_46186', 29240, 0.61, 3.06, 67.46, 105.57377049180327)
('i_17095', 10846, 1.03, 28.82, 132.06, 100.23300970873787)
('i_7565', 4803, 0.68, 2.2, 73.3, 104.55882352941175)
('i_21090', 13390, 0.83, 29.95, 113.14, 100.2289156626506)
('i_51257', 32461, 0.5, 27.66, 77.19, 99.06)
('i_2658', 1695, 0.98, 17.7, 114.77, 99.05102040816325)
('i_16717', 10612, 0.75, 44.13, 125.11, 107.97333333333331)
('i_26773', 17014, 0.63, 36.67, 98.89, 98.76190476190476)
('i_21213', 13473, 0.69, 11.8, 86.75, 108.62318840579711)
('i_11259', 7151, 0.36, 62.75, 98.31, 98.77777777777779)
('i_16053', 10190, 0.9, 3.51, 91.67, 97.95555555555555)
('i_18641', 11821, 1.19, 14.04, 130.45, 97.82352941176471)
('i_35677', 22678, 0.59, 36.55, 95.39, 99.72881355932205)
('i_25575', 16258, 0.81, 53.01, 133.8, 99.74074074074076)
('i_34621', 22005, 1.32, 0.55, 133.81, 100.95454545454544)
('i_49339', 31243, 0.86, 13.38, 98.28, 98.72093023255815)
('i_48970', 31021, 0.52, 22.24, 72.42, 96.50000000000001)
('i_18704', 11861, 0.4, 21.92, 61.91, 99.97499999999998)
('i_27682', 17593, 1.24, 3.46, 126.2, 98.98387096774195)
('i_11681', 7412, 0.74, 16.31, 89.48, 98.87837837837839)
('i_47294', 29941, 0.91, 0.16, 86.27, 94.62637362637362)
('i_26908', 17089, 0.32, 40.05, 70.97, 96.625)
('i_17041', 10816, 0.19, 23.93, 42.22, 96.26315789473684)
('i_44974', 28478, 0.93, 36.76, 125.5, 95.41935483870968)
('i_18685', 11851, 1.05, 8.48, 108.7, 95.44761904761904)
('i_15862', 10079, 0.52, 33.13, 83.35, 96.57692307692305)
('i_20076', 12742, 0.81, 30.58, 106.85, 94.16049382716048)
('i_14510', 9205, 0.72, 13.32, 96.77, 115.90277777777777)
('i_3619', 2296, 0.89, 10.23, 96.95, 97.43820224719101)
('i_19084', 12117, 1.0, 19.45, 113.73, 94.28)
('i_50240', 31830, 0.73, 4.55, 73.38, 94.28767123287672)
('i_6711', 4262, 1.04, 27.98, 125.74, 93.99999999999999)
('i_19133', 12149, 1.05, 36.13, 133.11, 92.36190476190478)
('i_35736', 22714, 1.05, 13.01, 111.61, 93.9047619047619)
('i_20613', 13081, 0.21, 3.67, 23.04, 92.23809523809523)
('i_22310', 14179, 0.52, 22.66, 70.49, 91.98076923076923)
('i_2411', 1532, 0.89, 30.0, 111.61, 91.69662921348315)
('i_44335', 28071, 0.94, 2.83, 93.88, 96.86170212765958)
('i_51383', 32537, 0.22, 39.59, 59.74, 91.59090909090908)
('i_6599', 4190, 1.17, 11.13, 121.62, 94.43589743589745)
('i_2233', 1418, 0.25, 47.48, 71.01, 94.12000000000003)
('i_36308', 23044, 1.09, 36.31, 135.66, 91.14678899082567)
('i_22166', 14092, 0.51, 43.34, 90.24, 91.96078431372547)
('i_20933', 13290, 0.74, 0.48, 67.76, 90.91891891891892)
('i_43591', 27604, 0.65, 10.62, 69.67, 90.84615384615385)
('i_46387', 29369, 0.25, 45.36, 67.9, 90.16000000000003)
('i_42591', 26970, 0.97, 24.65, 112.6, 90.67010309278349)
('i_39480', 25038, 1.29, 4.91, 122.53, 91.17829457364341)
('i_17493', 11099, 1.09, 32.97, 130.52, 89.49541284403671)
('i_20814', 13210, 0.99, 12.02, 100.38, 89.25252525252526)
('i_31150', 19821, 0.8, 36.85, 108.46, 89.51249999999997)
('i_909', 581, 1.08, 5.96, 104.33, 91.08333333333333)
('i_38952', 24703, 1.03, 6.12, 98.53, 89.71844660194174)
('i_19066', 12108, 0.68, 34.14, 98.31, 94.36764705882352)
('i_47352', 29977, 1.12, 8.57, 106.68, 87.59821428571429)
('i_11338', 7202, 0.97, 5.89, 91.33, 88.08247422680412)
('i_22803', 14495, 1.09, 28.31, 125.11, 88.80733944954127)
('i_2312', 1470, 0.98, 13.75, 101.64, 89.68367346938776)
('i_36357', 23071, 0.36, 60.8, 92.24, 87.33333333333333)
('i_11427', 7268, 0.34, 6.12, 37.36, 91.88235294117646)
('i_34131', 21686, 1.39, 12.8, 132.2, 85.89928057553956)
('i_9427', 5987, 0.56, 51.78, 102.33, 90.26785714285712)
('i_27117', 17225, 0.95, 39.85, 123.64, 88.2)
('i_11006', 6989, 0.15, 0.85, 14.02, 87.8)
('i_50941', 32273, 0.83, 43.06, 116.24, 88.16867469879517)
('i_26618', 16921, 0.94, 13.36, 91.88, 83.53191489361703)
('i_28827', 18327, 0.63, 25.97, 85.81, 94.98412698412699)
('i_3071', 1957, 0.27, 55.75, 78.56, 84.48148148148148)
('i_28025', 17812, 0.52, 52.5, 95.11, 81.9423076923077)
('i_42793', 27096, 1.3, 24.5, 134.66, 84.73846153846154)
('i_4579', 2895, 0.54, 58.99, 103.18, 81.83333333333334)
('i_17892', 11347, 1.55, 7.28, 134.72, 82.21935483870968)
('i_29505', 18752, 0.99, 42.87, 127.44, 85.42424242424242)
('i_41318', 26176, 0.45, 29.16, 65.76, 81.33333333333336)
('i_21218', 13476, 0.93, 8.67, 86.23, 83.39784946236558)
('i_9481', 6021, 0.78, 19.13, 82.97, 81.84615384615385)
('i_14495', 9195, 0.59, 18.01, 68.28, 85.20338983050847)
('i_23404', 14862, 0.54, 31.82, 77.55, 84.68518518518518)
('i_15298', 9710, 0.33, 0.79, 27.49, 80.9090909090909)
('i_23410', 14865, 0.39, 3.12, 34.7, 80.97435897435898)
('i_33138', 21069, 0.33, 49.74, 76.36, 80.66666666666666)
('i_29559', 18785, 0.77, 26.23, 90.97, 84.07792207792207)
('i_1468', 930, 1.12, 38.87, 128.91, 80.39285714285712)
('i_22068', 14029, 1.3, 10.24, 116.11, 81.43846153846154)
('i_31310', 19924, 0.38, 17.72, 50.87, 87.23684210526315)
('i_26376', 16768, 0.57, 33.26, 79.5, 81.12280701754386)
('i_36421', 23115, 0.37, 59.99, 89.59, 80.0)
('i_13583', 8625, 0.53, 37.41, 80.53, 81.35849056603774)
('i_51005', 32307, 0.66, 13.17, 65.74, 79.65151515151514)
('i_47986', 30379, 1.13, 7.83, 97.17, 79.06194690265488)
('i_28421', 18070, 1.02, 17.74, 104.57, 85.12745098039215)
('i_36201', 22985, 0.84, 48.29, 114.64, 78.98809523809524)
('i_40274', 25525, 1.61, 1.72, 132.29, 81.09937888198756)
('i_5354', 3387, 0.45, 23.79, 60.36, 81.26666666666667)
('i_30889', 19668, 0.97, 20.64, 97.79, 79.53608247422682)
('i_35025', 22264, 0.91, 16.89, 89.23, 79.49450549450549)
('i_22370', 14220, 1.07, 6.5, 92.32, 80.2056074766355)
('i_11433', 7272, 1.49, 8.64, 124.93, 78.04697986577182)
('i_43730', 27691, 0.15, 49.52, 61.29, 78.46666666666664)
('i_17492', 11098, 0.87, 1.3, 69.33, 78.19540229885058)
('i_40214', 25487, 1.59, 11.31, 134.35, 77.38364779874213)
('i_44933', 28455, 0.79, 53.45, 114.87, 77.74683544303798)
('i_31375', 19960, 0.64, 24.52, 74.73, 78.45312500000001)
('i_24830', 15776, 0.43, 19.88, 53.44, 78.04651162790698)
('i_46366', 29358, 0.93, 53.11, 124.21, 76.4516129032258)
('i_14682', 9325, 1.67, 3.35, 130.81, 76.32335329341318)
('i_30653', 19513, 0.99, 0.11, 75.72, 76.37373737373737)
('i_38419', 24362, 1.04, 38.99, 119.05, 76.98076923076923)
('i_48407', 30651, 0.91, 11.57, 81.87, 77.25274725274727)
('i_45613', 28882, 1.56, 3.28, 121.0, 75.46153846153845)
('i_21509', 13670, 1.18, 21.07, 110.65, 75.91525423728815)
('i_29766', 18923, 1.48, 18.39, 130.4, 75.68243243243244)
('i_43619', 27620, 1.43, 20.52, 131.63, 77.69930069930071)
('i_4100', 2598, 1.16, 18.55, 105.72, 75.14655172413794)
('i_20294', 12870, 1.54, 7.18, 122.71, 75.01948051948052)
('i_20399', 12934, 0.9, 8.87, 76.03, 74.62222222222222)
('i_46382', 29367, 1.52, 16.23, 130.7, 75.30921052631578)
('i_7609', 4828, 1.58, 3.45, 124.41, 76.55696202531645)
('i_26439', 16811, 0.86, 37.81, 102.11, 74.76744186046511)
('i_10466', 6649, 1.2, 22.21, 118.3, 80.075)
('i_50633', 32077, 0.7, 36.22, 88.26, 74.34285714285716)
('i_42097', 26674, 0.44, 56.43, 88.94, 73.88636363636363)
('i_9038', 5740, 0.78, 19.66, 76.98, 73.48717948717949)
('i_12583', 7996, 0.95, 55.28, 131.61, 80.34736842105265)
('i_21510', 13671, 0.43, 39.71, 71.19, 73.20930232558139)
('i_24380', 15486, 1.56, 10.56, 129.19, 76.0448717948718)
('i_43355', 27453, 1.16, 34.32, 119.14, 73.12068965517241)
('i_46348', 29347, 0.82, 42.48, 102.43, 73.10975609756099)
('i_40519', 25678, 0.3, 18.81, 40.92, 73.70000000000002)
('i_6664', 4231, 1.49, 19.91, 128.73, 73.03355704697987)
('i_13488', 8571, 0.78, 10.63, 68.33, 73.97435897435896)
('i_46079', 29173, 0.99, 37.78, 111.96, 74.92929292929293)
('i_43764', 27712, 1.02, 22.69, 99.39, 75.19607843137256)
('i_28881', 18361, 1.69, 8.31, 133.73, 74.21301775147928)
('i_4883', 3080, 0.94, 12.22, 81.78, 74.0)
('i_31955', 20329, 0.76, 23.78, 79.12, 72.81578947368422)
('i_38671', 24517, 1.06, 2.46, 79.49, 72.66981132075472)
('i_26410', 16790, 1.36, 14.45, 113.03, 72.48529411764706)
('i_30531', 19425, 0.53, 39.62, 78.14, 72.67924528301887)
('i_21848', 13890, 1.44, 31.15, 134.91, 72.05555555555556)
('i_35128', 22334, 0.86, 42.63, 104.33, 71.74418604651163)
('i_21790', 13852, 0.14, 19.42, 29.6, 72.71428571428571)
('i_51508', 32613, 0.3, 25.34, 46.83, 71.63333333333333)
('i_23035', 14636, 1.71, 3.96, 126.1, 71.42690058479532)
('i_13266', 8434, 0.7, 43.34, 94.54, 73.14285714285715)
('i_39167', 24841, 0.82, 14.25, 72.79, 71.39024390243904)
('i_19819', 12577, 0.51, 18.43, 54.65, 71.01960784313725)
('i_11052', 7018, 1.05, 6.33, 80.56, 70.6952380952381)
('i_17140', 10874, 0.9, 41.62, 106.02, 71.55555555555556)
('i_7585', 4815, 1.34, 27.41, 121.73, 70.38805970149254)
('i_16969', 10770, 1.44, 15.3, 118.36, 71.56944444444444)
('i_30083', 19126, 0.62, 40.55, 84.43, 70.77419354838712)
('i_3167', 2014, 0.73, 61.38, 114.46, 72.71232876712328)
('i_47527', 30081, 1.62, 9.88, 123.57, 70.17901234567901)
('i_48636', 30801, 0.23, 54.91, 71.16, 70.65217391304347)
('i_37830', 23997, 0.8, 4.92, 61.02, 70.125)
('i_41954', 26590, 0.77, 24.74, 78.6, 69.94805194805194)
('i_12739', 8095, 1.68, 14.86, 135.83, 72.0059523809524)
('i_11102', 7050, 1.25, 17.8, 105.49, 70.152)
('i_28491', 18116, 1.77, 8.49, 133.1, 70.40112994350282)
('i_37564', 23822, 1.01, 46.41, 116.89, 69.78217821782178)
('i_39065', 24776, 1.48, 1.8, 105.19, 69.85810810810811)
('i_16674', 10584, 1.33, 40.68, 134.96, 70.88721804511277)
('i_30832', 19628, 0.38, 36.37, 63.19, 70.57894736842105)
('i_30827', 19626, 0.99, 54.04, 124.52, 71.19191919191918)
('i_3545', 2255, 0.98, 11.1, 79.28, 69.57142857142858)
('i_4273', 2699, 1.61, 7.86, 119.71, 69.47204968944098)
('i_11444', 7277, 1.11, 56.56, 133.53, 69.34234234234233)
('i_39162', 24839, 1.28, 36.12, 125.13, 69.53906249999999)
('i_19453', 12358, 1.08, 29.79, 104.11, 68.81481481481481)
('i_32078', 20403, 1.27, 28.48, 117.74, 70.28346456692913)
('i_44718', 28319, 1.11, 17.15, 94.97, 70.1081081081081)
('i_46026', 29145, 1.55, 12.09, 119.67, 69.40645161290323)
('i_15692', 9972, 1.15, 10.37, 90.15, 69.37391304347827)
('i_27877', 17715, 1.0, 56.54, 126.29, 69.75)
('i_5116', 3231, 0.75, 6.62, 57.76, 68.18666666666667)
('i_51656', 32713, 1.4, 33.45, 129.32, 68.47857142857143)
('i_25057', 15913, 0.94, 10.0, 73.53, 67.58510638297872)
('i_50634', 32078, 1.06, 17.97, 90.49, 68.41509433962264)
('i_44873', 28418, 0.47, 33.98, 66.56, 69.31914893617022)
('i_27326', 17363, 1.22, 17.14, 100.93, 68.68032786885246)
('i_51138', 32387, 0.81, 37.81, 93.46, 68.7037037037037)
('i_16269', 10323, 1.52, 5.25, 107.98, 67.58552631578948)
('i_24965', 15856, 1.05, 14.08, 83.68, 66.28571428571429)
('i_28036', 17820, 1.07, 19.77, 90.61, 66.2056074766355)
('i_1397', 888, 1.36, 5.16, 94.96, 66.02941176470587)
('i_14229', 9022, 0.5, 7.53, 42.26, 69.46)
('i_42475', 26896, 0.56, 58.81, 96.63, 67.53571428571426)
('i_15308', 9719, 1.98, 1.41, 131.33, 65.61616161616162)
('i_20832', 13221, 0.57, 48.77, 88.62, 69.9122807017544)
('i_479', 313, 0.75, 20.87, 69.95, 65.44)
('i_28494', 18119, 1.18, 39.97, 117.07, 65.33898305084746)
('i_198', 131, 0.58, 62.23, 102.66, 69.70689655172414)
('i_2213', 1404, 0.32, 16.33, 37.19, 65.1875)
('i_45839', 29024, 1.3, 5.37, 91.25, 66.06153846153846)
('i_31458', 20013, 1.0, 26.1, 91.09, 64.99000000000001)
('i_37290', 23654, 1.42, 13.02, 105.28, 64.9718309859155)
('i_31287', 19908, 1.15, 28.74, 104.39, 65.78260869565219)
('i_27323', 17360, 1.23, 51.28, 131.81, 65.47154471544715)
('i_50743', 32151, 1.04, 30.97, 98.41, 64.84615384615384)
('i_4479', 2835, 0.7, 45.36, 91.5, 65.91428571428573)
('i_4924', 3110, 1.01, 46.69, 114.53, 67.16831683168317)
('i_32589', 20731, 1.18, 6.07, 84.24, 66.2457627118644)
('i_7261', 4614, 1.25, 45.16, 125.09, 63.944)
('i_18439', 11696, 1.1, 60.6, 131.62, 64.56363636363636)
('i_20039', 12717, 1.36, 28.31, 116.18, 64.61029411764706)
('i_21235', 13487, 1.3, 35.12, 119.24, 64.70769230769231)
('i_2850', 1810, 0.74, 20.51, 68.65, 65.05405405405405)
('i_9074', 5759, 1.33, 13.9, 98.33, 63.481203007518786)
('i_32250', 20514, 0.95, 48.0, 109.72, 64.96842105263158)
('i_39853', 25274, 0.45, 34.91, 64.3, 65.31111111111112)
('i_17425', 11055, 0.16, 28.23, 38.33, 63.124999999999986)
('i_22721', 14446, 1.21, 45.87, 122.03, 62.942148760330575)
('i_39872', 25284, 1.75, 20.23, 132.9, 64.38285714285715)
('i_28604', 18188, 0.9, 32.71, 89.76, 63.38888888888889)
('i_44090', 27920, 1.0, 53.16, 116.21, 63.05)
('i_48431', 30666, 1.28, 35.5, 116.28, 63.109375)
('i_3884', 2452, 1.51, 10.76, 105.69, 62.86754966887417)
('i_25593', 16269, 1.67, 10.19, 115.19, 62.87425149700599)
('i_17087', 10842, 1.28, 29.74, 110.52, 63.109375)
('i_51268', 32468, 0.64, 21.09, 60.84, 62.109375)
('i_30071', 19119, 0.94, 33.96, 94.09, 63.968085106382986)
('i_41536', 26323, 1.28, 23.04, 103.1, 62.546875)
('i_30075', 19122, 0.46, 36.73, 65.33, 62.17391304347826)
('i_51327', 32502, 0.71, 44.86, 89.76, 63.23943661971832)
('i_8205', 5210, 1.22, 16.97, 92.13, 61.60655737704918)
('i_33451', 21261, 1.16, 22.77, 94.56, 61.88793103448277)
('i_39459', 25027, 1.6, 2.41, 102.01, 62.25)
('i_28377', 18042, 1.96, 16.19, 135.85, 61.05102040816327)
('i_16968', 10770, 1.75, 11.52, 117.77, 60.714285714285715)
('i_5224', 3302, 1.41, 24.16, 110.77, 61.42553191489362)
('i_38971', 24714, 0.67, 34.32, 74.84, 60.47761194029851)
('i_29494', 18745, 1.86, 9.59, 124.39, 61.72043010752688)
('i_1341', 854, 1.64, 0.69, 99.57, 60.29268292682927)
('i_11568', 7347, 0.49, 28.79, 58.78, 61.204081632653065)
('i_18384', 11659, 1.17, 0.22, 70.64, 60.188034188034194)
('i_28622', 18201, 1.84, 13.7, 129.13, 62.73369565217391)
('i_29201', 18557, 1.14, 26.71, 103.14, 67.04385964912282)
('i_51593', 32663, 1.23, 34.79, 108.23, 59.70731707317073)
('i_14743', 9362, 1.4, 8.73, 94.86, 61.52142857142857)
('i_30569', 19454, 1.09, 28.24, 92.57, 59.01834862385321)
('i_8084', 5130, 0.65, 53.26, 91.64, 59.04615384615385)
('i_35655', 22663, 0.56, 30.74, 64.62, 60.500000000000014)
('i_45921', 29078, 0.69, 39.93, 81.94, 60.88405797101449)
('i_21759', 13833, 0.96, 31.77, 88.66, 59.26041666666667)
('i_16871', 10714, 0.97, 57.48, 114.37, 58.64948453608248)
('i_37882', 24035, 0.95, 23.76, 79.42, 58.589473684210525)
('i_17937', 11369, 1.13, 45.47, 111.94, 58.823008849557525)
('i_29118', 18508, 1.24, 17.47, 91.33, 59.564516129032256)
('i_49274', 31206, 0.96, 4.2, 60.29, 58.42708333333333)
('i_320', 209, 1.26, 9.52, 82.61, 58.00793650793651)
('i_6419', 4077, 0.93, 38.88, 93.5, 58.73118279569892)
('i_39035', 24755, 0.72, 35.01, 76.62, 57.79166666666668)
('i_47217', 29897, 0.68, 14.39, 54.01, 58.264705882352935)
('i_41544', 26328, 1.97, 0.58, 126.51, 63.923857868020306)
('i_49500', 31347, 0.98, 36.92, 95.23, 59.5)
('i_9794', 6229, 1.17, 27.65, 95.84, 58.282051282051285)
('i_4234', 2674, 1.07, 4.88, 66.94, 57.99999999999999)
('i_41258', 26139, 1.47, 39.5, 127.17, 59.63945578231293)
('i_28536', 18148, 1.49, 31.81, 116.5, 56.83892617449664)
('i_45497', 28805, 0.55, 11.03, 42.53, 57.272727272727266)
('i_13405', 8520, 2.13, 5.22, 126.57, 56.971830985915496)
('i_47777', 30239, 1.88, 10.11, 118.66, 57.73936170212766)
('i_38528', 24424, 1.71, 32.15, 129.09, 56.69005847953216)
('i_3978', 2515, 0.83, 32.44, 84.27, 62.445783132530124)
('i_35062', 22290, 0.81, 22.6, 68.65, 56.851851851851855)
('i_42452', 26879, 0.74, 32.56, 74.27, 56.364864864864856)
('i_42937', 27184, 1.62, 33.46, 125.03, 56.52469135802468)
('i_28656', 18222, 1.2, 27.7, 95.57, 56.55833333333333)
('i_48285', 30575, 0.66, 60.08, 97.89, 57.28787878787879)
('i_33860', 21522, 1.57, 4.85, 95.77, 57.910828025477706)
('i_29772', 18927, 1.93, 21.97, 131.1, 56.5440414507772)
('i_24693', 15684, 1.07, 63.83, 123.78, 56.02803738317757)
('i_1307', 829, 1.03, 38.43, 96.85, 56.71844660194174)
('i_17535', 11128, 1.56, 21.34, 108.72, 56.01282051282051)
('i_29014', 18446, 1.65, 28.57, 123.87, 57.757575757575765)
('i_26214', 16659, 1.81, 26.83, 131.31, 57.72375690607735)
('i_26150', 16614, 1.66, 6.04, 98.39, 55.632530120481924)
('i_47191', 29883, 1.5, 24.32, 107.87, 55.70000000000001)
('i_9776', 6217, 0.83, 42.23, 88.31, 55.518072289156635)
('i_17525', 11120, 0.98, 14.86, 69.42, 55.673469387755105)
('i_28517', 18134, 1.27, 23.31, 95.22, 56.62204724409448)
('i_30417', 19352, 1.72, 1.46, 96.24, 55.1046511627907)
('i_6921', 4399, 0.73, 20.57, 61.21, 55.67123287671233)
('i_49081', 31083, 1.98, 12.29, 123.28, 56.05555555555556)
('i_50009', 31676, 0.66, 25.83, 62.82, 56.04545454545455)
('i_726', 463, 0.66, 20.2, 56.38, 54.81818181818183)
('i_32213', 20494, 0.28, 56.42, 71.92, 55.357142857142854)
('i_31760', 20194, 1.23, 40.06, 108.93, 55.991869918699194)
('i_20685', 13130, 2.33, 3.88, 131.31, 54.69098712446352)
('i_50695', 32114, 0.4, 45.56, 67.44, 54.69999999999999)
('i_51291', 32484, 1.22, 20.97, 88.05, 54.98360655737705)
('i_15161', 9627, 1.27, 37.87, 106.26, 53.850393700787414)
('i_17199', 10914, 0.56, 4.62, 35.86, 55.78571428571428)
('i_37769', 23957, 1.19, 34.54, 99.9, 54.92436974789917)
('i_43653', 27644, 1.78, 23.51, 122.04, 55.353932584269664)
('i_37617', 23853, 0.99, 28.73, 81.63, 53.434343434343425)
('i_17608', 11170, 1.33, 12.52, 83.67, 53.496240601503764)
('i_51410', 32552, 1.85, 22.27, 120.85, 53.28648648648648)
('i_13791', 8755, 1.18, 51.11, 114.53, 53.74576271186441)
('i_547', 349, 1.87, 24.48, 124.14, 53.29411764705882)
('i_34880', 22172, 1.55, 8.34, 90.77, 53.180645161290315)
('i_14600', 9270, 1.06, 45.86, 102.51, 53.443396226415096)
('i_4176', 2641, 0.85, 58.98, 104.4, 53.43529411764707)
('i_37510', 23786, 1.11, 50.84, 109.33, 52.69369369369368)
('i_45697', 28934, 1.48, 50.42, 128.41, 52.695945945945944)
('i_660', 423, 0.48, 16.59, 41.9, 52.729166666666664)
('i_35839', 22775, 1.82, 4.32, 100.32, 52.747252747252745)
('i_48529', 30730, 0.25, 50.61, 64.36, 55.0)
('i_49220', 31170, 0.92, 13.55, 61.78, 52.423913043478265)
('i_50463', 31978, 1.42, 5.36, 85.33, 56.316901408450704)
('i_35460', 22545, 2.36, 0.29, 128.58, 54.36016949152543)
('i_20994', 13325, 1.48, 44.34, 122.68, 52.932432432432435)
('i_19115', 12137, 1.1, 21.45, 78.7, 52.04545454545454)
('i_13425', 8535, 1.46, 26.51, 103.36, 52.63698630136986)
('i_7468', 4741, 1.36, 29.98, 101.17, 52.34558823529411)
('i_23392', 14853, 0.89, 31.35, 78.06, 52.48314606741573)
('i_40174', 25462, 1.72, 28.88, 119.9, 52.918604651162795)
('i_45226', 28637, 2.36, 10.0, 132.7, 51.99152542372881)
('i_33932', 21571, 0.9, 16.41, 63.47, 52.28888888888889)
('i_27442', 17437, 1.32, 18.62, 86.6, 51.49999999999999)
('i_44513', 28185, 1.01, 50.29, 102.73, 51.92079207920793)
('i_36019', 22878, 1.78, 28.28, 120.16, 51.61797752808988)
('i_27383', 17400, 1.04, 27.27, 80.8, 51.47115384615385)
('i_10738', 6822, 1.2, 4.95, 67.69, 52.28333333333333)
('i_33683', 21410, 1.69, 37.1, 125.91, 52.55029585798817)
('i_10562', 6711, 1.46, 54.08, 128.87, 51.22602739726028)
('i_2478', 1570, 2.08, 3.76, 111.65, 51.87019230769231)
('i_21512', 13673, 1.46, 36.75, 110.98, 50.84246575342466)
('i_50143', 31760, 1.93, 7.39, 107.37, 51.80310880829016)
('i_17658', 11200, 1.69, 7.79, 93.34, 50.62130177514793)
('i_34339', 21825, 1.29, 26.03, 92.57, 51.581395348837205)
('i_3805', 2407, 1.61, 28.23, 110.5, 51.09937888198757)
('i_20154', 12789, 2.39, 3.09, 123.63, 50.43514644351464)
('i_4421', 2797, 1.84, 25.32, 118.05, 50.396739130434774)
('i_17924', 11365, 1.89, 0.14, 99.57, 52.60846560846561)
('i_37946', 24072, 0.6, 17.44, 48.04, 51.0)
('i_29502', 18750, 0.89, 9.4, 54.0, 50.1123595505618)
('i_51770', 32785, 1.82, 1.77, 94.66, 51.03846153846154)
('i_20115', 12768, 1.37, 44.02, 112.94, 50.30656934306568)
('i_2292', 1459, 2.37, 17.72, 135.72, 49.78902953586498)
('i_39432', 25008, 1.89, 36.77, 130.64, 49.66666666666666)
('i_9178', 5828, 2.23, 0.24, 113.77, 50.91031390134529)
('i_3713', 2351, 1.96, 31.2, 129.01, 49.90306122448979)
('i_36340', 23060, 1.77, 15.06, 104.33, 50.43502824858757)
('i_42979', 27209, 1.31, 2.91, 67.61, 49.38931297709924)
('i_22630', 14387, 0.86, 57.65, 100.09, 49.34883720930233)
('i_45334', 28709, 1.02, 39.76, 94.17, 53.34313725490196)
('i_14327', 9085, 2.17, 1.75, 111.99, 50.80184331797235)
('i_51221', 32436, 1.16, 9.64, 66.52, 49.03448275862069)
('i_5442', 3448, 0.37, 23.2, 41.51, 49.486486486486484)
('i_50080', 31717, 0.69, 3.93, 38.28, 49.78260869565218)
('i_26638', 16933, 2.01, 30.23, 129.58, 49.42786069651742)
('i_31302', 19919, 1.87, 16.03, 111.8, 51.213903743315505)
('i_4369', 2763, 1.46, 38.45, 110.06, 49.04794520547945)
('i_31216', 19863, 1.44, 27.1, 97.49, 48.881944444444436)
('i_48848', 30944, 1.8, 39.44, 128.22, 49.32222222222222)
('i_17396', 11038, 2.0, 35.9, 133.0, 48.55)
('i_1879', 1195, 1.57, 31.19, 107.87, 48.840764331210195)
('i_33334', 21191, 2.45, 1.65, 120.69, 48.58775510204081)
('i_49144', 31123, 2.13, 11.43, 117.99, 50.02816901408451)
('i_26242', 16682, 1.93, 20.57, 116.58, 49.7461139896373)
('i_23372', 14837, 2.2, 26.75, 133.38, 48.46818181818181)
('i_49194', 31154, 2.31, 21.12, 133.0, 48.43290043290043)
('i_38', 23, 1.89, 32.42, 123.74, 48.317460317460316)
('i_15449', 9814, 1.56, 25.78, 101.83, 48.75)
('i_20886', 13258, 1.52, 23.21, 96.71, 48.35526315789473)
('i_28605', 18189, 1.0, 6.96, 55.31, 48.35)
('i_1569', 997, 1.35, 31.52, 97.28, 48.71111111111111)
('i_25897', 16458, 2.6, 6.56, 133.22, 48.715384615384615)
('i_11465', 7287, 0.85, 25.97, 66.91, 48.16470588235294)
('i_22859', 14530, 2.04, 14.4, 112.38, 48.02941176470588)
('i_20274', 12858, 1.06, 25.38, 76.4, 48.13207547169812)
('i_11069', 7029, 0.51, 35.75, 60.68, 48.88235294117647)
('i_12078', 7682, 1.35, 32.39, 97.88, 48.511111111111106)
('i_6729', 4275, 1.91, 5.13, 96.25, 47.70680628272252)
('i_10058', 6396, 0.5, 0.26, 24.21, 47.9)
('i_41151', 26068, 1.86, 3.96, 91.74, 47.193548387096776)
('i_19258', 12226, 2.43, 6.88, 122.36, 47.522633744855966)
('i_13926', 8844, 1.95, 39.26, 133.96, 48.564102564102576)
('i_9639', 6126, 2.13, 6.88, 108.1, 47.521126760563384)
('i_19515', 12392, 1.27, 25.38, 86.5, 48.125984251968504)
('i_9323', 5922, 0.9, 2.01, 44.43, 47.13333333333333)
('i_1989', 1264, 2.75, 3.6, 135.57, 47.98909090909091)
('i_11732', 7448, 1.03, 3.64, 52.27, 47.21359223300971)
('i_13875', 8808, 1.1, 22.03, 75.14, 48.281818181818174)
('i_39737', 25198, 2.31, 6.93, 115.9, 47.17316017316017)
('i_23508', 14928, 2.28, 18.44, 124.85, 46.67105263157895)
('i_24333', 15455, 1.62, 20.84, 97.21, 47.14197530864197)
('i_13734', 8717, 1.51, 59.97, 131.03, 47.05960264900662)
('i_16100', 10220, 1.01, 43.55, 91.1, 47.07920792079208)
('i_51510', 32613, 1.99, 5.27, 98.11, 46.653266331658294)
('i_43985', 27855, 2.34, 1.3, 111.06, 46.90598290598291)
('i_3715', 2351, 1.22, 53.25, 110.13, 46.62295081967213)
('i_42132', 26692, 1.88, 42.49, 130.35, 46.734042553191486)
('i_44950', 28464, 2.11, 28.94, 127.02, 46.48341232227488)
('i_895', 573, 1.16, 59.77, 113.93, 46.6896551724138)
('i_2287', 1455, 1.69, 48.84, 127.12, 46.319526627218934)
('i_5384', 3406, 2.62, 7.4, 129.93, 46.76717557251908)
('i_10023', 6373, 2.41, 22.73, 134.95, 46.564315352697086)
('i_35168', 22358, 0.45, 21.98, 43.82, 48.53333333333333)
('i_2044', 1302, 0.24, 57.04, 68.18, 46.4166666666667)
('i_3225', 2053, 2.24, 31.79, 135.83, 46.44642857142858)
('i_20146', 12785, 1.51, 27.57, 97.37, 46.225165562913915)
('i_28613', 18193, 2.04, 32.07, 126.52, 46.29901960784313)
('i_31851', 20251, 2.6, 10.61, 134.57, 47.676923076923075)
('i_2690', 1712, 0.45, 28.22, 48.93, 46.022222222222226)
('i_36338', 23060, 0.94, 29.71, 72.67, 45.70212765957447)
('i_17218', 10925, 1.22, 55.53, 111.39, 45.78688524590164)
('i_43464', 27522, 0.66, 53.92, 84.3, 46.030303030303024)
('i_6004', 3815, 1.0, 63.17, 108.94, 45.769999999999996)
('i_29379', 18668, 1.85, 27.61, 112.35, 45.8054054054054)
('i_21584', 13719, 1.3, 57.89, 117.04, 45.5)
('i_36118', 22935, 2.55, 13.98, 129.96, 45.48235294117647)
('i_12092', 7691, 0.83, 56.3, 94.16, 45.6144578313253)
('i_3412', 2167, 0.48, 23.5, 45.86, 46.583333333333336)
('i_12989', 8250, 0.26, 45.97, 57.8, 45.49999999999999)
('i_5181', 3273, 1.69, 49.57, 127.6, 46.171597633136095)
('i_35419', 22520, 1.8, 25.16, 107.73, 45.87222222222223)
('i_49117', 31106, 1.87, 28.78, 113.99, 45.56684491978609)
('i_19129', 12147, 1.82, 14.53, 97.2, 45.42307692307692)
('i_24989', 15871, 0.4, 8.6, 26.6, 45.0)
('i_13821', 8772, 0.55, 51.59, 76.46, 45.2181818181818)
('i_14135', 8968, 2.07, 1.6, 94.63, 44.94202898550725)
('i_30659', 19517, 2.43, 9.37, 119.17, 45.18518518518518)
('i_37013', 23478, 1.73, 36.23, 114.67, 45.34104046242774)
('i_40472', 25645, 1.48, 46.7, 113.57, 45.18243243243243)
('i_45256', 28657, 2.04, 1.81, 93.49, 44.94117647058823)
('i_709', 454, 2.41, 20.45, 130.23, 45.55186721991701)
('i_50181', 31790, 1.98, 23.05, 112.5, 45.17676767676768)
('i_48239', 30544, 1.12, 10.21, 60.57, 44.96428571428571)
('i_38785', 24591, 1.6, 31.52, 102.91, 44.61875)
('i_43052', 27260, 2.09, 16.03, 110.69, 45.291866028708135)
('i_2613', 1666, 2.09, 33.89, 126.91, 44.50717703349282)
('i_4508', 2851, 1.83, 51.28, 133.42, 44.88524590163934)
('i_6064', 3849, 2.29, 17.45, 122.57, 45.90393013100436)
('i_10432', 6624, 0.91, 44.55, 85.15, 44.61538461538462)
('i_27507', 17481, 1.95, 44.29, 131.72, 44.835897435897444)
('i_10383', 6596, 1.25, 9.79, 65.05, 44.208)
('i_37491', 23775, 1.72, 18.17, 97.7, 46.23837209302326)
('i_26195', 16648, 1.77, 46.6, 125.03, 44.31073446327684)
('i_21854', 13894, 1.72, 19.0, 95.59, 44.52906976744186)
('i_46517', 29451, 1.07, 1.2, 49.08, 44.747663551401864)
('i_23085', 14667, 1.0, 42.17, 86.01, 43.84)
('i_43633', 27629, 1.33, 44.33, 102.6, 43.81203007518796)
('i_2647', 1687, 2.31, 19.7, 120.98, 43.84415584415584)
('i_31478', 20026, 1.62, 49.58, 121.22, 44.22222222222222)
('i_30840', 19636, 2.77, 2.02, 124.19, 44.104693140794225)
('i_36469', 23145, 1.45, 7.65, 70.98, 43.67586206896552)
('i_6804', 4327, 2.66, 13.18, 129.5, 43.72932330827067)
('i_4175', 2641, 1.2, 45.44, 97.23, 43.15833333333334)
('i_33863', 21525, 1.59, 20.38, 90.78, 44.27672955974843)
('i_30337', 19300, 1.38, 6.38, 65.85, 43.09420289855072)
('i_7551', 4794, 2.06, 24.26, 116.48, 44.76699029126213)
('i_33371', 21215, 1.71, 50.33, 123.8, 42.96491228070175)
('i_26304', 16720, 0.48, 25.07, 45.9, 43.39583333333333)
('i_28464', 18100, 2.59, 3.04, 114.05, 42.86100386100386)
('i_34177', 21715, 0.96, 33.98, 75.99, 43.760416666666664)
('i_34114', 21673, 1.75, 49.07, 127.0, 44.53142857142858)
('i_12351', 7845, 2.6, 9.1, 120.41, 42.81153846153846)
('i_16062', 10196, 2.4, 3.94, 106.15, 42.587500000000006)
('i_13999', 8892, 0.93, 10.86, 50.38, 42.494623655913976)
('i_40491', 25659, 1.46, 1.42, 62.89, 42.102739726027394)
('i_5329', 3370, 3.2, 0.55, 129.69, 40.356249999999996)
('i_27613', 17551, 3.36, 0.22, 124.11, 36.87202380952381)
('i_1692', 1070, 2.03, 0.04, 72.41, 35.65024630541872)
('i_37683', 23897, 3.24, 0.16, 106.27, 32.75)
('i_30202', 19211, 2.57, 0.04, 83.79, 32.5875486381323)
('i_38508', 24413, 17.24, 0.01, 109.95, 6.377030162412994)
('i_24005', 15242, 15.91, 0.01, 66.5, 4.1791326209930855)
('i_817', 522, 10.97, 0.01, 24.21, 2.2060164083865086)
