AAk
AAF
AB9
AB7
AAz
AB6
AC1
AB4
ACa
ABc
ABJ
ACg
ABK
ABf
ACb
AAW
ADB
ABR
ADh
AC6
AA_
ADS
AES
AEw
ADP
ACo
ADV
ACQ
AFX
AFk
AF3
ADx
AFF
AGP
AF5
AEQ
AGJ
AG4
AGS
AFD
ACr
AHA
ACw
AGe
AGC
AHY
AH4
AGn
AHN
AIE
AH5
AGg
AGf
AIY
AIK
AHr
AId
AG5
AHP
AH2
AIg
AGI
AIq
AIU
AJO
AIh
AJo
AIi
AJz
AIZ
AJR
AKY
AKU
AKc
AIM
AJm
AKk
AKe
AKy
ALI
ALY
AHs
AKm
AK8
AKz
ALC
AIt
ALD
AL1
AMG
AMD
AML
ALz
AMM
AMX
AMY
AM0
ALe
ALr
AL5
AM9
AN_
AMo
AKI
AMe
ANA
ALf
AN3
ANv
ANj
AOS
ANh
AOQ
ANk
AMk
AOp
AOR
AOX
APA
APE
APC
ANr
AP7
APS
AOf
APP
AOo
AJ_
AMc
AOV
APw
APh
APg
AQS
AQO
APq
AQV
AQe
APc
AQ5
ARa
ARi
APM
ARm
AQH
ASJ
ASC
ARJ
AOu
ASE
AQh
ASh
ASX
AQv
AS8
ASv
ASp
ASq
AS4
AS_
ASi
ASw
APb
AR8
ASW
AU1
ATW
ASr
ATy
AT0
ATx
ATv
AVC
AUL
AVR
AUr
ATE
AUq
AVJ
AUg
AWE
AVu
AVD
AWM
AUJ
AUy
AWH
AVm
AWI
AVz
AWP
AV1
AWF
AW1
AWd
AXV
AXM
AXu
AXg
AY4
AXS
AU8
AWv
AX2
AYp
AXK
AYr
AYB
AYi
AZ3
AYo
AZf
AZ1
AXh
AYu
AZe
AZZ
AZo
AZw
A0P
A00
A0M
A08
A02
AYm
A0Z
A0o
AZb
A0N
A0k
A0G
A13
A0B
AYw
A1K
A1n
A1j
A0z
A1z
AXD
A29
A2d
A2a
A2g
A0m
A0d
A3A
A1e
A3T
A3M
A39
A2x
A3f
A3N
A4C
A3s
A3O
A1W
A2U
A1J
A46
A4J
A2o
A3W
A4x
A4v
A2r
A4k
A5Z
A5E
A5H
A4L
A58
A51
A4V
A5F
A6J
A56
A6R
A3q
A64
A41
A4Q
A6e
A6V
A5_
A6o
A4d
A6Q
A6T
A7A
A6j
A7F
A7V
A5w
A7N
A7c
A7L
A6r
A6k
A6m
A8A
A7e
A6v
A7n
A7p
A79
A8V
A7g
A8k
A8L
A82
A8Z
A8C
A70
A6L
A7w
A9B
A9f
A9m
A9O
A9E
A9v
A9w
A_V
A_U
A_k
A9n
A_o
A_n
A8m
A9W
AaM
A8e
AaZ
A93
A8D
AbC
Aad
A_q
Aae
A_v
Aah
A_Y
AbY
AbE
Ab_
AaP
AbH
A_w
Aby
AbN
Abe
AbM
AbQ
Abv
Aca
AaW
AdA
AcI
AcD
Ad2
AcW
AdQ
Acm
Adq
Adj
Adu
Acj
Ad4
Ad9
AeV
Ae4
Aex
AcC
Adr
Afp
Afu
AbS
AgA
AeN
AfI
Af9
Abi
AgI
Ag1
AeK
AgO
AhA
AgL
AhE
AgX
Agx
AgN
Adm
AhJ
Acv
Ahe
AhS
AhK
Agm
Aht
Ahg
Ahx
Ahm
Aib
Ai2
AfC
Aic
Aih
AjG
AhP
Aiy
AjZ
Ahn
AjV
AhV
Ajk
Aj0
Ai4
Ajw
Ahb
Aj1
AkK
Ak7
AkM
Agf
Akj
AjX
AkY
Ake
Ak_
AlZ
AhC
AlO
AlP
AlU
Al8
AlV
Alk
Ald
Alf
AmB
AmI
Am0
Am3
Aiz
AmT
AlQ
Amh
AnL
Ami
Aly
Am9
Ajs
Al5
An2
Ame
Ale
AnW
AnR
Aof
Aoq
ApC
ApG
AnE
An8
Ang
AnQ
Apa
Apm
AqB
Apj
AnN
ApL
AnP
Aqa
Aq3
Aqn
Aqm
Aqq
Aqj
Ar6
AsJ
AsN
Arr
Arl
Ani
Aq_
AqF
Asn
AsZ
As9
Asd
Aso
Apu
Asw
AtJ
Asl
AtL
Apx
AtE
Atc
Atv
Aot
AuY
Asu
At2
Aua
Au2
AmK
AuI
AvC
AvL
AvB
Au9
AtP
AvR
AvN
Atw
As4
AvX
Avc
Avp
Av8
Aub
AtN
Avq
Av_
AwX
Av6
AwJ
Ave
Awb
Aw0
Aw1
Aug
AxH
AxX
Awx
AxL
AwR
Aw5
Axx
AxB
AyJ
AvW
Axy
Ay9
Axc
AyF
Ax9
AyI
AxU
Ayj
Ayr
AzN
Ays
BAL
Ay4
AyZ
BAP
Az_
BAY
Aui
BA4
AzY
AwZ
BAT
BAu
Az9
BB9
AzP
BAx
BB5
BA3
BCW
BAN
BA_
BBh
BCD
BCu
BBW
AzX
BCO
BDn
BCX
BDY
BDo
BEA
BCa
BEE
BC4
BCQ
BDw
BET
BE1
BDy
BEt
BBM
BEa
BDs
BFR
BES
BE3
BDP
BE_
BFV
BFg
BFw
BEO
BFj
BFb
BFy
BGP
BFd
BGn
BGz
BGq
BHG
BFe
BGG
BC1
BHV
BHW
BIG
BFS
BHU
BHi
BIT
BIK
BIZ
BIR
BIV
BIk
BHZ
BFc
BHy
BIr
BI6
BIU
BJJ
BJF
BJP
BFr
BJW
BIz
BJm
BJ2
BJ3
BH2
BJR
BKP
BHX
BKx
BKg
BKk
BJ_
BIa
BLS
BKC
BLR
BLA
BLZ
BLi
BIp
BLB
BLo
BLb
BKj
BLt
BMI
BKy
BLg
BMP
BLj
BM1
BM8
BMJ
BMz
BK3
BND
BMm
BMs
BNH
BNO
BNI
BMN
BMB
BN6
BNl
BML
BOI
BNo
BOQ
BN3
BNn
BJ4
BOc
BMc
BOX
BOy
BN0
BMy
BOr
BOt
BO4
BPe
BO8
BNy
BPM
BP2
BQD
BPA
BP6
BR5
BQG
BQn
BRH
BRd
BQx
BR0
BRr
BRl
BQL
BSJ
BSH
BR7
BR6
BSQ
BSA
BSu
BSi
BSq
BPt
BST
BSc
BTD
BNM
BTO
BQQ
BTf
BTR
BRe
BTc
BTV
BTj
BUM
BTy
BUF
BTS
BT4
BUe
BUP
BTg
BVG
BUC
BRh
BVW
BT1
BVj
BUy
BV8
BUg
BUk
BVt
BWR
BWm
BWZ
BWz
BUw
BWl
BVK
BWe
BWG
BSy
BW7
BXA
BXM
BXl
BXd
BXP
BX8
BYS
BY2
BXx
BYB
BZH
BWU
BYR
BYl
BZR
BZQ
BZ5
BZ2
BZX
BZi
BXz
BZr
BZ_
B04
BY3
B1U
B1E
BZz
BZ1
B2F
BZK
B15
BXv
B2N
B2D
B2_
BXh
B2s
B2d
B2U
B3K
B0R
B3T
B0v
B2b
B3U
B3r
B3s
B2O
B1e
BWp
B3B
B4X
B2g
B2t
B4g
B4w
B4S
B3m
B34
B4v
B5D
B5X
B5A
B4V
B56
B5R
B4j
B63
B4b
B5F
B6T
B6c
B6e
B67
B6n
B6p
B68
B62
B6t
B3X
B6_
B7L
B7T
B7P
B52
B5i
B7n
B6j
B8N
B7Q
B5T
B6s
B84
B7V
B89
B9J
B86
B8R
B8C
B8k
B92
B9O
B9q
B5J
B9m
B8q
B_M
B9M
B9_
B_3
B8x
B_U
B_J
B9w
BaE
B_Z
BaO
B_b
BaV
B_c
B9W
B_v
Ba1
B_o
BaY
Bas
BbD
Bat
Bb1
Bbj
BaS
Bbn
BbG
BaP
Bch
Bcd
BaU
BbA
Bcn
BbH
BdM
Bcx
BdE
BdK
BaZ
Bcr
BdR
B_p
Bdo
Bdq
B6u
Bd7
Be3
BeY
Ben
Be9
Bd_
Bew
BeM
BdG
Bcm
Bf0
BeF
BeX
Bfl
Bfo
Bfy
Bfc
Beq
BfY
BgR
Beo
Beh
Bg1
Bfw
Bdn
Bgh
BhI
BgL
BhH
BfZ
Bhu
BhO
BhD
Bf4
BgN
BhM
Bio
Bhd
BhU
Bi7
Biu
Biv
Bh2
BjE
BjB
BjT
Bit
BiM
Bia
Bjf
Bj4
Bjw
Bjr
BjC
Bj5
BkY
Bjj
Bk3
BkH
Bk2
Bip
BkF
Bhv
BlH
BlA
BlS
Bku
Bl3
BkR
Bje
Bkz
