jXG
m(&
a$N
h1G
j`:
hf\
mFz
cwF
mv}
f_+
k/+
aL<
m/I
nbC
m?N
kYk
j?r
mEk
jLO
i'<
neO
e3p
eof
bO@
izU
hUR
eU}
j3m
ce^
mpW
e+[
eF6
iF3
beX
l_1
g!h
iWk
aY<
fI/
ec<
k-"
l\)
da.
e#^
a>'
do^
nrH
gQw
gk0
m!7
c7-
bm+
mla
gB`
h#$
dE?
i2X
bA?
c)r
aY:
eBO
j4j
fqI
eV,
laH
buG
d5=
lD<
ex#
i2k
f7"
dYL
nA^
eUA
jUJ
c|J
h09
ics
gk<
i{q
b)a
g46
jBA
eCA
g2X
iUI
k4w
fbq
c5J
bx#
i7K
i\<
k2,
f@N
br,
g]s
aKY
c"R
cu5
c#6
e'A
gA#
hQ'
fzn
hoS
l*J
bzN
dN<
moO
ntp
hD+
dPB
i8J
amH
mZT
iMc
idf
gnB
cI]
e^8
mw)
h#c
jxT
cu-
kF[
eI#
ecP
m"?
ml/
gw`
hJ"
hgU
f",
iA:
j*Y
fzt
a$8
m8X
ln{
kD:
jJ%
e9s
d,G
h,Y
iBL
g*P
d]'
m~w
id8
g|C
afs
hQe
h8D
a4j
c<}
naj
ez9
i)N
aJu
i<[
f!h
l*E
ddH
g8M
d/D
jDR
gKz
bWN
exP
aI.
i\i
l>o
aiC
b9<
fha
lGO
kTm
kD1
cKK
e,<
c>Y
g`V
d-^
l\K
b~^
iNv
mvQ
bSg
cM+
la<
a|?
dk6
np1
iqK
fVj
bxH
e/4
cJs
fjn
f_#
aGW
beR
a|9
h.m
apA
fmh
m+c
f6T
j>M
iAB
hAe
h]k
kI@
e]w
f*t
di[
giB
kT<
j80
m!2
bpl
fj&
iqm
lr,
fG4
c_,
cZz
j6U
dnK
eB!
b$C
l%@
ls~
c]T
jr,
l4Y
l`l
g}v
nl_
jhN
kJ:
cP1
ioH
aP*
eOy
dX,
bbZ
lg:
iWY
d*`
l=|
m@"
ayV
bb/
mr}
mCQ
np3
b]t
h\.
c^s
h5C
f@Q
gdk
h#U
lR-
l9I
hli
e"j
lVK
h"Z
g{$
b_f
l-8
cCm
lr@
c9B
k9p
hk]
iIe
dXo
lt\
i{u
mv5
hz@
by^
bn`
imY
d\@
eX4
asd
cDp
j?A
la1
f}I
l)i
i`m
d"U
dF$
c+T
gS4
c/E
i7W
hci
gSX
e(T
dt-
eD7
kVS
kF1
k6f
fb!
hbP
eX>
m*5
ayW
jMY
e!T
m09
c,W
f(4
eyi
b7V
gun
c|0
ip\
ihV
g]=
fMq
e(X
li#
k)f
g\]
mP-
f~2
bYr
k~P
i<=
kkB
bAv
h_M
hAT
c~q
d(j
kj(
h+Z
hi8
e<y
a$B
lY9
jvY
kgb
hXL
nry
mO(
b'B
kY%
h$r
lN-
aWI
eQB
lSF
brX
cnd
e''
daH
f+i
mrm
jl^
mf|
gCM
avP
h.u
f0a
efm
bD8
jnc
nq6
c~a
lPy
a(W
k>n
gIC
ca.
d95
hbm
iWK
j1R
k0o
gmt
g*2
kFc
h#l
mG[
aiA
gk\
mqz
f<*
elc
gO<
jk.
ifx
m&A
bN^
bbe
m[U
j5B
i41
bo]
i1Q
deq
e/:
a:=
m"~
mi&
a'"
e6:
c6$
e?[
ajn
j~v
c@K
b5]
jkU
j$j
fZH
dJN
gR2
mLy
ctm
h(.
gO[
ius
aOL
hR&
b@$
lWX
h9G
b#L
gFS
l{v
k7=
dGT
f/+
dXk
l!(
c?M
b'o
a]T
gx^
d1[
b?[
eqx
kf8
cnE
e[)
deH
je>
gxq
bz/
h?1
db3
cKv
cOM
iQF
gp)
daY
gmS
b:V
aTp
h(e
gfC
gxs
lq"
cZ_
e*D
jue
i=Y
bf!
l\D
eGn
myV
e0S
h!]
nA`
mo+
a*g
j4^
eYj
h2.
dm[
g1p
lwi
nBm
f\v
aot
k]2
fbj
f5\
bDz
hoG
f&z
k,~
jeM
h(O
dme
hU?
gXO
d(Z
h_i
j?B
j{)
fA8
bbS
d<y
hG!
dS|
gF`
em,
d7<
kVY
czu
e^j
cBq
iW:
cF|
cgW
lZ3
fV>
kun
lo>
mx%
j%J
nqY
jTp
b|?
l5|
k%n
bQ_
f8E
mk:
m[Q
e+,
f.F
m(k
iKB
f:[
bk5
g$Q
fJ2
i~(
dT,
a>F
j-q
gW.
d^w
lGy
fMh
e)d
j.L
c)n
g[k
a&E
e^l
i,C
f_^
d'@
k~d
l\-
jGQ
b~7
ffS
dAO
i^6
hv|
mWG
c,t
c?}
jq1
ls]
m%)
k.3
e[~
ik4
cIa
iyn
eX-
e_S
f8a
lRR
c,'
ciY
gy:
da7
gW)
lt/
gd>
l'}
i>Y
m*y
mi-
iFX
fhZ
bEI
iLo
lih
m'C
iv0
f_7
a+a
llC
ivC
m1Y
mkj
h]t
lQV
dTB
ml?
gwT
nf`
f<O
m{p
d%K
d8o
d_#
b2=
mYG
c6t
gX,
dAj
c-X
lW]
kKe
kWn
jKm
jWf
gUX
gx*
i@@
dL6
e>\
a#f
iA7
lQ>
el4
cCJ
bP]
ndZ
e6"
chl
h<m
k*i
c@m
co*
dv1
kxd
eZ\
ntM
em8
m,W
h_:
b/L
m+"
ey"
l}w
jJL
ePW
b|!
im2
azU
fHd
aCH
kf)
jZb
i"d
k%A
k"w
h`A
kgr
j57
f+k
c!w
b|P
jUa
eWR
bmb
aQ}
f_!
h-7
e\h
mxd
j"P
k,M
en4
df3
d"p
io&
h5N
jlP
fN,
jia
f}Z
i`D
l84
d/H
fm4
m='
i5B
l,E
mZZ
d9g
b#c
aq_
fi}
m.G
jmM
avA
m|p
md'
c#L
j0B
l(O
evJ
f%f
eb-
h5*
ioZ
goO
aHr
fM5
boy
k3*
k(D
bAF
dO|
aB\
fKn
gNJ
mYX
h`q
a*-
kM)
d3k
gW8
epp
e,g
k%:
g-K
dot
ga.
g<H
hOX
hJo
mOA
hy*
ef1
e.$
eP5
k63
fI]
a$S
eoo
msa
gYF
mRb
lHC
hE2
grb
f/T
k!i
h+$
h(n
g4s
j(D
lTB
nd_
ny3
cJ`
kK-
k/J
noC
jP?
c'|
d6N
au{
m^^
l,B
boe
ld5
ah|
e>4
imu
c>W
j2I
m`o
eBY
jan
ed^
e~.
l-j
aOE
eA'
g(3
h&x
m:V
b>C
fzl
lD$
hFt
cZF
cM@
g^v
jpC
g<|
b60
kUc
g=R
cG1
hBY
d$R
hfF
g!?
cH*
e'G
j(F
b)A
e5>
cJ.
cd]
m9@
gS=
lQ%
lEg
luA
iwG
cnb
gjo
fuZ
j+"
gNy
i:f
db'
c'%
iS3
eL@
gRc
la@
bd4
m>|
jBq
gD!
lI+
gR*
c'g
asP
k&"
fC5
cqP
lE7
hEp
m1e
e$]
i0$
hDg
g5f
dz`
b_t
gr<
g[>
i%3
fWl
h53
ghn
lZ(
aWj
nj/
m>U
ej\
fp/
a|b
gd`
j>s
hbt
iNd
koa
f7u
jqp
cpS
dht
e%k
k*=
m#H
fbT
j?U
kXH
akX
g>?
kGH
bO/
cs5
db1
l8*
lur
h/t
i7/
kGh
dd#
bgz
ek@
lO1
c>3
iJO
ib_
bI6
aCU
i5I
b4D
cW|
au#
fOj
l9t
d5K
a7:
dlk
gU~
jFD
m~e
no9
e":
c^#
a(*
eba
m"9
f'n
e&.
f.K
kwF
gdX
k6}
anO
cE+
j{B
fbD
gN@
b,C
a~H
iYq
be6
nw:
hBh
dBX
jnu
cFe
dC6
fmN
i3U
h_I
du.
a*3
c=]
ej[
a""
iVc
e|y
go\
eoT
f8m
gCy
kM~
g6O
dg]
c,f
f%.
lCR
iPN
d.o
jEE
imR
iY~
j~:
l6]
iJ8
c_\
i9l
cRQ
h3%
i1`
my0
f3,
ji^
nl+
hV,
mAu
j$<
m#I
m-$
lb@
jCz
fdp
nb\
kT4
jdD
fLO
eO-
e+i
iH`
ezA
eGC
mgO
bYU
l^A
byi
a_=
dE'
d_Z
gF7
hF2
f>h
f@6
hVC
l'2
aE{
bIw
fAk
c.i
dT'
ik$
e0$
j?G
cn~
dSY
ndI
hsu
k`D
j&-
h1&
l4=
dT^
jA_
bet
eE0
ic<
mrU
eBc
fv8
iMO
iCQ
f[.
m[.
lj,
l_d
cN4
b~<
a^_
l3!
b)3
mV^
iEl
i*<
djm
bf7
h!S
l`4
e8C
f)m
kJe
dHV
cGk
f"#
e's
hCe
hYf
gd#
dDj
as-
cvr
c]|
i]k
bi/
aWz
c0I
dQ%
bUw
jo-
hc=
jO=
j}R
dR:
m%#
l8.
fXP
auw
bR5
h6@
m6B
a3C
ea|
i'h
giC
e2'
d{#
b>o
b-`
h^(
c7X
m7j
dK{
k2f
k=o
h,{
lw'
eHo
ihT
bYY
j{h
a<H
b8I
nj%
dk@
i8j
jO0
dY/
c@q
aWD
hAg
mCV
bMt
bX{
cxq
e\m
g2\
d-#
lJX
fiX
e8(
koY
kdZ
g"[
gSW
cQ/
g@+
jt4
aO9
eiu
doZ
a|&
fS`
fE#
lDm
bfh
l/b
hV5
mZD
ev^
l\T
awz
eRE
jK<
hU1
bvv
d3I
imO
hCQ
a\x
c+8
b`{
cbC
gN|
lok
fDN
btz
aFx
mfR
dfI
b#E
ckO
jy~
j%u
h%z
l{n
kQI
fPb
hD-
hhO
ecr
j]b
g*V
aeS
e/<
d<S
iju
fw}
ak}
h{r
dI7
k^a
bH'
e,}
bRC
mK?
lYT
b*J
b`B
a5'
b}K
dpM
fx#
e]8
f)[
aud
i_o
eKq
gOR
g26
kDo
a"f
dN=
a]H
c[l
miO
c,:
dNU
m4W
bKo
eL<
g5>
h*V
aj4
bR%
eC2
aT:
b&9
ghm
e/o
fAt
k*F
eSp
nmq
lB/
i{M
k:Q
hYl
k}s
fIm
ae_
d*0
bwa
lam
f3B
k^J
a9a
eG+
iic
aYN
l,-
aSA
eWa
hG1
hX7
f3*
a`8
dsJ
gFj
j4B
bo(
jDl
e:v
cEl
h[Q
fIs
cVG
lA{
k*+
c5*
mCB
gP)
ggO
dh"
ff@
g-d
b\S
g6r
bZj
fuo
cs3
b[6
k3]
b7A
h!o
fOs
jEp
di>
i_R
fXp
k`E
fS4
do`
kR2
g~N
l[^
a2f
h{!
cCl
h/l
jBa
c<<
l_6
jW%
eCf
dMV
mwV
k5y
cxs
de]
cl,
d,o
j8y
m%_
g%6
g$4
a<F
a_I
kSs
hGF
iNA
deD
c,K
kPn
j"p
d{j
dy0
a2h
ciJ
jC?
eQq
hO`
jPc
k(:
a@7
hSH
h2N
fYK
b^`
fz\
l2$
a:1
hX&
i0[
im:
bTa
m0h
dqh
e>P
lD>
bW%
aNU
h&K
hG#
ax[
cS[
cJl
jQ'
k.G
edp
cr<
mP~
dj!
e%\
ir9
ar[
mU?
mVw
du!
aO:
e(q
lOx
lJQ
dD.
h^b
c:U
eAD
gb#
a'1
m/j
k_K
mxB
mKY
lA~
gNx
b|3
ise
bkh
ff|
jX>
d@[
kHT
f=o
h?e
bnT
iy+
mMt
kGd
ehn
i,L
b8$
bed
aU"
kKa
ah/
c\4
dH@
lPs
h3X
dvg
iF4
iU_
gT{
iyB
i<h
gj<
b4)
a*Y
i,}
fIU
loE
j1/
a<I
cw7
h~%
m)E
a#{
c:W
d`6
h8~
nmv
bnR
h,J
fKW
dAL
kKC
aMm
h9S
lQc
k=@
gto
l[N
a\K
g.R
jSN
aKW
f:A
h%F
gH0
iUE
j<m
jf6
f4u
ed5
gP=
f6c
h0C
itm
j.)
f4v
m5>
l$w
c.\
eW<
d#~
hzD
mLt
l1c
aQ&
gwE
joz
i'2
j\Y
m(b
bFO
a0=
dcu
d-9
m7|
fh0
kLn
g4%
d2(
mOP
h/D
i?X
iV=
imT
df%
bTc
jZh
l7E
lys
jG&
kQh
cv=
fC9
h<6
k4`
hgP
mM.
f!o
g$=
cv1
e|5
dW_
bS&
eW3
i3[
g#k
dTo
hfy
l19
cyw
l@8
fN2
l~H
mdY
brK
f:}
fy}
a=H
dw~
d^s
lTK
cLr
lo|
hI'
j!O
jA2
aC1
gi^
fsH
lwy
mvC
iu*
j-g
eAH
c54
d"Q
g7_
bNp
av4
aMr
k?>
gE7
mRa
ly/
b9{
nmi
i:Z
ftK
aJl
c*F
jp/
kn}
dLD
b.e
a|!
gI.
mNJ
kXz
gBa
g+'
d8<
at^
lz{
g'D
l&^
gee
mK(
h&{
lG"
ju/
f]"
bnt
eEY
d0\
egg
d9u
l+$
e<<
c3Z
b6#
j?y
g?3
c*!
dLa
kg,
li&
i_d
br.
gS(
dZx
l0t
gSR
l]+
f]?
b}i
ck/
cD/
m8h
ht8
ig_
e*G
m)O
bzr
kxJ
kJM
g#1
eo'
j?D
ey1
l>k
j?9
az&
hu3
c?z
fBN
e*p
m'p
c|I
mD9
eU{
jO'
eKN
gk5
g2}
hD`
c\&
aBA
kzi
mi\
mBJ
eu\
f~E
l.5
h3k
f&V
gci
hT<
c-3
h3j
e$+
e0f
i#a
aV]
a@6
h7&
m4t
eE4
b3:
e\X
g,d
l`V
jLm
g}6
eRO
l{T
eEQ
c3k
b@S
d#]
kTM
mx*
hHk
iv!
h=?
l%c
gG{
blr
h"F
aV`
i{8
g.c
f.C
aqF
fe=
j+S
iAY
b]O
h9l
h4[
k]*
b}S
a2B
gH+
m-@
d],
hF3
d7n
c`:
hy>
fQ+
jgB
iIZ
g+I
fR!
iQ#
ivg
eV>
mxb
b&4
fXu
lWT
f"'
mvL
mz"
bb3
cuN
l`D
lQ]
d+Q
jkE
e=a
dTC
l{1
l_s
m2e
kn-
j3'
l*Z
i=@
aDH
e"`
mU6
exr
g*a
m{H
ltZ
cPo
jT1
b}p
ehZ
hBU
d1G
iMH
cHB
bp?
ebZ
g\p
mQ/
c9!
fA?
fqp
l<T
b5s
d~x
lh`
h-"
l%+
jdo
l[<
g'5
cdy
dAH
fkv
f3|
iCz
fZ(
iu5
mVs
h=%
d9J
dK:
dbf
lWm
e+/
fa@
dnN
c,6
gMZ
ipN
b|R
h'0
iga
mZJ
mLR
k.%
iiQ
hVV
b7S
f5J
kQ&
bsd
mFK
hr>
h0)
icQ
bgK
lg.
k$m
g<L
c#>
kN?
c5t
e?J
i/9
b5(
kDq
iSR
fW.
dg:
bJP
cb*
b~:
kRn
d\|
c}_
ds1
f`B
ckD
e<j
ea}
k3B
c:_
bAQ
fDE
b~r
lG*
jxz
a|V
fUl
fQ=
g/%
j4c
c40
m}+
ni0
mz4
c#f
ho6
hXA
nj\
dx"
l,5
fe6
glF
eBi
gTj
g*u
hie
m\K
c'A
id6
d[R
aaL
d_X
mlB
ia8
jiK
k<j
its
jAY
ne~
lN:
i[%
fl4
fp"
fPe
m,#
kMy
c.'
b-y
gy?
e1O
fKE
hj[
c>N
d^\
jL-
bf]
gqQ
df:
hvb
dH)
eP`
daI
nk@
l0\
fy4
e_n
gEx
f+=
g/x
hTn
l71
h%-
jb^
aq<
i//
c@'
gPn
hba
d@>
g@(
e9T
kFq
iS0
nch
kBj
e3C
di_
er5
hMQ
mkq
gLG
j<:
gTJ
eP8
f[t
dWU
bpS
e^D
iu}
f7&
a*a
b^O
d4R
kz|
gc@
m=%
d)q
e:(
jKe
lPE
d[4
mm}
lB)
hdY
h<j
i@K
nkR
kh6
iHi
bc9
cEc
nuN
mo:
kmb
hUw
k'g
i?2
ghV
bxi
l1m
c4[
dL=
fJ+
goF
gO=
kV)
h@}
h@V
eUd
kL<
nyy
m./
ni&
d0T
hUQ
f+p
mfu
ag?
mc`
k0G
b_N
lj`
k,"
g=:
b_!
jJE
gNo
f%u
kM.
hM=
k7D
nhI
ib0
aEc
ir(
aR[
mOZ
lA<
e4-
i5=
b`)
j._
e4G
b*&
m.m
ba-
bw2
aF0
e[}
m{G
ea)
hh4
f,K
eU)
e)q
je*
a?S
lMc
g//
aX!
jfL
c[?
lp/
d6*
m`Y
jl7
dPm
c$\
j)^
hcS
j>9
it8
fE"
b)<
k^)
f-(
j\h
jl:
lty
e5E
eEq
ij-
b5q
chz
aWX
l@s
k${
cOt
are
c~5
ckH
hX*
g!V
i:I
j#1
i13
i!/
gtU
dI'
fq^
fTE
e{/
kFD
d8Y
f~4
m.K
mFk
i.]
b>N
j9.
eEd
j:s
lh_
cBO
nlM
gGN
f)Z
l8<
mJw
i$1
lCs
lBR
lJV
nrK
m$V
j$-
nvz
dGh
j{5
kT\
d]*
bV.
i_6
eWB
if]
dk5
i-g
bAl
mkL
m)D
cd4
i%6
e\k
fi?
i2D
iBD
c%V
kcy
aa.
gVJ
e&n
e\Q
ijW
kFb
hn.
b'z
iI"
l7W
fUA
iLw
bCX
brz
fc9
k'M
cna
j@<
c3)
m@<
mTm
kS:
f9$
mGS
j2D
fMs
dXv
cLs
g(!
l3D
e<%
fi*
k3>
kah
euY
l&%
kv$
e46
aVA
g,w
h:f
b}+
fBK
b^$
eqv
kq5
c)\
ik'
eC'
g%w
cQL
fO,
m$t
m9B
lmq
mX~
fez
h4W
k!^
a0F
bk9
lE`
fvH
d6}
af`
e6S
iKY
g$7
iAJ
at0
el0
jR{
lI2
ke\
l*!
kBD
gER
aCx
ms9
cq(
i(x
bu[
l5u
cB0
kb&
dhh
np%
d9m
aEt
h0S
cxg
j5-
jx\
m^V
bh<
miI
h1T
cf,
gj8
f^.
ckL
cxR
lV-
b3C
iPw
iu-
nmR
d|k
gh(
dzx
b7'
m0S
jV[
jys
d-]
jr\
b+,
imS
m~J
cQ4
l'`
cgC
iDh
hEs
g9.
k+}
g~q
e7A
kFM
l<9
j!s
h5.
e|F
dyN
k_"
ff]
j7%
f33
d\w
jmU
c9|
bc/
dpz
dDb
c\9
ePg
g#a
i1"
mdR
bdd
jz}
e<{
dn.
c9F
aKf
j{J
m:q
h4D
h<O
c-:
kpe
h'<
mFR
lLA
eh)
nu@
i+!
l~l
iC:
lc=
c7h
b6)
egM
fon
jm3
gVk
jfi
dvB
ke#
gGL
l<p
k#4
j^0
e3Y
cv!
e~V
lfe
e`n
i<T
fM`
c]V
jtu
dNF
a)4
cBY
i2'
gbZ
aA@
m3~
hWm
k7(
aDp
nfw
nh<
a9H
c4c
m)]
m<w
cU.
m,$
g9`
jOb
gM8
l"b
k*7
m$k
amr
iz@
fd!
e_,
blO
l!b
j5l
a=/
fjG
i"z
jEw
cK]
i)c
a%y
cn9
lTZ
e+k
kD}
dTp
j\"
cfr
m60
eGg
f:L
lR(
hJ&
ftz
jv/
aqS
m6?
gT^
agN
bls
kh^
erZ
bA=
dvv
a_L
fxN
l`g
m)>
lqB
iuS
eNi
c5W
b(A
lKY
gz`
k(@
a'I
a#/
g8J
cK#
c$|
fnz
eWO
c+{
iDb
bCS
k%G
dqa
d?:
e}L
c3a
lFZ
eUX
i]1
bNk
hOF
b|4
b/d
fzD
gx.
m/S
m6.
bH,
b7T
g7M
dp]
i-c
en=
jX{
gY.
m}(
lR7
g_l
jO]
abs
in"
k-y
a`4
fH5
gHu
kIE
htZ
b%X
ji4
h2t
f0c
hf6
l:i
j*f
hIb
c%8
azH
ddp
i9s
mz%
cz(
hZ5
awE
a]Z
i5_
e?s
mXI
l*|
jV/
j{L
c"H
aC)
bC[
fz7
aQ7
a!>
na6
fBA
b{}
dU4
jyX
g*d
jiD
gZV
m"6
g)w
b+4
b2F
kSF
dTL
mms
jLe
a+B
nco
g'P
ecn
lV@
i40
a<e
b}2
j1|
gT5
b3+
g>]
k-P
eqE
lq>
lqX
j!`
l#|
f|X
l?G
k+:
aB(
a!1
h3~
hs.
kpu
c:j
k`_
a94
joG
g[P
aBi
a[I
i!)
cdX
gti
ax>
nb]
b%A
iI5
dc'
a$.
fe5
g&H
eq\
jB-
gMk
l->
c?Q
aT<
hLI
jfa
nv,
hnO
ndw
c&L
aU#
k{<
h~l
a+R
i!K
ft>
guW
aBG
jvR
iQG
gGT
b&^
i,3
mw.
b]y
i',
gqL
i%@
i&2
e&!
jNW
h)@
liy
j"I
cgK
lZ:
mn.
iP<
j8Z
htc
jO\
b-r
gj5
kpo
fWv
gs-
kPa
a-=
e7T
dfz
chG
kLC
h}s
gT"
bHh
hxO
e4'
g1K
g~R
diD
aN0
b^V
h:1
h}Q
d7"
k]a
b:K
gJi
m.'
bA9
buu
id"
kO!
ko.
a$f
do7
j5L
ber
hRf
crH
e.[
iFn
j9I
gA,
hMy
i5i
m+Y
c$5
lBi
k4H
e}i
fm#
l[!
jQv
eUz
m35
it-
b&]
l%~
h`"
k@b
i:,
f0p
f#J
l^U
l\b
j:"
aF&
e|2
j!<
l"C
aVM
gbL
i-|
a!c
aiv
e7i
lzc
j=Y
aX<
dm>
hB"
d%Y
h,<
h9m
a/r
e"C
ir<
nyB
hJ4
hoz
a*Q
h.2
f#w
dk^
kfA
k2S
by[
li!
c-,
lej
aN|
mS{
foz
fTr
bw[
aob
e1N
b-A
lz?
eeE
e$q
mzV
gbe
jq9
fwN
gDu
giY
g>K
gHs
bO`
m=m
hPE
c72
nyv
b}X
l_3
e{?
m25
lT0
exA
fd6
hA$
h:n
f>3
le$
kB^
iM`
c_a
jlf
g_Z
gy*
lgg
a+Z
eKD
k~G
gbt
dk`
kRV
c@2
d))
hv_
dE)
e:V
j.=
j!&
jm-
iLd
h*Q
jNq
d^W
l.m
dpj
d^8
j><
gp@
aa>
g\Y
l~R
aLK
dmM
jQ)
gJl
bmq
jRh
gG3
l6i
eYY
eWJ
hj@
d:L
iOF
e,6
m.P
it2
e:8
j`t
iUh
aTZ
f97
gb{
cD-
kVk
g*.
lL~
d#N
m\M
cY9
f.A
i/d
hIM
a1H
jlp
aiH
a>i
d[X
jA!
k7,
m5)
l27
bvF
c/+
mzU
c8K
j@1
fQ6
a4V
iXK
k*0
g.f
la4
ejF
fdA
m7D
bsg
g!J
kz%
htK
g")
m\-
eUR
b|D
gd3
a'9
el(
lFh
al(
g?b
a]8
noh
dsK
mu2
ida
gy0
bh=
l_4
fa7
l^G
nkO
kk_
k":
c(@
f$~
aiQ
b#e
l3{
hP?
nhS
hU0
j,)
lqL
bin
j6Q
lbL
kT>
hXK
hw=
kcR
g84
j|a
aLz
m]o
bQ|
k='
hem
g_}
ey-
h6)
i||
lB`
joW
aaU
f9k
ct7
hc1
iV&
j#}
e:P
ewV
dO,
aA?
cmn
c&T
k*[
my[
bNi
f/M
iTt
cxn
gva
aej
e/*
dLp
cK8
ngP
bk(
muN
l6|
iY*
bu@
jXW
ewe
en-
kjo
l]s
ec-
jN#
bB}
a#g
erk
ed-
hQk
e{Y
hWo
eMx
a6!
iY-
ifk
f)k
m3V
bzR
fGi
krk
e^,
eL}
eJ/
l.U
css
kO"
kcl
ay7
ca,
gsT
mYh
m"i
dyh
nc\
f"Z
fD>
jWY
h`P
cU[
e_=
aE4
d19
hY~
g.s
l1D
iU-
ijv
fa/
h=.
l_T
a0'
f#a
kya
dn5
b:g
g7:
bw,
f8@
eD]
cA[
lA-
hsT
aVF
b!`
iTv
kvk
e1/
kn=
ej!
f_~
d>b
j?h
bUZ
fM@
e%}
bjm
jA}
kWK
k[!
lfz
l.E
a$g
fx:
mC5
i@l
eK(
hK?
eh{
eFb
ee9
dBV
i8w
an<
lLX
mv[
c3u
d%=
lfV
ni|
fS6
fC~
k@4
ctF
h]d
cs2
mOE
gRA
a!7
h%P
bKv
hpc
dG$
aX?
kxE
h?|
d)"
hm/
k}H
aC,
nfc
cWz
a|Z
i{)
f\A
jH{
jj.
c4S
bzG
eJa
kEi
cZ4
e@1
my?
cBB
hF\
h<@
ke%
g=]
b0V
npN
aqN
gvR
deI
iPT
m#L
ch+
c"[
ky=
bvU
h@D
f_J
mvw
cYw
iM-
fuF
a"X
gl(
ml0
mqI
nrv
bQr
a4?
mXy
b~h
eak
hlQ
k8h
h-r
c0y
ls"
h1m
a5~
dwi
g2t
i%/
cS1
f[?
bF5
nlT
gV\
jZu
g@#
l1x
c"I
kS@
gaS
i:_
agp
gIp
hhr
mb8
d_!
m4F
i={
l#%
j_t
ii?
khT
k~V
f{u
d8r
dxG
f]U
k~x
kl'
j'%
h/Z
hTv
mLr
dT}
i|`
m\i
du(
c>l
imr
a28
iQd
cpJ
d$l
hp,
df@
h/I
g]O
dcs
dJr
hgN
b{8
l'E
eB9
l(S
af7
k>M
a)s
k$]
e47
frl
d#*
i7G
cg/
en'
f6Z
j]$
kcB
iqM
km5
kNg
j{I
edW
fY[
dRg
e<c
mT>
l*I
fEN
ep"
c~i
i}2
k7Z
bQh
aGK
iB@
f/`
f[,
hn&
jYB
e9/
nu.
iw+
fEB
acn
iDd
mZF
i)$
k@]
jq}
aO7
b&a
ct+
e8'
fo=
eI=
gGi
jGe
hqB
feG
lJ-
ci$
e,>
d`5
aT\
j<L
mDo
iY?
h*F
bmY
gcc
cei
dw=
axP
e:C
cGu
bEL
l5-
i0r
fhj
eZ7
gG:
bO.
hd_
aze
bA@
m!T
hEl
c@o
lqW
mt[
i?T
j]R
icK
d3j
h>@
ei>
iR$
e?m
m<W
b53
b7I
jI?
dZL
euS
d'~
g)&
jru
nz"
iIX
gc+
h)0
cq7
k:[
jp0
lj:
a%I
g`K
gtE
dmO
k<w
gDm
ln7
k>v
a|f
m.E
hiB
a<d
cLJ
h^#
keu
dRZ
fjv
j0J
jI2
j2'
e7l
bEy
ci)
ljj
fX-
i1t
c]9
e73
dR^
d}`
czX
js0
ntm
cC(
g@,
bw.
kZY
b^%
e3J
npI
hr=
f@M
lEy
gHm
m8Y
bt2
mFx
i5.
mO4
j_w
fXK
hm7
l62
nf<
j{F
dY)
f!F
mfW
fsv
k:w
c)k
aKT
a8g
m^*
g.5
a_X
b@l
i:!
gMq
hiz
hER
j5v
hIt
ni\
l`+
hw'
dSg
b$`
g{s
kc'
i!x
jvs
mj"
eb\
cRR
c5p
jy`
fJ-
a"^
g?[
h'a
a&*
iDL
gTR
mF>
f[v
k$9
cIG
lqm
ks^
bC{
lRO
gW/
c#.
jCp
gU.
hfs
gW^
hTx
d=?
lSw
aRa
e{L
cM.
lD3
kPH
k]b
cpc
e#t
dK2
ljn
m<B
hk2
jiR
iA.
mPs
aA#
d-d
j#G
lc&
bG"
hm_
jI7
k]#
l^^
e|<
j)j
g4#
b.r
e8w
jSB
bBk
l,C
mm[
d:a
b06
e,F
dH0
d|8
l#H
i~z
nsV
lxl
nf]
kmn
eb7
k?%
b:E
a)q
k'w
