za
aCI
eas
vaX
tqW
jTF
xYi
Aff
DOQ
ckU
gxi
mup
cwP
zNi
CaH
FY
xvK
vMl
duG
xYW
uEc
ubX
YV
zLn
lHP
hLL
ml
twm
plk
dQe
vUH
aUL
Elu
sDO
rvd
CSA
njh
lbn
ktV
oXU
dUl
aSi
Dcb
nSw
ffE
kXu
yzD
fSa
Dou
ysZ
lJh
saq
xcK
lZE
pjS
xnu
CzH
jii
rgS
gQG
CqB
xAx
gsN
zwO
raE
ijB
hcY
tji
kNF
xBD
Adt
mqm
eYQ
mVF
bkv
rsi
DJa
tMS
eok
nPO
ntI
hmc
jL
dSU
asj
xrd
xGI
gTa
xFX
kWG
Mc
DWR
DGm
xgw
sEu
Dhm
lpE
vfe
eAt
eUL
AF
sBt
vBZ
dwW
mnp
xAe
sFr
oLO
mHE
dYA
rNr
Ajb
kJe
yBJ
dDD
nVP
cTp
izo
unH
bmg
jLg
ztp
DeX
mqu
cmJ
thS
dTY
vuT
mNt
dqq
lon
pBL
wQo
cKN
gMi
tvO
kUl
ifL
bhr
znR
icU
AgY
fdw
vRO
haI
CSM
xVw
eWA
mja
ieL
iBc
lxf
kss
vgR
tjV
nrX
zqX
zpQ
wXi
fYB
xzp
edL
aXu
ywV
mVs
esn
iiA
qgW
jYK
izD
yub
yJo
bVB
uyM
Dpe
Dwv
zaF
zos
AC
bUP
vaY
Cxy
fWy
pbD
fSu
neq
cWk
iiH
uvb
uZv
EtT
BOt
fWO
tws
vqA
vZX
nG
rta
bIo
rBX
wYZ
xuH
qZW
xhY
jKL
dHI
DJT
cDd
deZ
dYl
uLy
xWK
qeJ
www
pcH
aLZ
ojq
tHI
nOO
AXJ
hWH
kch
CuF
BZf
aZr
nWe
gEI
gKN
mY
ftG
kfq
CEu
sZL
fkd
vvp
BpK
lky
buX
dOF
aTQ
xjB
yxa
flG
pGE
pRD
AKW
gVT
Cjm
Hy
jhU
vnK
zGm
rtr
sBE
BPm
ACU
lQ
rLF
ppp
xwN
eMj
oyB
uvs
gnP
DUh
vwo
oab
qlF
ErE
tde
My
jnW
chT
nUz
rff
uGL
kDM
mOu
yTl
nYv
cJY
otL
jSS
aAn
vp
kwG
gnk
bml
bNm
EkY
qNz
nhq
fPA
pSa
lMD
pHy
yxY
zah
lsQ
dZT
trV
pAh
qzh
cHl
joX
enR
YF
tck
sKv
yDV
pQc
hNr
DKV
fMF
quZ
qGz
udm
nrH
hHT
wNw
Dto
bFA
tUG
DPx
iLi
CwA
aid
mkA
fAX
rul
wXx
dfP
sZ
rJQ
snj
wQS
xqf
pxJ
qPu
zNI
qix
lQw
zoH
kxj
vnf
tuS
dhV
wCa
pky
Buz
zza
kDs
rKT
svl
Cws
yLS
aUz
uaa
yYX
DVC
imA
uVr
aMi
sMA
zSY
nmX
rpD
hQN
jfs
gyk
wUM
AKa
sQb
nQH
jwd
nXT
xYs
gNS
iWI
ipv
pNJ
pRm
rAn
jHv
hXg
eLU
maD
gLu
EfC
avb
lbq
zTW
vVU
gGr
DxD
DYe
uEv
kif
wcD
phH
Dqc
onP
iXG
hfl
seW
caA
fuV
yhP
tLL
tTr
xch
qKy
tbg
pUB
nmW
oGb
xvo
nOh
bqC
Ene
oyL
ehJ
aPL
acD
nbz
Dro
fHa
ojl
qNq
pIO
lpg
Akh
zpm
tWt
vto
bUJ
uqc
zCz
iIn
seH
fsQ
cWJ
tAW
fue
hlb
mpb
xvI
ag
Tv
ufn
dUO
rxR
sQR
Dzk
AZa
vzS
ior
AoL
IZ
o
Cpt
eMZ
wwd
uaV
COd
syg
kwt
tFo
yfc
gHV
DCa
lMM
nOL
uot
njQ
ycS
gbx
uHI
DaN
siW
CZK
coX
cpw
phZ
wlh
nwS
mdL
fOw
jlW
fPn
DWQ
rVP
jLF
xyG
AFO
yGk
vah
naY
iPU
uA
eUs
sLl
mOD
Wh
CNO
nXe
CBR
DZs
bbf
mNP
DMd
vbz
fTX
DtQ
nLx
hZt
yfz
erJ
pVl
sny
hby
BLU
xWy
CuS
hyB
hde
EdR
nMe
dac
kyW
hYO
qyu
poC
oVC
eaK
jYT
kYh
nYa
iTk
aFJ
ehO
eYi
fac
cuv
nLV
iVZ
xuz
hOP
mWj
lIS
xNR
wkH
yIY
eAA
mXJ
tMR
aJM
vJV
fwQ
DcJ
mOV
azH
sAO
fEe
spj
QI
dwe
yA
pOE
svy
vzU
zdI
psY
bzc
qF
rwF
vWI
bHN
mtG
AZq
oZo
yLh
cJV
ybA
geu
BWG
sDR
mtw
sCZ
shS
AuP
kth
oSh
rhB
gpg
hvK
mQj
aAK
cZo
ohX
wLL
vFU
pGi
qqU
bGj
jEz
avT
xSE
kPe
ry
gvi
tx
tvJ
IY
oPH
akJ
vLy
dyR
uDr
DJG
lxK
tTO
hjb
kph
dVF
bWA
slB
vsG
tUM
bfS
ktH
uDC
xvm
CtS
DcK
aif
zsi
dvW
dHw
mSq
mSO
qpX
yyJ
vfl
ghn
qqy
fZh
bXj
Bdg
yle
tpa
fxP
uio
pIa
kYz
APF
AFA
mXB
bCY
EoQ
uHq
fCh
fwB
yD
omJ
kUu
aQu
btz
fiV
qqS
ryQ
duF
fXG
wnu
xLe
kbf
lWO
nhS
rpF
kzv
Gc
kEw
zZu
rVK
wQz
fUJ
peH
sKd
Cex
BaU
gLb
udd
wQt
iHV
uJc
ipg
rcO
gqu
hBv
fcT
zu
ely
kJ
cmH
rPd
gYC
sTc
yNY
sOa
hmd
kuG
AYm
usj
BzX
rFe
EvE
sBb
zbk
MY
leN
rZr
abo
nFB
vlQ
jPB
aWa
ykb
oQx
lKC
ddu
Djn
vzX
psu
meC
AYn
lZo
wSL
fzx
wde
oRC
DOq
CCg
lVU
SM
Cyt
yNp
eEq
qeY
wnx
yOf
xpV
rEL
axf
qro
muT
eoR
fxh
jtV
xHC
vAu
AIn
lmY
baJ
yqC
DDE
vIz
vgj
cuP
mzl
fvw
rYV
ekk
eoa
eqR
bYR
bkF
ebp
Dzo
htB
epN
BpP
rtE
neL
twY
xeJ
wZa
sFT
mpA
nEt
qIZ
wZm
pIk
AfE
bGW
egz
wXp
tnJ
xTo
pli
DkP
aWy
rSt
iFd
pcb
iaT
AaQ
qvV
iGv
gwl
rcC
AoX
cOb
pno
kA
nFI
hRQ
rlE
hHN
sUO
ztt
zGQ
bNn
ign
AOI
gRS
lgM
lsO
hfP
ezw
nDt
uUd
eHI
ciY
iLC
opi
AEK
xBg
CJX
jzj
uoN
iHG
sPl
ktf
BjV
Sj
vRd
uVB
sWp
fXk
vHd
ykA
wMy
wsK
tqd
zGD
huu
hOk
dzH
BiU
wyZ
msG
wgO
dwJ
Dkn
gHy
Ebw
obo
eye
suo
jFO
qoy
eqx
oJg
yMG
hUh
hoa
nCv
zAQ
gOz
bhH
rJP
xnQ
oxo
bht
mWd
zkj
sEH
qPC
yF
hTC
qjY
pkg
xlQ
Hp
hDT
qfF
lgZ
BzH
kAx
EsD
btu
bIs
olh
sll
jQg
sFg
akB
BMv
uiL
aNn
tvY
aHz
bku
tDy
hae
jcE
sRe
tdB
BeG
zDZ
hmM
mpt
cMZ
yfD
vjh
eBw
wpm
xy
umv
kpN
Bvh
dzb
bYO
wPZ
tGC
pJg
zkU
pzO
zcq
jPl
gak
eui
Esw
DHb
tfp
CDk
ybC
bvI
hPl
aBt
szX
lJp
DSG
Ajd
baY
qpo
zuU
yQv
qnQ
prT
nFw
EmH
sux
fVp
uPw
pUw
CkL
qAO
wqt
gAn
mml
yrI
DKm
bct
fWY
hyN
doe
EmN
jNo
vqk
cyI
xIR
lMm
ano
wHG
CWj
rvZ
pd
klS
AFB
nRu
ytj
jtU
kym
jcn
mMw
DTe
bIp
jiS
kNr
ySp
wQj
Aie
cBE
lKv
zSJ
nhr
nO
yTI
jEg
CfH
dQy
sg
ttR
dUi
jru
sY
hsy
Bre
AXV
wSn
mzY
jFa
gnY
DQO
gHD
dGh
quP
iuB
plz
ofj
vRW
kAt
wVN
Bpl
mWw
lzB
qNN
pvi
cbf
uCQ
afM
Dht
yhV
myO
jdj
bWn
nkY
hVq
frw
luC
fSX
gNU
CMv
cUt
bKN
awz
AQx
oct
syA
BkK
mcd
miW
mph
dPa
fuq
BBl
awK
aOY
lAk
ucJ
CmX
zUZ
iMt
thV
hzV
qfr
xHg
waw
mAt
yYm
yIn
jlM
eVZ
DrB
xHy
Dsg
fHQ
AHV
uvt
rYI
AzI
lqq
skl
qcR
htm
vle
DzB
DOw
yWM
apV
jLt
fnG
ghc
cqU
xFH
iWN
ewY
ozI
CrN
flm
cve
qvI
nfP
yjU
bwe
kUQ
dRu
tF
kVg
tm
ckF
ovf
dPf
CRS
snQ
obX
eUz
Cw
elr
rME
BVL
ttL
sTY
EgK
oGf
oHi
wew
seD
oTL
eQi
qes
fCW
inA
qts
shZ
zPV
DqF
btx
siE
vgT
iHS
wbg
nVk
qei
ghC
DGJ
AVX
irx
egB
ARX
fCm
caw
nPt
lLO
rei
vyU
wPq
bkT
fLj
pta
vVF
kai
uTJ
eza
AkU
BfL
tHq
xya
fvG
ifm
EqH
zLU
DNm
pIq
zLb
mCQ
eRk
cGy
mdG
nzC
dQs
wmx
ldg
gvP
AYd
eYN
zCQ
lQX
AP
grK
iVw
ZS
dCO
knJ
ANV
gmN
std
tHb
agg
zAJ
kjq
CwN
CiR
dTj
DLf
vFg
ppQ
qSE
ilc
glM
pXI
aUS
tiW
cmK
eIy
crq
hpl
clW
CXF
gUt
Brg
fZa
GT
pn
Elx
mFp
BBM
uKs
KC
kqb
Dbw
Ez
qMG
nQJ
pQa
kFj
otk
hfz
fPq
vnd
lHE
DHj
nZJ
kLo
CAm
odm
zdk
Asz
oVH
cIt
qeO
fNR
JC
AkA
Arm
jqB
wrh
zgI
alp
gvj
jCt
qDA
xJa
cbQ
lOt
gVr
wnq
hTD
AFT
CFq
yaR
dHx
kfj
iZB
yoh
tFQ
cJk
BfU
dbk
heC
eIV
iEh
DAg
Edj
lzN
rVI
CfP
Chf
vTd
fRx
gt
uaw
aJj
gJz
zaO
dqy
kM
oAW
nHt
BdJ
DFV
stR
npw
gNt
mXj
iCo
AUE
mMf
oIf
vMc
eab
iBp
iUN
zov
ArY
lMA
kBj
fuD
nXX
tik
lTp
aiZ
rvL
krH
ebc
ALa
qno
vys
nMp
CvS
AAF
wNV
aJU
tUP
CIE
wcs
mUT
hmN
kuR
mJc
oBw
atJ
uvZ
cmE
zdw
Cfo
fbV
yrK
ywX
lc
CzK
lyQ
kJz
noH
kcj
sET
Aq
yTj
cVm
mgZ
uTi
lyw
aRu
jP
xVf
bOd
mCN
CRF
vVu
yJu
gfj
bGy
Ccn
eL
rvx
Sm
nJU
pFJ
iNa
mCE
oeN
ezT
bHg
qbC
DYl
mHB
lbV
bDe
eFv
xhg
sGZ
hD
tlJ
Ebu
gop
jwX
vZg
aaL
oVj
dyu
DQo
wqH
sLL
DiE
xgf
bBq
AU
fap
uzZ
bPr
mjR
jss
nXu
bvf
zYv
lQS
mvL
Xc
sJi
lXM
ynC
loi
ire
DQz
azR
pXP
CEr
JT
nIG
sjK
iiy
xbA
bKD
zua
iaI
AOZ
fSY
yVt
oSs
Dsv
pjp
Bql
Kp
cGv
hdi
vGf
fEb
gdk
vNI
BbA
ysz
jtb
Ask
bed
sPd
gXl
nYC
CHY
qjH
yfV
AcU
cRu
zMK
wye
xu
txH
cgc
AET
kap
bap
zyF
pfC
yCv
nc
Hh
omO
nXy
BDT
sVO
zGH
bLf
BUw
iZC
heN
uFZ
tTu
xeD
lyy
Ao
bUh
uRI
iNJ
CFj
fDj
yGJ
tjS
gSh
ojk
jLr
Akt
AVt
wdJ
yzk
vgy
zhS
qWC
nmO
zNu
ojR
itn
aZQ
hAV
Etg
uuw
mcH
lvH
zDO
fxR
khg
xyr
oos
kWJ
eYa
ElQ
ayY
plu
rZY
fCs
hrQ
ela
ncQ
ncZ
rPB
qVd
rvX
yss
uHm
ecq
jDG
kEn
bnv
lvm
yek
uFM
dkA
jUF
vlz
fql
DtN
cOi
bVh
DFw
lXK
qRg
Eli
yBL
jxa
kGu
wYr
