super_look
unpleasant_victim
determined_washer
impressed_law
sad_zeros
soft_puncture
revolutionary_basements
retired_history
familiar_leathers
creepy_plots
sweet_military
bitter_zips
extensive_pools
grotesque_asterisks
straightforward_loads
imaginative_chairs
dear_sabotage
relevant_bombs
screeching_compresses
shallow_cape
powerful_modifications
post_war_rollers
right_huts
puzzled_gyros
islamic_person
assistant_standardizations
specified_weapons
middle_june
advanced_oven
rational_wayside
brief_pails
kind_recess
outdoor_idea
curved_radiators
rolling_rods
cooing_hydrometers
gentle_dose
wandering_freshwater
medical_barometers
suitable_paints
protestant_overvoltage
voluntary_merchandise
written_chases
thundering_chapters
delightful_wage
far_harpoon
variable_sills
unusual_batches
electric_duplicates
continental_drift
delightful_wage
quiet_formats
short_term_pump
open_thermocouples
rising_tools
watery_fabrications
icy_planes
exceptional_usages
modern_observation
main_technique
fluffy_suits
asian_tomorrow
elaborate_pools
wonderful_athwartship
proud_stuff
constitutional_engineer
rotten_cellar
asian_tomorrow
minimal_sections
sharp_subjects
vital_funding
additional_member
rapid_toolboxes
creepy_jacket
dirty_heaps
additional_member
late_possession
obedient_chase
private_child
chosen_markets
early_batch
efficient_response
mature_cross
novel_side
implicit_expenditure
adjacent_entrances
canadian_irons
dark_exhausts
efficient_thirds
civil_alternate
dark_exhausts
repulsive_discovery
forthcoming_typewriters
clumsy_elections
convinced_stone
living_arrest
tired_bomb
terrible_education
shocked_format
wide_eyed_wools
advanced_quiets
light_navigators
united_lightning
devoted_decks
previous_training
internal_bureau
thick_leather
linguistic_victims
bare_apportionment
tame_note
absent_flowchart
loose_freeze
other_engineers
bare_articles
painful_insertions
promising_alcohols
historical_credit
obvious_lanterns
turkish_upside
uniform_orifice
democratic_bandage
recent_cab
whispering_quality
western_parachutes
equal_users
helpful_demonstration
uniform_breaths
italian_midnight
protestant_outing
depressed_life
straight_policies
ripe_misalignments
quiet_duties
missing_compress
unsightly_year
massive_scratch
impressed_ratio
tight_screws
grotesque_illustrations
lonely_limitation
slow_punctures
funny_bags
glad_daughter
wrong_sewer
giant_attempts
fucking_detail
curved_separations
tired_straighteners
unfair_bend
sure_interruptions
glorious_legs
daily_multitasks
arrogant_listings
wrong_sewer
